#PrettyLittleLiars 4.18 : j'ai tellement ht de voir ce que a va donner quand Aria sera au courant pour Ezra. C'tait plutt cool. - 8/10
#RER A : panne d'un train  Houilles, trafic interrompu #rera
#RERA L'incident (train en panne ) est termin et le trafic reprend progressivement.,Des perturbations sont  prvoir jusqu' 21h00.
17:55, le trafic est ralenti de Nation vers Cergy/ Poissy (divers incidents) #RATP #RERA
18:02, le trafic est interrompu de La Defense (Grande Arche) vers Cergy/ Poissy (divers incidents) #RATP #RERA
18:07, le trafic est ralenti de La Defense (Grande Arche) vers Boissy-Saint-Leger (incident voyageur) #RATP #RERA
18:24, le trafic est ralenti de La Defense (Grande Arche) vers Marne-la-Vallee Chessy (panne de matriel) #RATP #RERA
18:36, le trafic est interrompu entre Nanterre-Prefecture et Cergy/ Poissy. Retour  la normale  19:00. (divers incidents) #RATP #RERA
19:42, le trafic reprend progressivement (divers incidents) #RATP #RERA
8mois plus tard je suis au courant mme moi j'ai jamais fait 8 mois sa mre
@InstinctPulsar cooooool on jouera ensemble j espre tien moi au courant quand tu l achet ;)
@MaarineCarey ya le 80 quand je commence a 8 sinon train jusqu' houille aprs rer
@MelanieB_1D Mdr mais son pre est au courant que vous tes sortis ensemble ?
@RERA_RATP de mieu en mieux , un train ce met a quai mais ne prend pas de voyageur , deja. 2MN DE RETARDS ET PAS D'EXCUSES.
@RERA_RATP mais il n'y a personne pour informer les voyageur d'aller  auber pr reprendre le train  st lazare #RATPSNCFCommunicationZero
Ah ou. Bien bien ralenti. #baratin @RERA_RATP
Alors, mon pre et le pre de Julia travaillent ensemble et nous on est les seules bolosses pas au courant? Nsm!
Aujourd'hui, Pascal pour vous informer en temps rel sur l'tat du trafic du #RERA. Bon voyage et bon aprs-midi #RATP
Bonjour, Paco de la #RATP vous informe en temps rel sur l'tat du trafic de votre #RERA
Celui qui rame dans le sens du courant fait rire les crocodiles
Des travaux interrompent la circulation des trains du #RERA entre Maisons Laffitte et Poissy #BOF
Incident  la voie sur l'axe Cergy-Le-Haut / Nanterre Prfecture.Les trains circulent avec 10 minutes de retard environ.#RERA
Le #RERA n'chappe pas aux travaux ! Trafic perturb entre Maisons Laffitte et Poissy dans les 2 sens #BOF
Le #RERE est heureux aujourd'hui ! Le trafic est rgulier depuis ce matin #OK
Le chauffeur du bus a ralenti par ce qu'une #beurette traversait, je lui ai dis "azi passe c'est orange" on m'a applaudit, j'ai roul l'bus
Le chauffeur du bus a ralenti par ce qu'une beurette traversait, je lui ai dis azi passe c'est orange, on m'a applaudit, j'ai roul l'bus
Le trafic normal sur l'ensemble des lignes de Bus et de Tramway.Aucune manifestation en cours de nature  perturber le service.
Meteo du #RER (#ratp) : KO () 19/10/2014 a 04:15 Trafic normal sur l'ensemble ...
Meteo du #RER (#ratp) : KO () 19/10/2014 a 20:57 Trafic normal sur l'ensemble ...
Meteo du #RER (#ratp) : KO () 19/10/2014 a 21:25 Trafic normal sur l'ensemble ...
Meteo du #RER (#ratp) : OK () 19/10/2014 a 04:01 Trafic normal sur l'ensemble ...
Mtro Ligne 13 En raison d'un malaise voyageur  Plaisance  bord de la rame, le trafic est ralenti vers Asnieres-Gennevillier [1/2]
Mtro Ligne 13 En rpercussion d'un malaise voyageur  Plaisance,le trafic est ralenti vers Asnieres-Gennevilliers Les Courtil [1/2]
Mtro Ligne 13 Incident technique  St Denis Universit, trafic ralenti en direction de Chtillon-Montrouge. Trafic normal su [1/2]
Note  moi-mme : toujours examiner le trafic en Ile-de-France avant d'arbitrer pour le bus  la place du RER
RER A En raison de divers incidents, le trafic est ralenti de Nation vers Cergy-Le Haut / Poissy. Trafic normal sur les autres li [1/2]
RT @Clouzal: Sur le quai du #RERB aux Halles, un homme assis sur le bord qui tente de se jeter sous le train en direction Sud. 1/...
RT @MappyCity: Des travaux interrompent la circulation des trains du #RERA entre Maisons Laffitte et Poissy #BOF
RT @MappyCity: Le #RERA n'chappe pas aux travaux ! Trafic perturb entre Maisons Laffitte et Poissy dans les 2 sens #BOF
RT @MiiaMadridista: Le chauffeur du bus a ralenti par ce qu'une #beurette traversait, je lui ai dis "azi passe c'est orange" on m'a applaudit, j'ai roul l'bus
RT @NanaAlyssa: Le chauffeur du bus a ralenti par ce qu'une beurette traversait, je lui ai dis "azi passe c'est orange"on m'a applaudit,j'ai roul l'bus
RT @OnMaApplaudit: Le chauffeur du bus a ralenti par ce qu'une beurette traversait, je lui ai dis "azi passe c'est orange" on m'a applaudit, j'ai roul l'bus
RT @RERA_RATP: 17:55, le trafic est ralenti de Nation vers Cergy/ Poissy (divers incidents) #RATP #RERA
RT @RERA_RATP: 18:02, le trafic est interrompu de La Defense (Grande Arche) vers Cergy/ Poissy (divers incidents) #RATP #RERA
RT @RERA_RATP: 18:07, le trafic est ralenti de La Defense (Grande Arche) vers Boissy-Saint-Leger (incident voyageur) #RATP #RERA
RT @RERA_RATP: 18:24, le trafic est ralenti de La Defense (Grande Arche) vers Marne-la-Vallee Chessy (panne de matriel) #RATP #RERA
RT @RERA_RATP: 18:36, le trafic est interrompu entre Nanterre-Prefecture et Cergy/ Poissy. Retour  la normale  19:00. (divers incidents) #RATP #RERA
RT @RERA_RATP: 19:42, le trafic reprend progressivement (divers incidents) #RATP #RERA
RT @RERA_RATP: Aujourd'hui, Pascal pour vous informer en temps rel sur l'tat du trafic du #RERA. Bon voyage et bon aprs-midi #RATP
RT @RERA_RATP: Bonjour, Paco de la #RATP vous informe en temps rel sur l'tat du trafic de votre #RERA
RT @RERA_RATP: Incident  la voie sur l'axe Cergy-Le-Haut / Nanterre Prfecture.Les trains circulent avec 10 minutes de retard environ.#RERA
RT @RERA_RATP: Trafic ralenti sur le reste du #RERA,Pour plus d'information sur l'incident :  #RATP
RT @WMyWay_Mobile: Mtro Ligne 13 En rpercussion d'un malaise voyageur  Plaisance,le trafic est ralenti vers Asnieres-Gennevilliers Les Courtil [1/2]
RT @WMyWay_Mobile: RER A En raison de divers incidents, le trafic est ralenti de Nation vers Cergy-Le Haut / Poissy. Trafic normal sur les autres li [1/2]
RT @_Lysseam: Le RER B y'aura toujours un pb, accident voyageur, malaise voyageur, mouvement social, accident technique, retard, colis suspect ...
RT @galeRERAfr: #RER A : panne d'un train  Houilles, trafic interrompu #rera
RT @galeRERAfr: #RERA L'incident (train en panne ) est termin et le trafic reprend progressivement.,Des perturbations sont  prvoir jusqu' 21h00.
Trafic normal sur l'ensemble dres lignes de RER.
Trafic ralenti sur le reste du #RERA,Pour plus d'information sur l'incident :  #RATP
