05:58, le trafic est ralenti sur la ligne (incident technique) #RATP #RERA
05:58, le trafic est ralenti sur la ligne (incident technique) #RATP #RERA via @RERA_RATP
1 car de substitution pr 250 personnes. Bagarre gnrale, lunettes casses, 3 coups au visage. Trs pro @RERD_SNCF. @robinreda @sncfMonAmour
@candou26330 Barca 1 Juventus 0  la mi-temps !!!Tu seras au courant pour le debrief de lundi,But de Rakitic  la 4me
@svngoku c qd mme pas normal de gagner tt ce frike en courant derrire un ballon, voil
Attention ! Les trains ROMI MONA GOTA et NORA du #RERC ne desservent pas les gares de Porte de Clichy et Neuilly Porte Maillot #BOF
Bon jeu de jambes ce matin du ct du #RERB ! Une bonne journe en perspective au niveau du trafic #OK
Canicule oblige ! Les trains ROMI MONA GOTA et NORA du #RERC ne desservent pas les gares de Porte de Clichy et Neuilly Porte Maillot #BOF
Compte et site dsactivs. Compte  cder Info trafic par la communaut des usagers du #RERA #RERB #RERC #RERD #RERE .
J'ai pris 3 bus, 1 RER, 1 train et j'att encore un bus jsuis au bout dma vie ptn
L'infotrafic RER C : Fin de lincident. Reprise progressive du trafic 5:00 #rerC
La #LISTEDESUSAGERS s'est prsente hier 5 juin aux usagers-lecteurs de Houilles-Carrires, RER A + lignes J et L (pb de trains glissants!)
Le #RERD nous affiche un trafic fluide #OK
Les rails RER RATP tiennent le coup, bon peut-tre pas le mme genre de trafic, nous dit-on.
Les trains ROMI MONA GOTA et NORA du #RERC ne desservent pas les gares de Porte de Clichy et Neuilly Porte Maillot #BOF
Les trains ROMI MONA GOTA et NORA du #RERC ne desservent pas les gares de Porte de Clichy et Neuilly Porte Maillot #BOF Tenez-bon !
Mauvaise nouvelle ! Les trains ROMI MONA GOTA et NORA du #RERC ne desservent pas les gares de Porte de Clichy et Neuilly Porte Maillot #BOF
Meteo du #RER (#ratp) : OK () 06/06/2015 a 05:49 Trafic normal sur l'ensemble ...
Meteo du #RER (#ratp) : OK () 06/06/2015 a 06:57 Trafic normal sur l'ensemble ...
Nadal vient de faire drailler le #RERD d'un coup droit mal calcul ! Trafic perturb sur les axes Paris Corbeil / Melun #KO
Pogba fait "jeune chien fou courant derrire des poules dans une basse cour " "Version hard" : mile Louis lch ds 1 cour de maternelle.
RT @Aurelie_Sls: J'ai pris 3 bus, 1 RER, 1 train et j'att encore un bus jsuis au bout dma vie ptn
RT @BillyFlorian: En voiture Simone ! Dpart de Goussainville vers Melun en train #RERD #ZACO. @TUForg
RT @Cabinet_Noir: Un journaliste pour enquter sur les coupures de courant  #Levallois pendant le #cdenquete sur Balkany ? Une info @EDFofficiel ?
RT @Clyde_Barrow_: J'espre qu'il y aura au moins 1 journaliste pour enquter sur les coupures de courant/tlcoms  Levalois pendant le #cdenquete / Balkany
RT @DelarueJC: La #LISTEDESUSAGERS s'est prsente hier 5 juin aux usagers-lecteurs de Houilles-Carrires, RER A + lignes J et L (pb de trains glissants!)
RT @FabriceBoutard: 1 car de substitution pr 250 personnes. Bagarre gnrale, lunettes casses, 3 coups au visage. Trs pro @RERD_SNCF. @robinreda @sncfMonAmour
RT @MaLigneCDeLaM: RT @TestsFunk: Canicule oblige ! Les trains ROMI MONA GOTA et NORA du #RERC ne desservent pas les gares de Porte de Clichy et Neuilly...
RT @MappyCity: Attention ! Les trains ROMI MONA GOTA et NORA du #RERC ne desservent pas les gares de Porte de Clichy et Neuilly Porte...
RT @MappyCity: Canicule oblige ! Les trains ROMI MONA GOTA et NORA du #RERC ne desservent pas les gares de Porte de Clichy et Neuilly...
RT @MappyCity: Les trains ROMI MONA GOTA et NORA du #RERC ne desservent pas les gares de Porte de Clichy et Neuilly Porte Maillot #BO...
RT @MappyCity: Les trains ROMI MONA GOTA et NORA du #RERC ne desservent pas les gares de Porte de Clichy et Neuilly Porte Maillot #BOF
RT @MappyCity: Mauvaise nouvelle ! Les trains ROMI MONA GOTA et NORA du #RERC ne desservent pas les gares de Porte de Clichy et Neuil...
RT @MappyCity: Rappel ! Les trains ROMI MONA GOTA et NORA du #RERC ne desservent pas les gares de Porte de Clichy et Neuilly Porte Ma...
RT @RERA_RATP: #TravauxEteRERA - Dcouvrez notre #infographie pour mieux comprendre linterruption estivale de trafic sur le #RERA
RT @RERA_RATP: 05:58, le trafic est ralenti sur la ligne (incident technique) #RATP #RERA
RT @RERC_SNCF:  L'infotrafic RER C : Fin de lincident. Reprise progressive du trafic 5:00 #rerC
RT @TestsFunk: Attention ! Les trains ROMI MONA GOTA et NORA du #RERC ne desservent pas les gares de Porte de Clichy et Neuilly Porte...
RT @TestsFunk: Canicule oblige ! Les trains ROMI MONA GOTA et NORA du #RERC ne desservent pas les gares de Porte de Clichy et Neuilly...
RT @TestsFunk: Les trains ROMI MONA GOTA et NORA du #RERC ne desservent pas les gares de Porte de Clichy et Neuilly Porte Maillot #BO...
RT @TestsFunk: Les trains ROMI MONA GOTA et NORA du #RERC ne desservent pas les gares de Porte de Clichy et Neuilly Porte Maillot #BOF
RT @TestsFunk: Mauvaise nouvelle ! Les trains ROMI MONA GOTA et NORA du #RERC ne desservent pas les gares de Porte de Clichy et Neuil...
RT @TestsFunk: Rappel ! Les trains ROMI MONA GOTA et NORA du #RERC ne desservent pas les gares de Porte de Clichy et Neuilly Porte Ma...
RT @galeRERAfr: Compte et site dsactivs. Compte  cder Info trafic par la communaut des usagers du #RERA #RERB #RERC #RERD #RERE .
RT @greenpeacefr: Tiens, EDF finance donc la #COP21. Joli trafic d'influence pour nous amener vers de fausses solutions, comme le nuclaire #greenwashing
Rappel ! Les trains ROMI MONA GOTA et NORA du #RERC ne desservent pas les gares de Porte de Clichy et Neuilly Porte Maillot #BOF
Retour  un trafic rgulier sur l'ensemble de la ligne #RERA #RATP. Incident termin.
Retour  un trafic rgulier sur l'ensemble de la ligne #RERA #RATP. Incident termin. via @RERA_RATP
Signalement d'une personne dans la zone dangereuse  Viry Chatillon. Mesures de scurit. Trafic ralenti sur la zone de Juvisy. @RERD_SNCF
l jv mettre 1 pantalon et jv me diriger vers ma cuisine je vous tiens au courant si qqchose se passe
