"Ce fut dur de dire non au Real Madrid. Il n'y avait que Bielsa pour le faire. D'autres  sa place y seraient alls en courant."
"Deux trains du RER A qui sont trop prs  Nation...":  via @YouTube
#Perturbation #RERE Prvoir 10  15 minutes supplmentaires de trajet, dans les deux sens.Fin des ralentissements estime  [1/2]
#Perturbations #RERD, le train ZOPO en gare de ESSONNES-ROBINSON, et  destination de MELUN est #Retard
#QML RER A : colis suspect - trafic interrompu entre Auber et Nation #RERA
#RERA colis suspect sur les voies entre Acheres et Maison Lafitte. Trafic interrompu.
09:16, le trafic est interrompu entre Nanterre-Prefecture et Cergy-Le-Haut (colis suspect) #RATP #RERA via @RERA_RATP
09:20, le trafic est interrompu entre Cergy-Le-Haut et Maisons-Laffitte (colis suspect) #RATP #RERA
09:20, le trafic est interrompu entre Cergy-Le-Haut et Maisons-Laffitte (colis suspect) #RATP #RERA via @RERA_RATP
09:36, le trafic est ralenti sur la ligne (colis suspect) #RATP #RERA
11:57, le trafic est quasi normal sur la ligne (colis suspect) #RATP #RERA
11:57, le trafic est quasi normal sur la ligne (colis suspect) #RATP #RERA via @RERA_RATP
12:54, le trafic est interrompu entre Auber et Nation (colis suspect) #RATP #RERA
12:59, le trafic est interrompu entre Auber et Nation (colis suspect) #RATP #RERA
13:15, le trafic est ralenti sur la ligne (colis suspect) #RATP #RERA
13:15, le trafic est ralenti sur la ligne (colis suspect) #RATP #RERA via @RERA_RATP
16:45, Retour  un trafic normal sur la ligne (colis suspect) #RATP #RERA
16:45, Retour  un trafic normal sur la ligne (colis suspect) #RATP #RERA via @RERA_RATP
@BadrBlidi Rer terminus val de Fontenay, traffic interrompu dans les 2 sens allez va prendre le rer le maintenant putain.
@DMAF11 en courant apres on a commencer a marcher vers le grand pont pcq j'en pouvais plus
@LIGNEJ_SNCF Esprons qu'on n'aura pas de rames inox cet t lorsque le RER A sera coup sinon on va mourir avec la chaleur et le monde...
@MirageINKK mes joueurs ce co vers 21h30, je te tiens au courant
@Nikopik440 @BastienBergeon du coup ils taient au courant des produits qui seraient l'avenir ds 30 ans? y'en a d'autres, comme la clef USB
@RERA_RATP et @LIGNEL_sncf : c'est quoi l'excuse de ce soir pour le trafic pourri euh ralenti ??? #qml
@RERC_SNCF Ah non, ils sont souvent courts les CIME et "le voyageur pleure, quand il doit courir sur le quai"   @jwoitt
@RERE_SNCF les ralentissements sont dans les deux sens ? Du Raincy vers Haussmann galement ? Merci de votre rponse
@Tibouland @jwoitt "oh oui ! Mais @RERC_SNCF change pas souvent ma destination. Les autres trains ont pleins de modifications, pas moi. "
@_DavidThomson je sais mme pas si ils sont au courant en plus jusqu' maintenant.le frre voulait faire une vido pour a mais il a pas pu
@arnold_ouifm @ouifm @Klaims @clem_oui_fm @CaroChimo a va merci j'ai un super casque  Denon pour vous couter dans le RER C'est bon a!!!
@birdsarts -mon bus a fait un accident et pr clore le tt jsuis rester keblo 20 minutes  carrefour bc des putes on pris tt le magasin ds-
@chloe_sre @chloedevl Ben je te tiens au courant par sms mais je penses que je suis devant chez toi vers 12:10
@cocoboer @LPJofficiel je ne suis pas au courant de tout ce dont vous avez chang ensemble, apparemment il y a eu re drapage..du calme.
@galeRERAfr Ce matin double interruption de trafic sur le #RERA. Pas de train vers Cergy et vers la zone #RATP.
@galeRERAfr Trafic ralenti #rera direction Cergy Poissy prvoir 15min de retard Motif???
@galeRERAfr Train terminus Achers + trafic interrompu en direction de Paris #RERA
@galeRERAfr Valise abandonne sur les rails au niveau de la gare de FRET(zone Achers). trafic compltement interrompu axe Cergy/Paris. #RERA
@issoufaly_rafik mdrr ouais, mais malheureusement pour aller  Cergy, le RER c'est mieux!#pasdesolution #trouperdu
@jonatjin jsors en courant il me crie "A GAUCHE" j'vois un mec marcher sereinement avec un gros sac vers la sortie du centre commercial
@kdkddkkdd @YanisBicoLoco Les flics sont arrivs en courant vers eux alors qu'ils avaient rien fait. Ils ont prit peur a arrive
@reuneur Bjr, la RATP a opt pour la 3G et 4G. Dploiement Ligne 1 et RER A et B en cours. Couverture totale du rseau en 2016 :) Izia
@vincegastellier Cela vitera simplement e ramener le train de rserve de BlR  Robinson, et ne fluidifiera en rien le trafic du RER B.
Ah aussi en courant vers le debut je me suis cass la geule dans un foss/trou mais genre tale dans l'herbe mdddr j'avais bcp de boue..
Aie ! Le trafic est interrompu entre Auber et Nation, du ct du #RERA #KO
Aie ! Le trafic est ralenti sur le #RERA jusqu' 20h00 . Tenez bon ! #BOF
Alerte ! Suite  un colis suspect, le trafic est interrompu sur la ligne #RERA entre Nanterre Prefecture et Cergy le Haut #KO
Attention ! Trafic ralenti sur l'axe Paris Haussmann St Lazare/Chelles Gournay, du ct du #RERE jusqu' 18h ! #BOF
Aujourd'hui on a eu cour de 8  9 avec Fesnires on a t prendre un bus a Monod a 10h
Avant je comprenais pas la diffrence entre un RER, mtro et le train de banlieue. J'habite a la campagne maintenant c'est mon dada
BIENTOT LA FETE DES MERE # 31 MAI NOUS NE LES MERITONS PAS HEUREUSEMENT ELLES NE SONT PAS COURANT OU ELLES NOUS AIMENT TOUT SIMPLEMENT : )
Bonjour, Pat vous tient informs de l'tat du trafic du #RERA #RATP.
C'est ainsi que nous avanons, barques luttant contre un courant qui nous rejette sans cesse vers le pass.
C'est qu' 19h23 qui nous informe que le trafic est ralenti ! Mdr eux aussi sont au ralenti #sncf #rerd
Ce matin, une fois n'est pas coutume, j'tais encore trop  la bourre, j'ai du fermer ma chemise en courant vers l'arrt de bus...
Chouette ! Trafic rtabli sur la ligne #RERA #OK
Collision entre un tram et une voiture : trois blesss dont un grave: Un accident impliquant un tramway circul...
Comment un fdp sur les voies peut interrompe pendant plus d'une heure le trafic du rer ?
Courir derrire un bus, train, mtro, rer et j'en passe c'est donc a la vie ?
Dj qu'il y avait du monde dans le rer vu qu'un train  t supprim mais l le bus a va tre mortel
Fluidifier le trafic du RER B.,Ce n'est pas avec ces arguments que l'on va amliorer les choses.
Gnial ! Le trafic reprend son cours sur le #RERE #OK
Infotrafic #RERD : Trafic ralenti jusqu' 20h30 (pb lectrique  Maisons Alfort Alfortville)
Infotrafic #RERE : Trafic ralenti sur l'axe Paris Haussmann St Lazare/Chelles Gournay jusqu' 18h (pb signalisation)
J'ai ajout une vido  une playlist @YouTube- Deux trains du RER A qui sont trop prs  Nation...
Je cours pour avoir le bus, je me tord la cheville pour avoir le bus, je cours pour le rer, rer supprim... Tout a pour rien
La persvrance c'est ce mec en vert qui ne lche jamais l'affaire et essaie de te filer son Metro News mme quand tu cours aprs ton RER
Le jour o le trafic ne sera pas ralenti ou interrompu sur le @RERA_RATP ce sera un miracle !
Ma mre arrive vers moi en courant pendant que Thibault est dehors et crie dans la maison "PUTAIN T'AS VU COMMENT IL EST BEAU WAAAH"
Mdr ma mre n'est pas au courant que la rentre 2015 c'est le 30 aot et crois que c'est le 6 septembre donc je rentre le 4 septembre
Meteo du #RER (#ratp) : OK () 19/05/2015 a 12:09 Trafic normal sur l'ensemble ...
Meteo du #RER (#ratp) : OK () 19/05/2015 a 15:57 Trafic normal sur l'ensemble ...
Meteo du #RER (#ratp) : OK () 19/05/2015 a 20:09 Trafic normal sur l'ensemble ...
Oups ! Le trafic est ralenti sur le #RERD #BOF
Pas de bol ! Trafic ralenti sur l'axe Paris Haussmann St Lazare/Chelles Gournay, du ct du #RERE jusqu' 20 h ! #BOF
Patience ! Le trafic est toujours ralenti sur la ligne #RERA #BOF
Putain ils pouvaient pas faire meur manifestation plus tard ? Trafic des bus perturbs : j'ai concours dans 45min. VDM.
RER A : Paris/Cergy le Haut ralenti +30 min  prvoir - Motif : bagage abandonn  Achres Ville. #qml #RERA
RT @Bref_je_tweet: Bon le colis abandonn  toile qui bloque tout le trafic du RER A j'espre au moins que c'est un colis 6 mots #VisMaVieParisienne
RT @DailyMercato: "Ce fut dur de dire non au Real Madrid. Il n'y avait que Bielsa pour le faire. D'autres  sa place y seraient alls en courant."
RT @Foxylerenard: @galeRERAfr Train terminus Achers + trafic interrompu en direction de Paris #RERA
RT @Foxylerenard: @galeRERAfr Valise abandonne sur les rails au niveau de la gare de FRET(zone Achers). trafic compltement interrompu axe Cergy/Paris. #RERA
RT @Grmd_Elise: Y'a pas un jour o le trafic des trams est pas perturb  Grenoble...
RT @LeSgai2: @galeRERAfr Trafic ralenti #rera direction Cergy Poissy prvoir 15min de retard Motif???
RT @Mathieu_R7: Bloqu dans le Rer A. Petite routine. Avec tous les sous qu'on leur donne il devrait faire un bar dans les trains pour qu'on patiente
RT @MereckYasumoto: @galeRERAfr colis suspect dans une rame  Achres Ville, trains  l'arrt sur la branche Poissy / Cergy #RERA
RT @RERA_RATP: 09:20, le trafic est interrompu entre Cergy-Le-Haut et Maisons-Laffitte (colis suspect) #RATP #RERA
RT @RERA_RATP: 09:36, le trafic est ralenti sur la ligne (colis suspect) #RATP #RERA
RT @RERA_RATP: 11:57, le trafic est quasi normal sur la ligne (colis suspect) #RATP #RERA
RT @RERA_RATP: 12:59, le trafic est interrompu entre Auber et Nation (colis suspect) #RATP #RERA
RT @RERA_RATP: 13:15, le trafic est ralenti sur la ligne (colis suspect) #RATP #RERA
RT @RERA_RATP: 16:45, Retour  un trafic normal sur la ligne (colis suspect) #RATP #RERA
RT @RERD_SNCF: Infotrafic #RERD : Trafic ralenti jusqu' 20h30 (pb lectrique  Maisons Alfort Alfortville)
RT @RERE_SNCF: @gregfalaise Bonjour, le trafic est perturb suite  un pb de signalisation et  un acte de malveillance :
RT @RERE_SNCF: Infotrafic #RERE : Trafic ralenti sur l'axe Paris Haussmann St Lazare/Chelles Gournay jusqu' 18h (pb signalisation)
RT @TomekTR: #QML RER A : colis suspect - trafic interrompu entre Auber et Nation #RERA
RT @TomekTR: RER A : Paris/Cergy le Haut ralenti +30 min  prvoir - Motif : bagage abandonn  Achres Ville. #qml #RERA
RT @claimeclaime: @RERA_RATP et @LIGNEL_sncf : c'est quoi l'excuse de ce soir pour le trafic pourri euh ralenti ??? #qml
RT @cvmrey:  C'est ainsi que nous avanons, barques luttant contre un courant qui nous rejette sans cesse vers le pass.
RT @cypcyp77: @Tibouland @jwoitt "oh oui ! Mais @RERC_SNCF change pas souvent ma destination. Les autres trains ont pleins de modifications, pas moi. "
RT @fr_souche_jura: @Loup_Augier RER B et Les Halles photo 1 la dame en 1 er plan franaise d'origine s'habille a la mode africaine ...
RT @galeRERAfr: RT @MereckYasumoto: @galeRERAfr colis suspect dans une rame  Achres Ville, trains  l'arrt sur la branche Poissy / Cergy #RERA
RT @laurentgallois: Fluidifier le trafic du RER B.,Ce n'est pas avec ces arguments que l'on va amliorer les choses.
RT @stephaneguillon: J'espre que vous avez tous reu votre facture rectificative EDF. a donne toujours un bon p'tit coup de jus de se faire arnaquer, non?
RT @tan__tine: En fait mon pre il a raison ya des choses vaut mieux pas tre au courant dans la vie
Rappel ! Le trafic est interrompu entre Auber et Nation, du ct du #RERA #KO
Rappel ! Le trafic est toujours ralenti sur la ligne #RERA #BOF
Rappel ! Trafic ralenti sur l'axe Paris Haussmann St Lazare/Chelles Gournay, du ct du #RERE jusqu' 20 h ! #BOF
Reprise du trafic sur le RER A, au ralenti #Paris #RATP
Retour  un trafic rgulier sur l'ensemble de la ligne #RERA #RATP. Incident termin.
Sa fait deux jours que je passe lui faire des bisous en courant vers lui
Super ! Le trafic est #OK du ct du #RERE
Tenez-bon ! Le trafic est ralenti sur la ligne #RERA #BOF
Tenez-bon les amis ! Le trafic est  prsent ralenti du ct du #RERA #BOF
Trains supprims, appli @ratp @RERD_SNCF info trafic pas  jour comme dhab
Vers des bus aussi comptitifs que la voiture: Deux lignes de bus dun nouveau genre vont voir le jour sur la...
Y'a pas un jour o le trafic des trams est pas perturb  Grenoble...
a 9hrs quelqun a vu un petit ours noir courant au lieu de la rue Northfield vers Kenworth. La service de conservation est au courant.
j'ai perdu mon porte carte avec ma carte navigo, ma carte de self itou sa mre il manque plus que je loupe le bus et je rentre chez oim.
je dois partir vers 20 il est 11, je peux dormir jusqu' 28 comme sa on fait croire que j'ai louper mon bus?
je m'excuse auprs de tous ces gens que j'ai faillis accidenter rue porte dijeaux mais il faillait absolument que Lucie ai son tram
re dsl j'ai u une coupure de courant je continue jusqu'a midi c'est repartie pour du Minecraft Survie Hardcore version 1.8.4
