"@RERA_RATP: 22:48, le trafic est interrompu entre Nanterre-Prefecture et Cergy/ Poissy #RATP #RERA" 40minutes plus tard: ZERO info!
#RERA : trafic ralenti suite a divers incidents! On garde le moral et bonne journee a tous
#RERA Le trafic est maintenant annonc interrompu entre Nanterre-Prefecture et Cergy/ Poissy,
#RERA RALENTI !!!:: incident d'exploitation.,
#RERA Ralenti : divers incidents.Retrouvez bientt les stats de mars,
#RERA Ralenti : malaise voyageur.,
07:17, le trafic est interrompu entre GARE DE ST-DENIS RER et SAINT-DENIS - PORTE DE PARIS (stationnement gnant) #RATP #T8
08:58 h, le trafic est ralenti sur la ligne (divers incidents) #RATP #RERA
08:58, le trafic est ralenti sur la ligne (divers incidents) #RATP #RERA
15:18, le trafic est ralenti sur la ligne (incident technique) #RATP #RERA
18:59, le trafic est ralenti sur la ligne (malaise voyageur) #RATP #RERA
21:01, le trafic est ralenti sur la ligne (incident technique) #RERB
22:40, le trafic est ralenti entre Nanterre-Prefecture et Cergy/ Poissy (incident d'exploitation) #RATP #RERA
22:48, le trafic est interrompu entre Nanterre-Prefecture et Cergy/ Poissy (incident d'exploitation) #RATP #RERA
@ETOFstephadc @JErichot972 @Conducteur_RER ils nous ont juste dit  la dfense de descendre pour nous dire trafic interrompu
@JErichot972 @Conducteur_RER @ETOFstephadc ... trafic interrompu ligne A pour cause de malaise voyageur (je crois).
@JulienChaboud voyageur bless dans QAHA64  Vincennes. Attente des secours. Vs tes peut tre sans un train derrire. #RERA
@RERA_RATP 15 minutes avant d'entrer en gare de Charles de Gaulle mais le trafic est normal ?
@RERA_RATP arrt est le mot que vous cherchez, pas ralenti
@RERA_RATP interrompu !!! Pas ralenti , fait 40min que nous sommes  l'arrt !
@RERA_RATP le trafic est interrompu depuis 30 minutes bande d'imbciles !!!
@RERC_SNCF qui porte le dlai d'attente entre 2 trains  plus de 45 minutes
@SvlBen soit tu prends les 2 ou soit tu copies demain ds le rer :)
@mini__dab @Daovannary @RERA_RATP Sinon, sait-on pourquoi le trafic a t interrompu ? #PasseNavigoHorsDePrix #DoublePeine
Aie ! Trafic ralenti sur l'axe Orry la Ville - Paris - Corbeil Essonnes, dans les deux sens jusqu' 18h #RERD #BOF
Arret depuis 20min on ignore ce qui se passe: micro HS  "@RERB: 21:01, le trafic est ralenti sur la ligne (incident technique) #RERB"
Attention ! Le trafic est ralenti au niveau du #RERA, vous serez retards d' peu prs 10  15 minutes. Courage ! #BOF
Attention !! Le trafic est ralenti entre Nanterre-Prefecture et Cergy - Poissy sur le #RERA suite  un incident d'exploitation #BOF
Et 0 info sur la dure de l'incident et 0 train  St Laz, on rentre COMMENT @RERA_RATP "trafic interrompu entre Nant-Pref et Cergy/ Poissy"
Il est 11:16 et le trafic est normal sur l'ensemble des lignes de RER
Il est 11:28 et le trafic est normal sur l'ensemble des lignes de RER
Infotrafic #RERD : Trafic ralenti sur Orry la Ville - Paris - Corbeil Essonnes jusqu' 18h (actes de malveillance)
Infotrafic #RERD [MAJ] Trafic ralenti sur Orry la Ville-Paris-Corbeil Essonnes jusqu' 19h (actes de malveillance)
Le trafic est ralenti  cause de divers accidents sur la ligne #RERA #BOF
Les @RERD_SNCF ont dj du manger trop de chocolats de Pques pour rouler autant au ralenti depuis 2 jours, je ne vois que cela... Pffff
Mdrrr le jeudi et moi sa fait 2 jsui encore en retard sa mere j'ai louper le bus a villeneuve -'
Meteo du #RER (#ratp) : OK () 02/04/2015 a 01:14 Trafic normal sur l'ensemble ...
Meteo du #RER (#ratp) : OK () 02/04/2015 a 11:17 Trafic normal sur l'ensemble ...
Mme les transports sont contre moi aujourd'hui...Terminus du RER a 1 station de la mienne... trafic perturb ce soir. Reprise dans 20 min
Oups ! Suite  un malaise voyageur, le trafic est ralenti sur la ligne #RERA #BOF
Pas de bol ! Le trafic est interrompu entre Nanterre-Prefecture et Cergy - Poissy #RERA #KO
Question: selon vous, quelle est la pire ligne de RER/train sur Paris ? #TeamRERA ou #TEAMRERB #cpour1papier
RER B: suite  un incident sur la voie  Aulnay sous Bois le trafic est perturb dans les 2 sens de circulation
RT @CaliKen: Et 0 info sur la dure de l'incident et 0 train  St Laz, on rentre COMMENT @RERA_RATP "trafic interrompu entre Nant-Pref et Cergy/ Poissy"
RT @MappyCity: Attention !! Le trafic est ralenti entre Nanterre-Prefecture et Cergy - Poissy sur le #RERA suite  un incident d'exploitation #BOF
RT @MappyCity: Pas de bol ! Le trafic est interrompu entre Nanterre-Prefecture et Cergy - Poissy #RERA #KO
RT @RERA_RATP: 08:58, le trafic est ralenti sur la ligne (divers incidents) #RATP #RERA
RT @RERA_RATP: 15:18, le trafic est ralenti sur la ligne (incident technique) #RATP #RERA
RT @RERA_RATP: 15:18, le trafic est ralenti sur la ligne (incident technique) #RATP #RERA @EMOI_21
RT @RERA_RATP: 18:59, le trafic est ralenti sur la ligne (malaise voyageur) #RATP #RERA
RT @RERA_RATP: 22:40, le trafic est ralenti entre Nanterre-Prefecture et Cergy/ Poissy (incident d'exploitation) #RATP #RERA
RT @RERA_RATP: 22:48, le trafic est interrompu entre Nanterre-Prefecture et Cergy/ Poissy (incident d'exploitation) #RATP #RERA
RT @RERB: 21:01, le trafic est ralenti sur la ligne (incident technique) #RERB
RT @RERD_SNCF: Infotrafic #RERD : Trafic ralenti sur Orry la Ville - Paris - Corbeil Essonnes jusqu' 18h (actes de malveillance)
RT @RERD_SNCF: Infotrafic #RERD [MAJ] Trafic ralenti sur Orry la Ville-Paris-Corbeil Essonnes jusqu' 19h (actes de malveillance)
RT @VietKiki: @LmMathil2e tu me tiens au courant Sinon t'as lutt 2 ans  Mass pour partir en Ter ? Autant terminer c'que t'as commenc
RT @WMyWay_Mobile: 22:40, le trafic est ralenti entre Nanterre-Prefecture et Cergy/ Poissy (incident d'exploitation) #RATP #RERA
RT @WMyWay_Mobile: 22:48, le trafic est interrompu entre Nanterre-Prefecture et Cergy/ Poissy (incident d'exploitation) #RATP #RERA
RT @WMyWay_Mobile: Il est 11:28 et le trafic est normal sur l'ensemble des lignes de RER
RT @f3Alpes: Accident entre une voiture et un tram dans le quartier de l'Ile Verte  Grenoble (Isre)
RT @galeRERAfr: #RERA Le trafic est maintenant annonc interrompu entre Nanterre-Prefecture et Cergy/ Poissy,
RT @gregOL69: "@RERA_RATP: 22:48, le trafic est interrompu entre Nanterre-Prefecture et Cergy/ Poissy #RATP #RERA" 40minutes plus tard: ZERO info!
RT @levraihoroscxpe: Dans un film d'horreur, le #Scorpion serait celui qui sortirait en courant par la porte d'entre plutt que de monter les escaliers.
RT @ohkingdrauhl: aujourd'hui j'ai loup 2 bus et un ter #vdm
RT @qwlyjb: Le RER B il marche en fonction de ton humeur quand tu ten fou il va marcher normal qd t'es press il le sent et la bizarrement il ralenti
Rappel ! Le trafic est toujours ralenti du ct de la #RERA #BOF
Rappel ! Le trafic est toujours ralenti sur le #RERA #BOF
Rappel ! Le trafic sur le #RERA est toujours ralenti, tenez bon ! #BOF
Rappel ! Suite  un malaise voyageur, le trafic est ralenti sur la ligne #RERA #BOF
Rappel ! Trafic ralenti sur l'axe Orry la Ville - Paris - Corbeil Essonnes, dans les deux sens jusqu' 19h #RERD #BOF
Trafic interrompu entre Nation et Vincennes. #Youpi #RerA
aujourd'hui j'ai loup 2 bus et un ter #vdm
genre g plus le droit d'aller au foyer psk on a rien ranger samedi dernier ba nique sa mre et on a cram l'aquarium gt mme pas au courant
il m'sort " sa fait deux jours qu'on est ensemble" mddr j'tait pas au courant. il et en couple deja le gars mdr. ralala il me fait rire.
la derniere foi aussi on marche on tourne la tete on voit le bus et la on a fait une scene ralenti et jai dis "jure w'Allah ?" et on a couru
