"Et nous luttons ainsi, barques  contre-courant, refouls sans fin vers notre pass."
"Suite a un incident technique, le trafique est trs perturb sur la ligne 9." MAIS POURQUOI MOI
#Bricolage #9: Voltmtre Ampremtre Numrique LED Test Mesure Tension Courant AC 0.2-99.9A
#Perturbation #RERA En raison de fin tardive de chantier, #TraficRalenti de Saint-Germain-en-Laye vers Boissy-Saint-Leger. #Trafi [1/2]
#TRAM Suite  un accident, lignes A/D interrompues entre Rotonde et Hpital de Hautepierre. Bus de remplacement mis en place.
#TuViensDeParisSi t'as dj connu les problmes de RER, accident vota feu, colis suspect etc
#TuViensDeParisSi tu coupes ta respiration une fois que tu rentres dans le RER B
#TuViensDeParisSi tu ne rigole pas quand le @RERB te dis qu'un dromadaire  t trouv prs des rails et que le trafic est interrompu.
#qml , le trafic est interrompu entre Boissy-Saint-Leger et La Varenne-Chennevieres (incident voyageur) #RATP #RERA
'Fin aprs on sait pas ce qu'il y a derrire tout a on est pas au courant de tt
09:28, le trafic est ralenti de Bagneux vers St-Remy / Robinson (voyageur sur la voie) #RERB
09:28, le trafic est ralenti de Bagneux vers St-Remy / Robinson (voyageur sur la voie) #RERB via @RERB
15:25, le trafic est interrompu entre Boissy-Saint-Leger et La Varenne-Chennevieres (incident voyageur) #RATP #RERA
15:25, le trafic est interrompu entre Boissy-Saint-Leger et La Varenne-Chennevieres (incident voyageur) #RATP #RERA via @RERA_RATP
15:33, le trafic est ralenti sur la ligne (incident voyageur) #RATP #RERA via @RERA_RATP
4h de train, 30 min de metro, 20 min de RER mais ca vallait le coup ! C'est surement la plus belle
@Alice_Pimentee @MenezMj le pb tu vois, l on est a 3 semaines de bataille parlementaire, vrais dbats, aucun relais personne est au courant
@AnnCharlotteCar par contre le covoiturage je ne ss pas au courant . Mais si t vas sur ratp ya une rubrique pr le rer A en travaux cet t
@Mathieu_Sommet A couter dans les Rer, peut-tre qu'on verrait plus de gens sourire xD
@RERB en fait c'est le voyageur qui a raison. Il ira plus vite  pied sur les voies que le train.
@RERB trafic interrompu, panne de matriel. C'est a ?
@ReineDesBelges @Mibuulle olaolaola :( tu nous tiens au courant choupinette j'espre que c'est pas grave ptin
@carneilhan ha merde...moi dans le bus, mon seul recours un accident ou un attentat
@dubosc_franck avec vos mimique j'ai pris votre syndrome grave a vous ils ont ral le bol de mes manire grotesque au lguage courant ! #fan
@fdpgrande la 1re j'av 3 mots de la mm prof et la 2me ct parce que j'av " sch " un askip genre gt pas au courant que j'avais un cours
@mixour non roya, nkhaf 3la rassi men mdina bus et les taxis blancs, yallah khellit un accident 7da place nations des unies -> taxi blanc
Accident de bus vit.
Accident devant le lyce, police, pompiers mais plus de bus ! On a d marcher
Accident entre un autobus de la STO et un autre vhicule au coin Labrosse/St-Ren. Pas de bless, selon @PoliceGatineau #iciottgat
Ae ! Des travaux modifient la circulation des trains du #RERE axe Haussmann Saint-Lazare / Chelles Gournay  partir de 22h15 #BOF
Attention ! Prvoir 10  15 min supplmentaires de trajet pour le #RERD dans les 2 sens #BOF Fin des ralentissements estime  21h
Aujourd'hui j'ai pris le RER D et comme par hasard je me retrouve dans le train qui tombe en panne...
Bon ben ma premire vido sortira srement courant aot o/ (sauf soucis de technique/dmotivation)
C'est la premire fois en 3 ans que y'as un BG dans mon bus et j'ai ma tte toute moche d'aprs les cours de sport
Cette semaine tous mes bus passent 1min avant l'heure de sortie j'suis grave refait 3 bus loups sur 3 soon le perfect
Des travaux modifient la circulation des trains du #RERE axe Haussmann Saint-Lazare / Chelles Gournay  partir de 22h15 #BOF
Du 7 au 10 mai 2015 inclus, le trafic de la ligne 6 sera interrompu entre les stations Daumesnil et Nation.
Eh dans mon bus y'a un mec il a une coupe ca fais un licorne a l'envers, genre le pic vers l'arriere, bientot il tue quelqu'un ce batard
Heureusement, mon voisin de RER coute du reggae et a a le mrite de me dtendre. #OffToDublin
Il s 'en passe des choses  Paris ! "Le trafic du RER B perturb par un dromadaire"  via @francetvinfo
J'ai jamais Compris pk ce Fdp de RER D il fait une Pause de 5min a Villneuve Saint George  Donc le train est Fatiguer ou quoi ?!
J-1 Travaux #ligne 6 Le trafic sera interrompu entre Nation et Daumesnil du 7 au 10 mai inclus. Bus en remplacement #qml
La fatigue et le rveil a me donne envie de mourir dans un accident de bus.
Le Courant a repris un lit plus droit vers l'ocan, mais le grand banc de sable en travers de l'embouchure est toujours l
Le soir les RER c'est l'anarchie. En gros le train passe entre 30 et 40 mais a dpend des jours
Le trafic du #RERB est ralenti de Bagneux vers St-Remy / Robinson en raison d'un voyageur sur la voie #BOF
Le trafic du RER B perturb par un dromadaire  Normal, en banlieu parisienne !
Le trafic du RER B perturb pour une raison totalement insolite !
Les filles viennent ce week-end ma mre est mme pas au courant mais c'est pas grave
Ligne L : Axe Cergy : 1 train sur 3 ce soir, n'hsitez pas  emprunter le RER A en substitution. #qml #LIGNEL
Lundi prs de Paris, le trafic RER a t interrompu parce quun dromadaire courait sur les voies.
Magie du rer qui n'arrive pas. a va courir chrie.
Moi je veux qu'on m'explique pourquoi le RER B est super beau et tout alors que le RER C c'est tonnant que les train fonctionnent encore...
Mon beau-pre : "Si tu fais un enfant personne sera au courant pas comme la royaut"Ma mre : "si, la mairie",Depuis elle est morte de rire
Panne lectrique! Nous sommes all prendre une 'tite bire pour patienter, mais le courant n'est toujours pas...
Pas de chance ! Suite  un incident voyageur, le trafic est interrompu entre Boissy-Saint-Leger et La Varenne-Chennevieres #RERA #KO
Plus de permis tu te dit pas grave au moins y'a le train ... Pu il ferme ton RER normal #SansPiti
Pour arte le train il fais pter un bus en graver des raie a ct d'un pont
Prendre le RER B avec des collgiens# horreur Les couter #drle!
Prvoir 10  15 min supplmentaires de trajet pour le #RERD dans les 2 sens #BOF Fin des ralentissements estime  21h
Ptn ya un accident juste en face on va rester une heure dans le bus sa mre
Qui s'rappel qd Lylo il devait aller en Espagne, son bus a eu un accident et il est rentr chez lui mdr ?
RT @GuirriBoss_: Tlr dans le RER ya un daron renoi il croise sa fille dans l'train par hasard & quand il la vu il a dit "donc toi tu colorie tes levres mtn?"
RT @HugoLeSteak: Qui s'rappel qd Lylo il devait aller en Espagne, son bus a eu un accident et il est rentr chez lui mdr ?
RT @JPierre_Robert: Un accident nuclaire dissimul par EDF en 1980... pollution de la Loire par du plutonium
RT @LaMatinaleRTN: Lundi prs de Paris, le trafic RER a t interrompu parce quun dromadaire courait sur les voies.
RT @Mllecamily: @MrsTArchibald @_lxndrcstll_ surtout le B , y a toujours des accident ou des problme dans ce RER qui craint mais qui t'es indispensable
RT @Objetif52: @BeStrongIsBest Ton 6 tu l'auras j'en suis certaine, et le jour o tu l'as, je veux tre la premire au courant ! Moi j'y crois
RT @PakerMax: @Alice_Pimentee @MenezMj le pb tu vois, l on est a 3 semaines de bataille parlementaire, vrais dbats, aucun relais personne est au courant
RT @Placi_blackos: J'ai jamais Compris pk ce Fdp de RER D il fait une Pause de 5min a Villneuve Saint George  Donc le train est Fatiguer ou quoi ?!
RT @RERA_RATP: 15:25, le trafic est interrompu entre Boissy-Saint-Leger et La Varenne-Chennevieres (incident voyageur) #RATP #RERA
RT @RERB: 09:28, le trafic est ralenti de Bagneux vers St-Remy / Robinson (voyageur sur la voie) #RERB
RT @ReseauAntiSpin: Ce serait devenu un 3 de 5 et on n'tait pas au courant? #habs
RT @Timothe_Riviere: La fatigue et le rveil a me donne envie de mourir dans un accident de bus.
RT @TomekTR: #qml , le trafic est interrompu entre Boissy-Saint-Leger et La Varenne-Chennevieres (incident voyageur) #RATP #RERA
RT @Wks_69: "Un dromadaire a entran un ralentissement sur la ligne du RER B.... cette fois, on y est !"  via @LeNouvelObs
RT @franckJrz: Eh dans mon bus y'a un mec il a une coupe ca fais un licorne a l'envers, genre le pic vers l'arriere, bientot il tue quelqu'un ce batard
RT @girljamesbond: #TuViensDeParisSi tu coupes ta respiration une fois que tu rentres dans le RER B
RT @iliailitch: #TuViensDeParisSi tu ne rigole pas quand le @RERB te dis qu'un dromadaire  t trouv prs des rails et que le trafic est interrompu.
RT @julie_voillot: Mais c'est normal d'avoir un train toutes les 20 min pour aller a MLV ????????? Mais cette merde de RER me fatigue
RT @jussted: dans ma classe cst sois t'es au courant de rien, sois tu reois 6 fois le mme sms
RT @subway75000: J-1 Travaux #ligne 6 Le trafic sera interrompu entre Nation et Daumesnil du 7 au 10 mai inclus. Bus en remplacement #qml
Retour  un trafic rgulier sur l'ensemble de la ligne #RERA #RATP. Incident termin. via @RERA_RATP
Sinon ca fait 20 min que le prochain train pour paris part dans 5 min du terminus.. #RerB
Talheur j'etais dans le rer avec Justine et d'un seul coup i c'est mis a pleuvoir
Tout baigne, a fume des joints sur le RER B en coutant du Rap partag avec toute la rame. Et je viens de lui faire teindre son joint !
Toute au l'heure dans le bus, j'ai faillit me pter un malaise, d'un seul coup je me suis senti affaiblie. J'ai horreur de cette sensation
Trop chancre... Et c'est l'accident ! Attention au courant d'air !
Y a eu un accident prs de mon cole en plus genre une norme gouttire est tombe sur les fils lectriques des trams ct dingue
dans ma classe cst sois t'es au courant de rien, sois tu reois 6 fois le mme sms
en plus mon ex il ma suivit donc jsuis pass en courant vers les gens (heureusement on tais vers la fin)
et oui, Saint Laurent des Eaux, accident camoufl par EDF mais, heureusement, Marcel Boiteux balance ...
hier j'ai fait un rve comme quoi jmontais dans un bus rouge et que il fesais un accident et j'tais tlmnt content de pas mourrir que j'ai
naughty boy je crois il est pas au courant que Louis a mis fin  la carrire de the wanted et que a va tre la mme pour lui
sauf que ma mre elle est pas au courant que chui en couple #3
trafic normal sur l'ensemble des lignes de #RER.
