" ce train sera direct jusqu' Paris nord rer " 2 minutes plus tard " ce train sera finalement omnibus et desservira toute les gares
"@RERB: 05:29, le trafic est perturb sur la ligne (incident technique) #RERB",Ou comment bien commencer sa journe ?? @xavius_d_lazy
"@RERB: 05:40, le trafic est normal sur la ligne (incident technique) #RERB" collector...
"Papa le train de marchandise tait en panne" Jules 4 ans qui a attendu 2h un @RERD_SNCF pour aller voir sa grand mre.
"Suite  une bagarre dans le train je vais vous demander de bien vouloir patienter, le trafic est interrompu" SERIEUSEMENT ? #RERA
#AKHT Un accident de la route tue 11 enfants en Chine: Une collision entre un camion et un bus ...  #7s7 #Belgique
#RERA Rixe entre voyageurs  toile, les trains stationnent sur toute la ligne vers l'ouest. Je sais que c'est pas la faute de la ratp 1/2
#RERB  l'arrt ou au ralenti entre Gare du Nord et Stade de France... Mme problme que ce matin ?
#RERC #BOF: ralentissements sur les axes Pontoise-Massy, Montigny-Pont de Rungis Aroport d'Orly et Vlizy /Paris/ Dourdan dans ces sens
#RERC #KO : Le trafic est perturb jusqu' 12h00 !
#RERC #KO: trains DUFY/DUFO  destination de Dourdan sont sans arrt de Bibliothque F.Mitterrand  Choisy et ne desservent Ivry sur Seine
#RerD Merci  lui de nous avoir tenu au courant. Par contre, bonjour l'tat des trains. Incident avec peu de retard engrang. 2/2 #qml
#RerD le trafic est ralenti : "Un train au vert de maisons n'arrive pas  fermer ces portes" dixit le conducteur. 1/2 #qml
#SNCF #RerD Nord train en panne  Stade de France donc impossible de rallier Gare du nord
#SNCF_RERD train de marchandise bloqu sur la voie entre stade de France et Gare du Nord. Prfrez #ligne H
#archives De #Russie jusqu'en #Thalande : franchir les frontires  pied, en train, en bus  #voyage #asie
#rera Trafic trs trs perturb sur la branche de Cergy : train en panne
#rerb train de 8h42 rendu direct Aulnay Paris... #tropbon
. Trafic normal sur les autres lignes de RER. [2/2]
05:29, le trafic est perturb sur la ligne (incident technique) #RERB
05:40, le trafic est normal sur la ligne (incident technique) #RERB
09:02, le trafic est ralenti de Vincennes vers Cergy/ Poissy /St-Germain-en-L. (divers incidents) #RATP #RERA
13 minutes de retard pour EMAL65 a Chatelet. Le trafic est normal. #RERB cc @RERB
16 min entre 2 trains a stade de france. 1 train supprim. Le classic du jour du #rerb. Merci beaucoup la #ratp #sncf.
3 trains ds lesquels je n'ai pas pu monter, arrive enfin un vide, on fait une station et l on stationne  Laplace depuis 5 minutes...#RERB
79.9 L'image d'un homme inconnu en dtresse, courant vers notre bateau, est un des seuls souvenirs que j'ai de mon dbarquement en Malaisie.
@Audrey_linstit les 1ers departs de metro sont  4h48 et 4h52 depuis les terminus... du coup ca pourrait peut etre le faire d'elargir non ?
@DamienTheWire quand tu veut bb RER D : Essonnes-Robinson jusqu'a 20h parce qu'aprs 20h ya plus de train
@EnzoRPGCLE -les reprends et te tire la langue partant en courant vers la chambre-
@G_A_bitbol @MauditMaurice pas courant un lien vers l'Afa.. maladie de crohn ?
@Henne15763120 @DpnchlAudrey C sur c a 19h mais quoi qu'il arrive si jprend le train faut que jprenne le rer et metro & voiture jmettrai 3h
@JamesNARPG -sort du self en courant vers les toilettes -
@JonRPGCC *souris, pars en courant vers la sortie*
@LaPtiteElice @RERB moi j'ai du laisser passer un train dj bond  Massy aprs 15min d'attente. Le trafic devient normalement normal...
@MappyCity #RERC #KO Voyageur malade en gare de Vitry sur seine. Le train est arrt en gare
@MappyCity #RERC #KO il faut prvoir 1 train sur 2 en gare de Choisy le Roi avec en plus un retard d'une 20ne de minutes
@MsBgirl45 Nikel, Problmes de trains sur le RER D au moins jusqu'a 15h j'ai dis "fuck off, je rentre" et je suis rentr xD
@NickNARPG -tourne ma tte vers toi en courant toujours- oui ?
@QLeprat ta mre t'facon fait pas genre t'tais pas au courant jusqu' aujourd'hui <3
@RERA_RATP Depart Conflans fin d Oise direction Nanterre par Poissy ???????? Usagers dans le train prvenus a Acheres ?????
@RERA_RATP branche sud merde le matin, le soir sans aucun incident... Quand est-ce que vous arrtez de sortir ces trains pourris dtruits ?
@RERA_RATP c'est faux ! Trafic tjrs perturb  l'arret! Intervention de la police annonce  station charles de gaule toile
@RERA_RATP quand il n'y a plus de train du tout, on ne dit pas ralenti mais stopp.
@RERA_RATP: 09:02, le trafic est ralenti de Vincennes vers Cergy/ Poissy /St-Germain-en-L. (divers incidents) #RATP #RERA bonne reprise
@RERA_RATP: Retour  un trafic rgulier sur l'ensemble de la ligne #RERA #RATP. Incident termin.-> je ne crois pas
@RERB bjr. le trafic n est pas normal. Les omnibus sont supprimes en banlieue sud et les trains ne sont pas a l heure.
@RERB incident technique ou trafic normal ? Il faudrait savoir ... Combien de temps de retard  prvoir ?
@RERB on prfrerait que le trafic soit normal au lieu de vos rencontres a deux balles
@RERC_SNCF @SNCF_Direct La raison ?,Avec cette suppress, on attend 15 min. entre 2 trains et ce, malgr l'ajout des VITY #qml #RERC #SNCF
@RERC_SNCF Bonjour, un train circule-t-il actuellement vers Issy-Val de Seine? L'affichage a disparu.
@RERC_SNCF a quelle heure j'ai un train de la gare de villeneuve le roi jusqu' athis Mons ?
@RERC_SNCF aucune info en gare. Problme technique, greve, accident, manif, malaise, brouillard, pas envie? #qml
@RERC_SNCF bonjour bali de 18h30 supprim  st michel.,Quand est le prochain train pour sainte Genevive des bois ?
@RERC_SNCF c'est le mme type d'incident de ce matin? C'est  fire que les DUFY seront devies vers la voie intrieur? Et les autres trains?
@RERC_SNCF c'est quoi un incident affectant les voies ? Les trains continuent de circuler ?
@RERC_SNCF sans compter les trains de Paris vers Montigny supprims et aucune solution de repli par @RERA_RATP car ligne 6 en croix
@RERC_SNCF trafic interrompu entre savigny et massy... Pour combien de temps ?!
@RERC_SNCF: Interruption des circulations entre Massy P et Juvisy. et aussi trains terminus Austerlitz ! :-( rail cass St Michel
@RERD_SNCF d'accord mais pourquoi bloquer le train a Juvisy ?! Ce n'est pas lui qui est en panne !!!! Vous exagrez!!
@RERD_SNCF et aucun train pour faire demi-tour, mettez vous  notre place !
@Twinsunnien je ne ferai aucun commentaire sur la raison pour laquelle je suis au courant de cela
@WMyWay_Mobile @RERB sauf que non il a eut 5 trains dir Massy/St-Remy 0 Robinson... la magie du RerB comme d'hab' 2/2
@anna_nts bah y a trois ans j'avais 14 ans hein, et si c'tait pour une histoire de fric dsl mais normal que ma mre soit au courant
@lordkratosTV ouais trouvable entre 900 et 1mm. Je te tiens au courant si j'trouve des gens qui peuvent migrer vers Bowise.
@paroledepullipLa question est "que fais tu quand ton enfant part en courant vers la route?"Tu cristu expliques,tu lui donne une tapette
@rcommande Tenez bon, ce matin le trafic est perturb sur l'ensemble de la ligne #RERC #KO !
@sb_dam on peut appeler a un rencard mme si l'autre n'est pas forcment au courant que c'en est un? ;) vers 20h
@sofiane5717 nn c bon zin je vais en courant zin . Dis moi juste tu va vers quel heure comme sa je sais a quel heure partir
A Massy les affichages qui s'affolent puis plus aucune indication, deux trains en gare directions sud . Faites vos jeux ! #rerb
Apparemment, la seule notification que l'appli Vianavigo sait faire, c'est : #RERA, trafic ralenti. #stif #qml
Bjr @RERB, que se passe t-il - encore - ce matin pour avoir un trafic si ralenti ? #laroutine
Bonjour @houdachi , effectivement le trafic est interrompu sur la ligne #RERC #KO Tenez bon !
Bonjour @thecoralielili , le trafic est effectivement perturb sur la ligne #RERC #KO jusqu' 12h00 !
Bonne nouvelle ! Un trafic rgulier sur l'ensemble de la ligne #RERE #OK
C'est beau les reves .. cest en courant apres eux qu'on a une raison de vivre
C'est confirm : pour le RER B, trafic normal = incident technique #rerbmonamour
C'est le mme dlire direction Nord, tous les trains sont origine St Rmy et AUCUNE explication de @RERB !! #RERB
C'matin on a fait Michel ange Auteuil jusqu'au lyce a pied pck ya un encul qui a eu accident au metro sa a perturb toute la ligne 9
Comment la panne d'un putain de train fret il y a plus de 7h peut autant impacter le @RERD_SNCF ? Gestion dingue des pbs sur #rerd
Comptez 10  15 minutes supplmentaires de trajet sur la ligne #RERA Fin des ralentissements estime  21h00 #BOF
Dans les coulisses du transport de plerins malades en bus vers Lourdes : une vido de Saint-Brieuc: Transport de...
Dc 30 min d'attente, impossible de monter ds #RERA ! Encore 5 trains, comment dire, la rbellion monte ! #qml #houilles @RERA_RATP
De Twentsche Courant Tubantia - 6 weken  18,00
Demain j'vais louper mon rveil  cause d'une panne de courant, j'prfre prvenir
Des gens qui se battent ds 9h00 du matin, trafic interrompu sur le RER A. Je vais passer une excellente journe.
Donc je disais y'a deux elle sont arriver en courant vers ma responsables (2zrabes) elles ont dit j'peux vous demander un service question
En fait, j'voudrais dsac jusqu'aux vacances mais je serais au courant de rien si il se passe quelque chose donc je reste.
En raison d'un incident technique, le trafic est interrompu sur l'#Orlyval.,Bus en remplacement d'Antony RER  Orly uniquement dans ce sens
En raison d'un incident technique, le trafic est interrompu sur l'Orlyval,#RERB #KO
En raison d'un incident technique, le trafic est interrompu sur l'Orlyval,#RERB #KO !
En retard. Rer ralenti a cause de la brume. Dj envie d'aller me coucher. (Cc @Jefferize )
Encore un malaise voyageur sur le #RERA... Trafic perturb !
Et la je vais a la muscu er ce fdp de metro s'arrte et il redemarre plus,Du coup je vais a la salle a pied! Today was a good day
France-Saint-Denis. Reprise du trafic et prvu vers 14h00. Trafic normal sur les autres lignes de RER. [2/2]
France-Saint-Denis. Trafic normal sur les autres lignes de RER. [2/2]
Hallucinant. Le trafic du #RERA a t interrompu pendant 30 minutes  cause d'une rixe entre voyageurs  Auber. #QML
Il est 05:52 et le trafic est normal sur l'ensemble des lignes de RER
Il est 06:28 et le trafic est normal sur l'ensemble des lignes de RER
Il est 17:08 et le trafic est normal sur l'ensemble des lignes de RER
Il est 17:28 et le trafic est normal sur l'ensemble des lignes de RER
Il est 18:28 et le trafic est normal sur l'ensemble des lignes de RER
Il est 18:39 et le trafic est normal sur l'ensemble des lignes de RER
Infotrafic #RERC [MAJ]Les trains DEBO (Invalides/Dourdan) sont dpart BFM et les trains LARA (Dourdan/Invalides) sont terminus Paris Auster
Infotrafic #RERC [Mise  jour] Le Trafic est perturb jusqu' 12h :
Infotrafic #RERD : Perturbations sur l'axe Orry la Ville/Paris jusqu' 12h30 (Panne train FRET  Stade de France)
J'attendais le bus avec Flo et il m'a dit que sa copine arrivait vers 12h du coup j'ai dcal direct mdddr jveux pas me faire frapper moi
J'prfre tre celib jusqu' la fin de mes jours que de ressembler au couple a cot de moi a l'arrt de tram
Le bus se perd la bas Mn pre ft un accident la bas, mn frre sft pt au tel la bas, ma soeur qui tmbe en panne la bas. Ds la mme semaine
Le rer ce soir il est au ralenti
Le sol sur la place de la gare est gele. C'est carrment plus la saison de courir pour attraper le rer
Le trafic est ralenti sur la ligne #RERC jusqu' 12h00 #BOF
Les trains DEBO (Invalides/Dourdan) sont dpart BFM et les trains LARA (Dourdan/Invalides) sont terminus Paris Auster #RERC #KO
Massy prochain train dans 12 min. JPZZ, terminus Denfert. Trafic normal by @RERB
Massy. Une voix quasiment inaudible nous informe qu'on change de train. Le cocher est muet... #RERB
Meteo du #RER (#ratp) : OK () 19/11/2014 a 05:33 Trafic normal sur l'ensemble ...
Meteo du #RER (#ratp) : OK () 19/11/2014 a 05:54 Trafic normal sur l'ensemble ...
Meteo du #RER (#ratp) : OK () 19/11/2014 a 17:09 Trafic normal sur les lignes ...
Meteo du #RER (#ratp) : OK () 19/11/2014 a 18:33 Trafic normal sur l'ensemble ...
Moi, courant cheveux au vent vers mon WE !!!
Mon bus il est 43 j'crois et mon train a 9 ma mere elle va venir me chercher a la gare
Mtro Ligne 3 En raison d'une fin tardive de chantier, le trafic est ralenti de Gallieni vers Pont de Levallois-Bcon. En rais [1/2]
Mtro Ligne 3 En raison d'une fin tardive de chantier, le trafic est ralenti de Gallieni vers Pont de Levallois-Bcon. En rais [1/3]
Mtro Ligne 3 En raison d'une fin tardive de chantier, le trafic est ralenti de Gallieni vers Pont de Levallois-Bcon. Trafic n [1/2]
Mtro Ligne 4 En raison d'un incident voyageur, le trafic est ralenti sur l'ensemble de la ligne. Trafic normal sur les autres l [1/2]
Mtro Ligne 5 En raison d'un voyageur sur la voie, le trafic est ralenti sur l'ensemble de la ligne. Trafic normal sur les autre [1/2]
Mtro Ligne 5 En rpercussion d'un incident voyageur , le trafic est ralenti sur l'ensemble de la ligne. Trafic normal sur les [1/2]
Mtro Ligne 6 En raison d'un incident voyageur, le trafic est ralenti sur l'ensemble de la ligne. Trafic normal sur les autres l [1/2]
Mtro Ligne 6 En rpercussion d'un colis suspect, le trafic est ralenti sur l'ensemble de la ligne.
Mtro Ligne 6 En rpercussion d'un colis suspect, le trafic est ralenti sur l'ensemble de la ligne. Trafic normal sur les autre [1/2]
Mtro Ligne 9 En raison d'un accident grave de voyageur  Porte de Saint Cloud , le trafic est interrompu entre les stations Po [1/2]
Mtro Ligne 9 En raison d'une panne de matriel, le trafic est ralenti sur l'ensemble de la ligne. Trafic normal sur les autres [1/2]
Mtro Ligne 9 En rpercussion d'un accident grave de voyageur  Porte de Saint-Cloud , le trafic reprend progressivement sur l [1/2]
Mtro Ligne 9 En rpercussion d'un accident grave de voyageur  Porte de Saint-Cloud , le trafic reprend progressivement sur la ligne.
On arrive  Roissy. A part le lger ralentissement  stade de France, tout sest bien pass. Bonne journe. Ace soir. #RERB
On change de train, mais on garde le mme nom de mission. Retard de 10' au dpart de Massy. #RERB
Ouf, le trafic est de nouveau normal sur la ligne #RERB aprs un incident technique #OK
Oups, le trafic est ralenti de Vincennes vers Cergy/ Poissy /St-Germain-en-L. #RERA #BOF
Panne de courant entre St-Luc et l'Avenue du Phare  #Matane qui touche 1472 clients. @hydroquebec prvoit un retour du service vers 11h00.
Panne doreiller ? RT @RERB: 05:29, le trafic est perturb sur la ligne (incident technique) #RERB
Pas de chance ! 10  15 minutes supplmentaires de trajet sur la ligne #RERA Fin des ralentissements estime  21h00 #BOF
Qu'est-ce qui ce passe encore sur le #RERC pour que sa soit au ralenti ?! #SNCF
RER A , le trafic est ralenti sur l'ensemble de la ligne.
RER A En rpercussion de divers incidents, le trafic est ralenti en direction de Cergy - Le haut, Poissy et Saint-Germain en Laye.
RER A En rpercussion de divers incidents, le trafic est ralenti sur l'ensemble de la ligne.
RER B En raison d'un incident entre Gare du Nord et la Plaine Stade de France, le trafic est perturb sur l'ensemble de la ligne.
RER C : trafic ralenti jusqu' 12h00
RER D Axes concerns Orry la Ville Coye la Fort - ParisMelun - ParisCorbeil Essonnes - Paris Le trafic est perturb entre St [1/3]
RER D En raison d'un incident entre Gare du Nord et la Plaine Stade de France, le trafic est perturb sur l'ensemble de la ligne [1/2]
RER D En raison d'une panne dun train de marchandises  Stade de France, le trafic est perturb entre Stade de France Saint- [1/3]
RT @3asyG33: RT @LionelAncelet: Apparemment, la seule notification que l'appli Vianavigo sait faire, c'est : #RERA, trafic ralenti. #stif #qml
RT @ADCTR1: "Papa le train de marchandise tait en panne" Jules 4 ans qui a attendu 2h un @RERD_SNCF pour aller voir sa grand mre.
RT @Alfatori_AS: "@RERB: 05:29, le trafic est perturb sur la ligne (incident technique) #RERB",Ou comment bien commencer sa journe ?? @xavius_d_lazy
RT @Aro_Baze: Le chauffeur du bus a ralenti par ce qu'une beurette traversait, je lui ai dis azi passe c'est orange, on m'a applaudit, j'ai roul l'bus
RT @Chguilluy: Train retard ? Tu m'tonnes quand le terminus stationne 5 minutes #RERA
RT @Chocolatine_tan: A Massy les affichages qui s'affolent puis plus aucune indication, deux trains en gare directions sud . Faites vos jeux ! #rerb
RT @ClemGwen: a sent encore le trafic normal ce soir sur #RERB quai charg  Chatelet,affichage qui change 3 fois de suite,arrt  KUBY34  Bagneux
RT @DelineB: "Suite  une bagarre dans le train je vais vous demander de bien vouloir patienter, le trafic est interrompu" SERIEUSEMENT ? #RERA
RT @Fattyguurl: ''Et nous avanons ainsi, comme des barques luttant contre le courant qui ne cesse de nous ramener vers notre pass.''
RT @Gamani_: @RERA_RATP: 09:02, le trafic est ralenti de Vincennes vers Cergy/ Poissy /St-Germain-en-L. (divers incidents) #RATP #RERA bonne reprise
RT @GogorrM: Un mec a e.leclerc qui passe en courant vers l extrieure avec 2 ps4 au calme
RT @JoJullien: C'est confirm : pour le RER B, trafic normal = incident technique #rerbmonamour
RT @LeJugeRERB: Massy prochain train dans 12 min. JPZZ, terminus Denfert. Trafic normal by @RERB
RT @LionelAncelet: Apparemment, la seule notification que l'appli Vianavigo sait faire, c'est : #RERA, trafic ralenti. #stif #qml
RT @Longscourriers: #archives De #Russie jusqu'en #Thalande : franchir les frontires  pied, en train, en bus
RT @MappyCity: Oups, le trafic est ralenti de Vincennes vers Cergy/ Poissy /St-Germain-en-L. #RERA #BOF
RT @Mathieu_Pinto: Encore un malaise voyageur sur le #RERA... Trafic perturb !
RT @MissMuhja: @RERC_SNCF @SNCF_Direct La raison ?,Avec cette suppress, on attend 15 min. entre 2 trains et ce, malgr l'ajout des VITY #qml #RERC #SNCF
RT @MrJojo_: Hallucinant. Le trafic du #RERA a t interrompu pendant 30 minutes  cause d'une rixe entre voyageurs  Auber. #QML
RT @Nad_Alves: Dc 30 min d'attente, impossible de monter ds #RERA ! Encore 5 trains, comment dire, la rbellion monte ! #qml #houilles @RERA_RATP
RT @NotreHoroscope: RT Si vers minuit tu pissais contre un mur ds lnoir total.. un renoi a cri"-Eh c qui le fdp qui mjette de l'eau la?!",Tes parti en courant
RT @RERA_RATP: 09:02, le trafic est ralenti de Vincennes vers Cergy/ Poissy /St-Germain-en-L. (divers incidents) #RATP #RERA
RT @RERA_RATP: Retour  un trafic rgulier sur l'ensemble de la ligne #RERA #RATP. Incident termin.
RT @RERB: 05:29, le trafic est perturb sur la ligne (incident technique) #RERB
RT @RERB: 05:40, le trafic est normal sur la ligne (incident technique) #RERB
RT @RERB: En raison d'un incident technique, le trafic est interrompu sur l'#Orlyval.,Bus en remplacement d'Antony RER  Orly uniquement dans ce sens
RT @RERC_SNCF: Bjr @NCamcam la gare de St Michel n'est pas desservie pour protger l'intervention des techniciens(incident sur voie).Les trains circulent.
RT @RERC_SNCF: Infotrafic #RERC [MAJ]Les trains DEBO (Invalides/Dourdan) sont dpart BFM et les trains LARA (Dourdan/Invalides) sont terminus Paris Auster
RT @RERC_SNCF: Infotrafic #RERC [Mise  jour] Le Trafic est perturb jusqu' 12h :
RT @RERD_SNCF: Infotrafic #RERD : Perturbations sur l'axe Orry la Ville/Paris jusqu' 12h30 (Panne train FRET  Stade de France)
RT @RER_B: Massy. Une voix quasiment inaudible nous informe qu'on change de train. Le cocher est muet... #RERB
RT @RER_B: On change de train, mais on garde le mme nom de mission. Retard de 10' au dpart de Massy. #RERB
RT @StoBoy77: #RerD Merci  lui de nous avoir tenu au courant. Par contre, bonjour l'tat des trains. Incident avec peu de retard engrang. 2/2 #qml
RT @StoBoy77: #RerD le trafic est ralenti : "Un train au vert de maisons n'arrive pas  fermer ces portes" dixit le conducteur. 1/2 #qml
RT @WMyWay_Mobile: RER A En rpercussion de divers incidents, le trafic est ralenti en direction de Cergy - Le haut, Poissy et Saint-Germain en Laye.
RT @_OnMaApplaudit: Le chauffeur du bus a ralenti par ce qu'une beurette traversait, je lui ai dis azi passe c'est orange, on m'a applaudit, j'ai roul l'bus
RT @arthur_leger: Demain j'vais louper mon rveil  cause d'une panne de courant, j'prfre prvenir
RT @courbis_fr: Meteo du #RER (#ratp) : OK () 19/11/2014 a 05:54 Trafic normal sur l'ensemble ...
RT @galeRERAfr: #rera Trafic trs trs perturb sur la branche de Cergy : train en panne
RT @galeRERAfr: Trafic perturb en raison encore une fois d'une panne dun train  Nanterre Prfecture. #rera
RT @galoupette215: C'est le mme dlire direction Nord, tous les trains sont origine St Rmy et AUCUNE explication de @RERB !! #RERB
RT @jeromehuet: #RERB  l'arrt ou au ralenti entre Gare du Nord et Stade de France... Mme problme que ce matin ?
RT @nexus006: @RERC_SNCF aucune info en gare. Problme technique, greve, accident, manif, malaise, brouillard, pas envie? #qml
RT @philippoux: #rera ce soir c'est comme hier ou avant-hier panne d'un train  nanterre pref
RT @rcommande: @MappyCity #RERC #KO Voyageur malade en gare de Vitry sur seine. Le train est arrt en gare
RT @rcommande: @MappyCity #RERC #KO il faut prvoir 1 train sur 2 en gare de Choisy le Roi avec en plus un retard d'une 20ne de minutes
RT @rerb_monamour: Panne doreiller ? RT @RERB: 05:29, le trafic est perturb sur la ligne (incident technique) #RERB
RT @sandrinepen: @RERA_RATP Depart Conflans fin d Oise direction Nanterre par Poissy ???????? Usagers dans le train prvenus a Acheres ?????
RT @vcescutti: Traffic trs ralenti sur la ligne 6... Colis suspect entre la motte picquet et CDG, les trains s'arrtent  la motte picquet.
Rappelons que le trafic est ralenti sur la ligne #RERC jusqu' 12h00 #BOF
Rerd bupe tu va l'avancer ta perde merde de train o on va rouler de Paris  corbeil  10km... srieux ouvre les portes je v a chlap
Retour  un trafic rgulier sur l'ensemble de la ligne #RERA #RATP. Incident termin.
Retour  un trafic rgulier sur l'ensemble de la ligne #RERA Incident termin #OK
Rseau TPG paralys. Le trafic routier au ralenti: Bus 2 - 04h36 - Mouvement social - Pas
Tenez bon @EmiMazin , le trafic reste perturb sur la ligne #RERC #KO jusqu' 12h00 !
Traffic trs ralenti sur la ligne 6... Colis suspect entre la motte picquet et CDG, les trains s'arrtent  la motte picquet.
Trafic perturb en raison encore une fois d'une panne dun train  Nanterre Prfecture. #rera
Trafic perturb sur la ligne 9, colis "suspect" sur la ligne 6, et je fais comment pour rentrer chez moi moi?
Train retard ? Tu m'tonnes quand le terminus stationne 5 minutes #RERA
Un mec a e.leclerc qui passe en courant vers l extrieure avec 2 ps4 au calme
Y'a 15 minutes pour rentrer chez moi le bus arrive a fac de droit je cours vers l'arret et je le loupe. Je contiues a fond jusqua guehenno
Y'avait BMB et ma mre me dit " ah je la supporte plus elle" elle est toujours pas au courant qu'elle doit m'payer ma place en fait lol
afic normal sur les autres lignes de RER. [2/2]
c'est la galre pour aller au cin, certaines vont en voiture spars ou ensemble, d'autres en train-bus ololo
en route vers l'ebg digital summit, avec bcp de retard a cause d'un moteur d'avion en panne et arrt RER B en cours #fail
espoir d voyageurs de stMichel  voir passer train au ralenti /leur quai. Et rien. Franchement limite on serait +rapide en omnibus #Rerc#Qml
gnrale, les trains circulent sur la ligne avec des retards toute la matine. Trafic normal sur les autres lignes de RER. [2/2]
j'aime trop on a eu une panne de courant : ma sur : "mais on a toujours l'eau ?" moi : " ptn j'espre qu'on a toujours la wifi !"
la fonction  horaires en temps rel  cliquer ici Trafic normal sur les autres lignes de RER. [3/3]
la fonction  horaires en temps rel. cliquer ici Trafic normal sur les autres lignes de RER. [3/3]
on d'un incident technique, le trafic est interrompu sur la ligne. Navettes de Bus en remplacement de Antony RER vers Orly Ouest/O [2/3]
on d'un incident technique, le trafic est interrompu sur la ligne. Navettes de Bus en remplacement entre Antony RER et Orly Ouest/ [2/3]
t Stade de France-Saint-Denis. Trafic normal sur les autres lignes de RER. [2/2]
terminFin des ralentissements estime  16h00. Trafic normal sur les autres lignes de RER. [3/3]
