#Bruxelles #Forest Avenue Van Volxem : accident avec un bus, embarras de circuluation limits #RTBFMobilinfo
#Infaux : 40 morts dans un accident de bus en Belgique. 20 morts lors de l'accident, 20 de plus lors de la reconstitution.
#JurisCulture Un employeur ne peut pas supprimer une prime  un salari conducteur de bus responsable dun accident
#Orlans 1 vlo percute un tram vers le Znith. Trafic perturb. Passagers transfrs par bus. Circulation difficile
#Perturbation #RERB Trafic perturb en direction de st Mitry-Claye - Robinson - Saint-Rmy-ls-Chevreuse suite  #MalaiseVoya [1/2]
#Perturbation #RERC . Prvoir 15  20 minutes supplmentaires de trajet dans les deux sens.Fin des ralentissements estime  [1/3]
#Perturbation #RERE Prvoir 10  20 minutes supplmentaires de trajet dans les deux sens.Fin des ralentissements estime  [1/3]
#RERB le corps est embarqu sur un brancard Gare du Nord ...
#RT Infotrafic #RERD [MAJ] Trafic ralenti sur la ligne jusqu'en fin de soire (malaise voyageur + panne d'un train)
#RT Infotrafic #RERE Reprise progressive du trafic entre Noisy-le-Sec et Villiers-sur-Marne - Le Plessis-Trvise, dans les deux sens
#rerc aucun train de 8h a 10h30 juste pr 1 train en panne en gare, on en parle ou c'est trop de #foutagedegueule????
. @RERC_SNCF Panne de train CIME hors de Viroflay Rive Gauche.
1re fois de l'anne que je prend le bus pour aller en cours sm
2015/06/04 - RER D - Panne d'un train  Brunoy et malaise voyageur  Gare du Nord => 20  40 minutes d'attentes en plus
@AGraindorge Bonjour, un train RER C est tomb en panne  Viroflay et prsence de personnes sur les voies
@Asso_SaDur Rer D hs: train bloqu  Evry bras de fer #rerd
@BFMTV RERB un corps est embarqu sur un brancard Gare du Nord ...
@Da_Non_Vide coute si tu veux je peux aller en bus samedi chez mon prof, je ne veux pas t'embter avec a
@FanV2N Imagine moi se soir >>> Train > RerB>>>>Marche a pied>Bus>Marche pied , qui va souffrir ?
@JulieCGaillot Moi aussi !! Par contre j'espre qu'on aura un bus sinon tu devras trainer ta valise sur toute la pente :/
@LaurentCREPET @RERB Bonjour 1 grave malaise voyageur dans un train  Gare du Nord perturbe le #RERB et le #RERD
@MoroccoBoss ya pers pr m'emmener c soit jprends le bus a 07h30 pr galerer apres soit jprends le train de 13h25 et g la flemme du bus1peu:(
@Nabigor de leur tout premier album (je crois) mais maintenant c'est pas du tout le meme line up, depuis leur accident de bus quoi ^^
@OlivierFraudeau @SNCF reprendre mais l'incident qui aurait pu impacter un seul train a interrompu toutes les lignes N , U RERC et TER
@RERB La clim c'est en option? Parce que des malaises, va y'en avoir d'autres au rythme o les trains circulent...
@RERB gare de CDG1 vers Paris: quel train part en premier? Quelle voie ? Tps de parcours? Annonces inaudibles #qml
@RERB pourquoi les trains ayant quittes gare du nord et en direction de roissy sont ils ralentis ? Quel est l estimation du retard !?
@RERC_SNCF Bonjour. Est-ce normal qu'il n'est plus de trains pour Saint Michel Notre Dame? Je me trouve  Meudon Val Fleury et pas d'infos.
@RERC_SNCF Les Kuma le matin seront omnibus pour palier la suppression d'1 train sur 2 sur l'axe Paris/Brtigny ?
@RERC_SNCF aucune info sur les lignes sud St Martin-dourdan alors que ts les trains st supprimes !!!#foutagedegueule
@RERC_SNCF bonjour_savez-vs qd passe le prochain train a Porchefontaine, en direction de Paris svp?merci
@RERC_SNCF bonsoir, le trafic est-il normal entre Issy Val de Seine et Meudon? Merci.
@RERC_SNCF ne dit pas si les trains seront omnibus (dc retard de 10' gd minimum). A ajouter au 25 autres min pr ralentissement je suppose?
@RERC_SNCF sinon, on en parle quand : un train en panne et toutes les lignes st interrompues entre 8h et 10h??#foutagedegueule
@RERD_SNCF encore un Zico supprim......c est criminel de transporter les gens dans des trains bonds alors qu il fait chaud....bravo
@RER_BETAIL je suis encore  gare du Nord. Je viens de monter dans un train!
@Ringostrky j'habite vers cannes c  environ 2h de Marseille mdr mas faut que j'prenne 1000 bus et trains pour y aller tt seule putain
@SolennFlhw faut pas abuser non plus la pourquoi moi je serais coller parce que j'ai louper mon bus alors que les autres prenne les cour
@TontonLEric bonjour des voyageurs sont descendus sur les voies suite a un train en panne RER C , tt est interrompu pr le moment sur secteur
@bangwooo mdrrrrr si tu savais tout ce que j'coute la dernire fois dans le bus j'avais du Jena Lee dans la tte
@maviau je voulais juste te dire que je serais en retard pour le cours ce soir, mon bus est stuck en traffic
@neozecat @RERB @SML_IDF @durovray Bonjour, les axes Paris/Melun et Paris/Malesherbes sont ralentis :
@ventephoto c'est pour a que je me lve tt, pour traner et tre en retard pour courir aprs mon bus
Accident entre deux bus  Jrusalem (21:55)
Ahu j'ai failli me faire cras aujourd'hui aussi, parce que je suis une mongole qui traverse par derrire le bus en courant sans regarder
Attention ! Trafic interrompu entre Aulnay-sous-Bois et Mitry-Claye, dans les deux sens sur le #RERB ! Reprise estime  17h00 #KO
Au vu de cette remonte des tempratures, il semble que le #RERC a pris un coup de soleil, Trafic interrompu sur l'axe St QutnenYv/Paris #KO
Bon bah j're dans le bus du coup
C"est la premire fois que je loupe mon bus
C'est la premire fois que je vais amener des cours  rviser dans le bus des Frances svp
C'est mort je cours pas aprs le bus je dteste oral ou pas nique sa mre
Certes, quand j'aurais des cours  Paris a sera plus long, mais je suis  15 min du RER, je terminerai donc ma nuit dans le RER. LT
Courage les amis ! Trafic perturb du ct du #RERD au niveau de l'axe Paris / Corbeil via Evry Courcouronnes #KO
Courir en pleine rue mile Zola pour avoir mon bus c'est la premire et la dernire fois
Dans le RER B autour d'Orsay t'as le droit  des cours de physique gratos  #Orsay
Demain avec un peu de chance je serais  l'heure et j'aurai pas besoin de courir pour avoir mon ptn de bus
Donc problme de train en panne puis des personnes sur les voies et la un malaise gare du nord... #RERD #haappyNow
Ds le bus g essayer de simuler comment je verrais ma vie dfiler au moment de ma mre du coup j'me suis rappeler de pleins de souvenir
Faire RER B + RER D en heure de pointe avec des problmes de train c'est pas une vie
Faire cooprer #Areva et #EDF : ok, mais qui seront les "autres partenaires" voqus ? La Chine ?...L'indpendance nationale est essentielle
Femme tue sur un quai du RER B : "Il n'y a pas assez de place pour accder aux trains" -
Genre j'etais sur le quai en train d'attendre le RER, et la je vois une belle metisse qui vient attendre devant moi normal quoi (2)
Il me reste une heure pour aller a la douche scher ma crinire , me prparer prendre mon bus et aller en cours pour 13h. Euh .....
Infotrafic #RERC Interruption entre Chaville - Vlizy et St-Quentin, ds les 2 sens jusq.10h30 (panne train Viroflay)
Infotrafic #RERC [MAJ] Fin des ralentissements suite  la panne d'un train + personnes prs des voies
Infotrafic #RERD [MAJ] Trafic ralenti sur l'ensemble de la ligne jusqu' 21h30 (malaise voyageur + panne d'un train)
Infotrafic #RERD [MAJ] Trafic ralenti sur l'ensemble de la ligne jusqu' 22h (malaise voyageur + panne d'un train)
Infotrafic #RERD [MAJ] Trafic ralenti sur la ligne jusqu'en fin de soire (malaise voyageur + panne d'un train)
Infotrafic #RERE : Demain, vendredi 5 juin, prvoir des ralentissements et suppressions de 13h  19h30. Les dtails :
Infotrafic #RERE Reprise progressive du trafic entre Noisy-le-Sec et Villiers-sur-Marne - Le Plessis-Trvise, dans les deux sens
Infotrafic #RERE [MAJ] Trafic ralenti sur l'ensemble de la ligne jusqu' 15h (feu aux abords des voies) :
J'ai louper le bus de 15h, heureusement ma mere m'attends
J'ai louper mon bus mon pre m'a amener  un autre arrt, mais quelle con
J'ai pas t en cours aujourd'hui er j'ai pris 8 fois le bus mdrrr
J'ai pris le rer B et C avec mes lunette les gens ils mregardait chelou dans l'train
J'ai rarement autant trac que pour rattraper un bus, le pire c'est que j'ai du l'attendre aprs
J'avais loup l'heure de mon bus heureusement que mon pre tait la pour m'y emmener
J'avais pas envie de courir jusqu' mon arrt de bus du coup c'est ma mre qui m'a emmen
J'coutais sa dans le bus tout l'temps a cot de la mme fille pour aller a la piscine  l'cole l'anne dernire
J'en ai marre de courir comme un lapin derrire des bus qui veulent pas de moi
J'espre Amandine a prit son train et pas le bus. Comme sa elle arrive a 8h
J'espre que je connatrais du monde dans mon bus quand mme parce que jvais me faire chier sinon
J'tais cens que biter l'anglais et l'allemand.. J'ai loup le bus du coup j'ai tait a la mdiathque une grande premire
J'tais juste derrire lui en entrant dans le bus du coup j'ai mat son booty
Jai encore loup le bus ptn de sa mre
Je dis "a+ dans le bus"  ma mre et elle me sort " demain dans le train" y en a pas une pour rattraper l'autre.
Je loupe mon bus et mon pre me sort dmerde toi -'
Je me suis dpcher de me prparer pour pas louper mon bus et ma mre me dit qu'elle me ramne au lyce
Je suis le genre de meuf qui:-veut ralentir le temps quand je vais rater le bus,-l'acclrer en cours -le stopper quand je suis avec Lui
Je suis sre j'ai louper mon bus punaise
Je suis tellement tout le temps en retard que le bus il me rcupre devant chez moi pour pas que je cours
Je viens de louper le bus, oblig de rentrer chez oam a pied.... Dernire fois
Jsuis sre jvais russir  louper mon bus moi forte comme je suis
La je loupe mon bus et ma mre peut pas m'emmener donc je serai en retard super
La pauvre elle croie chre jvai la chercher c un coup jvai rater le bus
La prochaine fois, cher bus, c'est toi qui va courir derrire moi, que ce soit clair
Le bus il nous a laisser en plan  cause d'un accident
Le conducteur du bus il a faillis faire un accident ce matin  cause de moi mdr
Le gars il se lve 28763ans plus tt pour aller a venden' en bus et revenir  l'heure pour les cours, sans raison, il est sincre?
Le mec qui vient dans mon RER saccager l'album d'Antony&The Johnsons que j'coute en jouant un medley moisi  la flte de pan #goudronPlumes
Le rer B c'est trop la merde -' du coup j'pend le D
Louper le bus, pas de ter, pas de convoit, super pour un jour de rendu de dossier de bac
Ma mre voit que j'ai loup le bus mais nan c'est trop demander qu'elle m'emmne
Mdddddr Talh y a une tanti comme a elle tait dter pour prendre le bus et la elle voit "sans voyageur" mdddr coutes le Tchip jt ko
Mdr Lucas a la traine pour prendre le bus, il pousse son frre pour l'aider  courir et il le fait tomber
Mon bus arrive dans 20minutes, du coup je decide de prendre le metro, j'arrive devant mon arret: metro bloqu a cause d'un accident voyageur
Mon bus de 15h il a eu un accident ptn, et pierre il est a l'hopitale
Mon frere ma pris ma carte bleue et jai chercher du coup jai rater mn bus
Mon sport se rsume  courir derrire mon bus tout les matins c'est chaud !
N'empche ce matin, pas de train pour Montparnasse, pas de RER C, pas de train pour La Dfense. La gare aurait ferm a aurait t la mme
Nan mais @RERA_RATP en fait ca vous amuse d'user nos nerfs? Maintenant ca va tre un train sur dix qui s'arrte  Noisiel? C'est pas normal.
Nan mon frre vient de prendre pour le bus pour aller en cours il m'appelle en me disant "tu dira a maman.que je me suis pas lev "
Nandrin: un homme coinc dans sa voiture aprs une collision avec un bus: Vers 16h45, ce jeudi, un accident de...
Normalement aujourd'hui c'est la dernire fois que je vais en cours en bus
Panne d'un train a Yerres+Panne d'un train a Evry Bras de fer...Journe noire fonce pour les Usagers du #RERD...vous confirmez @RERD_SNCF ?
Pas de tram... un mec a fait un accident de scooter  la Gare Saint Denis!!!
Patience ! Reprise progressive du trafic entre Noisy-le-Sec et Villiers-sur-Marne-Le Plessis-Trvise, dans les deux sens sur le #RERE #BOF
Plus tard accident de bus: Camion franchi en sens inverse dutrafic
Prendre le bus par cette chaleur c'est pas humain. J'espre que a ira dans le train.
Prendre le bus sans couteur avec cette chaleur en+ il est blind !! Ma journe commence mal jsp vite rcuprer ma voiture
Preuve de ma VDM : le tram coup, j'ai saut dans un bus aprs mre rflexion. J'tais en retard, j'ai saut dans un bus. Au bout de 10min
Ptdr ma mre jlui dit j'ai loup mon bus elle mfait "too bad...:-(" elle sfout trop dma gueule c mchant
Putain mais les RER qui passe par Chtelet Gare du Nord tout sa la c'est des trains transmetteur de maladies  a pu c'est degueulasse.
Putain premire fois que je rate mon bus a 17h ... Et c 2 semaine avant la fin des cours
Qd clem a envoy la photo des pompiers sur fb et qu'elle a dit "ya eu un accident de bus pierre a fait une hemorragie" j'etais tllmt choque
RER B : Trafic ralenti malaise voyageur  gare du Nord. #qml #rerb
RER D : Trafic ralenti +10/15min  prvoir Motif : Malaise voyageur  gare du Nord. #qml #rerd
RER de merde roh lire en retard, j'ai loup mon bus
RT @Asso_SaDur: Trafic interrompu sur le #RERD sud, alerte radio vers Maisons Alfort.
RT @CgzN_: Y'a une marseillaise dans ma classe elle a dis ouais quand j'suis venu a Paris j'tais choque les gens cours derrire un bus..
RT @Didymos33: Femme tue sur un quai du RER B : "Il n'y a pas assez de place pour accder aux trains" -
RT @DylanCdn: Sans la musique, marcher, prendre le bus, prendre la voiture et courir seraient les choses les plus ennuyeuses au monde.
RT @EnnaharTvFr: #Iran: 27 morts dans l'accident de bus de #touristes #irakiens
RT @Flouniquement: "C'est dans les vieux pots qu'on fait les meilleurs soupes"- le mec derrire moi dans le bus en parlant des meufs cougares.
RT @France3Paris: Le RER A sera coup cet t entre La Dfense et Auber -
RT @Girlychicfr: @ventephoto c'est pour a que je me lve tt, pour traner et tre en retard pour courir aprs mon bus
RT @Guillaume2C: couter, dans le RER B, le podcast #affairessensibles sur l'attentat du RER B de Saint-Michel en 1995. Vertige.
RT @Hope_Away: Je dis "a+ dans le bus"  ma mre et elle me sort " demain dans le train" y en a pas une pour rattraper l'autre.
RT @Kandjizi: 1 jour g scher les cours j'ai pris le bus jusqu'au terminus et on arrive  un arrt et ma mre monte dans le bus
RT @LePrenoms: Kenza c'est le prnom des meuf qui cour driere le bus mais elle le rate apres elle marche
RT @MaLigneCDeLaM: RT @Nicolas_Guerard: @RERC_SNCF : bravo !,1 train en panne sur Viroflay et vous interrompez toutes les lignes #RERC #ligneU #ligneN ...
RT @MaLigneCDeLaM: RT @RERC_SNCF: Infotrafic #RERC Interruption entre Chaville - Vlizy et St-Quentin, ds les 2 sens jusq.10h30 (panne train Viroflay) h...
RT @MerenwenRuby: Nan mais @RERA_RATP en fait ca vous amuse d'user nos nerfs? Maintenant ca va tre un train sur dix qui s'arrte  Noisiel? C'est pas normal.
RT @Nhmiiy972: Toute a lheure j'ai pris le bus il a fait un accident
RT @Nicolas_Guerard: @RERC_SNCF : bravo !,1 train en panne sur Viroflay et vous interrompez toutes les lignes #RERC #ligneU #ligneN ...
RT @Noe_mie57: J'ai pas t en cours aujourd'hui er j'ai pris 8 fois le bus mdrrr
RT @Nooops: #rerc aucun train de 8h a 10h30 juste pr 1 train en panne en gare, on en parle ou c'est trop de #foutagedegueule????
RT @RERC_SNCF: Infotrafic #RERC Interruption entre Chaville - Vlizy et St-Quentin, ds les 2 sens jusq.10h30 (panne train Viroflay)
RT @RERC_SNCF: Infotrafic #RERC Interruption entre Chaville - Vlizy et St-Quentin, ds les 2 sens jusq.10h30 (panne train Viroflay) h...
RT @RERC_SNCF: Infotrafic #RERC [MAJ] Fin des ralentissements suite  la panne d'un train + personnes prs des voies
RT @RERD_SNCF: @samsarapaille Bjr, le trafic est perturb suite  un grave malaise voyageur dans un train  Gare du nord et la panne d'un train  Yerres
RT @RERD_SNCF: Infotrafic #RERD [MAJ] Trafic ralenti sur l'ensemble de la ligne jusqu' 21h30 (malaise voyageur + panne d'un train)
RT @RERD_SNCF: Infotrafic #RERD [MAJ] Trafic ralenti sur l'ensemble de la ligne jusqu' 22h (malaise voyageur + panne d'un train)
RT @RomaneStasiak: Crois pas je vais te courir derrire, dj que je cours pas aprs le bus
RT @SandraFELLOUS: Femme tue sur un quai du RER B : "Il n'y a pas assez de place pour accder aux trains" -
RT @Segogo_lawl: Louper le bus, pas de ter, pas de convoit, super pour un jour de rendu de dossier de bac
RT @TomekTR: RER B : Trafic ralenti malaise voyageur  gare du Nord. #qml #rerb
RT @TomekTR: RER D : Trafic ralenti +10/15min  prvoir Motif : Malaise voyageur  gare du Nord. #qml #rerd
RT @TweetBRIEVEMENT: Couper un oignon dans le mtro..ah ah#falayhipans,Quelqu'un pr essayer avec un saucisson sur la ligne du RER B?!
RT @WMyWay_Mobile: #Perturbation #RERB Trafic perturb en direction de st Mitry-Claye - Robinson - Saint-Rmy-ls-Chevreuse suite  #MalaiseVoya [1/2]
RT @WMyWay_Mobile: Infotrafic #RERC Interruption entre Chaville - Vlizy et St-Quentin, ds les 2 sens jusq.10h30 (panne train Virofla...
RT @YAZIDAMER: Donc problme de train en panne puis des personnes sur les voies et la un malaise gare du nord... #RERD #haappyNow
RT @_lunxtique: j'prfre louper mon bus que courir aprs mdrrrr
RT @charlotteblp: heureusement qu'ils taient la pour arrter le bus ahah, moi comme une nar a courir en talons sur le parking
RT @f_philippot: Faire cooprer #Areva et #EDF : ok, mais qui seront les "autres partenaires" voqus ? La Chine ?...L'indpendance nationale est essentielle
RT @infoNormandie: Yvelines : les 300 voyageurs d'un train en panne sur la ligne C du RER vacus ce matin en gare de Viroflay
RT @lhebdotwitte: #Orlans 1 vlo percute un tram vers le Znith. Trafic perturb. Passagers transfrs par bus. Circulation difficile
RT @maevaadu91: Le chauffeur de bus il tait tellement pourri qu'il a fait un mini accident on a tous failli tomber et il a t oblig d'aprs les pompiers-
RT @pprem: Train en panne a Viroflay (ouest de Paris). @RERC_SNCF en vrac y compris sur la partie sud vers Paris. Incomprhensible. #qml
RT @theouuuh: J'ai louper mon bus mon pre m'a amener  un autre arrt, mais quelle con
RT infoNormandie: Yvelines : les 300 voyageurs d'un train en panne sur la ligne C du RER vacus ce matin en gare
Rcuprer le reste nos affaires puis acheter du champagne chez le Pakpak  30 euros bordel, prendre un bus pour aller chez Maurane
Retour  un trafic rgulier sur l'ensemble de la ligne #RERB. Incident termin.
Retour  un trafic rgulier sur l'ensemble de la ligne #RERB. Incident termin. via @RERB
Si tu sais pas pourquoi je transpire des la premire heure de cours, demande au chauffeur de bus de pas passer en avance jdevrais pas courir
Toute a lheure j'ai pris le bus il a fait un accident
Traffic perturbe sur le @RERB, malaise voyageur, 28 degrs dehors. Putain A qd une formation aux franais a rsister  la chaleur..#voyages
Traffic perturbe sur le @RERB, malaise voyageur, 28 degrs dehors. Putain a qd une formation aux franais a rsister  la chaleur..#voyages
Trafic interrompu sur le #RERD sud, alerte radio vers Maisons Alfort.
Train en panne a Viroflay (ouest de Paris). @RERC_SNCF en vrac y compris sur la partie sud vers Paris. Incomprhensible. #qml
Trains supprims et remplacs par des bus vers Dourdan par exemple ? La routine quoi... @RERC_SNCF
Voir courir les gens aprs leurs bus milieu St Lambert, mon reve   merveilleusement bien
Y a un gars dans le bus  chaque fois il lutte contre la fatigue du coup y a sa tte qui tombe d'un coup et qui se relve
Y'a une marseillaise dans ma classe elle a dis ouais quand j'suis venu a Paris j'tais choque les gens cours derrire un bus..
Yerres train vacu. Changement de voie. Quai bond. J opte pour un plan B. Bon courage aux usagers #RERD
Yvelines : les 300 voyageurs d'un train en panne sur la ligne C du RER vacus ce matin en gare de Viroflay
c'tait trop drle je courais et j'tais morte de rire jsuis arrive dans le bus j'avais l'impression d'avoir fait un marathon
clem a eut un accident avc son bus
couter, dans le RER B, le podcast #affairessensibles sur l'attentat du RER B de Saint-Michel en 1995. Vertige.
geur dans le train  gare du nord. #TraficNormal sur les autres lignes de #RER. [2/2]
heureusement qu'ils taient la pour arrter le bus ahah, moi comme une nar a courir en talons sur le parking
j'prfre louper mon bus que courir aprs mdrrrr
jai encore loup le bus tjrs jsuis derrire lui a m'nerve
l'infirmire elle veut pas que je reparte en bus, du coup elle a appell ma mere, mdr jvais me faire gifler
la vieille mdr #LeMondePerdu #JurassicPark j'adore quand a devient l'apocalypse lol le T-Rex qui fou un coup d eboule au bus
mon bus est pas passer pour la premire fois que j'avais envie d'aller en cours ! c'est peut tre un signe..
mon frre roule le bus prs de mon lyce qd j'quitte du coup j'lui ai demand de m'attendre mdrr
s ce sens.Le trafic est ralenti sur l'ensemble de la ligne.Fin des perturbations estime  16h00. Un service de bus est mis en p [2/3]
sinn j'ai mon sac et ma carte de bus qui tais plancker pret dangellier,un pote rcupre mes affaires et les oublie avant dprendre son bus
