#QML #RERD : Trafic ralenti sur l'axe Paris/Corbeil jusqu' 21h30 (incident affectant la voie)
.@vpecresse @itele #primaires2016 #UMP @nk_m reprsente 1 courant de la droite franaise nota. colo et centriste #JaichoisiValerie @_vp2015
1 koi ?????????? pourquoi j'ss au courant de a a la dernire minute
1) Non tu ne peux pas faire 20 selfies dans le RER sans couper le son de l'appareil photo.,2) Non le short de marathonien, c'est pas sexy.
@ Trains_VFLI: Le RER ou le metro ?
@Kuraiba_ J'ai peur du spoil en gnral mais j'ai lu les livres, si on me spoil 1) normalement j'serai dj au courant 2) je spoil la
@freaknatatop j'avais la vido depuis 1 mois mais le jour mme c juste norme surtout que Vera et Vince n'taient pas au courant
Alerte ! En raison d'obstacles sur la voie du #RERC, le trafic est interrompu entre sur toute la ligne jusqu'en fin de service #KO
Bsr les #taxis de #paris ! Vs tes au courant que le @RERA_RATP va tre interrompu cet t & les 6 ts suivants? Merci pour votre rpons
En raison d'obstacles sur la voie #RERC, le trafic est interrompu entre Bibliothque Franois Mitterrand et Choisy le Roi jusqu' 22H #KO
En raison d'obstacles sur la voie du #RERC, le trafic est interrompu entre Bibliothque Franois Mitterrand et Choisy le Roi jusqu' 22H #KO
Infotrafic #RERC : Trafic interrompu de Juvisy en direction de Dourdan et St-Martin d'Etampes (pb lectrique)
Infotrafic #RERC : Trafic interrompu de Juvisy en direction de Dourdan et St-Martin d'Etampes jusqu' 18h
Infotrafic #RERD : Trafic ralenti sur l'axe Paris/Corbeil jusqu' 21h30 (incident affectant la voie)
Infotrafic #RERD [MAJ] Trafic ralenti sur l'axe Paris/Corbeil jusqu' 17h (incident affectant la voie)
Le #RERD est ralenti sur les axes Orry la Ville/Paris/Corbeil Essonnes /Malesherbes #BOF Prvoir 10 min supp. de trajet dans les 2 sens
Le trafic du #RERD est ralenti sur l'axe Paris/Corbeil jusqu' 17h  cause d'un incident affectant la voie #BOF
Ma mre elle dit a tout le monde "a fait 1 ans que Solene est avec son copain" Mdrrr tout le monde est au courant
Mon pre n'est dfinitivement pas au courant que je vais passer 1 semaine  Toulouse
Oups ! Des travaux modifient la circulation du #RERC axes Invalides/Pontoise/ Juvisy/ Pont de Rungis Aroport d'Orly  partir de 22h #BOF
Oups ! Le trafic du #RERD est ralenti sur l'axe Paris/Corbeil jusqu' 17h  cause d'un incident affectant la voie #BOF
Oups! Le #RERD est ralenti sur les axes Orry la Ville/Paris/Corbeil Essonnes /Malesherbes #BOF Prvoir 10 min supp de trajet dans les 2 sens
Quelqu'un pourra dire  @dedishops que je suis pas PD ?,Ha non je sais c'est mon pre! Mais maman est au courant ? :P
RT @MappyCity: Alerte ! En raison d'obstacles sur la voie du #RERC, le trafic est interrompu entre sur toute la ligne jusqu'en fin de service #KO
RT @MappyCity: En raison d'obstacles sur la voie du #RERC, le trafic est interrompu entre Bibliothque Franois Mitterrand et Choisy le Roi jusqu' 22H #KO
RT @MappyCity: Oups ! Des travaux modifient la circulation du #RERC axes Invalides/Pontoise/ Juvisy/ Pont de Rungis Aroport d'Orly ...
RT @NML_75001: .@vpecresse @itele #primaires2016 #UMP @nk_m reprsente 1 courant de la droite franaise nota. colo et centriste #JaichoisiValerie @_vp2015
RT @RERC_SNCF: Infotrafic #RERC : Trafic interrompu de Juvisy en direction de Dourdan et St-Martin d'Etampes jusqu' 18h
RT @jost_vincent: C'tait il y a 1 semaine : vlo jet sur un train du #rerC ; catnaire arrache ; rparations en urgence. #PhotoSNCF
Suite au marathon du 18/04 le trafic du Tram A sera interrompu entre Mriadeck et Stalingrad de 19h  2h45.
