"@RERA_RATP: 19:13, le trafic est ralenti sur la ligne (incident voyageur) #RATP #RERA"@momoh1209
"@marc_sln: G failli louper le rer on aurait dit sarah avc l'ascenseur mdr" MDRRRRRRRRRRRRR ALORS LA
"Le chauffeur du bus a ralenti par ce qu'une beurette traversait,je lui ai dis azi passe c'est orange,on m'a applaudit,j'ai conduit l'bus
#QML #rera : trafic interrompu entre La Dfense et Auber suite panne aiguillage a toile
#RERA encore un gros bordel ce soir. Plus de train. Et aprs la mairie de Paris nous parle d'environnement et de transport en commun
#RERB Le trafic est arrt  St-Michel N.-D. en dir. de St-Remy / Robinson. Panne de matos.
#RERD #BOF : +10/15 min entre Corbeil, Paris et Orry ds ce sens jusq.10h (incident panne train Orangis termin)
#RERD Panne d'un train : trafic interrompu -_>>
#RERE Trafic interrompu entre Haussmann S.L et Tournan,
#bvmt Bourse de Tunis : Un courant vendeur tire lindice Tunindex vers le bas, en repli de 0,17%.
15:24, le trafic est trs fortement perturb entre Chatelet-Les Halles et Denfert (panne de matriel) #RERB
15:33, le trafic reprend progressivement de Aeroport CdG 2 / Mitry - Claye vers St-Remy / Robinson (panne de matriel) #RERB
15:40, le trafic est perturb de Aeroport CdG 2 / Mitry - Claye vers St-Remy / Robinson (panne de matriel) #RERB
18:42, le trafic est interrompu entre La Defense (Grande Arche) et Auber (incident technique) #RATP #RERA
19:09, le trafic est trs fortement perturb sur la ligne (incident technique) #RATP #RERA
1h10 jusqu' Poissy en courant depuis La Dfense "@RERA_RATP: 20:08, le trafic est ralenti sur la ligne (incident technique) #RATP #RERA"
20:08, le trafic est ralenti sur la ligne (incident technique) #RATP #RERA
@AdrienLenfant Faut avouer que c'est super relou le bus je prfre bien plus le train
@Chakeup_ Charlne essai de te rendre  Paris - saint- lazare avec le RER E puis de prendre de mtro pour essayer d'avoir ton train
@ClientsRATP bonjour, j'ai oubli mon bonnet bleu dans la ligne 4 direction Mairie de Montrouge il y a 30 min. Possibilit de le rcuprer?
@DamienThevenot @LeZappeurFou Mme moi quand j'ai regard l'mission pour la 1re fois je ne l'avais pas vu ^^ tiens nous au courant
@GuigzYates En hre de pointe, trafic/conditions routires peuvent retarder bus, difficile de respecter  la min. prs si frquence leve.
@HippoCecile On a du aller dans une autre gare, on a pris RER + tram et la on a un autre train puis un bus c'est tellement la merde.
@LIGNEL_sncf en direct de la dfense trafic interrompu, un dernier RER vient de partir  l'instant pour poissy
@Manon_Durazzo Vers 16:20 mais du coup jloupe mon bus de 16h du coup je pars  17h30
@MappyCity #RERA #BOF Incident de signalisation  CDG Etoile (pb d'aiguillage). Trafic ralenti dans les 2 sens.
@MappyCity #RERA #KO Trafic interrompu entre Auber et la Dfense dans les 2 sens de circulation...
@Neps212 @Riri1905 je pense que tous le monde est au courant donc je m'en bas un peu les couilles
@RERA_RATP @JulienParis86 Mme pour a ils ont un train de retard c'est maintenant qu'il faut la 4G pas dans 2 ans ou on parlera de 5G
@RERA_RATP a commence train de 05:59 de Boissy St Lger en retard pour raison X
@RERA_RATP faites des annonces dans le train a quai a defense on entend pas les annonces exterieures ... Merci
@RERA_RATP incident termin pour qui ?? Trafic totalement IRRGULIER vers POISSY/CERGY !
@RERA_RATP le train a val de fontenay pourrait bouger son cul? Je voit la gare par la fenetre a 100m vous me souler
@RERA_RATP les trains de LaDefense vers Cergy/poissy sont ils OK ? Ou faut-il opter pour train SNCF via St-Lazare ? Tx.
@RERA_RATP les trains peuvent circuler entre Charles de Gaulle Etoile et La Dfense mais en appliquant des mesures de scurit trs complexe
@RERA_RATP on fait vider le train  Bry, a tombe bien, il tait bond ! Du coup la gare aussi
@RERA_RATP suite  une panne d'un aiguillage en gare Charles De Gaulle Etoile le trafic est extrmement perturb jusqu' 22h #vitesserduite
@RERA_RATP suite  une panne d'un systme d'aiguillage en gare d'Etoile le trafic est interrompu entre Auber et La Defense reprise vers 20h
@RERA_RATP trafic interrompu jusqu' 20h entre la dfense et auber mais aucune annonce  quai juste affichage crans pas suffisant !!!
@RERA_RATP trafic normal sur l'ensemble de la ligne
@RERA_RATP: Retour  un trafic rgulier sur l'ensemble du #RERA retour a un trafic comment? J'ai pas compris lol
@RERB Bj, entre Chtelet & Denfert le trafic est-il:- pertub (notif RATP)- fortement pertub (notif twitter),- intrrompu (notif SNCF)
@RERB: Retour  un trafic rgulier sur l'ensemble de la ligne #RERB. Incident termin.
@RERC_SNCF quelle frustration de courir pour etre a l'heure et de devoir attendre son RER 25 minutes en gare.....pardon mais ras le bol
@RERD_SNCF @gpellen Mais oui.,Moi aussi j'ai du mal  comprendre le monsieur, il y a 1 seul train en panne
@RERD_SNCF sur l'appli n'ai pas a jour. Info trafic
@RemiCherrier oui, en gros je pense que je peux sche tout les mercredi car mon pre peut pas tre au courant
@Victolarousse carrment ! Mais de toute faon des que suis sur Paris tu seras la premire au courant !!
@alexandre_gagne En heure de pointe, les bus peuvent tre retards par le trafic, les conditions routires ou autres. (1/2)
@galeRERAfr Panne signalisation entre Auber et Etoile Trafic interrompu dans le 2 sens du #rera
@gpellen @RERD_SNCF Bonjour,,Il y a eu aussi une panne d'un train, qui interromps la circulation.
@jpmasseret 2me pilier du dvlppt durable remis en cause, le pilier environnemental: moins de trains, plus de bus et de voitures.
@newem bjr, oui courant 2017, un nouveau quai central (plus grand) sera ouvert avec un ct Paris et un ct St Germain. Sandrine
@uber_pangolin @LIGNEL_sncf les RER a qui vont vers Paris vont bloquer les trains de saint Lazare...
@uber_pangolin Le trafic est ralenti sur l'ensemble de l'axe Paris/Cergy LH, en raction aux perturbations du RER A :
@vickiuus perso les train a va je prend le TER mais le bus c'est pas possible et le mtro je vais me perdre H24
A #Nantes, le trafic du tram et des bus perturb aprs une agression
Ah et puis le Rer qu'on a du attendre 40min aussi c'etait plutot cool aussi puis le metro qui se bloque pour panne de courant aussi
Alerte ! En rpercussion d'un incident affectant la voie  Charles de Gaulle-Etoile, le trafic est fortement ralenti sur la ligne #RERA #KO
Aujourd'hui:#RER A ralentiRupture du trafic RER B Rupture trafic RER APoint commun? MATRIEL DFECTUEUX,Il y a urgence, que fait #CRIDF?
Bourse de Tunis : Un courant vendeur tire lindice #Tunindex vers le bas, en repli de 0,17%.  via @Tustex_Bourse
C'est cool le rer. On est rester des heures et des heures dedans, on a loup notre train, non remboursable, rien, on a du repayer 150
Ce matin c est pas les GL qui sont perturbes mais le rer D. Trafic interrompu  Juvisy suite train en dtresse... #toutvabien #SNCF
De manire inexplicable, aujourd'hui, je suis content. Je vais prendre un train plus tt et me balader en attendant le bus.
Elle va se faire sauter dans le train la folle Wallah dite le a personne c'est un secret je donne juste un indice (RER C)
En rpercussion d'un incident affectant la voie  Charles de Gaulle-Etoile, le trafic est fortement ralenti sur la ligne #RERA #KO
Et je suis encore au bureau !  @RERA_RATP: 18:42, le trafic est interrompu entre La Defense et Auber (incident technique) #RATP #RERA
Il est 02:01 et le trafic est normal sur l'ensemble des lignes de RER
Il est 02:28 et le trafic est normal sur l'ensemble des lignes de RER
Il est 11:52 et le trafic est normal sur l'ensemble des lignes de RER
Il est 12:28 et le trafic est normal sur l'ensemble des lignes de RER
Il est 16:11 et le trafic est normal sur l'ensemble des lignes de RER
Il est 16:28 et le trafic est normal sur l'ensemble des lignes de RER
Il est 21:16 et le trafic est normal sur l'ensemble des lignes de RER
Il est 21:28 et le trafic est normal sur l'ensemble des lignes de RER
Il n'y a que le RER B pour faire atteindre le paradis dans un train d'enfer
Infotrafic #RERD +10/15 min entre Corbeil, Paris et Orry ds ce sens jusq.10h (incident panne train Orangis termin)
Infotrafic #RERD +10/15 min entre Paris et Orry dans ce sens jusqu'  10h (incident panne train Orangis termin) >
Infotrafic #RERD +10/15min entre Paris, Corbeil et Malesherbes,ds les dx sens (panne train Orangis) jusq.10h.Dtails
Infotrafic #RERD +20/30 min sur axe Paris/Orry, ds ce sens jusq. 7h (incident panne d'un train  Pierrefitte termin)
Infotrafic #RERD Axe Paris/Orry (incident panne d'un train  Pierrefitte termin) : fin des ralentissements
Infotrafic #RERD Trafic interrompu entre #CorbeilEssonnes et Viry Chatillon, via Evry Courcouronnes, dans ce sens >
Infotrafic #RERE : Interruption du trafic entre Haussmann St-Lazare et Tournan (incident voie vers Les Yvris Noisy le Gd) #KO
Inox en panne  Bois de l'Epine.Pas de train. Oblig de prendre les chemins dtourns. Merci la #SNCF. #RER #LigneD,#My2Cents
Instructif : l'explication des codes missions attribus  chaque train du #RER A  Paris  #fb
J'ai rat le bus,je prends celui une demi heure plus tard,y'a un accident ils font un constat et tout j'ai la poisse je prends jamais le bus
J'suis choqu le #RERA a mit 28 mn jusqu' Chatelet bravo la #RATP c'est la premire fois de l'anne qu' 8h le train respecte l'heure
Je dis a mais les gens qui sont pas de Paris ils doivent payer les trains... Moi RER A et c'est bon
Le RER A il a piqueeeeeeeeeeeee !!! Y'avait un train devant le notre du coup pendant 20 min on tait  l'arrt a m'a gav
Le chauffeur du bus a ralenti pask'une beurette traversait la route, je lui ai dis "Azi passe c'est orange" on m'a applaudit et j'ai twerk
Le conseil conomique et social (CES) a repris ses travaux , le 17 fvrier courant ,  Libreville , avec pour...
Le truc qui m'a achev c'est la photo de Noisette ds le train ou RER Che po Che plus
Les trains grandes lignes c'est la mort, 1h30 de trajet ptn, jremercie l'inventeur du mtro et du rer A (les autres lignes c'est le zoo)
Les trains peuvent circuler entre CDG Etoile et La Dfense mais en appliquant des mesures de scurit trs complexes #RERA
Ma mere elle mappelle pr ke jaille ecouter nihat hatipoglu ki explique le gusul abdesti g 18 ans kan mm jcrois elle est ps o courant
Merci @alx_billon. Trafic ralenti dans les 2 sens, axes: Paris - Cergy le Haut,et Paris - Poissy jusqu' 20h. Patience les amis #RERA #BOF
Meteo du #RER (#ratp) : KO () 19/02/2015 a 21:17 Trafic normal sur l'ensemble ...
Meteo du #RER (#ratp) : OK () 19/02/2015 a 01:57 Trafic normal sur l'ensemble ...
Meteo du #RER (#ratp) : OK () 19/02/2015 a 11:49 Trafic normal sur l'ensemble ...
Meteo du #RER (#ratp) : OK () 19/02/2015 a 16:15 Trafic normal sur l'ensemble ...
Meteo du #RER (#ratp) : OK () 19/02/2015 a 17:33 Trafic normal sur l'ensemble ...
Meteo du #RER (#ratp) : OK () 19/02/2015 a 17:49 Trafic normal sur l'ensemble ...
Meteo du #RER (#ratp) : OK () 19/02/2015 a 18:33 Trafic normal sur l'ensemble ...
Mettre un train  quai  #ladefense voie A pendant 20 minutes et soudain changement de destination du train c'est a aussi le #rerA
Mon pre est parti pour en tram parce que ma mre veut plus prendre sa voiture du coup elle a pris celle de mon pre
Mtro Ligne 13 En raison d'un malaise voyageur  St Lazare, le trafic est ralenti sur l'ensemble de la ligne. Trafic normal su [1/2]
Mtro Ligne 13 En raison d'une panne de signalisation, le trafic est ralenti de Saint-Lazare vers Asnires-Gennevilliers Les Co [1/2]
Mtro Ligne 13 En rpercussion d'un incident voyageur, le trafic est ralenti sur l'ensemble de la ligne. Trafic normal sur l' [1/2]
Mtro Ligne 2 En raison d'un voyageur sur la voie, le trafic est interrompu entre les stations Barbs-Rochechouart et Pre-Lachaise.
Mtro Ligne 2 En rpercussion d'un voyageur sur la voie, le trafic est ralenti sur l'ensemble de la ligne.
Mtro Ligne 2 En rpercussion d'une fin tardive de chantier, en raison d'une fin tardive de chantier, le trafic est ralenti sur [1/2]
Mtro Ligne 3 En raison d'une panne matriel  Bourse, le trafic est ralenti sur l'ensemble de la ligne.
Mtro Ligne 3 En rpercussion d'une panne matriel  Bourse, le trafic est ralenti sur l'ensemble de la ligne.
Mtro Ligne 5 En rpercussion d'un incident technique, le trafic est ralenti sur l'ensemble de la ligne. Trafic normal sur les [1/2]
Mtro Ligne 7 En raison d'un incident technique, le trafic est ralenti sur la ligne. Trafic normal sur les autres lignes de Mtro.
Mtro Ligne 7 En rpercussion d'un incident technique, le trafic est ralenti sur l'ensemble de la ligne.
Mtro Ligne 8 En raison d'une panne de signalisation, le trafic est ralenti sur la ligne.
Mtro Ligne 8 En raison d'une panne de signalisation, le trafic est ralenti sur la ligne. Trafic normal sur les autres lignes de Mtro.
Mtro Ligne 9 En raison d'une panne de signalisation, le trafic est ralenti sur la ligne. Trafic normal sur les autres lignes de Mtro.
Oklm, elle fait passer le train vide entre Melun et Combs et reprend sa mission normale ensuite. #RERD #LT
Panne d'aiguillage entre auber et CDG toile. Trafic interrompu #qml #rera
Pkoi ne pas rester chez soi au chaud qd le @RERD_SNCF annonce 1 train en panne 1 circulation stoppe, que l'on est ds 1 train non chauff?
Plus jamais je me mets au fond du bus la dernire fois j'tais avec ma petrousse quand tout a coup un cafard sors de nulle ptnnnn
Ptnnnn plus jamais je cours derrire mon bus en plus j'lai mme pas eu #cagole
Quand tout le monde est rentr chez soi "@RERA_RATP: Retour  un trafic rgulier sur l'ensemble de la ligne #RERA #RATP. Incident termin."
RER A En raison d'un incident affectant la voie  Charles de Gaulle - Etoile, le trafic est fortement ralenti sur l'ensemble de [1/2]
RER A En raison d'un incident affectant la voie  Charles de Gaulle - Etoile, le trafic est interrompu entre la Dfense - Grand [1/2]
RER A En raison d'un incident affectant la voie, le trafic est ralenti sur l'ensemble de la ligne. Trafic normal sur les autres l [1/2]
RER A En rpercussion d'un incident affectant la voie  Charles de Gaulle - Etoile, le trafic est fortement ralenti sur l'ensem [1/2]
RER A En rpercussion d'un incident affectant la voie  Charles de Gaulle - Etoile, le trafic est ralenti sur l'ensemble de la [1/2]
RER A tjrs bourbier ce vieux train l
RER B En raison d'une panne de matriel  St Michel Notre Dame, le trafic est ralenti de Chtelet les Halles vers Robinson / [1/2]
RER B En rpercussion d'une panne de matriel  St Michel Notre Dame, le trafic est ralenti de Gare du nord vers Robinson / S [1/2]
RT @AbdelStarz: "Le chauffeur du bus a ralenti par ce qu'une beurette traversait,je lui ai dis azi passe c'est orange,on m'a applaudit,j'ai conduit l'bus
RT @BrozdziakFred: #RERA encore un gros bordel ce soir. Plus de train. Et aprs la mairie de Paris nous parle d'environnement et de transport en commun
RT @Estellebll: Ptnnnn plus jamais je cours derrire mon bus en plus j'lai mme pas eu #cagole
RT @Frainke: Inox en panne  Bois de l'Epine.Pas de train. Oblig de prendre les chemins dtourns. Merci la #SNCF. #RER #LigneD,#My2Cents
RT @Irebio_: J'suis choqu le #RERA a mit 28 mn jusqu' Chatelet bravo la #RATP c'est la premire fois de l'anne qu' 8h le train respecte l'heure
RT @KAM_AJ: Les gens du 77 pour aller dans Paris ils prennent le bus, le train, le RER, le mtro, l'avion, le tracteur, un chameau. #Respect.
RT @LeSgai2: @galeRERAfr Panne signalisation entre Auber et Etoile Trafic interrompu dans le 2 sens du #rera
RT @MPowels: @RERA_RATP: Retour  un trafic rgulier sur l'ensemble du #RERA retour a un trafic comment? J'ai pas compris lol
RT @Moi_Ju: Quand tout le monde est rentr chez soi "@RERA_RATP: Retour  un trafic rgulier sur l'ensemble de la ligne #RERA #RATP. Incident termin."
RT @OnMaApplaudi: Le chauffeur du bus a ralenti par ce qu'une beurette traversait, je lui ai dis azi passe c'est orange, on m'a applaudit, j'ai roul l'bus
RT @OnMaApplaudi_: Le chauffeur du bus a ralenti par ce qu'une beurette traversait, je lui ai dis azi passe c'est orange, on m'a applaudit, j'ai conduit l'bus
RT @OneOfAKind_SL: "@marc_sln: G failli louper le rer on aurait dit sarah avc l'ascenseur mdr" MDRRRRRRRRRRRRR ALORS LA
RT @OuestFrance: A #Nantes, le trafic du tram et des bus perturb aprs une agression
RT @RERA_RATP: 18:42, le trafic est interrompu entre La Defense (Grande Arche) et Auber (incident technique) #RATP #RERA
RT @RERA_RATP: 19:09, le trafic est trs fortement perturb sur la ligne (incident technique) #RATP #RERA
RT @RERA_RATP: 20:08, le trafic est ralenti sur la ligne (incident technique) #RATP #RERA
RT @RERA_RATP: Les trains peuvent circuler entre CDG Etoile et La Dfense mais en appliquant des mesures de scurit trs complexes #RERA
RT @RERA_RATP: Retour  un trafic rgulier sur l'ensemble de la ligne #RERA #RATP. Incident termin.
RT @RERA_RATP: Retour  un trafic rgulier sur l'ensemble du #RERA
RT @RERB: 15:24, le trafic est trs fortement perturb entre Chatelet-Les Halles et Denfert (panne de matriel) #RERB
RT @RERB: 15:33, le trafic reprend progressivement de Aeroport CdG 2 / Mitry - Claye vers St-Remy / Robinson (panne de matriel) #RERB
RT @RERB: 15:40, le trafic est perturb de Aeroport CdG 2 / Mitry - Claye vers St-Remy / Robinson (panne de matriel) #RERB
RT @RERB: Retour  un trafic rgulier sur l'ensemble de la ligne #RERB. Incident termin.
RT @RERD_SNCF: Infotrafic #RERD +10/15min entre Paris, Corbeil et Malesherbes,ds les dx sens (panne train Orangis) jusq.10h.Dtails
RT @RERD_SNCF: Infotrafic #RERD +20/30 min sur axe Paris/Orry, ds ce sens jusq. 7h (incident panne d'un train  Pierrefitte termin)
RT @RERD_SNCF: Infotrafic #RERD Axe Paris/Orry (incident panne d'un train  Pierrefitte termin) : fin des ralentissements
RT @RERD_SNCF: Infotrafic #RERD Trafic interrompu entre #CorbeilEssonnes et Viry Chatillon, via Evry Courcouronnes, dans ce sens >
RT @Tamsirooney: Il n'y a que le RER B pour faire atteindre le paradis dans un train d'enfer
RT @TomekTR: #QML #rera : trafic interrompu entre La Dfense et Auber suite panne aiguillage a toile
RT @UDIJeunes94: Aujourd'hui:#RER A ralentiRupture du trafic RER B Rupture trafic RER APoint commun? MATRIEL DFECTUEUX,Il y a urgence, que fait #CRIDF?
RT @YOLANDESANDRA: @RERB: Retour  un trafic rgulier sur l'ensemble de la ligne #RERB. Incident termin.
RT @_amomentintime: @RERB Bj, entre Chtelet & Denfert le trafic est-il:- pertub (notif RATP)- fortement pertub (notif twitter),- intrrompu (notif SNCF)
RT @ajjny: @RERA_RATP incident termin pour qui ?? Trafic totalement IRRGULIER vers POISSY/CERGY !
RT @alx_billon: @MappyCity #RERA #BOF Incident de signalisation  CDG Etoile (pb d'aiguillage). Trafic ralenti dans les 2 sens.
RT @alx_billon: @MappyCity #RERA #KO Trafic interrompu entre Auber et la Dfense dans les 2 sens de circulation...
RT @bbemaza: Dj en classe merde ya pas un chat.. Si  8h30 c'est comme a je rentre sans regarder derrire en courant biensur
RT @bilbo36136: 1h10 jusqu' Poissy en courant depuis La Dfense "@RERA_RATP: 20:08, le trafic est ralenti sur la ligne (incident technique) #RATP #RERA"
RT @ericinfrance: Retour dans un Papo au dpart de Roissy1. Train qui part des voies pour cdg2. Rpercussion panne matriel  St Michel? #RERB
RT @galeRERAfr: #RERB Le trafic est arrt  St-Michel N.-D. en dir. de St-Remy / Robinson. Panne de matos.
RT @guefine: @LIGNEL_sncf en direct de la dfense trafic interrompu, un dernier RER vient de partir  l'instant pour poissy
RT @guefine: Panne d'aiguillage entre auber et CDG toile. Trafic interrompu #qml #rera
RT @jeffman78: @RERA_RATP les trains de LaDefense vers Cergy/poissy sont ils OK ? Ou faut-il opter pour train SNCF via St-Lazare ? Tx.
RT @kindajames111: Le conseil conomique et social (CES) a repris ses travaux , le 17 fvrier courant ,  Libreville , avec pour...
RT @kortex_Marley: RER D jcroi c'est lmeilleure train dl'le de France y'a toujours de l'ambiance dans strain
RT @laurentgallois: RER B. Trafic en millions de voyages par gare.
RT @melanieadm: RER A tjrs bourbier ce vieux train l
RT @ncatteau: Ce matin c est pas les GL qui sont perturbes mais le rer D. Trafic interrompu  Juvisy suite train en dtresse... #toutvabien #SNCF
RT @sonia120905: "@RERA_RATP: 19:13, le trafic est ralenti sur la ligne (incident voyageur) #RATP #RERA"@momoh1209
RT @vmovillois: #RERA #RerLe trafic vers l'ouest a partir de la Dfense semble avoir repris. Train ttes les2 mn selon l'appli "Horaires me" Qqun confirme ?
RT @vmovillois: @RERA_RATP Ca veut dire qu'il y a 0 trafic entre la Dfense et Cergy / Poissy ? Merci de votre rponse claire.... @galeRERAfr
Retour  un trafic rgulier sur l'ensemble de la ligne #RERA #OK
Retour  un trafic rgulier sur l'ensemble de la ligne #RERA #RATP. Incident termin.
Retour  un trafic rgulier sur l'ensemble de la ligne #RERA Incident termin #OK
Retour  un trafic rgulier sur l'ensemble de la ligne #RERB. Incident termin.
Retour  un trafic rgulier sur l'ensemble de la ligne #RERD #OK
Retour  un trafic rgulier sur l'ensemble du #RERA
Retour  un trafic rgulier sur l'ensemble du #RERA Incident termin #OK
Retour dans un Papo au dpart de Roissy1. Train qui part des voies pour cdg2. Rpercussion panne matriel  St Michel? #RERB
Se dplacer a panam c'est trop dur khee trop de train de rer nan c'est trop pour moi ns a Nantes on a tram bus fin
St Rmy ls Chevreuse. Trafic normal sur les autres lignes de RER. [2/2]
Trafic Interrompu dans les deux sens de circulation sur la ligne A du RER #RERA #GalreDuSoir #VDF
Trafic interrompu entre CorbeilEssonnes et Viry Chatillon, via Evry Courcouronnes, dans ce sens #RERD #KO
Trafic toujours interrompu entre CorbeilEssonnes et Viry Chatillon, via Evry Courcouronnes, dans ce sens #RERD #KO
Train rate  cause de ces RER de merde. Jsuis condan a rester a Paris en dirait...
Train supprim  Chessy, transfert vers Montparnasse, panne de RER, panne de mtro, contrle des tickets  la sortie du mtro ... #KARMA
Une explication peut tre @RERD_SNCF pour que le train ne s'arrte pas a Pompadour on est une 50aine sur le quai a M-A a attendre.
WTF?"@RERA_RATP: Les trains peuvent circuler entre CDG Etoile et La Dfense mais en appliquant des mesures de scurit trs complexes #RERA"
Wallah a cause de ce train supprimer je vais arriver en retard au  #SNCF #RERD
ble de la ligne. Trafic normal sur les autres lignes de RER. [2/2]
deja que jvoulais pas aller en cours a 8h mais alors si le bus est en retard cv encore plus me soler
e Arche et Auber. Trafic normal sur les autres lignes de RER. [2/2]
genre camille elle avait un manteau trop laid, et g explos de rire qd jlai vu, jusqu'a elle est parti en courant et la jvois elle le range-
la ligne. Trafic normal sur les autres lignes de RER. [2/2]
le courant est rtabli  Trois-Rivires. la panne qui touchait 3700 abonns n'a dure que 30 minutes. #tvanouvelles #mauricie #lcn
ligne. Trafic normal sur les autres lignes de RER. [2/2]
t Rmy ls Chevreuse. Trafic normal sur les autres lignes de RER. [2/2]
