"@RERA_RATP: Le trafic est de nouveau interrompu entre La Varenne et Boissy en raison de la prsence d'une personne sur..." #foutagedegeule
"@ntmwlh: Ma mre elle m'a envoy a mdr j'crois elle est pas au courant du nombre de bite que j'ai suc
"Le bus de Chelsea a eu un accident en descendant dans le parking du Parc. Plusieurs vitres ont explos". @le_Parisien Accident ? ...
#AKHT Ngociations Iran-P+5 : Isral ne serait pas tenu au courant des ... - The Times of I...  #Israel #Palestine
#QML , le trafic est interrompu entre Boissy-Saint-Leger et La Varenne-Chennevieres (colis suspect) #RATP #RERA
#QML Le trafic reprend progressivement entre La Varenne-Chennevieres et Boissy-Saint-Leger (incident voyageur) #RATP #RERA
#RATP #RERA #poissy,9h01 annonc voie 8 ==> part voie 6 = 40 personnes sur le carreau . trop de comptence tue la comptence... #mauvais
#RERA Le trafic est trs perturb ..
#RERB problme matriel  Gare du Nord, direction Nord... Trafic perturb sur le @RERB ...,#qml #qmlinfo
#RERC #KO: trafic suspendu entre Massy Palaiseau et Pont de Rungis dans les deux sens. Une substitution routire est mise en place.
#RERC Le trafic est interrompu entre Choisy le Roi et Massy Pal..
#RERC Le trafic est maintenant interrompu entre Massy Pal. et Pont de Run.,
#RERE Reprise du trafic avec quelques ralentissements ..
#SNCF Le trafic reprend gare de l'Est. Encore des ralentissements sur la ligne P du Transilien et le RER E
#T4 #KO: trafic suspendu entre Bondy et Gargan. Pour se dplacer de Bondy  Aulnay, prire d'emprunter la ligne B puis E du RER
#ios #socibox #I #me L'agresseur du RER A cope de 18 mois de pri
#obus #RERE #systemd Obus de 500kg dcouvert  Noisy le Sec. Retour difficile hier soir et trafic fortement perturb ce matin.
#rere trafic toujours perturb ce matin, malgr un trafic normal signal sur appli @ratp
#theatre DBRIS - Mercredi 18 fvrier 2015 - 19:00: Un gros accident, une collision entre un autobus bond et un
+ 1 trafic interrompu sur le RER A yes
.@RERE_SNCF BEAUCOUP de RER E supprims ce matin.Les trains sont bonds alors pourquoi ce sont des trains courts? Je cherche la bonne raison
1 re coupure de courant lectrique de la journe. Il est 01h50 d'y matin. Si jamais a reviebs, coupure  9 h00 jusqu au soir. #Snel #RDC
11h40, le trafic est interrompu entre Gare de Sarcelles RER et Les Cholettes.(panne de matriel) #T5 #RATP.
15:22, le trafic est interrompu entre Boissy-Saint-Leger et La Varenne-Chennevieres (colis suspect) #RATP #RERA
15:59, le trafic est interrompu entre Boissy-Saint-Leger et La Varenne-Chennevieres. Reprise estime  16:30. (colis suspect) #RATP #RERA
16:33, le trafic est interrompu entre Boissy-Saint-Leger et La Varenne-Chennevieres. Reprise estime  17:00. (colis suspect) #RATP #RERA
16:37, le trafic reprend progressivement entre Boissy-Saint-Leger et La Varenne-Chennevieres (colis suspect) #RATP #RERA
16:50, le trafic est ralenti sur la ligne (colis suspect) #RATP #RERA
17:52, le trafic est interrompu entre La Varenne-Chennevieres et Boissy-Saint-Leger (incident voyageur) #RATP #RERA
18:21, le trafic reprend progressivement entre La Varenne-Chennevieres et Boissy-Saint-Leger (incident voyageur) #RATP #RERA
18:55, le trafic reprend progressivement entre La Varenne-Chennevieres et Boissy-Saint-Leger (incident voyageur) #RATP #RERA
19:13, le trafic est ralenti sur la ligne (incident voyageur) #RATP #RERA
1er jour de carme et j'tais mme pas au courant j'ai pas t a la messe des cendres.. Seigneur Dieu dtourn mon esprit des distractions
2 fois qu'ils me font galrer.. si je loupe mon bus je Pete un plombs..
20:38 encore dans le RER comme un souffrant jvais louper l'debut d'match du Real
@7a63bb2b6bfe4fa @arold95140 C'est un mec il vient il me parle je lui est dit prend le le train du RER D il me dit ok aprs il me dit
@AbMaria1 on m'a parler d'un ecrit aussi du cheikh, tu serais peut etre au courant?
@Amzrehaz j'ai rpondu  Paga, je me suis tap la classique RER : retard de 10min + accident grave d'un voyageur sur la ligne
@AstronomyIsLife a marche ! Je m'organiserai avec les bus pour tre l vers ces horaires. Surtout histoire de pas louper les derniers.
@AxelleDln Non parce qu'on m'a dit qu'elle parlait derrire mon dos. T'es pas au courant de qqc des fois?
@Baldrin26 J'espre t'es au courant que je vas rien voir de ce que tu postes... a te fait plaisir que le franais disparait..
@BenjiPsn tu me tiendras au courant, j'espre que a va aller!
@BrunoMasure @Titiduvar A l'UMP, il existe un courant gaulliste, oppos  l'ultralibralisme, reprsent notamment par Henri Guaino.
@Captain8O nn ma mre coupe le courant a 16h pile
@CavendishOP je suis grer par plusieur personnes qui ne sont pas tous forcment au courant dsoler :-/
@Conducteur_RER @MelleAudrey Dans un 1er temps je m'assure qu'aucuns trains ne rentrera pour viter qu'il m'entraine sur les voies avec lui.
@DellVousAide Ma commande a bien t valid la semaine dernire donc pensez vous que je recevrai ma commande courant semaine prochaine ?
@DianeDomkam NON ! Tous ces vendeurs d'armes st occidentaux..un char entre au Cameroun,la France sera au courant et saura qui est le vendeur
@DiotAllan @_Dimitar Je crois on va prendre le train non ? Aprs RER A
@FCO_GODreaZy mais je te tient au courant si sa peut se faire a la dernire minutes
@FarrowA_Rpg Il y'a sans doute une raison et je prfre tre tenu au courant.
@FrDesouche  marseille ils boitent jusqu' 17h et l fin de la journe ils repartent en courant vers leur BMW
@Jonas_Beaugas Bonjour, le crdit immobilier sera lanc courant 2015. Nous n'avons pas de date concernant le crdit conso. A bientt.
@Kaddddddd J'tais pas au courant. Merci a notre cher gouvernement de nous protger de ces animaux !! #scurit #racisme
@Katerpgmca -il a le ballon, dribble en courant vers le panier puis tire, fait un panier-
@LIAMLPD (j'espre c'est tjr valable mdr), moi une queen? genre ptdr jsuis la dernire au courant, mais a me touche, et pour zayn j'y crois
@Mouslii93 pttttttdr coran frre, azi y'avait cour.., prs quand elle est sortie a l'arrt du bus voil quoi
@MtSpan @s_kristinabats Elle dtruit sa carrire.. Je suis au courant de rien la concernant sorry a part que je lui trouve pas de dfauts
@Network_Addict et a serai sur quoi ? Parce que je suis juste au courant que il y a intro ?
@NiPAlterN @DarkcAnard @ikekill du coup a sera EZ pour quon level up ! Je vous tien au courant !
@NydroCOD oui le courant a repris vers 16h15 et la chui a 50% de la mise a jour
@Pagayix rien, juste un lger problme de RER : 10 minutes de retard puis accident grave sur la ligne A. J'ai fini par abandonner. Dsol...
@RERA_RATP @ThomasMoskofian a rueilmalmaison on nous fait changer pour un train plus court ! Pour attendre bien au chaud serr
@RERA_RATP En effet a roule mal sur #RERA : trains supprims, retards. RATP : "Rentre Avec Tes Pieds" ?
@RERA_RATP Et si maintenant vous annonciez un truc srieux, genre un trafic sans aucun problme, fluide et rgulier ?
@RERA_RATP il n'y a aucun train en direction de la varenne, pourquoi ?
@RERA_RATP l'incident est entre la Varenne et Boissy, mais  Lognes il n'y avait pas de train egalement: c'est de la solidarit?
@RERA_RATP pourquoi supprimer les trains en dir de boissy a Charles de Gaulle ? Si l'incident est a la Varenne #menteur
@RERA_RATP suite  un malaise voyageur entre La Varenne et Boissy Saint Lger le trafic est interrompu dans les 2 sens de circulation
@RERA_RATP suite la prsence d'une personne sur les voies le trafic est interrompu entre la Varenne et Boissy reprise vers 18h45
@RERB  Massy trois trains vers le nord prvus en 3 min dans 6min, avec quai noir de monde. Trafic normal ?
@RERB le train  destination d'Aeroport Charles de Gaulle 2 TGV est  l'arrt de Chtelet les Halles suite un malaise voyageur 1/2
@RERC_SNCF (du coup un BALI surprise est arriv vide, tant mieux, mais je me demande pourquoi tout a, pquoi rien pour la valle de loise)
@RERC_SNCF Juste mon train qui a t supprim ce matin ;-)
@RERC_SNCF direction pontoise mais j en ai eu un a 18 h 39. Pour l instant le train reste  quai  Henri Martin. Esperons que a dure pas
@RERC_SNCF et pour Juvisy @RERB jusqu' Chtelet/Gare du Nord et prendre le train @RERD_SNCF en direction de Corbeil Essonne 2/2
@RERC_SNCF suite  un incident lectrique le trafic est interrompu entre MassyP et Pont de Rungis emprunter le @RERB jusqu' StMichelND 1/2
@RERC_SNCF train de 18 h 31 supprim  Boulainvilliers ??
@RERD_SNCF Il a bu quoi ce matin votre chauffeur du BUPE pour ralentir et oublier de s'arrter  MALF ???
@RERD_SNCF merci de mettre a jour vos horaires!!! Le train est passe a 8h33 au vert de maisons soit 2 mn a l avance!
@RERE_SNCF @code_dx sufft pour led trains soient bonds ,escalators en panne a saint Lazare....ds demain je reprends la voiture.
@RERE_SNCF Bonjour. Le trafic est revenu  la normale ? (incident  Noisy-le-Sec) Merci :)
@RERE_SNCF Le trafic du #RERE devient inadmissible ! Arrtez les trains courts...!
@RERE_SNCF c'est si difficile de coordonner vos trains  Val de fontenay le soir ? (direction tournan / villiers)
@RERE_SNCF merci pour l'info mais lundi, j'ai eu le mme coup. En gare de Bondy a m'indiquer train long et surprise, train court....
@RERE_SNCF trafic ralenti OK mais vous pourriez mettre des trains longs...
@RocketJah J'ai dit a  Delphine la premire fois que je l'ai vu. Elle est partie en courant et s'est cas avec Passe-Partout. Chelou ;)
@SNCF_Direct bonsoir, le trafic sur la ligne rer e demain se droulera normalement?? de gagny  st lazare...?
@SeveCll @laurienavailles a s'est pass comment? Genre ma mre a reu un appel de Wep avant mme que je sois au courant
@ShawnMendesFRA oh tant pis...et vous ne seriez pas au courant d'un autre concours  venir o un truc comme a?
@Sophie_dudevant a mon avis tu sera au courant avant que je te le dise
@The_Economiss Rarement au moment de me lever mais dans le courant de la journe oui, a peut arriver et encore heureux!
@ThomasGable tu as pas cours ? Bah j't'envoie un msg quand je choppe un rer.
@ZoeLcq normal jme doute tqt nan jte tiens au courant bella, si jviens jle saurais vers 13h jpense mdr ou avant jsp
@_Alex_Web_ En fait, j'cris sur les jeux vido pour le journal Metro en Belgique. Du coup,je reois les jeux mais aussi quelques press kits
@_Dimitar @Pirlo_benito @DiotAllan le train 1 h 30 jusqu' Paris est apres 10 minute pr rejoindre le RER a et apres 20 minute pour Vincenne
@_Elisou Ton chien j'ai dit ton chien Tigibus il est en retard il va loup le bus et faire cole busonire a mre
@agaththekatycat tu prend quel train pour aller  Paris ? le RER C ?
@amt_SJ est-ce qu'il y aura un train ou je devrais considrer le metro?
@dylangels ptdrrrrr jcrois bc elle rep pas a mes msg bn cest assez courant vu l'heure
@gaelle_lqut mdrrrrr t'es au courant que dans le cin tu peux pas remettre en arrire parce que tu a pas eu le temps de lire les ss titres ?
@galeRERAfr le trafic vient de reprendre, la rame vient de repartir  vide de Nanterre-Pref. #RERA
@lignesNetU_SNCF mon train est A QUAI  Medon. Vous allez nous laisser descendre prendre le RER C en dessous ?
@lp_lapresse Il n'a pas  le faire. La loi l'indique dj trs bien. Faut juste les mettre au courant et cesser de s'cacher derrire le dni
@lyrusi a doit pas tre super courant ._. C'est la premire fois que je le vois et c'est pour le tpe donc bon.
@mannkncz c'est ca de pas regarder l'pisode apres sa sortie,a fait du retard  quand t'auras repris the 100 tu me tiendras au courant
@manu_ddl hen .. J'espre que a va aller, tiens moi au courant
@mikeAnge5 tu as tout  fait raison mike il y a des gens bizzarre dans la vie et mme dans le rer b les gens qui puent du corps !
@olixtxve mon train a eu un pb je me suis retrouv  Montparnasse au lieu de chessy aprs je dois prendre le rer pour rentre donc je mange-
@pierre_billet Le RER B dessert plusieurs villes de banlieues, du coup il doit tre rempli de noirs, non ? C'est ce qui est sous-entendu.
@remy_barre coute tu passe pour un dbile a demand pq on tapl rere faut pas deconner tout le monde sait pq !
@vreremarti @obrienxfenty ah dac a j'tais pas au courant que t'tais ma mre
@xblade45 Pour avoir un embargo faut tre au courant. On les respecte quand un studio nous en donne mais l on a reu le jeu normalement...
@yannsolle @stephanetiki Est-il au courant des dernires infos de Minute (et p-e du Canard) ?  savoir que Tiki a menti sur son CV ^^
A ce rythme rfo sera au courant mdrrrrrr
A moins qu'elle soit au courant.. Mais en meme temps hanna a beaucoup ete touchee par -A donc ca le ferait pas
Actuellement le trafic est interrompu entre Boissy et La Varenne pour un bagage abandonn  Boissy. La police vacue la gare #RERA
Arrt  CFO et RER A.,Ce soir train de 19:36 annul. Train de poissy+bus. 20:14 gare d'andresy.
Au pire t'a deux trois potes a moi qui te courant aprs quand a sera finit
Bien-sr mon bus a eu un accident ce matin..
Bon courage au gars qui apprend les feuilles de style XSLT dans le RER depuis ses cours imprims sur papier.
Bon du coup, lev 9h, depart 9h30, rer B pendant 23 minutes, bus  10h18 (sinon je dois attendre une heure T.T), arrive a 10h38 :D
Bon j'espere que tout  l'heure le RER E va pas encore enculer et m'obliger  prendre le train.
Bon l'lectricien a couper tout le courant, j'espre qu'il en a pas pour deux heures la
C hrlam de RT a tes au courant j'espre
C'est a cause de l'hosto aussi les coupures de courant vos mres les putes non?
C'est chaud faut jprenne le RER le mtro le bus pour 1:10 de train pour arriver au quai branly a 8:30
C'est qui qui va rater son train  cause du bordel sur le RER E?
C'est une blague j'espre que j'ai pas loup le bus sinon il est a 18h bordel
Ca sert a rien d'tre jalouse... Si le mec il veut tromper il le fera! Moi du moment que je ne suis pas au courant tt ira bien...
Ce matin je met mon rveil a 8h j'allais prendre le bus de 9 alors que je commence a 10:55. Du coup je suis partir re dormir
Ce matin reprise du traffic @LIGNEP_SNCF @RERE_SNCF Train court, vide, sans chauffage. Mais a va on va travailler
Ce serait bien d'me mettre au courant quand mme, jcrois a m'concerne un peu
Ce soir j'ai appris que mon pre s'est mari, putain c'est beau a j'suis au courant de rien
Cette srie est bien dbuter et comme a on sera au courant de tout =D :  via @YouTube
Comme a on sera tous au courant! @ Kaserne Grolley
Dans le @T7_RATP, info donne sur le trafic interrompu sur le RER C branche Massy. Bon point pour la RATP.
Demain rendez-vous au blue Crystal paris Metro 2 pre la chaise il ne fait pas dire "j'tait pas au courant"  tua pas dit sa se fait pas
Dernire fois j'avais a peine 10ans j'ai voulu descendre comme mes cousins en courant et j'ai fais comme dans les dessins anims (...)
Donc prochain bus dans 5h okok retour en arrire direction St Cyr pour prendre le train sa mre
Du coup on a couru comme des malades entre le RER, les couloirs, les ptn d'escaliers o faut porter les valises de 30 kg...
EDF nous annonce que l'lectricit sera coupe vendredi matin de 9h  12h, ils sont obligs de faire a pdt les vacances eux !
Elle m'a mit un VENT ! Le courant il est pass d'UNE manire !
En train d'attendre le RER B
Encore un accident passager a sucy bonneuil rer on m'explique c'est quoi le probleme?
Ensemble, pagayons et laissons le courant nous guider vers les jardins du bonheur.
Et elle dit a a ma mre bc ma mre dit rien tu vois et mon pre tait pas au courant
Et en prime tre doubl par le train suivant juste a l'entre de Gare du Nord. #dlu #branques @rerb
Euh deja je paie un ticket 7EURO POUR ALLER SUR PARIS ET EN PLUS DE CA ON ME SORT QUE LE TRAFIC EST ARRET SUR LE RER A,QUELLE BLAGUE
Faut pas qu'on loupe le rer ptain
Franchement le rer B c le meilleure train d'le de France tout les deux minutes y'a un train c'est trop bien sa
Gare de l'Est : le trafic a repris mais sera ralenti jusqu'en fin de matine sur les lignes P et RER E  #SNCF
Gare de l'Est :le trafic SNCF reprend mais ralenti sur les lignes P et RER E (via @francebleu)
Hello @RERA_RATP, 20min d'attente pour avoir un train qui s'arrte  Val d'Europe, c'est normal? #GesteCommercialDemande
Hier matin, train de 7:42 annul (pas de matriel), pris le RER. 18:36 19:06 le soir.
Il est 06:08 et le trafic est normal sur l'ensemble des lignes de RER
Il est 06:28 et le trafic est normal sur l'ensemble des lignes de RER
Il est pas au courant ptn j'espre que je pourrais le voir vite bc a va pas la
Il m'a fait louper le bus sa mre la pute
Infotrafic #RERC [MAJ] Le trafic est interrompu entre Massy Palaiseau et Pont de Rungis jusqu'en fin de soire
Infotrafic #RERC [MAJ] Les trains MONA Pontoise/Massy P. sont terminus Pont de Rungis ou Choisy le Roi >
Infotrafic #RERC [MAJ] Les trains MONA Pontoise/Massy Palaiseau et NORA Massy Palaiseau/Pontoise partent/arrivent d'Orly Ville
Infotrafic #RERC [MAJ] Les trains ROMI Montigny Beauchamp/Pt de Rungis,et GOTA Pont de Rungis/Montigny Beauchamp, circulent normalement
Infotrafic #RERE : Le trafic reprend ce mercredi 18 Fvrier 2015 (incident  Noisy le Sec termin)
Infotrafic #RERE Le trafic reprend ce mercredi 18 Fvrier 2015. Toutefois le trafic est ralenti jusq. fin de matine.>
J'ai cours dans 30min je viens de prendre le RER. je sens que la prof va me chasser. Tout a pcq je cherchais mon peigne
J'ai eu des vertiges dans le train.,Ma premire pense a a t "Non je ne serais pas le prochain retard du RER A" #RATP
J'ai fais 1h de transport  a cause des problme de train du le RER C
J'men souvient un jour ma mere me coiffai qd j'tais petite et tellement j'avais mal j'suis parti en courant aprs on ma cogner fort
J'suis sre elle est mme pas au courant qu'ap a existe donc
Jai eu une mini panne de courant la lumire c'est teind toute seule j'aime pas quand sa fais a, a fais peur :$
Je l'ai fait, mais  10m de la ligne d'arriver j'tais tellement puiser que j'ai ralenti et tout le monde me passait devant.
Je me demande  quoi servent les trains court pour la rgularisation du trafic sachant qu'il n'y a pas plus de train ? #obus #qml @RERE_SNCF
Je rentre je suis dans le train rer c je vais a juvisy
Je sors du rer pour chopper un mtro et une fille me cours aprs en disant "mademoiselle, mademoiselle, vous avez fait tomber un papier !"
Je veux bien faire la bonne lve  aller pour 8h en cours mais IL FAUT PAS ME METTRE DES PROBLMES DE RER DES 7h00 ! #RERA
Jsuis toujours la dernire a tre au courant
Jvais rater le coup d'envoi la putain d'ta mere de tram a la con
L'agresseur du RER A cope de 18 mois de prison dont 9 mois ferme: L'agresseur du RER A, qui avait ...
L'incident  Nanterre Prfecture est termin.Le train est reparti.#RERA
La bite n'a pas d'oeil ! Mdr la vie heureusement car quand je vois ta meuf la mienne se serait barrer en courant .
La coupure de courant a dur 1h et j'ai cru que j'allais pter un cble! J'me demande comment ils faisaient avant sans internet,musique,tl
La dernire fois j'tais d'avis le bus, j'ai au un coup d'avance j'ai dit bonsoir au chauffeur il ma rep bonjour..,CEST DONC A MA VIE ?!
La dernire fois que j'ai chant comme a y'a eu une coupure de courant vaut mieux pas que jpasse dans cette mission ptdr #toutpeutarriver
La vido va tourner jusqu' BFMTV sera au courant et sava faire comme avec la grosse blanche qui avait gifler la toubabou sens dfense
La vie c'est pas les frres Scott hein mdrrrr y'en a ils sont pas encore au courant .
Le RER A la ce train laisse tomber
Le RER bloqu pour de la merde ce qui fais que je loupe mon bus et me tape 45 minutes a pied. Les transports parisiens <<<<<<<<<
Le bus de Chelsea a eu un accident avec le Parc  #teampsg
Le chauffeur du bus a ralenti par ce qu'une beurette traversait, je lui ai dis azi passe c'est orange, on m'a applaudit, j'ai conduit l'bus
Le coup de blues du mtro... et le no man's land du rer quotidien on en parle ?
Le danger des motoneigistes sur les bassins ou rivires qui a du courant ...Les MURS de glaces ! , Par mauvaise...
Le jour o on aura du courant, du chauffage, et de l'eau chaude a sera le top pcq la vraiment !
Le mec s'assoit dans le train, un mec s'installe en face de lui: le mec soupir et rle Il a cru c'tait le RER de la chatte  sa mre
Le rer C pour moi c'est pas un rer c'est un train de villages un rer qui passe toutes les 17 minutes quand meme
Le trafic est de nouveau interrompu entre La Varenne et Boissy en raison de la prsence d'une personne sur la voie.#RERA
Le trafic est interrompu entre Boissy-Saint-Leger et La Varenne-Chennevieres sur la ligne #RERA #KO
Le trafic est interrompu entre Massy Palaiseau et Pont de Rungis, dans les deux sens sur la ligne #RERC #KO
Le trafic reprend entre La Varenne-Chennevire et Boissy Saint Lger fin incident voyageur tous les trains seront omnibus @RERA_RATP
Le tram-train viendra jusqu' la gare RER de Poissy
Le tram-train viendra jusqu' la gare RER de Poissy  via @Le_Parisien
Le tram-train viendra jusqu' la gare RER de Poissy: Un vrai plus pour les habitants de Poissy et ...  #LeParisien
Les noms de RER  On peut avoir la confirmation qu'il y a des weeaboos  la SNCF, vu le nom de certains, du coup.
Les quipes spcialises de la Police sont en cours d'intervention  Boissy. #RERA #RATP
Les trains circulent de nouveau entre La Varenne et Boissy mais en vitesse rduite pour raison de scurit.#RERA
MON FRERE A CHANGER DE COPINE ET JE SUIS LA DERNIERE AU COURANT MAIS WHAT
Ma mre elle a entendu le chinois crier elle est arrive en courant dans ma chambre mdr miskina
Mais wsh c'est quoi ce bus, on a failli avoir un 2me accident !
Mes parents ils respectent pas mon sommeil a faire claquer la porte de derrire et a passer devant ma chambre presque en courant
Mes potes ils demande direct  ma mre pour que j'aille a une soire, j'tais mme au courant.
Meteo du #RER (#ratp) : OK () 18/02/2015 a 06:09 Trafic normal sur l'ensemble ...
Mon bon ami m'a sauv ma vie. Ce matin j'ai rat un dernier train RerA. Heureusement qu'il me raccompagne jusqu chez moi. Merci
Mon fils erwan a disparue de saint peaul de leon vers 14h Merci de me tenir au courant si vous le...
Mon frere rentre du boulot dans 30min. Il est pas au courant... C etait le plus atacher a notre chienne...
Mon frre ce matin il m'a dit qu'il partait a mtp pour la semaine Okay j'tais pas au courant moi :(
Mon papa il a appeler le lyce comme a ma mre elle reois pas de msg et comme sa elle est pas au courant je vais pas en cour
Mon pre il me demande si y'a entrainement ce soir parceque "tu dois bien tre au courant  tjs parler avec les gens du baseball"
Mskn jfaisais le tour de la table en courant pendant 5mn aprs ma mre a ma chop a ma mis dla pomade miracle askip
Mtro Ligne 1 En raison d'une panne de matriel, le trafic est ralenti de La Dfense vers Chteau de Vincennes.
Mtro Ligne 1 En rpercussion d'une panne de matriel La Dfense, le trafic est ralenti sur l'ensemble de la ligne.
Mtro Ligne 1 En rpercussion d'une panne de matriel La Dfense, le trafic est ralenti sur l'ensemble de la ligne. Trafic no [1/2]
Mtro Ligne 12 En raison d'un incident technique, le trafic est ralenti sur la ligne. Trafic normal sur les autres lignes de Mtro.
Mtro Ligne 2 En rpercussion d'une fin tardive de chantier, le trafic est ralenti sur l'ensemble de la ligne.
Mtro Ligne 3 En raison d'un malaise voyageur  Opra, le trafic est ralenti sur l'ensemble de la ligne. Trafic normal sur le [1/2]
Mtro Ligne 3 En rpercussion d'un malaise voyageur  Opra, le trafic est ralenti sur l'ensemble de la ligne. Trafic normal [1/2]
Mtro Ligne 4 En raison d'une fin tardive de chantier, le trafic est interrompu de Porte de Clignancourt vers Mairie de Montr [1/2]
Mtro Ligne 4 En rpercussion d'une fin tardive de chantier, le trafic est ralenti sur l'ensemble de la ligne. Trafic normal [1/2]
Ngociations Iran-P+5 : Isral ne serait pas tenu au courant des ngociations
Ngociations Iran-P+5 : Isral ne serait pas tenu au courant des ngociations: Selon le Dpartement d...  #Israel
Oh noon!!!! Je vien d'tre au courant du delire d'alaninio.. Ah ouais .. Le respect il a nikez sa mre 20x la
On se croierait au bled avec les #pannes de #courant #rerb 2 fois en 2 jours  la #garedunord
On se tape le RER et le mtro pour avoir notre train  Montparnasse
Par contre si lz connard de frre il est courant je vais gueuler. Lui il a rien le droit savoir. Si j'apprends il est au courant la vie
Parce que clairement j'en ai ras le cul du train/RER/mtro
Pas cours ce matin, le bus est meme m'as encore pass au cattelet j'ai dit a ma mere si je pouvais repartir et c'est ok ahah
Ptn j'espre qu'il a eu le bus sinon j'le traite
Putain Vera elle me rpond pas. A tous les coups, quand je suis dans le bus elle est pas l, et Lundi et mardi c'tait l'inverse
Putain je dois rcuprer le vlo que j'ai laiss alors que le bus va jusqu' chez moi...
Quand il est partis Lalan m'a directe sortis que je pourrais gerer les fars que je veux sans qu'il soit au courant ..
Quand tu piques du nez 3min dans le RER et que loupes ton arrt
RER A En raison d'un colis suspect, le trafic est interrompu entre Boissy - St - Lger et La Varenne - Chennevires.
RER A En raison d'un colis suspect, le trafic est interrompu entre Boissy - St - Lger et La Varenne - Chennevires. Reprise du [1/2]
RER A En raison d'un incident voyageur, le trafic est interrompu entre La Varenne Chennevires et Boissy St Lger.
RER A En raison d'un incident voyageur, le trafic est interrompu entre la Varenne Chennevires et Boissy Saint Lger.
RER A En rpercussion d'un colis suspect  Boissy St Lger, le trafic est ralenti sur l'ensemble de la ligne.
RER A En rpercussion d'un incident voyageur, le trafic est ralenti sur l'ensemble de la ligne.
RER C : l'attente. "Je ne compte plus mes heures  attendre le train ". La barbe !
RER C Le trafic est interrompu entre Massy Palaiseau et Pont de Rungis, dans les deux sens. En consquence, les gares de Rungis [1/3]
RER D jcroi c'est lmeilleure train dl'le de France y'a toujours de l'ambiance dans strain
RER E reprise du trafic mais trs ralenti.
RT @AttaliSamuel: @Osuulf: Un stmg dans le Rer drague une fille : - Salut Beaut, tu va o ?- A la Dfense & Ts,- A l 'attaque. mskn le train a derailler
RT @Audrey_Chatel: Un #obus de la seconde guerre mondiale dcouvert  Noisy le sec trafic #rerE intrrompu
RT @CJessey: nous en sommes rendus a cette image d essayer en vain de remonter 1 courant alors que celui ci nous fait reculer inexorablement vers l abme
RT @CaenMemorial: #70e Gare de l'Est : le trafic est gel suite  la dcouverte d'un obus de la #WWII ! ->
RT @ChaslesV: @RERE_SNCF Le trafic du #RERE devient inadmissible ! Arrtez les trains courts...!
RT @Conducteur_RER: Noisy le Sec : Obus dtruit par le dminage.Vrifications d'usages en cours.,Reprise du trafic demain dbut de service.
RT @CritiqueTout: mon lyce ils seraient capable de sortir un lundi "koi vs tes ps au courant? c'est la semaine de bac blanc, on vous a prvenu y'a genre 2h"
RT @DLF_Officiel: "Ouverture lignes de bus: je vous mets ma main  couper que a va profiter  des compagnies trangres &non franaises" @JphTanguy @SudRadio
RT @Dedodante: Accident du bus des joueurs de Chelsea au parc des princes.,Si ils commencent comme a y a peut-tre un coup  jouer!
RT @Elliotcoh: Ya un mec il courait aprs le bus, le bus ses arrter, l'mec il a vu y'avais des contrleurs il a fait genre il faisait un footing loool
RT @Encyclopodiste: Trafic ralenti vers Boissy. Un RER entier vid a Joinville-le-Pont sans explication. #RERA
RT @FBleu1071: Gare de l'Est : le trafic a repris mais sera ralenti jusqu'en fin de matine sur les lignes P et RER E  #SNCF
RT @FBleu1071: Gare de l'Est :le trafic SNCF reprend mais ralenti sur les lignes P et RER E (via @francebleu)
RT @FBleu1071: Reprise du trafic gare de l'Est. Quelques perturbations #lignep du Transilien et #rerE. Toute l'info trafic ce matin sur @FBleu1071
RT @Footballogue: [#LDCLiveCamp] Le bus de Chelsea a eu un accident en descendant dans le parking du Parc. Plusieurs vitres casses.
RT @FreakyFrip: Quand tu piques du nez 3min dans le RER et que loupes ton arrt
RT @HelenaRvl: Trafic interrompu sur le RER E: dcouverte d'un obus. Normal. #rerE
RT @InsKebir: Ce soir j'ai appris que mon pre s'est mari, putain c'est beau a j'suis au courant de rien
RT @InsideEmma0: Je me demande  quoi servent les trains court pour la rgularisation du trafic sachant qu'il n'y a pas plus de train ? #obus #qml @RERE_SNCF
RT @Johaninha_: Le rer C pour moi c'est pas un rer c'est un train de villages un rer qui passe toutes les 17 minutes quand meme
RT @KARLOLIVE: Le tram-train viendra jusqu' la gare RER de Poissy  via @Le_Parisien
RT @LIGNEL_sncf: #LigneL/#RERA: Reprise du trafic sur le #RERA Vendredi 30 Janvier. Service normal annonc
RT @LeDurif: En train d'attendre le RER B
RT @LeParisien_78: Le tram-train viendra jusqu' la gare RER de Poissy
RT @Lette_co: J'tais mme pas au courant que les premires et les term au lyce taient en guerre ^^' mais a me fait rire c'est cool ! Peace and love.
RT @LocosMaruecos: Une femme s'fait violer dans l'train ou RER ils bougent pas, des anglais empchent un FRANAIS d'entrer dans le mtro pcq il est noir
RT @Lunon92: @galeRERAfr le trafic vient de reprendre, la rame vient de repartir  vide de Nanterre-Pref. #RERA
RT @MaevaKelya: J'men souvient un jour ma mere me coiffai qd j'tais petite et tellement j'avais mal j'suis parti en courant aprs on ma cogner fort
RT @Martinbtnt: Le mec s'assoit dans le train, un mec s'installe en face de lui: le mec soupir et rle Il a cru c'tait le RER de la chatte  sa mre
RT @MonJournaliste: Le tram-train viendra jusqu' la gare RER de Poissy
RT @MrtRomane: Le jour o on aura du courant, du chauffage, et de l'eau chaude a sera le top pcq la vraiment !
RT @OnMaApplaudi: Le chauffeur du bus a ralenti par ce qu'une beurette traversait, je lui ai dis azi passe c'est orange, on m'a applaudit, j'ai roul l'bus
RT @OnMaApplaudit: Le chauffeur du bus a ralenti par ce qu'une beurette traversait, je lui ai dis "azi passe c'est orange" on m'a applaudit, j'ai roul l'bus
RT @Osuulf: Un stmg dans le Rer drague une fille : - Salut Beaut, tu va o ?- A la Dfense & Ts,- A l 'attaque. mskn le train a derailler
RT @PassionFootClub: Le bus de Chelsea a t accident en arrivant dans le parking du Parc. Des vitres ont explos. Via @le_Parisien_PSG
RT @RERA_RATP: 15:22, le trafic est interrompu entre Boissy-Saint-Leger et La Varenne-Chennevieres (colis suspect) #RATP #RERA
RT @RERA_RATP: 15:59, le trafic est interrompu entre Boissy-Saint-Leger et La Varenne-Chennevieres. Reprise estime  16:30. (colis suspect) #RATP #RERA
RT @RERA_RATP: 16:37, le trafic reprend progressivement entre Boissy-Saint-Leger et La Varenne-Chennevieres (colis suspect) #RATP #RERA
RT @RERA_RATP: 16:50, le trafic est ralenti sur la ligne (colis suspect) #RATP #RERA
RT @RERA_RATP: 17:52, le trafic est interrompu entre La Varenne-Chennevieres et Boissy-Saint-Leger (incident voyageur) #RATP #RERA
RT @RERA_RATP: 18:21, le trafic reprend progressivement entre La Varenne-Chennevieres et Boissy-Saint-Leger (incident voyageur) #RATP #RERA
RT @RERA_RATP: 18:55, le trafic reprend progressivement entre La Varenne-Chennevieres et Boissy-Saint-Leger (incident voyageur) #RATP #RERA
RT @RERA_RATP: 19:13, le trafic est ralenti sur la ligne (incident voyageur) #RATP #RERA
RT @RERA_RATP: 19:23, le trafic est interrompu entre Nanterre-Prefecture et Cergy/ Poissy (incident voyageur) #RATP #RERA
RT @RERA_RATP: Actuellement le trafic est interrompu entre Boissy et La Varenne pour un bagage abandonn  Boissy. La police vacue la gare #RERA
RT @RERA_RATP: L'incident  Nanterre Prfecture est termin.Le train est reparti.#RERA
RT @RERA_RATP: Le trafic est de nouveau interrompu entre La Varenne et Boissy en raison de la prsence d'une personne sur la voie.#RERA
RT @RERA_RATP: Les quipes spcialises de la Police sont en cours d'intervention  Boissy. #RERA #RATP
RT @RERA_RATP: Les trains circulent de nouveau entre La Varenne et Boissy mais en vitesse rduite pour raison de scurit.#RERA
RT @RERA_RATP: Retour  un trafic rgulier sur l'ensemble de la ligne #RERA #RATP. Incident termin.
RT @RERC_SNCF: Infotrafic #RERC [MAJ] Le trafic est interrompu entre Massy Palaiseau et Pont de Rungis jusqu'en fin de soire
RT @RERC_SNCF: Infotrafic #RERC [MAJ] Le trafic est interrompu entre Massy Palaiseau et Pont de Rungis jusqu'en fin de soire http://...
RT @RERC_SNCF: Infotrafic #RERC [MAJ] Les trains MONA Pontoise/Massy Palaiseau et NORA Massy Palaiseau/Pontoise partent/arrivent d'Or...
RT @RERE_SNCF: Infotrafic #RERE : Le trafic reprend ce mercredi 18 Fvrier 2015 (incident  Noisy le Sec termin)
RT @RERE_SNCF: Infotrafic #RERE Le trafic reprend ce mercredi 18 Fvrier 2015. Toutefois le trafic est ralenti jusq. fin de matine.>
RT @Rede_Freiheit: Dites, l'@Elysee, vous tes au courant que le Carme commence aujourd'hui et qu'il y a encore "qqs" citoyens franais catholiques?!
RT @SoullessOni: "Promenons-nous sur les voies, pendant que le train n'y est pas, car si le train y tait, il nous craserait " #RATP #RERC
RT @SthenyoS: #RATP #RERA #poissy,9h01 annonc voie 8 ==> part voie 6 = 40 personnes sur le carreau . trop de comptence tue la comptence... #mauvais
RT @TimesofIsraelFR: Ngociations Iran-P+5 : Isral ne serait pas tenu au courant des ngociations
RT @TomekTR: #QML , le trafic est interrompu entre Boissy-Saint-Leger et La Varenne-Chennevieres (colis suspect) #RATP #RERA
RT @TomekTR: #QML Le trafic reprend progressivement entre La Varenne-Chennevieres et Boissy-Saint-Leger (incident voyageur) #RATP #RERA
RT @TouunsiMoha: Y'a un mec il courait aprs le bus , le bus c'est arrter, le mec il a vu y'avait des contrleurs , il a fait genre il fesait un footing
RT @ValentinNeuneu: Y a une policire qui m'a engueul car j'avais pas mis ma ceinture de bus, je l'coutais pas j'avais mes couteurs du coup elle a cri.
RT @VincentTours: "Le bus de Chelsea a eu un accident en descendant dans le parking du Parc. Plusieurs vitres ont explos". @le_Parisien Accident ? ...
RT @VuittonNWA: A ce rythme rfo sera au courant mdrrrrrr
RT @YvelinesActu: Le tram-train viendra jusqu' la gare RER de Poissy: Un vrai plus pour les habitants de Poissy et ...  #LeParisien
RT @__Natinho: Franchement le rer B c le meilleure train d'le de France tout les deux minutes y'a un train c'est trop bien sa
RT @ajustetitre: "Il invente un accident et appelle les secours pour ne pas rentrer chez lui  pied" - Metro ( cause...
RT @alice_lannou: @gaelle_lqut mdrrrrr t'es au courant que dans le cin tu peux pas remettre en arrire parce que tu a pas eu le temps de lire les ss titres ?
RT @alpha_too: Y'a un obus de la Seconde Guerre Mondiale qui a t trouv  Noisy le Sec donc le trafic du RER E est interrompu jusqua 19h putain
RT @as_eljefe: @PaapSamba @M3Pique j'ai dj vu des gens baiser dans le dernier train, c'est la cour des miracles le RER
RT @assxofdallas: @jeromejarre SI TU ME TWEETJE PRENDS LE RER DEGUISER EN BOB L'EPONGE DANS TOUT PARIS,ET JE FINIS PAR COURIR A LA TOUR EIFFEL A POIL
RT @bvngerz_: je suis SRE que Ariana elle est mme pas au courant qu'elle a un duo avec Kendji
RT @criiniix: La vido va tourner jusqu' BFMTV sera au courant et sava faire comme avec la grosse blanche qui avait gifler la toubabou sens dfense
RT @francetvinfo: #SNCF Le trafic reprend gare de l'Est. Encore des ralentissements sur la ligne P du Transilien et le RER E
RT @galeRERAfr: #RERA Le trafic est trs perturb ..
RT @galeRERAfr: #RERC Le trafic est interrompu entre Choisy le Roi et Massy Pal..
RT @iamdroopy007: #rere trafic toujours perturb ce matin, malgr un trafic normal signal sur appli @ratp
RT @jeromehuet: #RERB problme matriel  Gare du Nord, direction Nord... Trafic perturb sur le @RERB ...,#qml #qmlinfo
RT @le_Parisien_PSG: Le bus de Chelsea a eu un accident en descendant dans le parking du Parc. Plusieurs vitres ont explos.
RT @lebilss: Oh noon!!!! Je vien d'tre au courant du delire d'alaninio.. Ah ouais .. Le respect il a nikez sa mre 20x la
RT @mairievitry: RER C : l'attente. "Je ne compte plus mes heures  attendre le train ". La barbe !
RT @manon_chauvin: Je veux bien faire la bonne lve  aller pour 8h en cours mais IL FAUT PAS ME METTRE DES PROBLMES DE RER DES 7h00 ! #RERA
RT @nayeizii: @Mouslii93 pttttttdr coran frre, azi y'avait cour.., prs quand elle est sortie a l'arrt du bus voil quoi
RT @onlycsn: au lieu de me plaindre sur twitter jvais crire sur des feuilles comme a yaura que moi qui sera au courant et jbrulerais tout
RT @proud_ofmatt: premire fois que ma mre m'informe de quelque chose dont je n'tais pas au courant sur Matt; il sera ce soir sur France 2  22h40
RT @ratp78190: @RERC_SNCF suite  un incident lectrique le trafic est interrompu entre MassyP et Pont de Rungis emprunter le @RERB jusqu' StMichelND 1/2
RT @thefrench_rebel: On se croierait au bled avec les #pannes de #courant #rerb 2 fois en 2 jours  la #garedunord
RT @usagerlj: Arrt  CFO et RER A.,Ce soir train de 19:36 annul. Train de poissy+bus. 20:14 gare d'andresy.
Reprise du trafic gare de l'Est. Quelques perturbations #lignep du Transilien et #rerE. Toute l'info trafic ce matin sur @FBleu1071
Retour  un trafic rgulier sur l'ensemble de la ligne #RERA #RATP. Incident termin.
Sa fou la rage quand tu prend le TER et au lieu d'avoir un vrai train a l'aise. Ta le train qui sert de rer D.
Sarah elle est mme pas encore au courant, les seules personnes qui savent pour l'instant c'est Alexandra et ma mre
Si vous avez apprecie les problemes d'hier dans le rer e, rejouissez vous, la sncf fait les rappels et nous a mis un train court ce matin.
TRANSPORT - Le trafic sur les TGV, RER, Intercits a t interrompu mardi aprs la dcouverte d'un obus datant de...
Thorie de la RElativit Restreinte A (RER A)1 train toutes les 10 minretard 10 min au dpart, 20  l'arrive,ponctualit nickel
Trafic ralenti vers Boissy. Un RER entier vid a Joinville-le-Pont sans explication. #RERA
Un coup de batte de baseball dans les burnes  vif avec de la moutarde forte > prendre le RER E
Un mec a refait ma journe dans le bus j'coutais Parkway drive il ma dit que j'coutais de la bonne musique
Un petit coup de #Caravage dans le RER en grenant de Disney et a repart !
Une femme s'fait violer dans l'train ou RER ils bougent pas, des anglais empchent un FRANAIS d'entrer dans le mtro pcq il est noir
Une fois on m'a sorti a donc je pensais que j'tais la dernire ababa au courant
Val-dOise : trafic perturb des bus des CIF  #Lesaviez-vous?
Ya Plein de Gens Veulent L'a Grer Mais Ils Sont Baad Pas au Courant Que C'est pas Une Fille Facile #N .
Ya des gens ils sont au courant de toute ma vie je les connais mme pas, c'est  cause de mon pre a encore
au lieu de me plaindre sur twitter jvais crire sur des feuilles comme a yaura que moi qui sera au courant et jbrulerais tout
bapt il a pris mon bus, du coup j'ai t prs de lui vers la fin
faut alimentation lectrique  Massy Verrires Trafic normal sur les autres lignes de RER. [3/3]
heureusement y a les frres qui me tiennent au courant
j'ai vu Dylan O'Brien au magasin, il m'a regarder chelou, alors je suis partis en courant.
j'crois que ma mre est pas au courant que j'vais chez ma pote et c'est elle qui m'amne mdrrr y'a un problme
je raconte presque jamais toute l'histoire, trs rares sont les personnes au courant mdr
je serais parti en courant a la place du gars mdddr #TPA
le rer d ce train c'est du nimportekoi que des fous
le trafic est ralenti sur @RERE_SNCF suite  la dcouverte d'un engin explosif datant de la 2me guerre mondiale  Noisy le Sec @RERA_RATP
ma mre elle est pas au courant mdr y a moyen jme fasse niquer
ma mre elle raconte tout a ma grand mre et aprs elle lui dit dit a personne, demain tout le village sera au courant
mais a va aller rhololo je suis sre que le courant va direct passer ^^
manger Re ~2h + ~1h de RER rofl oui NEIN J'AI LOUPE SUR SKYPE NOOOOOOOOOOOOOOOOOOOPFJEZP stp Lolita
nous en sommes rendus a cette image d essayer en vain de remonter 1 courant alors que celui ci nous fait reculer inexorablement vers l abme
premire fois que ma mre m'informe de quelque chose dont je n'tais pas au courant sur Matt; il sera ce soir sur France 2  22h40
suite  un incident lectrique sur Massy Verrire le trafic est interrompu sur le @RERC_SNCF entre Massy Palaiseau et Pont de Rungis 1/3
trafic estime vers 16h00. Trafic normal sur les autres lignes de RER. [2/2]
trafic estime vers 16h30. Trafic normal sur les autres lignes de RER. [2/2]
un gars dans le bus il a des coups de speed,d'un coup il se tape fou rire seul puis se stop net..c'bien au moins il a la joie de vivre mdr
vu qu'on allait tout le temps au resto + tickets de mtro + tickets RER + tickets de train pour aller dans leur banlieue c'est revenu putain
y a personne a l'arrt de bus donc idk si j'lai louper mddddr j'espre que non
