@InesD_BT bah nous on a trainer vers l'arret de bus toutes la soirer hein michto michto
@Irwinement J'crois qu'en courant vers je sais pas qui j'suis tomber
@Irwinement Je sais :( j'me rappellerai toujours de la fois ou j'avais mon pantalon a fleurs et quand courant vers le bus pour aller chez
@LukeRPGTF bute sale encul. "*se lve et se barre en courant*" *tremble de colre, se tourner vers toi* a va. *te prend contre lui*
@MajinWazza T'en fais pas, tu sera le premier au courant de mes travaux sur ce sujet
@QueenStoria Moi je suis au courant de rien msk c'est la route vers l'inconnu
@RERA_RATP ca aurait t mieux de dire pas de train vers Marne la valle au dpart de Nanterre pref aussi
@SNCFReseau deux jours et deux nuits de travaux, 5 appareils de voie neufs quand le trafic reprendra ligne A du RER
@morningvoice_ Whaaaat ? Qui a affich qui ? Pourquoi ? Comment ? C'est Louis ? Pourquoi je suis toujours la dernire au courant ?
@pxrfectharry qu'est ce que a serait parfait qu'on partage a ensemble, un rve ! Oui je te tiens au courant tte faon !
Au cours de lt 2015, de trs importants travaux vont avoir lieu sur le RER A et sur le RER C. La branche...
H24 il font des travaux sur le RER C Jai un train a 23h50 svp c le seul Mdrrr
J'arrive a la gare je vois quoi j'ai pas de RER A  Il a fallu que j'attende presque 20 minutes le train de saint lazare pour aller
Le meilleur jour c'tait quand Avec Alexy on se posait sur le balcon vers 1h et on a crois aviano on c'est barr en courant mdrrr
Mon pre est au courant de tout il croit qu'on est ensemble
Oups ! Des travaux interrompent la circulation du #RERA axes Nanterre/Prfecture/Cergy le Haut/Nant P/Poissy dans le 2 sens #BOF
RT @InfraBlogPSL: @SNCFReseau deux jours et deux nuits de travaux, 5 appareils de voie neufs quand le trafic reprendra ligne A du RER
RT @JoyauxOlivier: Pont de Louvres #SNCF #RERD dmolition En cours
RT @MappyCity: Oups ! Des travaux interrompent la circulation du #RERA axes Nanterre/Prfecture/Cergy le Haut/Nant P/Poissy dans le 2 sens #BOF
RT @SimonLetheiller: Le meilleur jour c'tait quand Avec Alexy on se posait sur le balcon vers 1h et on a crois aviano on c'est barr en courant mdrrr
RT @TVDFrance_: @pxrfectharry qu'est ce que a serait parfait qu'on partage a ensemble, un rve ! Oui je te tiens au courant tte faon !
Travaux en cours sur le @RERC_SNCF  #Juvisy. On va avoir des voies toutes neuves ! \o/
Travaux prvus sur la ligne #RERA du 25/05/2015 au 06/06/2015. Pour plus dinformations, .
Travaux prvus sur la ligne #RERA du 25/05/2015 au 06/06/2015. Pour plus dinformations, . via @RERA_RATP
Vers l'amlioration de la dserte en courant  Conakry. volonts politique ou dmarche lectoraliste. Aider moi!
