#RERA : Retards 10  15min jusqu' 10h00,Seconde panne d'un train de la semaine.
@AlMandilou tes mtros ont des horaires ou tu prends RER /train de banlieue tellement tu habites loin ?
@AymericFch ouais ok Sauf que je parlais des fumeurs la, ma mre a aussi un avis dessus, j'suis au courant
@Bromaga @sheeranother La sur au courant de l'ducation de son frre :3
@GossipRoomOff yaurai pas eut toutes ces gueguerres je suis sure que le courant serait super bien pass entre elles 3 !!
@Implicit_A1 @VriziXLP la vie d'ma mere parle mieux aquilah tes plus nul que lui tu croit c'est sa faute ? tes au courant pk y dodge ?
@L_Bavard @L__Bavard en plus maintenant il y a un courant contraire avec une tendance  prfrer les coles europennes aux amricaines 2/2
@LudoPorretta Ok donc elle et ces toutou sont au courant qu'en plus de faire la salope j'en es aprs elle moi  sa place je ferais pas la-
@RERA_RATP Bonjour... Le RER  en direction de Cergy fonctionnera t'il ce soir ou dois je prendre mon train  St Lazare ?
@RERA_RATP rien pour indiquer un incident en gare de la dfense avec des suppressions de trains et des retards de 15  20 minutes? #Houilles
@RERC_SNCF En 3 jours le train Elba, dpart 5h10 de St Quentin, 2 fois supprim et une fois retard. Sans explication. Normal ??!!
@RER_B quand j'ai quitt le quai  Massy y a 10 minutes y avait une partie de RER roulette en cours entre PAPO86 et LEVE72
@Z_crl @Conducteur_RER a contraint notre train  s'arrter en pleine voie le temps que notre conducteur applique ses procdures de scu". 2/
@xEwigkeitx Ah moi j'habite vers Paris donc un coup de rer et j'y suis mais bon
Accident rue Tristan Bernard sur voie rserve au Tram. Tram bloqu de chaque ct. #BesanconTwitte
Avoir son bus qui passe devant soi. Lui faire signe. Le voir partir. Courir aprs. Le voir s'arrter. Courir plus vite. Et l'avoir. PUTAIN
Bon le bus va acclrer j'espre pcq si je loupe le 3 je le nique
C'est chouette le #rerC non seulement on a 3 fois moins de trains qu'il y a 2 ans, mais il mettent 2 fois plus de temps... #qml @RERC_SNCF
C'est quel bldard qui dirige le RER la , "Je rappelle que ce train ne s'arrtera pas en gare de Noisy Le Champs" Il a fait un mix normal.
En plus,le prof de philo se fait des petits dlires avec mon frre, dont je ne suis pas au courant, je suis genre l'entremetteuse entre eux
Et panne sur un train  pompadour : la totale !!! #rerd #qml @RERD_SNCF #SommetDeMediocrite #ilestbonlepunch?
Faire croire a ma prof que j'ai un bus pour qu'elle me libre avant alors que deux secondes aprs elle me voit en train rentrer a pieds :/
Hier c'tait pour l'accident voiture - tram, aujourd'hui je sais pas putain arrtez de vous blesser non
Il n'est plus avec sa copine ?  Bah vas lui demander..j'suis pas une comre, je suis au courant de rien. looooo...
Infotrafic #RERD : retards sur le sud de la ligne jusqu 21h (Malaise voyageur  Villiers LB + train en panne)
J'ai ajout une vido  une playlist @YouTube- Metro 2033 Last Night Redux Gameplay Walkthrough "Un Train Vers Le Pass" Part 3
J'espre qu'il n'y aura pas de coupure de courant cette nuit.
Je cours plus souvent derrire les bus qu'en cours de sport
Je prfre largement couter les conversations dans le tram plutt que d'couter la musique comme la plupart des gens ! Bcp plus marrant!
Jvoulais bouger a la Fnac et tout en attendant le train de 16h13 mais avec l'accident de tram ce matin + la flemme + le peu de temps,Non
La vie dma mre mme Genech va tre au courant PTDRRRR NIQUER VOS RACES JEN PEUX PLUS
Le chauffeurs de bus scolaire il a cru ct le bus a leur mre il vire des gens au calm il te voie courir y sen blc se chien
Le mec en voiture qui ralentie parce que t'es seule  un arrt de bus et son putain de regard pervers. Tu veux du pain connard ?
Les accidents de tram sont de plus en plus violent mygod
Les gens qui mettent leurs baffles  fond en rue/dans le bus/dans le train...vous vous croyez chez vos mres bande de fdp!
Les gens qui mettent leurs baffles  fond en rue/dans le bus/dans le train...vous vous croyez chez vos mres bande de fdp?!?!
Ma mre qui m' me reste plus que 3 euros sur le compte courant.,GG well play ZombiDepensier
Mais je lui en donnerais 60 je pense. C'est pas rien, surtout que j'ai plus de salaire et que je galre avec le prix du train/metro
Meteo du #RER (#ratp) : KO () 25/09/2014 a 12:33 Trafic normal sur l'ensemble ...
Meteo du #RER (#ratp) : KO () 25/09/2014 a 12:41 Trafic normal sur l'ensemble ...
Meteo du #RER (#ratp) : OK () 25/09/2014 a 10:25 Trafic normal sur l'ensemble ...
Meteo du #RER (#ratp) : OK () 25/09/2014 a 13:01 Trafic normal sur l'ensemble ...
Mon bus s'est tromp de chemin' du coup ont refait un dtour ptn j suis pas chez moi encore ...
Mon train il arrive a 25 .. J'espre juste que l bas le bus il va arriv vite hein
Ok la coupure de courant Y'a plus de lumire dans tout mon village
P'tit frre j'te vois partir en couille s en courant derrire l'oseille. J'ai beau t'dire d'arrter, la prom'nade restr le meilleur conseil
Par contre ce RER D, c'est le train le plus blind que j'ai pris
Ptdr mais j'tais dans le bus en train d'ecrire a ma mere et a un moment le mec derrire moi me fais "ah vous parlez francais?" Bah oui gn
Putain mon pre a fait 3 jours qu'il a command la tablette et ma j'suis au courant de rien
RT @Asiannoying: @stupidfictions trente huit accidents de voiture en un mois ca fait plus de 2 par jour prend le bus sinon?
RT @Cr7Loureiro: Les gens qui mettent leurs baffles  fond en rue/dans le bus/dans le train...vous vous croyez chez vos mres bande de fdp!
RT @Denis91230: Et panne sur un train  pompadour : la totale !!! #rerd #qml @RERD_SNCF #SommetDeMediocrite #ilestbonlepunch?
RT @DrthL7: Accident rue Tristan Bernard sur voie rserve au Tram. Tram bloqu de chaque ct. #BesanconTwitte
RT @FrancoisAgathe: Je prfre largement couter les conversations dans le tram plutt que d'couter la musique comme la plupart des gens ! Bcp plus marrant!
RT @GPF0D: C'est quel bldard qui dirige le RER la , "Je rappelle que ce train ne s'arrtera pas en gare de Noisy Le Champs" Il a fait un mix normal.
RT @JuGlnt: Les accidents de tram sont de plus en plus violent mygod
RT @LeooBitch: Mon bus s'est tromp de chemin' du coup ont refait un dtour ptn j suis pas chez moi encore ...
RT @Lihallaine: La vie dma mre mme Genech va tre au courant PTDRRRR NIQUER VOS RACES JEN PEUX PLUS
RT @Live_Rock_Laugh: Avoir son bus qui passe devant soi. Lui faire signe. Le voir partir. Courir aprs. Le voir s'arrter. Courir plus vite. Et l'avoir. PUTAIN
RT @Mcgrady800Al: Faire croire a ma prof que j'ai un bus pour qu'elle me libre avant alors que deux secondes aprs elle me voit en train rentrer a pieds :/
RT @RERA_RATP: Retour  un trafic rgulier sur l'ensemble de la ligne #RERA #RATP. Incident termin.
RT @RERD_SNCF: Bonjour @IndyDeDeken, en plus de retards suite  un voyageur malade, nous avons un train en panne  Crteil Pompadour.
RT @RERD_SNCF: Infotrafic #RERD : retards sur le sud de la ligne jusqu 21h (Malaise voyageur  Villiers LB + train en panne)
RT @RER_B: a ne s'arrange pas sur le #RERB. D'aprs les panneaux, mon train se nomme EMAL65. Sur la motrice, c'est EMAL85...
RT @Rom1Bertrand: @RERA_RATP rien pour indiquer un incident en gare de la dfense avec des suppressions de trains et des retards de 15  20 minutes? #Houilles
RT @Une_individue: @LudoPorretta Ok donc elle et ces toutou sont au courant qu'en plus de faire la salope j'en es aprs elle moi  sa place je ferais pas la-
RT @VianneyCoulais: Je cours plus souvent derrire les bus qu'en cours de sport
RT @a_ma_place: Seulement un problme de train ce soir ? Je t'ai connu bien plus ambitieux mon petit #RER D !
RT @galeRERAfr: #RERA : Retards 10  15min jusqu' 10h00,Seconde panne d'un train de la semaine.
RT @nexus006: C'est chouette le #rerC non seulement on a 3 fois moins de trains qu'il y a 2 ans, mais il mettent 2 fois plus de temps... #qml @RERC_SNCF
Retards de 10  20 min & modifications de desserte possibles sur l'ensemble de la ligne #RERA. Retour  un trafic normal  13h #BOF
Retour  un trafic rgulier sur l'ensemble de la ligne #RERA #RATP. Incident termin.
Seulement un problme de train ce soir ? Je t'ai connu bien plus ambitieux mon petit #RER D !
Sur #Champlain on suggre tram-train, SLR, etc. mais un train, plancher haut, a marcherait trs bien et pourrait aboutir  la gare centrale
Tout a cest trop chelou mdr mais vous inquitez pas, vous serez plus au courant de quoi que se soit.
Trafic fortement perturb sur la ligne de #rera  09:00 le 25/09 #fedlate en savoir plus sur
Trafic fortement perturb sur la ligne de #rera  09:40 le 25/09 #fedlate en savoir plus sur
Trafic fortement perturb sur la ligne de #rera  13:20 le 25/09 #fedlate en savoir plus sur
Trafic fortement perturb sur la ligne de #rera  18:20 le 25/09 #fedlate en savoir plus sur
Trafic fortement perturb sur la ligne de #rera  19:00 le 25/09 #fedlate en savoir plus sur
Trafic fortement perturb sur la ligne de #rerb  08:00 le 25/09 #fedlate en savoir plus sur
Trafic fortement perturb sur la ligne de #rerb  08:40 le 25/09 #fedlate en savoir plus sur
Trafic fortement perturb sur la ligne de #rerb  09:20 le 25/09 #fedlate en savoir plus sur
Trafic fortement perturb sur la ligne de #rerd  08:40 le 25/09 #fedlate en savoir plus sur
Trafic fortement perturb sur la ligne de #rerd  19:00 le 25/09 #fedlate en savoir plus sur
Trafic perturb sur la ligne de #rerb  10:00 le 25/09 #fedlate en savoir plus sur
Usagers du #RERE prenez votre mal en patience ! Trafic ralenti au niveau de l'axe Villiers / Paris #KO
Vider un train bond a Joinville et penser que tout le monde pourra entrer dans le suivant... Dbilit ? Non logique RATP #RERA@RERA_RATP
Vouloir prendre le bus 55 pour revenir  la maison - Prendre finalement ma voiture - Croiser la 55 en chemin entoure d'ambulances#accident
a ne s'arrange pas sur le #RERB. D'aprs les panneaux, mon train se nomme EMAL65. Sur la motrice, c'est EMAL85...
a va faire un mois qu'on a repris les cours mais j'arrive de plus en plus tard a l'arrt de bus, j'vais finir par le louper
la rgion nord pas de calais ont accueilli un vrai train alors que nous dans les RER c la cata jusqu'a sa pisse dans le calme dans le RER
mon tram est dans plus de 25 min, je dsespre je vais louper + de la moiti du film
woaa, ma mre est plus au courant de ce qui se fait  la mode que moi chez les gens de mon ge
