"@RERD_SNCF:  L'infotrafic RER D : trafic perturb jusqu' 15h30 14:36 #rerD -  ne change pas les bonnes habitudes
"@RERD_SNCF:  RER D : trafic perturb jusqu' 15h30 14:36 #rerD - " un jour le #RerD sera  l'heure, un jour...
#Grave accident entre un bus, un camion et une voiture en Argovie -
#RipAudric fennecz j'vais  la verrire (j'ai 1 bus d'chez moi  peine 10 min) & le train (- de 10 min aussi) donc a va ! Vivement le mi...
@BorsLTD Ah oui, il ne devrait pas tre possible de protger un nom courant. Mais le droit d'auteur surpasse hlas tout, mme domaine public
@Laitonite bien qu' propos de yan (qui sera sans doute au courant de ce tweet) je suis pas un parfait connard et a fait deux trois jours
@LauryLayani oui!ce soir je lui est dit, il a compris quil me ferait pas changer d'avis mm si il est grave contre ms au - il est au courant
@fennecz j'vais  la verrire (j'ai 1 bus d'chez moi  peine 10 min) & le train (- de 10 min aussi) donc a va ! Vivement le miper mdr
@hugwlouis @jeromejarre N'empche a serait cool on serait 2 au courant bc  Rodez personne connait twitter  #JEROMEVIENTARODEZ
@jeromejarre si tu pouvais tre demain  7h  la station de tram Opra  Reims avant que j'ailles en cours ca serait cool  #JEROMECHEZMOI
@mika_love10 @curlyhairofmika Ma mre est au courant et elle n'a pas du tout bien ragit j'ai mis La de cot pendant 3 jours de ce coup l.
Aujourd'hui on est courant des jours feris mais on oublie tellement leur signification
Bah putin on va enchaner 2 HT :// j'espre que les gens sont au courant pour demain au moins #killaparty
Ceinture obligatoire dans les bus? - Aprs l'accident mortel qui a impliqu un car postal mardi, dans le canton d'...
Ceinture obligatoire dans les bus?: Aprs l'accident mortel qui a impliqu un car postal mardi, dans le canton...
Certains de mes "potes" pourraient tre morts depuis 2 semaines je serais mme pas encore au courant tellement ils ont disparu de ma vie
Deux accidents identiques en 52 ans: Une collision impliquant une voiture, un camion et un bus survenue mardi ...
Grave accident entre un bus et un camion  Endingen en Argovie -
Grave accident entre un bus, un camion et une voiture en Argovie -
Le mme accident, 52 ans plus tard: Une collision impliquant une voiture, un camion et un bus survenue mardi m...
Me dis "putain attend c'est la mre qui m'a appel pour me prvenir jsuis sous le choque" jsuis partie en courant (2)
Meteo du #RER (#ratp) : OK () 11/11/2014 a 18:57 Trafic normal sur l'ensemble ...
Ouais mais si il arrive dans 2 min je serais baiser , du coup t'attend encore mais au bout de 25 min il y a aucun bus et tu te sens trop con
RT @5SecxOfLuke: @hugwlouis @jeromejarre N'empche a serait cool on serait 2 au courant bc  Rodez personne connait twitter  #JEROMEVIENTARODEZ
RT @Dreemz_H: Bah putin on va enchaner 2 HT :// j'espre que les gens sont au courant pour demain au moins #killaparty
RT @MappyCity: #RERC #BOF: retards de 30 mn. et modifications de dessertes, trains: SARA (destination Saint-Quentin en Yvelines), JIL...
RT @SGmeaux: Les lieux prfrs du #Gmeaux : - son atelier/bureau.- les gares.- les stations d'autobus.,- les cours de recration.
RT @SophiaCombreau: Certains de mes "potes" pourraient tre morts depuis 2 semaines je serais mme pas encore au courant tellement ils ont disparu de ma vie
Sincres condolances  ceux qui ont perdu des tres chers dans l'accident de bus tragique prs de #Khairpur.
alors qu'il la jamaaaais vu, et la mre elle la deja vu, mais pr viter qu'elle mette au courant le pre, elle est obliger dpasser #2
lundi j'tais avec une pote et ya mon crush qui est venu "membter" et t'as ma pote qui est au courant de rien qui me sort "mais il-
