"@20Minutes: PSG-Chelsea: Le bus de Chelsea accident au Parc des Princes  "
"@Fatie_elk: il fait vrmt zamel aucun trait masculin sa barbe trop parfaite la nn on dirait un metro sexuel" un RER SEXUEL ,Ok je sors dsl
"@le_Parisien_PSG: Le bus de Chelsea a eu un accident en descendant dans le parking du Parc. Plusieurs vitres ont explos."
"@lequipe: Petit accident du bus de Chelsea au Parc des Princes ": si sa commence comme sa, il va tre beau le match
"Il invente un accident et appelle les secours pour ne pas rentrer chez lui  pied" - Metro ( cause...
"Obus de 2nde guerre mondiale retrouve  noisy le sec. Trafic interrompu dans les 2 sens jusque 19h" AUCUN RER
"Ouverture lignes de bus: je vous mets ma main  couper que a va profiter  des compagnies trangres &non franaises" @JphTanguy @SudRadio
"Pour rentrer ? Oh facile, tu vas  Gare du nord, RER B jusqu' Aulnay et aprs tram jusqu' Bondy. De l les trains vont jusqu' Meaux"
# Attention , Estrosi ,nous refait le coup 2 la ligne 2 dmarcation  Nice , version annes noires ,avec rfrendum , bien- sr , le bougre
#ALERTE #RERE ils ont trouv un obus datant de la IIe guerre mondiale  Noisy le sec, plus de trafic jusqu' la fin du service.
#Football Le bus de Chelsea accident  @sports_fr
#HuffingtonPost FR - Paris Saint-Germain - Chelsea: le bus des Blues accident aprs avoir rat son virage: FO...
#LEPARISIEN : "Le bus de Chelsea a eu un accident en descendant dans le parking du Parc. Plusieurs vitres ont explos."
#LdC #PSGCFC - Lger accident pour le Bus de Chelsea a son arriv ! Le chauffeur du bus de Chelsea n'tait pas...
#LigneL: Modif desserte/suppressions Axe #Cergy et trafic retenu sur #RERA. Motif Malaise voyageur sur TIKY77 en gare de #Houilles-Carrieres
#MauvaiseFoi Le bus caillass de Chelsea aurait en fait eu un accident en rentrant dans le parkinga c'est Paris,
#PSG : Accident de bus au Parc
#PSG : Le bus de Chelsea accident
#PSG : Petit accident pour le bus de Chelsea
#PSGCHELSEA Petit accident bus #Chelsea au #ParcdesPrinces avant le matchcentre le parapet.,
#RERA trafic interrompu > incident voyageur :(
#RERA train bloqu entre Nanterre Prfecture et Houilles. Un voyageur se serait bless en descendant du train a ouilleouilleouille
#RERB Avarie matriel sur un train en gare du Bourget,
#RERE #KO: Trafic interrompu entre Noisy le Sec et Chelles Gournay et entre Noisy le Sec et Tournan dans les deux sens jusqu' 14h30
#RERE #KO: trafic interrompu entre Magenta et Val de Fontenay et entre Magenta et Le Raincy Villemomble dans les 2 sens.
#RerD le DICA de 7h26 au Me est supprim. La raison : " la capacit du train ! " #qml
#RerE et ligne P Trafic interrompu jusqu'en fin de soire les enfants, prenez les chemins de secours ! Possible de rattraper via VDF #qml
#actualits Le bus de Chelsea accident: Le chauffeur du bus de Chelsea a rat son virage au moment ...  #football
#actualits Le bus de Chelsea accident: Petit couac pour Chelsea. Avant le huitime de finale aller...  #football
#actualits Petit accident pour le bus de Chelsea: Petit couac pour Chelsea. Avant le huitime de fi...  #football
#theatre DBRIS - Mardi 17 fvrier 2015 - 19:00: Un gros accident, une collision entre un autobus bond et un
- Le bus de @ChelseaFC qui a eu un petit accident en arrivant au ParcDesPrinces.. #OnEnParle #MadeMyDay #PSGCHE
09:22, le trafic est perturb de Bourg-la-Reine vers Aeroport CdG 2 / Mitry - Claye (incident technique) #RERB
19.48 h Attente d'une quipe mdicalise  Houilles, le voyageur ne peut tre dplac du train (RATP) #RERA
19:23, le trafic est interrompu entre Nanterre-Prefecture et Cergy/ Poissy (incident voyageur) #RATP #RERA
19:23, le trafic est interrompu entre Nanterre-Prefecture et Cergy/ Poissy (incident voyageur) #RERA
2 trains supprims.. RER D de merde... #RageEnMoi
20:13, le trafic est interrompu entre Nanterre-Prefecture et Cergy/ Poissy. Retour  la normale  21:30. (incident voyageur) #RATP #RERA
20:31, le trafic est ralenti sur la ligne (incident voyageur) #RATP #RERA
20M : PSG-Chelsea: Le bus de Chelsea accident au Parc des Princes
20Mn: PSG-Chelsea: Le bus de Chelsea accident au Parc des Princes: FOOTBALL - Le car des Blues a t endommag...
2h48 AM: choc lec. fil haute tension: accident au passage du char de Bc: +de 14 morts,+de 45 blesss.y mte diw plas ou pa laa.#Carnaval
2h48 AM: choc lec., fil haute tension: accident au passage du char de Bc: +de 14 morts,+de 45 blesss.y mte diw plas ou pa laa.#Carnaval
: PSG-Chelsea: Le bus de Chelsea accident au Parc des Princes
> Le bus de Chelsea accident
> Petit accident pour le bus de Chelsea
@AurelieHoranson Juste la fin que le courant arrive l Je suis sur TF1 la serie Person of Interest S 2
@BambiyChtl Mddr d'accord, tu me tiendras au courant pour ta fillire ! Tu vas dans quelle ville en Italie ?
@Catnatt @bacicoline Encore un coup des supporters de Chelsea (Srement pour se venger de l'accident de bus)
@Coexister75 le bus, merci pour la pollution et le risque d'accident! @diogene2607 @Nau_Kofi @LoudL
@Footballogue: Le bus de Chelsea a eu un accident en descendant dans le parking du Parc. Plusieurs vitres casses.
@Footballogue: Le bus de Chelsea a eu un accident. Plusieurs vitres casses.  Fallait pas le garer devant leur but
@Footballogue: [#LDCLiveCamp] Le bus de Chelsea a eu un accident en descendant dans le parking du Parc. Plusieurs vitres casses.
@Footballogue: [#LDCLiveCamp] Le bus de Chelsea a eu un accident en descendant dans le parking du Parc. Plusieurs vitres casses. " cheeeh
@Marre_motte oui train supprim sans voyageurs de saint Quentin a etampes donc gliss entre 2 grandes lignes. @RERC_SNCF
@NathanAnne5 je sais bien mais je faisais reference a l'accident du bus de Chelsea a l'arrive au Parc!
@RERA_RATP arrtez avec vos euphmismes ! Le trafic est interrompu, c'est pas la mme chose que ralenti ! Allo on est la !!! #RERA
@RERA_RATP le trafic est extrmement perturb suite  un malaise voyageur fin des ralentissement prvue pour 21h30
@RERA_RATP mais pour quoi le train est arrt 30 minutes ? La SAMU est arriv dj 15 mins. Une personne arrte toutes les trains ?
@RERA_RATP merci d'tre prcis, sur les crans en gare c'est ralenti et non interrompu #rera! Ps : partie d'Auber vers poissy il y a 5min
@RERA_RATP suite  un malaise voyageur en gare de Houilles-Carrire les pompiers sont en cours d'intervention tous les trains 1/2
@RERA_RATP tous les trains  destination de Poissy ont pour terminus NanterreP et pour Cergy le Haut il sera direct Nanterre et Sartrouville
@RERB: 09:22, le trafic est perturb de Bourg-la-Reine vers Aeroport CdG 2 / Mitry - Claye (incident technique) #RERB tu me manquera NEVER
@RERC_SNCF 25 minutes entre 2 trains!!! Vous voulez convaincre les gens de prendre leur voiture ou quoi??
@RERD_SNCF cesson et train dica supprim depuis 2 jours partant de melun  7h21
@RERE_SNCF Bjr,ce n'est pas clair. Il y a le RERE pour rejoindre Tournan depuis Val ou pas ?CF:Trafic interrompu entre Magenta et Val
@RERE_SNCF bonjour. Avec tout le respect que je vous dois, il y en a marre de vos travaux et par consquent, des suppressions de train 1/2
@RERE_SNCF emprunt le @RERA_RATP entre Auber et Val de Fontenay merci de votre comprhension le trafic est interrompu jusqu'en fin service
@RERE_SNCF merci pour l'info en temps plus que rel: j'ai quand mme russi  sauter dans mon train  Gare du Nord ! =) (1/2)
@Raf_Bianconeri Rien de grave, petit accident de bus  l'entre du stade.
@Tharokio Quand je suis partie (vers 19h) il y avait masse gens au niveau des bus etc... et le traffic totalement satur. Aucune (1/?)
@VanVestou non le bus a eu un accident en rentrant dans le parking mdr
@eauber @RERA_RATP bah coute je suis la premire  taper sur eux quand a va pas et perso conducteur avenant. (1/2)
@julien7465 @TheoLeclercq_ aller mais on vient  9h comme a on dit qu'on avait loup le bus y restera meme pas 1/2 h et on fera pas le ds
@lanaP4ever @willow1411 ont t supprims, tous les trains de gare de l'est quoi lol (RER, TGV, TER et trains de banlieue)
@le_Parisien_PSG: Le bus de Chelsea a eu un accident en descendant dans le parking du Parc. Plusieurs vitres ont explos.
@lequipe: Petit accident du bus de Chelsea au Parc des Princes  - a sent la soire de merde pour eux... ;-))
@lisulanu Petit accident du bus de Chelsea au Parc des Princes  voil l'explication
@sidoniecabusat ah oui, il y avait un accident  la gare >>> bus bloqu >>> Je suis revenue  pied
@uber_pangolin @RERA_RATP Un train dir. Cergy vient de quitter le quai et l'quipe mdicale est toujours sur place.
A l'ancienne @le_Parisien_PSG: Le bus de Chelsea a eu un accident en descendant dans le parking du Parc. Plusieurs vitres ont explos.
AE ! Trafic interrompu entre Magenta et Val de Fontenay et entre Magenta et Le Raincy Villemomble dans les 2 sens.#RERE #KO
AE ! Trafic ralenti sur les axes Paris/Cergy le Haut et Paris/Poissy #RERA #BOF
AHAHA Petit accident du bus de Chelsea au Parc  via @lequipe #PSGCHE
Accident de bus au Parc  #PSG
Accident du bus de Chelsea Mdr sa commence trs bien
Accident du bus de Chelsea au PSG
Accident du bus de Chelsea au PSG: un mauvais prsage ?
Accident du bus de Chelsea, penalty pour le Paris saint germain.
Accident du bus des joueurs de Chelsea au parc des princes.," @Cardottiti
Accident du bus des joueurs de Chelsea au parc des princes.,Si ils commencent comme a y a peut-tre un coup  jouer!
Accident pour le bus de Chelsea avant de jouer contre le PSG
Accident pour le bus de Chelsea avant de jouer contre le PSG #footRTBF
Accident pour le bus de Chelsea avant de jouer contre le PSG - RTBF Football
Accident pour le bus de Chelsea avant de jouer contre le PSG - RTBF Football  via @rtbfsport
Actu. Politique Paris Saint-Germain - Chelsea: le bus des Blues accident aprs avoir rat son virage
Ah cheh le bus de Chelsea a eu un accident, bien fait :p
Ahah le bus de Chelsea qui a un accident dans le virage du parking du parc des princes Cest un signe !! #PSGCHE
Alerte ! Des travaux modifient la circulation des trains de la ligne #RERE - axe Haussmann Saint-Lazare / Villiers sur Marne / Tournan #BOF
Alerte ! Trafic interrompu entre Magenta et Val de Fontenay et entre Magenta et Le Raincy Villemomble dans les 2 sens.#RERE #KO
Attente d'une quipe mdicalise  Houilles, le voyageur ne peut tre dplac du train #RERA #RATP
Beau live-tweet d'accident de bus de @le_Parisien_PSG. Le match ne sera jamais aussi passionnant.
Bloqu depuis maintenant 1h dans un RER entre 2 stations  la suite d'un incident voyageur. Je loupe ma sance des Sentiers de la Gloire :'(
Bonjour @RERA_RATP , la bombe  Noisy le sec n'a aucun incident sur le trafic ?
Bonjour @RERC_SNCF, l'cran affichant les prochains trains en gare de Sermaise (voie2)  t rpar .
Bonjour @la2sar @RERA_RATP il y a un malaise voyageur dans un train  Houilles Carrires.
Bonne nouvelle ! Un trafic rgulier sur l'ensemble de la ligne #RERA #OK
Bus accident, pas grave, Chelsea repart en quart... #PSGCHE
Bus de Chelsea qui a eu un accident en descendant dans le parking du parc des princes. Bus casss #TeamPSG #PSGCHE
C'est chaud quand t'es dans le bus tranquille tu te concentres et puis paf accident. Tchip
C'est le moment le bus de Chelsea est accident... En avant les attaquants ! #PSGCHE
C'est une premire que je balance a comme a aussi, y'a genre 3 personnes au courant
Ca y est le bus a eu un accident en descendant dans le parking et ils ont gagn la LDC..
Chelsea : Petit accident du bus  #Chelsea #LiguedesChampions
Chelsea on reussi a mettre le bus maigres l'accident !  Mourinho il se prend pour le dieu juste il dfende a 11 et attaque en L1
Dans ma ville tout le monde connais mon pre, si j'ai le malheur de faire un truc de travers il sera au courant !
Depuis ce matin : pb sur la ligne 3  cause de la signalisation, pas de RER E pour cause d'obus et pas de trains sur la ligne H pour rentrer
Des travaux modifient la circulation des trains de la ligne #RERE - axe Haussmann Saint-Lazare / Villiers sur Marne / Tournan #BOF
Des travaux modifient la circulation des trains de la ligne #RERE - axe Haussmann Saint-Lazare/Villiers sur Marne/Tournan #BOF
Des travaux modifient toujours la circulation des trains de la ligne #RERE - axe Haussmann Saint-Lazare/Villiers sur Marne/Tournan #BOF
Deux enfants hospitalis aprs l'accident d'un bus venu de #Dax au #PaysBasque #Dax40
EN DIRECT. PSG-Chelsea: Le bus de Chelsea accident... David ... - : Lire l'article.  #psg
EN DIRECT. PSG-Chelsea: Le bus de Chelsea accident... David Luiz au milieu... L'avant-...
EN DIRECT. PSG-Chelsea: Le bus de Chelsea accident... David Luiz au milieu... L'avant-match en live com...  #News
Encore un individu en malaise qui immobilise le trafic du #rerA vers Cergy. La #sncf et ses procdures magiques...
Envie de baffer des personnages.... en supposant qu'un conducteur de bus soit responsable d'un accident dans lequel il est mort, quel est
Et i commence a parler toussa et j'entends mon frre i dit "c'est du shit?" Ptn la tte de oim j'avais envie d'me barrer en courant #3
Et on se traine encore sans explication. Y a 6 min entre chaque train vers paris. Pkoi roule t-on au ralenti ?? @rerb #rerb
FOOTBALL FR Le bus de Chelsea accident
FOOTBALL FR Petit accident pour le bus de Chelsea
Gare de l'Est : le site de Transilien #SNCF annonce un trafic interrompu jusqu'en fin de soire sur #RERE et #ligneP
Gare de l'Est : trafic interrompu jusqu'en fin de soire sur #RERE et #ligneP. Pour les grandes lignes, la SNCF dit de reporter son voyage.
Gare de l'Est : trafic paralys aprs la dcouverte d'un obus de la 2nde Guerre mondiale: Aucun train - TGV, RER
Huffington post: Paris Saint-Germain - Chelsea: le bus des Blues accident aprs avoir rat son virage: FOOTBA...
Il est 10:08 et le trafic est normal sur l'ensemble des lignes de RER
Il est 10:28 et le trafic est normal sur l'ensemble des lignes de RER
Incident sur la ligne 162: Infrabel espre un rtablissement du trafic  la mi-journe: Des navettes de bus as...
J'arrive chez mon pre et mon chat il arrive en courant, il me lche pas d'une semelle <33
J'aurais pris le bus de 5h j'etais dans l'accident
J'espre que le bus de Chelsea aie un accident, que tout le monde s'en sorte indemne (surtout la soigneuse) sauf Diego Costa et Ivanovic
Je suis ko, et faut que j'ai un accident en bus putain...
Jour 2 : je dis au petit de la famille "come here" il part en courant et ferme la porte sous mon nez
Jviens de survivre en live a un accident de bus
La @Ligne3_RATP ralentie,2 Roms qui chantent Lara Fabian sur le @RERB ,,Comme le @PSG_inside je suis dans le dur mais attention au sursaut
La @RERA_RATP devrait faire des annonces prvention des colis en cours de trajet dans le train. #rerA
La soire commence mal pour les Blues de Chelsea, petit accident de bus  l'arrive au Parc des Princes!
Le @RERE_SNCF , ses suppressions et ses trains courts inexpliqus du matin, en heure de pointe... #youpi #not #avf
Le bus de #Chelsea a eu un accident en descendant dans le parking du Parc des Princes ! Plusieurs vitres casses !
Le bus de Chelsea a eu un accident dinguerie
Le bus de Chelsea a eu un accident en descendant dans le parking du Parc. Plusieurs vitres casses.
Le bus de Chelsea a eu un accident en descendant dans le parking du Parc. Plusieurs vitres ont explos.
Le bus de Chelsea a eu un accident en rentrant dans le parking du Parc ils pourront pas le garer dans leur surface krkrkrkrkrkr
Le bus de Chelsea a eu un p'tit accident
Le bus de Chelsea a fait accident en parkan au stade lol #ironic
Le bus de Chelsea a t accident en arrivant dans le parking du Parc. Des vitres ont explos. Via @le_Parisien_PSG
Le bus de Chelsea accident
Le bus de Chelsea accident  #sports
Le bus de Chelsea accident dans le parking du Parc
Le bus de Chelsea accident dans les traves du Parc
Le bus de Chelsea accident: Le chauffeur du bus de Chelsea a rat son virage au moment d'entrer dans le parki...
Le bus de Chelsea accident: Petit couac pour Chelsea. Avant le huitime de finale aller face au Paris Saint-G...
Le bus de Chelsea il a eu un petit accident
Le bus de Chelsea qui a un accident en arrivant
Le bus de Chelsea qui a un accident, l'ironie du sort ultime.
Le bus de Chelsea qui a un accident... Putain de con va allez nous blessez des joueurs avant le match
Le bus de Chelsea qui fait un accident avant d'arriver au parc des princes mdr a commence bien #PSGCHE
Le bus de Chelsea qui fait un accident en arrivant au parc mdrrr
Le bus de Cheslea a eu un accident en se garant au Parc. plusieurs vitres ont explos.,(Le Parisien)
Le bus des blues de Chelsea a eu un accident en descendant dans le parking du Parc. Plusieurs vitres ont explos.
Le fair-play du PSG ;-)) RT @RTBFsport: Accident pour le bus de Chelsea avant de jouer contre le PSG #footRTBF
Le fameux bus de Chelsea garer dans leur but a un accident. Prmonitoire? Ou Hasard?
Le trafic est interrompu entre Nanterre-Prefecture et Cergy/ Poissy. Retour  la normale  21:30 #RERA #KO
Les cons ! RT Petit accident du bus de Chelsea au Parc des Princes avant le match  via @lequipe
Les gens qui force les portes du metro pour pas le louper vous me foutez le dmon , y en a toute les 2 minutes niquez vos mre nan
MDRRRRRRRR le bus de Chelsea a eu accident dans le parking du parc, allez bande de merde j'espre que vous allez prendre chre !
Mbaye Niang nie toute implication dans dans l'accident du bus de Chelsea. #PSGCHE
Mddr accident du bus de chelsea
Mdr le bus de Chelsea il s'est accident au Parc des Princes j'crois dieu veut leur faire passer un message
Mdrr #Chelsea a eu un accident de Bus au Parc a commence dj les Marabout :) #PSGCHE
Mdrr heureusement que j'ai pas eu le bus psk ya eu un accident
Meteo du #RER (#ratp) : KO () 17/02/2015 a 09:25 Trafic normal sur l'ensemble ...
Meteo du #RER (#ratp) : KO () 17/02/2015 a 10:17 Trafic normal sur l'ensemble ...
Meteo du #RER (#ratp) : OK () 17/02/2015 a 01:09 Trafic normal sur l'ensemble ...
Meteo du #RER (#ratp) : OK () 17/02/2015 a 10:09 Trafic normal sur l'ensemble ...
Meteo du #RER (#ratp) : OK () 17/02/2015 a 10:33 Trafic normal sur l'ensemble ...
Mon bus a provoqu un accident , a ma choqu
Mtro Ligne 1 En raison d'une panne de matriel, le trafic est ralenti sur l'ensemble de la ligne.
Mtro Ligne 12 En rpercussion d'un colis suspect le trafic est ralenti sur l'ensemble de la ligne. Trafic normal sur les autr [1/2]
Mtro Ligne 13 En raison d'un malaise voyageur, le trafic est ralenti en direction de Chatillon-Montrouge. Trafic normal sur le [1/2]
Mtro Ligne 14 En rpercussion d'une panne de matriel, le trafic est ralenti sur l'ensemble de la ligne. Trafic normal sur le [1/2]
Mtro Ligne 3 En raison d'un incident technique, le trafic est ralenti sur l'ensemble de la ligne. Trafic normal sur les autres [1/2]
Mtro Ligne 3 En raison d'une panne de signalisation, le trafic est ralenti sur l'ensemble de la ligne.
Mtro Ligne 3 En raison d'une panne de signalisation, le trafic est ralenti sur l'ensemble de la ligne. Trafic normal sur les au [1/2]
Mtro Ligne 3 En raison de l'intervention des services techniques entre Gambetta et Pre Lachaise, le trafic est ralenti sur l [1/2]
Mtro Ligne 3 En raison de l'intervention des services techniques, le trafic est interrompu entre Gallini et Rpublique.Repr [1/2]
Mtro Ligne 3 En raison de l'intervention des services techniques, le trafic est ralenti sur l'ensemble de la ligne.
Mtro Ligne 6 En raison d'un incident voyageur  Place d'Italie, le trafic est ralenti sur l'ensemble de la ligne. Reprise est [1/2]
Mtro Ligne 6 En rpercussion d'un incident voyageur  Place d'Italie, le trafic est ralenti sur l'ensemble de la ligne. Traf [1/2]
Mtro Ligne 8 En raison d'un voyageur malade  Concorde, le trafic est ralenti sur l'ensemble de la ligne. Trafic normal sur le [1/2]
Mtro Ligne 8 En raison d'une panne de matriel, le trafic est ralenti sur l'ensemble de la ligne. Trafic normal sur les autres [1/2]
Mtro Ligne 8 En rpercussion d'un voyageur malade  Concorde, le trafic est ralenti sur l'ensemble de la ligne. Trafic normal [1/2]
Obus sur les rails  Noisy-le-Sec : le trafic du RER E et de la ligne P est dsormais interrompu jusqu'en fin de soire. #qml
On en serait pas  9 jours  pb conscutifs? #RERB on fire! RT @RERB: 09:22, le trafic est perturb de Bourg-la-Reine vers CdG 2 / Mitry
On est bien d'accord que ce truc de l'accident de bus ne pouvait arriver qu'au Chelsea de Mourinho.
On m'explique le coup des lunettes de soleil dans le RER a 8h du mat ?
Oups ! Le trafic est perturb de Bourg-la-Reine vers Aeroport CdG 2 / Mitry - Claye  cause d'un incident technique #RERB #BOF
PSG-Chelsea : Petit accident pour le bus des Blues
PSG-Chelsea : Petit accident pour le bus des Blues Le bus de Chelsea a eu un petit problme pour rentrer sur le parking du Parc des Prince
PSG-Chelsea : petit accident pour le bus des Anglais
PSG-Chelsea: Le bus de Chelsea accident au Parc des Princes
PSG-Chelsea: Le bus de Chelsea accident au Parc des Princes  #ActualitSportive #YAHOOSPORTS
PSG-Chelsea: Le bus de Chelsea accident au Parc des Princes  #france #french
PSG-Chelsea: Le bus de Chelsea accident au Parc des Princes ()
PSG-Chelsea: Le bus de Chelsea accident au Parc des Princes -  via @20minutes
PSG-Chelsea: Le bus de Chelsea accident au Parc des Princes via @20minutes @lucasx7x
PSG-Chelsea: Le bus de Chelsea accident au Parc des Princes: FOOTBALL - Le car des Blues a t endommag...
PSG-Chelsea: Le bus de Chelsea accident au Parc des Princes: FOOTBALL - Le car des Blues a t endommag...  #PSG
PSG-Chelsea: Le bus de Chelsea accident au Parc...
PTDDDDDR on a faillit avoir un accident de bus la, bien violent
Paris Saint-Germain - Chelsea: le bus des Blues accident aprs avoir rat son virage
Paris Saint-Germain - Chelsea: le bus des Blues accident aprs avoir rat son virage: ...
Paris Saint-Germain - Chelsea: le bus des Blues accident aprs avoir rat son virage: FOOTBALL - Ce n'est san...
Paris Saint-Germain - Chelsea: le bus des Blues accident aprs avoir rat...
Pas de bol ! Le trafic est perturb de Bourg-la-Reine vers Aeroport CdG 2 / Mitry - Claye  cause d'un incident technique #RERB #BOF
Patience! Des travaux modifient la circulation des trains de la ligne #RERE - axe Haussmann Saint-Lazare / Villiers sur Marne / Tournan #BOF
Personnes sur les voies  Nanterre pref. Trafic interrompu Cergy/poissy (uniqt) #qml #rera
Petit accident du bus
Petit accident du bus de #Chelsea au Parc des Princes avant le match  via @lequipe
Petit accident du bus de Chelsea au Parc
Petit accident du bus de Chelsea au Parc  #PSGCHE
Petit accident du bus de Chelsea au Parc  #PSGChelsea
Petit accident du bus de Chelsea au Parc  via @lequipe
Petit accident du bus de Chelsea au Parc des Princes
Petit accident du bus de Chelsea au Parc des Princes avant le match  via @lequipe
Petit accident du bus de Chelsea au Parc: Souvent accus de garer le bus devant ses buts quand son...  #football
Petit accident du bus: Souvent accus de "garer le bus" devant ses buts quand son quipe mne au score, Jos M...
Petit accident pour le bus de Chelsea
Petit accident pour le bus de Chelsea  #sports
Petit accident pour le bus de Chelsea: Petit couac pour Chelsea. Avant le huitime de finale aller face au Par...
Pourquoi mon bus tout les mardi il a un accident
Ptn j'ai failli me faire craser par un bus il a mme pas ralenti quand il m'a vu mdr
Qubec  Une passagre blesse dans l'accident d'un bus
RER A : trafic ralenti +10/20min  prvoir sur la ligne malaise voyageur dans un train  Houilles Carrires #qml #rera
RER A En raison d'un incident voyageur en gare de Houilles Carrires sur Seine, le trafic est interrompu entre Nanterre Prfect [1/2]
RER A En raison d'un incident voyageur, le trafic est ralenti sur l'ensemble de la ligne. Trafic normal sur les autres lignes de RER.
RER B En rpercussion d'un incident au Bourget, le trafic est ralenti dans les deux sens de Bourg la Reine vers Aroport CDG/M [1/2]
RT @20Minutes: PSG-Chelsea: Le bus de Chelsea accident au Parc des Princes
RT @Alice_RHCP: Jour 2 : je dis au petit de la famille "come here" il part en courant et ferme la porte sous mon nez
RT @BJB_Charenton: #RATP pourquoi dire trafic perturb quand aucune rame circule sur la ligne 14 ? Vous crez des files d'attentes inutiles. Que de tps perdu !
RT @CaptainYayo: @RERB: 09:22, le trafic est perturb de Bourg-la-Reine vers Aeroport CdG 2 / Mitry - Claye (incident technique) #RERB tu me manquera NEVER
RT @DC_Skaaren: Suite  un accident, le bus de Chelsea serait incertain pour assurer sa place dans la dfense des Blues #PSGCHE
RT @DLF_Officiel: "Ouverture lignes de bus: je vous mets ma main  couper que a va profiter  des compagnies trangres &non franaises" @JphTanguy @SudRadio
RT @Dedodante: Accident du bus des joueurs de Chelsea au parc des princes.,Si ils commencent comme a y a peut-tre un coup  jouer!
RT @DelHicham: On est bien d'accord que ce truc de l'accident de bus ne pouvait arriver qu'au Chelsea de Mourinho.
RT @E_Collardey: Obus sur les rails  Noisy-le-Sec : le trafic du RER E et de la ligne P est dsormais interrompu jusqu'en fin de soire. #qml
RT @EmDefay: Gare de l'Est : le site de Transilien #SNCF annonce un trafic interrompu jusqu'en fin de soire sur #RERE et #ligneP
RT @FBOcom: #RerE et ligne P Trafic interrompu jusqu'en fin de soire les enfants, prenez les chemins de secours ! Possible de rattraper via VDF #qml
RT @FBleu1071: Gare de l'Est : trafic interrompu jusqu'en fin de soire sur #RERE et #ligneP. Pour les grandes lignes, la SNCF dit de reporter son voyage.
RT @Footballogue: [#LDCLiveCamp] Le bus de Chelsea a eu un accident en descendant dans le parking du Parc. Plusieurs vitres casses.
RT @GOLDORAK54: Petit accident du bus de Chelsea au Parc des Princes avant le match  via @lequipe
RT @GillesKLEIN: 19.48 h Attente d'une quipe mdicalise  Houilles, le voyageur ne peut tre dplac du train (RATP) #RERA
RT @GillesKLEIN: 19:23, le trafic est interrompu entre Nanterre-Prefecture et Cergy/ Poissy (incident voyageur) #RERA
RT @LIGNEL_sncf: #LigneL: Modif desserte/suppressions Axe #Cergy et trafic retenu sur #RERA. Motif Malaise voyageur sur TIKY77 en gare de #Houilles-Carrieres
RT @Lewotine: #ALERTE #RERE ils ont trouv un obus datant de la IIe guerre mondiale  Noisy le sec, plus de trafic jusqu' la fin du service.
RT @LiveTweetPsg: Accident de bus au Parc  #PSG
RT @MKForgione: #PSGCHELSEA Petit accident bus #Chelsea au #ParcdesPrinces avant le matchcentre le parapet.,
RT @MappyCity: AE ! Trafic ralenti sur les axes Paris/Cergy le Haut et Paris/Poissy #RERA #BOF
RT @MappyCity: Le trafic est interrompu entre Nanterre-Prefecture et Cergy/ Poissy. Retour  la normale  21:30 #RERA #KO
RT @MappyCity: Rappel ! Le trafic est interrompu entre Nanterre-Prefecture et Cergy/ Poissy. Retour  la normale  21:30 #RERA #KO
RT @MappyCity: Trafic toujours ralenti sur les axes Paris/Cergy le Haut et Paris/Poissy #RERA #BOF
RT @Nicolas78955: La @RERA_RATP devrait faire des annonces prvention des colis en cours de trajet dans le train. #rerA
RT @NicolasHortus: Le bus de Cheslea a eu un accident en se garant au Parc. plusieurs vitres ont explos.,(Le Parisien)
RT @ON_MA_APPLAUDIT: Le chauffeur du bus a ralenti par ce qu'une beurette traversait, je lui ai dis azi passe c'est orange, on m'a applaudit, j'ai roul l'bus
RT @OnMaApplaudi: Le chauffeur du bus a ralenti par ce qu'une beurette traversait, je lui ai dis azi passe c'est orange, on m'a applaudit, j'ai roul l'bus
RT @PSGNEWS: EN DIRECT. PSG-Chelsea: Le bus de Chelsea accident... David ... - : Lire l'article.  #psg
RT @PassionFootClub: Le bus de Chelsea a t accident en arrivant dans le parking du Parc. Des vitres ont explos. Via @le_Parisien_PSG
RT @PatPSGdepuis82: #LEPARISIEN : "Le bus de Chelsea a eu un accident en descendant dans le parking du Parc. Plusieurs vitres ont explos."
RT @PatPSGdepuis82: #PSG : Accident de bus au Parc
RT @PlessietJulien: Bus accident, pas grave, Chelsea repart en quart... #PSGCHE
RT @PolitiqueActus: PSG-Chelsea: Le bus de Chelsea accident au Parc des Princes  - 20minutes
RT @RERA_RATP: 19:23, le trafic est interrompu entre Nanterre-Prefecture et Cergy/ Poissy (incident voyageur) #RATP #RERA
RT @RERA_RATP: 20:13, le trafic est interrompu entre Nanterre-Prefecture et Cergy/ Poissy. Retour  la normale  21:30. (incident voyageur) #RATP #RERA
RT @RERA_RATP: 20:31, le trafic est ralenti sur la ligne (incident voyageur) #RATP #RERA
RT @RERA_RATP: Attente d'une quipe mdicalise  Houilles, le voyageur ne peut tre dplac du train #RERA #RATP
RT @RERA_RATP: Retour  un trafic rgulier sur l'ensemble de la ligne #RERA #RATP. Incident termin.
RT @RERB: 09:22, le trafic est perturb de Bourg-la-Reine vers Aeroport CdG 2 / Mitry - Claye (incident technique) #RERB
RT @RERB: @loicDfl Bjr, il s'agit d'une avarie matriel sur un train au Bourget qui gnre des ralentissements (jusqu' 10h environ)
RT @RERB: Bjr @YoussefHitch, une avarie matriel sur un train en gare du Bourget entrane des perturbations
RT @RERB: Retour  un trafic rgulier sur l'ensemble de la ligne #RERB. Incident termin.
RT @RERE_SNCF: @MontCenis Bonjour, oui il y a un train Magenta/St-Lazare jusqu'en fin de service. Bonne soire
RT @RTBFsport: Accident pour le bus de Chelsea avant de jouer contre le PSG #footRTBF
RT @RTLsportbe: Accident du bus de Chelsea au PSG: un mauvais prsage ?
RT @SO_Landes: Deux enfants hospitalis aprs l'accident d'un bus venu de #Dax au #PaysBasque #Dax40
RT @Shoupeen: #ChezLesHaitiens des que tu vois une pote  ta mre ds la rue .. Tes mm pas encore rentrer que ta mre est dj au courant..
RT @SkyWalker_White: @VanVestou non le bus a eu un accident en rentrant dans le parking mdr
RT @StoBoy77: #RerD le DICA de 7h26 au Me est supprim. La raison : " la capacit du train ! " #qml
RT @TomekTR: RER A : trafic ralenti +10/20min  prvoir sur la ligne malaise voyageur dans un train  Houilles Carrires #qml #rera
RT @Tremx: Le bus de Chelsea qui a un accident... Putain de con va allez nous blessez des joueurs avant le match
RT @VaAypoO: Et genre je descendait du train pour prendre le RER a #2
RT @WMyWay_Mobile: ure et Cergy/Poissy. Reprise estime vers 21h30. Trafic normal sur les autres lignes de RER. [2/2]
RT @WMyWay_Mobile: ure et Cergy/Poissy. Trafic normal sur les autres lignes de RER. [2/2]
RT @WYN_Chelsea_: Le bus de #Chelsea a eu un accident en descendant dans le parking du Parc des Princes ! Plusieurs vitres casses !
RT @Weireld: Accident du bus de Chelsea, penalty pour le Paris saint germain.
RT @avisTAXISVTC: PSG-Chelsea: Le bus de Chelsea accident au Parc des Princes -  via @20minutes
RT @danielmoqetcom: # Attention , Estrosi ,nous refait le coup 2 la ligne 2 dmarcation  Nice , version annes noires ,avec rfrendum , bien- sr , le bougre
RT @e_moostik: @RERA_RATP arrtez avec vos euphmismes ! Le trafic est interrompu, c'est pas la mme chose que ralenti ! Allo on est la !!! #RERA
RT @galeRERAfr: #RERA trafic interrompu > incident voyageur :(
RT @galeRERAfr: #RERB Avarie matriel sur un train en gare du Bourget,
RT @geoffroyboulard: Accident place des #Ternes : le bus @ratp stopp par un arbre en vitant un voiture. Un piton bless #paris17
RT @guefine: Personnes sur les voies  Nanterre pref. Trafic interrompu Cergy/poissy (uniqt) #qml #rera
RT @jnbuisson: AHAHA Petit accident du bus de Chelsea au Parc  via @lequipe #PSGCHE
RT @keepcalmrera: @RERA_RATP merci d'tre prcis, sur les crans en gare c'est ralenti et non interrompu #rera! Ps : partie d'Auber vers poissy il y a 5min
RT @le_Parisien_PSG: Le bus de Chelsea a eu un accident en descendant dans le parking du Parc. Plusieurs vitres ont explos.
RT @lequipe: Petit accident du bus de Chelsea au Parc des Princes
RT @lisulanu: #MauvaiseFoi Le bus caillass de Chelsea aurait en fait eu un accident en rentrant dans le parkinga c'est Paris,
RT @loveofoot: Chelsea : Petit accident du bus  #Chelsea #LiguedesChampions
RT @panurgismes: Encore un individu en malaise qui immobilise le trafic du #rerA vers Cergy. La #sncf et ses procdures magiques...
RT @pierroz127: #RERA train bloqu entre Nanterre Prfecture et Houilles. Un voyageur se serait bless en descendant du train a ouilleouilleouille
RT @ratp78190: @RERA_RATP tous les trains  destination de Poissy ont pour terminus NanterreP et pour Cergy le Haut il sera direct Nanterre et Sartrouville
RT @rerb_monamour: On en serait pas  9 jours  pb conscutifs? #RERB on fire! RT @RERB: 09:22, le trafic est perturb de Bourg-la-Reine vers CdG 2 / Mitry
RT @senego: Le bus de Chelsea accident dans les traves du Parc
RT @steevy9915: La soire commence mal pour les Blues de Chelsea, petit accident de bus  l'arrive au Parc des Princes!
RT @tvanouvelles: Une passagre blesse dans l'accident d'un bus  Qubec:
RT @unefrange: la dernire semaine de cours au lyce, j'ai dpass 2 mecs en courant (grotesquement ) ils m'ont chant Eye of the Tiger wowowo
RT @vincegastellier: Et on se traine encore sans explication. Y a 6 min entre chaque train vers paris. Pkoi roule t-on au ralenti ?? @rerb #rerb
RT @vincentglad: Beau live-tweet d'accident de bus de @le_Parisien_PSG. Le match ne sera jamais aussi passionnant.
Rappel ! Le trafic est interrompu entre Nanterre-Prefecture et Cergy/ Poissy. Retour  la normale  21:30 #RERA #KO
Retour  un trafic rgulier sur l'ensemble de la ligne #RERA #RATP. Incident termin.
Retour  un trafic rgulier sur l'ensemble de la ligne #RERB Incident termin #OK
Retour  un trafic rgulier sur l'ensemble de la ligne #RERB. Incident termin.
Ribery est  Chelsea? @lequipe: Petit accident du bus de Chelsea au Parc des Princes
Sa commence mal pour chelsea mdr leur bus a fait un accident a lentree du parc des princes
Suite  un accident, le bus de Chelsea serait incertain pour assurer sa place dans la dfense des Blues #PSGCHE
Tenez bon ! Des travaux modifient la circulation des trains de la ligne #RERE - axe Haussmann Saint-Lazare/Villiers sur Marne/Tournan #BOF
Trafic interrompu entre Magenta et Val de Fontenay et entre Magenta et Bondy, dans les deux sens #RERE #KO
Trafic interrompu entre Magenta et Val de Fontenay et entre Magenta et Le Raincy Villemomble dans les 2 sens.#RERE #KO
Trafic toujours ralenti sur les axes Paris/Cergy le Haut et Paris/Poissy #RERA #BOF
Truc de fouuuuu je crois mon bus il repassera pas il a eu un de ces accident !!!!
Une passagre blesse dans l'accident d'un bus
Une passagre blesse dans l'accident d'un bus  Qubec:
Vous regardez les bouchons, les chssis et carburateur @lequipe Petit accident du bus de Chelsea au Parc des Princes
Y a 2 ga en moto  la pompe  essence y se prenne la honte a rire tous fort mais y on pas l'air au courant ..
Y'a des accident voyageur toutes les 5min sur la ligne 2, j'en ai marre de devoir courrir a chaque fois
[#LDCLiveCamp] Le bus de Chelsea a eu un accident en descendant dans le parking du Parc. Plusieurs vitres casses.
[] PSG-Chelsea : Petit accident pour le bus des Blues ,
a commence bien, petit accident du bus de Chelsea au Parc #PSGCHELSEA  via @lequipe
a fait 3 mois que j'ai pas repris le bus et le train a m'a pas manqu du tout !!  j'ai pas envie de voir les vieilles gueules dans le bus
accident du bus de Chelsea en arrivant au Parc ptdr, dconcentr avant le match les londoniens
itry. Trafic normal sur les autres lignes de RER. [2/2]
la dernire semaine de cours au lyce, j'ai dpass 2 mecs en courant (grotesquement ) ils m'ont chant Eye of the Tiger wowowo
le bus de chelsea  eut un accident c'est ptetre un signe
les transports c'tait la mort, yavait pas de RER E du coup tout l'monde a prit le 221, il fallait 10 minutes juste pour monter dans l'bus
suite  un engin explosif de 2me guerre en gare de Noisy le Sec le trafic est interrompu entre Magenta et Val de Fontenay @RERE_SNCF 1/2
ure et Cergy/Poissy. Reprise estime vers 21h30. Trafic normal sur les autres lignes de RER. [2/2]
ure et Cergy/Poissy. Trafic normal sur les autres lignes de RER. [2/2]
