"@IamGeoLaWavance: Je ne veux plus JAMAIS lire Imbula, Thauvin, Ntep etc en EDF avant fin 2015. Merci de cooprer." Bahebeck non plus merci
#QML le trafic est interrompu entre Auber et Nation. Retour  la normale  15:30. (colis suspect) #RATP #RERA
#QML le trafic est ralenti entre Nation et La Defense (Grande Arche) (colis suspect) #RATP #RERA Chatelet a nouveau desservie #RERB #RERD
#RER A Panne d'un train a CDG et malaise voyageur  Nation
#RER A Trafic perturb en raison d'un malaise voyageur  Nation et divers incidents.
#RERA j'espre qu'il n'est pas en retard sinon je loupe mon bus aprs et 30 min d'attente
14:33, le trafic est interrompu entre Auber et Nation. Retour  la normale  15:30. (colis suspect) #RATP #RERA
@Diminou_ ben ouais la semaine dernire c'est  cause d'un bus pas pass que j'ai loup l'UE7 de l'autre bg l
@FDavina non dborah peut pas, alors un autre jour je te retiens au courant :)) j'espre que j'aurais toujours des sous d'ici l xD
@RERC_SNCF bonjour, il y a eu un train supprim ce matin  ermont (8:20 direction pont de rungis) ? pas d'annonce ?
Attention : Des travaux interrompent la circulation des trains du #RERA  partir de 21h40 sur laxe Nanterre Prfecture - Poissy#BOF
Bon un train du RER A est en panne a Charles de Gaulle toile et videmment mon mari est dedans
C'est bizarre y a une panne d'un ct et interruption du trafic de l'autre #RERD #ToujoursAuTop
Courir pour choper un bus/tram le matin a m'tait jamais arriv, comme quoi faut une premire fois  tout.
Des travaux interrompent la circulation de certains trains sur la ligne #RERC Substitution routire est mise en place #BOF
Il est 02:24 et le trafic est normal sur l'ensemble des lignes de RER
Il est 02:51 et le trafic est normal sur l'ensemble des lignes de RER
Il est 03:01 et le trafic est normal sur l'ensemble des lignes de RER
Il est 03:24 et le trafic est normal sur l'ensemble des lignes de RER
Il est 03:51 et le trafic est normal sur l'ensemble des lignes de RER
Il est 14:52 et le trafic est normal sur l'ensemble des lignes de RER
Il est 20:08 et le trafic est normal sur l'ensemble des lignes de RER
Il est 20:21 et le trafic est normal sur l'ensemble des lignes de RER
J'ai fait tout les mode de transport confondu ojd tram bus train rer metro voiture
Je me rveille en retard, je prends le train d'aprs, il ne s'arrte pas  Aulnay, je vais devoir aller  GDN et revenir en RER b
Lignes d'Azur en grve ce jeudi: pas de tramway et trafic des bus perturb -
Lignes d'Azur en grve ce jeudi: pas de tramway et trafic des bus perturb | Nice | Nice-Matin
Lignes d'Azur en grve ce jeudi: pas de tramway et trafic des bus perturb | Nice | Nice-Matin  #nice06 #paca #fr
Lignes d'Azur en grve ce jeudi: pas de tramway et trafic des bus perturb,
Lignes d'Azur en grve ce jeudi: pas de tramway et trafic des bus perturb... #Nice06 #Nouvelles
Lignes dAzur en grve ce jeudi: pas de tramway et trafic des bus perturb
Meteo du #RER (#ratp) : KO () 14/10/2014 a 14:31 Trafic normal sur l'ensemble ...
Meteo du #RER (#ratp) : OK () 14/10/2014 a 01:09 Trafic normal sur l'ensemble ...
Meteo du #RER (#ratp) : OK () 14/10/2014 a 09:25 Trafic normal sur l'ensemble ...
Meteo du #RER (#ratp) : OK () 14/10/2014 a 14:49 Trafic normal sur l'ensemble ...
Meteo du #RER (#ratp) : OK () 14/10/2014 a 14:57 Trafic normal sur l'ensemble ...
Meteo du #RER (#ratp) : OK () 14/10/2014 a 20:09 Trafic normal sur l'ensemble ...
Mon train y lest dans 5 mn er suis encore dans le bus vais rentrer a chepa quel h
Mtro Ligne 4 En raison d'un malaise voyageur, le trafic est ralenti de Saint-Michel vers Porte de Clignancourt. Trafic normal s [1/2]
Mtro Ligne 4 En raison d'un malaise voyageur, le trafic est ralenti en direction de Porte de Clignancourt. Trafic normal sur le [1/2]
Mtro Ligne 4 En rpercussion d'un malaise voyageur, le trafic est ralenti sur l'ensemble de ligne. Trafic normal sur les autre [1/2]
Mtro Ligne 8 En rpercussion d'une intervention des quipes techniques, le trafic est ralenti sur lensemble de la ligne. T [1/2]
Nantes Tram contre bus : accident impressionnant -  #Nantes
Oups ! La gare de Houilles Carrires n'est pas desservie #SNCF_J #BOF. Cet arrt est report  Maisons Laffitte (#RERA et #SNCF_L).
RER A : retards 20mn jusqu' 19h30 Panne d'un train  Charles de Gaulle Etoile et malaise voyageur  Nation #qml #rera #lignel Cergy
RER A En raison d'un voyageur sur la voie  Vincennes, le trafic est interrompu en direction de Cergy / St germain en Laye et r [1/2]
RER A En raison d'un voyageur sur la voie  Vincennes, le trafic est interrompu entre Nation et Val de Fontenay / Fontenay Sous [1/2]
RER A En raison d'un voyageur sur la voie  Vincennes, le trafic est ralenti en direction de Cergy/St germain en Laye. Trafic no [1/2]
RER A En raison de la prsence d'un colis suspect,le trafic est interrompu entre les gares Auber et Nation. Retour  la normale  15h30.
RER B En raison de la prsence d'un colis suspect, l'arrt n'est pas marqu  la gare Chatelet-Les Halles. Trafic normal sur [1/2]
RT @MappyCity: Attention : Des travaux interrompent la circulation des trains du #RERA  partir de 21h40 sur laxe Nanterre Prfecture - Poissy#BOF
RT @MaximeAln: Je me rveille en retard, je prends le train d'aprs, il ne s'arrte pas  Aulnay, je vais devoir aller  GDN et revenir en RER b
RT @RERA_RATP: 14:33, le trafic est interrompu entre Auber et Nation. Retour  la normale  15:30. (colis suspect) #RATP #RERA
RT @Thomas92380: #RERA j'espre qu'il n'est pas en retard sinon je loupe mon bus aprs et 30 min d'attente
RT @TomekTR: #QML le trafic est interrompu entre Auber et Nation. Retour  la normale  15:30. (colis suspect) #RATP #RERA
RT @TomekTR: #QML le trafic est ralenti entre Nation et La Defense (Grande Arche) (colis suspect) #RATP #RERA Chatelet a nouveau desservie #RERB #RERD
RT @TomekTR: RER A : retards 20mn jusqu' 19h30 Panne d'un train  Charles de Gaulle Etoile et malaise voyageur  Nation #qml #rera #lignel Cergy
RT @galeRERAfr: #RER A Panne d'un train a CDG et malaise voyageur  Nation
RT @pablico2: Lignes d'Azur en grve ce jeudi: pas de tramway et trafic des bus perturb | Nice | Nice-Matin
Rappel : Modification de la circulation des trains sur la ligne #RERE sur l'axe Haussmann Saint-Lazare/Villiers sur Marne/Tournan #BOF
Rappel: Des travaux interrompent la circulation des trains du #RERA  partir de 21h40 sur les axes: Nanterre Prfecture- Cergy le Haut #BOF
Trafic fortement perturb sur la ligne de #rera  08:20 le 14/10 #fedlate en savoir plus sur
Trafic fortement perturb sur la ligne de #rera  13:20 le 14/10 #fedlate en savoir plus sur
Trafic fortement perturb sur la ligne de #rera  14:00 le 14/10 #fedlate en savoir plus sur
Trafic fortement perturb sur la ligne de #rera  14:40 le 14/10 #fedlate en savoir plus sur
Trafic fortement perturb sur la ligne de #rera  15:20 le 14/10 #fedlate en savoir plus sur
Trafic fortement perturb sur la ligne de #rera  18:40 le 14/10 #fedlate en savoir plus sur
Trafic fortement perturb sur la ligne de #rera  19:20 le 14/10 #fedlate en savoir plus sur
Trafic fortement perturb sur la ligne de #rera  20:00 le 14/10 #fedlate en savoir plus sur
Trafic fortement perturb sur la ligne de #rera  20:40 le 14/10 #fedlate en savoir plus sur
Trafic fortement perturb sur la ligne de #rerb  08:20 le 14/10 #fedlate en savoir plus sur
Trafic fortement perturb sur la ligne de #rerb  09:00 le 14/10 #fedlate en savoir plus sur
Trafic fortement perturb sur la ligne de #rerb  09:40 le 14/10 #fedlate en savoir plus sur
Trafic fortement perturb sur la ligne de #rerb  15:20 le 14/10 #fedlate en savoir plus sur
Trafic fortement perturb sur la ligne de #rerc  09:00 le 14/10 #fedlate en savoir plus sur
Trafic perturb sur la ligne de #rera  09:00 le 14/10 #fedlate en savoir plus sur
Trafic perturb sur la ligne de #rerc  08:20 le 14/10 #fedlate en savoir plus sur
Trafic perturb sur la ligne de #rere  07:40 le 14/10 #fedlate en savoir plus sur
Trafic ralenti sur la ligne 7  cause dun malaise dun voyageur, tu mtonnes, ils sont tous blinds
Une meuf elle ma dit jsui parti retir des sous avec la carte a mon pre il dort il et pas au courant
Ya une fille elle nous demande 160 pour prendre son bus Matthieu il a arrter d'couter a partir de 160 mdrr
