#INFO Shawn Mendes sera en concert a Paris le 1 mars a La Boule Noire a Paris ! je vous tiens au courant !
#RER B Trafic ralenti en raison de l'intervention des forces de l'ordre  Gare du Nord.
#RERB #KO : trafic interrompu entre les stations Luxembourg et Gare du Nord dans les 2 sens !
#RERB #OK : trafic rtabli !
#RERC : reprise du trafic entre Pereire-Levallois et Pontoise, avec d'importants retards. Retour  la normale sur #RERB et #RERA #ratp
#RERD #BOF : Trafic ralenti jusqu' 17h, sauf axe Corbeil/Melun (prsence d'une personne prs des voies)
#RERD #KO : trafic interrompu entre Orry la Ville et Gare du Nord dans ce sens !
#RERD Le trafic est ralenti en raison de la prsence de personnes aux abords des voies  Crteil Pompadour.,Fin estime  16h15
03/06/14: En courant vers le Perron, une vue sur la Grande Sre se librant de son capuchon !
09:53, le trafic est ralenti de La Defense (Grande Arche) vers Marne-la-Vallee Chessy (colis suspect) #RATP #RERA
10:10, le trafic est interrompu entre Auber et Nation (colis suspect) #RATP #RERA
10:10, le trafic est interrompu entre Gare du Nord et Luxembourg (colis suspect) #RERB
10:17, le trafic reprend progressivement entre Auber et Nation (colis suspect) #RATP #RERA
10:17, le trafic reprend progressivement entre Gare du Nord et Luxembourg (colis suspect) #RERB
13:10, le trafic est ralenti de Plaine stade de F. vers St-Remy / Robinson (mesure de scurit) #RERB
14:06, le trafic est ralenti de Gare du Nord vers St-Remy / Robinson (mesure de scurit) #RERB
@Aistacariel,Boh, non. Tu sais les copis /colls niveau caractre sont trs courant venant de lui q:
@B_isUnkut apparemment ptn... Du coup la jvais a Epinay sur Seine prendre le rer c, interruption du trafic jusqua 13h30
@Boris_Thb Non mais a on est au courant ... enfin j'espre putain
@BreathOfHatred T'faon in regarde ensemble avec le micro, on sera vite au courant!
@CavsTommy nan pcq bondy c 1 train toute les 15 min ya 100 personnes alors que le RER A c 1 train toute les 1-2 min et 100 personnes
@Js_Bilodeau @slygoldtrader @Sthilairec @franlabelle Au courant que 1 humain sur 3  pas d eau du tout? Pouvez vs arrter de brailler?
@Linformatrice @SlaterLalie non mais attendez tout n est pas transposable,le monde musulman serait au courant si Ben Laden tait de la cia
@RERA_RATP le trafic reprend  l'instant. #RERA
@RERC_SNCF y a t il des trains encore au dpart de St Quentin direction St Martin ?
@_Monchele_ @TUForg bjr, le trafic a repris sur #RERA et RERB depuis 10h15.
@alotinalittle mon padre pensait pas que tu serais au courant et moi non plus du coup mdrrrr
@cxbainslove secret secret secret secret non en fait jsuis pas sure je travaille dessus je eux pas le dire mais tu seras la 1re au courant
@laurabls7 tu demande des rafaello a ton pre, il te dis non et tu lui dis "pas grave j'y vais quand mme" et tu reviens en courant
Alerte ! Trafic interrompu sur la ligne #RERC entre Brtigny et Saint Martin d'tampes dans les 2 sens #KO
Alerte ! Trafic perturb sur la ligne #RERD au niveau des axes Goussainville - Melun - Orry la Ville - Corbeil Essonnes / Malesherbes #BOF
Colis suspect  Chatelet : trafic interrompu sur le #RERA entre Auber et Nation, et sur le #RERB entre Gare du Nord et Luxembourg #ratp
Difficile de rentrer chez soi avec le @RERD_SNCF  trafic interrompu colis suspect #rerd
Et bref pour rentrer on a rat 1- notre tram = accident. 2- notre train
Il est 16:01 et le trafic est normal sur l'ensemble des lignes de RER
Il est 16:28 et le trafic est normal sur l'ensemble des lignes de RER
Infotrafic #RERD : Le trafic est perturb jusqu' 15h suite  une intervention des forces de l'ordre  Gare de Nord
Infotrafic #RERD : Trafic ralenti (except l'axe Corbeil/Melun) suite  la prsence d'une personne prs des voies
Infotrafic #RERD : Trafic ralenti jusqu' 17h, sauf axe Corbeil/Melun (prsence d'une personne prs des voies)
Infotrafic #RERD [MAJ] Le trafic reprend progressivement (intervention des forces de l'ordre  Gare de Nord)
J'ai rev j'etais au starbucks cette nuit du coup au ptit dej j'ai bus une grande tasse de caf sauf qu'il etait deg :/
Je reois un appel "C'est bien le secours populaire?" Ah non  moins que je sois pas encore au courant.
Le #RERD se ressaisit et nous affiche un trafic fluide #OK
Le trafic du RERA perturb hier
Le trafic reprend sur le #RERA et #RERB  Paris, mais c'est ralenti dans les deux sens (colis suspect  Chatelet) #ratp
Mdr nisrine vient d'aller au toilette et pour teindre la lumire elle est revenu en courant parce que y a eu un bruit.C'etait la machine1/2
Meteo du #RER (#ratp) : OK () 17/01/2015 a 16:01 Trafic normal sur l'ensemble ...
Mtro Ligne 1 En raison d'une panne de matriel, le trafic est ralenti sur la ligne.
Mtro Ligne 12 En raison d'une panne de matriel, le trafic est ralenti sur la ligne.
Mtro Ligne 4 En rpercussion d'un malaise voyageur, le trafic est ralenti sur l'ensemble de la ligne. Trafic normal sur les au [1/2]
Mtro Ligne 6 En raison d'un incident technique, le trafic est ralenti sur la ligne.
Mtro Ligne 6 En raison d'un incident technique, le trafic est ralenti sur la ligne. Trafic normal sur les autres lignes de Mtro.
Mtro Ligne 9 En raison d'un voyageur sur la voie, le trafic est ralenti sur la ligne. Trafic normal sur les autres lignes de Mtro.
Ohh non j'ai l'seum l, ils ont remit pendant 3h le courant et ils re coupent
Par mesure de scurit, le trafic est ralenti du ct du #RERB #BOF
RER A En raison de la prsence d'un colis suspect  Chtelet les Halles, le trafic est interrompu entre Nation et Auber. Repri [1/2]
RER A En raison de la prsence d'un colis suspect  Chtelet les Halles, le trafic est ralenti de La Dfense vers Marne-la-Va [1/2]
RER A En rpercussion de la prsence d'un colis suspect  Chtelet les Halles, le trafic est ralenti sur l'ensemble de la ligne.
RER B En raison de la prsence d'un colis suspect  Chtelet les Halles, le trafic est interrompu entre Gare du Nord et Luxemb [1/2]
RER B En raison de mesure de scurit, le trafic est ralenti de Gare du nord vers Saint-Rmy-les-Chevreuse / Robinson.
RER B En raison de mesure de scurit, le trafic est ralenti de La Plaine-Stade de France vers Saint-Rmy-les-Chevreuse / Robi [1/2]
RER B En raison de mesure de scurit, le trafic est ralenti de La Plaine-Stade de France vers Saint-Rmy-les-Chevreuse / Robinson.
RER B En rpercussion d'une mesure de scurit, le trafic est ralenti de Gare du nord vers Saint-Rmy-les-Chevreuse / Robinso [1/2]
RER B En rpercussion de la prsence d'un colis suspect  Chtelet les Halles, le trafic est ralenti sur l'ensemble de la lig [1/2]
RER C Application du plan vigipirate dans le secteur de Gennevilliers. Paris/Pontoise Trafic interrompu entre Preire Levallois [1/2]
RER C Paris/PontoiseReprise progressive du trafic entre Preire Levallois et Pontoise, dans les deux sens. Prvoir 10  30 mi [1/2]
RT @BlaiseLefaivre: @Boris_Thb Non mais a on est au courant ... enfin j'espre putain
RT @Garyas295: BORDEL les gens, surveillez vos affaires! RT @Gentilchanoir: Colis suspect  La Dfense. Interruption du trafic.,#Qml #Rera
RT @Gentilchanoir: Colis suspect  La Dfense. Interruption du trafic entre Nanterre prf et Etoile. #Qml #Rera
RT @Lunon92: @_Monchele_ @TUForg bjr, le trafic a repris sur #RERA et RERB depuis 10h15.
RT @MappyCity: Alerte ! Trafic interrompu sur la ligne #RERC entre Brtigny et Saint Martin d'tampes dans les 2 sens #KO
RT @Oreaaade: Intervention en cours  Gare du Nord, aucun RER ne circule jusqu' nouvel ordre.
RT @RERA_RATP: 09:53, le trafic est ralenti de La Defense (Grande Arche) vers Marne-la-Vallee Chessy (colis suspect) #RATP #RERA
RT @RERA_RATP: 10:10, le trafic est interrompu entre Auber et Nation (colis suspect) #RATP #RERA
RT @RERA_RATP: 10:17, le trafic reprend progressivement entre Auber et Nation (colis suspect) #RATP #RERA
RT @RERA_RATP: Retour  un trafic rgulier sur l'ensemble de la ligne #RERA #RATP. Incident termin.
RT @RERB: 10:10, le trafic est interrompu entre Gare du Nord et Luxembourg (colis suspect) #RERB
RT @RERB: 13:10, le trafic est ralenti de Plaine stade de F. vers St-Remy / Robinson (mesure de scurit) #RERB
RT @RERB: 14:06, le trafic est ralenti de Gare du Nord vers St-Remy / Robinson (mesure de scurit) #RERB
RT @RERB: Retour  un trafic rgulier sur l'ensemble de la ligne #RERB .
RT @RERB: Retour  un trafic rgulier sur l'ensemble de la ligne #RERB. Incident termin.
RT @RERD_SNCF: Infotrafic #RERD : Le trafic est perturb jusqu' 15h suite  une intervention des forces de l'ordre  Gare de Nord
RT @S_DTTR: Je reois un appel "C'est bien le secours populaire?" Ah non  moins que je sois pas encore au courant.
RT @SidickGoldman: C'est  babi ici on voit un gars grer grande soeur, petite soeur et puis les 2 ne sont pas au courant
RT @TeenSourceFR: #INFO Shawn Mendes sera en concert a Paris le 1 mars a La Boule Noire a Paris ! je vous tiens au courant !
RT @_Monchele_: Trafic interrompu entre Luxembourg et Chatelet #rerB
RT @drxgstyles_: J'ai rev j'etais au starbucks cette nuit du coup au ptit dej j'ai bus une grande tasse de caf sauf qu'il etait deg :/
RT @rftrafic: #RERC : reprise du trafic entre Pereire-Levallois et Pontoise, avec d'importants retards. Retour  la normale sur #RERB et #RERA #ratp
RT @rftrafic: Colis suspect  Chatelet : trafic interrompu sur le #RERA entre Auber et Nation, et sur le #RERB entre Gare du Nord et Luxembourg #ratp
RT @rftrafic: Le trafic reprend sur le #RERA et #RERB  Paris, mais c'est ralenti dans les deux sens (colis suspect  Chatelet) #ratp
RT @zodiaqueastro_: Le mensonge le plus courant du #Cancer : "Mmhhh non, je n'ai jamais reu ton texto."
Retour  un trafic fluide sur l'ensemble de la ligne #RERB #OK
Retour  un trafic rgulier sur l'ensemble de la ligne #RERA #RATP. Incident termin.
Retour  un trafic rgulier sur l'ensemble de la ligne #RERB #OK
Retour  un trafic rgulier sur l'ensemble de la ligne #RERB .
Retour  un trafic rgulier sur l'ensemble de la ligne #RERB. Incident termin.
Super ! Le trafic est #OK du ct du #RERD
Trafic interrompu entre Luxembourg et Chatelet #rerB
Trafic interrompu sur le #RERC entre Pereire Levallois et Pontoise, dans les deux sens, jusque 13h30 d'aprs la SNCF #vigipirate
Trafic perturb aprs un incendie prs des voies du RERA: La circulation du RERA a t perturbe vendredi ma...
Trafic perturb encore sur la ligne 6 mais putain niquez vos mres srieux
Trafic ralenti jusqu' 17h, sauf axe Corbeil/Melun (prsence d'une personne prs des voies)#RERD #BOF
Trafic ralenti sur l'axe Paris-Melun-Malesherbes #RERD #BOF
du coup on droit prendre 1 train + RER connard de chauffeur !
et Pontoise, dans les deux sens. Reprise des circulations estime  13h30. Trafic normal sur les autres lignes de RER. [2/2]
lle Chessy. Trafic normal sur les autres lignes de RER. [2/2]
n. Trafic normal sur les autres lignes de RER. [2/2]
ne. Trafic normal sur les autres lignes de RER. [2/2]
nson. Trafic normal sur les autres lignes de RER. [2/2]
nutes supplmentaires de trajet. Fin des ralentissements estime  13h30. Trafic normal sur les autres lignes de RER. [2/2]
ourg. Reprise estime vers 10h30. Trafic normal sur les autres lignes de RER. [2/2]
