"@RERA_RATP: 06:44, le trafic est ralenti de Nanterre-Prefecture vers Marne-la-Vallee Chessy (incident technique)" a y est, c'est reparti.
"Reprise du trafic a 10:30" j'avais cours y'a 5min.. Merci le RER B.
#Perturbation #RERA En raison d'un #IncidentTechnique, #TraficRalenti de Nanterre-Prefecture vers Marne-la-Vallee Chessy. #Trafic [1/2]
#Perturbation #RERB En raison d'une #PanneDeMateriel  Villepinte, le trafic est fortement perturb sur l'ensemble de la ligne. [1/2]
#Perturbation #RERB En raison d'une #PanneDeMateriel  Villepinte, le trafic est trs perturb sur l'ensemble de la ligne.Repr [1/2]
#Perturbation #RERB En rpercussion d'une #PanneDeMateriel  Villepinte, le trafic est trs ralenti sur l'ensemble de la ligne [1/2]
#QML #RERA : Trafic ralenti divers incidents | #RERB : Trafic pertrub incident voyageur | #RERC : Trafic perturb incident signalisation.
#QML #RERa 08:27, le trafic est ralenti de Cergy/ Poissy /St-Germain-en-L. vers Marne-la-Vallee Chessy (incident technique) #RATP #RERA
#QML le trafic est ralenti de Villepinte vers St-Remy / Robinson (incident voyageur) #RERB
#RERA DE NOUVEAU RALENTI : PANNE DE SIGNALISATION
#RERA RALENTI : INCIDENT TECHNIQUE.
#TRAFIC #RERE trs perturb ce mardi matin navettes entre #VilliersSurMarne et #ValdeFontenay + d'infos sur @77_fm
#TRAM lignes B et E, suite  un accident, des retards sont  prvoir en directions de Lingolsheim et Baggersee.
#qml , le trafic est ralenti de Nanterre-Prefecture vers Marne-la-Vallee Chessy (incident technique) #RATP #RERA
#rerc @RERC_SNCF quelle honte  invalides : personne, on poireaute pour aprs 15 mn entendre trafic suspendu jusqu' nouvel ordre
06:44, le trafic est ralenti de Nanterre-Prefecture vers Marne-la-Vallee Chessy (incident technique) #RATP #RERA
08:27, le trafic est ralenti de Cergy/ Poissy /St-Germain-en-L. vers Marne-la-Vallee Chessy (incident technique) #RATP #RERA
09:08, le trafic est ralenti de Villepinte vers St-Remy / Robinson (incident voyageur) #RERB
09:10, le trafic est ralenti de Aeroport CdG 2 / Mitry - Claye vers St-Remy / Robinson (incident voyageur) #RERB
09:17, le trafic est ralenti sur la ligne (divers incidents) #RATP #RERA
09:31, le trafic est interrompu entre Aeroport Charles de Gaulle 2 TGV et Aulnay (panne de matriel) #RERB
10:03, le trafic est trs fortement perturb sur la ligne (panne de matriel) #RERB
10:48, le trafic est perturb sur la ligne (panne de matriel) #RERB
17:41, le trafic est ralenti entre Nanterre-Prefecture et St-Germain-en-L. (incident voyageur) #RATP #RERA
2015/04/07 - RER D - Panne d'un train  Viry Chtillon => + de 5 min de retard vers Melun
@AliceRS__ reviens vers moi plus tard si tu trouves des indices a+ inspecteur (m'enfui en courant)
@JackRougemont @OM_TeamOff Et toi tu connais la filire du trafic de consanguins ? Tu doit tre au courant
@Nnhour Si j'ai une conversation que les mdias ne les propulsent personne ne sera jamais au courant..Donc les deux vont ensemble a mon avis
@RERA_RATP @LIGNEL_sncf supprim puis retard puis supprim ... 20mn et toujours pas de train rveillez vous le week end est termin! !!!!
@RERA_RATP bonjour , le trafic est perturb dans les 2 sens ? Ou uniquement dans le sens Nanterre->St Germain ?
@RERB @RER_B ds combien de temps reprend le trafic entre aulnay et CDG ?
@RERC_SNCF @JmVitry @spoum42 @qmlinfo @quoimaligne Heureusement dj que le trafic, c'est souvent limite!! #usagersencolere
@RERC_SNCF une fournaise mon train D:
@RERD_SNCF pas de train direction Combs depuis au moins 20 min et on devrait croire que cette branche n'est pas abandonne ? cur !
@Sarounette_KR Bjr, suite  la panne de matriel  Villepinte, le trafic est perturb sur l'ensemble du RER B. Nhsitez pas  consulter 1/2
@fat37000 @villedetours @USAGERSFILBLEU Les services bus+tram seront assurs, de possibles manifestations pourraient perturber le trafic.
@galeRERAfr ralentissements du #RERA en direction de Cergy et Poissy ...
@vfbrancaleoni incident  pont de l'Alma, tous les trains retenus  quai  Juvisy depuis 9h... @RERC_SNCF
Aie ! Le #RERB est un peu fivreux, le trafic y est trs perturb ! #KO #JourneMondialedelaSant
Aie ! Suite  une panne de signalisation, le trafic est ralenti de Boissy/ Marne-la-Vallee vers Cergy/ Poissy /St-Germain-en-L #RERA #BOF
Alerte ! Des travaux modifient la circulation des trains du #RERE axe Haussmann SL / Villiers sur Marne / Tournan  partir de 21h50.#BOF
Alerte ! Le trafic est ralenti de Cergy - Poissy - St-Germain-en-L. vers Marne-la-Vallee Chessy #RERA #BOF
Alerte RER trafic trs perturb. Ah bah ouais on change pas les bonnes habitudes.
Attention ! Des travaux modifient la circulation des trains du #RERE axe Haussmann SL / Villiers sur Marne / Tournan  partir de 21h50.#BOF
Aujourd'hui la trafic sur le #rerc sera normal #poissondavril #qml
Bonjour @RERE_SNCF  j'ai retrouv notre aimable conducteur aux annonces sympathiques ; train de 19h47 #Haussmann dir Tournan #SNCF #RATP
Bonjour cher voyageur nous vous informons qu'il aura pas grve sur les lignes du RER A et B le jeudi 9 avril 2015 le trafic sera fluide
Bonjour, Thierry est avec vous pour vous renseigner sur l'volution du trafic cet aprs-midi sur le #RERA. Bon trajet. #RATP
Et m@rde! RT @RERA_RATP: 17:41, le trafic est ralenti entre Nanterre-Prefecture et St-Germain-en-L. (incident voyageur) #RATP #RERA
Il tait a l'autre bout de la cours , il ma vue arriver il est venue vers moi en courant en fesant que miauler
Imaginez un peu , on est gb au chilling et puis vers 19h ou ca commence a etre chic la , on coupe courant mdrrrrr... Ca sera soyerr deh
Infotrafic #RERC Paris intra muros : le trafic est ralenti (incident signalisation entre Issy VS et Pt du Garigliano )
Infotrafic #RERD : Trafic ralenti sur l'axe Corbeil Essonnes/Paris jusqu' 18h (panne d'un train)
J'avais oubli les joies du RER B & C de bon matin. Arrts en pleine voie sans raison, coupure de courant, retards.
JAi fait le fou a vouloir prendre le RER b voil encore des train en retard
Le trafic est ralenti sur le #rerA mais les contrleurs trouvent quand mme le moyen d'tre la....,#foutageDeGueule
Logan courant nu vers la grange et la gd-mre qui dit "Je crois qu'il y a un homme nu derrire cette porte..." Meilleur moment du film
Meteo du #RER (#ratp) : OK () 07/04/2015 a 01:09 Trafic normal sur l'ensemble ...
Meteo du #RER (#ratp) : OK () 07/04/2015 a 11:49 Trafic normal sur l'ensemble ...
Meteo du #RER (#ratp) : OK () 07/04/2015 a 18:41 Trafic normal sur l'ensemble ...
Nous vous rappelons que le trafic est ralenti au niveau de la ligne #RERE #BOF
Oups ! Le trafic est ralenti au niveau de la ligne #RERE #BOF
Pas cool ! Le trafic est ralenti sur la ligne #RERA #BOF
Pas de bol les amis ! Le trafic est ralenti sur l'axe Corbeil Essonnes/Paris jusqu' 18h #RERD #BOF
Petit rappel ! Trafic fortement perturb sur l'ensemble de la ligne #RERB #KO
Profitez d'un trafic fluide sur la ligne #RERC #OK
RER A : Cergy le Haut - Paris, trafic ralenti +10/15min  prvoir. mesures de scurit entre Achres GC et Conflans Fin d'Oise. #QML #RERA
RER B: le trafic est interrompu entre Aulnay sous Bois et Aroport CDG 2 TGV suite  une panne d'un train  Villepinte
RERC : trafic interrompu entre Juvisy et Paris. #qml
RT @77_fm: #TRAFIC #RERE trs perturb ce mardi matin navettes entre #VilliersSurMarne et #ValdeFontenay + d'infos sur @77_fm
RT @A_C_Clarke: @RERD_SNCF pas de train direction Combs depuis au moins 20 min et on devrait croire que cette branche n'est pas abandonne ? cur !
RT @BAHRIzinx: hier gt mor y a un p'tit i s'casse la gueule devant nous mon renoi il est parti l'aider le p'tit i s'est barrer en courant vers sa mre
RT @Mahtthilde: RERC : trafic interrompu entre Juvisy et Paris. #qml
RT @MappyCity: Aie ! Suite  une panne de signalisation, le trafic est ralenti de Boissy/ Marne-la-Vallee vers Cergy/ Poissy /St-Germain-en-L #RERA #BOF
RT @MappyCity: Alerte ! Le trafic est ralenti de Cergy - Poissy - St-Germain-en-L. vers Marne-la-Vallee Chessy #RERA #BOF
RT @MappyCity: Rappel ! Le trafic est ralenti de Cergy - Poissy - St-Germain-en-L. vers Marne-la-Vallee Chessy #RERA #BOF
RT @Mirado_Rhrnln: "Reprise du trafic a 10:30" j'avais cours y'a 5min.. Merci le RER B.
RT @MrBboy45: J'VAIS ME COUCHER. J'aimerais que la terre entire soit au courant ok ? Alors max #RT. Merci Et bonne nuit
RT @PhMassin: vol de cble. trs perturb ce matin @RERE_SNCF Tournan (1 train/30 min) @LIGNEP_SNCF Coulommiers @SNCF_Direct
RT @RERA_RATP: 09:17, le trafic est ralenti sur la ligne (divers incidents) #RATP #RERA
RT @RERA_RATP: 17:41, le trafic est ralenti entre Nanterre-Prefecture et St-Germain-en-L. (incident voyageur) #RATP #RERA
RT @RERA_RATP: Bonjour, Thierry est avec vous pour vous renseigner sur l'volution du trafic cet aprs-midi sur le #RERA. Bon trajet. #RATP
RT @RERA_RATP: Retour  un trafic rgulier sur l'ensemble de la ligne #RERA #RATP. Incident termin.
RT @RERB: 09:08, le trafic est ralenti de Villepinte vers St-Remy / Robinson (incident voyageur) #RERB
RT @RERB: 09:10, le trafic est ralenti de Aeroport CdG 2 / Mitry - Claye vers St-Remy / Robinson (incident voyageur) #RERB
RT @RERB: 09:31, le trafic est interrompu entre Aeroport Charles de Gaulle 2 TGV et Aulnay (panne de matriel) #RERB
RT @RERB: 10:03, le trafic est trs fortement perturb sur la ligne (panne de matriel) #RERB
RT @RERB: 10:48, le trafic est perturb sur la ligne (panne de matriel) #RERB
RT @RERB: @Isis_Izzy Bjr, aprs 1 incident, il peut s'couler un certain temps avant que le trafic soit de nouveau fluide. Toutes nos excuses ^C
RT @RERB: Retour  un trafic rgulier sur l'ensemble de la ligne #RERB. Incident termin.
RT @RERC_SNCF: Infotrafic #RERC Paris intra muros : le trafic est ralenti (incident signalisation entre Issy VS et Pt du Garigliano )...
RT @RERD_SNCF: Infotrafic #RERD : Trafic ralenti sur l'axe Corbeil Essonnes/Paris jusqu' 18h (panne d'un train)
RT @RER_B: Traffic fortement ralentis a l'approche de Massy Palaiseau #RERB #qml
RT @TomekTR: #QML #RERA : Trafic ralenti divers incidents | #RERB : Trafic pertrub incident voyageur | #RERC : Trafic perturb incident signalisation.
RT @TomekTR: #QML #RERa 08:27, le trafic est ralenti de Cergy/ Poissy /St-Germain-en-L. vers Marne-la-Vallee Chessy (incident technique) #RATP #RERA
RT @TomekTR: #QML le trafic est ralenti de Villepinte vers St-Remy / Robinson (incident voyageur) #RERB
RT @TomekTR: #qml , le trafic est ralenti de Nanterre-Prefecture vers Marne-la-Vallee Chessy (incident technique) #RATP #RERA
RT @TomekTR: RER A : Cergy le Haut - Paris, trafic ralenti +10/15min  prvoir. mesures de scurit entre Achres GC et Conflans Fin d'Oise. #QML #RERA
RT @TrajetIssyOpera: Aujourd'hui la trafic sur le #rerc sera normal #poissondavril #qml
RT @WMyWay_Mobile: 08:27, le trafic est ralenti de Cergy/ Poissy /St-Germain-en-L. vers Marne-la-Vallee Chessy (incident technique) #RATP #RERA
RT @WMyWay_Mobile: Infotrafic #RERC Paris intra muros : le trafic est ralenti (incident signalisation entre Issy VS et Pt du Gariglia...
RT @elric_FMS: @galeRERAfr ralentissements du #RERA en direction de Cergy et Poissy ...
RT @galeRERAfr: #RERA DE NOUVEAU RALENTI : PANNE DE SIGNALISATION
RT @ratp78190: Bonjour cher voyageur nous vous informons qu'il aura pas grve sur les lignes du RER A et B le jeudi 9 avril 2015 le trafic sera fluide
RT @ratp78190: RER B: le trafic est interrompu entre Aulnay sous Bois et Aroport CDG 2 TGV suite  une panne d'un train  Villepinte
Rappel ! Des travaux modifient la circulation des trains du #RERE axe Haussmann SL / Villiers sur Marne / Tournan  partir de 21h50.#BOF
Rappel ! Le trafic est ralenti de Cergy - Poissy - St-Germain-en-L. vers Marne-la-Vallee Chessy #RERA #BOF
Rappel ! Le trafic est ralenti sur l'axe Corbeil Essonnes/Paris jusqu' 18h #RERD #BOF
Rappel ! Le trafic est ralenti sur l'axe Corbeil Essonnes/Paris jusqu' 19h #RERD #BOF
Reprise progressive du trafic entre les gares d'Aulnay-sous-Bois et l'Aroport CDG dans les deux sens (panne de matriel  Villepinte) #RERB
Retour  un trafic rgulier sur l'ensemble de la ligne #RATP #RERA
Retour  un trafic rgulier sur l'ensemble de la ligne #RERA #RATP. Incident termin.
Retour  un trafic rgulier sur l'ensemble de la ligne #RERB #OK
Retour  un trafic rgulier sur l'ensemble de la ligne #RERB. Incident termin.
Rire hystrique RT @RERA_RATP: 06:44, le trafic est ralenti de Nanterre-Prefecture vers Marne-la-Vallee Chessy (incident technique) #RERA
Super ! Le trafic a repris son cours normal sur le #RERD #OK
Super ! Retour  un trafic rgulier sur l'ensemble de la ligne #RERB #OK
Traffic fortement ralentis a l'approche de Massy Palaiseau #RERB #qml
Trafic normal sur le #RerA et ciel bleu sur la defense :) Bon debut de semaine de 3 jours!
hier gt mor y a un p'tit i s'casse la gueule devant nous mon renoi il est parti l'aider le p'tit i s'est barrer en courant vers sa mre
vol de cble. trs perturb ce matin @RERE_SNCF Tournan (1 train/30 min) @LIGNEP_SNCF Coulommiers @SNCF_Direct
