"@LozeRER: Annonces gare lozere : trafic #rerb perturb dans les 2 sens suite avarie  la plaine" #qml
"@MallePondaven: Jvx que sa neige comme sa qui dit neige, dit pas de bus, dit pas de cours " a serai archi top
"@RERA_RATP: Retour  un trafic rgulier sur l'ensemble de la ligne. Incident termin." Donc l'immobilit devient la normalit ? #OhWait
"@RERB: 17:47, le trafic est ralenti sur la ligne (panne de matriel) #RERB" youpi... Pour changer...
"@YacineBoots: In sha Allah j'me pete la jambe en descendant du bus comme a je vais pas en cours" Amen mon frre
"@helouaaa: @JahidOfficiel sa sera qu'en la sorti de album ? :-)" 2015 j'espre ;) le 1er extrait + clip courant Janvier voir Fvrier :D
"Le matin ? Cette chose ignoble qui nous emmerde, ma mre dit que je suis mi-homme, mi-courant d'air"
#RER : Fluidifier le trafic du Sud vers le Nord >  #Essonne @JPDugoinClement @RERD_SNCF
#RERA #LigneL Trafic interrompu zone #SNCF. Presence de personnes aux abords d voies a Nanterre. #qml
#RERA Donc le trafic est bloqu parce qu'il y a des passagers "dans le tunnel" #Normal #Toutvabien
#RERA Fin des ralentissements estime  22h00 en raison cette fois-ci de ..
#RERA incident technique  Nanterre. Trafic fortement ralenti. Actuellement bloqu  la dfense
#RERA trafic reprend  la dfense mais reste trs perturb
#RER_B en panne  Stade de France. Gros ralentissement depuis 18:00. Prenez une alternative si vous le pouvez ! #qml
#RerE n'esprez pas trop monter dans notre train  Villiers... #qml
#mvtuite Akinator trouve MV en 7 question serait-il au courant qu'un onglet de @mvcaster soit ouvert juste a cot ?
#qml #rerc ralenti  cause d'un incident technique a bfm #joie
#qml , le trafic est ralenti de Plaine stade de F. vers St-Remy / Robinson (panne de matriel) #RERB
#rerE : le hiva de 8h37 annonc  8h40 puis 8h48... 0 infos... trafic normal ?? #qml
(re)lire en ce dbut de #COP20  Lima, notre dossier nergies fossiles et #climat  #GDFSuez #Total #EDF #Lafarge...
.@G_Peltier #UMP "La droite forte est le 1er mouvement du parti. Que nous mettions fin  ce courant serait une erreur"@radioclassique @LCI
.@RERA_RATP le trafic est ARRET
.@RERB le trafic est FORTEMENT ralenti  en croire les usagers... Si on pouvait passer du binaire au qualitatif, rvons, au quantitatif...
08:42, le trafic est perturb sur la ligne. Retour  la normale  10:00. (incident d'exploitation) #RERB
16h43 L3 coupe entre Pirmil et 8 Mai. Mise en place d'un bus relais tram entre Pirmil et 8 Mai. La ligne C4 dessert galement 8 Mai
17:11, le trafic est ralenti de Plaine stade de F. vers St-Remy / Robinson (panne de matriel) #RERB
17:47, le trafic est ralenti sur la ligne (panne de matriel) #RERB
18:25, le trafic est ralenti de Nanterre-Prefecture vers Cergy/ Poissy /St-Germain-en-L. (panne de matriel) #RATP #RERA
18:43, le trafic est ralenti sur la ligne (panne de matriel) #RERB
19:23, le trafic est ralenti sur la ligne (divers incidents) #RATP #RERA
7h17, lundi, incident de signalisation  BFM. Suppression de trains, retards !!! Juste FUCK @RERC_SNCF !!!!!!!!!!
@1and1FR Grosse galre aujourd'hui, le site n'arrte pas de planter... Malheureusement trop courant ce genre de problme.
@AlexFourgous t'es un ouf gros jle dit a personne , personne sera au courant !! Ahahah en mode soumsoum comme @YanisBtm
@AliceFromFrance 1. Tu sera au courant de toute ma vie.2. On va au otrat ensemble, donc on pourra fangirler ensemble!,3. Je suis adorable
@Aptarus @RERB @Asso_usagersidf TRES FORTEMENT RALENTI
@Axelkaraiil Daak bb tu me tiendra au courant, j'espre je pourrais refaire le systme solaire comme avec la belv ! On y va cette semai!
@BestWeasley Super, merci ! *S'avance un peu plus et entend un courant d'eau* Viens, je dois te montrer quelque chose.. *Va vers l'eau*
@BlaineAnders_HD *regarde Wayne partir en courant dans l'herbe et me tourne vers toi pour t'enlacer* Aaaaw ... *embrasse ta tempe* C'est -
@BlaineAnders_HD on rentre ! *souris quand je le vois revenir vers nous en courant et attends que tu l'attaches avant de retourner -
@Booster_PBF You're welcome, tiens nous au courant surtout ^^
@CameronLormont: Pas de "happy end" dans cette jungle parisienne,Prend un raie de RER qui finit direct dans ton zen oups
@Dimitri_Grck tu veux faire des accidents de tram????:/
@ElliotReid_MD T'inquite, tu seras dans les premiers au courant ;-) Merci pour le #hug, je transmets  Pis2 qui en a bien besoin
@EmiMazin Effectivement, le trafic est trs perturb sur la ligne #RERC avec 10 minutes supplmentaires de trajet #KO
@Erik_Michel ne jamais traiter un RER si tu ne tiens pas  ce qu'il s arrte en pleine voie !-)
@FabCamilla @Sev_Peyrichou cool se serait sympa de se rencontr entre fans par la mme occasion, tu me tiens au courant xxx ;)
@GoodGirlGoneGay @RERB ah oui ca vas Chatelet c'est soft niveau temps en trafic normal... Et tu le prend ou ?
@Joshiyio parce que je suis dans le bus de la fert du coup je me demandais si tu y serais
@LDLC Si je gagne le #traineauLDLC je chante chaque chants de nol en courant vers vous pour vous dire merci !
@Ligne5_RATP bloqu depuis 10 mins portes ouvertes et courant d'air en supplment la galre !
@MappyCity #RERC #KO plus de train vers Issy les Moulineaux a cause d'un pblm de rail! Belle faon de commencer la semaine
@MappyCity: Profitez dun trafic fluide sur la ligne #RERB #OK - et encore  ct de la plaque
@MartinParent_: Si j'tais ddommag 1 la minute de retard de mes trains de la @SNCF , j'serais millionnaire j'crois bien. Moi de mon bus
@MattMorens tqt Mdr je vais dj lui annoncer comme a lemme sera au courant ;)
@Mawiine_ et moi on a russit  choper le 1er tram, en courant un petit peu
@MickaBrun coucou ca va ? Dit moi rien a voir avec la F1 mais tu es au courant de l'accident de Mark Webber !?
@Nicolas_Ruru Ouais c'est sur ! Tu me tiendras au courant :D,Bientt j'espre !! Je pense attendre vers avril/mai quand e je serai en vacs
@PayneCrew_ @Oceanoush76 mdr bas j'pence pas sinon il te l'aurait fait remarquer ou il serait mme pas venu nous voir en courant mdr
@RERA_RATP 30min seulement aprs la reprise a la normal du prcdent vnements... La normale c'est quand c'est ralenti.
@RERA_RATP Des personnes sur les voies  priori. 2 trains arrts  la dfense vers Paris.
@RERA_RATP Ralenti. Bloqu plutt. puisement total..... #Moral #Fatigue #rerA
@RERA_RATP Suspicion d incomptence sur la totalit de la RATP le trafic est comme tous les jours compltement en vrac
@RERA_RATP a Auber trafic ralenti, ca cause dans le micro. C'est quoi le problme l tout de suite ? #vismaviedesourde #merci
@RERA_RATP il est pas ralenti il est absent #menteur
@RERA_RATP les trains ne partent toujours pas de la dfense vers Paris.
@RERA_RATP par contre si on veut aller a St Germain des trains y'en a .... Mais Cergy c'est la ligne des pauvres c'est a ?
@RERA_RATP: 19:23, le trafic est ralenti sur la ligne (divers incidents) #RATP #RERA Ah! 5me!
@RERB @Asso_usagersidf @laurentgallois RALENTI ? MENSONGE HONTE A VOUS
@RERB @Asso_usagersidf @laurentgallois suis ds un train coince avant AULNAY ! panne et froid ras le bol ..,Alors trouver la la voiture
@RERB @RER_B @laurentgallois @fratwoman ; croyez moi ou pas, mais avec une panne de matriel a roule mieux que le trafic normal !!!!
@RERB @jphuchon c'est le salon du cheval. Profitez en pour remplacer vos trains par des calches a sera plus efficace que cette loose
@RERB @keven_0 @Asso_usagersidf @laurentgallois Super les informations pleins de trains bloquer entre Aulnay et SDF alors vos 15 mn !!!
@RERB C EST FAUX CA TRAINE DEPUIS AULNAY VERS CDG
@RERB Le trafic sera encore perturb pendant des heures, vous nous mentez comme  chaque post...
@RERB ce n'est plus du trafic ralenti cest 40' au milieu des voies
@RERB cette gare est passe en terme de trafic voy en millions par an de 0,800  prs de 3.,Travaux auraient d concider avec arrive TVM.
@RERB excusez moi mais "ralenti" me parait un peu faible... Bordel gnralis conviendrait mieux ! #RERB
@RERB on se demande pourquoi le sud de la ligne est ralenti alors.
@RERB re bjr ... Ca traine depuis Aulnay vers CDG ET PAS DE CHAUFFAGE ET PAS DE REPONSE
@RERC_SNCF 50 mins d'attente pour un train slom a Issy val de seine. Record battu. Et encore si celui annonce n'est pas a nouveau retard;)
@RERC_SNCF champions du monde les gars, perturbations et... Trains courts... Chapeau
@RERC_SNCF j ai pris ce train y a 30 ans qd j tais collgien pdt 4 ans jamais y a eu cette panne de feuilles mortes ya srement otre chose?
@RERC_SNCF la semaine commence comme la prcdente - trafic perturb ! #aiguillage #raslebol
@RERC_SNCF mon train est annul>feuilles mortes! On a envoy des mecs sur la lune y a +40ans, va falloir songer a grer les feuilles mortes
@RERC_SNCF pb adhrence sur train  Javel. Train retenu  quai  Champ de mars. Arg les feuilles mortes. #rerc #qml
@RERC_SNCF pkoi ne pas mettre le train  juvisy sur voie 2 tt de suite plutt que de le faire aprs athis ? Le train se trane...
@RERC_SNCF pourquoi distinguer le train nettoyant. Ne pourrait on pas repartir cette tche sur chaque RER ?
@RaphyRcd je suis au courant de rien emmener pourquoi pas. Ramener je ferais teinter les vitres pour pas qu'on vous voie mdr
@SChesnel @LIGNEJ_SNCF @JustinfoligneJ @SNCF Venez trainer dans le RER B. Pas de clim' du tout, pas d'espace.
@SNCF_Direct @rerb #rerb 15 minutes pour faire stade de France gare du nord ? C'est a un trafic normal ? #qml
@Sasarious Et de cette manire tu me tiens au courant, donc don't stop checking xD
@TheHPNZ re pu de courant
@VioletteGratien @TheBlackout Jvoulais aller  la toute dernire mais vu que j'ai pas le permis c'est super compliqu (en train ou bus y*
@Vitality_Neo il y a eu une mission sur la radio France culture parlant e sport et streaming vers 15h,je sais pas si tu es au courant
@Voulf Bonjour, nos experts viennent de nous donner la confirmation que la ligne #RERB #BOF connait un trafic perturb jusqu' 10h00
@_CallmeSonia non, ma soeur a appelle elle commenait a 8h30. Ils sont au courant c'est un accident a Fleury donc je pense pas. T'es ou la ?
@_therealbene c'est un problme courant, apparement vers la 50 ene c'est chaud de trouver qq frais et dispo (physique ou mental)
@doucecocci Quand trains ont apparu sur rive sud; autobus ont t retirs. a a rien chang au niveau traffic.
@paulhenricb @RERA_RATP bsr, il s'agit de personnes dans les voies  la hauteur du viaduc de Nanterre. Trafic interrompu mesure de scurit
@rerb 1 train en panne et 3h de dysfonctionnement sur toute la ligne. La magie du #rerb plus ferique qu'#eurodisney #qml #huchon>mickey
@sarahcnaismith Bonjour Sarah, merci pour votre message, nous sommes bien au courant du cas de Mme Robynn ROCKSTAD-REX, et nous nous 1/3
@selfieofleeyum Comme ce midi mais bon tu sais que tu seras la premire au courant si il y a un truc
@thecoralielili Merci pour l'info, nos experts confirment que le trafic est trs perturb sur la ligne #RERC avec 10 min sup de trajet #KO
@zjmbeau @danielsahyounie au pire tu l'achte ton tee shirt maintenant et je te donne l'argent !! Comme a ma mre est pas au courant
A chaque fois que je prends le Rer D pour evry, ya soit un gars qui fait un malaise dans le train, soit un suicide. Smh
Accident de tram. Allez paie ta journe.
Actuellement le trafic est fluide, aucun rer depuis 20 min a lpsdf... #RERB
Ah et maintenant le @RERE_SNCF au ralenti. Faut pas se laisser distancer par la #RATP en dfaut de qualit de service, suis-je bte.
Allez.... traffic perturb sur le RER A... tant qu' avoir une journe de merde autant que ce soit jusqu'au...
Apparemment il y a tout qui  pter  ens , plus de courant et dans ma maison tout le monde a paniqu.. Je me suis mme pas rveiller
Aprs je voit mon tram y vient ensuite je la voit courir vers mon tram pourchanger de sens elle rentre dans le tram elle se pose pas loin(2)
Au moins mon tram a eu un accident c'est dj 10 min de gagne .
Avarie matrielle en zone #sncf, trafic trs ralenti jusqu'a 10h #rerb #qml cc @RER_B
Avec @RERA_RATP soit tu as des trains a l'heure et des infos fiables, soit ni l'un ni l'autre. A toi de voir. #galere #rera #infos? #qml
Bon je vais en cours pendant 2h, je reviens vers 17h30 bc le bus, bsx.
Bonnes infos  auber : "le train vers boissy St lger, vient de quitter la dfense" #qml #rera
C'est la grosse clate avec papi, je suis inutile et comme le courant est coup y a pas de bruits....mais il a bientt fini j'espre
Cette semaine, notre nouveau site sera mis en ligne ! Nous vous tiendrons au courant ! This week, our new...
Coupure de courant cimer le truc qui fait bien flipper. Pour info la maison de mon mec est btie sur un cimetire.
Depuis 19h12 trafic interrompu sur #RERA entre Nanterre et Cergy/Poissy suite personnes sur les voies sur le viaduc de Nanterre. #qml
Des travaux modifient la circulation des trains sur la ligne #RERE entre Haussmann Saint-Lazare et Tournan #BOF
Dites, @RERA_RATP, un trafic normal d'aprs votre appli mais un RER  l'arrt, a vous semble logique ? Normal ? Acceptable ?
Dj que je suis en retard mais en plus le RER roule au ralenti
Donc ce sont les feuilles mortes sur les voies qui bloquent tout le trafic RER ? BRAVO LES GARS
Ds que j'ai vu ce putain de rer arriver au ralenti, j'ai comprit que j'tais dans la merde
Enfin on verra bien j'lui laisse deux semaines si personne est au courant j'lui ferais confiance
Erreur, le trafic n'est pas fluide, on avance au rythme d'un ne qui recule entre SDF et GDN #rerb
Excellente nouvelle ! Retour  un trafic rgulier sur l'ensemble de la ligne #RERB Incident termin #OK
Gnial ! Retour  un trafic rgulier sur l'ensemble de la ligne #RERB Incident termin #OK
Hier a t 3h de train, 20 minute de RER, 15 minutes de bus
Il est 09:16 et le trafic est normal sur l'ensemble des lignes de RER
Il est 21:01 et le trafic est normal sur l'ensemble des lignes de RER
Il est 21:28 et le trafic est normal sur l'ensemble des lignes de RER
J'ai choisi de ne pas m'exprimer sur l'tat du trafic du RER A ce soir afin de ne pas basculer dans la violence verbale extrme.
J'ai envie de voir Olivia parce qu'elle me manque, du coup demain j'irais trs certainement prendre mon bus direct  la gare routire
J'ai pris le train dans le monde entier, le @RERB gagne la palme des retards !
J'ai pu re de courant j'bouge chez ma meuf avec la One au cas ou y'a pu de courant d'ici 18h sinon je reviens chez moi mdr
J'ai tenter de rentrer dans le lyce en courant..j'me suis salement mang la porte on a eu un fou rire de 10 minutes apres.
J'ai tout dit  mon pre, comme a il est au courant j'ai rien  me reprocher
J'espre qu'il va neiger cette semaine , neige = pas de bus , pas de train = pas cours
J'marrete a casino pr aller chez mn frere et voir ma niece ils dormaient du coup j'attends l'bus qui arrive ds 10 min jsuis congele
J'sais plus comment me mettre pour arrter d'avoir mal.. j'vais tellement retourner voir le mdecin en courant
Je suis rentrer dans Bercy hier, mon cur il c'est arrter 1/4 de seconde je suis sortis en courant comme une vieille merde j'allais canner
Je trace tes traits sous ma plume, caresse tes cils de mes doigts, m'loigne de quelques pas, puis reviens en courant, bras tendus vers toi.
Je viens de raliser qu'on est le 1er, a veut dire renouveller abonnement train/tram et a fait mal
Jespre il va neiger a fond a fond comme sa pas de bus pas de train rien donc pas cours
Joli bordel  la Dfense @RERA_RATP avec des trains qui stationnent dans les 2 sens, 1 RER qui n'arrive pas  quai alors que le 2nd quai ..
La circulation est ralenti sur le rer C pour cause de feuilles mortes. Quand tu lis a tu as juste en envie de rire quoi #clown
La fuite de mon pote part en courant vers lui passant devant moi sans me calculer, il attrape mon pote lui mord la jambe et tout
La garantie"jeunes"tendue  la Guyane courant 1er trimestre 2015.C'est un accompagnement vers l'emploi et 450/mois pendant1an.
La joie des transports en commun : accident de tram.
La vie de mre j'men fiche t'es pas au courant j'crois
Le 21 a la fin on a vu les boys passer derrire la scne en courant et y'a Niall il a regarder le ct o j'tais il nous a fait coucou ptn
Le RER D est relou  supp des trains comme a :@
Le prsident Obama revient en courant vers la Maison-Blanche: il avait oubli son @BlackBerry!  (angl.) via @mashable
Le trafic a repris, train DUFY quittant la gare de juvisy #rerc.
Le trafic est perturb sur la ligne #RERB  cause d'un incident d'exploitation Retour  la normale  10:00 #BOF
Le trafic est perturb sur la ligne #RERB jusqu' 10h00 #BOF
Le trafic est ralenti de Nanterre-Prefecture vers Cergy-Le Haut / Poissy / Saint-Germain-en-Laye #RERA #BOF
Le trafic est ralenti sur l'axe Haussmann - Chelles #RERE #BOF
Les dates de la tourne vont tre annonces ce soir par le groupe  17 heures heure europenne. Je vous tiens au courant vers 17h45.
Les gens sur les voies du RER A, remontez dans le train #grrrrr
Ligne L : Paris St Lazare - Cergy le Haut ralenti jusqu' 22h - 15  20min retard #qml #rera #lignel
Ma grand-mre tu lui dit "on vient a noel le dit a personne" y'a dj mes deux tantes, mon grand pre et mon oncle qui sont au courant
Ma mre elle a dit "Si je vois celui l dans la rue la nuit, je pars en courant" en parlant d'Harry PTDRRRRR IL SE FAIT PAS RESPECTER
Mais comme il y a la tradition de la bire du matin, j'vais me ramener avec ma canouche dans le bus, ils vont rien comprendre
Merci @alx_billon ! Trafic ralenti sur les axes Paris- Cergy le Haut,et Paris - Poissy. Retour  la normale prvu pour 20h #RERA #BOF
Meteo du #RER (#ratp) : KO () 01/12/2014 a 17:09 Trafic normal sur l'ensemble ...
Meteo du #RER (#ratp) : OK () 01/12/2014 a 09:17 Trafic normal sur l'ensemble ...
Meteo du #RER (#ratp) : OK () 01/12/2014 a 20:58 Trafic normal sur l'ensemble ...
Mn chri qui est venu  ma maison ce soir pour chercher son frre qui avait louper son bus. Mon ptit bb
Mon frre il est sorti il est tomb nez  nez avec il est rentrant en courant tout blanc j'ai cru il allait fait un malaise
Mtro Ligne 1 En raison d'un malaise voyageur, le trafic est ralenti sur l'ensemble de la ligne. Trafic normal sur les autres l [1/2]
Mtro Ligne 1 En raison d'un voyageur malade, le trafic est ralenti sur l'ensemble de la ligne. Trafic normal sur les autres lig [1/2]
Mtro Ligne 4 En rpercussion d'un incident technique, le trafic est ralenti sur l'ensemble de la ligne. Trafic normal sur les [1/2]
Mtro Ligne 5 En rpercussion d'un incident technique, le trafic est ralenti sur lensemble de la ligne. Trafic normal sur les [1/2]
Mtro Ligne 6 En rpercussion d'une panne de signalisation  Place d'Italie, le trafic est ralenti sur la ligne. Trafic normal [1/2]
Non @RERA_RATP , ton trafic n'est pas normal. (Enfin les galres le deviennent...)
OK on est rest bloqu 10 min avec le bus bc y avait un mini accident sur les routes de campagnes du coup on passait pas avec le bus
Oh putain l'accident de tram c'est chaud l..
Ok mdr une vieille folle dans le tram qui traite tlm de pute et aprs elle me crie jsuis mre de famille moi ptn les pauvres gosses
Oups ! Des retards de 10  20 minutes sont  prvoir sur les axes Paris - Cergy le Haut et Paris - Poissy #RERA #BOF
Oups ! Le trafic est ralenti de Nanterre-Prefecture vers Cergy-Le Haut / Poissy / Saint-Germain-en-Laye #RERA #BOF
Pas de bol ! Le trafic est ralenti de Nanterre-Prefecture vers Cergy-Le Haut / Poissy / Saint-Germain-en-Laye #RERA #BOF
Pas de train a vincennes vers l'est. Qui va chercher les bires et les chips??. #rera #flashapero
Piti mon Dieu s'il y a une justice sur cette Terre faite que le RER concide avec l'arrive du train  Conflans ! Piti ...
Pour bien finir la journee probleme avec le rer b tous les trains retardes
Pourquoi constamment des pb ( retards, trains supprims ) sans aucune information aux voyageurs sur la @RERB @LIGNEJ_SNCF
Pq j'me tape le wagon de RER ou y a 1 mec il coute a musique a fond, un bb qui fait que pleurer et un gars a l'accordon ?
Profitez d'un trafic fluide sur la ligne #RERB #OK
Ptdddrrrr je suis une de c salope j'etait avec l'iPhone de Yacine et mon frre me dis donne le tlphone jpart en courant et j'dis #1
Quand ils se sms vers 3h du mat pendant les vacances et essayent de se capter ala mairie ! Vous tiez au courant o pas ma TL ????????
Quand le RER B se met  ralentir sans raison, sans pression en mode RAF.. La galre totale ! Tchip .
Quand tu parle a une fille depuis longtemps et que le courant passe faut penser  protger sa
Qui sera le plus rapide ? Le tram ou le train ?
RER A : trafic ralenti jusqu'  20h00 10  20 minutes supp de trajet, dans les deux sens.train en panne a Nanterre Prf #qml #rera
RER A En raison d'une panne de matriel, le trafic est ralenti de Nanterre-Prefecture vers Cergy-Le Haut / Poissy / Saint-Germai [1/2]
RER A En raison de divers incidents, le trafic est ralenti sur l'ensemble de la ligne.
RER A En raison de divers incidents, le trafic est ralenti sur l'ensemble de la ligne. Trafic normal sur les autres lignes de RER.
RER B En raison d'un incident d'exploitation, le trafic est perturb sur la ligne. Reprise estime vers 10h00. Trafic normal su [1/2]
RER B En raison d'une panne de matriel  La Plaine Stade de France, le trafic est ralenti sur l'ensemble de la ligne. Trafic n [1/2]
RER B En raison d'une panne de matriel, le trafic est ralenti sur l'ensemble de la ligne. Trafic normal sur les autres lignes de RER.
RER B En rpercussion d'une panne de matriel  La Plaine Stade de France, le trafic est ralenti sur l'ensemble de la ligne. T [1/2]
RER B En rpercussion d'une panne de matriel, le trafic est ralenti sur l'ensemble de la ligne. Trafic normal sur les autres l [1/2]
RER B En rpercussion d'une panne matriel, le trafic est perturb sur la ligne. Reprise estime vers 10h00. Trafic normal su [1/2]
RT @3asyG33: Pas de train a vincennes vers l'est. Qui va chercher les bires et les chips??. #rera #flashapero
RT @Adrien_Girot: La circulation est ralenti sur le rer C pour cause de feuilles mortes. Quand tu lis a tu as juste en envie de rire quoi #clown
RT @Aptarus: Ah et maintenant le @RERE_SNCF au ralenti. Faut pas se laisser distancer par la #RATP en dfaut de qualit de service, suis-je bte.
RT @Ariane_Piot: Trains supprims, trains retards, wagons bonds et mal entretenus.... J'en peux plus de cette ligne ! #RERD
RT @AureCasse: Donc ce sont les feuilles mortes sur les voies qui bloquent tout le trafic RER ? BRAVO LES GARS
RT @Bricee94: @AlexFourgous t'es un ouf gros jle dit a personne , personne sera au courant !! Ahahah en mode soumsoum comme @YanisBtm
RT @CIaudeFrancois: RE JE SUIS LA, DSOL DU RETARD J'AVAIS UNE PETITE COUPURE DE COURANT
RT @ClemGwen: @RERB j'espre que c'est une blague cette rponse?Ca fait 30mn que j'attends un train  Chatelet! Le terrain a vous dit qqch?@LaPtiteElice
RT @EssonneInfo: #RER : Fluidifier le trafic du Sud vers le Nord >  #Essonne @JPDugoinClement @RERD_SNCF
RT @FBOcom: #RerE n'esprez pas trop monter dans notre train  Villiers... #qml
RT @FaroBojansky: "@YacineBoots: In sha Allah j'me pete la jambe en descendant du bus comme a je vais pas en cours" Amen mon frre
RT @Fedlate: Trafic fortement perturb sur la ligne de #rerc  10:20 le 01/12 #fedlate en savoir plus sur
RT @Fedlate: Trafic fortement perturb sur la ligne de #rerc  11:00 le 01/12 #fedlate en savoir plus sur
RT @Gentilchanoir: @RERA_RATP: 19:23, le trafic est ralenti sur la ligne (divers incidents) #RATP #RERA Ah! 5me!
RT @He__Rick: Train en panne  Nanterre #Rera @galeRERAfr @RERA_RATP @MappyCity
RT @JErichot972: #RERA #LigneL Trafic interrompu zone #SNCF. Presence de personnes aux abords d voies a Nanterre. #qml
RT @JahidOfficiel: "@helouaaa: @JahidOfficiel sa sera qu'en la sorti de album ? :-)" 2015 j'espre ;) le 1er extrait + clip courant Janvier voir Fvrier :D
RT @JulietteSht: Ok mdr une vieille folle dans le tram qui traite tlm de pute et aprs elle me crie jsuis mre de famille moi ptn les pauvres gosses
RT @KlnMcFly: Ya un mec en train dse couper les ongles dans le rer la ... les renois franchement controlez vos tontons svp c pu possible cette situation.
RT @LA_RATP: En raison d'une panne de matriel  La Plaine Stade de France, le trafic est ralenti sur l'ensemble de la ligne.#RERB 2/2
RT @LIGNEL_sncf: Trafic #LIGNEL avarie matriel  #NanterreP prvoir retards 10  20mn et des suppressions sur #RERA branches #Cergy / #Poissy jusqu 20h30
RT @LIGNEL_sncf: Trafic #LIGNEL reprise du trafic sur le# RERA branches #Cergy et #Poissy, prvoir des retards de 30  40mn et suppressions jusqu 21h30
RT @Lulisoap: Train SLOM terminus juvisy #qml #RERC pour un 1 jour de pass navigo vous faites fort chez la sncf...
RT @Lunon92: Depuis 19h12 trafic interrompu sur #RERA entre Nanterre et Cergy/Poissy suite personnes sur les voies sur le viaduc de Nanterre. #qml
RT @MappyCity: Le trafic est ralenti de Nanterre-Prefecture vers Cergy-Le Haut / Poissy / Saint-Germain-en-Laye #RERA #BOF
RT @MappyCity: Merci @alx_billon ! Trafic ralenti sur les axes Paris- Cergy le Haut,et Paris - Poissy. Retour  la normale prvu pour 20h #RERA #BOF
RT @MappyCity: Oups ! Des retards de 10  20 minutes sont  prvoir sur les axes Paris - Cergy le Haut et Paris - Poissy #RERA #BOF
RT @MappyCity: Oups ! Le trafic est ralenti de Nanterre-Prefecture vers Cergy-Le Haut / Poissy / Saint-Germain-en-Laye #RERA #BOF
RT @MappyCity: Pas de bol ! Le trafic est ralenti de Nanterre-Prefecture vers Cergy-Le Haut / Poissy / Saint-Germain-en-Laye #RERA #BOF
RT @MappyCity: Tout va pour le mieux, trafic fluide sur la ligne #RERC #OK
RT @MarieAdeM: #RERA Donc le trafic est bloqu parce qu'il y a des passagers "dans le tunnel" #Normal #Toutvabien
RT @Marie_Marty59: J'espre qu'il va neiger cette semaine , neige = pas de bus , pas de train = pas cours
RT @Misstigrette_B: Trafic ralenti? a fait quoi alors quand il est interrompu? #rerb #petiteblague #qml
RT @Nanette54: Actuellement le trafic est fluide, aucun rer depuis 20 min a lpsdf... #RERB
RT @OnMaApplaudit: Le chauffeur du bus a ralenti par ce qu'une beurette traversait, je lui ai dis "azi passe c'est orange" on m'a applaudit, j'ai roul l'bus
RT @RERA_RATP: 18:25, le trafic est ralenti de Nanterre-Prefecture vers Cergy/ Poissy /St-Germain-en-L. (panne de matriel) #RATP #RERA
RT @RERA_RATP: 19:23, le trafic est ralenti sur la ligne (divers incidents) #RATP #RERA
RT @RERA_RATP: Retour  un trafic rgulier sur l'ensemble de la ligne #RERA #RATP. Incident termin.
RT @RERB: 08:42, le trafic est perturb sur la ligne. Retour  la normale  10:00. (incident d'exploitation) #RERB
RT @RERB: 17:11, le trafic est ralenti de Plaine stade de F. vers St-Remy / Robinson (panne de matriel) #RERB
RT @RERB: 17:47, le trafic est ralenti sur la ligne (panne de matriel) #RERB
RT @RERB: 18:43, le trafic est ralenti sur la ligne (panne de matriel) #RERB
RT @RERB: Bjr @chanbar63, la panne d'un train en gare de Servan Beaudottes entrane des perturbations sur la ligne. Retour  une frquence fluide ~10h
RT @RERB: Retour  un trafic rgulier sur l'ensemble de la ligne #RERB. Incident termin.
RT @Sandraparker: @RERA_RATP il est pas ralenti il est absent #menteur
RT @Shix_i: #qml #rerc ralenti  cause d'un incident technique a bfm #joie
RT @SiDi_Flooder: Toute ta vie tu tournes au ralenti ou c'est comment !? RT @RERB 18:43, le trafic est ralenti sur la ligne (panne de matriel) #RERB
RT @SkydyB: Quand tu parle a une fille depuis longtemps et que le courant passe faut penser  protger sa
RT @TomekTR: #qml , le trafic est ralenti de Plaine stade de F. vers St-Remy / Robinson (panne de matriel) #RERB
RT @TomekTR: Ligne L : Paris St Lazare - Cergy le Haut ralenti jusqu' 22h - 15  20min retard #qml #rera #lignel
RT @TomekTR: RER A : trafic ralenti jusqu'  20h00 10  20 minutes supp de trajet, dans les deux sens.train en panne a Nanterre Prf #qml #rera
RT @UltranusAbitbol: C'est la premire fois que j'ai une place assise dans le rer A un matin, du coup je vais jusqu'au terminus, c'est trop grisant
RT @Voulf: @MappyCity: Profitez dun trafic fluide sur la ligne #RERB #OK - et encore  ct de la plaque
RT @WMyWay_Mobile: RER A En raison d'une panne de matriel, le trafic est ralenti de Nanterre-Prefecture vers Cergy-Le Haut / Poissy / Saint-Germai [1/2]
RT @WMyWay_Mobile: RER B En raison d'un incident d'exploitation, le trafic est perturb sur la ligne. Reprise estime vers 10h00. Trafic normal su [1/2]
RT @WMyWay_Mobile: RER B En rpercussion d'une panne matriel, le trafic est perturb sur la ligne. Reprise estime vers 10h00. Trafic normal su [1/2]
RT @cyberbaloo_: @RERA_RATP a Auber trafic ralenti, ca cause dans le micro. C'est quoi le problme l tout de suite ? #vismaviedesourde #merci
RT @diehengardt: @SNCF_Direct @rerb #rerb 15 minutes pour faire stade de France gare du nord ? C'est a un trafic normal ? #qml
RT @dylan_boateng: Quand ils se sms vers 3h du mat pendant les vacances et essayent de se capter ala mairie ! Vous tiez au courant o pas ma TL ????????
RT @fratwoman: "@LozeRER: Annonces gare lozere : trafic #rerb perturb dans les 2 sens suite avarie  la plaine" #qml
RT @freddytinyworld: @RERC_SNCF pb adhrence sur train  Javel. Train retenu  quai  Champ de mars. Arg les feuilles mortes. #rerc #qml
RT @gaeloizel: #RER_B en panne  Stade de France. Gros ralentissement depuis 18:00. Prenez une alternative si vous le pouvez ! #qml
RT @guefine: Bonnes infos  auber : "le train vers boissy St lger, vient de quitter la dfense" #qml #rera
RT @guefine: Voyageurs sur les voies  Nanterre prfecture. C'est d au train en panne ? #qml #rera
RT @jay77fr: @rerb 1 train en panne et 3h de dysfonctionnement sur toute la ligne. La magie du #rerb plus ferique qu'#eurodisney #qml #huchon>mickey
RT @jlb4377: @RERA_RATP Suspicion d incomptence sur la totalit de la RATP le trafic est comme tous les jours compltement en vrac
RT @joshuah75: @Erik_Michel ne jamais traiter un RER si tu ne tiens pas  ce qu'il s arrte en pleine voie !-)
RT @kalista771: #rerE : le hiva de 8h37 annonc  8h40 puis 8h48... 0 infos... trafic normal ?? #qml
RT @paulhenricb: Avec @RERA_RATP soit tu as des trains a l'heure et des infos fiables, soit ni l'un ni l'autre. A toi de voir. #galere #rera #infos? #qml
RT @roukmoutte: "@RERB: 17:47, le trafic est ralenti sur la ligne (panne de matriel) #RERB" youpi... Pour changer...
RT @tduboys: Avarie matrielle en zone #sncf, trafic trs ralenti jusqu'a 10h #rerb #qml cc @RER_B
RT @transnationales:  (re)lire en ce dbut de #COP20  Lima, notre dossier nergies fossiles et #climat  #GDFSuez #Total #EDF #Lafarge...
RT @uber_pangolin: #RERA incident technique  Nanterre. Trafic fortement ralenti. Actuellement bloqu  la dfense
RT @uber_pangolin: #RERA trafic reprend  la dfense mais reste trs perturb
RT @vmovillois: @galeRERAfr norme coup de bol. 1 #RERA arrive en mm temps que moi. 5 mn d'arrt  Nanterre. Depuis ca roule, mais lentement.
Ralentissements sur la ligne C. Le motif? "Des feuilles mortes sur les voies  Javel gnent le freinage".
Rer B...Tratre fumier ptin mon trajet est de 20 minutes d'habitude au final 30 c'est la mort ca quand tu prend le dernier train de l'espoir
Retour  un trafic rgulier sur l'ensemble de la ligne #RERA #RATP. Incident termin.
Retour  un trafic rgulier sur l'ensemble de la ligne #RERB. Incident termin.
Retour au ralenti en RER : les transports franciliens craignent froid, chaud, vent, pluie, grve, panne... Mais pas les voyageurs !
SERIEUX ? "Les trains de la ligne C sont ralentis par la prsence de feuilles mortes sur les quais" @RERC_SNCF #RERC #Paris #Transilien
Si j'avais t au courant de ce pacs, me serai-je seulement lanc dans cette histoire ?..
Tous les trains passent sauf le notre arrt en pleine voie pour un problme de signalisation... #RerC ds le lundi matin.,#SLOM
Tout va pour le mieux, trafic fluide sur la ligne #RERC #OK
Toute ta vie tu tournes au ralenti ou c'est comment !? RT @RERB 18:43, le trafic est ralenti sur la ligne (panne de matriel) #RERB
Trafic #LIGNEL avarie matriel  #NanterreP prvoir retards 10  20mn et des suppressions sur #RERA branches #Cergy / #Poissy jusqu 20h30
Trafic #LIGNEL reprise du trafic sur le# RERA branches #Cergy et #Poissy, prvoir des retards de 30  40mn et suppressions jusqu 21h30
Trafic fortement perturb sur la ligne de #rera  18:40 le 01/12 #fedlate en savoir plus sur
Trafic fortement perturb sur la ligne de #rerb  08:00 le 01/12 #fedlate en savoir plus sur
Trafic fortement perturb sur la ligne de #rerb  09:00 le 01/12 #fedlate en savoir plus sur
Trafic fortement perturb sur la ligne de #rerb  17:20 le 01/12 #fedlate en savoir plus sur
Trafic fortement perturb sur la ligne de #rerb  18:00 le 01/12 #fedlate en savoir plus sur
Trafic fortement perturb sur la ligne de #rerb  18:40 le 01/12 #fedlate en savoir plus sur
Trafic fortement perturb sur la ligne de #rerb  19:20 le 01/12 #fedlate en savoir plus sur
Trafic fortement perturb sur la ligne de #rerc  07:40 le 01/12 #fedlate en savoir plus sur
Trafic fortement perturb sur la ligne de #rerc  08:20 le 01/12 #fedlate en savoir plus sur
Trafic fortement perturb sur la ligne de #rerc  09:40 le 01/12 #fedlate en savoir plus sur
Trafic fortement perturb sur la ligne de #rerc  10:20 le 01/12 #fedlate en savoir plus sur
Trafic fortement perturb sur la ligne de #rerc  11:00 le 01/12 #fedlate en savoir plus sur
Trafic perturb sur la ligne de #rera  09:40 le 01/12 #fedlate en savoir plus sur
Trafic perturb sur la ligne de #rera  10:20 le 01/12 #fedlate en savoir plus sur
Trafic perturb sur la ligne de #rera  19:20 le 01/12 #fedlate en savoir plus sur
Trafic perturb sur la ligne de #rera  20:00 le 01/12 #fedlate en savoir plus sur
Trafic perturb sur la ligne de #rera  21:20 le 01/12 #fedlate en savoir plus sur
Trafic perturb sur la ligne de #rerb  09:40 le 01/12 #fedlate en savoir plus sur
Trafic ralenti pour @RERA_RATP , c'est plus de RER du tout. #savoir
Trafic ralenti? a fait quoi alors quand il est interrompu? #rerb #petiteblague #qml
Train SLOM terminus juvisy #qml #RERC pour un 1 jour de pass navigo vous faites fort chez la sncf...
Train en panne  Nanterre #Rera @galeRERAfr @RERA_RATP @MappyCity
Trains supprims, trains retards, wagons bonds et mal entretenus.... J'en peux plus de cette ligne ! #RERD
Voyageurs sur les voies  Nanterre prfecture. C'est d au train en panne ? #qml #rera
Vraiment le @RERD_SNCF me dpasse fortement !!! Incroyable !!! Tu peux prendre le train 1 fois par an tu trouves tjrs les mme PB #retard
Wsh y'a la panne d'UN SEUL train  la Plaine SDF mais tout est perturb sur la ligne B, okalm.
Y un rer, train, avion, bateau pour aller  chelles ???
Ya un mec en train dse couper les ongles dans le rer la ... les renois franchement controlez vos tontons svp c pu possible cette situation.
Youpi, accident de personne pour la SNCF. "Vous inquitez pas, on a un bus". Pour 200 personnes. Damned. #NuitDeFolie
a commence bien ! @RERB: 08:42, le trafic est perturb sur la ligne. Retour  la normale  10:00. (incident d'exploitation) #RERB
a serai ienb comme a y'a pas de bus et je vais pas en cour
ance, le trafic est ralenti sur l'ensemble de la ligne. Trafic normal sur les autres lignes de RER. [2/2]
crari jvoi y'a mon bus jcommence a marcher vite et jss arriver a l'arrt en mm temp crari et spa le bus il ralenti il mguette #A
j'arrive  la place des bus, ils disent que y'a eut un accident et qu'il y a plus de bus ni de tram ni de metro
n-en-Laye. Trafic normal sur les autres lignes de RER. [2/2]
pour changer. RT @RERB: 17:47, le trafic est ralenti sur la ligne (panne de matriel) #RERB
ptn j'etais grv en retard mais du coup mon pre ma emmen au tram du coup c bn jsuis plus en retard
rafic normal sur les autres lignes de RER. [2/2]
trafic est ralenti en direction de Robinson - Saint-Rmy-ls-Chevreuse. Trafic normal sur les autres lignes de RER. [2/2]
y'a un mec ds mon classe il est tomb en courant vers la porte il est repartit il a dit "bon ben bonne soire" j'tais morte
