"@C_estleprenom: Kenza c'est le prnom des meuf qui cour driere le bus mais elle le rate apres elle marche" tout a fait mdddr
"Il l'aime. Elle l'aime. Tout le monde est au courant, sauf eux.",a sera jamais l'cas avec moi mdr msk.
#IlMessagero / Transport / Bus / Accident / #Egitto Accident de la route en Egypte: un bus se prcipite dun...
#RCLnews Gervais Martel espre largent  courant ou fin avril : Il y a quelques semaines, le prside...  #RCLens
#concoursfansTShirt C'EST QUAND QU'ON SERA AU COURANT DE QUI A GAGNER ?? @ConcoursFansFR
#valdemarne Crteil : accident sur la ligne 8, le trafic interrompu: Trafic interrompu sur la ligne 8  Crtei...
1-0 Moncton aprs la premire priode  Halifax. Match dbut avec 30 minutes de retard, autobus des chats sauvages retard par un accident
@AnaisMendes @Lolaprny mdrrrr mais dj ton pre limite il joue a l'om pis Albert il est po au courant je crois
@AxelMorais jure???? Mon pre m'a pas tenu au courant des rsultats
@CindyPorri @MarieOrdioni tu pourras tmoigner, ou en parler a mon mariage mais bon tout le monde sera dj au courant ce sera pas drle
@DelangleSarah t'inquite je peux pas arrter ma vocation comme a... Et tu sera tjrs la premire au courant
@FanV2N @frenchwayfarer @Conducteur_RER @SJCorinne a cest clair que pour trouver une matin bon pour tout le monde, cest coup de poker!
@FehbMarion j'espre  je sais pas si j'aurai fini de manger, je te tiens au courant! On rvisera l'svt seq1 ensemble oki?
@JMangala_8 ma mre est pas l elle est pas au courant, mais quand elle va l'apprendre ptdrrr a va chauffer pour lui
@JeremieDaSilva Il sera au courant des son retour la bas, mais dans un pisode javais cru voir un truc a la fin genre les normand nous ont
@Kayyy_91 Oui! a serait super car on ne sait pas quand on retourne  Qubec! ;) Tiens moi au courant! :)
@KingWilson_x Ah cool, j'espre que a marchera pour toi! Tu nous tiens au courant! Peros j'suis interress :)
@LittleSeaOtter d'ailleurs j'essaye de me faire hberger gratos donc je tiendrai au courant (et pour le voyage Eurolines a gre)
@M_Grosso_ Quoi ?! c'est pas toi qu'est aller lrcuprer au tram, jte jure il tait fascin par tout autour de lui, il m'a fait son discour
@MarieAliceBC Yep. En plus c'est le deuxime dcs en quelques semaines  la AAA aprs un accident de bus tuant une membre du staff :/
@MrDrawings @adele_Capri Bah tu seras dj au courant de ce qui t'attend aucune surprise possible! Tu sais dj que a sera long et chiant!
@MyriamForLarry On te dit vraiment a? J'espre que t'es au courant que ce n'est pas vrai.
@Paris18__ @LACPURE / je vois a et je m'touffe de rire !! Il suit en courant le mec ??Il,n'a' rien dans le froc ou quoi s'abaisser ainsi
@RERB Vous m'expliquez pourquoi tous les trains en direction du Sud sont subitement retards de 20+ minutes?
@SOS_Racisme vous tes au courant que le cinma fait partie des seules activits a avoir le droit de recruter sur des critres ethniques?
@Selim_ sans blagues... T'es au courant de la situation? Je prfre a aux rponses "exactes" du #TnGov prcdent, soit 2 millions tout rond
@SideKalott @Maureen972 @__Kayz1017 @LeChenapan looool elle est sre quel veux le rveille il a fait des gens dsactive tu es au courant ??
@Studinano si tu peu me tenir au courant a serait cool ;)
@Tolliab allezzz si a strouve mon bus pour aller en Italie va faire un accident jvais mourir et tu regretteras de pas l'avoir fait
@Train_SNCF J'aurais plutt pens au rer e car il n'y a pas de transilien terminus Tournan  ma connaissance...
@VinTanner_ pareil !! Due que ce soit le frre du chanteur (jetais pas au courant) Partie aussi avant la fin. (on a failli se battre)
@Virgiinie_ @schochergaelle il y a que vous, dans l'est, qui faites la diffrence entre la mer et l'ocan dans le langages courant ^^
@_JulieCarvalho Ah d'accord ! Aprs, a fait une semaine que j'y suis donc je serai au courant des petits potins au fil du temps ahah
@_PsdJ Oh, alors d'accord ! et comme ma mre a un voilier, il se peut que j'en trouve... je te tiens au courant.
@dassouline Oui mais on en a marre de devoir nous rassembler derrire un courant qui n'a fait que 5.63% aux primaires PS...
@demxlights Depuis qu'il a explos avec Jealous, je pense que beaucoup n'tait pas au courant pour le clip de Chains donc il en refait un
@frenchwayfarer hum... C'est vrai que le matin tu prends jamais le mme train... a va pas aider ,@Conducteur_RER @SJCorinne
@humainaleau savigny-le-temple, en idf. Mais du coup c'est bien parce qu'il y a une gare rer  2 minutes d'aprs ce qui est dit sur l'event.
@ibaa_deer Oui pour Serge j'tais au courant mais KD pure c dur a nagn pray pour Russell garder sa forme actuelle dara bagn ko dal rek
@imaginaation @LIGNE_P @LIGNEP_SNCF @RERE_SNCF @LeParisien_77 Mais c'tait quel train? Ce samedi c'tait soit un RER E Gretz-Haussmann ou
@lucielgbt ohhhhh, j'espre que a te plaira, tiens moi au courant!
@mad_folie_douce Non a n'a rien  voir puis sa mre etait au courant . Et je pense pas qu'elle passe bcp sur le forum avec tout a
@mdgiharry tiens moi au courant si tu la prend comme a on se fera une petite playlist
@mimignardise @BrunoGUILLONOff cest a les banlieusards! Car je rappelle  ceux qui ne seraient pas au courant: les parisiens ne votent pas!
@objfitsecret Un jour a sera ton tour, et ce jour l je veux que tu fangirl ici pour que je sois au courant !
@proudofID tiens moi au courant! a serait oshqioefd
@tanguydrou @LesellierA @landais_elise ha y'a un bail? j'suis l'dernier au courant nique sa mre
@towardearth omg j'espre que ya une fille de mon groupe elle est pas au courant de a sinon.............
A l'arrt de bus ya un couple de personne ge y m'demande toute ma vie wsh y sont shelou frre ..
Ae ! Des travaux interrompent la circulation des trains dans les deux sens, entre Saint-Quentin en Yvelines et Invalides #RERC #KO
Ae ! Des travaux interrompent toujours la circulation des trains dans les deux sens, entre Saint-Quentin en Yvelines et Invalides #RERC #KO
Alerte ! Des travaux interrompent la circulation des trains dans les deux sens, entre Saint-Quentin en Yvelines et Invalides #RERC #KO
Alerte ! Des travaux modifient la circulation des trains de la ligne #RERE sur l'axe Haussmann Saint-Lazare / Tournan #BOF
Apparemment y'a une panne de courant vers Grand Quevilly :/
Bon j'avoue le Singed qui trollait en courant autour de la map 1v5 puisque de toute faon c'tait perdu m'a bien fait rire
C'est triste l'accident qui a eu lieu sur la ligne 8  la station de Crteil
Crteil : accident sur la ligne 8, le trafic interrompu
D'aprs les rsultats du 1er tour, la gauche est EN MESURE de prendre la Lozre  la droite.A contre-courant.,#Dpartementales
Demain matin ma grand mre m'amne a l'arrt de bus du coup je vais mettre mon rveil plus tard!
Demain ya des travaux  partir de 22h sur le RER A mais on est d'accord que pour Cergy c'est traffic normal hein ?
Depuis les bus ils passent dans ma rue j'ai le stresse la dernire fois il m'a mis un coup de pression avec Pauline
Des travaux interrompent la circulation des trains dans les deux sens, entre Saint-Quentin en Yvelines et Invalides #RERC #KO
Des travaux interrompent toujours la circulation des trains dans les deux sens, entre Saint-Quentin en Yvelines et Invalides #RERC #KO
Des travaux modifient la circulation des trains de la ligne #RERE sur l'axe Haussmann Saint-Lazare / Tournan #BOF
Dj que le trafic est lent dimanche matin cmt ne pas vous insulter qd on attend le train 35min au lieu de 25? @SNCF @SNCF_Direct @RERD_SNCF
Dj ta mre tait un peu au courant fait pas l'innocente quand t'as dit y'a qui t'as entendu la voix de Poorni et t'as dit ta mre auddi
Elle est au courant Marine qu'elle a un micro au lieu de crier comme une poissonnire l ?
Elle se tape trop la honte a ce moment la, moi je serais partit en courant et je me serais cacher sous une table
En plus hier le direct il a prit 1h30 sans compter le rer b j'ai plus voyagee en train que en avion
Enft moi j'ai un mec, on est en couple j'laime tt a c'est juste qu'il est pas encore au courant mais bientt, bientt ;)) je gre
Genre pour ma dernire photo je suis arriv en courant je lui ai dit "Again" et je crois qu'il a rit  mon oreille jsuis duper
Hier le bus il m'a pas cout  un gars il voulait prendre le bus, j'vois le bus ralentir je crie " NAN LUI OUVRE PAS ! " il a ouvert
J'espre a m'arrive pas en cour sinon balek je me casse en courant je veux pas me taper la honte comme Ocane
J'etais normal dans mon RER puis d'un coup j'descends a 7 stations de chez moi et j'me dis "j'ai besoin de sport je rentre en velo" wtf ?
J'me rappelle l'anne dernire quand j'suis alle avec chach  bellewaerd pour halloween, on a fait un truc et chach est sortie en courant
Jai une piqre au bras jsp d'ou elle sort, si dmain jcommence a tirer des toiles wllh c que jsuis spiderwoman,Jvs tient au courant.
Je le connais quand mme et je prfre lui dire comme a il est au courant !  #F
Je lui et jeter un casque je me suis sauver en courant jcrier RENO RENO ptdrrrr la mere a Reno elle tait  la fentre elle tait morte
Je reois beaucoup de question concernant Zayn donc pour que tout le monde soient au courant je vais le dire une dernire fois ici. Zayn a
Kiyes k'ap tintin yo rele "Tout Est Permis" a  M'pa au courant de Bagay Konsa non mwen menm
L'infotrafic RER D : Fin de lincident. Reprise progressive du trafic 17:42 #rerD
La chance ! Trafic fluide sur toute la ligne #RERB #OK
La dernire fois a a t la guerre entre le train jusqu'a MLV, les travaux sur les lignes de mtro, le RER D (!!!) :(
La premire chose que maman me dit c'est "alors a se passe mal du ct des onedi?" HEIN COMMENT ES TU AU COURANT QUE SAIS TU
Le RER a 7h10 mardi alors que j'aurais pu aller tranquille en cours et en sortie a partir de 10h normalement a pique  la folie
Le courant il s'est coup chez moi a m'a saoul j'ai loup tout le match en plus on a perdu nike sa mre
Le dbut du dernier match de la saison rgulire de la LHJMQ a t repouss de 30 mins en raison d'un accident qui retarde le bus de Moncton
Les mecs de ma dernire photo : "on se tient au courant pour aller au parc ?" "ouais je vais voir sur le site les matchs qu'il y a" :''''''
MA MERE A FAIT DU POULET J Y VAIS EN COURANT LA !!!!
Ma mre a se voyait elle kiffait pas trop quand on en parlait mais bon voil mtn ils sont au courant c mieux
Ma petite sur me fait la tte pasq elle a t la dernire au courant pour mon week end a Paris
Ma sur elle est venu vers moi en courant psk elle a regarde The flash elle s'est casse la gueule dans le couloir.....
Meteo du #RER (#ratp) : OK () 22/03/2015 a 01:25 Trafic normal sur l'ensemble ...
Meteo du #RER (#ratp) : OK () 22/03/2015 a 04:41 Trafic normal sur l'ensemble ...
Meteo du #RER (#ratp) : OK () 22/03/2015 a 08:25 Trafic normal sur l'ensemble ...
Meteo du #RER (#ratp) : OK () 22/03/2015 a 08:33 Trafic normal sur l'ensemble ...
Meteo du #RER (#ratp) : OK () 22/03/2015 a 09:09 Trafic normal sur l'ensemble ...
Meteo du #RER (#ratp) : OK () 22/03/2015 a 09:17 Trafic normal sur l'ensemble ...
Meteo du #RER (#ratp) : OK () 22/03/2015 a 09:25 Trafic normal sur l'ensemble ...
Meteo du #RER (#ratp) : OK () 22/03/2015 a 09:49 Trafic normal sur l'ensemble ...
Meteo du #RER (#ratp) : OK () 22/03/2015 a 11:25 Trafic normal sur l'ensemble ...
Meteo du #RER (#ratp) : OK () 22/03/2015 a 18:33 Trafic normal sur l'ensemble ...
Moi le jour o j'accoucherai, j'ferai en sorte que mes parents soient au courant de a un an aprs je vais me le promettre
Moi mon pre monte en mode furtif, a fait 10min qu'il observe et t'es pas au courant  #LRT
Mon frere m'a dit avant de partir a reims "j'vais essayer de t'acheter l'iphone 5 mais... CACA SUR TOI" et il s'est cass en courant...
Mon frre est pas au courant de tout a en plus, il a eu ma mre au tlphone il m'a envoy un msg pour me demander ce qu'il se passe
Mon pre il m'a dit "si t'as plus d'appetit c'est parce que tu es amoureuse" ah bah je suis pas au courant de qui alors
Mtn vs etes au courant que si jms on perd sa sera dma faute a force de trp brayer ici, jvs laisserai ls cordonn de mon avocat pr ls insulte
Mtro Ligne 6 En raison d'une panne de signalisation, le trafic est ralenti sur l'ensemble de la ligne Trafic normal sur les aut [1/2]
Mtro Ligne 8 En raison d'un accident grave de voyageur, le trafic est interrompu entre les stations Maisons-Alfort-Les Juilliot [1/2]
Mtro Ligne 8 En raison d'un accident grave de voyageur, le trafic est ralenti sur l'ensemble de la ligne.
Mtro Ligne 8 En raison d'un accident grave de voyageur, le trafic est ralenti sur l'ensemble de la ligne. Trafic normal sur les [1/2]
N-TV / Accident de bus / #gypten Douze personnes trouvent la mort dans un accident de bus au Caire. Aussi...
Nan mais je reve a fait combien de temps que vous etes au courant mddr
Nos affaires avancent plus vite qd pers. n'est au courant, pas pcq pers. nous barre mais pcquon fait, plutt que passer du tmps a en parler.
Nsm on a loup le tram mais comme des  on a ralenti juste devant et hop y c'est barr
On avait t trs sage en 2014. Le responsable de l'accident tait LE CHAUFFEUR DE BUS, pas nous. @courrierouest
Once upon a time  reprit et j'tais pas au courant Bordel! Je commence  regarder et la gros bug du Net, je craaaaaque
Patience ! Des travaux interrompent la circulation des trains dans les deux sens, entre Saint-Quentin en Yvelines et Invalides #RERC #KO
Patience ! Des travaux modifient la circulation des trains de la ligne #RERE sur l'axe Haussmann Saint-Lazare / Tournan #BOF
Pour tre au courant du score en avant premire, y'a mieux que Twitter, y'a Lucas mddr
Profitez d'un trafic fluide sur la ligne #RERA #OK
Ptdrrrr a veut dire je serai toujours en train d'attendre mon bus a Argenteuil la ?
Putain y'a pas de train pour st leu ducoup on galre  rentrer en bus avec binta, trop looong
Quand a sent la bouffe chez moi ma mre a mme pas besoin de m'appeler pour aller manger, j'y vais en courant
RT @1DFrance: Je reois beaucoup de question concernant Zayn donc pour que tout le monde soient au courant je vais le dire une dernire fois ici. Zayn a
RT @AleexQ_: @SRZ_Y jrigole si jmonte a paris elle sera pa au courant y a que toi que j'irai voir ;)
RT @AudreyDeii: Nos affaires avancent plus vite qd pers. n'est au courant, pas pcq pers. nous barre mais pcquon fait, plutt que passer du tmps a en parler.
RT @ChloeLilow: ma mre qui passe l'aspi juste dvt ma porte de chambre pdt 20min parce qu'elle croit que je dors ms en fait elle gaspille juste du courant
RT @Daalooouu: Un jour dans le rer Kady Pauline Lina et Moi on s'imagine dans le corps des gas on dizai dla D alors Reda a dit "Si jserai une meuf (1)
RT @Guillaume_Alv: D'aprs les rsultats du 1er tour, la gauche est EN MESURE de prendre la Lozre  la droite.A contre-courant.,#Dpartementales
RT @GuirriBoss_: Tlr dans le RER ya un daron renoi il croise sa fille dans l'train par hasard & quand il la vu il a dit "donc toi tu colorie tes levres mtn?"
RT @LatifiZubrowka: allez cassez vous les pd d'espagnoles, j'esperent vous aurez un accident de bus
RT @LeParisien_93: Le trafic du RER E interrompu  cause dun suicide  Gagny
RT @LeParisien_94: Crteil : accident sur la ligne 8, le trafic interrompu
RT @MappyCity: Des travaux interrompent la circulation des trains dans les deux sens, entre Saint-Quentin en Yvelines et Invalides #RERC #KO
RT @MappyCity: Patience ! Des travaux interrompent la circulation des trains dans les deux sens, entre Saint-Quentin en Yvelines et Invalides #RERC #KO
RT @MelaMelDC: Quand a sent la bouffe chez moi ma mre a mme pas besoin de m'appeler pour aller manger, j'y vais en courant
RT @OnMaApplaudi: Le chauffeur du bus a ralenti par ce qu'une beurette traversait, je lui ai dis azi passe c'est orange, on m'a applaudit, j'ai roul l'bus
RT @RERD_SNCF:  L'infotrafic RER D : Fin de lincident. Reprise progressive du trafic 17:42 #rerD
RT @SFCO_Pyro: J'etais normal dans mon RER puis d'un coup j'descends a 7 stations de chez moi et j'me dis "j'ai besoin de sport je rentre en velo" wtf ?
RT @Soniah213: Enft moi j'ai un mec, on est en couple j'laime tt a c'est juste qu'il est pas encore au courant mais bientt, bientt ;)) je gre
RT @YoungRihGirl: Dj ta mre tait un peu au courant fait pas l'innocente quand t'as dit y'a qui t'as entendu la voix de Poorni et t'as dit ta mre auddi
RT @faguagliata: @RERD_SNCF @jphuchon @TUForg 80% de ponctualit alors que tous les matins les trains sont ralentis a maison alfort ! Quelle blague !
RT @kikidrystan: @JAygn 4 rennais m ont chambr a la sortie du stade! j ai fait de mme! Ils sont parti et 2 m ont piqu ma casquette en courant
RT @levraihoroscxpe: Dans un film d'horreur, le #Scorpion serait celui qui sortirait en courant par la porte d'entre plutt que de monter les escaliers.
RT @lxlvxpvrxth: nahel josue ines et benjamin ils m'ont raconter des histoires comme quoi les bus t'en avait 1 sur 3 qui faisait un accident g peur
RT @migodomingo_: Jferai jamais dmal a un animal apart si ce fils de pute il vient en courant vers moi jlui met un penalty il va voler comme princesse sissi
RT @nxallmysunshine: "Il l'aime. Elle l'aime. Tout le monde est au courant, sauf eux.",a sera jamais l'cas avec moi mdr msk.
RT @postier12: @Paris18__ @LACPURE / je vois a et je m'touffe de rire !! Il suit en courant le mec ??Il,n'a' rien dans le froc ou quoi s'abaisser ainsi
RT @vpecresse: Attaque du RERD  Juvisy dimanche: le Premier ministre tait-il au courant quand il a tenu son meeting essonnien  Evry hier? #dissimulation
RT @zone_mixte: Pas clbrer en visant avec un fusil imaginaire.Pas poser la main sur l'paule de l'arbitre.,Sortir en courant quand il y a changement.
Rappel ! Des travaux modifient la circulation des trains de la ligne #RERE sur l'axe Haussmann Saint-Lazare / Tournan #BOF
Rappelons que des travaux modifient la circulation des trains de la ligne #RERE sur l'axe Haussmann Saint-Lazare / Tournan #BOF
Rapprochement Areva/EDF : Areva construira les centrales nuclaires et EDF dcontaminera aprs l'accident, et vice versa.
Repas de famille improvis + rvisions carabines = Pas de stream ce soir. Mais cette semaine il y a p-e moyen, j'vous tiens au courant
Si il tait au courant je crois que a serait la fin du monde mddrr
Tenez bon ! Des travaux modifient la circulation des trains de la ligne #RERE sur l'axe Haussmann Saint-Lazare / Tournan #BOF
Travaux : La circulation des trains est interrompue dans les deux sens, entre Saint-Quentin en Yvelines et Invalides #RERC #KO
Tshp je suis dans la cuisine mn frere il vient il me dis but de Messi j'arrive en courant ma mre m'a dit non il ment jvoulais le tart
Un jour je mettrais mon pre et mon BP au courant pour mon piercing, a fais quand mme 3 mois
Un mlange de Dception , colre et de sentiment d'impuissance , en gros nager a contre courant dans le Rhne .. :(
Y avais un couple dans le rer a, OMG
Y se passe tjr des trucs dans cette maison j'suis au courant de rien, alors que chez ma mre direct y'a un truc je sais
Y'a un couple dans le tram  ct de moi.. Des perles rares nancienne a encore.
a me fait rire les gens qui parle mais qui sont au courant de rien
allez cassez vous les pd d'espagnoles, j'esperent vous aurez un accident de bus
heureusement j'passe a la dernire heure de cours, j'pourrais pleurer dans le bus sans retenue
hier dans le metro y avait deux gars en face de moi ils parlaient d'une srie et mon pere il a une reaction chelou du coup jdemande y a quoi
j'me suis abonn a Bein Sport ma mre elle et mme pas au courant
jviens de tousser et en passant devant ma chambre mon pre il a dit "Solne, tu tousses.",ah cimer quelle dduction, j'tais pas au courant
le jour ou mon crush il sera au courant que je l'aime, et si il m'ignore, a chaque fois que je passerais devant lui je bassserais la tete :(
ma mre qui me dit que demain je vais pas en cours bc y a sonper pour m'emmener au bus
ma mre qui passe l'aspi juste dvt ma porte de chambre pdt 20min parce qu'elle croit que je dors ms en fait elle gaspille juste du courant
mais le ct positif dans tout a c'est que mme si mon frre m'a niqu, ma mre a pas vu le bulletin et elle est au courant de riennnnn
mais y'a des gens ils font tout derrire ton dos et en plus de a ils pensent que t'es au courant de rien, franchement arrtez de penser
mon frere ce con il a fait sauter le courant, il a cram son chargeur putain jai cru jallais le tuer
nahel josue ines et benjamin ils m'ont raconter des histoires comme quoi les bus t'en avait 1 sur 3 qui faisait un accident g peur
