"@Drick_ABF: J'me demande bien comment le Bus a fait sont accident la " o?
"Les couples qui s'embrassent matin, midi, soir, aprs-midi, lendemain, goter dehors, dans le bus, tram, toilettes, mtro" @Princess_Ccl
#Haguenau Tragique accident de la circulation Voiture contre un bus : deux morts et deux blesss #DNAinfos
#Infotrafic (accident- Circulation diffcile) : du retard est  prvoir sur le rseau bus.#timp
#LigneL/#RERA: Trafic ralenti axes #NanterreU/#Cergy/#Poissy en raison de divers incidents. Retards 5/15mns, suppressions ponctuelles> 19h30
#RERC encore une journe sur le C avec des soucis! Train supprim, colis, rails, lenteur a deviens infernal !
#Ralentissement  08H12,Le trafic ralenti rue Monge en raison d'un bus d'cole actuellement bloqu entre Condorcet & Monge.
#Sehghor " Mais m'emportait irrsistible le courant,vers l'horrible chant des cueils de tes yeux.",odyssenne nuit
2- mais que les conseillres des enseignes non distributrices ne soient mme pas au courant de son existence !... Un vrai manque ...
7h de tram/train/taxi hier, 3h de route auj, je l'aurai mrit cette Cup! La course m'aidera  rcuprer pour la soire! #tsv2014 #triathlon
@BradleyAlphonse non sinon on serait tous au courant
@Kllycvr non mais j'ai rien avoir la dedans j'tait mme pas au courant j'ai fait arrte ta mere quand elle  appeler Valrie ttait #2
@Manou_ska uhhhhhh? pk habitant paris je suis tjr la dernire au courant des event XDD et ...et enfaite c quoi la nuit blanche paris?? XD
@Matymen je suis  Puteaux et le trafic bus est coup. Je me dirige vers les 4 temps je verrai bien si je peux rentrer.
@NasNacera Frres musulmans tait un courant d'opposition politique, mais Nasser tait plus populaire.
@RERA_RATP Il est 19:13  Nanterre. Les #RERA pour Cergy se succdent et j'attends encore qu'un train pour #Poissy daigne s'arrter!!!
@RERA_RATP Pourquoi les #RERA de Cergy ne s'arrtent-ils pas  #HCSS ?! Trafic ralenti, trains vides  19:20 #Cretinus
@RERA_RATP va garder jusqu' quand la clim a fond dans les trains? C'est dj un frigo en octobre, ca donnera quoi en decembre? #CaCaille
@RERC_SNCF A l'aller, coup de chance, un train programm plus tt est arriv juste assez en retard pour que je le puisse le prendre..
@RERC_SNCF Sans compter annonces lieu colis suspect diffrencis??? Un coup SMND, un coup Muse d'Orsay. 3/2 (je pensais pas faire si long)
@RERD_SNCF @bertranddevil et comme les prvisions de trafic ne ncessitent pas un 2e tunnel, cette situation va perdurer encore longtemps
@amondu11 naaaaaaa^^ t'es pas au courant ?XD accident de travail .... il est tres fissur depuis
@carlottab20 Sinon j'ai encore loup mon train ! On peut m'expliquer pourquoi une voiture a dcid de s'arrter sur les voies de mon tram ?
@deutiaf C'est le bus de musango ki a do l'accident?
@dru_rlem Accident sur le RER C ce matib
@lebreton911 @RERB sachant qu'on se traine a 2 a l'heure depuis chtelet avec 15 plombes d'attente a chaque stations
@lemondefr UBS menace USB peu fiable manque plus qu un accident de BUS
A chaque fois que je suis  un arrt de bus y'a toujours une camionnette avec des ouvriers dedans qui ralenti pour me regarder chelou
Allez, on va jusqu'au terminus du #tram rcuprer la voiture
Attention. Accident avec un Bus CUB Chemin des plateaux. Pompiers prsents. Prudence.
Aujourd'hui, Louiza pour vous informer en temps rel sur l'tat du trafic du #RERA. Bon trajet #RATP
Bonjour @RERC_SNCF je pensais qu'une gare non desservie n'empchait pas les trains d'y circuler, non ?
CA-91 E/B : Accident at CA-31 Main Street -
CIME repart jusqu'... #Javel... Nouvel arrt car il y a des trains dans toutes les gares jusqu' Saint-Michel-ND #RERC #qml
Comme dans le RER dimanche dernier o une vieille dame n'arrivait pas  raire monter toutes ses affaires dans le train. Je ne l'ai pas aide
Commencer la journe avec un bus qui dcide de ne pas s'arrter pour toi et devoir donc courir en talons... Heureusement qu'on est vendredi.
Courir en plein milieu De la place de la rep comme une mongole pour avoir son tram: FAIT -" #s'taperlahontedeslematin
Dans le rer B y'a un timal qui a tent le taclage,dtournage il pensait j'tais en couple ... outre de sa technique
Du coup je rentre en tram sa mre
Encore un accident de tram ce matin ?!? Mais c'est un concours ma parole :o
Entre chezy et chateau le train on dirait un rer b il avance a 2 a lheure pr R ca casse les couilles
Et aprs yavait d'la circulation et du coup ya un bus il passe devant nous et Ya deux gars bizarre  l'arrire ils se tournent et regarde
INFO TRAFIC RER C : La gare de Muse d'Orsay n'est pas desservie jusqu' 17h.
Incident affectant la voie  Saint-Michel-ND. Trafic trs perturb intra-muros. CIME retenu  #Issy depuis presque 10 min #RERC #qml
Infotrafic #RERC : Trafic interrompu entre Brtigny et St Martin (incident sur train de fret) R.  la normale : 20h >
J espre le bus de bdx va faire un accident sur la routee
J'ai failli avoir un accident de bus putain
J'ai faillit faire un accident de tram j'ai eu peur a maman la  a cause de ce putain de camion qui grille un feu rouge
J'me demande bien comment le Bus a fait sont accident la
J'viens d'apprendre que mon frre est en Alsace jusqu' dimanche, je suis toujours la dernire au courant
J'viens de rentrer de Paris et arriv a Aulnay je vois Mike d'#IDV4 en train d'attendre le RER comme un petit enfant sage
Je devrais tre a la maison mais non je suis dans le bus bloque dans les bouchons a cause d'un accident.
Je pourrais jamais faire un trajet sans emmerdes. Aprs le retard de mon train, y'a plus de tram donc j'attends mon pre  la gare..
Je suis pire que morte la. On tait 12 dans un comparte de 6 wesh ! 12 et le train a mis deux heure trente au lieu de une heure plus le RER
Je vais en cours en voiture avec mon gars , ca va m'eviter le metro et le RER D
LES GENS QUI MARCHENT AU RALENTIT DANS LE METRO ..... RESTEZ CHEZ VOUS !!!!
Le #RERD prend des pauses sans mme nous en parler ! Trafi ralenti entre Paris Melun / Corbeil #KO
Le chauffeur du bus a ralenti par ce qu'une beurette traversait, je lui ai dis "azi passe c'est orange" on m'a applaudit, j'ai roul l'bus
Le chauffeur du bus a ralenti par ce qu'une beurette traversait, je lui ai dis vas y passe c'est orange. mme le bus il rigolait.
Le trma il est au ralenti aussi ! Pourquoi j'ai pas pris le bus ????
Les frustr sexuel de vos meres arretez de prendre le metro jai pas envie que vous colliez vos corps sal sur moi ptn
Les gens dans le tram et dans le train ils voient que tu galres avec ta grosse valise et tes deux NORMES sacs et ils bougent pas.
Les gens qui montent dans le RER a Issy Val de Seine parlent procs, rachats d'entreprise et de coup marketing ad-mi-rable! #TerreInconnue
Les mystres du #RerA: 2 trains  tage quasi vides ds une direction, mais ds l'autre on s'entasse dans un train court. #chaleurhumaine
Ma porte est entre ouverte du coup avec le courant d'air a claque et a s'ouvre et a re-claque putain.
Mes excuses aux voyageurs du #RERA je suis l'handicap mis dans le mauvais train, d'o le bordel entre Nanterre et Cergy/Poissy #qml
Meteo du #RER (#ratp) : KO () 03/10/2014 a 20:33 Trafic normal sur l'ensemble ...
Meteo du #RER (#ratp) : KO () 03/10/2014 a 21:33 Trafic normal sur l'ensemble ...
Meteo du #RER (#ratp) : OK () 03/10/2014 a 10:49 Trafic normal sur l'ensemble ...
Meteo du #RER (#ratp) : OK () 03/10/2014 a 16:33 Trafic normal sur l'ensemble ...
Meteo du #RER (#ratp) : OK () 03/10/2014 a 20:41 Trafic normal sur l'ensemble ...
Mon bus a un problme de vitesse moi je pense que c'est plutt la femme qui le conduit.. Femme au volant = accident !!! #FifouFDP
Mon bus il a eu un accident j'croit sa race
Mon bus qui fait un accident ...  #constat #fuck #notime
Normalement je serais en train d'attendre le tram  l'cole l, mais je suis dj  Amandolier
On a pris le 303 le rer E le tram pour aller en cours
On veutme ramener en voiture, alors videmment avec 2 big valises je prfre prendre le bus(1.30) et le train(9).. qu'escequivapaschezmoi?
Oups, l'allongement du temps de parcours sur la ligne #RERC peut aller jusqu' 20 min. Retour  la normale prvu pour 20h00 #BOF
Pour pas que ma mre voit, mon pre s'est barr en courant avec son pneu par la porte qui donne sur le jardin mais quel famille :///
Putain ta mon bus qui vient d'avoir un accident
Quand je lis HP dans le tram, en pause des cours ou ailleurs, j'en suis putain de fire *-*
RER A : trafic ralenti Incident de signalisation  Poissy retards 10-20min #qml #rera
RER C : Modification de la circulation des trains  partir de 20h40 sur l'axe Austerlitz / Dourdan et Austerlitz / Saint-Martin d'Etampes.
RER C:modification de la circulation des derniers trains sur l'axe Pontoise - Pont de Rungis Aroport d'Orly ce soir
RT @Aro_Baze: Le chauffeur du bus a ralenti par ce qu'une beurette traversait, je lui ai dis azi passe c'est orange, on m'a applaudit, j'ai roul l'bus
RT @Arya_Watson: Quand je lis HP dans le tram, en pause des cours ou ailleurs, j'en suis putain de fire *-*
RT @Drick_ABF: J'me demande bien comment le Bus a fait sont accident la
RT @ElodiePudding: LES GENS QUI MARCHENT AU RALENTIT DANS LE METRO ..... RESTEZ CHEZ VOUS !!!!
RT @F3Alsace: Accident  Haguenau. Une voiture avec 4 jeunes  bord, qui faisaient du rodo, a heurt un bus vide. Bilan: 2 morts et 2 blesss graves.
RT @Garyas295: Mes excuses aux voyageurs du #RERA je suis l'handicap mis dans le mauvais train, d'o le bordel entre Nanterre et Cergy/Poissy #qml
RT @Ju_1430: Le chauffeur du bus a ralenti par ce qu'une beurette traversait, je lui ai dis vas y passe c'est orange. mme le bus il rigolait.
RT @LIGNEL_sncf: #LigneL/#RERA: Trafic ralenti axes #NanterreU/#Cergy/#Poissy en raison de divers incidents. Retards 5/15mns, suppressions ponctuelles> 19h30
RT @LMPT75: on ira peut-tre pas  l'Etoile dimanche...mais on est au courant dans le 8me qu'on sera TOUS DANS LA RUE le #5oct !
RT @ManuCrossBitume: Le chauffeur du bus a ralenti par ce qu'une beurette traversait, je lui ai dis "azi passe c'est orange" on m'a applaudit, j'ai roul l'bus
RT @NearRedQueen: @amondu11 naaaaaaa^^ t'es pas au courant ?XD accident de travail .... il est tres fissur depuis
RT @OnMaApplaudit: Le chauffeur du bus a ralenti par ce qu'une beurette traversait, je lui ai dis "azi passe c'est orange" on m'a applaudit, j'ai roul l'bus
RT @OnMaApplaudit_: Le chauffeur du bus a ralenti par ce qu'une beurette traversait, je lui ai dis azi passe c'est orange, on m'a applaudit, j'ai roul l'bus
RT @Panicnfreakout: Les mystres du #RerA: 2 trains  tage quasi vides ds une direction, mais ds l'autre on s'entasse dans un train court. #chaleurhumaine
RT @PaulineDviid: @Kllycvr non mais j'ai rien avoir la dedans j'tait mme pas au courant j'ai fait arrte ta mere quand elle  appeler Valrie ttait #2
RT @RERA_RATP: Aujourd'hui, Louiza pour vous informer en temps rel sur l'tat du trafic du #RERA. Bon trajet #RATP
RT @RERC_SNCF: Infotrafic #RERC : Trafic interrompu entre Brtigny et St Martin (incident sur train de fret) R.  la normale : 20h >
RT @TeddyNcls: Allez, on va jusqu'au terminus du #tram rcuprer la voiture
RT @TomekTR: RER A : trafic ralenti Incident de signalisation  Poissy retards 10-20min #qml #rera
RT @baekillem: Les frustr sexuel de vos meres arretez de prendre le metro jai pas envie que vous colliez vos corps sal sur moi ptn
RT @dnatweets: #Haguenau Tragique accident de la circulation Voiture contre un bus : deux morts et deux blesss #DNAinfos
RT @iamyorboy: " A 15 ans , elle est tombe enceinte par accident " c'st vrai que c'st courant de glisser et de se prendre une bite
RT @julien_paran: CIME repart jusqu'... #Javel... Nouvel arrt car il y a des trains dans toutes les gares jusqu' Saint-Michel-ND #RERC #qml
RT @julien_paran: Incident affectant la voie  Saint-Michel-ND. Trafic trs perturb intra-muros. CIME retenu  #Issy depuis presque 10 min #RERC #qml
RT @klabecot: Encore un accident de tram ce matin ?!? Mais c'est un concours ma parole :o
RT @spoum42: Sinon c'est possible de lcher la poupe vaudou qui plombe le quotidien du #Rerc ? Incident voie colis abandonn... On en veut + Merci. #Qml
RT @stylshazz: A chaque fois que je suis  un arrt de bus y'a toujours une camionnette avec des ouvriers dedans qui ralenti pour me regarder chelou
SNCF, RER C. Trafic interrompu entre Brtigny et St Martin (incident sur train de fret) Retour  la normale : 20h
Si quelqu'un est au courant de l'accident et sait si c'est Hamza du Klber qui est dcd ?
Sinon c'est possible de lcher la poupe vaudou qui plombe le quotidien du #Rerc ? Incident voie colis abandonn... On en veut + Merci. #Qml
Train supprim gnial... Heureusement que je peux embaucher jusqu' 10h30. #RER
URGENT | 12 morts dans un terrible accident entre 2 bus de la compagnie VIP Trs tt ce vendredi matin, une...
Ya des chiens qui on mis la music a font en bas de chez moi il m'on rveiller leur souhaie un accident avec un tram amen
Ya un couple dans mon bus ils puuuent la mort c'est horrible, j'espre qu'ils vont pas jusqu'au lyce
boire un coup avec moi Vous allez exaucer mon souhait mademoiselle l'toile filante ?" : dragueur du rer E (1/2)
heureusement j'ai pas cours demain, j'serais mme pas sortie wallah sinon blc j'serais monte  pieds jusqu' la pref pr prendre le tram
mon bus a faillit avoir un accident a cause d'un camion
on ira peut-tre pas  l'Etoile dimanche...mais on est au courant dans le 8me qu'on sera TOUS DANS LA RUE le #5oct !
un moment j'ai appuyer sur le bouton pour appeler l'infirmire et la y en a 2 qui ont dbarquer en courant -
videmment faut qu'on tombe sur une route o y'a un accident de bus
y'a un petit la semaine dernire de 12 ans environ m'a trait de blondasse, j'l'ai cash vu dans mon bus, j'suis cash all l'engueuler
