"Le trafic est interrompu sur le rer B jusqu' 8h30". Il est 8h54... #heuredeNY #RATP
"Violent incendie  la Courneuve: RER B et A86 coups dans les deux sens - i> TELE" en replay sur Android TV Replay
"Violent incendie au nord de Paris : RER B et A86 coups dans les deux sens - LCI" en replay sur Android TV Replay
#ALERTEINFO : Le trafic est interrompu sur le RER B entre Gare du Nord et Aulnay en raison de l'incendie en cours  #LaCourneuve.
#ALaUne Incendie  la Courneuve : RER B et A86 coups dans les deux sens: Un spectaculaire incendie s'est dcl...
#BE: Incendie d'un entrept: RER B et A86 coups, normes bouchons ... - Le Point
#Belgium Incendie d'un entrept: RER B et A86 coups, normes bouchons ... - Le Point
#FI Incendie  La Courneuve : reprise progressive du trafic sur le RER B entre Paris Nord et l'aroport Charles de...
#FI Incendie  La Courneuve : reprise trs progressive du trafic sur le RER B entre Paris Nord et l'aroport Charl...
#France Incendie d'un entrept: RER B et A86 coups, normes bouchons ... - Le Point  #Actu
#Incendie  La Courneuve : le trafic du #RERB est interrompu entre Gare du Nord  Paris et Aulnay-sous-Bois depuis 15h15
#Incendie  la Courneuve : #RERB & #A86 coups dans les 2 sens. Circulation complique sur la N186  Drancy Avenir.
#Incendie #Courneuve : 1 train sur 3 au mieux sur @RERB d'ici la fin du service ce soir.
#Infos  Incendie  la Courneuve: RER B et A86 coups dans les deux sens au nord de Paris: FAIT DIVERS - Un ...
#Infos  Le trafic RER reprend aprs l'incendie d'un entrept  La Courneuve: EN FLAMMES - L'autoroute A86 d...
#Itele Violent incendie  la Courneuve: RER B et A86 coups dans les deux sens: Vio...  #Algeria #
#LeFigaroEco Incendie: RER B et A86 coups dans les 2 sens
#Lemonde Incendie  la Courneuve : RER B et A86 coups dans les deux sens: Un spectaculaire in...  #Monde #Journal
#Perturbation #RERB En raison d'un accident grave de voyageur  Villeparisis, #TraficInterrompu entre les gares Aulnay-sous-Bois [1/2]
#Perturbation #RERB En raison de divers #Incidents, le trafic est perturb de Gare du Nord vers Mitry-Claye.
#Perturbation #RERB En raison de divers #Incidents, le trafic est perturb de Massy Palaiseau vers Mitry-Claye.
#Perturbation #RERB En rpercussion d'un accident grave de voyageur  Villeparisis, le trafic reprend trs progressivement sur [1/2]
#Perturbation #RERB En rpercussion d'un accident grave de voyageur  Villeparisis, les trains ne marquent pas l'arrt dans le [1/2]
#Perturbation #RERB En rpercussion d'une mesure de scurit, le trafic est perturb sur l'ensemble de la ligne jusqu' fin [1/2]
#Perturbation #RERD Motif panne dun train  Le Plessis Chenet. #TraficInterrompu entre Melun et Corbeil-Essonnes, dans ce sen [1/2]
#Perturbations #RERD, le train RUPE en gare de GRIGNY-CENTRE, et  destination de CORBEIL-ESSONNES est #Retard
#Perturbations #RERD, le train RYVU en gare de GOUSSAINVILLE, et  destination de CORBEIL-ESSONNES est #Retard
#Perturbations #RERE, le train COHI en gare de MAGENTA, et  destination de CHELLES-GOURNAY est #Retard
#Perturbations #RERE, le train NOTA en gare de NOGENT-LE-PERREUX, et  destination de MAGENTA est #Retard
#QML #RERB Reprise progressive des circulations entre Aulnay-Mitry. Les trains ne marquent cependant pas l'arrt  Villeparisis jusqu' 12h~
#QML #RERE [MAJ] Trafic interrompu entre Haussmann Saint-Lazare et Magenta jusqu'en fin de soire :
#RERA Ralenti : incident voyageur. Voir dtail et com sur
#RERA malaise voyageur a Neuilly plaisance direction Paris train a l'arret
#RERB - accident grave trafic interrompu dans les 2 sens
#RERB : trafic interrompu entre Aulnay-sous-Bois et Gare du Nord et sur l'A86 en raison d'un violent incendie  La Courneuve.
#RERB : trafic interrompu jusqu' 17 heures  cause de l'incendie  La Courneuve
#RERB A la demande de la prfecture de police et des pompiers, le trafic restera interrompu jusqu' demain..
#RERB Le trafic est interrompu entre Gare du Nord et Aulnay. Reprise estime vers 19h00. Vos alternatives :  #fr
#RERB Reprise progressive du trafic sur l'ensemble de la ligne. Le trafic reste ralenti. #fr
#RERB Trafic interrompu entre Gare du Nord et Aulnay-sous-Bois. Vos alternatives : Cars AF, RoissyBus  #fr
#RERB Trafic interrompu entre Gare du Nord et Aulnay. Les trains circulent entre Aulnay-sous-Bois<>Mitry/CDG. #fr
#RERB interrompu entre Gare du Nord et Aulnay et A86 coupe en extrieur au Bourget suite  l'#incendie d'un entrept textile  la Courneuve
#RERB interrompu!! : accident grave de voyageurs #RERE interrompu!! : dfaut d'alimentation
#RERB le train IDIL  cit nous a vacu... Summum, perte de lunettes sur le rail en descendant pour un voyageur! C la loose...
#RERB pas de reprise du traffic "Nous vous invitons  reporter votre voyage" De qui se moque t on ? les gens qui ont un avion on s'en tape?
#RERB si le trafic est interrompu entre gare de nord et bourget pourquoi il n'avance pas vers saint remy?
#RERB suite  un accident de personne "ct SNCF" dit le conducteur. ON S'EN FOUT. Pensez CLIENT les mecs. Un RER c'est un RER.
#RERB trafic interrompu >10h30 sur l'axe #AulnaySousBois #MitryClaye ds les 2 sens accident de personne  #Villeparisis
#RERB trafic interrompu suite  un incendie  La Courneuve
#RERD Chtelet-Les Halles voie 3: mon train pour rentrer  l'affichage: RER B, dir. Massy, supprim. Tout va bien...
#RERD Interrompu AUSSI!!! : panne dun train  Le Plessis Chenet.
#RT Infotrafic #RERE [MAJ] Trafic interrompu entre Haussmann Saint-Lazare et Magenta jusqu'en fin de soire :
#RT Infotrafic #RERE [MAJ] Trafic interrompu entre Haussmann et Magenta. Reprise du trafic sur le reste de la ligne :
#RT infotrafic #RERD : Trafic interrompu entre Melun et Corbeil Essonnes, dans ce sens, jusqu' 11h (panne train)
#RTL: Incendie d'un entrept: RER B et A86 coups, normes bouchons au nord de Paris: D'pais nuages de fume ...
#Socit  Incendie  la Courneuve : RER B et A86 coups dans les deux sens: Un spectaculaire incendie s'es...
#TRANSPORTS Pas de #RERE avant 9h30 panne lectrique, aucun #RERB entre Aulnay et Mitry-Claye avant 10h30 accident #Villeparisis
#Technologie Incendie  la Courneuve: la circulation sur le RER B et l'A86 coupe dans les
#Trafic interrompu entre #Paris Nord et #Aulnay sur le @RERB suite  l'incendie d'un entrept  prox. des voies
#Transports #IledeFrance Pas de #RERE avant 9h30 (panne lectrique). Pas de #RERB entre Aulnay et Mitry Claye avant 10h30 (accident grave).
#ZapUrban : Circulation coupe sur le #RERB et l'#A86  cause d'un incendie  La Courneuve
#actu Incendie: RER B et A86 coups dans les 2 sens
#bucephalos#business La Courneuve. Un incendie coupe le RER B et l'A 86 dans les deux ... - Ouest-France
#chamalieres Incendie  La Courneuve : RERB et A86 coups dans les deux sens: Un feu spectaculaire s'est dcl...
#flash Incendie: RER B et A86 coups dans les 2 sens
#france #europe Incendie au nord de Paris : trafic interrompu sur le RER B et l'A86 - TF1: TF1Inc...  #world #news
#medtaha #MIT Incendie  la Courneuve: RER B et A86 coups dans les deux sens
#medtaha #MIT Incendie d'un entrept: RER B et A86 coups dans les deux sens au ... - Le
#news Incendie d'un entrept: RER B et A86 coups dans les deux sens au ... - Le Point
#news Incendie d'un entrept: RER B et A86 coups, normes bouchons ... - Le Point
#rerb accident de personne  Villeparisis, trafic interrompu jusqu' 10h30
#rerb emoi13 accident grave a mitry, tous les trains sont omnibus ...
(France Info) : RER B : trafic interrompu entre #Gare du #Nord et Aulnay  cause dun violent incendie  La
(TF1) : #Incendie  la #Courneuve : trafic interrompu sur le RER B et l'A86: Un violent incendie s'est dclar ce
08:15, le trafic est interrompu entre Aulnay et Mitry-Claye (accident grave de voyageur) #RERB
08:15, le trafic est interrompu entre Aulnay et Mitry-Claye (accident grave de voyageur) #RERB via @RERB
10:27, le trafic reprend progressivement (accident grave de voyageur) #RERB
10:27, le trafic reprend progressivement (accident grave de voyageur) #RERB via @RERB
13:06, le trafic est perturb de Gare du Nord vers Mitry-Claye (divers incidents) #RERB
13:42, le trafic est perturb de Massy-Pal. vers Mitry-Claye (divers incidents) #RERB
14:38, le trafic est interrompu entre Aulnay et Plaine stade de F. Reprise estime  15:30. (mesure de scurit) #RERB
15:03, le trafic est interrompu entre Gare du Nord et Aulnay. Reprise estime  17:00. (mesure de scurit) #RERB
15:03, le trafic est interrompu entre Gare du Nord et Aulnay. Reprise estime  17:00. (mesure de scurit) #RERB via @RERB
16:15, le trafic est interrompu entre Gare du Nord et Aulnay. Reprise estime  19:00. (mesure de scurit) #RERB
16:15, le trafic est interrompu entre Gare du Nord et Aulnay. Reprise estime  19:00. (mesure de scurit) #RERB via @RERB
16:26, le trafic est interrompu entre Gare du Nord et Aulnay. Reprise estime  fin de service. (mesure de scurit) #RERB via @RERB
17:32 h le trafic est ralenti sur la ligne (incident voyageur) #RATP #RERA
17:32, le trafic est ralenti sur la ligne (incident voyageur) #RATP #RERA
17:32, le trafic est ralenti sur la ligne (incident voyageur) #RATP #RERA via @RERA_RATP
18:28, le trafic est interrompu entre Le Bourget et Gare du Nord. Reprise estime  fin de service. (mesure de scurit) #RERB
18:28, le trafic est interrompu entre Le Bourget et Gare du Nord. Reprise estime  fin de service. (mesure de scurit) #RERB via @RERB
20Mn: Incendie  la Courneuve: RER B et A86 coups dans les deux sens au nord de Paris: FAIT DIVERS - Un incen...
20Mn: Le trafic RER reprend aprs l'incendie d'un entrept  La Courneuve: EN FLAMMES - L'autoroute A86 devrai...
21:58, le trafic est perturb sur la ligne. Reprise estime  fin de service. (mesure de scurit) #RERB
21:58, le trafic est perturb sur la ligne. Reprise estime  fin de service. (mesure de scurit) #RERB via @RERB
22:04, le trafic est ralenti sur la ligne. Reprise estime  fin de service. (mesure de scurit) #RERB
22:04, le trafic est ralenti sur la ligne. Reprise estime  fin de service. (mesure de scurit) #RERB via @RERB
3 jours que je prend le rer trois jour qu'il a ou suicide ou colis suspect ou train en panne
: Incendie  la Courneuve : RER B et A86 coups dans les deux sens
: Paris : Le trafic RER reprend aprs l'incendie d'un entrept  La Courneuve
@Antlstar perso j'ai un soucis par jour sur le combo Paris-Beauvais - RER E - Train  St Lazare (a fait 3 trajet certes)
@AstridJMF j'espre qu'il n'a rien de grave, tiens-nous au courant...
@BFMTV: Incendie d'un entrept  La Courneuve: RER B et A86 coups dans les deux sens au nord de Paris
@BrainJumble Bjr, vs pouvez ventuellement emprunter T4 jusqu' Bondy puis le RER E (trafic perturb) jusqu' Magenta pour reprendre la B
@Dodoobiest Bjr, le trafic est toujours interrompu en raison d'un accident grave de voyageur. Des bus sont  votre dispo
@Eurostar l'incendie qui affecte le traffic sur le RER B va t il entrainer des retards / annulations de trains ce soir ?
@EzgiSlk tiens moi au courant j'espre que c'est pas trs grave
@F_Ducournau : #RERB Trafic interrompu entre Gare du Nord &Aulnay-sous-Bois. Vos alternatives:Cars AF, RoissyBus  # fr
@GeoffroyDidier @umpidf @Alexsulzer ..et pdt ce tps a brle  Aulnay, incendie monstre qui coupe laA86&RER B!La FranceOrange Mcanique2015?
@KinoliLPG49 Du genre pour aller chez Margaux je dois prendre le train vers Paris, le metro vers une autre gare puis encore le train xD
@LDavadan Mais si on es y'aller aprs on a froder le RER ! Ahah notre amende nous sert de ticket jusqu' se soir du coup !
@LIGNEJ_SNCF panne lectrique Rer E. Plus aucun train ne circule jusqu' 9h30 !
@Origetsu Ca va mettre grave plus longtemps, dj c'tait 2h de train.+ je suis malade en bus mdr,+ le prix sera le mme
@ParisLaon Trafic RER B coup entre Paris et Aulnay suite  incendie d'entrept au Bourget. Risque de perturbation sur la ligne
@RERB . Bonsoir, est ce que les trains circulent a partir d'aulnay vers paris (meme sans aucun arret entre) ou est-ce totalement interrompu?
@RERB : un incident technique + un accident grave de voyageurs  mitry : ou est l'info ???? Voyageurs balourds  laplace @laurentgallois
@RERB @Ekitchi Une reprise du trafic est prvue pour quand ?
@RERB @Ijaze26 circulation coupe  cause d'un incendie spectaculaire  La Courneuve,
@RERB @perran_pompom ouais enfin calme sur les propos. C'est un lycen l'accident grave de ma soeur. Soyez respectueuse svp.
@RERB @romainhaddad circulation coupe  cause d'un incendie spectaculaire  La Courneuve,
@RERB Bonjour, aucun train ne circule entre Aulnay et Mitry ou c'est seulement l'arrt qui n'est pas marqu  Villeparisis?
@RERB Bonjour, y aura-t-il une reprise du trafic ce soir ? (je suis  la Plaine)
@RERB C'est dfinitif l? Non parce que bon, j'ai un train a prendre a Gare du Nord et je pars de Villeparisis...
@RERB Dtes reprise demain matin c'est plus prcis. Fin de service il n'y a plus de trafic !
@RERB Horaires normaux ou trafic perturb ? Merci pour vos rponses !
@RERB Incident de personne a Villeparisis + une panne de train  Cit U. Prenez les transports en commun, qu'ils disaient #RERB
@RERB Le trafic est-il interrompu dans les deux sens?
@RERB Oui mais le trafic est interrompu seulement  Villeparisis ou de Mitry  Aulnay? C'tait a ma question
@RERB bonne nouvelle! Il s'agissait d'un message en station Denfert pour vider le train, un cas  prendre en compte dans la traduction
@RERB n'est ce pas plutt un accident de voyageur a Villeparisis ?
@RERB pb technique sur un train  Cite U dans le sens st Rmy/Paris, les rames stationnent en gare
@RERB trafic toujours interrompu ?
@RERB: 18:28, le trafic est interrompu entre Le Bourget et Gare du Nord. Reprise estime  fin de service. (mesure de scurit) #RERBtaxi
@RERC_SNCF peut-on connatre la raison de la suppression de train svp?
@RERD_SNCF et je ne parle pas des 2 heures de trafic interrompu mardi. Vous dgoutez.
@RERE_SNCF Mettez votre appli  jour ! Des trains partent encore d'Haussmann vers tournan l !!!
@RER_B incident technique  cit u et accident grave de voyageur sur la branche mitry
@T_Gasdon je devais prendre le rer e et j'ai eu trafic interrompu et apparament la B est tjrs perturb. Jsuis dans la D qui est perturb osi
@Tinosor @RERBRetards @RERB on prend le rer des maintenant. a avance au ralenti dans le sud dir nord. Quelq min. d arrt a chaque station
@Valenteing @RERB circulation coupe  cause d'un incendie spectaculaire  La Courneuve,
@fwyjo bah y'a eu un accident  La Courneuve dans un entrept de textile et le RER B il tait bloqu
@itele: Incendie d'un entrept > le RER B et l'A86 coups dans les deux sens au nord de Paris (pompiers) Wopapa
@moi_sarah75 ouais jai vu a... mon RER est rest bloqu a Villepinte. Du coup jai du prendre 2 bus et le metro pour rentrer
@psychoticiane grave!! c mon frre il m'a dit "t'es au courant qu'il y a ta meilleure pote hein"
@rerb il y a 4 voie, 10 trains en direction de mitry claye, mais 0 en direction de paris! Et par contre les TER circulent noramalement...!!
@rerb les trains vont en direction de mitry claye et ne reviennent pas! Y a quoi  mitry claye? C'est l'heure de l'apro? Pffff
A la demande des pompiers, le trafic reste interrompu entre Gare du Nord et Aulnay-sous-Bois, dans les 2 sens de circulation #RERB
A la demande des pompiers, le trafic reste interrompu entre Gare du Nord et Aulnay-sous-Bois, dans les 2 sens de circulation #RERB via @RERB
A quai au #Raincy ds @RERE_SNCF Alerte SNCF prvoit reprise du trafic sur le #RerE  9h30 minimum : rupture alimentation lectrique  #noisy
A quand plus de train en h de pointe pour Melun via Combs?? #qml #stif #sncf #rerD
AFP: Incendie d'un entrept: RER B et A86 coups dans les deux sens au nord de Paris
ALERTE  RER B : trafic interrompu entre Gare du Nord et Aulnay  cause dun violent incendie  La Courneuve
ALERTE INFO - Incendie d'un entrept  La Courneuve: RER B et A86 coups dans les deux sens au nord de Paris
Accident grave  8h15, la RATP, grand prince, nous propose des bus  partir de 9h45. @RERB, expliquez - moi. #qml
Accident grave au Nord de la ligne du #RERB + train en panne  Cit Universitaire => esquivez le RER B ce matin
Accident grave de voyageur sur le RER B, du coup je vais pas  la bibliothque aujourd'hui, j'ai l'impression d'tre punie :(
Actu. Incendie  La Courneuve : la circulation sur le RER B et l'A86 coupe dans les deux sens
Actu: "Incendie  la Courneuve : RER B et A86 coups dans les deux sens"
Actu: Incendie d'un entrept : RER B et A86 coups dans les deux sens au nord de Paris  #actu by
Actuellement, difficults importantes de circulation secteur nord-est de Paris (incendie  La Courneuve): RER B coup, A 86 coupe,#vvtrafic
Ahhhhh la com du @RERB ! Trafic interrompu jusqu' demain matin au Nord de GdN mais on t'annonce une destination CDG
Aie ! Le trafic est toujours interrompu entre Gare du Nord et Aulnay. La reprise est prvue  19h. #RERB #KO
Alerte ! Le trafic est interrompu entre les gares de Paris Nord et Le Bourget sur le #RERB jusqu'au Samedi 18 Avril dans la matine #KO
Alerte ! Le trafic est interrompu sur toute la ligne #RERB jusqu'au Samedi 18 Avril dans la matine #KO
Alerte ! Suite  un accident grave de voyageur, le trafic est interrompu sur la ligne #RERB entre Aulnay et Mitry-Claye #KO
Apparemment sur le #RERB la reprise du trafic reprend demain matin  cause l'#incendit de La Courneuve. Source :
Aprs un accident grave de voyageur ce matin et une suspension de trafic, c'est un incendie qui paralyse le #RERB. Journe classique @RERB
Article. Trafic du RER B interrompu entre Gare du Nord et Aulnay-sous-Bois suite  un violent incendie  La Courneuve
Autoroute et RER B coups aprs l'incendie d'un entrept  La Courneuve. Reprises des circulations samedi #sncf #ratp
Autoroute et RER B coups aprs l'incendie d'un entrept  La Courneuve. Reprises samedi, annonce la SNCF
BFM Tv - Incendie  la Courneuve: la circulation sur le RER B et l'A86 coupe dans les deux sens:
Blague matinale du RERE. Nous lcher  mis parcours car plus aucun train ne circulera. Une fois bus pris d'assauts faire repartir trains. :)
Bonjour @RERB ! Est ce que des trains circulent entre Aulnay et Mitry Claye ou L'aroport ? Merci.
C'est fou! Aujourd'hui le #RERB  pass une mauvaise journe! Accident de personne ce matin a Villeparisis et trafic interrompue cet aprem!
C'est n'importe quoi le traffic ce soir. Routier, mtro, RER, bus. Totalement mongol style.
C'est serieux l ya pas de #RERE, trafic interrompu sur le #RERB. Excusez moi mais je fais comment pour rentrer chez moi ? #SNCF
CIRCULATION 93 L'incendie de La Courneuve toujours pas matris  20h. A86, RER B et ligne K toujours coups
Circulation coupe sur le #RERB et l'#A86  cause d'un incendie  La Courneuve >> http://
Circulation coupe sur le #RERB et l'#A86  cause d'un incendie spectaculaire  La Courneuve >>
Circulation coupe sur le RER B et l'A86 aprs un spectaculaire incendie
Circulation interrompu sur A86 et RER B, Paris coups du monde ! #LaCourneuve
Circulation. RER B et A86 coups dans les deux sens au nord de Paris
Consultez et tlchargez les itinraires de substitution :  (accident grave de voyageur  #Villeparisis) #RERB
Courage les amis ! Le trafic est toujours perturb sur la ligne #RERB #KO
D'aprs #RATP pas de reprise du trafic avant demain samedi @RERB
D'aprs @franceinfo reprise du trafic du RER B sur son tronon nord en direction de CDG
Disponibilit des ascenseurs #PMR dans les gares RER en 2014: la RATP s'en sort bien, pas la SNCF. #RERC  la traine.
Dj ce matin ils ont interrompu le trafic du rer b jusqu' 10:30-11h, et maintenant encore. Eh bah.
Dj que le #RERC cest un train tous les.... #RERB interrompu entre Gare du Nord et Aulnay suite  un incendie. Reprise estime  17:00.
Du coup avec le RER E tous les scnarios ont t raliss quoi, l'obus sous les rails, grve+travaux+panne+suicide, panne de courant...
EMOI05 stationne avant Parc de Sceaux! #RERB #qml Notre cocher annonce trafic trs fortement perturb #RERB #qml
EN DIRECT @lacroixluc,Violent incendie  La Courneuve: RER B et A86 coups dans les deux sens
Ectac - Faits divers - incendie  La Courneuve - RER B et A86 coups -
En fait chaque semaine va y avoir un accident grave de voyageur en ma gare (#Villeparisis)? :/ #RERB
En raison d'un incendie  Courneuve, Le trafic est interrompu entre Gare du Nord et Aulnay. Reprise prvue  la fin de service. #RERB #KO
Entrept en feu  Courneuve #RERB interrompu et #A86 coupe
Et qui va aterrir  Roissy au moment o l'autoroute et le RER B sont coups  cause de l'incendie gant ? o/
FBleu1071: L'#A86 et le #RER B coups suite  l'incendie d'un entrept textile  la Courneuve
FBleu1071: L'A86 est dsormais coupe dans les deux sens entre Le Bourget et Bondy. RER B coup entre Paris et Aulnay suite  l'incendie
FYI Trafic fortement perturb sur le RER B suite accident grave de voyageur  Mitry-Clay.
Faits divers : Incendie d'un entrept: RER B et A86 coups dans les deux sens au nord de Paris (pompiers): La ...
Feu d'entrept de textile de 10 000m  La Courneuve. l'A86 et le RER B coups @Pompiers_Paris #BSPP @lacourneuve93
France : Incendie d'un entrept: RER B et A86 coups dans les deux sens au nord de Paris (pompiers): La circul...
Francetv info: Violent incendie  La Courneuve, le RER B et l'A86 coups dans les deux sens
Genre rer b coup? A cause d'un incendie a la courneuve?...
IDOL03 stationne  Parc de Sceaux  cause de l'accident  Mitry #RERB
Ile-de-France : le trafic du RER E perturb
Ile-de-France : le trafic du RER E reste trs perturb
Ils foutent le seum avec leur trafic interrompu sur 493739 stations du RER B alors que le problme c'est qu'a la Courneuve
Ils viennent de montrer  l'instant sur BFMTV l'incendie,il viendrait d'un entrept  textiles le RER B et l'A86 sont coups.
Important incendie  La Courneuve. Autoroute A86 coupe. 100 km de bouchons. Trafic RER B neutralis.
Impressionnant incendie  La Courneuve: RER B et A86 coups au nord de Paris (VIDOS),@fumieref @angelikdarlar
Incendie  #LaCourneuve: la circulation sur le @RERB et l'#A86 coupe dans les deux sens via @BFMTV
Incendie  #laCourneuve: le trafic du @RERB reste interrompu entre Le Bourget et Gare du Nord  #RERB #A86
Incendie  La Courneuve : RERB et A86 coups dans les deux sens
Incendie  La Courneuve : RERB et A86 coups dans les deux sens  #News
Incendie  La Courneuve : RERB et A86 coups dans les deux sens  #france #french
Incendie  La Courneuve : RERB et A86 coups dans les deux sens  #lemonde #feedly
Incendie  La Courneuve : RERB et A86 coups dans les deux sens  #lemonde #titles
Incendie  La Courneuve : RERB et A86 coups dans les deux sens  via @lemondefr
Incendie  La Courneuve : RERB et A86 coups dans les deux sens #NouvellesGnrale
Incendie  La Courneuve : RERB et A86 coups dans les deux sens ()
Incendie  La Courneuve : RERB et A86 coups dans les deux sens: Un feu spectaculaire s'est dclar vendredi ...
Incendie  La Courneuve : RERB et A86 coups dans les deux sens: Un feu spectaculaire s'est dclar vendredi dans un entrept de tex...
Incendie  La Courneuve : RERB et A86 toujours coups dans les deux s #NouvellesGnrale
Incendie  La Courneuve : RERB et A86 toujours coups dans les deux sens
Incendie  La Courneuve : RERB et A86 toujours coups dans les deux sens  #lemonde #titles
Incendie  La Courneuve : RERB et A86 toujours coups dans les deux sens  via @lemondefr
Incendie  La Courneuve : la circulation sur le RER B et l'A86 coupe dans les deux sens
Incendie  La Courneuve : le trafic a repris sur le RER B, retour  la normale samedi
Incendie  La Courneuve : le trafic a repris sur le RER B, retour  la normale samedi  #leparisien #titles
Incendie  La Courneuve : le trafic a repris sur le RER B, retour  la normale samedi  via @le_Parisien
Incendie  La Courneuve : le trafic du RER B reprendra samedi
Incendie  La Courneuve : le trafic du RER B reprendra samedi  #lemonde #titles
Incendie  La Courneuve : le trafic du RER B reprendra samedi  via @lemondefr
Incendie  La Courneuve : le trafic du RER B reprendra samedi #NouvellesGnrale
Incendie  La Courneuve : le trafic reprend sur le RER B, retour  la normale samedi
Incendie  La Courneuve : le trafic reprend sur le RER B, retour  la normale samedi  #leparisien #titles
Incendie  La Courneuve : le trafic reprend sur le RER B, retour  la normale samedi: Lintgralit du [...]
Incendie  La Courneuve : reprise du trafic sur le RER B entre Paris Nord et l'aroport CDG
Incendie  La Courneuve : reprise progressive du trafic du RER B
Incendie  La Courneuve : reprise progressive du trafic du RER B  #lemonde #titles
Incendie  La Courneuve : reprise progressive du trafic du RER B #NouvellesGnrale
Incendie  La Courneuve : reprise progressive du trafic sur le RER B entre Paris Nord et l'aroport Charles de Gau...
Incendie  La Courneuve : reprise progressive du trafic sur le RER B entre...
Incendie  La Courneuve : reprise trs progressive du trafic sur le RER B entre Paris Nord et l'aroport Charles d...
Incendie  La Courneuve : reprise trs progressive du trafic sur le RER B...
Incendie  La Courneuve : un tronon du #RERB coup jusqu' nouvel ordre >>
Incendie  La Courneuve : un tronon du RER B coup jusqu nouvelordre
Incendie  La Courneuve : un tronon du RER B coup jusqu' nouvel ordre
Incendie  La Courneuve : un tronon du RER B coup jusqu' nouvel ordre  #leparisien #titles
Incendie  La Courneuve : un tronon du RER B coup jusqu' nouvel ordre  via @le_Parisien
Incendie  La Courneuve : un tronon du RER B coup jusqu' nouvel ordre,Le trafic du RER B est trs largement pe...
Incendie  La Courneuve : un tronon du RER B coup jusqu' nouvel ordre: Le trafic du RER B est trs largemen...
Incendie  La Courneuve: RER B et A86 coups, normes bouchons au nord de Paris
Incendie  La Courneuve: RER B et A86 coups, normes bouchons au nord de Paris  via @BFMTV eh ben
Incendie  La Courneuve: reprise progressive du trafic sur le RER B entre Paris Nord et l'aroport Charles de Gaulle
Incendie  la Courneuve : RER B et A86 coups dans les deux  Monde
Incendie  la Courneuve : RER B et A86 coups dans les deux sens
Incendie  la Courneuve : RER B et A86 coups dans les deux sens  #Courneuve #Paris
Incendie  la Courneuve : RER B et A86 coups dans les deux sens  #LeMonde
Incendie  la Courneuve : RER B et A86 coups dans les deux sens  #LeMonde #Socit
Incendie  la Courneuve : RER B et A86 coups dans les deux sens  #TaxiKada
Incendie  la Courneuve : RER B et A86 coups dans les deux sens  #nouvelles #LeMonde
Incendie  la Courneuve : RER B et A86 coups dans les deux sens  #societe
Incendie  la Courneuve : RER B et A86 coups dans les deux sens  via @lemondefr
Incendie  la Courneuve : RER B et A86 coups dans les deux sens #NouvellesGnrale
Incendie  la Courneuve : RER B et A86 coups dans les deux sens -
Incendie  la Courneuve : RER B et A86 coups dans les deux sens :
Incendie  la Courneuve : RER B et A86 coups dans les deux sens: Un spectaculaire incendie s'est dc...  #lemonde
Incendie  la Courneuve : RER B et A86 coups dans les deux sens: Un spectaculaire incendie s'est dclar vend...
Incendie  la Courneuve : RER B et A86 coups dans les deux sens: Un violent incendie s?est dclar en dbut d...
Incendie  la Courneuve : RER B et A86 coups dans les deuxsens
Incendie  la Courneuve : la reprise du trafic sur le RER B entre Aulnay et la Gare du Nord repousse  la fin du service.
Incendie  la Courneuve : le RER B et l'A86 coups dans les deux sens
Incendie  la Courneuve : le RER B et l'A86 coups dans les deux sens   via @lemondefr
Incendie  la Courneuve : trafic du RER B interrompu entre Gare du Nord et Aulnay-sous-Bois
Incendie  la Courneuve : trafic du RER B interrompu entre Gare du Nord et Aulnay-sous-Bois ainsi que circulation sur A86 (France Info)
Incendie  la Courneuve : trafic interrompu sur le RER B et l'A86 :
Incendie  la Courneuve : trafic interrompu sur le RER B et lA86
Incendie  la Courneuve > #RERB et #A86 ont t coups dans les deux sens,>>
Incendie  la Courneuve: RER B et A86 coups dans les deux sens au nord de Paris
Incendie  la Courneuve: RER B et A86 coups dans les deux sens au nord de Paris ()  #Paris
Incendie  la Courneuve: RER B et A86 coups, normes bouchons au nord de Paris
Incendie  la Courneuve: la circulation sur le RER B et l'A86 coupe dans les deux sens
Incendie  la Courneuve: la circulation sur le RER B et l'A86 coupe dans les deux sens  #BFM #Tech
Incendie  la Courneuve: la circulation sur le RER B et l'A86 coupe dans les deux sens  #TaxiKada
Incendie  la Courneuve: la circulation sur le RER B et l'A86 coupe dans les deux sens  via @BFMTV
Incendie  la Courneuve: la circulation sur le RER B et l'A86 coupe dans les deux sens via @bfmtv
Incendie  la Courneuve: la circulation sur le RER B et l'A86 coupe dans les deux sens:
Incendie  la Courneuve: le trafic du #RERB reste interrompu entre Le Bourget et Gare du Nord
Incendie La Courneuve : priph coup et RER B interrompu entre Aulnay et Le StadeDF. Video
Incendie a la gare de la cournyve don mission pour rentrer avec le RER D avec tt ces trains en retard , je suis au bout de ma vie la
Incendie au nord de Paris : trafic interrompu sur le RER B et l'A86
Incendie au nord de Paris : trafic interrompu sur le RER B et l'A86  #News
Incendie au nord de Paris : trafic interrompu sur le RER B et l'A86  via @MYTF1News
Incendie au nord de Paris : trafic interrompu sur le RER B et l'A86 - Socit  via @MYTF1News
Incendie au nord de Paris : trafic interrompu sur le RER B et l'A86 - TF1
Incendie au nord de Paris : trafic interrompu sur le RER B et l'A86.
Incendie au nord de Paris : trafic interrompu sur le RER B et l'A86: L'incident n'a pas fait
Incendie au nord de Paris : trafic interrompu sur le RER B et l'A86: Un violent incendie s'est dclar ce vendredi
Incendie au nord de Paris : trafic interrompu sur le RER B et lA86
Incendie au nord de Paris: le RER B et l'A86 coups dans les deux sens
Incendie au nord de Paris: trafic interrompu sur le @RERB et l'autoroute A86 >>  #LaCourneuve
Incendie d'un entrept  La Courneuve : le RER B et l'A86 coups dans les deux sens au nord de Paris (pompiers)
Incendie d'un entrept : RER B et A86 coups dans les deux sens au nord de #Paris
Incendie d'un entrept : RER B et A86 coups dans les deux sens au nord de Paris
Incendie d'un entrept : RER B et A86 coups dans les deux sens au nord de Paris -
Incendie d'un entrept : RER B et A86 coups dans les deux sens au nord de Paris >
Incendie d'un entrept > le RER B et l'A86 coups dans les deux sens au nord de Paris (pompiers)
Incendie d'un entrept: RER B et A86 coups au nord de Paris  #france
Incendie d'un entrept: RER B et A86 coups au nord de Paris -  | Swiss Cloud Server
Incendie d'un entrept: RER B et A86 coups au nord de Paris.
Incendie d'un entrept: RER B et A86 coups dans les deux sens au n ... -  | Swiss Cloud Server
Incendie d'un entrept: RER B et A86 coups dans les deux sens au nord de Paris
Incendie d'un entrept: RER B et A86 coups dans les deux sens au nord de Paris  #actus
Incendie d'un entrept: RER B et A86 coups dans les deux sens au nord de Paris #NouvellesGnrale
Incendie d'un entrept: RER B et A86 coups dans les deux sens au nord de Paris #imatin #civ
Incendie d'un entrept: RER B et A86 coups dans les deux sens au nord de Paris (pompiers)
Incendie d'un entrept: RER B et A86 coups dans les deux sens au nord de Paris (pompiers)  #AFP
Incendie d'un entrept: RER B et A86 coups dans les deux sens au nord de Paris (pompiers)  via @NewsRepublic_fr
Incendie d'un entrept: RER B et A86 coups dans les deux sens au nord de Paris (pompiers) #NouvellesGnrale
Incendie d'un entrept: RER B et A86 coups dans les deux sens au nord de Paris (pompiers) #rtl #belgique
Incendie d'un entrept: RER B et A86 coups dans les deux sens au nord de Paris (pompiers): La circulation des...
Incendie d'un entrept: RER B et A86 coups dans les deux sens au nord de Paris -
Incendie d'un entrept: RER B et A86 coups dans les deux sens au nord de Paris(pompiers)
Incendie d'un entrept: RER B et A86 coups dans les deux sens au nord de Paris:
Incendie d'un entrept: RER B et A86 coups dans les deux sens au nord de Paris: D'pais nuages de fume noire...
Incendie d'un entrept: RER B et A86 coups, normes bouchons ... - Le Point
Incendie d'un entrept: RER B et A86 coups, normes bouchons ... - Le Point: Incendie d'un entrept: RER B et...
Incendie d'un entrept: RER B et A86 coups, normes bouchons au no ... -  | Swiss Cloud Server
Incendie d'un entrept: RER B et A86 coups, normes bouchons au nord de  #rtl #belgique
Incendie d'un entrept: RER B et A86 coups, normes bouchons au nord de Paris
Incendie d'un entrept: RER B et A86 coups, normes bouchons au nord de Paris: D'pais nuages de fume noire ...
Incendie d'un entrept:RER B et A86 coups dans les deux sens au nord de Paris  via @BFMTV
Incendie d'un entrept:RER B et A86 coups dans les deux sens au nord de Paris via @bfmtv
Incendie d\047un entrept: RER B et A86 coups dans les deux sens au nord de Paris  #nouvellerepublique
Incendie dans un entrept  La Courneuve : le RER B et lA86 coups
Incendie dun entrept : RER B et A86 coups dans les deux sens au nord de Paris  via @UnionArdennais
Incendie dun entrept: RER B et A86 coups dans les deux sens au nord de Paris
Incendie dun entrept: RER B et A86 coups dans les deux sens au nord de Paris  #AFP
Incendie dun entrept: RER B et A86 coups dans les deux sens au nord de Paris  )
Incendie en cours  La Courneuve : trafic interrompu sur le @RERB, importantes fumes visibles depuis Le Bourget.
Incendie spectaculaire  La Courneuve : le RER B et l'A86 ont t coups dans les deux sens au nord de Paris >>
Incendie spectaculaire dans un entrept  la Courneuve, trafic du RER B interrompu  via @BFMTV
Incendie spectaculaire dans un entrept  la Courneuve, trafic du RER B interrompu via @bfmtv
Incendie sur le RER B. Rattage de train a 2minutes et sur le quai pub pour Disney #colere #VDM #weekend
Incendie sur le rer B plus aucun train jusqu' 22h oklm
Incendie. RER B et A86 coups dans les deux sens  la Courneuve.
Incendie. RER B et A86 coups dans les deux sens au nord de Paris
Incendie. RER B et A86 coups dans les deux sens au nord de Paris:
Incendie. RER B et A86 coups dans les deux sens au nord de Paris: La circulation des RER B et...  #wnews #webnews
Incendie: RER B et A86 coups dans les 2 sens
Incendie: RER B et A86 coups dans les 2 sens  #FlashEco
Incendie: RER B et A86 coups dans les 2 sens  #Flash_Eco
Incendie: RER B et A86 coups dans les 2 sens  #Sport
Incendie: RER B et A86 coups dans les 2 sens  via @Le_Figaro
Infotrafic #RERD : Trafic interrompu entre Pierrefitte et St-Denis pour application de mesures scurit (prsence de personnes sur voies)
Infotrafic #RERD : [MAJ] Trafic interrompu entre Pierrefitte et St-Denis jusqu' 21h,(prsence de personnes sur voies)
Infotrafic #RERD : [MAJ] Trafic interrompu entre Pierrefitte et St-Denis jusqu' 21h,(prsence de personnes sur voies) via @RERD_SNCF
Infotrafic #RERE : Trafic interrompu sur l'ensemble de la ligne jusqu' 9h30 (dfaut dalimentation lectrique)
Infotrafic #RERE [MAJ] Les trains  destination de Villiers sur Marne et Tournan partent de Paris Est :
Infotrafic #RERE [MAJ] Trafic interrompu entre Haussmann Saint-Lazare et Magenta jusqu'en fin de soire :
Infotrafic #RERE [MAJ] Trafic interrompu entre Haussmann et Magenta. Reprise du trafic sur le reste de la ligne :
J'ai grave la haine y'a plus de train (RER B)
J'ai le dmon y'a plus de rer b jusqu' 22h a cause d'une accident a la courneuve
J'aime une vido @YouTube: "WMATA Metro 7000 Series train first revenue run"  l'adresse .
J'espere que lundi mon bus il passera pas avec la greve, et comme personne pourra m'amener en cours j'serais bien
JOIE. BONHEUR. @RERE_SNCF Infotrafic #RERE : Trafic interrompu sur l'ensemble de la ligne jusqu' 9h30 (dfaut dalimentation lectrique)
Je continue ma chronique #UnJourUnProbleme sur le RER B. Aujourd'hui, trafic interrompu  cause d'un incendie gare d'Aulnay...
Je crois que la pire des lignes c'est la ligne RER D, pour moi entendre "accident voyageur" c'est comme si on me disait bonjour.
Je naime pas le traditionnel  a va?  on est trop habitu  entendre oui. Alors lorsquon nous rponds non, on prfre partir en courant.
Je recommande Incendie  la Courneuve : trafic interrompu sur le RER B et l'A86 :
Je suis passee a temps le rer b est encore coupe a cause de l'incendie.
Je viens de voir mon bus partir, moi courant derrire, allgorie de ma ponctualit.
L'#A86 et le #RER B coups suite  l'incendie d'un entrept textile  la Courneuve
L'#A86 et le #RER B coups suite  l'incendie d'un entrept textile  la Courneuve.
L'A86 et le RER B sont coups dans les deux sens aprs l'incendie survenu  La Courneuve, pas de victime
L'accident grave de voyageur est survenu en gare de #Villeparisis #RERB
L'accident grave de voyageur est survenu en gare de #Villeparisis #RERB via @RERB
L'habituel trafic du vendredi, qui ralentit le tram et laisse partir mon train...
L'incendie d'un entrept  la Courneuve perturbe actuellement le trafic du RER B, des trains et de l'autoroute...
LOL: @RERB: "21:58, le trafic est perturb sur la ligne. Reprise estime  fin de service. (mesure de scurit) #RERB"
La Courneuve (Seine-Saint-Denis) : spectaculaire incendie dans un entrept, circulation coupe sur le RER B et l'A8..
La Courneuve : spectaculaire incendie dans un entrept du RER B, circulation coupe
La Courneuve : spectaculaire incendie dans un entrept, circulation coupe sur le RER B et l'A86
La Courneuve : violent incendie dans un entrept, A86 coupe dans les deux sens, le RER reprend
La Courneuve : violent incendie dans un entrept, trafic impact sur le RER B >
La Courneuve : violent incendie dans un entrept, trafic interrompu sur le RER B
La Courneuve. Un incendie coupe le RER B et l'A 86 dans les deux ... - Ouest-France
La Courneuve: incendie dans un entrept, le RER B et l'A86 coups dans les deux sens (VIDEO)
La Une : Incendie d'un entrept: RER B et A86 coups au nord de Paris: D'pais nuages de fume noire perturben...
La mise  jour du 6.1.2 commencera vers 16h30. Les royaumes seront donc coups pour une dure indetertermine.,Nous vous tenons au courant.
Le #RERB innove : ce matin, accident de voyageur au mme endroit et au mme moment que vendredi dernier. #qml
Le Monde Actu - Incendie  la Courneuve : RER B et A86 coups dans les deux sens: Un spectaculaire...  - Lemondefr
Le RER B et l'A86 coups par un incendie spectaculaire ! -
Le RER B il m'a mis une feinte monumentale ! Selon eux un accident grave a Villepa .. Non mais franchement mdr ! Bref bonne journe !
Le rer il roule au ralenti ce con wesh si j'voulais prendre min temps j'aurais march jusqu' ozoir hein
Le trafic RER reprend aprs l'incendie d'un entrept  La Courneuve
Le trafic RER reprend aprs l'incendie d'un entrept  La Courneuve  #News
Le trafic RER reprend aprs l'incendie d'un entrept  La Courneuve  #france #french
Le trafic RER reprend aprs l'incendie d'un entrept  La Courneuve -
Le trafic RER reprend aprs l'incendie d'un entrept  La Courneuve - : 20minutes.frLe trafic RER ...
Le trafic RER reprend aprs l'incendie d'un entrept  La Courneuve | @scoopit
Le trafic RER reprend aprs l'incendie d'un entrept  La Courneuve.
Le trafic RER reprend aprs l'incendie d'un entrept  La Courneuve: EN FLAMMES - L'aut...
Le trafic RER reprend aprs l'incendie d'un entrept  La Courneuve: EN FLAMMES - L'autoroute A86 devrait rest...
Le trafic du #RERB est interrompu entre Gare du Nord et Aulnay suite  un incendie dans un entrept. Reprise estime  17:00 @RERB
Le trafic du #RERE reste trs perturb  cc @RERE_SNCF
Le trafic du RER B est trs largement perturb ce vendredi en fin de journe  cause de l'incendie qui frappe un...
Le trafic du RER B reprend qu'a 10h30 !? Mais NON JE SUIS CENSE ETRE EN COURS ! #RERB
Le trafic est interrompu sur le RER B en raison d'un violent incendie  La Courneuve
Le trafic est interrompu sur le RER B entre Gare du Nord et Aulnay en raison d'un violent incendie  La Courneuve
Le trafic interrompu sur le Rer B  cause de l'incendie, soit c'est un fait.Les problmes sur le Rer E et le T4 sont par ailleurs scandaleux
Le trafic reprendra quand il sarrtera ? #rerstyle RT @RERB le trafic est perturb sur la ligne. Reprise estime  fin de service #RERB
Les services de secours interviennent sur place (accident grave de voyageur  #Villeparisis) #RERB
Les services de secours interviennent sur place (accident grave de voyageur  #Villeparisis) #RERB via @RERB
Malaise voyageur sur le RER A  Neuilly Plaisance trafic ralenti
Mon rdv il est grave du coup le rer  21 a va pas le faire jcrois
Notre deuxime projet sera payant, il comportera 7 titres, les gens qui sont dj au courant du systme du projet a 1e , sinon restez co
On nous a vacu des quais  la gare de #SevranBeaudottes  cause du trafic interrompu! #RERB
Oups ! Le trafic est interrompu entre Gare du Nord et Aulnay. La reprise est prvue  17:00. #RERB #BOF
Oups ! Le trafic est perturb de Gare du Nord vers Mitry-Claye sur la ligne #RERB #BOF
Panne de courant + malaise voyageur, vacuation du RER sur les rails dans le tunnel de Magenta
Paris : Autoroute et RER B coups aprs l'incendie d'un entrept  La Courneuve
Paris : Autoroute et RER B coups aprs l'incendie d'un entrept  La Courneuve #NouvellesGnrale
Paris : Incendie  la Courneuve: RER B et A86 coups dans les deux sens au nord de Paris  #france
Paris : Incendie  la Courneuve: RER B et A86 coups dans les deux sens au nord de Paris #NouvellesGnrale
Paris : Le trafic RER reprend aprs l'incendie d'un entrept  La Courneuve
Paris : Le trafic RER reprend aprs l'incendie d'un entrept  La Courneuve #NouvellesGnrale
Paris : VIDEO. Autoroute et RER B coups aprs l'incendie d'un entrept  La Courneuve. Repr #NouvellesGnrale
Paris : le trafic du RER B stopp en raison d'un incendie
Paris : le trafic du RER B stopp en raison d'un incendie  #hotelmanagement #travel
Pas d'mission ce soir. Vous serez rapidement tenu au courant de la prochaine
Pas de bol les amis ! Le trafic est toujours interrompu entre Haussmann Saint-Lazare et Magenta jusqu'en fin de soire #RERE #KO
Pas de chance ! Trafic interrompu entre Haussmann Saint-Lazare et Magenta jusqu'en fin de soire #RERE #KO
Pas de doute c est vendredi soir : "@galeRERAfr: #RERA Ralenti : incident voyageur. Voir dtail et com sur "
Pour ceux qui partiraient en #vacances RER B et A86 coups dans les deux sens ALERTE INFO - Incendie d'un entrept  La Courneuve.
Pour rentrer du lycee c'tait horrible omg ! La ligne 5 est dead a cause du RER B coup a cause de l'incendie a La Courneuve !!!
RER B : "Trafic interrompu entre Gare du Nord & Aulnay jusqu' fin service. Reprise demain matin. Incendie important aux abord des voies"
RER B : Aulnay/Mitry Claye interrompu jusque 10h30 ~ accident de personne  Villeparisis #qml #rerb
RER B : pas de reprise du trafic sur le segment Gare du Nord  Aulnay avant autorisation de la Pref. de Police et des pompiers
RER B : trafic fortement perturb au Nord de Paris aprs l'incendie d'un entrept
RER B : trafic interrompu  cause d'un incendie spectaculaire  La ... - Le Parisien
RER B : trafic interrompu  cause d'un incendie spectaculaire  La Courneuve
RER B : trafic interrompu entre Gare du Nord et Aulnay  cause dun violent incendie  La Courneuve
RER B : trafic interrompu entre Gare du Nord et Aulnay  cause dun violent incendie  La Courneuve  via @franceinfo
RER B : trafic interrompu entre Gare du Nord et Aulnay  cause dun...
RER B L'incendie d'un entrept  La Courneuve (93) provoque l'interruption du trafic du RER B Gare du Nord/Aulnay
RER B et A 86 : circulation coupe  cause d'un incendie  La Courneuve
RER B et A 86 : circulation coupe  cause d'un incendie  La Courneuve  via @le_Parisien
RER B et A 86 : circulation coupe  cause d'un incendie spectaculaire  La Courneuve
RER B et A 86 : circulation coupe  cause d'un incendie spectaculaire  La Courneuve  via @le_Parisien
RER B et A 86 : circulation coupe  cause d'un incendie spectaculaire  La Courneuve  via @le_parisien
RER B et A 86 : circulation coupe  cause d'un incendie spectaculaire  La Courneuve,
RER B: le trafic est interrompu entre Paris Gare du Nord et Aulnay sous bois suite  un feu aux abord des voies  La Courneuve Aubervilliers
RER B: trafic interrompu entre Paris Gare du Nord et Aulnay sous Bois reprise est prvue pour demain matin attention
RER D: Paris-Melun/Corbeil ralenti +10/20min  prvoir incendie aux abords des voies  La Courneuve Aubervilliers #qml #rerd
RER E trs perturb avec une interruption du trafic entre Pantin et Haussmann Saint-Lazare, les trains tant dpart-arrive Paris-Est
RER E,RER B,trains  l'arrive et au dpart de St Lazare perturbs.. Bienvenue en le de France o SNCF et RATP vont si bien..
RT @1001portails: Incendie  La Courneuve : un tronon du RER B coup jusqu' nouvel ordre
RT @1001portails: Le trafic RER reprend aprs l'incendie d'un entrept  La Courneuve
RT @1213_1920we: EN DIRECT @lacroixluc,Violent incendie  La Courneuve: RER B et A86 coups dans les deux sens
RT @20Minutes: Le trafic RER reprend aprs l'incendie d'un entrept  La Courneuve
RT @20minutesparis: Le trafic RER reprend aprs l'incendie d'un entrept  La Courneuve
RT @6393250: Violent incendie  La Courneuve, le RER B et l'A86 coups dans les deux sens au nord de Paris  via @francetvinfo
RT @6MON2PANAME: Spectaculaire incendie au nord de Paris  #RERB perturb, A86 coupe #Paris
RT @77_fm: #TRANSPORTS Pas de #RERE avant 9h30 panne lectrique, aucun #RERB entre Aulnay et Mitry-Claye avant 10h30 accident #Villeparisis
RT @A77_bibi: Trafic interrompu sur la rgion de Paris Est suite  un pb lectrique. #qml #ligneP #RERE #provins #meaux #tgv @LIGNEP_SNCF
RT @AeroportsParis: #RERB Le trafic est interrompu entre Gare du Nord et Aulnay. Reprise estime vers 19h00. Vos alternatives :  #fr
RT @AeroportsParis: #RERB Reprise progressive du trafic sur l'ensemble de la ligne. Le trafic reste ralenti.
RT @AeroportsParis: #RERB Reprise progressive du trafic sur l'ensemble de la ligne. Le trafic reste ralenti. #fr
RT @AeroportsParis: #RERB Trafic interrompu entre Gare du Nord et Aulnay-sous-Bois. Vos alternatives : Cars AF, RoissyBus  #fr
RT @AeroportsParis: #RERB Trafic interrompu entre Gare du Nord et Aulnay. Les trains circulent entre Aulnay-sous-Bois<>Mitry/CDG. #fr
RT @Agovic_Elsan: 3 jours que je prend le rer trois jour qu'il a ou suicide ou colis suspect ou train en panne
RT @AlbaneShehabi: Les vieux qui roulent  25km/h et qui ralentissent toute la circulation c'est plus possible, prenez le bus pour le bien de la communaut svp
RT @Anti_RERB: Accident grave  8h15, la RATP, grand prince, nous propose des bus  partir de 9h45. @RERB, expliquez - moi. #qml
RT @Asso_SaDur: #RERD Chtelet-Les Halles voie 3: mon train pour rentrer  l'affichage: RER B, dir. Massy, supprim. Tout va bien...
RT @Asso_SaDur: Weekend difficile pour les usagers du sud est : @RERC_SNCF interrompu entre Paris et Juvisy et travaux sur le @RERD_SNCF (moins de train)
RT @BFMTV: ALERTE INFO - Incendie d'un entrept  La Courneuve: RER B et A86 coups dans les deux sens au nord de Paris
RT @BFMTV: Incendie  La Courneuve: RER B et A86 coups, normes bouchons au nord de Paris
RT @BFMTV: Incendie  la Courneuve: RER B et A86 coups, normes bouchons au nord de Paris
RT @BFMTV: Incendie  la Courneuve: le trafic du #RERB reste interrompu entre Le Bourget et Gare du Nord
RT @BFMTV: Violent incendie  La Courneuve, le trafic est interrompu sur le RER B
RT @BVoltaire: Incendie d'un entrept: RER B et A86 coups dans les deux sens au nord de Paris
RT @Blandine_Seigle: VIDEOS. RER B et A 86 : circulation coupe  cause d'un incendie  La Courneuve  via @le_Parisien
RT @Direct_Infos_: Paris : Autoroute et RER B coups aprs l'incendie d'un entrept  La Courneuve
RT @Direct_Matin: Circulation coupe sur le RER B et l'A86 aprs un spectaculaire incendie
RT @DroitSante: Suicide sur la ligne B du RER: trafic trs perturb. #qml
RT @EPorteneuve: Incendie  La Courneuve : le trafic du RER B reprendra samedi  via @lemondefr
RT @EmDefay: #RERB interrompu entre Gare du Nord et Aulnay et A86 coupe en extrieur au Bourget suite  l'#incendie d'un entrept textile  la Courneuve
RT @Europe1: Incendie au nord de Paris: le RER B et l'A86 coups dans les deux sens
RT @Evidji: C'est n'importe quoi le traffic ce soir. Routier, mtro, RER, bus. Totalement mongol style.
RT @FBleu1071: #RERB interrompu entre Gare du Nord et Aulnay et A86 coupe en extrieur au Bourget suite  l'#incendie d'un entrept textile  la Courneuve
RT @FBleu1071: L'#A86 et le #RER B coups suite  l'incendie d'un entrept textile  la Courneuve
RT @FBleu1071: [ALERTE] #Incendie #lacourneuve Trafic RER B entre Gare du Nord et Aulnay. Pas de reprise du trafic avant demain matin dit la SNCF.
RT @FanV2N: Ahhhhh la com du @RERB ! Trafic interrompu jusqu' demain matin au Nord de GdN mais on t'annonce une destination CDG
RT @Fl0ow91: A quand plus de train en h de pointe pour Melun via Combs?? #qml #stif #sncf #rerD
RT @ForeverSilvio: #RERB pas de reprise du traffic "Nous vous invitons  reporter votre voyage" De qui se moque t on ? les gens qui ont un avion on s'en tape?
RT @France3Paris: L'A86 a t ferme, au moins jusqu' 19H00, et la reprise du trafic RER repousse  19H00 puis " la fin du service"
RT @France: Incendie au nord de Paris : trafic interrompu sur le RER B et l'A86.
RT @France: Incendie. RER B et A86 coups dans les deux sens  la Courneuve.
RT @GillesKLEIN: 17:32 h le trafic est ralenti sur la ligne (incident voyageur) #RATP #RERA
RT @GillesKLEIN: RT @AeroportsParis: #RERB Reprise progressive du trafic sur l'ensemble de la ligne. Le trafic reste ralenti.
RT @HaussmannParis: Incendie d'un entrept: RER B et A86 coups dans les deux sens au nord de Paris
RT @InforadarLoiret: Incendie d'un entrept: RER B et A86 coups dans les deux sens au nord de Paris
RT @IsaSenecal: Un train en panne et un incident grave voyageur. C'est un festival ce matin sur le RER B.
RT @Isis_Izzy: Trafic interrompu sur le RER B entre Gare du Nord et Aulnay jusqu' demain matin. Winhhh
RT @JallatLat: Violent incendie  La Courneuve, le RER B et l'A86 coups dans les deux sens au nord de Paris  via @francetvinfo
RT @Jessloesc: Reprise progressive du trafic du #RERB aprs le spectaculaire incendie d'un entrept de textile  La Courneuve #AFP
RT @LaTeam243: Le bus du FC Saint loi Lupopo de Lubumbashi a fait un accident, 10 joueurs blesss et le chauffeur bless grave.
RT @LeParisienTV: VIDEOS. RER B et A 86 : circulation coupe  cause d'un incendie  La Courneuve,
RT @LeParisien_93: Incendie  La Courneuve : un tronon du #RERB coup jusqu' nouvel ordre >>
RT @Leblond80F: @ParisLaon Trafic RER B coup entre Paris et Aulnay suite  incendie d'entrept au Bourget. Risque de perturbation sur la ligne
RT @LesUnes:  Incendie  la Courneuve : trafic interrompu sur le RER B et lA86
RT @MYTF1News: Incendie au nord de Paris: trafic interrompu sur le @RERB et l'autoroute A86 >>  #LaCourneuve
RT @Milenaotropique: Violent incendie  La Courneuve, le RER B et l'A86 coups dans les deux sens
RT @MonJournaliste: Ile-de-France : le trafic du RER E perturb
RT @Morganewtz: @RERB : un incident technique + un accident grave de voyageurs  mitry : ou est l'info ???? Voyageurs balourds  laplace @laurentgallois
RT @NewsEnContinu: RER B : trafic interrompu  cause d'un incendie spectaculaire  La ... - Le Parisien
RT @Oceknwls: J'ai le dmon y'a plus de rer b jusqu' 22h a cause d'une accident a la courneuve
RT @Ozzlo_: Apparemment sur le #RERB la reprise du trafic reprend demain matin  cause l'#incendit de La Courneuve. Source :
RT @PolitiqueActus: Le trafic RER reprend aprs l'incendie d'un entrept  La Courneuve  - 20minutes
RT @Pompiermarne51H: Incendie dun entrept : RER B et A86 coups dans les deux sens au nord de Paris  via @UnionArdennais
RT @QGinfo: Incendie d'un entrept: RER B et A86 coups dans les deux sens au nord de Paris
RT @RERA_RATP: 17:32, le trafic est ralenti sur la ligne (incident voyageur) #RATP #RERA
RT @RERA_RATP: Retour  un trafic rgulier sur l'ensemble de la #RERA #RATP. Incident termin.
RT @RERB: 08:15, le trafic est interrompu entre Aulnay et Mitry-Claye (accident grave de voyageur) #RERB
RT @RERB: 10:27, le trafic reprend progressivement (accident grave de voyageur) #RERB
RT @RERB: 13:42, le trafic est perturb de Massy-Pal. vers Mitry-Claye (divers incidents) #RERB
RT @RERB: 14:38, le trafic est interrompu entre Aulnay et Plaine stade de F. Reprise estime  15:30. (mesure de scurit) #RERB
RT @RERB: 15:03, le trafic est interrompu entre Gare du Nord et Aulnay. Reprise estime  17:00. (mesure de scurit) #RERB
RT @RERB: 16:15, le trafic est interrompu entre Gare du Nord et Aulnay. Reprise estime  19:00. (mesure de scurit) #RERB
RT @RERB: 18:28, le trafic est interrompu entre Le Bourget et Gare du Nord. Reprise estime  fin de service. (mesure de scurit) #RERB
RT @RERB: 21:58, le trafic est perturb sur la ligne. Reprise estime  fin de service. (mesure de scurit) #RERB
RT @RERB: 22:04, le trafic est ralenti sur la ligne. Reprise estime  fin de service. (mesure de scurit) #RERB
RT @RERB: @BrainJumble Bjr, vs pouvez ventuellement emprunter T4 jusqu' Bondy puis le RER E (trafic perturb) jusqu' Magenta pour reprendre la B
RT @RERB: @Helene_Rancon Bjr Hlne, les trains marquent l'arrt  Gare du Nord. Le trafic est ttfois interrompu de Gare du Nord jusqu'au Bourget
RT @RERB: A la demande des pompiers, le trafic reste interrompu entre Gare du Nord et Aulnay-sous-Bois, dans les 2 sens de circulation #RERB
RT @RERB: Bjr @tety_zyros, un accident grave de voyageur  Villeparisis, suivi d'un train en panne  Cit U perturbent le trafic sur la ligne
RT @RERB: Consultez et tlchargez les itinraires de substitution :  (accident grave de voyageur  #Villeparisis) #RERB
RT @RERB: L'accident grave de voyageur est survenu en gare de #Villeparisis #RERB
RT @RERB: Les services de secours interviennent sur place (accident grave de voyageur  #Villeparisis) #RERB
RT @RERB: Reprise de trafic estime vers 11h (accident grave de voyageur  #Villeparisis) #RERB
RT @RERB: Retour  un trafic rgulier sur l'ensemble de la ligne #RERB. Incident termin.
RT @RERB: [BLOG] Pourquoi le trafic est-il perturb en cas dun accident grave de voyageur ? >  #RERB
RT @RERBRetards: Trafic interrompu entre aulnay et mitry #rerb accident voyageur
RT @RERD_SNCF: Infotrafic #RERD : Trafic interrompu entre Pierrefitte et St-Denis pour application de mesures scurit (prsence de personnes sur voies)
RT @RERD_SNCF: Infotrafic #RERD : [MAJ] Trafic interrompu entre Pierrefitte et St-Denis jusqu' 21h,(prsence de personnes sur voies)
RT @RERD_SNCF: infotrafic #RERD : Trafic interrompu entre Melun et Corbeil Essonnes, dans ce sens, jusqu' 11h (panne train)
RT @RERE_SNCF: @JordyMasson @ElisaJanot Bonjour,le trafic est interrompu entre Haussmann Saint-Lazare et Magenta, dans les deux sens jusqu'en fin de soire
RT @RERE_SNCF: Infotrafic #RERE : Trafic interrompu sur l'ensemble de la ligne jusqu' 9h30 (dfaut dalimentation lectrique)
RT @RERE_SNCF: Infotrafic #RERE [MAJ] Trafic interrompu entre Haussmann Saint-Lazare et Magenta jusqu'en fin de soire :
RT @RERE_SNCF: Infotrafic #RERE [MAJ] Trafic interrompu entre Haussmann et Magenta. Reprise du trafic sur le reste de la ligne :
RT @RKaroutchi: RER E,RER B,trains  l'arrive et au dpart de St Lazare perturbs.. Bienvenue en le de France o SNCF et RATP vont si bien..
RT @RTLFrance: La Courneuve : violent incendie dans un entrept, trafic impact sur le RER B >
RT @Raph_journalist: Aprs un accident grave de voyageur ce matin et une suspension de trafic, c'est un incendie qui paralyse le #RERB. Journe classique @RERB
RT @RispalYoann: Autoroute et RER B coups aprs l'incendie d'un entrept  La Courneuve. Reprises samedi, annonce la SNCF
RT @SNCF_infopresse: #Trafic interrompu entre #Paris Nord et #Aulnay sur le @RERB suite  l'incendie d'un entrept  prox. des voies
RT @T_Gasdon: Et qui va aterrir  Roissy au moment o l'autoroute et le RER B sont coups  cause de l'incendie gant ? o/
RT @TomekTR: #QML #RERB Reprise progressive des circulations entre Aulnay-Mitry. Les trains ne marquent cependant pas l'arrt  Villeparisis jusqu' 12h~
RT @TomekTR: RER B : Aulnay/Mitry Claye interrompu jusque 10h30 ~ accident de personne  Villeparisis #qml #rerb
RT @TomekTR: RER D: Paris-Melun/Corbeil ralenti +10/20min  prvoir incendie aux abords des voies  La Courneuve Aubervilliers #qml #rerd
RT @TransportsIDF: #Incendie  La Courneuve : le trafic du #RERB est interrompu entre Gare du Nord  Paris et Aulnay-sous-Bois depuis 15h15
RT @TransportsIDF: Circulation coupe sur le #RERB et l'#A86  cause d'un incendie spectaculaire  La Courneuve >>
RT @TransportsIDF: Incendie  La Courneuve : un tronon du #RERB coup jusqu' nouvel ordre >>
RT @TransportsIDF: Le trafic du #RERE reste trs perturb  cc @RERE_SNCF
RT @Valeurs: Violent incendie en rgion parisienne, le trafic du RER B interrompu >>
RT @WMyWay_Mobile: 16:15, le trafic est interrompu entre Gare du Nord et Aulnay. Reprise estime  19:00. (mesure de scurit) #RERB via @RERB
RT @WMyWay_Mobile: 21:58, le trafic est perturb sur la ligne. Reprise estime  fin de service. (mesure de scurit) #RERB via @RERB
RT @WMyWay_Mobile: Les services de secours interviennent sur place (accident grave de voyageur  #Villeparisis) #RERB via @RERB
RT @WMyWay_Mobile: ssmann Saint-Lazare et Magenta, dans les deux sens.Tous les trains du #RERE sont terminus et origines  Gare de l'Est jusqu' fi [2/3]
RT @_infos: Incendie dun entrept: RER B et A86 coups dans les deux sens au nord de Paris
RT @actualite24: Ile-de-France : le trafic du RER E perturb
RT @actualite24: Ile-de-France : le trafic du RER E reste trs perturb
RT @actualite24: Incendie  La Courneuve : RERB et A86 coups dans les deux sens
RT @actualite24: Incendie  La Courneuve : le trafic a repris sur le RER B, retour  la normale samedi
RT @actualite24: Incendie  La Courneuve : le trafic du RER B reprendra samedi
RT @actualite24: Incendie  La Courneuve : le trafic reprend sur le RER B, retour  la normale samedi
RT @actuauto: @BFMTV: Incendie d'un entrept  La Courneuve: RER B et A86 coups dans les deux sens au nord de Paris
RT @afpfr: Incendie dun entrept: RER B et A86 coups dans les deux sens au nord de Paris  #AFP
RT @aulnaylibre2: Article. Trafic du RER B interrompu entre Gare du Nord et Aulnay-sous-Bois suite  un violent incendie  La Courneuve
RT @aulnaylibre: Article. Trafic du RER B interrompu entre Gare du Nord et Aulnay-sous-Bois suite  un violent incendie  La Courneuve
RT @benjisop: Trafic quasiment interrompu dans Paris vers le Nord cause bouchon  Chtelet #RERD impact. #RERB vers Sud ok mais peu de trains #qml
RT @causesperdues: Je naime pas le traditionnel  a va?  on est trop habitu  entendre oui. Alors lorsquon nous rponds non, on prfre partir en courant.
RT @comorianaL: T'faon le Rer B n'a pas besoin d'un incendie pour interrompre son trafic
RT @dirtytweetyjuju: #RERA malaise voyageur a Neuilly plaisance direction Paris train a l'arret
RT @djamel_mazi: #Incendie #Courneuve : 1 train sur 3 au mieux sur @RERB d'ici la fin du service ce soir.
RT @ecoregion_breta: Incendie. RER B et A86 coups dans les deux sens au nord de Paris
RT @ecoregion_fr: Le trafic RER reprend aprs l'incendie d'un entrept  La Courneuve -
RT @ecoregion_pdll: Incendie. RER B et A86 coups dans les deux sens au nord de Paris
RT @encephaloplat: Incendie  la Courneuve : trafic interrompu sur le RER B et l'A86 :
RT @france_soir: La Courneuve: incendie dans un entrept, le RER B et l'A86 coups dans les deux sens (VIDEO)
RT @francebleu: Incendie d'un entrept : RER B et A86 coups dans les deux sens au nord de Paris >
RT @francebleu: Incendie dans un entrept  La Courneuve : le RER B et lA86 coups
RT @franceinfo: Incendie  La Courneuve : reprise du trafic sur le RER B entre Paris Nord et l'aroport CDG
RT @franceinfo: Incendie  la Courneuve : la reprise du trafic sur le RER B entre Aulnay et la Gare du Nord repousse  la fin du service.
RT @franceinfo: Incendie  la Courneuve : trafic du RER B interrompu entre Gare du Nord et Aulnay-sous-Bois
RT @franceinfo: Le trafic du #RERB est interrompu entre Gare du Nord et Aulnay suite  un incendie dans un entrept. Reprise estime  17:00 @RERB
RT @franceinfo: RER B : pas de reprise du trafic sur le segment Gare du Nord  Aulnay avant autorisation de la Pref. de Police et des pompiers
RT @franceinfo: RER E trs perturb avec une interruption du trafic entre Pantin et Haussmann Saint-Lazare, les trains tant dpart-arrive Paris-Est
RT @franceinfo: Trafic RER B interrompu : pr se rendre  l'aroport CDG, emprunter les cars AirFrance AF2 au dep. de Paris/AF4 au dep. de Paris Montparnasse
RT @francetvinfo: L'A86 et le RER B sont coups dans les deux sens aprs l'incendie survenu  La Courneuve, pas de victime
RT @fratwoman: EMOI05 stationne avant Parc de Sceaux! #RERB #qml Notre cocher annonce trafic trs fortement perturb #RERB #qml
RT @fratwoman: Vu la dure du stationnement d'EMOI05 l'accident grave voyageur doit tre dans le sens sud nord #RERB #qml
RT @fredsoftway: Incendie  la Courneuve: la circulation sur le RER B et l'A86 coupe dans les deux sens  #obs
RT @galeRERAfr: #RERB interrompu!! : accident grave de voyageurs #RERE interrompu!! : dfaut d'alimentation
RT @galeRERAfr: #RERD Interrompu AUSSI!!! : panne dun train  Le Plessis Chenet.
RT @hakladecoupe: #RERB trafic interrompu suite  un incendie  La Courneuve
RT @infos140:  RER B L'incendie d'un entrept  La Courneuve (93) provoque l'interruption du trafic du RER B Gare du Nord/Aulnay
RT @infos140: CIRCULATION 93 L'incendie de La Courneuve toujours pas matris  20h. A86, RER B et ligne K toujours coups
RT @infosActus: Incendie  La Courneuve : un tronon du RER B coup jusqu' nouvel ordre  - leparisien
RT @infosActus: Incendie  la Courneuve : RER B et A86 coups dans les deux sens  - lemonde
RT @infosActus: Incendie  la Courneuve: RER B et A86 coups dans les deux sens au nord de Paris  - 20minute
RT @infosActus: Incendie dun entrept: RER B et A86 coups dans les deux sens au nord de Paris  -
RT @infosActus: Le trafic RER reprend aprs l'incendie d'un entrept  La Courneuve  - 20minute
RT @infosActus: VIDEO. Autoroute et RER B coups aprs l'incendie d'un entrept  La Courneuve. Reprises des  - 20minute
RT @interpretelsf: Le trafic reprendra quand il sarrtera ? #rerstyle RT @RERB le trafic est perturb sur la ligne. Reprise estime  fin de service #RERB
RT @itele: Incendie  la Courneuve > #RERB et #A86 ont t coups dans les deux sens,>>
RT @itele: Incendie d'un entrept > le RER B et l'A86 coups dans les deux sens au nord de Paris (pompiers)
RT @jegore69: Le trafic est interrompu sur le RER B en raison d'un violent incendie  La Courneuve
RT @joelledray22: Incendie  la Courneuve: la circulation sur le RER B et l'A86 coupe dans les deux sens  via @BFMTV
RT @larep_fr: Incendie d'un entrept: RER B et A86 coups dans les deux sens au nord de Paris
RT @le_Parisien: Incendie  La Courneuve : un tronon du RER B coup jusqu' nouvel ordre
RT @lemondefr #Incendie  #LaCourneuve : reprise progressive du trafic du RER B
RT @lemondefr #Incendie  la Courneuve : RER B et A86 coups dans les deux sens
RT @lemondefr Incendie  La Courneuve : RERB et A86 coups dans les deux sens
RT @lemondefr: Incendie  la Courneuve : RER B et A86 coups dans les deux sens
RT @lemondefr: Incendie  la Courneuve : le RER B et l'A86 coups dans les deux sens
RT @lemondelive: Incendie d'un entrept  La Courneuve : le RER B et l'A86 coups dans les deux sens au nord de Paris (pompiers)
RT @lordmahammer: Accident grave au Nord de la ligne du #RERB + train en panne  Cit Universitaire => esquivez le RER B ce matin
RT @manupionnier: Incendie d'un entrept: RER B et A86 coups dans les deux sens au nord de Paris (pompiers)  #AFP
RT @marcoorosii: Incendie  la Courneuve: RER B et A86 coups, normes bouchons au nord de Paris
RT @morandiniblog: Le trafic est interrompu sur le RER B entre Gare du Nord et Aulnay en raison d'un violent incendie  La Courneuve
RT @nana75019: Incendie  La Courneuve : le trafic du RER B reprendra samedi
RT @oziuse_: Notre deuxime projet sera payant, il comportera 7 titres, les gens qui sont dj au courant du systme du projet a 1e , sinon restez co
RT @ratp78190: RER B: le trafic est interrompu entre Paris Gare du Nord et Aulnay sous bois suite  un feu aux abord des voies  La Courneuve Aubervilliers
RT @rftrafic: #Transports #IledeFrance Pas de #RERE avant 9h30 (panne lectrique). Pas de #RERB entre Aulnay et Mitry Claye avant 10h30 (accident grave).
RT @rftrafic: Quand RER rime avec galre : Pas de E entre Haussmann et Magenta, pas de B entre Aulnay et Mitry Claye et pas de D entre Melun et Corbeil.
RT @roukmoutte: Voil voil.... Autoroute et RER B coups aprs l'incendie d'un entrept  La Courneuve. Reprises des circulations samedi, annonce la SNCF
RT @suivezlactu: Incendie d'un entrept: RER B et A86 coups, normes bouchons ... - Le Point: Incendie d'un entrept: RER B et...
RT @tito1265aa: Violent incendie  La Courneuve, le RER B et l'A86 coups dans les deux sens
RT @valentinsocha: Le #RERB innove : ce matin, accident de voyageur au mme endroit et au mme moment que vendredi dernier. #qml
RT @vincentcanneva: #RERB suite  un accident de personne "ct SNCF" dit le conducteur. ON S'EN FOUT. Pensez CLIENT les mecs. Un RER c'est un RER.
RT @voltageofficiel: #ALERTEINFO : Le trafic est interrompu sur le RER B entre Gare du Nord et Aulnay en raison de l'incendie en cours  #LaCourneuve.
RT @vvtrafic: Actuellement, difficults importantes de circulation secteur nord-est de Paris (incendie  La Courneuve): RER B coup, A 86 coupe,#vvtrafic
RT @yannickhoppe: Incendie en cours  La Courneuve : trafic interrompu sur le @RERB, importantes fumes visibles depuis Le Bourget.
RT Jessloesc: Reprise progressive du trafic du #RERB aprs le spectaculaire incendie d'un  )
RT manupionnier: Incendie d'un entrept: RER B et A86 coups dans les deux sens au nord de )
Rappel ! Le trafic est interrompu entre Gare du Nord et Aulnay. La reprise est prvue  17:00. #RERB #BOF
Rappel ! Le trafic est interrompu sur toute la ligne #RERB jusqu'au Samedi 18 Avril dans la matine #KO
Rappel ! Trafic interrompu entre Haussmann Saint-Lazare et Magenta jusqu'en fin de soire #RERE #KO
Reprise de trafic estime vers 11h (accident grave de voyageur  #Villeparisis) #RERB
Reprise de trafic estime vers 11h (accident grave de voyageur  #Villeparisis) #RERB via @RERB
Reprise du trafic a 10h30 sans pression #RERB
Reprise du trafic demain matiN RER B C'EST SRIEUX?
Reprise progressive du trafic du #RERB aprs le spectaculaire incendie d'un entrept de textile  La Courneuve #AFP
Rer B : le RER qui a le plus de retard (accident, malaise , Panne d'lectricit ,Suicide, chevale sur les railles)
Retour  un trafic rgulier sur l'ensemble de la #RERA #RATP. Incident termin.
Retour  un trafic rgulier sur l'ensemble de la #RERA #RATP. Incident termin. via @RERA_RATP
Retour  un trafic rgulier sur l'ensemble de la ligne #RERA #RATP. Incident termin.
Retour  un trafic rgulier sur l'ensemble de la ligne #RERA #RATP. Incident termin. via @RERA_RATP
Retour  un trafic rgulier sur l'ensemble de la ligne #RERB. Incident termin.
Retour  un trafic rgulier sur l'ensemble de la ligne #RERB. Incident termin. via @RERB
Seine-Saint-Denis : les photos de l'incendie qui a interrompu le trafic du RER
Si c'est un accident de personne, c'est qu'il n'y a pas d'accident ! Reunion...licenciement @RERB #sncf @Tinosor
Si je ne tweet pas ce soir c'est que je suis morte dans un accident de bus
Suicide sur la ligne B du RER: trafic trs perturb. #qml
Super panne d'alimentation gnrale rer E et train rapide !
TRACE-TM Incendie  La Courneuve : RERB et A86 coups dans les deux sens
TRACE-TM Incendie &#xe0; La Courneuve : RER B et A86 coup&#xe9;s dans les deux sens http
Tenez bon ! Le trafic est perturb de Massy-Pal. vers Mitry-Claye sur la ligne #RERB #BOF
Toujours et encore trafic interrompu #RerB #on
Trafic RER B interrompu : pr se rendre  l'aroport CDG, emprunter les cars AirFrance AF2 au dep. de Paris/AF4 au dep. de Paris Montparnasse
Trafic du #RERB interrompu entre #gareduNord / #Aulnay suite violent incendie  #laCourneuve @PCParis se mobilise pr aider si besoin
Trafic ferroviaire interrompu sur le RER B suite a un incendie et reprise prevue demain matin. Courage aux voyageurs ! #RERB #Paris
Trafic interrompu  #MitryClaye du #RERB itinraires de substitution  consulter ! @RERB #Villeparisis
Trafic interrompu entre aulnay et mitry #rerb accident voyageur
Trafic interrompu sur la rgion de Paris Est suite  un pb lectrique. #qml #ligneP #RERE #provins #meaux #tgv @LIGNEP_SNCF
Trafic interrompu sur le @RERB en raison d'un incendie  #LaCourneuve. L'autoroute A86 est aussi bloque. #TransportsIDF
Trafic interrompu sur le RER B
Trafic interrompu sur le RER B entre Gare du Nord et Aulnay jusqu' demain matin. Winhhh
URGENT,Incendie d'un entrept > le RER B et l'A86 coups dans les deux sens au nord de Paris (pompiers)
Un incendie spectaculaire coupe le RER B et l'A86 dans les deux sens  via @europe1
Un incendie spectaculaire coupe le RER B et l'A86 dans les deux sens - Europe1: Europe1Un incendie spectaculai...
Un incendie spectaculaire coupe le RER B et l'A86 dans les deux sens.
Un incendie spectaculaire coupe le RER B et l'A86 dans les deux sens: Le feu s'est dclar vendredi dans un en...
Un jour de dpart en vacances sans trafic interrompu sur le #RERB, j'me disais bien que c'tait trop beau pour tre vrai | #ADans3H
Un train en panne et un incident grave voyageur. C'est un festival ce matin sur le RER B.
Un violent incendie s'est dclar ce vendredi  La Courneuve (Seine-Saint-Denis) trafic interrompu sur RER B et l'A86
Une fin de semaine ternie par un incendie  La Courneuve cc @RERB et part une panne ralentissant le trafic sur @RERE_SNCF #courage #weekend
Usagers du #RERB prenez votre mal en patience ! Le trafic est perturb sur cette ligne #KO
VIDEO AMATEUR. RER B et A 86 : circulation coupe  cause d'un incendie  La Courneuve
VIDEO Incendie  la Courneuve : RER B et A86 coups dans les deux sens  via @lemondefr
VIDEO. Autoroute et RER B coups aprs l'incendie d'un entrept  La Courneuve. Reprises des... -  via @20minutes
VIDEOS. RER B et A 86 : circulation coupe  cause d'un incendie  La Courneuve
VIDEOS. RER B et A 86 : circulation coupe  cause d'un incendie  La Courneuve  via @le_Parisien
VIDEOS. RER B et A 86 : circulation coupe  cause d'un incendie  La Courneuve  via @orangenewsfr
VIDEOS. RER B et A 86 : circulation coupe  cause d'un incendie  La Courneuve,
VIDEOS. RER B et A 86 : circulation coupe  cause dun incendie  La Courneuve
VIDEOS. RER B et A 86 : circulation coupe  cause dun incendie  La Courneuve: Lintgralit du [...]
Violent incendie  La Courneuve, le RER B et l'A86 coups dans les deux sens
Violent incendie  La Courneuve, le RER B et l'A86 coups dans les deux sens  #france
Violent incendie  La Courneuve, le RER B et l'A86 coups dans les deux sens  via @francetvinfo
Violent incendie  La Courneuve, le RER B et l'A86 coups dans les deux sens  via @scoopit
Violent incendie  La Courneuve, le RER B et l'A86 coups dans les deux sens #NouvellesGnrale
Violent incendie  La Courneuve, le RER B et l'A86 coups dans les deux sens au nord de Paris
Violent incendie  La Courneuve, le RER B et l'A86 coups dans les deux sens au nord de Paris  via @francetvinfo
Violent incendie  La Courneuve, le RER B et l'A86 coups dans les deux sens au nord de Paris .
Violent incendie  La Courneuve, le RER B et l'A86 coups dans les deux...
Violent incendie  La Courneuve, le RER B et l'A86 toujours coups dans les deux sens  via @francetvinfo
Violent incendie  La Courneuve, le trafic est interrompu sur le RER B
Violent incendie  la Courneuve : le #RERB et l'#A86 coups
Violent incendie  la Courneuve: RER B et A86 coups dans les deux sens
Violent incendie  la Courneuve: RER B et A86 coups dans les deux sens - i> TELE  en replay sur
Violent incendie en rgion parisienne, le trafic du RER B interrompu >>
Voil voil.... Autoroute et RER B coups aprs l'incendie d'un entrept  La Courneuve. Reprises des circulations samedi, annonce la SNCF
Vu la dure du stationnement d'EMOI05 l'accident grave voyageur doit tre dans le sens sud nord #RERB #qml
Weekend difficile pour les usagers du sud est : @RERC_SNCF interrompu entre Paris et Juvisy et travaux sur le @RERD_SNCF (moins de train)
Ya u un gros incendie a la courneuve c pour sa le RER B et lautoroute 86 ont ete coupe dans les 2 sens
[ALERTE] #Incendie #lacourneuve Trafic RER B entre Gare du Nord et Aulnay. Pas de reprise du trafic avant demain matin dit la SNCF.
[BFMTV] Incendie  la Courneuve: la circulation sur le RER B et l'A86 coupe dans les deux sens:
[BLOG] Pourquoi le trafic est-il perturb en cas dun accident grave de voyageur ? &gt;  #RERB via @RERB
[BLOG] Pourquoi le trafic est-il perturb en cas dun accident grave de voyageur ? >  #RERB
[LEMONDE] Incendie  la Courneuve : RER B et A86 coups dans les deux sens  #actus #infos #News
[Le Monde] Incendie  la Courneuve : RER B et A86 coups dans les deux sens: Un spectaculaire incendi...  #Newsekt
actuauto: BFMTV: Incendie d'un entrept  La Courneuve: RER B et A86 coups dans les deux sens au nord de Paris
afpfr: Incendie dun entrept: RER B et A86 coups dans les deux sens au nord de Paris  #AFP
afpfr: RT Jessloesc: Reprise progressive du trafic du #RERB aprs le spectaculaire incendie d'un entrept de texti
afpfr: RT manupionnier: Incendie d'un entrept: RER B et A86 coups dans les deux sens au nord de Paris (pompiers)
infotrafic #RERD : Trafic interrompu entre Melun et Corbeil Essonnes, dans ce sens, jusqu' 11h (panne train)
la #une : Incendie  la Courneuve : RER B et A86 coups dans les deux sens  #topstories
le_Parisien: Incendie  La Courneuve : un tronon du RER B coup jusqu' nouvel ordre
le_Parisien: RT LeParisienTV: VIDEOS. RER B et A 86 : circulation coupe  cause d'un incendie  La Courneuve,
le_Parisien: RT TransportsIDF: Circulation coupe sur le #RERB et l'#A86  cause d'un incendie spectaculaire  La
morandiniblog: Le trafic est interrompu sur le RER B entre Gare du Nord et Aulnay en raison d'un violent incendie
si vous habitez dans la rgion attention .....Circulation coupe sur le #RERB et l'#A86  cause d'un incendie...
smann Saint-Lazare et Magenta, dans les deux sens.Tous les trains du #RERE sont terminus et origines  Gare de l'Est.Reprise prog [2/3]
ssmann Saint-Lazare et Magenta, dans les deux sens.Tous les trains du #RERE sont terminus et origines  Gare de l'Est jusqu' fi [2/3]
trafic interrompu sur le RERB entre G du Nord et Aulnay en raison d'un incendie  La Courneuve
