#BUS ligne 2 : intervention des pompiers sur la route du rhin. Terminus des bus  l'arrt Cooprative en allant vers Pont du Rhin.
#Perturbation #RERB En raison d'un #IncidentTechnique  Gare du Nord, le trafic est perturb sur l'ensemble de la ligne.
#Perturbation #RERB En raison d'un #IncidentTechnique le trafic est perturb sur l'ensemble de la ligne.
#QML #RERE : Trafic interrompu au dpart et  l'arrive de Paris >20H30.(manifestants sur pont Lafayette),>
#QML Le trafic est rtabli entre les gares Nanterre-Universite et Saint-Germain-en-Laye sur la ligne #RERA. Fin d'incident #RATP
#RERB Ouf, j'ai eu peur. Depuis une heure les trains vers le nord allaient tous  CDG. On nous avait vol Mitry ?
#RERB Pourquoi annoncer un traffic ralenti alors qu'il est clairement interrompu au centre de Paris @RERB
#RERB interrompu direction sud entre Gare du Nord et Denfert... Ralenti direction Nord... #qml #qmlinfo
#RERC Bonjour. Peux-t-on m'expliquer pourquoi certains trains partent le matin 4 minutes avant l'heure prvue ??? Et quasiment toujours 2 ?
#RerE coupure de courant, trains annuls entre 19h30 et 21h30  Haussman. Usagers puiss #STOP #LISTEDESUSAGERS
#TRAM lignes A et D : Circulation retarde vers Aristide Briand et Illkirch Lixenbuhl suite  un accident.
1 re panne de courant
15:22, le trafic est ralenti entre Nanterre-Universite et St-Germain-en-L. (incident voyageur) #RATP #RERA
15:22, le trafic est ralenti entre Nanterre-Universite et St-Germain-en-L. (incident voyageur) #RATP #RERA via @RERA_RATP
18:56, le trafic est ralenti sur la ligne (incident technique) #RERB
18:56, le trafic est ralenti sur la ligne (incident technique) #RERB via @RERB
6 trams dans un sens. Zro dans l'autre.  #Montpellier, on sait grer le trafic des trams
@BebeShanna8 j'lai vu taleur sur le quai du RER E a St lazare il est chelou son corp et sa tte aussi on dirait il a 6 ans
@CedricCozette @Pauline_poreye Tu crois que le courant passe entre nous ? J'espre que ta compris le rapport avec le chanteur
@DeboTris ALORS JE TE SIGNALE QUE JE N'AI PAS REP PARCE QUE J'ETAIS DANS LE METRO L JE SUIS DANS LE TRAIN J'ARRIVE DANS 25MIN
@Elisadurant Bon sang le courant saute. ..,Dans 1 minute je suis dans le noir a va pter. ....
@Kloayyy @MaLigneCDeLaM BOF  chaque fois j'hsitais entre le RER et le tram pour aller au boulot du coup. Puis j'ai appris. Mnt a va.
@Pix300 Puis il a dit lui mme que le 4 ce sera genre un fan made. Et pour la suite t'es au courant.
@RERA_RATP Vous faites rouler des trains  vide entre Torcy et Chessy pdt que nous on met 1h+ pour rentrer ! #rera #ratp
@RERB Gros ralentissement entre chatelet et GDN et trafic normal ?
@RERB il n'est pas ralenti il est plutt interrompu ?
@RERB plutt interrompu ? Le trafic va-t-il reprendre sous peu ?
@RERB traffic dsormais interrompu entre gdn et denfert sur le #RERB. Si vous voulez que je fasse votre taf, n'hsitez pas.
@RERC_SNCF : De "forts carts de temprature" nous oblige  rendre les trains SARA terminus  Pont du Garigliano... seriously?!
@RERC_SNCF Depuis Issy Val de Seine vers Paris, que des CITY ! Tous les autres annuls ! 1 train toutes les 15m et aucune info #wtf ?
@RERC_SNCF Voyage sans encombres de Choisy  BFM il y a quelques minutes. 6 minutes de retard pour le train. Par contre, pas de Z20900=four!
@RERC_SNCF c'est vraiment une honte sous prtexte de la temprature (27) trafic ralenti et suspendu : et cerise sur le cake un incident !
@RERC_SNCF il n'y a plus de trains sur la N non plus ! Il fait 25 vous bloquez une ville entire en pleine heure de pointe ! #fail
@RERC_SNCF le train repars pour pont de l alma sans lumire
@RERD_SNCF a fait 20 minutes que le train est crit comme retard, c'est plus que 15 minutes de retard
@RERD_SNCF et comme le trafic est ralenti on laisse tout le monde en plan  st denis stade de france ? C'est quel logique ca ?
@RERD_SNCF quand un train prvu  24 est annonc  37, il fait partie de ceux qu'on doit attendre "5  10 minutes supplmentaires" ?
@Renangunso @RERC_SNCF un train toutes les 30 minutes probablement. Faut bien viser pendant que la sncf est en RTT
@RimaYoupie @Nins_92 @RERC_SNCF  cause des fortes chaleurs qui impactent sur les rails, le trafic est ralenti et des trains sont supprims
@RpzLeCouscous ah ouais c'est courant de voir une noir au yeux bleus genre je descend dans la rue sur dix renoi il y en a o moins5 ?! C rare
@SNCF et @GroupeRATP : pourquoi ne pas faire comme  Marseille et proposer 1 ticket qui fait bus, tram, train, mtro ET RER pour 1h?
@Yannuzaj17 non mais le RER D et tjrs lui ! Entre les problmes de maintenance, les trains retards et autres. C est saoulant !!
@aminoush10 mais non genre mon pere il le sait que depuis genre 1 semaine,a fait pas une semaine que le tien est au courant ?
@fuckmedy j'habite pas a paris, jsu a 1h mais mon train et suppr alors jprend le rer b
@grebert si pas darrt peril et que la mairie est au courant et quun accident survient la responsabilit de la mairie est en engage ?
@julienvsmovies @Cinemadroide  la rigueur,le 3 n'a pas de passage involontairement drle (raptor courant au ralenti pour s'attaquer au Rex)
@laurentgallois En province c'est pas mieux suppression retard accident de personnes suppression de personnels remplac par bus pollueur
@loutro1990 Manifestants/suicidaires sur un pont qui enjambe voies entre Paris-Pantin.Interruption trafic,et dsordre en suivant,@RERE_SNCF
@sncf @ratp RER E coup  l'heure de Twitter & co pas d'info sur les mtro qui desservent Paris Nord & St lazare pour changer notre parcours
A bord du #RERC, a ne va pas trop fort ! Trafic interrompu entre Choisy et Massy via Pt de Rungis dans ce sens, jusqu' 20h00 ! #KO
A bord du #RERC, a ne va pas trop fort ! Trafic interrompu entre Choisy et Massy via Pt de Rungis dans ce sens, jusqu' 21h00 ! #KO
ACCIDENT DE TRAM J'AI MON ENTRETIEN DANS 25MIN TOUT VA BIEN
Ah putain plus jamais jme moque des "malaise voyageur" qui niquent le trafic du RER
Bis rptita sur #RerD Nord et #ligne_H : panne lectrique  Paris Nord et personne sur les voies  Sarcelles ts trains retards de 15 mn
Bravo l'appli SNCF : "RER E : Traffic ralenti".... Oui mais quelle portion ?!
Breaking news ! Le trafic est rtabli entre les gares Nanterre-Universite et Saint-Germain-en-Laye sur la ligne #RERA ! #OK
Certains sont dj au courant mais suite  la vente de Perceval j'ai prit la dcision de me faire oprer d'une hernie. Je suis arrt 1 mois
Cet t, le trafic du @RERA_RATP sera interrompu entre La Dfense et Auber.,Comment anticiper ses dplacements?
Coup de soleil pour le #RERC ! Prvoyez un allongement du temps de trajet, dans les deux sens, entre 12h00 et 20h00 ! #BOF
Courage ! Trafic interrompu sur l'ensemble de la ligne #RERE Reprise des circulations estime  21h00 #KO
Courage ! Trafic interrompu sur l'ensemble de la ligne #RERE jusqu' la fin de service #KO
Et 1 image du rer C avec tous les trains suppr ou retards a ferait de la bonne pub nan?! @SNCF #2h15boulotmaison!
Et avec ma mre c'tait "J'vais t'rattraper par les cheveux si  3 tu pars en courant et je vais pas te courir aprs !" MDR #KevAdamsSurM6
Frl l'accident en bus en justesse !
Galre du jour : accident entre le Tram T2 et une voiture ds le matin, comment je vais arriver au travail? ? ?
Incident  La Dfense sur le @RERA_RATP direction Est. Trafic apparemment interrompu. COMME D'HABITUDE.
Infotrafic #RERC : Trafic interrompu entre Choisy et Massy via Pt de Rungis (ce sens)> 21h00.(panne train Rungis),>
Infotrafic #RERC jeudi 11 juin, de 12  20h, prvoir ralentissements et certains trains retirs de la circul. Dtails
Infotrafic #RERE : Trafic interrompu ensemble de la ligne > 20H30.(manifestants sur les arches du pont Lafayette),>
Infotrafic #RERE : [MAJ] Trafic interrompu ensemble ligne > 21h. (manifestants sur les arches du pont Lafayette) >
J'ai reu au moins 10messages " t'es au courant que y'a kev sur la 6 ce soir?" VOUS ME PRENEZ POUR QUI! C'EST MON IDOLE
Just what I need: problme sur le Rer B pour rentrer  Paris. Et pas de train direct, que des omnibus qui s'arrtent partout
La lumire de ma chambre a fait 4 fois qu'elle s'teint toute seule mais ya pas de coupure de courant a fait trop flipper
Le #RERB est au ralenti, et en plus il y a un concert au Stade de France. On est bien non ?
Le #rerc qui part en avance ! Attendre 20 minutes le prochain train !No place i'd rather be !
Le pire qd t enrhum c ceux qui disent "ah t'es enrhum" genre a fait 1 semaine t en galre avc toi mm et ils veulent te mettre au courant
Le trafic est rtabli entre les gares Nanterre-Universite et Saint-Germain-en-Laye sur la ligne #RERA. Fin d'incident #RATP
Le trafic est rtabli entre les gares Nanterre-Universite et Saint-Germain-en-Laye sur la ligne #RERA. Fin d'incident #RATP via @RERA_RATP
Le trafic sur le #RERC est ralenti , patience ! #BOF
Les annonces disent qu'il y a une panne de courant..
Les joies du RER B et des trains en panne
Ma journe RATP: Ce matin RER au ralenti, T2 qui a eu un accident. Ce soir colis suspect  GDL et la mon bus qui se prend une voiture.
Ne loupez pas Mariah Carey dans un salon de tissage  Chteau d'eau, Mariah dans le RER B, Mariah qui se baigne dans le lac de Torcy...
Pas d'internet  la maison, le tram arrt suite  un accident entre un autre tram et une voiture sur la ligne. a suffit pour aujourd'hui.
Pb d'alimentation, trafic interrompu entre gdn et denfert #rerb #onestquandmmeen2015
Pour rentrer j'avais juste 1 train, 1 RER et 1 train a prendre. Mais c'tait trop beau. Non. J'ai du prendre 1 train, 3 metros et un train.
Pourquoi je suis toujours la dernire au courant pour les Emblem3 ? Mdr
Premire fois que je vois un tram defoncer une voiture  un croisement. Du coup je vous dconseille le T2 ce matin
Psq tous les rer etait bloqu, et du coup on est arriv a rentrer par metro(3)
Quand je reoit du courrier ma mre elle l'ouvre au calme et en plus elle me prviens mme pas que j'en ai je suis au courant 3 ans aprs
Quand jui sortit du RER y a 2 go elles couraient pour rentrer et la y'en a une elle rentre et la porte elle se ferme devant l'autre ptdr
Quand ton train a un problme  une station de chez toi. Putain Ca rend dingue !!!!! #SNCF #RERB
RT @Brahim_95100: Galre du jour : accident entre le Tram T2 et une voiture ds le matin, comment je vais arriver au travail? ? ?
RT @BruceLarre: Trafic interrompu sur le #rerB incidents divers ou colis suspect sur les lignes 4, 6, et 7,et je suis  Chatelet... #championdumonde #qml
RT @Freud_is_alive: Ne loupez pas Mariah Carey dans un salon de tissage  Chteau d'eau, Mariah dans le RER B, Mariah qui se baigne dans le lac de Torcy...
RT @LC1805: #RERB mme problme qu'hier, la gestion de crise sera t-elle aussi bonne ? Un train quai 3  Denfert va t-il servir?
RT @LC1805: @RERB il n'est pas ralenti il est plutt interrompu ?
RT @MappyCity: A bord du #RERC, a ne va pas trop fort ! Trafic interrompu entre Choisy et Massy via Pt de Rungis dans ce sens, jusqu...
RT @MappyCity: Courage ! Trafic interrompu sur l'ensemble de la ligne #RERE jusqu' la fin de service #KO
RT @MappyCity: Le trafic sur le #RERC est ralenti , patience ! #BOF
RT @MathieuRobert7: @RERB traffic dsormais interrompu entre gdn et denfert sur le #RERB. Si vous voulez que je fasse votre taf, n'hsitez pas.
RT @Naabil27: @BebeShanna8 j'lai vu taleur sur le quai du RER E a St lazare il est chelou son corp et sa tte aussi on dirait il a 6 ans
RT @Nolwenn1506: @DeboTris ALORS JE TE SIGNALE QUE JE N'AI PAS REP PARCE QUE J'ETAIS DANS LE METRO L JE SUIS DANS LE TRAIN J'ARRIVE DANS 25MIN
RT @OnMaApplaudi: Le chauffeur du bus a ralenti par ce qu'une beurette traversait, je lui ai dis azi passe c'est orange, on m'a applaudit, j'ai roul l'bus
RT @OnMaApplaudit: Le chauffeur du bus a ralenti par ce qu'une beurette traversait, je lui ai dis "azi passe c'est orange" on m'a applaudit, j'ai roul l'bus
RT @RERA_RATP: 00:04, le trafic est ralenti de St-Germain-en-L. vers Boissy-Saint-Leger (incident d'exploitation) #RATP #RERA
RT @RERA_RATP: 15:22, le trafic est ralenti entre Nanterre-Universite et St-Germain-en-L. (incident voyageur) #RATP #RERA
RT @RERA_RATP: Le trafic est rtabli entre les gares Nanterre-Universite et Saint-Germain-en-Laye sur la ligne #RERA. Fin d'incident #RATP
RT @RERA_RATP: Retour  un trafic rgulier sur le #RERA. Incident termin. #RATP
RT @RERB: 18:56, le trafic est ralenti sur la ligne (incident technique) #RERB
RT @RERC_SNCF: Infotrafic #RERC jeudi 11 juin, de 12  20h, prvoir ralentissements et certains trains retirs de la circul. Dtails
RT @RERE_SNCF: Infotrafic #RERE : Trafic interrompu ensemble de la ligne > 20H30.(manifestants sur les arches du pont Lafayette),>
RT @RERE_SNCF: Infotrafic #RERE : [MAJ] Trafic interrompu ensemble ligne > 21h. (manifestants sur les arches du pont Lafayette) >
RT @Russiatomik: Quand jui sortit du RER y a 2 go elles couraient pour rentrer et la y'en a une elle rentre et la porte elle se ferme devant l'autre ptdr
RT @SarahMadichoux: Talheur yavais la 3zs dans le bus comment jl est pointer du doigt yaaaa bien honte  en pls le bus il allait au ralenti nooon
RT @TomekTR: #QML Le trafic est rtabli entre les gares Nanterre-Universite et Saint-Germain-en-Laye sur la ligne #RERA. Fin d'incident #RATP
RT @UltranusAbitbol: Premire fois que je vois un tram defoncer une voiture  un croisement. Du coup je vous dconseille le T2 ce matin
RT @VilleCourbevoie: Cet t, le trafic du @RERA_RATP sera interrompu entre La Dfense et Auber.,Comment anticiper ses dplacements?
RT @anatolium: Un bb ivoirien de 3 ans arrte et prsente seule devant un tribunal  Roissy. Le ministre tant au courant. Si.
RT @cvlraphael: @aminoush10 mais non genre mon pere il le sait que depuis genre 1 semaine,a fait pas une semaine que le tien est au courant ?
RT @jeromehuet: #RERB interrompu direction sud entre Gare du Nord et Denfert... Ralenti direction Nord... #qml #qmlinfo
RT @josselin_riou: 6 trams dans un sens. Zro dans l'autre.  #Montpellier, on sait grer le trafic des trams
RT @mxoas_: Sa resteras entre nous chri personne ne sera au courant sa met du piment dans notre relation  et pour toi cest inoubliable
RT @pascalvella: @RERC_SNCF il n'y a plus de trains sur la N non plus ! Il fait 25 vous bloquez une ville entire en pleine heure de pointe ! #fail
RT @sloreos_:  partir du 18 juin qui est au courant que je serai presque jamais chez moi ? soit j'suis dehors , en soire , chez des gens , en weekend..
Sa resteras entre nous chri personne ne sera au courant sa met du piment dans notre relation  et pour toi cest inoubliable
Talheur yavais la 3zs dans le bus comment jl est pointer du doigt yaaaa bien honte  en pls le bus il allait au ralenti nooon
Tenez-bon ! Trafic perturb sur l'ensemble de la ligne #RERB suite  la panne d'un train entre Saint-Michel Notre Dame et Luxembourg #BOF
Trafic interrompu entre Gare du Nord et Denfert Rochereau. Les sacres soires du @RERB.
Trafic interrompu sur l'ensemble de la ligne #RERE Reprise des circulations estime  21h00 #KO
Trafic interrompu sur le #rerB incidents divers ou colis suspect sur les lignes 4, 6, et 7,et je suis  Chatelet... #championdumonde #qml
Trafic perturb sur l'ensemble de la ligne #RERB suite  la panne d'un train entre Saint-Michel Notre Dame et Luxembourg #BOF
Tram arien et mtro arien, on oublie. Hsitation entre tram-train moins coteux mais plus difficile  grer ou mtro souterrain (3e ligne)
Un petit coup de Kane10 pour rentrer ce soir. Direct Roissy1 gare du Nord. #RERB
j'ai pris le bus 96 pour rentrer chez moi ... PUTAIN LE CHAUFFEUR IL SAVAIS PAS CONDUIRE !!!on a fallit faire 1 accident en 7 station
