" le trafic des trains est perturb, nous vous tenons au courant de la situation. " je pleure maintenant ou ??
"@RERA_RATP: Bonjour, Thierry est avec vous pour vous renseigner sur l'volution du trafic du #RER A. Bon trajet. #RATP"...vite avant 6h13..
#CLICHY #zyedetbouna Muhittin Altun est interrog sur l'accident dans le transformateur EDF. "J'ai des traces en moi".
#RERA Ralenti branche Cergy :incident affectant la voie  Achres V.
#RERA trafic ralenti suite a divers incidents..Bon courage et bon debut de semaine a tous!
#Trafic Ligne A. Incident technique  Chavant - La ligne est interrompue entre les stations Albert 1er...
#qml mic mac  Ermont avec @RERC_SNCF et @LigneH_SNCF on ne sait pas quel train prendre pour Pontoise :/
#voyaged'affaires | Des flashs infos sur le trafic du RER C: Les voyageurs d'affaires peuvent... | #businesstravel
07:37, le trafic est ralenti sur la ligne (divers incidents) #RATP #RERA
11:05, le trafic est ralenti de Acheres-Ville vers Marne-la-Vallee Chessy (incident technique) #RATP #RERA
2015/03/16 - RER D - Panne d'un train  Saint Denis
@Benenuts77 @fratwoman j'imagine les msg du #RERB vendredi: "Arrt du trafic d  un pb d'alimentation. Retour  la normale aprs l'clipse"
@Conducteur_tram @ConductriceTBC Trs bien, je ferai attention  a la prochaine fois. Si je me fais couper encore en 2, je reviens rler :)
@DamienDole je vais l'couter dans le RER dans 30 min mais j'hsite avec l'pisode 10 de la saison 2 de GoT
@Elia3124 nan parceque avec ton histoire d'accident de bus je me suis inquiter (enfin ... Je me suis inquiter pour Alexis qui dormais)
@GALITE1 Le site EDF tait-il scuris ? Je pose la  oui, cet accident ne serait pas arriv .VOI...LA.
@LIGNEJ_SNCF @RERA_RATP comme chaque lundi, train Poissy Saint-Lazare supprim... l c le 8h27. Et le rer A qui met 30 mn pour la dfense.
@MisterPatatteuh accident de bus violent des le matin je n'ai rien eu :B
@RERA_RATP @LIGNEL_sncf c'est pas ralenti c'est le marasme complet ! Suppressions sur suppressions ! @Plusdetrains
@RERC_SNCF Pas de replay trafic ?,Sur l'application aucun flash
@RERC_SNCF oups... 13h52 prvu  Vitry, mission pas affiche sur le train, et comme info voyageur HS en gare...
@WebAfterWork cela aurait t avec plaisir mais je serai  l'tranger. RDV  la prochaine, tenez moi au courant.
@Zenabimz Of course. Tu serais probablement la premire au courant, et j'en ai de plus en plus envie.
@_daiz7_ @Belleetbumtq L'mission sera en ligne sur notre zone vido au courant de la journe.
@clemjacquemaire on peut vs tenir au courant de la prochaine runion du CA, ce serait un plaisir d'y voir de nouveaux passionns de ville
@fitpnose ne dis pas a. En courant comme tu le fais, plus le sport, mme en craquant quelques soirs, tu seras toute belle cet t !
@jossdurand Au nom de quel miracle connatrait il le RER B, la ligne 13..,Entre RTL CANAL+, son domicile parisien et sa maison de campagne
@learqlm Lui ne serais aps au courant non plus comme... Bah c'est Victor quoi mdr 2/2
@melanie_clausse en plus son bus il date des annes 80, un jour on va avoir un accident on va rien comprendre
@myriamizzle le plus grave ca ete accident avec le bus 2 pignet facturer mai vu le choque ces rien du tous apre accident moto j'ai rien eu
Accident de bus , j'suis traumatise
Ah les joies des transports.... La semaine commence bien. Mon train n'avance pas et on nous dit rien...20km/h on arrive  GDN#RERD
Attention : Lundi 16/3 modification d'horaires pr les 6 derniers trains #RERB et chgmt  Gare du Nord  #fr
Avez-vous test les tous nouveaux flashs trafic du #RERC? Toutes les infos ici:
Avoir un accident de bus ds le matin <<< ptn les chauffeurs arreter de faire les thug au volant !! :c
BEZIERS - CCI DE BEZIERS - CONFRENCE : Comment tirer profit du web et ge&#769;ne&#769;rer du trafic en magasin ?...
Bonjour, Louiza de la #RATP, pour vous informer en temps rel du trafic sur le #RERA. Bon trajet
Bonjour, Thierry est avec vous pour vous renseigner sur l'volution du trafic du #RER A. Bon trajet. #RATP
C'est gnial quand t'es dans un bus et qu'il a un accident, tu finis le chemin  pied
Cergy le haut affiche complet devant les trains annuls. Quelle honte #RERA
Et allez encore un accident de tram
Facon le RER cest la seul ligne qui dans ses gare t'annonce le passage d'un train sans arrt quand le train est dj pass depuis 16min
Gnial ! Retour  un trafic rgulier sur la ligne #RERB #OK
Grande nouvelle pour la mnagre glandoise: Gland est entr dans le XXIe sicle, il y a dsormais du courant sur le temps de midi !
Hier soir y a eu un accident  la zup, j'ai vu que le tram tait percut  l'avant
Il est 12:24 et le trafic est normal sur l'ensemble des lignes de RER
Il est 12:28 et le trafic est normal sur l'ensemble des lignes de RER
Info Trafic #RERD : Prvoyez des ralentissements de 10 minutes jusqu' 19h. 2/2
Info Trafic #RERD : la circulation est ralentie entre Paris et Villeneuve suite  la panne d'un train en pleine voie.1/2
Je crois que ma mre est au courant je l'ai eu au tlphone et elle me dit "t'e s sur que tu veux pas me parler d'un truc?"
La chance ! Trafic fluide sur toute la ligne #RERB #OK
La chance ! Trafic fluide sur toute la ligne #RERE #OK
Laissez les reposer en paix, ils sont mort par accident je vois pas pourquoi on devrait rechercher un coupable. Si ce n'est EDF. #lrt
Le #RERC lance ses flashs trafic, & a commence aujourd'hui!,Pour profiter de ce service:
Le dgel de conduite par le passage dun courant lectrique dans une conduite mtallique reprsente un risque...
Le trafic du @RERC_SNCF est quasiment revenu  la normale ! Plus d'infos sur,.
Le train de 8h35 dj plein reste en gare de Cergy le haut. Bonne chance aux passagers des autres gares #RERA
Le tram il s'est arrt net c'fdp j'ai cru y'allais avoir un accident #PEPSICHALLENGE #KCA #vote1DUK
Les tram venaient dans trop longtemps, y'a un accident vers la Servette
Ligne 14 - En raison d'une manifestation, le trafic est trs perturb, les services de la ligne 14 auront du retard.
Meteo du #RER (#ratp) : KO () 16/03/2015 a 10:55 Trafic normal sur l'ensemble ...
Meteo du #RER (#ratp) : OK () 16/03/2015 a 12:25 Trafic normal sur l'ensemble ...
Mieux vaut tard que jamais ! Trafic rtabli sur la ligne #RERD #OK
Mon bus qui fait un accident
Mon bus roule au ralenti. Pourquoi ?! Parce qu'il n'arrive pas  doubler mon prof de philo en vlo.....
Mtro Ligne 13 En raison d'un malaise voyageur, le trafic est interrompu entre les stations Porte de Clichy et Asnires-Gennevi [1/2]
Mtro Ligne 13 En raison d'un malaise voyageur, le trafic est ralenti sur la ligne. Trafic normal sur les autres lignes de Mtro.
Mtro Ligne 13 En repercussion d'un malaise voyageur, le trafic est ralenti sur la ligne. Trafic normal sur les autres lignes de Mtro.
Mtro Ligne 5 En raison d'un accident grave de voyageur, le trafic est interrompu entre les stations Bastille et Place d'Italie. [1/2]
Mtro Ligne 5 En rpercussion d'un accident grave de voyageur, le trafic est ralenti sur la ligne. Trafic normal sur les autres [1/2]
Mtro Ligne 8 En rpercussion de la prsence d'un colis suspect, le trafic est ralenti sur l'ensemble de la ligne.
Mtro Ligne 8 En rpercussion de la prsence d'un colis suspect, le trafic est ralenti sur l'ensemble de la ligne. Trafic norm [1/2]
Nouveau drame routier au Sud : un accident de bus fait 3 morts et 21 blesss  Illizi | #Socit  #Algrie
On a eus un accident de bus on est rentrer dans une camionnette, genre a a frainer de fou ta les vitres de devant elles taient casses et-
Plusieurs popotes roulantes du Reg ont enregistr dimportantes hausses de demandes au courant des derniers mois = jusqu 30 % #SQPR2015
Prochain train dans 3 minutes. 2 minutes plus tard: dans 6 minutes. 5 minutes plus tard train supprim. Re-apprends les maths avec ton #RERA
Ptn le tram il a un accident technique service interrompu on va zoner ici ptn flemme
Ptn y a eu un accident alors les trams ils avancent pas
Quand je mets ma musique en route dans le tram , j'oublie tout autour de moi. Y'aurai un accident je remarquerai mme pas limite..
RER A Cergy le Haut / Paris Prvoir jusqu' 30 minutes supplmentaires de trajet, dans ce sens Fin des ralentissements estim [1/2]
RER A suite un incident sur les voies sur Acheres Ville le trafic est ralenti sens Cergy le Haut / Marne la valle Chessy
RER A: le train nomme QSAR 42 et QENO 42 circule avec un retard de 5 minutes
RER A: trafic normal dans les 2 sens de circulation
RER A: trafic ralenti dans les 2 sens suite  divers incidents
RER B En raison de la prsence d'un colis suspect, l'arrt n'est pas marqu  la gare Aeroport Charles de Gaulle 2 TGV. Trafi [1/2]
RT @AeroportsParis: Attention : Lundi 16/3 modification d'horaires pr les 6 derniers trains #RERB et chgmt  Gare du Nord  #fr
RT @CIaudeFrancois: RE JE SUIS LA, DSOL DU RETARD J'AVAIS UNE PETITE COUPURE DE COURANT
RT @Celiiaa20: Je crois que ma mre est au courant je l'ai eu au tlphone et elle me dit "t'e s sur que tu veux pas me parler d'un truc?"
RT @Christelle_bl: J'suis monte avec Cenny ce soir du coup je l'es ralenti & il a rat son bus genre on l'a vu partir & tout c'tait tellement drle
RT @DocteurChicken: Ya que sur le RER D que tu peux regarder l'cran, cligner des yeux et voir ton train passer de "2 min" a "supprim"
RT @Elia3124: Avoir un accident de bus ds le matin <<< ptn les chauffeurs arreter de faire les thug au volant !! :c
RT @L_OneSev_L: @fitpnose ne dis pas a. En courant comme tu le fais, plus le sport, mme en craquant quelques soirs, tu seras toute belle cet t !
RT @MappyCity: Trafic normal sur la ligne #RERC #OK
RT @OnMaApplaudi: Le chauffeur du bus a ralenti par ce qu'une beurette traversait, je lui ai dis azi passe c'est orange, on m'a applaudit, j'ai roul l'bus
RT @OnMaApplaudit: Le chauffeur du bus a ralenti par ce qu'une beurette traversait, je lui ai dis "azi passe c'est orange" on m'a applaudit, j'ai roul l'bus
RT @RERA_RATP: 07:37, le trafic est ralenti sur la ligne (divers incidents) #RATP #RERA
RT @RERA_RATP: 11:05, le trafic est ralenti de Acheres-Ville vers Marne-la-Vallee Chessy (incident technique) #RATP #RERA
RT @RERA_RATP: Bonjour, Louiza de la #RATP, pour vous informer en temps rel du trafic sur le #RERA. Bon trajet
RT @RERA_RATP: Bonjour, Thierry est avec vous pour vous renseigner sur l'volution du trafic du #RER A. Bon trajet. #RATP
RT @RERA_RATP: Retour  un trafic rgulier sur l'ensemble de la ligne #RERA #RATP. Fin d'Incident.
RT @RERA_RATP: Retour  un trafic rgulier sur l'ensemble de la ligne #RERA #RATP. Incident termin.
RT @RERB: Travaux prvus sur la ligne #RERB du 16/03/2015 au 17/03/2015. Pour plus dinformations, .
RT @RERC_SNCF: Le #RERC lance ses flashs trafic, & a commence aujourd'hui!,Pour profiter de ce service:
RT @RERD_SNCF: Info Trafic #RERD : Prvoyez des ralentissements de 10 minutes jusqu' 19h. 2/2
RT @RERD_SNCF: Info Trafic #RERD : la circulation est ralentie entre Paris et Villeneuve suite  la panne d'un train en pleine voie.1/2
RT @RER_B: @Benenuts77 @fratwoman j'imagine les msg du #RERB vendredi: "Arrt du trafic d  un pb d'alimentation. Retour  la normale aprs l'clipse"
RT @Reg_pop_roul: Plusieurs popotes roulantes du Reg ont enregistr dimportantes hausses de demandes au courant des derniers mois = jusqu 30 % #SQPR2015
RT @SimonGourmellet: #CLICHY #zyedetbouna Muhittin Altun est interrog sur l'accident dans le transformateur EDF. "J'ai des traces en moi".
RT @TAG_Grenoble: #Trafic Ligne A. Incident technique  Chavant - La ligne est interrompue entre les stations Albert 1er...
RT @UsagerUse: @LIGNEJ_SNCF @RERA_RATP comme chaque lundi, train Poissy Saint-Lazare supprim... l c le 8h27. Et le rer A qui met 30 mn pour la dfense.
RT @galeRERAfr: #RERA trafic ralenti suite a divers incidents..Bon courage et bon debut de semaine a tous!
RT @gotemar: Trafic ralenti sur le #RERA en direction de Paris : on stationne  Torcy depuis dix minutes sans explication #qml
RT @macinside: #qml mic mac  Ermont avec @RERC_SNCF et @LigneH_SNCF on ne sait pas quel train prendre pour Pontoise :/
RT @myheartforlou: @melanie_clausse en plus son bus il date des annes 80, un jour on va avoir un accident on va rien comprendre
RT @simontrouve_: Taleur le chauffeur a ralenti pck une beurette traversai ,jlui est dis c orange tu peux passer .Tt le monde m'a applaudis g conduis le bus
RT @telequebec: @_daiz7_ @Belleetbumtq L'mission sera en ligne sur notre zone vido au courant de la journe.
Retour  un trafic rgulier sur l'ensemble de la ligne #RERA #RATP. Fin d'Incident.
Retour  un trafic rgulier sur l'ensemble de la ligne #RERA #RATP. Incident termin.
Retour  un trafic rgulier sur l'ensemble de la ligne #RERB. Incident termin.
Sept blesss dans un accident de bus  #Salon
Six blesss lgers dans un accident de bus
Six blesss lgers dans un accident debus  #Salon  #FaitDivers
Super ! Le trafic est #OK du ct du #RERD #OK
Toujours devoir prendre des dlais en cas de problme de RER et du coup poireauter 30 minutes devant l'cole des mmes...
Tout est bien qui finit bien ! Trafic rtabli au niveau de la ligne #RERD #OK
Trafic normal sur la ligne #RERC #OK
Trafic ralenti sur le #RERA en direction de Paris : on stationne  Torcy depuis dix minutes sans explication #qml
Travaux en cours sur la ligne #RERB jusqu'au 17/03/2015. Pour plus dinformations, .
Un accident de bus fait 17 morts au Npal
Un accident de bus fait 17 morts au Npal -
Ya que sur le RER D que tu peux regarder l'cran, cligner des yeux et voir ton train passer de "2 min" a "supprim"
a fait 20 minutes que j'attends le RER A. Y'a marqu "trafic fluide" ts les pds.
comme par hasard, le jour ou je dcide de rentrer tt chez moi, le bus fait un accident....
e  12h00. Trafic normal sur les autres lignes de RER. [2/2]
grosse frayeur ce matin sur la D113 au niveau de Salon de Provence un accident de bus a fait 7 blesss sur une vingtaine de personnes  bord
re sera desservie  nouveau vers 12h00. Trafic normal sur les autres lignes de RER. [2/2]
