#RERA trafic perturb sur la ligne Cergy / Poissy suite  l'incident de la #LigneL @elric_FMS
#rerB Mouvement social : 25 juin, le trafic sera perturb : prvoir 4 trains sur 5 aux heures de pointe, 3 trains sur 4 aux heures creuses.
.@RERC_SNCF Le VICK de 19h05  invalides est indiqu long mais encore une fois n'a que 6 voitures. Personne ne vrifie la taille des trains?
@PhilParis_ L c'est dead et en prime panne de rer donc train de banlieue  autre gare... j'en peux plus...! J'suis ko pour 1 an! ;)
@RERA_RATP 1 train toute les 20 minutes a 8h du matin en gare terminus Cergy le haut c'est un manque de respect. #late #toolate
@RERC_SNCF @bgoss44 @ACircule @Asso_usagersidf SI ELBA terminus Juvisy quels trains font faire Etampes Paris ???
@RERC_SNCF Mais pourquoi mettre des trains alors que le trafic est trs perturb !!!! La logique made in SCNF me dpasse
@RERC_SNCF en plus les prochains trains sont des courts !!! Trafic ralenti, train supprim et les autres qui circulent sont des courts.
@galeRERAfr : branche Cergy : aucun train pr St Lazare. Rer retards et blinds. Impossible de monter en gare d hr. Aucune alerte reue
@galeRERAfr Trafic fortement perturb #rera. Coupure de courant  Charles de Gaulles + autres pbs. Prvoir 30  40min de retard
@jfernandezochoa Bonsoir, vous pouvez prendre votre bus, le trafic reprend mais reste trs perturb, de gros retards  prvoir.
@laprovence bonjour, peut on esprer un rachat de L'OM courant juillet 2015 via le PRINCE saoudien AL WALEED, il se murmure qu'une 1/1
@patrickmennucci Prudence , peut on esprer une reprise du club courant juillet 2015, au vue de la situation actuelle. MERCI DE REPONDRE
Accident d'un autobus voyageur prs de Cornwall: 23 personnes blesses dont 4 dans un tat grave. 1 transport par ambulance arienne #onrc
Bjr @RERC_SNCF trafic trs ralenti. Un temps de trajet tripl. Pas d'annonces, pas d'informations. Merci.
Cheminots au boulot ! RT @ratp78190: RER A: trafic est ralenti sens Boissy/Saint-Germain en Laye suite  un problme de signalisation...
Grve du jeudi 25: trafic Transilien normal sf#RERB 4tr/5 en pointe 3tr/4 sinon#RERD, #LigneH et #LigneP: 2tr/3#LigneK: 2tr/5,#vvtrafic
Jcrois jrentre en train ojrd faut que je prenne le bus jusqua juvisy aprs le rer jusqua gare du nord je crois
Jeudi 25 juin 2015 : mouvement social interprofessionnel. Le trafic sera perturb sur les #rerB et #rerD, les...
Les trains mission ELAO / ELBA (St-Quentin en Yvelines / St-Martin dEtampes) sont rendus origine Juvisy
LigneL: trafic interrompu entre Paris/Cergy emprunter le RER A jusqu' La Dfense ou Auber afin de rejoindre PSL ou les gares suivantes
Meteo du #RER (#ratp) : KO () 23/06/2015 a 16:57 Trafic normal sur l'ensemble ...
Meteo du #RER (#ratp) : KO () 23/06/2015 a 17:25 Trafic normal sur l'ensemble ...
Meteo du #RER (#ratp) : KO () 23/06/2015 a 17:49 Trafic normal sur l'ensemble ...
Meteo du #RER (#ratp) : KO () 23/06/2015 a 18:09 Trafic normal sur l'ensemble ...
Meteo du #RER (#ratp) : KO () 23/06/2015 a 18:17 Trafic normal sur l'ensemble ...
Mvt social interprofessionnel le 25 juin 2015. Retrouvez les prvisions de trafic du #RERB sur
Oups le trafic est ralenti sur le #RERC #BOF
RER A: le trafic est ralenti entre Nanterre Prfecture et Cergy suite  un problme de signalisation en zone SNCF
RER A: trafic est ralenti sens Boissy/Saint-Germain en Laye suite  un problme de signalisation en zone SNCF pas d'heure de reprise 1/2
RERA_RATP 1 train toute les 20 minutes a 8h du matin en gare terminus Cergy le haut c'est un manque de respect. #l
RT @ArnaudValette: Ah apparement il y a un coup d'tat organis en France le 14 juillet 2015. Lu dans le RER.
RT @LeSgai2: @galeRERAfr Trafic fortement perturb #rera. Coupure de courant  Charles de Gaulles + autres pbs. Prvoir 30  40min de retard
RT @Le_Psychopath: Je wanda d'abord sur le plan bancalOn devait rcuprer dans le dpot de sa grand  lui ask si elle est au courant,il me rassure.,13/
RT @MappyCity: Oups le trafic est ralenti sur le #RERC #BOF
RT @MappyCity: Rappel les amis ! Trafic perturb sur la ligne #RERC ! Plusieurs trains ont t supprims ! #KO
RT @MappyCity: Trafic perturb sur le #RERC plusieurs trains ont t supprims ! Empruntez le SNCF_N Pour circuler entretemps #KO
RT @RERA_RATP: Retour  un trafic rgulier sur l'ensemble de la ligne #RERA #RATP. Incident termin.
RT @RERB: Mvt social interprofessionnel le 25 juin 2015. Retrouvez les prvisions de trafic du #RERB sur
RT @RERC_SNCF: Infotrafic #REC Trafic ralenti sur lensemble de la ligne jusqu' 16h30 (incident voie  Issy Val de Seine). Dtails>
RT @RERC_SNCF: Infotrafic #REC [MAJ] Trafic ralenti sur lensemble de la ligne jusqu.16h30 (incident voie  Meudon VFl).Dtails >
RT @carrieresmag: Jeudi 25 juin 2015 : mouvement social interprofessionnel. Le trafic sera perturb sur les #rerB et #rerD, les...
RT @galeRERAfr: #RERA trafic perturb sur la ligne Cergy / Poissy suite  l'incident de la #LigneL @elric_FMS
RT @morvan_virginie: @galeRERAfr : branche Cergy : aucun train pr St Lazare. Rer retards et blinds. Impossible de monter en gare d hr. Aucune alerte reue
RT @ratp78190: RER A: trafic est ralenti sens Boissy/Saint-Germain en Laye suite  un problme de signalisation en zone SNCF pas d'heure de reprise 1/2
RT @vvtrafic: Grve du jeudi 25: trafic Transilien normal sf#RERB 4tr/5 en pointe 3tr/4 sinon#RERD, #LigneH et #LigneP: 2tr/3#LigneK: 2tr/5,#vvtrafic
Rappel les amis ! Trafic perturb sur la ligne #RERC ! Plusieurs trains ont t supprims ! #KO
Re coucou @TCLtrafic , je t'informe que le trafic sur la ligne B a repris...
Sa me fait rire les filles de 13 ans qui veulent baffe un mec de 17 ans, vous tes au courant que il vous pousse vous tombe direct
Trafic nickel sur la ligne #RERB ce soir ! #OK
Trafic perturb sur le #RERC plusieurs trains ont t supprims ! Empruntez le SNCF_N Pour circuler entretemps #KO
le mail que je reois le plus ? facile c'est celui de SNCF Transilien avec son clbre : [Mon Alerte Info Trafic] RER C : trafic ralenti
