"Si ma mre est au courant elle me massacre." Mdr le gars a 30 ballets #NCIS
"suite  un incendie le trafic sur le RER C sera perturb pendant + de 2 ans" Et c'est pas un faux article :'(
#LT il s'agit de la panne d'un train de fret entre #Orry et #Goussainville, #TerPicardie & #Intercits dtourns pas voie du #RerD
#LigneL/#RERA: avarie matriel sur un train  #Sartrouville. Circulations retenues entre #Houilles et #MaisonL dans les 2 sens. Reprise >16h
#LigneL/#RERA: panne d'un train  #Sartrouville: circulations retenues dans le sens #MaisonL/#ParisSL jusqu'a 16h pour verifications
#RER A "Le trafic est trs ralenti sur l'ensemble de la ligne" A ce stade l j'aurais plutt dit "immobilis" plutt que "ralenti".
#RERA Auber. Trafic pertub en direction de l'est
#RERA trafic ralenti suite malaise voyageur  Nation.suppressions ponctuelles et retards 15/20 min jusqu' 14h00.
#RERB Chtelet. Le train qui est  quai, cens tre le SOME12 pour Robinson, n'a pas de mission affiche sur la motrice.
#qml #rera , le trafic est interrompu entre Auber et Nation. Retour  la normale  13:20. (malaise voyageur) #RATP #RERA
12:45, le trafic est interrompu entre Auber et Nation. Retour  la normale  13:20. (malaise voyageur) #RATP #RERA
13:03, le trafic est ralenti sur la ligne (malaise voyageur) #RATP #RERA
15:37, le trafic est ralenti entre Nanterre-Prefecture et Marne-la-Vallee Chessy (incident technique) #RATP #RERA
15:42, le trafic est ralenti entre Cergy/ Poissy et Marne-la-Vallee Chessy (incident technique) #RATP #RERA
16 min pour faire Stade de France a GdN en @RERB . Trafic normal ou CM en week end ???
16:02, le trafic est ralenti sur la ligne (incident technique) #RATP #RERA
19:21, le trafic est ralenti sur la ligne (panne de signalisation) #RATP #RERA
20 minutes de bus  au lieu de 10 a cause d'une voiture  je devais tre a 50 au lyce pour rcuprer mes livres
26, je suis  mi-chemin je redouble d'efforts je vois le rer entrer en gare au loin et tous les autres usagers courir vers lui dans un
@BleuennTanguy vous seriez pas abonn a loupe le tram par hazard?
@CelsoUrroz @JPenuchot il a chang de tlphone ! va sur snap plus souvent et tu seras au courant
@Ceralyne @Meloute483 ce serait quand meme balot que je sois au courant de rien en tant admin du fo le plus cool du monde x)
@Cindiy_Na ah oui c'est vrai mdr ! J'avais zapp. J'espre que les autres l3 sont au courant de ces runions ^^
@GROSPOPOTIN sans moi dans ta TL tu ne seras plus au courant
@GroupeRATP l'appli RATP n'est pas synchronise avec le traffic? Itinraire conseill: RERC 9h24 n'existe pas=25min  attendre sur le quai?!
@GxjeelRedfox @KaizokuChopper_ @MagellanOP t pas au courant ? MDR vers 15 septembre je crois ^^ demande  Ippo et je c plus ou
@JaGzSH en plus j'dois rembourses mon pre pcq j'me suis achet des vans avec sa carte sans qu'il soit au courant mdr allez
@JordanVion Je te comprends, j'avais le mme ressenti, bus vide, galre de train.. On le faisait aussi mais on a bouff des heures de colle
@LoveJapan90 Ah bon ? J'tais pas au courant non plus, avec les cours qui ont repris je rate toutes les news TT
@Max_Boul @Niko_L59 C'est un tyran si on dort pas a 23h il coupe le courant pour qu'on est plus de lumire mdr...
@MilosAzura jsai pcq j'me dirigeais vers les cabines au moment ou il s'est barr en courant. En plus il tait content le con
@Mizugachi Mission accepte hh ^^ j'te ferais a courant de la semaine prochaine du coup mouaha !
@Olivier__B et puis on demande a un gentil mecano de nous ramener le train a Paris  @RERD_SNCF @CyrilouSan @RERC_SNCF @GSslythug
@RERA_RATP RATP merci pour l'alerte de 19h21 pour les pb sur le RER A... C'tait dj ralenti depuis 18h30... Fallait envoyer avant
@RERA_RATP alors comme a, on ne s'arrte plus  Bry sur Marne ? On est sur la quai, on regarde passer les trains pour Paris....
@RERA_RATP bloqu a Neuilly-P cause problme de signalisation entre Bry et Noisy L-G... #rera L'appli #ratp pas encore au courant...
@Racatte Interdit de couper les cheveux en 4 aussi ;) @Conducteur_SNCF @SebastienTraash @RERC_SNCF @anteeox
@STIBMIVB Trafic mtro ligne 2 ralenti/bloqu et aucune info :(
@Steve__Zissou mon dieu je viens de voir Nicki Minaj. Dirige toi discrtement vers la porte et sors en courant! SURTOUT NE TE RETOURNE PAS!
@fxcktbrian_ non plus, mais elle ""vis"" plus chez son pere depuis genre 2 semaines il doit pas etre au courant
@htan987 @IlanCohen2 @DownStark un courant du parti se dfinit comme garaudiste en ref a pierre garraud, a ne pose pas de pb non plus...
@iDBUS trs ractif... Je parle des prises entre les siges. Aucun de mes voisins n'a de courant non plus. Ref rservation C8NRTD :)
@imakiT peut tre 1e chance pr gnrer plus de cohsion parmi ceux qui nagent contre le courant. Mm ceux de la majorit...
@kelloggslunaire franchement moi qui prend tt le temps tram et bus, a vaut trop le coup . Parce que ma mre a payer 3tickets 10 voyage 34
@macinside @RERC_SNCF @GSslythug @RERD_SNCF pour mesurer la patience des usagers  ou la longueur du train 4 ou 8 voitures
@partisocialiste @juliettemeadel je suggre  cette as d'enfoncer une porte ouverte afin d'valuer la force du courant d'air qu'elle induit.
@xntoine genre la elle a prvenu d'un ralentissement et les lignes de bus correspondantes. C'est trop cool !
A CT DE CHEZ MOI YA UN GRAVE ACCIDENT DU GENRE VOITURE CRABOUILLE YA 20 AMBULANCES YA PLUS DE COURANT DANS LES RUES! chaud
A fait ses 2h premires heures de cours de l'anne. Maintenant bus puis tram direction l'autre lyce. Et manger.
Accident  Dahra Djolof : Un bus se renverse et fait 4 morts -
Anas m'envoie une snap avec ma mre "je suis avec ta mre" DANS LE PLUS GRAND DES CALMES ON ME TIENT PAS AU COURANT DES BAILS
Aprs un incendie sur le RER C, le trafic sera perturb pendant plus de deux ans  via @lemondefr
Bon et on continue avec le #RER. Maintenant, cest le A qui avance au ralenti. #maviedansleRER
C'tait chaud quand mme l'accident de tram en ville hier! le papi est mort
Ce vendredi matin, Louiza pour vous informer en temps rel sur l'tat du trafic du #RERA. Bon trajet #RATP
Clairement Bdx veut pas que je prenne mon train, le tram avait repris, deuxime accident.. Appelez moi pas de bol.
Class fer  cause de 3 match de classement host boot et une coupure de courant
Comment sa Sfe les fils du rer en haut la il rsiste a la pluie? Jrigole un jour y'a coup d lectrocution vs all tous faire un Harlem shake
Du coup il faut perdre 1h pour aller jusqu' la dfense plus pour aller jusqu' paris? Super la rentre #RERA
En fait Chacha c'est une cachotire ! Mme pas j'tais au courant, j'ai rien vu du tout en plus !
En plus c'tait une voiture vole, pas du bon dpartement, le mec aurait percut ma soeur il se serait barr en courant... a craint.
En sortant des cours on a vue un travelo dans le tram directement quand on et rentr dedans on a vue ca gueule on a tap un fou rire.
Et la foule du prochain va se cumuler avec celle du prcdent train supprim... #RERC
Finir ta fucking journe debout et quand une place se libre dans le tram, un couple de retraits arrive... #WWWTTTFFF
Hier train supprim, malaise de voyageur sur le prochain. Aujourd'hui, les portes ne se ferment pas, terminus Ermont... #RERC #1jour1douille
Infotrafic#RERD retards 10 -15 mn entre #OrrylaVille (panne train marchandises) et #VilleneuveSaintGeorges. Retour  la normale prvu 8h30
J'ai entendu qu'il y aurait certains RER C supprimer pendant une dure de 2ans....vive la merde des trains
J'ai l'impression de plus tre au courant de rien depuis que j'ai repris les cours mdrrrrr ptn.
J'ai loup mon rer de 3 putain de secondes c'est donc a ma vie
J'en ai trop marre de courrier pour avoir le metro sa sent trop que j'ai repris les cours mdr
J'hsite  remplir copie blanche rien que pour rentrer et prendre le bus mais ma mre va capter alors...
J'transpire plus en courant pour avoir un RER qu'en une journe de taff, hmm j'me bouge vraiment pour ce que je veux moi
Je gre pas encore assez les crneaux je vais encore prendre un peu le tram pour aller en cours
Je me rase dimanche soir... J 'espre qu 'il y aura coupure de courant dans toute la ville...
Je suis dans la grosse merde... Je sais pas o m'arrter en tram, je sais pas du tout quel train prendre
Je vais au code, les 3 premires questions j'ai faux, j'ai envie de partir en courant
Journe de merde ! Le bus arrive en retard et en plus de ca on a un accident avec une porche avant darriver au collge ! Bref jen ai marre !
La galre du tram et du train m'avait pas manque! #Nantes
La tristitude elle aurait eu son accident 20min plus tt j'aurais eu mon bus
Le #RERD a enfin laiss de ct ses mauvaises habitudes, trafic #OK
Le bordel avec les tram :@  cause d'un accident
Les voies du @RERC_SNCF sont donc pntrables...,Alors pourquoi arrter le trafic ?
Ligne 10 : interruption partielle de trafic du 1er au 6 septembre 2014
Ma mre m'a dit que j'avais reu du courrier du coup j'avais trop hte de rentrer mais non on vient de louper le tram
Ma mre qui m'envoie " alors ta rentre ?" Ok la seule qui est pas au courant de ma date de rentre a fait plaisir
Ma mre tout  l'heure me sort "tu sais que dcolorer a abme les cheveux" naaaaaaan srieux j'tais vraiment pas au courant :3
Mdr le tram a fait 6jours qu'il marche et y a dj eu un accident... #ViveBesancon
Mdr suite  un problme de fermeture des portes le train est supprim... Nique ta mre le RER C y'a pas d'autres mots srieux.
Meteo du #RER (#ratp) : OK () 05/09/2014 a 09:25 Trafic normal sur l'ensemble ...
Meteo du #RER (#ratp) : OK () 05/09/2014 a 21:09 Trafic normal sur l'ensemble ...
Mon collgue vachement rassurant: y a souvent des accidents de tram ici, tu vas voir.
Monique : On ne va plus pouvoir monter dans les trains bonds #rerc  via @le_parisien
Nouvel article du @le_gorafi , trafic perturb sur le RER C pendant deux ans.
Ojd g pri un train de banlieu pr calmer mes envie suicidaire du RER C
Olivier Py qui signe le roman Excelsior, la qute dun architecte courant dans le nuit (Actes Sud) sera Miss Knife demain  20h au #Trianon
On est  peine 3 sur les quai j'espre qu'il y aura plus de personne dans le RER j'aime pas voyager solo dans le train le soir
Pas de chance ! Trafic ralenti sur la ligne #RERA, au niveau des axes : Nanterre Prfecture-Cergy le Haut / Nanterre Prfecture-Poissy #KO
Plus jamais je cours comme a pour un bus mon frre, jsuis morte !
Pour sortir prendre le bus tout a l'heure avec Liza on tait juste explos de rire.. J'en peux plus des cours d'histoire jvous jure!
Premier accident de tram  Besanon : une victime dans un tat critique
Prochain train pour Paris ds 25mn @RERC_SNCF c'est fini les vacances personne ne vous l'a dit ?
Ptn courir derrire le tram j'en ai marre
RER D : retards 10  15 mn Orry - Villeneuve St G. Panne d'un train de marchandises  proximit d'Orry la Ville #qml #rerd
RT @AkePoulette: Viens d'apprendre au dernier moment que j'aurai des cours dans 3 facs cette anne, deux dans Paris, une  Nanterre. #meufaucourant #RERA
RT @CandiceMrdn: Mdr le tram a fait 6jours qu'il marche et y a dj eu un accident... #ViveBesancon
RT @CyrielleCoquet: c'est tendu a fait depuis samedi le tram  t mit en circulation y'a dj un accident et en plus il va pas vite bordel
RT @FanV2N: #LT il s'agit de la panne d'un train de fret entre #Orry et #Goussainville, #TerPicardie & #Intercits dtourns pas voie du #RerD
RT @FrichotM: Pour sortir prendre le bus tout a l'heure avec Liza on tait juste explos de rire.. J'en peux plus des cours d'histoire jvous jure!
RT @JuliaCrevecoeur: Du coup il faut perdre 1h pour aller jusqu' la dfense plus pour aller jusqu' paris? Super la rentre #RERA
RT @LIGNEL_sncf: #LigneL/#RERA: avarie matriel sur un train  #Sartrouville. Circulations retenues entre #Houilles et #MaisonL dans les 2 sens. Reprise >16h
RT @LIGNEL_sncf: #LigneL/#RERA: panne d'un train  #Sartrouville: circulations retenues dans le sens #MaisonL/#ParisSL jusqu'a 16h pour verifications
RT @LIGNEL_sncf: #RERA trafic ralenti suite malaise voyageur  Nation.suppressions ponctuelles et retards 15/20 min jusqu' 14h00.
RT @LeMondeEcoEnt: Aprs un incendie sur le RER C, le trafic sera perturb pendant plus de deux ans  via @lemondefr
RT @LuCaSS_CR7: Journe de merde ! Le bus arrive en retard et en plus de ca on a un accident avec une porche avant darriver au collge ! Bref jen ai marre !
RT @MagloireTim: La tristitude elle aurait eu son accident 20min plus tt j'aurais eu mon bus
RT @MartinuzziJ: Je gre pas encore assez les crneaux je vais encore prendre un peu le tram pour aller en cours
RT @RERA_RATP: 12:45, le trafic est interrompu entre Auber et Nation. Retour  la normale  13:20. (malaise voyageur) #RATP #RERA
RT @RERA_RATP: 13:03, le trafic est ralenti sur la ligne (malaise voyageur) #RATP #RERA
RT @RERA_RATP: 15:37, le trafic est ralenti entre Nanterre-Prefecture et Marne-la-Vallee Chessy (incident technique) #RATP #RERA
RT @RERA_RATP: 15:42, le trafic est ralenti entre Cergy/ Poissy et Marne-la-Vallee Chessy (incident technique) #RATP #RERA
RT @RERA_RATP: 16:02, le trafic est ralenti sur la ligne (incident technique) #RATP #RERA
RT @RERA_RATP: 19:21, le trafic est ralenti sur la ligne (panne de signalisation) #RATP #RERA
RT @RERA_RATP: Ce vendredi matin, Louiza pour vous informer en temps rel sur l'tat du trafic du #RERA. Bon trajet #RATP
RT @RERB: Travaux en cours sur la ligne #RERB jusqu'au 06/09/2014. Pour plus dinformations, .
RT @RERB: Travaux prvus sur la ligne #RERB du 08/09/2014 au 13/09/2014. Pour plus dinformations, .
RT @RER_B: #RERA Auber. Trafic pertub en direction de l'est
RT @RER_B: #RERB Chtelet. Le train qui est  quai, cens tre le SOME12 pour Robinson, n'a pas de mission affiche sur la motrice.
RT @Robin_eme: Mdrrrr a besac a fait 2 jours que le tram y marche y'a dj eu 2 accidents
RT @SUPEROUMAN: Nouvel article du @le_gorafi , trafic perturb sur le RER C pendant deux ans.
RT @Sixtouche: En fait Chacha c'est une cachotire ! Mme pas j'tais au courant, j'ai rien vu du tout en plus !
RT @SwegPom: Clairement Bdx veut pas que je prenne mon train, le tram avait repris, deuxime accident.. Appelez moi pas de bol.
RT @TomekTR: #qml #rera , le trafic est interrompu entre Auber et Nation. Retour  la normale  13:20. (malaise voyageur) #RATP #RERA
RT @TomekTR: RER D : retards 10  15 mn Orry - Villeneuve St G. Panne d'un train de marchandises  proximit d'Orry la Ville #qml #rerd
RT @TweetsSegpa: RTsi t'tai dans le RER ta dis a une meuf-T'vas ou?-la dfense et toi?-A l'attaquexD,Des contrleurs t'ont ject du train en pleine voie
RT @Warda_Rcm: Un jour gt dans le bus une renoi ma traiter de voleuse, j'lui est Rep "toi mme wsh" tout le monde m'a applaudit la RATP m'a offert d ticket
RT @opus__64: Olivier Py qui signe le roman Excelsior, la qute dun architecte courant dans le nuit (Actes Sud) sera Miss Knife demain  20h au #Trianon
RT @tomlinsonxass: J'ai l'impression de plus tre au courant de rien depuis que j'ai repris les cours mdrrrrr ptn.
Rer arrt sur les voies youhouuu je vais louper le b
Retards et trains bonds jusqu'en 2017 pour les 540000 usagers quotidiens du RER C. La rgion doit ragir ! @SML_IDF
Retards et trains bonds pour les usagers du RER C jusqu'en 2017. On aimerait pouvoir compter sur la rgion IdF! #QML
Retour de vacances et dj la remise dans le bain dans le #RER : le B avance au ralenti entre Roissy et GDN et la clim est HS.
Sinon a partir de midi j'avais plus de batterie il s'est teint ce PD d'iPhone du coup pour le bus j'ai trop galre pour avoir l'heure ptdrr
Sinon aujourd'hui j'ai vu une grand-mre courir aprs le tram, j'ai bien ris je vous le dis
Suite  l'accident de #tram  #Besanon des commentaires me sont insupportables un peu de dignit pour les victimes et le personnel du tram
Tests pour l'arme courant mars d'ici l on va s'entraner comme il faut hein #NoPainNoGain
Thomas il me dit plus rien je suis tout le temps la dernire au courant a me gave trop...
Toute a l'heure dans le bus c'tait super loin tous sa a cause des trains.. Sa ma soler on est rester au moins 15 minutes sur place..
Trafic fortement perturb sur la ligne de #rera  16:00 le 05/09 #fedlate en savoir plus sur
Trafic fortement perturb sur la ligne de #rera  16:40 le 05/09 #fedlate en savoir plus sur
Trafic fortement perturb sur la ligne de #rera  20:00 le 05/09 #fedlate en savoir plus sur
Trafic perturb sur la ligne de #rerb  08:00 le 05/09 #fedlate en savoir plus sur
Trafic perturb sur la ligne de #rerb  09:40 le 05/09 #fedlate en savoir plus sur
Travaux en cours sur la ligne #RERB jusqu'au 06/09/2014. Pour plus dinformations, .
Travaux prvus sur la ligne #RERB du 08/09/2014 au 13/09/2014. Pour plus dinformations, .
Vasy mon frre il ma fait courir 2 km pour avoir le tram j'tais pas prte
Viens d'apprendre au dernier moment que j'aurai des cours dans 3 facs cette anne, deux dans Paris, une  Nanterre. #meufaucourant #RERA
Y'a dj eu un accident de tram'zer
Ya des 2nd dans mon bus je les coutes ils critiquent les 3me ils disent c'est des gamins ils ont un an de plus tsais mdr ils me font rire!
bon vu le nombre de personne qui ont plus cours le samedi a devrait aller demain avec les bus j'espre
ce que je comprends Nathan fait bien rire la galerie au collge, maman sera au courant :3
jetais a homme de fer et une meuf elle courait apres le tram et elle la pas eu apres elle pleurer et ta son gars il cru tqt yen a un autre
mon pre il m'raconte un truc j'lui dis "t'es au courant que a 3 fois que tu m'le dis" il me rpond "non j'suis  l'lectricit".......
