"@RERA_RATP: 20:09, le trafic est ralenti sur la ligne (panne de matriel) #RATP #RERA"
"Trafic fortement perturb sur le RER A pour cause d'avarie (problme lectrique)  Nanterre - Prfecture"
"Trafic perturb" je veux juste mon RER pour rentrer chez moi svp j'suis fatigue de ma journe de travail la :(
#QML #RERC : Trafic ralenti dans Paris jusqu' 14h30 (Personnes sur les voies  BFM)
#QML le trafic est ralenti entre Boissy-Saint-Leger et St-Germain-en-L. (incident technique) #RATP #RERA
#RERA #KO: le trafic est interrompu sur les branches Cergy et Poissy dans les deux sens
#RERA #RATP pb trafic depuis 18h. enfin 1 train, demande 1 place et 1 mec me rpond : dans 1min! il ne s'est jms leve et je suis enceinte
#RERA : La Dfense - Cergy/Poissy ralenti le trafic reprend Un allongement du temps de trajet est  prvoir jusqu'  22h00 environ. #QML
#RERA trafic interrompue  la dfense. Un soire normale pour in banlieusard qui rentre du travail
#RERA: chute de catnaire. Trafic interrompu direction Cergy et Poissy. Avec le @RERA_RATP c'est Nol tous les jours ! #overdose #cap2015
#RERA: l'agression d'un voyageur sur un train RER en gare d'#Achres occasionne des retards de 10/35mins axes #Cergy/#Poissy et L>#NanterreU
#RERB le trafic se perturb se voit surtout dans le nombre de personne dans le RER Les gens prennent plus de vacance
#RerA on en parle de l'interruption de trafic entre Nanterre et #Cergy #Poissy.... Merci la #SNCF pas un jour sans incident...
#TaoInfotrafic #LigneA Reprise progressive de la circulation sur la ligne A. Trafic fortement perturb. Bus de remplacement en place.
#qml : 07:54, le trafic est perturb sur la ligne (colis suspect) #RERB"
#rerB un train avec un problme rcurent de portes qui ne ferment pas et qui circule quand mme
#rera @galeRERAfr avarie matriel annonce  Nanterre Prf. train pour Cergy (et suivants) retenu  Etoile 18h30
#rera Train immobilis par agression dun voyageur  .. On en parle sur
.@rerb_monamour @RERB @Colis_Suspect le chauffeur de mon RER vient de citer le bourget pour le colis, du coup terminus Laplace RER
/Mitry Claye. Trafic normal sur les autre lignes de RER. [2/2]
00. Trafic normal sur les autre lignes de RER. [2/2]
07:20, le trafic est perturb de St-Remy / Robinson vers Aeroport CdG 2 / Mitry - Claye (colis suspect) #RERB
07:54, le trafic est perturb sur la ligne (colis suspect) #RERB
08:35, le trafic est ralenti entre Boissy-Saint-Leger et St-Germain-en-L. (incident technique) #RATP #RERA
09:13, le trafic est ralenti sur la ligne (incident technique) #RATP #RERA
12:01, le trafic est interrompu entre Auber et Nation (colis suspect) #RATP #RERA
12:14, le trafic est interrompu entre Auber et Nation (colis suspect) #RATP #RERA
12:25, le trafic est interrompu entre Etoile et Nation (colis suspect) #RATP #RERA
12:58, le trafic est interrompu entre Etoile et Nation (colis suspect) #RATP #RERA
13:00, le trafic est ralenti sur la ligne (colis suspect) #RATP #RERA
15h30. Trafic normal sur les autre lignes de RER. [2/2]
18:30, le trafic est interrompu entre La Defense (Grande Arche) et Cergy/ Poissy (panne de matriel) #RATP #RERA
20" d'attente pour un train vers #Boissy, celui qui s'arrete  #LaVarenne pouvait pas continuer 2 stations de plus ? @RERA_RATP #BonsARien
20:00, le trafic est interrompu entre SUZANNE VALADON et GARGES-SARCELLES RER. Retour  la normale  22:00. (panne de matriel) #RATP #T5
20:09, le trafic est ralenti sur la ligne (panne de matriel) #RATP #RERA
@Addicted_Books le tournage est prvu courant 2015 donc logiquement a sera pour 2016. Y a toujours environ 2 ans entre chaque saison :/
@Athar42000 @CMCnd ouais c'est a, wait and see, de toute faon si a part en sucette on sera vite au courant
@ChristalHope_ Moi aussi je l'tais quand il est rentr en traversant le bureau en courant jusqu'aux WC mais on a pas os rire devant lui ^^
@Clevinn15 donc 30 ans aprs, tu apprends que le trafic est limit  une gare, mais a ne veut pas dire que RIEN ne doit rouler #ratp #rerA
@Dr_Boree Mouhahaha, c'est moi qui ai appris la nouvelle  @bulbe31 qui n'tait pas au courant Samedi ! Faut qu'ils refassent leur stock.
@El_Guigz imagine premire ruelle au PDS, une fille traverse en courant, je la renverse et c'tait miss Reblochon du Fods ://
@FrancoisGallen Ok je te tiens au courant , la veille de match sera srement au Moustoir quand mme
@JessicaRPG *s'en va en courant sans prevenir vers l'entre du lyce*
@JessicaRPG Mme par surprise ? *rit et commence a partir en courant vers la porte du lyce*
@JujuLaMouette @RERA_RATP Bonjour, oui mais le trafic sera perturb jusqu' 21h environ.
@KingWilson_x mais a me fait rire, et quand Thea est au tlphone et que Barry passe en courant devant elle elle comprend rien
@LIGNEL_sncf @RERA_RATP avez vous prvu des trains  St Lazare direction Cergy aprs 20h30??...
@LIGNEL_sncf dernire question. Le ligne L Cergy circulera-t-il tant que le #rera est coup ?
@Laurawlff faut arrter aussi pcq elle veux envoyer sont mec donc mon cousin, qui est mme pas au courant de l'embrouille Lucyle
@LeaRold mais attend samedi ils taient pas ensemble.Putain mais moi je suis tjrs la dernire au courant alors qu'ils sont dans ma class *-*
@LilyTerria J'me suis rveill a11h aprs On a pris le bus avec Mer pour aller en cours, c'tait tellement long  a ne plus re faire x)toi?
@LouisePlanson Je te ferai un cours un matin dans le bus
@LunaSparksRPG *explose de rire* Tu n'es donc pas au courant ?
@MonstermentGaga j'tait mme pas au courant j'avais mis mon tlphone en "ne pas dranger" donc j'ai pas reues les notifs ptn
@OxyzOveR @OxyZ_Community @Aurelien_mlt @OxyZAzaaY Okey gros, oas de problme retiens moi au courant quand tu sera chez toi ! ;)
@RERA_RATP @LIGNEL_sncf Et du coup pour fter tous ces incidents, augmentation de l'abonnement au 1er janvier ? #qml
@RERA_RATP C'est normal que le train soit retard  Chessy? Merci de me faire riquer perdre mon vol :)
@RERA_RATP J'en doute fortement dans la mesure o le trafic est trs trs ralenti (je vous laisse lancer les ds pour trouver un motif).
@RERA_RATP Trafic rtabli ?
@RERA_RATP a repart pour les trains direction Cergy
@RERA_RATP colis suspect . Trafic interompu et aucune solution de rechange , service publique de la honte .
@RERA_RATP du coup a serait sympa de faire arrter les trains  toute les stations histoire de pas nous laisser attendre sur le quai non ?
@RERA_RATP et pq aucun train direction de Cergy ?
@RERA_RATP ralenti? Doux euphmisme...
@RERA_RATP suite a une tres mauvaise gestion du traffic vouz n'aurez jamais un trafic regulier .
@RERA_RATP un bon 20 mn pour decider de faire partir les train a nation dans l'autre sens . Ca reagit "vite"pour un probleme recurent
@RERD_SNCF @litigiste et pour avoir un train  l'heure quel est le service vers lequel se tourner ??? #rerd #qml
@RERD_SNCF Merci. Donc 2 RER par heure... c'est chaud, une chance sur 2 de rater le train ensuite quoi... #ServicePublic
@RERD_SNCF Super, donc je repose ma question : a-t-on enfin les horaires des trains Sud->Paris pour les 3 jours  venir qqpart sur le site ?
@RERE_SNCF Que cela veut il dire ? Pas assez de trains disponibles ? Pas une raison acceptable surtout vu l'obligation de moyen de la SNCF
@RehaneeA @florille @Juju130508 bah de toute faon il sera au courant donc voil
@SofianeSafir a cours d'arguments dsolez mes sincre salutations distingue. A plus dans le bus
@StephaneDSS @RERA_RATP Bonjour, la SNCF communiquera sur les travaux Castor largis dans le courant du 1er trimestre 2015. Bonne journe
@TAObustram a quand un retour a la normal du trafic ligne A,pour @kevadamsss au zenith sa sera bn ou pas ?
@WhiteKumaaa @RERC_SNCF Non, La Poste a gnralement tendance  perdre les colis. La SNCF ne perd pas ses trains :)
@____nolimit Ok, je te passerais les liens du site/blog du nouveau Priodico une fois que a sera cr de sorte que tu soit au courant ^^
@__matouffe mais Mathis t'es au courant je t'aimais bien jusque l donc ruine pas a en achetant ces chaussures en + j'suis sre t'aime pas
@claimeclaime @guefine @RERA_RATP Bonjour, les trains des lignes A et L utilisent les mmes voies de Nanterre U  Cergy le Haut.
@danayouth - moments l... Comme si il tait au courant tsais!(ou quand il passe que des chansons qui font bader "eh frre tu veux mourir?")
@ebuilly A voir, je serai fix dans quelques jours. Je te tiendrais au courant de toute facon
@francepierre Nous comprenons, et vous serez le premier au courant quand G+ sera intgr dans Over-Graph ! Merci encore !
@galeRERAfr faut-il attendre le 29/02 pour que le RER A fonctionne normalement !!!!! Pas 1 jour sans interruption de traffic !
@galererafr @rera_ratp Trafic interrompu sur Cergy Poissy jusqu' 20h30. Annonce de quai "Prenez un autre itinraire!"
@guefine @claimeclaime @RERA_RATP Trafic perturb suite  un pb lectrique + un train bloqu  Nanterre Pref. Quelle est votre question?
@hogwarthur Pour moi a le serait je pense car c'est  ton insu et donc, tu n'es pas forcment d'accord ni au courant que cela se passe.
@hurtstolive @LoveAndMistake -courant quand ma mre dit  table)
@jolieculotte le 4 ou vers ces jours la je crois, ok je te tiendrai au courant alors!
@kyvandoan @RERC_SNCF A condition que les colis n'aient pas de retards comme les trains :p
@mbanfui COMMENT A ON NE TOLRE RIEN? TU ES SERIEUX? LES GENS SUBISSENT LES COUPURES DE COURANT ET D'EAU TOUS LES JOURS. LES ROUTES...
@momoladingue1 @Lit_a_Nice @Gars_Et_Temps @inexistznte T'es au courant que toute la france te chie dessus et baise ton pre quand mme ?
@selimmuse Bh si, comment je serais pas au courant tout le monde en parle. Juste je me disais que a pouvait arriver qu'aux autres, mais non
@setramlemans serait-il possible d'avoir UNE SEULE ET VRAIE version des horaires de la ligne 18 ? J'en ai marre de courir derrire le bus
@spencerRpgcs *Elias vient vers vous en courant* eh Elias, cours pas trop vite, tu vas m'puiser *rit un peu*
@ucanflyaway_ Pire mme ! Dj  part ma mre et mon bp personne est au courant.. Donc un stress en plus. Mme lui il compte les jours. MDR
Accrochez-vous ! Le trafic est toujours perturb sur la ligne #RERB ! Retour  la normale  9h #KO
Attention ! Les horaires des trains sont modifis sur l'ensemble de la ligne #RERD #KO. Retour  la normale  21h30
Attention ! Trafic interrompu entre Auber et Nation dans les deux sens #RERA #KO
Attention ! Trafic ralenti sur la ligne #RERA entre Boissy-Saint Leger et St-Germain-en-L. #BOF
Au moins je serai toujours au courant des nouveau noms de @lemairecolas
Bonjour, Paco vous souhaite un bon trajet sur le #RERA, et vous informe de l'tat du trafic #RATP.
Bourges- Le rseau de bus fortement perturb demain pour cause de grve. Infos trafic au 0 800 007 009 ou
C'est dj Nol sur le @RERA_RATP : moins de train alors que les horaires amnags ne sont en thorie prvus que du 25 dec au 1er janv. #qml
C'est les surs qui portent les voilent que les keufs veulent dvisager , normal que les frres me tiennent au courant ils se sont fait taz
Ca en est o le traffic du #RERA en direction de Cergy/Poissy depuis la Dfense ? Quelqu'un a des infos ?
Certain kif leur voiture, les siges le volant...moi c le train, metro, rer, les couloirs, paysage, foule, dcor, hip hop, graf tag, mixit
Colis suspect sur la ligne Mitry-Claye du #RERB #RATP ! Trafic perturb !,Merde, surveillez vos #bagages !
Coucou @RERD_SNCF, a-t-on enfin les horaires des trains vers Paris pour les 3 jours  venir qqpart sur le site ? #LEspoirFaitVivre
Courage  toi, usager du #RERA  #qml "@RERA_RATP: 20:09, le trafic est ralenti sur la ligne (panne de matriel) #RATP (...)"
DERNIRE MINUTE - Trafic fortement perturb sur le @RERA_RATP >>  "
De toute faon faut je me trouve un copain que personne connait et personne sera au courant  part deux potes en qui j'ai confiance.
Dsoler mais quand t'as des problmes aussi grave tes parents et frre et soeur son au courant
Encore une panne lectrique entre Nanterre et Cergy le Haut ! Youpi ! #RERA
Et encore une fois je vais louper mon bus  cause d'un tram qui respecte pas ses horaires. Je vais pter un cble je crois.
Grosse merde sur le #rera mais miracle, la panne de courant de Nanterre ne touche que cergy poissy. Les bourges sont donc encore pargns !
Il est 15:35 et le trafic est normal sur l'ensemble des lignes de RER
Il est 15:39 et le trafic est normal sur l'ensemble des lignes de RER
Il est 21:51 et le trafic est normal sur l'ensemble des lignes de RER
Il est 21:52 et le trafic est normal sur l'ensemble des lignes de RER
Il tait temps ! Enfin un trafic normal sur toute la ligne #RERD #OK
Infotrafic #RERC : Trafic ralenti dans Paris jusqu' 14h30 (Personnes sur les voies  BFM)
Infotrafic #RERD : Trafic ralenti sur toute la ligne (pb de signalisation). Les trains suivants sont modifis:
J'ai pas envie de fter Nol ptn faites que je sois malade, qu'une voiture ou un train ou un camion ou un bus me passe dessus
Je dpose ma mre  un magasin et attend dans la voiture tranquillement, quand je vois 2 roumaine sortir en courant avec des plastiques..
Je ne comprends pas pourquoi je mets entre 50min et 1h15 pour rentrer chez moi quand "trafic normal" est affich, hein @RERB ?
L'infotrafic RER C: trafic ralenti dans Paris. 13:46 #rerC -
La carte des trains et RER en service la nuit du nouvel an 2015.  3/ #qml #afdl
Le @RERB commence les festivits de Nol avec un trafic perturb avant mme que 8 heures ne sonnent. Bravo. #QML
Le bus arrive dans 10 minutes,j'espre que le trafic est bon jusqu' l'aroport et qu'elle aura pas  m'attendre..
Le conducteur #ratp nous a annonc l'arrt du trafic sur #rera en criant #AllahAkbar
Le trafic reprend sur le #rera #qml Joyeux Nol !
Le train #Poissy <- #Paris reste  quai en gare de #Sartrouville #qml 18h12 #rerA en zone #SNCF ralenti.
Les 12 tontons et tatas , 10 cousins , cousines . Bref je serai au courant 5 h aprs , et puis le papa a d'autre chose  foutre nan ?! 2/2
Les horaires des trains sont modifis sur l'ensemble de la ligne #RERD #BOF
Les mecs devaient nous tenir ai courant si ils faisaient des plans donc ou il sont en galre ou ils nous ont trahit ces PD
Les soldes c'est un mercredi c'est parfait comme a aprs les cours a 11h30 j'bouge direct a Val d'Europe et ensuite sur Paris en RER.
Lol quand j'entend ma mre dire a ma soeur "t'faon je vais envoyer Fiona demain a Gonesse ..." nn mais mdr lol jsuis pas au courant
Ma carte. En gage. Pour tre sre que je parte pas en courant sans payer. #lol
Ma mere m'a enferme dans la voiture genre jvais partir en courant sur l'autoroute
Ma mre qui me dis-Oh ! C'est pas plus mal la neige ap les vacances comme a t'iras pas en cours a la rentre sans bus..,Je t'aime maman
Ma mre qui me prend rdv chez le medecin mais pour lesquel je ne suis pas au courant... Si ce n'est  l'heure du rdv. C'est normal
Maman quand elle se rveille la premire faut que tout le monde soit au courant tchip Bonjour
Merci encore @RERA_RATP de me faire arriver en retard au boulot. Ca fait 40 min que j'attends un train pour Cergy. #RERA #toujoursunpb
Meteo du #RER (#ratp) : KO () 22/12/2014 a 07:25 Trafic normal sur l'ensemble ...
Meteo du #RER (#ratp) : OK () 22/12/2014 a 15:41 Trafic normal sur l'ensemble ...
Meteo du #RER (#ratp) : OK () 22/12/2014 a 21:57 Trafic normal sur l'ensemble ...
Mieux vaut tard que jamais ! Trafic rtabli sur toute la ligne #RERA #OK
Mike Colter est Luke Cage et sera dans la srie " Marvel's A.K.A. Jessica Jones" qui arrivera courant 2015 sur...
Mme quand on sera en Espagne, je serai la premire au courant.
Mme, Mr, en raison des vacances d'une bonne partie du personnel de la @RERA_RATP, le trafic est perturb sur l'ensemble de la ligne #Truth
Mon frre il appel toute ma famille il dit on se retrouve chez ma mamie, ma mamie elle est mme pas au courant msk.
Mtro Ligne 12 En raison d'un incident voyageur  Notre-Dame-des-Champs, le trafic est ralenti sur l'ensemble de la ligne. Tra [1/2]
Mtro Ligne 12 En raison d'un voyageur malade  Pigalle, le trafic est ralenti en direction de Front Populaire. Trafic normal s [1/2]
Mtro Ligne 12 En rpercussion d'un incident voyageur, le trafic est ralenti sur l'ensemble de la ligne. Trafic normal sur les [1/2]
Mtro Ligne 12 En rpercussion d'un voyageur malade, le trafic est ralenti en direction de Front Populaire. Trafic normal sur l [1/2]
Mtro Ligne 2 En raison d'un voyageur malade  Blanche, le trafic est ralenti en direction de Porte Dauphine. Trafic normal sur [1/2]
Mtro Ligne 2 En rpercussion d'un voyageur malade, le trafic est ralenti en direction de Porte Dauphine. Trafic normal sur les [1/2]
Mtro Ligne 2 En rpercussion d'un voyageur malade, le trafic est ralenti sur l'ensemble de la ligne. Trafic normal sur les aut [1/2]
Mtro Ligne 4 En raison d'un incident technique , le trafic est ralenti sur l'ensemble de la ligne. Trafic normal sur les autres [1/2]
Mtro Ligne 4 En rpercussion d'un voyageur malade , le trafic est ralenti sur l'ensemble de la ligne. Trafic normal sur les au [1/2]
Mtro Ligne 4 En rpercussion d'un voyageur malade , le trafic ralenti sur l'ensemble de la ligne. Trafic normal sur les autres [1/2]
Mtro Ligne 6 En raison d'un malaise voyageur  Dupleix, le trafic est ralenti en direction de Nation. Trafic normal sur les au [1/2]
Mtro Ligne 6 En rpercussion d'un malaise voyageur,le trafic est ralenti sur l'ensemble de la ligne. Trafic normal sur les aut [1/2]
Normal qu'les freres m'tiennent o courant i se sont fait taz
On met l'accent sur l'accident des autres mais on prend des pincettes pour annoncer les "dsquilibrs" chez nous H on est au courant !
On relaie l'info ici, au cas o vous ne seriez pas au courant. Du gratuit  vous mettre sous la dent, - via...
On sera sera sur Paris en fin daprem, je vous tiendrais au courant des que skyy arrtera de dodo et de me dire "grosse pute" quand il dort
Oups ! Trafic interrompu entre Charles de Gaulle Etoile et Nation dans les deux sens jusqu' 13h30 #RERA #KO
Oups, trafic ralenti sur la ligne #RERD #BOF
Panne : pas de #RERA pour Cergy. Donc plus de trains  St Lazare? Non des suppressions! Logique. #sncf
Passer par le march de nol vers Perrache et pousser tout le monde pour voir son train annul et devoir rentrer en bus...
Pk quand il spasse un truc jsuis toujours la dernire au courant
Premire fois de ma vie je cours pas pour aller  l'arrt de bus.
Quand le mec tag le train au veleda devant tout le monde. Une rame neuve et descend vite fait. Qu'elle socit de merde. #rerA #qml #Ecoeur
Quand mon petit frre entend une chanson des boys il m'appelle en courant aha
Quand ta mre te demande ton appareil photo alors que a fait 1 ans et demi qu'il est cass et elle toujours pas au courant c'est chaud..
RER A En raison d'un incident affectant la voie  La Varenne Chennevires, le trafic est ralenti entre Saint Germain en Laye e [1/2]
RER A En raison de la prsence d'un bagage abandonn  Auber, le trafic est interrompu entre Charles de Gaulle Etoile et Natio [1/2]
RER A En rpercussion d'une panne de matriel, le trafic est ralenti sur l'ensemble de la ligne .
RER A En rpercussion d'une panne de matriel, le trafic est ralenti sur l'ensemble de la ligne . Trafic normal sur les autres [1/2]
RER A En rpercussion de divers incidents, le trafic est ralenti sur l'ensemble de la ligne.
RER A En rpercussion de divers incidents, le trafic est ralenti sur l'ensemble de la ligne. Trafic normal sur les autre lignes de RER.
RER A En rpercussion de la prsence d'un bagage abandonn, le trafic est ralenti sur l'ensemble de la ligne. Trafic normal su [1/2]
RER B En raison d'un bagage abandonn  Le Bourget, le trafic est perturb en direction de Aroprt Charles de Gaulle/Mitry Cl [1/2]
RER B En raison d'un bagage abandonn en gare de Le Bourget, le trafic est perturb en direction de Aroport Charles de Gaulle [1/2]
RER B En rpercussion d'un bagage abandonn en gare de Le Bourget, le trafic est perturb sur l'ensemble de la ligne. Trafic n [1/2]
RER C En raison de voyageurs sur la voie, le trafic est ralenti de 10  20 mn sur l'ensemble de la ligne.Retour  la normale  [1/2]
RER D En raison d'une panne de signalisation, le trafic est ralenti sur l'ensemble de la ligne. Trafic normal sur les autres lig [1/2]
RT @Anti_RERB: Le @RERB commence les festivits de Nol avec un trafic perturb avant mme que 8 heures ne sonnent. Bravo. #QML
RT @AudreyBoschat: #RERA #RATP pb trafic depuis 18h. enfin 1 train, demande 1 place et 1 mec me rpond : dans 1min! il ne s'est jms leve et je suis enceinte
RT @Beuh_Noix_: @momoladingue1 @Lit_a_Nice @Gars_Et_Temps @inexistznte T'es au courant que toute la france te chie dessus et baise ton pre quand mme ?
RT @ChelxieEC: On sera sera sur Paris en fin daprem, je vous tiendrais au courant des que skyy arrtera de dodo et de me dire "grosse pute" quand il dort
RT @Cineblogywood: Panne : pas de #RERA pour Cergy. Donc plus de trains  St Lazare? Non des suppressions! Logique. #sncf
RT @DJFATALIS: Colis suspect sur la ligne Mitry-Claye du #RERB #RATP ! Trafic perturb !,Merde, surveillez vos #bagages !
RT @Denis91230: @RERD_SNCF @litigiste et pour avoir un train  l'heure quel est le service vers lequel se tourner ??? #rerd #qml
RT @Dje9206: .@rerb_monamour @RERB @Colis_Suspect le chauffeur de mon RER vient de citer le bourget pour le colis, du coup terminus Laplace RER
RT @Fedlate: Trafic fortement perturb sur la ligne de #rerb  08:40 le 22/12 #fedlate en savoir plus sur
RT @Feucherolles: Le conducteur #ratp nous a annonc l'arrt du trafic sur #rera en criant #AllahAkbar
RT @GeeKroniques: Soire apocalypse avec @RERA_RATP ! Plus de trains Cergy/Poissy ! Du coup, tout le monde se rabat sur Nanterre U ou le quai est blind !!
RT @Imaaaine_Smith: Quand mon frre il me parle j'aime trop lui dire "t'es au courant que je m'en fout ?" Aprs il me parle plus
RT @Ines_armi: Svp la dernire fois dans le bus Chlo et moi on coutais "sous l'ocan" de la petite sirne c'est le genre de sons qu'on coute en rentrant
RT @JujuLaMouette: #RerA on en parle de l'interruption de trafic entre Nanterre et #Cergy #Poissy.... Merci la #SNCF pas un jour sans incident...
RT @KDuvivier: Trafic ralenti : colis suspect dans le #RERA. Une personne sur la voie #RERC.
RT @Kmillephilibert: #rerB un train avec un problme rcurent de portes qui ne ferment pas et qui circule quand mme
RT @LIGNEL_sncf: #RERA: l'agression d'un voyageur sur un train RER en gare d'#Achres occasionne des retards de 10/35mins axes #Cergy/#Poissy et L>#NanterreU
RT @LaPtiteElice: Rsumons : rendormie 45 min, colis suspect, omnibus, #lundi. Heureusement, vous tes en vacances et les trains sont vides. #RERB #qml
RT @LeSgai2: @galererafr @rera_ratp Trafic interrompu sur Cergy Poissy jusqu' 20h30. Annonce de quai "Prenez un autre itinraire!"
RT @MappyCity: #RERA #KO: le trafic est interrompu sur les branches Cergy et Poissy dans les deux sens
RT @MappyCity: Attention ! Trafic interrompu entre Auber et Nation dans les deux sens #RERA #KO
RT @MappyCity: Trafic impeccable sur toute la ligne #RERC #OK
RT @MarieAdeM: #RERA: chute de catnaire. Trafic interrompu direction Cergy et Poissy. Avec le @RERA_RATP c'est Nol tous les jours ! #overdose #cap2015
RT @Mouville: Ca en est o le traffic du #RERA en direction de Cergy/Poissy depuis la Dfense ? Quelqu'un a des infos ?
RT @NicolasG_PERSO: Le train #Poissy <- #Paris reste  quai en gare de #Sartrouville #qml 18h12 #rerA en zone #SNCF ralenti.
RT @NicolasG_PERSO: Quand le mec tag le train au veleda devant tout le monde. Une rame neuve et descend vite fait. Qu'elle socit de merde. #rerA #qml #Ecoeur
RT @NicolasG_PERSO: Trafic fortement impact branche #Poissy. #rerA #qml #sncf 18h19.
RT @NicolasG_PERSO: Trafic stopp direction ouest depuis #Sartrouville #rerA 18h05 #qml
RT @NicolasG_PERSO: Train #Cergy <- #Paris rentre en gare de #Sartrouville et repart #qml 18h19 #rerA en zone #SNCF perturb sans explications.
RT @NicolasG_PERSO: Train #Poissy <- #Paris gare de #Sartrouville #qml 18h21 #rerA en zone #SNCF perturb. 0 explications. Dpart.
RT @NicolasG_PERSO: Train #Poissy <- #Paris reste  quai en gare de #Sartrouville #qml 18h14 #rerA en zone #SNCF ralenti.
RT @NicolasG_PERSO: Train #Poissy <- #Paris reste  quai en gare de #Sartrouville #qml 18h15 #rerA en zone #SNCF trs perturb.
RT @NicolasG_PERSO: Train #Poissy <- #Paris reste  quai en gare de #Sartrouville #qml 18h16 #rerA en zone #SNCF perturb.
RT @NicolasG_PERSO: Train #Poissy <- #Paris reste  quai en gare de #Sartrouville #qml 18h17 #rerA en zone #SNCF perturb sans explications.
RT @NicolasG_PERSO: Train #Poissy <- #Paris reste  quai en gare de #Sartrouville #qml 18h17 #rerA en zone #SNCF perturb sans explications. Depuis 12 min.
RT @NicolasG_PERSO: Train #Poissy <- #Paris reste  quai en gare de #Sartrouville #qml 18h18 #rerA en zone #SNCF perturb sans explications.
RT @NicolasG_PERSO: Train #Poissy <- #Paris reste  quai en gare de #Sartrouville #qml 18h19 #rerA en zone #SNCF perturb sans explications.
RT @NicolasG_PERSO: Train #Poissy <- #Paris reste  quai en gare de #Sartrouville #qml 18h20 #rerA en zone #SNCF perturb sans explications.
RT @NicolasG_PERSO: Train #Poissy <- #Paris reste  quai en gare de #Sartrouville #qml 18h21 #rerA en zone #SNCF perturb sans explications.
RT @OnMaApplaudi: Le chauffeur du bus a ralenti par ce qu'une beurette traversait, je lui ai dis azi passe c'est orange, on m'a applaudit, j'ai roul l'bus
RT @Poupouna2507: #RERB le trafic se perturb se voit surtout dans le nombre de personne dans le RER Les gens prennent plus de vacance
RT @Prmnr: 1er jour des vacances. RT @RERA_RATP: 12:01, le trafic est interrompu entre Auber et Nation (colis suspect) #RATP #RERA
RT @RERA_RATP: 08:35, le trafic est ralenti entre Boissy-Saint-Leger et St-Germain-en-L. (incident technique) #RATP #RERA
RT @RERA_RATP: 09:13, le trafic est ralenti sur la ligne (incident technique) #RATP #RERA
RT @RERA_RATP: 12:01, le trafic est interrompu entre Auber et Nation (colis suspect) #RATP #RERA
RT @RERA_RATP: 12:14, le trafic est interrompu entre Auber et Nation (colis suspect) #RATP #RERA
RT @RERA_RATP: 12:25, le trafic est interrompu entre Etoile et Nation (colis suspect) #RATP #RERA
RT @RERA_RATP: 12:58, le trafic est interrompu entre Etoile et Nation (colis suspect) #RATP #RERA
RT @RERA_RATP: 13:00, le trafic est ralenti sur la ligne (colis suspect) #RATP #RERA
RT @RERA_RATP: 18:30, le trafic est interrompu entre La Defense (Grande Arche) et Cergy/ Poissy (panne de matriel) #RATP #RERA
RT @RERA_RATP: 18:43, trafic interrompu  partir de La Dfense en direction de Cergy-Le Haut / Poissy.
RT @RERA_RATP: 20:09, le trafic est ralenti sur la ligne (panne de matriel) #RATP #RERA
RT @RERA_RATP: Bonjour, Paco vous souhaite un bon trajet sur le #RERA, et vous informe de l'tat du trafic #RATP.
RT @RERA_RATP: Retour  un trafic rgulier sur l'ensemble de la ligne #RERA #RATP. Incident termin.
RT @RERA_RATP: Un second bagage suspect se trouve galement  Auber.Le trafic est interrompu entre Nation et Charles-de-Gaulle Etoile. #RATP #RERA
RT @RERB: 07:20, le trafic est perturb de St-Remy / Robinson vers Aeroport CdG 2 / Mitry - Claye (colis suspect) #RERB
RT @RERB: 07:54, le trafic est perturb sur la ligne (colis suspect) #RERB
RT @RERB: Bjr @ClemGwen, un colis suspect en gare du Bourget entrane des perturbations sur la ligne. Il a t trait par le service de dminage
RT @RERB: Retour  un trafic rgulier sur l'ensemble de la ligne #RERB. Incident termin.
RT @RERC_SNCF: Infotrafic #RERC : Trafic ralenti dans Paris jusqu' 14h30 (Personnes sur les voies  BFM)
RT @RERD_SNCF: Bonjour @litigiste, oupr retrouver un objet perdu dans un train ou une gare, vous pouvez utiliser notre le service :
RT @SabrinaKah: Courage  toi, usager du #RERA  #qml "@RERA_RATP: 20:09, le trafic est ralenti sur la ligne (panne de matriel) #RATP (...)"
RT @Shroum: Ma carte. En gage. Pour tre sre que je parte pas en courant sans payer. #lol
RT @Stefpadmonac: Grosse merde sur le #rera mais miracle, la panne de courant de Nanterre ne touche que cergy poissy. Les bourges sont donc encore pargns !
RT @TomekTR: #QML le trafic est ralenti entre Boissy-Saint-Leger et St-Germain-en-L. (incident technique) #RATP #RERA
RT @TomekTR: #RERA : La Dfense - Cergy/Poissy ralenti le trafic reprend Un allongement du temps de trajet est  prvoir jusqu'  22h00 environ. #QML
RT @TomekTR: #qml : 07:54, le trafic est perturb sur la ligne (colis suspect) #RERB"
RT @VR_Bourges: Bourges- Le rseau de bus fortement perturb demain pour cause de grve. Infos trafic au 0 800 007 009 ou
RT @Val_Obit: Merci encore @RERA_RATP de me faire arriver en retard au boulot. Ca fait 40 min que j'attends un train pour Cergy. #RERA #toujoursunpb
RT @WMyWay_Mobile: RER A En raison de la prsence d'un bagage abandonn  Auber, le trafic est interrompu entre Charles de Gaulle Etoile et Natio [1/2]
RT @_chimerique: De toute faon faut je me trouve un copain que personne connait et personne sera au courant  part deux potes en qui j'ai confiance.
RT @alexisandre92: Trafic perturb sur RER A en ce lundi matin. Pour changer... #qml
RT @claimeclaime: @RERA_RATP @LIGNEL_sncf Et du coup pour fter tous ces incidents, augmentation de l'abonnement au 1er janvier ? #qml
RT @editionsvoyel: On relaie l'info ici, au cas o vous ne seriez pas au courant. Du gratuit  vous mettre sous la dent, - via...
RT @faddeii: Vridique ! Sans les mdias ! Personne ne serait au courant de l'crasement premier du nom et donc aucune imitation possible par la suite
RT @galeRERAfr: #rera Train immobilis par agression dun voyageur  .. On en parle sur
RT @guefine: @LIGNEL_sncf dernire question. Le ligne L Cergy circulera-t-il tant que le #rera est coup ?
RT @guefine: Le trafic reprend sur le #rera #qml Joyeux Nol !
RT @habbygaelle: #rera @galeRERAfr avarie matriel annonce  Nanterre Prf. train pour Cergy (et suivants) retenu  Etoile 18h30
RT @hellmantica: C'est dj Nol sur le @RERA_RATP : moins de train alors que les horaires amnags ne sont en thorie prvus que du 25 dec au 1er janv. #qml
RT @maximelb56: mon frere quand il voit les flics qui lui demande de sarrter , bah lui il acclre et se cache chez mon tonton sans qu il sois au courant
RT @mstrasser_: Donc si j'essaye de bien rsumer.1 train pour Sevran rat4 trains pour l'autre contre.Marre d'attendre sans arrts ;),#RERB
RT @rasbalachinty: #RERA trafic interrompue  la dfense. Un soire normale pour in banlieusard qui rentre du travail
RT @squarasolene: Mais je les aime bien quand mme. Et puis si Thevenin savait garder ou rien que ACCEPTER un mec on serait au courant
Ralenti ? Srieux ? RT @RERA_RATP: 20:09, le trafic est ralenti sur la ligne (panne de matriel) #RATP #RERA"
Rappel: les horaires des trains sont modifis sur l'ensemble de la ligne #RERD #BOF
Retour  un trafic normal sur l'ensemble de la ligne #RERA #OK
Retour  un trafic rgulier sur l'ensemble de la ligne #RERA #RATP. Incident termin.
Retour  un trafic rgulier sur l'ensemble de la ligne #RERB. Incident termin.
Rsumons : rendormie 45 min, colis suspect, omnibus, #lundi. Heureusement, vous tes en vacances et les trains sont vides. #RERB #qml
Sa m'fait trop rire les gens qui cours apres le bus et qu'il le rate ptdrrrr
Sauvs ! Trafic rtabli au niveau de la ligne #RERA #OK
Si un jour je rencontre Harry, la premire chose que je lui dirais a sera a. Il va me juger, se foutre de ma gueuler et partir en courant.
Soire apocalypse avec @RERA_RATP ! Plus de trains Cergy/Poissy ! Du coup, tout le monde se rabat sur Nanterre U ou le quai est blind !!
Suite  un colis suspect sur la ligne #RERB, le trafic est perturb de St-Remy / Robinson vers Aeroport CdG 2 / Mitry - Claye #BOF
Thaleur jetais dns le bus et y'avait un arabe en face de moi. Il lui dit "H frere j'suis  cours de vincennes " Il tait encore  Gambetta.
Trafic fortement impact branche #Poissy. #rerA #qml #sncf 18h19.
Trafic fortement perturb sur la ligne de #rera  09:00 le 22/12 #fedlate en savoir plus sur
Trafic fortement perturb sur la ligne de #rera  09:40 le 22/12 #fedlate en savoir plus sur
Trafic fortement perturb sur la ligne de #rera  12:20 le 22/12 #fedlate en savoir plus sur
Trafic fortement perturb sur la ligne de #rera  13:00 le 22/12 #fedlate en savoir plus sur
Trafic fortement perturb sur la ligne de #rera  13:40 le 22/12 #fedlate en savoir plus sur
Trafic fortement perturb sur la ligne de #rera  14:20 le 22/12 #fedlate en savoir plus sur
Trafic fortement perturb sur la ligne de #rera  20:20 le 22/12 #fedlate en savoir plus sur
Trafic fortement perturb sur la ligne de #rerb  08:00 le 22/12 #fedlate en savoir plus sur
Trafic fortement perturb sur la ligne de #rerb  08:40 le 22/12 #fedlate en savoir plus sur
Trafic fortement perturb sur la ligne de #rerb  09:20 le 22/12 #fedlate en savoir plus sur
Trafic impeccable sur toute la ligne #RERC #OK
Trafic interrompu entre La Fert et Malesherbes pour bien finir la journe sur le #rerd
Trafic perturb sur RER A en ce lundi matin. Pour changer... #qml
Trafic perturb sur la ligne de #rera  10:20 le 22/12 #fedlate en savoir plus sur
Trafic perturb sur la ligne de #rera  18:20 le 22/12 #fedlate en savoir plus sur
Trafic perturb sur la ligne de #rera  19:00 le 22/12 #fedlate en savoir plus sur
Trafic perturb sur la ligne de #rerb  10:00 le 22/12 #fedlate en savoir plus sur
Trafic ralenti : colis suspect dans le #RERA. Une personne sur la voie #RERC.
Trafic stopp direction ouest depuis #Sartrouville #rerA 18h05 #qml
Train #Cergy <- #Paris rentre en gare de #Sartrouville et repart #qml 18h19 #rerA en zone #SNCF perturb sans explications.
Train #Poissy <- #Paris gare de #Sartrouville #qml 18h21 #rerA en zone #SNCF perturb. 0 explications. Dpart.
Train #Poissy <- #Paris reste  quai en gare de #Sartrouville #qml 18h14 #rerA en zone #SNCF ralenti.
Train #Poissy <- #Paris reste  quai en gare de #Sartrouville #qml 18h15 #rerA en zone #SNCF trs perturb.
Train #Poissy <- #Paris reste  quai en gare de #Sartrouville #qml 18h16 #rerA en zone #SNCF perturb.
Train #Poissy <- #Paris reste  quai en gare de #Sartrouville #qml 18h17 #rerA en zone #SNCF perturb sans explications.
Train #Poissy <- #Paris reste  quai en gare de #Sartrouville #qml 18h17 #rerA en zone #SNCF perturb sans explications. Depuis 12 min.
Train #Poissy <- #Paris reste  quai en gare de #Sartrouville #qml 18h18 #rerA en zone #SNCF perturb sans explications.
Train #Poissy <- #Paris reste  quai en gare de #Sartrouville #qml 18h19 #rerA en zone #SNCF perturb sans explications.
Train #Poissy <- #Paris reste  quai en gare de #Sartrouville #qml 18h20 #rerA en zone #SNCF perturb sans explications.
Train #Poissy <- #Paris reste  quai en gare de #Sartrouville #qml 18h21 #rerA en zone #SNCF perturb sans explications.
Un second bagage suspect se trouve galement  Auber.Le trafic est interrompu entre Nation et Charles-de-Gaulle Etoile. #RATP #RERA
Vient de voir un accident de voiture en bat de chez moi, les batard ils sont tous partis en courant les conducteurs et tt
Vous tes au courant que dans 2 jours c'est Nol 2014 ? J'ai l'impression la fin du monde en 2012 c'tait la semaine dernire.
a c moi dans le rer quand je regarde les gens trop beaux/intressants oups
aye. Trafic normal sur les autre lignes de RER. [2/2]
je suis maudit, j'ai voulu faire le Cyril Lignac,j'ai crer un court circuit avec le four..Y'avait plus de courant dans toute la house
jmonte en courant et en pleurant et pdt 10 min mon pere m'a pas lache "pk tu pleures pk t triste"
la vido fait 700mo je vous tiens au courant quand elle sera dispo pour le moment surrement demain
ma nouvelle vido est entrain d'tre encoder je vous tiens au courant de quand elle sera dispo
mon frere quand il voit les flics qui lui demande de sarrter , bah lui il acclre et se cache chez mon tonton sans qu il sois au courant
mon pre il tait pas au courant que Jrmy allait venir quand il l'a vu arriver il a commenc  pter un cble mdr
n. Reprise estime vers 13h00. Trafic normal sur les autre lignes de RER. [2/2]
n. Reprise estime vers 13h30. Trafic normal sur les autre lignes de RER. [2/2]
rles de Gaulle Etoile et Nation. Reprise estime vers 13h00. Trafic normal sur les autre lignes de RER. [2/2]
t Boissy St Lger. Trafic normal sur les autre lignes de RER. [2/2]
