#BUS lignes 14/24, suite  un accident entre un camion et une voiture secteur Place de l'Etoile, des retards sont  prvoir.
5 minutes d'avances avec mon train et la je suis dans un RER B qui fais GDN> le Bourget en direct , je suis sur le cul @FanV2N @Asso_LUTECE
@LIGNEL_sncf Bonjour. Dtes voir, vous allez aussi supprimer des trains sans raisons aux heures de pointes qd le RER A sera en travaux ??
@L_Jow Bah ouais j'etait oblige de courir ver le tram aprs ils ont courru derrire moi ils tait 5 stp aprs avais des mecs il m'aide
@LeNantais4444 Merci ! Des fois, je me tte  le reprendre. Sous un autre nom, une autre forme. Vous serez mis au courant dans ce cas :)
@LiamRPGUC - laisser partir en courant, de pas t'avoir protger de ce monde a la con
@NicolasHortus motta cherche a partir rabiot aussi, vero serait-elle au courant de l'arrive d'un milieu ? (Pogba...)
@RERA_RATP Est-ce que les travaux sur le RER A en aot affecterons les trains entre Boissy-Saint-Leger et Nogent ?
@RERA_RATP dis moi Henri 13 minutes entre deux trains en heure pointe... C'est normal? #pireservicedetouslestemps
@RERB trafic encore hs ce soir et pas d'info !!!!
@RERC_SNCF ha c'est cool a ! J'ai loup toutes les autres alors... Ou elles taient pas sur mon parcours :( Merci pour l'info ;)
@Weinachter @Charrette_Man Bjr, accord avec ls oprateurs sign. Dploiement 3 et 4G sur L1, RER A&B en cours. Couv totale en 2016 :) Izia
@cypcyp77 Pas le train, mais les rails oui on les voit presque plus sous les herbes. @petiflo48 @RERC_SNCF
@guycrete Mais non, il n'a qu' dire qu'il n'tait pas au courant et tout est ok! Le seul blme sera son manque de vigilance. Ts! ;)
@pvvlinelg y a marqu sur le site que le trafic reste convenable mais que certains bus sauteront. En gros on aurait 1 bus sur 3 j'suis sre
AM au parc avec les neveux hier, #PtiDragon russit  faire tomber par terre 3 glaces / 5 en courant derrire les pigeons #Facepalm #Winner
Chui pas bien, ma pote elle est mme pas au courant que sa mre elle a t disparus depuis vendredi miskina
Coupure de courant  #Asnires et dans d'autres communes limitrophes.
Il faudrait declencher une annonce  quai avt et aprs que train arrive. Parce quil existe toujours des gens qui ne font pas attention #RERA
Ile-de-France : une panne lectrique pertube le trafic du RER D
Ile-de-France : une panne lectrique perturbe le trafic du RER D
J'ai envie de tout jeter, mais je sens les repches arriver en courant l ptn..
J'suis tranquille sous la douche y a ma mere qui crie en courant partout parce que y a le livreur  la porte et qu'elle peut pas ouvrir -
La grve des rgulateurs de bus ne perturbe pas le trafic
Le #RERC nous affiche un trafic rgulier sur toute la ligne #OK
Mais la mre rabiot est au courant qu'elle et son fils ne sont personne et qu'il est sous contrat? C'est quoi ce ton affirmatif sur 1dpart?
Mdr c pas cool qd les potes de mon pere arrive chez alors que Jsuis pas au courant, la musique a fond et en pyjama
Merci @RERA_RATP pour la dlicate attention de ralentir le train juste assez pour que je loupe ma correspondance d'une minute. #MuchLove
Pas de chance ! Trafic perturb sur la ligne #RERE au niveau de l'axe Haussmann St-Lazare / Villiers sur Marne / Tournan #BOF
Pendant que certains profitent de la panne de courant pour installer les lumires sur la terrasse, d'autres se...
Polmique sur la gestion des colis suspects dans les RER:  En raison dun colis suspect, le trafic est interr...
Prendre le train a 7h50 le rer je le rate pas a 7h15 le metro pr un arret tous ls jeudi vendredi c'st a
RATP : le trafic des bus parisiens perturb par une grve "historique"  via @europe1
RATP : le trafic des bus parisiens perturb par une grve "historique" -  via
RER A, un train terminus St Germain en Laye. Le conducteur annonce que non, a sera Carrefour Pleyel,.. Euh Rueil Malmaison.
RT @BlvmeIt: Est-elle au courant qu'en tant que dernire religion rvle on reconnat toooous les prophtes des autres religions dont Jsus.
RT @Bylkuuuus: qd y'a l'adhan jft grv le mec qui se prpare a manger au ralenti mais dans ma tete jv envie de y'aller en courant et manger com san goku
RT @ClientsRATP: @Weinachter @Charrette_Man Bjr, accord avec ls oprateurs sign. Dploiement 3 et 4G sur L1, RER A&B en cours. Couv totale en 2016 :) Izia
RT @DominiqueLUNEL: GRVE BUS PARIS Trafic des bus RATP perturb depuis 21h00 et jusqu' samedi 09h00 en raison d'un mouvement de grve
RT @DrouinDa: @guycrete Mais non, il n'a qu' dire qu'il n'tait pas au courant et tout est ok! Le seul blme sera son manque de vigilance. Ts! ;)
RT @FBleu1071: #RERD : trafic interrompu jusqu' demain matin entre Chtelet et Goussainville suite  une rupture de catnaire
RT @GuirriBoss_: Tlr dans le RER ya un daron renoi il croise sa fille dans l'train par hasard & quand il la vu il a dit "donc toi tu colorie tes levres mtn?"
RT @HakimHIZA: Coupure de courant  #Asnires et dans d'autres communes limitrophes.
RT @OnMaApplaudit: Le chauffeur du bus a ralenti par ce qu'une beurette traversait, je lui ai dis "azi passe c'est orange" on m'a applaudit, j'ai roul l'bus
RT @OnMaApplaudit__: Le chauffeur du bus a ralenti par ce qu'une beurette traversait, je lui ai dis azi passe c'est orange, on m'a applaudit, j'ai roul l'bus
RT @PierreVoignier: Quel est le mensonge le plus courant que les gens se disent les uns aux autres ?...  "Je ferais tout pour toi"
RT @SherianneK: @AyishaMiraClb_ du sens qe le ramadan cst un peu a le ft de jener etc & que ns on est totalement au courant & chez ns cst un jeune en vain
RT @SkydyB: #BacAntillais Danielle a couch avec le frre de son mari qui sont les premiers au courant ?a) Son Mari,b) Les voisins Vous avez 4 heures.
RT @actualite24: Ile-de-France : une panne lectrique pertube le trafic du RER D
RT @actualite24: Ile-de-France : une panne lectrique perturbe le trafic du RER D
RT @beneladj: RATP : le trafic des bus parisiens perturb par une grve "historique" -  via
RT @darricau_laura: J'ai envie de tout jeter, mais je sens les repches arriver en courant l ptn..
RT @fandemetro: Travaux @Ligne5_RATP : Trafic interrompu ligne entire du 18 au 20/07 pour dploiement du nouveau systme #OCTYS. (1/2),#metro #ligne5 #qml
RT @infos140: GRVE BUS PARIS Trafic des bus RATP perturb depuis 21h00 et jusqu' samedi 09h00 en raison d'un mouvement de grve
RT @juliensadaoui: Trafic perturb le matin, trafic perturb le soir. Les retards sont permanents sur le #RERA surtout pour les branches cergy et poissy !
RT @val_de_marne: RER E : ouverture gare Rosa Parks le 13 dc. et offre amliore aux heures de pointes ac 5 trains supplmentaires en semaine. #transports
Samedi pro jdois tre a 6h vers Torcy mdr j'dois prendre le train de 5:00 mais j'ai no bus pour aller a la gare a cette heure ci
Trafic du jour : #RERB #OK
Trafic perturb le matin, trafic perturb le soir. Les retards sont permanents sur le #RERA surtout pour les branches cergy et poissy !
Travaux @Ligne5_RATP : Trafic interrompu ligne entire du 18 au 20/07 pour dploiement du nouveau systme #OCTYS. (1/2),#metro #ligne5 #qml
Y a un dces frelons qu'est rentr ds la salle d'examen! J'tais prte  partir en courant s'il venait vers moi fuck le BAC jveux pas mourir
a empche pas les bus d'arriver  2 "@infos140: GRVE BUS PARIS Trafic des bus RATP perturb jusqu' samedi 09h00 en raison d'une grve"
c'est bon m'a gaver les bus je sens que je vais le louper mon pre m'enmene
ca fait depuis lundi que mon bus fait greve du coup ma mre m'ammene, mais demain si y a tjrs greve, elle a dit que j'irai pas en cours
elle va encore partir en courant en me voyant au collge allez off a+ frre jmen blc de toi
genre demain matin a 7h je serai en train d'attendre le RER ? J'suis pas d'acccccord
j'ai fais 5 magasins en courant avec la mre de Louis pour sa sur enhlala
pas de merde demain jvais prendre le train  7h20 parce que le RER A on connait hein
qd y'a l'adhan jft grv le mec qui se prpare a manger au ralenti mais dans ma tete jv envie de y'aller en courant et manger com san goku
