#Accident Bel-Air, ligne 12  Moillesulaz (via )
#Accident Rive, ligne 12  Moillesulaz (via )
#Perturbation #RERB En rpercussion d'un #MalaiseVoyageur dans un train  Denfert-Rochereau, #TraficRalenti en direction de Mit [1/2]
#RERA Probleme avec un train FRET  Poissy. Suppressions et retards sur la branche Nanterre-Cergy/Poissy ^Snip
#RERA Trafic interrompu entre Nanterre-Pref et Cergy/ Poissy : incident techniqueReprise estime  20:00.,Tek
#RERA Trafic perturb : panne dun train de marchandises  Poissy et incident de signalisation  Chtelet et  Neuilly Plai. Tek
#RERA Trafic ralenti entre Cergy-Le-Haut et Nanterre-Prefecture : incident technique..Tek
#RERA: Axe #Poissy: Allongmt tps parcours de 15  20 minutes suite  la panne d'1 train Fret  #Poissy jusqu' 08h00
#RERE #KO : La gare de Haussmann St-Lazare n'est pas desservie, jusqu' 9h. (Trafic interrompu Hauss-Magen)
#RT 19:09, le trafic est interrompu entre Nanterre-Prefecture et Cergy/ Poissy. Reprise estime  20:00. (incident technique) #RATP #RERA
... et come d'autres vendredis, panne sur la ligne de #RERA et train. Merci @SNCF
08:00, le trafic est ralenti de Chatelet-Les Halles vers Boissy/ Marne-la-Vallee (incident technique) #RATP #RERA via @RERA_RATP
13:37, le trafic est ralenti entre Cergy-Le-Haut et Nanterre-Prefecture (incident technique) #RATP #RERA
16:49, le trafic est perturb de Denfert vers Aeroport CdG 2 / Mitry - Claye (malaise voyageur) #RERB
19:09, le trafic est interrompu entre Nanterre-Prefecture et Cergy/ Poissy. Reprise estime  20:00. (incident technique) #RATP #RERA
19:36, le trafic est ralenti de La Defense (Grande Arche) vers Marne-la-Vallee Chessy (incident technique) #RATP #RERA
19:36, le trafic est ralenti de La Defense (Grande Arche) vers Marne-la-Vallee Chessy (incident technique) #RATP #RERA via @RERA_RATP
19:48, le trafic reprend progressivement entre Nanterre-Prefecture et Cergy/ Poissy (incident technique) #RATP #RERA
19:48, le trafic reprend progressivement entre Nanterre-Prefecture et Cergy/ Poissy (incident technique) #RATP #RERA via @RERA_RATP
20:00, le trafic est ralenti sur la ligne (incident technique) #RATP #RERA
20:00, le trafic est ralenti sur la ligne (incident technique) #RATP #RERA via @RERA_RATP
@ATourneur Oui mais j'ai pas eu le temps de changer de quai du coup j'ai pris la photo sur le quai des RER D direction nord. ;-) 1/2
@CyrilouSan je termine le 31 juillet. Mais a ne m'empche pas de venir juste pour me jeter sous ton train @RERC_SNCF
@CyrilouSan je vais jeter des pains au chocolat sous ton train @RERC_SNCF
@CyrilouSan je vais me jeter sous ton train @RERC_SNCF
@MiniLicorne69 @LEXPRESS Et Hollande, lui qui tait au courant de tout, c'est quand qu'il sera juger ? Entre 2 cuites !
@RERA_RATP panne d'un train de marchandises. Trafic ralenti depuis Cergy et Poissy. Cf sncf
@RERA_RATP signal d'alarme  Nation. Trafic ralenti vers les destinations de l'ouest parisien
@RERA_RATP sur le quai cdg etoile affichage "trafic interrompu" pourtant rer qui arrive affich toutes gares vers Poissy. On coute qui ?
@RERB gros souci rentre gare de Nord et haussement St. lazare.,Trafic perturb
@RERC_SNCF Ok, merci :) Je pensais plus une interruption travaux mais je n'en trouve pas trace
@RERC_SNCF bonjour. Train ok entre Massy et paris via juvisy ? merci et belle journe.
@RERD_SNCF merci pour les lycens passant leur bac, 1 train/heure,... entrain de stresser/quai : retard d'au - 20 m....,Mre furieuse
@RERE_SNCF @CarreauxB Bonjour le trafic n'est pas que interrompu entre Hausmann et Magenta. C'est une vraie galre... #matingalre
@RERE_SNCF Une annonce concernant la suppression du train POTA de 7h47  rosny sous bois serait plus approprie que les annonces travaux!
@RERE_SNCF au lieu d'offrir des cahiers, offrez nous des trains  l'heure, des trains qui vont jusqu'au bout des lignes a serait plus utile
@RERE_SNCF et le train POTA de 8h02 supprim  Rosny sous bois et pas d'annonce... On en parle?
@RERE_SNCF les cahiers c'est pour patienter quand on attend sur le quai  cause d'un train court manqu? #RERE 1/2
@RERE_SNCF merci de mettre  jour l'affichage en gare de Rosny sous Bois... Suppression de train HOTA de 7h32
@RERE_SNCF ok, c'est juste que d'hab il y a une info avant d'arriver en gare et l 2 trains sont supprims  la suite.
@RER_BETAIL tu crois qu'en Inde le trafic est aussi perturb si un voyageur se sent ple ?
@RoiLennon mdr t'es au courant de la rumeur qui court sur toi comme quoi tu serais homophobe? 1/2
@camerondallas genre tu viens a Paris Lundi? J'tais mme pas au courant! J'ai pas le temps en + on se fera un apro' une autre fois gros!
@cris_vzl @cassiandespien oui pareil RER C c la cour des miracles et RER D direction Melun c'est le charter. Honte du pays ces transports.
@leroue18 suite  une panne aiguillage en gare de Sartrouville le trafic est ralenti @PoissyNews @RERA_RATP
@ninouush76 @EA_FIFA_France chre @ninouush76 nous sommes au courant du problme mais on s'en fout compltement merci de bien vouloir 1/2
Attention trafic interrompu sur le RER C !
Des bords :// a 7h du mat on finissait la soire pos  la rep et on voit les petits descendre du bus et aller en cours.. Soire mmorable
Donc j'achte des tickets pour aller  Cergy! & j'apprends quoi dans le RER? Trafic interrompu. Bah la vie de oim jv demander remboursement
Fin des travaux en cours prvue demain sur la ligne #RERB. Pour plus dinformations, .
Fin des travaux en cours prvue demain sur la ligne #RERB. Pour plus dinformations, . via @RERB
Il suffit d'un "malaise voyageur" pour mettre en tilt le trafic du RER parisien. Welcome in Paris 2015 !
Infotrafic #RERC [MAJ] Trafic ralenti sur l'axe Paris/Pontoise jusqu' 13h (pb signalisation)
Infotrafic #RERC [MAJ] Trafic ralenti sur l'axe Paris/Pontoise jusqu' 17h (pb signalisation)
Infotrafic #RERE : Trafic interrompu entre Haussmann et Magenta, dans les deux sens jusqu' 8h (pb signalisation)
Infotrafic #RERE [MAJ] La gare de Haussmann St-Lazare n'est pas desservie, jusqu' 9h. (Trafic interrompu Hauss-Magen)
Infotrafic #RERE [MAJ] Trafic interrompu entre Haussmann et Magenta, dans les 2 sens jusqu' 10h (pb signalisation)
Infotrafic #RERE [MAJ] Trafic interrompu entre Haussmann et Magenta, dans les 2 sens jusqu' 12h (pb signalisation)
Infotrafic #RERE [MAJ] Trafic interrompu entre Haussmann et Magenta, dans les 2 sens jusqu' 9h (pb signalisation)
Je me demande si le fltiste--bec version collge compte sur notre piti pour rcuprer des sous. #Metro
Le trafic du #RERA est interrompu entre Nanterre-Prefecture et Cergy/ Poissy #KO Reprise estime  20:00 (incident technique)
Le trafic du #RERA est ralenti de Chatelet-Les Halles vers Boissy/ Marne-la-Vallee (incident technique) #BOF
Le trafic est ralenti sur la ligne #RERA en raison d'un incident technique #BOF
Le trafic n'est plus aussi fluide que toute  l'heure , Il est interrompu  Denfert en direction de l'Aroport Charles de Gaulle #RERB #KO
Ligne 12 - Accident - Info dtaille :
Ligne 12 - Suite accident - Info dtaille :
Malgr les retards concernant la sortie du jeu, #FinalFantasy XIII : #Lightning Returns sera disponible dans le courant de l'automne 2015.
Meteo du #RER (#ratp) : KO () 19/06/2015 a 21:01 Trafic normal sur l'ensemble ...
Meteo du #RER (#ratp) : OK () 19/06/2015 a 18:41 Trafic normal sur l'ensemble ...
Meteo du #RER (#ratp) : OK () 19/06/2015 a 22:57 Trafic normal sur l'ensemble ...
Mon petit frre vient me voir en courant et il me dit j'ai trouver 20 j'ai lcher un gros  je lui dit donne il me dit, mais je les et pas
On en parle du trafic de tous les bus parisiens qui est perturb ou pas ??
Panne de signalisation #rerE terminus magenta #rerA panne matriel  nation traffic bloqu #qml @RERE_SNCF @RERA_RATP @galeRERAfr
Patience ! Trafic ralenti sur l'axe Paris/Pontoise jusqu' 13h (NORA, GOTA, ROMI, MONA) #RERC #BOF
Pour vous faire profiter de la Fte de  la Musique, certaines lignes de Mtro, Bus, RER et Trains fonctionnent toute la nuit. #RATP
RER A : Paris - Poissy ralenti +10/20min jusqu'a 10h - panne dun train de marchandises  Poissy. #QML #RERA
RER A: trafic perturb dans les 2 sens de circulation entre Marne la Valle Chessy et Cergy/Poissy trafic normal prvu pour 23h
RERA: le trafic est interrompu entre Nanterre P et Cergy ou Poissy suite  une panne d'un aiguillage  Sartrouville
RERB: trafic est ralenti suite  un malaise voyageur en gare de Denfert Rochereau il a fallu intervention des pompiers
RT @Kusmiteafor2: @RERE_SNCF au lieu d'offrir des cahiers, offrez nous des trains  l'heure, des trains qui vont jusqu'au bout des lignes a serait plus utile
RT @LIGNEJ_SNCF: #RERA: Axe #Poissy: Allongmt tps parcours de 15  20 minutes suite  la panne d'1 train Fret  #Poissy jusqu' 08h00
RT @Ligne3_RATP:  Pour vous faire profiter de la Fte de  la Musique, certaines lignes de Mtro, Bus, RER et Trains fonctionnent toute la nuit. #RATP
RT @Ligne5_RATP:  Pour vous faire profiter de la Fte de  la Musique, certaines lignes de Mtro, Bus, RER et Trains fonctionnent toute la nuit. #RATP
RT @Mahtthilde: Wow, y a un record de vitesse  battre aujourd'hui @RERC_SNCF ? Les trains sans arrt passent super vite sur les voies du quai G  Juvisy...
RT @MappyCity: Le trafic du #RERA est interrompu entre Nanterre-Prefecture et Cergy/ Poissy #KO Reprise estime  20:00 (incident technique)
RT @Milooos_: Panne de signalisation #rerE terminus magenta #rerA panne matriel  nation traffic bloqu #qml @RERE_SNCF @RERA_RATP @galeRERAfr
RT @RERA_RATP: 08:00, le trafic est ralenti de Chatelet-Les Halles vers Boissy/ Marne-la-Vallee (incident technique) #RATP #RERA
RT @RERA_RATP: 13:37, le trafic est ralenti entre Cergy-Le-Haut et Nanterre-Prefecture (incident technique) #RATP #RERA
RT @RERA_RATP: 19:09, le trafic est interrompu entre Nanterre-Prefecture et Cergy/ Poissy. Reprise estime  20:00. (incident technique) #RATP #RERA
RT @RERA_RATP: 19:36, le trafic est ralenti de La Defense (Grande Arche) vers Marne-la-Vallee Chessy (incident technique) #RATP #RERA
RT @RERA_RATP: 19:48, le trafic reprend progressivement entre Nanterre-Prefecture et Cergy/ Poissy (incident technique) #RATP #RERA
RT @RERA_RATP: 20:00, le trafic est ralenti sur la ligne (incident technique) #RATP #RERA
RT @RERA_RATP: Retour  un trafic rgulier sur l'ensemble de la ligne #RERA #RATP. Incident termin.
RT @RERB:  Pour vous faire profiter de la Fte de  la Musique, certaines lignes de Mtro, Bus, RER et Trains fonctionnent toute la nuit. #RATP
RT @RERB: 16:49, le trafic est perturb de Denfert vers Aeroport CdG 2 / Mitry - Claye (malaise voyageur) #RERB
RT @RERB: Fin des travaux en cours prvue demain sur la ligne #RERB. Pour plus dinformations, .
RT @RERB: [BLOG] Malaise voyageur : quelles consquences sur le trafic ? >  #RERB
RT @RERC_SNCF: Infotrafic #RERC [MAJ] Trafic ralenti sur l'axe Paris/Pontoise jusqu' 13h (pb signalisation)
RT @RERC_SNCF: Infotrafic #RERC [MAJ] Trafic ralenti sur l'axe Paris/Pontoise jusqu' 17h (pb signalisation)
RT @RERE_SNCF: Infotrafic #RERE : Trafic interrompu entre Haussmann et Magenta, dans les deux sens jusqu' 8h (pb signalisation)
RT @RERE_SNCF: Infotrafic #RERE [MAJ] La gare de Haussmann St-Lazare n'est pas desservie, jusqu' 9h. (Trafic interrompu Hauss-Magen)
RT @RERE_SNCF: Infotrafic #RERE [MAJ] Trafic interrompu entre Haussmann et Magenta, dans les 2 sens jusqu' 10h (pb signalisation)
RT @RERE_SNCF: Infotrafic #RERE [MAJ] Trafic interrompu entre Haussmann et Magenta, dans les 2 sens jusqu' 12h (pb signalisation)
RT @RERE_SNCF: Infotrafic #RERE [MAJ] Trafic interrompu entre Haussmann et Magenta, dans les 2 sens jusqu' 9h (pb signalisation)
RT @Simerise: @RERA_RATP panne d'un train de marchandises. Trafic ralenti depuis Cergy et Poissy. Cf sncf
RT @T8_RATP:  Pour vous faire profiter de la Fte de  la Musique, certaines lignes de Mtro, Bus, RER et Trains fonctionnent toute la nuit. #RATP
RT @TomekTR: RER A : Paris - Poissy ralenti +10/20min jusqu'a 10h - panne dun train de marchandises  Poissy. #QML #RERA
RT @WMyWay_Mobile: #RT 19:09, le trafic est interrompu entre Nanterre-Prefecture et Cergy/ Poissy. Reprise estime  20:00. (incident technique) #RATP #RERA
RT @WMyWay_Mobile: 19:48, le trafic reprend progressivement entre Nanterre-Prefecture et Cergy/ Poissy (incident technique) #RATP #RERA via @RERA_RATP
RT @WMyWay_Mobile: Infotrafic #RERC [MAJ] Trafic ralenti sur l'axe Paris/Pontoise jusqu' 13h (pb signalisation) ...
RT @claudettepitrus: @MiniLicorne69 @LEXPRESS Et Hollande, lui qui tait au courant de tout, c'est quand qu'il sera juger ? Entre 2 cuites !
RT @elric_FMS: Trafic interrompu en direction de Cergy Poissy #RERA cc @galeRERAfr ...
RT @fandemetro: Travaux @Ligne5_RATP : Trafic interrompu ligne entire du 18 au 20/07 pour dploiement du nouveau systme #OCTYS. (1/2),#metro #ligne5 #qml
RT @fdudognon: @RERA_RATP sur le quai cdg etoile affichage "trafic interrompu" pourtant rer qui arrive affich toutes gares vers Poissy. On coute qui ?
RT @frantz69 Trafic perturb sur la ligne D. incident technique - trafic bloqu a 23h05
RT @galeRERAfr: #RERA Probleme avec un train FRET  Poissy. Suppressions et retards sur la branche Nanterre-Cergy/Poissy ^Snip
RT @galeRERAfr: #RERA Trafic interrompu entre Nanterre-Pref et Cergy/ Poissy : incident techniqueReprise estime  20:00.,Tek
RT @galeRERAfr: #RERA Trafic perturb : panne dun train de marchandises  Poissy et incident de signalisation  Chtelet et  Neuilly Plai. Tek
RT @ratp78190: RER A: trafic perturb dans les 2 sens de circulation entre Marne la Valle Chessy et Cergy/Poissy trafic normal prvu pour 23h
RT @ratp78190: RERA: le trafic est interrompu entre Nanterre P et Cergy ou Poissy suite  une panne d'un aiguillage  Sartrouville
Rappel ! Le trafic est interrompu  Denfert en direction de l'Aroport Charles de Gaulle #RERB #KO
Rappel #RERE #KO : La gare de Haussmann St-Lazare n'est pas desservie, jusqu' 9h. (Trafic interrompu Hauss-Magen)
Rappel ; Le trafic du #RERA est ralenti de Chatelet-Les Halles vers Boissy/ Marne-la-Vallee (incident technique) #BOF
Rappelez-vous ! Le trafic est ralenti sur la ligne #RERA en raison d'un incident technique #BOF
Reprise du trafic entre Haussmann et Magenta pour le #RERE #BOF
Retour  un trafic rgulier sur l'ensemble de la ligne #RERA #RATP. Incident termin.
Retour  un trafic rgulier sur l'ensemble de la ligne #RERA #RATP. Incident termin. via @RERA_RATP
Retour  un trafic rgulier sur l'ensemble de la ligne #RERB. Incident termin.
Retour  un trafic rgulier sur l'ensemble de la ligne #RERB. Incident termin. via @RERB
Si on couplait cet incident technique avec mon malaise de voyageuse asphyxie ? #RERA
Tenez-bon ! Trafic ralenti sur l'axe Paris/Pontoise sur le #RERC jusqu' 17h ! Courage ! #BOF
Theo qui cours aprs le bus  gros fou rire
Trafic interrompu en direction de Cergy Poissy #RERA cc @galeRERAfr ...
Trafic interrompu entre Haussmann et Magenta sur la ligne #RERE dans les 2 sens jusqu' 10h #BOF en raison d'un problme lectrique #KO
Trafic interrompu entre Haussmann et Magenta sur la ligne #RERE dans les 2 sens jusqu' 12h #BOF en raison d'un problme lectrique #KO
Trafic interrompu sur la ligne #RERE entre Haussmann et Magenta, dans les 2 sens jusqu' 8 #KO (problme de signalisation)
Trafic ralenti sur le #RERA, quai bond sur la #ligne4 ... Souriez, c'est vendredi ! #Ratp
Usagers du #RERD ! Trafic ralenti de Melun vers Paris jusqu' 13h20 ! Courage ! #BOF
Wow, y a un record de vitesse  battre aujourd'hui @RERC_SNCF ? Les trains sans arrt passent super vite sur les voies du quai G  Juvisy...
[BLOG] Malaise voyageur : quelles consquences sur le trafic ? &gt;  #RERB  via @RERB
[BLOG] Malaise voyageur : quelles consquences sur le trafic ? >  #RERB
en + quand jss sorti jai couru vers une porte en courant sauf qu'elle tait ferme -____-
videmment c'est le 1er qui est parti aprs que certains gus aient lch les portes et d'autres manqu de passer sous le train #RERA
