"" / Circulation / Accident / gypten Accident de la route: 16 morts dans une collision entre un bus...
"@RERA_RATP: 10:34, le trafic reprend progressivement (colis suspect) #RATP #RERA" a chaque jour suffit son colis...
"Le Monde" / Circulation / Accident / #Egypte Accident de bus meurtrier en Egypte Au moins 18 personnes, dont...
"Le chauffeur du bus a ralenti par ce qu'une beurette traversait, je lui ai dis "azi passe c'est orange"" a ma tuer mdr
#Accident de bus meurtrier en Egypte - Le Monde
#Afrique  Accident de bus meurtrier en Egypte: Les accidents sont frquents en Egypte, o les routes sont en ...
#BE: Ecoles, commerces, administrations, bus, trains...: voici ce qui sera  ... -
#BREAKING - #Egypte: 13 coliers morts brls vifs dans un accident impliquant leur bus scolaire prs d'#Alexandrie
#International  Accident de bus meurtrier en Egypte: Les accidents sont frquents en Egypte, o les routes so...
#Koreus: "Un bus accident en circulation"
#LeMonde #Afropages Accident de bus meurtrier en Egypte
#RERC ce matin malgr le bordel gnralis la #Sncf considre que le trafic est normal Imaginez quand il est perturb
#aloups Accident de bus meurtrier en Egypte Les accidents sont frquents en Egypte, o les
#buzz Un bus accident circule sur une route en gypte
#buzz Un bus accident en circulation
#chamalieres Accident de bus meurtrier en Egypte: Les accidents sont frquents en Egypte, o les routes sont e...
#news Ecoles, commerces, administrations, bus, trains...: voici ce qui sera
#qml #RERC : Trafic interrompu entre Juvisy et Brtigny (application de mesure de scurit). Reprise du trafic estime  8h30
10:34, le trafic reprend progressivement (colis suspect) #RATP #RERA
5 jours sans nouvelles. J'avoue qu'il me manque. Mais j'espre qu'il est au courant que tout est termin et qu'il n'y aura rien d'autre.
: Accident de bus meurtrier en Egypte
<- meuf qui prfre tre en retard que je courir aprs son bus.
@Bae_oktamer @jeromejarre BAH QUAND JSORS DES COURS JME BOUGE PR AVOIR MON BUS ET J'ARRIVE VERS 15H A AUBAGNE ET JPREND LE 1
@ControleurPM733 @faguagliata @rerDriver @RERD_SNCF 7h aussi pour reprise du trafic TGV/TER, non ! Alors on est bien des sous voyageurs !
@Dasporal jt'avoue jgalre comme jamais xD on se tient au courant pour tout a, jsuis sre qu'un jour on aura le mme sujet ahah
@DoudouMadness Bonjour ! Pour le guide numrique c'est normal, vous recevrez un code dans le courant pour de la semaine pour y accder
@Drustan_ je te tiens au courant ds que j'en sais plus si on y va vendredi et que tu compte tourn dimanche normalement ce sera bon ;)
@EstelleGymP @murielle_w @LIGNEP_SNCF mon RER E a eu du retard, le conducteur du train pour CLM a parler d'un rail cass. Mais sans plus
@FR5SOSsource bjr a serait possible d'tre tenue au courant si des place pour Paris sont revendues?
@HeleneR05 @RERD_SNCF En Octobre j'ai 72,5% d'arrive en retard (+5mn) et 1seul train  l'heure (ds la mn) sur 40. c'est quoi votre calcul ?
@JoJoPedanou bah oui aprs je cours tranquille vers le bus et il part
@MaryneSheerios pcq j'tais avec une pote a la gare pour prendre le train & y avait pas Clia du coup j'ai attendu le bus mais son pre la
@NiallOfficial on parle toujours de toi aprs les cours dans le bus  et a chaque fois on arrive sur le "j'espre qu'il va te follow"
@OneSwiftFive_ avec un peu de chance elle ns  dj oublies enfin j'espre bc si un jour on la croise on a qu' partir en courant
@RERB @RER_BETAIL Bjr. Lundi matin, le trafic tait anormal (tat gnral) et aucune info via le fil Twitter ni les mdias distants pourtant
@RERC_SNCF "aller et encore des problmes !!!",Trafic interrompu a Juvisy a cause d'une alerte gnrale !!!!
@RERC_SNCF 10 a 20 minutes et changements "ponctuels" de desserte ? Beau foutage de gueule dj 30 mn de retard et pas de train. #rerc #qml
@RERC_SNCF Et le trafic est... Non non il n'est pas perturb. Il est interrompu!
@RERC_SNCF Le trafic vers Paris aussi?
@RERC_SNCF Trafic normal, tout va bien.. #humour #raslebol #remboursez
@RERC_SNCF en conclusion du retard de ce matin : fausse alerte et mauvaise gestion du trafic dixit le conducteur de notre train kuma!!
@RERC_SNCF et mercredi aussi... train Slom au dpart de bouray en retard de 7mn + omnibus + terminus juvisy #qml #rerc #raslebol #SNCF
@RERC_SNCF et si on faisait une petition pour avoir un trafic normal
@RERC_SNCF halte au RER bashing, on parle tout le temps des trains en panne, jamais de ceux qui sont en retard
@RERC_SNCF le trafic reprend sans que l'on sache ce qu'il se passe ?? Bizarre bizarre !!
@RERC_SNCF srieusement, cessez de jouer les hypocrites et annoncez la vrit: trafic perturb jusqu la fin des temps
@RERC_SNCF trafic normal quoi! Pourvu que a dure... #qml
@RER_BETAIL du trafic. Une info peut tre mise en gare lors d'une suppression inopine. Bonne journe
@Rerc_sncf zro alertes mais circulation des trains arrte entre Brtigny et Juvisy. Bien a. #Qml
@SLGienne Yaura une photo normalement tu sera au courant ^^
@SeXyLoDiE:non toujours pas, je narrive pas  courir quand je vois mon bus. Je prfre le rater et assumer mes origines. Manman bus po mo
@SwityRock Oui tu peux me l'envoyer stp et je ferais suivre le jour mme. Sache que c'est not et ils sont au courant aussi !
@camilleroi Ba sa va jprfre attendre le bus que d'tre en cour
@chloericher94 @RERD_SNCF retards & suppressions tous les jours  ttes heures avec des trains bonds, je crois qu'il y a de quoi se plaindre
@drugxnarry_ un jour tu l'auras et ce jour l je veux tre la premire au courant psycho
@faaffa_B Ptdr nn mais laisse tu m'tonnes aussi on courait c'tait le bus de la dernire chance. Ap on arrivait avnt tt le monde au calme
@guegrey @LucieScaillet Si c'est  propos de ce matin, il y a eu un accident de moto rue du Fbg Bannier. Le bus a d tre dvi.
@junkyloca J'cours dj pas pour un bus alors pour qq'1, laisse moi rire mdr
@maadame_ @SeXyLoDiE bus mtro tram lpoque des ngres marron est termin Babylone me fera plus courir !
@oraclean J'espre que oui ! Tiens moi au courant ! Faut vraiment qu'elle puisse te donner ce cours un autre jour !
@quentinpscd espce de faible, moi je le ferais en courant  ta place
@rebeulotte22 Le chauffeur a ralentit pcq qune beurette travrser jlui ai dis c orange tpeux passer tt lmonde ma applaudi j'ai conduis le bus
@seifo92 rabbi yastar! le train que j'ai pris s'est arret  kharouba juste qq minutes avant l'accident donc ro7t f le bus @Net4Troll
@tenomisa Tiens moi au courant de tes projets, mme pour l'Europe! Et si un jour tu as besoin d'aide, n'hsite pas, a sera un plaisir!
@zaynselfie haha fin je serai chez moi a 18h si je loupe pas le bus
Accident de bus meurtrier en Egypte
Accident de bus meurtrier en Egypte  #Afrique
Accident de bus meurtrier en Egypte  #afrique
Accident de bus meurtrier en Egypte  #international
Accident de bus meurtrier en Egypte - Les accidents sont frquents en Egypte, o les routes sont en mauvais tat e...
Accident de bus meurtrier en Egypte Les accidents sont frquents en Egypte, o les routes
Accident de bus meurtrier en Egypte: Les accidents sont frquents en Egypte, o les routes sont en mauvais ta...
Accident de deux bus ! Embouteillages l veut tuer.
Accident de la route entre un bus scolaire et une Hummer  Kasserine : 6 militaires lgrement blesss  #Tunisie
Accident entre un bus et un camion-citerne - Dix-huit morts dans une collision au Caire
Accident entre un bus et un camion-citerne - Dix-huit morts dans une collision au Caire... #Paris #Nouvelles
Aprs les galres de mtro, place a celle du train. Tant qu'a faire, autant toutes les faire. Allez la suivante sera mon bus ?
Aujourd'hui, Pascal pour vous informer en temps rel sur l'tat du trafic du #RERA. Bon voyage et bonne matine #RATP
Avec #RERC c'est comme un jour sans fin. Tu prend le train =>pbs peu importe le jour/heures/calendrier lunaire etc #qml
Bachant a craint, je sors de ma maison avec ma mre y a une vache qui passe normal en courant devant ptdrrrr
Balec des cours ma mere m'a foutue dans le bus j'ai pris le prochain pour rentrer
Bon aller je vais y aller sinon je vais rater mon bus de 7h38 sa serait dommage hein pour 1H de cours
Bon ben pour pas changer je loupe la premire heure de philo vu que j'ai louper mon bus :)
Bon d'un cot la normalement je serais dans le tram pour aller en cour
Bon je part un peu plus en avance pour si le bus me refais le coup de se matin
Bonjour @RERB, pourquoi dire que le trafic est normal alors qu'#IDOL35 a t supprim ?
Bonjour @RERC_SNCF train retard... Un problme ? Important ou pas ? faut-il envisager un itinraire bis de St-Gratien vers Paris?
C'trop rare j'prend l'bus mais des que je veux le prendre j'le loupe..
Casse les couilles le RER B, toi aussi fait un malaise sur le quai, pas dans le train
Ce FDP de bus doit passer  54 et il arrive  51. Ta mre la pute, j'aime pas courir.
Ce matin j'allais prendre mon bus, je marchais je regardais mon portable tout a coup je relve la tte j'tais presque dans le foss...
Ce pas normal je tshat avc mon frere et il me dira que le courant et parti en plein quartier Prsidentiel m on et ou?
Chaque soir je dis que je vais aller au lit vers 20h mais sur sa j'ai aucune parole rsultat je suis oblig de courir pour avoir le bus
Comme chacun peut facilement le constater en consultant le site web de la #RATP, le trafic est rtabli sur le #RERB
Cst la premire fois de toute ma scolarit que je loupe mon bus.
D'un coup il fixe un gars du regard et il commence a le brouillon sale, le gars sort du bus, il le suit derrire
Des trains, oui, mais peu de bus: Comme nous lavons dj indiqu, il ny aura pas, cette fois, de perturbati...
Du coup j'ai pris le 1er bus
Du coup quand on sort on galre, on squatte l'arrt de bus et on s'enfume la gueule.
Ecoles, commerces, administrations, bus, trains...: voici ce qui sera  l'arrt dans la province de Luxembourg
Ecoles, commerces, administrations, bus, trains...: voici ce qui sera  l'arrt dans la rgion de Charleroi: ...
Ecoles, commerces, administrations, bus, trains...: voici ce qui sera  l'arrt dans la rgion de La Louvire ...
Ecoles, commerces, administrations, bus, trains...: voici ce qui sera  l'arrt dans la rgion de Lige: ...
Ecoles, commerces, administrations, bus, trains...: voici ce qui sera  l'arrt dans la rgion de Mons: ...
Ecoles, commerces, administrations, bus, trains...: voici ce qui sera  l'arrt dans la rgion de Mouscron  (Mouscron)
Ecoles, commerces, administrations, bus, trains...: voici ce qui sera  l'arrt dans la rgion de Mouscron: ...
Ecoles, commerces, administrations, bus, trains...: voici ce qui sera  l'arrt dans la rgion de Namur: ...
Ecoles, commerces, administrations, bus, trains...: voici ce qui sera  l'arrt dans la rgion de Verviers
Ecoles, commerces, administrations, bus, trains...: voici ce qui sera  l'arrt dans la rgion de Verviers: ...
Ecoles, commerces, administrations, bus, trains...: voici ce qui sera  l'arrt dans la rgion...
Ecoles, commerces, administrations, bus, trains: voici ce qui sera  l'arrt dans la rgion
Encore le bordel sur le @RERC_SNCF train mega blinde et en retard de presque 10 min. Cest quand la fin de ce cauchemar ??? #rerc #Qml
Encore un accident dans le Tram, il a bien choisi son jour lui, comme si c'tait pas assez la merde aujourd'hui putain
Entre le train qui passe une heure aprs et le bus qui part pas je sais pas comment pter un cble .
Et allez mon bus qui a un accident ptn
Et donc je suis dans le bus tranquille et je reois "on a pas cours ce matin, bonne grasse mat". P.T.D.R. Allez tous vous faire foutre !!!!!
Genre c'est pas la premire fois le bus me voit courir du coup il s'arrte et puis qd je suis devant la porte il dmarre #NTGM !
Grve TER ou pas en PACA, les trains sont  la ramasse mais les bus sont  l'heure! SNCF changerait elle de mtier ?
Il est 01:01 et le trafic est normal sur l'ensemble des lignes de RER
Il est 01:21 et le trafic est normal sur l'ensemble des lignes de RER
Il est 12:18 et le trafic est normal sur l'ensemble des lignes de RER
Il est 12:21 et le trafic est normal sur l'ensemble des lignes de RER
Il est 14:08 et le trafic est normal sur l'ensemble des lignes de RER
Il est 14:21 et le trafic est normal sur l'ensemble des lignes de RER
Ils nous ont invent un nouveau #RERD aujourd'hui. Celui qui s'arrte entre l'arrt des trains courts et des longs. Un train moyen en gros.
Infotrafic #RERC : Reprise progressive du trafic entre Juvisy et Brtigny
Infotrafic #RERC : Trafic interrompu entre Juvisy et Brtigny (application de mesure de scurit). Reprise du trafic estime  8h30
Infotrafic #RERD Reprise progressive du trafic entre #Melun et #Corbeil (Passage  niveau  Vosves : incident termin).
Infotrafic #RERD Trafic interrompu dans les 2 sens entre #Melun et #Corbeil (dysfonctionnement d'un PN  Vosves). Reprise estime  11h30
Infotrafic #RERE Dessertes modifies Paris - Chelles Gournay : Les trains supprims sont >  (incidents techniques)
Interruption du trafic  orbeil - Melun jusqu' 11h30 #RERD #BOF
J'ai courir derrire le bus comme un mongole
J'ai faillis louper mon bus, heureusement que ma mre ne dormait pas et qu'elle a pu m'amener  Auberville!
J'ai loup mon bus mais je serais la a 8h @InesInesbnl
J'ai loupe mon bus sa mre
J'ai louper le bus jviens a pied et j'ai trs mal au Coeur, j'arrive a peine a marcher, j'vais aller a l'hpital ma mere aura tt gagner -'
J'ai louper mon bus ce midi heureusement ma mre elle tait la
J'ai louper mon bus de 40 du coup ma mre me conduis  la gare
J'aime mon chat qui tire la prise de la lumire et qu'ensuite je crois que y a une panne de courant
J'attendais mon bus et l y avait truc Is' j'me suis cach derrire un garon il s'est retourn il tait trop beau j'suis parti en courant
J'en ai dj marre d'avoir repris les cours putain, mais c'est mme pas des cours que j'ai marre, mais de pass 2h dans le tram tt les jours
J'entends ma valise qui se balade dans la soute de mon bus, j'vais de nouveau devoir rentrer au fin fond pour la rcuprer
J'espre elle as pas loupe le bus sinon elle sais ce qu'il l'attend
J'espre le bus il va arriver vite parce que je suis en train congeler la
J'espre que Pierre il va pas encore louper son bus
J'espre que j'ai pas louper le bus je le rate jamais
J'suis toujours pas rentre , comment j'ai froid sa mere .. Bus de mere train de merde , lyce de merde !
J'vais pleurer, pas de prof de chimie = fin des cours, mais non j'ai grec ,Pas mon pre, ni mre, ni de bus.. Sad life
Jai de la peine pour les gens du 42. Sarrter en train  givors. Prendre un bus pour Rive de Gier et ensuite reprendre un TER
Jcomprend pas srx a par un accident qu'est-ce qui peut retarder un bus ?
Je compte aller a ma prochaine heur de cour et le bus arrive en retard et ya un accident
Je dteste courir derrire le bus mdr
Je me vois trop couter cette chanson sur le quai du rer ou ds le bus le matin ommmmg,#EMABiggestFans1D
Je montai dans le bus jle regarder par la fentre et tou mdr y continuer a courir derrire et tt met c t inutile
Je savais que j'aurai du avoir un accident avec le bus ce matin, en plus mtn il roule les portes ouvertes c'est plus facile. #niquelacompta
Je vais mettre 1h a rentrer chez moi entre le bus en panne, un accident et les bouchons  ptn
Jsuis dj prte du coup ma mre me dit de prendre le bus :(((
Juste pour avoir ce putain d'bus j'ai du courir comme une folle,m'arrter juste devant quand il roulait sauf que ce qu'on a failli m'cras
LES GENS QUI ON LES CHEVEUX GRAS ARRTER DE COLLER VOS TTES SUR LES VITRES DU BUS SVP, PARCE QUE LA BELLE TRACE APRS C'EST PAS TIP TOP
La RATP fait des travaux  coup de milliards sur le RER A...et le trafic est toujours aussi pourlingue.
La circulation des trains est interrompue dans les deux sens entre La Fert Alais et Malesherbes. Substitution mise en place #RERD #BOF
La fille derrire moi dans le bus coute Jul  fond, a va plus du tout.
Le bus a mon grand frre a fait un accident
Le bus il a faillit faire un accident il a freiner tout fort j'ai voler
Le bus il a tracer dj 20 mn que je suis la #galre
Le chauffeur du bus il s'est arrt net dans la rue sans raison du coup tout le monde l'a reprit  la gare, trop logique le chauffeur..
Le dernier train est pass il y a 7 min mais on s'arrte en pleine voie avant massy on peut m'expliquer ??? @rerb
Les agriculteurs ont pas intrt a me bloquer ou ralentir mon bus car je jure que je fais un scandale.
Louper sa correspondance de 2 min parce que le train ralenti avant d'entre en gare ...... Bref la SNCF merci bien #RERC
Ma mom m'a emmener ce matin et mon pre m'a rammener du coup j'ai pas prit le bus
Ma mre m'a dit de ne pas aller en cours parce que y a des perturbations encore pour les bus mdr yes
Ma mre m'a dpos au lyce, c'est gnial de faire que 30 minutes de voiture au lieu d'1 heure de train et bus !
Ma pauvre tu dois en avoir marre de moi tas mre dois ns emmener bc on a louper le bus Je te pique ta WiFi Je mange chez toi.. @smilexniall
Manif des agriculteurs : Bus et tram, traficperturb  #Marseille  #manif #agriculteurs
Manif. agriculteurs : stations tram Haras, Foch, Ralliement non desservies. Itinraire bus normal mais ralentissement au dpart du cortge
Manifestation demain  #Bruxelles : les trains @SNCB rouleront,Le traffic des bus @STIBMIVB sera trs fortement perturb
Manifestation nationale du 6 novembre: train, tram, bus, voiture, le point sur les perturbations  via @Levif
Mdrrr tal prs de la gare, le bus il ralenti... une beurette traversait
Meteo du #RER (#ratp) : KO () 05/11/2014 a 13:09 Trafic normal sur l'ensemble ...
Meteo du #RER (#ratp) : OK () 05/11/2014 a 01:01 Trafic normal sur l'ensemble ...
Meteo du #RER (#ratp) : OK () 05/11/2014 a 10:17 Trafic normal sur l'ensemble ...
Meteo du #RER (#ratp) : OK () 05/11/2014 a 12:25 Trafic normal sur l'ensemble ...
Meteo du #RER (#ratp) : OK () 05/11/2014 a 14:09 Trafic normal sur l'ensemble ...
Mon pre m'a envoy dans ce pays pour que je cours aprs les bus? hein! Non je crois pas non
Mtro Ligne 14 En rpercussion d'un incident technique, le trafic est ralenti sur l'ensemble de la ligne. Trafic normal sur les [1/2]
Mtro Ligne 3 En raison d'un incident technique, le trafic est ralenti sur l'ensemble de la ligne. Trafic normal sur les autres [1/2]
Mtro Ligne 6 En raison d'une panne de signalisation, le trafic est ralenti sur l'ensemble de la ligne. Trafic normal sur les au [1/2]
Mtro Ligne 8 En raison d'un voyageur malade  Ecole Militaire, le trafic est ralenti sur l'ensemble de la ligne. Trafic normal [1/2]
Ne pas appuyer sur le bouton "arrt demand" dans le bus, louper son arrt s'arrter au prochain et faire 10 minutes de plus  pied
News : Manif des agriculteurs Bus et tram, trafic perturb
Nique ca mere ca fait chier de courir pour prendre le bus
Non srx j'aurais du aller en cours ! Mais si j'tait pas tremper et que j'aurais pas attendu 50 ans pour un bus sa ne serais pas arriver
Nouvelle note sur mon blog : Ecoles, commerces, administrations, bus, trains...: voici ce qui sera  l'arrt da...
On connait tous cette meuf qui se maquille le matin ds le train, ds le bus, en cours,  la recr, en cours, midi, aprem mais qui reste moche
Panne d'un train sur la ligne #RERD. Les trains circulant entre Viry Chtillon et Corbeil Essonnes sont dtourns par Evry Courcouronnes #KO
Pas de bus pas de cours ! Ah non mon pre m'emmne
Premier jour je loupe mon bus J'EN TAIS SRE OMG
Premire fois de l'anne que je loupe mon bus c'est qu'un dbut J'pense
Putin de ca mre accident de bus... J'ai finis a midi je vien a peine de rentrer
Qu'on m'achve , j'ai pas assez dormis , j'ai cours jusque 17h , je dois attendre mon bus et j'ai que des matire scientifique ajd.
Qu'y a-t-il de mieux qu'un RER qui joue les transformers depuis CDG en train express Gare du Nord ?
Quand je suis en avance le bus est en retard, quand je suis en retard le bus est en avance, faudrait penser a cooprer un jour
Quelles sont les trois choses que tu emmnerais sur u...  Avant de repondre j'aimerai savoir , y a du courant e...
RER A En raison d'un voyageur sur les voies  Nation, le train stationne en direction de Boissy Saint-Lger. Trafic normal sur [1/2]
RER B En rpercussion d'un malaise voyageur en gare de luxembourg le trafic est perturb sur l'ensemble de la ligne. Trafic nor [1/2]
RER B En rpercussion d'un malaise voyageur en gare de luxembourg, le trafic est perturb sur l'ensemble de la ligne. Trafic no [1/2]
RER D Dysfonctionnement d'un passage  niveau  Vosves sur la ligne D u RER.En consquence, le trafic est interrompu dans les [1/3]
RT @A_C_Clarke: @ControleurPM733 @faguagliata @rerDriver @RERD_SNCF 7h aussi pour reprise du trafic TGV/TER, non ! Alors on est bien des sous voyageurs !
RT @AdRiW91: Louper sa correspondance de 2 min parce que le train ralenti avant d'entre en gare ...... Bref la SNCF merci bien #RERC
RT @AgdSteffie1D: Sur la route vers mon arrt de bus , la flemme d'aller en cours ,#EMABiggestFans1D #EMABiggestFans1D #EMABiggestFans1D
RT @Akraaaaaaam: Mon lyce croit trop qu'on viens tous en cours en avion, que les bouchons a existe pas, que les bus/mtro/RER en retard c'est des rumeurs..
RT @Assi_Yah: Quand sa sera la semaine des exam jprendrai le train avec Assia . il fait trop froid pour attendre le bus
RT @AurianneAuffray: premire fois de ma vie que je cours pour avoir un bus pour pouvoir aller bosser
RT @BillyPauline: Un vrai bonheur le matin dans le bus c'est autre chose quand il faut arrter pour aller en cours @TeamLouisDelort
RT @CeliaBrtn: La fille derrire moi dans le bus coute Jul  fond, a va plus du tout.
RT @ChWilmart: Reprise du trafic normal  8h30, puis 10h.... Allez, on dira 12h. Qu'importe, nous sommes tous  mi-temps bien sr #rerc #qml
RT @ChloeRiviere: Quand je suis en avance le bus est en retard, quand je suis en retard le bus est en avance, faudrait penser a cooprer un jour
RT @Cindouuule: Bachant a craint, je sors de ma maison avec ma mre y a une vache qui passe normal en courant devant ptdrrrr
RT @CochonSale: @SeXyLoDiE:non toujours pas, je narrive pas  courir quand je vois mon bus. Je prfre le rater et assumer mes origines. Manman bus po mo
RT @CochonSale: @maadame_ @SeXyLoDiE bus mtro tram lpoque des ngres marron est termin Babylone me fera plus courir !
RT @Galokarp: <- meuf qui prfre tre en retard que je courir aprs son bus.
RT @JeSuisDevenu: Le chauffeur du bus a ralenti par ce qu'une beurette traversait, je lui ai dis "azi passe c'est orange" #JeSuisDevenu le sauveur dlhumanit
RT @Laugh_Of_Zayn: Ma pauvre tu dois en avoir marre de moi tas mre dois ns emmener bc on a louper le bus Je te pique ta WiFi Je mange chez toi.. @smilexniall
RT @LoinLoinLoin: 05/10/2010 : Le train en classe "Bisnis" et une galre de bus pour arriver  pandangaran mais on ne regrette pas #TDM
RT @MULTIBUROPL: Manifestation nationale du 6 novembre: train, tram, bus, voiture, le point sur les perturbations  via @Levif
RT @MappyCity: Retour  un trafic rgulier sur l'ensemble de la ligne #RERA Incident termin #OK
RT @Melanie_Kah: "@RERA_RATP: 10:34, le trafic reprend progressivement (colis suspect) #RATP #RERA" a chaque jour suffit son colis...
RT @NilTon_Pogba: Tu sprint un 500m derrire le bus pr aller en cours  9h <<<<<<<<<<< et >>>>>>>>>>>>>,Arriv au LYC on te dit qu'en faite tu dbute  13h
RT @Nimno: Mon ptit frre m'a fait courir ce matin. Il s'en va. Oublie un papier important. N'a pas ses cls. M'appelle. Son bus tait pas loin..
RT @OnMaApplaudit: Le chauffeur du bus a ralenti par ce qu'une beurette traversait, je lui ai dis "azi passe c'est orange" on m'a applaudit, j'ai roul l'bus
RT @Pilosite: @RERC_SNCF 10 a 20 minutes et changements "ponctuels" de desserte ? Beau foutage de gueule dj 30 mn de retard et pas de train. #rerc #qml
RT @RERA_RATP: 10:34, le trafic reprend progressivement (colis suspect) #RATP #RERA
RT @RERA_RATP: Aujourd'hui, Pascal pour vous informer en temps rel sur l'tat du trafic du #RERA. Bon voyage et bonne matine #RATP
RT @RERA_RATP: Retour  un trafic rgulier sur l'ensemble de la ligne #RERA #RATP. Incident termin.
RT @RERB: Retour  un trafic rgulier sur l'ensemble de la ligne #RERB. Incident termin.
RT @RERC_SNCF: Infotrafic #RERC : Reprise progressive du trafic entre Juvisy et Brtigny
RT @RERC_SNCF: Infotrafic #RERC : Trafic interrompu entre Juvisy et Brtigny (application de mesure de scurit). Reprise du trafic e...
RT @RERC_SNCF: Infotrafic #RERC : Trafic interrompu entre Juvisy et Brtigny (application de mesure de scurit). Reprise du trafic estime  8h30
RT @RERD_SNCF: Infotrafic #RERD Reprise progressive du trafic entre #Melun et #Corbeil (Passage  niveau  Vosves : incident termin).
RT @RERD_SNCF: Infotrafic #RERD Trafic interrompu dans les 2 sens entre #Melun et #Corbeil (dysfonctionnement d'un PN  Vosves). Reprise estime  11h30
RT @RER_B: Comme chacun peut facilement le constater en consultant le site web de la #RATP, le trafic est rtabli sur le #RERB
RT @RER_BETAIL: Bonjour @RERB, pourquoi dire que le trafic est normal alors qu'#IDOL35 a t supprim ?
RT @Sniperovitch: 3 bus et 2 RER  l'heure. a place l'apparition de tous les prophtes, messagers et fils de dieu comme anecdotiques du coup #qml
RT @Thanou_p: Casse les couilles le RER B, toi aussi fait un malaise sur le quai, pas dans le train
RT @TomekTR: #qml #RERC : Trafic interrompu entre Juvisy et Brtigny (application de mesure de scurit). Reprise du trafic estime  8h30
RT @_Ellexa: @EstelleGymP @murielle_w @LIGNEP_SNCF mon RER E a eu du retard, le conducteur du train pour CLM a parler d'un rail cass. Mais sans plus
RT @_OnMaApplaudit: Le chauffeur du bus a ralenti par ce qu'une beurette traversait, je lui ai dis azi passe c'est orange, on m'a applaudit, j'ai roul l'bus
RT @archangel_dc: @RERC_SNCF et mercredi aussi... train Slom au dpart de bouray en retard de 7mn + omnibus + terminus juvisy #qml #rerc #raslebol #SNCF
RT @brd_lola: Ne pas appuyer sur le bouton "arrt demand" dans le bus, louper son arrt s'arrter au prochain et faire 10 minutes de plus  pied
RT @dtvr12: Encore le bordel sur le @RERC_SNCF train mega blinde et en retard de presque 10 min. Cest quand la fin de ce cauchemar ??? #rerc #Qml
RT @i24news_FR: #BREAKING - #Egypte: 13 coliers morts brls vifs dans un accident impliquant leur bus scolaire prs d'#Alexandrie
RT @imane_megherbi: Y m'font dlirer les gens qui cours pas pour avoir leurs bus zehma il veulent pas s'affiche tooz moi j'cour spa eu qui reoivent les retards
RT @juan56400: "Le chauffeur du bus a ralenti par ce qu'une beurette traversait, je lui ai dis "azi passe c'est orange"" a ma tuer mdr
RT @laprovence: Manif des agriculteurs : Bus et tram, traficperturb  #Marseille  #manif #agriculteurs
RT @lemonde_inter: Accident de bus meurtrier en Egypte
RT @lemondefr Accident de bus meurtrier en Egypte
RT @lili_cals: LES GENS QUI ON LES CHEVEUX GRAS ARRTER DE COLLER VOS TTES SUR LES VITRES DU BUS SVP, PARCE QUE LA BELLE TRACE APRS C'EST PAS TIP TOP
RT @nexus006: @RERC_SNCF trafic normal quoi! Pourvu que a dure... #qml
RT @nitroglyceriine: Trafic perturb entre #Auber et #Nation #RERA
RT @painchaudrizo: Avec #RERC c'est comme un jour sans fin. Tu prend le train =>pbs peu importe le jour/heures/calendrier lunaire etc #qml
RT @smxleoflouis: deja t'as Margaux elle m'appelle a la derniere minute pour que j'aille chez elle, donc voila , sur la route de mon bus ya eu un accident -
RT @spoum42: @Rerc_sncf zro alertes mais circulation des trains arrte entre Brtigny et Juvisy. Bien a. #Qml
RT @spoum42: train arrt en pleine voie  100m de Brtigny. Prenez nous pour des cons! Y'a plus de quai ou bien? #Rerc #Qml
RT @typique_STIB: Devinette : Comment appelle-t-on un bus de la STIB qui arrive  l'heure ? Un accident.
RT @webdo_tn: Accident de la route entre un bus scolaire et une Hummer  Kasserine : 6 militaires lgrement blesss  #Tunisie
Rappel : rien ni personne ne perturbe le trafic du #RERC #OK
Rappel : rien ni personne ne perturbe le trafic du #RERE #OK
Reprise du trafic normal  8h30, puis 10h.... Allez, on dira 12h. Qu'importe, nous sommes tous  mi-temps bien sr #rerc #qml
Reprise progressive du trafic entre Juvisy et Brtigny #RERC #OK
Reprise progressive du trafic entre Melun et Corbeil sur la ligne #RERD incident termin #OK
Retour  un trafic rgulier sur l'ensemble de la ligne #RERA #RATP. Incident termin.
Retour  un trafic rgulier sur l'ensemble de la ligne #RERA Incident termin #OK
Retour  un trafic rgulier sur l'ensemble de la ligne #RERB. Incident termin.
Sa mre je suis tellement bien rveiller que y'a moy je loupe le bus
Se lever, se prparer, attendre le bus, regarder une dernire fois son emplois du temps, n'avoir finalement pas cours.........
Se matin j'ai oublier mon sac de cours dans le bus sa a fait rire tout le monde
Si j'rate le bus j'vais pas en cours j'dis a ma mre le bus est pas passe
Si je loupe pas le bus ce sera un miracle
Si ya pas mon bus sa veut dire que je vais pas en cours et donc sa me fera 3jours sans tre aller au lyce mdr hella
Sur la route vers mon arrt de bus , la flemme d'aller en cours ,#EMABiggestFans1D #EMABiggestFans1D #EMABiggestFans1D
Tout  l'heure comme par hasard y'a eu un accident de tram au moment o il s'est mit  pleuvoir. Attendre le bus 30mn sous la pluie.. Fait..
Trafic interrompu dans les 2 sens entre Melun et Corbeil. Reprise estime  11h30 #RERD #BOF
Trafic interrompu entre Juvisy et Brtigny. Reprise du trafic estime  8h30 #RERC #BOF
Trafic normal sur le #RERD #OK
Trafic perturb entre #Auber et #Nation #RERA
Trafic trs perturb en direction de Saint-Quentin-en-Yvelines... @RERC_SNCF
Train supprimer merci #RerD. Les trains ont moins de problme quand une grve est mise en place #chercherlalogique
Tu sprint un 500m derrire le bus pr aller en cours  9h <<<<<<<<<<< et >>>>>>>>>>>>>,Arriv au LYC on te dit qu'en faite tu dbute  13h
Un bus accident circule sur une route en gypte
Un bus accident circule sur une route engypte!
Un bus accident en circulation  #news #USA
Un bus accident en circulation  via @koreuscom
Un bus accident en circulation -  - koreus
Un bus accident en circulation: @YouTube araclyla
Un bus fortement accident circule sur une route du delta du Nil, en gypte. WTF ?,
Un vrai bonheur le matin dans le bus c'est autre chose quand il faut arrter pour aller en cours @TeamLouisDelort
Une pitonne renverse par un bus  la rue du Rhne: L'accident s'est produit vers 14h20. Un cardiomo...  #Genve
Vas-y je ferais pas 1heure de bus matin-soir je tafferai trop les cours en vrai. Mais la j'rentre j'veux juste dormir
Vido : Un bus accident circule sur une route en #gypte
Vous rendez ouf.. @RERC_SNCF: Infotrafic #RERC : Reprise progressive du trafic entre Juvisy et Brtigny
Y m'font dlirer les gens qui cours pas pour avoir leurs bus zehma il veulent pas s'affiche tooz moi j'cour spa eu qui reoivent les retards
Y'a quelqu'un qui couter j'suis qu'un thug a fond dans le bus a m'a fait rire !
Youpi ! Retour  un trafic normal et rgulier sur l'ensemble de la ligne #RERB #OK
[VIDEO]Compilation des accidents de bus..,Une compilation de vidos qui comprend les accidents de bus dans tout...
a fait trois jours qu'on a repris a fait 4 fois que je me loupe le bus jsuis a bout
dehors il faisait super froid, j'aurai du couter ma mre et prendre mon manteau m'enfin bref... j'ai pris le bus
deja t'as Margaux elle m'appelle a la derniere minute pour que j'aille chez elle, donc voila , sur la route de mon bus ya eu un accident -
demain mn pre ns emmne au bahut, donc j'peux dormir un peu + et g pas besoin de courir aprs mn bus
et vu comme j'ai rat mon bus ma mre a du m'emmener et on a frol l'accident sur la route on a bloqu toute la route j'ai eu trop peur
faut que je check des bus ou qqch comme a pour y aller, a sera toujours moins cher que le train
hier j'ai loup le bus, du coup ajd mon pre me presse
j'ai rver que elsa loupais le bus mdrrrrrr
j'ai terminer mon premier exo, le deuxime jle ferais un peu avant le cours et dans le bus si jsuis assise mais y a 2% de chance mdrr
j'aimerais bien faire genre j'ai rat mon bus but mon pre est l du coup il va vouloir m'emmener si je lui dit ...
j'suis encore dans le rer et les cours m'soule dj, c normal a ?
jai trop de cours  rattraper pcq je rate au moins 1/3 mon bus donc je rate trjs la premire heure
jcoutais ma musique ds le bus pis 2 boules puantes humaines snt venu se mettre derrire, lair est devenu nausabond
je vais prendre le rer parce que dans le bus y'a trop de ttes de cons des le matins et ils parlent alors je peux pas couter ma musique
journe dans les transports: bus, tram, train, rer, metro, train
louper son rveil et enchaner en ratant son bus, nan franchement j'ai fais le combo ce matin
mdr talheure jt seule chez moi avec mon frre et il est venue vers moi en courant & pleurant en disant qu'il avait vu un clown dans l'entre
premire fois de ma vie que je cours pour avoir un bus pour pouvoir aller bosser
si c'midi jpeux pas prendre le 1er bus jvais pleurer tte les larmes de mon corps jcrois
tellement il a plu que le poteau lectrique de vers chez moi est tomb, du coup le bus est pas pass, du coup j'ai pas cours mdrrr
train arrt en pleine voie  100m de Brtigny. Prenez nous pour des cons! Y'a plus de quai ou bien? #Rerc #Qml
un bus accident circule sur une route en gypte
