#TGV-Est #TER-VDM #RerE + #LigneP Meaux - perturbs suite  individus dans les voies au Raincy. Trafic temporairement interrompu.
. @gdechanterac @JesusRedempteur @HerveMariton son courant issu de la Manif Pour Tous sera marginalis  l'UMP avec 6%
09:19, le trafic est ralenti de Denfert vers St-Remy / Robinson (panne de matriel) #RERB
@ArianaRPGLW ARIANAAAAAAAAA *eclate de rire et te suit en courant mais se prends la porte quand tu la ferme mdr msk*
Aprs j'lui dis "nn j'vais pas dire a ta mere mais a ton pere" il est parti en courant pleurer derrire les rideaux mdrrr #2
Il est 10:18 et le trafic est normal sur l'ensemble des lignes de RER
Il est 10:28 et le trafic est normal sur l'ensemble des lignes de RER
J'arrive devant le supermarch je pose le vlo et je pars en courant derrire pour taper le code et entrer par la porte de derrire #2
J'espre vous aurez pas de neige  Nol car de 1 la neige c'est moche de 2 y'a mme plus de bus ni de train.
Meteo du #RER (#ratp) : OK () 30/11/2014 a 10:17 Trafic normal sur l'ensemble ...
Mmmmdr wllh au bled le bus il s'arrte pas , il ralenti a toi de mont ou des saut pour descendre #LRT
Mtro Ligne 2 En rpercussion d'un voyageur malade, le trafic est ralenti sur l'ensemble de la ligne. Trafic normal sur les aut [1/2]
Mtro Ligne 3 En raison d'un incident technique, le trafic est interrompu entre les stations Pre Lachaise et Opra. Trafic no [1/2]
Mtro Ligne 6 En raison d'un incident technique  La Motte Picquet Grenelle, le trafic est ralenti sur l'ensemble de la ligne.
Mtro Ligne 9 En raison d'un colis suspect  la station Oberkampf, le trafic est interrompu entre Havre Caumartin et Nation. Re [1/2]
Mtro Ligne 9 En raison d'un incident technique, le trafic est ralenti sur l'ensemble de la ligne. Trafic normal sur les autres [1/2]
Mtro Ligne 9 En raison d'un incident technique, le trafic est ralenti sur la ligne Trafic normal sur les autres lignes de Mtro.
Mtro Ligne 9 En rpercussion d'un colis suspect  la station Oberkampf, le trafic est ralenti sur l'ensemble de la ligne. Tra [1/2]
Mtro Ligne 9 En rpercussion d'un incident technique, le trafic est ralenti sur la ligne. Trafic normal sur les autres lignes de Mtro.
Pas de Goal Line technology en Serie A... ils sont au courant pour la rgle des 6 secondes sinon? Faut tout reprendre depuis le dbut.
Prfreriez vous la suite de Metro Last Light en premier ou une exclu Left 4 dead 2 en coop ?
RER B En raison d'une panne de matriel, le trafic est ralenti de Denfert-Rochereau vers Saint-Rmy-les-Chevreuse / Robinson. T [1/2]
RER B En rpercussion d'une panne de matriel, le trafic est ralenti de Denfert-Rochereau vers Saint-Rmy-les-Chevreuse / Robi [1/2]
RT @Evous: En raison de travaux de modernisation, le trafic sur la ligne 1 du RER sera totalement interrompu pendant un mois...
RT @Inconito930: Aprs j'lui dis "nn j'vais pas dire a ta mere mais a ton pere" il est parti en courant pleurer derrire les rideaux mdrrr #2
RT @LeVraiHoroscope: Dans un film d'horreur, le #Scorpion serait celui qui sortirait en courant par la porte d'entre plutt que de monter les escaliers.
RT @OnMaApplaudit: Le chauffeur du bus a ralenti par ce qu'une beurette traversait, je lui ai dis "azi passe c'est orange" on m'a applaudit, j'ai roul l'bus
RT @RERB: 09:19, le trafic est ralenti de Denfert vers St-Remy / Robinson (panne de matriel) #RERB
RT @SmileyTrains: #TGV-Est #TER-VDM #RerE + #LigneP Meaux - perturbs suite  individus dans les voies au Raincy. Trafic temporairement interrompu.
RT @Soldat_Algerien: J'arrive devant le supermarch je pose le vlo et je pars en courant derrire pour taper le code et entrer par la porte de derrire #2
RT @icecmapv: J'espre vous aurez pas de neige  Nol car de 1 la neige c'est moche de 2 y'a mme plus de bus ni de train.
RT @tobiashields: 14) Dans le 2, ils ont remis le courant dans la clture
Tenz bon ! Le trafic est ralenti de Denfert vers St-Remy / Robinson  cause d'une panne de matriel #RERB #BOF
Un jour j'etais dehor avec les petit jportai ma ptite couz 1ans mes frere et soeur 10,8,6 on na couru apre un bus et lbatad ses mm pa arret
nson. Trafic normal sur les autres lignes de RER. [2/2]
rafic normal sur les autres lignes de RER. [2/2]
