#RERD Le trafic est interrompu dans les deux sens entre Corbeil Essonnes et La fert Alais en raison
- il prend un bus en ligne directe vers meulan. n'oublions pas que son train vers la gare tait coinc dans une gare et il savait pas o
06:37, le trafic est perturb de Aulnay vers St-Remy / Robinson (incident voyageur) #RERB
@RERB suite un voyageur tombe entre le quai et le train (incident termin) en gare d'Aulnay sous Bois, le trafic est perturb jusqu' 10h
@s_cubik @Herbefol Au moins il a pas ralenti le RER #pardon (j'espre que a va quand mme)
A chaque fois que mon tram arrive, mon chauffeur de #bus ralenti exprs pour que je le rate. Enfoir va.
Alerte ! Le trafic est interrompu sur la ligne #RERD sur l'axe Corbeil Essonnes - Malesherbes jusqu' 16h00 #KO
Aprs le bus en panne on voie un accident de 5 voitures :0
En fait mon rer part 5min a l'avance pour rouler au ralenti , azi
Et c'est parti !  "@RERB: 06:37, le trafic est perturb de Aulnay vers St-Remy / Robinson (incident voyageur) #RERB"
Infotrafic #RERD [MAJ ]Le trafic est interrompu entre Corbeil Essonnes et La fert Alais jusqu' 16h30
Infotrafic #RERD [MAJ] Reprise progressive du trafic entre Corbeil Essonnes et La fert Alais
Mtro Ligne 5 En raison d'un malaise voyageur, le trafic est ralenti en direction de Bobigny-Pablo-Picasso Trafic normal sur les [1/2]
Mtro Ligne 6 En raison d'une panne de signalisation, le trafic est ralenti sur l'ensemble de la ligne.
Mtro Ligne 6 En raison d'une panne de signalisation, le trafic est ralenti sur l'ensemble de la ligne. Trafic normal sur les au [1/2]
Mtro Ligne 6 En raison d'une panne de signalisation, le trafic est ralenti sur la ligne. Trafic normal sur les autres lignes de Mtro.
Mtro Ligne 9 En raison d'une panne de matriel, le trafic est ralenti sur l'ensemble de la ligne Trafic normal sur les autres [1/2]
Mtro Ligne 9 En rpercussion d'une panne de matriel  Mairie de Montreuil, le trafic est ralenti sur l'ensemble de la ligne [1/2]
Pas de bol ! Le trafic est perturb sur la ligne #RERB entre Aulnay Sous Bois et Robinson et Saint-Rmy Ls Chevreuse #KO
RER B En rpercussion d'un incident voyageur  Aulnay sous Bois, le trafic est perturb en direction de Saint-Rmy-les-Chevre [1/2]
RT @NasisLibrary: Veuillez prendre note que la bibliothque sera ferme l'aprs-midi du 4 Mars, en raison d'une panne de courant planifie. Merci
RT @OnMaApplaudi: Le chauffeur du bus a ralenti par ce qu'une beurette traversait, je lui ai dis azi passe c'est orange, on m'a applaudit, j'ai roul l'bus
RT @OnMaApplaudit: Le chauffeur du bus a ralenti par ce qu'une beurette traversait, je lui ai dis "azi passe c'est orange" on m'a applaudit, j'ai roul l'bus
RT @RERB: 06:37, le trafic est perturb de Aulnay vers St-Remy / Robinson (incident voyageur) #RERB
RT @RERD_SNCF: Infotrafic #RERD [MAJ ]Le trafic est interrompu entre Corbeil Essonnes et La fert Alais jusqu' 16h30
RT @ratp78190: @RERB suite un voyageur tombe entre le quai et le train (incident termin) en gare d'Aulnay sous Bois, le trafic est perturb jusqu' 10h
RT @tfeniram: Salut @RERD_SNCF, vous pouvez me rembourser l'essence que j'ai du utiliser parce que le train de 6h45 tait supprim on ne sait pourquoi?...
Salut @RERD_SNCF, vous pouvez me rembourser l'essence que j'ai du utiliser parce que le train de 6h45 tait supprim on ne sait pourquoi?...
Veuillez prendre note que la bibliothque sera ferme l'aprs-midi du 4 Mars, en raison d'une panne de courant planifie. Merci
