#CoursesdeStrasbourg : le rseau bus-tram perturb dimanche, les prvisions de trafic par ici
#Perturbations #RERD, le train ROVO en gare de CHATELET-LES-HALLES, et  destination de CORBEIL-ESSONNES est #Retard
#RERA #BOF : les trains circulent comme un samedi entre Nanterre Prfecture et Poissy / Cergy le Haut !
#RERA Ralenti : panne de matriel
#RERD interrompu : panne dun train  Saint-Fargeau-Ponthierry - Pringy.
#weekendrouge @RERC_SNCF Bonjour, aujourd'hui le trafic est interrompu seulement entre Choisy et Massy via Juvisy ?
11:22, le trafic est ralenti de Houilles Carrieres-sur-Seine vers Cergy-Le-Haut (panne de matriel) #RATP #RERA
11:22, le trafic est ralenti de Houilles Carrieres-sur-Seine vers Cergy-Le-Haut (panne de matriel) #RATP #RERA via @RERA_RATP
11:38, le trafic est ralenti sur la ligne (panne de matriel) #RATP #RERA
11:38, le trafic est ralenti sur la ligne (panne de matriel) #RATP #RERA via @RERA_RATP
@Lenoushette95 @Stanichouu en plus ma mere dort (elle fait le pont tchip) du coup jdois aller a pied jusqua mon arret de bus :'( c triste
@VIPSLyon j'ai attrap le tram qui arrivait au moment ou le signal 'trafic interrompu" s'allumait. on se boira donc une bire bientt !
@paulcinestuff nope mais j'ai des travaux sur mes lignes de train et rer le soir. La dernire fois je suis parti  22h je suis rentr  3h
Alerte ! Le trafic est perturb au niveau de la ligne #RERA #BOF
Aujourd'hui, Laurent de la #RATP vous informe en temps rel de l'tat du trafic de votre #RERA
Bonjour, Jacques de la #RATP vous informe en temps rel de l'tat du trafic de votre #RERA
Bonne nouvelle ! Retour  un trafic rgulier sur l'ensemble de la ligne #RERA #OK
Chouette ! Trafic rtabli sur la ligne #RERD #OK
Des travaux de maintenance entranent des interruptions partielles de trafic sur le #RERA en mai 2015. En savoir +
Donc l, un couple a besoin de l'aide de 2 agents ratp pour choper des tickets de rer.
Donc non seulement j'ai cours pendant que d'autres font le pont mais en plus y'a des galres de RER orrh flemme
En fait ta raison mon frre  des louboutins g t mme pas au courant @littleSarouch
Enft il courait vers ma chambre mais y'a eu un courant d'air et la porte a claqu pile quand il arrivait MDRRRRRRR
Enpls en courant Melissa elle a lcher la porte sur moi tchaaa j'allai tomber en arrire
Et aujourd'hui trafic perturb ?
Falou il gere d 2001 c un pointeur mm taleur ya un pti de genre 5 il la regarder il c enfui en courant mdr
Ils veulent fluidifier le trafic du RER B
Ils veulent fluidifier le trafic du RER B: Des manifestants ont interpell la direction du Stif,  Paris, merc...
Infotrafic #RERD : Reprise du trafic entre Corbeil et Melun (panne d'un train  St-Fargeau, incident termin)
Infotrafic #RERD : Reprise du trafic entre Corbeil et Melun (panne d'un train  St-Fargeau, incident termin) via @RERD_SNCF
Infotrafic #RERD Interruption entre Melun et Corbeil, dans les deux sens jusqu' 9h15 (panne d'un train  St-Fargeau)
Infotrafic #RERD [MAJ] Interruption entre Corbeil et Melun, dans ce sens jusqu' 10h (panne d'un train  St-Fargeau)
Infotrafic #RERD [MAJ] Interruption entre Corbeil et Melun, ds ce sens jusqu' 10h45 (panne d'un train  St-Fargeau)
J'en arrive  louper mon bus  2 minutes prs.. Idem pour le colis du coup, je peux le rcuprer qu'aprs 14h. *Position foetal*
Les trains circulent comme un samedi entre Nanterre Prfecture et Poissy / Cergy le haut au niveau de la ligne #RERA #OK
Ma mre qui vient me rveiller et me dit que je suis en retard, arriver dans la voiture en courant et elle me rappelle que je fais le pont
Meteo du #RER (#ratp) : KO () 15/05/2015 a 22:01 Trafic normal sur l'ensemble ...
Meteo du #RER (#ratp) : OK () 15/05/2015 a 01:06 Trafic normal sur l'ensemble ...
Meteo du #RER (#ratp) : OK () 15/05/2015 a 12:17 Trafic normal sur l'ensemble ...
Mon frere il est au college il m'raconte des histoires des conneries dcollegien a 2 bal il est pas au courant j'ai fait 5colleges diffrents
Nous vous rappelons, qu'aujourd'hui, les trains et RER circulent comme un samedi sur l'ensemble des lignes LAJ.
Oups ! Le trafic est ralenti de Houilles Carrieres-sur-Seine vers Cergy-Le-Haut, sur la ligne #RERA #BOF
Pas de bol ! Trafic interrompu sur la ligne #RERD entre Melun et Corbeil-Essonnes #KO
Perturbation sur le rseau #Tram de la #TAM mais trafic normal pour le match #MHSCPSG
Ping-pong entre potes : Jouer vraiment : 5%. Courir dans la salle r cup rer la balle : 95%.
Premire fois que je loupe le bus, en mme temps si on faisait le pont..
Profitez du trafic fluide au niveau de la ligne #RERD #OK
Quand il fera plus beau j'irai chez @curlycurls_ en courant et on courra ensemble. Ok? Ok.
RT @75213_: Mon frere il est au college il m'raconte des histoires des conneries dcollegien a 2 bal il est pas au courant j'ai fait 5colleges diffrents
RT @CeliaCeliaaaaa: Premire fois que je loupe le bus, en mme temps si on faisait le pont..
RT @Crowd2Win: Une 1re mondiale: en tournant ds la mer, les 2 turbines vont produire du courant comme une olienne. #Thetis2015
RT @MappyCity: #RERA #BOF : les trains circulent comme un samedi entre Nanterre Prfecture et Poissy / Cergy le Haut !
RT @MappyCity: Les trains circulent comme un samedi entre Nanterre Prfecture et Poissy / Cergy le haut au niveau de la ligne #RERA #OK
RT @MappyCity: Rappel ! Les trains circulent comme un samedi entre Nanterre Prfecture et Poissy / Cergy le Haut, dans les deux sens, sur le #RERA #OK
RT @OnMaApplaudi: Le chauffeur du bus a ralenti par ce qu'une beurette traversait, je lui ai dis azi passe c'est orange, on m'a applaudit, j'ai roul l'bus
RT @RERA_RATP: 11:22, le trafic est ralenti de Houilles Carrieres-sur-Seine vers Cergy-Le-Haut (panne de matriel) #RATP #RERA
RT @RERA_RATP: 11:38, le trafic est ralenti sur la ligne (panne de matriel) #RATP #RERA
RT @RERA_RATP: Des travaux de maintenance entranent des interruptions partielles de trafic sur le #RERA en mai 2015. En savoir +
RT @RERD_SNCF: Infotrafic #RERD Interruption entre Melun et Corbeil, dans les deux sens jusqu' 9h15 (panne d'un train  St-Fargeau)
RT @RERD_SNCF: Infotrafic #RERD [MAJ] Interruption entre Corbeil et Melun, ds ce sens jusqu' 10h45 (panne d'un train  St-Fargeau)
RT @UnePeteSec: En fait ta raison mon frre  des louboutins g t mme pas au courant @littleSarouch
RT @WMyWay_Mobile: Infotrafic #RERD [MAJ] Interruption entre Corbeil et Melun, dans ce sens jusqu' 10h (panne d'un train  St-Fargeau)
RT @faitlesfils: Falou il gere d 2001 c un pointeur mm taleur ya un pti de genre 5 il la regarder il c enfui en courant mdr
RT @fm1069: Un grave accident cause une panne de courant  Mkinac. Le conducteur est entre la vie et la mort. #fm1069
RT @galeRERAfr: #RERA Ralenti : panne de matriel
Rappel ! Les trains circulent comme un samedi entre Nanterre Prfecture et Poissy / Cergy le Haut, dans les deux sens, sur le #RERA #OK
Retour  un trafic rgulier sur l'ensemble de la ligne #RERA #RATP. Incident termin.
Retour  un trafic rgulier sur l'ensemble de la ligne #RERA #RATP. Incident termin. via @RERA_RATP
Train en panne vers Ponthierry; traffic ralenti encore Corbeil et Melun #rerd
Travaux RER C : pas de train sur plusieurs lignes jusqu dimanche: En raison de travaux derenouvellementde...
Un grave accident cause une panne de courant  Mkinac. Le conducteur est entre la vie et la mort.
Un grave accident cause une panne de courant  Mkinac. Le conducteur est entre la vie et la mort. #fm1069
Une fois je prend le RER, je tombe sur un autre sosie de Killer Bob : j'tais sur le point de faire un malaise dans le train
