"car c'est ainsi que nous allons, barques luttant contre un courant qui nous ramne sans cesse vers le pass"
#RipRise & #RipEunB,Preuve quand Core du Sud, les accidents de voiture sont trs courant.
18:10, le trafic est interrompu entre Noisy-le-Grand et Torcy (accident grave de voyageur) #RATP #RERA
@Alexfrq_ d'acc bah reste sur snap comme a je te tient au courant quand j'y suis vers 16:00 bon?
@AnaisC_Source On en fera gagner lors de notre quizz gant, sinon on fera des concours surement dans le courant du mois :)
@LilyRPGUNY2 j'sais pas si t'es au courant mais j'ai emmnager avec lip *sourit et tourne la tte vers toi *
@Melle_Stephie @Shyniii @enkimy @TasteMySeoJuice oki tu nous tiens au courant pour les dates et on se fera un apro
@Mo69OLFeminin parce qu'on repartirai vers 18h, environ 5/6h de Bus au retour et ya des chances que je raterai le dernier train pour Saint
@MrClems_ Attention elle chie  peu prs tous les 100 pas (environ un tour en courant de la plage jusquau pont vers lle 1)
@SwanRPGTHill *ouvre doucement la porte et filme discrtement le prof jusqu'au bout, puis reprend ta main et part en courant morte de rire*
@Thomas_Leitao_P J'arrive vers 7h35-40 donc on se tient au courant par messages !! :)
@amadoudejc La chose il va venir en courant vers toi tu va hler
@annebormans Je ne suis pas au courant. As-tu un lien vers plus d'infos ?
@heartxfziall bah j ai un livre a lire donc jsp, on peut se tenir au courant vers 15h30??
@oxmsg mais ouais elle part en courant quand je vais vers elle, alors peut tre que toi elle t'aimera
Alice me fait trop rire " tu me tiens au courant on fera des ptes ensembles !" Ahaha
Aprs j'vois mon zizi il se dtache il commence a partir en courant vers nicky
C qd on peux allonger nos jambes dans les trains rer mtro bus bordel de merde mes jambes c'est pas des querres a rester plier tt le temps
C'est ainsi que nous avanons, barque  contre courant, sans cesse ramene vers le pass. Gatsby le magnifique
Demain j'ai pas de bus vers midi pour mon train
Depuis 18h10 accident de personne zone #RATP #RERA trafic interrompu entre Noisy-le-G. et Torcy. Reprise vers 20h env.
Du coup j'dois prendre le bus de 7h30 sinon a fera trop tard aprs
Encore quelques minutes de patience ! Le trafic reprend tout doucement sur la ligne #RERA #BOF
Exclusivit Twitter & Youtube : A la rentre de ma chaine youtube, une 2me FAQ sera faite et je vous tiendrai au courant sur mes nouveauts
Fou-rire. Annonce dans la rame de rer d'un accident grave de voyageur plus loin, donc changement de terminus.
Il est trop mignon le gamin, il vient vers moi, il me souris, je lui souris, et il part en courant tout gn, au moins 4 fois de suite
J'ai le mord, le rer A tant bloqu  cause d'un accident de voyageur j'ai mis 2h30 pour rentrer soit 5 bus pr aller  Paris..suis morte
J'espre que j'vais pas encore arriver en retard en cours demain, par prcaution je prendrai un autre bus
Le conducteur du @RERA_RATP vient de nous annoncer un suicide  la gare de Noisy Champs avant de se reprendre en disant "accident grave"...
Le trafic reprend progressivement entre Noisy-le-G. et Torcy (suite accident de personne  18h10). #RERA
Le trafic reprend progressivement entre Noisy-le-Grand et Torcy (accident grave de voyageur) #RATP #RERA
Ma journe de demain: rveil 4h, 2h30 de ter, 40 min de bus, 7h de cours, et 1h30 d'tude obligatoire, tout a dans le plus grand des calmes
Mdr jvois Pogba arriver en courant vers moi comme il le fait la, le ballon j'lui laisse mme j'lui ramasse et j'lui donne
Mn pre est pas un pompier pour rien il est monte la haut et m'a fait "cycy dans ton bain t'as rien qui est branch au courant ?" j'ai 16ans
Mon bb chat d'amour est venu en courant vers moi dehors et l il squatte mon sac. Je dmnage demain, j'crois qu'il veut pas que je parte.
Ne JAMAIS hsiter entre la 14 et le RER C : fin du trafic 23h30, pas d'explication 15 min  Paris = 1re envie de meurtre a commence bien !
Ne pas tre directioner, et tre au courant que la grand-mre d'Harry est dcde + guerre entre les larry & loueanor. La magie Twitter.
On tait une vingtaine de metalleux  se taper 40min dans Torcy aprs le fest pour trouver le RER.,Puis on a envahi les trains. e____e
Patience les amis ! Suite  un accident grave de voyageur, le trafic est interrompu entre Noisy le Grand et Torcy sur la ligne #RERA #KO
Quiqui vient de se vautrer en courant vers le mtro? #MomentEpique
RT @DupleixMelissa: C qd on peux allonger nos jambes dans les trains rer mtro bus bordel de merde mes jambes c'est pas des querres a rester plier tt le temps
RT @Laaurandfriends: @Thomas_Leitao_P J'arrive vers 7h35-40 donc on se tient au courant par messages !! :)
RT @Lunon92: Depuis 18h10 accident de personne zone #RATP #RERA trafic interrompu entre Noisy-le-G. et Torcy. Reprise vers 20h env.
RT @Lunon92: Depuis 18h10 accident de personne zone #RATP #RERA trafic interrompu entre Noisy-le-G. et Torcy. Reprise vers 20h env. #qml
RT @Lunon92: Le trafic reprend progressivement entre Noisy-le-G. et Torcy (suite accident de personne  18h10). #RERA
RT @Lunon92: Trafic interrompu entre Noisy-Le-G. et Torcy #RERA suite accident grave de voyageur.
RT @Mahier01L: Sa me fait rire les personnes qui se permettre de me critiquer,alors que vous n'tes mme pas au courant de se que j'ai endurer!
RT @PtitCraaf: Si demain y'a un accident entre deux voitures y'aura toujours quelqu'un pour te dire qu'il y avait 4 voitures et un bus alors k i pt la
RT @RERA_RATP: 18:10, le trafic est interrompu entre Noisy-le-Grand et Torcy (accident grave de voyageur) #RATP #RERA
RT @RERA_RATP: Le trafic reprend progressivement entre Noisy-le-Grand et Torcy (accident grave de voyageur) #RATP #RERA
RT @RERA_RATP: Reprise estime vers 20h. le trafic est interrompu entre Noisy-le-Grand et Torcy (accident grave de voyageur) #RATP #RERA
RT @RosalieFeuillet: C'est ainsi que nous avanons, barque  contre courant, sans cesse ramene vers le pass. Gatsby le magnifique
RT @Sarahprnt: Mdr jvois Pogba arriver en courant vers moi comme il le fait la, le ballon j'lui laisse mme j'lui ramasse et j'lui donne
RT @TomekTR: RT @Lunon92: Depuis 18h10 accident de personne zone #RATP #RERA trafic interrompu entre Noisy-le-G. et Torcy. Reprise vers 20h env. #qml
RT @UFO_Attack: On tait une vingtaine de metalleux  se taper 40min dans Torcy aprs le fest pour trouver le RER.,Puis on a envahi les trains. e____e
RT @ZeldaCrambert: @RERC_SNCF Modernisation des voies  Ivry ce WE Les vieux panneaux de voie sont mis par le crabe sur 1 train travaux.
RT @ZeldaCrambert: @RERC_SNCF Modernisation des voies  Ivry ce WE. La dgarnisseuse en action : elle rcupre et trie le vieux ballast.
RT @ilyesmorroco: @Alexfrq_ d'acc bah reste sur snap comme a je te tient au courant quand j'y suis vers 16:00 bon?
RT @wtfahd: il est presque minuit et jsuis dans le RER D au terminus RT si jvais me faire violer + dcouper en morceau + jeter mes restes dans la seine
RT @xxHumanoid_: Ne pas tre directioner, et tre au courant que la grand-mre d'Harry est dcde + guerre entre les larry & loueanor. La magie Twitter.
Reprise estime vers 20h. le trafic est interrompu entre Noisy-le-Grand et Torcy (accident grave de voyageur) #RATP #RERA
Sa me fait rire les personnes qui se permettre de me critiquer,alors que vous n'tes mme pas au courant de se que j'ai endurer!
Si demain y'a un accident entre deux voitures y'aura toujours quelqu'un pour te dire qu'il y avait 4 voitures et un bus alors k i pt la
Tiens, hier vers 14h,  Muse d'Orsay vers St Michel, tous les RER C taient affichs "retard" et le micro tait coup.
Trafic interrompu entre Noisy-Le-G. et Torcy #RERA suite accident grave de voyageur.
bon le retour c'tait moi le paradis........ "accident grave voyageur" il fallait prendre des bus et tout
demain retour  la ralit, fini les vacances, fini le Vespa pour aller en cours, maintenant c'est le RER pour aller en amphi
il est presque minuit et jsuis dans le RER D au terminus RT si jvais me faire violer + dcouper en morceau + jeter mes restes dans la seine
j'veux dployer mes ailes, foncer contre-courant couronne baisse,Cerveau bless, paumes vers le ciel
les neutres vous me faites rire bc vous vous dites neutres mais si un jour yen a un seul des 5 qui fait son c-o vous partez en courant
les voyageur du RER B comment il foutent le seul a pousser tt l'temp.,s'pas l'dernier train d'la semain attendez 5 min putain !
