"@LeParisien_93: RER B : trafic perturb aprs l'incendie d'un camp de Roms  La Courneuve "
"@LeParisien_95: RER B : trafic perturb aprs l'incendie d'un camp de Roms  La Courneuve " i casse les couil
"@South_bulding: vos mre st au courant qd vs prenez lr perruque pr fr des vines pr fr rire des blancs ?" la mienne elle a pas de perruque
"@le_Parisien: RER B : trafic perturb aprs l'incendie d'un camp de Roms  La Courneuve "
"@rtlinfo: Un piton renvers par un tram  Etterbeek: plus de trams, trafic ralenti "
"Alors....Paris ? " elle est au courant de quelque chose la copine de mon frre...
"Normal que les frres me tiennent au courant... Ils se sont fait tazer"
#Actualite #Belgique Accident mortel  Etterbeek: la circulation des trams a repris vers 16h30  de Othmane El Rhazi.
#Actualits  Accident entre un scooter et un bus des TPG: Une collision sest produite jeudi en fin daprs-m...
#GRANDMAG RER B : trafic perturb aprs l'incendie d'un camp de Roms  La Courneuve #RapMaGalaxie
#Paris #Idf RER B : le trafic perturb jusqu midi aprs un incendie: TRANSPORT  Suite  un incendie dans un...
#SiJeJouaisDansUneSerie je serai le genre de mec qui flippe  chaque petit bruit chelou et qui me casse en courant quand je vois le tueur
#Yvelines : RER B : trafic perturb aprs l'incendie d'un camp de Roms au Bourget: Le trafic est trs perturb...
#flash Paris : trafic ralenti sur la ligne du RER B
#valdemarne RER B : trafic perturb aprs l'incendie d'un camp de Roms  La Courneuve: Le trafic est trs pert...
(un membre de ma famille est malade et du coup je rcupre sa place de bus aller-retour)
- le bus direction chez moi il tait dj passer du coup j'ai du appeler ma mere pour qu'elle vienne me chercher
- sapin de Nol courant dans la mer pour rcolter des fonds pour l'association Cancer Connections! Merci  tous les participants du -
...j veux avwir du courant sur tout l ligne,car Dieu notre tendr per a chac1 donne.l vie sur son trone par l royal telephone<ALLO!>
.@__Xpress merci ! Je vais voir comment procder pour l'achat ;-) je te tiens au courant
2 messages que je recoit 'marjo, il y a @TalOfficial maintenant dans nos chre voisin' ils sont trop mignon mais je suis au courant de tout
: RER B : trafic perturb aprs l'incendie d'un camp de Roms  La Courneuve
@534James mdrrr tqt tu seras le 1er au courant
@AidenWeiper_RP *clate de rire et part en courant, prparant une ventuelle vengeance*
@Alec_Carrow *Entend une alerte  la folle sonner dans tout le Ministre et sort du bureau en courant*
@Algerienne2_LUX mais putin meme si c'est de l'ironie ta mere met toi au courant les personne qui ont fait ca sont deja connus
@AlisonMuser @_2848_ Je dsespre tellement de devoir attendre si longtemps que j'avance la date :P. Faudrait les mettre au courant :P
@AngeGabrielOff: - RIEN.- Aaaaaaaah ! Au secouuuuuurs !,*s'enfuit en courant* RT si toi aussi t'as peur de rien. ...hihi et rehi!!
@Antharus @Playeuse_ @BloodiestSpirit Oh *.* @edgard22360 est le pre Nol ?! J'tais pas au courant moi
@AntoineDeMax tu es au courant que tes tweets sont illisibles? Ils renvoient vers facebooket quand on a pas facebook, bah on voit rien :-(
@AshtonRPGDTNY -sourit- j'espre ...-embrasse ta machoire- ta soeur et ton frere sont au courant de a...?
@BSama_ ca va Cest pas comme si tu tais jamais au courant de rien ou quoi t'es une grosse colre !
@BareauMickael Vous serez tenu au courant en cas de nouveauts et en attendant vous pouvez nous retrouver sur  (2/2)
@Be_emy juste ta passion pas courant qui a rveill des souvenirs de reveillon avec ma mre prparant ce plat
@BerivanAcer @margaux_garcia2 prend ma veste beri on va louper le bus la
@BiBiPuce Oui je comprends. Ces gares tant loignes nous ne pouvions vous rediriger vers des bus.Nous esprions donc une reprise du trafic
@BryanQueste bah oui a serais dommage que je sois pas au courant
@Bsploof tqt tqt aha bah vasi tiens moi au courant frere
@Camille_fk nan y'a mathis pour a mdrrr, t'facon vous serez bien tous au courant un jour x)
@CarrerAgathe @Turquishboy nique ca mre je vais te couper le courant
@ChvrIie on est d'accord pcq quand je rcupre ton portable dans le bus aprs j'ai du mal  fouiller dedans
@Conducteur_RER T'es fou c'est pas  toi  faire a, changement de matos ou pas de train !
@CrystalGiabi est prvenu mme si elle veut pas tu viendras et elle sera pas au courant
@Dark_Mona J'espre que tu as pass un bon Nol de ton ct, tiens moi au courant.
@DeboTris Tu peux me retrouver ici pour suivre la tourne ;)  Tu seras la 1ere au courant si je viens jouer en Ch'ti!
@Djaresma ouais je te tien au courant si je monte. Je serai chez madame
@Docteur_Nock @ElKaizer @Nemotaku J'y retournerai avec mon frre courant janvier.
@DomyHod Oh ouais, justement. J'tais pas au courant mais Ma Boss y sera! C'est elle qui m'en a parl. J'savais pas que tu tais concerne
@EliseWanted2Fly @killianqueenie bah j'espre que je serais au courant oui ! :o
@ElviiReCsstMooi hey poto jetai pa au courant si vous maurai di avan jaurai pris l'argent cest ma mere
@EmmaHoui oui ce sera 2 places pour le dimanche 17 mai, 1er tour du tableau final. On vous donnera des dtails courant janvier 2015.
@ErynYaxley J'ai t mis au courant...tu as reni une sang pure...
@Esk91270 mais ta menti jcrois pers est au courant tu passes ta soiree tt seul avec ta copine jcrois
@EspoirsduFoot Lass un des meilleurs vritable rcuprateur des dernires annes en EDF bon dbut de carrire ruin par de mauvais choix
@EvanRPGMSD non, bien videmment. Vous seriez le premier au courant.
@FF_Aria D'acc, je sais pas encore si je serais l mais ej te tiens au courant dans la journe ^^
@FeermBeats malheureusement j'y suis pas mais quand tu repasse a l'occas tiens au courant
@GDixZeroHuit @Mellechiorre @PacsLP @Berboca @pagalanti AHAHAHAH. LA GUERRE EST RELANCE ! (pars en courant et en pouffant de rire)
@GEYRINE1 Pouah mec ferme ta bouche toi la ! t'es le cousin de @ @ma2x_1995 mais bon je sais si tu es au courant l'histoire avec son ( 1 er)
@Goulven7 La mre est pas au courant c'est pas la peine
@GraciouslyUs J'espre aussi ! Tiens nous au courant. :3
@GryffondorRP @GodricRP @RowenaSRP *Prend la main d'Edmund et l'entrane avec elle en courant vers le sapin* Venez tous, je suis sre que -
@HarryP_tter *clate de rire* tu dois tre le seul  ne pas tre au courant alors.. *t'enlace et te chuchote* je t'aime aussi.
@JcelieK Mais oklm maintenant tu peux l'pouser tu vois son amour il est sincre meme sa maman est au courant
@JeremyJumpertz ahah merci :),Je te tiendrais au courant de mon avancement vers la libert ;)
@JmHugonie Tenez-nous au courant, c'est intressant de savoir comment procder quand on n'est pas juriste.
@JohannaMaillols TGG j'en refait une la prochaine fois avec quelqu'un d'autre et tu seras pas au courant et il saura tous tes secrets
@JohnElflacoo Je suis au courant de rien, c'est Theo qui gre maintenant ! Mais je penses pas qu'on sorte
@JojoSteen59 yes je suis au courant mais j'ai reu un mail pour cause de triche alors que jsui dco,je vois demain car je leur ai rpondu
@JulieSALLAUD Mdr on se redit a, je te tiens au courant ;)
@KinoOnFalou Infos bien reues, je vous tiens au courant. ^G
@LBJ6_SOSO @Pogba971 @PrincesseDiaane #TeamElectricien frre plus tard taura besoins de moi pour avoir du courant batard
@Ladilon85 Donc si cocu je pense qu'il serait bien + au courant que nous
@Lawstain_ Cool. De mon ct je te tiens au courant quand je repasse  Bdx avec @ITITANITA (on est venu y jouer en novembre).
@LeminaM_13 yo frre, bien ou quoi ?si tu es sur Nanterre pendant les vacances tien nous au courant, on passera te voir
@LexieRPGEHS_ -passe derrire toi en courant-
@LisaSanPedro au calme mtn tout le monde sera au courant prsente t'es pote stp
@Loukachenko Mettre un bus la ou il existe un ligne rgulire de train, le scandale.
@LucianoXVI pas forcment, l c'est surtout de la censure, je prfre qu'un film sorte mais que les gens soient au courant du problme
@LuckyFPS Oui oui je suis au courant mais j'ai entendu que sur le Xbox Live c'tait remis
@LuckyRPGEHS @selenarpgehs *teins d'un cou toutes les lumires, et fait passer un courant d'air*
@Luiisinhoo15 Mon pre a couper le courant pour rparer une prise donc je re plus tard
@MNBenji Seul  pas re au courant... x)
@MalaurieMathou je rcupre des gens  une station de mtro le 31 pas de bus mdr.. Bon serieux ils abusent
@Mgl_Mrln @Cliorae @ClrPrat @toke_k ah bah j'tais pas au courant de a (mme si je commenais  m'en doutais), ma dernire activit sur le
@Minist_Travail @frebsamen Est-on au courant que 32Md / #formpro partent chaque anne au mauvais endroit Soupoudrage syndical qui la gre !
@Minist_Travail: Dans moins dune semaine, la nouvelle #formpro sera mise en place, tes vous au courant des principaux changements ?...
@MoMoElTaCo faut rt un Max incendie  La Courneuve rer b couper dans les deux sens
@NoraMsilti mais t'es au courant de la dernire histoire de l'autre ??
@OmarRADI @Hyperconnard la loi 63-14 ne prvoit pas de contribution  payer. La loi sera fort probablement adopte courant 2015.
@Orianne_lstc @TxmmyDxnger train jusqu' Montparnasse aprs tu prend mtro 4 jusqu' les halles RER d gare de jcp et tram jusqu' la mairie
@Osaka_101 big up au RER-B,Neumbeur ouane sur le train.
@PapicheTweet bah vu les vnements actuels je suis sre que @PlayStationFR tiendra au courant les joueurs concernant le PSN^^
@Paul_Courant @serafimvvs moi jtai dit je prfre Messi mais en vrai Ronaldo le mrite plus
@Peremptoire @Le_Duel Vous avez vu la cabale que je subis !  J'espre que @LeCRALD n'est pas au courant...
@PierceKRP_ (Bitch!!!) *navale pas, te met un coup de genou dans le ventre puis recrache et pars en courant vers mon sac, sors un pieux*
@PlayStationFR Tenez nous au courant quand les serveurs sont re-up :)
@PlayStationFR serait-il dans vos plans de nous tenir au courant de quand on pourra profiter de nos consoles a 400? Juste comme a!!!!!!!
@PrinceMxlien @LMRTSI Oh mais un putain de macho ? Ta mre elle est pas vierge t'es au courant ?
@QuentinVnz J'ai vit de peu un Simon qui arrivait vers moi en courant
@RER_BETAIL N'importe quoi ce matin  BLR un train toutes les 15 minutes impossible de se rendre  Paris
@RER_BETAIL je suis alle le prendre  massy quand j'ai vu l'alerte! Et je ne suis mme pas sre d'avoir mon train ...
@Raklayar @draculea777 je savais pas non plus mdrr mais j'ai l'habitude mme irl jsuis la dernire au courant des trucs
@RealChanty et t'en fais pas ta maman sera au courant de ..TOUT
@RedWxlfingjay Bh crois moi pas hein, mais j'ai mme pas vu ton rt. Si j'avais un truc a te dire tu serais deja au courant
@Reg_BlackRPG _au courant que Poudlard allait se poser dans se chalet. Comme si, il avait voulu vous le cacher, maitre. *le maitre te _
@Remi_Plhrs Ouais, Mes bon certains profs sont au courant qu'on peut le faire avec certain tlphone :)
@Remi_Pnl merci l'ami je te tiens au courant !
@RobinSbgr jpense j'y serais un peu plus tt parce que j'ai un bus a 17h11 et jarrive en ville vers 30 du coup
@STIBMIVB c'est horrible cet accident survenu aujourd'hui  Etterbeek. Pourquoi n'y a t il pas de dtecteurs sur les trams?
@SabDrgc @ManonQueau @BensettiRayane Tu parles ! Il me vera il partira en courant !
@SchitterMallo mdrrrr t'es au courant qu'on parle de mon pre l?
@SebastianSmthJG -barrires et se mit  aboyer. Steve le gronda puis vit un chat passer en  leva les yeux et fit rentrer le chien-
@Sergiorgehs @ShayRPGEHS -laisse un lger courant d'air froid.-
@Sildrael Le faite que tu dises a est une preuve ! *pars en courant avec un rire diabolique*
@SirapXV zer zer je suis pas au courant
@SkyZeLimit tu dois tre le seul  ne pas tre au courant depuis le temps ! @Jhersco @Goldman_Sasha @CharlotteBinche @florian_rey
@Skyesiintheeyes tinquieye tu seras la premire au courant
@SnaBaaby l'ampli a saut parcequ'il pouvait plus grer toute la sono .. Il y avait du courant .. Baffles yi gno pter
@South_bulding: vos mres sont au courant quand vous prenez leur perruque pour faire des vines juste pour faire rire des blancs du 27 ?
@Stoonepunk je l'ai commande aujourd'hui, je la reois courant semaine prochaine :)
@TaissaNARPG _ prcipitamment de sa chambre en courant vers la porte,monte les escaliers arrive devant cette porte,l'ouvre-
@Thxjustice Mdr tiens moi au courant quand tu seras arrive  bon port, ahah !
@TouzalinMegane vas y jsuis chez ma mere tiens moi au courant
@Turkiyaa_ @DXXMIEN et tu au courant qu'une femme chrtienne doit galement porter le voile ne doivent galement ps reprsente Jsus et Dieu
@Untiltheend16 @JustineSalles Oui j'espre qu'on se verra comme on a dit, on se tient au courant
@Valpareiso ouiiiii j'aime bien voir ailleurs comment se passe le 1er jour de l'anne ;) Dortmund c'est ps courant! T'as des proches la bas?
@VeeVee_Brown cool je serais dj en ville ! On se tient au courant
@VincentAnaais je ramnerai des chocolat pour faire les grosses. Je te tiens au courant pour le reste.
@Walid_Larbi_DZ en gros je parle de faon lgre, avec un langage courant ? C'est a ?
@Waverly_Gomez je l'ai annonc  ma mre en 2013, elle s'en doutait dj mais personne d'autre dans ma famille est au courant..
@Yuuuuuuliya donc @M_Kira_L dimanche y a Cathy aussi au cas o tu serais pa au courant. Et j'sais pas ou qu'on se voit.
@Zubul tu es de la famille ? tu es au courant de tout? il faut juste arrter d'tre hypocrite juste parce qu'une vieille a t condamn !!
@_Caesvr On est pas assez le samedi genre dans notre bus yavait que mon frre et moi et des fois un autre mec, et genre du coup -
@_Mountakhab mdr quand jvais le pter mention trs bien tu seras le premier au courant Zak
@_staysmatt tu me tiens au courant, et j'en parle  ma mre
@aghiles_rekis @YannisBelka Mais en faite je parlais de a venu en dbut de saison mdr c'tait genre t'es au courant comme t'es en retard
@akm914 @Tupaktv le focus quand mme c'est moyen mec j'espre que tes au courant
@alexmeli777 @lemarquis1er ok mettez moi au courant
@ambredmnt @thomascrtr quand mon bus passe, vers 18h30, sauf si j'vois pour que ma mre vienne me rcuprer auquel cas j'peux ngocier-
@b_camella @Niihan_ersoy MDR bah ptn si sa serait aussi courant que les rosh run ou ZX tu me respecterai dj
@bakaland NAAAAAAAAAAAAAAN demain marin mon VIEUX va aller me re mettre du courant
@barbeck3 a bah je suis plus au courant de ca mais demande a ton ptit frre il doit savoir c'est de son age
@barbelette_ @capuvwx t'es sure t'es au courant??? pcq t'tais pas trop sure l'anne dernire a nouvel an
@cb750four1973 @CUSTER85 je crois effectivement que je ne serai pas seule. Je vous tiens au courant :)))
@charlesdecant Elena !?? Le personnage le plus courant de l'histoire des sries tv.. Elle ne fait que crer de nouveaux problmes sans arrt
@chaudassesex1 moi je suis chaud j ai la bite dure tiens moi au courant je te la mettrais au fond de la gorge et tu gotera mon jet blanc
@datszayn_ oui je sais, j'espre que a va aller ! Tiens moi au courant
@dorango_ Bonjour, avez-vous redmarrer votre Snowbox (dbrancher du courant, attendre environ 15 minutes et la rebrancher)? Bien  vous
@elisahk92 @bzsquale @CUSTER85 Trs bien. Tiens moi au courant, Je serai fier d'y participer.
@enjoyphoenix mets nous au courant quand sa seras fait ^^ <3 et bonne chance
@francowhore le courant passe avec Rose aussi j'espre ?
@gameusefr c'est une agence qui gre les rseaux sociaux de Playstation Fr., mais  voir ils sont parfaitement au courant de la situation :D
@ima1hd Mec t'es au courant que sur ta bannire youtube c'est la tribune extrieur (monaco) mdrr
@katharvey813 ah d'accordd, le 31 tu seras ou ? j'essayerais de venir alors ! je te tiens au courant de ce que je fais !
@laraglrd oui car je ne sais pas si tu es au courant mais Max et Charlie ont t annonc tous les deux ! ce serait cool que tu viennes !
@le_Parisien: RER B : trafic perturb aprs l'incendie d'un camp de Roms  La Courneuve
@le_Parisien: RER B : trafic perturb aprs l'incendie d'un camp de Roms  La Courneuve  @RER_BETAIL
@legroslapin_ Et ce qui me fait rire c'est qu'il va voir le joueur en courant et met sa tte juste devant lui mais on voit de contact quoi
@liamrpgslr *prends peur , prends ses affaires et part en courant du rfectoire vers sa chambre*
@ljb2369 @LouisWitter Tu ne savais pas que personne n'aime Louis Witoner ? Toute la twitosphre est au courant.
@lofejoma tes-vous au courant que le terrorisme tue ? Votre dito est un dni de ralit, enlevez vos illres bobo-socialos !
@lovatolympe et si ils m'avaient rep t'aurais ete au courant tkt ptdrrrrr
@lucasrpgpc JE SERAIS AU COURANT JE SUIS DEDANS. PUIS MZME IL Y A QUE MA COPINE QUI VA DEDANS OH
@lylou_flr ptdrrr mais mon pere il est pas au courant azy j'change de pays
@m_nebra Dj le cas sur RER A et ligne 1 en 3G/4G , le dploiement pour le reste du rseau est tjs en cours
@m_tlc j au courant dans le noir derrire Tanguy il m avais pas vu il a failli m en mettre une
@marco91300 non mais tu sais supprimer une ligne d'un coup (podcast, message) avant on glissait vers droite
@margautchrd je suis pas au courant dsole mais a serait norme
@needunow tu sais que je serai capable de venir en courant l ?
@nhoizey @htmlvv @kReEsTaL @JeremiePat #000 plutt que #333 sur le texte courant car celui-ci est dj super maigre. Trop lger pour moi.
@paulineamslm ouais le maquillage je suis au courant des prix et tout Mdrrr , ouais mais c'est pas de notre faute sa et y a plus de matires
@reb7703 je te retiens au courant ^_^
@roma_rpgnf *se lve et te porte en courant vers la piscine*
@sarah__Alvs Ta mre c pas la wifi ? Psq le courant passe entre nous
@selenarpgslr *Il courant vers elle*
@shereenftbea J'ai une amie qui connait un site qui vents des places de concert moins chre et a la dernire minute, je te tiens au courant
@slasherfun pour l'instant je ne vois rien dont je ferai une maladie si je le rate, mais je te tiens au courant, merci merci !
@sokhnah @SafouraKane Moh ? Moi j'allais achete rek courant couper smh. Oui tqt dinala whatsapp
@solenemo j'espre aussi ! Tu me tiendras au courant
@steevensantos7 t'oublieras pas de me tenir au courant frre :p au pire si a se complique tu sais quoi faire !
@taxisahraoui @Lmoosse mdr tiens nous au courant plus tarf vers minuit une heure si tu es la courage  toi
@tecil26 la lumire arrte pas s'teindre .... Coupure de courant :/
@theochaplain_ @Berenicelag h ecoute vien vraiment mp j'veu pa les autres soi au courant c'pour toi aprs si tu refais le rebelle j'annonce
@tyybaillard Quand je dis que je suis toujours l dernire au courant dans cette famille c'est pas des blagues x)
@upstoziam @01h05am vs tes au courant que c fake??? C pour rire ou vs y croyez vraiment
@whosaysl Essaye de te tenir au courant sur son site, en tout cas j'espre vraiment que tu le pourrais aussi
A 5 stations de tram pour rentrer chez moi et la c l'accident de tram GRRRR !!!!!
Accident de tram  Bruxelles: une victime, trafic des 7 et 25 interrompu
Accident de tram  Bruxelles: une victime, trafic des 7 et 25 interrompu - RTBF Regions  via @rtbfinfo
Accident entre un scooter et un bus des TPG
Accident entre un scooter et un bus des TPG: Une collision sest produite jeudi en fin daprs-midi s...  #Genve
Accident mortel  Etterbeek: la circulation des trams a repris vers 16h30  #Brussel
Accident mortel  Etterbeek: la circulation des trams a repris vers 16h30: La c...  @MedianextTV
Accident mortel  Etterbeek: la circulation des trams a repris vers 16h30: La circulation de...
Ah j'me rappelle quand ma mre elle taper avec un fil courant obliger j'l'attrapais jpouvais pas la laisser continuer mme si aprs je lach
Ahahaha MAIS ?! Meme moi je me suis dis Ca ,Cette coupure de courant c'est une rvlation divine mes frres
Alex? Quoooi encore? T'es au courant que t'as battu ton record?De?T'as reu 71 message entre hier soir et maintenant!,Ptdr je suis plie
Amaya quand j'aurais fais mon choix se sera la premire au courant
Aprs normal qu'entre gourmands passionns avec nos caractres bien tremps le courant passent trs bien #TweetPrecedent
Au moins je serai au courant de l'avance de sa soire et je pourrais m'arranger pour aller fumer.
Avec mon frre on vient d'allez jusqu' la maison ou y a les dco de Nol en courant allez retour j'suis morte
Bon c'est pas la mort i partent 2 semaines quand jsor des cours j'saute dans le 1er bus et cbn jvien leur fr a graille
C'est cool il neige mais ce serait mieux pdt que j'ai cours! Comme ca mon bus ne passe pas voyons! Ptnnn
C'est en marchant vers Allah Ta'ala qu'Il vient en courant  nous . Subhanallah
C'est pas possible d'avoir de la neige pendant les cours ? J'aurais une bonne excuse "j'habite  la campagne je peux pas prendre le RER".
C'est passer inapercu ! Sa aurai etai entierement le contraire si c'etai l'inverse toute la France serait au courant #LRT
C'est quand celui a Paris ? :)  La date n'est pas encore fixe ! Elle le sera au courant du mois de Janvier
Casser le portable que j'ai eu y a deux jours en courant derrire un bus que j'ai finalement rat #seum
Cest ainsi que nous nous dbattons, comme des barques  contre courant, sans cesse repousss vers le passe.
Comme a je suis au courant et nique sa mre
D'ailleurs je sais mme pas si lui est au courant, il va tre encore plus vnre que moi
D'tt faon mme si je savais twerker, que mon futur poux serai au courant.
Dans le bus tu fais chier tout le monde parce que ton arrire train prend deux places
Dans les RER, trains ou autre, ma phobie c'est que sur leur appui tte il y est des poux.
Dans moins dune semaine, la nouvelle #formpro sera mise en place, tes vous au courant des principaux changements ?...
Dernier SMS que tu as reu ? De qui ?  "Je vais louper le bus c'est sur",Sara
Des fois jme fais peur  employer des mots dont j'tais mme pas au courant de l'existence l'anne dernire
Division Dr : accident at CA-18 -
Donc ya un fdp qui arrte pas de sonner chez moi et qui s'barre en courant je l'attends derrire la porte la prochaine fois qu'il sonne
Eh ouais cette grosse pute de blondasse  mis son bras devant moi pr le ralentir et passer la ligne d'arrive avant moi
Elle est pas au courant que son ex a demnag depuis l'anne dernire
Elle m'a racont la chute de Matthieu en 4e au baseball j'tais en train d'pleurer dans le RER
Et de 2 parce que c'est horrible de pas pouvoir faire un truc, une sortie sans que la terre entire soit au courant!
Et dire que si j'avais cour dans 30 minutes je serai debout, et dans 1h dans mon bus mddr
Et puis gaayi arrter de raconter n'importe quoi .. Courant couper woul pacha .. Bien au contraire il y en avait trop
Etterbeek : accident entre un tram et un piton  larsenal du Charroi: Un accident de tram avec un ...  #Belgique
Genial maintenant que toute la famille est au courant pour mon crush ils me regardent plus de la mme manire je vous jure.
Gratuit mais en fait non c'tait trop cher ptn et  un moment y a un magicien qui est venue vers nous alors je me suis barr en courant
Hier ma mre a t mise au courant de mes absence, je pensais qu'elle all me tuer mais enfaite nan elle m'a juste dit "bosse !!"
Incendie dans un camp de roms  hauteur de La Courneuve. Pas de victime. Feu matris. Trafic Rer B perturb.
J'ai cash trouve le compteur j'ai remis le courant
J'ai fais le tour en scoot pour trouver mon frere et je l'ai vu ouf.. Il a fait 27km en courant ce fou!
J'ai louper 2 rer j'suis embaver
J'ai reu le bulletin, j'ai eu un 0 en gestion/com  ce qui paratAh ouais,Pas au courant ptdrrrrr
J'arrive toujours  la dernire minute au bus, a chaque fois je cours comme une conne
J'espre il va neiger a la rentre comme sa pas de bus donc pas cours
J'espre ne pas avoir de coupure de courant cette fois ci :) Sinon je pourrai pas piner :( #HC4 #HeroCorp
J'espre que quand on va reprendre les cours il va neiger a fond comme a pas de bus, et qui dit pas de bus, dit pas cours!!
Jcours pas derrire un bus crois pas que je vais courir derrire toi
Je me refais. Moins les gens sont au courant ,mieux a se passe.
Je pensais que a serait sympa d'changer nos numros entres nous, se donner des objectifs par semaine ou par mois et se tenir au courant.
Je refais de l'anmie. En fait si je vais au #DonDuSang c'est pour me tenir au courant de mon tat de sant ahah.
Je suis jamais au courant quand c'est arranger a me fait rire!
Je trouve plus le gifs de Lauren sur le truc roulant qui passe d'un coup et qui disparat ensuite derrire le bus ptdrrrrr putain
Je vais faire chez jusqu' chez ma grand-mre  pied / en courant
Khamna cho yi avec le sappage exagr rek courant deugundeim mon Dieu ptdddlol
Kiev vient de dcider aussi de suspendre tous les trajets en train et autobus de l'#Ukraine vers la #Crime annexe.
Kobe, tu as nik mon Nol, j 'espre que t'es au courant.
La dernire fois j'ai couru pour prendre le bus et des contrleurs aussi. Qd je les ai vus j'ai fait genre de courir aprs un autre bus mdr
La dernire fois que j'avais t  Paris pdt la nuit j'ai t somnambule(tt le monde a t au courant) et la journe malade
La diff c'est que les gens prennent derrire l'cran mais en face a face sa s'tire en courant
La mre et la sur sont au courant et je le vie mal
La pauvre elle sort avec un marocain depuis trois ans et son pre est mme pas au courant, alors que toute la famille le sait
La vido est prte, il ne reste que la mise en ligne mais a a sera demain !,Je vous tiens au courant, en attendant faites de beaux rves !
La vie de ma mre comment j'ai flipper quand y'a eu le courant peter
Le RSA sera revaloris au 1/1/15 de 0,9%, le train de 2.4,l'EDF de 3 les impots de 10,les assists de 150,le chomage de 5,la retraite de -5
Le bus de 16h l'anne dernire il tait blind, du coup j'avais fais un pacte avec le chauffeur et il s'arrtait devant moi, ahah
Le rer c cest pas un rer cest un train! Train de campagnards
Les connards qui se mettent  gauche sur les Escalators ser qui me font louper le RER.
Les incidents RER avec trains supprims sont toujours une bonne occasion de retrouver les contacts #Grindr de son quartier.
Les trains  vapeur, a  de la gueule compars aux RER lectrique tout taggs de trucs moches
Lord... RT @le_Parisien: RER B : trafic perturb aprs l'incendie d'un camp de Roms  La Courneuve
MOI j'entend des rires chez moi alors que y'a personne, jcrois voir des fantmes mais je pars en courant, je hurle
Ma marraine elle me fait toujours 3bises, la premire fois elle s'est prit un vent svre comme j'tais pas au courant mdr
Ma mre elle est mme pas au courant de ce que je fais aujourd'hui
Ma mre elle est parti en courant
Ma mre est pas encore au courant que j'ai acheter une nouvelle paire jcrois jvais mfaire niquer mdrr
Ma mre est toujours au courant de tout avant moi. a a le don de m'nerver.
Ma mre m'a achet mon premier "kit de journaliste", c'est un adaptateur pour les prises de courant du monde entier Hahahaha
Ma mre n'est pas au courant que je suis bi mais elle m'a dit "si tu es gay tu es gay" c'est cool de savoir qu'elle l'acepterais
Mais il parle toujours avant moi & sa voix couvre ma voix ! Padam, padam, padam, il arrive en courant derrire moi, padam, padam, padam
Mais j'crois elle est pas au courant de notre dernire altercation
Marianne t au courant qu'on a 140 caractres pr crire, bientt on devra tweeter qu'une seule lettre
Mdrr H&M lui demande si le PR est au courant des hausses de prix des bires..krkrkr
Mdrr les potes a mon pre ils ont fait boire quelque shooter a mon cousin, il a vomi et ils ont cri CHAMPIOOON en courant dans le village
Merci pour la coupure de courant EDF  La maison est remplie de bougie c'est dner aux chandelles ce soir
Mlanie j'crois elle  pas mal de monde dans sa tte ! Elle croit c'est Jeffrey qui lui a remis le courant ptn
Moi je serais contente qu'il neige jusqu' la rentre comme a j'aurais pas de bus, je retournerait pas en cours
Mon mre il est venue en courant c'tait mignon
Mon pre a fait saut le courant en faisant je ne sais quoi du coup il m'a coup ds mon truc comme ca a enlev internet
Mon pre c'est le genre de gars qui va tre calme pendant 3 heures et d'un coups sans aucune raison il va hurler "HAKUNA MATATA" en courant
Mon pre il a eu un nouvel iPhone  Nol j'tais mme pas au courant
Mon pre il est au courant qu'on habite dans la mme maison?
Mon pre qui arrive en courant fan ma chante et qui cri :" Oh putain de merde "! Okok
Mon pre tout  l'heure il me fait "tu sais que y'a les Frro sur W9  23h ?" Mdddddr, j'tais au courant depuis un moment mais merci
Mtro Ligne 5 En rpercussion d'un incident d'exploitation, le trafic est ralenti sur l'ensemble de la ligne. Trafic normal sur [1/2]
Mtro Ligne 8 En raison d'une panne de matriel, le trafic est ralenti de Invalides vers Pointe du Lac.
Mtro Ligne 8 En rpercussion d'une panne de matriel, le trafic est ralenti sur l'ensemble de la ligne.
Nique ta mre le courant d'air.
Normal que mes frre me tiennent au courant il se sont fait tazer
Nouvelle hausse des tarifs SNCF alors que le gouvernement veut crer des lignes de bus intercits parce que le train est dj trop cher...
Ok ma mre elle veut je lui dise tout mais elle viens de recevoir un message d'un gars qui le dis merci ma chrie jsuis au courant de rien
On est Belleroche sa mre on fumait nos sdeh trkl avc rayan wael et Ilyess on voit moha et son quipe dballer en courant yavais Les dek
Panne de courant  Petite-Rivire-Saint-Franois - Les nouvelles - CIHO FM 96,3
Panne de courant mon pre qui me dit "allume je trouve pas le disjoncteur"
Papa a 15 ans putain mais ou vis t'on. Cmt a peut tre un accident? A 15ans c'tait sortie auchan en bus jusqu' 16:30 et j'tais heureux
Paris : trafic ralenti sur la ligne du RER B
Paris : trafic ralenti sur la ligne du RER B  #FlashActu
Paris : trafic ralenti sur la ligne du RER B  via @Le_Figaro
Paris : trafic ralenti sur la ligne du RER B - L'incendie d'un camp de Roms au Bourget (Seine-Saint-Denis), a prov...
Piton mortellement heurt par un tram  Etterbeek: plus de trams, trafic  #rtl #belgique
Polaroid cube !! Mes parents sont toujours au courant des dernires bebelle trop nice :) merci encore!
Pour ceux qui ne seraient pas au courant, ma nouvelle vido est sortie ! ;)
Pour l'histoire avec guillaume mme ma mere est au courant mdrrr
Pour s'y rendre: RER A descendre  la dfense, ligne 1 descendre au terminusTarifs: Adhsion obligatoire de 10,Le cours 15
Premire vido aujourd'hui ! Abonnez-vous pour tre tenu au courant
Ptdr jai tait en couple 8 mois frre personne ntait au courant ya que a la fin ou quelques personnes lont su bc je leurs ai dit
Ptn normalement a cette heure jserai entrain de courir derrire le bus la jui ds mon lit o cho
Quand tu sens que ta prsence ne sers  rien, t'as juste envie de partir en courant
Que qqn m'explique pq en 2014 il y a un noir qui coute sa zik sur une tablette ds le rerA ! #Whyyyyyyyyy ????
Quel est le mensonge le plus courant que les gens se disent ?  Je serai toujours l pour toi
RENCONTRE  ET LA FONDATRICE DE LA PREMIRE LIGNE DCOUTE DE PRVENTION DU SUICIDE EN MOLD
RER B : le trafic perturb jusqu midi aprs un incendie
RER B : trafic  nouveau normal aprs l'incendie d'un camp de ... - Le Parisien
RER B : trafic  nouveau normal aprs l'incendie d'un camp de Roms au Bourget
RER B : trafic  nouveau normal aprs l'incendie d'un camp de Roms au Bourget  via @le_Parisien
RER B : trafic  nouveau normal aprs l'incendie d'un camp de Roms au Bourget!!! DEHORS LES ROMS!  via @le_Parisien
RER B : trafic  nouveau normal aprs l'incendie d'un camp de Roms au Bourget... #Paris #Nouvelles
RER B : trafic perturb aprs l'incendie d'un camp de Roms  La ... - Le Parisien
RER B : trafic perturb aprs l'incendie d'un camp de Roms  La Courneuve
RER B : trafic perturb aprs l'incendie d'un camp de Roms  La Courneuve  via @Le_Parisien
RER B : trafic perturb aprs l'incendie d'un camp de Roms  La Courneuve  via @le_Parisien
RER B : trafic perturb aprs l'incendie d'un camp de Roms  La Courneuve #france
RER B : trafic perturb aprs l'incendie d'un camp de Roms  La Courneuve... #Paris #Nouvelles
RER B : trafic perturb aprs l'incendie d'un camp de Roms  La Courneuve: Le trafic est trs pert...  #LeParisien
RER B : trafic perturb aprs l'incendie d'un camp de Roms  La Courneuve: Le trafic est trs perturb sur le ...
RER B : trafic perturb aprs l'incendie d'un camp de Roms au Bourget  via @Le_Parisien
RER B : trafic perturb aprs l'incendie d'un camp de Roms au Bourget  via @Le_Parisien C VRAIMENT DES CASSES COUILLES
RER B : trafic perturb aprs l'incendie d'un camp de Roms au Bourget  via @le_Parisien
RER B : trafic perturb aprs l'incendie d'un camp de Roms au Bourget... #Paris #Nouvelles
RER B : trafic perturb aprs l'norme incendie dans un camp de Roms  La Courneuve.Dehors les Roms!  via @le_Parisien
RER B A la suite d'un incendie  La Courneuve et  la demande de la police, le trafic est interrompu entre Gare du Nord et Aero [1/2]
RER B A la suite d'un incendie  La Courneuve et  la demande de la police, le trafic est interrompu entre Gare du Nord et Ar [1/2]
RER B A la suite d'un incendie  La Courneuve et  la demande de la police, le trafic est interrompu entre Gare du Nord et Auln [1/2]
RER B Fin d'incident, en rpercussion trafic ralenti sur l'ensemble de la ligne.
RER B Fin d'incident, en rpercussion trafic ralenti sur l'ensemble de la ligne. Trafic normal sur les autres ligne de RER.
RER B Fin de l'incendie  La Courneuve Aubervilliers, en rpercussion trafic ralenti sur l'ensemble de la ligne.
RER B Fin de l'incendie  La Courneuve Aubervilliers, en rpercussion trafic ralenti sur l'ensemble de la ligne. Trafic normal [1/2]
RER B: le trafic en direction de Roissy-Charles-de-Gaulle fortement perturb
RER D : Trafic ralenti Le 26 dcembre 2014 de 21:05  22:45 En cours Dernire mise  jour : 26/12/2014 ...
RT @1DFranceOtrat: Apparament sa serais une grande annonce on en sait pas plus.. je vous tiendrais au courant de toute maniere :)
RT @2844km: Mon pre c'est le genre de gars qui va tre calme pendant 3 heures et d'un coups sans aucune raison il va hurler "HAKUNA MATATA" en courant
RT @A22hJbzTaMere: Mais nn je cours deja pas derrire le bus donc croit pas j'vais courir derrire une meuf
RT @AaliyahGangxM: Si ton gars te dit qu'il serait prt a tout pour toi que t'es la femme de sa vie ? Pars en courant c'est pas un mec bien
RT @AgnesLmnr: La vie de ma mre comment j'ai flipper quand y'a eu le courant peter
RT @AliceDESPRES: Merci pour la coupure de courant EDF  La maison est remplie de bougie c'est dner aux chandelles ce soir
RT @AlyciaMnt: Mlanie j'crois elle  pas mal de monde dans sa tte ! Elle croit c'est Jeffrey qui lui a remis le courant ptn
RT @Amaboss1er: #EnGuine on rve de quand on aura le courant et l'eau 24h/24
RT @Amaboss1er: #EnGuine quand le courant vient c'est un vnement
RT @AntiLeftistFas1: RER B : trafic perturb aprs l'incendie d'un camp de Roms  La Courneuve
RT @BFMTV: RER B: le trafic en direction de Roissy-Charles-de-Gaulle fortement perturb
RT @CIaudeFrancois: RE JE SUIS LA, DSOL DU RETARD J'AVAIS UNE PETITE COUPURE DE COURANT
RT @CarridyM: @LucianoXVI pas forcment, l c'est surtout de la censure, je prfre qu'un film sorte mais que les gens soient au courant du problme
RT @ChabaultRoberte: RER B : trafic perturb aprs l'incendie d'un camp de Roms au Bourget  via @le_Parisien
RT @ChansClaire: Aujourd'hui j'tais dans un RER bond, il y avait un mec juste derrire moi qui coutait du Katy Perry et qui sentait le riz. #Asianteam
RT @DarrylZeuja1995: Suivez mon label @JihelceeRecords pour tre au courant des dernires actualits !!
RT @DelarueJC: Nouvelle hausse des tarifs SNCF alors que le gouvernement veut crer des lignes de bus intercits parce que le train est dj trop cher...
RT @FBleu1071: Incendie dans un camp de roms  hauteur de La Courneuve. Pas de victime. Feu matris. Trafic Rer B perturb.
RT @Fabien_Fasquel: @Remi_Plhrs Ouais, Mes bon certains profs sont au courant qu'on peut le faire avec certain tlphone :)
RT @Fio_Fimoteuse: Mon pre tout  l'heure il me fait "tu sais que y'a les Frro sur W9  23h ?" Mdddddr, j'tais au courant depuis un moment mais merci
RT @JoCaptainFCB: Ma mre m'a achet mon premier "kit de journaliste", c'est un adaptateur pour les prises de courant du monde entier Hahahaha
RT @Julie2411_: La dernire fois j'tais dans le bus avec Jonathan et j'coutais mz- embrasse moi. Et au moment o il m'a embrasser sa a fait 'embrasse moi'
RT @Kampuchea: RER B: trafic perturb aprs l'incendie d'un camp de Roms au Bourget. Les bienfaits collatraux de l'enrichissement,
RT @LMFrenchArmy: - sapin de Nol courant dans la mer pour rcolter des fonds pour l'association Cancer Connections! Merci  tous les participants du -
RT @LeCompteSportif: "A 15ans elle est tomb enceinte par accident" C'est vrai que c'est trs courant de trbucher et de tomber les jambes cartes sur un pnis.
RT @LeParisien_91: RER B : trafic perturb aprs l'incendie d'un camp de Roms  La Courneuve
RT @LeParisien_92: RER B : trafic perturb aprs l'incendie d'un camp de Roms  La Courneuve: Le trafic est trs perturb sur le ...
RT @LeParisien_93: RER B : trafic perturb aprs l'incendie d'un camp de Roms  La Courneuve
RT @LeParisien_94: RER B : trafic perturb aprs l'incendie d'un camp de Roms  La Courneuve
RT @LeParisien_95: RER B : trafic perturb aprs l'incendie d'un camp de Roms  La Courneuve
RT @LeVraiHoroscope: Dans un film d'horreur, le #Scorpion serait celui qui sortirait en courant par la porte d'entre plutt que de monter les escaliers.
RT @Lea_Brth: Amaya quand j'aurais fais mon choix se sera la premire au courant
RT @LisonGuenard: Sa me fais rire ces meuf qui on 300 j'aimes sur leur photo et quand tu les vois en vrai , tu te barre en courant
RT @Lumia_oy: exclu @spfrance : TubeCast a t port sur Windows 8, il fonctionne plutt pas mal et sera disponible pour tous courant 2015.
RT @Manon_3005: Mon mre il est venue en courant c'tait mignon
RT @Marineivory: Tout le monde cherche  devenir connu en ce moment, mais vous tes au courant que quand tout le monde sera connu plus personne ne le sera?
RT @Minist_Travail: Dans moins dune semaine, la nouvelle #formpro sera mise en place, tes vous au courant des principaux changements ?...
RT @Moha212_: Ptn normalement a cette heure jserai entrain de courir derrire le bus la jui ds mon lit o cho
RT @Ngone_Josyane: @sokhnah @SafouraKane Moh ? Moi j'allais achete rek courant couper smh. Oui tqt dinala whatsapp
RT @NousLesFiIIes: ya un mec il courait aprs le bus, le bus ses arrter, l'mec il a vus y'avais des contrleurs il a fait genre il faisait un footing mdrrrr
RT @OceaneLdgs: @BSama_ ca va Cest pas comme si tu tais jamais au courant de rien ou quoi t'es une grosse colre !
RT @OnMaApplaudi: Le chauffeur du bus a ralenti par ce qu'une beurette traversait, je lui ai dis azi passe c'est orange, on m'a applaudit, j'ai roul l'bus
RT @OriginalDandy: "Barque contre courant, sans cesse ramen vers le pass"
RT @PriscaShanyz: Le son Ya Mado,Mddr il part en couille jusqu' dans le rer ils sont l  ambiance tout le train Nous les Z toujours dans l'abus
RT @Reda2306: @WahRun31  je veux pas tre au courant !
RT @Rem_S7: @Ramm_Lu On dit=rais que tu t'es casser le gueule en courant
RT @Salome_Cotte: a serait top qu'il neige la semaine de la rentre, en plus du coup mon bus ne passerait pas
RT @Salouuuuu: Dans le bus, y'a un couple avec un goss, la mre elle doit avoir 16 ans et le pre 19ans bh ptn..
RT @Sapos_: Hamza il est mme pas au courant mais quand il est parti la dernire fois on a planqu des "Hamza la pute" dans tout Saint Martin :-) :-)
RT @SharkHypno: L'anne 2015 sera t'elle une nouvelle re pour #SharkHypno?! Je vous tiens au courant prochainement #RT et Follow pour etre le 1er averti
RT @SofianeeRolex: Papa a 15 ans putain mais ou vis t'on. Cmt a peut tre un accident? A 15ans c'tait sortie auchan en bus jusqu' 16:30 et j'tais heureux
RT @South_bulding: vos mres sont au courant quand vous prenez leur perruque pour faire des vines juste pour faire rire des blancs du 27 ?
RT @TAXIPARISIEN125: @taxisahraoui @Lmoosse mdr tiens nous au courant plus tarf vers minuit une heure si tu es la courage  toi
RT @TechNewsTests: La vido est prte, il ne reste que la mise en ligne mais a a sera demain !,Je vous tiens au courant, en attendant faites de beaux rves !
RT @UnMuslim1: Si l'on va vers Allah Ta'ala en marchant, Il viendra  nous en courant ..
RT @WMyWay_Mobile: RER B A la suite d'un incendie  La Courneuve et  la demande de la police, le trafic est interrompu entre Gare du Nord et Aero [1/2]
RT @WMyWay_Mobile: RER B A la suite d'un incendie  La Courneuve et  la demande de la police, le trafic est interrompu entre Gare du Nord et Auln [1/2]
RT @_92izer: Virement compte pargne vers compte courant #aSentLaFinDuMois
RT @_Juloo: Et puis gaayi arrter de raconter n'importe quoi .. Courant couper woul pacha .. Bien au contraire il y en avait trop
RT @_sunofwinteh: #CampagneProblems Si tu loupe ton bus tu doit -rveiller ta mre:elle te dfonce,-rveiller ton pre:tu signe ton arrt de mort
RT @aymrcb: le chauffeur a ralentit parce qu'une beurette travers,j'lui ai dit c'est orange tu peut passer. tt l'monde m'a applaudi j'ai conduis le bus
RT @berry91237: j'ai mon frere sur snap mais j'suis al jparle de mes histoire d'amour ptddddr j'suis une malade du coup il est au courant de presque tout
RT @bestrong_pls: Je pensais que a serait sympa d'changer nos numros entres nous, se donner des objectifs par semaine ou par mois et se tenir au courant.
RT @da_mn: @Lawstain_ Cool. De mon ct je te tiens au courant quand je repasse  Bdx avec @ITITANITA (on est venu y jouer en novembre).
RT @gameusefr: Pour ceux qui ne seraient pas au courant, ma nouvelle vido est sortie ! ;)
RT @grosfilley:  femme de 38 trbuch et meurt frappe par le tram #Etterbeek
RT @henriEmmanu: Vous tes srs que le Prsident est au courant des nouveaux prix des bires ??
RT @hugo78370: Premire vido aujourd'hui ! Abonnez-vous pour tre tenu au courant
RT @impotent_: Ma mre est toujours au courant de tout avant moi. a a le don de m'nerver.
RT @inaccessxble: "To tu m'fais honte quand tu fais des traces de pneu dans ton caleon" ah lala les petits du bus qui parlent a leur frere...
RT @infosActus: RER B : trafic perturb aprs l'incendie d'un camp de Roms  La Courneuve -  - leparisien
RT @ishipjuliall: #SiJeJouaisDansUneSerie je serai le genre de mec qui flippe  chaque petit bruit chelou et qui me casse en courant quand je vois le tueur
RT @kostkobrien: Marianne t au courant qu'on a 140 caractres pr crire, bientt on devra tweeter qu'une seule lettre
RT @le_Parisien: RER B : trafic perturb aprs l'incendie d'un camp de Roms  La Courneuve
RT @lermanobrien: @francowhore le courant passe avec Rose aussi j'espre ?
RT @migodomingo_: @MaisonMonsta: FRESH ASS HELL,   Jespere vos meres sont au courant de sa
RT @mlefebvre730: @SabDrgc @ManonQueau @BensettiRayane Tu parles ! Il me vera il partira en courant !
RT @mxrxj: @hippovaugeois j'me barre en courant si Jla vois ou jprend un selfie avc elle ce serait wtf
RT @nana75019: RER B : trafic perturb aprs l'incendie d'un camp de Roms  La Courneuve
RT @pcthsml: mdrr faut arrter de se vanter de ses bails sur twitter faites vos trucs en scred a paye pas de mettre tt le monde au courant
RT @perfrobz: #HarmonizersAreIdiots vs tes au courant que ""l'harmonizer"" qui a crit le texte elle dteste 5h elle a juste voulu crer des embrouilles
RT @tdgch: Accident entre un scooter et un bus des TPG: Une collision sest produite jeudi en fin daprs-midi s...  #Genve
RT @trimetscanner: BUS 72 ACCIDENT DESCRIPTION,
RT @tulisquoi: [Archives] Accident de personne - Guillaume Vissac Si vous prenez tous les jours le train, le RER, le  #lecture
RT @viano93: @MoMoElTaCo faut rt un Max incendie  La Courneuve rer b couper dans les deux sens
RT @viano93: TAXIS PARISIENS LIGNE B DU RER POUR CDG COUPE CHARGE  LA GARE DU NORD POUR CDG @999Hha @ApprentiTaxi @taxispolier @abdelkaderr9
RT @wonderyez: les infirmires adorent mdire "t trop grosse, il faut que t'arrtes de manger" mais j'suis au courant, pas besoin d'me le dire  chaque fois
RTBF - Accident de tram  Bruxelles: une victime, trafic des 7 et 25 interrompu: Une femme de 38 ans est morte...
Retour  la normale sur le RER B - Le Figaro - Retour  la normale sur le RER B Le Figaro Le trafic sur le RER B a...
Sa me fais rire ces meuf qui on 300 j'aimes sur leur photo et quand tu les vois en vrai , tu te barre en courant
Salut, quel trait de caractre courant t'enerve ou te...  Tout! Tout m'nerve chez les gens oO Aprs je m'adapt...
Sans Les Pcheurs, on ne serait pas au courant de la pilosit de Kim Lizotte. #PalmarsTwitter2014 cc @Lemicrodefeu
Se coucher a 3h et se lever  6h, apprendre qu'il n'y a aucun RER pour Roissy  cause d'un incendie et courir en...
Si l'on va vers Allah Ta'ala en marchant, Il viendra  nous en courant ..
Si ma soeur avait t l, elle serait partie en courant une vingtaine de fois.  #LT
Si mon pre venait a etre au courant..
Si ton gars te dit qu'il serait prt a tout pour toi que t'es la femme de sa vie ? Pars en courant c'est pas un mec bien
Si un Frrot joue  Fifa et qui peux me tenir au courant sa serait >>>
Sinon -> train, RER, train et lendemain pareil.
Sinon les gars la mre de Camille est au courant. C'est officiel. Et moi j'ai encore une mre qui cherche  me caser avec un mec.
Stream : Aujourd'hui trs peu, nous en sommes dsol, il y aura donc 1-2h de stream sur LoL vers 22h-23h, on vous tient au courant
Suivez mon label @JihelceeRecords pour tre au courant des dernires actualits !!
TAXIS PARISIENS LIGNE B DU RER POUR CDG COUPE CHARGE  LA GARE DU NORD POUR CDG @999Hha @ApprentiTaxi @taxispolier @abdelkaderr9
Ta voulu la douille ms el ta cram, el eh au courant pr tout tst mensonges et t's infidlit frre t's bern.
Tout mes plan sont fait mais j'nai pas encore mos ma mre au courant x))
Trafic normal sur l'ensemble des ligne de RER.
Travers Nuits en courant pour pas rater le train c'est pas une vie, j'aurais eu l'air con aprs le mot de mon pre mdr
Un accident de tram mortel, des places pour les SDF et une corrida nocturne : c'est dans le 18h de #telebruxelles
Un playthrough sera probablement mis en place sur Terre du Milieu: L'ombre du mordor je vous tien au courant #Follow MrDaRkFull sur twitch.
Une femme de 38 ans meurt crase par un tram  Etterbeek. Comment expliquer un tel drame?
Une fois ma mamie est rentre en courant ma mre laver le sol c'tait du carrelage elle a glisser elle a finis dans le sapin
Vous aimez les jeux Blizzard ? Nous aussi. Suivez JudgeHype pour tre tenu au courant des dernires infos ;)
Vous me faites un anniversaire surprise svp je ferai genre j'tais pas au courant
Vous tes srs que le Prsident est au courant des nouveaux prix des bires ??
Waaaah y'a un vrai accident devant le lyce j'px mm pas rentrer chez moi ils laissent pas monter les bus
What ? J'ai la moiti de mes prises qui ne reoivent plus de courant ? :o
Y a toujours pas de courant je vais pter un cble srieusement !
Y'avais baston dans le bus le conducteur contre un tysm... Aprs y'a un accident damn...
[RER ET BUS (SNCF) GRATUITE POUR LE JOUR DE L'AN] Certains trains :RERBUS(METRO),Resterons gratuit pour le...
a serait top qu'il neige la semaine de la rentre, en plus du coup mon bus ne passerait pas
au courant de mon existence, et si mme un jour je le rencontre et que je suis face  face avec lui, j'serais qu'une fan parmi tant d'autres
ay sous Bois. Trafic normal sur les autres ligne de RER. [2/2]
dans le tram cette aprs midi y avais les contrleurs du coup on est descendu et les mecs derrire nous se sont fait choper
die Niemen. Trafic normal sur les autres lignes de Bus et Tramway.Aucune manifestation en cours de nature  perturber le service. [2/2]
du coup pour aller contre le courant ils bash  fond mais en vrai tout le monde sait que le public gnral prfre la musique de la YG :/
elle est srieuse ma mre de me rveiller  cette heure ci, elle est au courant que j'ai besoin de 12h de sommeil l
en vrai quand je suis devenue amie avec laura y'a quelques annes, si j'avais su ce qui m'attendait je serais direct partie en courant
femme de 38 trbuch et meurt frappe par le tram #Etterbeek
j'ai mon frere sur snap mais j'suis al jparle de mes histoire d'amour ptddddr j'suis une malade du coup il est au courant de presque tout
j'viens de me lever en courant bc jai entendu ma mre faire une machine j'avais laisser mes sous de nol dans mon jean.... marathon du matin
je demande a ma mere si je vais toujours chez ema demain elle me fait: " ouai je suis pas au courant mais ouai " ptddrr je te l'ai dis 9911x
je me suis amus  faire mon Nuzlocke Challenge en BD, rien de bien prometteur mais le premier chapitre sera mis en ligne courant Janvier ;)
les infirmires adorent mdire "t trop grosse, il faut que t'arrtes de manger" mais j'suis au courant, pas besoin d'me le dire  chaque fois
ma mere ma fait peur tout a l'heure elle a coupe le courant et tout moi j'ai sorti ma batte ma porte d'entree etait grand ouverte et .
maintenant c'est devenu courant quand y'a des scandals dbiles sur internet que des ados se suicident, je me demande qui il faut blmer ://
mdddddddddddr euh ok. j'espre kil est au courant #lrt
mdrr faut arrter de se vanter de ses bails sur twitter faites vos trucs en scred a paye pas de mettre tt le monde au courant
mon pre il est au courant ....
ndie Niemen. Trafic normal sur les autres lignes de Bus et Tramway.Aucune manifestation en cours de nature  perturber le service [2/3]
nergie NB vient de rtablir le courant dans la premire nation de Tobique, o 1500 clients n'avaient pas d'lectricit. #rcac
norme accident, le bus sais mme pas par ou passer pour rentrer
oh les gars j'suis une thug g realis mon reve j'ai traverser les railles en courant
on montrera le film demain et on a des vidos de mon frere petit on va les montrer demain aussi, mon frere est au courant de rien
oport Charles de Gaulle/Mitry Claye. Trafic normal sur les autres ligne de RER. [2/2]
port Charles de Gaulle / Mitry Claye. Trafic normal sur les autres ligne de RER. [2/2]
pq je suis tjrs la dernire au courant qd il se passe qqlqchose ?
puis je vais chez mon pre, donc je dois prendre le train, le mtro, le bus seule
quand j'ternue, la terre entire est au courant
remember j'coutais heartache on the big screen avec caro dans le quai du rerb
rer,train,bus,mtro j'fais que ca en ce moment
sa mre,une coupure de courant.
y'a un mec tout a l'heure courait derrire un bus, le bus s'est arrt, il a vu y'avais des contrleurs il a...
