" Cest ainsi que nous nous dbattons, comme des barques  contre courant, sans cesse repousss vers le pass. ",Gatsby le magnifique
"Rien qu'un beau parleur... En un clair.. Un courant d'air.. Tu n'es que poussire.."
"Ton pre qui ne t'assume pas que tu verras en courant d'air."
#5: Tristar - KB 7980 - Redresseur de courant 220-240 V / 12 V Noir: Tristar - KB 7980 - Re...  #soldes #bonsplans
#A1 - Yverdon -> Lausanne - Entre l'echangeur d'Yverdon et la jonction de Chavornay trafic perturbe, bus en panne
#ForeverDay1 Quand Jo decouvre que Henry etait dans le metro accidente, le pilot a donne un petit apercu de nos sentiments durant la S1
#growingupwithdivorcedparents tu compare la cuisine de ton pere a celle de ta mere... et tu veux rentrer en courant
-ils faisait exprs d'me dire Maeeeeeeeva a va apr moi j'tais gner j'leurs disait ptn mais vos gl ah ouais apr j'partait en courant ...
-par la suite i c mis a courir derriere le RER et a me dire je t'aime c'te trop chou la vie que je l'aime plus que tout cet homme
. @OliblueWilder un agent  part entire du RPS, au PS courant Valls en 2010 puis  l'UDI et surtout responsable  la LICRA...
00:00 l'accident de bus ;)
1h30 de train jusqu'a Paris apres jdois prendre le rer jusqu'a Pontoise ensuite le bus jusqu'a Cergy prefecture apres un bus special
3 petits quarts d'heure en RER/metro - j'ai deja envie de me frotter tout le corps a la javel
@2080music faut que tu dises ca avec une grosse voix un jour. Dans un bus ou un train, ca serait rigolo.
@AbdelZ_ ouais askip on tait pas au courant ns moi c mon frre il me l'a dit ils ont tue des soldats jcrois c a medea
@Abstracktt Tu geres troop !Et n'hsite pas  cliquer sur Suivre sur Twitch pour tre au courant de mes prochains lives! J'en serai ravi :p
@AirFranceFR J'espre que vous tes au courant que Montral et Qubec sont deux villes diffrentes.
@AlexDi64 pour protger des switchs situs hors de porte du courant secouru.
@AllaisRaphael Trop cool ! N'hsite pas  cliquer sur Suivre sur Twitch pour tre au courant de mes prochains lives! J'en serai ravi :p
@ArDub57 tu ne seras pas deu, tiens moi au courant quand tu l'utiliseras, te donnerai une tite astuce ;)
@Ashleyrpgwhs Seule ma mere est au courant puisque sont pere en tait un mais mon pre ne le sait pas ce n'est qu'un humain il ne doit rien
@Atao_29 Super tu gres :D N'hsite pas  cliquer sur Suivre sur Twitch pour tre au courant de mes prochains lives! J'en serai ravi :p
@Audrey_GR ouais nan mais tu vois la barrire elle a gliss d'un m en avant les photographes se sont barrs en courant etc... Trop hard
@AxelTravers @antho06OM t'inquite j'ai remonter la pente tant que ma mre n'es pas au courant sa me va j'accepte les critiques
@Aykoah Ha ? J'suis pas au courant tiens... Mais plusieurs sites ont l'option de "rebloguer" vers les autres rseaux sociaux
@Azzertyran [...] donc si tu es dipsos pour qu'on discutaille ou qu'on jouaille, je le serai galement :3,Tiens moi au courant sur Skype ^^
@Berth_de_Terre des 1er aot retour en force pour vous tenir au courant de toute l'actualit
@BoutoilleManon Oui.. Malheureusement. Je prfre vrifier avant je te tiens au courant demain soir
@BrawnyOtaku AH d'ac! Bin n'hsite pas alors  cliquer sur Suivre sur Twitch pour tre au courant de mes prochains lives! J'en serai ravi :p
@Bubuisse Et n'hsite pas  cliquer sur Suivre sur Twitch pour tre au courant de mes prochains lives! J'en serai ravi :p
@Carolineaid tellement, moi je serai dj rentre en courant, rien  battre
@CarterRPGTW -ferme son casier et arrive vers toi en courant, te saute sur le dos en rigolant- OUIIIII.
@Cecilia_Rmr jsais pas si t'es au courant mais sur Twitter rpondre  50 questions en un tweet c'est pas trop possible
@Celine_Thms j'espre que la coupure de courant ne touche pas toute la ville. Sinon adieux ton rveil !
@CleaMrgrl ah merde.. J'espre que sa va aller, courage ! Tu retiens au courant ..
@Clemguss Trop cool ! N'hsite pas  cliquer sur Suivre sur Twitch pour tre au courant de mes prochains lives! J'en serai ravi :p
@Cmanathi_cg Et n'hsite pas  cliquer sur Suivre sur Twitch pour tre au courant de mes prochains lives! J'en serai ravi :p
@Cooca_inaa MDR han tqt tu sera la premire au courant si il se passe qlque chose dans ma vie
@Corentin_TW Oh super tu gres! N'hsite pas  cliquer sur Suivre sur Twitch pour tre au courant de mes prochains lives! J'en serai ravi :p
@DamidotValerie elle est magnifique j'espre que vous la retrouverez! Tenez nous au courant.
@DatGoldHawk Je suis au courant. Je me sers de twitter pour tre  jour  propos de tes vidos :p
@DenaaNelss tu seras le premier au courant
@Di_Cook @Dreezy_Wayne @Cedrico94_SSM en gros si jprend le bus je serai en couple? Mdr
@ETOFstephadc par le train de nuit, je risque pas grand chose. @ScottBaioSancho @Conducteur_RER @SmileyTrains
@FeliciFanny Bon a va, tu me tiendras au courant ! Je ne sais pas exactement quand je rentre de Milano mais a sera dbut aot !
@ForeverStyles_ ca serait cool! Tu me tiens au courant
@FuckPlayFinanci @_Yael_Mellul Courant n en Egypte (scission des frres muz). Alors hop, on repart vite fait en cours d'islamologie !
@Gaia_Greyback *se barre en courant, laissant une odeur fruit derrire lui*
@GlennTavennec Je m'excuse pour tous les messages que vous avez reu et les miens. Nous n'tions pas au courant que c'tait votre page, moi
@GoldAnchor_ tu seras la premire au courant
@Gr3m super , je me renseigne et re tiens au courant merci de l'info
@Guii_Monge la barrire a fait un bon d'1 mtre, les photographes se sont barrs en courant, des coups de points volaient en plus de tous le
@GuillaumeLmn_ j'espre ca me ferait mal au cur de pas tre au courant de tes conqutes sinon :/
@HabiFatou @ekr_743 a fait 1 an qu'il a c-per. C'est juste les gens qui sont pas au courant
@Halryk_Hynay je sais pas a quelle heure je serai rentr (plage), en tout cas je te tiens au courant pas de soucis
@HarryGirlBelge je vais essayer  tu seras la premire au courant t'inquite
@HarryRPGUD *MDRRR SALE PUTE, carquille les yeux en courant vers toi* oh mon dieu Harry je suis dsol je voulais pas!
@HeafunMC est au courant et n'est pas contre mais sache que je suis trs grand farmer et surtout mineur ! J'espre intgrer votre team ++
@Heaven_Made_Me Oui t'es un petit drle pour l'instant je serai occupe  cause du taffe. Je te tiens au courant Mr !
@HugoHouyez t'attends quoi? j'espre que tu tweetes en courant alors
@InesJasmine_M tqt les Mami vous serez les first au courant
@InesJasmine_M tu seras au courant mi amiga
@JustWide @Lamban_Ana Skrtel pousse trop la balle, Sterling vient pour rcuprer le ballon. La suite est tragique.
@Justenath1 @beinsports_FR y'a une appli que tu peux telecharger.  tu sera au courant des directs et rediffusions
@KVitard Merci de me suivre mais arrete de me spam ^^ tu seras au courant de mes lives sur twitter ;)
@Kantin_Pham @togrameyries j'comprend frere mais du coup pas sur que je veuille encore celle l; on s'tient au courant tqt. q(
@LIGNEL_sncf pourquoi les trains neufs climatises restent au garage pendant les we On en aurait bien besoin.Surcharges car RER A en travaux
@LaurieCbz Ah bon tu pense cela ? J'aimerai bien voir sa je t'embterai et me sauverai en courant
@LeNidAigle3 @justefrancaise@fhollande + les couillons qui le suivent sont pas au courant que les FRERES MUSULMANS= TERRORISTES,#VFrVN
@LevanaEckert Yep je pense que quand je trouverai un stage tout le monde sera au courant hahaha
@Link2912 Tu as reu en mail le lien pour le tournoi strivewire ? Tiens moi au courant glhf
@LolaTsst a2bes ma dar et mon frre sont o courant... la vie jv rcouter fauve Pcq la jsuis fragile ce soir
@Lomplac moi je balance des tg ou je coupe le courant du rez de chaussez mdr
@LulahNewton  dans un dur Sommeil tellement j'tais Creve. Mais Francho, je n'tais point au Courant et je ne serai mme pas alle
@LyrisBondy oe il est pas au courant que c mieux en arrire
@MCFlacype Oui si tu veux! Et n'hesite pas a cliquer sur Suivre sur Twitch pour etre au courant de mes prochains lives! J'en serai ravi :p
@Malefic111 @NathaTack je pense que maintenant je serai au courant haha
@MalumftNarry__ Ouais je suis au courant. Et c'est compltement con. De toute manire, ils l'ont remise
@Marine_Soline @GuedesClement il a qu'a sortir pour grer d'autres meufs en courant sur la plage hein
@MarouaniMichael N'hsite pas  cliquer sur Suivre sur Twitch pour tre au courant de mes prochains lives! J'en serai ravi :p
@MartaParenteC mdddrr tu seras au courant le jour mme toi
@MathieuLegend Et n'hsite pas  cliquer sur Suivre sur Twitch pour tre au courant de mes prochains lives! J'en serai ravi :p
@MaxGuazzini j'ai fais une prire afin que vous l'a retrouviez.,Tenez moi au courant, s'il vous plat. Isabellr
@MedeeWho mardi! Ah et je sais pas si tu es au courant mais les TD sont au choix, on a 4 matires et il faut en choisir deux
@MemecheAlves Bien vue, mais t'inquite de toute faon tu seras au courant si y'a quelque chose je pense
@Morganouw @AlexisAbricot trop tard je suis au courant je vais le rpter XD
@NGC_JMS  auchan c'est courant les burkas, et des gamines voiles de mme pas 10 ans aussi. a va s'arrter o?
@OdinLaFrance tu prfres donc tre dans un courant de l'UMP europiste plutt qu'au FN ? @loupiof @MLP_officiel
@OlwennBURLISSON @rochdaniel @willybahuaud du coup pour la date, j'espre pouvoir le finir d'ici courant aot
@Orlanorange t'es sre que c'tait moi? y a 1 mois j'tais pas au courant que t'coutais vraiment du rnb  part Ne-Yo :')
@Pataclop00 et pour le coup question ambiance au boulot Paris c'est bien, de ce que je connais (PCS et PAA) ! @Conducteur_RER @SmileyTrains
@PetitPontMoulon Si il vient vraiment des Bloods, l'autre ferait mieux de partir loin en courant
@Phoebe_RPGSMI -clate de rire en courant vers toi, s'accroupit, parle toujours en riant- a va ?...
@PierreBonneyrat Je peux pas dire a ce serait mentir. C'est pas du soutien que je cherche je veux juste qu'il soit au courant ^^
@PoisonMaster @HeadShoot___ @Voltygame @KnvckleNeo @soophile @GamatatsuLeFDP bon tu ne sera pas au courant si on a des rsultat c'est dommag
@PoncePilate_ Et n'hsite pas  cliquer sur Suivre sur Twitch pour tre au courant de mes prochains lives! J'en serai ravi :p
@Powline_L l'autre jour je l'ai mis dans sa litire, elle s'est tourne et est repartie en courant se rfugier au 1er sur son arbre a chat!
@RCSA_Officiel merci pour l'article ! j'espre qu'il y en aura d'autres au courant de la saison !
@RYasmiine c quoi tes groupes fav tu sera mise au courant mddt
@Razantys ils taient au courant que y avait pas de adm !!! C'tait pour le ptrole !! la 1re guerre du golfe c'tait pas en 2001 !!!
@RichardGHTr excuse t'es le premier au courant c'est ton pre le chinoi qui les faut ptdrr
@RyanMarion7 T'es super ! N'hsite pas  cliquer sur Suivre sur Twitch pour tre au courant de mes prochains lives! J'en serai ravi :p
@Ryan_Tolkien oui je suis au courant, c'est pour sa que je m'y suis remis je suis  la saison 3 sur 4
@Salxpard mais est ve qu'il y a une fin deja !? J'tais mm pas au courant. Gros jme suis arrter  shippuden mais jc plus ou
@Sergent_Cule a ferra l'affaire, je pense. Je vais lancer un rendu de ton MOC vers 22H, je te tiens au courant !
@SiriouslySirius ce sont mes parents adoptif qui mon dit que j'avais deux frres, sinon j'tais pas au courant non plus
@Smilerdose En gnral meuf  Je suis toujours la dernire au courant
@Solongsoldiers_ je t'ai faciliter la tche Tes frres sont dj au courant (me tue pas hein)
@Stommy_cop ah oui voil quand la Ligne 1 sera rsili je rattache la L2  la Box internet pour la faire devenir principale
@StratoS_SC2 Quand tu fais un tournois hsite pas de nous mentionn au moins on sera au courant et on pourras retweet ou suivre derriere toi
@Sypley_ laisse le temps au temps de digrer a. Y soui l si tu veux (Bon  force, t'es au courant :p)
@TheAloisnoob39 Yeep ! N'hsite pas  cliquer sur Suivre sur Twitch pour tre au courant de mes prochains lives! J'en serai ravi :p
@Vduneufdeuxnord naan 1994 aussi voir mm un peu avant la World Cup 98 mon frere y etait sa se coursait dans les metro
@YRetaud @gwenouudAmour oh, le salopiot... * laisse les cosses, les fers, le matos et se barre en courant *
@YeyeLiquini " contre courant de l'opinion publique" Oh je sens que je vais kiffer svre :P
@Yvsushi @Kawaii_Winnie attends j ai sorti ma pereuse (pas de sous entendu ) :sors en courant: je crois que c'etait ma pire blague
@ZZacharie t au courant que a se fera pas?
@ZanityAceGaming Tu geres merci!N'hsite pas  cliquer sur Suivre sur Twitch pour tre au courant de mes prochains lives! J'en serai ravi :p
@_KaneStanfield c'est Paris qui est sur toi et pas l'inverse ! Bon quand les soires viendront tu seras au courant !
@_ahtoz le ministre de la magie sera au courant pour cette insulte!!!!
@_jeffreak_ dsol d'avoir claqu la porte en partant de chez ta mre hier soir y avait un courant d'air. J'espre que t'as pu te rendormir
@_ontheskyline a serait cool! Tiens moi au courant!
@aartwix Ah oui! ET n'hsite pas  cliquer sur Suivre sur Twitch pour tre au courant de mes prochains lives! J'en serai ravi :p
@adorvstylesh oh d'accord! j'espre que tu ira alors parce que tu le mrite amplement. tu me tiens au courant ok?
@aer0K Mais t'es au courant que s'il confirme il partira pour 50M ?
@amthouin c'est excellent en effet, citoyens seront clairement au courant et Fdral devra faire quelque chose, j'espre
@anissa13004 @JuiPuceau rer h ? Le train de banlieue qui va chez moi c la ligne h mais j'sais pas si ya un rer h
@audrey_deltour @miyalau @faith_314 J'vois ac mon pre ce midi si c'est bon pr chez toi, j'te tiens au courant, mais on partira pas tp tard
@awhobv non u jagodina,ma mre nous emmnera en voiture elle est dj au courant
@ayarymel Oui, c'est vrai, je suis au courant de cette affaire!,Peut-tre que pour Mika, le Mozart libanais,  sera diffrent!
@barbarafuhrmann j'espre TELLEMENT y a un orage ce soir encore MDRRR comme a ils partent en courant
@benjidvl56 @antoinelc22 trs meme mais j'tais au courant depuis plusieur semaine qu'il songeait  arrter le velo...
@caamcam_ @FGC_Temper je suis tranquille mlle Huet c'est juste la vrit toi ton amoureux c'est pas moi je serais au courant sinon ... :)
@desideriale @kikiblain_off ma mre par exemple n'tait pas au courant, pourtant contrairement  moi elle a la tloch !
@drugxm non c'est juste que je veux pas que tu sois la dernire au courant
@eleahrpg -il sourit et t'embrasse la joue, il te porte comme un sac  patate et se dirige vers l'eau en courant-
@elidris46529159 Ta mre est au courant au faite pas la peine de rentrer  la maison, tu est dsrit @elidrissisabrin
@emiliepeter67 jsuis re  stras on se voit au courant de la semaine pro ??
@eniculodn meuf tu sais que ma mere est pas au courant
@erwan9452 @Vincennes_94300 le problme sera rgl courant de semaine prochaine, merci pour votre remonte
@fano_red enhh  tiens moi au courant au pire regarde la vido tu verra le style et essaye de l ouvrire et de prendre juste la bannire
@gautiertbt moi je suis jms au courant de rien de tte manire .... Jsp qd jv les rendre du coup
@horxncutest heureusement que t'es pas comme a bc jme serais barr en courant
@jaxlr_ Elle a 1ans et il est au courant depuis fvrier Sa mre c Nia Guzman
@journal_harry fait qu'augmenter bc mme ma grand mre est au courant
@kenrpgsmi chiot le plus adorable au monde lui courant derrire-
@kianrpgdegrad Qu'est-ce que t'as encore derrire la tte Kian? *il le suivait en courant.*
@mahtfrid MDR ! Heureusement qu'il y a une ligne d'arrive sinon il ferai le #TDF2015 d'une traite !
@mathieuferre17 Et n'hsite pas  cliquer sur Suivre sur Twitch pour tre au courant de mes prochains lives! J'en serai ravi :p
@mikasounds j'espre que tu es au courant de ce qui es arriver  tes fans arriver trs tt hier matin !!
@minel_gh je suis dans le rer la mon reseaux il va couper
@moonstyleshess merciiiii  J'ai un repas de famille et le soir je vais a la vogue mais je te tiens au courant !!!
@mulherjapones Tu seras au courant si je vois quelque chose de croustillant
@petitresors @Ann_BLAblaBla On verra a, je vous tiens au courant.demain aprs midi je vais les voir :S,(sinon ce sera 800) !
@rsistons @n0passaran @egopode Pour bcp possder un jardin est un luxe hlas, il y a 50 ans c'tait trs courant !
@sassano_enzo Et n'hsite pas  cliquer sur Suivre sur Twitch pour tre au courant de mes prochains lives! J'en serai ravi :p
@sirenrogue s'inquiter je pense, les boys sont au courant de ce stunt et ils savent ou ca va mener, pour moi y'a un plan donc bon !
@sugasmic J'ai un bus a 13h18 du coup je serai a la victoire a 14h (s'il passe correctement et que j'oublie pas de descendre MDR) je vous
@tahtaaaaah @lucydca @RoiDuCosmos j'espre que t'es au courant que t'es le plus grand geni de twitter toi
@tippani_ je sais bien, malheureusement c'est encore trs courant comme manire de voir les choses
@tomRPGGNG ah bon?C deux fois avc Harry? BRF, Kaya j't'ai dis t pas cens tre au courant bc de un t'tais pas l et de deux, CT UN ACCIDENT
@trendynouis en plus dedans sa mre elle tait pas au courant qu'on tait plus ensemble du coup ct compliqu jsp quoi trop bizarre
@xSqueeZie t'a du courage de jouer avec une araigne  ct de toi perso je serais partie en courant... Je dit #virilit
A force de jur sur le coran pour rien vous aller finir lectrocut j espre que vous tes au courant
A leur place je me serais barr en courant ds le dbut avec toutes ces araignes
A part la partie ou j'ai du courir pour avoir tous mes trains pcq y avait des pb sur le RER A
A sa place je jette la lampe vers lui pour que ca brule et je me casse en courant nsm #HP2
Aaaaaaaaaah tu peux pas utiliser le J.E.T en courant c'est bon nique sa mre je rachterai le jeu j'crois c'est trop chiant
Ah non c'est juste mon pre qui a couper le courant dans ma chambre
Ah oui mon pere est au courant pour Louis et "son bb" et m'a dit :"a y'est ton pd il a enfin mit sa tige dans un trou" MDRRRRRR MAIS
Ahh ouais on fait comme l'anne dernire j'tais pas au courant moi mdrrrr #LouisAppreciationDay
Ahhh mais avec toutes ces araignes moi j'me serais dj barr en courant #HarryPotter
Ahlala ta mre t'envoie tu dis non et quand tes potes viennent te chercher ty vas au courant mme. Yen a ils ont Mme pas honte
Aller tenir une heure pour le bus , 40 min de train et je serai chez moi . Enfin
Alors que #Montral coupe dans le transport en commun, #Toronto construit un rseau de RER de calibre international !
Arrte de te faire passer pour une sainte arrte de te la pter comme a si t'tais Angelina Jolie on serait au courant
Arsenal : Giroud pas contre un nouvel attaquant: Probablement au courant des rumeurs concernant Karim Benzema ...
Auj g crois ts les vieux de mon village, ils taient tous au courant pour mon bac, l'appart et m'ont donn sche cheveux, tagres etc..
Avant quand y'avait une nouvelle chanson de Justin TOUT LE MONDE tait forcment au courant mais l plus personne mdrrr moi la premire
Avez vous prvenu Hollande et son compre Fabius??????S'il est au courant, il va les bombarder non? Le groupe...
Bon bah bus loupe heureusement que ma mere est la pour m'emmener
Bon bah mon beau pre est au courant XD
Bon bah mon beau pre est au courant que je suis bi
Bon j'espre que gravelines aura pas envie de mettre une panne de courant  moi et antho devant Harry Potter ce soir
Bon vous me tenez au courant si y a encore un drama mdrrr bc je vais partir  jsuis sre qu'il se passer un truc encore
C'est cool pour elle sinon. (Mais elle tait au courant.) j'espre qu'elle devra pas attendre des annes pour se marier, elle.
C'est toujours la premire au courant de tout en se qui me concerne
Ca me rappelle que Lise m'a vu de loin au feu d'artifice mardi et qu'elle est venue en courant vers moi et Mathilde, je m'y attendait pas
Ce genre de dner o tu racontes  ta mre toutes les conneries que tu as faites tant gosse sans qu'elle soit jamais au courant
Chez moi on invite des gens personne n'est au courant mdr on vient tous d'apprendre que y'a un pote de mon frre qui dort l ah d'acc
Choccccc comment a jss la dernire au courant pour apo
Courant allgrement par la mer tropicale / Avec des grondements que prolonge un long rle / Et ce soleil ami qui revient au printemps
Courant dans les forts d'or et de lumire. Partageons nous les fruits murs de la vie
Demain je me lve  7h pour une prise de sang, pour ensuite rentrer en courant alors que je serais agin.. je pense on va prendre un goter..
Derank a cause d'une coupure de courant . putain de ta mere.
Des araignes comme a moi je serai dj reparti en larme en courant ! #HP
Dj si t'entends mon rire tu te sauves en courant
Dsol mais je ne me sens vraiment pas de vous faire une vido aujourd'hui :/ Du coup, la prochaine serait dans le courant du mois d'aot
Ecouter un couple d'Ouzbeks chanter du Celine Dion en phonetique en francais dans le RER c'est quand-meme quelque chose
Eeh je suis choquee mon cousin il a pris le train et le metro depuis tout a il appelle ma mere
Elle est parti dans le couloir en hurlants jles ramener chez moi, elle est re parti en courant chez elle. Elle cherche la mort elle
En 1 journee j'ai eu le temps de pas dormir, prendre le train jusqu'a la rochelle, le bus jusqu'a l'ile de re, faire des courses, plage
En 10min un petit dans mon wagon de metro a eu sa main bloque avec les portes et a la sortie du metro un accident vient avoir lieu okkkk..
En ce moment, il serait impossible pour moi de courir apres le bus (cc @BzkAlexandra )
En fait nn, vaut mieux qu'il soit au courant pcq'il le rptera p-, innocemment soit, mais les autres ne le verront pas de cet oeil l.
En faite Dumby j'suis sre qu'il tait au courant qu'Harry il se la jouait pas htel 5 quand il tait  priver drive mais il a rien 1/2
Et en particulier ma mre qui n'est mme pas au courant de ce que je voulais me faire. \o\
Et je croit chez moi je le suis a pas etre au courant que la copine a mon frre c'est installer chez moi
Et la je monte dans le toboggan en courant pour pas que le matre nageur me voit.. Sauf qu'il m'avait vu il tait mort de rire mdrrr
Et lui des que je rpond pas tu peut tre sre que la France entire sera au courant ! Sa me soule ! Il est trop collant !
Et moi avec sa mre c'tait chaud pour nag dans le courant
Et quand on est arrive on a crier "virkaa" elle nous a regard quand le gars l dtach elle est venue vers nous en courant trop mignon
Faut vrmt que japprene a rentrer chez moi discretement wsh quand jrentre toute mon btiment est au courant frer
Fin de repas  la bougie plus de courant dans sainte maxime :),Promis j ai rien toucher :/
Flo et Steven je les retiens ces enfoirs  hurler vive l'alcool quand je passe en courant avec ma mre
Franchement a sa place je serai parti en courant en appelant ma mere en pleurant..!!
H mais voil pourquoi faut-il que je sois toujours la dernire au courant, je viens juste de dcouvrir le truc en rapport de louis
Hayes Crier il c mit dans une merde avec la petite Maggie , j'attends juste de voir la raction de son frre mdr lui il est courant de rien
Hier au pied du courant dans centre-sud, je faisais la ligne avec Lonard pour d'la bire pis la fille qui a...
Hier quand j'etais dans le RER B y'avais 2 couple qui s'tape nan j'etais off
Honte a toi franchement! Tu t'es barrer en courant jusqu' chez toi en appelant ta mre devant tout tes potes
Info : Une importante panne du courant lectrique  provoqu, dimanche vers 21h00, l'isolement de plusieurs...
J'ai envie de partir la ou il y a la plage et le soleil mais cet ete ca sera : train, metro, taff
J'ai envie de tester le tour de l'tang en courant mais chaud patate il est hyper long rien que pour y aller je serais dj morte
J'ai eu ma mre au tlphone............... tout le monde est au courant mtn... j'vais demander une avance sur salaire et partir....
J'ai jamais vue sa courant fait pas 2 minutes chez moi sa pars sa reviens  CIE faut te grer
J'ai jure dans le rer D c'est le train des africains entre saint-denis sarcelles tout sa tu vois que des noires en boubou
J'ai le code de la carte bancaire  mon pre...j'ai command des superstar avec,personne est au courant jv me faire niquer ma race salle
J'aime une video @YouTube de @emmymakeuppro- Accident de bus avec Horia + Aperotube [episode 43]
J'aime une video @YouTube de @emmymakeuppro- Accident de bus avec Horia + Aperotube [episode 9]
J'aurais vu a j'me serais barre en courant mdr #HarryPotter
J'espre que j'aurais pas trop mal a ma cheville en courant !
Jai calcule, 12 personnes sur 30 millions qui ont pris le train bus ont fait un accident, comme par hasard ya moi..
Je crois que si une voyante avait lu ma ligne de main ou jsp quoi elle serait partie en courant parce que bon vie paisible j'connais pas mdr
Je dormais et mon pere me reveille car il n'etait "pas au courant" que j'allais mange au subway avec des potes demain..
Je dteste n'tre au courant de rien et savoir en dernire minute !
Je me serais dj barre du magasin en courant moi #HP2
Je prpare les vacances, le parking a #Monaco c'est 0,80 par 15 mn.... Bon ok, je ferais la visite en courant!! #vacances #tarifs
Je reois une lettre de la Banque Populaire.,"Chre Cliente" Ah bon je suis cliente l-bas ? Je devais tre la seule pas au courant en fait.
Je serais Ron , en voyant l'araigne j'serais dj partit en courant  #HP2
Je serais dj partie en courant moi XD #HP2
Je suis outr vous tiez au courant ? Ca date de l anne dernire l article...
Je suis sur je serais pire que ron, limite je m'enfuis en courant #HarryPotter
Je suis toujours la dernire au courant mdr
Je viens d'apprendre sur Facebook qu'une cousine va se marier. Et videment ma mre est au courant depuis des mois
Je vous invite tous  mon jugement, tribunal de Chteauroux, courant dcembre (y a du flic  brler)
Jme suis fais trop mal dans ma chambre j'ai crier, mes frres ma mre et mon pre son arriver en courant alors que jme suis pincer rien que
Jserais  Poudlard  l'poque de Harry je ferais partis des gens qui st au courant de rien& vivent leur vie tql! Les araignes non merci!
Jsuis dpressif.. Jeteins mon tel.. Je c pas si je ferai une connerie.. Vous serrez au courant de rien comme je teins mon tel, salut.
Jsuis monte en courant chez moi je l'ai dis a ma mre et elle m'a dit Cest lui
Kamal il a eu peur de ma mre je crois il est limit parti en courant pour pas que je le ramne
La Croatie pourrait dclarer la guerre a la France que je serais mme pas au courant
La Ligne d'Urgence  0596.63.31.31.,Si vous avez un scoop, en cas d'accident, embouteillage ou autres vnements...
La il a dtruit un horcruxe personne n'est au courant leur mre les putes . #HarryPotter
La play 4 elle coute 400 ball mais 1 mois 7 pour jouer en ligne c'est trop chre wesh
La vie le dimanche y a jamais soneper dans les RER et metro la bizarrement y a que des couples
Le 91 laisse tomberEn voiture c bourbierEn rer c bourbier,Il y a des trains toutes les 30 minutes surtout pour aller a grigny evry ect
Le SPVQ est prsent pour cette dernire soire @FestivalEteQc. Nous vous tiendrons inform au courant de la soire. Bons spectacles! #FEQ
Le jour ou mes bouh feront peur je serait mme pas au courant T_T
Le train c comme un RER -_-
Les gens ils sont a l'arret des bus, genre ils sont une quinzaine et ils parlent de l'accident. L'accidente il a eu le temps d'aller
Les gens qui se moquent de Ron a ce moment je vous interdit meme moi je me serai dj barre en courant
Les mouchettes qui cherche la lumire et qui se colle a ton phone le soir dans le noir vous avez pas de courant chez vous ou quoi sale pute
Les trains du RER D ils mdegoutent ptnn
Ma jeunesse a la couleur des trains, RER C pendant le trajet je revais de perce
Ma mere commencait a se plaindre a sa pote que j'allais a Paris vendredi, du coup elle m'a donne des tickets de metro
Ma mre elle m'appelle trkl "viens me chercher  l'hpital" (???) mdr ok j'tais pas au courant
Ma mre tait au courant qu'il y avait HP, elle fait genre elle le dcouvre maintenant
Ma mre va finir par tre au courant de mes petite conneries et a sent l'embrouille
Ma soeur et ma grand mre elles ne sont pas au courant qu'ont rentre demain, ont devais rentrer aprs-demain mais c'est longue histoire
Ma soeur et mon frre vont au Maroc et jsuis pas au courant ? Ptn jsuis lseul a rester l
Mais ici t au courant des dernire info du monde entier en live c'est sa qui est cool
Mais le train pour allez a Poudlard on dirait le RER D
Mais quand vous parlez derrire quelqu'un faites en sorte que la personne en sois pas au courant quand mme mdr mme sa vous arriver pas
Melou hier soir elle a dit  tous mes petits frres que j'allais les cheeks l'anne pro mdrrr bon bah fallait bien qu'ils soient au courant
Mme a distance elle appelle mon pre pour lui balancer des truc alors qu'elle est mme pas au courant
Moi je serais avec eux je me barrerai en courant quand j'aurais vu la grosse araigne
Moi toujours on me prvient des mois aprs toujours je suis au courant 8 ans aprs mn frere
Mon deuxieme frere est pas au courant que mon grand frere lui a achete l'iPhone 6 PLUS aussi. Mdr il vas plus se sentir meskine.
Mon frere aussi avait rater son bus et il l'a rattraper a Paris il a du payer 85 le train cette famille alalah
Mon frre il m'a taper sur mon piercing et il a eu peur que je le disse  mon pre donc il est parti en courant
Mon pre est arriv hier, j'suis sre y'a toute la rsidence au courant tellement il fait du bruit, il a oubli qu'on etait en appart msk
Mon pre qui est tomb comme une merde dans l'herbe en courant aprs ma mre avec une bouteille d'eau, j'tais morte #L'arroseurArros
Mon pre qui met la clim alors que y'a un mega courant d'air #superutile
Moony il est trop mignon a chaque fois quand il me voit il arrive vers moi en courant et il ronronne
N'importe quoi! Si Maggie avait suc Hayes les fans seraient au courant et depuis longtemps en plus!
Ne baissez pas les bras pour vos idoles, sans vous ils ne seraient rien et ils sont parfaitement au courant. Faites de beaux rves.
Note : je serai en cours a 8h15 au lieu de 8h. Et ce n'est pas ma faute : mon bus de 6h30 n'est pas assez tot pour arriver a l'heure. :)
Obliger de prendre un metro 2 RER un train et un bus pour rentree a Cergy
Oh hier il est arrivant en courant vers 00h30
Ok ma mre elle tait au courant que ma voiture dmarrait pas elle me le dit mme pas
On a pas tjrs besoin de sono ou micro pr grer un show,la preuve,coupure de courant  la spciale microfolie,une table une cuillere suffit,
On est invit  manger chez ma grand mre, sauf que je viens de me rveiller. Jsuis jamais au courant de ce qui se passe.
Oua a arrte pas de sauter le courant a me fait pter un plomb
Ouesh vous etes au courant qu'il y a une serie Death Note la ?
PUTAIN SA MRE LA PUTE IL Y A UNE COUPURE DE COURANT
Par contre Taylor il serait gentil d'arrter ses younow  5h du mat bc moi jdors et aprs jsuis au courant 3pige aprs
Pour suivre l'aventure #WAKA c'est par ici ===>  nouvelles arrivent ! Soyez les 1ers au courant !
Ptddddddr mais si a avait sonner j'aurai laisser mon sac et jme serai barrer en courant c sur
Ptdrrr defois ya mon pere il arrive a la fin des snaps on mvoit entrain de baisser mon phone en courant
Ptetre que got serait regardable si yavt pas des viols  tour de bras mdr bande de putes va on dirait c un plot twist normal et courant
Putin je me revois des annes en arrire au cinma, et quitter la salle en courant  cause de a
Quand j'tais petit j'aimais pas la mer j'pensais que le courant allait m'emmener et que j'allais me noyer :/
Quand le probat la mm va sortir vous ne seriez pas au courant
Quand ma mre se brle, mon pre se lve en courant et avec mon frre on bouge pas d'un poil!#enfantsindignes
Quand vous voulez crer une embrouille avec une personne mettez la au courant...
RER C: Travaux Castor du 15 juillet au 22 aot,
RT @AidelZack: Y'en  ils sont en couple depuis 2-3 ans tes mme pas au courant, y en a a fait 10 jours y a dj 5 photo sur FB et en bannire sur twiter
RT @Annaelle_Asset: Ahhh mais avec toutes ces araignes moi j'me serais dj barr en courant #HarryPotter
RT @AntifaDeLaSud: Je vous invite tous  mon jugement, tribunal de Chteauroux, courant dcembre (y a du flic  brler)
RT @BCY1: couter un couple d'Ouzbeks chanter du Cline Dion en phontique en franais dans le RER c'est quand-mme quelque chose
RT @Bintaa92: Ptddddddr mais si a avait sonner j'aurai laisser mon sac et jme serai barrer en courant c sur
RT @BlackyJoBoy: @_KaneStanfield c'est Paris qui est sur toi et pas l'inverse ! Bon quand les soires viendront tu seras au courant !
RT @Brikeezy: Pendant 7 foutus mois d'ma vie j'etais beau pere malgre moi, mdr l'echec j'etais meme pas au courant. Quand j'l'ai appris je voulais pleurer
RT @Brikeezy: Pendant 7 foutus mois d'ma vie j'tais beau pre malgr moi, mdr l'chec j'tais mme pas au courant. Quand j'l'ai appris je voulais pleurer
RT @CIaudeFrancois: RE JE SUIS LA, DSOL DU RETARD J'AVAIS UNE PETITE COUPURE DE COURANT
RT @C_aamille_: Ma grand mre tu lui dis RIEN mais  les au courant de TOUT , y a un problme la
RT @ClaraLajeunesse: Choccccc comment a jss la dernire au courant pour apo
RT @DeeZinfos: @Abstracktt Tu geres troop !Et n'hsite pas  cliquer sur Suivre sur Twitch pour tre au courant de mes prochains lives! J'en serai ravi :p
RT @DragoMalefoy_: #17YearsBattleOfHogwarts MON PERE EN ENTENDRA PARLER... Ah non, il est dj au courant.
RT @Franckmoping: Quand le probat la mm va sortir vous ne seriez pas au courant
RT @GulayNese: Les gens dans mon arrt je crois qu'ils aiment bien courir derire le bus ds le matin
RT @Heather315: Ma mre qui m'fait " jsais que t'as un copain, on me l'a dit" bah coute si tu pouvais me le prsenter car jsuis pas au courant
RT @Hoshiico: #growingupwithdivorcedparents tu compare la cuisine de ton pere a celle de ta mere... et tu veux rentrer en courant
RT @Idkwbiebs: Avant quand y'avait une nouvelle chanson de Justin TOUT LE MONDE tait forcment au courant mais l plus personne mdrrr moi la premire
RT @Iliay_Anisse: Ma soeur et mon frre vont au Maroc et jsuis pas au courant ? Ptn jsuis lseul a rester l
RT @KiwiiChann: Je me serais dj barre du magasin en courant moi #HP2
RT @LePrenoms: Kenza c'est le prnom des meuf qui cour driere le bus mais elle le rate apres elle marche
RT @MRNElinaa: tlm n'a pas besoin d'tre au courant faut arrter
RT @M_Dacostaaa: Vos darons quand il vous dit "ma chrie pour toi la dot a sera minimum 8 000 pour le mari" il est au courant de toutes vos cochonneries?
RT @Man_Gayness: Mon pre "C'est vrai que Louis tomlinson va tre papa?" .. On sait que c'est de la promo et de la pub quand mon pre est au courant mdrrrr
RT @ManonMcszk: Par contre Taylor il serait gentil d'arrter ses younow  5h du mat bc moi jdors et aprs jsuis au courant 3pige aprs
RT @MargaHbdzmyn: Tellement ma vie est nulle que ya trente minute j'ai aid mon chat a choper un papillon en courant derrire avc mon chat dans les bras
RT @MarjorieMoers: @HarryGirlBelge je vais essayer  tu seras la premire au courant t'inquite
RT @MaxPrdr_: @Celine_Thms j'espre que la coupure de courant ne touche pas toute la ville. Sinon adieux ton rveil !
RT @Mbkuss1: @Vduneufdeuxnord naan 1994 aussi voir mm un peu avant la World Cup 98 mon frere y etait sa se coursait dans les metro
RT @MikeElion: @LeNidAigle3 @justefrancaise@fhollande + les couillons qui le suivent sont pas au courant que les FRERES MUSULMANS= TERRORISTES,#VFrVN
RT @MissyLeenx: On a pas tjrs besoin de sono ou micro pr grer un show,la preuve,coupure de courant  la spciale microfolie,une table une cuillere suffit,
RT @NaakMuaay: C'est dard quand je vais  la mer je nage  ct des gens et je pisse en mme temps aprs ils disent "Oh le courant est chaud par ici" mdrrr
RT @OnMaApplaudi: Le chauffeur du bus a ralenti par ce qu'une beurette traversait, je lui ai dis azi passe c'est orange, on m'a applaudit, j'ai roul l'bus
RT @OnMaApplaudit: Le chauffeur du bus a ralenti par ce qu'une beurette traversait, je lui ai dis "azi passe c'est orange" on m'a applaudit, j'ai roul l'bus
RT @OnMa_Applaudi: Le chauffeur du bus a ralenti par ce qu'une beurette traversait, je lui ai dis "azi passe c'est orange" on m'a applaudit, j'ai roul l'bus
RT @OnMa_Applaudit: Le chauffeur du bus a ralenti par ce qu'une beurette traversait, je lui ai dis "azi passe c'est orange" on m'a applaudit, j'ai roul l'bus
RT @Sallyana68: @DamidotValerie @an_conda J'espre que vous retrouverez vite Kif. Tenez nous au courant.
RT @Saoudbds: - la victime ces tue en touchant cette barrire lectrifier. - lectrifier?A croire qu'il n'tait... pas au courant
RT @Sarah07Princess: Moi je serais avec eux je me barrerai en courant quand j'aurais vu la grosse araigne
RT @Sarah_Mng: @LolaTsst a2bes ma dar et mon frre sont o courant... la vie jv rcouter fauve Pcq la jsuis fragile ce soir
RT @Soniatovic: @mulherjapones Tu seras au courant si je vois quelque chose de croustillant
RT @TEEN_WOLFFR_: Si Kate n'tait pas au courant pour les loups-garous, elle serait toujours en couple avec Derek #wolfsbane3
RT @Teen_Wolf_FanFr: Si Kate n'tait pas au courant pour les loups-garous, elle serait toujours en couple avec Derek #wolfsbane3
RT @_EloiseM3: Bon bah bus loup  heureusement que ma mre est l pour m'emmener
RT @_TweetsDeFilles: " 15ans, elle est tomb enceinte par accident.". C'est vrai, c'est trs courant de trbucher et de tomber les jambes cartes sur un pnis.
RT @_ameline_g: Festival fnac au top jusqu'au moment ou on s'est prit le deluge! C'etait enoorme comment tout le monde crirait et courait vers le metro
RT @benji_liva: @Yvsushi @Kawaii_Winnie attends j ai sorti ma pereuse (pas de sous entendu ) :sors en courant: je crois que c'etait ma pire blague
RT @cuteofloueh: Ahh ouais on fait comme l'anne dernire j'tais pas au courant moi mdrrrr #LouisAppreciationDay
RT @dezelazal: La il a dtruit un horcruxe personne n'est au courant leur mre les putes . #HarryPotter
RT @emotionallyhes: Ah oui mon pere est au courant pour Louis et "son bb" et m'a dit :"a y'est ton pd il a enfin mit sa tige dans un trou" MDRRRRRR MAIS
RT @fatou2727: Il ma pa rep, brf jdescend du bus, jfai mes cours nanana, et 2h plu tard jle vois DEVANT chez MOI. Jlui est di "kestu fou la toi encore" #9
RT @fpsie_s:  la plage y a d meufs elles scroient trp  alerte  malibu en courant au ralenti, elles plongent ss une vague et elle ressortent en bombe
RT @heartxfdemi: Dj si t'entends mon rire tu te sauves en courant
RT @hopeofausty: sa se dit potes, mais sa prend tellement pas de nouvelle que je pourrais me retrouver a l'hpital que sa serais mme pas au courant ptdr
RT @ifalas: @HabiFatou @ekr_743 a fait 1 an qu'il a c-per. C'est juste les gens qui sont pas au courant
RT @jjmmbb130765: @ayarymel Oui, c'est vrai, je suis au courant de cette affaire!,Peut-tre que pour Mika, le Mozart libanais,  sera diffrent!
RT @jnboullenois: Fin du monopole secu: "le ministere est parfaitement au courant, mais ce serait un suicide politique de l'annoncer"
RT @jonahlebossdupr: @AxelTravers @antho06OM t'inquite j'ai remonter la pente tant que ma mre n'es pas au courant sa me va j'accepte les critiques
RT @khater_sofiane: @DenaaNelss tu seras le premier au courant
RT @ladyxflouis: Ne baissez pas les bras pour vos idoles, sans vous ils ne seraient rien et ils sont parfaitement au courant. Faites de beaux rves.
RT @lou_devos: S'touffer de rire en courant
RT @lylyzer: Ansel tellement j'ai pas de nouvelles de lui qu'il pourrait changer de sexe pendant les vacances j'serais mme pas au courant
RT @mariibo23: Y'aurai dj longtemps que je serais partie en courant moi #HarryPotter
RT @oceanelfb: On est invit  manger chez ma grand mre, sauf que je viens de me rveiller. Jsuis jamais au courant de ce qui se passe.
RT @olivierpdt03: . @OliblueWilder un agent  part entire du RPS, au PS courant Valls en 2010 puis  l'UDI et surtout responsable  la LICRA...
RT @ooh_pinaise: Une Duff j'espere ! Moe sers moi une Duff ! @gundogan____: Rer d c un train de clochard ca pu c salle ya des canettes de biere par tout
RT @parleapschinois: @awhobv non u jagodina,ma mre nous emmnera en voiture elle est dj au courant
RT @pasqualelm: Alors que #Montral coupe dans le transport en commun, #Toronto construit un rseau de RER de calibre international !
RT @teamdenuit: @fabsusu 1 douche frache, 1 linge humide sur ta fentre pour crer 1 courant d'air frais, a peut t'aider  t'endormir.
RT @urrh_: Mais quand vous parlez derrire quelqu'un faites en sorte que la personne en sois pas au courant quand mme mdr mme sa vous arriver pas
RT @vbrgue: Avoir qqn en fav sur twitter c'est risqu, t'es la premire au courant de tout ce qu'il se passe et des fois a fou bien les nerfs mdr
RT @wefoundlily: @_ahtoz le ministre de la magie sera au courant pour cette insulte!!!!
RT @xmarie2802: Je suis sur je serais pire que ron, limite je m'enfuis en courant #HarryPotter
RT @yazsinho: @IsraelOhana18 Faut pas inventez une racl. On a la vido : a part en courant devant des poubelles pour se rfugier drrire les CRS
Rer d c un train de clochard ca pu c salle ya des canettes de biere par tout
Rer d train de congolais c un truc de ouf
Rogue il est au courant pour le danger de la chambre des secrets c'est pour a qu'il voulait renvoyer Harry il voulait me protger
Ron il se chie dessus ptdr moi je me serai dj barre en courant #HP2
S'touffer de rire en courant
SALONI NA KA VITE FINI FACTURE DE COURANT VA DIMUNIER MON GRAND PRE VA SE REPOSER
Scene amusante : une jf court pour attraper le RER mais arrive trop tard sur le quai. Porte un sac "Qu'est ce qui fait courir les filles ?"
Se faire rveiller par un mec qui toque a la porte et qui quand je reg qui s'est se barre en courant  sa voiture et acclre comme un fou
Si Kate n'tait pas au courant pour les loups-garous, elle serait toujours en couple avec Derek #wolfsbane3
Si dmain ya un mec il te menace ton pre avec un... - Pourquoi tu mens jsuis sur tu pars en courant
Si il se passe quelque chose dans ma vie twitter sera au courant avant tout le monde mddr
Toujours au courant  la dernire minute !
Toujours j'flip dans le RER en entendant "attention ce train est en direction.."et j'me detend quand il dit "il desservira toute les gares"
Toujours la dernire au courant de tout..
Une Duff j'espere ! Moe sers moi une Duff ! @gundogan____: Rer d c un train de clochard ca pu c salle ya des canettes de biere par tout
Une fois dans le rer y'a un renoi avec ses pieds grisailleux il commence a couper ses ongles de pieds devant moi Tchip
Y'a la meilleure amie de ma mre, son mari et ses enfants qui viennent d'arriver, ils ont lous la maison du dessus on tait pas au courant-
Y'aurai dj longtemps que je serais partie en courant moi #HarryPotter
Y'en  ils sont en couple depuis 2-3 ans tes mme pas au courant, y en a a fait 10 jours y a dj 5 photo sur FB et en bannire sur twiter
Ya plus de courant  sormonne et j'ai plus que 11% sa mre
a cote pas chre de me tenir au courant putain
a faisait hyper longtemps que j'avais pas mise ma mre au courant de certaines choses
a m'saoule, mon pre il vient me voir  nantes, en sortant du centre de rduc il a plus son scooter bc vol, du coup il prend le tram+
bon jvois tout le monde regarde Harry potter et moi j'tais mme pas au courant que sa serai diffus ce soir;..
deja qu'on a pas d'eau chaude  cause de notre fdp de chaudire la on se tape une coupure de courant dans toute la ville... JE CRAQUE QUAND
eh mais le WE prochain c'est la fte  Forges jsuis toujours au courant de tout la dernire moi
i fessait trop chaud avec mon petit frere on es parti en courant on a sauter dans la piscine elle est geler en plus
j'aurai mme pas filmer l'araigne moi j'me serai casser en criant et en courant
j'espre beast ils sont au courant que dans les charts ils sont premiers quand mme
j'prefre rester rveill pcq j'en ai marre de partir en courant vomir toutes les20min
j'tais pas au courant, c'est une blague j'espre
je crois mon pre il est pas au courant j'ai dj fait des valises
la plage y a d meufs elles scroient trp  alerte  malibu en courant au ralenti, elles plongent ss une vague et elle ressortent en bombe
ma mere est au courant pour moi et maxime...
ma mre "je viens d'apprendre un truc, mais tu dois dja tre au courant, y'a Matt et Kendji  Carcassonne ce soir" ah beh a je sais oui ^^
meme pour le bus je cours pas mon pote, je cours juste qd ma mere elle me cri "la bouffe est prete" voila
mon frre il vient en courant vers moi, il me fait un bisous, bah merci c sympa coute jtm aussi hun
mystrieuse un peu mdrt'facon jsuis pas un mystre pour marinec'est mon dfouloir de feels,elle est au courant de tout
non serieux genre t'habite dans un village y'a meme pas de rer ou de trains et tout c'est chaud mdr
oke donc le bail c'est que ce soir ma mere est o courant ... mdr mdr elle va me taper
personnellement j'etais meme pas au courant que le pere fouras c'etait un homme maquiller mdrrrrr
ptn mes parents et mon frre y partent faire les boutiques en 2/2 gt mm pas au courant pfffffffffff
svp vs pouvez arrter avec vos "Simon Cowell a dit ceci cela" wsh il est mm pas o courant lui mm de c'qui dit jui sure, fermez vos g
tlm n'a pas besoin d'tre au courant faut arrter
tout l'monde me dit d'mamuser mais wesh j'ai rien a faire dehors, ya personne, jpeu aller nulpart appart prendre le rer lol youpi
tu me mets du b2o dans les oreilles je fais le tour du monde en courant mdr t'es trop dter
voil le logo de mon chargeur clignote c'est aussi un moyen trs courant d'inviter  niquer ta mre
vous tes au courant que les tweets depuis la france ou hors tats unis sont pas comptabiliss j'espre ? #teenchoice
y'tait mme pas au courant que c'tait fini, et qu'il tait re-encouple
