" Koumassi / Tragique accident de la route : Un couturier percute l'arrire d'un taxi et se retrouve sous un bus... "
"@LauraZiehi: On baise ta go tes mm pas au courant frre cs a l'secret professionnel."
"@Mzelle_Giiso0uh: Les gens qui prennent pas tout 1er degr le courant passe tres bien mm!" Xzsit
"@__Arabian: Aux vrais hommes les vraies femmes   es au courant qu'un tweet c'est 140 caractre
#AmericanAirlinesCHILLOUT ET SA MRE OMG ELLE EST AU COURANT ?!
#DontDeleteStealMyGirl c'est quoi ce bordel encore? On peut pas passer une journe cosy? Et pourquoi je suis la dernire au courant encore?
#LRDS Et l'autre qui prcise qu'elle met jamais de culotte... Merci la France entire est au courant.. On s'en fou...
#Mohamed_Abbou : le #Courant_Dmocratique sera dans l'opposition
#Mohamed_Abbou : le #Courant_Dmocratique sera dans l'opposition,#tnelec2014
#Pollution dans le #NordIsre et la zone urbaine Pays de #Savoie - Prfrez le tram  la voiture ou ralentissez !
#TribunedeGenve  Un accident de bus scolaire fait au moins dix morts: Un camion a percut un bus scolaire lu...
#annonce #vente Plan courant - Toulouse (31500): Toulouse Est, quartier l'Hers, dans une rsidence...  #immobilier
#rt encolere75: Quelques trams ont ts taggs  la bombe. Un arrt dtruit  la barre de fer Cours des 50 otage... "
(mme chose si soudain derrire la conversation, un truc cool tel un oiseau, un type random, une feuille morte ou un courant d'air passe)
*RER B trafic trs perturb* Comme les trois quart du temps aussi -"
- Tu viens chez moi ?- la flemme. jsuis dans le rer jrentre- j'ai de la weed,*Saute du train en marche et enclenche son jetpack*
- sera au courant, y a aucun secret quoi alors que le lien paternel jsp pq tu lui dis tour wsh c ma vie tu fais quoi ptn
.@Abittanary aux Folies Bergre les 25 et 26 novembre prochain ! On vous conseille d'y aller en courant :)
23h30 dans le train pas de bus la galre
@25stanley Tu me fais bien rire dans tous tes vidos! Et en plus tu nous tiens bien au courant de nos Habs ;) haha #gohabsgo
@AliiToun La vie dma mere en Ligue 1 il l'avais pas pete pfff il tais vrmnt pas au courant
@Amalia_Sempere J'RIGOLE AMR JTM TROP OUESH TU SERAS L'UNE DES PREMIRE AU COURANT BB TKT MME PAS !!!!
@Amelieclq ouais, si tu continues, tu vas me donner envie d'arrter les compliments t'es au courant ? Non a va trql, j'suis pire..
@AshtonRPGTF ouais ben j'espre que rien t'nerveras. Parce que voil t'es dans le corps d'ashton et nos potes sont pas au courant de sa -
@AudreyRabille yes je t'appel en fin de semaine pour qu'on se tienne au courant haha tu as refait ma soire !
@AymericFch Dieu merci je suis pas au courant de cette histoire de ver de terre mdrrr
@BabafromParis Ok, pas de soucis alors je prfre rester  contre courant du monde.
@BoucherBo bravo pour votre film vu en avant premire  Marseille. A contre courant du modle franais !
@Bruisontherun On a des devoir? *toujours la dernire au courant*
@CedricRuger @bloghommelibre @maxime7 vous ne les connaissez pas ? je les recense et je vous tiens au courant'il fait + 140 caractres
@ChahineOpcin @PranksClown putain chpense je serais pas l chte tien au courant frr
@CharlesCHT Faut que tu nous tiennes au courant je veux pas rater a. On aura vu les dbuts de ta carrire
@ChrisRPGBTD -il monta en courant, te poussant vers l'exterieur.- SORS J'AI DIS.
@Cpr_Colline mdrrrr ah mais t'es pas au courant ? J'ai dj pecho comme a a Cailleux sur mer mdrrrrrr
@DelarueJC CARTON ROUGE au RER C! (2) Retour,  BFM, changement de quai  la dernire minute, train court, usagers assis sur les marches.
@DelarueJC Il faut en effet dfendre les trains du quotidien existants (RER, TER et TGV) pour l'equilibre des territoires. Une manif prvue?
@Dimitri_Grck as-y tiens moi au courant frre on se capte !
@DrGobblynne Oh non, faut pas s'inquiter, ils sont pas encore au courant, voil tout.
@Dreamdust__ Premire nouvelle car je suis au courant de plus rien   faut que je trouve une tenu
@EffyRPGLBC2 viennent plus et QUON est pas au courant on vire leurs comptes et on libre le perso prit
@El_Petitos Bonjour ! Je n'ai pas encore eu de rponse sre  100%, mais normalement courant de semaine prochaine ;)
@EnoraKauss essaye de ?? Mdr un autre truc dont je serais pas au courant ?
@FedZillaa @Flaz_cS Tient nous au courant sur skype de toute faon ;) on fera passer le message
@FerimaXiv @Dz_fatimaa vazi on stient au courant parce que jdois tre chez moi vers 18h bg
@Franck_Alla tu es au courant frre mdrr
@FrederiqueBel Je sais qui squat titine c'est la Delpeche GDF lui a coup le gaz(dj que c'est pas une lumire) alors elle dort dedans XD
@GamingLiveFR @UESA_PKMN #UESA Dsol Ken, mais c'est ma 7me coupure de courant en 24 h... :'( Peut tre un 3v3 vers la fin ?
@Gegenimox @Greenstorm03 c'est d'ailleurs dommage, il y aura personne qui sera au courant de cet vnement magnifique  part moi
@GiahRPGUONH *se tourne vers toi* pas courant comme prnom *sourit*
@GossipRPGLA * je regarde une dernire fois, puis pars en courant *
@GrdnChloe Pas d'insulte c'est encore mieux! :P Connasse je rigole hein!!,Ouais bah oui comment on serait au courant de la patissire! :P
@HennerAmelie personnes a part toi mais je prfre te tenir au courant que si finalement tu veux toujours faire partie de la video que je
@Heny_Kam oui, c bien ce que je dis, c bcp moins courant d'admettre une reprsentation des rsidents  l'tranger dans un Parlement
@HerainSacha putain tiens moi au courant frere
@Horxnster omg j'tais pas au courant  (sort d'amnsie mdrrr on l'a refait )
@IssamCroco on se tient au courant tfacon mais ce serait cool
@JMinisc tu me tiens au courant si t as ton premier accident
@JamesWatts_HD sont au courant.. Ainsi que mes deux frres. Je vais tre honnte, c'est vrai que c'est pas facile tout les jours. Il y a -
@JasmineRPGSN -prend ta main, et se barre en courant vers le cinma et entre dedans-
@JeremieMls On te tient au courant bb, . Attends. on gre.
@JulienJap est tu au courant que les gendarmes on reu des projectile genre cocktail acide fuse ...
@JustinUOCA2 *pouffe un rire secouant la tte, te pousse sur lit puis se lve rapidement, dvale les escaliers en courant pour aller ouvrir*
@KaulitzBK Des que j en sais plus vous serez mis au courant ;)
@Kevinou59Drik vieux pere ordi dites nous c est quand la sortie!! Ou bien toi meme t es pas au courant
@Korean_Hyun @MaGoongiiie @Aokagamuro h tient au courant je veux rire aussi xD
@Kreuzberg08 Je pense aussi, mais comme on est cens s'inscrire dans un courant historiographique, au moins un peu, ce serait pas mal -
@Kythis_My mais au moins si tu t'y met, tu seras au courant !
@LaFilleEtrange qui sais qui sais ,Mais bon je pense que si il c'etais fais arrter on serrais au courant jusqu'en chine
@LauraTota5 @MPOFFICIAL J'etais la premire  le voir et  tre au courant!
@Le_Marsu: @21294marocain HOUBA ! Courant ! Wsh mon frere bien
@LinaInes_ mdrrrrrrr tkt je frais saque en periode de cour comme sa le bus sera plin mdrrr
@Louis_YSRPG Mais a ne te regarde pas vilain. Et pas la peine d'embter Harry, il n'y a que lui qui est au courant et il ne te dir Rien!
@LucasMDS91 des que tu sais tien moi au courant frere que je passe te voir !
@MMadjes mdrr jss dans le train la dans le rer c
@Maaarinement_ @Nolwenn1506 c'est un truc perso entre moi et No vous serez au courant plus tard quand ce sera fais c'est un dlire a nous
@MaissaTtn_ Je serais au courant...
@MaliianaBaby @Allezbouge____ je n'tait gure au courant
@MandoSankara lol Armand si t'es amoureux de Lupita dit le. tu peux me le dire en Dm si tu vex. "ELLE" ne sera pas au courant tkt ;) lol
@MaximePisano Haaaa je comprends mieux ! Bon ben si je reois quelque chose entre temps, je te tiens au courant !
@Melvdie Oui c'est pour a que j'hsite, mais je peux mettre des paroles qui me reprsentent aussi... Mdr enfin mon courant de pensee quoi
@MganeTorres @postbadbryce son entreprise serait dj au courant , tu fais du buzz quand ta ebola
@MzelleLaura91 si t pas au courant j'ai changer ma bannire il ya mm pas 2h okay.
@NastyaRPGAS2 -arrive vers toi en courant- putain biensr,nastya calme toi.
@NespolaF Vasy en courant tu vas rire avec habibi MDRRRR
@Ninon_7 @OceaneClossetMais j'te jure que si le gars se relve je pars en courant et vous me revoyez mme plus
@Noa_TMR_rpg *ouvre de grands yeux et part en courant vers le labyrinthe*
@NyxPotter *te rattrape en courant et chuchotte  ton oreille par derrire* Le vol, c'est mal. *attrape ses galions*
@OffSalim @PedroStory94 que si il viendrais  me donnez rdv ji vais en courant pour l'enchaner
@Opale60 @MamanDeQuatre C'est un budget  part entire. Et une fois commenc et que le courant passe bien...
@Paganeuronbros derrire notre cran on se dit que s est trop abus de la part d Hillary mais sommes nous au courant de tout???
@PrettyCassie16 C'est ta mre elle doit tre au courant de tout te concernant !
@QruuSh Je retiens, au moins la prochaine fois je serais au courant
@QuinnFabray_HD car je ne voulais pas qu'on face l'amour chez son pre ... Et il a russi...Mais biensur Burt a t au courant car il avait-
@RPR20 @brunornc64 @francetvinfo ils auraient du le jeter dans la Sane ou dans le Rhne et qu'il suive le courant:-)))
@RealDeamz c'est lui qui est chaud il va grer a ;) jte tiens au courant
@RealDoualaGiirl ok tiens moi au courant de ta dcision ma chre..
@RedaaBrs Challah frre , tien moi au courant toi aussi pr tu sais quoi!
@SS8Aymelia exactement et en esprant que le courant passe aussi bien que la dernire fois entre lui et cyril pr une place de chroniqueur
@SafiaaSmith merciiii Ma soeur. c'est toi la premire au courant
@SaraHaouzi Nn j'espre pas je te tien au courant tkt  sa sera remplac par le vendredi soir si tu peut
@Sensoria_NTRZ Oki ;D J'me suis abonn comme a je serai au courant quand t'en ressort :D Dis t'es quoi en rank sur lol ? :)
@Sh0re92 @hokageyakuza @Danofgb @_Birdkiller_ Je suis au courant, ma TL est pleine de ce truc :3
@SylvainPaley je me demandais justement ce matin ce que signifiait le "trafic TRES ralenti sur la ligne 5" des crans RATP.
@TheMangaLab Hte de le regarder ! Il sera dispo courant de la semaine ou plus tard?
@ThePieerrot Coucou!! Moi je me suis lever en courant pour pas que mon grand-pre fasse une gaffe! !! :p
@Ttressiegirl @SamZirah je crois que l terre entire est o courant lol
@UNIGEnews La Journe de Droit Fiscal vient de crer son propre site twitter. On vous tiendra au courant!
@VincentMnV jessaie de me tenir au courant des dernires tendances
@WeAreMalherbe Y'a pas de prise de courant en pop ?? Derrire la coupe de champ' ? Non ?
@Yohrak @GorillazHD vers 22h truc comme a je vous tiens au courant en fonction du train que j'arrive  chopper
@_Marine_T merci mais on vera .. O moin je suis o courant merci
@adelmn Je suis content pour salem labiadh,Au moins le courant arabe nationaliste sera prsent au parlement Flicitations
@alirpgpah -Relve la tte et se lve d'un coup, courant vers toi, recommenant  pleurer.-
@amandaRPGLW bon le respect il est partit en courant comme le chat de la mre Michelle quand il a vu calum :/
@ameliedlpz Pas de soucis tu seras au courant
@arthurlutz cool, merci :) (je crois qu'ils sont dj au courant ceci dit, mais a fera toujours a en plus)
@blackprinceuss chez ma mre il sont venu toquer le chien a grogn il c est lev sur le rebord de fenetre il sont parti en courant ptdrrrr
@cbabinchevaye :) possible pour toi la dernire semaine de novembre ? Le 25 ou 27 sur Paris ? A trs vite ! On se tient au courant. Bises
@claudepeze t'es pas au courant qu'ils boycottent la coupe  moustache ?,10 personnes de moins au stadium, on sera plus que 32 :(
@connorRPGAS2 mh ouais je vais y aller. J'espre que a s'arrangera avec Brad. Tu me tiens au courant?
@dicaprioxdawson la dernire fois t'avais et un truc sur elle j'tais pas au courant wll j'tais choque pendant 1 h mdr
@dobrevalloyd non tkt,C'est Louis qui se fait arrter dans leur new clip (j'tais mme pas au courant qu'ils faisaient dj un new clip)
@empireofniall12 n'y a meme personnes a part toi mais je prfre te tenir au courant que si
@engie_maz tas vu le video du h qui raconte un accident de LA stm
@enoraaa1 j'espre ... merci ma belle ! j'te tiens au courant quand j'ai les resultats , de toute faon a sera jeudi je pense
@evanrpgitr *hausse ses sourcils* Et comment a se fait que tu soit pas au courant de mon accident ?
@fckstylez - et ds qu'il sera en France il viendra nous voir ect et du coup je lui rpond que j'tais pas au courant que je pensais-
@futurstar__ ouais mais c'est mon pre qui fait la peinture il est pas au courant que j'ai fait une tache il va m'clater
@gleeric elle sera envoye dans le courant de la 1ere semaine du mois de novembre. Bv, (2) ^CR
@htlbieber Essaie de retourner vers lui, tu me tiens au courant ! :)
@iMarcBlessing Woow dsol j'ai pas envoy a.... Si tu reois encore des liens de mon compte tiens moi au courant stp
@isaacRPG *voit un mec deguis en vampire, explose de rire et se transforme pour lui faire peur, il part en courant*
@isamoreiraG rep sur whatsapp et tu seras au courant de tout
@jacgauthier Merci, ce n'est pas courant qu'un Catholique voque la prire du cur. C'est avec joie que je m'abonne  votre compte.
@jetonsethommes 5mn top chrono pas de doute tu matrises ton sujet :-) comme promis je rvlerai la surprise dans le courant de l'aprs-midi
@joannathomass j'attends de voir ce que c'est... mais tqt le monde entier sera au courant de tes talents
@kevadamsss non mais tu es au courant que si tu as snapchat, tu as un "nom d'utilisateur" alors tu serais prie de nous le communiquer
@korlioa ptdr tient moi au courant quand ta mre va savoir tes pas alle  ton cours de maths
@kryseson Hahahaha c'est mme pas ca. Tu seras mis au courant ko bangua tseeee
@lRWINAKED & Paul  tait 1des premier au courant, donc c'est bon quoi c'est pas  la dernire minute que tu prviens si tu viens ou pas
@lerpierre j'espre en tout cas que a n'est rien de grave, tiens nous au courant, bon rtab' !
@loiccognet1 @Elisadurant j'espre avoir du rseau pour vous tenir au courant!!
@mamathieucd mdrrr non tu serai au courant bb
@mcdonashh et  ta belle mre t'as essay de lui dire que t'aimais pas qu'elle soit au courant de tout et que genre t'as besoin de ton pere
@meli_clover C'est bon a, je pensais que c'tait surtout l't. Je suis rarement au courant malheureusement ou je l'apprends qd c'est fini.
@moonklm je cours mme pas derrire les bus a s'trouve c'est mme pas le bon bus
@nicotouderte @Mdelormeau a serait bien de clarifie sur #LeMag la destination exact pour #lesanges7 car vous tes au courant !! Merci !!
@orangebusiness Ce serait sympa que vous nous teniez au courant de la rsolution de votre problme de routeur... #please
@otrat_belgium Je crois rver la mais mdrrrr. Vous tes au courant que BELGIQUE VEUT DIRE BELGES. ALORS VENEZ PAS FAIRE CHIEZ AVEC VOS-
@petipont: @CLOWNDU999 je demande juste a voir mais je serai pas le genre de gars qui partirait en courant  TU AS TORDS
@prinsasano_091D Oui et personne est au courant sauf son frre je crois x)
@rosedrugofmusic n'y a meme personnes a part toi au sdf et encor se n'etait pas sure de ta part mais je prfre te tenir au courant que si
@samlondon06 et en quoi ce courant diffre de la sunna, de l'islam ?
@samlondon06 mais en quoi ce courant ( celui de Mohamed Ibn abdelwaheb) diffre t'il de la sunna ?
@singing_Sakina @DatMetalGuy tu crois ma mre elle est au courant pttre?:/
@soniadjouaher Oula bin quand mme j'espre pour toi a me ferait trop chier ... Tiens moi au courant
@steph2440 je suis au courant des problmes sur les LDB40 dont la puissance diffre des flashballs.
@t12lve J'ai bien reu vos coordonnes, je vous tiens au courant. ^G
@victoireevat on avait tellement eu peur quon etait partit chercher ton frre en courant pour qu'il teigne l'ordi
A 15ans elle est tomb enceinte par accident" C'est vrai que c'est trs courant de trbucher et de tomber les...
Accident dans le bus dans lequel jme trouve, dcidment aujourd'hui c'est la journe de merde par excellence x)
Accident dans mon bus les gens ils ont flipp comme des putes
Accident de bus  Laghouat : Le chauffeur tait sous leffet de stupfiants
Ah ils ont remis le courant
Alerte Jackies de compt' en vue dans le bus. Il se dirige vers Carquefou. Ne sortez pas de chez vous pour votre scurit mdr
Apres l'accident de tram celui de bus
Aprs cinq mois ma mre est enfin au courant que je suis plus avec, le seul truc qu'elle trouve a dire c'est "c'est pas trop tt" ok maman
Aquitaine : Tram D et tram-train : la ptition des Verts, la colre de certains riverains
Areen Omari (n2463) porte son regard vers le lointain,  droite puis  gauche, vitant soigneusement de regarder la camra de Courant.
Askip demain je dine avec mon pre j'tais pas au courant putain je dois voir Laura aussi
Attention des trains de supprims sur le RER C
Au moins mon frre m'a mise au courant par rapport  ses gars, on est d'accord sur leur personnalit x)
Aujourd'hui au plateau y'avait coupure de courant on a pris l'ascenseur du 28 au rez de chauss .. D'o ma super fatigue actu ..
Avec mon frre on a mis un bracelet fluo autour du cou de mon chien, ya eu une coupure de courant et on voyait un truc jaune balader
Bon, OK, le cardinal Burke reprsente peut-tre un courant de lEglise. Mais a-t-il lu Modiano?
Brsil: 10 morts dans un accident d'autobus scolaire
Brsil: 10 morts dans un accident d'autobus scolaire  via @lp_lapresse
Brsil: 10 morts dans un accident d'autobus scolaire - Une violente collision entre un autocar qui transportait de...
Brsil: 10 morts dans un accident d'autobus scolaire: Une violente collision entre un autocar qui transportait...
Brsil: 10 morts dans un accident dautobus scolaire
Brsil: 10 morts dans un accident dautobusscolaire
Brsil: Un accident d'autobus scolaire fait au moins 10 morts
Brsil: Un accident de bus scolaire fait au moins dix morts
CA-22 W/B : Accident at Main Street -
CARTON ROUGE au RER C! Ce matin encore, 33' d'attente dans le train, dbarque  Juvisy, "prenez le RER D", non, on prend un C terminus BFM
CFD Bagnres dans l'attente d'une reprise du trafic des tramways: Un contrat sign  la fin de l't permet de...
Casse les couilles avec leur accident de tram depuis 8h
Casse les couilles les pbs de rer jpeux mm pas aller en cours -_-
Ce matin la SNCF nous invite  1 jeux de pisteDevine ou est ce qu'il est ton train,Et pour t'aider on mlange panneaux et train RER B/D
Ce matin pour me rveiller mon frre a jet le chat sur le lit et bah c'est le chat qui a eu le plus peur  il est reparti en courant !!!!
Ce moment o ce son te brule le corps & que t'es ds le RER & que ... Tu ne peux rien faire !!!
Ce qui vous fera souffrir dans la vie, fuyez-le. Partez en courant. Partez le plus vite possible.
Celui qui ne sera pas au courant est coup du monde
Cette histoire de clowns malfiques moi a me fait plus rire hein, si j'en croise mais j'hurle en courant en appelant la police.
Cette infirmire ne devait pas tre au courant qu'une prise de sang ne se fait pas dans l'os..
CiE c'est  Midi chaud l vous coupez courant quoi? le jour de mon anniversaire? vous voulez sentir ma colre?
Comme une rivire jsuis plutt calme tant que tu mprend pas a contre courant   @ 74
Coupure de courant: la faute  une corneille - Le quartier Asse-Vuarpillire a connu lundi  17 heures une coupure...
Coupure de courant: la faute  une corneille: Le quartier Asse-Vuarpillire a connu lundi  17 heures une coup...
Courant est coup ma mre dit cst Blaise qui veut se venger
Dans le RER en pleurs parce que j'coute La Superbe de Biolay. J'avais oubli  quel point c'tait fort.
De nos jours, les grands mres sont au courant de tout une dinguerie
Deni de grossesse vous connaissez ?! Genre kheuy rek ame ay contraction alors qu'on tait pas o courant d sa grossesse
Dernires prises de son pour notre prochain EP, et c'est officiel, il s'appellera "KOALA". On vous tiens au courant!
Des qu'il ce passe un truc avec Jayy et que je suis pas encore au courant c'est ma mre qui m'le dis trnql #EMABiggestFansJustinBieber
Ds le rer ya un man bourr qui envoyait des coup de flamme o gens avc son briquet et un axe
Dsol pour les match d'avant-hier il avait une pannede courant , je viens seulement de rcuprer .
Du coup ce sera la premire au courant.
Du coup je me barre et avant de passer la porte il me redit "Mais tu connais Capitblablabla ?-Euh non *se casse en courant",MAIS SAUF QUE
EBP-PRO NEWS : Un accident de bus scolaire fait dix morts au Brsil
Elle a fait quoi Charlotte j'espre que je suis pas le seul  ne pas tre au courant ^^
Elle est trop mimi @AngyFdz sur les photos haha c'est exactement moi en fait, mais je crois que je serais parti en courant perso. #REC4
Elle m'fait rire ,faut que tlm soit au courant mdr
Emilio depuis qu il as repris les cours il est au courant de rien..
En vrai je dis a mais je suis sre e pars en courant et je cris comme une baltringues mdr
Encore un accident voiture/tram A, a va c'est pas trop dangereux.
Enterrement des victimes de laccident de bus au Npal (21:29)
Et comment je fais pour toujours tre au courant sans le vouloir. Mystre et bulle de savon noir.
Et le dimanche je traverserais la convention entire en courant juste pour lui claquer les fesses /PAN/
Et ma mere ma dit que aprs je dormai chez Maelle avec Andrea sauf que mon pre est pas au courant alors booooooon
Et si je mettais ma mre au courant... Mdr
Fdp de tram je sors ya un accident fou lseum
Genre a fait tellement longtemps que j'ai pas regarder #Castle, Beckett elle pourrait tre morte que je serai mme pas au courant x)
Google Now qui m'indique quand est le dernier RER et m'alerte pour ne pas que je le loupe ! J'adore !
Grave ! T'as vraiment d'la chance que ma mre soit au courant de tout!
He on peut pu faire des truc discret sr internet j viens de cre un vine et regardez bien qu au moins une personne sera au courant avant dm1
Hello les amis! Je me remet trs vite au stream, samedi au plus tard je serai l je vous tiens au courant
Hey la grosse pute qu' pt dans le RER j'espre que t'oublieras pas le coup que j't'ai donn  respecte un peu salope !
Hors de question de prendre la voiture ... Train RER fin
Il est fort ce petit quand mme! Moi je serais dj partie 10x en courant
Il va se marier avec moi Abdel il est pas encore au courant mais je suis tomber sous le charme de ses gteaux comme sa il m'ent fera h24
Il veut pas aller shinner ma meilleure amie aussi je serait encore moins au courant
J espere juste qu il sera au courant de cette visite ;)
J'ai arrter mes cours d'anglais en ligne c'est pas bon a
J'ai brl 784 kcal en courant dans les escaliers pendant 30min, je suis quand mme fire de moi parce qu'il y a quelques mois j'avais-
J'ai donn un violent coup de guitare  une fille dans le tram, j'me suis excus mais au fond j'tais mort de rire.
J'ai du reprendre du poids mais au moins je serais au courant
J'ai eu des mots a cause de mon comportement ma mre elle est pas au courant mais bon je vais bien attendre la fin des vacances la
J'ai eu envie de tuer : ma mre, des gens de mon boulot, un couple qui se papouillait dans le bus, ma voisine, des frontistes,des gauchistes
J'ai faillis mourir en courant vers Sheguey il a saut vers moi boy il a cru que j'allais le frapp putain il et con ce chien
J'ai l'impression que David ne sera jamais au courant que Emily c'est Amanda c'est saoulant
J'ai montr mes cours de traumato a mon frre il est parti en courant presque
J'ai rver que j'avais slek d'un accident de tram a rogier
J'ai tellement de chance que si y avait des clowns  Chteaudun et qu'ils me coursai, en courant je me pterai la gueule devant eux mdrrrrrr
J'aime pas a quand ma mre prend des rdv en plein milieu d'aprs-midi et que je suis pas au courant, a me gche une aprm
J'en est mare de cette famille toujours la dernire au courant des trucs
J'en suis sre que y'a des gens qui sont mme pas au courant que j'ai des dossiers d'eux haha
J'espre on va pas louper la bus ptdddddr trou d'uc comme on est
J'espre qu'elle me tiendra au courant sinon je vais laisser tomber je crois. J'ai l'impression de dranger des fois.
J'espre que vous tes au courant que lorsque vous ouvrez whatsapp , les gens prenne en compte que vous avez vu les message
J'me suis battue pour aller acheter 1 rose, courir pr avoir le bus, rien manger, pr qu'arriv  euro ma mre m'envoie "vient ps mtn rentre"
J'suis dans un train du RER D, et clairement a fais penser aux annes 70-80. Une cata cette ligne !
J'suis toujours la dernire au courant a m'casse les couilles.
J'tais dans ma chambre, j'entends mon pre crier. Je sors en courant et il mdit "on fait un concour dcelui qui crie lplus fort lol"... PTN!
J'tais mme pas au courant que le Marrakech du rire 2014 c'tait sorti mdr
Jake est tellement con aussi au lieu d'agir en silence noooon ! Faut qu'il dise au pre d'olivia qu'il est au courant de tout tchiiiiiiip
Jay m'a dit : "Si tu me tape c'est pas la peine de partir en courant t'auras mme pas fait un pas que tu sera dans mes bras" ptddr c'est a.
Je croix bien que ma mre tait la seul a ne pas tre au courant des clowns.
Je dis tout le temps que je ne cours pas aprs les gens, par contre, derrire le tram, je n'arrte pas ces deux derniers jours
Je dis un truc  ma mre 10min aprs elle me dit quoiii ? Je suis pas au courant, non tu ne m'as pas prvenus
Je me souviens quand elle tait tombe dans les pommes devant moi, j'ai du la porter en courant  l'infirmire avec Andra ptn
Je n'aime pas ne pas tre au courant de quelque chose ou alors tre la dernire  le savoir
Je parie que Red est mme dj au courant. Comme il sait tout l... #Blacklist
Je peux valider 463838 fois mon ticket de mtro, bus ou train il contrlera jamais, je le valide pas une fois forcment je me fais contrler
Je prfre courir aprs le bus plutt qu'aprs toi
Je prfre courir aprs le bus qu'aprs les gens.
Je sais que si un jours sa arrive ma "mre" elle sera mme pas au courant tellement elle s'en blc.
Je savais meme pas qu'ils avaient remis le courant moi jetait concentrer dans mes exercices #Workout
Je traine dans mon lit puis continuer mon sommeil dans le bus et la premire heure de cours
Je travaille ma mre pour qu'elle me laisse aller  TPMP... Je vous tiens au courant mme si vous vous en calez un rein !
Je vais au truc de cinma d'Aeroville :))) Je remercie mon pre d'tre au courant de qch que j'aime et de m'avoir montrer le journal vrm
Je vais prendre le tram  9h30 la dernire fois j'ai eu trop peur de rater mon train
Je vais pter un cble. Je suis au courant de rien. Je dteste tre dans cette situation.
Je vous invite  aller voir ! Une nouvelle vido sera publie ce w-e ou dans le courant de la semaine prochaine !
Jvai aller voir sa mere moi on va voir si elle etait au courant jvai rigoler moi
Koumassi / Tragique Accident De La Route : Un Couturier Percute L'arrire D'un Taxi Et Se Retrouve Sous Un Bus...
Koumassi / Tragique accident de la route : Un couturier percute l'arrire d'un taxi et se retrouve sous un bus...
LES MERES AVEC VOS POUSETTES DANS LES TRAM VOUS ETES AU COURANT QUE VOUS FAITES CHIER TOUT LE MONDE ?
La mre ci est au courant pr ce que fais Trey  ses fans, en concert, dvt X milles personnes eeeeet ...
Le Facebook phone sera lanc courant 2013  #mobile #facebook
Le Paradis c'est des RER avec que des trains directs
Le RER D c'est vraiment la pire ligne que des dingueries dessus, trains supprimms, quand ils arrivent ils sont blinds et j'en passe
Le bus il partait pas et d'un coup il nous dis " dsl mais on change de bus " tout le monde s'est vnre et a l'a descendu msk
Le chauffeur de RER qui ferme les portes du train alors que les passagers ont  peine eu le temps de rentrer #FDPordinaire
Le chauffeur de bus il ralenti psq ya une beurette et jlui dit " tqt passe cs orange" mdddr on ma aplaudit avec les cheveu
Le chauffeur du bus  ralenti psq la beurette traversait, je lui ai dis vas-y passe c'est orange,  Ils m'ont tous applaudt...
Le concours Les Champions qui sera lanc courant novembre au Togo pour les acteurs de l'ducation aura une dimension internationale.
Le conducteur du train qui dit "Je vous souhaite une bonne soire" en fait il veut rellement dire "Moi je vais me faire chier ds ce RER"
Le mec sur skyrock il rentre chez lui et dans la baraque y'avait son frre avec sa meuf, il tait mme pas au courant miskine mdr
Le mieux ct qd j'tais a la plage yavait tt le monde sauf mon frre,margot,sa sur et je vois mon frre arriver en courant tout affol
Le panneau sur le quai de la ligne 5 affichait 1er train XD
Le problme c'est qu'aujourd'hui, le PIB est un indicateur tellement courant et prpondrant qu'il est rarement questionn -
Les gens qui prennent pas tout 1er degr le courant passe tres bien mm!
Les gent qui utilise du vocabulaire savant dans votre langue courant, que dieu vous bennise !! Vous me faite mourrir de rire !!!
Les inscriptions ouvrent bientt, avec un tarif prfrentiel -20% Soyez le 1er au courant avec notre newsletter !
MA TL VIENT DE STEINDRE TOUTE SEULE ALORS QU'IL Y A TOUJOURS DU COURANT, SUR ELLE EST POSSDER LA PUTE
MAIS PTDRRR mon frre il est partie  Deauville ce matin personne  remarquer ma mre elle est mme pas au courant miskina
Ma collgue une mama viens en courant pour m'dire "soraya j'ai reu un texto mais je comprend pas c'est crit YEP. a veut dire quoi yep?"
Ma mere pas la pdt 3jrs  toujours la derniere au courant
Ma mre a voulus faire la jeune en courant derrire ma sur ! Rsultat : attelle- bquille , belle entorse Mdr
Ma mre elle est au courant de ce qu'il s'est passer et elle veux quand mme que j'y aille je me sent trahit
Ma mre elle est au courant jsp si elle a prvenue mon pre
Ma mre elle monte les escaliers en courant, j'croyais il se passait quelque chse de grave. nan elle venait me chercher pour regarder TF1
Ma mre elle rentre en courant, donc vers 19h50 et en plus j'sais pas ce qu'on mange
Ma mre elle veut que j'y aille en bus vert mais putain je l'ai prit que deux fois dans ma vie je vais louper l'arrt oblig mdrrr
Ma mre est au courant de mon rgime, elle m'a achet 25kg de pommes , des poires, des tomates cerises, des carottes, etc...
Ma mre, elle parle au tlphone, toute la maison est au courant, mme les voisins ils entendent j'parie. <<
Mais bon j'aime pas parce que aprs tout le quartier sera au courant que je suis revenu vers lui putaaaaain
Mais je lui ai mme pas dit la nouvelle alors quelle tais cense tre la premire au courant mme si personne sais
Mais je suis toujours la dernire au courant de tout c est pas possible
Mais pourquoi je suis toujours la dernire au courant de tout :(
Mddr c'tait l'autre boloss l'anne dernire elle faisait la grande devant ses cop mais dans le bus ou quoi elle me regardait meme pas :/
Mdr mon frre qui dit si je vois un clown qui fait peur jme bar en courant si il a une tte de gentil jlui pte la gueule :p @bibou030111
Merde Je vien de vivre un accident en directe!! Tongoolo un bus vien d'craser un garon!
Mes ex reviennent en courant manient ma queue comme un relai
Mohamed Abbou : le Courant Dmocratique sera dans l'opposition
Mohamed Abbou a choisi son camp : Le Courant dmocratique sera dans lopposition !  via @webdo_tn #Tunisie
Mohamed Abbou sinclinerait vers Marzouki aux prsidentielles: Mohamed Abbou, secrtaire gnral du courant d...
Moi & Emma on abuse avec le bus ; la dernire fois il tais juste devant nous on avais la flm dle prendre limite on ralentissais Ahaha
Moi - " papa demain tu m'amne en ville hein ? " Mon pre - " ma bite " D'accord je prendrais le bus du coup
Moi j'men fou dfaire la meuf si jvois un clown jme barre en courant j'apl mon pre
Mon bro il a fissur l' cran de la tablette , ma soeur n' est pas encore au courant .Chantage chantage  #AvantageDAvoirUnFrre
Mon frere et mon beau pere bossent dans le jardin... sont ils au courant qu'il fait noir?
Mon frre est au courant
Mon frre il commence  me dire va si conduit je suis fatigu je lui dit tu es au courant que j'ai pas le permis et il me dit je m'en blc
Mon frre il me sooooul maintenant qu'il est au courant il l'appelle M.O
Mon frre qui vient me voir en courant pour me dire qu'on a gagn  l'EuroMillion et il me dit on a les sous,on l'ai ....dans le cul !
Mon grand frre, vient de venir en courant dans ma chambre bc il a vu une araigne.. Il a 21 ans... Mdrrrrr
Mon pre il est toujours pas au courant qu'on va avoir un autre chien  on va se faire t.u.e.r
Mon pre me dit cette aprm"bon,tu vas au milieu de la place et tu cries EBOLA en courant et je fais un vine, tu verras on deviendra riche!"
Mon pre n'es pas encore au courant pour mon tatouage.
Mon voisin d'en dessous a dit a mon pre qu'il y avait 3 clowns dans son jardin vendredi soir et qu'ils sont partis en courant...
Mtro Ligne 13 En raison d'une panne de signalisation entre Brochant et Porte de Clichy, le trafic est ralenti en direction de C [1/2]
Mtro Ligne 9 En raison d'un malaise voyageur  Miromesnil, le trafic est ralenti sur l'ensemble de la ligne. Trafic normal sur [1/2]
Mtro Ligne 9 En raison d'un voyageur malade  la Muette, le trafic est ralenti sur l'ensemble de la ligne. Trafic normal sur [1/2]
Mtro Ligne 9 En rpercussion d'un malaise voyageur, le trafic est ralenti sur l'ensemble de la ligne. Trafic normal sur les au [1/2]
OK mon grand pre vient nous chercher dans 30 min et j'tais mme pas au courant...
On baise ta go tes mm pas au courant frre cs a l'secret professionnel.
On s'est rveill a 19h Val avait louper son entranement, tana son bus ma mre m'avait harceler d'appel, y'avait pls d'lectricit
PTDRR MA BELLE-MERE VIENT DE M'ENVOYER UN SMS J'VOUS JURE JPP ELLE EST TROP MARRANTE CETTE FEMME,Elle est au courant qu'il est 1h14' genre ?
Paris. Tu oublie ton sac  dos dans le rer, ils arrtent le trafic pour "colis suspect".
Pas de courant aujourd'hui encoreJ'espre il vont pas rammener le truc a 23h moins kme hier..,
Passer sous un bus serait une des seules raisons valables de rater les cours.
Perso' moi je serais parti loin en courant, sa fait un peu peur ce tournoi x) #nintendo
Personne ne sera au courant de ce qu'on va faire avec Manuela mdr a reste entre elle et moi
Petit joueur. Tu cours contre le mtro, moi j'cours contre le RER...
Petite semaine chez @Faya_BD termine  Je rentre chez moi c'est partie 1h de RER puis 1h de train... #MKAddict
Plan galre numro 364758402 : j'ai chez mon copain finalement, sans que sa mre soit au courant, actuellement je dois attendre midi ->
Pour avoir ton bus et ton train tu doit toujours te faire un planning horaire t'en loupe hein ses fichu ses vraiment la galre
Pour celles / ceux qui ne seraient pas au courant Joe a maintenant sa propre application pour Iphone et Android, @VidiBee ! a consiste  -
Pour l'Halloween je serai dguis en courant d'air! Si vous me reconnaissez ben bravo!
Premire lettre de Jean 1:7 La Bible en franais courant |
Ptit tour dans le RER j'ai crois que des "f sourcilssss" (ptit pense pour toi du coup @BlackUnicornxxx )
Ptn mon frre il veut que je l'aide a faire un devoir en anglais je crois qu'il est pas au courant comment je suis nul
Putaain RER de merde, je suis rentre de chez Maxime vers 1h30, je me suis leve  6h30 pour un cours "d'introduction  l'conomie" et -
Putain ma cheville a re craquer en courant
Putain si j'tais enceinte je crois que je serais la premire au courant, hors ce n'est pas le cas.
Putain vous avez des carrires mais on est mme pas au courant aussi. C'est a...
QUOI MAIS THE 100 Z REPRIS ET pERSONNE ME MET AU COURANT ??? Bande de chacal.... (Le problme de suivre 80 sries...)
Qd ya des histoires moi jsuis toujours la dernire au courant c relou
Quand je lai eu carrment jai fait tomb ma manette et j'ai gueul comme un fou x) ma mre elle est mont en courant elle a eu grave peur x)
Quand je vous dit que je suis maudit accident avec le tram quoi
Quand jsuis a la plage avec mon p'tit frre on choisit des gens au hasard et on leur balance un sceau d'eau mdrr et on se casse en courant
Que ferais si tu rencontrais un extraterrestre ?  je part en courant
Quelqu'un serait au courant d'un lien fr pour l'eswc COD ?
Quelques trams ont ts taggs  la bombe. Un arrt dtruit  la barre de fer Cours des 50 otages. #Nantes #Testet "
RER A En raison de divers incidents, le trafic est ralenti sur l'ensemble de la ligne.
RER A En rpercussion de divers incidents, le trafic est ralenti sur l'ensemble de la ligne.
RER B AULNAY rupture de trafic
RER B en ralenti ce soir..pffff...25+ min la plaine -gare du nord
RT @250513Sandra: @Ninon_7 @OceaneClossetMais j'te jure que si le gars se relve je pars en courant et vous me revoyez mme plus
RT @Algerie360: Accident de bus  Laghouat : Le chauffeur tait sous leffet de stupfiants
RT @AnassSelkti: wsh la premire semaine est pass j'tait mme pas au courant
RT @Assa_Tou: Moi & Emma on abuse avec le bus ; la dernire fois il tais juste devant nous on avais la flm dle prendre limite on ralentissais Ahaha
RT @BK_Dona: Ce moment o ce son te brule le corps & que t'es ds le RER & que ... Tu ne peux rien faire !!!
RT @BalBinetou: J'espre que vous tes au courant que lorsque vous ouvrez whatsapp , les gens prenne en compte que vous avez vu les message
RT @Biiiilal91: @itele: #USA > Perptuit pour Michael Dunn meurtrier d'un Noir qui coutait trop fort la musique  VIENS DS L'RER D
RT @BttLaura: Mon pre il est toujours pas au courant qu'on va avoir un autre chien  on va se faire t.u.e.r
RT @CIaudeFrancois: RE JE SUIS LA, DSOL DU RETARD J'AVAIS UNE PETITE COUPURE DE COURANT
RT @Carl_anus: @victoireevat on avait tellement eu peur quon etait partit chercher ton frre en courant pour qu'il teigne l'ordi
RT @Chatelet_Magali: Des qu'il ce passe un truc avec Jayy et que je suis pas encore au courant c'est ma mre qui m'le dis trnql #EMABiggestFansJustinBieber
RT @Chl_SHPMT: J'espre on va pas louper la bus ptdddddr trou d'uc comme on est
RT @ClemTota12: @LauraTota5 @MPOFFICIAL J'etais la premire  le voir et  tre au courant!
RT @CrbtChloe: Vous faites les thugs  dire que si un clown vient vers vous vous allez le niquer mais en vrai vous allez partir en courant
RT @CroizetBen: Je peux valider 463838 fois mon ticket de mtro, bus ou train il contrlera jamais, je le valide pas une fois forcment je me fais contrler
RT @DelarueJC: CARTON ROUGE au RER C! Ce matin encore, 33' d'attente dans le train, dbarque  Juvisy, "prenez le RER D", non, on prend un C terminus BFM
RT @Eldey_S: @isamoreiraG rep sur whatsapp et tu seras au courant de tout
RT @EmmaaCln: Moi j'men fou dfaire la meuf si jvois un clown jme barre en courant j'apl mon pre
RT @Gemeauxlife: Oui le #Gmeaux a ses moments de jalousie. Malheureusement pour vous, vous ne serez jamais au courant ;-)
RT @Hakim_Paradise: Ma mere jla mettai au courant pr les clowns elle ma dit " ne3 babahoum lazem najri ki nchouf les clowns ? " mdrrrrrrrrrrrr wallah ko
RT @HoneeyGee: Mon voisin d'en dessous a dit a mon pre qu'il y avait 3 clowns dans son jardin vendredi soir et qu'ils sont partis en courant...
RT @HumourEnSMS: "A 15ans elle est tomb enceinte par accident" C'est vrai que c'est trs courant de trbucher et de tomber les jambes cartes sur un pnis.
RT @Iamwhesley: Wah rer de merde j'ai loup un truc important
RT @IlaydaYurddas: @Amalia_Sempere J'RIGOLE AMR JTM TROP OUESH TU SERAS L'UNE DES PREMIRE AU COURANT BB TKT MME PAS !!!!
RT @JacquotChirac: @MaissaTtn_ Je serais au courant...
RT @Jason_kazola: #ASarcelles tu as 2 gares. Une gare propre avec de beaux trains (ligne H) et une autre gare remplit de pakpak avec des vieux trains (RER D).
RT @JosephineArcade: tre seule dans le bus avec 14 gamins, en rcuprer 13
RT @Julie_Parachini: Si a marche, les premires au courant seront mes copines !
RT @Julien_Cdr: Ma mre a voulus faire la jeune en courant derrire ma sur ! Rsultat : attelle- bquille , belle entorse Mdr
RT @Jupette_: Si je rate mon train  cause d'un bus en retard je vais pter un plomb par contre
RT @Kosovaa_: nsm jetai a lecole ya un pote a mn pti frere jle voi il arrive en courant il pleurai pcq il a vu un clown cacher dans une poubelle
RT @LANDEYves:  Une tude dmontre que 25 000 csariennes seraient vitables en France chaque anne . Oui, merci, on est au courant pour la sodomie.
RT @Landry_Mael: "@LauraZiehi: On baise ta go tes mm pas au courant frre cs a l'secret professionnel."
RT @LauraZiehi: On baise ta go tes mm pas au courant frre cs a l'secret professionnel.
RT @LeGrand8D8: .@Abittanary aux Folies Bergre les 25 et 26 novembre prochain ! On vous conseille d'y aller en courant :)
RT @London96_: les grands repres sur cours en ligne c'est le truc le plus chiant du monde.
RT @LowadoreTPMP: Je travaille ma mre pour qu'elle me laisse aller  TPMP... Je vous tiens au courant mme si vous vous en calez un rein !
RT @Marcie68: RER B en ralenti ce soir..pffff...25+ min la plaine -gare du nord
RT @MariineGlt: Grave ! T'as vraiment d'la chance que ma mre soit au courant de tout!
RT @MaxLandryTVA: Spectaculaire accident ce soir  Varennes. Camion renvers. Poteaux arrachs. 1.500 clients d'Hydro sans courant.
RT @Michige_: Mdrrr la grand-mere du bled qui loupe son bus
RT @Mo_square: - Tu viens chez moi ?- la flemme. jsuis dans le rer jrentre- j'ai de la weed,*Saute du train en marche et enclenche son jetpack*
RT @Morcade: Le Paradis c'est des RER avec que des trains directs
RT @Moto_93_46_45_8: @sweetnessackles je vais dire a  ma mre je te tiens au courant x) mais j'avais penser  la viande avec la crote avec pure ou pinards
RT @Mousse_lk: Mme derrire le bus j'cours pas #TeamTropDeFierte .. NOOOON J'RIGOLE WALLAH J'MET UNE VITESSE QUAND J'LE VOIS J'SUIS ESSOUFL A LA FIN
RT @MrgnVrd_: Je dis tout le temps que je ne cours pas aprs les gens, par contre, derrire le tram, je n'arrte pas ces deux derniers jours
RT @Myms_lils13: Moi jamais je cours derrire un bus tfou si il veut partir il part j'en ai rien  foutre jcours pas mme si jsuis en retard
RT @MyraTraore: Courant est coup ma mre dit cst Blaise qui veut se venger
RT @NajibBayoumi: @Cpr_Colline mdrrrr ah mais t'es pas au courant ? J'ai dj pecho comme a a Cailleux sur mer mdrrrrrr
RT @NicoMich1: @LesGothiques Ah d'accord, plus de forum... Ref n'avait pas l'air au courant ou alors il ne nous a pas tout dit... #Bref @GothikaFans
RT @OrianeHalevi: Faire un crneau devant un bus bond qui attend derrire, et qui ponctue chacune de tes manuvres par un coup de klaxon... Cadeau de le vie!
RT @Patavril98: Si j'aditionne tout l'argent que @Ana_Mariaa1 m'a d au courant de la dernire anne a dpasse les 200$  #jtunebonneamie
RT @Pauline_Marceau: Le RER D c'est vraiment la pire ligne que des dingueries dessus, trains supprimms, quand ils arrivent ils sont blinds et j'en passe
RT @QuentinQm1999: @EnoraKauss essaye de ?? Mdr un autre truc dont je serais pas au courant ?
RT @RadioShemsFm: #Mohamed_Abbou : le #Courant_Dmocratique sera dans l'opposition
RT @RomainDMoostik: Un jour on mettra les chauffeurs de RER pour vacuer des gens de l'apocalypse,ce jour l l'humanit sera face  la porte de train ferme #LT
RT @Saarah_Bkt: J'ai eu des mots a cause de mon comportement ma mre elle est pas au courant mais bon je vais bien attendre la fin des vacances la
RT @Sal_Homme_Mais: mon frere de 7ans qui passe en courant dans le salon et qui hurle "vous connaissez mon nom. pas ma lgende." okkkkkk
RT @SalgadoMlanie1: Manon tout a l'heure elle es rentr en courant chez moi avec ma grands mre il se sont fait un clin j'ai rien compris a ma vie
RT @SmileMyMiley_: @korlioa ptdr tient moi au courant quand ta mre va savoir tes pas alle  ton cours de maths
RT @Soeurisee_: Sa fait les thug's derrire des crans. Dehors des qu'ya embrouilles sa s'taille en courant... #Trsteralit
RT @TaBoss_: Pour avoir ton bus et ton train tu doit toujours te faire un planning horaire t'en loupe hein ses fichu ses vraiment la galre
RT @USIEvents: Les inscriptions ouvrent bientt, avec un tarif prfrentiel -20% Soyez le 1er au courant avec notre newsletter !
RT @Valmine: Se casser la figure dans les graviers en courant : fait. Se brler avec le bol bouillant : fait. #BonneJourne
RT @WMyWay_Mobile: Mtro Ligne 13 En raison d'une panne de signalisation entre Brochant et Porte de Clichy, le trafic est ralenti en direction de C [1/2]
RT @WSEMaya: Mon pre il gueule que je passe a la tl du coup j'arrive en courant et la jvois la chane animal la avc un sanglier mdr c un gamin
RT @WeArePhase: Dernires prises de son pour notre prochain EP, et c'est officiel, il s'appellera "KOALA". On vous tiens au courant!
RT @YoanBarata: @LucasMDS91 des que tu sais tien moi au courant frere que je passe te voir !
RT @_AnIrishBlond: @Horxnster omg j'tais pas au courant  (sort d'amnsie mdrrr on l'a refait )
RT @_LesCitations:  Et nous avanons ainsi, comme des barques luttant contre le courant qui ne cesse de nous ramener vers notre pass.  Francis Fitzgerald
RT @aymrcb: le chauffeur a ralentit parce qu'une beurette travers,j'lui ai dit c'est orange tu peut passer. tt l'monde m'a applaudi j'ai conduis le bus
RT @bleuloireocean: Quelques trams ont ts taggs  la bombe. Un arrt dtruit  la barre de fer Cours des 50 otages. #Nantes #Testet
RT @c_dumaine: @mamathieucd mdrrr non tu serai au courant bb
RT @carlcharest: Rjean est au courant? ;) RT @JL_ood: Parce que je la ris encore.  #crmerie #badname #cegenrequimefaitrire
RT @chekkk_: @Franck_Alla tu es au courant frre mdrr
RT @corentin_pc: @Dreamdust__ Premire nouvelle car je suis au courant de plus rien   faut que je trouve une tenu
RT @denzoou: Aquitaine : Tram D et tram-train : la ptition des Verts, la colre de certains riverains
RT @encolere75: Quelques trams ont ts taggs  la bombe. Un arrt dtruit  la barre de fer Cours des 50 otages. #Nantes #Testet "
RT @encoundelle_: J'gagne 180 millions d'euros au loto ... Je serai en mode phantom personne au courant ... Disparition #Ghost #inexistant
RT @happyforcameron: Y AVAIT SMG A LA TELE MA MRE ELLE A CRI 'MARIE ONE DIRECTION!!!!!' JE SUIS DESCENDU EN COURANT JE ME SUIS PETE LA GUEULE MDRRRRR JPP
RT @howtobepretty_: Ma mre est au courant de mon rgime, elle m'a achet 25kg de pommes , des poires, des tomates cerises, des carottes, etc...
RT @imnot_wonderful: @LaFilleEtrange qui sais qui sais ,Mais bon je pense que si il c'etais fais arrter on serrais au courant jusqu'en chine
RT @janebch: @Zulu_to_Zulu fait pas trop la meuf si t'tais pas descendue du bus courir chercher tes places dans le caniveau tu serais rentre a esvres
RT @juliensenkam50: @RealDoualaGiirl ok tiens moi au courant de ta dcision ma chre..
RT @kadeuzess: RT si ct tn anniv tas dit a tn rep "PAPA C MN ANNIV" il ta rep "t au courant jmen blc fils de pute"
RT @learaffaele: @NespolaF Vasy en courant tu vas rire avec habibi MDRRRR
RT @manongalvez: accident de bus, manquait plus que a
RT @manunu06: Le chauffeur du bus  ralenti psq la beurette traversait, je lui ai dis vas-y passe c'est orange,  Ils m'ont tous applaudt...
RT @mehdieljarr: @RedaaBrs Challah frre , tien moi au courant toi aussi pr tu sais quoi!
RT @odlaugh: couter les podcasts de @guillaumepley dans le bus et rire toute seule ..
RT @ophelie_prvst: Le matin dans le bus je met plus de temps  dmler mes couteurs, qu' couter ma musique
RT @people_hardy: @nicotouderte @Mdelormeau a serait bien de clarifie sur #LeMag la destination exact pour #lesanges7 car vous tes au courant !! Merci !!
RT @rikershine: @fckstylez - et ds qu'il sera en France il viendra nous voir ect et du coup je lui rpond que j'tais pas au courant que je pensais-
RT @shymofficiel: Salut tout le monde, me voici sur Twitter, une grande premire pour moi! Je pourrai ainsi vous tenir au courant de l'avancement de l'album!
RT @thxlifesavers: ma mre : "y'a une coupure de courant demain de 14h a 16h"moi : OMG JVAIS FAIRE QUOI,ma mre : tes devoirs ouais mais nn
RT @tvanouvelles: Brsil: Un accident d'autobus scolaire fait au moins 10 morts
RT @webdo_tn: Mohamed Abbou a choisi son camp : Le Courant dmocratique sera dans lopposition !  via @webdo_tn #Tunisie
RT @wonderfulbowman: J'ai l'impression que David ne sera jamais au courant que Emily c'est Amanda c'est saoulant
RT @ymatw: Personne ne sera au courant de ce qu'on va faire avec Manuela mdr a reste entre elle et moi
RT si ct tn anniv tas dit a tn rep "PAPA C MN ANNIV" il ta rep "t au courant jmen blc fils de pute"
Rat en cours , dans le bus rer , partouuuut
Sans panne de courant a irait mieux pour la dernire partie.
Se casser la figure dans les graviers en courant : fait. Se brler avec le bol bouillant : fait. #BonneJourne
Si il y a pas de bus j'y vais a pied. Si il y a pas de train j'y vais en hlicoptre.
Si j'aditionne tout l'argent que @Ana_Mariaa1 m'a d au courant de la dernire anne a dpasse les 200$  #jtunebonneamie
Si je rate mon train  cause d'un bus en retard je vais pter un plomb par contre
Si le confrre n'est pas au courant, il va continuer  recevoir les actes de procdures et vous ferez pter les dlais.
Si seulement on pouvait lire en courant la cardio serait moins putain de relou :D
Spectaculaire accident ce soir  Varennes. Camion renvers. Poteaux arrachs. 1.500 clients d'Hydro sans courant.
Super accident de bus , les gens save pas conduire
Super le bus a eu un accident... Je suis pas prte de rentrer fais chier...
Svp si vous etes un couple de vilain vous embrassez pas dans le rer
T'ES AU COURANT QUE CA FAIT BAISSER MA MOYENNE ENCULE DE TA MERE ?????
Ta voulu la douille ms el ta cram, el eh au courant pr tout tst mensonges et t's infidlit frre t's bern.
Taleur j'tait a la piscine et dans la rivire les gens ils arrtaient pas de marcher contre le courant bref jai pas compris leur bail
Tous a ceux  qui tu dis des trucs sur moi tqt pas que j'serais au courant #pauv-bete tchippp
Tout le monde est au courant putain a casse les couilles les poucaves comme a niquez vos mres les reines des putes
Tram D et tram-train : la ptition des Verts, la colre de certains riverains
Tram D et tram-train : la ptition des Verts, la colre de certains riverains - France 3 Aquitaine
Un accident de bus scolaire fait au moins dix morts
Un accident de bus scolaire fait au moins dix morts  #faitdivers
Un jour on mettra les chauffeurs de RER pour vacuer des gens de l'apocalypse,ce jour l l'humanit sera face  la porte de train ferme #LT
Vos mensonge jles ai cram ! En pensant que je serais jamais au courant
Wah rer de merde j'ai loup un truc important
Wait ! Comment mon pre est au courant que je viens lz semaine pro ?
Y AVAIT SMG A LA TELE MA MRE ELLE A CRI 'MARIE ONE DIRECTION!!!!!' JE SUIS DESCENDU EN COURANT JE ME SUIS PETE LA GUEULE MDRRRRR JPP
Y'a mon frre qui regarde PERCY JACKSON POURQUOI J AI PAS ETE MISE AU COURANT
Y'a personne chez moi a part ma mre j'tais pas au courant
Y'a une meuf elle galre  avancer avec le paddle mais je crois elle a pas compris qu'elle tait  contre-courant mdrr
a faut un an que j'ai mon iphone et mon pre me dit qu'il tait pas au courant mdrrr
a va ya la moiti du quartier qui s'en fout de pas avoir de courant c'est le cimetire
accident de bus, manquait plus que a
c'est cool toute  l'heure on reoit des gens et on  pris l'apro  la bougie mdrr cimer la coupure de courant
courant est de retour *court vers une zone fraiyonis*
eh moi maintenant je m'en quand je sors des cours je trace vers le bus !
end trs progressivement sur l'ensemble de la ligne. Trafic normal sur les autres lignes de RER. [2/2]
est ce ke c courant d'avoir des circonscriptions hors du territoire nationale ou bien la Tunisie fait une premire ? cc @BsiLiAdeL
g des invits ce soir ahok jsuis la dernire au courant enkor
hier j'ai coup le courant pdt que mon frre jouait  lol seigneur j'ai cru il allait me tuer
hier quand j'ai reu le message avec les vidos des garons & de james je suis monte dans ma chambre limite en courant pour fangirler
j'ai fait ma comre mddr du coup Pauline est au courant de tout mtn
j'espre que ce bus l elle va pas le louper
j'suis sure on va galrer pour les trains et les trams mdrrr
j'tais la premire  rentrer dans la salle du bt le 23 mai on faisait des fucks et on partait en courant aux barrires ptdr
l si je me remet en couple prsne sera au courant "vivons mieux , vivons cachs"
les grands repres sur cours en ligne c'est le truc le plus chiant du monde.
ma mere elle aime trp mes potes wahh une fois elle a demand a ma meilleure amie de vnir dormir chez moi jt mm pas o courant svp
ma mre : "y'a une coupure de courant demain de 14h a 16h"moi : OMG JVAIS FAIRE QUOI,ma mre : tes devoirs ouais mais nn
mais j'avoue que mon prochain copain on sera tellement discret qu'personne sera au courant de rien, sauf exception
mon frere de 7ans qui passe en courant dans le salon et qui hurle "vous connaissez mon nom. pas ma lgende." okkkkkk
mon frre il a pris mon tlphone il a fait des photos j'tait mme pas au courant
mon pre vient de rentrer la premire chose qu'il fait: il me mets un steak et il se barre en courant comme un pd en criant pouce mdrrrrrr
nsm jetai a lecole ya un pote a mn pti frere jle voi il arrive en courant il pleurai pcq il a vu un clown cacher dans une poubelle
on devrait me payer quand je cours derrire le bus et le louper royalement
plutt qu'un couple ou toute la France entire est au courant
puis me tenir au courant une fois que je suis venue t'en parler, c'est un peu lger
wsh la premire semaine est pass j'tait mme pas au courant
xPTDRRRRRR j'ai montre sa a mon petit frre de 4ans,il est parti en courant j'en pouvais plus mddddr #lrt
y'a eu une coupure de courant du coup on a repris tiu
ya ce ki boivent et fument en scred pr pas ke leurs parents soient au courant et ya moi ki boit dla redbull en scred pr pa qma mre me nique
