" Ne cours pas apres un homme ou un autobus : il y en aura toujours un aprs " Proverbe marocain d'aprs Imne mdrrr,#SorcireConseillre ;)
"@Guylaine_Guay: Quand le dbat de l'heure est sur la 'beaut' ...,Vous tes au courant qu'y a des choses plus vitales , right ? #Misre"
"Je l'ai pas enleve : C elle qui s'est retrouve tte seule ss mon bras alors que j'allais en courant chez moi !",
"Le nom d'ami est courant, mais l'ami fidle est chose rare." Phdre
"Salut papa tu vas surement recevoir un pv  la maison, 4pts" - "on verra bien je te tiens au courant" mon pre s'en ballance grave
"Tu rvises quoi ?" "Du droit administratif" *part en courant* #lesinfirmires
"t'es au courant c la premire fois tu me dis je t'aime wesh ? Moi aussi je t'aime" mdr
#Aliens ! Rejoignez Tokio Hotel - Le cercle des fans sans plus attendre et vous serez au courant de tout !...
#Aliens ! Suivez sans plus attendre @THcercle et vous serez au courant de tout ! ;)
#LRT j'suis la dernire au courant GG  moi.
#LTs Mais a fait donc que si le lyce et ma mre sont au courant ( car j'en parle Lundi), le lyce va me pourrir, ceux de ma classe vont
#Slate: Ce que lchec de Valence nous apprend sur le dveloppement de Marseille: Il est courant de considrer...
#TER #Metrolor : non  une substitution systmatique bus-train, oui  une substitution au cas par cas et sous condition
(s'enfuit en courant en hurlant avec les larmes derrire)
.@France3tv Et maintenant le #razblanchard pass lui aussi en #kayak de #mer par fort courant contre... quand j'tais jeune ! ;-)
.@GeoffroyDidier Flicitations! Nomination + que normale pour le co fondateur du 1er courant de l'UMP!,@NicolasSarkozy @ump @la_droiteforte
.@GlobeRunners_fr Quand je vois l'tat des forets que je traverse en courant je ne suis pas tonn. Juste en colre. Les porcs nous cernent
.@SpifanyIRL ma tante ma mre et au courant et si j'le fait  mon pre j'aurais droit  un coup de fusil ^^"
1 fille ac dreadlocks coute du Zaz  fond avec un haut parleur portatif dans le RER bond, 1 autre fume un bedo.,J'ai une envie de meurtre.
1er jour des partiels, panne de courant.. Je crois que c'est un signe : journe de merde en vue
3 RER qui passent, 4 trains .. Mais tjrs pas le mien
@0noon1 Je pensais dj changer de courant de l'anne prochaine ouais ! Que ce soit le boulot et la boite, en changer ne fera pas de mal.
@AaliyahGangxM mdrr ah t'es au courant de la chose, heureusement t'tais pls l tu serait au poste en s'moment
@Ammmmhh oh tu le sais que je suis tjs la dernire au courant des news et que j'ai pas la tl bb a campferrier on parle pas trop de burnout
@Anti_Terrorisme Tu viens  @Paris! :)) Ca sera super de nous voir et boire un verre! Tiens-moi au courant :) Bisous!!
@ArnaudPiana Salut Arnaud ! Prvu courant 2015 , je serai heureux de te revoir ! Bises !
@AshtonRPGCF *par en courant vers sa chambre*
@Bombabouse - que s'il venait, je serais mme pas au courant et je l'apprendrais qu'une fois qu'il serait sur place.
@ChrisLeLay j'y travaille dur et accessoirement on croise les doigts ! tu seras une des premires au courant... ;) @mdemeaux @Ladyblogue
@Conducteur_RER apred tu pourra commander un petit train electrique au #PereNoel ;-)
@Conducteur_RER tiens si il n'y pas de train rien ne m'interdit dans le code de route de prendre la voie fre :
@Draygone j'espre bb jte tiens au courant direct
@Eliahaha j'me disais la mme chose mais alors pourquoi le pre est pas au courant ou quoi??? C'est chauuuud
@ElianaMalik j'espre que t'as russi tout a ! Tiens moi au courant
@EmmaItalienne @leaantns__ je suis avec la je vous tient au courant aider moi a trouver des sujets on galre mdr on est timide
@FNY_InfectedG Merci mais c'est stabilis depuis plusieurs semaines et sera amlior courant 2015. Ce n'est pas aussi simple...
@GhassTango: J'ai pris le rer E j'ai mme pas calcul la jsuis  val de fontenay j'ai un sale coup de coeur MDDDDDDDDR
@Ghizlane_M rer E bloqu de mes c jv dormir ds le train jcrois
@Grabuge1er Je sais bien, de mon tps  Rueil il m'a mme t donn de faire soire avec sa soeur..autant dire que le courant tait pas pass
@Gwen_Reyel pireee ptdr on est au courant depuis 1semaine mais on fait tout  la dernire minute tsais
@HBecarre oui on pourra rigoler un peu en plus lui il pas encore au courant pour nous 2 il va pter un plomb
@Henri_Sides @Jardel237 Vous voulez dj jouer ein ? Henri tu parles je finis ta carrire maintenant Jardel n'est pas au courant  .
@Hox_fficiel brandao est librer, il sait barrer en courant ! :p
@IOSzPlay non plus maintenant je m'en crer un demain je te tien au courant^^
@IanRPG_LB -clate de rire en courant aussi- t'es fou mon amour !
@IgZivava Une solution interessante pour toi serait peut tre le cpl  l'internet par ton courant domestique ^^
@Inesplicables c pas hyper courant non plus dj la fourrure en gnral c'est pas courant donc faut arrter le dlire un peu
@JJBourdin_RMC pas au courant du non-lieu de Woerth?.pourtant aprs en avoir fait des tonnes sr sa culpabilit l'honntet serait d'informer
@JawadCdj frre tes au courant on peut pas te Rt
@Jesssy_Brt on y sera ! On se tient au courant
@JohaannaPetit oui je te tiens au courant, putain j'espre j'ai peur ...
@JustinRPGCF Eh bah si *prend le paquet de tes mains et pars en courant vers sa chambre*
@JustinRPGCF Laisse moi les biscuits! *rit et rentre dans sa chambre en courant et galre a fermer la porte*
@KamiRS_ Tiens moi au courant, a serait le feuuuuu ! Sinon, on ira  la piscine, n'oublie pas :-*
@KatRPGKLM2 -s'approche par derrire- (michael est fou) HEY! -il te prends ton tel des mains et part en courant avec-
@KaylaRPGRIO2 ton frre il est au courant ?
@LJZoe je suis pas au courant on va dire :p par contre si j'ai pas de petit dj' je ferai un scandale !
@Linda_Asl #lapatience mdr tiens moi au courant quand tu seras rtablie
@LouiseMe2 C'est gentil ^^,(tu me tiens au courant quand tu reois l'Horloge, hein ?)
@Luuw_ @SpaceDruidix bah alors si on connat pas pq on serait au courant pendant les vacances?
@MXandF1islife oui tu seras au courant tkt pas , si tu veux je te fillerai des adresses
@Marietropique ce n'est pas prvu dans l'immdiat, mais on vous tiendra au courant ds que a le sera !
@Matthieureka Ah ok ok :) Bah Vasy jte tiens au courant, faut que je demande  mon pre et tout
@Melissa_Marra j'ai gliss en courant, genre ds le 10 premires secondes de la partie.
@MlleLizz J'espre qu'il est au courant :p
@Nando_sGirl @Cartooune quand elle passe derrire la fille dans la rue en courant j'tais plie en 2
@NoemieRkw ouaiiiis j'vais essayer de grer bb , je te tiens au courant!!!
@Pei_dante ah... maybe you're onto something, mais pas trs au point pour le moment, creuser (mais pas besoin de me tenir au courant)
@RdjvTh10 pi poukisa yo pako janm suivre courant constitutionnel la pou retir prsident? Se pou sa gen 3 pouvwa
@RiketRock @AnaisKamal Ta mre elle tait au courant elle.
@Sansdieux maintenant tu seras au courant :)
@ScouserLFC9 oh ptn, j'etais pas au courant de ce (lger) detail! Au moins si tu me bats tu peux me soigner aprs ;)
@Soeur_Marijuana il est au courant le Pre Fouras ?
@Sofiane_Khls je serais sur les champs avec maelle  partir de 15h30, tiens nous au courant
@TYoutubeuse je prfre attendre que Youtube me confirme ces dires ca me parat trange .. Je vous tiens au courant ;-)
@Tagh_s En effet, je comprends. L, a fait lourd, je reconnais. Tiens moi au courant. Je ferai un DM si besoin  @Djal4real
@TheoGordy si un jour tu passe a Paris, j'espre que tu nous tiendra au courant ;)
@Theodoraaaaa c'est hlas trs courant :( J'ai eu mieux, inversion de colis: je donne le colis  la voisine qui me dit qu'elle a rien reu
@Toby_Cx je sais pas... Je vais essayer de grer pour pas y aller... Mais a me fais chier j'tais pas au courant
@TopAchat ok merci je ferait sa demain ;) bonne soire je vous tient au courant; )
@Tyler_RPGTVD -sort de la douche vnre- a te pose un problme? J'sais au courant que tu te tape ton ex aussi!! Donc ferme la!
@UnPandaMort ta mre est au courant stp?
@UrbanaPlant @lafonderie_idf Bien reu! on vous dit a courant Janvier ! #Fens2015
@WolfYannick Bonjour, de notre ct il y a un peu de retard donc ne vous inquitez pas :) Vous serez tenu au courant si problme !
@XSpanghero @OFrancois60200 Le PS sera au courant de cette information en dernier :Le temps que l'info trouve le cerveau,a peu tre long
@_Zaynement_ @horanxeyes tqt pas ds que jfais un truc jte prviens mdr tu seras au courant de tout
@_disappearer <3 je te tiendrai au courant quand tout sera dcid, comme prvu! :)
@adriennecharmet Je maitrise a fond l'art de choisir la place la plus commode pour dormir, en train comme en RER.
@akemiyano Trs touchant ! J'en ai les larmes aux yeux ! *pleure en courant vers la cuisine*
@badgranger sur l'appli c'tait crit que le RER arrivait dans 1 minute, j'arrive je vois train retard prochain  48 je vais vraiment fkqfz
@catarinabrsl tu m' envoie l'heure quand tu sera au courant
@cathxcob Ohh.. J'espre que c'est rien de grave. Tiens-moi au courant.
@cheick_toure Mdrrrr entre frere c courant
@cookichan_ Mdrrr je sais tkt ! Je te taquine. :pJ'me serai dj barr en courant...,J'avoue, c'est trs beau quand je rve de toi. *w*
@dbapt19 Mais wsh j'm'ennuie trop moi ! J'vois dteste, j'espre vous tes au courant !
@delgart courant l'anne prochaine j'espre
@drugxfharry j'ai pris le train et le RER
@girl229K mdrr Victor sera au courant et il va le faire chanter de fou
@guillaumeduhan je suis pas sre, tournoi de basket ce week-end mais je vais essayer. Je te tiens au courant. Ce sera sur twitter?
@hongkiki_ ouais j'ai vu.... faudrait le spammer en mode youhou c'est sold out  paris au cas o vous seriez pas au courant
@iSkyfall7 bien reu ? Tiens moi au courant quand tu auras souscris ou si t'as des questions. :)
@iooner Dans ce cas-l, vous serez tenu au courant par mail quand nous aurons fait cette mise  jour :) ! Merci pour la suggestion !
@j_bordiga Effectivement celui qui n'est pas au courant ne le sera pas grce  EQUIDIA !
@jenteamnad c bon pour Marseille ils ont reu mon chque, pour orange tu me tiendras au courant pour qu'on envoie le chque en Mme temps
@jhoss2b Oui pourquoi pas! Je te tiens au courant quand j'en ferais des nouveaux !
@ktswardrobe Ok alors, je serai a la maison, text anna quand tu vien comme ca elle me tien au courant
@laulaubob Les personnes concernes sont au courant, on espre donc bientt... :-/
@leilabzd Coordonnes bien reues, je vous tiens au courant. ^G
@lwtomlloyd vas faire 3 fois le tour de ta maison en courant aprs tu feras bien dodo
@lydiab38 @Reda2306 @Lakouz78 @AsmaSarah261184 @AmelCherrys @faridiken Ha bon tes au courant @m_vies ?
@lydiab38 @nado2412 @Reda2306 @Lakouz78 @AsmaSarah261184 @AmelCherrys @faridiken comment CA Lydia CA va plus la di t pa au courant
@m_bebes @nado2412 @lydiab38 @Reda2306 @Lakouz78 @AsmaSarah261184 @AmelCherrys @faridiken ahh je ne suis pas au courant de ce dossier! !!
@maitrevourge je aurais du te faire le coup de la panoplie de la versaillaise. Tu serais partie en courant
@mayi_rex pas au courant que les paparazzi taient l ? @de_la_brioche
@mdelrue Les personnes concernes sont au courant, on espre donc que ce sera bientt rsolu...
@miguel_breezy76 je serais au courant
@mikeyRPGKM2 *une infirmire arrive en courant et te donne ce qu'il faut*
@neekolabiskot ils vont vers lui ils l'aide a prendre les pizzas puis se barre en courant mdrr
@nrenard75 @BouDerLo , Voui, ils seraient au courant comme a !!! Voui, voui...
@oRezet oui bah oui, t'es au courant que le pere noel existe pas ?
@oomu Ce bug tait dj prsent sur le PTR. Un petit retour  la ligne  la con x) Jespre quils sont au courant et que a va tre corrig
@pauline_se moyen pas Descartes mais a la gare du RER C juste aprs le train a 500m de Descartes lol
@rpr8395 @champ_pignon pour info, les responsables de l'UMP sont au courant des adhsions qui proviennent de Sens Commun ;-)
@rurunaruuu enfin j'ai de la chance parce qu'ils ont mis que les moyennes et pas les notes du coup ma mere est pas au courant du 5/20
@sSigmA_ @Nutsinette @Adi_Dji @MaZeThe1 quoi??? Mais pourquoi je suis tjs la dernire au courant :'(
@seilin3 a serait super si tu pouvais me tenir au courant. :)
@spiceiz Des rumeurs? 'tain suis toujours la dernire au courant #BackToHighSchool
@staysniall - raliste aussi. evidemment je sais ce qu'il reprsente, j'ai une idole depuis 5ans jsuis au courant de ce que c'est. et jme-
@terraeco Merci pour ce courant...une lumire dans l'espace de l'univers, une frontire dans l'atmosphre de la terre, oui, c'est capital!!
@ton_allumeuse , Ah bon ? Donc tu gres quelqu'un a l'cole et je ne suis pas au courant . Hee Je vais appeler ton pre oh !!
@tvmblrone @GwenLch un jour j'ferai un montage de toutes les fois o t'as dit que t'tais pas au courant mdrr
@willemofficiel Merci pour le coup de fil, la plante entire est dj au courant! ;-)
@wtfahd "jAaiMerAis biEn allEr en CoUrs en RER eEt mEetrO" AH OUI?
@zaynrpgchwi_ -une petite arrive en courant vers moi.- Anna ! Anna ! Vient nager avec moi !
@zeto0675 Vous avez d'autre cas de viols dont on ne serait pas au courant ?
@zo2rey Je me renseigne et je vous tiens au courant Cdt ^PF
A 17h Axelle et Nina elles sont arriver en courant vers nous
A la Socit Gnrale, les cadres sont jamais au courant de rien.
Ah bah enfin ils ont remis le courant ces fdp ! Sa fait 1h hein tshiiiiip
Apparemment tout le monde tait dj au courant mais on fera bien un live vido pour GF38 - Le Pontet... :p
Aprs le RER, aprs mes profs, mes cours, j'avais envie de rager contre la vie en entreprise, sauf que non. #commentdireleschosessanslesdire
Aprs une coupure de courant de plus de 20h tout le frigo  refaire et bb de 5mois malade j'espre que la mairie de Rochefort-du-Gard
Avec ma mre on a crois Lulu et Cam en ville et Cam qui parle du bac blanc de lundi devant ma mre qui tait pas au courant, la boulette
Bon je file au taf. Si des gens peuvent me tenir au courant du score du match ce serait bien :)
Bonjour, vous tiez plus de 8000 voyageurs dans les TRAM-TRAIN  destination de la fte des Lumires. Merci  vous.
Bref il m'a saoul, en plus il s'auto flicitait, t'as juste remis du courant hein
C'est bon tout le monde est au courant que la jeunesse craint, pas besoin de le rpter dans 372662 tweets
C'est limite si je reois pas d'alertes  chaque fois qu'il respire donc tu m'tonnes que je sois au courant de a.
C'est sr que "Monter en haut" c'est un plonasme courant (pas forcment pjoratif), le mieux serait simplement de prciser... #7
Ca va plus je suis toujours au courant en dernire dans cette fanbase
Cc tout le monde je rec je vous l'uploaderai vers 19 h 30 je pense je vous tiendrais au courant
Comme a la prof en corrigeant mab,copie elle sera bien au courant que j'aime le rock tvois #lt
Comment i fou l'cafar le RERA quand j'rentre d cours
Cool je suis en plein courant d'air pour les photos du pre Noel
Coupure de courant  Jouy sa mre
Courir pour choper mon rer.. Ca me saoule
Cst lanniv de mon pre et jetais meme pas au courant -' dfois je me demande ques que je fou encore ici
Dans le RER C j'ai fait tomb mon portable qui s'est dtach de mes couteurs, j'coutais "la reine des neiges"... Honte de ma vie
Dans le RER y'a des couples tactiles c'est chauud
Demain je serais aux #NMA, je vous tiendrais au courant de tout ce qui s'y passe, mais dommage que @guillaumepley ne soit pas l
Donc aprs 4h43 de trains, 21mn de RER A et 20 de caf je vais aller me coucher.
Du Page Ave : accident at Main St -
Du coup je serai pas l ce week-end, il est pas au courant pour ce compte... Et j'ai pas envie qu'il le soit...
Ed a gagn ! Ptn je suis plus au courant rien :( jsuis fire
Elle est au courant de tout, et elle sera au courant de tout par la suite! #V
En + mon pre il leur a dit qu'il tait au courant de rien mddddddr il le fait exprs #lt
En face de moi y'a un mec il cumule monosourcil et coupe dgueulasse c'est juste ignoble. Tu croises vraiment tous les styles dans le RER...
Encore une fois les socialistes franais sont  contre-courant : Ecole sans notes, la Sude a fait machine arrire...
Et ce putain de rer est 'retenu en gare' du coup je suis bloque  Chatelet
Et je rve d'un courant d'air, d'un espace clos avec vue sur la mer
Faire un jogging, se taper des fous rires en courant ==> passer pour un couillon, se faire regarder byzarement ... #BDLR @BRUNOFUNRADIO
Haq ct la 1 re fois je fais le ramadan la langue blanche j'tais pas au courant ptddddr
Hier j'tais pas en cours cetais repas de Nol , et la aujourd'hui coupure de courant et je n'y suis pas.. ptin pourquoi :'(
Il est devenu courant pour beaucoup de musulmans aujourd'hui, d'utiliser des talismans ou des amulettes pour se protger, du mauvais il, #1
Il faut arrter avec les chaines religieuses et rappels si des gens voulait tre au courant il le ferait de leur propre initiative!
Inauguration de la 2me tape du RER Fribourg|Freiburg. Ds lundi des trains toutes les 30m yverdon-fribourg
J'AVAIS PASSE UNE SUPER JOURNE ET LA JE RENTRE A MA MAISON AVEC MO PRE ET PLUS DE COURANT
J'ai eu la peur de ma vie, mon frre il s'est ramen en courant, dans ma chambre et en criant. Abrutis.
J'ai eu une heure de colle, et mon pre n'est pas au courant, je lui dit ou pas ? Sachant qu'on reoit une lettre demain ou Lundi.
J'ai pas compris , on est venu me chercher en classe , comme quoi ma mre m'attendait parce que j'ai un RDV.. J'tais pas au courant
J'ai pris le rer E j'ai mme pas calcul la jsuis  val de fontenay j'ai un sale coup de coeur
J'ai su un truc tout  l'heure  mais bien sur je suis la dernire au courant comme d'hab
J'ai termin mtn et normalement j'ai qu'une heure cette aprm mais je sche (ma mre est au courant) du coup je suis en week end hehe
J'ai tout fais pour etre a l'h et pas loupe mon rer ...
J'crois qu'elle n'a plus de batterie, je ne serai donc pas au courant du reste de l'histoire.
J'espre je suis un connard comme sa je rentre chez moi en courant jai jurer !
J'espre qu'un jour je vais trouv un truc marrant sur vous, toute la plante sera au courant.
J'espre que la pese de demain se passera bien. Je vous tiens au courant du rsultat demain. #TheWeightProject
J'tais mme pas au courant y'avait des rumeurs comme quoi elle serait enceinte
J'tais pas au courant! J'espre qu'ils se sont pas tromps  #lt
J'viens pas au lyce une journe, et y a pleins d'trucs qui s'passent. Nsm, j'vais dormir au lyce, j'serai au courant de tout au moins!
Je crois il aurait t le mme jour que moi a ma journe d'appel je serai partie en courant mddr
Je crois qu'il sera jamais assez au courant de comme je tiens  lui.
Je la follow aussi sur Twitter au cas o elle ne serait pas au courant  #lt
Je m'imagine, courant vers toi, faisant le premier pas; mon cur est fragile, si tu le touche, ne le casse pas.
Je me rappelerais toujours la premire fois que je suis sortit avec Yvon Badre et Narko, tout Twitter etait au courant une fanfare
Je n'tais pas au courant concernant les concours, je l'ai dcouvert dans la dernire vido de Marie @enjoyphoenix #LT
Je pense que si papa/maman serait au courant vous feriez moins les malignes bande de bouffonnes.
Je recycle un bon mot de @christreporter Philippot gay ? Marine au courant, son pre  la ggne
Je suis assise derrire l'extincteur La me dis : t'es au courant que si la salle prends feu c  toi de prendre l'extincteur
Je suis pas alle en cours, mon pre est pas au courant, il devait rentre  18h merde!!!!!,Si je descend, c'est sur il va me niquer
Je suis sur qu'elle a loup son RER cette idiote
Jla grille regarder mes seins j'ai remis mon haut aussi vite qu Usain bolt courant vers la victoire
Jprends mon chat jvais dans la chambre de ma mre jbalance mon chat dans son lit et jme taille en courant au loin j'entends des 'keeehbaaa'
Juste pour vous tenir que demain j'espre que je suis au courant juste que voil demaon nous allons parler de Sony face Microsoft.
L'effet Ricochet (jsais pas si ca existe mais...) fera que des personnes qui ne me follow pas, seront au courant de mes tats de penses
La prochaine fois, personne sera au courant. Personne. J'ai compris.
Le boss il dit  ma mere "faut la rebooster parfois.",Euh, j'aimerais bien tre au courant des fois.
Ma grand mre elle est trop au courant de ce qui se passe en vrai
Ma mere elle a vu ma Lilou avec un chat mal, et elle est parti en courant ptdrrr t'es prise en flagrant dlit pq tu taille
Ma mre a pas travaill cette aprem parce que le vent avait coup le courant de sa bote !
Ma mre aimerait bien savoir comment j'arrive  tre au courant de tout comme a
Ma mre elle est pas au courant
Ma mre en riant une fois elle m'a dit qu'elle me ramnerait un beau-pre de 27 ans sauf qu'elle est pas au courant que je lui piquerais
Ma mre me fait "ya du vent" nan sans blague mes volets ont claqus toutes la nuit mais j'suis pas au courant
Ma mre n'a rien dit de spcial  a.. ELLE EST DONC AU COURANT ET ELLE NE DIT RIEN DE SPECIAL ? OMG MAIS
Ma mre qui offre une veste  mon pre et lui qui dit qu'il verra a plus tard... ELLE VIENT DE TE FAIRE UN CADEAU TU ES AU COURANT ?!?!
Ma mre sera sans doute pas au courant de tout  #lt
Mais jtai pas au courant qu'elle etait enceinte wsh c'qui l'pere vrmt
Mdrrr ma mre qui me veut me foutre un coup de pression "Y'a des choses que tu fais, que tu ne pense pas, dont je suis au courant"
Mme ma mre est au courant que j'ai pas de "vraies copines" c'est grave
Moi perso ce qui ma marque cest quand jetais devant le lyce, yavait un renoi derrire moi. Et la jvois un autre renoi il arrive en courant
Mon neveu il a lancer une bal dans la tte a ma mre mdr elle lui a fait peur psq elle a cri et il lui il es parti en courant cette tappete
Mon pre il veut qu'il y ait une coupure de courant demain soir je vais le tuer mdr
Mon pre parle tous seul depuis 15min il est pas au courant que j'ai mes couteurs
Mon pre tait tout content de me dire que Jared Leto allait jouer le rle du Joker dans Suicide Squad mais j'tais dj au courant.
Msk j'tais en maths et ya l'appel  la prire de mon tel qui a sonn Msk j'ai du partir en courant
Nico est parti chez Marine mdr on tait pas au courant il nous rep a sans pression oklm
Normal que les frres me tiennent au courant , se sont fait tazz
Nous avons t mis au courant du dbat du sadl, le frre qui a post sur notre page un article  ce sujet s'est...
O Maroc le train c'est un RER wsh qd t'arrive  Rabat y a v'la les stations que pour Rabat et apres Casa ohlo genre casa y en jsp cb a la
Oklm peut-tre une opration courant janvier, j'suis refait..........
PTDRRRRR qu'est ce que je disais Selena et moi tj les dernires au courant!!  Ah ptn je suis k.o.drrrrrr
Pascal Levaillant  La Passerelle: MATIRES  ... Courant d'aires Du 05 janvier au 20 fvrier 2015, du lundi a...
Playlist running de nuit: Redcouvrir la magie de la nuit en courant  la lueur des lumires artificiellesPr...
Pour ceux qui ne seraient pas encore au courant que l'on cherche  tuer la recherche publique dans ce pays... La...
Pourquoi je suis toujours la dernire au courant de tout?
Ptdrrrr comment mon pre s'excite pour une panne de courant  on dirai ya le feu chez moi
Putain cette nuit j'ai rver que je le remettait avec Dylan et que ces parent tait mme au courant ..
Putain dsa mere j'ai eu un blame j'etais meme pas au courant
Quand je sors de ma grotte en priode de rvisions et que je redcouvre la population : je reviens en courant. #asociale
Quand le dbat de l'heure est sur la 'beaut' ...,Vous tes au courant qu'y a des choses plus vitales , right ? #Misre
Qui dit nouvelle construction dit nouvelle video!,Vous serez bientt mis au courant! En attendant, rejoignez-nous sur le serveur #minecraft!
RT @5Reminders: Il est devenu courant pour beaucoup de musulmans aujourd'hui, d'utiliser des talismans ou des amulettes pour se protger, du mauvais il, #1
RT @AbbieMerchant: @Jesssy_Brt on y sera ! On se tient au courant
RT @AilimeKey: #LRT j'suis la dernire au courant GG  moi.
RT @Aleexandra96: Train supprim putain j en ai dj marre de devoir prendre tout les jours le RER D ...
RT @Aliiiix_: Avec ma mre on a crois Lulu et Cam en ville et Cam qui parle du bac blanc de lundi devant ma mre qui tait pas au courant, la boulette
RT @AuraneDMNL: J'viens pas au lyce une journe, et y a pleins d'trucs qui s'passent. Nsm, j'vais dormir au lyce, j'serai au courant de tout au moins!
RT @Biotifoule: Voil ma mre est au courant de mes petits problmes (mycoses vaginales). Elle m'a pris des rendez vous
RT @CIaudeFrancois: RE JE SUIS LA, DSOL DU RETARD J'AVAIS UNE PETITE COUPURE DE COURANT
RT @CeQuonVousCache: Le scandale est devenu courant -
RT @Conducteur_RER: 2h d'attente entre deux trains, je peaufine ma formation d'aiguilleur...
RT @Dsiree1: @cheick_toure Mdrrrr entre frere c courant
RT @Elodiie_Correia: mm ma mere est au courant de ces bails MDDDDR
RT @FUTFrance15: Nous pensons activement  la cration d'un site internet qui serait beaucoup plus rapide et simple  la fois. Nous vous tiendrons au courant
RT @FatihaaYagoub: Jprends mon chat jvais dans la chambre de ma mre jbalance mon chat dans son lit et jme taille en courant au loin j'entends des 'keeehbaaa'
RT @FrancineBieleu: @Henri_Sides @Jardel237 Vous voulez dj jouer ein ? Henri tu parles je finis ta carrire maintenant Jardel n'est pas au courant  .
RT @Guylaine_Guay: Quand le dbat de l'heure est sur la 'beaut' ...,Vous tes au courant qu'y a des choses plus vitales , right ? #Misre
RT @Helielly: @ton_allumeuse , Ah bon ? Donc tu gres quelqu'un a l'cole et je ne suis pas au courant . Hee Je vais appeler ton pre oh !!
RT @HoussamAlami: Avec ses coupures de courant rpt, je vous conseil l'onduleur pour protger vos quipements IT. @microchoixmaroc,
RT @JDelesque: @Luuw_ @SpaceDruidix bah alors si on connat pas pq on serait au courant pendant les vacances?
RT @Kasdaay: "Je n'tais pas au courant" Mlenchon sur les repas de rupture du jeune du Ramadan dans les mairies...
RT @LeDL_Grenoble: Un bless lger dans une collision entre un tramway et une voiture: Le trafic des tramways sur cette ligne C a...
RT @LeVraiHoroscope: Dans un film d'horreur, le #Scorpion serait celui qui sortirait en courant par la porte d'entre plutt que de monter les escaliers.
RT @LeaBct: A 17h Axelle et Nina elles sont arriver en courant vers nous
RT @MariCaprici: A la Socit Gnrale, les cadres sont jamais au courant de rien.
RT @Marvinkura: @Sofiane_Khls je serais sur les champs avec maelle  partir de 15h30, tiens nous au courant
RT @MetroSports_fr: Apparemment tout le monde tait dj au courant mais on fera bien un live vido pour GF38 - Le Pontet... :p
RT @Moutic007: @willemofficiel Merci pour le coup de fil, la plante entire est dj au courant! ;-)
RT @NacseoB: "@kpopuberty: 2pm's Taecyeon  @Henrirejaune On tait pas au courant que tu tais aussi le frre de Taecyeon !
RT @NehmyHD: @ktswardrobe Ok alors, je serai a la maison, text anna quand tu vien comme ca elle me tien au courant
RT @PPaliard: @rpr8395 @champ_pignon pour info, les responsables de l'UMP sont au courant des adhsions qui proviennent de Sens Commun ;-)
RT @PendaDng: @Gwen_Reyel pireee ptdr on est au courant depuis 1semaine mais on fait tout  la dernire minute tsais
RT @PixelDomination: Qui dit nouvelle construction dit nouvelle video!,Vous serez bientt mis au courant! En attendant, rejoignez-nous sur le serveur #minecraft!
RT @QuentinMzt: J'espre qu'un jour je vais trouv un truc marrant sur vous, toute la plante sera au courant.
RT @Satolune: Je devais avoir un nouveau pc courant janvier, mais finalement je vais hriter de celui de ma mre #Windows8 #Beurk
RT @Skylairbaby: Msk j'tais en maths et ya l'appel  la prire de mon tel qui a sonn Msk j'ai du partir en courant
RT @SophieAcker: Je suis assise derrire l'extincteur La me dis : t'es au courant que si la salle prends feu c  toi de prendre l'extincteur
RT @StreetteamTHT: #Aliens ! Suivez sans plus attendre @THcercle et vous serez au courant de tout ! ;)
RT @SwanneeBe: Quand je lis RER je pense pas au train mais au Reticulum Endoplasmique Rugueux. C'est donc a ma vie. #PACES
RT @TER_OL: Bonjour, vous tiez plus de 8000 voyageurs dans les TRAM-TRAIN  destination de la fte des Lumires. Merci  vous.
RT @TattooMyStory: #Aliens ! Suivez sans plus attendre @THcercle et vous serez au courant de tout ! ;)
RT @TeamJulienGR20: Demain je serais aux #NMA, je vous tiendrais au courant de tout ce qui s'y passe, mais dommage que @guillaumepley ne soit pas l
RT @Tomlinzoides: PUTAIN MA MERE EST VENUE EN COURANT AVEC LE DOIGT EN SANG J'AI PANIQUER MAIS EN FAIT C'EST TRUCAGE PTN REGARDEZ
RT @XSpanghero: Encore une fois les socialistes franais sont  contre-courant : Ecole sans notes, la Sude a fait machine arrire...
RT @Yo_Steeven: Un Segpa dans le RER drague une fille- T'vas ou?-  la dfense et toi?,-  l'attaque mddr "Mme Le train t Mort De Rire"
RT @_Alison_Rg: @EmmaItalienne @leaantns__ je suis avec la je vous tient au courant aider moi a trouver des sujets on galre mdr on est timide
RT @_Tissem: O Maroc le train c'est un RER wsh qd t'arrive  Rabat y a v'la les stations que pour Rabat et apres Casa ohlo genre casa y en jsp cb a la
RT @ceselorraine: #TER #Metrolor : non  une substitution systmatique bus-train, oui  une substitution au cas par cas et sous condition
RT @fl921: .@GeoffroyDidier Flicitations! Nomination + que normale pour le co fondateur du 1er courant de l'UMP!,@NicolasSarkozy @ump @la_droiteforte
RT @happayness: ma mre rentre dans ma chambre et me dit "eh j'ai un scoop, les od viennent en france demain soir" comme si j'tais pas au courant PTDDRR
RT @lauryn_anifa: ptdrrr pendant mon ds de math ya eu une coupure de courant on a fini avec la lumire des portables
RT @lydiab38: @m_bebes @nado2412 @lydiab38 @Reda2306 @Lakouz78 @AsmaSarah261184 @AmelCherrys @faridiken ahh je ne suis pas au courant de ce dossier! !!
RT @maguy_constant: .@France3tv Et maintenant le #razblanchard pass lui aussi en #kayak de #mer par fort courant contre... quand j'tais jeune ! ;-)
RT @marcellaffitte: @nrenard75 @BouDerLo , Voui, ils seraient au courant comme a !!! Voui, voui...
RT @melisande_dmtrc: Quand je sors de ma grotte en priode de rvisions et que je redcouvre la population : je reviens en courant. #asociale
RT @mohamedelavega: RTsi ca fait 2semaines que ton petit frre nourrit un panda dans ta cave personne n'est au courant
RT @nado2412: @lydiab38 @Reda2306 @Lakouz78 @AsmaSarah261184 @AmelCherrys @faridiken Ha bon tes au courant @m_vies ?
RT @niallaway_: Mon pre il veut qu'il y ait une coupure de courant demain soir je vais le tuer mdr
RT @paynolinson: Si les gens de twitter ne sont pas au courant que demain c'est les NMA, personne ne le sera jamais putain.
RT @sananas2106: @TYoutubeuse je prfre attendre que Youtube me confirme ces dires ca me parat trange .. Je vous tiens au courant ;-)
RT @sckszayns_: Si la mre de Camille elle voit jade au NMA j'croit que le courant il va mal passe MDDDRR
RT @tpf_medias: Inauguration de la 2me tape du RER Fribourg|Freiburg. Ds lundi des trains toutes les 30m yverdon-fribourg
RTsi ca fait 2semaines que ton petit frre nourrit un panda dans ta cave personne n'est au courant
Sandy Plains Rd : accident at Piedmont Rd -
Si la mre de Camille elle voit jade au NMA j'croit que le courant il va mal passe MDDDRR
Si les gens de twitter ne sont pas au courant que demain c'est les NMA, personne ne le sera jamais putain.
Siemens France Emploi et Carrires: Technicien courant faible H/F (, FR, France)
Sympa ! Je n'tais pas au courant... a en dit long sur la communication ! - 1er forum pour l'emploi  Gisors.
T'es sre de vouloir tre au courant ?
Tellement sale les smackcam .... Y'en a une elle rigolait en courant, j'ai senti ces dents ahah on peu dire qu'elle a goter la mousse ahahh
Train supprim putain j en ai dj marre de devoir prendre tout les jours le RER D ...
Un bless lger dans une collision entre un tramway et une voiture: Le trafic des tramways sur cette ligne C a...
Vous tes au courant des news de Microsoft j'espre...
Ya un mec qui devai passer signer son contrat il vient d'appeler il ma dit il sera l pour 18h miskine il est pas au courant jsrai dja parti
bon a serait cool que ma marraine nous mette au courant de la date de son accouchement
je suis toujours au courant de tout  la dernire minute :')
je vais surement faire un ou deux lives ce weekend, je sais pas encore sur quoi a sera de l'impro ^^ je vous tiens au courant :)
la fin de l'anne je me lverai  7h30 et j'irai au lyce en courant hein
le jour on vs verez qqun courir chez lui, pour faire ses devoirs, tenez moi au courant
ma mre rentre dans ma chambre et me dit "eh j'ai un scoop, les od viennent en france demain soir" comme si j'tais pas au courant PTDDRR
mais chacun ses pches d'autre prfre les montrer et d'autre le caches mais Allah est au courant de tout"
mais moi la vie suis en couple, dj est-ce que les gens seront au courant tellement je serais discrte wsh
mm ma mere est au courant de ces bails MDDDDR
mon frere il rentre dans ma chambre il me fait "alice" j'repond "quoi?" puis il pte et se barre en courant :'//
mon pere est au courant de ce qu'il s'est pass hier, il m'a carrment dit que les 2h de colle que j'ai il voulait pas que je les fasse
ptdrrr pendant mon ds de math ya eu une coupure de courant on a fini avec la lumire des portables
voila jai un autre conte et pour ceux qui sont pas au courant ma mere cest Demi lovat o je parle courament anglais et courament francais
vous tes au courant que j'vais faire une carrire d'humoriste?
