" Le savoir est une arme " par exemple demain y va pleuvoir donc si je sort je serai au courant des circonstance avant l'acte :)
"@CLePrenom: Kenza c'est le prnom d'une meuf qui cours derrire le bus mais elle le rate aprs elle marche"@Ken_Za__ PTDRRRRR
"@C_estleprenom: Kenza c le prnom des meuf qui cour driere le bus mais elle le rate apres elle marche" Il en faut peu pour vs faire rire
"@C_estleprenom: Kenza c'est le prnom des meuf qui cour driere le bus mais elle le rate apres elle marche" @_kenzaar
"Au fait, t'es au courant qu'un avion s'est cras aujourd'hui?" Ma mre, quand elle me rassure avant de partir en voyage
"Il a l'ge des grands nuages qui ne tiennent pas en cage,Allant par courant d'air vent du large vent arrire"
#Accident en #Pennsylvanie: un #autobus rempli d'lves s'encastre dans une maison
#Brugre-Trlat: C'est bien d'aller  contre-courant, tant que vous tes patient, et que vos investisseurs aussi.
#GDF Suez : Bryan Garnier relve son objectif de cours.  $GSZ
- Carla et Margot, on descend  l'arret et on prend le bus du coup on arrive au lyce vers 13h, on reste au parc une demie heure et ensuite-
- t'tais au courant toi pour l'instit condamn pour pdophilie ?- non pourquoi ? Il est du #FN ?,#Isre #Taubira
-Chez moi, donc je vais me taper 30 ans de bus pour retourner en cours pas avant 12h puisque je serais pas arriv avant.
2015/03/24 - RER D - Panne dun train  Villiers le Bel
5h30 du matin : Bus : derrire moi un couple c'tait pas un lavage de bouche qu'ils se faisaient c'tait pire bordel ! #LaGerbe
: Si le courant de la rivire est trop fort, il faut parfois renoncer  laffronter. Proverbe africain
@ Train_SNCF: Le RER ou le metro ?
@3615pbs c'est un prnom sngalais assez courant (et sa mre est sngalaise je crois)
@94STYLIES MA MRE EST PAS AU COURANT
@AgoraPulseFR Courant de la semaine dernire me semble-t-il
@AlainMarschall La mme chose avec les agents EDF il y a 40 ans qui demandaient de ralentir le rythme  une bote priv. Vive le public.
@AlexisMazerat @amv_ac @Conducteur_RER dixit Dany Boon celui qui a invent le kawai n'avait pas de cou
@Alexzander_F @PiK4bsynthe @Steve301187 Bref comme je l'ai dj dit, si j'ai une nouvelle console vous serez les premiers au courant^^
@AlmarssadNouh salam frre, dis moi le petit u18 de tothenam il est au courant de sa slection?
@ArmTheBitch Ah dommage et ma mre planifie de passer  Marseille , je te tiendrais au courant :P
@AsenacanCan ptdrrrr t'as vu mais aujourd'hui c'est vraiment pas de ma faute j'tais choque mme ma mre tait pas au courant mdrrrr
@AxelMattras je te tient au courant normalement ce sera bon frere :)
@Axelle_Booob ouais ma mre ma dit, ta mre tait pas au courant que tu n'as pas t ?
@BdtLohanne @EliesZoghlami On a pas ton num frre ! Donc demerde toi avec Julie et tenez nous au courant Sheguey
@CColliat @fredwebcom @Passionissimo En effet, il a plutt connu le succs ultrieurement....assez courant ds la carrire d'un acteur...
@CDI_JDuperier @PerseeLJD Je ne veux pas que mon pre soit au courant il risquerait de me tuer #perseeljd
@Camille__Mhb ouais a serai trop cool! Je tiens au courant
@CecileMaurel C'est que je dis pas mal de chose a ma mere c'est pour a qu'elle tait au courant
@ChabertCyril Bonjour, le pr-chargement sera disponible dans le courant de la journe.
@Cindy_Brks Evidemment, je sors de cours et 5/6 stations de metro /tram apres j'y serai ^^
@Cissou_A bah tu le tiendras au courant j'espre
@ClemGwen Tiens moi au courant je serais surement la ^^ @RER_B
@ClementHoubert @capidri5 Tu seras mis au courant tqt
@Conducteur_RER @Jeaann0ot @Train_SNCF effectivement. Je ne bosse pas aux RH mais il est clair que les "passionns" sont "analyss"
@Conducteur_RER @Le_Figaro avait dj fait le coup il y a qq semaines en plus... #ApprendreDeSesErreurs
@Conducteur_RER @Le_Figaro dj ils ont mis un train, faut pas trop en demander ;)
@Conducteur_RER @Train_SNCF 9 mois de formations il me semble
@Conducteur_RER @Train_SNCF quelle est la diffrence entre les deux ?
@Conducteur_RER @mavieabord C'est une question de scurit: rien qui pourrait tre accroch par un train.
@Conducteur_RER @mavieabord tape 0 conducteur de train: Scurit du personnel lors ds dplacements ds les emprises Sncf
@Conducteur_RER moi je suis trop fort  train simulation sur pc ;)
@CreepyDraw @LaughingJack821 *ne rivalise pas avec le monstre, courant vers son cadavre*
@Dany_kopp non a pue sa mre Applr t'es pas au courant encore ? Mdr
@Debrah_rdrs ptdddr lol wallah il est pas au courant que jte parle la
@Do_56 Je crois que ma premire raction pourrait tre de me barrer en courant :),@SciencePorn
@DorianNieto Ca roule, tiens-moi au courant et bon courage pour la dernire ligne droite ;)
@El_LocoOM @valene_v tetai pas au courant Mdrrrr et son oncle c'est son frre
@ElisaCorradi_ j'suis donc toujours la dernire au courant dans cette classe
@EloiseAlln mdrrr "si tu veux rcuprer ta carte de bus amne 10 000euros en cash, et viens seule"
@EnoraLeSoirOff Faut qu'il en parle  son frre.S'il tourne trs mal&qu'il n'est pas au courant a pourrait niker leur amiti. #EnoraLeSoir
@Eugenie_LeBlch ma mre est au courant mais j'ai russi  ddramatis la situation alors que la situation est au sommet du drame pcq g peur
@FolBavard Tu nous tiendras au courant j'espre
@Francois7888 Nous n'avons pas d'informations  ce sujet pour le moment, mais nous vous tiendrons au courant ds que cela sera le cas !
@FresnelAline idiomatique du langage courant est la 1re qui m'est venue  l'esprit...Malheureusement, tt a est trop long pour 1seul tweet
@Gaellefd tu te rends mme compte qu'on parle d'esclave courant derrire d'autre esclave ? Des negres de maison ou des forcs ?
@Gourlotpascon Ca il faut le marteler, que tout le monde soit au courant. Ce sont des escrocs. Les retraits se brossent. Voleurs !
@Helena_Txr tu me tiens au courant quand tu seras rentrer baby !
@Hugokhs @blablasiyabend ou on ma en mler jcp pas quoi moi je veut etre au courant ducoup j'atend ton rapport en pv sur fb ou twiter stp
@IAmATimeMachine surtout que c'est hyper courant et a peut venir avec le temps. Mon frre et mon pre y ont droit aussi
@Icyhish j'en rien vu sur a alors que la dernire attaque en 2013 tout le monde tait au courant.
@Itsaintneji ba met BFM pendant 10min et tu sera au courant de tout
@JPDuquesnoy @FN_officiel CONSEILLER DEPARTEMENTAL....tes vous au courant que c'est la premire lection de conseillers dpartementaux?
@JdNyemb moi j'tais au courant la premire Oklm
@Jeaann0ot @Conducteur_RER @Train_SNCF CRML  CRL  prsentation officielle des deux mtiers.
@Jeaann0ot @Conducteur_RER @Train_SNCF Oula t'inquite pas ;-) et bonne chance du coup.
@Jeaann0ot @Conducteur_RER @Train_SNCF alors a a dpendra de o tu postules dj et la formation c'est suivant la place dans les coles
@Jeaann0ot @Conducteur_RER @Train_SNCF beaucoup font demi tour en prenant conscience des horaires dcals ou des weekends au boulot.
@Jeaann0ot @Conducteur_RER @Train_SNCF c'est 1mix entre cours thoriques dans un de ces centres et des stages lignes l o tu seras embauch
@Jeaann0ot @Conducteur_RER @Train_SNCF comme tes comptes de rseaux sociaux surtout quand il suffit de taper nom prnom pour les trouver.
@Jeaann0ot @Conducteur_RER @Train_SNCF des "coles" SNCF qu'on appelle CPFT
@Jeaann0ot @Conducteur_RER @Train_SNCF dispos de faon sdentaire dans le complexe lyonnais, si un CRL est retard pour X raisons et
@Jeaann0ot @Conducteur_RER @Train_SNCF ensuite les mettre en place en gare ou je suis relev par le CRL du train commercial prvue.
@Jeaann0ot @Conducteur_RER @Train_SNCF et calculs mentaux. Tu trouves des bouquins ou srement sur le net.
@Jeaann0ot @Conducteur_RER @Train_SNCF je fais des trains vides de voyageurs sur courtes distances entre les dpts lyonnais et les gares.
@Jeaann0ot @Conducteur_RER @Train_SNCF les roulements peuvent tre 2X8, 3x8 (dcals, horaires trs irrguliers + samedi dimanche et ftes)
@Jeaann0ot @Conducteur_RER @Train_SNCF les tests c'est qq choses mais les gens oublient souvent de s'intresser aux conditions de travail.
@Jeaann0ot @Conducteur_RER @Train_SNCF mais ne stress pas trop. Ca ils en parlent pas mais si tu gres mal ton stress a craint par exemple.
@Jeaann0ot @Conducteur_RER @Train_SNCF on est aussi l pour grer les alas lors de retards ou drangements. C'est  dire que tant
@Jeaann0ot @Conducteur_RER @Train_SNCF qu'il tait prvue de sortir son train du dpt, je le fais pour lui. Gain de temps voir retard vit
@Jeaann0ot @Conducteur_RER @Train_SNCF savoir  qui elle a  faire. Moi je m'tais seulement un peu entraner  des tests de logique et
@Jeaann0ot @Conducteur_RER @Train_SNCF tiens nous au jus. Je te laisse ;-) je vais courir pour tre en forme ! Si t'as des questions...
@Jeaann0ot @Conducteur_RER @Train_SNCF y'a rien de spcial  dire ou pas. Encore une fois comme toute entreprise SNCF cherche un minimum'
@Jeanne_ln Mme le pre de Ugo est au courant
@Jeanne_rld tu serais au courant sinon ^^
@Jocanfly le mec il sera en mode minerve miskin ! Il va partir en courant ! Looool
@JoffreyAbeilard Coordonnes bien reues, je vous tiens au courant. ^G
@Jordan_Feron jai dut conduire pour allez chez mon pre car mon frere avait bus, il ma sorti a , du coup jai acclr xD
@KhagnibAlex @Hdcst @gfc2a C'est twitter, difficile de rsumer ce courant en moins de 140 caractres autrement que droite dure
@Kur0igetsu J'ai pas dit que je te demanderai ou que tu serais au courant. Tu ne l'as jamais t d'ailleurs.
@KuukoKonata Je n'tais pas au courant, mais dans ce cas j'espre qu'ils n'attendront pas trop longtemps. :/
@LPGeek Bonjour, la rparation sera effectue au courant de la journe.
@Lanzafam3_96 @_megy_meg ahahahh. Ah ouais ?! Alors maintenant Megy t'as un autre frere, et j'suis mme pas au courant .. #AucunRespect
@LcrxMarine ton pre il est au courant que y a sa tte sur twitter?
@Le_Figaro Ils sont au courant au ministre de l'intrieur qu'il n'y a aucun franais  bord???  #crashA320
@LefebvreRomain par contre ton pere il m'a mis un vent jrentre chez moi en courant
@LiLouarD @Mrlxper tqt moi non plus je nt'aurais pas attendu, j'serai mme parti en courant
@LolavsPowerman @RouxPowaa - le courant  nouveau. puis ils l'ont remis et a a dclench la sonnerie cette fois, dc courant coup  nouveau
@LolavsPowerman @RouxPowaa fuck ils ont remis le courant, a a dclench l'alarme incendie et ils arrivent ps  l'teindre dc ils ont coup
@LoroFobion toi tu dois tre au courant j'suis sre. @CinnamonFraise
@LouiseCbn Mdrrr bientt il va tre au courant de l'actu de Nabilla ptn faut arrter les conneries la Louise
@MGatz_ oki ba tient moi au courant sa serais cool qu on ce voit ;)
@MMurray24 Bernier rcupre et protge bien ses balles Klopas est-il au courant ? Et c'est drle, Bernier avait une vocation offensive avant
@MaitreWayne_ tram les avait quitt, et que du coup ils devaient tout recommencer sans lui d'o le retard. J'espre qu'ils n'abandonnent pas
@Mendosa432 il est assur quand j'vais le rparer tu seras le premier au courant fdp
@MrAzura_ Okay ! Retiens moi au courant quand ce sera bon :3
@NMargelin ahah vient samedi et tu seras au courant de tout
@NeverfullLV @Efyonce @Baaby_Noo Personnellement ils sont tous au courant, ils en ont pas encore pris conscience rek
@NicolasSarkozy L'alternatif c'est le courant qui lectrocute les franais, soyez dignes, retirez votre parti des responsabilits tatiques
@PaigeOUAT C'est exact *Plisse les yeux et souris en coin en voyant que tu n'es pas au courant des plans de ta mre*
@ParisGrenoble j'ai appel mon pre j'ai cru qu'il allait faire une crise cardiaque car pas au courant de la nouvelle
@Pauline_Pomin pas de soucis ma Paupau tu seras la premire au courant!
@Perez19Anthony car j'ai eu mon permis qu'en dcembre dc je pouvais pas revenir tout les jours et ma mere taffe, pas de train ni bus
@Priscillia_B_ @Tessouh_ Je me doute x), bah pour le moment je sais pas si je serais dispo courant novembre :/
@Ripusssy viens en courant vers moi et me dis "elle m'a quitter" en pleurant lol
@SMurgale @Renaultfr3ncois @taralebuhan mdrr et genre toi tu serais plus au courant que moi
@Salemixeur Je suis asthmatique, je sais pas du tout grer ma respiration en courant ^^'
@SarahWagger mdrrrr j'suis sre c pck ta fait style de pas tre au courant  candice alors que je lui ai dit que tu le sais
@Sarahkhl6 Ouai bah sur le coup a ma pas fait rire. J tais nerve! Ils ont monts une mission spcial "anti gwen dans les bus mdr "
@Shakicolombia perso les infos me dprime si je peux viter j'vite mais je suis tjrs au courant avec fb et le midi avec ma mre lol
@Slouloupy @mahaut_lmr ser???? Ptn vous auriez pu me mettre au courant quand mme mdrrrr Louis quoi
@Stiles__RPGVAWO *Roohh..* Tu dconnes j'espres ?! *saute du lit et descend en courant*
@Storm_GFX Bonsoir, seriez vous capable de reproduire ce logo de faons plus pro?  Tenez moi au courant :)
@TakaYamashita ah bien, tu me tiendra au courant, et si tu passe boire un vers envoie moi un message avant, j'y suis pas tout le temps
@Tapio_chan et voila je suis encore la dernire au courant pour tout  c'est rageant
@Tea_graszk Je te tien au courant , Ba enfaite quand tu me verra Courrir dans tout herlies tu sera pourquoi
@The_Red_Wave exactement ca ! Et t'es au courant pour Lisa ??
@TommyOrNot2Me @Conducteur_RER @Train_SNCF c'est donc dans des coles. Cela alterne pratique et thorique ?
@TommyOrNot2Me @Conducteur_RER @Train_SNCF et on peut tre embauch n'importe o en pays de Loire mettons, selon les offres enfaite ?
@TommyOrNot2Me @Conducteur_RER @Train_SNCF exercer ce mtier. Donc ca ne me drange pas du tout.
@TommyOrNot2Me @Conducteur_RER @Train_SNCF les conditions de travail je les connais. Et honntement a fait trs longtemps que je veux
@TommyOrNot2Me @Conducteur_RER @Train_SNCF lors des entretiens, y a t'il des chose  dire spcialement ? J'ai entendu dire qu'il ne fallait
@TommyOrNot2Me @Conducteur_RER @Train_SNCF merci pour tout ces renseignements et bon courage  toi !
@TommyOrNot2Me @Conducteur_RER @Train_SNCF ou est ce qu'on est form ? Comment cela se passe t'il ?
@TommyOrNot2Me @Conducteur_RER @Train_SNCF oui je vois ca. Et j'espre qu'ils chercheront toujours aprs juin.
@TommyOrNot2Me @Conducteur_RER @Train_SNCF surtout pas dire que nous tions passionn par les trains etc. Est ce vrai ?
@TysmeNcy @Moi_cest_louis mdr pq tu fais genre t'tais mm pas au courant jui sre
@Vael0 @floopfloop33 Hmmm si tu va pas chez le concurrent tu sera jamais au courant des trucs importants parce que je le dis que sur FB ^^
@VincenzoCiuro @bcnFD @marca Je serait Felipe luis je reviendrai en courant.
@Waizerrr @KingYoYo_ @GaidenTheLourde @DyaansSmg jvous tiens au courant vers 17h45 18h
@Yaaminax nn mais laisse aprs les avions a sera les bus train et mtro tu va voir
@Yusekook t'es au courant qu'on dit "on dirait" qd mme j'espre
@ZNLHLLACME J'essaye de trouver des solo DM avec Harry, je vous tiendrais au courant quand je les ferais gagner !
@_Boudrouz Rien d'important, sinon La&Toi vous seriez dj au courant dans la conversation
@_GoOlden_ j'espre que tu pourras, tiens moi au courant :)
@acdupayage En palpa et pas en RER Elba donc. Bon cours !
@alexane_crl il se serait poser des questions de ou venait se courant d'air
@amovre Bah je sais pas ce sinon fera (et si j'y vais pour commencer) mais je te tiens au courant
@andrewherpin bas ouais gros essaye de grer tient moi au courant et envoie un sms avec ton bigo j'ai plus ton num
@arthurManuelCle @socallmekiwi Rien de certain en ce moment, mais follow la chane twitch et tu seras tenu au courant  chaque fois :)
@badrteffahioff La mise  jour Lollipop sera effectivement dploye sur #GalaxyNote3Neo dans le courant de l'anne ! :)
@batgang24 oui tiens moi au courant j'espre vous voir si je viens hihi ! Sinon cest que semaine d'aprs si je bosse pas :(
@berenice3_14 Sinon j'ai les dernires conneries de Hollande .... mais la tout le monde est dj au courant :)))
@biloublahblah tes parents connaissent peut-tre JKR? Ce qui ferait qu'ils taient au courant de tout ds l'bauche de l'histoire?
@camilaSHR mais il sera pas au courant avant qu'il est mon bulletin
@carole_bouchard J 'espre que c 'est plus de peur que de mal cette chute..... tiens nous au courant . Merci d' avance et bon sjour  Miami
@cle_mousse a sera a tu verras , tu me tiendras au courant ;-)
@cnthprt j'tai prouver mes talent a plusieurs reprise mtn tu sais que dans tout le cas je serais au courant un jour ou l'autre
@drugofstyles_ j'espre! Tu pourras me tenir au courant?
@edf_client Apparemment Le courant est remis. Mais difficile d'appeler quand on n'a plus de batterie et pas d'lectricit :) Bonne journe!
@edf_client Non le courant est revenu vers 0h30
@emelinecht Tu va te faire en courant t'aura du mal a la dboter
@florianmarlin Nous reviendrons vers vous en cas de reprise de ce baromtre dans le courant de l'anne. Toutes nos excuses ! 2/2
@frenchmermaidS Avec toi ? Mais j'tais pas au courant  La cachottire !
@gael_rabier Bjr Gael! Ce n'est hlas pas encore dans nos plans! Vs serez vite tenu au courant de l'volution de l'app! Bonne journe, ^Phil
@guet_59 @fanph94 ;) si a t'intressais tu serais au courant
@inescdt mdr oui oui ta bien vu! il supprime les train et bus psq il vont installer un tramway donc a sera bloqu ont est dans la
@jeremyguez1 ASKIP un mec de premire Jsuis pas au courant jsp
@julianaerts Mec ter pas au courant que le tweet date du 15/03 j'ai compris tkt
@jy cest compatible quavec certains jeux, et ctait livr avec certains Pokemon. Courant et pas cher en version GBA/GBA SP, rare en Micro
@kitteniall93 mais t'faon tu seras tellement contente que tu voudras partager ta joie et comme j'suis la seule au courant bha hop
@leconardhardeur T'es pas au courant ? Le scenario de lost change a chaque fois que tu rematte la serie. Personne ne sait encore pourquoi.
@lermarvel t'inquite tu seras la 1ere au courant
@lisamsti @AnaelleSchmid je serais au courant si on pouvait le faire :p
@lordcaktus quand t'auras la rep, tiens moi au courant, je veux savoir aussi
@louis_pierre567 @PatriciaLaunay @ShowLeMatin ah j'espre que c'est vraiment rien de grave tien nous au courant et je coupe bisous
@maogirl27 J'aurais pas fait autrement ! En fait, je me serais enfuie en courant, j'aurais cri et j'aurais exig que qqn vienne la tuer
@mdrlavie je compte en crer une pour poster des WIPs, comme a, plus de gens seront au courant des actualits
@mvcaster d'ailleurs tu es peut tre au courant qu'il y a des donjons alatoires qu'on peut crer, a compte pour Hard Rogue *.*?!
@najatvb Prire de nous tenir au courant rapidement. Les annonces chocs n'ont aucun intrt.
@nnaarein Il ferait mieux d'tre au courant que t'es pas une fille qui se laisse faire dire tout ce qu'on veut. Et un geste c'est un geste.
@paklionel  il sera mis au courant
@paul_denton @Eve07999 @lionnelluca06 Rare....non!Chez Sarko et ses potes de,la France"forte"comme ils disent,c'est  F.HAINE aussi
@pucellekoncroit @mannecha @GreluchesLand je vous sers une tisane ?,*part en courant*
@radioLNFM oui car si on doit arrter de voyager  chaque fois qu'il y a un crash d'hlico, avion, bus, train, voiture...on voyagera  pied!
@rhr_rgr je dis a pour que tu sois au courant
@seuiri t'es pas au courant ? C'est elle qui a jouer dedans frere
@since7since Bonjour ! La nouvelle interface TV permettant l'accs  Netflix sera dploye dans le courant de cette anne pour les 1/2
@sulyman94 ok frere toute faon tu me tien au courant
@tamaragepasfdp dis j'espre que tu prends l'bus demain avec ta cops espa
@temtem21 @QuentinWstnr @RmiLeman c'est chaud mais t'inquites, si on a des phases d'avances tu seras au courant
@tomlinshxne c'est sre bha tu me tiens au courant
@tsetss bout de trente secondes, j'ai fui en courant. chais pas qui c'est. veux pas savoir. j'espre juste qu'ils l'ont limin brutalement.
@twsgagotmksrp: j'espre que demain jvais pas encore courir aprs le bus miskine
@valentinheckets @Hdcst @gfc2a Vous tes au courant que selon Ren Rmond le bonapartisme c'est la droite de l'UMP, DLF mme le FN ?
@vinfo827 @SamosT_ @PSG_TeamOff @lucieparissg t rester sagement  ct dtn pere dns ls tribune alrs t parti du stade en courant dns ta voitu
@vousmelesbrisez Je crois que c'est moyennement courant mais pas compltement rare non plus...
@w0rder @MaxouBx @antoineguilbert @vegazvegaz @eMxPi @fields_peter tenez nous au courant des excuses d'Amazon
@woobees a redmarre, je vous tiens au courant
A cause du RER premire heure de cours rate ! Bravo la @GroupeRATP
ACCIDENT MORTEL Un avion de ligne A 320, qui effectuait la liaison Barcelone-Dsseldorf, s'est cras dans les...
Ah ! Ma grand mre est au courant que je suis en arrt maladie ... La moiti de ma famille ne devrait donc pas tarder  appeler ...
Apparement je serais pas dans le bon bus oups
Arriver jusqu' marne la vall tu prends le RER une socit,le Bus une autre,le train ouigo une autre socit.En cas de problme c pas nous!
Au bord du Courant de Mimizan, vers les prs sals  mare basse
Au courant de tout? Mdr a risque pas mon gars sinon il aurait pter les plombs
Au mec qui doit tre  JR qui loupe son bus et fait du stop sur la route avant d'arriver  Chantilly tu me fais rire ds le matin, merci
Avant je serai partie en courant et j'aurai dis  mes parents que je veux plus jamais retourner au lyce. Mais maintenant c'est bon
Avoir le RER ET le train  ct de chez soi c'est pas mal quand mme...
Bizzarement je suis sure qu'il est au courant mais a serait chanmer n'empche
Bon j'espre que je ne vais pas loup le bus.
C est moi ou les accidents d avion deviennent courant :$
C'est une vie de devoir allez chercher de la sauce tomate en courant chez mon pre car ma mre a fait de la soupe ?
C'tait oblig que je mette Juju au courant la premire !
CDD #Armentires - Assistant commercial anglais courant
Ce ferry traverse la rivire sans apport d'nergie. Il utilise la force du courant !! (Pologne/Czerwiensk/Brody)
Ce midi on tait dans les couloirs et tout  coup y'a les mecs y sont venus vers nous en courant en fait ils avaient ouvert l'extincteur
Ce qui est dprimant aussi, c'est quand une petite de 3 ans vient en courant vers toi et criant "Mamaan", et qu'elle s'appelle Lucie.
Ceux qui sont pas au courant que j'ai fait le buzz vous tes bien btes j'ai vis les 500rt en lger
Chers #licencis, #sponsors et amis des #mdias; Certains d'entre-vous n'auraient-ils pas reu notre #Newsletter ? Tenez nous au courant !
Comme a si je l'ai encore pas personne sera au courant
Comme d'hab je cour derrire mon bus..
Comme une conne, je joue  Dner Dash et je loupe mon bus.
Courir derrire un bus, se sentir conne, le rater de deux mtres.
Dans la parabole, je serais plutt du ct de lenfant prodigue, ripaillant, courant la gueuze et disputant les glands aux cochons.
Dans les films y traversent une ville entire en courant sans tre essouffl, et moi en 2h de demi fond je suis au bout de ma vie.
Demain je commence les cours  10:30 et je me lve a 5:30 cause bus vers
Demain pnd que je serais en cours ceux qu'on des corres espagnol seront au futuroscope; quelqu'un pour m'aider  crever les pneus du bus?
Depuis le matin je n ais donc pas de courant. Askip le compteur  saut. Pfff la grosse galre
Du coup je prendrai pas le bus, du coup je ne ferais pas mes devoirs
Eh mais nan uesh la prof de Musique elle mer bavardages mais elle est au courant qu'elle m'a mise  ct d'un mec avec qui je me suis battu
En plus avant d'me reveiller c'matin j'ai rever que j'loupais mon bus, reve premonitoire ptn xDD
En plus la vie scolaire  envoyer un sms  mon pre alors il est au courant mtn
Entre le rer en retard ou celui qui nous fait changer d'un coup olala je vais tre en retard je pense
Espionnage isralien: le chef rpublicain pas au courant - Le prsident rpublicain de la Chambre des reprsentant...
Espionnage isralien: le chef rpublicain pas au courant: Le prsident rpublicain de la Chambre des reprsent...
Et dire que jetais la premire au courant !
Et je l'ai capt que maintenant, j'avais pas trouv a anormale de voir mon frre dans le bus  la sortie des cours.
Et la lumire re-fut ! @mairievitry @edf_client @KatrinBouaziz #ERDF #coupure #courant
Explosion dans le RER, train arrter mdr je suis vert ..
Faut lui dire qu'on a pas le droit de boire j'suis sre il est pas au courant
Faut pas que j'loupe mon bus j'ai cin et j'ai dis que je venais elle va tre vnre sinon mdrrr
Frimousse qui fait des bisous  Tigrou, Tigrou l'engueule et Frimousse part en courant, peuchre XDD
Fuck je viens de donner un coup de tte tellement violent dans le RER qu'il m'a rveill
GDF Suez : Bryan Garnier relve son objectif de cours
GDF Suez : Bryan Garnier relve son objectif de cours.
GDF Suez: Bryan Garnier relve son objectif de cours.
GDF Suez:,Bryan Garnier relve son objectif de cours
Hier autour dun pack de bire ,un pote jette une bouteille en verre en l'air, tout le monde se barre en courant ,il en rester 3 dont moi
Il a commenc  me montrer toutes ses photos en TP: "Moi en Afrique du Sud, moi qui boit de la bire, moi courant dans la montagne" deaad
Il a du croire que je ne serai jamais au courant
Il ny a plus de lumire? Pas de problme. Apprenez quoi faire avant, pendant et aprs une panne de courant:
Il pleut du coup je prends le bus j'espre qu'il va tre  l'heure
Il pleuvait c'tait chiant mais bon j'ai vu Manon et Melina courir derrire leur bus sous la pluie. a m'a redonn le sourire
Isre: un directeur reconnat avoir viol des  MondeToujours la meme chose: On n'etait pas au courant!
J'ai bien reu votre couriel d 22 courant, et vous remercie vivement.
J'ai loup mon bus pour la premire fois de ma vie
J'espre ne pas louper mon bus aujourd'hui
J'espre que Sting n'est pas au courant parc que putain paye le massacre....
J'espre que demain il pleuvra pour que je puisse couter du doom dans le tram
J'espre que je louperai pas mon bus demain sinon je suis dans le caca
J'espre que y'aura une coupure de courant pdnt que je dors comme sa les maths et l'anglais sltslt
J'raconte un truc  Emmanuella dans la seconde qui suit Louh et Kmi elles sont dj au courant. Trop des commres les trois
J'suis a mantes dans le train putain j'espre j'aurai le dernier bus a 40
J'viens de voir Medhy Custos... Il descendait du RER C  Choisy. Wallay il m'a pas accord 1h. Il descendait du train que j'allais prendre.
Jai la flemme de tout par contre si ma mere m'appelle pour manger j'ivais en courant
Je cherche, comment se faire des gants de cellophanes? :-) prire de se tenir au courant.
Je crois que c'est mieux que je ne dise rien a mon pere .. Ma mere est au courant c'est deja bien
Je dteste quand j'coute la musique dans le bus et que derrire une conasse cri pour parler putain
Je lui dit et elle en a strictement rien a foutre elle chercher mme pas a me consoler ptin c'est la dernire fois que je la met au courant
Je prends le bus plus tard aujourd'hui j'ai pas cours la premire heure
Je prfre louper mon tram et tre en retard que de courir aprs ...
Je renferme tellement de trucs en moi... Des trucs qui ne sortiront jamais et dont personne ne sera au courant..
Je suis toujours la dernire au courant quand mon pre part en dplacement ! Je savais pas qu'il rentrait pas ce soir.
Journe difficile et mdiatiquement noire, (jusquau retour de la lumire)... #drogations #infos #coupure de #courant #famille #philosophie
L o vous emmnera le courant  #job #emploi #recrutement
LAssociation Connaissance mdicale sans frontires (COSAf) organise, le samedi 28 mars courant,  partir de 14h,...
La #Lozre, traditionnellement  droite, basculera-t-elle  gauche aux #dpartementales,  contre-courant de la tendance nationale? Suspense
La ligne A du tramway de Grenoble interrompue aprs un accident avec un camion
La seule chose qui me retient  Twitter c'est que j'suis au courant de tout en temps et en heure sur TH. Sinon je crois j'me serai barre
Le RER A sera coup pendant un mois cet t
Le RER A sera coup pendant un mois cet t  via @le_Parisien
Le RER A sera coup pendant un mois cet t,Un mois de fermeture cet t sur le tronon central de la ligne du RE...
Le RER A sera coup pendant un mois cet t... #Paris #Nouvelles
Le RER A sera coup pendant un mois cet t: Un mois de fermeture cet t sur le tronon central de la ligne d...
Le RER C c'est le pire train du monde sa mre la grosse tepu.
Le RER C il s'est foutu d'ma legueu svrement aujourd'hui. Train d'mes couilles ta mre.
Le bus etait pleins du coup c'est la mere a caro qui m'a ramen
Le bus il l'a regarde, il ralentit et il taille putain j'etais pas prte
Le daron quand il va voir la maison il va tre fire mais quand il va voir que j'ai louper mon bus ma mamia il va dtruire ce que j'ai lav
Le jour o j'aurai de la chance au quotidien vous serez au courant... Ras le cul
Le lyce qui appel ma mre parce que je suis pas en coursoui oui je suis au courant.... mais je ne sais plus pourquoi
Le racisme est devenu tellement courant c'est une banalit limite les gens en sont fire et le revendique c'est pitoyable et navrant.
Leeloo elle reoit "tu veux fumer" elle sort direct en courant
Les deux premires heures de cours qui sautent. Supeeeeeer, ctrop cool d'tre au courant tt -_-
Les enquteurs du tram c'est des crampons compre!
Les filles derrire moi dans le bus qui raconte leurs histoires de cul, merci mais on tait pas oblig de tous tre au courant
Les funrailles de Sah Manga Nyami  Yaound les 21 et 21 mars courant dans la communaut Bandounga.(1re partie),
Les gens qui me font chier a me parler dans le bus le matin et a 16h, putain ferm vos gueule! Je prfre couter ma musique! Cordialement!
Les policiers du @SPVM sont au courant (j'espre) qu'ils sont en lutte contre la mme chose que les tudiants; les mesures d'austrit ?
Lorsque vous communiquer en #anglais au sein de votre entreprise, prfrez un vocabulaire simple et courant
MISE  JOUR : On attend des quipes, le quadrilatre au complet au @QDS_MTL n'a pas de courant! Nos invits sont toujours l! #Salvail
Ma mre au tel c pas possible tout le voisinage est au courant de sa vie
Ma mre est au courant mtn super!
Ma mre qui voulait que je me mette avec un pote de mon frre bac+5 et tout mme pas j'tais au courant
Ma mre veut pas m'amener au bus parce qu'elle pourra pas dormir tard...moi je vais en cour je dis rien ^^
Ma mre: "Quand Virginie est partir  Barcelone en Bus, il n'y avait que des accidents de bus. Et l, c'est le tour des avions alors que
Mariage suspendu  Nice pour "radicalisation": le couple venu clbrer dit qu'il n'tait pas au courant  #AFP
Mdr grosse pute tu me fais bien rire a t'afficher en public comme sa, alors que tout le monde est au courant et toi mme tu le sais !
Mdr son frre il est mme pas au courant carrment
Mme la boulangre est au courant de la vie de ma mre
Mon adversaire part s'chauffer en courant pendant que je dors dans le canap... J'espre que la mthode @GodeauAntoine marchera
Mon copain il voulait que je prenne le bus pour aller chez lui mdr dj je galre  prendre le train donc bon
Mon moment prfrer? quand le Tram arrive a Croix Rouge et que d'un coup il se vide
Mon pre arrte pas de me rpter que Lea vient a la maison dormir ce soir mais je suis toujours pas au courant mdr
Mon pre es pas au courant que je me suis couper les cheveux court il va pas aimer jle sens
Mon pre il est vnre c'est ouf mdr "on va s'expliquer, comprendre pourquoi ma fille  zro histoire d'tre au courant"
Ok ma sur va pas en cours demain parce que ma mre a la flemme de l'emmener bah tranquille j'vais avoir la flemme d'aller au bus tient
On a chang de programme avec les potes, t'es pas au courant ? a sera Mcdonald's'... Dsol. :D
On est dj arrivs au niveau o dans nos prires on demande  Dieu de ne pas laisser Eneo couper le courant?,Sacr pays. #Bonjour
Ou alors j'suis la dernire au courant comme d'hab'
Ouverture dune enqute sur laccident du bus  Bouficha
Par contre si quelqu'un que je connais ( part ma mre qui est au courant) apprend que je tiens ce compte, c'est foutu
Parfois quand la CIE coupe courant au quartier tu as l'impression que les darons ne sont pas  jour pourtant c'est Jeu de lumire de la CIE
Pas de train. Pas de RER. Dernire option pour venir  Paris : la voiture !
Pb d'alimentation elec' du coup jsuis bloquee dand ce rer de merde depuis taleur, j'ai froid jsuis trempee mes fringes me piquent
Personne ne sera au courant
Personnellement je prfre tre au courant des conneries de mes enfants, que de penser qu'ils sont tranquilles alors que non..
Pour vous inscrire  la newsletter et rester au courant des dernires nouvelles, c'est par ici :...
Premire fois depuis le dbut de l'anne scolaire que j'ai pas besoin de faire un footing pour pas louper mon bus
Quand on a terminer le thtre il tait dj 16h j'allais rater mon bus du coup je suis re rentrer au lyce avec une pote pour 15min
Que la personne qui a gar sa valise  l'arrt de tram "avenue de France" vienne la rcuprer de toute urgence avant qu'elle ne saute
RT @1Mathildee: Ce voyage tait parfaitement  notre image, entre les records battus, les accidents de bus  cause d'un sanglier, et cette ptn d'ambiance
RT @AnnaGrdt: @Pauline_Pomin pas de soucis ma Paupau tu seras la premire au courant!
RT @BettyMahon_: @Helena_Txr tu me tiens au courant quand tu seras rentrer baby !
RT @CIaudeFrancois: RE JE SUIS LA, DSOL DU RETARD J'AVAIS UNE PETITE COUPURE DE COURANT
RT @CLePrenom: Kenza c'est le prnom d'une meuf qui cours derrire le bus mais elle le rate aprs elle marche
RT @Ccharlotte_Rr: Ptdr le mec sur ask il demande  tout le monde si on va au cin mais on est mme au courant mdr t qui
RT @Chibromasseur_: tes vous au courant que les cimetires ne sont pas des lieux de shooting pr vos horribles photos de beaufs
RT @Conducteur_RER: Hey @Le_Figaro, voici une photo d'un train franais. L t'es en Italie, hein.
RT @Conducteur_RER: Tu rves de conduire des trains? D'tre en week-end le mardi-mercredi?,Tu peux postuler  la SNCF, on recrute 450 conducteurs.
RT @Conducteur_RER: tre conducteur de train.
RT @Direct_Info: Ouverture dune enqute sur laccident du bus  Bouficha
RT @Dreyjarel: Personnellement je prfre tre au courant des conneries de mes enfants, que de penser qu'ils sont tranquilles alors que non..
RT @Drugxofme: Il pleuvait c'tait chiant mais bon j'ai vu Manon et Melina courir derrire leur bus sous la pluie. a m'a redonn le sourire
RT @EricSalvail: UPDATE On attend des quipes, le quadrilatre au complet n'a pas de courant!!! Tous nos invits sont toujours l!!! #patience #Salvail
RT @Guizii_Ouzou: @andrewherpin bas ouais gros essaye de grer tient moi au courant et envoie un sms avec ton bigo j'ai plus ton num
RT @JuliaClabau: @EloiseAlln mdrrr "si tu veux rcuprer ta carte de bus amne 10 000euros en cash, et viens seule"
RT @Juste_pour_rire: Panne de courant pendant l'entrevue avec RBO  @enmodesalvail hier. La suite ce mercredi. Bravo  l'quipe #salvail
RT @Juubau: @LiLouarD @Mrlxper tqt moi non plus je nt'aurais pas attendu, j'serai mme parti en courant
RT @Kangudia2: @KoblerSrsg @UNESCO_fr @gorillacd J'espre que le ministre du Tourisme est au courant que ce coin paradisiaque est situ chez-ns en #RDC.
RT @KassimCorsaire: Ca s'voit ls vineurs s'ils gagnent 1oscar Ca va lcher des "ya que ma mre ki croyai en moi" alors kelle ntait pas au courant des perruques
RT @KendraDsr: @_Boudrouz Rien d'important, sinon La&Toi vous seriez dj au courant dans la conversation
RT @LGVeau: plus jamais je prends le bus y'a trop d'accidents
RT @LePrenoms: Kenza c'est le prnom des meuf qui cour driere le bus mais elle le rate apres elle marche
RT @LenyRobert: Y a des mecs ils t'insultent et partent en courant et aprs ils font les thugs moi jdis ni que ta mre
RT @Leoniebagl: 5h30 du matin : Bus : derrire moi un couple c'tait pas un lavage de bouche qu'ils se faisaient c'tait pire bordel ! #LaGerbe
RT @LucieLprtr: @SarahWagger mdrrrr j'suis sre c pck ta fait style de pas tre au courant  candice alors que je lui ai dit que tu le sais
RT @MaarieCarter: en bref j'aurais pu faire 13h-15h30 mais vu que jsuis toujours la dernire au courant
RT @Maaurinouu: @alexane_crl il se serait poser des questions de ou venait se courant d'air
RT @MatNicaise: Carte du rseau et appelation "S" (pas RER!): les petits pas de la #SNCB vers une approche marketing du train urbain
RT @MaxDhaussy: @temtem21 @QuentinWstnr @RmiLeman c'est chaud mais t'inquites, si on a des phases d'avances tu seras au courant
RT @Melo_Joly: Ok ma sur va pas en cours demain parce que ma mre a la flemme de l'emmener bah tranquille j'vais avoir la flemme d'aller au bus tient
RT @MsieurLeProf: Attentat en salle des profs : un lve vient d'y jeter un ptard avant de se barrer en courant. Jvais exercer mon droit de retrait.
RT @NaomieSouaibou: Depuis le matin je n ais donc pas de courant. Askip le compteur  saut. Pfff la grosse galre
RT @Parlons_cinema: @CColliat @fredwebcom @Passionissimo En effet, il a plutt connu le succs ultrieurement....assez courant ds la carrire d'un acteur...
RT @Petit_Corail: Fais pas genre de capter l'espagnol, toi. J'suis sre, il est mme pas au courant d'la langue. PTDRRRRRR
RT @Preparez_Vous: Il ny a plus de lumire? Pas de problme. Apprenez quoi faire avant, pendant et aprs une panne de courant:
RT @Priiiincessssa: Tout mon bonheur a mon couscous tagine et a emma, mme si encore une fois je suis la dernire au courant
RT @Quentin_097: @Jeanne_ln Mme le pre de Ugo est au courant
RT @Remypvr: Moi courant vers mon 3me trimestre
RT @Rosiie_M: @NeverfullLV @Efyonce @Baaby_Noo Personnellement ils sont tous au courant, ils en ont pas encore pris conscience rek
RT @SD_Midilibre: La #Lozre, traditionnellement  droite, basculera-t-elle  gauche aux #dpartementales,  contre-courant de la tendance nationale? Suspense
RT @Sandr_Grnc: "@NshSara: Ma mre qui voulait que je me mette avec un pote de mon frre bac+5 et tout mme pas j'tais au courant " miskine
RT @Sevranais270: @HaroldPogba On a chang de programme avec les potes, t'es pas au courant ? a sera Mcdonald's'... Dsol. :D
RT @Sotilas4real: "@C_estleprenom: Kenza c le prnom des meuf qui cour driere le bus mais elle le rate apres elle marche" Il en faut peu pour vs faire rire
RT @Stephane_Cappie: @paklionel  il sera mis au courant
RT @TangtangB: Ya un mec devant moi dans le rer il fais crari c'est une kai il regarde mal mais j'entend dans ses couteurs il coute halleluja
RT @Tradingsat: Vexim : Espre atteindre la rentabilit courant 2015
RT @Une_FemmeZ: Toi Tah pote vous vous faites gerer par le mm ga mais vous tes pas au courant
RT @VilleLongueuil: @LPGeek Bonjour, la rparation sera effectue au courant de la journe.
RT @YounesAyachi: @Debrah_rdrs ptdddr lol wallah il est pas au courant que jte parle la
RT @Ysaliyne: Y a un courant d'air dans leur train dmort jvais choper une pneumonie vs serez content vs me verrez pu tweeter
RT @Yvanovich951: Je viens de pter dans le bus.,Je garde mon calme je vous tiens au courant de la situation
RT @Zyrko_: Si mes projet se ralise sa serait trop *-* je vous tien au courant ;)
RT @_Bystoufly: Sentir que le courant passe, que c'est pas des conversations de temps en temps, que a sera une personne qui compte.
RT @_UneBlanche: waw les couples qui s'embrouillent des 8h du mat dans le bus nikez bien vos meres vs soulez ttt lmonde
RT @adroitetoutes01: @ULYSSEimmortal Et le comble, Acadmie de l'Isre pas mise au courant..
RT @amv_ac: @Conducteur_RER @mavieabord C'est une question de scurit: rien qui pourrait tre accroch par un train.
RT @ana_tomlinson5: J'ai loup mon bus pour la premire fois de ma vie
RT @arthuribz: Il pleut du coup je prends le bus j'espre qu'il va tre  l'heure
RT @catarinabrsl: @JdNyemb moi j'tais au courant la premire Oklm
RT @clmarciano: Mariage suspendu  Nice pour "radicalisation": le couple venu clbrer dit qu'il n'tait pas au courant  #AFP
RT @doooolcevitaa: @LePrenoms: Kenza c'est le prnom des meuf qui cour driere le bus mais elle le rate apres elle marche @mehdi57190 ptdrrrr t'es un gamin!!
RT @enmodesalvail: MISE  JOUR : On attend des quipes, le quadrilatre au complet au @QDS_MTL n'a pas de courant! Nos invits sont toujours l! #Salvail
RT @greykarev: ma mre est au courant pour la conv elle a parl au tel avec mon pre... il a rigol donc c'est sure ils se foutent de moi lol j'apprcie
RT @harrynutile: si un jour j'suis la crush de quelqu'un tenez moi au courant j'organiserais une crmaillre
RT @harunyahya_fr: Dans le cas o #Ocalan serait libr d'#Imral, il n'aurait pas la #securite de vie. Et il est trs bien au courant de ce #fait.
RT @jdrwbz: @Camille__Mhb ouais a serai trop cool! Je tiens au courant
RT @jjuraver: RT @Conducteur_RER: tre conducteur de train.
RT @julialambert47: Pb d' Einstein  16 ans : peut on voir son reflet en courant  la v de la lumire?,moi  17 ans : puis je mettre 11 marmallosh ds ma bouche?
RT @juliancastanier: Sans les chanes d'infos vous ne seriez pas au courant des 3/4 des choses qui se passent dans le monde! Il a fallut du temps pour avoir des-
RT @katialoveseffy: Par contre si quelqu'un que je connais ( part ma mre qui est au courant) apprend que je tiens ce compte, c'est foutu
RT @mariehrrt: Ya mes frres qui rflchissent  mon cadeau d'anniversaire, mais ils savent pas que je suis au courant qu'ils sont runis aha
RT @marine_ory: Mon pre arrte pas de me rpter que Lea vient a la maison dormir ce soir mais je suis toujours pas au courant mdr
RT @nkaramane: @sulyman94 ok frere toute faon tu me tien au courant
RT @oh_dray: J'suis a cote d'une mama assez age dans le RER. En face de nous t'as un couple qui se roule des patins meme pas honte! Tjrs les memes..
RT @oscarlwsn: Vous tes au courant a fait 1h que j'essaye de montrer  mon pre comment on se sert de la ps3
RT @rbzakenza: Wsh ojd jvois tt le monde courir derrire le bus
RT @sacha_feliciani: @Ripusssy viens en courant vers moi et me dis "elle m'a quitter" en pleurant lol
RT @salamecheterter: @MathildeLMD Facile, dans le ter-ter du quatrevingtzetr on fait 5,5 km... en courant avec les flics derrire wesh
RT @une_unsociable: J'ai canal + gratuit et j'tais mme pas au courant la putain d'sa mre
RT @unedanslafoule: Sentir que le courant passe, que c'est pas des conversations de temps en temps, que a sera une personne qui compte.
RT @xxHumanoid: La seule chose qui me retient  Twitter c'est que j'suis au courant de tout en temps et en heure sur TH. Sinon je crois j'me serai barre
Sa mre la pigeonne. Si Bastien m'aurait fait tout ce qu'il lui a fait et que mon pre tait au courant. Bastien serait mort  cet heure ci
Sans les chanes d'infos vous ne seriez pas au courant des 3/4 des choses qui se passent dans le monde! Il a fallut du temps pour avoir des-
Sans rire l'inconnu du bus c'tait le coup de foudre  sens unique jcrois
Se taper la pluie , faire 1h de bus pour aller rcuprer 3 fiches de cours FAIT
Sentir que le courant passe, que c'est pas des conversations de temps en temps, que a sera une personne qui compte.
Si le courant de la rivire est trop fort, il faut parfois renoncer  laffronter.,Proverbe africain @Citation_Pro #citation
Si mes projet se ralise sa serait trop *-* je vous tien au courant ;)
Si nos mre tais au courant elle devais refuser.
Sinon il y a plein de contrleur dans mon bus  il rcupre l'argent qu'ils ont perdu hier
Talh j'ai quitter la classe en courant parce que je saignais de la bouche Amlie tait morte de rire parce que j'ai gliss dans le couloir
Tfacon oklm je serais un jours c pas un prblm je suis au courant de beaucoup de choses c pas un prblm sa
Toi Tah pote vous vous faites gerer par le mm ga mais vous tes pas au courant
Tout le temps je suis la dernire au courant des histoires
Tout mon bonheur a mon couscous tagine et a emma, mme si encore une fois je suis la dernire au courant
Tu serais au courant de ce qu'il s'est passer l'autre fois tu tomberais de haut, alors me cherche pas merci.
UPDATE On attend des quipes, le quadrilatre au complet n'a pas de courant!!! Tous nos invits sont toujours l!!! #patience #Salvail
Un piton heurt par un tram  la rue de Lausanne: Laccident sest produit ce mardi vers 15h50. La c...  #Genve
Une Duff j'espre ! Moe sers moi une Duff ! @S_Jamet: @CyLange tiens moi au courant on se boira une petite biere
Vexim : Espre atteindre la rentabilit courant 2015
Wesh mon frere coupe ta crete paye ton grec wesh ma grande tej ton mek peigne ta frange ticket de metro au dessus de ta fente #dosseh
Wsh ojd jvois tt le monde courir derrire le bus
Y a des mecs ils t'insultent et partent en courant et aprs ils font les thugs moi jdis ni que ta mre
Y a un courant d'air dans leur train dmort jvais choper une pneumonie vs serez content vs me verrez pu tweeter
Y'a des accidents de voitures et de bus tous les jours
Y'a des bus devant la gare, j'espre qu'ils vont pas annuler mon train
Ya des gens ils font genre ils respirent mal a cause du pic de pollution mais si ils taient pas au courant personne ne se serait plaint ...
a me fait rire de voir les gens courir pour pas louper le bus
a me refait la coupure de courant  cette heure la
adrien aussi il m'a port, mais genre j'ai pas compris bc il est arriv en courant par derrire du coup a m'a fait peur omg
askip je serais sur un gars  jt meme pas au courant moi meme
aujourd'hui j'ai vu le crush de kubs  l'arrt de tram et il m'a parl, du coup Kubra elle est en colre mais MDRRRRR J'AI RIEN FAIT WSH
dans le bus y a un mec qui raconte ses galres de couple  son pote, on dirait une caricature de truc de tl ralit
dans le rer j'vais obliger juju a couter en boucle le pinkprint mdr
demain je vais essayer de pas louper mon bus, ce serait pas mal
en allant  la plage la dernire fois j'ai casser ma carte de bus du coup jsais pas si elle va passer jeudi
en bref j'aurais pu faire 13h-15h30 mais vu que jsuis toujours la dernire au courant
et vers quel heure tous le monde sera au courant ? j'ai rep vers 19h pck avant ya les anges
et vous etes au courant aussi que dans la bible il est dit qu'Eve elle a eu un enfant avec son frere :)
heureusement que ma mre m'a dit qu'il fallait que je parte j'allais loupe le bus
j'ai du courir derrire mon bus ptnn il tait partit ce con
j'ai une pote elle dort chez moi la et ma mre est dans la pice d'a ct, elle est mm pas au courant, demain elle devra se cacher mdrrr cho
j'coutais Jubel dans le RER toute  l'heure tu t'souviens pas ?
j'espre que demain jvais pas encore courir aprs le bus
j'suis dans la merde pour les grandes vacances rodange supprime les trains et bus vers Lux ville psq qui font des travaux  partir de juin
j'suis toujours la dernire au courant
j'v dire a ma mere que j'v pas en cour bc ya pas d'bus mais elle va m'niquer ptdrr
je comprend pas qd le matin  7h30 je vois des gens courir au ter alors que je comate encore dans le bus
je sens que demain a va tre bien galre pour rcuprer mon ticket de bus
la dernire fois dans le tram j'entends "jlai bien bais samedi cette sale petite pute" et aprs ils ont numrs tt leurs coups
la j'ai envie que le rer d'un coup il s'envole et on vole dans les airs
le bail o elles partent en courant du taxi, oblig je le ferai une fois dans ma vie
ma mre elle est pas au courant que j'ai louper mon tis ce matin donc je fais tout pour l'viter dans la maison mdrr
ma mre elle est plus au courant des dramas des od que moi
ma mre est au courant pour la conv elle a parl au tel avec mon pre... il a rigol donc c'est sure ils se foutent de moi lol j'apprcie
ma sur elle loupe son rveil donc son bus 1x/semaine et ma mere elle dit jamais rien bah wsh
mdrrrrrr mme ma grand mre est au courant pour zayn svp elle vient de m'en parler j'ai rien compris  ma vie
mon frere a loup le bus du coup vu que g pas mes cles j'attends ds le jardin ptn
mon pre est  l'hosto et je suis mme pas au courant
par terre et j'ai galer  tout rcuprer et tout le monde me regardait dans le bus.....
pk ya pas infinite au music bank la ptn je serai alle en courant si yavait exo+infinite+suju mais l jsuis hesitante
plus jamais je prends le bus y'a trop d'accidents
ptn mes deux frres c'est vraiment les pires bouffons mdrrr, ma mre est au courant a cause d'eux
quand tu loupe un tram et qu'il y'en a un juste derrire c'est frais de ouf
si seulement lgv avait loup son bus, il serait peut tre plus beau ..
si un jour j'suis la crush de quelqu'un tenez moi au courant j'organiserais une crmaillre
toujours la dernire au courant
toujours quand j'ai cours le matin je peux jamais dormir tt mais quand j'ai pas cours le sommeil vient en courant vers moi!! TUJOUEAQUOI!
vais pter un cble dans le genre abrutis l c'est hard, il est mme pas au courant de ce qu'il fais dans sa vie genre le mois de son stage
vas y faut que je me bouge sinon je vais louper mon bus et donc louper les cours lol ce serait dommage hein
waw les couples qui s'embrouillent des 8h du mat dans le bus nikez bien vos meres vs soulez ttt lmonde
wwessh c d guediin dans mon bat ! ils ont coup le courant mmdr gt dans lcouloir dun coup plu de lumire g eu ggrv chho !
