"@Amelie_Officiel: Dsole mais elle joue trs mal elle tait au courant depuis le dbut faut arrter !!! #MIF" c clair  fake #MIF
"@JulieCudza: @NasriineM oui  les toilettes vers les salles d'svt" moi je suis dans ce lyce et je suis au courant de rien
"@Ttraxos: "News ! Pour vous tenir au courant !!!":  via @YouTube" vu ra la la pas top bon sinon je fais ma verrire
"Elles sont au courant que ta grand mre est changiste ?"
"Une qute pour reconqurir un royaume et tuer un dragon" nous c'est "Prendre l'Arkenstone et s'enfuir en courant" #TeamThorin #CinqArmes
# | Etre au courant des mares.: Mieux connatre la mare La mare est un mouvement... | @en-
1er #marathon de ma vie, bien videmment celui de Paris !,Et non, pas  cheval, mais en courant ... @parismarathon
1st St : accident at Commerce Pkwy -
@Acidguiz @MyriamTrs ya moyen, jte tiens au courant. ca me fera changer d'air un peu
@Amelie_Officiel: Dsole mais elle joue trs mal elle tait au courant depuis le dbut faut arrter !!! #MIF
@BFMTV pas 1 mot sur les perquisitions effectues chez kader Arif ?? Vs avez reu des ordres de l'Elyse ou vs n'tes pas au courant ?
@B_Roger_Petit @florencedesruol @Europe1 1er secrtaire FH n'tait jamais au courant de rien MDR ! FH est l'homme d souterrains. Grd menteur
@BobLeCentriste Forcment si vous interrogez des gens qui ne sont pas au courant, de cette manire-l, la rponse est logique. 1/2
@BowDownToWalid tiens moi au courant. Ya tata qui vient faut que tu me sauve la, je peux pas rester toute seule, ma mre bosse
@Camille_fk ohhh ptn tu m'as tu! Moi je serai partie en courant
@ChapoFree MDR JE CROYAI TU ME CONNAISSAIS FILS DE PUTE MA MRE EST AU COURANT ET EL T EMMERDE AHAHAH
@Coteanu4Europe les organisations derrire le recours sont compltement au courant de ces implications je pense.
@DarkSnoww_ Oui j'espre aussi!! Ana sera la aussi normalement! Je vous tiens au courant!!
@EGO_ReNo OK on ce tien au courant giella sera pas jalouse ???
@Ers7z @leconardhardeur @paulgeorgel  t'as dtruit mon enfance t'es au courant ?
@GOS_Dioxyde @20Minutes t'es au courant qu'ils vivent mme pas en france les joueurs qui reprsentent "ton quipe" ?
@ImDoxy je reviens srement vers 13h -13h30 le temps que j'attende mon pre. Tiens moi au courant si tu y vas cet aprem
@Inspiritgul @alinspirit3 oh ce serait gnial, merci  vous deux  on se tient au courant ^^
@JMJarre peut - tre un p ' tit peu tt , mais , courant , 2015 , ce sera le 30 me birday de l ' album " Rendez - vous ( 1-6 ) " ,
@JackdEliz @BFMTV @lucile013 oui oui il est au courant! d'ailleurs au parti des sots cialistes il ya bcp de repris de justesse!
@Jackrpgpb2 -une infirmire arrive en courant dans la chambre, paniquant lgrement.- "que se passe-t-il monsieur?"
@KANGIN__Elf @JJuuuuuuh @warnerbrosfr j'espre bien.. Tenez moi au courant si vous ts toujours la et sa change #TeamThorin #CinqArmes
@LPDV_ Bah pour le coup, partir en courant savre tre la seule alternative valable.
@LaPatateBenj tu es au courant que le concert de Gaga du 24 sera retransmis sur Yahoo en streaming live ?
@LauWayne_972: @MrYancy_ pb de train comme dabRER c pas une vie
@Laurel_Nando @a9139f86a09048e eeh laisse colo il est sur courant alternatif comme la plupart des gars la bas d'ailleurs, vous grez quoi ?
@Life_Wild_ Oui tu m'tiens au courant. J'demande  ma mre, j'te tiens au courant aussi.
@LisaMerulla je te redis ok? parce que peut tre du coup je garde les cousines, je te tiens au courant
@LuminariArcanum Poupette ! Je rcupre ma WiiU trs bientt ! Je l'ai prt pour qu'un ami fasse Bayo2 ! Je te tiens au courant :)
@Lyonrail sans tte c'est seulement aprs le passage du train. @TomekTR @Conducteur_RER
@Mallaury_Tes Je vais me coucher que dans 15 min, il sera peut tre passer d'ici la. Je te tiens au courant!
@MauryAlexia Euh je serai toi je signerai pas o_O Je penses que t'es pas au courant de toute l'actualit.
@Megane_Rez_A limite petite prire ce soir pour porter chance et je veut tre au courant le premier
@MiniMirr91 Tu serais dj au courant sinon
@Saling_er mdrr moi aussi je suis pas au courant je t'informe seulement
@SassouRbz d'accord bh tiens moi au courant ! Mais en mme temps faudrait bien le fter ce concours !
@ScridgeOfficiel frero on va regarder sa avec @AyoubM_ pour une date et on te redira :-) ou tu nous tiens au courant quand sa joue pour toi
@Sharon_Bsh "imagine je pte " et aprs c'est moi j'aime ls courant d'air mddddddddr alors que toi tu crer les courant d'air
@ShorenAskani @CaroleQuintaine tout sera upload sur nos channels Youtube on vous tient au courant :)
@Sottize il risque de continuer  t'embter s'il n'est au courant du dsagrment causer par son comportement
@THayleey ouai voila Mais j'espre que je serait au courant quand les places seront en vente et que je sois pas pomm comme maintenant xD
@TimaoYoshi d'accord tqt j'espre que tu kifferas son single  paratre courant 2015
@Tootielovely chui choquer j'tais mme pas au courant mdrrrr vazi si mes stars perdre sa sera ma faute
@ValentinBny tu seras le 1er au courant bb !
@VinceTPS ok!! merci ;) je ntais pas au courant ! j'ai demand car la dernire fois que j'avais tente ma chance j'ai reu une rponse neg!
@_HeyLau Bizarrement, je l'ai pas trouv si dingue...j'ai compris hyper tot qu'elle serait au courant..Il tait bien mais pas ouf je trouve.
@_Sheelley @SoldatKabyle @MaanonRieu tg toi sans nous tu serais pas au courant
@_richkids les bordelais ont toujours t fragiles...mais t'inquieeeeete mme pas, quand jreviens dans la zone t'es la 1re au courant haha!
@addictofrobz Moi j'ai demand et ils ont pas encore reu  Tiens moi au courant pour demain
@alinspirit3 @Inspiritgul ce serait vraiment vraiment trop top! merciiii tiens moi au courant :)
@aureglrd mddddr putain frre si tu serai l t'aurai tait plie je le suis barrer en courant aprs
@bidiwhy bevazy on s'tiens au courant... Pourtant on sera poseyyyyyy!!!!
@bouty_semlali j'ai pleur devant ma mre pour faire genre c'tait pas ma faute et mon pre est pas au courant et heureusement
@breath3dream Euh ... mais on serait dj au courant si c'tait en vente demain XD
@celinethequeen_ yep j'espre aussi hein, la mme j'ai hte, en 2015 j'te tiens au courant de la ville!
@cklch oui ton pre et au courant de tout
@clemsat Ah ou quand mme, surtout reste bien loin des trains aujourd'hui :P @Conducteur_RER
@eLevateXp3 @Dorian_Costanzo ils sont au courant quand mme des cheats qui sont crs sur leur propre jeu. Fin j'espre :/
@eldayia @matcraft38 T'es pas au courant de tout mon petite Eldayia, j'ai lch la page, elle s'est bloque. :rire: :rore: :rure:
@hematome__ oui on fera ca, je tiendrais au courant
@herveresse Dj trs courant au UK, j'en reois pas mal sur ma bote pro.
@hugsfxliam tu me tiens au courant de sa rep mdrrrr
@laeticiaoldm ptdddr tqt tu seras la premire au courant
@laurentgallois @Conducteur_RER Bah au pire une fois que le train est pass elles ne recommenceront pas xD
@melanievra_ Mais si ! Tout le monde sera au courant quand tu finiras ton grand Budapest Hotel au dessin !
@rouxron @dimip2 mais tu serais au courant non ?
@thatfeelhobby mdr  qui te dit que tu sera au courant
@tokiohotel tes-vous au courant qu'en France, la crise & le chmage sevissent srieusement? Mais on y sera tout de mme,pauvres de nous
@xbourguignon @benzonico reu ! Je regarde ca de suite et je te tiens au courant
@yasmeane je ferai de mon mieux pour venir  Rabat. On se tient au courant.
@zoellaRPGUFE -ralentit, et te met sur son dos, et part en courant-
Bien mais faut redescendre sur terre qd mme et arrter de le crier sur tt les toits. Ca pense que personne n'est au courant de leur lien
Bon je reprend la route j'espre tre tenu au courant hein mes followers
Bref c'etais bien nul cette mission! Genre elle tais au courant de rien faut arrter de nous prendre pour des cons  #MIF
Ceux qui lisent ce tweet sont au courant que je les aiment bien ! Sinon il serai pas sur ce compte
Chez Jimmy Kimmel  la fin le petit garon qui retourne vers Harry en courant, les gestes d'Harry c'est trop l'amour.
Comment j'ai Fangirler quand je l'ai regarder j'ai crier ma mre est descendue en courant !  gosh  #NightChangesVideo
Courant Zadi : la dcision de rejoindre l#UNFP sera prise le 20 dcembre.  via @Medias24
D'ailleurs, j'espre que romain est au courant
Dans un couple il doit quand mme avoir un petit mystre, des petits secrets personnels, c'est pas bien qd chacun est au courant de tout
Demain il va sonner je vais faire genre je suis pas au courant ptdrrrr je vais pter un fou rire
Demain j'suis cens dormir chez mon parrain mais mon pre est pas au courant
Dsole mais elle joue trs mal elle tait au courant depuis le dbut faut arrter !!! #MIF
En esprant qu'un patch arrive rapidement en sachant que Bioware est au courant du bug et qu'il ne se reproduise pas sur mon archre.
Enrique Iglesias il est en concert  Paris Bercy ce soir et j'tais mme pas au courant, je vais chialer ma mre la
Fais voir comment il est ? Moundir se saisit de la balise et part en courant vers Denis,#kohlanta
Ha ouai, ya pas grand monde au courant mais je suis entrain de creer un pack de template bannire youtube :)
Hier vers 19h40 une panne d lectricit sur bvd driss slaoui. QUE s est il pass ? Le courant  t rtablie vers 2h du matin ! @lydecweb
Ils prvoient leur soire et tout mais cest moi qui conduis et cest moi la dernire au courant apres ils plaignent que j'veux pas ohhh
J'espre que les franais ont conscience que Federer est bless et qu'il ne peut pas courir ?! Apparemment France 2 n'est pas au courant...
J'vous rappel pour ceux qui ne seraient pas au courant j'ai eu mon permis ( envoy vos seins snap : greggavec2g )
JAIFAILLI ME FAIRE CRASER EN COURANT DERRIRE LE CAR DE DEMI
Je ferai bien en courant le 24,5km
Je serais finalement encore l pour te tenir au courant de ce qui se passe avec le CH!
Je suis au courant de tellement de choses, tu serais surpris.
Je suis sre sans camra Moundir il aurait pris le cylindre et il serait parti en courant
La blonde elle est au courant de tout j'en suis sre
Le Twitter  mon frre c'est trop..... Je suis au courant de tout
Les ducon on repris le courant
MDR moi jlaurai balayer jaurais pris le baton jme serai barrez en courant ahahahha
MT @danyturcotte: Perdre @BIXImontreal serait  contre-courant de tout ce qui se fait dans le monde en transport collectif! @DenisCoderre
Ma meuf sa serai une tagass cme sa j'aurai aim etre au courant ! enfou toi de faire l'amoumou avec une chienne
Ma mre est pas au courant pour mon retard d'hier donc je vais viter de l'tre aujourd'hui.
Ma mre et ma grande soeur elles acceptent rien, elles veulent pas accepter le fait que Clara et ses proches sont au courant de rien #mif
Mais du coup Oliver il est pre et il est mme pas au courant omg
Mauvaises nouvelles sur mauvaises nouvelles, toujours la dernire au courant c'est fou
Mme si ma mre est pas encore au courant, j'ui en weekend moi
Mon frre il me tient au courant des actualits c'est parfait
Mon frre me tiendra au courant de la #CoupeDavis pour le match Tsonga puisque je serais en cours...
Mon pere jms il est au courant dse qui spasse msk ya
Mon pre: "Ah oui c'est vrai, Hunger Games est sorti."[Petit silence].,Ma mre: "Virginie n'est pas arrive en courant. C'est bizarre."
N'hsitez pas  vous abonner  notre chane YOUTUBE pour vous tenir au courant des dernires vidos!!
Notre premier court mtrage est officiellement termin ! Il sera disponible sur YouTube courant dcembre.
Nous sommes cense tre en couple mais je suis la dernire au courant . TCHOU MWEN
On me fera pas croire que Mon Incroyable Fianc c'est rel, genre la fille elle est pas au courant lol
On sera au courant lundi les girls @ClaireRmy
Padam...padam...padam... Il arrive en courant derrire moi,edith piaf - padam padam:  @YouTube araclyla
Par contre j'espre que y aura pas de coupure de courant...
Par contre j'suis degs jai appeler ma mre elle elle dit qu'elle veut pas dire qu'elle tait au courant o_o
Personne n'est au courant que je suis en couple, sauf ma mre qui se doutait de quelque chose..
Pourquoi ce site serait au courant ? Srement bidon (enfin j'espre) #lt
Pourquoi je suis toujours la dernire au courant de tout?
Premires photos FH Gayet,Et si l'infos venait de FH lui mme pour mettre au courant les Franais ?
Qu'est ce que j'aurais rigoler si Moundir il lui aurait dit "fais voir comment c'est fait ?" Et il serait parti en courant avec  #kohlanta
Quand tu passes devant un magasin et que ta mere dit "Tiens, on la cette statue!",Elle est pas au courant qu'on la casse... @CeaumarlaPefra
RT @AdopteUnGibier: J'vous rappel pour ceux qui ne seraient pas au courant j'ai eu mon permis ( envoy vos seins snap : greggavec2g )
RT @AlexaBornard: Demain il va sonner je vais faire genre je suis pas au courant ptdrrrr je vais pter un fou rire
RT @AlexandreCalvez: Je suis le genre de mec  croire que ma lampe est casse alors qu'elle n'est que dbranche. Pas de courant, pas de lumire. Logique.
RT @Amelie_Officiel: Dsole mais elle joue trs mal elle tait au courant depuis le dbut faut arrter !!! #MIF
RT @BlackSpiel: @TimaoYoshi d'accord tqt j'espre que tu kifferas son single  paratre courant 2015
RT @Camillemtk: @Lolilaalol @Amandinee_BN imagine je serais venu en jogging ? Mettais moi au courant du thme bordeeel
RT @CandiceeBaby: Eh les gars qui rap pas vs tes au courant qe vs devenez aussi rare qe les meufs vierges ?
RT @CeQuonVousCache: Le scandale est devenu courant -
RT @Ceralyne: @breath3dream Euh ... mais on serait dj au courant si c'tait en vente demain XD
RT @Conducteur_RER: Auto train?
RT @CtxClaire: "Elles sont au courant que ta grand mre est changiste ?"
RT @EddyDdn: @KANGIN__Elf @JJuuuuuuh @warnerbrosfr j'espre bien.. Tenez moi au courant si vous ts toujours la et sa change #TeamThorin #CinqArmes
RT @Gagateux: @LaPatateBenj tu es au courant que le concert de Gaga du 24 sera retransmis sur Yahoo en streaming live ?
RT @LAURENTvronique: @BFMTV pas 1 mot sur les perquisitions effectues chez kader Arif ?? Vs avez reu des ordres de l'Elyse ou vs n'tes pas au courant ?
RT @LisePier: #Potins #Gags #Gayet courant sur l'autoroute pr demander aux gendarmes de ralentir les photographes
RT @Maarion_10: putaaaaing je suis toujours la dernire au courant dans ce monde
RT @Malick227: Pos devant la boutique di satch wifi rek ak sams ... Courant amoul wadji dafeu am groupee mdrr
RT @MikaMcCandless: J'espre que les franais ont conscience que Federer est bless et qu'il ne peut pas courir ?! Apparemment France 2 n'est pas au courant...
RT @MohamedAlghoul7: @aureglrd mddddr putain frre si tu serai l t'aurai tait plie je le suis barrer en courant aprs
RT @MokhtarE7: Ya que le pre qui baise la mre,les Mc sn mes enfant,,Ya que en mettant tes deux doigt dans la prise que tu restra au courant #Punchline
RT @NatixisAM: Natixis Asset Management ouvre son compte Twitter. Suivez-nous pour tre au courant des dernires actualits #finance et #marchs !
RT @NinonRenouf: @ValentinBny tu seras le 1er au courant bb !
RT @NsL_WarD: @EGO_ReNo OK on ce tien au courant giella sera pas jalouse ???
RT @Oce023Stan: Azealia banks est au courant que Eminem peut mettre fin  sa carrire en une chanson ?
RT @RaGeAlbert:  pour ceux que je considre mes ami(es) pour qui soit aux courant.
RT @Saling_er: Mon mec chante comme ca  mon mariage jme casse en courant j'abandonne le mariage
RT @TahneePuissant: Qu'est ce que j'aurais rigoler si Moundir il lui aurait dit "fais voir comment c'est fait ?" Et il serait parti en courant avec  #kohlanta
RT @TomyChtgn: Ajd 1er test; 1ere question: "le courant lectrique est il dangereux pour l'homme?" oui je suis en 1re..
RT @VeloQuebec: MT @danyturcotte: Perdre @BIXImontreal serait  contre-courant de tout ce qui se fait dans le monde en transport collectif! @DenisCoderre
RT @Wowcyril93: Notre premier court mtrage est officiellement termin ! Il sera disponible sur YouTube courant dcembre.
RT @Zizou33HD: Se soir sur le coup de 22h je ferais un stream pour vour faire gagner un maillot de l'EDF avec @Max_Maillots
RT @_Suikachan: Ma mre est pas au courant pour mon retard d'hier donc je vais viter de l'tre aujourd'hui.
RT @ella_zp: @FotsoFred @Camer_attitud putain de leurs mres les gens se barrent en courant quoi ?! Mais c'est quoi cette plante de fdp !!!
RT @evanovato: @hotsheeran profite, et n'oublie pas, si tu as ta pose, je veux tre la premire au courant.
RT @leboncompte: Premires photos FH Gayet,Et si l'infos venait de FH lui mme pour mettre au courant les Franais ?
RT @spottedstmaur94: @ZakariaLastking ah oui ton frre est au courant pour les bedo ou toujours pas ?
RT @uaewmn: La blonde elle est au courant de tout j'en suis sre
RT @xavou1515: @Amelie_Officiel: Dsole mais elle joue trs mal elle tait au courant depuis le dbut faut arrter !!! #MIF
Russie: Poursuivi par la police, Il provoque un accident et s'enfuit en courant (vido) -
Se soir sur le coup de 22h je ferais un stream pour vour faire gagner un maillot de l'EDF avec @Max_Maillots
Si il serait au courant il me tuerai sal..
Suivez-nous :) pour tre au courant de nos actualits #rtr #ressort #springs #facebook #google+
Toujours la dernire au courant moi c'est pas possible sa mdrr
Toute faon , personne ne sera au courant . La surprise sera meilleure et la revanche aussi . Mfiez-vous de l'eau qui dort
Tu choisis de ne rien raconter de ta vie perso complique au travail et tu dcouvres que tout le monde est au courant grce  ta mre :((((
Une vido en circuit training ! La vido sera disponible dans le courant de la semaine prochaine !
Va vers Le Crateur en marchant, Il viendra vers toi en courant. Subhanallah
Ya que le pre qui baise la mre,les Mc sn mes enfant,,Ya que en mettant tes deux doigt dans la prise que tu restra au courant #Punchline
j'ai fais croire que y' avais mon pere ils sont partis en courant mdrrrrrr
j'espre qutes au courant que les efforts dmon ct c'est terminer avec toi
ma mre venait de me reprendre je l'ai vu traverser la route en courant w/ son manteau dans la main mdrrr il est malade il fait grave froid
mon pre il vient me chercher demain j'tais mme pas au courant carrment
pour ceux que je considre mes ami(es) pour qui soit aux courant.
ptdr t'es au courant que i will waiting you ca veut rien dire?  Ca suffit comme rep ca?
putaaaaing je suis toujours la dernire au courant dans ce monde
vraiment solant j'en n'est marre , mais ma Mere et au courant donc au calm.
