"@1DDailyReport: Voil le projet en anglais pour les gens qui ne serait pas au courant -S "
"@Lara_Marquess: J'suis sure ma mre mme si y'a pas de bus elle va m faire aller a pied en cours "
"Je suis fianc.. Mes parents m'ont organis un mariage arrang mais mon frre n'est pas au courant." 1/2
"Non mais je dois prendre le bus, c'est galre" ouais bah essaie bus-train-tram et on en reparle
"T'es galb comme un cerf-volant, ds qu'il y'a un courant d'air on te retrouve sur un terre trangre,  la pese 23kg et 30cl de sang"
"Vous tes au courant que vous vous dirigez vers les vestiaires des hommes?",
"elle fume? -ah je suis pas au courant" "-elle a un copain? -ah je suis pas au courant"ma mre c'te mytho, elle fait genre je lui cache tout
#Accident sur #N41 vers La Bassee  hauteur de #Illies 1 Bus et un VL. Le Bus stationne dans le giratoire.
#Question #Adobe c'est courant d'intgrer des animations Flash dans Premire ou il existe des alternatives plus mieux bien ?
#RDC: Apart la Loi Electorale, vers fin journee, tous seront au courant de #Faux Diplome du President Kabila. #Telema @ShareThis
''C'est ainsi que nous avanons, barque  contre-courant, sans cesse, ramens vers le pass''
++ Bruno Masure s'nerve en comparant la couv mdiatique de #charliehebdo  celle des attentats du RER (1995) >>
.@Chibromasseur_ bon je tolre qu'on fume dans le RER et que a fasse un putain aqua mais couter gradur en bombe...
2015 1%de la population mondiale possderais la moiti des richesses du monde au courant des prochaines annees frres plus l'on leur laisse
29% j'espre je pourrais pas cout de la musique dans le bus
@11footballclub @LiveActusLigue1 tenez moi au courant quand ya des superfly a se prix la mdr sa serait cool
@5391me @Romain1571 On commence prochainement :), vous serez tenu au courant.
@A_de_St_Germain @MarquisedeSade1 Ils sont au courant qu'ils pissent sur la mre de leur prophte jsus..?
@AfricaPressNews: Un accident de bus tue au moins 25 personnes au ##Zimbabwe  #zw263
@AlanLbon tu sera bientt au courant mon amour tkt pas
@AliceBst coute frre, je prend pas le risque si y a vla la neige encore moins si les bus passent pas
@Aliciamorisset_ Je serais en stage la mere alors je connais pas encore mes horaires ^^ je te tiens au courant
@Aliciia59 Ah non mdrr tu serais partie en courant oui
@AlisonDiJG "Juste derrire toi!" Ils arrivrent en courant. Louis fusilla Lucas du regard.
@Ana2lle ya une diffrence entre les rer et les train
@AnarPanther @anarchommintern Bientt, le courant anarstal sera dpass, trop crdible, presque banal, pour la priode.
@AnissAmel_ Elle ne sera jamais au courant ;)
@AnneMVanMclee c'est clair ! P-e rien vu mais au moins au courant ! ;) putain j'ai cru que j'allais pter un plomb !
@Anne_Gldf La loose nous y'a EDF qui est dans le coin j'espre qu'ils vont pa nous la couper.
@Asso_usagersidf pourquoi quand le mtro ne bouge pas la RATP annonce qu'il est ralenti ? Ligne 1 colis suspect
@Astrid_hch T'es au courant que la semaine dernire c'tait l'valuation ? Mdrrr t'es totalement duper
@Axel_Gerald_ Mdrrr tu seras decharg et le courant va se couper la bas .
@BEHINDpleasure @MiseducationofL @fallershine @horlya au pire on fait des enchres, a commence  25, battez vous et tenez moi au courant
@Bartmaniaque Pas grave ! Te recre pas de compte pour viter le ban. Je viens de t'envoyer un mail. Tiens moi au courant.
@Bec_De_Banane_ J'ai un confrre la bas Dr L'avatar il pratique la mdecine du courant d'air !
@BerthaultMarion bien sur!. comment tu peux dire que c'est une rumeur quand plus d'une pers. est mise au courant par la pers. concerne?
@BryanJuju Ahahah ce serait grave la classe, je te tiendrai au courant
@CFDiarra @AttiFarkas @NababL @greglef12 @tomfontaine974 on sera la demain :)svp tenez nous au courant si c est annule merci#team aja
@Caro_dbrev ou "you know the struggle" et je pense que c'est galre mais je cherchais un mot plus courant
@CazeneuveMarine il ma dis qu'il n'tais pas au courant et que si il le serais il m'aurais enculer
@CazeneuveMarine mdrrr je demande  mon pre au cas ou il est au courant que je te kiff
@Cerise_Damour Ah bah mon oncle  peine au courant il poste un statut.. Ma mre quand elle m'a appel une demi-heure aprs c'tait trop tard
@Chloe0S Mdr, non mais j'avais 17 ans quand je suis partie en Espagne seule pour la premire fois ^^ (Bon ok elle tait pas au courant ^^)
@Conducteur_RER et de plus ce n'est pas un train
@Conducteur_SNCF @Conducteur_RER Voitures ou trains ?
@Coralie10 oui je pensais m'tre tromp aussi haha, je vous tiens au courant si je reois
@CorinnePerpinya Je ne serai plus jamais au courant de la crme de l'actu des mdias :'(
@CyprienLeroy_ ta un bac blanc ? Mon frre dois pas tre au courant il est partie au cin
@Dieugaichia @Siguaal @asheeeeees vasy bah tenez moi au courant genre entre le 9 et le 15 j'viens 2-3 jours a serait oklm
@Dupont_Antoine tu m'fais rver  chaque de tes tweets t'es au courant ?
@DzMnsh_ tte ma miff d'ici et au bled sont au courant frere donc ftg merci wesh lui et moi sa fait 4 ans on est mari j'sais pas tu veux koi
@DzMnsh_tte ma miff d'ici et au bled sont au courant frere donc ftg merci wesh lui et moi sa fait 4 ans on est mari j'sais pas tu veux koi
@EduBrigante Dans 6h je serais dans un bus edu brigante et dans 6h10 dans un train et dans 8h en histoire mdivale pdt 3h c a la vie ?
@EmileBaba @loic_val presque fini! :) dernire ligne droite. tiendrai au courant!
@Enercoop_SCIC Le crowfunding du Tour Alternatiba est dans sa dernire ligne droite. Un petit #coup2pouce ?
@Erwinn_H j'attends de voir, mais si a continue comme a t'inquite tu seras le premier au courant c'est sur!
@EvickBrown non moi je suis la plus belle du monde j'en ai rien  faire mme quand je cours derrire mon bus chu bel
@FRSkyRRoZ salut j'aimerait bien quond face connaissance entre youtubeur sa serait sympa mes j'suis sur 360 alors tiens moi au courant
@FestinsTraiteur @sinhuna @AlisonYouknow avez vous dj envoyer les lots? moi j'ai rien reu? merci de me tenir au courant
@GCatudal La dernire saison n'est pas encore offerte au #clubillico. Merci de nous suivre pour tre tenu au courant des nouveauts.
@Gamego28 Bah quand tu seras sur le jeu tiens moi au courant je suis co de 13h a 21h ^^
@GuillaumeB_03_ J'espre pour toi qu't'en auras ;) moi perso j'en ai eu, du coup pas de bus, donc pas cours :P
@Hanse_Guillaume et si LPJ n'avait pas diffus cet interview quasiment personne ne serai au courant...
@HardCrewVal @Medghard je suis au courant merci ! Mais une fois que t'es potes avec des gens qui qualifient mon pre de "bougnoul" et que
@HarryStylesEHC Un peu malade mais ca va de mieux en mieux , si c tait quelque chose de grave vous seriez au courant *souris*
@HediMurfy Oh t'es pas au courant, tu vas rire
@Heloise_Dlt m'en bas les couilles ma mre nous a ramener et du coup on a pas pris le bus
@IDeviza T'es au courant qu'avec ce nounours, tu peux grer 92 % des filles sur cette terre ?
@Idntknw_ ok thxs ! Et euh dsole de t'embter, mais d'autres dates sont sorties ou pas du coup ? Ici je suis plus trop au courant...
@Ilanprocacc on vera jte tient au courant BG
@Incrxvable GROS JSS VENU EN COURANT VERS TOI TU M'A POUSSER DU CT PR ALLER VOIR PEREZ
@InesPerrey une prof d'esp mais on sera mis au courant demain
@InesSpitz merdeee :o suit le compte people conv, tu auras leurs actualit et si jamais ils en font une autre tu seras au courant
@Ines_blgr mais ma mre est au courant c'est elle elle panique elle ma dit azy j'vai toujours surveiller que tu en as itout
@IreneBiboum: Ma mere elle m'a appel jsuis arrive en courant, elle m'a dit ah nan en fait je sais plus...,Aucun respect cimer
@JulieMuse merci ! Si vous vous inscrivez  la newsletter vous serez tenue au courant des codes promos
@KMartenon merci beaucoup. Je vous ferai une proposition alors. Je vous tiens au courant.
@KateRPGCC -carquille les yeux- Vous vous mariez? J'tais pas au courant, je me serais mieux habill. -me redresse-
@Kendji_Tigrou La galre.. Si je capte internet j'essayerai de te tenir au courant du monde qui ya mais je vais pas y tre trs tot non plus
@Keynn_S4 Je suis sur Paris du 26 fvrier au 1er Mars ! Tiens au courant (surtout que je cherche un endroit o dormir le 26 en fait xD)
@Khagnine *prend une hache* *arrive en courant* *te met la misre et en fait un bon gros kebab*
@KillianALaRadio oh non normalement demain a remarche si a marche tu sera le 1 au courant promis
@LEEZY_Swiftie @CatLadyOfFrance @WreckThisSwift J'aimerais qu'on refasse un truc du genre parce que j'tais pas au courant !
@LE_SARRASIN pardon qui tait au courant de ton existence l'anne dernire ?
@LEchappeBleue @mariettescalier Suis pas sre que les touristes trangers soient au courant de l'actualit pol franaise et demandent carte
@Lamareauxmots @balledesexisme ce sera la 3eme edition et oui avec plaisir pr vs tenir au courant !
@LePeriscopeTour ah je n'tais pas au courant  j'espre qu'ils passeront ...
@LiloCabannes et qui sera le premier au courant ?
@Linkette_ Rien du tout justement, j'arrtes pas de rire aux blagues de merde de Milla x) Mais j'ai pas pu lire le TL j'suis pas au courant-
@LittleDaewoo Ah OK ! Je serais en Belgique demain soir mais tu me tiens au courant par texto
@LouisOlczyk ma mre est mme pas au courant de la runion
@LozeRER @RER_B Moi j'ai eu des problmes a antony, quai bond, train attendu plus d'un quart d'heure, pas pt rentrer dedans :(
@MZaaab tu me tiens au courant gros, tu te fais oprer o ?
@MalOujOw oui car je me demande bien quand je serais au courant lol
@MaliaH_RPGTW Et les embrassades? *rire* Enfin bon,j'ne suis pas ton pre. Tu y tais au courant que tu tais sa fille, j'espre?*
@MaliaH_RPGTW J'ai entendu que tu sortais avec c'est tout. *rire* Peter n'est pas au courant que tu es sa fille.J'espre que tu y tais toi?
@ManuellaSpencer Ne t'inquites pas, je ferai aussi mon don en juillet :) j'essaie juste de mettre les gens au courant en avance.
@Marie_ers tes la seul qui est pas au courant je remarque mdr
@MartinFayulu courage honorable le monde est au courant et les gens sont nombreux font jonction vers le palais du peuple
@MelvilClarico mdrrr t es a l avant du train ? J arrive moi aussi jsuis dans ce Rer
@Minbbobbo je te tiens au courant je te donne ma rep demain! ;-)
@MrBenitto60 @Weeeedyyyy Peut tre, vous serez les premiers au courant ;)
@NinoushSA @Yasmineftm_ mdr nan mais ma mre va me mettre une pression jvai y aller en courant
@Oustelandt oh c'est loin toi ! J'espre que a a t, on se tient au courant alors :)
@PIVMIA AHHHH SA MER Y ME FAUR VRAIMENT UN BON COMPTE SOURCE PCQCHUI JAMAIS AU COURANT DE RIEN BORDEL DSA MERE
@ParoleDeMaire Dans 40ans Beaugency sera la porte de l'Agglo orlanaise via Meung Baule St Ay Chaingy par tram train...
@PaulineAlbouy Y'a du nouveau qui arrive bientt, tu seras la premire au courant videmment
@PauloBchr tu sera le premier  etre au courant
@Quentinsyz Tqt frre a va aller je te tiens  courant
@R0YALTYLAWLEY ahaha ben perso je prfre au yeux verts c'est moins courant
@RER_B IVAD indique que l'itinraire (aiguillage) est fait pour son train, mais aucunement l'autorisation dpart d'un train ou sa vitesse.
@RER_B la chance ;) j'ai du laisser passer 2 trains avant de pouvoir monter #compressDansLeB
@RER_B la vitesse du train dpend indication signal espacement et manuvre et TIV (tableau indicateur vtesse) et non l'IVAD.
@Remi_Lonosa Je ne connais pas ce @ArnaudMesange, mais il a l'air connu. Je suis toujours le dernier au courant de toute faon. C'est qui?
@Riri1905 @iNK_Freoss ouais c sr que l personne n'est au courant
@Riri1905 en gros tu termine la mission et @iNK_Freoss ne sera au courant de rien #maki  ^^
@SChatelier @ijsbrg @jossandjohn si a avait t une cote bretonne par exemple tous le monde serait au courant...
@Seforadkr Oua pas mal ! Je serai content d'apprendre que tu aies russi ! Tu me tiendra au courant j'espre
@ShowLeMatin le gars de la regie est parti demander la video a Bruce Toussaint en courant ! (elle est passe tt a l'heure sur itele)
@SirBobLucas Tqt je vais te localiser et partir en courant ! Puis le temps que tu crase la premire personne je serais en Alaska !
@Smootheries @debkvetches Ma voisine... et du coup, j'ai rat mon RER... :'(
@Standard_RSCL Bonjour, allez-vous nous tenir au courant via ce compte  propos du match U21 de ce soir ? Remis ou pas ? Cordialement.
@SteveDaSilva93 tu veux je cache ton corps dans le rer d mdrr
@TheoGordy @D8TV j'espre mon bus il va se dpcher demain je veux pas louper 1 seconde de l'mission !!!
@ThibaultMrKuro J'espre pour toi et que tu nous tiendras au courant aussi.
@Ti_nounou J'espre. Je te tiens au courant...
@Trmn_U tu seras le premier au courant tqt
@Vabibi un fantme ? Bien sre qu'ils sont au courant que a blesse les gens c'est juste pas leur problme . Ils en jouent de cette lacit
@Warren_Nemesis: Les chauffeur de bus qui s'prenne pour des contrleur comment i rendent vert a mre explik ns ta coupe avant ?
@_KillYourMind_ parles en avec ta mre marinette dj au moins qu'elle soit au courant elle.
@_PLLNews @shaymorrw normalement si il tait au courant sinon les filles de RE n'aurait pas dit que la date correspondait vu qu'elles -
@___Charlootte mon pre est toujours pas au courant mdr
@_brunodd perso ce matin j'ai rat mon bus du coup jvais pas en cours lol y'a du level en matire de thug c'matin moi jdis
@alorsjustement merci pour l'invitation, j'tais pas au courant, mais a va tre och pour ngocier avec ma mre pr qu'elle me laisse y aller
@announna suis moi sur insta tu serais au courant plus tt !
@autour2Toulouse vous seriez au courant de la venue des Foo Fighters  Toulouse le 20 novembre? #FooFightersToulouse
@bearmony @mygustin WSH C ELLE QUI A COMMENCE DEJA MM ELLE EST PAS O COURANT ON EUT PAS SMARIER SI ELLE EST EN KIFFE SUR MON FRER
@brocoline pourquoi est ce que je suis toujours la dernire au courant?
@carowce J'espre que les gens sont au courant qu'elle a pas obtenu une WC pour rien, par pure gnrosit. C'est parce qu'elle l'a mrite.
@celiaafdl je sais pas y'a pas encore d'infos a sera courant mars 2015
@charlesmaurras C'est compltement nul , il a juste t tenu au courant !  Aucune comptence en la matire
@cletus0297 *Elle dtourne le dos et s'en va en courant* *VK s'avance vers toi et te tape l'paule* VK: C'est une raction normal -
@dannijeanlouis oui ca je suis au courant a propos de ,leila,le pauvre comment il va faire qd elle sera au Liban
@darklouisrpg Parce que t'tais un petit lionceau en colre. Je suis au courant. Parat que tu t'es bien dbattu.
@deadpunk14 Super, j'espre pour toi. Je vais me tenir au courant en regardant tes tweets, je croise les doigts :-)
@demetriauregui ta sur je prends plus le bus, je le mets dans mon sac de cours diiiiirect ! Fais frre fais jte regarde
@fannydegliame il va se barrer en courant avec ton rire de chvre
@fluorescentbabe @foreverblck @trumandeaIy d'acc!! c'est gentil! jvais convaincre ma mre tqt jte tiens au courant
@frozzik59 T'est au courant que c'est pour toi frre
@genika2000 @silversurferx77 je ne suis pas au courant toute manire on me cache tout on me dit rien !
@httpsapolline @stellanvsnhllz tu seras la 1er au courant bien sre pour organiser tout a
@ifucklifford c'est sur mais bon j'veux pas que mes parents soient au courant quoi j'me ferais bien tuer la
@illumina_K D'accord tu me tiendra au courant comme a je serais sur d'tre la ! :P
@its__mely vers Saint Denis ? Ils ont coup le courant
@itsvlice ta mre elle est courant que tu parles comme sa?
@jollyanna20 @dannygiguere @KapWeL mon pre faisait ca quand il travaillait  Manic 3. Le courant etait gratis, un fou dans une poche ts :)
@khanamirian1 @guibosiris c'est facile de lire le courant mais plus compliqu de le comprendre c'est remplit de mystre
@kvictorchery Il n'y a pas de #EnrouteJPR cette anne, ce sera l'an prochain ;) On vous tient au courant!
@la_fee_du_RER coute le podcast que tu as mis en favori (le grain  moudre) : c'est saisissant.
@la_fee_du_RER et aussi aller relire ou rcouter des trucs d'avant, qui prennent un relief vraiment particulier maintenant.
@littlekoalageek Je viens de rater mon bus. Donc rater mon train. Je serai en retard
@loops on se tient au courant, a serait cool de se faire un truc avec les anges ^__^
@lougdunums mel bien reu merci :) on se tient au courant pour la journe ;)
@loulou1710 oui, on vous tient au courant apres le 1er fvrier, mais vous n'aurez qu'une semaine pour la faire l
@lpenou @TanxGfx ouh pitaing, les photos de mon frre et moi  poil courant dans l'herbe, vite, bruler !
@lydiaamartinrp -sens qu'il se transforme bc la colre et pars en courant-
@m_sulee Bahaha j'aime bien le bus c'est pour a :') ! Avec le train je serais arriv depuis 30min je pense mais je serais dans un bad mood
@medialterite d'accord , j'espre tre tenu au courant ;) et il me tarde de dcouvrir la suite :)
@milkovicharrys oui a c'est moins sre mais oui on ma dj mis au courant
@mouss_bourma non pas du tt, je sais que je pourrais jms changer a mais vu que la personne ne sera jms au courant c'est trql
@myRooooooo tu vera dans 5 ans harriche et bougherra dans le bus de l'eqipe national dans les rues d'alger porter la coupe du monde e tt
@nashounet @Bloud_ mme la voix mystre ne semble pas au courant de ce sobriquet lol ^^
@neness99 mdr non je serais au courant sinon
@ohmyolicity Oui j'espre !!!! Bon allez, je v regarder AoS. Je te fais de grosses bises, je te tiens au courant quand j'arrive au 2x10
@perfext_smile @Docs_Martens Ce serait dommage que tu ne sois pas au courant !
@philharmonie @BayleLaurent Passl'age courrir 23hds couloirsmtro,RER,train, eventu/bus et rentrer  +de24h! Pleyel parking gratuit dsrue!
@poseyidxn tu pourras me tenir au courant quand t'auras un lien stp? C'est galre
@psrodezonet2015 Bonjour et Merci pour l'ajout,  sera mise  jours au courant du printemps
@remi_ljn j'ai loup mon bus je viens a midi
@rez0 @Iletaitunepub Super, comme a les faussaires sont au courant ;-)
@ritavowlk yaaaass! En tt cas tiens-moi au courant pour la raction de ta mre eheh
@rueducommerce On est cens me rappeler puisque la personne de ce midi n'tait au courant de rien. J'espre que a sera aujourd'hui.
@shamal_wow tu seras vite mis au courant
@sqaaaZ je t'ai dis y'a un rer pour chez moi et 10mn de train fr t'as cru en 10mn de train dans mon bled paum t'allais te faire controler?
@thetallsheep bah oui t inquite donc pas tu seras la premire au courant !
@tncamille la prof et mme pas au courant qu'elle reprend a 12h sa se trouve elle sera pas la
@tobias_rpgdiv *dambule dans les couloirs en courant, se dirige vers un vieux bar au coeur de la fosse*
@tulippe02 C'est un moindre mal car beaucoup de trains sont bloqus en ligne depuis 12h40  @Conducteur_RER
@uniquelybiebz tu serais surprise.. moi je suis au courant
@weedwithniall @wildlyoung tu ferais fuir une flammenkuch en courant qu'est-ce que tu parles toi
@zaraprassinot on espre bien tre tenus au courant:) #boncouragepourlasuite #eliseajamaisdansnoscoeurs #laproductionpourrariencontreca
A nocib ya une panne de courant depuis ce matin,On bosse sans lumires ni chauffage . On est l avec nos manteaux charpes et tout ..
Afrique australe - Un accident de bus tue au moins 25 personnes au Zimbabwe...
Ah oui quand mme #SaintDenis RT @Conducteur_RER  la demande des pompiers coupure d'alimentation lectrique en cours
Ah, j'ai aussi rv qu'un esprit malfique style Annabelle avait tu ma mre et mon chat, j'suis partie en courant de chez moi en pyjama pr-
Aparament kalottlyrikal beug grave!!,Dans le courant de la semaine la "G'YOO WORLD MIXTAPE" sera en misent en...
Arrter avec vos "putain t'es yeux sont vert :o " oui je sais qu'ils sont vert maintenant c'est mes yeux quand mme je suis au courant ...
Askip j'ai bac blanc de toutes les matires gnral la semaine prochaine.. Je suis jamais au courant..
Aujourd'hui l'excuse du RER A c'tait accident entre Nation et GDL . Ils ont toujours des problmes ses fils de pute
Aujourd'hui, j'ai eu un accident avec le bus
Avec la neige c'est mort je bouge pas c'est sre les bus vont me mettre une douille et je parle mme pas des trains
Bon all ma belle mre change de box on tait mme pas au courant... Pas de play pendant 1 semaine...
Bon ma mere est au courant en fait :)
Bon si mon lyce a appel mon pre ,je lui dirais ce soir pcq je suis pas all mais ma mre est au courant trql
Bon train D de 7h15 annul... Vive la correspondance avec le RER C pour que je sois a l'heure XD
Bon.. Pour le moment, j'ai pas l'accs, j'ai pas de nouvelle.. Donc, je sais pas du tout quand a se fera, je vous tiens au courant.
C l'anniversaire  ma mre j t mm pas au courant
C'est la fte sur le RER A ce soir !!!,Chaque train ressemble au bus discothque, l'ambiance en moins.
C'est qui la dernire bouffonne qui n'est au courant de rien
Ca c'est un truc qui me choque  chaque fois, a se prend pour Beyonc sur Twitter mais ca prend le RER B tt les matins pr aller en cours LT
Ca fait 3 fois que je me retrouve derrire le couple relou dans le bus la mdr
Ca m'fait rire tlm dit qu'il se passe encore quelque chose entre mon ex et moi mais bizarrement on est les seuls  ne pas tre au courant
Ce matin mon bus tombe en panne, un autre passe et je le loupe mais ma mre m'emmne. La semaine commence bien...
Clem - saison 5 - pisode 1 ne sera pas diffus le 2 fvrier 2015 sur TF1. Je vous tient au courant des que j'ai plus d'infos! Cra
Comme a l'infirmire est au courant que a dave-b
Comment le gars il forc le bus il a dj dmarr et lui il cour pour ensuite taper sur la porte derrire, jt'ai offff sahbi
Concours blanc cette semaine premire nouvelle j'tais pas au courant, sale semaine qui s'annonce
Continuer un cours malgr une panne de courant gnralise,  la lumire des crans d'ordinateurs portables. , masochisme de droit...
Coupure de courant.. Je repasse ma chemise comment?
Courir pour avoir mon bus, a je ne m'y ferai jamais
Cte  cte  contre-courant,,J'ai envie d'aller vers ton unique univers
D'aprs ma logique, pas de bus: pas de cours. Ma mre pense pas pareil.
DITION SPCIALE - Cela fait dornavant 1 semaine complte que je n'ai pas eu de coupure de courant, une premire depuis le 3 dcembre 2014
Dans le bus, quand y'a des gens derrire moi, j'ai toujours peur qu'il me coupe les cheveux je vous jure.
Dans qques jours smb est au courant, le compte sera supprimer et la personne piste
Demain il faut qu'il se passe un miracle du style j'ai un accident de bus je suis en tat de choc et du coup je fais pas le ds de maths mdr
Demain y'a du verglas inshallah le bus il a un accident
Des politiciens se rendent  un congrs en bus et ont un grave accident dans le champs d'un fermier.,Ce dernier...
Donc demain  St Aspais, de 9  16h, coupure de courant ! Ni chauffage ni lumire. Ah bah a vaaaa, c'est vrai qu'on y passe pas la journe!
Donc stop dire de la merde, et quand vous serez au courant de ce qui se passe vraiment vous direz tous la mme chose ;) 2/2
Ds le matin je me met  courir derrire le bus,j'aime pas aaaa A.
Ds qui a un truc dans ma vie ou quoi toujours Sofia elle est au courant en premire mdrr
Du coup ce midi j'ai repris le bus comme ca c'est pratique
Du coup il tait vner il ralait de pas pouvoir etre en face de ses potes, je m'en bat les couilles j'ai besoin de mon espace dans le bus
En courant derrire ce putain de bus mon portable est tomb et bien-sr il est cass
En passant, notre #podcast bilan 2014 sera en ligne dans le courant de la semaine ! :-)
En plus ce matin je voulais l'viter y vient vers moi en courant bordel , il a des yeux partout
En plus sa pu sa mre le soir je doit courir pour prendre le bus et pas rentr a 19h !
Enfaite je suis surveill au lyce mon frre il est au courant de tous avec ses potes putain !!
Enft ils m'on pouss d'un bus pour apres courir derrire ce mme bus pour l'avoir  l'arrt d'aprs
Et j'ai loup mon arrt de tram j'ai le seum svre
Et voila @GestioncraftDev fonctionne :p Vous serez donc au courant de ce qui arrive bientt :p
Firefox pour iOS, premires bauches: Attendu dans le courant de l
Firefox pour iOS, premires bauches: Attendu dans le courant de l'anne 2015, Firefox pour iOS refait parler ...
Franklin Rd S/B : accident at Commerce Ave -
GLEE a repris et je suis mme pas au courant! #WTFMonday
Go  la gare prendre le RER b #Cours
Heureusement qu'il y'a des filles dans ma classe qui ont des mres profs, au moins quand des profs sont pas l on est au courant
Il aura beau neiger, avoir un ouragan ou une tornade, ma mre me m'amnera en cours quoi qu'il arrive si il y a pas de bus
Il l'a vu ptdrrr moi je serai partie en courant
Il neige j'espre demain mon bus il roule pas comme a jvais pas en cours
Ils ont brl la photo de Sarkozy mdr faudrait peut tre que ces insolents se tiennent au courant sur la politique trangre
Incendie  la gare de Saint Denis plus de trains sur la H ni de rer pour Sarcelles...LOL
J'ai couru super vite en coutant Shaka Ponk. C'est la premire fois depuis longtemps que je suis en avance par rapport au bus !
J'ai eu un accident dans le bus ts tecoute ta musique Ben relaxe et la tu revole dans le banc a ct de toi. Croche
J'ai fallut envoyer un snap a Hugo, il serai parti en courant je l'aurai plus jamais revu
J'ai loup le bus et ma mre a pris la voiture >>
J'ai louper mon bus toute  l'heure et Jean il est rester avec moi jusqu' temps que ma mre arrive, troooop gentil
J'ai pas cours est je suit bloque dans le bus sa mre
J'ai pas ma carte de bus, j'espre qu'il la demande comme sa j'vais pas en cour
J'ai plus de courant mdr je vais pter un plomb
J'ai vu Alexi courir pour aller prendre son bus, c'est a refait mon lundi
J'aime pas les bus je prfre le train j'aime bien tt ce qui est rapide
J'aimerai bien bosser dans le RER mais c'est un coup  ce qu'on me vole mon ordi
J'coute les jeunes parler dans #RER_A bloqu juste avant La Dfense. Ils parlent vite. Dans #OTO, je parle trs vite. Je suis jeune. Voil.
J'crois j'v dire a ma mere que le bus est en retard pour aller en cours a 10h pcq la j'ai vrmt la flemme
J'espre demain je me rveille et y'a vla la neige comme a pas de bus pas de cours
J'espre il va tellement neige que ma chre tendre campagne ne puisse pas accueillir les bus et que les routes ne seront pas praticable
J'espre les bus et les trains vont passer
J'espre qu'il a neig mais j'pense pas sinon on serait au courant
J'espre que demain il y aura pleins de neige car pas de tram et donc je vais pas en cours :DDD
J'espre que demain y aura bcp de neige comme a pas de bus donc pas cours !:)
J'espre que demain yaura 15cm de neige comme a y'a pas de bus, pas bcp de gens en cours, pas contrle d'espagnol
J'espre que j'ai pas loup le bus
J'espre que le bus ne va pas pass j'ai aucune envie d'aller en cour !!!
J'espre y'aura de la neige x1000 comme a y aura plus de bus et j'irai pas en cours
J'me suis casse la gueule dans la cuisine en courant aprs mon frre ptdddddddr
J'ose mme pas rentre et si ma mre et dj au courant j'imagine mme pas sa raction
J'prfre 15 fois rater mon bus que courir comme un trou d'balle de bon matin pour l'avoir
J'suis sure ma mre mme si y'a pas de bus elle va m faire aller a pied en cours
J'tais trop heureuse d'avoir loup le bus j'me suis dit j'vais pas en cours et bh non mon pere a trouver une solution pfffff
J'viens d'apprendre qui avais un contrle de 2h demain en eco, encore la dernire au courant !
Je cour tout le temps aprs l'auto bus. Rare sont les fois que le bus me trouve  mon arrt.
Je cours pas derrire un bus donc c'est pas derrire toi que je vais courir
Je me dirige maintenant vers d'autres projets et je vous promets de vous tenir au courant !
Je ne peux meme pas dire ouais le bus n'est pas passer et pas aller en cours, ma mre va m'amener si y a pas de bus
Je regarde pas assez les infos si y a la guerre en France je le saurai pas je serai la dernire au courant comme pour Charlie hebdo
Je reois de + en + de commentaires sur mes vidos  propos de mes seins.,Vous savez que c'est plutt courant pour une femme d'en avoir ?
Je sors de chez moi, ma mre me crie "cours Forest! Y'a ton bus" jpp ds le matin mdrrrr
Je suis dgote: ma mre voulait venir me chercher mais j'ai pas rpondu assez vite  son message du coup elle m'a dit de prendre le bus
Je suis en mode ralenti je vais louper mon bus
Je suis encore dans le train, mon grand pre attend devant ma porte et le gars d'EDF sera l (normalement) dans 3 minutes.
Je suis la dernire au courant qu'un terroriste c'est jeter sur mon frre avec une machette -' sa fais plaisir.
Je suis sre qu'a Ngousso on a cut le courant ddc
Je vais faire ma sceptique mais Ara n'est soit disant vraiment pas au courant pour la redco du bureau? xD #TPMP
Je vais me refaire brune personne sera au courant ce sera d'un coup du jour au lendemain c'est sur
Je vais peut-tre bouger de mon lit je pars dans 10 minutes et j'ai pas envie de courir aprs mon bus comme la semaine dernire.
Je viens de voir un mec rentrer dans le RER avec une casquette des Blackhawks. *soupir*
Je vous prsente en ce lundi 19 janvier 2015 mon tout nouveau JT pour vous tenir au courant des dernire...
Jrv  la Gard jvois Rer  7 hr 49( j cours  8 hr) si j'allais au bahut on allait pas me laisser rentrer alors j'suis retourner chez oim
Jsuis dans le RER je vais surement tre en retard en cours.
Julie, elle m'appelle quand j'suis dans le bus pour se plaindre. Mais c'que je l'aime awww elle m'a remis un sourire d'un seul coup.
Jviens juste d'ouvrir mon volet jdois tres la dernire au courant mdr
La grand mre qui t'ouvre sa portire dans la gueule quand tu passes en courant #CADEAU
La moiti du chemin est fait.. C'est pas les cours qui me gave en partie c'est les presque 1h de tram sa mre
La prochaine fois jcracherai sur le bus pour qu'il s'arrte vraiment en plus il m'a donn un peu d'espoir il a ralenti aprs l'arrt
La reprise des cours avec le RER C tjrs en retard
La reprise des cours me fout compltement le seum, juste prendre le RER me dmoralise direct
Le RER A ou le RER au ralentit toute la journe
Le RER A si tu monte au dernier wagon sache que tu va sniffer de la beuh et couter du reggae tous le trajet
Le RER E pour avoir ton train c'est la loterie
Le Rer B tjr des blem c'est train ,Panne D'lectricit en plein stade de France tout le Monde a comencer a s'vnere
Le bus de 13h27 il est trop merdique j'espre jvais pas le louper cette fois
Le bus il passe pas ensuite il passe dans s'arrter du coup je rentre chez moi et ma mre me demande de passer l'aspi putain
Le bus qui passe devant mon frre sans s'arrter et moi qui du coup au pas les cls, on peut dire qu'on fait la paire mdr
Le chat a Rachel il fait genre il est gentils il vient vers toi et aprs il ta marave et part en courant !
Le chauffeur du bus a ralenti par ce qu'une beurette traversait, je lui ai dis "azi passe c'est orange" g t lu prsident
Le courant du bl est le signe que la mer prend feu
Le cuisto a chaque fois qu'il me vois il me fait "et pour le 15 de France a sera quoi?" Y m'soule il est pas au courant qu'jsuis tennisman?
Le gouvernement d'#Habib_Essid sera prsent au courant de la semaine prochaine
Le graphne capable de gnrer un courant lectrique en absorbant des photons.@EPFL
Le mec attaque par derrire et fait le ouf mais je l'attend  la sortie il part en courant se batard ! On verra demain !
Le rer d'avant il a eu 13 minutes de retard et vu que je suis arriv pil poil je l'ai pris du coup je suis dj  Tournan
Le voisin du rez-de-chausse est au courant que je vais jouer  Fifia.
Les bus passes , je repr les bus passes donc vous pouvez aller en cours
Les chr tiens sont la lumi re du monde, mais n'oublions pas d' tablir le courant.
Les mecs ils se mettent derrire toi dans le bus avec des coups de genoux dans le sige et et tout et aprs tu reois -
Les vieux couples qui s'gallochent leurs mres dans l'tram au milieu d'tout l'monde j'ai envie d'les mler
MON PRE IL TAIT AVEC MOI DANS LE SALON, IL S'EST BARR EN COURANT QUAND J'AI COMMENC  FANGIRLER MDRRR
Ma mere elle m'a appel jsuis arrive en courant, elle m'a dit ah nan en fait je sais plus...,Aucun respect cimer
Ma mere est au courant la boucle est boucle.
Ma mere qui est d'accord pour me faire sortir avant de cours sois disant pour prendre mon bus plus tot .
Ma mre elle est au courant  Elle est vraiment cool
Ma mre elle m'rveille elle m'dit ouais y'a neig j'tais spcial refaite pis d'un coup elle m'dit nan mais cherche pas les bus ils passent
Ma mre est dj au courant depuis 2 semaines. Et c'est elle qui m'en parle
Ma mre je la tient au courant en lui envoyant des captures d'crans
Ma mre me demande si je fais du sport pour mon rgime, huum disons que courir ds le matin pour le bus et jusqu' la fac c'est fatiguant
Ma mre qui me rveill a 6h30 pour m'obliger a aller chez le mdecin et pas louper mon bus pour les cours
Ma mre qui me sort "t'as un copain? De toute faon si tu en avais un je serais la dernire personne au courant" non juste l'avant dernire
Ma mre tellement au courant de mes horaires qu'elle croit que je vais pas en cours...
Ma mre veut absolument que je travaille, elle envoie mes CV partout et je suis mme pas au courant!
Ma soeur elle es venu me chercher au lyce et mon pre il tait pas au courant du coup il ma attendu  l'arrt de bus longtemps..
Ma sur elle me sort "t'as mre la pute" mais je sais pas si elle est au courant qu'on vient de la mme mre. RT si c'est triste pour elle.
Maintenant il peut se passer n'importe quoi, y aura toujours tout le monde qui sera au courant..
Mais Giovinco il est au courant que il vient de mettre fin  sa carrire en signant en MLS ?
Mddddr jetait dans le bus avec Sidi il ma ds des truck de fou mddddr elle a trop les cop's de mon frre
Mdr c'est bien d'tre au courant de ce qui ce passe dans la "team". Bref je ferai le point une prochaine fois je vais dodo. Night les potes
Mdrrr j'galre, j'vais sur TF eSport et j'vois quoi ?  J'pense qu'il faut les mettre au courant haha
Mdrrrr du coup on avait pcho dans le RER en route dans l'aqua normal
Miskina ma pote elle allait prendre le bus son iPhone il tombe elle le rcupre il est tout cass elle va pr prendre le bus et il se barre
Mme la lettre sera la premire a lui mettre au courant
Moi je vais crer une appli o tu pourras voir o ton bus est, en temps rel. Histoire de savoir s'il est en retard ou si tu l'as loup.
Moi qui cours aprs le bus, le chauffeur redmarre et me fait coucou ... Je sais pas comment je dois le prendre
Mon RER il c'est arrt en pleine voie genre le moteur il est coup y'a un silence de mort
Mon bus il tais pas a l'heure du coup ma mre elle me dit si il est pas la a 7h00 on y vas..ok on part et la on croise quoi ? Le bus
Mon bus viens d'avoir un accident une voiture a foncer dans mon bus
Mon frre est jamais a l'heure a l'arrt de bus du coup j'me caille les miches tous les lundi soirs
Mon frre il revient ce midi au calme : "j'ai pas t en cours le bus tais trop long du coup j'ai geek chez un pote",#12ans #RienNeVaPlus
Mon frre qui me sort "risque de bouchon entre 6h et 9h" je prend le bus en avance pour rien.. Je vais attendre 40 min pour le cours ..
Mon frre y fait tout pour louper son bus mdddr
Mon frre, le seul pas au courant qu'il a neiger mdrrr
Mon pere ma emmener jusqu' l'arrt sinon j'aurai louper le bus !
Mon petit frere habite a 1min en bus de l'cole et genre 2-3min s'il va en courant mais il se leve a 6h et il va a l'cole a 7h30....
Mon petit frre de 11 ans je le rveille parce qu'il a zapper son rveil, il se met a pleurer parce qu'il a peur de loupe le bus ... Bb chat
Mon pre m'amne a l'arrt de bus du coup je peut rester un peu plus sur twitter
Mon ptit frre je le vois arriver dans ma chambre en tenue de sport en courant, il soulve mon lit, fait des pompes
Mon stage c'est tellement des galres faut prendre le train et aprs 40 minute de metro
Monter dans un train qui n'existe pas sur les tableaux d'affichage et dont personne ne connat le terminus : la magie du RER D.
Neige = pas de bus = pas aller en cours = rester dans son lit au chaud En gros j'espre qu'il va bcp neiger cette nuit
Normalement ce qui se passe en ce moment, elle devrait tre la premire au courant mais je sais pas c'est plus pareil..
Nous avons rat le train RT @kwinlambrecht: Ah bon? MT @Telebxlactu: Le RER, ce sera pour 2025  #Bruxelles
OMG Zayn a collabor avec Naughty Boy !!!!!!  Okok jdois tre la dernire au courant...
Ok donc le RER B plus t'es en retard, plus il ralentit c'est a?
Ok j'espre que j'vais pas tre due.. Dsole de pa...  Tu me tiens au courant?,Mais nooon tu ne me dranges ...
Ok, maintenant le thorme des couteurs dans le bus: tu passes plus de temps  les dmler qu' couter de la musique x)
Ok. Ligne H arrte  cause d'un incendie  st Denis. Rer C bloqu  cause d'un problme d'alimentation. Ils refusent que j'aille en cours.
On a failli louper le bus ce soir. On se serait retrouver comme deux clochardes encore.
On est en plus arrive en retard bc avec le verglas le bus roulait doucement + yavait eu un accident de voiture du coup on tait  l'arret
On m'explique pourquoi je suis jamais au courant des avant premire ? Merde.
Ouaaaaa la dernire maj du serveur @serveur_coop ma donn envie de rejouer  #AltisLife! Je pense devenir chauffeur de bus comme en Irl mdrr
Panne de courant en 5me.- Ooooh !Lumire revient.-Aaaah...Re-panne - Ooooh !- En fait les poules d'OSS117 c'est vous !,- Ouiii #Fiers
Panne de courant sur le RER B j'ai bien fait de partir tt !
Perso le bus direct je le prfrerais le soir parce que arriver 30 min avant en cours c'est pas mon dlire!
Plus de 3600 abonns dHydro-Qubec sont toujours privs de courant  Qubec et dans Chaudire-Appalaches #rcqc @hydroquebec
Pour ceux qui ne seraient pas au courant j'ai sortit L'episode 2 de la league >
Pourquoi c'est une fois sortie du bar, dans le RER, que mon corps me dit "J'AI FAIIIIIIM ET JE VEUX PISSEEER" MEC TU POUVAIS LE FAIRE AVANT
Pq je reoit des messages de mon cousin de Paris pour me dire qu'il y a des terroriste  Limoges alors que Limoges mme est pas au courant
Premier jour de reprise depuis que j'tais malade... Et c'est horrible mais le remde c'est: couter @louuuuuane dans le bus!!
Premire au courant
Ptdr j'ai jur chui pas normal, chui ds le bus j'coute pas de semblant mon corps il commence  crer une chorgraphie mdr j'me retient fort
Ptn j'tais sre que j'allais regretter pq je suis dans le bus pour aller faire 2h ptn d'heure de sport et 3h de cours....
Ptn je suis toujours la dernire au courant
Putain je suis bloqu dans le RER ils ont coup l'lctricit vers Saint Denis en plus
Putain mon frre m'a fait louper le bus
Putain y'a un musicien du RER qui ne sait mme pas jouer qui pollue ma musique alors que tt ce que je veux c'est couter Doc Gyneco en paix
Qd j'ai mal  la tte mon pre il me dit "monte la cte en courant et reviens". Bah au dbut jle prenais pr un con mais des fois a marche
Qd j'etais ptit ma mere elle mfaisait croire en courant vite je m'envolerai jpassais mes aprems a courir ds ljardin
RER A,  cause de ce putain de train j'ai visiter le 75, 77, 94, 93 manque plus que le 95 avt d'arriver chez moi
RER E au ralenti j'ai un peu d'espoir
RT @1DDailyReport: Voil le projet en anglais pour les gens qui ne serait pas au courant -S
RT @AidaBmwk: C l'anniversaire  ma mre j t mm pas au courant
RT @AliceMrqt: J'ai vu Alexi courir pour aller prendre son bus, c'est a refait mon lundi
RT @Always__Dreamin: "Je suis fianc.. Mes parents m'ont organis un mariage arrang mais mon frre n'est pas au courant." 1/2
RT @AubinLx: Concours blanc cette semaine premire nouvelle j'tais pas au courant, sale semaine qui s'annonce
RT @BLONDECHA: @Heloise_Dlt m'en bas les couilles ma mre nous a ramener et du coup on a pas pris le bus
RT @BeniBenj: @Warren_Nemesis: Les chauffeur de bus qui s'prenne pour des contrleur comment i rendent vert a mre explik ns ta coupe avant ?
RT @Borges99Daniel: "@Lara_Marquess: J'suis sure ma mre mme si y'a pas de bus elle va m faire aller a pied en cours "
RT @BourahlaCelia: J'espre que le bus ne va pas pass j'ai aucune envie d'aller en cour !!!
RT @BrintetViolette: La grand mre qui t'ouvre sa portire dans la gueule quand tu passes en courant #CADEAU
RT @CIaudeFrancois: RE JE SUIS LA, DSOL DU RETARD J'AVAIS UNE PETITE COUPURE DE COURANT
RT @Camickazz: Mon frre est jamais a l'heure a l'arrt de bus du coup j'me caille les miches tous les lundi soirs
RT @Cecileafonso: @thetallsheep bah oui t inquite donc pas tu seras la premire au courant !
RT @Chibromasseur_: bon je tolre qu'on fume dans le RER et que a fasse un putain aqua mais couter gradur en bombe c intolrable
RT @ChpsFaty: @NinoushSA @Yasmineftm_ mdr nan mais ma mre va me mettre une pression jvai y aller en courant
RT @ClaireLhr: @Erwinn_H j'attends de voir, mais si a continue comme a t'inquite tu seras le premier au courant c'est sur!
RT @ClemenceBereaux: J'ai fallut envoyer un snap a Hugo, il serai parti en courant je l'aurai plus jamais revu
RT @Conducteur_RER: @OlivierRazemon  la demande des pompiers coupure d'alimentation lectrique en cours.
RT @Conducteur_RER: Encore un coup du stagiaire? 1200km par seconde... #fail
RT @Coralie_KF: #TwitterBaiseFacebookCar y'a pas une "dernire heure de connexion"tu peux y tre quand tu veux et personne est au courant si tu tweet pas
RT @Corentinwallart: @Dupont_Antoine tu m'fais rver  chaque de tes tweets t'es au courant ?
RT @DMquotidienHES: Bon.. Pour le moment, j'ai pas l'accs, j'ai pas de nouvelle.. Donc, je sais pas du tout quand a se fera, je vous tiens au courant.
RT @DanniSr8: Je serai encore jeuneLes cheveux tendres en pluieSur la poussire amre,Et courant sur l'asphalte Pasolini
RT @DiaryOfZiall: @poseyidxn tu pourras me tenir au courant quand t'auras un lien stp? C'est galre
RT @Djerba224: Mdr ma daronne quand elle prend la ceinture tout mes frere et soeur part en courant
RT @F_Nevertheless: Pq je reoit des messages de mon cousin de Paris pour me dire qu'il y a des terroriste  Limoges alors que Limoges mme est pas au courant
RT @FaZe_RanbOw: Mdr c'est bien d'tre au courant de ce qui ce passe dans la "team". Bref je ferai le point une prochaine fois je vais dodo. Night les potes
RT @FabienneP38: @Asso_usagersidf pourquoi quand le mtro ne bouge pas la RATP annonce qu'il est ralenti ? Ligne 1 colis suspect
RT @Fakir_Countdown: J'aime pas les bus je prfre le train j'aime bien tt ce qui est rapide
RT @GenevieveProulx: Un accident impliquant un autobus de la STS bloque la circulation coin Bertrand-Fabi et Coombs dans le secteur Rock Forest #Sherbrooke #rces
RT @GingerForce1: Je reois de + en + de commentaires sur mes vidos  propos de mes seins.,Vous savez que c'est plutt courant pour une femme d'en avoir ?
RT @GonnaMarryRock: Je donnerai tout pour tre en cours, avoir une vie normale, rler contre les profs, les bus, les devoirs, les partiels.
RT @HasnaeHasina: Comment le gars il forc le bus il a dj dmarr et lui il cour pour ensuite taper sur la porte derrire, jt'ai offff sahbi
RT @Holkevins: avec le metro le train et le rer j'ai fait master en langue vivante polonais russe roumain serbe
RT @ImTysonEnRage: Pour ceux qui ne seraient pas au courant j'ai sortit L'episode 2 de la league >
RT @JeeDiiii: @Nolan59430 frre t'es au courant de tes score ou pas ?!
RT @Karmax23: Qd j'etais ptit ma mere elle mfaisait croire en courant vite je m'envolerai jpassais mes aprems a courir ds ljardin
RT @Killame9: Ouaaaaa la dernire maj du serveur @serveur_coop ma donn envie de rejouer  #AltisLife! Je pense devenir chauffeur de bus comme en Irl mdrr
RT @Korantun: Le cuisto a chaque fois qu'il me vois il me fait "et pour le 15 de France a sera quoi?" Y m'soule il est pas au courant qu'jsuis tennisman?
RT @LBVK54: Les vieux couples qui s'gallochent leurs mres dans l'tram au milieu d'tout l'monde j'ai envie d'les mler
RT @LardyLouison: ce matin y'a eu in accident  l'arrt de bus
RT @Last_KisSwift: @LEEZY_Swiftie @CatLadyOfFrance @WreckThisSwift J'aimerais qu'on refasse un truc du genre parce que j'tais pas au courant !
RT @LeaMakhoul: @AlgAugus Je n'ai pas de dates prvues pour la France actuellement mais vous serez tous au courant ... Je vous aime aussi
RT @LucieReynaud: En courant derrire ce putain de bus mon portable est tomb et bien-sr il est cass
RT @MA220991: qui court derrire des vrais objectif ici ? pck baiser la plus bonne meuf de twitter, a compte pas, je me demande si vous tes au courant?
RT @MLNcomp1: Ca fait 3 fois que je me retrouve derrire le couple relou dans le bus la mdr
RT @MaczaHoudini958: Le RER A si tu monte au dernier wagon sache que tu va sniffer de la beuh et couter du reggae tous le trajet
RT @Madison_Bear: Ce matin j'ai attendu facile 40 min dans le froid Parceque ces connard ils ont supprime les trains du rer e
RT @Maeva_R_: Trop envie d'couter la boulette de Diams mais mes couteurs sont merdiques donc les gens du tram entendraient tout ce serait honteux
RT @MariaM_Key: @EvickBrown non moi je suis la plus belle du monde j'en ai rien  faire mme quand je cours derrire mon bus chu bel
RT @Megane_campione: " Mgane t'as loup ton bus? " non a m'clate de courir derrire
RT @MikaBoka: Je cours pas derrire un bus donc c'est pas derrire toi que je vais courir
RT @NicoZkn: Voici le 1er extrait de notre mixtape "#HB4U by NICO ZKN x RAYNO", sortie prvu courant 2015 Titre : Nico Zkn x...
RT @OlivierRazemon: Ah oui quand mme #SaintDenis RT @Conducteur_RER  la demande des pompiers coupure d'alimentation lectrique en cours
RT @OnMaApplaudi: Le chauffeur du bus a ralenti par ce qu'une beurette traversait, je lui ai dis azi passe c'est orange, on m'a applaudit, j'ai roul l'bus
RT @OnMaApplaudit: Le chauffeur du bus a ralenti par ce qu'une beurette traversait, je lui ai dis "azi passe c'est orange" on m'a applaudit, j'ai roul l'bus
RT @Orfeothennis: Accident de bus au #Kenya ?Non !,Juste quelques chrtiens massacrs par des musulmans. #islam religion d'amour
RT @Perfection213_: @DzMnsh_ tte ma miff d'ici et au bled sont au courant frere donc ftg merci wesh lui et moi sa fait 4 ans on est mari j'sais pas tu veux koi
RT @Pzulxne: Quand ma mre m'achte des vtements sans que je sois au courant:
RT @QueeenLea: Ma sur elle me sort "t'as mre la pute" mais je sais pas si elle est au courant qu'on vient de la mme mre. RT si c'est triste pour elle.
RT @Quuuentin76: J'ose mme pas rentre et si ma mre et dj au courant j'imagine mme pas sa raction
RT @S22M04: Je reois un appel "C'est bien le secours populaire?" Ah non  moins que je sois pas encore au courant.
RT @STalissa13: Mon petit frere habite a 1min en bus de l'cole et genre 2-3min s'il va en courant mais il se leve a 6h et il va a l'cole a 7h30....
RT @SaiaLePi0u: Pourquoi c'est une fois sortie du bar, dans le RER, que mon corps me dit "J'AI FAIIIIIIM ET JE VEUX PISSEEER" MEC TU POUVAIS LE FAIRE AVANT
RT @SarahBurel1: Moi qui cours aprs le bus, le chauffeur redmarre et me fait coucou ... Je sais pas comment je dois le prendre
RT @SauvalRhizlaine: quand je parle avec quelqu'un est qui dit sa reste entre nous faut pas que t'oublie que Agathe elle seras au courant
RT @SlhTanya: Heureusement qu'il y'a des filles dans ma classe qui ont des mres profs, au moins quand des profs sont pas l on est au courant
RT @South_bulding: vos mres sont au courant quand vous prenez leur perruque pour faire des vines juste pour faire rire des blancs du 27 ?
RT @StefCapela: @IDeviza T'es au courant qu'avec ce nounours, tu peux grer 92 % des filles sur cette terre ?
RT @ToufFresh: Sinon je tien a le signaler si certains ne seraient pas au courant mais l'Algrie a gagn
RT @UcouldBeSmiling: @Astrid_hch T'es au courant que la semaine dernire c'tait l'valuation ? Mdrrr t'es totalement duper
RT @Valou_Carre: @KillianALaRadio oh non normalement demain a remarche si a marche tu sera le 1 au courant promis
RT @Yakvlev: @A_de_St_Germain @MarquisedeSade1 Ils sont au courant qu'ils pissent sur la mre de leur prophte jsus..?
RT @Zerhariel: Perturbations meteorologiques, accidents et incendies : le RER c'est Sim City
RT @amelie_dardenne: J'espre que demain yaura 15cm de neige comme a y'a pas de bus, pas bcp de gens en cours, pas contrle d'espagnol
RT @aymrcb: le chauffeur a ralentit parce qu'une beurette travers,j'lui ai dit c'est orange tu peut passer. tt l'monde m'a applaudi j'ai conduis le bus
RT @cardoso_lisa: @Incrxvable GROS JSS VENU EN COURANT VERS TOI TU M'A POUSSER DU CT PR ALLER VOIR PEREZ
RT @davidistwttng: Monter dans un train qui n'existe pas sur les tableaux d'affichage et dont personne ne connat le terminus : la magie du RER D.
RT @diimslhaaitien: Le Rer B tjr des blem c'est train ,Panne D'lectricit en plein stade de France tout le Monde a comencer a s'vnere
RT @doce_gpto: j'aime bien quand on dit des choses  d'autre personne alors que je devrais tre une des premires au courant
RT @drewftzain: imaginez quelqu'un est obsd par vous, il surveille chacun de vos gestes, et jamais vous serez au courant
RT @fannydelahalle: @Enercoop_SCIC Le crowfunding du Tour Alternatiba est dans sa dernire ligne droite. Un petit #coup2pouce ?
RT @fenarinarsa: C'est la fte sur le RER A ce soir !!!,Chaque train ressemble au bus discothque, l'ambiance en moins.
RT @flawlasss: Les mecs ils se mettent derrire toi dans le bus avec des coups de genoux dans le sige et et tout et aprs tu reois -
RT @frenchmagcults: Shawn vient en France le 1er Mars 2015  Paris si vous savez pas :) !  Je suis au courant merci Je l'ai dj dis
RT @guezelbabou: Le chauffeur du bus a ralenti par ce qu'une beurette traversait, je lui ai dis "azi passe c'est orange" on m'a applaudit, mdrrr
RT @harisaulnaysous: Un moment faut arrter de nager a contre-courant et se retourner
RT @harrywavey: @_lionessking rer quoi ? j'peux te donner des cours 30 le mois c'est rentable ou sinon on peux s'arranger
RT @iKeeyv: Donc stop dire de la merde, et quand vous serez au courant de ce qui se passe vraiment vous direz tous la mme chose ;) 2/2
RT @jolkim4514: @zaraprassinot on espre bien tre tenus au courant:) #boncouragepourlasuite #eliseajamaisdansnoscoeurs #laproductionpourrariencontreca
RT @kamaan_: " partir du 1er fvrier des trains supplmentaires sont mis en circulation sur la ligne C" hallelujah !
RT @kluiickees: Le week-end mme il est pas encore au courant qu'il est entrain de finir . Lui mme pense qu'il est en week-end a passe grave vite frre.
RT @laFilledelaCom: RT si tu as failli te vautrer comme une norme m*rde en sortant du rer parce que t'as pas mind the gap between the train and the platform.
RT @laspic: ++ Bruno Masure s'nerve en comparant la couv mdiatique de #charliehebdo  celle des attentats du RER (1995) >>
RT @lordmwanaintch: 2015 1%de la population mondiale possderais la moiti des richesses du monde au courant des prochaines annees frres plus l'on leur laisse
RT @loreva2103: Le chat a Rachel il fait genre il est gentils il vient vers toi et aprs il ta marave et part en courant !
RT @lucieturcan: @httpsapolline @stellanvsnhllz tu seras la 1er au courant bien sre pour organiser tout a
RT @maellejz: C'est qui la dernire bouffonne qui n'est au courant de rien
RT @margotsilvano: Jsuis sre il est mme pas au courant
RT @moun_i: @RER_B la chance ;) j'ai du laisser passer 2 trains avant de pouvoir monter #compressDansLeB
RT @mratajkowski: j'espre il va bien neiger toute la semaine comme a les bus et les trains ils sont supprims
RT @ocanna_: Taleur dans la capitaine j'avais trop peur que le bus fasse un accident tellement il galrer
RT @prezedu: #RDC: Apart la Loi Electorale, vers fin journee, tous seront au courant de #Faux Diplome du President Kabila. #Telema @ShareThis
RT @sasalecorvais: "Vous tes au courant que vous vous dirigez vers les vestiaires des hommes?",
RT @thrshrboy: Demain il faut qu'il se passe un miracle du style j'ai un accident de bus je suis en tat de choc et du coup je fais pas le ds de maths mdr
RT @wahid_reda: @clararevet donc t'es au courant de la catin qui enchane les bites a JM ? (Dsol du terme mais il faut dire ce qui est quoi) mdrr
RT @weareRTD: @PaulineAlbouy Y'a du nouveau qui arrive bientt, tu seras la premire au courant videmment
RT @zaraprassinot: Je me dirige maintenant vers d'autres projets et je vous promets de vous tenir au courant !
RT@GenevieveProulx: Accident impliquant un autobus de la STS bloque la circulation coin Bertrand-Fabi et Coombs dans le secteur Rock Forest
Rentrer dans une meuf alors que je courais pour prendre le RER : fait
Rer d et b les pires de l'histoire du train
Rmi il a cours le bus pendant au moins 5 minutes il faisait que de le depasser et de repartir tout derrire mddddr
S'entraner ainsi, avec un lever aux aurores etc, sans s'en plaindre, c'pas courant. Les cruches d'anime ont mme tendance  pas bosser...
Sa mre j'ai louper mon arrt de bus.
Sa veut dire quils sont au courant quand jai proposais a Syri de niquer sa mere :D #LRT
Si je commence  louper le bus ds la premire heure de cours du second semestre...
Si ma prof tait l,  cette heure ci je serais en train d'attendre le bus sous la pluie
Si mes parents sont au courant je prfre vous quitter direct
Si y neige je veux juste pas de bus et pas de train, a serait paaaaarfait.
Sinon je tien a le signaler si certains ne seraient pas au courant mais l'Algrie a gagn
Sortir de l'cole. Courir. Rater son RER. Penser qu'on mettra 15' de + pour arriver  la radio. 15' de + avec #UnParfumDHerbeCoupe. Sourire
Super la journe commence bien chui entrain de courir derrire mon chien.. je vais louper mon bus et il pleut !!!
Surtout que le bus arrive vers 40 & j'ai cours  05, j'vais rester toute seule pdt longtemps
T'a des Zanotti mais tu cours derrire le bus.. Comportement
T'haleur j'ai courir derrire le bus damn..
Taleur dans la capitaine j'avais trop peur que le bus fasse un accident tellement il galrer
Tant d'enfants perdus en ce si petit lieu : St. Vincent endeuill par un accident de bus
Tete de ma mere si y a pas de bus demain matin j'cours a oilp dehors mdrrrrrrrrr
Thoriquement je serais toujours en train d'attendre le bus donc c'est pas mal du tout
Tous a l'heure je vois 3 mec partir en courant yavais un rousse derrire eux , concidence? Je ne crois pas mdrr
Tout les trains retards voir supprim sur le RER A. Et il fallait que a arrive aujourd'hui, COMME PAR HASARD
Toute faon si y'avait deja eu une justice dans cette famille je serais au courant. La c'est juste une fausse justice
Trop de-spee pour ces trous du cul j'ralentis avant la ligne d'arrive
Trop envie d'couter la boulette de Diams mais mes couteurs sont merdiques donc les gens du tram entendraient tout ce serait honteux
Tt l'monde mappelle frre ou gros, faut que j'me pose des questions sur mon identit a s'trouve j'm'apelle Patrick j'suis pas au courant
Tu finalises un truc, en courant ... et finalement, on revient sur un point trait depuis 2 mois lors de la 1re runion... mais pas grave..
Un accident impliquant un autobus de la STS bloque la circulation coin Bertrand-Fabi et Coombs dans le secteur Rock Forest #Sherbrooke #rces
Un moment faut arrter de nager a contre-courant et se retourner
Un peu de plus, je louper mon bus et je serai arriver en retard pour le bac blanc
Via MetroPriph'  70 km/h : moins d'accidents, moins de bouchons, moins de bruit,
Voil le projet en anglais pour les gens qui ne serait pas au courant -S
Vous n'avez plus d'excuses pour ne plus tre au courant des dates de reprsentations de "Fille"... Elles sont...
Vs faites qu'esprer que demain il y ait de la neige et que les bus passent ps ms on va tous aller en cours comme ts les jours de notre vdm
Welcome to the jungle, 4me rappel. Je mets mon slip sur ma tte et je cours vers l'arrt de bus en hurlant CHAUFFEUR, SORTEZ MOI DE LA.
Wouaa mais mme Adam il tait au courant jsais mme pas comment a me fais pter des cbles
Y a un renoi il a voulu courir derrire le bus miskine y s'est fait balayer par une meuf
Y'a des gens tu leur parle une fois le courant il passe de ouf mais tu sais pas pourquoi c'tait la premire et tu sais pas si y'aura une2em
Y'a normale un gars qui dans mon bus coute de la techtonik frre
Ya du mieux pcq l'anne dernire j'tais mme pas au courant qu'elles partaient en vacs
Ya pas de courant j'espre q c pour Tte la jrn hein
Ya un couple  l'arrt de bus, ils sont dgueulasse, par piti arrter ce massacre
a aurait t il y a quelques mois j'aurais t la premire au courant.
a fait toujours flipper quand les lumires du RER s'teignent d'un coup..
avec le metro le train et le rer j'ai fait master en langue vivante polonais russe roumain serbe
bon jsuis dgoter que je suis en stage bc si y'aurais pas eu de bus j'serais pas allez en cours
chaque fois que j'coute "infirmire" j'nous revois antho et moi un couteurs chacun sous l'abris-bus de MLK
eh les gens, askip jsuis amoureuse et c'est flagrant... jsuis la dernire au courant mdrrrrrrr. ;;
en vrai jprend mon temps pour esprer de louper mon bus et de dire a ma mre que y'avais pas de bus bc moi jai la poisse jusqu'au bout -
enfin rentr sa mre , RER D de merde ce train c'est vraiment un trou du cul qui le conduit
et merde, la surveillante son mari travaille toujours avec ma mre si tout va bien ce soi il est au courant demain il va le dire a ma mere
imaginez quelqu'un est obsd par vous, il surveille chacun de vos gestes, et jamais vous serez au courant
j'ai faillit louper mon bus heureusement ma soeur a dit au chauffeur de s'arrter bc on voulait monter
j'aime bien quand on dit des choses  d'autre personne alors que je devrais tre une des premires au courant
j'aurais du prendre le premier bus, j'aurais eu le temps de mettre au moins la premire couche de vernis en entier avant le cours d'espagnol
j'espre il va bien neiger toute la semaine comme a les bus et les trains ils sont supprims
j'espre que demain il neige comme a pas de bus et pas cours
je parie qu'il y a des gens qui sont pas au courant pour Xenoblade 3D et qui vont s'achter la version Wii pour 70 balles genre en mars
je vais tre encore en retard vu que j'ai louper le 1er bus
je voulais prendre le train de 10h16 mais j'avais pas envie d'attendre dans le froid donc je suis monte dans le rer  quai comme d'hab
jsuis sre cette nuit jvais rver que demain, il y ait 30 cm de neige, pas de bus ni cours ni de compo, rien que mon lit et moi
jsuis tjrs la dernire au courant moi mdr
ma mere elle me sort "lundi,, mardi on va en normandie tu viens?" jsp si elle est au courant que j'ai cours
ma mre est rentre  trois heure hier. elle est au courant que jme scarf.
ma sur elle m'a dit"t'as vraiment un problme avec patrick bruel"et si elle tait au courant du culte que je lui portais,elle serait choqu
mdrrr mon pre se barre j'tais mm ps au courant
mskna j'ai loup le bus du coup mon pre  chaque fois qu'il voit un bus il dit "PTN C PAS CELUI LA??" genre j'vais le stopper sur la route
omg mon pre il est rentre hier du coup ajd je vais pas a l'cole en bus omg merci
ou sinon la fois ou j'tait en colre et je courant autour d'un table je suis tomber sur le coin de cette table et depuis j'ai une fossette
ouah la terre entire va tre au courant ma gl
ptn mn pre m'a dit que m'a grd mre avait gagn 40000e au pmu y'a un fdp qui lui avait vol son ticket et s'tait barr en courant
putain mon frre il est nul pour me rapporter les petites histoires du collge. Il est au courant de rien.
quand je parle avec quelqu'un est qui dit sa reste entre nous faut pas que t'oublie que Agathe elle seras au courant
slt la gare de st denis a vous dit d'arrter vos conneries d'incendies/colis suspects/accidents j'aimerais bien prendre le rer merci bsx
y'a un mec y'etais a l'arrt bus, le chauffeur a trace il c'est pas arrter y'est pas bien le mec
