" Sinon y'a les couples qui s'embrassent : matin midi soir aprs-midi goter bus train mtro mang toilettes cours douche "
"@Baackp: Demain y a photo de classe, mais y a que moi au courant je vais prvenir personne, comme sa je serais la plus jolieeeee" PTDRRR
"@BarBiie_Feenty: Ok donc js la dernire  tre au courant ..." moi aussi tkt lol
"@fashylolita: @franckshady. D'accord Ne me fais pas trop Attendre Alors !"ok ntkt demain 6h tu seras au courant
"@manifpourtous18: En bus, train, voiture...,centaines de Berruyers st en marche vers Paris!.." Les berrichons :  pied a cheval a vlo ;)
"C'est ainsi que nous avanons. Barque  contre courant. Sans cesse ramen vers le pass."
"C'est la fte des grands-pres" j'tais pas au courant...
"La mre de Fiona appelait la police toutes les semaines pour se tenir au courant des avances et se prsentait en victime JL Boujon #E1midi
"On a fait des haricots verts, car ton pre a dit que tu t'tais mise au rgime". NON MAIS. NON. J'ETAIS PAS AU COURANT.
"Tiens moi au courant de ta dcision" "Ma dcision?" "Si tu continues ta route sans t'arrter ou si tu t'arrtes et tu me prends avec toi"
"Votre train est supprim pour cause de jets de pierres". Le RER D, ce compagnon sr.
#2Weeks2Lose2Kg ok je m'y mets aussi,3 repas pas de grignotage + plus de bus en rentrant des cours + corde a sauter
#Crois une petite fille courant joyeusement avec son ballon et drapeau Manif pour tous et son pere.
#INFO : @Stephane_Rod sera invit au mariage de @JulieCSS8 qui sera clbr dans le courant de dcembre. >> Hte de voir les photos.
#alsace Le Racing sur courant alternatif: Invaincu lors des six premires journes, le RCSA vient  #info
#dimancheconfession j'ai prfr prendre le bus plutt que le train pour l'aroport comme a je repasse devant le Palais des Nations #ONU
(2/2) Qu'est ce que j'irais foutre au paradis, c'est dans le ciel, a doit tre plein de courant d'air. Je serai mieux au chaud en enfer.
- Mon beau pre et ma mre qui partent en courant dans la rue.. Je crois qu'ils ont oubli le pain
- Y aller mais ma mre tait pas au courant elle tait pas la donc fallait quon rentre avant elle et on pensais avoir des bus vers 7h sauf -
-qu'au dernier moment a veut dire j'etais vraiment tout prs d'elle PUTAIN donc j'me taille en courant et jpousse ma mere et l-
1 semaine sans aller en cours c'est la galre jss au courant de rien, j'ai manqu plein de truc
26 d'hors forfait, ma mre est au courant, je vous dis adieu
@AFlorence_ @IsabelleSarahA Oui avec plaisir! On te tiens au courant, a serait cool!
@ALionCalledTheo J'ai mit BFM pour tre un minimum au courant, quand j'ai entendu "500 00" j'ai clat de rire #ManifDeLaHonte
@AguiLyon Ah je serai pas la je crois enfin je te tiens au courant :)
@AllisonRGTW Non.. Enfin remarque, je suis pas sre qu'on me mettrai tout de suite au courant alors peut-tre.
@Aragornfanporn merci je te tiens au courant quand je l'ai reu et donc dediboobs si j'ai bien compris :P
@BahrouneNasri Heureusement que j'suis aussi perche que toi pcq plus d'une ce serai barr en courant  ma place
@Baraninho_ nan mais famille yade babo frre soeur quoi, comment sa y'a pas de gare ? Obliger y'a des bus, trains truc du genre !
@BenKillerx100 merci au moins la jsuis sre que tout monde est au courant de ma nullit
@Bobtoucour Donc Sarko, c com Holl, on peut tt faire derrire son dos, est jamais au courant de rien !
@Booda_NL mdrr si t'arrive  grer tiens moi au courant histoire que j'essaye stp :(
@CagoleDuSud A leur faire prendre l'air  ces dcrbrs... A leur arer la tte vu qu'il n'y a pas de cerveau... a fait courant d'air...
@Conducteur_RER Bellecour cours bien ! (Enfin, tu dois avoir fini) @TommyOrNot2Me
@Darkanale Mais a me saoule trop parce que du coup a donne matire  discuter pour les mecs claqus dans le bus.
@Deloriand Tu ne me fera pas changer d'avis mais merci pour cette discussion ;-),Je suis tout de mme au courant du succs de la licence !!!
@Drizy_CoCo je me serai barr en courant moi ahah
@DylanPereira91 Carlos c'est un bon sa mre il a traverser le terrain en courant il la chopper j'tait k.o
@EBenamram @19ethano MDRRRR  quel boloss j'espre qu'il est passerai moins tes au courant que si tu y vas pas tu passera jamais Zadeck ...
@Edf_Giroud J'ai loup un de ses putain de match de mon frre! 8-0 dont quadrupl de lui!!!!!!! Je suis deg' :'( :'( :'(
@Elemento_Demp Je crois c'est le soir vers 18h voir plus tard je te tiendrai au courant ! a serait cool que tu mattes :(
@ElisaClement_ @BestVine_FR pas besoin d'tre lui rien qu'en courant je meurs de rire
@Elmira_Casa Travailles bien ma belle... Je te tiens au courant pour les dernires news de Julian @Cherazoud
@ElrohirS @Red_Campbell suivez @StatsL1MPG pour tre au courant des groupes et absent au lieux de vous plaindre aprs
@Emeline_Der @MissChlo_e yes!!! De toute faon vous serez les premires au courant!!!
@Enguerrand70 C'est bon ta mre est au courant. Prpare-toi  prendre ultra cher.
@Fanny_Gombet Tkt si il ya quelque chose tu seras tjours au courant Fenouille
@Fionadorable @Perrine_Th Ouii ca serait top! Oui on fait ca alors, enfin quand on est toutes sur on se tiens au courant!
@FranceEnGuerre j'espre que tu es au courant que ces personnes que tu cite ne reprsentent qu'eux meme
@FuturMmeL Nan Kelly jte jure ! Quand j'en serai plus jte tiendrais au courant tkt
@GFD_Facki je sais pas  quel heure je serai l je te tiens au courant en DM
@GarciaClemence Je m'en souviens plus, mais tu avais presque fini la premire la dernire fois que tu m'avais tenu au courant !
@GeorgeousKltz_ Y'a 30 ans on disait a des gamins de divorcs, aujourd'hui c'est super courant, faut arrter les excuses  la con.
@Gleek_D_ Oue elle a dit  son pre c'tait la reprsentation du lyce :") dc il est pas au courant des bulletins et tout
@GomarMT au moins il sera au courant qu'il faut pas !!
@Hirtelin T'en fais pas, je suis au courant depuis longtemps c'est pour a que je les avais retir sur FIFA 14 ;) Merci quand mme :)
@HugoAlliaume @DuBsZ_0ne Et puis tout notre monde tourne autour du principe de complmentarit, le courant va du + vers le -
@HugoBouchekif Moi j'aurais bien aim que tu sois l. Mais t'es au courant que le week-end des vacs y'a 2 soires et j'esp que tu seras l
@IDeviza mais ceux l t'es au courant qu'on va les retrouver frro ? on va leur baiser leur ptites mres
@IdeasLaurea Date officielle : 15 janvier, mais je m'arrterai avant. Courant dcembre j'espre :-)
@Kaamille_Vieira au moins toi des dans ton lit moi je dois attendre le train et aprs le bus sa mre
@Kazalhia OUI COMME CA J'SERAIS DIIIIIREEEEECT AU COURANT
@KelseyRPGLC Tu seras la premire au courant -souris-
@KevinAzodanloo bah il passe  l'assurance mercredi jle reupere jeudi jt tiendrai au courant
@Kid_Robinho mais t'es au courant j'espre que la valeur du joueur elle est ngoci avec l'ancien club rassure moi?
@Le_Darou @CerisierRouge ben t tait pas au courant, TINA qu elle a dit votre gerie tas de chair suivi par Busch vge blair schroeder etc
@Lea__Pinto ah ouais nan ben l y'en aura pas mdrrrr mais genre quand ce sera le bon jour et le bon mois tu me tiens au courant et j't'aide
@Lea_mrquez dans deux semaine je pense qu'on rejouera a Landerneau ! Je te tiendrait au courant! Gre ton match toi!!
@LejolyPJ @fandactu44 @eric_jeanjean @NightlistRTL Peut tre que personne n'tait au courant mais j'ai trouv leur manire de faire bizarre.
@Lillycious_ On rejoint la gare en train, puis  pieds et en bus xD Et c'est notre premire rencontre IRL aussi ahah
@LittleSeaOtter dac :3 j'espre que tu vas nous tenir au courant !! o/ :3
@LizeRPGLW2 *sourit* mais t'inquite pas si il se repasse un truc, s'qui m'tonnerai tu seras la premire au courant
@Lobby_LGBT @christineboutin Je suis sre que mme @JesusOfficiel n'tait pas au courant !
@Mackloofy Bonjour msieur, serez vous en direct de rodilhan aujourd'hui encore pour nous tenir au courant des evenements ? :) Bonne journee
@Maelisjmn mais keski s'passe pk jui tjr la dernire au courant
@Magic_Dream_ a m'a fait plaisir de te parler ! J'espre qu'on se reparlera :) et tiens moi au courant pour ton correspondant d'accord ?
@MaliaBHRP Oui c'est mon frre donc je suis au courant
@MarMousc @Veretl t'es pas au courant des barils de toutes manires
@Marcoslb_95 a marche. De toute faon tu tiens ton frre au courant ;)
@MarineJuliann Pour le moment non. Elle va en crer un certainement. ;-) Elle vous tiens au courant.  #A
@MarionRspd daaq! Tu me tiens au courant mme si je verais
@Maude_Official j'tait choque hier soir quand je suis arrive en courant vers la voiture et que tu m'a dit :" a va Zo  ?"
@MaybeDie_ je ferai en sorte de pouvoir faire les courses demain, je te tiens au courant !
@MegSykes twitter et tout et jetai pas au courant et la ma mere me montre lemail de confirmation et javais envie de pleurer putain XD
@MeganneGrd ouais ce serait bien ! Tiens moi au courant ma belle :)
@Nadalans tu seras la premire que je tiendrai au courant! Promis
@Nando_sGirl PTDRRRRRRR je viens d'avoir l'image de toi courant derrire lui avec ta pince  piler, je pleure de rire
@NrV_XeNoN je verrai sa cette semaine je reois fifa enfin lol je te tien au courant
@OrsucciLea ptdrrrrrrrrrrrrr  aooooo !!! "Vous arrtez sinon le Moulinex tout le monde sera au courant" "Non mais.. j'tais!!!" Mdrrr
@QBesson non j'tais pas au courant mais pour quarteron jai des doutes Ca serais risquer qu'il ce fasse griller comme Ca il aurais plus
@RMyQueen Non ma mre est au courant car je l'ai appeler cet aprem pour lui dire mais c'est mon pre qui me l'a acheter
@RPGarrettTW C'est sur. Parce que l so a continue toute la ville sera au courant.
@Rengatnom commence dj par arrter de louper ton bus, on en reparlera aprs
@RudyC44 @mimiii_x @forum_faceties @KerZadarian ah bah oui cest une ponge et un courant dair cet appart, la facture nergie sera sale
@S2RVNL @leLab_E1 Cela me rappelle qd #Jospin avt pris le RER avc tte une compagnie de CRS pour conclure que tt se passait bien de ce train.
@SamirDagadir Badr Hari t'es au courant que ce serait pas la 1ere fois qu'il payerait un adversaire pour annuler un fight..?
@SarahMkf je ne suis pas au courant de ce genre d'neries...
@Sego_Ow Certes mais c'est la misre niveau train et bus!
@SleazyJenni @_TKMCG_ Lui il va s'en aller en courant au mot shopping je suis sre comme 98% des hommes :')
@SouleymaneNalyd Je demande  voir sa tqt ds que j'aurais goter. Je te tiens au courant
@SportAutoLive a fait 1h que la terre entire est au courant...
@SteadyDamage_ paie moi une bire et j'arrive en courant
@StilinskiRPGBAS *tire, marque et reprends la balle en courant derrire des plots* le capitaine est tout a vous.. Si vous l'attrapez! *ris*
@Stoonepunk pas de soucis, les premires apparitions c'est  partir du moment o ils "rtablissent le courant", avant y'a juste des toiles
@Stupid_fangirls chaud putain je me serai enfuit en courant
@TBGZaaKz @_KKRIIS @Kraaah_ j'vais te taper tu vas partir en courant comme la dernire fois miskine j'te fais faire du sport dit moi merci
@TH_eSport @STuNaSi_ Ouai encore mieux bah tenez nous au courant on sera prsent normalement :)
@Tarba_ si frre,t'es au courant ?
@ThFerrier Vous tes au courant des traits europens?La nation europenne a n'existe pas. J'espre que vous sortirez de votre aveuglement.
@TheVampsBrad t'es au courant que la dernire fois personne a compris ton hashtag ? Mme les anglaises on pas compris
@TheYanReyS @pshfood tu seras mis au courant tkt bg
@Tomlinsyours Es-tu au courant, que si tu es carrment moche avec, on ne peut rien faire pour rcuprer tes cheveux ?
@VinkDaKid Ahhhh bah tiens j'tait pas au courant je vais m'occuper de son cas ft pas t'inquiter
@Xavikyss Je suis a Paris pour l'instant mais si tu rcupres le tien d'ici la, tiens moi au courant. Je croyais qu'on les prenait a Paris.
@Xel_ou @Koliajkova mdr fais pas le mec je serais au courant de tout et j'ai vu le pire d'elle
@YaminaCdit C'est vers o dj Salamanca (j'ai honte), et puis tu fais quoi l bas au fait ? J'tais pas au courant je crois hein
@YoniKawaii a existe dans ce cas oui. Mais ce n'est pas courant. Si a l'tait vous ne seriez pas dans les rues, n'est ce pas ?
@_Allisonrpgtw yess *voix scott partir en courant vers les vestiaire mais ne fait rien*
@_ClementineCD Dernire chose. Ce n'est pas parce-qu'une chose devient courant qu'elle est bonne. Et inversement. Alors si, c'est utile
@_DaphneBM Ah mince, j'espre que a va aller, tiens moi au courant ! Bisous !!
@__TylerBreakerZ et t'es rentrer en courant sans t'arrter aussi ?
@addictoniallx merci :)) j'te tiens au courant de quand sa sera, surement mercredi a 14 heure :))
@al_furqane oui elle fait peur. Blonde hyper oxyde, c'tait courant dans les annes 90, va falloir arrter dounia!
@alexisdebuchy @barbierjules t'aurais du mettre "t'as cambriol chez Albert, t'as vu son pre arriver vener en courant #tacourucommeyael"
@ami89_pharma a sera courant dcembre!
@bgrd_killian Ah jsp si t'tais au courant de la dernire relation comme tu es rarement l mdrr x)
@caroline__perez il faudra que je lui dise mme si je pense qu'elle est deja au courant
@cauetofficiel @NRJhitmusiconly je suis au courant pour liege mais ma mere ne veut pas que j'y aille :(
@cutieflowxr (hors sujet)J'ai entendu une espce de"magouille" chelou de ma mre qui te concernait, Elle veut rien me dire, t'es au courant?
@datxbieber c'est l'ducation de sa mre sa , mais son pre il est pas au courant , il serait au courant , il l'aurait dfoncer de ouf
@dlyobrien Maintenant je serais au courant :)
@dmonniaux Alors l je suis curieux. Quels sont les autres sens de "rcursif" qui seraient encore moins usuel que le plus courant ? @3w1nd
@doloris_vl Il faut bien laisser le bnfice du doute. Ce sera un honneur, j'y serai une journe ou deux. On se tient au courant cher ami.
@drugsxofod ou avec niall liam harry zayn peut importe mais sa sera mieux qu'un chat qui part en courant
@eline_teamtal j'y ae avant du coup je suis arriv vers 18h et a la fin du concert elle etait avec son bus mais elle ne sais pas areter a-
@emiliaRPGSSC bon,tu tais donc la dernire personne au courant *rit lgrement*
@eutite t'es au courant qu'on est les vieux de nos gosses??? Et dis pas qu'on est jeunes dans nos ttes.. C ce que disait ma grand mre...
@ezkurdim21 @Azadi460 jatt la confirmation d'une pers du parti je te tiens au courant
@gladysmernier Bienvenue ! Ds aujourd'hui je serai toujours au courant quant aux films franais... :-) Bonne soire,  bientt !
@hal_droid Ds que j'ai ce qu'il faut, le monde entier sera au courant. :D @Karallon
@jxlxe1 @teenagersmoke @Emxlga putain vous tes toutes au courant sauf moi j'tais a la mer hier !
@lemonde_pol Sarko est parfaitement au courant mais il fera coincer les autres pour rester ligible
@lighhhters bah ma mre elle a dit on y allait bientt donc jte tiens au courant qd j'en sais plus
@maellekms @moumou_ille vas falloir me tenir au courant des shoots qd mme, a serait sympas!!!
@mariontrsn j'espere au mooooins que j'etais la premire au courant ahahah
@masturblake si t'tais pas partie pisser pendant 3h, tu serais au courant
@mediapart l'ump envisage de crer un courant des "mis en examen" et des "ex-condamns" en activit.Pour former un groupe au parlement
@melina_blkd Ah oui t'tais pas au courant toi ! PACES = mort, voil voil, a ne me convenait pas du tout, j'ai prfr arrter :)
@mi1789: @rpr8395 @jjclement37 non, pas pour le moment , je viens regarder tw pour voir si il y a du neufMerci de nous tenir au courant
@nado2412 @lydiab38 @AmelCherrys @RafikBiff @Maliki_Planete @Lakouz78 @Emeel69 @Reda2306 la prochaine je te tiens au courant! Promis!!
@neilferri ben oui ma nice elle vient d'appeler mon pre pour lui souhaiter .. J'tais pas au courant
@niallRPGAH regarde dans les yeux* Sachez que je vous aime Camila *sourit et part en courant vers son pre* *me tourne vers toi choque* +
@olivier_tassel Jessayerai 2 tenir au courant la communaut avec + darticles de ce genre Cest le meilleur moyen pour acclrer les choses
@playleigh Vas y je suis toujours l dernire au courant! Il y a quoi?
@samounne Oh mais c'est gnial a! Tiens moi au courant dac?,Tu ferais quoi exactement?
@sheerhamburger a m'a fait doucement rire quand il m'a dit a, la premire fois... genre sinon t'es au courant que j'suis tout nu l ou???-
@shwnftdrew tu fais rire avec tes indirects et jsuis au courant de tout a pas besoin de me soler pendant 30 ans juste pour un tweet bye
@thatsteIla bah tu reviens genre dans un mois il sera encore l l'carton tu le prends mdr au pire tu le prends tu pars en courant
@tvlofficiel @languebois ralentissement trains/ bus / voitures ! minimis l'ampleur de la MANIF Comme de coutume MAGOUILLES SOCIALISTES
@victoirelamy mais j tais meme pas au courant ! C est ma mre qui nous a fait une surprise!
@viovio_forever @nine750 je te jure je n'en revient pas  bon je compte sur vs pr me tenir au courant quand je serai ds l'avion
@wearhoran mdrrrrrrr a ta place je me serais barre en courant
@wincestly c'est hallucinant srieux  "tu sais qu'ils sont frres hein." AH BOOOON A FAIT NEUF ANS QUE JE SUIS PAS AU COURANT DIS DONC
@yazidMcfunzy JUREEEEE HAHAHA bien jou!!! yep a roule t'es au courant la 2 elle  perdu 6-3 et premire mi temps ils jouaient  10 :(
@yovncmblg moi je dis merci  Tout le monde veut prendre sa place spcial grands-pres parce que j'tais pas au courant mdr
@zaynftbea tu la perdras pas etant donn qu'elle ne sera pas au courant de ce que tu vas me dire
@zouisfears ptdrrrrrrr voui j'espre que a sera juste tiens moi au courant mdrr x
A chaque fois y'a une nouvelle matire en devoir qui ressort et je suis pas au courant
A peine j'arrive  l'appart, j'veux tre au courant des dernires updates, rien  foutre
A tout moment on pourrait tre cras par un bus ou un train. Bon je vois mal ce qu'un train ferait dans ma chambre mais on sait jamais
Ah bientt j'aurai ma gow le seul mec au courant sera yousco
Ahw j'ai russis pas tout rcuprer sur mon PC maintenant je vais le mettre sagement sous un bus
Allah est au courant qu'on dcapite en son nom?,Je me demande si ce ne serait pas un peu le bordel l haut...
Apparemment c'est la fte des grands pres aujourd'hui...je suis la seule  ne pas tre au courant? !
Apparemment c'tait la fte des grands-pres aujourd'hui, j'tais pas au courant
Au courant d'un poste de CTO qui se libre, n'hsitez pas  contacter si vous tes intress pour en savoir plus.
Aux dernires nouvelles je suis pas la bff de matt donc je suis pas au courant kwa
Avec le courant rformiste oui a un plan CUC non a la filiation #Asnieres #LMPT
Avec les meufs on est vraiment au courant de tout dans cette classe, plus comres que nous y a pas je crois! On est un trio machiavlique
Bientt mme Obama il sera au courant de notre voyage horrible  Nantes mdrr
Bientt visible sur YouTube vous serez tenu au courant
Bon ... bonne nuit les gens  la semaine prochaine, je tweeterai sans doute quand je serai en cours, histoire de rester au courant vwala
Bon bh voila mm mon pere est au courant mtn
C'est la fte des grands pres, le mien n'tait mme pas au courant, j'aurai oubli il ne l'aurait mme pas su
C'est la fte des grands-pres. Apparemment a existe depuis 2008. Pourquoi j'tais pas au courant ?
Casillas se prend un coup  terre, il se relve vnre et celui qui lui a mt un coup se barre en courant ! Mdr!!!
Ce matin en courant j'ai perdu les clefs de ma car. Je l'ai dit a ma mre. Elle ma regarder en mode :"Pourquoi j'ai une fille pareille???!"
Ce qui ma le plus tuer c quand Yann il a dit "sa serai parti en couille j'aurai prit Rosie par la main et j'me serai barrer en courant"
Ce qui rare est plaisant mais ce qui est courant perd de sa valeur.
Ce sera rgl dans le courant de la semaine ... Ce n'est pas ce qui tait prvu mais ce sera toujours mieux que rien
Celui qui rame dans le sens du courant fait rire le crocodile
Cette aprs midi nouvelle vido je vous dirai l'heure prcise quand je serai au courant
Comme si c'tait pas prvu, la mre elle tait au courant x) #DavidCarreiraChezMIKL
Coupure de courant sa mre
DEPUIS 12:30 Y'AVAIT UNE COUPURE DE COURANT CHEZ MOI A VIENT DE REVENIR JE REVIS
Dans son discours  la clture de luniversit de rentre de son courant  Boissy-la-Rivire (Essonne), Emmanuel...
Demain je me leve vers 5h15/20 mon metro a 6h10 mon train a 6h30 mon car a 7h15 arriver pr 8h20 a ouais cst presi mdr
Demain petite vido sur call of duty donc tenez vous au courant vers 6 h , 6h30
Dernire vido, disponible dans le courant de laprs midi insha'allah.
Du coup j'ai trimball le mien dans le RER
Du coup j'espre que le chauffeur de bus va me laisser monter demain
Du coup, le retour dans un RER rempli de dfenseurs de leurs "Valeurs" , a fait bizarre #LT
En bus, en train, en voiture...,Plusieurs centaines de Berruyers st en marche vers Paris! @LaManifPourTous @leberry_fr Ni GPA ni Gender
En fait sans vous je serais  peine au courant qu'il y a ce genre de rassemblement, et l du coup vous me cassez les couilles pour rien. #LT
En plus ma mre sait des choses mais elle fait comme si de rien tait mais les pire truc qu'on a subit bah elle est pas au courant
En plus s'il est au courant il va srement encore pter un cble
En plus y a 75% de chances que je me perde dans le rer ou le train
En vrai je dois tout re-raconter  Astrid elle est au courant de rien
Enfin je me vante d'tre gay et je le revendique mais mon pre n'est mme pas au courant :')
Et comme d'habitude, je suis la dernire au courant de tout
Et dans 25h elle sera au courant qu'elle m'attire
Et le bus il a pas intrt  faire le coup de pute qu'il a fait la dernire fois
Et ma mre n'ai mme pas au courant. Je vais me faire tuer moi en rentrant si elle grille
Et pendant ce temps l, le mdecin du FC Porto s'est tal comme une merde en courant vers un joueur et sors en boitant.
Et si ce mec tait blanc? Quelle serait ta raction?  Bah ouais je partirais en courant mdr
Euh, le couple derrire moi dans le bus, je me demande s'ils font pas des trucs " pas faire en public"... :-s
Faire offrir des cadeaux par Edene pour son "pepi" alors qu'Il tait mme pas au courant que c'tait la fte des grands pre hihi
Faon moi si j'sais pas quoi faire aprs le Bac je vais  l'arme ma mre est dj au courant
Faut vraiment que je raconte plein de truc  Catha et ophnouch, c'est elle qui devri tre dans les 1er au courant et elles savent rien..
Genre je l'ai chop au passage j'ai mis boulette dehors j'tais tellement choqu de moi j'ai eu un fou rire en courant jai failli m'touffer
Genre un matin j'vais pour monter dans le bus et mon tlphone il tombe sous le bus.. J'ai du le faire reculer pour le rcuprer mdddr
Grace a Coco qui joue toute les equipes avant moi je suis toujours au courant de leur facon de jouer ca gere ahah
Grace a mon pre toute la famille est au courant maintenant.
Hier en courant j'ai croiser le pre d'Elisa et y m'a taper la discute et il a rigoler avec moi 15 min oklm aprs se que j'ai fait asafille
Il a plu, il y aura beaucoup de courant sa sera dangereux , il faudra que je sois prudent
Ils sont au courant ceux qui participent  la manif pour tous qu'ils sont la rise de la France entire ?
J'ai ajout une vido  une playlist @YouTube- [1080p] Counter-Strike Global Offensive: Ace au 1er round au P250 contre-courant
J'ai commence a 11h marche puis tram puis 1hde train puis 20 minutes voiture puis bus puis marche puis marche puis bus puis ma mre aprs
J'ai hurlez il c'est rveiller et il est parti en courant dans la chambre de mon frre
J'ai quand mme le meilleur chri du monde, parce qu'un gars normal avec ce que mes cousins racontent et mon pre, il ce barre en courant.
J'ai remis de nouvelles musiques sur mon tel aussi, donc les couterais dans le bus demain
J'ai tout prpar mes sacs, demain je prends le bus de 7h25. Au moins je serais  l'appartement bien avant les cours !
J'ai une question : si j'ouvrais un compte ask vs seriez les seuls au courant,donc Me poseriez vous des questions.
J'appelle mon grand pre pour lui souhaiter bonne fte, il n'tait mme pas au courant que c'tait aujourd'hui
J'espre juste que ces connards de chez la JIRAMA ne vont pas nous casser les couilles a couper le courant.
J'espre qu'elle sera pas au courant
J'reois un sms de ma petit La pour me souhaiter une bonne fte, mme pas j'tait au courant c'tait aujourd'hui
J'traine Hard dans Noir Marche dans l'Tram M'dit que la Vie n'sarrtera pas sauf si j'arrte de Chmar... #Punchline
J'veux une maison connect moi, le frigo qui dit ce qu'il reste, teindre le courant avec mon smartphone, grer les volets avec une tablette
Je crois que je vais dsactiver ma bote mail comme a je ne serai pas au courant des devoirs en plus !
Je dis a ma mre que g reu un mini coups de courant la premire chose qu'elle me demande est-ce que mes cheveux etait dresser
Je l'ai vu arriver vers moi trop vite, j'ai cri et j'ss partie en courant, tt l'monde c'foutu d'ma gl j'avais l'seum :( #lt
Je me rappelle l'annonce pour le WWAT, c't un jeudi j'ai simul un mal de crne juste pour tre dans les premires a tre au courant !
Je pense que tu te sauverais en courant devant ce bla...  Dj, je vois pas pourquoi je serais devant ce black ...
Je sais pas ci il es au courant, que faire rire une fille sa peut la faire tombe amoureuse..
Je serais partie en courant
Je suis la seule qui tais pas au courant que la fte des grands pres c'est aujourd'hui ? Petite fille indigne que je suis...
Je suis sortie de ma chambre, je suis alle dans le salon, j'ai vu la lumire, je suis repartie en courant...
Je suis toujours la dernire au courant des nouveauts
Je vais reprendre mon poste de directeur des affaires trangres de la FQA courant de la semaine !
Je veut qu'il y'a une coupure de courant pendant une journe entire , voler plein de truc dans les magasin la
Jsuis malade mais ma mre fait courant d'air dans toute la maison
La France,terre des droits de l'homme,un des seuls pays a possder un courant rvolutionnaire au service de l'enfant,#5oct @LaManifPourTous
La Jeunesse  contre-courant et a donc la casquette  l'envers N'a plus rien dans son compte-courant et transcris sa colre en vers
La dernire fois j'ai dm une chips a une petite la meuf elle ma tema elle a pris la chips elle la bouffer et elle est partit en courant
La dernire fois ont a faillit ratter notre bus! Ont courait comme des malades pour pas le ratter!
La dernire pis dans l'bus j'ai cout Forever young juste aprs y'a eu Steal my girl j'ai cru j'allais faire un arrt
La famille passe et repasse et je suis l seule pas au courant
La prochaine comptition internationale sera le braquage du sicle c'est sr! Bravo @capsule19 @emiliegomis et toute l'EDF #Basketball
La semaine quand je sors du tram y'a tjrs un couple dgueulasse ptn je me dis que je prfre tre seule que comme a
Le 16-17 j'en reois encore une dizaine, je vous tiens au courant ^^
Le fils du pote a mon pre et mdiateur dans le bus et a retrouver ma carte d'identit du coup il me la rapporter
Le metal, le choc des Doc contre le sol, le courant d'air frais accompagn d'un lger brouillard. C'est le moment parfait le matin
Le pire c dans le rer y'a tous les ksos qui viennent te taper la discut alors que t'as juste envie d'couter ta putain de musique
Le real se fera sortir en LDC par une quipe qui va jouer le bus et mettre un but sur coup de pied arrt. Impossible de les battre sinon
Les failles de scurit informatiques sont un problme courant, mais la dernire en date, baptise Shellshock...
Les pauvres,  chaque fois je dois mettre quelqu'un au courant je ne peux pas grer a toute seule :')))))
Les pires rumeurs courant dans la socit corenne  Los Angeles - le dernier endroit vcu, 6 mois? -concernant le pre. Faux.
Likez la page sur FB pour tre au courant des dernires infos du blog : . Merci !
Lou elle est pas au courant encore pour vendredi hahaha. Elle va dlirer je suis sre
Lucas digre trs mal la prsence de Kurzawa, il a pas l'habitude de ne pas passer juste en courant...
MON PETIT FRRE VIENT D'ARRIVER EN COURANT VERS MA MRE AVEC UN CATALOGUE DE NOL C'EST UNE BLAGUE ON EST LE 5OCTOBRE PTN
Ma grand mre me taille depuis le salon depuis cinq minutes. Euh t'es au courant que je t'entends?
Ma mere elle a Fb jetais pas au courant !
Ma mere elle arrive en courant dans ma chambre pour savoir comment on envois un snap chat...
Ma mre j'dois limite l'appeler qd jsuis dans le train,quand j'en sors, qd jsuis dans le tram, qd j'en sors et ensuite qd jsuis  l'appart
Ma mre je sais pas par quel miracle mais elle est au courant de se que je compte faire soir se
Ma mre me demande les horaires du bus pour mon frre et il arrivera un peu en retard et elle me traite mdr
Ma respiration vient de se couper et j'tais sous la douche. Mon frre ma entendu m'touffer il est arriv en courant dans la sdb mdr.
Ma sur et venu vers moi en courant et elle m'a mis son yaourt dans la gueule j'ai cru j'allai la niquer
Maintenant, quand je ferais quelque chose avec une lame, personne sera au courant. Virtuellement et irrel. Je ferrais aucun statue. Honte.
Mais bon avec sa commre de pote, il doit tre dj au courant. Ma foi.
Mdr elle fugue pour faire le Djihd, elle est au courant qu'elle se serait fait tourner dans un centre d'entranement haha
Mdr elle passe et elle repasse devant moi en courant, elle espere trop que je vienne jouer avec elle, pauvre chien
Mdr elle redbarque en courant avec son boule dans le survet
Mdrrr j'tais dans la chambre des bro j'ai entendu mon frre et son pote jsuis partie en courant
Mercredi, vous serez tous au courant de la date d'ouverture du serveur ! :D #Minecraft
Mme Marion est plus au courant des nouvelles de ma famille que mon frre c chooo
Mme quand tu parles  personne et que tu calcules personnes, t'es au courant de la vie des gens  #RegionDeComres
Mme son pre il et au courant de a rputation et c'tait cette anne qu'il s'est rveill waaah
Moi a chaque fois que j'oublie un truck dans un magasin ou dans un bus y a tjrs quelqu'un qui me cours derrire pour me le donner
Moi a me fais rire parce que tout le monde crois que je suis pas au courant, mais je connais toute la vrit. Mais je dis rien. J'ignore.
Moi j'suis sre vous followez plein d'autres Marie mais c'est la vie d'avoir un prnom courant :/
Mon beau-pre qui me sort , "t'as le cul moue, faut se mettre au sport" Merci, comme ci j'tais pas au courant
Mon dieu, ce fou rire avec ma mre :') Au moins maintenant mon pere est au courant donc c'est cool, il a rien dit en plus !
Mon frre a twitter ,man pat mme au courant
Mon frre il me dit '' t'as un truc noir'' oui merci c'est mon piercing j'suis au courant
Mon frre il veux toujours qu'on se bat mais quand je viens le taper il part en courant
Mon nez il coule seul dans le RER  #YaPlusDeRespect
Mon papi tait mme pas au courant que c'tait la fte des grand-pre donc il tait trop heureux que je lui ramne une bouteille de whisky
Mon pre a trouv un serpent dans le garage, j'ai pas bouge, il vois une araigne, me la montre, je me casse en courant.
Mon pre bosse et me demande de le tenir au courant du match. Mdr tqt papa j'vais t'envoyer une photo du score.
Mon pre il est arriver en courant dans ma chambre on mdisant "viens on va  la brocante !!"
Mon pre part dimanche pro j'tais mme pas au courant
Mon pre veux pas que je mettre ma tenue pro, il dis que si je me salir dans le bus le presigne a coute cher.
Mont Fuji, un volcan sous haute tension prt  exploser,Le sisme du 11 mars 2011 qui a caus laccident...
Nike la sncf, nike le rer B, nike les train direct CDG, nike les pakpak qui font de l'accordon, nike le mec qui pu  ct de moi, nike tout
Nique sa mre EDF avec leurs prises de courant
Non mais srieusement quand j'ai vu @yanismarshall hier dans #DALS j'ai hurl ma mre elle est arrive en courant ahah. Mon idole ce gars...
Obliger Alex sera le 1er a tre mt au courant
Ok donc js la dernire  tre au courant ...
On a 16 ans mais la matire qu'on voit en flamand c'est "rserver un hotel". Trs courant a notre ge.
On est devant la tl, ma mre elle m'sort "ha bh r'garde, la manif pour tous" ouais, merci maman, j'tais au courant..
Orage dantesque qui fait sauter le courant juste avant le Juve Roma. Sa mre le tepu.
Parce que je ne savais pas du tout quoi dire mais vraiment pas, et je ne sais mme pas si ma mre est au courant de ce qu elle m'a dit..
Personnellement il serait partit en courant solo
Plus on se rapproche de Paris plus le train se transforme en RER mdr
Pour ceux qui seraient pas au courant, #SuperClsico entre #BocaJuniors et #RiverPlate,  22h15 sur BeinSport 4.,Chaud  la #Bombonera !
Pourquoi quand mon connard de genoux touche, effleure, prend un courant d'air je saigne? Pourquoi vos mres les putes?
Premire vido en cours de tournage... Qui arrive courant de la semaine prochaine :)
Putain 1h sans courant j'ai cru que j'allais pter un plomb
Quand j'ai emmener mon frre au bus, y'avais des parents limite ils ont donner  leur enfant, des valises ou les gosses peuvent couler dedan
Quand j'y repense je me dis que Brandon  quand mme oubli son sac de cours dans le RER hier soir.. Mddr
RER D Altercation entre 3 femmes pour un enfant qui donne des coups de pied. Deux Blacks, une Blanche. Ca vire aux injures. Putain de France
RT @14Yokaa: Se taper souillarderie haluchre en courant des le matin #Fait
RT @AlexDCM1: Ce qui ma le plus tuer c quand Yann il a dit "sa serai parti en couille j'aurai prit Rosie par la main et j'me serai barrer en courant"
RT @AstridAdekalom: Mardi, j'ai cours en dernire heure au fond du lyce : je vais devoir courir un marathon pour pas rater mon bus >.< #VDM
RT @CIaudeFrancois: RE JE SUIS LA, DSOL DU RETARD J'AVAIS UNE PETITE COUPURE DE COURANT
RT @CaliceChris: Mon @RobertoBella01 t'es au courant que si tu devais me donner 10  chaque fois que je te passe sur @RadioContact : Je serais millionnaire.
RT @Cartooune: @Nando_sGirl PTDRRRRRRR je viens d'avoir l'image de toi courant derrire lui avec ta pince  piler, je pleure de rire
RT @ChansClaire: Aujourd'hui j'tais dans un RER bond, il y avait un mec juste derrire moi qui coutait du Katy Perry et qui sentait le riz. #Asianteam
RT @Clementschvg: @Quentin_Oge Jprfre te le dire comme a t au courant tu comprends stop les rves
RT @CupcakesOfVamps: @TheVampsBrad t'es au courant que la dernire fois personne a compris ton hashtag ? Mme les anglaises on pas compris
RT @DavidAlves91: @Kaamille_Vieira au moins toi des dans ton lit moi je dois attendre le train et aprs le bus sa mre
RT @Deessefr_26: AES Sonel est devenu Eneo Cameroun hein. Je n'tais mme pas au "courant". J'espre au moins qu'ils coupent moins l'lectricit.
RT @Elinecarre: Genre un matin j'vais pour monter dans le bus et mon tlphone il tombe sous le bus.. J'ai du le faire reculer pour le rcuprer mdddr
RT @EvansSoumahoro: "@0rny_not_horny: Je veux Blaise Matuidi   mexicain sera au courant tqt
RT @F_Bagot: Demain je vois ma pote d'enfance mais je suis sre qu'elle est mme pas au courant!
RT @Fatou3347: Je suis sortie de ma chambre, je suis alle dans le salon, j'ai vu la lumire, je suis repartie en courant...
RT @Fidji_FTNRJ12: @MatttFenty tu sera pas du  je te tiens au courant  #friendstrip #teamgirlz #teamfidji
RT @ForzaMassalia: Et Jremie t'es au courant qu'on vous  dposer sur le bord de la route, 8pts le con de toi tu te rends compte un peu ? @jeremiejanot
RT @Glory4Gamers: @Prime_JW GG  vous ! On va grer tout a avec Microsoft et EA, on vous tient au courant ds qu'on a les infos
RT @GregoireVian: @MarMousc @Veretl t'es pas au courant des barils de toutes manires
RT @HamdaMse: @SouleymaneNalyd Je demande  voir sa tqt ds que j'aurais goter. Je te tiens au courant
RT @Idix63: Bon ... bonne nuit les gens  la semaine prochaine, je tweeterai sans doute quand je serai en cours, histoire de rester au courant vwala
RT @Jadou_A: Les pauvres,  chaque fois je dois mettre quelqu'un au courant je ne peux pas grer a toute seule :')))))
RT @JohanaMusic1: Non mais srieusement quand j'ai vu @yanismarshall hier dans #DALS j'ai hurl ma mre elle est arrive en courant ahah. Mon idole ce gars...
RT @Ju_Ndl: Ma mre j'dois limite l'appeler qd jsuis dans le train,quand j'en sors, qd jsuis dans le tram, qd j'en sors et ensuite qd jsuis  l'appart
RT @JuliieLovely: Ce n'est pas des paroles en l'air. Je tiendrai + au courant de ma progression. Louanne, Anna, Ashton, j'arrterais.
RT @KeenvOfficiel: Restez connect car le clip de #JmeBatsPourToi sera dispo courant de semaine prochaine... Merci Mr @yukamei ;)
RT @Kevin_Tatibouet: Le RER D c pas une vie hein ! Y'a un douxito il coute sa musique pakpak a fond on croirai le wagon c un film bollywoodien
RT @LRuimy: @EBenamram @19ethano MDRRRR  quel boloss j'espre qu'il est passerai moins tes au courant que si tu y vas pas tu passera jamais Zadeck ...
RT @LaMortLaVraie: Moi quand je cours pour choper le RER et que les portes se referment juste devant moi.
RT @LauraJuraschek: @Dreaa483 Non je n'tais pas au courant :-),Mais ouiii je serai la :-D
RT @LauraVZN: Nike la sncf, nike le rer B, nike les train direct CDG, nike les pakpak qui font de l'accordon, nike le mec qui pu  ct de moi, nike tout
RT @LeslieRaynaud: @melina_blkd Ah oui t'tais pas au courant toi ! PACES = mort, voil voil, a ne me convenait pas du tout, j'ai prfr arrter :)
RT @LevasseurLea: Cette semaine si le tram recommence  faire chier comme la semaine dernire clairement je vais pas en cours je marche pas.
RT @Lou_Apple: Une vrai commre, faut toujours que je sois au courant de tout !
RT @LouiseSoquet1: @RMyQueen Non ma mre est au courant car je l'ai appeler cet aprem pour lui dire mais c'est mon pre qui me l'a acheter
RT @MaevaArchamblt: La dernire fois ont a faillit ratter notre bus! Ont courait comme des malades pour pas le ratter!
RT @MakDawells: Je veut qu'il y'a une coupure de courant pendant une journe entire , voler plein de truc dans les magasin la
RT @Manonprd: Avec les meufs on est vraiment au courant de tout dans cette classe, plus comres que nous y a pas je crois! On est un trio machiavlique
RT @MaxSaintMichel: C'est la fte des grands-pres. Apparemment a existe depuis 2008. Pourquoi j'tais pas au courant ?
RT @MentionneBigAss: Ma mre je sais pas par quel miracle mais elle est au courant de se que je compte faire soir se
RT @Messmer_Alex: @yazidMcfunzy JUREEEEE HAHAHA bien jou!!! yep a roule t'es au courant la 2 elle  perdu 6-3 et premire mi temps ils jouaient  10 :(
RT @Mr_OusBoy: ta mre est trop nne-bo la baiser dans le RER c'est mon train de vie
RT @NR_003: Mdr cokeman au fait pourquoi tu bloques tes tweets? T'es au courant que c'est chiant de te fav j'ai l'impression d'tre belek a tes arrires
RT @NaviguerEnAquit: Les solo seniors Hommes terminent les rgates dans 1 mer forme vent contre courant Grosse galre a la boue Chapelle
RT @NotreHoroscope: RT Si vers minuit tu pissais contre un mur ds lnoir total.. un renoi a cri"-Eh c qui le fdp qui mjette de l'eau la?!",Tes parti en courant
RT @NotreHoroscope: RTsi t'tai dans le RER ta dis a une meuf-T'vas ou?-la dfense et toi?-A l'attaquexD,Des contrleurs t'ont ject du train en pleine voie
RT @ODC_Youtube: Dernire vido, disponible dans le courant de laprs midi insha'allah.
RT @OffNathalieSS8: @MarineJuliann Pour le moment non. Elle va en crer un certainement. ;-) Elle vous tiens au courant.  #A
RT @Paradise_Mnt: @BahrouneNasri Heureusement que j'suis aussi perche que toi pcq plus d'une ce serai barr en courant  ma place
RT @PierreGoyard: J'espre il y aura un maximum de neige cet hiver comme a il y a pas de bus et donc je vais pas en cours
RT @QuotesZadig: C'est ainsi que nous avanons,barques luttant contre un courant qui nous rejette sans cesse vers le pass. [F.Scott Fitzgerald]
RT @RJminem: @SteadyDamage_ paie moi une bire et j'arrive en courant
RT @RemiGozard: Ma mre qui me met au courant de traces de suons suspectes sur mon cou. #Cimer #Awkward
RT @RomainDeCastro7: Quand j'y repense je me dis que Brandon  quand mme oubli son sac de cours dans le RER hier soir.. Mddr
RT @RooskoLuth: Ah bientt j'aurai ma gow le seul mec au courant sera yousco
RT @SAFIAbgb: qd jfais un truck pr la religion un don etc j'le dis  personne mm ma mre est pas courant. Vs juste vs allez  la mosque tte la terre le c
RT @Sassa_smile: Vous animalisez trop les noirs, certe on fait du Bruit mais vous nous verrez jamais nous jetter du RER B pour bloqu tous les trains pdnt 2h
RT @Sergiuspneumus: La France,terre des droits de l'homme,un des seuls pays a possder un courant rvolutionnaire au service de l'enfant,#5oct @LaManifPourTous
RT @StephaneR_News: #INFO : @Stephane_Rod sera invit au mariage de @JulieCSS8 qui sera clbr dans le courant de dcembre. >> Hte de voir les photos.
RT @Stophomophobiee: Et dans 25h elle sera au courant qu'elle m'attire
RT @TeamAymerics8: @GossipRoomOff @OffNathalieSS8 moi si ma mre elle fait sa j'aurais hante d'elle elle es au courant qu'elle a des fille c'est une pute ao
RT @TheBigBrunowski: Et pendant ce temps l, le mdecin du FC Porto s'est tal comme une merde en courant vers un joueur et sors en boitant.
RT @TontonPhiphi: Le 16-17 j'en reois encore une dizaine, je vous tiens au courant ^^
RT @Turrro: (2/2) Qu'est ce que j'irais foutre au paradis, c'est dans le ciel, a doit tre plein de courant d'air. Je serai mieux au chaud en enfer.
RT @UnBaton_: @TheYanReyS @pshfood tu seras mis au courant tkt bg
RT @VinetotLamare: J'traine Hard dans Noir Marche dans l'Tram M'dit que la Vie n'sarrtera pas sauf si j'arrte de Chmar... #Punchline
RT @Zack_Nani: Dans mon bus il y a une lesbienne avec la coupe de Georges Clooney et en treillis militaire elle est pare  pter 2/3 crnes  tout moment
RT @ZarayMssd: Bientt mme Obama il sera au courant de notre voyage horrible  Nantes mdrr
RT @_Melanie20: J'ai rcupr ce tlphone dans la ligne 6, personne sortie  Daumesnil vers 8h15, #RT pour m'aider  le retrouver !
RT @__NineOne: @DylanPereira91 Carlos c'est un bon sa mre il a traverser le terrain en courant il la chopper j'tait k.o
RT @aymrcb: le chauffeur a ralentit parce qu'une beurette travers,j'lui ai dit c'est orange tu peut passer. tt l'monde m'a applaudi j'ai conduis le bus
RT @eddy_fleck: Y a plein de hypes de merde, mais trs surpris de ne voir personne parler de Kurzawa en EDF. Pour le coup, ce serait acceptable.
RT @estellesonzogni: Tout mes plans dans ma tte que seul moi serais au courant sont foutu.
RT @gillesverdez: RER D Altercation entre 3 femmes pour un enfant qui donne des coups de pied. Deux Blacks, une Blanche. Ca vire aux injures. Putain de France
RT @gucci_julia: @MarionRspd daaq! Tu me tiens au courant mme si je verais
RT @jadrug: @BenKillerx100 merci au moins la jsuis sre que tout monde est au courant de ma nullit
RT @jeanisright: A tout moment on pourrait tre cras par un bus ou un train. Bon je vois mal ce qu'un train ferait dans ma chambre mais on sait jamais
RT @jjclement37: @mi1789: @rpr8395 @jjclement37 non, pas pour le moment , je viens regarder tw pour voir si il y a du neufMerci de nous tenir au courant
RT @louisdrxg: MON PETIT FRRE VIENT D'ARRIVER EN COURANT VERS MA MRE AVEC UN CATALOGUE DE NOL C'EST UNE BLAGUE ON EST LE 5OCTOBRE PTN
RT @manifpourtous18: En bus, en train, en voiture...,Plusieurs centaines de Berruyers st en marche vers Paris! @LaManifPourTous @leberry_fr Ni GPA ni Gender
RT @marjorie_mgt: @caroline__perez il faudra que je lui dise mme si je pense qu'elle est deja au courant
RT @nathjonx: Le metal, le choc des Doc contre le sol, le courant d'air frais accompagn d'un lger brouillard. C'est le moment parfait le matin
RT @nowhereaurel: Aux dernires nouvelles je suis pas la bff de matt donc je suis pas au courant kwa
RT @sunshniall_: je crois que quand je vais voir Maryne je vais mme pas rire ou elle va s'enfuir en courant
RT @thvnx: Le pire c dans le rer y'a tous les ksos qui viennent te taper la discut alors que t'as juste envie d'couter ta putain de musique
RT @vpecresse: Attention  la scurit des transports en commun en "bout de ligne" de train et de RER face au dploiement de moyens antiterroristes  Paris
Re: Code promo Clean boat - Promos Re: Code promo Clean boat christfree a crit: Tiens moi au courant si c'est bie...
Rene Aubry - Courant D'air
SA MRE ON A RAT LE DERNIER BUS ET IL COMMENCE  PLEUVOIR D'UN COUP L
Sacr orage. J'espre que a va pas couper le courant, je fais un gteau.
Se taper souillarderie haluchre en courant des le matin #Fait
Sommes-nous libres dans la vie, ou sommes-nous le jouet de ractions chimiques courant de synapses en synapses et dun hmisphre  lautre?
Son contrat courant jusqu'en 2020, Lancaster reoit le feu vert de la @Official_RFU pour coacher les Lions en 2017 si on fait appel  lui.
Suivez-nous pour tre au courant de notre actualit. Chaque nouvel article post sur notre blog fera l'objet d'un tweet; SOYEZ au rdv.
Tfaon c'est toujours moi qui au courant la dernire dans cte baraque
Tiens, j'tait pas au courant que Linkin Park avait re-pondu un truc.
Tjs au courant  la dernire minute.
Tlcharges cette extension de Google Chrome pour tre au courant de mes dernires vidos ! :)...
Tlr j'ai fait le mec qui cour pour pas rater le rer eh bah j'peux vous dire que a fait tellement longtemps que j'ai pas couru #1
Tout mes plans dans ma tte que seul moi serais au courant sont foutu.
Toute ma famille elle est au courant que je suis directioner, parfois je me demande comment les gens savent, mais ma mre elle en parle tjr
Un big up pour l'interview de Collectif Roots qui sera diffus courant octobre !
Un grand merci  Natess pour son interview qui sera diffus courant octobre...
Un j j'tait dans mes escaliers avec mon frre y'a un gros chien il descendait en courant jui rentrer g fermer ma porte a clef et g laiss
Un pairing qui serait intressant, le Mathieu/Prof de Philo... Bah oui, l'un comme l'autre, ils aiment pas la tl :'),*sors en courant*
Une vrai commre, faut toujours que je sois au courant de tout !
Voil j'insulte EDF et voil retour de la lumire! Pa viw koup manman'w bon!!
Voila ma mre est courant.
Voir une petite arriver en courant vers toi & le pre qui te dit j'espre que vous allez tre l l'anne prochaine les petits vous adorent.
Vous tes au courant que c'est la fte des grands pres ???!
Vous tes sre que Wiz Khalifa divorce ? Parce qu'il a pas vraiment l'air au courant, il se sent pas vraiment concern MDR
W9: Sleepy Hollow Srie/FeuilletonLe Cavalier sans tte est de retour A Sleepy Hollow, bien dcidA  rcuprer sa tte et
Wassila comment elle va galrer demain au contrle, elle tait mme pas au courant
Wow du calme. Elles sont au courant que la radio ne va pas s'arrter ? a fait dj 2/3 ans que a diffuse non stop,#OneDirectionRadioParty
Y'avait une messe anniversaire pour ma mre aujourd'hui mdr j'tais mme pas au courant cool.
Y'en as un il prend la balle dans son camp il se la pousse en courant derrire jusqu' notre but il tire il marque
Ya un nouveau film avec la poupe de the conjuring, j'ai vu a sur les affiches colles derrire les bus a Poitiers.
a fais 20 minutes il pleut et ma mre vient de sortir un 'oh vous avez vu il pleut' bravo maman,on tait pas au courant
askip si je souris pas le matin ma mre me laissera me lever toute, aller au bus toute seule et tout.. j'irais pas bcp en cours cette anne
avant j'me mettais au courant des dernires dates de concert des artistes que j'voulais aller voir mais j'vois que a sert  rien
cqui me fais rire c les gens qui font une comptition avec moi sans que je sois au courant
dj Mlina et La qui taient l avec la mre de La, je suis arriv en courant vers elles, je gueulais, on saurait de - #WWATourMemories
en tout cas maintenant je sais @justinbieber, et je serais au courant des soires o tu vas tqt mme pas.
entre temps y avait une pote  mon pre et un pote  ma sur qui tait arriv, et l coupure de courant, plus d'rseau rien sa race! #10
grce  enya je pense que je serai au courant de ce qui se passe au dernier show mdr
hier j'suis rentre chez moi, j'allume la lumire, j'me retourne j'vois une putain d'grosse araigne, rien que j'suis repartit en courant
j'ai command une paire ak la carte a mon pre il est pas au courant mskn, j'ai mm pas ft exprs
j'cours mme pas aprs les bus, pk devrais-je courir derrire vous
je crois que quand je vais voir Maryne je vais mme pas rire ou elle va s'enfuir en courant
je ferais une vido quand on sera sur de nos nouvelles recru avec Foyzz car !! je vous tient au courant les gens
je vous en prie ! abonnez vous, vous serez les premiers a etre au courant de mes videos ! :D
jsais pas si vous tes au courant mais derrire ma graisse se cache le physique d'un mannequin Abercrombie
ma mre est au courant de toutes mes absences de toutes faons, je crois.
mdrrrr mon frre il dit ' mes soeurs elles s'marient et jss au courant au moment des cartes ' et y m'regarde y m'dit
minutes du sdf, et la je m'en rapplerai tout ma vie je crois mdrrr on voit un bus au loin et on commence  courir - #WWATourMemories
moi sa me fait rire les gens qui veulent cs tshirt alors qu'il ne sont mm pas au courant de qui etaient Bonnie & Clyde ... tsss
mon prof de techno je suis sre il est persuad qu'on a que a  faire de faire son truc sur les moto on est au courant qu'a 0 mois y'a 0
ptn jsuis tjrs la dernire au courant
si j'appelle ma soeur elle va louper sont bus bref donc je le ferai pas.. Elle avait qu'a regarder sous sa couette...
ta mre est trop nne-bo la baiser dans le RER c'est mon train de vie
y'en a qui prennent le train pour voir leurs rencontres twitter,ma mre elle me paye mme pas un ticket de bus
