"Car c'est ainsi que nous allons, barques luttant contre un courant qui nous ramne sans cesse vers le pass" #ScottFitzgerald #CharlieHebdo
"Eva est dj au courant je suppose" tqt pas pour a frre
"La France entire est au courant du courant extrmiste qui emporte ces musulmans sur la voie terroriste."
"Monsieur truc  appel pour prvenir qu'il arriverait que vers 17h30" . Vous tes au courant que l'hpital c'est pas un htel non plus ?
"Plusieurs attentats terroristes ont t djous ces dernires semaines" mais on est pas au courant bah non c'est pas important non non
"Tous les RGs taient au courant...la seule question tait quand et o ?" #BFMTV,Merci d'avoir prvenu la population pour la protger DGOT
"Tu peux rester immobile dans le courant dune rivire, mais pas dans le monde des hommes." Proverbe Japonais #quote
"des attentats ont t djous en France ces dernires semaines" (merci de nous mettre au courant)
#CharlieHebdo Aux dernires nouvelles ni #Plenel ni #Askolovitch ne se sont encore suicids! On vous tient au courant ...
#JeSuisCharlie ce n'est pas adhrer au courant de pense des dfunts. C'est considrer que le journalisme libre est un acquis majeur.
#avantcourseslive le 814 UN BENOIT devrait gagner la dernire. Pas si courant de voir un P BENGALA  Cagnes!
#desperatehousewives danny est au courant que son pre trompe sa mre angie
#voyageavecmoi demain je prendrais le RER C entre les Ardoines et St Michel ND un coup entre 12h et 12h30 et le retour vers 17h
- " Bonjour, c'est une salle de reunion derriere ils sont surement morts de rire en s'foutant d'vous " on est partis en courant mdrr
.@JaadeHam_Killa J'espre que Gradur il est au courant qu'on est en Janvier donc il serai temps de sortir l'album...
12h que sa s'est pass et la plante entire est au courant, cette solidarit mondiale sa impressione #CharlieHebdo #JeSuisCharlie
2/ n'tait au courant au moment de l'enregistrement, les entendre plaisanter / rire sans savoir, a peut tre bizarre, non? #CharlieHebdo
7h50. ADRIEN REVEIL TOI ET EMMENES MOI A DENFERT Y A PAS DE RER ! Du coup, aller retour sur Paris dans les bouchons pour la madr
@AMZNN non j'tait au courant mais c'tait un peut exagrer ! Faut tre compltement stupide pour attaquer un centre militaire
@Agathe_Mzl se serait trooooop bien ptn !! On se tient au courant si jamais y'a du nouveau sur une ventuelle suite
@AhonD2rk ,Mais si ma mre m'avait pas mis au courant quand elle venue me chercher, je me serais pointe sur Twitter sans tre au courant
@AkimbooRP Il y a pas qu' Paname, oh putain t'es au courant de rien toi finalement, t'es chper, retourne sur FIFA, monsieur RESPECT !
@AlanMchl Mais moi au moins je gre en cours alors que toi quand tu comprends enfin un truc c'est tout le bahut qu'est au courant
@Alexandra_Lbt bon surtout ne viens pas vers Paris. Je sais pas si tu es au courant ya eu un attentat sa crain
@Alexcetera moi j'ai zapp sur toutes les chaines d'infos, meme les etrangres et toutes l'ont passes en courant la demi seconde du tir :/
@Andre_Fournon tenez nous au courant nous y serons, si il y a autre rassemblement il serait temps que la peur change de camps
@Anissa_BNS Si un flic veut te contrler dit le y va partir en courant
@Anne_Hidalgo @SophieReynal encore faut-il avoir envie tre trait quotidiennement comme du btail dans le RER...
@Ansyass @palais_au ben elle doit tre au courant c'est pas sa 1re !
@AnthonyBaude @itele Je pense pas sinon on serait dj au courant, puis il y aurait eu coup de feu ect
@Aragne j'attends que F. rentre du pole-emploi. Pas sre qu'il soit au courant. Demain ? Suis dispo et avec Alinor.
@ArthurMouclier t'as pas l'droit d'dire ca. t'aurai perdu tes couilles devant eux et tu serait parti en courant
@AshtonRPGTF *se retourne et te vois explose de rire aussi* OH LE CON !! *revient vers toi en courant en continuant de rire* putain je suis
@Axlgrd @MargauxFery @OrianeDO je sais pas si je dois rire ou pleurer, t'es au courant  la base y a eu un attentat ?
@BMegaane ouiiii j're tiens au courant qd meme mdr
@BR_iZi9 Tu vois Yannick il vnre mais tu dis encore comment il est au courant
@Bagatelle68 En attente des papiers pour ma plus jeune, j'espre pouvoir venir mais au printemps a semble compromis Je te tiens au courant
@Barbie_Turiques et les suspects sont un petit peu au courant s' ils regardent les chaines infos... on pourrait en rire si ce n' tait grave
@BethshaaPope le monde entier sera sera au courant de toute faon on en parle partout
@Billelovitch313 @_Crizia Si c'tait aux yeux et  la barbe du monde, tu n'en serais mme pas au courant u_u
@Boucletn9 j'espre pour toi mon frro tu me tiens au courant
@CalvinNSQ arrte de voir le mal partout tu prfrerai ne pas tre mis au courant l ?
@CassKhattab Je suis contre les consoles. C'est t'offrir de l'alcool. Et puis je ne suis pas ton pre -ou en tout cas j'suis pas au courant
@Cupertino69 merci, je regarde comment oprer et te tiens au courant ;)
@Denzelwashh @Eloise_India @AlexandreLejuez @Pack_Home t'es au courant que si je bois une vodka au cosy et que jte croise jetencule ta mere?
@DiamondsDemons @cachexie et puis la le gars tait cagoul et tait entrain de tuer quelqu'un quoi ... Perso je serai partie en courant
@Dollycious_yt @BeautyGingerYT @callmecapucine je n'etais pas au courant de tout a avant ce  ne suis pas sens tt savoir outre mer
@DonBradleyP ouai mon pre a appeler ils ont dit que le courant revenai a 7h30
@DuchateauRomain t'es un des rares qui est au courant des belles merdes de ce pays c'est cool
@DylanBenattia j'y crois pas trop mais sa serait bien. En plus Amlie elle a dit qu'elle tait pas au courant mdr
@EHarzic mh ouai je prfre tre au courant quand mme que d'tre dans l'ignorance..
@ENZOH4 mais bon comme on sera mort on pourra pas trop tre au courant de comment a se passe donc yolo ^^
@Edel_Poulpe_FS @JeanDelapoire @Airkocotier @Dataripper Tu te ferai surement mal toute seule, c'est courant. C'est ridicule.
@Eklips27 Non mais faut arrter de balancer ces infos,s i c'est la vritable intervention qui ci passe les mecs vont vite tre au courant :/
@ElParisiano95 la maire de Paris en a parl je crois, mais t'inquites si a se fait on sera au courant
@EmelineLoth c'est vrai que j'y vais rarement pendant les soldes mais je n'tais pas du tout au courant de a
@Empty_promisees Je me suis mise a bosser aprs avoir bouff pck j'ai cc de go demain et ma mre est au courant a cause d'une copine a moi
@Err0rSystem @Moutonnoireu Celles l je suis au courant. XD
@FrenchFCB @Footballogue tu es au courant que Messi fait ce qu'il veut ? Il fera tout pour partir si il dsir
@GLarrive  Si le gouvernement tait au courant -et comment ne le serait-il pas- c'est encore plus grave.
@Gendarmerie tenez nous au courant de l'avance des recherches de ces enfoirs ! Trouvez les et terminez les ! #CharlieHebdo #Colre
@GeroFutHD mais tu les auras tkt pas tiens moi au courant quand tu les reois
@Ginevra_RPG Non justement ton pre et pas au courant
@GreenCrow_ oui mais si les mdias n'en parlaient pas, personne ne serait au courant.
@GreenieLily je fini a midi, mais mon prof est tellement a l'ouest que je sais meme pas si il est au courant donc XD,Je la ferai seule
@GuekoZR et pis cens serait tomb par terre en courant
@GwendoBocquet oui je l'ai appel toute a l'heure sinon elle serait pas au courant
@Gworkag @atyearone Accident trs courant dans le jeu de rle en tout cas.
@HannaBkh_ jsuis sre le gars est mme pas au courant de l'enroule!
@HapsatouSy si tu peux nous tenir au courant ca serait cool #triste#nerv#islamnarienavoir#vitequilesarrete
@HarkyCho ta mre est au courant?
@Heaven_Made_Me toi t'es au courant ben tu seras indignes de leur dessin mais tu vas pas calculer tu vois
@Hmidou_ non mais a mon avis le raid a dj du avoir lieux si c vrai, pck a mon avis c pas twitter qui sera mis au courant avant les flics
@ImNayeul non ma mere etait meme pas au courant que y avait eu des morts
@Ines_Hvr Moi je suis en partiel, donc je ne serais pas tellement tenu au courant ...
@ItSeventhHell @Remi_M5 @Zytreo Oui ca j'suis au courant, je parle en gnral la, mais c'est sur que la, la,mort c'est la seule solution
@JPhilou09 @RuthbarronS @The_Glengoyne c'est courant ici!et notes que je le fais trs rarement (voire quasi jamais)
@JarodHdj @Romain_Alsdn Jai toujours pas oublier pour le mis-per des que jlai tu sera au courant gavaaa
@Jessica_Hmtn nous meme on est pas au courant, je vois pas comme ils le seraient
@Jiinsei Mais ces mecs l, ils taient au courant du risque qu'ils prenaient en jouant avec la religions en provocant les pers concernes!
@Johan37 @Gotaga @Team_Vitality @Ag0nie va voir son sundaylog tu sera au courant de tout
@Jordane_Blasco @paulribot on est dj au courant lol il y'a des articles de partout sur a et ils ne reprsentent pas la France.
@JudeFelicis Oui mais tu seras surement au courant avant moi, donc voila
@JuventzAristil et que tu ferais mieux de ne rien dire si c'est pour dire a, parce que tu t'impliques sans avoir lair rellement au courant
@Ker0y @TeXaaaa @Sousou_kun on te tien au courant tkt
@KmyeLam Mais je suis pas flic donc j'en sais rien. J'ose esprer que les Renseignements sont au courant de futures attaques.
@KristyeBrumeau @Rem_souille hmmmmm il est au courant?
@KumikoAsuka J'tais en partiel, du coup j'ai t au courant de la fusillade que vers 16h
@Langue2puteBack je pense que l'on sera au courant de rien cette nuit ..! A Reims il y a juste eu une perquisition dans un appt
@LauraHugueny Je serai ds le mm tat  ta place. a me dgote. Srement la mm personne qui a fait les 2 vols. Tiens moi au courant ok
@LauraPremr a demain bb , jte tient au courant si je suis la mais a 95% je serait la demain
@Lea_Smarties je vais voir pour arriver en avance comme a je passerais la premire je te tiendrais au courant
@LesNews on est tous au courant de l'interventions pourquoi eux ne le serait il pas ? Logique ou pas
@LevequeJustine @toylenain vs etes gentil jesper demain g un accident de tram pr voir si vs respectez vos promesses ://
@LindaToukabri Le FN a des milices dans les rues qui perscutent les musulmans ? Pas au courant. Faut arrter hein...
@LisaWYL je suis au courant t'en fais pas. Si a tenait qu' moi j'ferais une exception par ci par l
@Lisa_Paganini Oui pas de soucis, tu me tient au courant on se referas une soire
@Ljulian1 Mouais ! Pourquoi on serait pas au courant?! C'est bizarre..
@LolOte51 ouais les USA disent qu'un est mort... Mais comment seraient ils au courant ? Bref...
@LordMorgot @Gworkag @ROGAAAJJ Ah pardon tout twitter et internet serait au courant mais pas les terroristes. Bitch plz.
@Lou_Myaa Et non il n'y en a pas tous le temps, Sinon on serait au courant aussi, mme dans les autres pays ils en parlent.
@Luly_Bunel Tenez-moi au courant quant a se dcante. J'espre pour vous le plus vite possible !
@MEAtrassi @Benoitdx9 A mon avis pas mal de personnes sont au courant sa serai pas tonnant qu'un djihad se pointe avc 54 kilos dexplosif.
@MYTF1News ils sont pas Reims a serait pas filmer , vous prenez les mecs pour des cons ils seraient au courant cinon
@Ma_rie29 pour paris? Elle n'est pas encore au courant... Vu que j'ai appris a hier soir vers 21h30 et que la elle est ai travail...
@MaelRannou devant la mairie 19h ce serait bien... j'en suis ... tiens nous au courant! #teammayenne
@Mandrin_ @Frugheon_D a lire le commentaire tous le monde est au courant des saloperies que rcitent les rappeurs a doit faire rire le PS
@Marie_Gdr c'est vrai mais je pense qu'elle sera de la partie! Je te tiendrai au courant s'il y'a des infos ;)
@Marie_Lauriente de toute faon si a change tu seras au courant je pense tqt
@MarineFch ptn j'espre ... Tiens moi au courant bb
@MehKad_ @PonyBleu Pourquoi ce serais reli aux musulmans j'suis pas au courant
@MehdiiWhite Pas besoin d'image choc pour mettre au courant et "inquiter". Ce n'est pas reprsentatif.
@Mimim_Dragneel Pas au dernires nouvelles. Tu seras au courant s'ils les retrouvent vu l'ampleur que a a pris. Horrible
@Missbirdis moi aussi, dj ce soir pour rentrer je l'tais..,En plus y'avait des ralentissements sur la ligne 5 "par securit"...
@MmdPatate @wingsxf_irwin mais moi mon collge est  deux rues de chez moi donc je vais partir  la dernire minute en courant
@MrKelisi Toi aussi x),Va sur la chane Youtube de BFMTV, tu seras globalement au courant de tout.
@Mr_Hawk_38 tu es au courant de la dernire, si tu te fait voler pour un montant en dessous de 150, ta plainte n'est pas recevable
@NaRKo___NeCTo ca marche merci de me tenir au courant! J'vais bouger voir une meuf lol mm bourr breton frre on se reverra bise ;)
@Nichoax pourtant ils doivent tre au courant pour les dernires lois anti terroristes quand mme?
@Ninouche2109 Ha yesss pour le concert de TH ? Je te tiens au courant pacque des fois j'ai des cours le samedi, mais normalement c'est rare.
@OkouMarc mais gros tu dis la premire chose qui te viens le keufs c'tait un mec de banlieue donc c'est un langage courant respecter le
@Opale60 je ne tolrerai aucun mots dplacs ! mais la plupart ne doivent pas tre au courant... si je n'avais pas allum twitter je ne
@PacNone grave !! Avant que mon pre reoive l'alerte au tlphone j'tais au courant de rien..
@Paul_Courant ces parce que ces un airsoft ces considerer comme une arme mon frere
@Piiglooo Je sais que je peux pas t'empcher de t'inquiter mais stress pas trop. Je te tiens au courant
@PrinceduSahel @lifaenne Si tu t'informais tu serais au courant pour l'irak :p
@Pursted @Benoitdx9 mais ta mere c est ma pute t au courant?
@RER_B Le pb sera surtout de trouver un train.... Vu que les trains ne viennent plus du Nord. Let's see !
@Remi_M5 on l'a appris pdt l'intercours, mais le prof tait pas au courant.
@RienAFoot_RAF Moi j'ai appris a via les rseaux sociaux sinon je serais mme pas au courant ^^ J'ai lu des trucs, tu hallucines !!
@RomainBTN_ @DinisIlana avait qu'un, les familles ne serait pas au courant de cette mobilisation et se sentirais peut etre "delesse"
@Sabsab129 J'tais pas au courant qu'il y avait des morts mais c'est eux qui entretiennent les tensions et cette attaque ne leur fera que du
@Salimovic_ Waaaaa j'tais pas du tout au courant!! Je pensais que c'tait une attaque similaire  la dernire fois!
@Sangre_y_Fuego les amriques ne sont pas au courant, je peux rire et danser mme si je veux huhu
@SaradineGaming tkt tu seras au courant ;)
@SayuShii @diamantlefou Je vois pas pourquoi quiconque serait oblig de commenter ou de se tenir au courant du live de cette affaire.
@ShancamsD Mais ta mre est pas au courant de tout ce qu'il se passe l au... ?
@Shatonmignon Quelqu'un qui tait dans les locaux serait plus au courant je pense, mais merci beaucoup pour ton aide.
@Sherzann C'est trop sa... c'est triste comment on as tait dlaisser nous. Regarde comment en mme pas 2h la terre entire et au courant..
@Southern_Boshi @manga_news dj au courant j're rassure
@Stiles_Rpgtw *respire fortement, essaie de se contrler mais n'y arrive pas, se transforme et part vers la fort en furie en courant*
@Swiftie_JOH mon pre le fait donc j'aime bien tre au courant quand mm c'est pour a
@TessJonin Ptdddr donq est-ce que t'ai au courant que tu parle a une Arabe , musulmane & pourtant je t'ai pas tuer donq faut arrter !
@TheMalimoi je serais parti en courant Maggie j'aurais fais 2secondes le 100m eZ UsainBolt
@Thomaaas_Lfv Mdrrr ils viennent d'en tuer 12 , crois moi tu serai partie en courant
@ThomushMcl Quand je l'aurais reu je te tien au courant ;)
@Tiphenomene moi aussi je suis au courant a c'est passer tout prt de chez ma tante  Paris omg je suis en colre la :'(
@ToulouseFM merci ... Je vais tenter de le prendre si soucis je vous tiens au courant pour informer la planisphre toulousaine !
@Train_SNCF a dpend, y en a qui mixent ligne C et grande ligne ou TER ou TGV, moi j'ai fait le choix de ne faire que la C @cypcyp77
@UMPitre Il est ptt pas au courant que son pre tente un retour ...
@UnSuricateDeOuf Non ils sont plus courant pour les gens qui regardent TF1, si on compte ils sont pas les 1er loin de la
@Une__Inconnu t'es au courant qu'on parle d'un attentat o 12 personnes ont t tus et pas d'un vol dans une suprette ?
@WreckThisSwift elle sera tt ou tard au courant de toute faon
@YeeZiiX je n'tais pas au courant, et je suis tout a fait d'accord qu il ne faut pas faire l'amalgame mais si on est pas d'accord on se ser
@Yekbun09 mdrr Tmm j'attend, j'espre que tout ira bien J'espre, je te tiens au courant
@Yhuri_JM Parce que sans les mdias tu serais peut-tre mme pas au courant et ils peuvent vous faire avaler c'qu'ils veulent.
@_ShinKuro Depuis qu'ils ont t au courant, vers 13h je crois
@__MXMB tiens moi au courant vers 14h
@_timprt ptdrrrrr je pense pas, on serait au courant sinon
@adele_mlk je te tient au courant des que ma mre rentre oh god
@aintbroken @ALambertFrance @MindyKlg ah ce serait tellemnt gnial! tiens moi au courant si tu veux bien.. Merci!!
@alisonxh du coup j'avais peur dans le RER mdrrr mais rien
@amandinechlt CNN annonait il y a dj 30mn l'arrestation des deux frres et la mort du troisime. T'es au courant?
@amelyyy31 tenez nous au courant alors ;)en tout cas, j'espre qu'ils vont retrouver ces btes ...si ce n'est dj le cas... #JeSuisCharlie
@bababls hm j'avais pas pens ! J'espre aussi ! Tu me tiens au courant !
@baybinou Oh :/ J'espre que a va aller mieux trs vite ! Tiens nous au courant ! Courage
@bghls tu me tiens direct au courant ! a me ferait trop plaisir de revoir ta petite tte
@blondeunicorne *clap clap* au pire tu crie "debouuuut" t'allumes les lumires et tu pars en courant. Loin.
@castolols D'ailleurs toi qui a l'air au courant ! C'est pas trop tard pour essayer de changer de filire ?
@celimsfts - fter mon anniv', je te tiens au courant!
@chocobeur ptdr je serais au courant si c'tait le cas
@corinnemathie Bisous les,filles vous tes au courant de l'attaque meurtrire de #CharlieHebdo ? 12 morts Paris @Bangoufamily @ChrisLecocq
@coulibaziz Je suis fire de toi alors, mais pourquoi je suis au courant que maintenant dj
@davidOM56 @56250Hugo @Jeg_Er_Dug @M_Lecointre bien sur je suis au courant depuis 12h! Mais vous parlez de la vido ou ils butent le flic ??
@de_lenduit haha de rien tu sera direct au courant je pense avec twitter tout a si il se passe qqch mais l tqt limite c ennuyeux
@deteyssac Je ne suis pas encore au courant pour samedi ... Ce serait une occasion de faire connaissance !
@dzprod Oui je l'espre car sinon je trouverai ca un peu bizarre tout de mme. Surtout avec les tlphones on est au courant de tout
@elmas467 Bah quand il rentre jlui demanderai mais je sais pas si il sera au courant
@emips34 ah non je crois t'es imbattable :P lol !! Moi sans toi je serai au courant de rien donc merci ;)
@flywithdrew de toute faon, ils ont beau s'enduire, le monde entier est au courant, ils n'iront pas bien loin et je l'espre
@g_lhg @Heawok Dans ce cas, pourquoi n'avez-vous pas mis vos congenres au courant (coran) !!!
@ghabay a sera pour la fin d'un mois ou courant fvrier.
@grangerfranc Nous sommes au courant, nous parlons de la temprature observe la + froide de la plante dans les dernires 48 hrs
@guillaumefroeh1 @HBoyon ouais mais je suis la premire au courant  #first
@i24news_FR vos sources svp merci bizard bizard au courant avant d'tre arrter
@iampeacemaxou oui oui je suis au courant mon pre me l'a dit ca s'annonce rude a AD
@ixtlls beh moi j'en sers rien',tait pas au courant
@janosofsummer t'es pas au courant pour l'attentat ? askip les mecs se dirige vers le 93 du coup y en a partout
@jihann16 @Sebastien1991 @lhmanon Pas forcment au courant, a se trouve c'est compltement faux aussi. a serait pas la 1re fois.
@johnpalissy @patricecharles @Tournicoton @BFMTV Je suis au courant. Mais si tout le monde pense comme vous, la situation peux dgnrer
@jxstine_ enfin il marche en courant, pcq jsais pas si il serait capable..
@lcslmrt ouais, mais dans le courant de l'anne dernire, mme si elle leur a pas parl elle a t choque de voir l'immeuble aux infos
@le_Parisien @polakorital91 @MissDebo45 @1987Ness Au cas o vous ne seriez pas encore au courant ^^
@legrorafi ....jui la dernire au courant....
@lolokittyadams @kevadamsss  bah moi je serais au courant des controles, c au moin sa
@loucassecou ptdddr aller nique ta pute de mre fils  papa tes frustrer. Tu dfends une personne qui n'est pas au courant de ton existence
@mae_hdd tu serais dj au courant mdr
@maliatalerpg *se dirige vers sa chambre en courant, ne fait pas attention confond son sac avec celui d'Issac et ressors toujours en courant
@margauxpouilly nickel de toute faon j'irais et on sera vite au courant je pense
@mathieurtzl @ErwanBlaszka Pourquoi,tu es au courant de qui se cachait derrire les cagoules ?Tu es omniscient ? Aide les enquteurs alors !
@mavieabord ouf ! Pas trs rapide dans la diffusion mais a arrive qd mme !,J'ai crois Ali tth vers 14h, il tait pas encore au courant...
@meissane_at Tiens nous au courant, mme si je pense pas qu'il y ai de raison de s'inquiter pour ta soeur.
@mobyjones93 Quand je prend le RER, j'y pense tjr ...surtout chtelet les halles ..un bon spot pour faire couler le sang  flot!
@morrisxbieber elle a fait sa pour rir ou ? Jte jure en ce moment je dteste les gens qui sont pas au courant pour l'attentat
@mygustin @klzaxn -courant bah pr lui c pareil il a ldroit dfaire cqui veut alor que il a 11anq mais ma mre elle lui dit prviens moi tjr&-
@nicolas10296 @MrBboy45 on serait tenu au courant par journaux ou autres comme avant et personne ne serait venu dire sa a Bboy
@omisapro j espre que les suspect n ont pas twiter car il serait au courant de tt...
@repatmom malheureusement pas encore de date mais ce sera courant du 1er semestre cc @Marie_Wolf @Aevole
@rodenshow t'inquites pas, je pense que s'il s'tait pass quelque chose tu serais dj au courant  il rpond  rien?
@sachatwiter Pas du tout 12 franais dont un flic dit pas n'importe quoi ci CT vrais tout la communaut serai au courant
@shawnRPGDU *fronce les sourcils et viens en courant derrire toi* Shawn?
@sirine2b @OlivierRimmel non mais tu m'expliques si les blancs font des razias de iphone sur les musulmans dans le RER je suis a l'coute
@soufianezeggar Mais toi tu crois tre au courant de tout ou quoi? Tu fais piti ferme ta bouche et arrete de te sentir perscut et a ira
@spike_rm C'est la ralit d'aujourd'hui, parcontre ils sont au courant de la dernire tl ralit  la mode...
@stylesistwisted PUTAIN FAIS ATTENTION  TA MRE ET TIENS MOI AU COURANT
@stylesistwisted S'il te plait... Tiens moi au courant... Ma puce je veux pas qu'il arrive qqch a ta mere
@superglacer Ah ! Tiens moi au courant de l'volution du tlchargement stp. Je ferai des recherches sur le web plus atrd
@supersupernaze Oui, aprs les premires menaces des islamistes, il s'est barr en courant en laissant "ses" copains dans la merde.
@tTweezyy ah nice, ce serait cool oui, tu me tiens au courant tout a
@tbhnewtmas les deux ? d'abord ils le shootent de loin, le policier tombe au sol; et en courant vers lui, un lui tire dans la tte quand -
@tinythugmickey @breezeblcks de rien! c grce au courant humaniste qu'on a eu la premire encyclopdie d'ailleurs,bref L out again
@tnjulius Suis mme pas sre que les politiques (ils n'en ont rien  cirer d'internet) soient au courant de l'existence de cette vido
@tontonced Ok jespre que a va te debug :/ Tiens moi au courant juste pour savoir si t'as russi ^^
@toukyou_ @Studinano il faut attendre surtout on sera mis au courant quand tout sera fini. Je pense qu'ils savent qui sont ces terroristes
@txmlinsky oui j'espre que mes profs sont au courant
@usagers_RERB BLOQUE A 7H30 DU MATIN JE VAIS ENCORE AVOIR UN RETARD DE..??? SUSPENSE !!!!!! PUISQUE LE TRAFIC EST INTERROMPU. ASSEZ
@valfoucart je sais pas mais je serai tonn on serai dja au courant
@w0rder nayant pas eu de rponse jai ouvert un compte courant sans parrainage. Mais pour un LO plus tard pourquoi pas.
@wretzky et ? Sans les mdias tu serais pas au courant qu'il y a eu un attentat, 12 morts. Relater l'extrmisme est une ncessit.
@wretzky informateur oui, c'est le but d'un mdia. Je te signale que sans eux tu serais pas au courant de 99% de ce qui se passe.
@xsonup Je regarde les chanes trangres, ils en parlent..Mais elle n'tait pas au courant et je me suis en peu emporte mais vu ce qu'il-
@xzaynking MAIS JE REVIENDRAIS BIENTOT J'ESPERE, PIS DE TOUTE FACON TU SERAS LA PREMIERE AU COURANT SI JE REVIENS BB
@ybrax C'est la priode des vux dans la presse locale. Mes confrres ne sont s au courant et citent TOUS les lus et notables.
@yeah_iknowyou  tes examens a a t au fait ? Tu m'as pas tenue au courant de la dernire fois
A 18h58 tu reoit un message pour tre  19heures devant la mairie.. en plus un num inconnu.. Les gars mme en courant je serai en retard^^
A l'internat on est couper du monde sans Twitter je serai au courant de rien
Actus Mer/Sea News: Marseille : la Mridionale passe au courant quai - Le marin
Ah bah oui. Tu serais au courant si tu zyeutais les infos internationales au lieu de te branler sur Les Anges de la Tlralit, baltringue.
Ah bon ok. Incident grave sur le rerB aucun train dans les 2 sens. Cool.
Ancelotti, tu es au courant que demain la presse ne te fera pas de cadeau ? #AtleticoReal
Aprs elle ma courser, j'me suis enfermer pour l'afficher.Mais le problme c'est que en courant j'ai sup la vido a mre
Arrter avec vos #JeSuisCharlie C'est bon tout le monde est au courant maintenant sa ce passe dans les rues faut aller militer et point.
Arrtez de prvenir que le #PSN est down. On le sait. Tenez-nous au courant quand il sera up plutt.
Artifactum est dusage courant en 2074, rendez-vous sur  #rever2074
Aujourd'hui je devais avoir une sortie, je n'y suis pas alle. Ma mere pas au courant a faillit faire un malaise. La pauvre :/
Avec mon pre on se tient au courant des news de l'attentat par message, genre lui avec a radio et moi avec twitter mdddr
Bon bah je crois je vais pas aller en cours psk y a pas de rer
Bon le temps qu'ils soient au courant ca sera 2037 mdr
Bon les exercices de maths ca commence a me soler les gens sont pas au courant, sont pas chez eux ou me donnent des faux exos
C bien ca parle de l'attentat mai vou ete au courant que messi va peut tre quitter le barca ? Fodrai + ce pencher vers se sujet
C bon j'ai appel ma mre , elle tait mm pas au courant
C'est le principe de la libert d'expression, sinon on tombe dans la censure ... Je prfre les lire et tre au courant...@vchatelier
C'est rassurant qu'il soit la et tre une des premires au courant
C'tait une journe intense, entre des accidents graves de voyageurs sur le RER, exams, attentats meurtriers, ractions dmesures
Ca me dgoute d'entendre des trucs comme a.. L'utilisation de ces morts pour crer la haine, alors qu'on est  peine au courant
Ca me vnre avec mon tel de merde j'ai pu tre au courant de rien! Je dcouvre l
Ce soir le monde entier sera au courant #CharlieHebdo
Choqu gt pas au courant pour l attentat  paris ma mre Vien de me raconter
Comme par hasard la premire au courant c'est Lepennnnn,Aller les poneys danse du complot *danse*
Contre la folie meurtrire ractionnaire contre lunion sacre et lislamophobie Courant Communiste Revolutionnaire
Coupure de courant, le repas sera donc froid
Courir pour le rer ma dignit s'est envole
D'habitude moi et ma mre on parle de toute les infos qu'on connat.. On est tout les deux au courant pour #JeSuisCharlie mais on tait muet
Dans l're du temps,... ~Tu te balances,...~Comme l'eau qui dance,...~,A contre courant,...~
Dans le couloir on est au courant des dernires nouvelles les 4 apparts sont branchs sur #BFMTV
Dieu a entendu mes prires et a mis une prise de courant  disposition juste  ct de ma place
Dit moi @MichaelYoun tu es au courant que c'est Mahomet et non mohammed? Mme ton tlphone n'adhre pas  ces actes?
Donc ma mre me dit que c'est pas elle qui a mon argent et qu'elle tait mme pas au courant que j'en avais eu. Bah ptn c'est srx
En mangeant mon frre il parlais de demain, que tout le lyce et mme la vie scolaire allais tre au courant de la surprise, j'vais trop -
En parlant de lepen chai pas si vous tes un peu au courant mais c'est son pre l'extrmiste, pas marine
En plus ma mre elle est dans Paris, je pense qu'elle est pas au courant de l'attentat :/
En prime je me fais engueul par ma mre parce que je ne suis pas au courant . Elle est belle la mentalit  la maison .
En vrai nan j'tais au courant j'ai reu pas mal de sms de gens qui s'inquitaient pour savoir si j'tais encore en vie ^^'
En vrai personne sais que j'suis venu ici, ma mre et tout ne sont pas au courant, j'en fait tjrs qu' ma tte
Est ce que #AliBongo est au courant qu'on a gorg ++ #Cameroun ais la semaine dernire? Pasde raction. Pour #ChalieHebdo on court #Gabon
Euff ils mon uses  m'inquiter comme a j'ai fait tout Levallois en courant jpp
Franchement je prfre ne pas tre au courant de ce qui se passe vu la merde que c'est
Genre un moment il avait pas vu que j'tais dernire lui, du coup j'ai sauter d'un coup, il s'est barrer en courant MDDR
Grace au rer j'ai pas cours :)
Guinng'z s'est tellement retir qu'ils sont mme pas au courant de ce qui se passe, mais tranquille le hibou doit arriver demain ! ahahah
Ha bon on est inquiet quand on voit un casque ?! Premire nouvelle j'tais pas au courant... #PatronIncognito
Ha, maman tait pas au courant, elle avait pas compris pourquoi on faisait un peu la gueule avec mon pre.
Heureusement que @Lucie_Paq ma prvenu sinon je ne serai tjrs pas au courant
Hey j'tais en cours, calm down je suis encore dans le tram. Qui a fait pter quoi ?
Ils sont encore plus vigilants sur les bagages abandonns du coup je suis bloqu sur le RER A
Ils y en qui devraient fermer leurs gueules et arrter de faire exprs de nager contre le courant pour se faire remarquer.
Imaginez que je sois sortie de chez moi vers 13h30.... Je serai meem pas au courant
Ingrate! @cecile__b grce  lui, tu es au courant pour la galette. Tu pourrais le remercier sinon tu te serais dplace pour rien.
J'adore quand on nous met au courant  la dernire minute qu'il faut s'habiller tout en noir pour demain ...
J'ai appel mon pre il y a 5 minutes il m'a rep et il m'a demand comment a allait  l'cole donc je sais meme pas si il est au courant
J'ai dis que mon pere tait au courant et maintenant il se fait limite engueuler parce qu'il lui a rien dit
J'ai l'impression que sur la ligne B y'a un quotas d'accidents  respecter genre sinon c'est pas une journe aux normes
J'ai mis un snap "Je suis Charlie" et on ma repondu "Non t'es Justine ahah" wsh comment on peut rire de sa ou ne pas etre au courant?
J'ai peur ils pensent que les terroristes sont de le mtro/rer Je vais  mon cours de maths en rer dans une heure
J'ai reu une heure de colle chez moi, j'tais pas au courant
J'ai voulu faire le beau  venir en courant au bureau. Mon corps m'a envoy un texto pour me demander d'arrter mes conneries.
J'aime bien couter les conversations dans le RER & entendre les diffrentes versions des vnements qui ont eu lieu ce matin #CharlieHebdo.
J'appel ma mre elle est parti voir mon oncle tante a Paris je lui explique elle me dit ah bon non je suis pas au courant attend je regarde
J'appelle mon pre qui est sur Paris, il tait pas au courant je lui raconte il me rpond : " Aie foda-se que esta Frana.. Meu Deus "
J'espre ma prof principale elle sera pas au courant
J'espre que Gradur il est au courant qu'on est en Janvier donc il serai temps de sortir l'album
J'espre que ces deux ou trois "hommes" ne regardent pas BFM parce qu'ils vont tre au courant de ce qui se passe..
J'espre que les djihadistes ne regardent pas Twitter ou BFM TV, car l ils sont forcment au courant que le RAID est  Reims. Pas malin, a
J'espre que les personnes qui ont fait a sont au courant que le mal revient toujours  celui qui le fait #CharlieHebdo
J'espre vraiment que demain au lyce les profs vont en parler! En plus je suis en ES et on doit se tenir au courant, c'est important-
J'ose mme plus le regarder maintenant, ds qu'il arrive vers moi je me casse limite en courant
J'suis toujours l dernire au courant.
J'tais la premire au courant pour son copain, quand elle m'a montr une photo j'tais trop contente pour elle
J'tait la premire au courant
Je ferai un autre dessin dans la semaine. Je vous tiens au courant.
Je ferais ma minute de silence en courant
Je finis les cours comme a fatigue , puis y'a une dame qui me fatigue dans le tram,ou bien quel sorcier a envoy la maladie  son frre...
Je lance une grande souscription pour acheter matriel audio pour annonces voys ds trains RERB. cc @donjuan_dvro
Je passe le portail de chez moi taleur et je vois quoi...? DES POULES. Ah bah je suis partie en courant et j'ai attendu que mon pre rentre
Je prfre pas prendre le mtro ou le rer c'est un coup sa explose
Je prfre prciser que la dernire photo que j'ai tweet n'a aucun rapport avec l'actualit. Je n'tais pas au courant  cette heure l.
Je reois des mails pour me prvenir que c'est les soldes ajd, GENRE j'tais pas au courant! a attendra...
Je sens venir le coup pute de la ligne 13 la.. ils ralentis peu  peu
Je serais  sa place quand elle va dire que c'tait sa patronne, je me sentirais trop mal je partirai en courant #PatronIncognito
Je suis au courant des actions du match du #RM_ATM sur TT. Mon cableur ne sera pas payer ce mois >_<
Je suis dans le tram et la je reois un mail en mode "cours annul ce matin" je sais mme pas si je dois tre contente ou pas
Je suis en vacances au cas o vous seriez pas au courant
Je suis sre que la moiti des gens de ma classe ne vont pas tre au courant a va me blas violent #CharlieHebdo
Je vais faire comme on a dit j'en parle a personne, personne sera au courant et comme a on aura pas t'emmerde
Je viens d'tre mise au courant - Mes sincres penses vont aux victimes & aux familles des victimes... C'est coeurant #jesuischarlie
Jennifer Aniston vous "tiendra au courant" quand elle sera enceinte et marie
L y'a le hros de l'histoire, ou mon acolyte je ne sais plus (appelons-le Bruce Willis), qui gueule un truc et part en courant vers un abri
L'anne dernire mon pre m'avait dit  on va vivre au bled  comme une conne j'avais pas accepter la il me re dit je pars en courant
L'tat tait au courant de ce qu'il se passait, mon pre a eu code rouge  9h30 au travail
La Poste s'allie  Archos pour crer des services lis aux objets connects: La Poste commercialisera, courant...
La base du problme est la. La premire marche. Le courant de sympathie qui rend les choses possibles. Les petit...
La dernire fois les gars ont cru entendre des talons marcher dans mes escaliers et quelqu'un a couper mon courant mdrrr vla sa fait peuur
La fin de la saison 4 est juste horrible ptn. Mais je veux savoir ce qui se passe, si cook il meurt personne ne sera au courant de rien
La voiture de ma mre qui dmarre plus, coupure de courant sec, le chien qui aboie pour rien.. j'ai peur
Le CVL et le CAR organisent une runion demain concernant Charlie Hebdo. Vous serez tenus au courant de l'action men #ARabelais
Le RER A il a t interrompu, colis suspect ! Et y'a possibilit que la police soit sur les traces des 2 mecs
Le gars lui tire dessus pour ne pas qu'il bouge, va vers lui en courant et s'arrter il lui mets une balle dans la tte
Le grand bavard du RER  dcid de parler de la perte de la place franaise en comptitivit plutt que de Charlie. On le comprend.
Le mec en face de moi dans le RER il tait au tlphone et que il disait "coute moi bien demain j'vais venir j'vais te massacrer"
Le mec qui se fait craser  Laplace par le RER, donc traf8c interrompu. Partiel prvu  9h30
Le plus ridicule c'est de croire que je suis au courant de rien et que je ne le serais jamais
Le probleme c que vous serez au courant dla verit que des annes aprs c'qui vien dse passer tout comme l'attentat du 11septembre c dmg..
Le projet #TheVampsInFrance est annul. Il sera srement report nous vous tenons au courant x.
Le rer le matin c'est tactique j'fou mon coude dans la colonne vertbrale dans gens comme a il s'approche pas trop
Les Amricains sont au courant, c'est la Terre entire qui s'unis pour la France.
Les deux ils veulent pas assumer mais mdrr tqt dans moins de deux jours, tout le monde sera au courant.
Les gens il t'accuse alors qui savent quedal et le pire c'est qu'on tait meme pas au courant niquez vos mre
Les gens ils parlent,ils sont au courant de rien,mdr a me fait bien rire a
Les gens qui mettent "Rip Charlie" j'espre que vous tes au moins au courant que c un journal et pas une personne
Les infos trangres sont plus au courant que les infos franaises ! Du grand n'importe quoi ! #BFMTV
Les rares fois ou je prends le rer pour aller en cours il se passe toujours une merde
Les remdes naturels pour le ventre gonfl Le ventre gonfl est quelque chose de trs courant. On termine de...
Les tram' sont ralentis  hauteur de Htel de Ville.Plus de cent personnes marchent vers le parvis des droits de l'homme pour #CharlieHebbo
Ma belle mre ma appelait, elle etait pas au courant, je lui ai explique et elle tait choque
Ma dernire pense de la journe va  Taylor, qui profite bien de ses vacances et qui, si a se trouve, n'est pas au courant
Ma grand mre a appel d'Algrie ma mre pour lui parler de l'attentat mdr elle tait au courant avant nous
Ma grand mre elle habite a Paris elle tait mme pas au courant de l'attentat
Ma mre : " tu es au courant pour l'attentat ? ",Oh putain que oui, entre twitter les les " je suis Chalie " en PP facebook
Ma mre a pleurer quand elle a tait au courant pour la fusillade..
Ma mre arrive et me demande si je suis au courant pour l'attentat.,Comment lui expliquer que rien ne m'a jamais autnt choque?
Ma mre elle m'a appel cette aprs midi pour savoir si j'tais au courant et me dire de faire attention   bord des larmes j'tais
Ma mre elle rentre d'ici 15min je vais voir si elle est au courant
Ma mre elle tait pas au courant de l'attentat...
Ma mre elle veut savoir pourquoi je dors tout le temps mais je suis pas plus au courant qu'elle.
Ma mre elle vient de rentrer et elle tait pas au courant du coup je lui ai expliqu putain je suis en larmes
Ma mre il est 14h chez elle jsuis sur elle est mme pas au courant...,ca va trop trop l'attrist
Ma mre qui arrive chez moi et qui est toujours pas au courant que y'a eu un attentat
Ma mre qui m'appelle alors que j'suis au travail pour savoir si ya eu un attentat chez moi. Coup de stress bc j'tais pas encore au courant
Ma mre rentre comme tous les soirs, elle n'tait pas au courant pour Charlie Hebdo, accompagne d'un jeu de socit "O est Charlie?"...
Ma mre vient de rentrer elle est mme pas au courant de l'attentat
Ma tante a apeller ma mre pour savoir si on allais bien. Le Portugal est dj au courant.
Maintenant la France sera au courant pour ce qu'il ce passe en Israel quand il y'a des attentas ou des bombes dans les Kanyone
Mais allez ta mre la hibou, coupure de courant quand l'atlhetico tape le penalty
Mais arrtez de dbattre la dessus alors que vous ne pouvez mme pas comprendre car personne ne seras mis au courant
Mais du coup demain y'a des rer pour aller en cours ou pas ? Svp
Mais l j'suis vraiment pas d'accord avec les gens qui disent d'arrter d'en parler ou qui sont pas au courant c'est vraiment horrible
Mardi prochain le prof n'aura pas  se plaindre pour une fois, on sera au courant de l'actualit comme il veut. Si y'en a un qui sait pas
Mdddr ma mre doit tre au courant voyons
Mddr en plusje dois prendre la ligne 2 apparemment elle est au ralenti a cause de a ptn
Mdr il coute du jul le fdp j'espre jamais le revoir en edf,
Mdr j'crois que le gars il est mme pas au courant dans la galre qui vient de s'embarquer l. Je vais pas le lcher le coco #lts
Mdr mon prof il est bloqu  cause du rer j'ai pas cours
Merci @Remi_M5 de RT les infos pour nous tenir au courant ! <3 #JeSuisCharlie
Mme le pre de Jacob est au courant de l'attentat
Moi j'tait au courant de rien jusqua que mon pere mappel
Mon frre est  peu prs au courant de ce qu'il s'est pass, il ne s'y intresse pas plus que a et joue  fifa. Gnration de merde.
Mon frre il est en Autriche il est au courant de rien, on vient de lui dire
Mon frre il habite  Paname il tait mme pas au courant !! C'est moi qui l'ai prvenu
Mon pere qui rentre, il est meme au courant de l'attentat. Bon.
Mon pre est arriv, il n'tait pas au courant, je n'ai pas pu lui raconter. C'est pouvantable, j'ai eu envie de pleurer bordel.
Mon pre il boss a paris il se dplace partout dans paris... je sais mme pas si il est au courant quoi que a la radio ils doivent en parler
Mon pre il est pas au courant de ce qui c'est pass du coup je peux mme pas mettre de bandage ni rien
Mon pre il me dit vite il est 8h05 jsuis partie en courant sans mettre mes lentilles et tout j'tais mme pas en retard en plus
Mon pre j'crois qu'il est mme pas au courant pour vendredi soir en faite
Mon pre qui est au USA tait au courant de la fusillade a #CharlieHebdo avant ma mre qui est en France
Mon pre qui rentre qui me montre son bras il sait fait un tatouage je savais mme pas tous le monde tait au courant sauf moi comme dab
Mon pre tait mme pas au courant..
Mon pre vient de voir des mecs commencer les installations pour le festival de la BD. Ils avaient pas l'air au courant de quoi que ce soit.
Nan mais dj j'suis pas hyper chaude pour mourir mais enc moins pour mourir pour aller en cour avec le rer on c jms
Non pas que ce qui arrive m'indiffre mais bon il est 21:08 c'est en boucle. Je pense que on est tous au courant.
Nous pouvons enfin vous dire que l'application sera sur l'apple store courant du mois de fvrier... ;-)
Nsm l'accident de tram, j'suis bloquer  anzin <<<<
OMG Y'a eu un attentat  Paris ! J'tais pas au courant. Putain mon pre disait que ctait oblig qu'il y en est.
Oh Keith Tomlinson a tweet sur #JeSuisCharlie , peu de gens sont au courant au-del de nos frontires
Ok faut bien qu'on ai des vidos pour preuve sinon on est au courant de rien mais te dire que ton 1er rflexe est sortir ton tel pr filmer..
Ok je rachterais plus ce plat, d'aucy vous tes au courant que vos plats sentent comme ce que je donne a mon chien ?
Ok je vais rajouter dans ma bio : mes tweets n'engagent que moi et je m'exprime sans retenue comme sa vous serez au courant
Ok, aprs les cours a12h45 je suis monte dans la voiture et la mon pere direct il me dit: t'es au courant pour l'attentat?
On a compris qu'on est es direct sur #BFMTV si on est sur cette chaton c'est qu'on est au courant pas la peine de le rpter  chaque phrase
On assiste  quelque chose de fou et d'incohrent!,Je suis sre qu'ils sont au courant de bien plus de choses mais doivent attendre. #bfmtv
On dirait ilona la, premire fois de ma vie que je suis au courant de rien
On est sous le contrle de plusieurs complot et on sera jamais mis au courant de tous a #LRT
On nous tiendrait au courant aussi. a serait mieux hein
On va fnir par me considrer comme une grosse insensible parce que je vais tjrs  contre courant de leurs motions , regardez mon #LT
On veut tout savoir sur le monde entier et eux font a pcq ils savent que le monde entier sera au courant de ce qu'ils sont capable de faire
PTN la fusillade tait  cot du travail de ma mre heureusement que jusqu' maintenant j'tais pas au courant bc j'aurais paniqu.
PUTIN y a qu'un seul RER pq jsuis pas en retard aujourd'hui je serai pas aller en cours
Parce que meme si tes au courant de ce qui se passe... tu sers a rien. Tu px rien faire pour changer les atrocits
Pas de RER jusqu' 12h youpi c'est partit pour aller a @GamingLive en chauffeur dans les embouteillages ....
Pour que la lumire soit, des convertisseurs de courant peuvent aider. Voici comment on en produit  #Goma
Pourquoi je suis pas au courant que y a un mec il a tu son frre l o j'habite?
Pourquoi je suis toujours la dernire au courant des trucs comme a ?!
Ptdr miskine en stmg le profs i sront mm po au courant demain on va faire goter, c gnio
Ptdr re plus de courant dans le lyce
Ptdrrr mon pre avez prvu une surprise pour moi samedi j'tais pas au courant et ma grand mre vient de gaffer
Ptdrrrr y'a un couple qui s'est afficher a sur le quai du RER A de la dfense genre il baiser habiller ptdrrrr jpp
Ptn today une magnifique coupure de courant au lyce.,La prof contente nous dit qu'elle pourra nous librer plus tt si a reviens pas...
Putain de rer !!! Il va me mettre en retard pour mon partiel je le sens !!! Pq des accidents de voyageurs! Pourquoiiiii
Putain demain y aura encore la moiti de la classe qui sera pas au courant ...
Putain j'espre que Kev va tourner vers chez moi et que je serais au courant pour essayer d'y aller !@kevadamsss @BigDavv
Putain mais ils filment le RAID, j'hallucine, ils sont au courant que c'est une unit qui est sense oprer en secret ?
Putain, le RAID fait son boulot, la police fait son boulot. Si a fonctionne, on sera au courant, merde. Pas besoin de les faire chouer.
Quand nous ne sommes pas au courant du pourquoi ? Par qui ? Il faut arrter de faire une fixation sur la religion putain, et se renseigner.
Quelqu un etait au courant des attaques djoues la semaine dernire ?
RT @1GrecSansTomate: C bien ca parle de l'attentat mai vou ete au courant que messi va peut tre quitter le barca ? Fodrai + ce pencher vers se sujet
RT @20_0498: Tfsn avec ma mere jsuis au courant de tous les attentats frr elle regarde les infos de tous les pays mddddddr
RT @AndreTbs: de toute faon, restez au courant, vous allez entendre parler de la somme qu'on va verss aux famille, pour "l'attentat" #CharlieHebdo
RT @AnyceDz: @MoOmo_Stleu Nan mais il ya eu une descente de j'sais pas combien de voiture chez lui mon frere les a vu il est rentr en courant me le dire
RT @AugustinLRD: Je prfre prciser que la dernire photo que j'ai tweet n'a aucun rapport avec l'actualit. Je n'tais pas au courant  cette heure l.
RT @BB_Central: a me fait bizarre que Nicki qualifi ANACONDA "d'accident" parce que je me demande si elle tait au courant de...
RT @Bartems: Le rer le matin c'est tactique j'fou mon coude dans la colonne vertbrale dans gens comme a il s'approche pas trop
RT @CHEETAH369: On va fnir par me considrer comme une grosse insensible parce que je vais tjrs  contre courant de leurs motions , regardez mon #LT
RT @CIaudeFrancois: RE JE SUIS LA, DSOL DU RETARD J'AVAIS UNE PETITE COUPURE DE COURANT
RT @C_Gaetan9: a m'fait rire ils y en as ils savent ou ils sont avant mme que la police soit au courant
RT @Calie971: Le RER A il a t interrompu, colis suspect ! Et y'a possibilit que la police soit sur les traces des 2 mecs
RT @CeQuonVousCache: Le scandale est devenu courant -
RT @DeejayGameOn: Un bout de tissage tress a t retrouver sur un sige du RER D, son propritaire est pri de venir le rcuprer
RT @DerkosIII: @GeroFutHD mais tu les auras tkt pas tiens moi au courant quand tu les reois
RT @DidierRobert_MM: @grangerfranc Nous sommes au courant, nous parlons de la temprature observe la + froide de la plante dans les dernires 48 hrs
RT @Divague_: Hier c'tait la pleine lune, a donne des insomnies aux loups garous.,Demain c'est les soldes, bonjour les ptasses cernes dans le RER.
RT @EleKoptes: Ah bah oui. Tu serais au courant si tu zyeutais les infos internationales au lieu de te branler sur Les Anges de la Tlralit, baltringue.
RT @EmmanP75: J'espre que les djihadistes ne regardent pas Twitter ou BFM TV, car l ils sont forcment au courant que le RAID est  Reims. Pas malin, a
RT @Epazeh: @Sabsab129 J'tais pas au courant qu'il y avait des morts mais c'est eux qui entretiennent les tensions et cette attaque ne leur fera que du
RT @EstelleJbt: Les couples qui se lchent pas la bouche ds le matin dans le RER c'est quoi votre problme ?
RT @EvelyneJeambeau: "@LaChronique35: #35ACTU #Cyclisme La future ligne d'arrive du Tour de France  #Fougres sera trace samedi @letour. A 14h30. :-)
RT @FaRaNgKiMaO: @mobyjones93 Quand je prend le RER, j'y pense tjr ...surtout chtelet les halles ..un bon spot pour faire couler le sang  flot!
RT @FaatMilleMille: Twitter C'est Le Journal De 20h Sa Mre Tes Au Courant De Tous
RT @Fan2kevA: @lolokittyadams @kevadamsss  bah moi je serais au courant des controles, c au moin sa
RT @FrenchVampette: Le projet #TheVampsInFrance est annul. Il sera srement report nous vous tenons au courant x.
RT @GarancePrev: J'tais pas au courant jusqu' ce que j'arrive  table o ma belle-mre coutait la radio. a m'a fait tout de suite rflchir#ChalieHebdo
RT @Godyyouknow: Si j'me fais craser par le tram, on trouve mon ipod au sol et j'tais entrain d'couter du Jul, vous pensez que ma mre sera fier de moi ?
RT @HoshiOfficial: On assiste  quelque chose de fou et d'incohrent!,Je suis sre qu'ils sont au courant de bien plus de choses mais doivent attendre. #bfmtv
RT @IamJoupi: J'espre que les familles des victimes sont dj au courant. Si c'est pour l'apprendre  la TV pas dig. Les mdias sont trop rapides.
RT @ImCrazyMofos_: Il est pas encore au courant mais j'v grer mdddr
RT @ImanBanguid: Ma mre rentre comme tous les soirs, elle n'tait pas au courant pour Charlie Hebdo, accompagne d'un jeu de socit "O est Charlie?"...
RT @JsuistaBoss: @Lisa_Paganini Oui pas de soucis, tu me tient au courant on se referas une soire
RT @JustineBqt29: J'ai mis un snap "Je suis Charlie" et on ma repondu "Non t'es Justine ahah" wsh comment on peut rire de sa ou ne pas etre au courant?
RT @Kamy_Haq: Mdr j'crois que le gars il est mme pas au courant dans la galre qui vient de s'embarquer l. Je vais pas le lcher le coco #lts
RT @KenzaBiebs: - " Bonjour, c'est une salle de reunion derriere ils sont surement morts de rire en s'foutant d'vous " on est partis en courant mdrr
RT @KymiaOph: nan mais on croit rver putain "selfie attentat" "#TweetLoca Attentat" mais bande de cons vs etes au courant que c pas un jeu ?
RT @L214: Bel dito - "Courant d're... L'oeil du singe"  via @letelegramme #thique #droit #juridique
RT @LaChronique35: #35ACTU #Cyclisme La future ligne d'arrive du Tour de France  #Fougres sera trace samedi @letour
RT @Lamroush: @Denzelwashh @Eloise_India @AlexandreLejuez @Pack_Home t'es au courant que si je bois une vodka au cosy et que jte croise jetencule ta mere?
RT @Langue2puteBack: @manelux_de_luxe @jeremstar PTDRRRRRRRRRRRRRRRRRRRRRRRt RRR jsuis choque il a OSE dire personne tait au courant sauf LUI !!!!! ....
RT @Lauraa_Sequeira: J'appelle mon pre qui est sur Paris, il tait pas au courant je lui raconte il me rpond : " Aie foda-se que esta Frana.. Meu Deus "
RT @LeCritiqueur: Mdr l'imam de Drancy Chalghoumi, ils sont au courant @itele et @BFMTV qu'il reprsente que lui mme ce clandestin ?
RT @LeCrocBlanc: Le probleme c que vous serez au courant dla verit que des annes aprs c'qui vien dse passer tout comme l'attentat du 11septembre c dmg..
RT @LionneQueen: Les mecs qd vous voulez grer une meuf elle peut s'appeler "Binitoumamadalou" vous allez dire "Oh joli prnom c'est pas courant "
RT @LoL_DFG: J'ai voulu faire le beau  venir en courant au bureau. Mon corps m'a envoy un texto pour me demander d'arrter mes conneries.
RT @Mandou87: @le_Parisien @polakorital91 @MissDebo45 @1987Ness Au cas o vous ne seriez pas encore au courant ^^
RT @ManzelleGwaada: Choqu gt pas au courant pour l attentat  paris ma mre Vien de me raconter
RT @MargauxAg: Avec mon pre on se tient au courant des news de l'attentat par message, genre lui avec a radio et moi avec twitter mdddr
RT @MarineLeGohebel: Les tram' sont ralentis  hauteur de Htel de Ville.Plus de cent personnes marchent vers le parvis des droits de l'homme pour #CharlieHebbo
RT @Mathi2304: j'ai prvenu mes parents de faire attention dans les transports et j'ai bien fait, mon pre tait au courant de rien...
RT @MaxenceBrt: Si j'ai bien compris, ils ont dcid de faire une soire chez moi, et ils m'ont retir de la conversation, pour pas que je sois au courant.
RT @MorilleJp: Wtf c'est quoi ce bordel!!! Les amricains seraient plus au courant que nous ??? "1mort, 2arrestations #CharlevilleMezieres
RT @NNSPH: @supersupernaze Oui, aprs les premires menaces des islamistes, il s'est barr en courant en laissant "ses" copains dans la merde.
RT @Paul_Deby: Putain les couples de moches qui se galochent dans le RER comme si c'etait la derniere fois , you a mare
RT @Poko_Kyo_30STM: OMG Y'a eu un attentat  Paris ! J'tais pas au courant. Putain mon pre disait que ctait oblig qu'il y en est.
RT @Poloo_S: Ha bon on est inquiet quand on voit un casque ?! Premire nouvelle j'tais pas au courant... #PatronIncognito
RT @PtiTonime: @JarodHdj @Romain_Alsdn Jai toujours pas oublier pour le mis-per des que jlai tu sera au courant gavaaa
RT @RAPMAGRADIDUR: .@JaadeHam_Killa J'espre que Gradur il est au courant qu'on est en Janvier donc il serai temps de sortir l'album...
RT @Remi_M5: Putain les USA plus au courant que nous...
RT @Remyreminho: A nouvel an quelqu'un a cacher une bouteille de vodka dans ma salle de bain j'tais mme pas au courant sauf que ma mre l'as trouver
RT @RobinLambotte: Putain demain y aura encore la moiti de la classe qui sera pas au courant ...
RT @Romain_Tmb77: @KmyeLam Mais je suis pas flic donc j'en sais rien. J'ose esprer que les Renseignements sont au courant de futures attaques.
RT @Sandrea26France: Je viens d'tre mise au courant - Mes sincres penses vont aux victimes & aux familles des victimes... C'est coeurant #jesuischarlie
RT @Selly_Kidrauhl: J'ai peur ils pensent que les terroristes sont de le mtro/rer Je vais  mon cours de maths en rer dans une heure
RT @SignSoon: Ok je rachterais plus ce plat, d'aucy vous tes au courant que vos plats sentent comme ce que je donne a mon chien ?
RT @Slicito: Eh mais la la la on vas TOUS en enfer hein j'espre que vous tes au courant la
RT @SoUrbanGirl: Toute la plante entire est au courant.
RT @Thaek06: Pas de RER jusqu' 12h youpi c'est partit pour aller a @GamingLive en chauffeur dans les embouteillages ....
RT @ThiagoDjazayri2: @Cherazadelpdla2: #LPDLA2  >ton pre avec sa moustache tah l'inspecteur tahar est courant que sa fille c une pute
RT @TomLeBiscuit: Le CVL et le CAR organisent une runion demain concernant Charlie Hebdo. Vous serez tenus au courant de l'action men #ARabelais
RT @WazaAfrique: Pour que la lumire soit, des convertisseurs de courant peuvent aider. Voici comment on en produit  #Goma
RT @WreckThisSwift: Ma dernire pense de la journe va  Taylor, qui profite bien de ses vacances et qui, si a se trouve, n'est pas au courant
RT @aZZed: "des attentats ont t djous en France ces dernires semaines" (merci de nous mettre au courant)
RT @arcticlarryyy: Sinon @Louis_Tomlinson @Harry_Styles J'ESPRE QUE VOUS TES AU COURANT POUR SAM ET KRISTEN ET QUE VOUS ALLEZ AUSSI BOUGER VOTRE PETIT CUL
RT @ashtoniple: g une pote elle ma envoye je suis charlie en snap et moi comme une conne jt pas encore au courant g rep ou est charlie ptn jmen veux la
RT @cha_hinez: Ma grand mre a appel d'Algrie ma mre pour lui parler de l'attentat mdr elle tait au courant avant nous
RT @cineweed: @johnpalissy @patricecharles @Tournicoton @BFMTV Je suis au courant. Mais si tout le monde pense comme vous, la situation peux dgnrer
RT @etrecoachcom: "Tu peux rester immobile dans le courant dune rivire, mais pas dans le monde des hommes." Proverbe Japonais #quote
RT @gillesverdez: J'enquete sur le RER D la et je soupconne l'arnaque: pretendre que des trains sont supprimes alors qu'ils n'ont jamais ete prevus
RT @grlsalute: @ivegothistyles bun fait gaffe et tiens au courant psk mm si t une pute jvais m'inquiter
RT @hristjsh: Je sens venir le coup pute de la ligne 13 la.. ils ralentis peu  peu
RT @hxdri: Les gens qui veulent se suicider sur les rails du rer, faites le plutot le soir vers 19h svp psq apres le matin je suis en retard en cours
RT @ifvckmalik_: Si a se trouve on va les croiser dans la rue et on sera mme pas au courant que c'est eux. #CharlieHebdo
RT @laurentgallois: Je lance une grande souscription pour acheter matriel audio pour annonces voys ds trains RERB. cc @donjuan_dvro
RT @leattacheeadan: Ma mre arrive et me demande si je suis au courant pour l'attentat.,Comment lui expliquer que rien ne m'a jamais autnt choque?
RT @legendeuz_A: Pk vous vous jetez sous le RER pour mourir? C nul ton corps ressemble a rien aprs.
RT @lilaaa_d: J'espre que les personnes qui ont fait a sont au courant que le mal revient toujours  celui qui le fait #CharlieHebdo
RT @lilie97one: Mdddr ma mre doit tre au courant voyons
RT @maaarrystyles5: @adele_mlk je te tient au courant des que ma mre rentre oh god
RT @marcha07: 2/ n'tait au courant au moment de l'enregistrement, les entendre plaisanter / rire sans savoir, a peut tre bizarre, non? #CharlieHebdo
RT @mommclp: Sarko et Hollande ils sont au courant que leurs petits discours ne servent absolument  rien mis  part susciter de nouvelles colres?
RT @mtristan34: Quoi de mieu que arriver au collge en tram  Montpellier et avoir un accident @codfamilyaa
RT @naixeres: mme moi elle sais toujours tout avant tout le monde, la premire au courant de touuuuut
RT @needzniall_: imaginez l'enfant du policier il a pas t au courant de la mort de son pre et qu'il tombe sur la vido o il se fait tuer
RT @needzniall_: toute faon au collge ils ont tellement rien a foutre de l'actualit en france que je serai la seule a avoir t au courant
RT @nutella_CestMoi: @flywithdrew de toute faon, ils ont beau s'enduire, le monde entier est au courant, ils n'iront pas bien loin et je l'espre
RT @nuthemmings: J'espre vraiment que demain au lyce les profs vont en parler! En plus je suis en ES et on doit se tenir au courant, c'est important-
RT @paillon2: #CharlieHebdo Aux dernires nouvelles ni #Plenel ni #Askolovitch ne se sont encore suicids! On vous tient au courant ...
RT @pit3110: "Tous les RGs taient au courant...la seule question tait quand et o ?" #BFMTV,Merci d'avoir prvenu la population pour la protger DGOT
RT @psydu7: couter des retraits algriens dans le dans le tram condamner l' attentat #colombes #unis
RT @rebeucopdz: Guinng'z s'est tellement retir qu'ils sont mme pas au courant de ce qui se passe, mais tranquille le hibou doit arriver demain ! ahahah
RT @tajathug: @jxstine_ enfin il marche en courant, pcq jsais pas si il serait capable..
RT @thetrooper15_11: Mon frre est  peu prs au courant de ce qu'il s'est pass, il ne s'y intresse pas plus que a et joue  fifa. Gnration de merde.
RT @thvitoux: @Axlgrd @MargauxFery @OrianeDO je sais pas si je dois rire ou pleurer, t'es au courant  la base y a eu un attentat ?
RT @xsmileofmalik: @MmdPatate @wingsxf_irwin mais moi mon collge est  deux rues de chez moi donc je vais partir  la dernire minute en courant
RT @zaynslaymzlik: Si j'avais pas twitter je crois je serai au courant de rien abuser
Rer D Chatelet-Gare du nors. Si y'a attentat bas je suis dans la merde quoi. Bon bas je vais plus en cours
S'il te plait... Tiens moi au courant... Ma puce je veux pas qu'il arrive qqch a ta mere
Sa me fait dlire les petits de primaire, qui parte en courant en disant  leur mre "j'suis en retard", moi j'disait "c'est pas grave"
Sachant que j'ai dj russi  me pter le poignet en tombant en courant juste, alors au ski je vais revenir avec les deux bras pltrs
Sarko et Hollande ils sont au courant que leurs petits discours ne servent absolument  rien mis  part susciter de nouvelles colres?
Se lever, aller prendre le rer et voir qu'il est  l'arret jusqu' 9h alors que les cours commencent  9h c'est fait
Selon mes coms yt, je serais apparu dans une vido de @Crockile. j'tais mme pas au courant. xd
Si a se trouve on va les croiser dans la rue et on sera mme pas au courant que c'est eux. #CharlieHebdo
Si j'ai bien compris, ils ont dcid de faire une soire chez moi, et ils m'ont retir de la conversation, pour pas que je sois au courant.
Si j'avais pas twitter je crois je serai au courant de rien abuser
Si j'me fais craser par le tram, on trouve mon ipod au sol et j'tais entrain d'couter du Jul, vous pensez que ma mre sera fier de moi ?
Si je serai pas pass sur twitter, j'aurai peut-tre mme pas t au courant de ce qui pass aujourd'hui vu j'coute jamais les infos
Si vous lisiez les infos vous seriez au courant de l'attentat au Ymen, de la fusillade aux USA, et j'en PASSE.
Sur ces photos tu crois elle es grave belle mais je l'ai vu en vrai la dernire fois je suis parti en courant
T'a mre est au courant du projet?  En partie elle ne se doute pas que je vois les choses en grand
T'as ma mre qui est au courant et qui continue sa petite vie son petit mnage. Je sais pas si je l'envie d'avoir autant de recul ou pas.
Tfsn avec ma mere jsuis au courant de tous les attentats frr elle regarde les infos de tous les pays mddddddr
Tiens nous au courant si on a des infos OFFICIELLES sur l'avance des oprations policires stp @MiklOfficiel #mikl
Toujours la dernire au courant
Tout se qui parle et qui ne sont au courant de rien faut arrter regarder les infos avant
Toute la plante entire est au courant.
Twitter C'est Le Journal De 20h Sa Mre Tes Au Courant De Tous
Un petit puceau comme toi sortiras jamais sont ''chybre'' sa seras plutt '' te barr en courant'' mdr
Un tweet lger et hors sujet dans cette journe horrible. Kristen Stewart a fait son CO J'TAIS PAS AU COURANT PUTAIN !!!!
Une minute de silence demain  12h j'espre que le prof de philo est au courant, moi a me tient  cur de le faire
Voil, on a Paris compltement surveiller, RER et mtro couper, et on a peur des grand tablissement,  cause de qui? De gros cons teroriste
Voudrait dire a @jgalant74 que ce n'est pas en courant vers la privatisation de la #SNCB que le service va s'amliorer #matin1 #begov
Vous allez voir l autre elle sera mme pas au courant de ce qui c est pass ...
Vous serez tous au courant rapidement !!! Mais envie de pleurer...c'est vraiment pnible d'tre aussi...
Vu que jsp si ma mre est au courant je lui est envoyer un msg
Wtf c'est quoi ce bordel!!! Les amricains seraient plus au courant que nous ??? "1mort, 2arrestations #CharlevilleMezieres
Yen a un on dirait c la premire fois que vs etes au courant dun truc comme ca yen a eu ds passe mais c ptet la fois de trop
Zep, Martin Vidberg, Plantu et de nombreux autres dessinateurs ont rendu hommage  Charlie Hebdo dans le courant...
a doit tre tellement affreux de voir son pre flic tre abattu sur YouTube avant d'tre au courant
a m'fait rire ils y en as ils savent ou ils sont avant mme que la police soit au courant
a me fait bizarre que Nicki qualifi ANACONDA "d'accident" parce que je me demande si elle tait au courant de...
a se serais pass en Afrique qu'on en serait meme pas au courant. Moi c'est a qui m'nerve
a se trouve il sera mme pas au courant il a pas la tl ni internet...
a serait lourd si en sortant des cours un hlicoptre venait me chercher pour m'viter de prendre ce putin de RER D #cocazero
askip ils ont tu un des gars mme les flics ils sont pas au courant frre
bientot la colection solmi competition vetement seras lanc,lik la page et partag pour rester au courant on...
c'est tellement grave tout le globe sera au courant
chaque fois on critique les mdias mais sans a on serait pas au courant de ce qu'il se passe mdr genre c'midi quoi
chez mm pas ma mere elle et ou elle fait koi ! mon reuf il pleurer chez meme ps pk et mw bh jsuis o courant de r
couter des retraits algriens dans le dans le tram condamner l' attentat #colombes #unis
de toute faon, restez au courant, vous allez entendre parler de la somme qu'on va verss aux famille, pour "l'attentat" #CharlieHebdo
euh pq je reois des snapchat "rvisions philo" jsuis pas au courant perso
g une pote elle ma envoye je suis charlie en snap et moi comme une conne jt pas encore au courant g rep ou est charlie ptn jmen veux la
imaginez demain le rer a il explose wsh pendant kjvai en cours sa fais booom
imaginez l'enfant du policier il a pas t au courant de la mort de son pre et qu'il tombe sur la vido o il se fait tuer
j'ai appeler ma mre vu qu'elle tait  Paris ce matin ; elle tait mme pas au courant
j'ai prvenu mes parents de faire attention dans les transports et j'ai bien fait, mon pre tait au courant de rien...
j'espre au moins que ces trois personnes sont au courant qu'il insultent eux mme leur religion en tuant au nom de celle-ci.
j'espre qu'elle sera pas au courant
j'explique a ma mere ce qui s'est pass du coup elle etait pas au courant
je vais appeler mon pre pour savoir s'il est au courant
jsuis tjrs pas rentre jsp si ma mre est au courant qui y'a cours demain
l j'coute I'm coming home dans le RER j'ai l'impression que je vais revoir ma mre au bout de 7 ans alors que je vais taffer jusqu' 20h
l'actualit trafic avant de se lever*
las assassins ils vont prendre 25 ans, ils vont sortir, se tenir au courant et re-tuer
ma grand-mre en Pologne tait au courant de l'attentat avant moi
ma mre elle vient me voir en courant "c'est logique en fait pourquoi "je suis Charlie", pour Charlie Hebdo !" .........
ma mre j'lui envoie "on pourrait l'appeler Charlie la chienne?" elle m'a rpondu "trop courant" jcrois qu'elle a pas compris..
mdrrrr a me fait rire les gens qui sont aux courant de l'attentat par rapport  twitter et qui font les touchs
mme moi elle sais toujours tout avant tout le monde, la premire au courant de touuuuut
mon frre est tellement obnubil par ses jeux vidos qu'il n'tait mme pas au courant de ce qui s'est pass...
mon frre tais pas au courant, ptdrr y regarde jamais la tl lui! #LT
mon mdecin a bien insist sur le fait que je fume sauf que ma mre n'tait pas au courant, gnial
mon pre est en runion et je suis pas sr qu'il est au courant de ce qu'il se passe
mon pre il m'a pas cru quand je lui ai dit que j'avais regard les infos tout l'aprs midi pour tre au courant des avances de l'enqute
nan mais on croit rver putain "selfie attentat" "#TweetLoca Attentat" mais bande de cons vs etes au courant que c pas un jeu ?
obliger de prendre le rer alors quil y a des terroristes pour un simple cours de violon... famille de fou. -'
ouah mon pre il m'a fait flipper cette aprs midi. il m'appelle et me dis "demande a maman si elle a est courant de c'qui s'est pass"
pour dtendre l'atmosphre, jai un pote un s'appelle Charlie, il tait pas au courant, il comprenais pas pq tout le monde mettais son-
si demain ya pas de rer jvais pas en cours
taleur jrentrais chez mii j'tais pas au courant, et la jvois mon pre il me dit "vous avez vu ce qu'il s'est pass?" c'esr grave
ton pre il est au courant pour votre projet?  Oui vite fait
tous les matins dans le busje relis mes cours de maths physique SIpour yannick,a agit comme un somnifre sur lui
tout le monde a pens que ct mieux apparement que jsois la dernire personne au courant pff mon cul oui.
toute faon au collge ils ont tellement rien a foutre de l'actualit en france que je serai la seule a avoir t au courant
vitez de laisser votre sac macdo que vous voulez pas jeter ou votre sac de cours Hello Kitty sur le quai du RER #merci #bandedabrutis
vous tes au courant que vous allez crer encore plus de problmes si vous voulez faire des blocus? c'est ridicule mme a a rien  voir
