" On a assist  une premire mi temps de qualit " Il est au courant qu'il y a des gens qui regardent le match??? #FCMSRFC
" y a qui au courant ? " "mes potes mes parents mon frre " j'ai jamais vu un mytho pareil mdr
"@CIaudeFrancois: RE JE SUIS LA, DSOL DU RETARD J'AVAIS UNE PETITE COUPURE DE COURANT" TROOOOP DE LOOOL
"@CIaudeFrancois: RE JE SUIS LA, DSOL DU RETARD J'AVAIS UNE PETITE COUPURE DE COURANT" aaaah, btard
"@LuIzIngrId2: Mendong un rare quartier... Le courant est parti . Damn Shit !" c'est revenu en moins de 5 mins
"@willyborgia: "@LuIzIngrId2: Mendong un rare quartier... Le courant est parti . Damn Shit !" c'est revenu en moins de 5 mins" mm pas
"C'est une question de vie ou d'mort sinon elle est dj morte en fait parce que sa mre est au courant mais pas son pre" BAIL DE RENOI
"Donc si qqn vient tu me tiens au courant" puis re repart
"Lundi on va srement aller voir Annabelle-C'est qui Annabelle?",Ma mre vachement au courant
"Tu seras le premier  qui je le dirai",Wesh sa fait dj 8 jours t'es sens me dire, tout le monde est au courant l, accouche putain .
#10factsaboutmytwitterbestfriend,7) Elle sera la premire au courant si je rencontre JoHN.
#INFO Aujourd'hui a lieu le mariage de Candice Accola et Joey King, il y a de forte chance que Claire y sera, on vous tiendra au courant :)
,"@KuramaGenkai: Tu cours pour prendre le RER et
- l je vois ma mre j'avais trop peur que le bus reparte alors je prends tous mes sacs, mon blouson et je pars d'un coup sauf que
1er fois que Lucie ne loupe ni son train ni son bus omg
1re fois que je vais  l'arrt de bus avec mon frre a fait plus d'un mois qu'on a commenc les cours mais bon
@16_CamillaS: #JenAiMarreDesDirectionersCar elles sont prte a vendre leurs mre pour eux j'tais mme pas au courant mdrrr bon
@17BHS j'leur ai dit 5 mois aprs pendant le repas de famille de nol comme a tout le monde tait au courant
@3Thiney a louper son bus  cause de moi. Haha je suis fire
@6Maigrir au moins il sera au courant et a changera quoi? Rien sauf si il a des sentiments aussi vous serez  deux
@AiltonJr_ non??! Vasy mlk! Tu me tiendras au courant , oblig on se fera a !! Tu viens quand a peu prs ?
@AlbertCheuret je gre mes bails on se tient au courant demain ou dans la semaine promis wallah sur la tte de kaaris
@Ali94Fy T'es au courant du scandale de l'quipe nationale turque? A propos de Tre, Calhanoglu et Toprak?
@AnaMtn_ je ne sais pas du tout encore.. Je te tiens au courant mais j'espre avoir du wifi
@Av_Meri men fou je m'entretiens MOI ! Et pas en courant juste jusqu' la cuisine comme certaine si tu vois ce que je veux dire... ahahaha
@BASTILLEdo oui, ce serait cool ! a marche, on se tient au courant ! :)
@BAnthou_ je serais la tu me tiens au courant
@BEHINDpleasure oui on se tient au courant, non mais attends ce serait norme!!
@BresolinClaire mais mme ma mre savait... En faite y a juste les juniores filles qui sont pas au courant...
@CamillePtB J'avoue n'empche Chadi et Sarah et les commres, t'es arrive ils t'ont direct mise au courant et tout
@ControleurPM733 Si les services ne servent  rien, on peut arrter la rnovation des rames, bar TGV, les prises de courant etc @petiflo48
@Danoninau Kim m'a dit quelle finissait de manger vers 21h30 jcrois mais je te tiens au courant si tu veux
@DiegoRPGCHH * se relve en essuyant ses larmes et part en courant. *
@Dona_A26 Je suis aux courant de tous vos projets bc sa parle des Beliebers. Essaye pas de faire la meuf derire ton cran
@Dric_cHg moi j'crois j'pleure ptn dj derrire la tl jsuis en panique alors en vrai ptdr jme barre en courant
@FaisRien oui je suis GFX mais j'ai arrter les commandes, je vais srement les reprendre pendant les vacances alors tiens toi au courant ^^
@FinallyTibo @Anissementvotre Quand je te dis " on te tiendra au courant " ca sera dimanche a 2OH
@Floriangig coute je regarde quand je reois la feuille  la maison et si jamais c'est possible je te tiens au courant.
@Franceesca_ c'est bon tes afficher j'espre que tes parents sont au courant
@Freekybitchh je vais voir pour grer a. je te tiendrai au courant. <3
@FrenchSwiftie13 @Costryme Mais si un jour Taylor passe en France pour un concert, je serais oblig de les mettre au courant pour y aller :/
@GunnersMathers Non mais a.. Ce sera un scandale quand on se verra lol Tu me tiens au courant Juju, que je sache o venir pr les boire^^
@Haatezor @KimyamsMx064 ahana gag, moi je serais partit en courant :(
@Hitsugayur @TheSwaggManTV Salam frre, t'es au courant que Sandra Bullock c'est une pute de vendue ou pas ?
@IchiHD Je suis dj au courant mais je prfre faire des commandes perso  des personnes gnreux.
@InfoKendji C'est fait! J'espre que ton initiative va payer car c'est honteux! Tiens au courant :)
@Ins_Rg j'tais au courant pour la convention mais trop chre  mais je savais pas qu'il yaurais Sophia Bush et bettany putain jui degu
@Jarpatate @_Louass a ta place je me serais carrment barrer en courant de la salle mdrrrrr
@Jeromeradio a serai top je le mettrais sur le groupe officiel a Kvin (keen'v) a ferai des heureux tu me tien au courant merci a toi biz
@JulienMinuzzo Je suis mage. T'tais pas au courant^^ Le sort est plutt galre mais il fonctionne.
@JustiiineMa bah j'tais la premire au courant
@Kev_Monnerie Ah bah si tu veux, tu me tiens au courant et y aura pas de problme ! Tu me redis
@Lau_Marchal @mrgtcty j'suis pas sre de venir, je vous tiendrais au courant
@Lau_thbt ue a va c'tait pour te tenir au courant car la elle doit ce faire tuer par sont pre
@Laurianeyou je pensais tre la seule (et dernire) a tre au courant , nous sommes 2
@LiahRPGLSD oh merde *vient vers toi en courant* a va ?
@LisonDubois FERLE TA GUEULE MA MERE ELLE A EST ARRIVEE EN COURANT TELLEMENT J'AI CRIE
@MMA_NOUVELLES @Videotron24_7 je t'avais dit que je te tiendrais au courant, toujours pas reu d'appel loll.. Cancellez le projet..
@Man0nPourel je pense mais mes parents seraient pas au courant donc jsp o je dormirais c'est a le pd
@MathildaCaron bah tiens moi au courant psq on sera peut tres pas chez toi
@Midhoou_ J'tais mme pas au courant, j'ai su a tard, l'quipe de mon frre meme a t cale, ils ont tout ferm depuis 2 semaines conhan
@Moi_BossDivin Et je le redis : 10000 fois plus courant chez les htros que les homos. Mais moins choquant car banalis. :)
@Monpsyvite J'ai achet des piles pas chres, sur l'emballage on est prevenu;piles pour usage courant (vridique!)
@MumInLearning ah cool on y sera surement encore tiens moi au courant ;-)
@Nathanrpgchh *me lve , viens derrire toi et passe mes bras au tour de ta taille* T'es pas un Salop , elle est au courant de tous a .
@NiallRPGPB *rit et part en courant derrire toi*
@Niallasse mais ta mre elle est au courant que t'es une pute dis moi? a vient prendre la confiance alors que a suppli de rt un tweet mdr
@OmeletteDePoulp Ah OK, il chope la mre de son pote et son fils n'est pas au courant. Tout finit bien :3
@OphelieSoler tu seras la premiere au courant
@Purple__Jem Je l'sais pas ce que a sent un accident d'autobus brsilien, mais je ne dois pas tre si pire que a quand mme.
@Rawls_s je vous tiendrais au courant mon cher quand je me serais pench sur d'avantages d'analyses (mais ya pas grand chose a gagner)
@SLGienne @PandaJuxKawai d'accord je reste :'( le monde sera au courant de tout a dans ma fic tu verra :'(
@SWEETdu93 prend le tram, ca te coutera moins cher et la rsolution sera plus prcise
@Saraah_tiu Ca va mieux ce matin ? J'espre que la nuit t'aura fait du bien... tiens nous au courant !!!
@ScottMcCall_RPG *arrive derrire toi courant tj* a fait du bien?
@Sofiane_93T derien t au courant pour ton nouveau ptit frere :)
@SophieCstn Ouai jem bien mais j'espre tu mets pas les dents jte previens sinon le courant va mal passer
@Tommyzi_ j'ai en vu personne ahah ^^,mais tant mieux si tu sais qui j'ai en vue avant moi, tiens moi au courant si je serai en couple ok ^^
@UcaarOkan je serai au courant avec toi t'faon si Fb gagne t'vas bombarder twitter
@UnGensDeTwittah @LouisNiLourson ouais mais je sais mme pas si je serai la, je te tiens au courant
@UnNarbi JUUUUURE avant j'aurais t la premire au courant vas-y casse toi tu m'as vexe
@XXI_VSOS no comment' et ce soir t'en parle pas  ma mre elle est pas au courant que je suis sortie ce matin oki !?
@YassRNani T'as vu ? mdr et apparemment ya de sgens qui en on vu 2 hier devant le noordo vers 21h30 et ils ont coup le courant au moulin
@_pokodice Tiens moi au courant. Je l'espre aussi
@alicebuet Hahaha j'imagine ma pauvre ! Je serai sortie en courant de ma salle de bain ..
@angiesweethome mais je te tiens au courant ! Ca serait cool que tu puisses venir ! mais oui sinon on se verra c'est promis :)
@anne_alexis si jamais tu naspas trouv tiens moi au courant que je demande a @Philibert_Jeux de le rajouter  la commande ;). Merci #RRR
@assofhemngs t'as cas me parler plus souvent j'serai au courant
@axellelemaire Ce serait gnial le wifi dans le train, y compris RER et trains de banlieue d'ailleurs cc @GroupeRATP @SNCF_infopresse
@ayemlatepu @Ayem_Club @leonnaboo2 @LeinaBen @AyemFilless Ta mre est au courant que tu suces ton pre quand elle se barre au taff ou pas ?
@bokopii ouais quand j'aurais le temps. Parce que ma grand-mre vient manger chez moi. Je te tiens au courant
@bortzmeyer En migrant vers MultiDesk OS ta machine serait devenue un gnrateur de courant avec l'IA en Delphi qui aurait dtect la panne.
@capucineanav esceque tu seras dans PDS ce soir ou pas car je vais regarder DALS stp tiens moi au courant
@christianisabel bientt je l'espre ! Tu seras un des premiers au courant ;)
@ecnoyebb j'avoue avant elle posait,rarement mais elle faisait.Ah ouai? j'tais pas au courant
@edouardhue si tu repasses en Ubaye ou autre valle alpine, tiens moi au courant
@elnikow tous mes sims sont morts brls la dernire fois. Mais si j'en refais, je te tiendrai au courant.
@fabxleigh Quand il y sera je veux tre au courant xD
@geekgirlsfr vous devez pas etre au courant, elle reve d'etre connue mais elle sait pas ecrire, elle se fait corriger ses articles
@giu7ha tqt tu seras au courant direct!
@guvton933: ds le 93 le tram c du nimporte qoi bordel  quand l'accident?qui va porter plainte?
@huthxs j'vais appeler ma cousine peut tre que tu pourra la voir ! Tu sera prs de l'upper east side? Je te tiens au courant par fb sinon
@hwcame Tout  fait raison! de toute faon si y a un autre cas d'bola dans le 95 je serais au courant le premier par Camille
@jeannneee_ SI MAYA L'ABEILLE T LA IL SERAIT VENU EN COURANT
@jeromegodefroy Au nom du pluralisme dmocratique (Il ne reprsente pas "rien" mais un courant politique) et je ne suis pas "mlenchoniste"
@journalsudouest oups ! faute de franais! "au cas o vous NE SERIEZ pas au courant" c'est mieux!
@julien_official mdrrr qui sait !,Nan mais je vois un clown la vie de ma mre je me barre en courant !
@kennedyrpgrio2 tu seras la premire au courant
@lebouchervicheh @AlessandraGigi @JulieRicciSS4 tu c trs bien ki je suis tu as di une chose ou t trop parle car seul 2 pers t o courant
@lebouchervicheh @AlessandraGigi je te l ai di tu as di une chose que 2 pers tait au courant et c tait d mp donc ... Tu a trop parl
@louisT_RPGLC *arrive  l'uni et part en courant vers ma chambre me jetant sur ton ex lit*
@louisT_RPGLC *te vois et viens en courant vers toi* Louis?
@lovatover j'tait pas au courant que ma mre avais dit oui ahah
@lyanaden bien sur tu seras au courant
@lyndanovic_ bah non sinn tu serais la premire au courant
@mackensierpgitr *vient en courant vers toi*
@micheldjombo: Pourtant, dans ces pays les coupures de courant sont bien plus rares. Le pb est donc bien dans la distribution.
@miguelamunoz @FauveDanse @DALS_TF1 @TF1 Comment tu vas? Tiens-nous au courant, j'espre que tu iras mieux!
@nailift bh j'ai loup mon bus mais j'en ai un  50 alors j'vais juste tre en retard j'ai le seum sa mre
@platouxx alors a, a serait vraiment trop trop top! tu me tiens au courant surtout!!!
@pmeillie @InfosUDI @Conquerants_84 @FrontDem @jclagarde Raison de plus de crer un courant central fort et indpendant.
@realnonoboy pour le coup s'il y a possibilit ce serait encore plus cool. peux tu nous tenir au courant s'il y a du nouveau ?
@sacristanjulien ouai j'suis au courant mdr, on vera bien. rien est jou des deux cots
@skydeel je te tiens au courant bc je vais maybe le faire le samedi. Faut que je vois avc mon pre :p
@styleshxit ah bah ca tait au courant mdr tu me fait rire toi
@taeshu_ *saute en courant* WE'RE FLYYYIN'
@thomasrpgwsl *rit en courant vers la cuisine*
@tom_US jpense que si qqch de ce genre marchait toutes les filles seraient au courant :(
@unemayer merci:) ce sera + difficile, je manie + facilement le franais LOL Mais elle est dj au courant de tout ce que je pense d'elle :p
@violendiego @tornlinstyIes j'sais pas en plus ma mere est  moiti au courant mais jveux TROO qu'elle vienne
@virginie2301 @kevadamsss @KevAdamsCrew @JohnEledjam @100Mag_M6 @LouiseEkland vous serez les premiers au courant
@zamal974 Ma tourne est dj programme, je voir si j'ai des dates vers Nice et j'te tiens au courant!
A bouttt d'tre rentr en courant plus jamais on refait a
Accident d'un bus de plerins, le sanctuaire de #lourdes dans la prire,
Accident de bus sur l'A64: un Antibois tu ()... #Nice06 #Nouvelles
Accident de bus sur l'A64: un Antibois tu - France 3 Cte dAzur
Actu: Accident de bus sur l'A64: un Antibois tu
Ah ok ma mre elle invite Adrien  manger mme pas elle me tient au courant! Mdr ils se parlent par sms! #abuse
Arnaque par tlphone : des escrocs se font passer pour EDF pour rcuprer vos donnes bancaires
Arnaque par tlphone:des escrocs se font passer pour EDF pour rcuprer vos donnes bancaires |Planet  via @planet_fr
Au final j'ai trouve un plan pour sortir, pour pas louper le bus je me suis prpare en vitesse, j'ai gere
Bientt je connatrais plus la galre des bus qui viennent toute les 40mn quel bonheur
Bon toute la famille est au courant c'gnial mon frre il va m'casser les couilles ptn
Bus stopp en plein milieu de la route parce qu'une voiture accidente a explos  quelques mtres. Bah a sentait pas bon
Bus, train, @kryss_150993 , starbuck (pas encore dej ^^), RER, Disney, video, concour, RER, train, maison -> resumer de la journee en qq mot
C'est bien que ma mere soit au courant finalement
CA-110 : Accident at Avenue 26 -
Car quelque chose de nouveau va arriver lors de cette journee spciale ce sera dans 3 jours exactement donc on vous tient au courant ;)
Ce coup d'stress quand ton tram s'arrte  ton arrt et que tu te prcipites vers la sortie avant que les portes se ferment sur toi
Ce fdp il voulai gerer ines aboon jtai ps au courant !
Ce matin y'a un gars qui est passer au ralentie devant l'arret du bus il m'a fait bien peur
Comme mes potes elles sont au courant pour mon obsession des asiats quand elles demande qui est mon chanteur coren prfre direct Jay Park
Courir derrire le bus chose valid
Courir en sperant avoir son bus et le voir partir sous t'es yeux et tu te dit Nike sa mre j'aurais pas du courir !! #SaCasseLesCouilles
Dans le bus hier y a une fille qui dit a sa mre " tu me casse les couilles " et y une mre renoie qui dis " votre fille mrite des coups .
Dans le bus je me suis tap un de ces fou rires mdrrr c'tait trop d'un coup
Dans le bus mn zinc et Anisse il voulait quon mange dehor jai dis "nn je fais 73 je serait pas au poid sinon demain" Y a un mec il a cout
Dans un tat semi comateux ouinj debeuh de batard au vrel mes ex reviennent en courant mani ma queu comme un relais j'renait de mes cendres
Dj jrate mon train parce que j'ai pas de bus aprs jrentre demander  mon pre de me dposer  la gare on s'embrouille j'y vais  pied
En fait cette histoire de bus pour les pauvres, ne serait-ce pas plus intelligent de rduire les prix des trains et daugmenter les rails ?
Engros elle est toujours pas au courant elle le sera quand elle le verra rentrer dans chambre
Ensembles pagayons, et laissons le courant nous guider vers le jardin du bonheur.
Fin j'l'ai dis  ma mre ptdrrr, mon pre est tjrs pas au courant c'fils d'inceste
Grande gueule par derrire, a se barre en courant devant les gens
Ha ma grand mre ma appel pour me souhaiter ma fte j tais pas au courant mdrr
Heh, le gas de l'arrt de bus assis  ct de moi , peut tu arrter de mater le message que je suis en train d'envoyer? Merci.
Hey dans le tram y'a eu une tape entre clochard rien que j'ai pris des coups tous les homme du tram me tirer pour me mettre dernire eux
Hier on prenait le bus et avant de monter je fais tomber tout mes sous du coup norme fou rire la chauffeuse elle arrivait plus  parler
Hier,agression ds un bus ds les quartiers nords.du coup la #RTM paralyse la ville entire plutt que d arrter de desservir ces quartiers...
Il a eu un accident avec le bus du retour du Portugal !
Il est 10:21 et le trafic est normal sur l'ensemble des lignes de RER
Il est 10:24 et le trafic est normal sur l'ensemble des lignes de RER
Imaginez un jour je tombe dans le coma. Au final, qui sera au courant de ce qu'il me sera arriv ici ? Personne...
J'AI PERDU MON KEP EN COURANT FILS DE TA MERE
J'ai dit a mon frre Mais j'tais pas au courant" et il m'a sortit t'aurais du mettre les doigts dans une prise"
J'ai loup mon bus et ma mre au lieu de m'enmener pour pas que je loup le tram elle va au toilette et elle fume s clope
J'ai louper mon bus. Jsors de poinca 12:29 pour un bus a 12:30 place de la rep : IMPOSSIBLE
J'avais envie de courir derrire le bus mais mon corp il a pas suivis. Du coup, je l'ai loup ):.
J'cours Meme plus derrire les bus mais la si y'en a plus j'suis encul
J'imagine j'arrive a mdf et je vois un clown je me barre en courant je serais traumatis a vie ! J'ai jur j'ai trop peur des clowns moi!
J'suis enfin arriver dans le 78, j'ai pris 13 bus et 5 train sa mre. Nsm les travaux.
J'suis toujours la dernire  tre au courant de quoi que a soit.
J'viens de courir pour pas rater mon bus, c'est la premire et dernire fois que je fais sa mdrr
JREGARDAIS UNE VIDOS SUR LES ESPRITS ET LE COURANT S'EST COUP ET MA MRE ARRIVAIT PLUS A LE REMETTRE JSUIS RESTE 10MINUTES DANS LE NOIR
Jcrois il a remit le courant.
Je cour mm pas derrire les bus tpeut partire si tu le veut .
Je dteste courir derrire un tram
Je me sui leve y'avait plus personne chez moi. J'pars dans 10 min en soire et personne sera au courant !
Je pense que je vais me crer un compte Ask par rapport  ma chane YouTube,  moi et tout .. Je vous tiens au courant !
Je prfre que ma maman soit au courant de ce que je fais car si un jour j'ai un problme je me pisserai moins dessus
Je repense  la fosse or et tout, faudra que demain je tienne ma mre au courant du prix quand mme mdrr #REDTour
Je sent comme un accident d'autobus brsilien.
Je serai mme pas au courant si t'es arriv ou pas
Je serais partis en courant mdddr #lrt
Je suis revenue de chez ma grd mre en train bc je suis alle chez le coiffeur et j'ai pris le bus pour croiser personne
Je vais me renseigner sur les boutons du bateau au courant des matires plastiques et je te souhaite une bonne journe
Je viens d'apprendre  ma mre que je dors chez Const demain et lundi, elle se plains de ne jms tre au courant de rien
Jfais un putain de tournois sur grand turismo mn beau pere coupe le courant me regarde est dis oups...
Jour de match pour le #FCGueugnon qui reoit Cournon d'Auvergne  18h au stade Jean Laville. Courant toujours...
LOGAN LERMAN EST EN FRANCE BORDEL POURQUOI JE SUIS AU COURANT A LA DERRIRE MINUTES A CHAQUE FOIS?
La Cana Drive : Accident at La Monde Street -
Le courant y a sauter y a plus de lumire tout est grill, soire dans le noir mdrr
Le match des gamins tombe en mme temps que celui de l'ASM si quelqu'un pouvait me tenir au courant de l'volution du score a serait sympa
Le mec qui descend sur les voies pour rcuprer son fric et bloque la ligne 4 pendant 30min... On peut le brler lui ?!??!
Le plastique est parfaitement remplaable par des matires vgtales... A.Caron n'est pas au courant de a? #LoiRoyal #onpc
Le rer d une maladie ce train
Les changements de dernire minute, c'est courant
Les gars qui jouent avec les filles, vous tes au courant que plus tard se sera des garons qui joueront avec votre fille ?
Les gens ils m'disent "on svoit pdt les vacances meme si t'es chez ton pere hein" t'a cru j'allais faire 2h de train et bus pour une aprem
Les gens qui disent "Dylan O'brien c'est ma vie" stop ! Il n'est mme pas au courant de votre existence sur terre alors arrter de sucer !!!
Les vieilles correspondances  Conflans ou le RER et le train arrivent en mme temps donc tu te retrouves  attendre le train suivant.
Louper le bus le samedi matin franchement c'est parfait mais avec une mre qui est  la maison et qui veut que t'y aille...
Louper le rer de 2 minutes
Ma mre elle est mme pas au courant..elle va le savoir.. elle va me le reprocher!
Ma mre elle m'a entendu rire puis tousser puis commencer a m'touffer elle est venue dans ma chambre en courant "INS TU VAS BIEN?!"
Ma mre elle me sort "T'as beaucoup de devoirs ? Moi je serai toi je rviserai" elle est au courant que c'est les vacances ?
Ma mre elle s'est faite tatoue cette semaine ok j'tais pas au courant mdrr
Ma mre est intervenue j'tait mme pas au courant , j'ai rien demand ptdrr , j'conduis depuis 5h du mat, donc non j'ai ramen personne
Maintenant j'ai archi peur de voir la poupe dans le rer ptddr
Maintenant que ma mere est au courant je peux fumer dans ma chambre
Mendong un rare quartier... Le courant est parti . Damn Shit !
Mes amis ils sont alls au mcdo et au cin hier et bien sre j'ai t mise au courant seulement hier. Je sais pas si je dois rire ou pleurer
Mme pas elle me l'a dit en plus genre ma mre tait au courant avant moi n'imp
Moi j'tait pas au courant que tu tait d'une beaut rare
Moins les "je t'aime" sont courant, plus ils sont sincres.
Mon frre et ses potes sont pas au courant que nos voisins c'est des papis et mamies j'pense
Mon pre il est tjrs pas au courant que jai pomms mon phone
Mon pre il tait mme pas au courant que j'tais en vacance
Mon pre il va couper le courant alors que je suis entrain de me lisser ls cheveux.
Mon pre, trs au courant du calendrier scolaire me demande de faire mes devoirs avant de sortir.... pauvre papounet
Mon prof qui est DRH  EDF: "vos diplmes servent  rien, vous serez des ternels stagiaires ... Bonjour, on peut commencer le cours ":/
Mtro Ligne 2 .En rpercussion le trafic est ralenti sur l'ensemble de la ligne.
Mtro Ligne 5 En raison d'un incident technique, le trafic est ralenti sur l'ensemble de la ligne. Trafic normal sur les autres [1/2]
Mtro Ligne 5 En rpercussion d'un incident technique, le trafic est ralenti sur l'ensemble de la ligne.
Mtro Ligne 5 En rpercussion d'un incident technique, le trafic est ralenti sur l'ensemble de la ligne. Trafic normal sur les [1/2]
Non jris. #lt,Jespre qu'elle est au courant quand mm que jvais lui tomber dessus dimanche prochain pcq ce serai dommage quelle le sache ap.
Notre bus qui bloque tt le monde car ya accident dans la rue du lyce...
OMFG thomas le gros thug :" le bus il a eu un accident askip"
Ok j'ai pas manger ni habiller rien j'en ai marre on va courir derrire le bus encore
On auras mme pas le temp de finir le mots, qu'il se serais dj barrer en courant
On prfre allez vers le droit chemin en boitant que vers le mauvais en courant
On sait rendues compte que c'tait leur mre du coup Marie et margaux ce sont barrs en courant j'en pouvais plus#lt
Ont m'a prter un fifa ,je vais en ligne coupure de courant NTMMMMMMM
PTDDRRRRR JE VIENS DE TOMBER DE MON LIT MA MERE ELLE VIENT D'ARRIVER EN COURANT VOIR SI J'ALLAIS BIEN MDDRR
PTDRRRRR Deux roumain en bas de chez moi, mon beau pre sort avec un marteau il Partent en courant. J'suis Kooo putin mdr
Pas de bol ! Suite  un malaise de voyageur, le trafic est interrompu sur la ligne #T5 entre Les Cholettes et Garges-Sarcelles RER #KO
Pdnt que je courais vers le bus j'ai vu plein de prostitues :///
Plus un radis au ministre : EDF coupe le compteur du compresseur qui gonflait le Sapin,#PlugGate
Pour ceux qui ne seraient pas encore au courant, il y a un super livre  gagner sur le site !...
Pour mes notes je ferai comme si j'tais pas au courant et que a a apparu sur pronote  a m'vitera de prendre un coup de tte balayette
Pourquoi vous dites tous que le 1er single de r8 sort demain putain pourquoi jsuis jamais au courant
Pourtant, dans ces pays les coupures de courant sont bien plus rares. Le pb est donc bien dans la distribution.
Pq je suis toujours la dernire au courant des choses qui se passent?
Premire et dernire fois que je cours derrire un bus pour pouvoir le prendre
Ptn arrter de flipper des clowns wsh, moi j'en vois un j'vais lui faire la bise okalm, non j'dec j'me casse en courant starfoullah
Ptn en ce moment pleins de bus font des accidents
Putain le bus que je prend pour aller au lyce il a eu un accident 5km au dessus de chez moi..il est rentr dan d'un poteau. Ya les-
Pxtaaaaain le RER D dconne !!!!!,Ya pas de train pr le sud de la ligne ! Cmt jfais pr rentrer chez moooi
Quand il sera au courant
Quand j'tait petite je crois que je fumais de la drogue parce qu'une fois j'ai vu le pre noel je me suis barre en courant
Quand on me dit " tu es au courant pour siwon " la premire pense qui me vient c'est : OMG IL EST DEVENU PRTRE
Quand tu penses qu'il y aura au moins un jour de la semaine que tu prendras pas le bus... Et ban loup. Here we go.
Quand y'a du monde chez toi, la question qui tue c'est "alors t'as une copine" t'as envie de partir en courant sa mre
RER >> MERDE !! Pas de trains pour rentrer chez moi.... prendre une autre ligne et attendre ma mere dans une gare paume et vide
RT @1DJournal_fr: Tu es au courant de l'histoire de l'accident de Taylor et Harry ?  Ah non pas du tout, c'est quoi ?
RT @92Stumm: Sachez que si vous me confiez qqlch mon copain sera toujours au courant ainsi que Astrid.
RT @99Triangle: Heh, le gas de l'arrt de bus assis  ct de moi , peut tu arrter de mater le message que je suis en train d'envoyer? Merci.
RT @AliciaLecaut: Ma mre elle me sort "T'as beaucoup de devoirs ? Moi je serai toi je rviserai" elle est au courant que c'est les vacances ?
RT @AssiaKdz: Moins les "je t'aime" sont courant, plus ils sont sincres.
RT @Biiiilal91: @itele: #USA > Perptuit pour Michael Dunn meurtrier d'un Noir qui coutait trop fort la musique  VIENS DS L'RER D
RT @BilalMhamed: toute ma vie je cours aprs le bus sa mre
RT @CIaudeFrancois: RE JE SUIS LA, DSOL DU RETARD J'AVAIS UNE PETITE COUPURE DE COURANT
RT @CamilleGrieco: @virginie2301 @kevadamsss @KevAdamsCrew @JohnEledjam @100Mag_M6 @LouiseEkland vous serez les premiers au courant
RT @Camille_fk: "C'est une question de vie ou d'mort sinon elle est dj morte en fait parce que sa mre est au courant mais pas son pre" BAIL DE RENOI
RT @Camille_fk: Fin j'l'ai dis  ma mre ptdrrr, mon pre est tjrs pas au courant c'fils d'inceste
RT @Castielement: #PendantLesVacancesJeVais rAAcupAArer toutes ces putins d'heures de sommeil perdues AA cause des
RT @ClemJTF: " A 15 ans , elle est tombe enceinte par accident " c'est vrai que c'est courant de glisser et de se prendre une bite
RT @Dadarks2: je vous tiens au courant si il y a des changement, je streamerais aussi peut etre un peu cette nuit vers 23h
RT @DavidTorchala: Accident d'un bus de plerins, le sanctuaire de #lourdes dans la prire,
RT @Elodiecdg: Mais sinon les putes vs tes au courant que vous tes censs tre de futures mres de famille?
RT @FlorieLVM: En fait cette histoire de bus pour les pauvres, ne serait-ce pas plus intelligent de rduire les prix des trains et daugmenter les rails ?
RT @HoltSourceFR: #INFO Aujourd'hui a lieu le mariage de Candice Accola et Joey King, il y a de forte chance que Claire y sera, on vous tiendra au courant :)
RT @Ineesnora: Ma mre elle m'a entendu rire puis tousser puis commencer a m'touffer elle est venue dans ma chambre en courant "INS TU VAS BIEN?!"
RT @KimBouchard96: Mais ouah dans PBLV je suis noyer le select il a brler j'tais mme pas au courant ! Luna est revenu Je savais mme pas !
RT @KuramaGenkai: Tu cours pour prendre le RER et
RT @LeaPasContente: C'est comme courir aprs un bus, y'a un moment faut comprendre que a sert plus  rien et qu'on aura beau l'insulter, il fera pas demi-tour.
RT @LosetoJade: Quand j'tait petite je crois que je fumais de la drogue parce qu'une fois j'ai vu le pre noel je me suis barre en courant
RT @Maagueuda: Je prfre que ma maman soit au courant de ce que je fais car si un jour j'ai un problme je me pisserai moins dessus
RT @MargotJulien: Ah ok ma mre elle invite Adrien  manger mme pas elle me tient au courant! Mdr ils se parlent par sms! #abuse
RT @Minhockingjay: J'ai Logan Lerman en fd ma grand-mre me dit " c'est ton petit chri ? " Oui oui parfaitement. il est juste pas encore au courant
RT @Nadeege_SMNW: Hey dans le tram y'a eu une tape entre clochard rien que j'ai pris des coups tous les homme du tram me tirer pour me mettre dernire eux
RT @Nathaliu_chan: Sinon y'a un type, genre lourd hipster totalement drogu, qui a loup le tram parce qu'il faisait un signe de prire devant
RT @Neness__: @antho_crht J'espre aussi !!! Si tu sais qd ils vont le faire tu me tiens au courant hein!
RT @PhrasesTypique_: le chauffeur a ralentit parce qu'une beurette travers,j'lui ai dit c'est orange tu peut passer. tt l'monde m'a applaudi j'ai conduis le bus
RT @RunrunTim2: Hier,agression ds un bus ds les quartiers nords.du coup la #RTM paralyse la ville entire plutt que d arrter de desservir ces quartiers...
RT @SabLaPointe: Les gens qui disent "Kikou" jspr vous tes au courant que vos mres C ls pires enfant de Puterie que la terre  jamais connu
RT @Selim_Blmk: Quand y'a du monde chez toi, la question qui tue c'est "alors t'as une copine" t'as envie de partir en courant sa mre
RT @VaAypoO: Courir en sperant avoir son bus et le voir partir sous t'es yeux et tu te dit Nike sa mre j'aurais pas du courir !! #SaCasseLesCouilles
RT @Wesh_Keyne: Le rer d une maladie ce train
RT @Wouxnia_: On prfre allez vers le droit chemin en boitant que vers le mauvais en courant
RT @_Khalite: le chauffeur a ralentit parce qu'une beurette travers,j'lui ai dit c'est orange tu peut passer. tt l'monde m'a applaudi j'ai conduis le bus
RT @aymrcb: le chauffeur a ralentit parce qu'une beurette travers,j'lui ai dit c'est orange tu peut passer. tt l'monde m'a applaudi j'ai conduis le bus
RT @camillebrchs: Je serais partis en courant mdddr #lrt
RT @djo_cestmoi: Ma mre est intervenue j'tait mme pas au courant , j'ai rien demand ptdrr , j'conduis depuis 5h du mat, donc non j'ai ramen personne
RT @elaminael: @jeannneee_ SI MAYA L'ABEILLE T LA IL SERAIT VENU EN COURANT
RT @erkanmelissa: @UcaarOkan je serai au courant avec toi t'faon si Fb gagne t'vas bombarder twitter
RT @evaa0610: J'ai dit a mon frre Mais j'tais pas au courant" et il m'a sortit t'aurais du mettre les doigts dans une prise"
RT @ewjadesy: @manonvllmz_ tu rentres vers quelle heure? c'est  15h toute faon!,ah je suis pas au courant, t'y vas toi?
RT @flawlessrobz: Pourquoi vous dites tous que le 1er single de r8 sort demain putain pourquoi jsuis jamais au courant
RT @iloqn: les clowns tfacon j'ai jamais pu les voir je crois j'en vois un qui s'avance vers moi jme barre en courant quelle que soit la situation blc
RT @jeanne_lmc: OMFG thomas le gros thug :" le bus il a eu un accident askip"
RT @journalsudouest: Rebonjour le Sud-Ouest ! Au cas o vous ne seriez pas au courant, il va faire un temps de RVE aujourd'hui :D #t
RT @kazuohypno: @autolibfr si on ne fait attention qu'aux sms et non au mail reu comment est on au courant ?
RT @leamerabti: Le plastique est parfaitement remplaable par des matires vgtales... A.Caron n'est pas au courant de a? #LoiRoyal #onpc
RT @madmoisellejuju: Bus, train, @kryss_150993 , starbuck (pas encore dej ^^), RER, Disney, video, concour, RER, train, maison -> resumer de la journee en qq mot
RT @manu_thy: @bortzmeyer En migrant vers MultiDesk OS ta machine serait devenue un gnrateur de courant avec l'IA en Delphi qui aurait dtect la panne.
RT @michelcymes: #dinerdecons au thtre de la Michodire.. j'y suis all  reculons.. allez y en courant! Trs bons acteurs...et on rit !
RT @ninatiktak: Dans le bus hier y a une fille qui dit a sa mre " tu me casse les couilles " et y une mre renoie qui dis " votre fille mrite des coups .
RT @phildev78: Plus un radis au ministre : EDF coupe le compteur du compresseur qui gonflait le Sapin,#PlugGate
RT @safie_saaantab: On auras mme pas le temp de finir le mots, qu'il se serais dj barrer en courant
RT @sebdphwat59150: Ce n est pas en Ukraine, c est derrire chez moi et a fait courant d air.,#saintlievin #Wattrelos
RT @slxght: Pq je suis toujours la dernire au courant des choses qui se passent?
RT @smileofxlarry: 1er fois que Lucie ne loupe ni son train ni son bus omg
RT @tatyanalrn: @3Thiney a louper son bus  cause de moi. Haha je suis fire
RT @usualsuspects14: @guvton933: ds le 93 le tram c du nimporte qoi bordel  quand l'accident?qui va porter plainte?
RT @xmalikvato: @Jarpatate @_Louass a ta place je me serais carrment barrer en courant de la salle mdrrrrr
Rebonjour le Sud-Ouest ! Au cas o vous ne seriez pas au courant, il va faire un temps de RVE aujourd'hui :D #t
Rer D c'est une dinguerie ce train tsssss tain !!!
Sa mre sa fait plus de 1h que j'ai pu de courant
Si j'avais pas fum au college, la principal aurait pas prevenu ma mere,si elle avait pas prevenu ma mere, ma mere serait pas au courant.-
Si je croise un clown a Halloween je me bars en courant mais la je ferais le sprint de ma vie #lrt
Si je rate pas mon train mdr dj que j'ai rare le bus !
Smatin ya eu un accident avec le bus
Srieux, pour le bruit, mon pre est au courant et m'avait dj propos de chercher un autre appart'.
Surpris de reconnatre @fredericviard sur @beinsports_FR .... Pas au courant ! .... On refait les duos avec @ErikBonneval ...
T'faon tt ceux qui lui ont fait du mal ils sont pas encore au courant que la roue elle tourne, trql ils sont ptit encore + tard j'vais rire
T-Rex Fuel Tank Junior 14% moins cher depuis le 17.10.2014 : Distributeur de courant 5 ...
Tal jdis a mes parents "Ya loanne et ses parents qui viennent  la maison lundi prochain" ma mre elle me dit "mais j'tais pas au courant-
Toujours la dernire au courant...
Tous les samedis je loupe mon bus au final c'est mon pre qui me conduit tous les samedis
Tu cours pour prendre le RER et
Tu es au courant de l'histoire de l'accident de Taylor et Harry ?  Ah non pas du tout, c'est quoi ?
Tu me tiendras au courant pour ton arrive et surtout la ville o tu seras @DeeDjii ;) ! Oooh ce serait trop sympa de vivre l'exprience ;)
Un accident de bus Belge a fait 40 morts. 20 dans l'accident et 20 dans la reconstitution.
Un autre qui est  contre courant de l' n'pa Sylla ATT c'est fini.Arrter de vouloir distraire les  roue a tourn.
Une drivation souterraine,Le trac propos part donc de Saint-Chamas, en aval de la centrale EDF, et relie le...
Voil que me frre a facebook attention ma famille va tre au courant de tout
Voil. Ma mre est au courant. Au dbut elle l'a bien pris, puis quand je lui ai dit que c'tait un carteurs, elle tait moins cool xD
Wesh j'suis la dernire au courant ou quoi ? #LT
Y aura que ma "marraine" qui sera au courant, mme mes parents le savent pas mdrr
Ya un Locks que jvois tout les Samedis  attendre le RerD  cause des problmes de train il me regarde avec ses grands yeux Mdr il est beau
Yo tout le monde ckest le youtubeur TheDreamKiller06 et je me dcide enfin a crer un Twitter ! Ou je pourrais vous tenir au courant de tout
bonjour du Sud-Ouest ! Au cas o vous ne seriez pas au courant, il va faire un temps de RVE aujourd'hui :D #t "
comme la semaine dernire  j'tais une blague a moi mme tellement je partais en couilles en courant samedi dernier
franchement ce matin j'voulais tuer Mounir quand il m'a dit qu'il avait oublier de rcuprer un truc au lyce et qu'on a loup notre bus
il est 16h pers0nne t6 mienu ah 2ma ndray fa t6 courant at fa tpk fwn jiro nf lobs mec bye dwk
imaginez qql sera dans un ascenseur et la le courant s'arrte omg la personne  du trop flipper
j'ai fais courir ma mre pour aller au bus en plus comme j'tais en retard mdr j'ai cru elle allait me tuer
j'ai l'impression que je vis un marathon, je cours  gauche  droite pour les cours, les RER, la musique, je cours aprs mes diplmes ptn
j'ai loupe le dernier rer jsuis toute seule debors dans une ville que je coais pas
j'aurais prfre louper le bus que sa arrive
j'lui demande si je peut sortir les voir ce soir, elle me dit "il est au courant?" Ouaaah mais maman c'est toi ma mre pas lui
je me suis abonne  la chane ocs juste pour twd. Par contre je paye 11e par mois ma mre est pas au courant mdrrrrr adieux
je suis dans le bus et ya un hlicoptre qui vient juste de se poser pcq ya un accident  chessy
je suis toujours la dernire au courant de tout eh pourquoi tant d'injustice dans ce monde je proteste
je vous tiens au courant si il y a des changement, je streamerais aussi peut etre un peu cette nuit vers 23h
jvois un renoi partir en courant il regarde derrire lui y'avais une trentaine de renoi qui lui courrai derrire
le couple deguelasse qui se galoche derrire moi dans le bus comment dire que vos bruits jpp
les gens ont du bien rire en me voyant courir comme un chien dshydrat derrire le bus mdr
lundi je vais faire des courses seule en courant a fera mon footing
maintenant ta mre est au courant tu dors pas, tu vas wanda @kluickees_
mais vous serez assez vite au courant vus que je dmnagerai  Cali c'est SUR
mdr je suis partis en courant vers la boite au lettre pour voir si j'avais ru mon relev :')
mme mon pere est au courant des clowns, je sors plus qu'avec lui maintenant
mon pre il est trop dans l'ambiance famille machin mais il est pas au courant que je veux passer du temps avec mes amis je crois.
mon pre m'a fait un clin d'il en me disant c'est un temps a passer la tondeuse la.,je suis partie en courant
quand j'y pense, les gens font trop semblant d'tre tolrant mais si y a un(e) moche qui vient vers eux ils se cassent en courant !
quand quelqu'un te raccroche au nez a veut dire qu'elle ne va pas te parler au cas o tu serais pas au courant.
sefghjkllllnhgdtgdhvh tvd a repris et j'tais mme pas au courant
toute ma vie je cours aprs le bus sa mre
