"#MadaMasr" / Accident / #Egypte Un train percute un autobus scolaire dans la banlieue du Caire : 7 personnes...
"@Garceanatomie: En vrai jai dj trop de fiert pour courir aprs le bus donc croyez pas que jvais courir aprs les gens mdr" @Wet_her_bed
"@LePoint: VIDO tats-Unis : un accident de bus film de l'intrieur  "
"Aketo, ptit gteau, t'es galb comme un cerf-volant, ds qu'y a un courant d'air, on t'retrouve sur une terre trangre !"
"Je te dirais d'office tu sera au courant si je sort en soire "
"donc t en 1re-terminal?" "terminal" "L-ES?" "bac pro mdr" "ah.... bon bon t au courant ici c la fac??" a pique encore
"goter au Starbucks" euh t'es au courant qu'il est 14h30 ?
#RipLaurelyne elle aurai du ralise son rve aujourd'hui qui peut tuer sa fille qui ses sre que @TiniStoessel et au courant j'espre...
#theatre DBRIS - Samedi 7 mars 2015 - 16:00: Un gros accident, une collision entre un autobus bond et un poids
- mon pre sortir de sa chambre en courant en mode " qui va la ?! " Jsuis trop ko !
- si je serai l demain, je vous retiens au courant! Bisous  #M :)
11 491 tweets sur #riplaurelyne , merci  tous, j'espre que sa famille sera au courant de ce grand hommage
@1DDailyReport @Mrs_MStyles ptn si c'est que prter  la place de la fan je la prend je lui fais un calin un selfie et je me tire en courant
@Alexca1901 pourquoi pas, mais tu seras un des premier au courant
@AlexianeBoucher je sais t'es pas l mais je te raconterai t'inquites tu vas rire, Lisa est dj au courant !
@Alix_Gandin je lui ai repris aprs, il m'a suivis en courant ce con
@AnaRPGTW *clate de rire* T'es au courant qu'il n'y a rien du tout ?
@Arthur_Oui @Dh_ship + l'actrice de Violetta est au courant et peut tre qu'un hommage lui sera rendu
@AshtonRPGWOF -elle retira un couteurs en courant sur place- quoi ?
@BabyStyles_94:  QUESTION 27 ,Vous avez dj vu votre bft ?tu serai la premire au courant.. mais je perd pas espoir
@BahiyaM non mais a va, je suis au courant et j'ai vu la vido. Inutile de rpter ce qu'il y a dedans;) @hajoura74
@BeeBoOBibou,oui car en agissant ainsi,c a d  contre courant du dine, el son les premire  s'auto pnaliser, mais trs peu comprennent...
@BlhLea Il n'existe pas que moi qui s'appelle Clina tout de mme mais on est peu donc c'est rare en revanche La c'est courant.
@Chloutee @GrisvalAdle c'est un petit programme bidon et sympathique tu seras bientt mise au courant (dans les minutes qui suivent)
@ClashofClans j'espre que c'est courant de se faire virer par un inconnu sans droit de rponse ni de le signaler
@CrystalGranger *se dirige en courant vers le chateau*
@DameGourgandine Tu me tiens au courant que je sache quand t'envoyer mes flicitations pour ta mre :)))
@DanaeLfb non je prfre msg on sait jamais si certain aurait mon compte et je ne sois pas au courant
@DrauhlAndJanos il arrive en courant de derrire et il fait sa petite danse
@EloPasquarelli oui, oui, dj la mre de tini est au courant donc
@EmA2ReN @OCSTV Bien sur qu'il a raison. Dja quand tu vois la tenue de Carol, tu pars en courant lol
@ErwanSanchez je verrais demzin frre si j'ai trop mal je joue clairement pas tinQuete je te tiens au courant
@EspritdelaRegle mais l'arbitre a demand la vido et Lucas rcupre le ballon juste au dessus de la ligne d'en-but.
@EthanRPG_TW mon frre est pas au courant Ethan ... *baisse les yeux*
@Fannarchy on lui met de la laine de fer autours de ses organes vitaux et on fait passer du courant
@FilsDeFlute__ mais l ma daronne elle est dj au courant carrment, t'es valid par la Duchesse'zer et tout
@FionaCrd Bannire ou header c'est + courant sur twitter mais j'ai compris  Haha merci
@Flute_Enchantee Ca sera pas de suite mais je vous tiens au courant ^^
@GautierChr t'es a la Lista Nera ? Pas au courant
@GhisLw non mais le 1er extrait courant mars.
@GodricRP MAIS NON VOYONS ! C'EST JUSTE QUE PAPA GODRIC SERA PAS AU COURANT DE TOUT SINON J'AURAI PAS DE VIE MDRRRR
@Gui_Soso hey merci de me mettre au courant moi votre pre fondateur..
@HikariTenshi_ @Taisako_ Ah oui ? Bah j'espre qu'il est au courant, doudou
@JustinRPGPNM *le voit courir vers sa voiture et fait la mme en courant presque* tu connais fast and furious?
@KaaizaShaak tout le monde me dit a ahah faut que je demande a mon pre de la baisser je te tiens au courant si tu veux
@Kendjiaficionat moi jsuis ptdrr mon pre a dit j'ai attrape un courant d'air DEEAAAD
@Kezakko Nous sommes au courant, donc optons pour la premire solution.
@Lamrank Pas pour le moment malheuresement, peu tre pour 2016 :(,En tout cas vous serez tous au courant lorsqu'il sera annonc ;)
@LePtitNoir alors ca c'est sure, quand on l'aura tout le monde sera au courant crois moi mddr
@LeaAmilcar ils vont se taper Ren surtout tu vas voir, il vont partir en courant et avec la porte
@LisaBrunaud oui mais bon maintenant tu seras au courant mais je le ferrais quand mme regarde ,SLP
@Ludmilla_peyrat okay bah parfait on se fait a on se tient au courant alors  et si Arnaud venait en plus mais la se serait top
@MaathildeM1 J'en parle  mon pre ce soir et je te tiens au courant
@ManonCottin Bientt j'espre!! J'ai tellement envie de retourner sur Paris !! Tu sera la premire au courant, c'est promis !! :3
@ManonMedina_ Rassure moi. T'es au courant que tu peux dclipser la banquette arrire pour gagner de la place ?
@MelinaBrz_ genre j'tait mme pas au courant, bas tranquille j'espre que a se passera bien pour toi!
@MglrTm je sais pas du tout gros... t'facon si j'monte tu seras au courant mdr
@MilahOUATRPG *te relche doucement* Oh pardon tu n'est pas au courant... C'est moi, Baelfire enfin Neal
@Mist_Ychero je suis au courant de ce qui est fait mais pas besoin de pter un cble ! Tu peux t'exprimer calmement normalement
@MorganeSept @LoulouBouviette @XavierOff @maximepdr7 @kevadamsss arrtez les gars ma mre est au courant pour mon mariage
@Mundo_Newells @CANOBoficial @OM_Officiel J'espre que vous tes au courant de notre large victoire ! On vous souhaite la mme chose :)
@Nass_AB @The_Economiss Ah, si les escalators vont, le RER est praticable ^_^
@NoaRohn mais j'ai demander a mon pre il tait au courant mais moi j'tais au courant de rien
@OLIV_1915 t'as pas peur de mourir toi x) J'te tient au courant pour l'heure demain a sera srement vers 18h :)
@Ossamafaitmal @Olihk04 tu mas crit je tai rep. g mit le phone dans ma phone 10 seconde plus tard un fdp se barrai en courant.
@PandaMinette J'le mets  chaque fois que je dois tracer pour choper le RER :')
@PerrineGrare @daarkflower @Jillroutier @Tom_Lemaire tu trvers Dickens presque en courant quand tu tais  Mariette..,A bientt j'espre
@RPIsidora Oh merde... J'espre que c'est pas trop grave mais en tout cas, pleins de bonnes ondes et bon courage! Tiens nous au courant
@RebeccaClarks @Yse_JdO wsh c'est un repas de famille je suis pas au courant
@Rebekah_RPGTW @EthanRPGTW Ok...genial...bon Reb je te tiens au courant des que j'en sais plus ! En attendant tu bouges!pas !!
@Romance_Cases 17 avec ou sans le port? Je vais peut-tre tre attendre si tu en refais plus tard! Je vais te follow pour tre au courant!
@RpgCarrie Oui, il se serait casser la binette en courant dans la maison et boum contre un coin de table
@RubyOUATrpg Tu seras la premire au courant *sourit*
@SilvaZoldyck_ Certes. Mais on est au courant que d'elle. Certains oui d'autres non. Elle s'est fait tu par son propre pre. Elle a 8ans!!!
@Silvervolcano @Namineeyes Ou alors il arrive vers moi en courant et au dernier moment il baisse la tte et BOUM dans mes. .....
@SlavekOne non a va l visiblement il est au courant qu'il est prit en photo, il est mme d'accord (y pose sur la dernire et tout)
@Smile_ofzayn t'est au courant que tu te rep a toi mme?MDDDDDDDDDDDDR
@Sokow_ @diamantlefou si crer tait si courant on nous aurait pas regards comme des btes curieuse tout le college/lyce
@SonOfL1berty @St_Raphael9 faut pas idoltrer certes ni dire n'importe quoi juste pour tre  contre-courant
@SouthLanEvent La moindre des choses seraient de tenir au courant les 3000 types qui attendent derriere votre stream finis a la pisse !!!
@SrhMarruecos il a dit quoi a la mre d'illies ??? Pk jsuis pas au courant bouh
@SwannRpg (videment ) *sort de la salle en courant pour rire*
@TiffanyKoeller @kevadamsss wahou autant de date respect!  quand on sera toutes les dates on se retient au courant jte laisse je mate soda
@Tristan_Gilard @The_krnage Et oui Jordy su tu nous suivais tu serais au courant de tout il a raison o/ :p
@UriDiamond oh a serait super sympa! Mais faut dj que je sache ce qu'on doit trouver... Je te tiendrais au courant :p
@_samsaoule Mais t'es au courant que tu fais piti ou pas. Tout de suite ma mre mdrrr mais jpp
@akaJun_ Pourquoi se lancer sur YouTube ? et ta mre et au courant? #jun10k Sinon je kiff tes vido !
@amandineparlefr J'tait mme pas au courant ... OMG j'ai loupe un Live !,La semaine prochain j'y serais !
@ameliadrmt tqt pas si il y a du mouvement dans ma vie tu seras la premire au courant
@asabatier1 je t'avoue que je serai tente, niveau timing a risque d'tre raide, si je suis op je te tiens au courant
@brxzia mon pre a rien dit mais ma mre est pas encore rentr et elle est pas au courant mdr
@dadapt74 Bonjour, possder un compte courant sera ncessaire pour cette bta-test. (1/2)
@damnhyland ils sont mm pas au courant jsuis sre #KCA #VoteLittleMixUK
@diplonot @c_capdevielle @RichardFerrand @FtcAvocats parce q justement je sais q je n ai ps 19000/ mois. Je serai au courant je pense
@dxnzeconme non la vie c'est pour a que j'ai supprimer ! En plus si j'allais en bote tu serais dj au courant et avec moi
@eishisme si j'ai un soucis avec toi tu serais la premire au courant Tqt bb
@emilienlft Je te tiens au courant, je sais pas encore si mon pre sera d'accord ou pas
@florian_bouquet @Oora0902 Ton pre est au courant pour vous deux ?
@fredykob @move89340 @tocxide maska maska... t'es au courant que tu sera le seule clampin  aller  la PGW...
@fznny_ idk tape tapies art pauvre et choisie la premire uvre je m'occupe du courant
@gio_sav dfiler comme un mongole avec son drapeau sur un terrain adverse en courant vers la tribune ultras.. Vraiment tu vois pas? 1/2
@gro_tony @_Pauline93_ je prfre quel soit au courant que c que dla CHEB
@hdebonnevolonte @geekpixparis / cette fille qui nous a cot si cher se prend pour qui au juste ?Elle est au courant que son pre est mort
@hugo_hollebecq @PStatius d'acc de toute manire tu me tiendras au courant
@idrewdallas salut bb normalement c'est ok pour cette aprem jte tiens au courant stp dit a ton pre que jmappel autrement
@imlaulau_ je serais bien venu, mais je suis  la Rochelle . Tiens moi au courant pour ton prochain dfil
@ivyrpgsgh je suis contente que tu sois pas fcher - souris - et oui j'espre tre au courant de tout - ris -
@janosftlovato wsh t'tais pas au courant pour le sdf? T'sais c'est le mec h36 vers le mange avec sa guitare
@kanekiji t'inquites tu seras la premire au courant
@laurnithorynque Y a de quoi! Bon je veut bien que a ne soit pas courant mais quand mme! J'aime avoir un prnom "rare"
@lloydemetria UN CAPUCHON DE LESSIVE JME FAIS TROP MAL PARCE QUE JE SUIS EN CHAUSSETTES, JE PRENDS DES PQ, JE REMONTE EN COURANT, MA MERE -
@lloyduxp: Maeva a rat son bus du coup elle sera pas la ew  ah ouais ? Je m'en souviens mm pas'MDRR
@loiccoste bons souvenirs, je ne sais pas ahah, mais il y en a eu oui! a marche, tiens moi au courant ca serait vraiment top!!
@marionmeunier3 on lui achte un ticket de bus ensuite coup de pied au derrire et dmerde toi mdrrr
@mathyrpgvla *se lve, descend rapidement en courant, s'avance vers toi, rcupre son briquet dans ta poche et s'loigne* Merci de l'avoir-
@mohamed_perry y'avais une quipe de leur y'avais pu de rer e du coup on devais aller a chtelet pt le n23 et la ya la ferro controleur mdr
@mrdlgg mdrrrrrr tout votre bahut est au courant grce  GaugauJ'en sais rien il gre le bail ,Elle a pas dis non dj !
@needmaIik correctrices* :),Et je ne suis pas sre de pouvoir, je te tiendrai au courant
@noggin143 Lorsque nous auront la troisime saison, on sera ravi de l'annoncer ici ^^ On vous tient au courant, toujours ;) *JR
@renard_justine la mre de Tini est au courant
@rockofdomi merci bcp sans toi je pense pas que le cast serai au courant!!
@romkennedy @SlimDams ya rien le mec se relve en courant ya un trou dans la chaussette crois moi c'est un jaune sur
@sarahcnd1 Bh oui tqt pas,tu seras l'une des premires au courant mdr
@sihamrokmaa moi j'tais avec ma mere j'tais pas au courant que tu allais tre la ce fu une surprise
@starbusmetro Bonjour, est ce que l'arrt "Cours Kennedy" de la ligne 14 (direction Stade Rennais) est de nouveau desservi ? Merci =)
@thomas_potier99 Oh que oui ! Vas y en courant ! Mais dpche toi il sera bientt plus en salle
@troubleleigh j'espre sinon elle sera au courant
@xKylin_ oki bah j'dirais  ma mre demain, on s'tient au courant
@xTsukuyomi_ Malheureusement elles peuvent pas, mais t'inquite Inaho et Rayet se sont fait un alli de Vers et Slaine n'est pas au courant-
@xdrugofstyles jai activ tes notifs dc maintenant tt les conneries que tu dis je serais au courant ptdrr dc dit pas nimporte quoi
ALORS COUTEZ MOI BIEN,C'EST LA DERNIRE FOIS QUE J'SUIS PAS AU COURANT D'UN TRUC SUR BTS SINON J'ENCULE TOUT LE MODE
Accident : Un bus scolaire au foss  Saint-Lyphard -
Accident : le bus de Gangan droute, quatre joueurs blesss  @segadiallo @AfricaTopSports @afrikfoot @hpenot_lequipe
Accident : le bus de Gangan droute, quatre joueursblesss
Ah ok donc mon pre est en italie j'tais mme pas au courant...
Ajd repas de famille.3 sujet d'actualit dont ils ont parl et dont je n'tais pas au courant...Je suis coup du monde.,#Paces
Anniversaire de #7ans: 8 petits monstres  la maison. Tout en courant / criant. Pas eu le tps de faire la photo du goter: dj rpartis !
Aprs on a reprit le bus jusqu' Bully, pour aller au caj mais c'tait fermer du coup on s'est posey et fait des photos
Au moins maintenant elle est au courant de ce qu'elle reprsente lol
Baisse toi et suit moi on est parti en courant vers ma mre mais elle nous avait pas vu donc moi j'ai couru apres j'ai crier ma daronne (3)
Bibi qui se fait cambrioler, quoi, j'y crois pas...,J'espre qu'il nous tiendra au courant, pour le coup. :/
Bon tout le monde sera au courant que j'tais au ski avec ma trace de lunettes
Bon, je ne peux pas arrter d'couter The Mispers. Ds qu'ils viennent en France pour leur concert j'y vais en courant.
Bon, mon prnom fait partie de la liste des prnoms de femmes les plus courant en hpital psychiatrique. Dois-je m'inquiter ?
C'est ma marraine , je suis la dernire au courant, c'est super..
C'tait fin en temps, fallait que j'aille aux chiottes et mon frre m'a bicrave le trne, j'ai rat mes 2 bus du coup
Caro: ton pre est au courant?Dimitri: c'tait un dlire on rvisait.,Moi aussi je rvise comme a XD #Clem @BensettiRayane
Ce soir je dort chez Caro, mais si sa mre, si son pre n'est au courant, ok.....
Chui pa ds mon assiette matin l hun. Pff... Mais bOf, On vera biien ce que me reserve le courant de
Comme a je suis sre tout le monde est au courant et je passe pour la grosse jalouse
Concours d'aujourd'hui un peu plus tard aujourd'hui pour cause dimprevu j'espre que vous comprenderai :/ je vous tiens au courant merci .<3
Coupure de courant un samedi sois, nique sa mre.
Courir pour avoir RER et voir les portes se fermer pile au moment ou t'arrive a fait mal
D'ici la qu'il y ait une dissert' de philo toute frache a faire pour lundi je serai pas au courant comme d'hab
Dans le rer tout a l'heure ya une meuf elle se coupait les ongles comme si elle tait chez sa mere. J'tais outre
Dans le tram y a un mec qui coute sa musique super fort mon pre "il va tre sourd" Papa tu n'as jamais entendu le niveau de mon casque
Dans les films  l'eau de rose il y'a toujours ce plan au ralenti, des amoureux qui se rejoignent en courant. Je l'ai fais avec ma maman.
Dire que lundi c'est repartit la galre, le bus, les cours, les fdp et tout et tout
Dj j'faisais que courir partout l, entre les cours jusqu' 18h, les entrainements, le rer qui a toujours un soucis etc... C'tait dur
Du genrr y'a lbus jsort je cour aprs jsui devant le bus puis je reois un appel j'ai tent de rep et j'ai ft tomber mes 2 canettes !!!!!
ET VINCENT BESSAAAAT BESSAAAAAT BESSAAAAAAAT (Oui ca va je suis au courant laissez moi fter le but quand mme) #SDRFCN
Equipe de France Fminine : sance sur sable pour les gardiennes (ralentis)  #edf
Et Lucas qui m'rpond mme pas, et aprs a fais le chaud le thug et tout mais en vrai a a aucune couille, j'suis sre il est au courant..
Et bien sr on me prvient pas, ce serait con que je sois mis au courant quand mme.
Et voil merci @brusicor02 c'est grce  toi tout a tu es au courant j'espre ? a te fait rire ?
Hello les Sizters ! Les surprises prennent du temps mais vous serez bientt au courant de ce que l'on vous...
Heureusement qu'il y a Margaux avec qui je peux en parler et qui me tiens au courant sinon je pterai les plombs
Il ne faut jamais courir derrire un train, un bus ou un homme.
Il suffit d'une tincelle et si le courant passe on s'lvera, dans la nuit au 7me ciel
Inscrivez-vous  notre newsletter pour rester au courant des dernires nouveauts =>  #talent #orientation #formation
J'coute Bowie dans le RER et regarde vivre le monde. Vertige.
J'crois qu'elle sera au courant quand j'en aurait un
J'espre que Rainville va tre tenu au courant des prestations de ses collgues pour participer aussi  la fte. #MultiL1
J'suis dans mon fauteuil et j'vois Bastien passer en courant devant ma be vitre avec mon chien qui court derrire lui mddr je meurs
J'tais mme pas au courant,on me prviens toujours  la dernire minute
J'vais prendre le bus d'hier, la mme ligne qui a fait l'accident :)
Jamais on me met au courant moi on dirai j'apprends tous a la dernire minute
Je cours plus derrire personne , mme le chauffeur de bus peut aller se faire enculer
Je laisse toutes les lumires allumes, je me dplace en courant
Je passe ma vie  courir aprs le dernier rer #laviedebanlieue
Je pense que le monde n'est pas au courant qu'on est en semaine de relche
Je serais en stream srement dans l'aprs-midi ! Je vous tiens au courant !
Je suis toujours la dernire au courant a m'plait pas
Je suis toujours la dernire conne au courant.
Je vais activer les tweets, comme a  chaque fois qu'elle tweet, je serais au courant
Je vois tout le monde bosser, je dois m'inquiter de par tre au courant de mes devoirs?
Je vous tiens au courant, sinon il sera post en dbut de semaine prochaine. Et si elles peuvent vraiment pas, je posterais sans correction.
Jsais pas si ma mre est au courant qu'on est revenue chez elle Pck ya personne chez oim :// et on commence a avoir faim :/
Jsuis sorti en courant mdrrrrrrr elle a pleure de rire
Kattu va tre la premire au courant
Le 1er ministre de l'#Inde Marendra #Modi honorera la #France de sa visite dans le courant du mois d'avril, presque un an aprs son lection
Le jour o j'aurais un crush je crois que vs serez les 1er au courant
Le medley d'hayce est lourd, a me refait penser  2013 quand son medley tait sortit jfaisais que l'couter dans le bus mdr
Le samedi matin tout est dprimant. RER/Gare vide et en plus les 3/4 de tes potes ont pas cours
Les matchs @Gfinity commenceront vers 13h ! Je vous tiendrais au courant de toute faon si mes matchs sont streams ! :-)
Lundi  cette heure l je serai en train d'attendre le Putain de bus qui ne sera pas encore arriv
MON PERE IL A DIT J'AU UN COURANT D'AIR XPTDRR C UN COUP DFROID PAPA JSUIS MORTE AVC MA BELLE MRE
Ma belle mre est au courant pour cybilhe et moi oklm
Ma cousine est chez la sage femme ... On verra si je reois un SMS me tenant au courant.. Comme cette semaine c'tait tendu
Ma cousine va se faire oprer de seins mardi wsh j'tais mme pas au courant
Ma mere elle ma reveiller avec son staifi dans tte la maison c'est mon mariage et jsui pas au courant ou koi?
Ma mre elle est au courant jsuis sre
Ma mre elle sonne a l interphone des immeubles aprs elle part en courant
Ma mre je lui dis un truc, mon pre est au courant le lendemain..
Ma mre jrentre elle mdis j'suis tomber en courant derrire ta sur Noemie elle a entendu elle tait morteeee
Ma mre veut pas m'amener  Valenciennes et elle veut pas que je prenne le bus ni le train.
Ma pote a fait le planning pour notre projet et elle ma mit avec lui toute la journe. Ptn elle serait au courant je la remercierai
Mddr je l'a fais courir ma mere avec les bus la pauvre !
Mdr on a eu un accident de bus grave drle
Mdrr ce matin vers 8h40 je promne mon chien et je vois mon frre arriver de soire en courant comme un con
Merci Twitter, Merci maman,  cette allure l j'aurai mme plus besoin de regarder je serai au courant de tout mme des dtails  #lt
Mme pas un message pour me tenir au courant.. Rien. Y a fallut que j'envoie un SMS la premire. Aller vous faire fouttre !!!
Moi je m'imagine courant vers toi faisant le premier pas, mon cur est fragile si tu le touches ne le casse pas
Moi qd jui vnre contre un mec la plante entire est au courant Bc j'veux l'bruler en gnral du coup j'mets des avis de recherche et tout
Mon contact me tiendras au courant du score de la premire mi-temps faon.
Mon cousin si j'l'aurais crois dans la rue et que c'tait pas mon cousin je pense que je me serais barrer en courant ptn.
Mon pre aime bien tre au courant je crois.
Mon pre chaque jour il va me rpter qu' la fin de l'anne j'ai le bac, genre je suis pas au courant
Mon pre il sait pas mais dans son regard j'ai l'impression il est toujours au courant de tout qu'il me crame ptdrr  paranoa
Mon pre me fait '' attends ARRETES toi'' et l il sonne chez quelque un et se barre en courant... Merci papa tu rattrape le niveau ..
Mon pre me fait la gueule, parce que j'ai louper mon bus. Dacc. Merci hein super le cadeau et la soire
Mon pre qui dort alors que j'ai la musique  fond ??????? J'tais mme pas au courant
Mon pre qui est au courant pour les trois duc d'or du spectacle de Jeff panacloc et a l'air encore  motiv que moi pour les trouver
Mon vernissage  Paris,  la lumire des chandelles  cause d'une panne de courant. Une atmosphre intime,...
Morgane seras toujours la premire au courant de toute faon
Mtn y'a mme plus de courant sa mre
Mtro Ligne 13 En raison d'un malaise voyageur, le trafic est ralenti sur la ligne. Trafic normal sur les autres lignes de Mtro.
Nique sa mere plus de courant
Niquez vos mere EDF a couper le courant comme a
OMGGKDKDKDBD MON PRE IL ME LA DIT JME SUIS LEVER EN COURANT MDRRRRRRR
Oh sa mere jai loup le bus
On fte l'annif de mon frre mais j'tais pas au courant
Parfois j'ai l'impression de redcouvrir mon Twitter, genre y'a certaines personnes j'tais mme pas au courant que je les suivais
Pourquoi je fais la meuf  ne pas me tenir dans le RER alors qu'au moindre coup de frein je finis par terre ?
Premier match qui va commencer pour moi dans cette @Gfinity ! Il ne sera pas stream, mais je vous tiens au courant !
Prire de ne pas rire, #Sarkozy n'tait bien videmment au courant de rien pour les malversation de son bras droit #GuantGate
Ptn je sors de la douche et mon pre trouve amusant de m'craser de la pt pour chat sur le visage et ce casser en courant mort de rire
Ptn quand mon frre il revient tu peut tre sur que toute la villes est au courant mdr
Puis mon frre qui me dit fdp mdr il est au courant que je suis sa soeur ou pas ?
Qd jvois le soleil dehors mon coeur il palpite j'ai envie de sortir en courant mais si jsors ds lsbah ma belle mere elle va m'tuer mddr
Quand vous mettez vos photos avec vos copains copine j'espre que les parents sont au courant aussi . ... Non je rigoles
RT @01net: Au #MWC15 @SonyXperiaFR annonce la mise  jour de tous ses smartphones Z vers Lollipop courant mars # 01NetMWC
RT @Alex_brandonn: mdrrrr Noa l'a trop cal. on dirait accident de bus avec vlo  co Pablo
RT @AmauryFuret: @Gui_Soso hey merci de me mettre au courant moi votre pre fondateur..
RT @Auber93Cyclisme: [Pros] Atteint par une endofibrose de l'artre iliaque, @GouaultP va se faire oprer courant mars. Plus d'infos :
RT @Banou31887686: Mon pre me fait '' attends ARRETES toi'' et l il sonne chez quelque un et se barre en courant... Merci papa tu rattrape le niveau ..
RT @BrouardColine: Pour tous ceux qui vont regarder clem lundi soir, je vous tiens juste au courant que julien va mourir d'un accident de voiture.
RT @BruceGrannec: Les matchs @Gfinity commenceront vers 13h ! Je vous tiendrais au courant de toute faon si mes matchs sont streams ! :-)
RT @BruceGrannec: Premier match qui va commencer pour moi dans cette @Gfinity ! Il ne sera pas stream, mais je vous tiens au courant !
RT @CIaudeFrancois: RE JE SUIS LA, DSOL DU RETARD J'AVAIS UNE PETITE COUPURE DE COURANT
RT @Chibromasseur_: tes vous au courant que les cimetires ne sont pas des lieux de shooting pr vos horribles photos de beaufs
RT @ClementineVsn: quand y'a des gens chez moi, j'suis tjrs la dernire au courant
RT @Dixon_Queen: T'aura beau tre la personne la plus chre  mes yeux, si y'a une araigne dans tes cheveux je me barre en courant, on se connat plus.
RT @DjaloYunussa: les gens ki vienne me casser les couille a 8h dans le bus svp arrter vous savez trs bien ke je veux juste couter ma musique bordel
RT @EVOLTION__: @diplonot @c_capdevielle @RichardFerrand @FtcAvocats parce q justement je sais q je n ai ps 19000/ mois. Je serai au courant je pense
RT @EmilieGrl: En attendant le tram, y'avais un couple archi dgueulasse, et en plus la fille lui perait ses boutons... Mais le type avait 40 ballet ..
RT @EncoreUneArabee: C'est bientt la coupe du monde fminine jsuis sre que personne est au courant mdrrrrr Ps: jviens de l'apprendre aussi
RT @GhostnZombie: Bon, mon prnom fait partie de la liste des prnoms de femmes les plus courant en hpital psychiatrique. Dois-je m'inquiter ?
RT @GuillaumeLevy08: #PrixLesMzires Courant coup  la Basse-Prale : cble de 20.000 volts sectionn  cause... d'une cigogne !
RT @GwenBrc: Kattu va tre la premire au courant
RT @Jaunehomme: Vous tes au courant que si un gars est dans la friendzone d'une meuf qu'il veut pas grer c'est pas grave ou pas ?
RT @Jennyy_w: - mon pre sortir de sa chambre en courant en mode " qui va la ?! " Jsuis trop ko !
RT @Julie_DBT: @icohnx je te mets au courant de ta connerie alors arrte de rler. J'ai rien a me reprocher donc tes commentaires tu devrais viter
RT @KassimCorsaire: Ca s'voit ls vineurs s'ils gagnent 1oscar Ca va lcher des "ya que ma mre ki croyai en moi" alors kelle ntait pas au courant des perruques
RT @KatandeObed: Un STMG Drague une fille dans le RER-Slt beaut tu va o ?- La Dfense et toi?,- l'attaque Mskn le train la tacler dans la surface
RT @Ladymatique: ET VINCENT BESSAAAAT BESSAAAAAT BESSAAAAAAAT (Oui ca va je suis au courant laissez moi fter le but quand mme) #SDRFCN
RT @LeBledArt1: Oui je serai en live ce soir, faut d'abord que je mange ! Je vous tiens au courant toute faon
RT @LePoint: VIDO tats-Unis : un accident de bus film de l'intrieur
RT @LeaCueille: @LePtitNoir alors ca c'est sure, quand on l'aura tout le monde sera au courant crois moi mddr
RT @MeganeRcd: @FionaCrd Bannire ou header c'est + courant sur twitter mais j'ai compris  Haha merci
RT @MisterTwiits: "A 15ans elle est tomb enceinte par accident" C'est vrai que c'est trs courant de trbucher et de tomber les jambes cartes sur un pnis.
RT @Mobius3340: @loiccoste bons souvenirs, je ne sais pas ahah, mais il y en a eu oui! a marche, tiens moi au courant ca serait vraiment top!!
RT @MsieurLeProf: Attentat en salle des profs : un lve vient d'y jeter un ptard avant de se barrer en courant. Jvais exercer mon droit de retrait.
RT @NeW_FlaMe7: Les couples qui se font bisous , clins et parle comme des fragiles derrire moi a l'arrt de bus comment vous tes casse couilles
RT @NinaOsb: @Chloutee @GrisvalAdle c'est un petit programme bidon et sympathique tu seras bientt mise au courant (dans les minutes qui suivent)
RT @Ninoouu_92: Ma mre jrentre elle mdis j'suis tomber en courant derrire ta sur Noemie elle a entendu elle tait morteeee
RT @OnMaApplaudi: Le chauffeur du bus a ralenti par ce qu'une beurette traversait, je lui ai dis azi passe c'est orange, on m'a applaudit, j'ai roul l'bus
RT @OneDirectioOn27: - si je serai l demain, je vous retiens au courant! Bisous  #M :)
RT @PhilippeAlcoy: #Tuzla ou la lutte pour la survie ouvrire | Courant Communiste Revolutionnaire - NPA
RT @Recettes_series: Pour tre au courant des dernires recettes, n'hsitez pas  liker ma page Facebook :
RT @Ruthmalemisa: Quand vous mettez vos photos avec vos copains copine j'espre que les parents sont au courant aussi . ... Non je rigoles
RT @Sorayaa213: Tfason les meuf tva leur raconter un truc ya touute la terre qui sera au courant
RT @StreetBellucci: "@Enrick_Mlc: Bon bas Voila quand je galre sur snap  " mdr coupez mm pas internet couper lui l'lectricit EDF svp
RT @SunsFR: Vous connaissez la dernire? PJ Tucker a loup le bus, encore. Il ne jouera pas ce soir. C'est Marcus Morris qui dmarre  sa place.
RT @Syloros: Je serais en stream srement dans l'aprs-midi ! Je vous tiens au courant !
RT @TangtangB: Ya un mec devant moi dans le rer il fais crari c'est une kai il regarde mal mais j'entend dans ses couteurs il coute halleluja
RT @UCP_Germinet: couter uptown funk en lisant Charlie dans le RER pour aller  la crmonie #diplomsucp : est-ce que tout va bien ? Je ne sais pas !
RT @Valentinefsch: Bon tout le monde sera au courant que j'tais au ski avec ma trace de lunettes
RT @_MelsD_: Mdr y'a eu une coupure de courant et mon frre il dit " Hey moi j'suis au toilette j'suis dans le noir "
RT @_jswhitley: Prire de ne pas rire, #Sarkozy n'tait bien videmment au courant de rien pour les malversation de son bras droit #GuantGate
RT @_voiceofmatt_: @idrewdallas salut bb normalement c'est ok pour cette aprem jte tiens au courant stp dit a ton pre que jmappel autrement
RT @addictxzayn: Ma mre est au courant pour mon crush mdrrrrrrzkjwb
RT @aliice32: @gro_tony @_Pauline93_ je prfre quel soit au courant que c que dla CHEB
RT @citoyenRF: @benjiii63 @Pathosfirst EU tait au courant ds dbut pour la Grce qui a t intgrer pour pas avoir de guerre avec Turquie
RT @claflissime: @1DDailyReport @Mrs_MStyles ptn si c'est que prter  la place de la fan je la prend je lui fais un calin un selfie et je me tire en courant
RT @curlyhairofmika: @Smile_ofzayn t'est au courant que tu te rep a toi mme?MDDDDDDDDDDDDR
RT @estxlpld: On vs dit classique vs vs barrez en courant mais qd c orientale, tout d'suite c plus intressant mdrr j'dsespre compltement
RT @favreau_a: Je n'tais pas au courant que c'tait votre dernire tourne  @NiallOfficial @Louis_Tomlinson @Real_Liam_Payne @Harry_Styles @zaynmalik
RT @guillaumemauri5: Lundi  cette heure l je serai en train d'attendre le Putain de bus qui ne sera pas encore arriv
RT @httpxloueh: @BabyStyles_94:  QUESTION 27 ,Vous avez dj vu votre bft ?tu serai la premire au courant.. mais je perd pas espoir
RT @iNK_Trekdown: Coupure de courant un samedi sois, nique sa mre.
RT @jumaqueen: "donc t en 1re-terminal?" "terminal" "L-ES?" "bac pro mdr" "ah.... bon bon t au courant ici c la fac??" a pique encore
RT @lieemix: @SouthLanEvent La moindre des choses seraient de tenir au courant les 3000 types qui attendent derriere votre stream finis a la pisse !!!
RT @lynseekf: Aprs on a reprit le bus jusqu' Bully, pour aller au caj mais c'tait fermer du coup on s'est posey et fait des photos
RT @makadjiamadou: Accident : le bus de Gangan droute, quatre joueurs blesss  @segadiallo @AfricaTopSports @afrikfoot @hpenot_lequipe
RT @newsortf: "@LePoint: VIDO tats-Unis : un accident de bus film de l'intrieur  "
RT @niassa221: @marionmeunier3 on lui achte un ticket de bus ensuite coup de pied au derrire et dmerde toi mdrrr
RT @noemielaurin: Je pense que le monde n'est pas au courant qu'on est en semaine de relche
RT @oyonnh: hier c'tait l'anniv de mon pre il tait mme pas au courant
RT @papillonsdonyx: Si vous n'tes pas encore au courant, sachez que la belle @cynthiadulude sera prsente  Polymanga du
RT @pueyo_lisa: Notre page est au courant! On sera nombreuses derrire nos crans le 11 mars sur @nrjhitslachaine @OceaneLottin
RT @rockofdomi: 11 491 tweets sur #riplaurelyne , merci  tous, j'espre que sa famille sera au courant de ce grand hommage
RT @slxght: Je suis toujours la dernire au courant a m'plait pas
RT @styleskians: @DrauhlAndJanos il arrive en courant de derrire et il fait sa petite danse
RT @submissiveoflou: mon frre chaque fois qu'il trouve un groupe de mtal il vient en courant me faire couter mdrr
RT @sxtan_: On a galr a trouver une place dans le RER pour au final sortir en courant pour en choper un plus confortable msk jsuis KO
RT @thirlwzayn: @damnhyland ils sont mm pas au courant jsuis sre #KCA #VoteLittleMixUK
RT @tomlirwinn: chpa si vous tes au courant mais cet homme sans importance pour vous reprsente tellement pour moi
Rendez-Vous lundi  19h pour pour la mise en ligne de "QueensTrap". 1er extrait du projet qui sortira courant 2015.
Retour du ski, aprs 9h de voiture c'est tjrs passionant d'couter les conversations de retraits dans le RER
Salut @ToulouseFC , c'est gentil de protger @boucherzacharie , mais Ahamada n'tait pas au courant qu'il jouait hier
Selon une tude mdicale les fellations et avale par la suite ferait maigrir deux fois plus vite .. Medame vous tes au courant
Si vous n'tes pas encore au courant, sachez que la belle @cynthiadulude sera prsente  Polymanga du
Sinon, on a toujours pas remis d'essence dans la voiture, je crois lundi je vais venir en courant
T'aura beau tre la personne la plus chre  mes yeux, si y'a une araigne dans tes cheveux je me barre en courant, on se connat plus.
Tch au courant qu'on t'ajout dans un groupe de Facebook que quand tchu reois une notification...
Tfason les meuf tva leur raconter un truc ya touute la terre qui sera au courant
Tour du lac en courant  trop fire
Tu fais ce que tu veux ... ah ah j'ai vu a. J'espre juste que ta meuf et pas au courant de tout ce que tu as fais !!!
Une fille de ma classe elle venais en cours a Corbeil un matin dans le rer D un mec bourrer c'est poser devant en la regardent
Valls veut imposer limmigration  la France entire  Dans le langage courant on appel a "un salop"
Vous etre au courant que ce sera srement pas une nana qui gagnera #thevoice..ya que des nana qui votent
Vu que mon pre tait dj au courant, et qu'il m'a promis de m'y emmener, il ne restait plus qu' en parler  ma mre. #lt
Y'a des gens ds la premire conversation t'es bien quoi, le courant passe direct
Y'a un mec qui pissait pensant tre tranquille et l le tram est pass et a ralenti en mode "regardez-le tous"
Y'a voulut faire le petit couple mignon mais il s'est bien toler en courant derrire elle.
Ya un accident devant sa fait 1h qu'on attend avk le bus..
Ya un couple de vieux dans le RER ils jouent  la DS normal A leur ageeee
Ya un mec devant moi dans le rer il fais crari c'est une kai il regarde mal mais j'entend dans ses couteurs il coute halleluja
_j'allais pleurer j'suis rentrer en courant ma mre elle rigolait ew
a m'agace de courir derrire le bus pour qu'il attende 10mn au final genre j'aurais pu marcher tranquillement
a me fait rire quand je vois les gens courir quand ils sortent du RER pour rattraper leur BUS
a me libre que quelqu'un de mon entourage soit au courant jsp pourquoi
avant hier au lyce y a la mre d'un mec qui est arriv au lyce en courant elle a gueul "t'as pas les cls" il a fait "non" genre trop
bon mon pre est au courant
couter uptown funk en lisant Charlie dans le RER pour aller  la crmonie #diplomsucp : est-ce que tout va bien ? Je ne sais pas !
j'ai pas intret a louper le bus
jvais me percer mon 2me trous ma mre est pas au courant elle va me dpouiller
jvoulais aller a la mer entre mes deux trains mais 30 minutes pour prendre le tram et tt c cho jsuis triste un max
le choc que sa m'a fait  .. et ma mere n'tait pas au courant .. de les entendre pleurer trop dur ..
ma mre elle tait mme pas au courant que j'avais match demain
mais ma mre me laissera jamais prendre le train itout alors que je pourrai simplement prendre un bus pour me rendre au bahut
mais ta mre la pute taehyung il a du mal avec l'anglais & il a quand mme fait l'effort de chanter cette chanson est-ce que t'es au courant
mes potes me proposent de faire un marathon de 5km alors que je crve dj en courant derrire mon bus sur 100m
mon frre chaque fois qu'il trouve un groupe de mtal il vient en courant me faire couter mdrr
mon frre qui me fait faire 5km en courant..j'ai mal partout...
mon frre vient de se barrer en courant de ma chambre parce qu'il a cru qu'il y avait une bombe.. la prochaine fois, j'toufferai ma montre
non mais j'tais cens lui rpondre quoi? dans la famille ya que ma mre qui est au courant
on a pris le RER mais il tait trop stresser de ce faire voler du coup on a fini  pied...
putain de sa mere j'tais pas au courant que le real a perdu tfouuuuuuuuuuuuuuu
quand je vois des couples dans le rer et tout comment j'ai l'seum
quand je vois son twitter je la vois plus de la mme manire maintenant que je suis au courant de ce qu'il s'est pass
quand y'a des gens chez moi, j'suis tjrs la dernire au courant
svp on attend le bus et y'a plein de conducteurs qui ont ralenti devant nous mdr mais niquez vos races et tracez votre route
tre dans le bus et voir le chauffeur s'arrter et nous faire signe... Pour au final le voir courir vers un camion de pizza #VDM #OKLM #WTF
tu pecho des arabes sur loups garous en ligne c tout ferme ta mere
une chose est sur je vous tiendrai au courant que je serai prt  le faire..,donc n'hsitez pas a rpondre  l'appel..
ya la sur de mon pre qui vient d'arriver en France. il est pas au courant et il l'a pas vu depuis 15 ans. cest trop mimsssss
