"Avec toi je retrouve mes plaisirs d'enfant" : mon #pre, me courant aprs avec une araigne dans les mains. #arachnophobie #haine
"Le courant passe plus avec ma meuf de quoi pter un fusible"
"On vous tient vite au courant pour la grosse srie de concerts qui arrive aprs. " On peut esprer pour quand @FAUVEcorp environ ?
#Accident Bel-Air, ligne 12  Moillesulaz
#Orages #Isre 1900 sans courant. avec entre autres deux poteaux ont t casss cette nuit  #Beaucroissant
#SurTwitterJeSuis Oui on est au courant que tu y es sinon tu n'aurai pas pu crer ce #, pas besoin de parler comme Yoda
#artistefmininefrancophonedelanne n'ont rien fait cette anne,ce qui est faux. Et au cas ou vous ne serez pas au courant,Shy'm tait 2/3
-Du coup on va se prendre la tte et il va me virer ce qui fait que je ne serai pas obliger de reprendre le bus de 18h30 *-*
1 re fois de ma vie que je m'endors dans mon bus et que je loupe mon arrt j'ai rien capt oyez
18 h : Hydro-Qubec veut leur couper le courant pendant les heures douverture, des commerants de Qubec en colre.
2200 foyers privs d'lectricit ce matin en Isre aprs le coup de vent de la nuit selon #ERDF #meteo #alerteorange
2h30. Trafic normal sur les autres lignes de RER. [2/2]
4 ans ? c'est qui elle ? pourquoi j'suis pas au courant que mon frre sort avec
4th Avenue : Accident at Commerce Street -
5 000 foyers privs de courant en Drme-Ardche, 1 000 en Isre
@7000danseuses et je ne sais pas si on saura avant que ce soit rendu public, ou si on sera au courant en mme temps que tout le monde ^^
@Adinaieros Nice. Je te tiendrai au courant de quel jour/quand jy serai #teamcourslesamedimatin
@AeroportsParis vos prises de courant ne fonctionnent pas au terminal E et ce n'est pas la premire fois ... C'est agaant
@AkiyoshiKureiji Premire nouvelle x) On sent le mec pas au courant ^^
@AlexisRPGASY *va en courant vers l'endroit que tu lui montres pour s'inspecter dans la glace *
@Apomtn t'faon j'pense pas que je serai passe ce samedi mais j'te tiens au courant
@ArlettesDiary @LeChatBeaute_ @leblogdeneroli J'espre aussi qu'elle y sera, on compte sur toi pour nous tenir au courant
@ArthurBrauuun @NinaLmne @Franck_mchl ah lbatard cmt tu m'affiches, jsuis quasi sre que ma tweetline tait pas au courant
@Bawss78 bientot jte tien au courant frere
@BenoitBringer enquter c est bien, informer c est bien, et maintenant que tt le monde est au courant ???
@BlandineNsls branche toi tu seras au courant
@Bot_ReRe Bah nikel coute, ah t'as pas d'amis enfaite
@Bot_ReRe Dcouvrez, coutez, Partagez! Reprise de @NissouOfficial Nissou - Des mots qui rsonnent (Cover)  #RT!
@CBensadoun ah bon je sais des choses sur toi que pers est au courant
@CabritJulien Tiens moi au courant des score frre
@CalebRPGPLLF on doit en parler justement, je te tiendrais en courant, et ta mre ?
@CamilleBltk ptddrrrrr moi ma mre sais que j'ai un bus et me dis de pas venir en cours mdrrrrrr
@Capetlevrai Yo capet serait tu au courant de porblme de console avec Aw ma console freeze 1 fois sur 2 pendant les games
@Clment__Chc Tu me follow plus, tu viens sur mon compte et tu me dis que t'es pas au courant..? Je suis pas ne de la dernire plouie.
@CyaneGrd de rien c'est sincre bon moi c'est marqu aussi mais c'est un prnom courant :)
@DALS_TF1 @BensettiRayane haha trop drle mdr moi je serais partie en courant mmmdddrrr
@DivideMeByZero Pourquoi? Que les sorciers/res s'en foutent probablement de coloniser l'espace et qu'iels sont pas trop au courant du _
@Djbau21 Je serai toujours la pour toi quoi qu'il arrive. Tien moi au courant mon grd frre de cur :3
@DreewG pendant que tu seras dans le train je serais dans le bus
@DuGenie genre le 15-16? Je ne sais pas si on va faire un souper pour mon pre et ma petite petite nice. J'te tiens au courant.
@EDFofficiel on peut utiliser la pression et l'antipression pour crer des charges positives et ngatives donc du courant.
@EmilieWilhelm Bonjour Emilie ! Avez-vous reu mon mail ? N'hsitez pas  me tenir au courant :) #GIW
@Emiliissime_ bah faut que tu me tiennes au courant parce que le mercredi aprem souvent je fais les magasins avec ma grand-mre Mili.
@Eren_Jaaeger que tout l'game baise ta mre ? Si jsuis o courant frre
@EsenETout @MisterEsteban59 J'tais pas au courant mdr j'suis la dernire au courant
@EvenoFlavie bah si ma mre veut ... En plus je sais que je vais loup le bus
@FitGyal j'espre aussi! Je te tiendrai au courant des rsultats :)
@FuriouSG_ J'tais pas au courant !! J'espre que tu as ouvert une bouteille ! Tu bosses dans quoi ?,Bon courage alors ! :D
@Gnvilir On va crer un courant mao au FDG inchallah
@GodricRP *Esquisse un lger sourire triomphal et hausse les sourcils* Un dbut d'attachement dont je n'ai pas t mit au courant. Ce n'est-
@IamS_onia j'suis pas au courant que c'est fini moi. Femme apport moi une bire ? Mdrrr
@Iliass1407 tu m'tiens au courant frere si t'as bsn de qq chose
@JenniferLameira j'ai faillis avoir 2 accidents de bus ce matin avec cette pluie de merde ils roulent mal!
@Jirayalecochon Ah j'espre pas trop louper avec mon bus de con ^^
@Ju_ach tu es courant qu'ils arrtent la srie ? :(
@K_prono @BotParionSport si je gagne tu sera le premier au courant
@Kaett2 Merci d'avoir remont ce soucis :) Normalement on ouvre courant semaine pro.,  confirmer ! On fera une annonce ds que c'est sr
@Kuraiba_ non cest mon ordi qu est fou tu serais au courant sinon..
@Kuromai @EgoKoe tiens nous au courant ds que tu l'as reu !
@LLesaine au moins mme le matin tu me fais rire, mdr! t'inquite pas je te tiendrais au courant ,bonne journe mon petit amour
@LSacripant inch'Allah frre. Tu me tien au courant hyn !
@LaGesrel mdrrrrrr grave comme ca tout le lyce sera au courant que tu es l
@Laurawln sinon tu serais au courant voyons
@LeaGln tu serais la coiffeuse du village. Tu serais au courant que Ginette trompe son mari avec Hector le facteur et tu sortirai avec Kevin
@LinaChevee @back2up oh non laisse moi croire ca je prfre ne pas tre au courant
@LouisRPGHJLA -fait l'hlicoptre avec sa bite en riant pour te narguer et se barre en courant tel le fdp qu'il est-
@Luciole_11 @MellexAudreyx @Violaaine_B @MorganeGD hte moi aussi .... vous serez les premires au courant! Bisous
@LudoN7 Bonjour, votre prime de bienvenue pour l'ouverture d'un compte courant est verse aprs activation de celui-ci. Bonne journe.
@Ludwin973 c chris qui vas la rcuprer demain vu qu'il prend le mme bus qu'elle
@M_Claudette_B je comprends dont,moi aussi je serais partie en courant.Jamais je ne resterais  ct d'un schizo avec mes enfants
@MaGiKzSeb @standardmen89 ah non j'tais pas au courant, de toute faon on s'tait pris plus de 5  8clos nous aussi donc il s'est gerer
@Macarenialls ton pere est au courant??
@MalekFenty @Glennoushh_ oui je l'ai dit mais c'est pour te faire chier.  et tu me feras quoi? Des que je m'approche tu pars en courant
@Malika_Sanogoh Mdrrrrrrrr moi je cours derrire bus faut pas nous comparer
@ManonDge @Manoon_Le Mddr ma petite Manon n'est pas encore au courant mais elle le sera demain matin :')
@Margaux_fdn T'es aussi perturbe que le trafic sur le RER D mdr
@Mariadgloriam: Autoroute ferme, coup de mer sur la prom, plus de bus, plus de train. Apocalypse sur Nice,
@MarineGraeffly OMG  Elle est au courant que vous tes en premire ou bien ?
@Marocaiiine_93 nn j'pensse pas l'ambiance avc ma mre et tt elle sera tellement lectrique keu y vont couper l'courant
@Mauraneofficiel Et bien je vous "suis" et je serais au courant.
@NiallOfficial ya peut etre des gens qui n'en ont pas les moyens... ils sont chers vos tickets au cas ou vous ne seriez pas au courant
@NormandGallant @simondurivage Tu devrais lire sur cette poque avant de juger,il tait courant que les filles se marient vers 12-13 ans.
@OminaeFR @Mar_Lard La police aux frontires japonaise est elle au courant de son cas ? #takedownjulienblanc
@PhoenixBart Maintenant qu'il est courant ce sera plutt Maman Nol qui va te l'apporter :p
@Princessse213 bah ouai mdr pareil je me disais pas de bus pas de cours mais Mere elle la voit pas pareil !
@RaMiiK_COD je te tien au courant la mon pre ma appeler il ma dit qu'il verrait demain j'irai vendre mes jeux
@Real_Liam_Payne le jour ou tu te dcideras  me follow je crierai tellement fort que toute la rgion sera au courant
@Reda2306 La galre aussi alors. Hier j'ai eu une panne au taf. Plus de courant pendant 3 heures
@SalafiPasTalafi @Passibete Slm;permtez moi d'ajouter ceci ki gnralement alarme tout mouslim 5)et sa se saura ! t l'monde sera au courant
@SarahCorreiaLop je vais te voir courir derrire le bus mddr
@Siphano @PopiGames Pas au courant du tout voyons, tout ceci n'tait qu'une illusion crer par notre esprit!
@SoniaLacen On est trs touchs d'tre les premiers au courant  on sera aussi les premiers  te soutenir sans aucun doute
@SophiaMartelly, tes vous au courant des difficults que confrontent Miss #Hati, #CarolineDesert qui nous reprsente dans la prcarit...
@SoullessOni ae .. J'espre que tu seras accept. Moi j'ai cours dans 15mins et toujours pas de RER en vu ..
@SoyMoroccan ok merci pour l'infos,,On se tien au courant si on reois bien un mail.
@TSwiftFranceFan tu nous tiendras au courant hein !!! Et si d'autre dates sont prvu on le sera quand ?
@TaliahJaoui tre tenu au courant des changements de dernire minute, des runions, avoir les annales des exams et les cours complets
@TheKerkobitch pp qui te rappelle pour te demander maintenant si ta mre t'as mise au courant.
@TheShidori merci shido tkt j'tais au courant il te pte une team les yeux ferme il sera pas ou il sera direct uber xD
@ThisIsMiaTea Moi ma meilleure amie c'est la personne qui sera au courant dans les 10 secondes qui suivent haha !
@ThomasCabrera6 bah j'espre pour toi que tu auras l'occasion de la revoir tu me tiendras au courant hein ??  elle tait brune blonde ?-
@YFEFRANCE Non mais la prochaine fois, j'y serais ! En revanche tenez-moi au courant pour l'ITW, voulez-vous mon numro en DM ?
@_Charlotte0513 @M_Bofferon pers est au courant tekas
@_mayjx oui je pense pour te voir :) j'espre ! De toute faon on se tient au courant
@albusDumbledord ah bah dobby n'tait pas au courant dobby esprait que ca soit harry potter! Sans vous vexer dum...euh ...pre ?
@amv_ac  vous aussi :) aucune encombre aujourd'hui dans le train et RER
@bortzmeyer Trafic totalement interrompu sur le RERC pour le moment
@brenoul @Chob59 @julienfabien @Sarah_Bcf Mais vous tes au courant, quand mme, qu'on n'oblige pas les gens  adhrer  une asso ?
@callmekrug j'espre que tu es au courant ...
@couzelin: Arbre  vent qui gnre du courant  la Cit des Telecoms  je veux le mme dans mon jardin, possible ?
@cyceron merci Cyrille ;) le roman avance doucement. Ne te fais pas, il est fort loin d'tre publi. Anyway, tu seras mis au courant <3
@damienlvn @judmtz @CyprienDoose @GautierNo9 pourquoi ptdrr jsuis toujours la dernire au courant
@duffwoman_ cer qui had Omar ? Pourquoi je ne suis pas au courant ?
@evanrpgitr Et ton pre il est au courant ?
@gavatxinho @LiberteSociale " charg de mission auprs du ministre" @pdousteblazy : le ministre est PARFAITEMENT au courant!
@guiomarix @GirlsnNantes il va falloir mettre au courant le Pre Nol les filles ;) #wishlist
@jamesexmcvey merde :( bon on se tient au courant vers 10h je t'envoie un message pendant la pause
@jerome_aka_jay bjr, la V8 d'Icoyote sera t elle dispo courant de ce mois-ci ?
@jeromejarre ON SERA TENU AU COURANT QUAND DU PLANNING ?
@jeromejarre t'es au courant que si tu viens en France et que je te voie Je te saute dessus !!! Je serai tellement contente
@jeunefrancaise @_Rebeyne_ coup de couteau ds un RER : incident voyageur
@julguth Ouais bah je te tiens au courant, de toute faon y s'apelle mon pre
@leausty j'espre aussi bb tu me tiens au courant hein
@ledirlo @Europe1 oui cela serait prfrable mais le terme est hlas pass dans le langage courant. Et aromodle telepilot n'est pas sexy
@lermeu_ mdr.. bah j'aurais bien aim fter ca ouais mais les filles peuvent pas je crois.. Enfin on te retiens au courant si on sort :)
@lornifouin @MDorianGray moi je suis au courant de tes repas, tenues, de ton manque de chocolat et toi tu sais pas que j'ai une cte fle ?
@lotsoflove35 Bien sur tu seras la premiere au courant
@marine_kohler Gnrez, stockez et utilisez votre propre courant lectrique grce  l'nergie solaire. Ne subissez plus EDF ; managez !
@nanob_ j'espre pour toi, en tt cas je suis pas au courant
@niallrbby  sa c'est moi en courant vers toi et l c'est toi en me voyant
@obriensmyman bah ce serait cool s'il tait au courant aussi mdrrrr
@rem1246 Tu me tiendras au courant quand mme !
@rnb_001 oui pas de soucis je tiens au courant... Je ne mets rien sur FB pour ne pas trop inquieter ma mere though ;-) Merci..!!
@salomecarlawack Oui... C'est quand mme fou... Moi je serai parti en courant... Mdrr
@simoneduchmole c'est plus sr. Imaginez que pas courant d'une nouvelle rforme, vous le respectiez par inadvertance. L'accident bte ;-)
@skinnmacdana Les Musulmans pacifistes reprsentent un nouveau courant, si tu veux.
@sneakyloves @sunofelyar TJRS LA DERNIRE AU COURANT BYE
@stephdetoulon dsol mais j'ai plus eu de courant pendant 5h donc je galre a mettre en ligne mais au grand max, Mercredi c'est post!
@theycallmeJads Ahah moques toi ! Je te tiendrai au courant quand je serai dispo :)
@valmente @NipSports En train dcouter dans le RER. nickel, merci :)
@warn_me @Tecoub le 3% n'est maintenant qu'une tolrance exceptionnelle normalement, plus le critre courant.
@watsunshine j'te ferais bien un chocolat chaud mais c'est compliqu. Sinon t'as pas trop peur de reprendre le bus du coup?
@xWildS0ul On tudie les domaines et la candidature, la suite se fera certainement sur TeamSpeak courant la semaine.
@xXxJoanna06 Ah c'est pour sa plus de courant, mme la lumire  Unfollow les pseudo :')
@xavfun Je suis au courant, mais je serai trs romantique @Polo_Seo @seocamp @L_referencement
@ylana48 @israelpaix Vrai. Il est courant de voir un drapeau Americain, dans un jardin priv ou sur une maison particulire, et en France ?
@yourgrandad_ et rsultat demain, 7h30, je serai en train d'attendre le bus.
Ajd en plein cours le courant est parti comme au bled mon frre
Alerte orange : Prs de 5 000 foyers privs de courant en Drme #Ardche et 2 200 en Isre  via @Ledauphine.com
Aller hop sa commence bien, je loupe mon bus, ma mre va m'tuer
Aprs le bus c'est le train et aprs le train c'est le rer. Aujourd'hui c'est ma rentre et j'aurais prfr rester coucher
Arbre  vent qui gnre du courant  la Cit des Telecoms
Ardche | Prs de 5 000 foyers privs de courant en Drme-Ardche, 1 000 en Isre [VIDOS]  via @Ledauphine.com
Arnaque par tlphone! Des escrocs se font passer pour EDF pour rcuprer vos donnes bancaires | Planet
Attention RATPgrve aujourd'hui : trafic des bus perturb sur nombreuses lignes de bus* du sud du ... "
Autoroute ferme, coup de mer sur la prom, plus de bus, plus de train. Apocalypse sur Nice
Autre chose que je retiendrais de cette journe: mon ride de Pirates sans lumire et sans audio (panne de courant)
Avec clmence on est toujours les dernires au courant
Avez-vous vu le TEASER des 1res Assises du Courant ? La Rvolution de la Bienveillance est en marche ! #RevEH,
Baise ta sur le rer il est bloquer ya pas de train
Barth tait au courant du dossier avant de rencontrer #Magnotta. Il relate sa premire rencontre avec lui.
Bloqu dans le tram  cause d'un accident.  croire les gens voient pas qu'il pleut, roulez doucement merde.
Bon les gens faut arrter maintenant avec Google Traduction Sexion d'Assaut et Justin Bieber - Je crois qu'on est tous au courant
Brandao vient se dfendre avec sa mre. je comprends maintenant pkoi il s'est barr en courant ct pour se cacher sous la jupe de maman.
Bref je sors du RER j'ai jure je marche flemme de courir comme une mongole
C est des gros mitos quand ils disent que y aura pas de problme sur la ligne C, j arrive 1er train retard
C'est comme les gars qui te suivent quand ils te grent, j'ai toujours rver de partir en courant et de les laisser en plan.
C'tait la galre les bus et les trains aujourd'hui
Ce matin j'ai du courir en plein milieu de la route pour arrter mon bus
Ce midi  l'arrt de bus il y avait ma copie conforme en gars : jean noir basket blanche marinire veste noire. On aurait dit un jumeau
Ce qui est bien sur on peut tailler autant qu'on veut les gens de notre classe personne sera jamais au courant
Ce soir le stream sera du let's play ou un one shot d'un jeu :),L'heure de dbut dpendra du type de stream. Je vous tiens au courant.
Cela relve de l'incomptence que des grands PDG ne soient pas au courant o et par qui sont fabriqus leurs portables #cashinvestigation
Comment vous dire que vers chez moi c'est presque tout inonds et des bus ne passent plus du coup
Coucou @GroupeRATP 15 minutes pour faire Montgallet Ledru Rollin (4 stations) et aucune info de ralentissement de la ligne 8? Pas cool :(
Dans le RER C, on joue  touche pipi en ce moment. Le train n'avance pas, faut bien passer le temps.
Dans le RER,  ct de moi un mec coute du Kendji Girac...  fond.... Sans casque !,Quelqu'un saurait o enterrer un corp ?
Decapitated accident de van et bus de Deathstars en feu!
Demain j'ai vraiment pas la force d'aller en cours, problme de rer en vue
Demain je vais rcuprer ma cousine au bus.
Demain tout le bahut sera au courant mdrr...
Depuis ce matin j'entends que des histoires de couples qui vont mal dans le RER. C'est la mode ou c'est comment ?
Dj hier pendant les 2h de cours j'ai pas t accepter. J'espre j'vais pas rater mon bus
Dj leve  dans moins d'une heure je serais dans le bus puis dans le train .... Achevez moi, je veux dormir
Donc l'ex de ma mre tait au courant avant moi par rapport  son nouveau copain.. Je dois le prendre comment?
Du coup je me mets  courir comme un tar pour le rattraper avec mon autre frre, et on voit le bus au loin avec l'autre dedans
Du coup je sais pas o il sera l'arrt de bus de demain
Du coup le chapitre 18 sera en ligne d'ici quelques minutes ;) #LT
Du coup va falloir que j'me lve  4h pour le prendre  5h mon bus, psq  6h40 c'est grv la galre
EDF niker bien votre mre pour la coupure de courant
ET SURTOUT JME SUIS ACHETE D NOUVEAUX COUTEURS ET CA C'EST PATATE JVAIS REVIVRE, j'vais pvr arrter d'couter les story d gens ds le tram
Elle est attendue sur le march vers le courant dAvril 2015. Elle sera tarife  149$ soit prs de 117....
Elle me l'aurais demander je serais aller en courant au proxi pour lui acheter un paquet neuf mdr #lt
En 2020 ca sera tout  fait courant de rencontr son mari ou sa femme sur twitter ! C'est chaud ma geuuuuuuuuuuuuul !!!
En Mer du Nord c'est sans doute assez rare, mais en Belgique, c'est assez courant... ;-) @mfmuschang
Encore des gens d'affaires en colre contre Hydro-Qubec qui veut couper le courant en pleine heure d'ouverture des commerces. TVA18h #tvaqc
Encul de Gardien Pakat ce chien coupe le courant normal et le remet toutes les 5min c'est ta mre qui paye la facture et qui taff demain ?
Enercoop Midi-Pyrnes, 1er oprateur rgional d'nergie 100% renouvelable, citoyenne et coopratif
Enfaite grve des trains ma bite ouais cst le RER C qui fou la merde ptn
Entre le mec qui insulte tout le monde et qui fait arrter le train dans le RER et le mtro blind as fuck
Est-ce que @Nagui est au courant qu'il est le remde parfait pour retrouver le sourire ? #Joie #Live #Jeux #Love
Et apres une "pote" en cours qui sort j'ai l'impression de pas etre au courant de tout si seulement sa serai que toi que je mettrai pas -
Et dire que la je serait en train d'attendre le bus
Et j'ai failli louper le bus du coup j'ai couru comme une grosse dbile sous la pluie  crier au chauffeur de s'arrter #lt
Extrait : "Nous entendons parler dun problme rcurrent que rencontre la mre au foyer sur notre ligne dcoute....
Genre 4 filles qui sortent du bus pour aller macreller un accident  nou t en mode le vrai makrelle
Hahahaha ya Mahama qui vient au Burkina pour jkuer au mediateur demain! Mon frere faut d'abord mettre courant dans ton pays #LRT
I va mbz frre c mieu jft crari jsuis pas au courant
IL ARRIVE EN COURANT DERRIRE MOIIII
Il ma dit parle pas de ma mre elle est en chaise roulant. Connard jle sodomisez elle est repartie en courant
J'ai attendu trois bus pour rcuprer mon iPod, sous la pluie et pour rien. En plus je suis rentre  pied
J'ai cri grand mere en chinois ptdrrrrrrrrrr j'suis sorti de la douche en courant :'(((( abus
J'ai envie de partir en courant et clater de rire
J'ai envie de pleurer rien qu' savoir que dans 6:30 je serais dj dans le bus pour les cours...#6hdesommeil..#0ff
J'ai failli faire un accident de bus, et j'tais en premire loge
J'ai fallit oubli daller chercher mon frere au bus, et j'ai fallit louper son bus !
J'ai hte de voir sa raction quand notre cher prof de philo sera au courant de #DAgostiniPunchline
J'ai loup l'bus  16h20 ce fils de pute il me voit courir il trace sa route ce pd d'sa mere
J'ai niqu l'arrire de mon tlphone en courant aprs mon bus !
J'ai vu une fille tombe dans la rue mon rire est tellement pas discret elle est parti en courant en voyant que quelqu'un l'ai vu ptdrr
J'aime pas mon arrt de bus car quand il dtecte un mouvement il met une vieille lumire, du coup toutes les voitures peuvent me voir
J'aimerais appeler Jade, mais si mon pre remet pas le courant dans la nuit j'ai peur de ne plus avoir de batterie demain
J'aimerais tellement que ma mre soit pas au courant mais je crois que la c'est invitable..
J'dis  ma mre que j'ai loup mon bus elle s'en bat les couilles on dirait.
J'espre j'ai pas loup le bus nsm
J'espre que Louis ne va pas monter dans le bus ( dsl loulou ), je veux couter de la musique ^^
J'espre que le bus c'est le direct jusque coub!
J'espre que y auras pas bcp de tram demain comme sa je vais bien louper le contrle d'histoire
J'tait pas au courant elle avait fait un accident ptn...
Jason fait ch , il fesait rien que m'embter en descendant du bus jusqu' la cit .. Missi mrite des coups .
Je cherchais partout mon bus, y avait plus personne.. mdrr du coup ben j'attends ma mre!  merci Jason :')
Je ne vous relve pas les commentaires raciste ou juste dbile, c'est devenu courant de voir ce genre de merde chez les grosses chaines
Je prcise en courant, faut pas exagrer non plus hein ! #lt
Je suis pas fatigue j'ai pas envie de le faire maintenant dans le bus je serai trop fatigue pour le faire. On verra en cours si j'ai envie
Je vais finir par ne plus vous coutez dans le bus, j'ai l'air d'une guignol  rire seule ^^ @PDLPofficiel
Je vais reprendre les cours jeudi. Je ferai genre j' tais pas au courant
Je vient d'avoir un accident en bus.. Ba c'est violent putin !
Jsuis en train d'ecouter toute les chanson de Bob Marley et jme remmore Berdah qui chante dans le bus
L'appartement de #Lepaon venait d'tre refait  neuf  Si la #CGT n'tait soit disant pas au courant, (1)
LE COURANT VIENT DE REVENIR HALLELUJAH JE REVIS MERCI MERCI #DANSEDELAJOIE
La Fouine feat. Reda Taliani - Va Bene (clip officiel):  JETAIS MM PAS AU COURANT PTDDDDDDDR CA PART EN COUILLE
La foudre en mer c'est assez courant, mais percer une coque c'est tout de mme pas de chance. Heureusement pour...
La galre cette coupure de courant ! Retour au moyen ge !
La manire dont les #AllBlack on d'intimider leur adversaires avec leurs #haka est impressionnant!! Moi je partirais en courant haha
La vie de ma mre nowlenn elle est au courant de tout :')
Le btard , le chauffeur de bus ralentit  l'approche de l'arrt et aprs il racclre devant les personnes qui attendent  l'arrt
Le couple dgueulasse qui s'embrasse devant moi dans le bus est pri d'arrter, c'est immonde.
Le courant coupe rek , le groupe , s'allume , sa revient
Le courant ne passe plus avec ma femme de quoi pter un fusible.
Le courant passe plus aek ma femme de koi pter un fusible
Le courant passe plus avec ma femme de quoi pter un fusible
Le courant passe plus avec ma femme de quoi pter un fusible ! Putain @FababyOfficiel c le meilleur
Le courant passe plus avec ta meuf... De quoi pter un fusible !#relationElectrique#love,#amour
Le futur ump de sarko sera stalinien sans courant. On attend la purge! !!
Le numro 1 c'est le bus le plus pouasseux de Viateur quoi .... tous les jours accident.
Le seul bus que je prends, il fait un accident, c'est de la merde ma vie srieux
Le tmoin ne serait pas surpris que #Magnotta ait dj t hospitalis pour abus de substances. Courant parmi schizophrnes, dit-il
Les gens ils courent comme Kirikou pour pas louper le rer
Les marseillais de Wiko ne seraient pas au courant des manuvres de sa maison-mre Tinno ? :/ #cashinvestigation
Les victimes de l'accident del metro farts de Fabra
Louper son bus  cause d'un contrle et devoir attendre 1h le prochain bus c'est vraiment la galre
Ma mere veut pas me laisser conduire pour aller en cours demain matin askip jvais prendre ce bon vieux bus
Ma mre est au courant pour mon heure de colle en plus
Ma mre est trop remonter contre le proviseur  cause que j'ai cours le mercredi aprem et que j'ai pas de bus!!!! Elle va aller le voir ;)
Ma mre qui me souhaite ma fte alors que je n'tais mme pas au courant que c'tait aujourd'hui
Maintenant qu'ils sont au courant, c'est plus dur de grer
Mais du coup je vais devoir faire ma dispence car ma mre est pas au courant x))) mdrr sa va je sais faire sa signature #EMABiggestFan1D
Mais le RER tait cens arriver  25 et l il est prvu pour 32 :( j'ai cours  45 :((((
Manifestation nationale du 6 novembre: train, tram, bus, voiture, le point sur les perturbations  via @Levif
Manifestation nationale du 6 novembre: train, tram, bus, voiture, le point sur les perturbations - Belgique
Marcher  contre - courant vers l'#Inexplor
Mdrr ce matin je sors de chez moi trk et je ralis que j'ai oubli ma bouffe du midi alors je re-rentre en courant mdrrr c'tait comique
Merci  mon grand frre de m'avoir reconduite, je dteste reprendre le bus aprs les cours !
Merci mon bus qui arrive 20mins en retard et aprs on failli avoir un accident #naonedbus #ligne26
Moi auft j'suis ce genre de fille .. Qui est toujours la dernire au courant !
Mon beau pre et mon frre ils sont passs  la tl personne tait au courant
Mon frere c'est tellement un bouffon que quand il va aux toilettes il est oblig d'essayer d'ouvrir ma porte et de partir en courant :/
Mon frr et mon pre ils vont voir Gad, j'tais pas au courant, et moi ??? Ok
Mon frre qui s'est cass le bras en courant au collge...... Tu cours en primaire mais pas au collge
Mon pere qui me dit qu il faut que je sois au courant de l actualite.. baaah je suis au courant de la vie des 5sos mdr
Mon pre est au courant ptdrrrr mon dieu
Mon pre il est au courant pour Jo
Mon pre il tait mme pas au courant de ce que je fais comme tudes cette anne.. on vie quand mme dans la mme maison..
Mon train part de bures avec 5mim de retard @RER_B
Mtro Ligne 1 En raison d'une panne de matriel, le trafic est ralenti sur l'ensemble de la ligne.
Mtro Ligne 1 En raison d'une panne de matriel, le trafic est ralenti sur l'ensemble de la ligne. Trafic normal sur l'ensembl [1/2]
Mtro Ligne 12 En raison d'une panne de signalisation, le trafic est ralenti sur lensemble de la ligne. Trafic normal sur les [1/2]
Mtro Ligne 12 En rpercussion d'une intervention des quipes techniques, le trafic est ralenti sur lensemble de la ligne. T [1/2]
Mtro Ligne 4 En raison d'une panne de matriel, le trafic est ralenti sur l'ensemble de la ligne. Trafic normal sur les autres [1/2]
Mtro Ligne 6 En raison d'un malaise voyageur  la station St Jacques, le trafic est ralenti sur l'ensemble de la ligna. Trafic [1/2]
Myriam Kloster (volley) dit stop  lEDF pour rcuprer la garde de sa fille  via @FemmesDeSport
Naaan ma mre elle au courant pour absence j'suis trop mal g envi de pleurer
Ne 102nd Avenue N/B : Accident at Ne Glisan Street -
Nike ta mre ta grand mre ton pre ta soeur et ta tante la ratp la avec tes trams qui avance au ralentit la
Non, la France ne "reconduit" pas la licence nationale, c'est la premire signe avec bigE pour du courant #soyonsprecis
Nouvelle cooprative d'habitation dans Rivire-des-Prairies, Courant du quartier #RDPPAT
On aura un accident de bus cette anne , c'est suuur ! J'ai juste  esprer qu'on ne meurt pas !
On est au courant de tpute faon t'es crame !  Deja au xourant de quoi ? Puis je pense que tu ferais mieux de ...
Orhhh ma mere elle ma repris un rdv chez le psy :O jetai mm pa au courant juste psk askip jsui en depression pff nimp .
PUTAIN MA MERE EST VENUE EN COURANT AVEC LE DOIGT EN SANG J'AI PANIQUER MAIS EN FAIT C'EST TRUCAGE PTN REGARDEZ
Partir en avance, remarquer quon oublie son laptop en tant dans le bus, revenir  lappart pour le rcuprer. Perdre toute son avance.
Pas de busPas d'autoroute,Pas de train J'ai laiss la voiture de ma mre dans l'endroit innond FDPPPPP
Pour la premire fois Jsuis pas sortie en courant
Premiere fois que je suis dans un tram qui ralenti pour eviter un accident ! :O c chaud mdrrr je voulais savoir ce que ca faisait en plus x)
Prs de 1 000 foyers privs de courant en #Isre, vigilance orange "pluie-inondations" maintenue
Prs de 5 000 foyers privs de courant en Drme-Ardche et 1 000 en Isre
Prs de 5 000 foyers privs de courant en Drme-Ardche, 1 000 en Isre [VIDOS]
Ptnn ya u un accident de bus dns la citer
Putain j'tais pas au courant, j'espre que je vais m'en remettre aussi :(
Putain l'accident entre le bus et la moto c'est le pre de Kevin, j'suis choque...
Quand t'es dans le bus tu te dis pas qu'il peut faire un accident
Que ferais si tu rencontrais un extraterrestre ?  Je partirais en courant
RATP: le trafic des bus perturb par la grve aujourd'hui
RATP: le trafic des bus perturb par la grve aujourd'hui: Attention, de nombreuses lignes de bus* du sud du ...
RER : rseau express rgional d'le-de-France, couramment appel RER en  dessert Paris et son agglo...@Mariii0on,Voil :D
RER A , le trafic est ralenti sur lensemble de la ligne. Trafic normal sur les autres lignes de RER.
RER C : Circulation des trains perturbe suite panne train  Choisy-le-roi
RT @ADO_SKone: Le courant coupe rek , le groupe , s'allume , sa revient
RT @AccioNV: Les victimes de l'accident del metro farts de Fabra
RT @BrandonWaalsh: Vous tes au courant Charlotte elle va pter le permis ???? CHARLOTTE LA MEUF QUI TOMBE DANS SES PROPRES ESCALIER
RT @Brenda_FTNRJ12: @Laetitia2610 hen chrie j'espre que sava aler mieux tien moi au courant je te fait plein de bisous moi  @Brenda_FTNRJ12 @TeamBlondes
RT @CFeministe: Extrait : "Nous entendons parler dun problme rcurrent que rencontre la mre au foyer sur notre ligne dcoute....
RT @CIaudeFrancois: RE JE SUIS LA, DSOL DU RETARD J'AVAIS UNE PETITE COUPURE DE COURANT
RT @CamilleYa: Le seul bus que je prends, il fait un accident, c'est de la merde ma vie srieux
RT @Camille_nl: Nike ta mre ta grand mre ton pre ta soeur et ta tante la ratp la avec tes trams qui avance au ralentit la
RT @ChaachD: RER : rseau express rgional d'le-de-France, couramment appel RER en  dessert Paris et son agglo...@Mariii0on,Voil :D
RT @Claudia_0198: Sur la rivire de la dfonce, ne t'accroche pas aux branches mais laisse toi emmener par le courant
RT @Conducteur_RER: @Lea42100 @Lyonrail @OlivierLongeon Oui, train jusque Givors puis bus.
RT @Constaance_77: Soso le lui dit tous des que je sais un truck c'st la premire au courant
RT @Denislamalice91: @20Minutes @LeParisien_75 la photo du rail casse hier a St Michel notre Dame ligne C on a peur d un accident grave
RT @DodaneMariane: @SoniaLacen On est trs touchs d'tre les premiers au courant  on sera aussi les premiers  te soutenir sans aucun doute
RT @Eve07999: Ardche | Prs de 5 000 foyers privs de courant en Drme-Ardche, 1 000 en Isre [VIDOS]  via @Ledauphine.com
RT @FranoisClaide: Re , je suis l dsl du retard petite coupure de courant
RT @Gattuso_Xiv: Baise ta sur le rer il est bloquer ya pas de train
RT @Gauthier_Z: @SFR_Arnaque allez !! Le 13 novembre ca fera prcisment 2 mois que j'attends qu'ils activent ma ligne... un cas courant ?
RT @HelooiseC: @DreewG pendant que tu seras dans le train je serais dans le bus
RT @Iluvpandasash: Mon pere qui me dit qu il faut que je sois au courant de l actualite.. baaah je suis au courant de la vie des 5sos mdr
RT @Infos_RATP: Relement on fait pas grve ya juste une Grosse partouze de prvu avec les collgues mardi du coup pour les RER vous allez vous faire encul
RT @Jeannoue_: @LaGesrel mdrrrrrr grave comme ca tout le lyce sera au courant que tu es l
RT @JohanLANGOT: @couzelin: Arbre  vent qui gnre du courant  la Cit des Telecoms  je veux le mme dans mon jardin, possible ?
RT @Juliette_Sanche: @Mehdi_Hrt Mdrr si si c'est mon grand frre mais il est pas au courant!
RT @Kev_Perrin: J'ai hte de voir sa raction quand notre cher prof de philo sera au courant de #DAgostiniPunchline
RT @Knd_jr: @Ludwin973 c chris qui vas la rcuprer demain vu qu'il prend le mme bus qu'elle
RT @KonanFlauraMJ: Le numro 1 c'est le bus le plus pouasseux de Viateur quoi .... tous les jours accident.
RT @LeDL26et07: Alerte orange : Prs de 5 000 foyers privs de courant en Drme #Ardche et 2 200 en Isre  via @Ledauphine.com
RT @LeDL_Grenoble: Prs de 1 000 foyers privs de courant en #Isre, vigilance orange "pluie-inondations" maintenue
RT @LeParisien_92: RATP: le trafic des bus perturb par la grve aujourd'hui: Attention, de nombreuses lignes de bus* du sud du ...
RT @MNguyenJDM: Le tmoin ne serait pas surpris que #Magnotta ait dj t hospitalis pour abus de substances. Courant parmi schizophrnes, dit-il
RT @ManonTtn: C'tait la galre les bus et les trains aujourd'hui
RT @MargMdo: askip c'est pas la premire fois qu'il vient dans les bus et la police va venir le rcuprer ptdrrr bonne rigolade pour commencer la journe
RT @MoiMichael: Dans le RER,  ct de moi un mec coute du Kendji Girac...  fond.... Sans casque !,Quelqu'un saurait o enterrer un corp ?
RT @MyBrunhild: Notes pour les suicidaires : un coup de fusil  pompe est tout aussi efficace qu'un Rer D. Pensez y, ca nous ferai gagner du temps. Merci !
RT @NarutoNear: @Eren_Jaaeger que tout l'game baise ta mre ? Si jsuis o courant frre
RT @Niissriinne: @Marocaiiine_93 nn j'pensse pas l'ambiance avc ma mre et tt elle sera tellement lectrique keu y vont couper l'courant
RT @NotreHoroscope: RT Si oKFC derrire la queue ta cri"YA LES POULETS! YA LES POULETS!"et ta montr1aile d'poulet,Zoumana, sans papier, est parti en courant
RT @PMicoulas: @BartelTeam @paulbartelperso merde j'tait pas au courant c'est pas grave j'espre Courage  lui ,Et merci !
RT @PaulineLmx: @damienlvn @judmtz @CyprienDoose @GautierNo9 pourquoi ptdrr jsuis toujours la dernire au courant
RT @PlayStationFR: Nous sommes au courant des soucis lis  la mise  jour #PS4 2.0 : freezes et soucis de redmarrage. Nous vous tiendrons informs  ce sujet
RT @Ptit_Speuk: @K_prono @BotParionSport si je gagne tu sera le premier au courant
RT @QuentinNvz: La galre cette coupure de courant ! Retour au moyen ge !
RT @RiBoulard: Cela relve de l'incomptence que des grands PDG ne soient pas au courant o et par qui sont fabriqus leurs portables #cashinvestigation
RT @Seaan_Dean: @Malika_Sanogoh Mdrrrrrrrr moi je cours derrire bus faut pas nous comparer
RT @SerieTeleActu: #DoctorWho le final de la saison 8 dura 60 minutes et sera diffus le 8 novembre prochain. En france, #France4 la diffusera courant 2015.
RT @SorayaPrn: Putain l'accident entre le bus et la moto c'est le pre de Kevin, j'suis choque...
RT @StAbdou_: Peu de gens sont au courant frre.. Encore un peu de temps
RT @Timal_75: Le courant passe plus aek ma femme de koi pter un fusible
RT @Tomlinzoides: PUTAIN MA MERE EST VENUE EN COURANT AVEC LE DOIGT EN SANG J'AI PANIQUER MAIS EN FAIT C'EST TRUCAGE PTN REGARDEZ
RT @Yumyum_92: La Fouine feat. Reda Taliani - Va Bene (clip officiel):  JETAIS MM PAS AU COURANT PTDDDDDDDR CA PART EN COUILLE
RT @_Milye_: C'est comme les gars qui te suivent quand ils te grent, j'ai toujours rver de partir en courant et de les laisser en plan.
RT @_floriginale: @leausty j'espre aussi bb tu me tiens au courant hein
RT @anxieuse: @Real_Liam_Payne le jour ou tu te dcideras  me follow je crierai tellement fort que toute la rgion sera au courant
RT @apollo_tweed: Ta mre est au courant que tu te laisses pousser les oreilles ?
RT @caisthcher: @niallrbby  sa c'est moi en courant vers toi et l c'est toi en me voyant
RT @couzelin: Arbre  vent qui gnre du courant  la Cit des Telecoms
RT @ecohum: Avez-vous vu le TEASER des 1res Assises du Courant ? La Rvolution de la Bienveillance est en marche ! #RevEH,
RT @gensderiviere: Sauvetage sur Vienne , une personne emporte par le courant suite aux dbordements de la Gre
RT @iPhonitest: Entre le mec qui insulte tout le monde et qui fait arrter le train dans le RER et le mtro blind as fuck
RT @infestedgrunt: Les marseillais de Wiko ne seraient pas au courant des manuvres de sa maison-mre Tinno ? :/ #cashinvestigation
RT @intissare306: @EsenETout @MisterEsteban59 J'tais pas au courant mdr j'suis la dernire au courant
RT @jackpot_white: Merci mon bus qui arrive 20mins en retard et aprs on failli avoir un accident #naonedbus #ligne26
RT @jpkrebs: @Mariadgloriam: Autoroute ferme, coup de mer sur la prom, plus de bus, plus de train. Apocalypse sur Nice,
RT @lea_brb: @rem1246 Tu me tiendras au courant quand mme !
RT @leptifouteudu76: Le btard , le chauffeur de bus ralentit  l'approche de l'arrt et aprs il racclre devant les personnes qui attendent  l'arrt
RT @limadinhoo: Le courant passe plus avec ma femme de quoi pter un fusible ! Putain @FababyOfficiel c le meilleur
RT @m_dbrx: Aller hop sa commence bien, je loupe mon bus, ma mre va m'tuer
RT @michaelcanitrot: @Luciole_11 @MellexAudreyx @Violaaine_B @MorganeGD hte moi aussi .... vous serez les premires au courant! Bisous
RT @moun_i: Mon train part de bures avec 5mim de retard @RER_B
RT @noelolivier: Le futur ump de sarko sera stalinien sans courant. On attend la purge! !!
RT @whozniall: jsuis toujours la meuf paume, celle qui est toujours la dernire au courant
RT @yvescarmeille: Enercoop Midi-Pyrnes, 1er oprateur rgional d'nergie 100% renouvelable, citoyenne et coopratif
Rer train bus la prochaaine fois jprend la voiture nik mm si ya les Bouchons #transportcommun #Bad
Sac de cours perdu dans le rer c seuuuuuuuuuuuuuum
Salut, je suis dans le RER C et ils nous en encore fait un bon gros coup de pute, pour changer
Sauvetage sur Vienne , une personne emporte par le courant suite aux dbordements de la Gre
Se rveille dans le noir c'est la misre panne de courant dans mon cartier
Si ta couter c'est bien, sache quelle serra au courant donc fait pas la vipre en lui parlant ;)'
Soso le lui dit tous des que je sais un truck c'st la premire au courant
Soyez au courant des dernires actualits en lien avec le CAEI quateur 2015 -
Soyez au courant des ruisseaux,des rivires et des canaux de drainage au sein de votre communaut lors de fortes pluies
Soyez tenus au courant des dernires citations publies sur la page. Droulez le menu dans "J'aime" et cochez...
Sur la rivire de la dfonce, ne t'accroche pas aux branches mais laisse toi emmener par le courant
Test du matin mirroring air server avec tplink branch sur le courant mais pas reli  internet 1/3
Toute  l'heure on sort du lyces  15h30 on se dit on irai bien  Anchan ont y va je croise qui ? - mon pre  il tait pas au courant
Toute la famille est au courant sauf eux. Ils le verront cet t quand je serais en dbardeur !
Tramway, mtro, RER chaud patate direction le sud ;) petite pens pour ceux qui bosse ou sont en cour
Tu t'en vas  la driveSur la rivire du souvenirEt moi, courant sur la rive,Je te crie de revenir,Mais, lentement, tu t'loignes
Un trafic RER peu impact par la grve - Essonne Info - Libration Un trafic RER peu impact par la grve Essonne ...
Un trafic RER peu impact par la grve >  #Essonne
Une de mes infirmires c'est Usain Bolt, elle monte mes 2 tages en courant, elle frappe, sort la piqre, me la fait et elle repart. #Narmol
Vous critiquez les mdias, dites qu'ils manipulent, ms heuresement ils sont la pour vs tenir inform sans eux on serait au courant de rien
Vous tes au courant Charlotte elle va pter le permis ???? CHARLOTTE LA MEUF QUI TOMBE DANS SES PROPRES ESCALIER
WEEESH MON PERE ME SORS OUAIS ON VA AU MCDO ET QD ON REVIENT LE COURANT IL SERA DE RETOUR OUUUUH
Woohoo, nous sommes maintenant sur twitter! Suivez-nous pour tre au courant de nos dernires nouvelles et des prochains shows  venir. #yo
Wooooa je descend du bus je commence  marcher je vois un gars qui me suit, je trace du fou... C'tait mon frre ptdddddr c'tait pas prvu!
Ya un putain d'orage.. ya plus de courant sa mre
askip c'est pas la premire fois qu'il vient dans les bus et la police va venir le rcuprer ptdrrr bonne rigolade pour commencer la journe
aujourd'hui, premire fois que je cours aprs un bus x'D
donc on rsume, la #cgt gre les 350 milliards du budget de la #scuritsociale mais son secrtaire #Lepaon ntait pas au courant d travaux
en plus le metro il est lent mais en plus il mettent des controleurs pour bien nous ralentir srx ils abusent
en vrai nous on est jamais au courant de rien mdrrrr toujours les dernires  savoir
et je rve d'un courant d'air d'un espace clos avec vue sur la mer
j'ai du courir avec ma mre pour choper le bus, et en courant elle me tenais le bras parce que elle avais peut de tomber
j'ai entendu parler de katibat sur le territoire nationale je pose la questions suivante : le ministre de l'intrieur est il au courant ?
j'ai pas envie l, j'veux que le bus ai un accident, c'que tu veux mais un truc pour pas que j'aille en cours
j'arrive pas  y croire que j'ai t la dernire personne au courant, je veux dire, quand mme j'suis pas rien pour elle, c'est chaud.
j'espre que mon bus va pas passer demain, pas motive pour aller en cours
je suis tjrs la dernire au courant :(
lectricit coup, barrire ferme, peux pas sortir, loup le bus, loupe une heure de cours . Je commence bien la journe
ma mere veut mconduire en cours mais moi jveux prendre le bus
ma mre elle invite tt le temps des gens, j'suis jamais au courant
mon beau pre dors donc je me tape le bus pour allez en cours
plus jamais d'accident en bus svp
ptdr jfais couter  ma mre du green day elle me dit c'est tes little mix machin m d r tu es pas au courant que c'est des filles?
sinon mon grancd pere est trop adorable :3 je dit aie (je m'tait pris la porte) il arrive en courant :3
