" RER B trafic interrompu " mais niquez vos mre vous avez fait quoi encore !!
"@jessicasara16: @jenny_nkum c'est bien, moi je prfre ne pas tre au courant" Lol ! Okay ooh Jess
"Echanger Dragic ou le perdre cet t? -Autant me demander si je prfre tre lectrocut en courant alternatif ou continu" #Punchline #LT
"Heureusement ton copain vois pas sa, le pauvre il serait partie en courant "
"La 1re page d'un problme d'crit est toujours faisable si on connat son cours" Lol. Ils sont pas au courant aux Mines je pense
"Ma mre n'tait pas au courant. Il voulait garder a secret" -Stop- j'ai pas pu regarder la suite. Cette fille est bien courageuse...
"_oh alors tu veux pecho Juliette,_oui c'est ma copine tu savais pas ?" ah bon depuis quand mdr a serait cool si j'tais au courant
#LRT jsais pas si le Maroc  bien fait de rcuprer les bus de la RATP , niveau places , c'est pas le top
#Tarn : Nol #Meyssonnier 1er adjoint #Fiac tmoigne @vie2maire #ERDF , Vie de maire propose dcouter...
#nowplaying COURANT D AIR - RENE AUBRY
() : RER A. Le suspect de l'agression interpell  #Torcy: Un homme de 42 ans, souponn d'avoir
(09h10) avec un peu de retard. Accident de tram devant le lyce de l'Escaut  Valenciennes
6h dans les bouchons aujourd'hui, promis je ne rlerais plus quand mon rer ralentira..
: Coup de tte au conducteur du RER A: Le suspect interpell
: Grosse coupure de courant  Sauveterre: ,Mercredi soir vers 20 heures, un camion dch...
@03prod haha on a bien ri aussi ici, j'ai un ami qui est dedans, il ne sait pas d'o a sort.. bien wtf. Yes tu seras au courant ! ;)
@20Minutes: Coup de tte au conducteur du RER A: Le suspect interpell   barjo
@90minutesFR je pense qu'ils ont voulus grossir le trait sur son taf vu que sa faisait longtemps que l'EDF n'avait pas fder tant d'monde
@ADCTR1 @Conducteur_RER @cypcyp77 c'est /nous/ aussi  les pauvres petits AC  (Service Gestionnaire du Trafic et des Circulations)
@ARWING57 Aaah avec un bon si large, il tait a 20 courant de l'anne dernire, il a peut etre un peu perdu encore quoi ^^
@AbdelNah @s_distinct mdr on simule un accident de bus ?
@Aiemexico Oui je ferai en sorte de te tenir au courant, j'oublie pas d'ou je viens.
@Alex_Dobro Je me souviens pourquoi (l'avancement de mon book...Qui n'a pas beaucoup avanc) Mais du coup tu seras au courant :D
@Alpha_775 mais c courant genre pcq c pas la 1re fois jvois ce prnom sur Twitter
@Altruihleste gniale alors ce changement, rivire calme puis un peu de courant avec les pierres. a doit tre apaisant comme lieu
@AneVia_eSport Hugo est dj au courant de ce qu'il s'est pass ? Comment rammner des embrouilles de merde tjrs  cause du mme
@Aur0re07 Je lui ai quand mme demand si elle tait au courant que Bill n'est pas son mec ... au cas ou ... :-/
@Baltou_ Oh, dsol, mais fais toi plaisir je prfre tre au courant quand on me critique :(((
@BigDavv accident avec un bus -> hpital?
@BlaineAnders_HD *ris un peu plus et descends du canap en te courant aprs* Lance !!!! Blaine derrire toi !!!
@CarnecMatthieu ta cru..vient en courant sa te ferais pas de mal au contraire
@Cdiscount et selon le buraliste du relai colis c'est trs courant ce genre de pratiques des livreurs de cdiscount
@CertifiedPharao le bus a fait un accident et s'est arrter brusquement et j'tais debout donc je suis tomber comme une merde
@ChaSlbrt l'anne dernire j'avais casser ma montre, louper le bus, arrive en retard ,On verras bien cette anne mddr a toi aussi
@Chakirtalal Au courant de sa carrire militaire ?
@ClemenceR03 @DomLouise looooooool c'est moi la 1re au courant pour toi et Louise et tu ooooooses dire que tu m'aimes pas
@Conducteur_RER J'ose pas m'loigner de la cabine de peur de loup l'ouverture du Cv tant attendu !
@DebordValerie @stephanetiki : avant de s'engager pour un pays et d'adhrer  un courant xnophobe comme #LaDroiteForte il fait des papiers
@Delpierre_T Paypal doit toujours nous rpondre malheureusement. Vous serez les premiers au courant quand a se dbloque.
@Driifti tiens moi au courant sur le phone qu'on se fasse une bouffe sur gare du nord tout les deux Eric a me ferai plaisir
@Elisadurant La povre tite mre !!!! Y'en a plein qui ne prennent pas de douche peuvent plus payer courant et eau
@EloiseYaffa j'ai dj dit a ma mre elle ma dit si ton pre le vois jsu au courant de rien .. Ta vue aucun soutien familial
@Eugene_Tooms C'tait surtout pour l'attente que j'faisais a. Je prfre tre au courant de rien pour avoir la surprise de l'avoir direct.
@Eylonna woa sa me perscutait pour mes lunettes et aprs sa suis les courant de mode! Binoclarde va
@Farah_Karoui J'ai pas d'tel mes azi jvais essayer d'ngocier pr avoir un tel et jtapel tqt jte tien au courant vers quel heure ?
@Generation2_0_ on a vers une caution a ENEO pour e pas couper le courant samedi lors de l'Anti Vals Day!!!
@GloubyKoup comment a c'est bien je peux plus accder au pont en courant
@Guiizii_ j'imagine la geul des gens qu'auraient entendus t'aurai eu l'air trop con, tu serait partie en courant j'croit
@HugoGausserand tu demandes une fille en mariage et ta mre est mme pas au courant???
@InessBdz mdrrr mais tkt pas dans pas longtemps tu sera au courant :')
@InforadarLoiret Il s'agit en effet d'un accident avec 2 VL. Nos bus (Lignes 2, 4 et 18b) sont un peu ralentis au passage du carrefour.
@JeyTan Hello, la question a t pose  notre service partenariat qui doit revenir vers moi. Je vous tiens au courant, sans faute ;) Chlo
@JoannaMescudi @Heddadj7 j'espre y'aura une coupure de courant sur mitry
@Johndartois @VALESChrist @ideali4 il y a un courant organis de profanations avec une volont politique derrire, pas des actes isols
@JoycePlummer_Rp *la suit en courant derrire elle*
@JrCarterJordan ae c'est malheureusement faux je ne suis pas au courant de sa et tes pas le 1er  me dire sa..
@JulietRPGBST Ah ouais?! Bah pourquoi il a dormi chez toi la dernire fois?! Tu crois que je suis pas au courant...oublie jamais les gangs..
@KayzR__ Nous! depuis mercredi on est inscrit mais on voudrez vous ts pour apprendre plus vers la semaine prochaine je te tiens au courant
@KendjisourceFR @JoFanDeKendji le pigeon voyageur est pass je ne sais pas au plus vite je l'espre je vous tiens au courant promisi
@KevinMlg1 j'ai eut un accident de bus tout a l'heure je t'expliquerais quand on se verra!
@Kilian_Fa le comble a serais que tu loupes ton bus x)
@KurtHummel_HD peluche !!!*Ris quand il te regarde et part en courant vers toi*Fuiiiiiiiiiiiiiiiiiiiis sexy !!!! Fuiiiiiis!!!
@Le_Manga t'as le temps de charger tous tes appareils car nul ne sait quand le vrai courant reviendra,l c'est juste le goter!
@Lord_Blazz Ah t'tais pas courant ? x) Pour a que je parle de dernire compil de toute les vidos depuis une semaine :P
@LouMottais par contre tu viens de me rveiller, Pascal sera au courant
@Lucas91_971 pendant ls vacances tkt jte tiens au courant frre
@MallauryBnt pfff pour pasquier frre azi en plus elle est au courant que la grippe cs contagieux & elle vient en cours
@ManonBlz cest quoi l'accident? Parce que le bus a fait un dtour du coup .
@Marie_ers tu fais quelque chose tout le monde est au courant et s'en mle
@Mathilde_Breezy Ma pauvre quand mme... j'espre que a ira mieux, en attendant shoot toi aux mdoc et tiens moi au courant!
@Mathildeevb chut chut chut, tu serais rentree chez toi en courant bb
@MiiKaa78 tu m'tiens au courant hein  j'espre il va pas trop vous gueuler dessus
@NathanDeMorais si elle est la, tu es au courant que je te tue? Mais si elle est pas la je te vnre :)
@NathyRrr: Thierry .. J'ai gagne un plaid avec Cyril en dcembre et je ne l'ai jamais reue,Je transmets et vous tiens au courant
@NiGmaSkyZeN Bien gros, tiens moi au courant courage  toi et  tes M8 Zink, oublie pas OpiuM, il est derrire toi
@NothernLights_ Noooon.  Au cas ou tu serais pas DEJA au courant
@Oceane03582600 si je suis la dernire au courant jte parle plus
@OlympeFontanel J espre bien j tais pas au courant moi !
@PaulGiannoni Si il m'arrive un truc tqt je le tweet tu seras vite au courant
@Princedevdvd gros t'es au courant que j'ai toujours cautionn ta manire de penser bg
@PrincesseSabri @Remi_M5 OUECH CALMEZ VOUS LA OH *Prend la main de Camille et part en courant*
@R0SE__M merci beaucoup ma belle. Je te tiens au courant par SMS  j'espre que cela se passera bien sinon je suis mal. Profiter obliger
@RavDisney Plus personne ne sera super Sonic courant  cause de toi !
@RyanKeenFR merci, j'espre aussi !  tu me tient au courant si le concert est plein
@SKWKRIMS mon ami, c'est contre nature Parce que la religion te le dit. Sinon tu ne serais mme pas au courant.
@SRpgtvd rentrer dans la tte d'une fille et vouloir abuser d'elle ! Tu croyais que je serai pas au courant ? *te donne une gifle*
@Samsyyyy Ouais j'ai bien ri. Sinon j'espre que tu me tiendras au courant de tes aventures.
@SauronCoC J'ai partag ta premire vidos sur ta nouvelle chane YT sur mon skype mes potes sont tous au courant ducoup.
@Seyd___ @Younessbarrada @FerreiraSteven8 @izambayi19 mais encule ta mre y'a l'univers entier qui est au courant de tes problme vaginaux
@SongForJedi @THEMisterfox il serait temps que je dcouvre ton antre  tiens moi au courant ! J'amne mon Zoom ?
@SouUmaVieira Ouais grave tu ma soler mdrr.. Nan j'rigole au moins jsuis au courant des histoires
@Spotify_France Merci, je vais m'couter a dans le rer :)
@StalityK_Line Faut surtout pas il soit au courant mddr,il a pter un cble sinon.
@Stefany971. Laisse moi deviner. Tu es sous windows 8/8.1 ? ^^ c 'est un beug courant. Le plus simple sera de relancer la config du systeme
@ThomasFawley @Loony_Is_Here t'es au courant que y a personne  cette poque? Mdr
@Thomdwt j'espre tu vas tomber en courant
@Tix_10 tu me teins au courant parce que je partirai vers 25
@Traf_Lau @ComplexMag @Haiwonder moi non plus mais le son est lourd je mimagine dj le matin agoniser dans le rer avec ce son ds les oreill
@Vmxlouise non moi j'vais fter la st valentin avec mon amoureuse,elle est juste pas au courant
@Wesrpgps Si... Il vient de me le dire *sort de la voiture et pars en courant vers sa chambre*
@XLudivineX75 @lauriepignale Bah j'en sais rien ma mere est pas au courant pour le resto ( surprise) donc je peut pas demander -'
@_Flolaf Et je partirai en courant de peur. Wait no en fait a risque de me fair rire.
@_Hey_Manon_ screw her. Elle est courant que la surdit et l'intelligence et/ou rluctance  travailler n'ont rien en commun ??
@__Janix__ @kindiaFi @RoseurSupreme c'est trs courant la brume de chaleur ! Pourquoi elle rigole la pers ride prmaturment par le soleil?
@__rubie T'es sre que tu le bouge en courant ?
@aim_pi moi je ferais venir un dj et je partirais en courant.
@antrpaul ouais j'avoue il se serait fais tazer en courant nu
@bandanaofharreh pas au dernires nouvelles non. A part s'ils en ont rajouter aujourd'hui, mais on serait au courant :)
@casablancas_d ptn mais genial omg tu me tiens o courant ce serait wow cool
@chrisonpp conseillre. N'hsitez pas suite  cela  me tenir au courant si besoin, je reste  votre coute. Bonne journe, ^TR 3/3
@dontcallmeauw_ Pas de remboursement pour que tu puisses prendre un autre avion ou un bus/train de dernire minutes ?!
@dontcallmeauw_ a sert  rien de bader maintenant, RCUPRE TON ARGENT, ET TROUVE UN BUS PAS CHER, ALLEZ AUW, ALLEZ, ALLEZ/
@dxlouicious - contre moi et pour arer ils ont ouvert toutes les fentres donc courant d'air, chaud froid
@dylanobrpgal ma mre est au courant que je suis avec toi.
@elisa_jaffro mdrr de fou en fait. Le courant est pass taleur pdt qu'il me servait mon assiette .. Ms toi tu gere avec le gros de la caisse
@gettingfitgoal c'est gentil ce que tu me dis ms ma mre est pas au courant et e me dis que si je consulte a va prendre des annes
@hillson_ elle sera mise sur YouTube demain on vous tiendra au courant
@iammydemons c'est comprhensible ^^ , mais jmen fout le massage je te le ferai a toi et ta copine, parce que jpartirai en courant xD
@idontknowlz hier soir, surment quand elle revenait du cin pck si. tait avant ya mere aurait t au courant
@incrvable j'ai re loup le bus
@inno_moi @mediapart @edf @RoyalSegolene Vraiment? Pas du tout sre qu'on rcupre toutes les taxes calcules sur les surestimations.
@jenny_nkum c'est bien, moi je prfre ne pas tre au courant
@jeromejarre Dans 4 heures c'est l'anniversaire de ta petite @jalviine j'espre que tu es au courant
@laurahRPG *Regarde derrire elle en courant et appel @Lydia_VAWO *
@leapironneau Ba si cela arrive tu sera au courant ma petit La :)
@lesxviezvous_: Aux USA, les tatouages "McDonalds je t'aime" sont plus courant que les "Maman je t'aime". Faut arrter la !!
@lloydartpop je t'avoue que je ne suis pas trop au courant du programme, a priori il y aurait le projet pour la mre de James dj
@lovecurlywurly Mais c'est qu'tu compte les jours en plus ??? Je serais lui je me serais deja barr en courant (ouais du VB courir ^^)
@luccassTV Le pire dans tout sa, c'est la mre et la fille. Je sais pas si elle sont au courant qu'elles passe  la tl.
@mehdirasengan @ZeratoRSC2 @ArtheonNoob @MrErilio Zera est toujours srieux. Tout le monde est au courant de la baston entre eux non ?
@nagythomas57 TU FERAIS BIEN DE MENVOYER DE SMS ET DE ME TENIR AU COURANT DE TES MATCHS MAIS TU LE FAIS JAMAIS PD
@parisrpgckd *carquille les yeux et dvale ses escaliers, sortant dans la rue et courant vers toi.* putain putain.
@peanutslutter mdrr ouais en plus elle sait pas la elle est pas au courant c ma mre qui a convaincu mon pre ils lui ont fait une surprise
@poirieryvesTVA @francoiscroteau Yves, es-tu au courant d'vnements relis  une certaines Mme Montpetit, Gilles Proulx qui dnonait...
@quentinroze @GrazzyLix Ouais mais c'est la mme merde, on va pas choisir notre groupe et on sera au courant au dernier moment comme d'hab'!
@radus_87 @KenBogard Si tu avais regard le JDG de @Frederic_Molas sur le sujet, tu serais au courant ^^
@rimkuz @tonygoldengun dernire au courant
@selubricate ch bon j'ai une copine qui a eu Hyuk et qui veut Ken hh! je sais pas trop quand je ferais l'change, je te tiens au courant~
@skipshugs WSH MAIS COMMENT A T'AS EU UN ACCIDENT ? ET POURQUOI JE SUIS PAS ZU COURANT BORSEL DE MERDZ ??????
@somerholic24 je vois tous mais t'inquite je ferais genre que j'tais pas au courant
@stm_nouvelles aucun dtail sur l'accident bus piton qui se droule prsentement?
@theprophecin Arg. Tu nous tiendras au courant. J'espre que non, tu dois suffisamment fouiller comme ca
@therealjuu j'espre m'tre trompe ! Tiens moi au courant
@tinistas_21_03 Plaza et le Marriott mais c'est pas sre :) merciii tu me tient au courant si tu as du nouveau pr Montpellier? ;)
@urbsfaDeraeve on est au courant de tout, rien n'chappe  la twittosphre
@valentinRxl Nan mais t'inquite Marie sera pas au courant
@vincentdsp @BreedaSan jsuis au courant depuis novembre gros, il m'a dit qu'il ferait chauffeur
@zarrysfears au mec qui nous prenait en charge donc je voulais aller le voir mais ma mre a pas voulu et il est parti en courant alors on-
A ce rythme l je serais encore en retard et je vais encore louper mon bus
AU SECOURS je m'endors dans le rer, a va tre quoi devant ma copie
AVIS  LA CLIENTLE: Ligne 9, retards importants  prvoir pour cause d'accident grave sur l'A-15 Sud, hauteur Ste-Rose
Accident dans le bus ou je suis, tout est normal
Accident sur La Rocade la semaine dernire avec un piton : le chauffeur de bus et @tcra_officiel sont hors de cause. #Avignon
Agression/RER A: le suspect interpell: Un homme de 42 ans, souponn de l'agression le 28 janvier d'un conduc...
Agression/RER A: le suspect interpell: Un homme de 42 ans, souponn de l'agression le 28 janvier d'un conducteur
Agression/RER A: le suspect interpell: Un homme de 42 ans, souponn de l'agression le 28 janvier d...  #lefigaro
Ah bah merde je voulais aller  la premire heure de cours mais mes bus ont dcids autrement
Ah bon, je suis toujours amoureuse ? Et je veux le rcuprer ? Je suis contente de le savoir, j'tais pas au courant
Ah oui ? Comme si c'tait dj pas assez difficile d'en parler avec sa propre mre, c'est pas pour que toute la famille soit au courant !
Apparement le courant de fair rare
Aprs vers 15h33 il leur a dit "bon allez sortez tous jveux pas louper mon bus" avant de courir vers la sortie en esquivant la cpe
Askip demain ya un contrle de gestion. Et cest 16 pages. Mkkkk tjrs au courant la dernire
Au cas ou vous ne serez toujours pas au courant, j'organise un concours qui se finit ce soir ^^
Au moins il sera au courant
Aujd avc Ikram et Estell on faiser que de courir pour prendre le RER et le tvm pour un mcdo mdrrrr
BON ma mre a pas l'air au courant
Bon bah mon pre est au courant maintenant
Bon le bus c'est pas que je veuille aller en cours mais il caille sa mre donc l faudrait s'activer
Bon par contre le fait que je me sois refait mal  la hanche en courant 45min hier et que mon corps ai dcid quil maigrirait pas a me gave
Bon si ca va pas mieux dans le rer je descends et fais demi-tour (oui j'essaie quand meme d'aller en cours)
Bonjour @MarySAVI, candidature reue, pour le mois d'avril c'est un peu tard mais pas rdhibitoire. Je vous tiens au courant. cc @webulous_
Ce matin avec Juliette le bus il est pass devant nous sans s'arrter du coup on est all chez moi regarder lrds comme des grosses
Ce matin le coup du rer avec @EvaT_Faire c'etait juste comique x)
Celui qui rame dans le sens du courant fait rire les crocodiles.
Cest une artre populaire et bruyante avec une circulation soutenue  surtout des bus  et de nombreux coups de...
Chaque fois que je vois Charlotte je prends mon temps en me disant qu'elle sera en retard et au final on loupe le bus  cause de moi mdr
Comme si ce n'tait pas suffisant que ma mre, lui, mon beau-pre, ma belle-mre, mon pre et ma cousine soient au courant
Contrastes: Grammaire du franais courant
Coup de tte au conducteur du RER A: Le suspect interpell
Coup de tte au conducteur du RER A: Le suspect interpell #NouvellesGnrale
Coup de tte au conducteur du RER A: Le suspect interpell -  via @20minutes
Coup de tte au conducteur du RER A: Le suspectinterpell
Coup de tte gratuit et nez cass du conducteur du RER A qui aidait son prochain : Le suspect interpell aujourd'hui.
Coupure de courant dans tout le quartier sa mre nrv
Coupure de courant et ma box qui redmarre pas
Courir aprs le bus le matin sa pu sa mre ptdrrrrr
Courir pour ne pas manquer son tram..,Je redcouvre les joies du sprint sauf que j'ai plus 20ans
Croyez bien que quand je passerai  la radio pour prsenter mes uvres dans la Pliade, vous serez au courant, hein.
Ctaprem aprs la baston y a un roux qui a commenc a courir vers moi puis il a voulu sauter sur moi je suis parti en courant @LenaQuiTweet
DSK, et mme si il tait au courant, cela ferait-il de lui un proxnte ?
De nouveau un phoque de passage  Mimizan: Le mammifre marin a t aperu dans le courant et ...  #wnews #webnews
Demain j'fais du babysitting. Ma mre vient me mettre au courant. J'garde 6 gosses. Putain heureusement que j'ai aucune vie social psq >>
Dernire heure: accident autobus-piton  Montral. @ElizLaplanteTVA en ondes sous peu  LCN  bord de l'hlico TVA.
Dimanche soir ma ligne a etait couper hier aprem je l'ai remis
Ds elle critique qqch y a toute sa classe qui est au courant . Je me serais tire une balle j'crois.
Du coup je galre trop dans le bus
Du coup je prend le bus j'ai pas redemand  mathias si il m'emmenait et il me la mas redis donc ntr
EDF, eau, trains : mieux gr, cela coterait moins
EDF, eau, trains : mieux gr, cela nous coterait moins
EDF, eau, trains... : mieux gr, cela nous coterait moins(oy oy ?)
Elle a dboul les escaliers coommeee jaaamaaaiiis. Le RER il lui a dit "No niiieggeuuh" bam porte ferm le train est partit en gambadant
En ce moment jsuis un peu bipolaire et totalement reloue. Ca va pas durer mais je prfre prvenir, je suis dj au courant.
En ce moment, c'est la galre le matin. Je suis oblig de courir pcq je vois le bus arriv  l'arrt alors que je suis au bout de la route
En parlant de Hitman, le ral' est-il au courant qu'il est interdit par la commission du bon got de faire encore des ralentis  la Matrix ?
En tout cas wikipedia tait au courant pour la prire ..
Enfin dans le train ... Le RER A et la 4 aux heure de pointe le soir c'est toujours qqch... #Paris
Flash Actu - Agression/RER A: le suspect interpell: Un homme de 42 ans, souponn de l'agression le 28 janvie...
France : Agression du conducteur du RER A: le suspect interpell: Un homme de 42 ans, souponn d'avoir agress...
France-Monde | EDF, #eau, trains... : mieux gr, cela nous coterait moins -
Franchement j'ai mme pas ouvert un cahier ni lu ne serait ce qu'une ligne d'un cours.. Jvais pleurer demain mdr
Genre si il arrive un truc dans ma famille je jure je serais la seule  pas tre au courant je sais tout 3 semaines aprs
Gnrer de l'nergie en courant, c'est possible !
Ha oee hier le tram il a fait un accident gt la
Heidi sera la premire au courant...
Hier jetais dans le bus et a l'arrt yavais une grand mre aveugle avec son chien guide d'aveugle. Et le bus a ralentis a l'arrt mais cest-
Il a fait livrer son aquarium chez moi parce que sa mre est pas au courant qu'il l'a achet
Il est 11:01 et le trafic est normal sur l'ensemble des lignes de RER
Il est 11:28 et le trafic est normal sur l'ensemble des lignes de RER
Il est 1h 51m et 34s, Coup de tte au conducteur du RER A: Le suspect interpell -
Il est 20:52 et le trafic est normal sur l'ensemble des lignes de RER
Il est 21:28 et le trafic est normal sur l'ensemble des lignes de RER
Il est au courant Le Drian que le 1er avril gyptien tombe le 16 fvrier ? #rafale
Il s'est remis avec son ex oklm !,A mon avis elle est pas au courant de ce qu'il me disait
Ils avaient dit que le deuxime volet serait tourn courant 2014 bah mdr on attend toujours
J'ai appris par ma banquire que mon pre avait dmnag. Mdrr j'suis toujours la dernire au courant dans cette smala.
J'ai fallu mourir aujourd'hui . J'tais dans le bus 86 je rentrais a la maison et le bus a fait un accident je suis tomber comme une merde
J'ai loup mon bus, ma mre veut pas m'emmener j'vais pas en cour
J'ai louper mon bus (il met passer juste devant! ) ma mre va me niqu
J'ai tellement de fiert que j'cours jamais derrire le bus
J'ai vue le monde monter dans le bus mon cur il s'est mis  acclrer d'un coup j'en ai mare
J'ai vue voulais me la pter avec les vlo  Rmi je me suis casser la gueuler dans les fleurs personne ma vue persomme et au courant Mdrrrr
J'aime pas les gens qui parlent trop impossible d'avoir une discutions avec sans que la terre entire soit au courant aprs.
J'aurai t toute seule je me serai barr en courant
J'coute d sn ki menjaille ds le RER g tro envie de twerk en fsant saute mouton sur l sieges
J'espre avoir mon permis du premier coup parce que je supporte plus ce bus blind de merde
J'espre qu'elle ne va pas louper le bus.
J'espre qu'ils couperont pas le courant
J'espre que le bus aura un accident j'ai pas envie d'aller au lyce
J'espre que le bus va arriver avant le train psq j'en ai marre des gens
J'pars de chez oim j'me suis pas rveiller j'ai louper tous les bus sa mre
J'tais dans le bus et le chauffeur il commence  ralentir pcq il y a une beurette qui traverse
J'tais en train dchanter dans le bus, je m'en suis mme pas rendu compte :0 j'espre que personne ne m'a entendu!!
J'tais entrain d'crire la dernire phrase de ma synthse et l, coupure de courant. Et j'ai rien enregistr, je vais pleurer
Je pense que chui un mec bon, je donne trop de chance la, en vrai un autre gars ce serait barr en courant ...
Je suis au courant de tous et ton mec le sera bientt  oh nn stp lui dis pas
Je suis face a la mer contre courant il y a du vent j'ai pas de pagaie
Je suis toujours la dernire au courant pour pas changer
Je suis toujours la dernire mise au courant moi  @Romaiiiin_
Je vais mourir dans un accident de bus
Je viens de courir pour avoir le tram sa mre
Je viens de te battre au jeu Warner #roidetwitter pour gagner le Trne de fer ! Je suis le roi et le seul ! T'es pas au courant ? Je suis l
Je vois qu on a remis le courant dans certains quartiers pourquoi. SBG est tjs derrire ? Seigneur #bringBackOurElectricity
Jmen fous que ma mere a peur que jfasse un accident mais cst moins pire de se faire ecraser par le tram par exemple
L'autre elle vois sa chambre rouge elle dis juste oh putain moi je me serai dj barrer en courant
La barrire baisse  cause du chauffeur qui vient 5 min aprs l'heure. Un bus entier qui court pour avoir le train. C'tait beau...ou pas
La fois que j'avais imiter la signature de ma mere...et que le professeur a commencer a dire vous etiez pas au courant *pishkanin cuisse*
La personne gagnante sera dvoile demain par une nouvelle vido! Vous pourrez connatre sont identit au courant...
La premire sance il est pas venu parce qu'il tait pas au courant qu'on avait projet
Le bus passe dans 10 minutes mais comme je prfre danser en pyjama en mangeant du riz dans mon salon je vais srement le louper.
Le couple qui se galoche  l'arrt de bus, est pri d'arrter avant que je vomisse. Merci.
Le jour du jugement ne vous inquitez surtout pas... tout le monde sera au courant de vos actes...
Le jour ou j'ai un accident  un endroit o mes parents ne sont pas au courant et que je survie ? Lol c'est comme si j'tais mort.
Le pote de mon frre ce btard il viens chez moi en me faisant croire qu'il a une panne de courant mais en ft quand il est reparti j'me
Le trafic du RER est ralentis parce qu'un mec serait entrain de marcher le long des rails...
Les gens ils ont la foi de courir ds le matin sur le quai pour avoir le rer
Les trams d'ici on rien avoir avec trams de Genve ils ont une sorte de sirne a cause de ses accidents mais sa change rien
Louper son RER : check, en retard now, la journe commence mal...
Ma grand mre elle est au courant jvoulais pas ptn
Ma jeunesse  la couleur des trains, Rer c
Ma meilleure amie elle m'a appele elle m'a gueul dessus pcq c'tait pas la premire au courant ptdrrrr
Ma mre a demand un maillot aux joueurs pour moi, je n'tais mme pas au courant mdr
Ma mre lui a cal "allez appeler les parents des lves qui schent, moi ma fille est  la maison, malade et j'suis au courant point final"
Ma mre m'a interdit d'aller voir 50 shades of Grey mais elle est pas au courant que je vais aller le voir demain
Ma mre se matin elle m'a pas respecter elle m'a tej en pleins milieu d'une rue j'ai louper mon bus tt va bien
Mais genre mon frre il y a tait avec une meuf jsuis pas au courant de a moi
Mais vous tes au courant des fois j'lache des " mon frre " quand jparle a ma mre ??? C scandaleux
Mdddr. En meme tps si tu racontes ta life pdnt que jsuis avc Cathy normal que jsois au courant de ta vie. Tu mfais rire. Allez casse toi
Mdr qd y'a le bus moi je cours pr me cacher derrire la voiture la+ proche de moi pr pas me taper la honte mme si j'me tape encore la honte
Meaux - Agression du conducteur du RER A: le suspect interpell: Meaux - Un homme de 42 ans, souponn d'avoir...
Mes amis consultent la liste de mes concert  venir pour se tenir au courant. Dernire dcouverte, Ryan Keen.
Moi je suis au courant des trucs importants en dernire t'faon, c'est vrai que Grenier est en couple avec une ancienne miss France ?
Mon RER est  10h30 et mon cours est  10h30... AH! Bon bah je rentre chez moi.
Mon bus a fait un accident, j'ai fait la moiti de la route  pied. J'ai froid
Mon bus il est  9h09 et j'ai le 40  9h19  la gare j'espre pas le louper
Mon frere il a louper son bus on va se faire niquer notre race tout les deux
Mon frre  loup le bus  une minute prs
Mon frre il est au courant pour Wandrille et moi
Mon frre il va faire exprs de louper son bus
Mon pass a Mulhouse y coter que 18 Max pour tout les bus et tram et tout et la y coute archi chre Ca race
Mon pre a la phobie des cous et des qu'il me fait chier je gueule cou et il s'en va en courant par peur je lui touche son cou #Tar
Mon pre est au courant qu'on se frquente  et finalement c'est pas plus mal
Mon pre qui gueule pour que j'aille au lit, son argument : pour ne pas que je loupe le bus demain matin
Mon pre tait pas au courant. Quand je suis rentre hier soir il m'a regard genre "Srieusement ma fille..."
Mtro Ligne 8 En rpercussion d'une panne de matriel, le trafic est ralenti de Pointe du Lac vers Balard. Trafic normal sur l [1/2]
N'oubliez pas notre site pour rester au courant des dernires vidos et des diffusions de live...
Navarro il est mort! J'suis encore la dernire au courant j'en ai marre.
Navigo 70; @jphuchon choisit chmage, vieux trains & retards plutt rnover 5 lignes RER,
Nmes ou  Manduel. Et en cas de correspondance TER descendre  Menduel, faire 30 mins de bus, puis reprendre un train  Nmes. Win. 4/4
No electricity! Je ne sais vraiment pas pourquoi on continue a nous envoyer des factures  la fin du mois pourtant on a rarement l'courant.
Normal ke mes frere me tinne o courant i se sont fait taz
Oh mais putain #TWD a a repris et j'tais pas au courant !!!!
On a eu un accident avec mon bus tout  l'heure.
On a eu un accident de bus en rentrant, le conducteur il a explos la voiture de derrire putain.
On arrive ma grand mre avait dj manger! Elle tait pas au courant qu'on venait aujourd'hui
Ouais sinon j'ai failli crever dans un accident de bus/voiture ce matin..
Oublier de payer le parking en sortant du cinma et voir le monde qui attend derrire et traverser le parking en courant pour payer FAIT
Padam padam padam, il arrive en courant derrire moi, padam padam padam, il me fait le coup du souviens toi
Petit accident de tram pour commencer la journe
Peut tre qu'un jour un mec viendra en courant  l'aroport et m'empchera de partir comme dans les films parce qu'il m'aime. On peut rver.
Plus jamais j'cours derrire un bus comme ca
Pour une fois que j'tais a l'heure, il fallait bien qu'il y ait un accident sur la ligne de tram CIMER
Pourquoi je suis toujours la dernire au courant dans cette maison ??
Ptddddddr y a un renoi dans le RER il traitait toutes les meufs qui avaient des jupes avec des collants shumorte
Ptdrrrrr et le mec dernire bah quoi ? Il est pas au courant de sa vie j'en ai marre a ma fait rire !
Putain j'aurai pus tomber en courant pour avoir mon rer
Qd j'ai dit sa ils m'ont sorti ''en + elle loupe h24 son bus et aprs elle appelle sa mre et elle dit ''je comprend pas le bus il tait la'
Qu'a dit le maire de Victoriaville  la suite de sa premire rection ? Le PM Harper semble au courant... #insolite
Quand j'y pense heureusement que mon pre n'est pas au courant!
Quand je loupe de RER
Que a fasse chier ou pas tout le monde n'a pas le courant de penser que ces effarouches Puritain De la morale fminisation,#Monastre
Qui rame dans le sens du courant fait rire les crocodiles!Exploration du Monde au #Niger ce soir  #Huy @BTC_Belgium
RER A : dix trains  deux niveaux supplmentaires ds 2017
RER A : dix trains  deux niveaux supplmentaires ds 2017.,Et nous et nous....., sur le RER B ??
RER A : dix trains supplmentaires ds 2017: Le Stif a command dix trains supplmentaires  deux niveaux MI0...
RER A. Le suspect de l'agression interpell  Torcy: Un homme de 42 ans, souponn d'avoir agr...  #wnews #webnews
RER A. Le suspect de l'agression interpell  Torcy: Un homme de 42 ans, souponn d'avoir agress fin janvier...
RER B En rpercussion d'un incident voyageur, le trafic est perturb sur l'ensemble de la ligne. Trafic normal sur les autres l [1/2]
RT @20Minutes: Coup de tte au conducteur du RER A: Le suspect interpell
RT @29noe10: Je suis a contre courant, avec du vent en face, la mer agite, j'ai plus de pagaie et je suis dans un kayak trou  c'est trop @margaux84450
RT @A2Running: Gnrer de l'nergie en courant, c'est possible !
RT @ABernatzki: T'es une pute j'espre t'es au courant
RT @APEnvironnement: Selon PDG d'EDF, il faut investir dans "la maintenance du parc nuclaire qui a un peu vieilli". Laccident, il sera un "peu" srieux ou pas?
RT @AdrienJoveneau: Qui rame dans le sens du courant fait rire les crocodiles!Exploration du Monde au #Niger ce soir  #Huy @BTC_Belgium
RT @AliLks_: @PaulGiannoni Si il m'arrive un truc tqt je le tweet tu seras vite au courant
RT @AngelaLH_: @MiiKaa78 tu m'tiens au courant hein  j'espre il va pas trop vous gueuler dessus
RT @Aro_Baze: @20Minutes: Coup de tte au conducteur du RER A: Le suspect interpell   barjo
RT @ArseneAhouansou: Navigo 70; @jphuchon choisit chmage, vieux trains & retards plutt rnover 5 lignes RER,
RT @BRDOFFICIEL: Y son pas au courant frre hahahaha #LRT
RT @Bella59112: @Berenice_Dlb @victor_srs c'est qui ? Vas-y je suis toujours la dernire au courant de tout
RT @Benoit_Aurore1: La barrire baisse  cause du chauffeur qui vient 5 min aprs l'heure. Un bus entier qui court pour avoir le train. C'tait beau...ou pas
RT @Bouletcorp: "Quoi! 6 en science? Deception!" -Vous tes pires que mon pre! J'avais 13 ans bordel!,*Monte en courant dans sa chambre et claque la porte*
RT @CGnst: ma mre c une vraie gamine avant dans un immeuble elle me dit "sonne on part en courant" elle l'a vrmt fait j'ai du courir
RT @CIT_Laurentides: AVIS  LA CLIENTLE: Ligne 9, retards importants  prvoir pour cause d'accident grave sur l'A-15 Sud, hauteur Ste-Rose
RT @Clawesome_: Peut tre qu'un jour un mec viendra en courant  l'aroport et m'empchera de partir comme dans les films parce qu'il m'aime. On peut rver.
RT @Colinee_Blt: st Jacques c'est clairement de la merde la semaine dernire y'avais pas de chauffage et la plus de courant n'importe quoi !
RT @Colinesvn: Je suis toujours la dernire mise au courant moi  @Romaiiiin_
RT @ColloqueSP: Vincent Denby-Wilkes: "au cours des 20 dernires annes, les entreprises comme EDF ont dinvestis le local". #colloquecp
RT @Com_Rixensart: Suite aux travaux du RER en cours sur lancien parking de la gare, le march du samedi matin sera dplac ds ce...
RT @CoquilleC: Rt si tu t'es tromp de destinataire et t'as envoy un sms  caractre lesbien  ta tante cathos ++++ et toute ta famille est au courant.
RT @DelageLucie: Chaque fois que je vois Charlotte je prends mon temps en me disant qu'elle sera en retard et au final on loupe le bus  cause de moi mdr
RT @DgAivp: Hydrolien : le courant de la rivire pour produire de l'lectricit -   via @Mer_Veille
RT @Druuci_59: LE T1 c'est sga le tram de la street , Boboch / Drancy / Bondy / St denis / Asnires / la courneuve / Noisy le sec vous voyez oupas
RT @ElyyZer: ma jeunesse  la couleur des trains RER C
RT @Flaav_Matuidi: Yassin et moi on a mis une soupape pour prendre le bus on courait derrire lui on voit il s'arrte un dces ptn bon le chauffeur
RT @IamJuzus: Je pense que chui un mec bon, je donne trop de chance la, en vrai un autre gars ce serait barr en courant ...
RT @IrinaVonBrazil: @Morgane_Marina 9 avril au Ferrailleur, pas encore annonc, tu es la premire au courant! :)
RT @Jlinewautier: "Qui enfin implose,coulant sans retour:Jusqu la Vie fissurant le nant,,Ligne dElle:marche arrire impossible maintenant(...)",J.W. 2/..
RT @JoanDei: Le jour ou j'ai un accident  un endroit o mes parents ne sont pas au courant et que je survie ? Lol c'est comme si j'tais mort.
RT @JulienLmr: Le RER E, un train fantme dans la pampa seine et marnaise
RT @LOVXTASS: vous tes au courant que j'ai repris ce compte juste pour simeha ou pa
RT @LUUUUCi2LE: @SouUmaVieira Ouais grave tu ma soler mdrr.. Nan j'rigole au moins jsuis au courant des histoires
RT @LeaMakhoul: @AlgAugus Je n'ai pas de dates prvues pour la France actuellement mais vous serez tous au courant ... Je vous aime aussi
RT @Leanne__LG: Ce matin le coup du rer avec @EvaT_Faire c'etait juste comique x)
RT @LecoffreFanny: toute ma famille est au courant que j'ai un copain, j'ai eu le droit au questionnaire par ma mre
RT @MauricePanel: Il est au courant Le Drian que le 1er avril gyptien tombe le 16 fvrier ? #rafale
RT @Mavageslot: @leapironneau Ba si cela arrive tu sera au courant ma petit La :)
RT @MaxLandryTVA: Dernire heure: accident autobus-piton  Montral. @ElizLaplanteTVA en ondes sous peu  LCN  bord de l'hlico TVA.
RT @MelinaMll_re: du coup sa va etre plus simple si on prend toute la ligne 7
RT @MorganeT98: Et je rve d'un courant d'air d'un espace clt avec vue sur la mer d'un silence radio d'un ocan solaire
RT @NathanMinoton: Yannick tu savais pas pour nos Experts a Rivire Pilote .. Enfin je dis a ..moi mme j'tais pas au courant  #TraceFm
RT @Nico___Kstn: Y'a eu un accident on a galerer dans le bus 1h, mon manteau a tramper dans le coca et jai perdu ma navigo...
RT @OuaisNan: Mais vous tes au courant des fois j'lache des " mon frre " quand jparle a ma mre ??? C scandaleux
RT @Oxxyga: @RavDisney Plus personne ne sera super Sonic courant  cause de toi !
RT @P0oudipouda: @Aur0re07 Je lui ai quand mme demand si elle tait au courant que Bill n'est pas son mec ... au cas ou ... :-/
RT @Pierre_DL: @NiGmaSkyZeN Bien gros, tiens moi au courant courage  toi et  tes M8 Zink, oublie pas OpiuM, il est derrire toi
RT @Raimhi: Les gens dans le bus pensent que je suis quelqu'un de respectable alors que je suis en train d'couter Color Gitano au 1er degr.
RT @Salim75009: Sa me fait trop rire quand les gens cour derrire un bus ou un train est au final ils les rates  mdrrr sauf  moi quand a m'arrive .
RT @Shiinybluue: @jeromejarre Dans 4 heures c'est l'anniversaire de ta petite @jalviine j'espre que tu es au courant
RT @SofianaAdams: Mdddr. En meme tps si tu racontes ta life pdnt que jsuis avc Cathy normal que jsois au courant de ta vie. Tu mfais rire. Allez casse toi
RT @SophhieM: Franchement j'ai mme pas ouvert un cahier ni lu ne serait ce qu'une ligne d'un cours.. Jvais pleurer demain mdr
RT @SunsFR: "Echanger Dragic ou le perdre cet t? -Autant me demander si je prfre tre lectrocut en courant alternatif ou continu" #Punchline #LT
RT @TheV3p: @Generation2_0_ on a vers une caution a ENEO pour e pas couper le courant samedi lors de l'Anti Vals Day!!!
RT @Theatreuse: Le bus passe dans 10 minutes mais comme je prfre danser en pyjama en mangeant du riz dans mon salon je vais srement le louper.
RT @ThierryMoreauT7: @NathyRrr: Thierry .. J'ai gagne un plaid avec Cyril en dcembre et je ne l'ai jamais reue,Je transmets et vous tiens au courant
RT @ThomasVerhague: J'pars de chez oim j'me suis pas rveiller j'ai louper tous les bus sa mre
RT @TinistaKenza: @tinistas_21_03 Plaza et le Marriott mais c'est pas sre :) merciii tu me tient au courant si tu as du nouveau pr Montpellier? ;)
RT @TouunsiMoha: Y'a un mec il courait aprs le bus , le bus c'est arrter, le mec il a vu y'avait des contrleurs , il a fait genre il fesait un footing
RT @TurcQuiTaime: le chauffeur a ralentit parce qu'une beurette travers,j'lui ai dit c'est orange tu peut passer. tt l'monde m'a applaudi j'ai conduis le bus
RT @VSteux: @SauronCoC J'ai partag ta premire vidos sur ta nouvelle chane YT sur mon skype mes potes sont tous au courant ducoup.
RT @W38777Y: De nouveau un phoque de passage  Mimizan: Le mammifre marin a t aperu dans le courant et ...  #wnews #webnews
RT @XXS4RHA: a cause dma mre jui sre tt les voisins sont au courant dnotre vie
RT @_Just_Lana: @Felangun @Selenamsterdam ptn mon pre il est monter en courant nsm
RT @__paulinevnck: pour la st valentin mon pre a rserv une table au resto comme surprise..... Ma mre aussi dans un autre resto mdr ils sont pas au courant
RT @assxofdallas: @jeromejarre SI TU ME TWEETJE PRENDS LE RER DEGUISER EN BOB L'EPONGE DANS TOUT PARIS,ET JE FINIS PAR COURIR A LA TOUR EIFFEL A POIL
RT @bakamiee: " RER B trafic interrompu " mais niquez vos mre vous avez fait quoi encore !!
RT @blvckthefirst: La fois que j'avais imiter la signature de ma mere...et que le professeur a commencer a dire vous etiez pas au courant *pishkanin cuisse*
RT @briiskoo: @Lucas91_971 pendant ls vacances tkt jte tiens au courant frre
RT @cbnhr: @igrnc tqt t'es la 1re au courant  chaque fois
RT @eeliyah_brito: Celui qui rame dans le sens du courant fait rire les crocodiles.
RT @erdf_pyrenees_N: #Tarn : Nol #Meyssonnier 1er adjoint #Fiac tmoigne @vie2maire #ERDF , Vie de maire propose dcouter...
RT @femiiba: @Traf_Lau @ComplexMag @Haiwonder moi non plus mais le son est lourd je mimagine dj le matin agoniser dans le rer avec ce son ds les oreill
RT @fxurbino971: @charmed_fr @People_In_Paris En tt cas encore un gd merci pr ns tenir au courant des dernires infos. ;-) Bonne soire. :-)
RT @geobalad_sud: De nouveau un phoque de passage  Mimizan: Le mammifre marin a t aperu dans le courant et ...  #wnews #webnews
RT @httpeur: Quand je fais quelque chose de bien, personne le voit mais quand je fais quelque de mal, la terre entire est au courant.
RT @iSneazie: En ce moment, c'est la galre le matin. Je suis oblig de courir pcq je vois le bus arriv  l'arrt alors que je suis au bout de la route
RT @jenny_nkum: "@jessicasara16: @jenny_nkum c'est bien, moi je prfre ne pas tre au courant" Lol ! Okay ooh Jess
RT @laurentgallois: RER A : dix trains  deux niveaux supplmentaires ds 2017.,Et nous et nous....., sur le RER B ??
RT @lmndss: le jour ou Maluma vient en France vous inquitez mme pas vous serez au courant mdr
RT @melaniezenague: Ma mre lui a cal "allez appeler les parents des lves qui schent, moi ma fille est  la maison, malade et j'suis au courant point final"
RT @melinedf: Un jour ju sera au courant des devoirs un jour
RT @moha_drr: Aprs vers 15h33 il leur a dit "bon allez sortez tous jveux pas louper mon bus" avant de courir vers la sortie en esquivant la cpe
RT @murdakero: y'a des meufs sur twitter j'espre vous tes au courant que vos mecs vous trompes ? mdr
RT @reliie95: @MallauryBnt pfff pour pasquier frre azi en plus elle est au courant que la grippe cs contagieux & elle vient en cours
RT @ryukoscar: @antrpaul ouais j'avoue il se serait fais tazer en courant nu
RT @souffranceana: J'ai envie de me barrer, de partir en courant sans m'arrter
RT @theweirdprince: Ya une ptite de 6 ans dans le tram elle traite sa mre comme un chien et elle dit rien , j'laurai prise jlui aurait clat sa tte
RT @violette_lcr: @ClemenceR03 @DomLouise looooooool c'est moi la 1re au courant pour toi et Louise et tu ooooooses dire que tu m'aimes pas
RT @zarrysfears: @zarrysfears au mec qui nous prenait en charge donc je voulais aller le voir mais ma mre a pas voulu et il est parti en courant alors on-
Rer train metro boulot mtro train rer dodo
Rt si tu t'es tromp de destinataire et t'as envoy un sms  caractre lesbien  ta tante cathos ++++ et toute ta famille est au courant.
Selon PDG d'EDF, il faut investir dans "la maintenance du parc nuclaire qui a un peu vieilli". Laccident, il sera un "peu" srieux ou pas?
Si ce principe tait encore courant j'en connais qui seraient manchots.
Si le bus speede je pourrais rcuprer mes nouvelles lunettes. PRIEZ POUR MOI.
Si tout le monde ne disait pas d'arrter de parler de ce film, je crois que je n'aurai mme pas t au courant de sa sortie,Voila voila
Soyez au courant des dernires nouvelles et activits du Domaine d'Ettevaux en cochant la case " Recevoir des...
Stphane Tiki serait vraiment un sans-papiers  qui milite au sein du courant sarkozyste de la Droite forte #grandcart
Suite aux travaux du RER en cours sur lancien parking de la gare, le march du samedi matin sera dplac ds ce...
TRACE-TM L&#039;homme suspect&#xe9; d&#039;avoir agress&#xe9; un conducteur du RER A
TRACE-TM L'homme suspect d'avoir agress un conducteur du RERA interpell
Tenez moi au courant si vous voyez des voitures d'occasion pas trs trs chres et des belles hein svp
Toute les semaine y a des accidents  la des bus abus
Tu l'as inform pour ta bite? Mdr a serait bien qu'il soit au courant de la chose quand mme, qu'il soit pas dgot
Tu seras au courant direct mdr
Un couple de turcs est assis  ct de moi dans le RER et se dispute...je vous laisse imaginez
Un nouveau Shooting photo sera Organis courant Avril !
Vincent Denby-Wilkes: "au cours des 20 dernires annes, les entreprises comme EDF ont dinvestis le local". #colloquecp
Voici la 1ire infolettre de Sentier Urbain ! Restez au courant de nos activits, projets et ralisations. Au...
Vous save c'est quoi le pire? C'est que ma mre t au courant depuis 5 mois
Vous tes au courant que le rehausseur de gout chez PEPSI c'tait des cellules de Ftus ? Puis quand vous re-regarderais bien la pub...
Y a une policire qui m'a engueul car j'avais pas mis ma ceinture de bus, je l'coutais pas j'avais mes couteurs du coup elle a cri. ?
Y son pas au courant frre hahahaha #LRT
Y'a une meuf qui a pris le wagon du rer E pour sa salle de bain : crme pour le cou, visage,contour des yeux,pour les mains et cheveux oklm!
Ya des couples qui se bcotent dans tout les coins du bus. Devant, derrire, sur les cts.. Yen a partout
Yannick tu savais pas pour nos Experts a Rivire Pilote .. Enfin je dis a ..moi mme j'tais pas au courant  #TraceFm
Yassin et moi on a mis une soupape pour prendre le bus on courait derrire lui on voit il s'arrte un dces ptn bon le chauffeur
a me fait bizarre d'tre autant  l'heure.... d'habitude je cours ou mon pre dois m'emmener pr que j'ai ce bus
alors mon pere il va vite a la voiture il prend sa batte il poursuit le mec avec le mec il part en courant il sest chier dessus
askip je gere les bails ca tue moi meme j'etais pas au courant
bon au dpart il m'a fait dcouvrir bvb mais j'ai su driver vers le bon courant x)
c'est trop rageant de courir d'arriver sur le quai et de voir les portes du rer se fermer
du coup il faut savoir que j'ai crois @tata_rukia au 1er allerpuis au retour en courant,puis en re-repartant
et je commence vraiment a avoir peur de prendre le bus avec ce chauffeur, on va vraiment finir par faire un accident
hier j'dis bonjour  mon cousin, deux minutes aprs j'reois un message "tu sens la clope" bon bah il est au courant au moins mdr
hier y a un renoi il rentre ds le rer quand les portes se ferme, alors y a 2 mecs qui l'aide, il a remercier tout le train pdt 5 mins PTDRRR
j'crois qu'il y a le mec qu'tait assis  ct de moi toute l'anne dernire en cours juste en face de moi dans le bus. Le monde est petit.
je dois pas tre dans les courant d'air mais ma mre elle ouvre les fentres au calme
je vais desac vu que j'ai l'ordi de ma mere pour le faire, vous me triendrez au courant des nouvelles par msg
je veux me faire un mini tatouage mais en fait rien que le bzzzzzzzzzz de la machine me ferait partir en courant
jme fais contrler dans le bus et dans le train  quoi ils jouent
le jour ou Maluma vient en France vous inquitez mme pas vous serez au courant mdr
le lendemain ma mere tait au courant.
ma mer si elle est o courant ke je participe o film 50nuance de jsp de grey la jme fait niker ma race elle m'envoie o bled
ma mre c une vraie gamine avant dans un immeuble elle me dit "sonne on part en courant" elle l'a vrmt fait j'ai du courir
ma mre elle est entrain de s'enerver j'ai juste envie de partie en courant pour pas que sa me retombe dessus lol
manger Re ~2h + ~1h de RER rofl oui NEIN J'AI LOUPE SUR SKYPE NOOOOOOOOOOOOOOOOOOOPFJEZP stp Lolita
mddrrr moi jmange pas le matin, un jour jvais faire un malaise arreter train et RER juste pour vous casser les couilles.
mdr ma mre suffit qu'elle dise un truc a ma grand mre a y est le lendemain t'as toute ma famille dans toute la France qu'est au courant
mdr mon pre il m'a envoy 5 messages en disant " table" mais si je dors je risque pas de les voir jsp s'il est au courant
moi meuf la moins endurante du monde j'ai qd mme fait poterne-> watteau en courant derrire mon bus, a mrite un 20 au 500m pour le bac a
mon frre est au courant de toutes mes sorties, c'est super
mon grand pere il donne 100 a mon frr et moi et tout le monde dans la famille est au courant
nergie NB ignore quand le courant sera rtabli pour les quelque 15 000 abonns touchs, surtout dans la rgion du Restigouche #rcac
part mon pre et ma bf personne est au courant de la vrit
plus jamais j'ai prvu tous mes plans pour aujd or que mon pre il est au courant de rien encore lol
putain g loup mon bus de 9h10  3 minutes prs niquez vos mres
si vous me connaissez vous ne vous vous ennuierez pas  lille3 je passe et je repasse beaucoup en courant trs vite
st Jacques c'est clairement de la merde la semaine dernire y'avais pas de chauffage et la plus de courant n'importe quoi !
sur ordre des pompiers, nous avons laiss un partie de la place briand sans courant...j'espre qu'il n'y a pas eu de victimes.@ptitpath
t'iras pleurer dans les jupes a ta mere quand tous les terros seront au courant ducon #QAG
toute ma famille est au courant que j'ai un copain, j'ai eu le droit au questionnaire par ma mre
vous tes au courant que j'ai repris ce compte juste pour simeha ou pa
y a mon frre askip il est dj remont j'tais pas au courant
y'a des meufs sur twitter j'espre vous tes au courant que vos mecs vous trompes ? mdr
