"@flo_sami: Ce serais bien que nos tels nous avertissent quand on souris psk on est jmd au courant mdr"Un des effets de la drogue
"La ligne 4 sature. Nous vous invitons  prendre un autre itinraire" Sur le coup je n'ai pas su si j'allais rire ou pleurer.
"Mon tonton fait un repas pour Nol et ma mre a dit que je venais pas "ah ok j'tais pas au courant , merci maman
#CastelnauleLez #ERDF signale que dans le cadre de travaux sur le rseau, une coupure de courant se fera le :...
#DisMoiJerem que ferais tu si une mtorite devait s'craser sur Paris et que t'tais au courant 1jour avant? Tu viens en belgique?
#FaitsDivers  Norvge: Le bus tait fiable et ne roulait pas trop vite: L'accident de car fatal  quatre pass...
#LeParisien Essonne : l'A6 paralyse aprs un accident de bus  #une
#Limoges : prvoyez de grosses perturbations sur le trafic des bus demain !
#NP Rubbi - Seul contre moi,J'ai cout le son j'tais seul dans le RER C et j'peux le dire a fait bader mdr
#OFF RT @le_Parisien: Essonne : l'A6 paralyse aprs un accident de bus
#ThierryHenry Merci Thierry!123 capes EDF!53 but en bleu(record en cours) merci pour ta carrire!#gunners #bleus!!!
#lequipetype meilleur buteur d'Arsenal, meilleur buteur tranger de premire league. 4 coupe du monde. Meilleur buteur de l'EDF. Donc OUI !
#sncb La Louvire centre, le dernier train vers Piton Forchies est  19h35!! Aprs, tu marches, tu pdales ou tu prends le bus...
@94softporn JARRIVE PLUS Z MARRETER DE RIRE JE SUIS VENUE EN COURANT JE PENSAIS QU'IL CRIVAIT VRAIMENT TROP CHOU PTDRRRRRRRRRRR
@A_Tamarah Tamarah c'est la plus grosse des commres mais qui n'est jamais au courant de rien on dirait mddr
@AlbertCheuret ok bah je te tiens au courant je vois avc ma mre et prend le billet ce soir :3
@AlixLazaro t'es la premire au courant si c a bb <3333
@AlixiaZtn on va avec les 18-25ans demain, Ahava aussi ! a sera mieux, enfin comme tu veux, tiens moi au courant
@Annie_Criminal j'ai toujours eu des RER modernes et plutt propres contrairement au RER A pour le coup
@AudeDupont @criminal_boysx Limite ils vont partir en courant car on leur fera peur ^^
@BrettRPGTI9 (on la refait je ne suis pas sense tre au courant)
@BrugnettiLisa comment a t'tais pas au courant ?? Ta pas reus de lettre ??
@BygChloe ah bon? Ma mre est au courant?
@ClemCdr Moi j'ai loupe mon bus... du coup de je serai pas la de 8h  9h00 c:
@ColineJouan J'ai compris a, mais au cas ou tu ne serais pas au courant Georges Michael existe ...
@Comixity @SynopsLive j'en suis a peut prs  3h d'coute/jour au taff et 2h dans le RER haha mais avec plaisir
@Conducteur_RER @Z_crl @conducteur_PSE @Conducteur_SNCF chers collgues n'oubliez pas que le FRET  couler aussi  cause de certains Crl.
@Conducteur_RER et qu'ils se retrouvent  faire des Compignes Avignon ou  acheminer des Regiolis/Regio2N.... @Conducteur_SNCF
@Dalgante j'tais mme pas au courant. Ce sont les connections du mal. [Rire diabolique] Mouahahah
@Damien_Bancal c'est courant qu'une mj fasse redmarrer le tlphone.
@DarkHusky Il fume d'la beuh et sa mre est au courant MDRRRRRRRR
@DelattreMargaux: Sachez que bettina est sous black Berry depuis au moins une semaine et je suis la dernire au courant depuis aujourd'hu
@Ethan_RPG_TW *soupire et s'loigne en courant* Les gens peuvent jamais grer mon pass..
@Europe1 Si vous arrtiez d'en parler de ce boloss on ne serait mme pas au courant de ses singeries!
@FBOcom derrire le train arrt  Roissy y'avait un train vide + un Intercits, et 1 RerE en demi tour  Emerainville @kalista771 @mecanote
@FRABiiG envoie un mail ici please et on te tiendra au courant le plus vite :
@Faichilleach je te tiens au courant pour ce que tu sais ds qu'it's ready <3 je dois filer, repasse te voir demain , passe une douce nuit
@Falouuuute Owi :3 Tellement cool j'espre que t'y arrivera en tout cas :D Tiens moi au courant
@Fleur_DelacouRp @Parkinson_RP *arrive en courant vers fleu*ta vue c'est allez vite!Je kiff noel !! je vais prevenir Kim!*va chercher Kim *
@Fluorette ah ben moi non plus. Et je pense que j'en achterais pas, tout bien rflchi. Mais il est au courant et c'est rciproque.
@FougerayEstelle Si j'y survis tu seras la premire au courant !
@Framboise_91 mon pere a fait genre il a jamais ete au courant
@Gautier_Gerard abon ca serais cool que je sois au courant :/
@Gervaise_V tout le monde l'a crit c'tait au tableau, tu serais au courant si tu venais en cours
@Harry_Styles frre on est au courant que c'est toi qu'crit le tweet mdr
@HewLyc elle fait le premier pas vers moi nike zeubi moi je recul en courant
@HugoRPGBHD -regarde derrire moi pour voir si le bus arrive et soupir lgrement-
@ImNecro_ Ma mre avait pris rendez-vous chez le mdecin, mais j'ai pas voulu y aller. Elle n'est pas au courant pour mon "problme".
@ItSherlocked @PoissonFecond un invit sur prise ? a doit pas tre une lumire . Le courant passe bien ?
@JOP_95 je serais au boulot ct aprem tu pourrais me tenir au courant des dernires news ds que tu en as ? Pleaaase
@JUT___2 non alors la tu mens. redi moi alr Et Pk jsuis pas courant ptn
@JainaGeek T'es au courant que pour les consoles ce sera juste un upscaling (mise  l'chelle) tandis que pour le PC ce sera du true 4k. En
@JeSuisFolleDEux TQT tu sera la premiere au courant comme d'hab
@JessicaVidil1 on est deux! J'ai loupe mon bus, mme si j'ai couru pour l'avoir, parce que mon frre me tape la causette -
@Jodinette @vousnetepasseul le jour ou ce sera un islamiste ils partiront en courant pour ne pas tre accuser d'islamophobie !!MDR
@KaRa77181 @Nico___Kstn vous serez au courant demain mdr
@Kashiaak Vas y en courant, a te feras de l'entrainement pour ton concours :p
@LEstRepLure El ferai mieux de mettre eau + edf gens du voyage decision adminstratif de 3mois suplementaire op coup l eau et edf c une hont
@LNightray Ok :) Tu me tiendras au courant, j'espre que tout se passera bien ! :)
@LauraGrosjeano @Ismael_Reehhh tu ne seras pas mise au courant
@LauraKrnbg Coordonnes bien reues, je vous tiens au courant. ^G
@Laure_Zan trop du coups J'ai regarder le bus sera  7:58 je crois en bas de la gare
@Lexisnotdead ahhhhh justement je voulais te parler. Je serai  Paris pour le 31 et comme tu es au courant des soires toussa
@LightBlade25 @erwann__ Mdr j'espre que tes parents sont au courant de ta dlinquance. La honte de la France, cet 'Aden du turfu'...
@Ligne4_RATP et puis arrter les annonces bidon du style "sur la ligne 4 un train arrive en quai toute les 2 minutes" CEST FAUX! Hier matin
@Louise0018 Mais t'inquite je viens vite le train et le mtro sa va encore plus vite haha j'ai juste 30 min de rer et 15 min de mtro
@M_Prvst a marche ! :) ma mre est au courant que tu viens elle est contente de te voir ^^' tu manques mme  ma mre mdrr
@Margot_Crp c'est bon @MaximeGamand tu seras au courant des matchs tu arrteras de nous demander tout le temps !
@Maripa_Soula Bonjour  vous ! Tenez nous au courant des problmes de barges sur le fleuve, il faut des infos rgulires !
@MariusDsr sa daronne est au courant ? Ou son frre va venir?
@MayetCassandre ptdr tu veux me voir pter mon cble et mon tlphone mdr ! Je te tiendrais au courant
@MemorapRadio @syka_tts Merci mec, tiens au courant si tu fais un article je ferai circuler ! peace
@Mens_Carter Ils ont jamais appeler chez nous, enfin pour les bus ils appellent, mais les trains et RER non
@MkhMB Mdrrrr je vais demander a ma mre elle doit tre au courant
@Monsieur_Faraa Votre mere est elle au courant de cette initiative Monsieur ?
@NaelABC t'en fais pas tout le monde sera au courant je pense
@Negrito_190 @Letishou Ptdrrr mais toi t au courant que c ton pre ouuu ?
@NeimadOfficiel Ah d'accord, du coup tu as fait le chemin en RER pour rien ?
@PastorBerengere @RabahBenzaid @charliemas8 on te tient au courant frer
@RUFD1 t malade il sortait en courant de l'immeuble direct il s'est dirig vers moi en me suivant moi j'ai une phobie des chiens ,
@RaiponceRP *Le loup se met  courir ; entend des voix et de la musique, fronce les sourcils en courant derrire lui*
@SabrinaDoherty tu me tiens au courant! Et tkt pas tu pourras tjrs manger ce qui te plait, je sais qu'il fait pizza ptes bire et tout
@SaiidiWalid moi je loupe mon bus j'ai mon mre qui m'emmne au lyce, c'est pas cool
@Sainte_catin j'etais pas au courant, j'espre aussi !
@SalonFootClub tu le vois sur la vido il fonce vers lui et part en courant . C clairement prmdit .
@SarraNayaFenty ahh mais oui mme dans le tram j'coutais que sera d'hm et tu me disais cekoisa mdrrr
@SchalkeFrance @realmadrid_fra tt le monde tait dj au courant que cela sera schalke Real la semaine passe! #magouille #Realuefademadrid
@SerwanMelk @IlonaGrimbert Ouh la la, y'a des bails dont on ne serait pas au courant @Unsterbliicher ? :D
@Sofia_Elm Et au fait c'est bon ma mre est au courant maintenant :)))
@SowCraazy Mdrrrrr je te spamerais de message si tu veux comme a tu seras au courant :'3
@StanS_FOR_CMB @MigosATL sre que y'avais des gens au courant mais mme pas il ont fait partager l'info
@Tata_Pilipili Ah il sera d'office au courant, tout ou tard! Lolz
@TiphaaineA tu me fais trop rire :'))) Toute faon tiens nous au courant des avancees samedi mdrrr
@Tyldens Je rechercher une bannire car je trouver sa laids d'avoir un truc sale sa aurait rendu mieux au final ba j'tais pas au courant :(
@ViViLaChipie courir tout les jours apres le bus et le rer a compte pas? lol :-p
@VincentGautier_ tu seras vitte au courant je pense :)
@WonderLow_ L'un des grands mystres de la vie :) T'es au courant qu'il existe une marque "Arrow" aussi ?
@ZZ_Princess je suis mme pas sre que a la dfoule, vu qu'elle sera pas forcment au courant des suites, si suites il y a.
@_Axeelle la tweetosphre est au courant a prsent !
@_MarieSch @Romain_1er Le seule dpartement qui ntait pas au courant de la Rizvolution.
@__Adja trnql weeesh tu connait le RER LE METRO LE TRAIN ????
@_iheartginger @dxxhell j'ai pousser un cri tellement fort que ma mre est venu en courant avec la trousse  pharmacie
@aspcrf la petite ceinture plus tard sa sera: passage cyclable , tram, et train le tout sur une seule ligne j'ai vu cela sur une vido
@axellebgr jsp..soit samedi,soit dimanche tfaon je te tiens au courant,tu seras la premire personne que je verrai!
@clmtn jvois, tiens nous au courant, j'espre que a passe
@cmxlmoon Mathilde elle m'a fait promettre que c'est elle qui sera au courant en premire
@cypcyp77 Ppy sort de ce corps ! ;-) @Conducteur_RER @conducteur_PSE @Conducteur_SNCF
@cypcyp77 pour couper ou parceque c'tait la relve etc..,, les conducteurs n'y sont pr rien... @Conducteur_RER @Z_crl @Conducteur_SNCF
@dbln_lau haaaha, oklm peux tre, on vera tkt, pck les concerts cest pas trop mon dlire mais tranquille jte tien au courant si jvien
@evanrpgdsp -repars en courant vers l'eau en riant-
@fguilhaume j'espre que tu es au courant que personne ne comprend jamais tes tweets
@grainsdeCel oui c clair je pens que tu serais au courant
@hawaweetney ptdddddddr tu ma ficha j'ai rigole toute seul dans le bus , ptdddddddr librez Hawa ! Bah coute c'est la vie heein plante moi
@iMathis_ 4h de rer et de tram quand je vais en cours
@itwerklarry non, t'as regarde mes tweets? je susi au courant de quelques chose par rapport avec ma mere qu'elle nie tjrs a chzaque fois-
@je7ome1980 Oui, je suis au courant j'ai plein d'alertes qui me remontent. Etant au taff, je ne peux pas intervenir l. Sera rgl ce soir.
@jean_rock_fort aware cv dire au courant fashionista c les filles a la mode mais ma question ct pr rire
@kelosdustecos oui merci lol j etais au courant j ai une soir de 85 et un frere de 83
@laetitiabhmm tu seras au courant avant moi jpense ptdr
@laetitiamdlivre J'tais dj au courant depuis un moment, je suis contente d'avoir russi  complter ma saga  temps ^^'
@laughof_malik tu seras bientt au courant
@laury2822 j'espre aussi je te tiens au courant !
@leattacheeadan a nous donne une excuse pour arriver en retard  cause des bus qui vont au ralenti et qui sont en retard
@leplus_obs Votre journaliste pas au courant que le discours diffre en fonction de l'interlocuteur! Psychologie, Sc. du langage et bon sens
@lola_warot @Aanaiis08 Encore heureux et vaut mieux sinn je repars en courant si je me recasse pas le poignet
@maitrevourge @simoneduchmole C'est assez courant : les individus nous choquent et on y associe l'ensemble de ce qu'ils repsentent
@mamzelle_laura_ @AlexiaGenre @JustinUpdatesFR Reu ! Vous recevrez le lot courant semaine prochaine, a vous laisse le temps d'emmnager
@manon_helouis en courant bien sre!
@manon_uytters j'ai attendu un ami qu'il fume sa clope ducoup j'ai louper le bus qui allez chez moi pr lui, j'me suis dis pg ma mre -
@marcvama "Chausse de Louvain vers le rond-point Meiser", j'espre que ces #%&* ne vont pas ralentir mon bus Meiser-Paduwa vers le boulot !
@mariealbou et tu verrais leurs petits freres ! Le p'tit blond qui est pass en courant c'etait le cousin des Du Boucheron et des vivier ;)
@mauget45600 @Leilabnh Bah il est rester a l'arret de bus pour ce casser apres quoi moi il m'aurais suivi je serai parti en courant mdr <3
@maxhurtebise non c'est bon je dirai rien parce que a se fait pas c'est des trucs personnels mais t'inquites personne sera au courant.
@niamisonfire Ok a va ben tiens moi au courant a me fera plaisirs de participer aux projets pour les boys ! :)
@niaxra j'suis tombe une fois  cause de maeva mais en fait ma mre est pas au courant que j'y tais
@onedream2701 @we_re_same jsp  toi de me raconter jsuis plus au courant de rien
@panethelion Je suis au courant c'est une honte & pas rare cette histoire merci @mesopinions_com pour le soutien!,cc @Evapourlavie
@peurdes @v_lre J'espre que demain Matthieu va pas louper le bus  on va pouvoir rire ds le matin
@pierrepreuss le ressort intrieur de ma touche R2 qui a lch. Problme courant apparemment.. j espre qu ils me l changeront...
@profenzep non, je ne suis pas au courant... Dans la lgion trangre, peut-tre ?
@quacelanetienne Bonjour Etienne! Tiens nous au courant de tes ralisations et il nous fera plaisir de te retweeter! :)
@quesney_maxime Coordonnes bien reues, je vous tiens au courant. ^G
@rackensberg @DanielRiolo et puis il s'est mis  rire...elle est partie en courant...loin
@richardvs Jeter son ordinateur, brler son bureau et partir en courant avec les bras en l'air.
@samkc9 tu connais le collge tu sais lendroit ou t'apprend des matires et bah ya de l'allemand tes au courant ?
@smileofziallx moi aussi !! On est au courant de rien nous deux srx ! On devrait peut etre enquter sur nos vies nan ? :)
@spideryoyo Oui car @Toinereynolds est mon pre dans le futur, je suis revenue dans le pass en courant trs trs vite pour l'espionner.
@tapionnn tes au courant que tu vas a la boxe avec lui ? Mdrrrrrrrr on feras pom pom a ton enterrement
@unrealcal bon au moins je serais au courant des derniers petits potins de marseille
@weshbabouche1 Coordonnes bien reues, je vous tiens au courant. ^G
@whiplashforyou @AkariMiali @BibiLaMoustache @matbob199411 BOUM, JE T'AI EU, YOU'RE TOO SLOW *met des pines bleu et pars en courant*
@wifirst Ce serait vraiment top. Tenez moi au courant.
A la dame qui est a ct de moi dans le RER, pourriez vous arrter d'couter du Magic Systme a fond svp
A votre avis a sera quoi la chouha de ce soir  Marrakech?Coupure du courant: FAV,Invasion du terrain: RT
AAH dans le bus y'avait un couple de jsais pas quoi ils ptaient ensemble a les faisait rire, JE RPTE ILS P.E.T.A.I.E.N.T ensemble
Accident sur la route sans doutes a cause de ce fucking brouillard!! Du coup mon bus est pas pass
Affaire @CIA Obama  contre-courant de l'opinion :  Une publication qui met en colre l'opinion
Ah mon pre Y se rveille Maitenant il est venue en courant dans la chambre vite on bouge Mddr
Alim il va se mettre  contre courant sur la graille (90 personnes disent aimer le Ice Tea ?... Ok.) Alim tweet : "Je prfre le Sprite"
Aujourd'hui j'tais trop dter  aller en cours mais le connard de bus que j'prends il va pas  ma station donc du coup j'peux pas y'aller.
Aujourd'hui je fais une grosse surprise  mon petit frre en allant le chercher  l'ecole. Il est pas au courant.
Avec l'histoire des bus moi aussi j'ai essay de vesqui les cours, ma mre elle m'a sorti "Je m'en blc, je t'emmne de toute faon" mdddr
Blanc : "S'il y avait des problmes, vous seriez au courant, croyez-moi. Vous tes au courant de tout". Le retour de la taupe, tranquille.
Bon et bah reprise progressive du trafic tram des retards sont  prvoir.. M en fou C est ma dernire o bureau.Rien ne gchera cette journe
Bon faut que je me bouge, a serait bte de louper mon bus et de ne pas faire le ds de franais..
Bon j'espre que ce soir y'aura pas de coupure de courant.
Bonjour! si vous souhaitez rester au courant des nouvelles et nouveauts, des salons o je serai prsent, de mes...
Bus accident
C est dar quand tu est dans le RER au tel avec 1e personne qui parle trop d que t'en a mare tu coupe tu dit y'avais plus rseau dsol lol
C'est depuis cette anne/l'anne dernire que je suis toujours la meuf tout derrire,  part de toutes les conversations, jamais au courant-
C'est eux que tu dois envoyer en train wsh au dbut a prend le RER maintenant a temon dans le minibus
C'est mon dernier bus, mes derniers cours, mon dernier Mac Do, mon dernier repas a la cantine, enfin bref, c'est ma dernire journe-
CA-18 : accident at Hillen Dale Dr -
Carrement ca crer des scoop sur wam j'suis mm pas au courant mdrrr
Ce fdp de bus y passe avec 15minutes de retard en plus c'est la route ou ya tTOUT LE MONDE qui passe. J'ai vu un accident en plus
Ce matin je m'enjaillais toute seule dans le rer  couter Dana Dana  fond, grosse pense pour @MaevaOtz
Ce matin le RER il tait en retard. Il y avait que des train sans arrt j'en avai marre
Ce serais bien que nos tels nous avertissent quand on souris psk on est jmd au courant mdr
Cette anne, le march des crateurs du Cours Ju  Marseille sera aliment en lectricit renouvelable avec Enercoop.
Cette nuit j'ai rver que un bus avait fait un accident, dut cot aujourd'hui j'ai peur de prendre le bus mdrr
Coupure de courant  la salle ! Sance  la lumire du tlphone. En 40 minutes c'tait pli.....
Courir agin derrire le bus c'est vraiment deguelasse
Cours finit, je sui dans le bus ! Ma mre a pas pu venir me chercher
D'autres vnements sont prvus et vous serez tenu au courant de ceux ci trs rapidement
Dans le bus j'ai vu un accident violent se produire, il m'a remis  ma place
Dans le bus ta tjr la bourge avec un Mac Pro un couple chelou des enfants perche ta l'impression c leurs 1er jour d'cole et moi qui tweet
Dans mon RER y'avait 2antillais j'les cout parler, mais c'tait pas pour la conversation c'tait pour leurs accents  j'aime trop  !
De Twentsche Courant Tubantia - 6 weken  18,00
Demain y'a tout le monde qui se ramne chez moi , je suis sre qu'ils y en a qui viennent et je suis mme pas au courant
Dja y'a de la place partout dans le rer. Et y'a ce couple de fr qui pue la transpi qui vient me voler mon espace de vie.
Donc j me fait oprer dans 3 semaines, personne n'est au courant, le bloc opratoire n'est pas rserv et l'anesthsiste n'est pas avis
Donc je suis la dernire au courant en mme temps si on me parle pas je risque pas de savoir putain  c.o.n
Du coup, non, je n'essaie plus de "grer" quoi que ce soit. C'est l, bien au chaud, personne n'est vraiment au courant (parce que, -
Elle lui a dit que j'tais motive pcq j'mtais inscrit  un truc, mais ma mre tait pas au courant, elle a genre fait "ha bon?! " -
En Ci les afferages circule trop vite,si Koffi a Mougou Djeneba a 12h a bingerville... Siriki de Bassam sera au courant a 12H01
En fait ma sur elle est au courant pour mon septum, tout  l'heure elle me sort "j'espre que tu vas bien souffrir demain."
En plus j'ai besoin d'adrnaline du coup ce matin j'ai fait exprs de rater mon bus pour que mon pre m'emmne au prochain arrt en voiture
En sortant on a couru oua on a quand mme louper le bus sa mre
En vrai elle pterai les plombs si elle serai au courant de ce qu'il me dis
Es-tu au courant? Le lancement de la premire saison de Chicago PD aura lieu le mercredi 7 janvier 2015 ( 20h55) sur TF1 @Chaaa_22
Essonne : l'A6 paralyse aprs un accident de bus
Essonne : l'A6 paralyse aprs un accident de bus: Un accident impliquant cinq vhicules dont un bus et un cam...
Et au fait, avec @Sifel84700 vers dbut 2015 on sera de retour IRL pour une petite vido sur la SB PROD ! On vous tient au courant ! :D
Et bien sur j'suis la dernire au courant de tout, merci beaucoup
Et puis mon pre il me tient mme pas au courant. Apres on s'tonne que je sois pas au courant de ce qui se passe dans ma famille
Etcheto: "Il faut que les joueurs apprennent  s'engueuler": "Sur courant alternatif" ces dernires semaines s...
Fallait que j'appelle meu padrinho pour le tenir au courant mais j'ai plus de crdit appel  tant pis j'ferais a ce week-end
Fally a lia mre n'a y qui tais au courant ici ?
France 2 nous refait l'histoire de Bammou j'tais mme pas au courant c'est dingue cette histoire @eddy_fleck
Frre ya un courant d'air qui rentre la fot men Gad ct i ka soti sa ka enmerder mwen la
Genre y a tous les collgues de ma mre qui taient au courant de mon cadeau d'anniversaire et personne n'a gaff et beh
Gloria et moi toute notre vie c'est de courir derrire des bus
H sur la vie de m mre t'es au courant ta la mme voix que Sydney Govou ou pas ? Votre vieill...  Ce grand joueur
Hey ! Le Lumire a mis en place une newsletter. Tu veux tre au courant des derniers articles du journal ? Abonne...
Hey mou je prfre qu'on m'unfollow plutt qu'on me masque, au moins j'suis au courant :(
Houdetot, Adolphe d' La petite vnerie, ou La chasse au chien courant
Il est 11:25 et le trafic est normal sur l'ensemble des lignes de RER
Il est 11:39 et le trafic est normal sur l'ensemble des lignes de RER
Il est 19:13 et le trafic est normal sur l'ensemble des lignes de RER
Il est 19:19 et le trafic est normal sur l'ensemble des lignes de RER
Il m'avait dit que sa mere avait recue son bulletin du coup il a dormi dans le metro
Il y a une semaine, j'avais un accidents de bus ahah
Ils avaient l'air interess, ce qui n'est pas courant pour une classe de premire!
Importantes perturbations sur le trafic des bus demain  Limoges
J'adore coute les histoire de curs des autres, des gens derrire moi dans le bus mddr  sa me flingue
J'ai encore loup le bus je vais pter un plomb
J'ai jurer j'ai la poisse des tram ! Il a encore faillit faire un accident et il a freiner sec
J'ai loup le putain d'RER
J'ai loup mon bus mdr il est pass devant moi sans s'arrter
J'ai louper mon bus alors que j'ai tap une dter pour l'avoir sa me rend fou sa
J'ai t faire le mnage chez mon frre j'etais pas au courant qu'il serait l, il a pas boug d'un pouce
J'aime bien quand ma grand mre me dit on est une famille on se dit tout.. Alors que moi je suis tout le temps au courant de rien
J'aime plus Isco que mon pre hein et mon pre est au courant mais ne peut rien y faire.
J'appelle mon pre pour savoir o il est il me dit"bah je suis en espagne en sminaire" oklm j'tais pas au courant
J'dis  mon pre que je vais pas en cours parce que y'a pas le bus qui va au lyce et il me dit qu'il m'emmne ptn.
J'dois donner un motif pour vers un virement de mon livret A vers mon compte courant, j'met quoi ?
J'en ai marre de me lever tous les matins  6h, me prparer, prendre le bus, marcher, aller en cours, rentrer, re-travailler etc...
J'en est marre de courir derrire les bus chaque soirs depuis une semaine
J'espre qu' l'entrainement ce soir je vais pas passer mon temps  glander ou  sauter dans des cerceaux pck je loupe le match de l'EDF !
J'espre que ma mre va pas cramer qui y a pas de bus demain sinon faut qu'on aille en cours avec bb
J'suis invit au concert de Method man et Red man mercredi j'suis trop HAPPY vs etes pas au courant.
J'suis morte ya un mec dans le rer il a une coupe dgueulasse c'est la pire que j'ai vu dans ma vie
J'vais m'couchez sa serai con j'reloupe le bus comme se matin pour loup un controle de maths ou j'ai rien capt, sa serai dmg ouais..
Jade elle est dj devant les studios, j'suis pas sre qu'elle soit au courant que a commence  18h xD
Je courais derrire le bus il s'est arrter yavais les contrleurs j'ai fais genre je faisais un petit footing au calme
Je mets mon pre au courant de divers problmes."C'est Nol alors ne t'accables pas et ne te mets pas  dsesprer.",Okay Papa ! \o/
Je mets vraiment trop l'ambiance dans mon cours de thtre, mes camarades doivent m'a-do-rer !
Je prend tout mal j'suis au courant..jy peut rien sa sera comme a..
Je prends mon bus  30 et j'arrive vers 45/50 en cours
Je prfre qu'on coupe l'eau plutt que EDF fasse sa pute.
Je sais pas si jpourrais streamer encore ce soir car je dois faire un site et je risque de rentrer tard donc on vera je vous tien au courant
Je suis dans le bus il aller faire un accident ptn
Je suis toujours la dernire au courant de tout, c'est pas juste du tout
Je vais prendre le bus a 16h3O vu que ya personnes pour me rcuprer si je pars pas avec papou taleur .
Je vous l'annonce et vous etes les seuls au courant ! Mon #blog va se tourner vers le theme #maternite !!
Jeremy kimakon au PSG mais non !!!!!!! J'tais mme pas au courant dire que l'anne dernire il tai  Chteauroux encore ! #respect
Jle vois  l'arret je cours le bus redmarre  peine je toc  la porte dit non je cours derriere jle vois a un feu rouge il dit non
Journe de cours termine ,Sauf que les bus ne passent qu' 18h... Je ne serai donc chez moi qu' 19h
Jsuis sortie pr rentrer chez moi alors que je mange pas  la cantine et ni ma mre ni le clg sont au courant mdrrr #lrt
La France  contre courant de l'Histoire qui encourage l'immigration alors que d'autres ferment les frontires.
La coupure de courant qui te fait perdre ta dernire heure de boulot. NIQUE BIEN TES MORTS.
La dernire fois j'vais au grec le type il m'fait "avec frites ?" J'crois qu'il est pas au courant d'son taff...
La dernire fois y a un mec qui m'a fait "t'es au courant que t'as une super grosse dread derrire ?" jore je connais pas mes locks mdr
La meuf qui mets des talons de 15 centimtres pour rcuprer son parfum #opium en courant. Je me serais cass la figure rapidement.
La vie c'est comme la mer , on essaye de nager pour s'en sortir mais c'est toujours le courant qui nous entrane.
Le 1 en panne, obliger de faire Saint martial churchil en courant, nique sa mre !
Le bus a fait un accident ce fdp
Le bus du coup j'tais comme une conne avec ma lumire et le bus tait entrain de partir du coup y a tout le monde qui me regardait !
Le bus venant de la Patinoire est tellement en avance qu'il ralentit avant d'entrer sur la place de la gare.
Le jour o j'dcide de retourner en cours y a un problme de RER. A chaque fois c'est la mme chose ffs.
Le mec derrire moi dans le bus coute du 5sos il a tout compris
Le pire c'est que a fait tout derrire mon dos, je suis au courant de rien qu'on me balance tout en pleine gueule alors que c'est faux
Le pire c'est que je crois qu'il y a que moi, les lumires du couloir fonctionnent, y'a du courant dans l'immeuble mais pas chez moi
Le pre de Clothilde roule a limite 80mk/h on est limite a 50 je sais pas s'il est au courant
Les gens dans le RER ils sont pas au courant y en toutes les deux min ils veulent rentrer dedans comme si c'tait l'preuve d'orientation
Lever en retard, courir pour prendre son bus, finir de se preparer dans le rer, boule au ventre.. C'est se que j'appel un matin de folie
Loup lbus, oublier sa carte imaginR avec prblms d'rer et pas avoir de place assise a annonce pas la bonne matine je crois
Loup un bus, puis deux, puis se faire envoyer bouler par son pre pour finalement se faire ramener par un pote fait.(@ChloeJan56 souvenirs)
Ma mre depuis qu'elle est avec mon beau-pre je suis plus au courant de rien
Ma mre elle a eu un accident dans l'avenue du Auchan Laurie elle ma appel je suis sortir du magasin en courant sans rien dire
Ma mre elle est au courant juste pour math
Ma mre elle est tellement au courant de tout sur Charlie Winston qu'elle vient de me dire "ouh didon il a maigri lui",Mais
Ma mre elle me dit de pas aller en cours, j'y vais qd mme! J'arrive a l'arrt , le bus y jamais arriver, j'sui repartie
Ma mre est au courant de tous les potins de la fac.  Villepinte a va tre rigolo
Ma mre est au courant que je suis dans la merde aux exams elle ma rien dit mais moi pre c'est pas tout...
Ma mre m'a dit de mettre Frank au courant pour ce qui m'arrive. Vu comment il gueule, je vais peut-tre attendre un peu.
Ma mre qui croit que je dors, elle est au courant que je dois rendre un dossier demain?
Ma mre tout les matins c'est la mme "traine pas et tout" en attendant ELLE est toujours en retard et moi je suis mme en avance a mon bus
Maman qui me dit "t'es au courant que t'es la dernire de la classe quand mme" non srieux comme si je savais pas
Mddddddr ma mre elle ma dit Lina elle a eu un trs bon trimestre j'suis sur toi sa va tre catastrophique. Au moin elle est dj au courant
Mdrrr mon chauffeur de bus il a eu un accident  9h
Meme mon frere a louper son bus a Evreux. Famille de cassos, bonjour.
Mes frres sont trop insupportables putain!!!! 1) ils me rveillent avec la sonnerie de leur rveil 2) "emmne nous on a loup le bus"  7h
Mieux vaut etre sourd que d'ecouter l'info trafic du rer
Mme si j'ai largement le temps pour me prparer je prfre rester au lit jusqu' qu'il me reste 5 minutes pour courir jusqu'au bus aprs..
Mon bus il fais plus de changement don du coup j'serais plus dans le bus  Emma
Mon bus y'a frler l'accident j'ai eu la peur de ma vie
Mon frre est encore pas en cours il a encore soi disant louper son bus..
Mon frre panique ce matin qui vient me voir "Putain j'ai loup mon bus j'ai contrl de maths !!"
Mon frre trop au courant, je rentre il me sort: t parti ou dj ?!  :-P
Mon frre vient de faire tout le salon en courant habill en jogging et doudoune...
Mon pre croit que je suis au courant de la surprise de demain mais pas du tout
Mon pre est venu en courant dans ma chambre et m'a fait "bonne fte schneki" mdrrr trop chou
Mon pre il m'a pas ouvert la porte pck javais qlqchose de prvu et que jai pas pu chercher ma soeur a la gare alors quil etait au courant
Mon pre pas au courant que j'suis pas en cours ptn de sophie Germain qui a envoy un message
Mtro Ligne 1 En rpercussion d'un dgagement de fume, le trafic est ralenti de La Dfense en direction de Chateau de Vincennes.
Mtro Ligne 7 En rpercussion de la prsence d'un colis suspect, le trafic est ralenti sur l'ensemble de la ligne. Trafic norm [1/2]
Mtro Ligne 7 et Pont Neuf. Reprise prvue vers 15h15. Trafic normal sur les autres lignes de Mtro .
Mtro Ligne 7 et Pont Neuf. Reprise prvue vers 15h35. Trafic normal sur les autres lignes de Mtro .
Nique putain j'ai pas de place dans le train. Nique Montpar. Vive le RER
Normal les freres me tiennent au courant,ils se sont fait tass
Novembre 2013Pose du 1er caissonDcembre 2013,Livraison de louvrage courant OA1 #PontHKB
Oh hier on a faillit avoir un accident avec le bus a fait que la on en a deux petits Mdrrr
Ojd c'est les remises ma mere elle est mme pas un peu au courant
On a prvu un goter en sport, la prof est mme pas au courant
On est dans le rer et d'un coup 3 roumaines rentrent dans le wagon, elles nous parle et une des 3 se met a twerker xptdrrrrrrrr
On glisse vers des rgions dangereuses. Aucun des employs n'a t mis au courant alors que la direction savait depuis fvrier.
Ouah j'ai retrouv une meuf de la premire  l'arrt de bus, a file un coup de vieux !
PK JE SUIS TJRS LA DERNIRE AU COURANT??
POURQUOI JSUIS PAS AU COURANT JE RE
Par contre passer la semaine debout dans le bus a va pas tre possible, ds demain le train serait plus judicieux
Pendant que j'avais plus de courant j'me suis dit si Laura pouvait m'appeler se serait bien et 10sec plus tard elle m'appelle mdr
Pffff toujours la dernire au courant
Plus de courant=dner aux chandelles
Pour les gens qui ne serait pas au courant j'ai pas de petite soeur
Pour les personnes qui ne sont pas encore au courant, voici un tutoriel pour la nouvelle mote "rire"
Pourquoi LE bus que que tu veux prendre est celui qui a eu un accident ? Pourquoi ?
Pourquoi je suis TOUJOURS la dernire au courant de tout. Mme mon frre il savait.
Premier voyage dans les rames TER Duplex de #bretagne avec prises de courant :) la grande classe !
Premire fois de l'anne o je cours pas pour prendre le bus
Premire fois de ma vie qu'un bus a 2 minutes d'avance!!!!! Du coup je l'ai loup.. :(
Premire fois que je loupe mon bus depuis le dbut de l'anne !,Mais je me suis cass la gueule en voulant le rattraper...
Putain au bled, il suffit qu'une souris ronge quelques cbles dans un transfo pour crer une pane de courant gnrale.....
Putain j'suis encore en retard  courir derrire mon bus ! Rien que pour ca Boisemont c'est la vie, personne me voit jamais faire la gogole
Putain y'a une bentley elle a failli faire un accident avec le tram c'etaot chaauuud
Quand je travail, je met tout le monde au courant tellement c'est rare. #snapchat #snap #workingwomen
Quand jrentre chez moi tjrs j'attends,pour voir si ma chienne arrive en courant,et puis jme rappelle quelle est morte la semaine dernire..
Quand mon bus est pass, j'ai du courir, pour la premire fois en 4 semaines, ca fait bizarre dans les jambes...
Quand tu vien de finir de travailler pis que tu pogne un accident en BUS !!! -.-
Quand vous tes en bus et que vous tes en retard, ne laissez pas parraitre le moindre stress. Le bus le sent et ralentit.
RER D : axes Melun,Malesherbes ralentis RER D En cours Dernire mise  jour : 16/12/2014  18h00 . Axes...
RT @4h00: J'aime plus Isco que mon pre hein et mon pre est au courant mais ne peut rien y faire.
RT @7eContinent: Voici le teaser du film des Expditions @7eContinent ralis par @VinciSato. Le film sera dispo courant Janvier 2015.
RT @Ahlem__: Dans le tram tout l'monde se fixe et se tient prt  courir vers une place qui se libre PTDR en dirait la chaise musical ptin
RT @Anissaa_69: @SarraNayaFenty ahh mais oui mme dans le tram j'coutais que sera d'hm et tu me disais cekoisa mdrrr
RT @Antoine_Vrn27: @samkc9 tu connais le collge tu sais lendroit ou t'apprend des matires et bah ya de l'allemand tes au courant ?
RT @AssamaM: Ma mre quand elle parle au tlphone y'a tout le quartier qui est au courant  mon avis
RT @AvigaelL: @AlixiaZtn on va avec les 18-25ans demain, Ahava aussi ! a sera mieux, enfin comme tu veux, tiens moi au courant
RT @Badshwine97: et dans le rer quand mon regard est vide vers le sol et que j'ai pas de musique  couter
RT @Balt_azar_: RTsi ton daron i cour derrire le bus, ya vu y avai les controleurs i la fais genre de taper un footing mdrr
RT @Bapt_les: J'ai une bosse ce boloss de chien est arriv en courant vers moi et bim coup de tte
RT @Baptiste_99: En sortant on a couru oua on a quand mme louper le bus sa mre
RT @Bebert259: @Margot_Crp c'est bon @MaximeGamand tu seras au courant des matchs tu arrteras de nous demander tout le temps !
RT @Claire_Mrd: les gens dans le bus ou dans le train qui mettent leur sacs sur une place, vs croyez c chez vos mres ?
RT @Cleme_Faussette: @M_Prvst a marche ! :) ma mre est au courant que tu viens elle est contente de te voir ^^' tu manques mme  ma mre mdrr
RT @CulturePSG: Blanc : "S'il y avait des problmes, vous seriez au courant, croyez-moi. Vous tes au courant de tout". Le retour de la taupe, tranquille.
RT @DansMaBulleMode: Comme beaucoup de personnes me le demande , mon blog sera de retour en dcembre/janvier (je vous tiens au courant pour la date prcise ) !
RT @DepressifTwits_: "A 15ans elle est tomb enceinte par accident" C'est vrai que c'est trs courant de trbucher et de tomber les jambes cartes sur un pnis.
RT @Djazair93800: Je courais derrire le bus il s'est arrter yavais les contrleurs j'ai fais genre je faisais un petit footing au calme
RT @EnLamboEnFefe: tout  l'heure dans l'tram j'ai eu mal au coeur d'un coup et aprs fou rire mdr
RT @EnercoopPaca: Cette anne, le march des crateurs du Cours Ju  Marseille sera aliment en lectricit renouvelable avec Enercoop.
RT @F3Limousin: #Limoges : prvoyez de grosses perturbations sur le trafic des bus demain !
RT @JaxTheOne: Tete de wam... Vous tes au courant que les freestyles booskp ca refait les prises en mode tournage de clip toussa
RT @JoliementJulie: Putain j'suis encore en retard  courir derrire mon bus ! Rien que pour ca Boisemont c'est la vie, personne me voit jamais faire la gogole
RT @Juniior_K: Fally a lia mre n'a y qui tais au courant ici ?
RT @KaamCaam: @VincentGautier_ tu seras vitte au courant je pense :)
RT @KassandraKass_V: @BygChloe ah bon? Ma mre est au courant?
RT @L_Ouistiti: "@flo_sami: Ce serais bien que nos tels nous avertissent quand on souris psk on est jmd au courant mdr"Un des effets de la drogue
RT @LaJulie1212: Journe de cours termine ,Sauf que les bus ne passent qu' 18h... Je ne serai donc chez moi qu' 19h
RT @LeParisien_91: Essonne : l'A6 paralyse aprs un accident de bus
RT @LeilaBeratto: Savoir que les Nigriens qu'on voulait "rapatrier", morts ds un accident de bus, seront enterrs en Algrie, m'inspire des remarques acides.
RT @Lolita_stgh: Tu veux sentir un corps contre toi ? Une odeur ? Essayer plein de positions ? Entrer-sortir par l'avant et l'arrire ? Alors prends le bus.
RT @MaaaaliPussanci: @hawaweetney ptdddddddr tu ma ficha j'ai rigole toute seul dans le bus , ptdddddddr librez Hawa ! Bah coute c'est la vie heein plante moi
RT @MaanonMnd: Le bus du coup j'tais comme une conne avec ma lumire et le bus tait entrain de partir du coup y a tout le monde qui me regardait !
RT @MalardeJ: ma mre elle a acheter mon tel, j'ai vu, j'avais envie de le prendre et partir en courant... 1 semaine a tenir, courage  moi
RT @Margauw_Scl: J'tait entrain de manger puis d'un coup coupure de courant,quand la lumire s'est rallumer j'avais finis mon assiette..
RT @Mlle_Eyoum: @Monsieur_Faraa Votre mere est elle au courant de cette initiative Monsieur ?
RT @Morgane_Po: @mariealbou et tu verrais leurs petits freres ! Le p'tit blond qui est pass en courant c'etait le cousin des Du Boucheron et des vivier ;)
RT @NousLesFiIIes: ya un mec il courait aprs le bus, le bus ses arrter, l'mec il a vus y'avais des contrleurs il a fait genre il faisait un footing mdrrrr
RT @OMAR_E2F: #OFF RT @le_Parisien: Essonne : l'A6 paralyse aprs un accident de bus
RT @OnMaApplaudit: Le chauffeur du bus a ralenti par ce qu'une beurette traversait, je lui ai dis "azi passe c'est orange" on m'a applaudit, j'ai roul l'bus
RT @PlanchonMathieu: Heu bah j'ai une nouvelle bannire, je suis pas au courant mdr
RT @Roul_31: norme pendant Derby-Chelsea. KO de zouma, les 4 types de la civire arrivent pepere, et fabregas-Azpi viennent et les tirent en courant.
RT @RugbyTV_fr: Etcheto: "Il faut que les joueurs apprennent  s'engueuler": "Sur courant alternatif" ces dernires semaines s...
RT @Secrostar: @geoffrey_ledoux ca sera un EP, courant 2015
RT @SkyWalker_White: France 2 nous refait l'histoire de Bammou j'tais mme pas au courant c'est dingue cette histoire @eddy_fleck
RT @Stan_Turners: C'est eux que tu dois envoyer en train wsh au dbut a prend le RER maintenant a temon dans le minibus
RT @VeryBadNiCoLoCo: Y convoque ma mre vendredi OKlM j'tait pas au courant bande de pute.
RT @WaaaaySkuur: Un jour j'ai pter dans le bus le chauffeur a fais un accident
RT @Yo_Steeven: Un Segpa dans le RER drague une fille- T'vas ou?-  la dfense et toi?,-  l'attaque mddr "Mme Le train t Mort De Rire"
RT @ZikEver: Pour finir l'anne en beaut, @Amir_Officiel_ est  l'honneur sur @ZikEver ! Son 1er album en franais sortira courant 2015. (@AgenceRiseUp)
RT @_Barbenoire_: Alim il va se mettre  contre courant sur la graille (90 personnes disent aimer le Ice Tea ?... Ok.) Alim tweet : "Je prfre le Sprite"
RT @_LesCitations:  Et nous avanons ainsi, comme des barques luttant contre le courant qui ne cesse de nous ramener vers notre pass.  Francis Fitzgerald
RT @_MrSpaceman: La dernire fois j'vais au grec le type il m'fait "avec frites ?" J'crois qu'il est pas au courant d'son taff...
RT @ahmetouu: C'est la honte de courir derrire un bus qd mme ^^
RT @aliefvr: C'est depuis cette anne/l'anne dernire que je suis toujours la meuf tout derrire,  part de toutes les conversations, jamais au courant-
RT @ameliewagner96: "mais t'es sur que c'est pas ta soeur ?" bah je pense que si j'avais une soeur je serais un minimum au courant...
RT @bchydro: Vancouver : Les quipes esprent rtablir le courant dans ce secteur vers 16 h.
RT @brain_escape: La dernire fois y a un mec qui m'a fait "t'es au courant que t'as une super grosse dread derrire ?" jore je connais pas mes locks mdr
RT @chloe_lcmr1: @cmxlmoon Mathilde elle m'a fait promettre que c'est elle qui sera au courant en premire
RT @droledefrance: La France  contre courant de l'Histoire qui encourage l'immigration alors que d'autres ferment les frontires.
RT @emma_prnt: c'est cool d'tre la dernire au courant..
RT @iFan: Un pote rcolte des sous pour Mdecins Sans Frontires en courant un Marathon ! Par ici les dons :
RT @ibouux223: C est dar quand tu est dans le RER au tel avec 1e personne qui parle trop d que t'en a mare tu coupe tu dit y'avais plus rseau dsol lol
RT @le_Parisien: Essonne : l'A6 paralyse aprs un accident de bus
RT @maevabnll: la fille de la directrice elle met reunion parent prof mais sa mere a pas besoin de parent prof vu qu'elle est au courant de tt je pense ^^
RT @mydo77: Un accident de bus aurait fait des dizaines de morts au Brsil  via @lp_lapresse
RT @randyassala13: Zouma inanim au sol. Les ambulanciers apportent la civire en marchant. Cesc et Azpi viennent chercher la civire et l'amnent en courant.
RT @sSigmA_: a aurait t cool une toute dernire slection de titi en EDF mais du coup non :( norme carrire le type.
RT @soheib_zer: @LorysMchl a ait un mois personne me mets au courant
RT @thespecialoneci: Novembre 2013Pose du 1er caissonDcembre 2013,Livraison de louvrage courant OA1 #PontHKB
RT @versaniall: @Harry_Styles frre on est au courant que c'est toi qu'crit le tweet mdr
RT @yuns_49: Il me reste 1% et tjr pas de courant sa mre
Robbie Williams a sorti un album la semaine dernire et je suis pas au courant ? oO
Rsister au courant de la vie pour se protger du changement et de la souffrance vous empche d'voluer et d'avancer.
Rveil encore  7h demain a va faire mal encore. :'( J'espre juste que je vais pas louper mon bus comme ce matin -' #VDM
Sa mre le courant vient de sauter
Sa parle, parce qu'il ne savent pas, il serait au courant, sa ne parlerai pas autant ! Que des cons.
Sachez que bettina est sous black Berry depuis au moins une semaine et je suis la dernire au courant
Savoir que les Nigriens qu'on voulait "rapatrier", morts ds un accident de bus, seront enterrs en Algrie, m'inspire des remarques acides.
Si j'dis  ma mre j'ai loup mon 2me bus elle va jamais me croire mdr pr 1fois c vrai
Si ma mre apprend que j'ai louper mon bus je crois que elle m'envoie en Antarctique
Si un jour il m'arrive une merde Meme pas j'peux appeller ma mre bc elle sera pas Au courant c'est la merde un peu
Sinon ce matin j'ai loup mon bus, mon RER et mon mtro et j'ai russi  tre en avance  mon stage. Trop de puissance en moi
Sisi la team en retard qui est sortie en courant du RER
Sympa le bus qui manque d'avoir un accident
Tete de wam... Vous tes au courant que les freestyles booskp ca refait les prises en mode tournage de clip toussa
Tlachat arretez de nous prendre pour des teube si vos trucs c'tait rvolutionnaire on serait dj au courant mdr
Toujours la dernire au courant.
Tout  l'heure j'ai pris le bus et une meuf courait aprs c'tait marrant, j'ai mme pas dit au chauffeur de s'arrter. Je suis mchante.
Tout  l'heure j'coutais breaking the habit, j'avais une envie folle de chanter en mme temps mais j'tais un tout petit peu dans le RER :/
Tout a l'heure j'courai avec ma mre pr avoir le bus et la j'entend un gros bruit deriere moi, j'me retourne je voit ma mre a terre ...
Toute ma vie j'ai l'impression de courir aprs des bus ou des RER, srx c'est a ma vie ?
Trafic des bus perturb mercredi  Limoges[..]  #AlouetteRadio
Trafic des bus perturb mercredi 17 dcembre  Limoges | Alouette 92.6
Tu as quand un mme un type qui est mort cras par un camion en courant derrire sa canette de bire. #VDM
Un accident de bus aurait fait des dizaines de morts au Brsil  via @lp_lapresse
Un grand coup de chapeau  Mr Thierry HENRY pour sa carrire !!!!! #EDF #Arsenal #Legend
Un jour j'ai pter dans le bus le chauffeur a fais un accident
Une fille dans le bus "Beyonc c'est ma soeur" .. coute c'est beau de rver !
Une panne de courant dans l'usine  moitier abandonner c'est flippant sa mre
Voici le teaser du film des Expditions @7eContinent ralis par @VinciSato. Le film sera dispo courant Janvier 2015.
Voil j'suis dans un bus pr allez en cours, ma mre la vu a l'arrt ellr ma dit d'y alle
Y a des fois, je prfre carrment aller au lyce en bus plutt qu'en voiture pour tre sre de pouvoir couter toute ma playlist x)
Y a un petit il descend du bus, il loupe la marche, il tombe, il se relve, il marche, il se prend un poteau #VDM
Y convoque ma mre vendredi OKlM j'tait pas au courant bande de pute.
Ya eu comme un lger courant d'air l.
Ya qu'un chauffeur du Nord pour arrter son bus devant une baraque  frites afin de rcuprer le sandwich prpar  l'avance juste pour lui!
Zouma inanim au sol. Les ambulanciers apportent la civire en marchant. Cesc et Azpi viennent chercher la civire et l'amnent en courant.
[ ### info ### ] Pour nos dj's rec,sachez qu on s organise pour les 48h de Rec Digital Mix soyez prt a recevoir l info courant 2015
[Grve] Attention, demain des perturbations sont  prvoir sur le trafic des bus suite  une grve de la STCL.
a aurait t cool une toute dernire slection de titi en EDF mais du coup non :( norme carrire le type.
a fait 2semaine que jsuis revenue, ma mre elle est dj au courant d'ms mauvaises notes & ds cours ou j'ai ps t accept  mrci ls poukav
a fait 4 jours et mme pas j'tais au courant mon frre me dois..
a l'ancienne les snap de JH c'tait d'la frappe mtn jss au courant quand il voit une bire super.........
a valait le coup de me speeder. Mon RER est supprim.
a y est ma mre est au courant pour la clope et la...
ambiance de ouf  la maison, yen a plus d'un qui se serai barr en courant
apparemment y a eu un accident sur l'autoroute donc nos bus sont bloqus c'est un gros bordel :')
arrtez de dire algriens juska la mort pcq si on vs donne le visa wllh ke vs partirai en courant ss regarder derrire vs !!!
boss t ou connard tu rep mm pas o msg ? tu est o courant que le msg que ta mis en DM sur fb tu l'a dis auparavant?
c'est cool d'tre la dernire au courant..
ce matin on tait 7du lyce dans le bus et pers a appuy pour l'arrt du lyce, du coup on a du marcher, le bus s'est arrte 1arret aprs
ds que je touche a quelque chose j'me reois du courant dans la main, j'en ai marre d'tre...lectrique ptn!
du coup avec maeva on est descendu en courant bc en fait en plus de frauder bah j'allais  la patinoire sans que ma mre le sache
en plus demain mon bus va changer, en gros il passe plus devant chez moi du coup je vais marcher, la galre..!
en vraie sa me fait chier d aller demain a paris la bc je dois du coup aller dans le rer avec tout les gens qui vont au boulot
et dans le rer quand mon regard est vide vers le sol et que j'ai pas de musique  couter
j'ai pas de bus pour aller  mon 1er cours d'espagnol  12h donc je vais le vesqui je crois et aller pour 13h35 mdr
j'me suis taper un fou rire a l'arrt de bus bc le couple gothique
je courrait pour prendre le rer ya une dame qui cour aussi on descend les escaliers elle tombe je l'aide a ce relever #1
je suis sure que je suis la dernire au courant putain! c'est all vite dis donc..
je suis toujours la dernire au courant c'est magnifique
jeux vido, partiel, laverie, valise, train, Paris, RER, mtro
jvous signale que mon nounours on me l'a donn ds la cours tous le monde m'a reg et ds le tram un meuf m'a demander si elle pouvait-
la fille de la directrice elle met reunion parent prof mais sa mere a pas besoin de parent prof vu qu'elle est au courant de tt je pense ^^
les gens dans le bus ou dans le train qui mettent leur sacs sur une place, vs croyez c chez vos mres ?
ma mre a pass sa nuit au urgence et j'tais mme pas au courant
ma mre elle a acheter mon tel, j'ai vu, j'avais envie de le prendre et partir en courant... 1 semaine a tenir, courage  moi
mandieu, en Italie ils sont dj au courant q les + gros succs de librairie au "pays des lumires" sont deux torchons minables....HONTE
mdr aujourd'hui il fallait s'habiller classe bc repas de nol j'tais mme pas au courant
mon pre m'a laisser la voiture toute la semaine pour aller en cours comme a pas de bus benef.
norme pendant Derby-Chelsea. KO de zouma, les 4 types de la civire arrivent pepere, et fabregas-Azpi viennent et les tirent en courant.
on a retenue Dillan pour qu'elle loupe son bus,  mourir de rire mais han!!!! elle arrivait pas a se dbattre
quand je prend le mtro ou RER tu peux pas me louper
rv de chimre cette nuit , des froces chimres de 3 m de haut en libert ,courant aprs ma fille et tt le monde trouvait a normal
salut  tous, on espre pouvoir vous annoncer trs vite ( courant janvier ) le retour de VOL DE NUIT AIRPORT sur...
si mon bus a un accident c parfait pcq ma mre elle m'attend avec mon bulletin en fait
tout  l'heure dans l'tram j'ai eu mal au coeur d'un coup et aprs fou rire mdr
vu le courant elle  peut tre t emmen plus loin. Mon York tait tomb dans la rivire et il est parti trs...
