"@ZoeVdt: HICHAM TIENS MOI AU COURANT DES QUE T'AS DES NEWS!"tkt pas tu sera la premire au courant
"Ah mais cst vrai t'tais pas au courant" ah bh non mddr comme toujours, je suis la dernire  savoir les choses
#Blackout n'oubliez pas de vous armer.... Cela sera une priode propice aux cambriolages..pas de courant , pas d'alarme.
#EMABiggestFans1D -courant mon pote tait mort de rire il tait genre "OH PUTAIN AMELIE T'AS FAIT SAUTER LE LYCE !!" du coup fou rire -
#Info Je ne vais pas vous laisser sans info et ne ferai que des RT pour vous tenir au courant de l'actualit musicale ;-)
#PHP Comment rcuprer chaque ligne d'un fichier texte avec PHP
#SlowCruise ,  contre-courant dune #tendance forte  #croisires #intimistes #luxueuses
#TouchDownActu: "Les Redskins secous par leur accident de bus"
-le petit tre en mouvement.. Toi: Ash vient vite il bouge !!!*il arrive en courant et pose sa main sur ton ventre en souriant, tout fire*.
.@gavatxinho Juste que le ministre de la sant est au courant de ls fin du monopole de la secu depuis (au moins) 2004.
10min 10min habille ptit dj5min sac et cours2 min course derrire le bus,E-Z
39th Street : Accident at Saint Clair Avenue -
4th Avenue : Accident at Commerce Street -
7h-> je loupe mon bus7h30-> ma voisine m'amne,je suis toute seule dans le hall12h-> je reois un SMS,18h30-> je m'embrouille avec lui
@1Day1Pastek @JuustineCl j'espre qu'ils nous tiendront au courant nous les anciens lves.
@36_cleo frre a ouai tant que sa ^^ jetait pas au courant sur
@54Lbdr @KeenvOfficiel Srieux ?! J'tais pas au courant, j'me suis dit "Nan elle serait dj morte d'une crise cardiaque de puis longtemps"
@AdrienLdo @Margaux_davet pf. tu seras le dernier au courant de toute faon
@AdrienMarie_ Ma mre revient de Carrefour Cholet, marqu disponible sur le site dans ce magasin. Ils taient pas au courant de la promo.
@AleksRhea @khaled_cheb @JMazitelli ah non sa devais tre ton pre ces bien courant cher les grec la sodomie
@AnaHelll hahaha moi aussi j'avoue je cours plus non plus "je coure pas pour ce boulot de m...." est ma phrase favorite qd le rer/bus passe
@AntDaMuro @Sosh_fr Sosh c'est la misre ! **S'enfuit en courant**
@ArnaudBecquet ahahah non merci!Jaurai bien vu le montage inverse.,Galthi en EDF et on rcupre Landreau et sa bande.
@Axouuuuuuuuu Et puis le jour o a m'arrivera, tu seras au courant je pense x)
@BartelTeam @paulbartelperso merde j'tait pas au courant c'est pas grave j'espre Courage  lui ,Et merci !
@BenAfoum Bonjour, merci de ce signalement. Pouvez-vous transfrer  : message-frauduleux@edf.fr ? Bonne journe. Juliette  votre coute.
@Bluray_collec mais vous serez le premier au courant, promis
@CScuitti @ChloSalducci @EmoireOff En gnral le commerant pas au courant mais sa femme si, elle sait qu'elle ne l'a pas reu ! Bizarre..
@Cacoouu_C je pense pas qu'il va en faire on serait dj au courant je pense non ?
@Ceya_r ramer dans le sens du courant a toujours fait rire les crocodiles
@Cha_douls j'espres bien ! Tiens moi au courant le jour o ..
@CirculationSNCF @Commercial_SNCF @CyrilouSan @Tibouland @Lunon92 un rer ou un train de banlieue ?c'est quelle ligne j'y go !!
@ColdplayGuytoon tes la dernire au courant :////
@Conducteur_RER 2/2 les parents auraient a coups sur ports plainte aupres de la ratp
@Conducteur_RER Alors on va leur dcouper le cerveau pour trouver ce qui est mal conu :P
@Conducteur_RER On devrait les enfermer dans 3m et leur passer des vidos d'accidents de trains en boucle pendant des heures...
@Conducteur_RER Yep, du coup a bouchonne autanr qur le periph'. Il n'est pas possible de rouler mme  marche prudente sur l'autre voie ?
@Conducteur_RER oui je sais bien,Je suppose que le traffic repart
@Conducteur_RER putain ils mritent de se prendre un coups de catnaire en pleine tronche, de plus si il y avait eu un accident 1/2
@CyrilouSan @Usager_RerC dans mne train, j'ai pas de double compte :p
@DanielleRPGVF si je te rponds, c'est que tu ne me drange pas, sinon je serais reparti en courant depuis bien longtemps !
@Davidx731 Ohhh non... :( J'espre que tu auras rien !! Tu me tiens au courant quand tu sais
@ElizabethRPGTSU -serre ta main en courant derrire toi-
@FBOcom pas eu le choix sinon je loupais mon rer :( des gens bizarres aiment la pluie ;)
@FTGDavidLaine Apparemment, oui... Je vais lui envoyer un mail (j'espre q'elle me rpondra...) Je te tiendrai au courant par mp
@FlorianeCpn bh je sche, mais ma mre est au courant en fait.. c'elle qui me conduit  11:00..
@FranckFerrand comment Madame de Rambaud pouvait tre au courant de la cachette entre en pre et son enfant ?
@GhysG c'est quoi le jeu des htels ? Mdrr chaud vers quel heure ? Mais tient moi au courant je veux couter sa !
@Hanou2a_Az @HNY a sera au megarama a 20h sinon 17h a depend de la disponibilt de la pluspart nous te tiendrons au courant
@IAmMarine @5SOSUpFrance Ah d'accord bah j'ai pas t au courant pourtant je le suis.. On en refera :)
@IngloriousJojo Mais frre nous on est pas au courant de a. Genre les coups de putes et tout. C'est comme si je te passe le facebook d'un
@Isabellb_ MDRR t'es au courant que c'est bizaremment dit ? Mais ouais il t'a fait galrer quoi !
@IsisBnfx @AudeBrnt elle est dj au courant pour notre relation particulire tkt pas
@JUT___2 nan j'serais jamais rentr gros sinon j'serais rentr ds la 1ere semaine, t'faon ils auraient pas t au courant
@JohQuast mon pre tait aussi au courant j'ai pas compris au dbut, en fait les parents d'lves les ont contact apparement
@JulianeCasquet @HonuaAsso je vais regarder mais je ne suis pas sre de les avoir gardes. Je vous tiens au courant.
@JulieMarkoum @Bot_ReRe IL VEUT UN COUP DE BABOUCHE LUI ?! OU SA S'PASSE COMMENT ?
@Just_melaniep c'est pas chre et pratique !!! Et un petit filtre cascade a cote 10 le plus petit possible car il ne faut pas De courant
@KJaewook_Fa @BamBam_Fa -Aiko et Emi partent en courant vers les jeux-,Teito : Zveux zouer aussi !
@KikiMsomum @cestrosi le maire doit tre au courant pour pouvoir grer ses quipes
@L_badikho Vous rcuprez les vieux bus RATP ?
@LaLaspr @smmartiz @MDfrl mddr bien sr dj je me marie forcer alors ci j"peux pas invit mes cops oulala ma mre sera pas au courant
@La_Marocainee et ils disent que y'a une bombe dedans, comme a a retarde les tudiants qui prennent le RER et du coup ils pourront pas
@LemirAbdelkader @GroTeubay Un jour, j'ai dcouvert qu'il tait hait de tous. Toujours la dernire au courant...
@LexyFUT haha ah ouais? T'aurais d m'appeler je serais venu en COURANT ! :D
@LucilleVerh hmm ok j'espre bien sinon j'aurais voulu tre au courant
@MaarineMaa57 mais ma mre est mme pas au courant
@MaevaKls T'es au courant que vos tte sont coup sur ta bannire? MDRRRRRRRRRR
@MaiaGGRPG il ne sera pas au courant t'inquites pas ...
@Mantium_ J'ai encore du PTSD sur la duret de tes critres de slection, t'es rentre dans mon langage courant des expressions.
@Marie_onnette_ mais au moins l il sera au courant =D j'ai pas bcp de tps entre les cours (pour ne pas dire que j'en ai pas :') )
@Maxime_Matelli Azy je ferai a je te tiens au courant Mon amour
@Maxime_Scd @BaltA_lOlO Mdr ma mre est au courant boufon!
@MentionneKhalil Ta mere est au courant de sa ?
@Naska3keus mdr langages courant serais plus approprie...
@Nathxxxx Cette anne c'tait dbut mars donc je pense que ce seras les mmes horizons pour la saison 3, je te tiendrais au courant :-)
@Neleety mskmskmsk lmaooooooooooo c'est a tes critres ? :$ y'en a un dans mon RER je t'arrange le coup ;$
@NieDesrochers ben oui, la mer est rose. Vous n'tiez pas au courant?
@Nutsinette Ouais pourquoi pas ! :) Tiens moi au courant si il y as un event, je ferais mon possible pour tre prsent ;)
@OAza_09 Yes tu sera la premire au courant :)
@Oriane_Bny Oh merde !! VDM !! Bon courage pour la rcuprer avant que la scu l'explose... Tiens nous au courant Bella... Bizzz
@PBMSSMBHP58 Mon anniv dbut dcembre, donc courant dcembre j'espre !
@PLL_AHSCoven13 bah j'y suis l il se passe rien pq j'suis la dernire au courant
@PierroRP et l'autre l'aurait suivi en courant derrire !
@Pipolette92 @cestrosi Grer des loups solitaires sur-arms et des cyclistes qui empruntent la voie de tram c'est presque pareil non ?
@RER_B j'aime bien la thorie, on passe 32 trains HdP tronon central, pas de trains supprims, pas de changement de misson,.. @fratwoman
@Remi_Smon mdrrrrr on se tient au courant
@Rockstar_Mag Ah, Steam jetais pas au courant, mais jai vu que le store se mettais a jour que les mercredi, sa serai bien dans la semaine
@SFR_Arnaque allez !! Le 13 novembre ca fera prcisment 2 mois que j'attends qu'ils activent ma ligne... un cas courant ?
@SaleresM j'pense que tu devais tre une des rares personnes de cette Terre qui n'tait pas au courant xD
@Samysam_6 Plus srieusement bonne serie mec a demain :) je te tien au courant pour la grve lol,
@SebSmythe_HD quand je t'entends  tourne vers toi* Et toi de la queue d'elliott !*ris et pars en courant vers l'appart*
@SoeurdeCHRIST @Sephoo_OfGod @its_lauw il a vu les vidos il a aim il tait mme dgoter qu'on l'ai pas mi au courant il voulait venir
@TastevinPierre ma mre est la 1ere au courant elle taf la dedans
@The_Economiss c'est certain! J'espre qu'on va tre tenus au courant de l'avance des choses. Enfin voil, y sui trist...
@Une_bledarde t'facon grve des bus ou mme les pneus de ma voiture crev mon pre va me dire d'y aller en courant mdrrr
@Usager_RerC et @macinside vous tes dans le mme train ou double compte ?
@Vince_Yn mdr jte tient au courant ma mere vois deja avec des potes et irwin s'est present avant
@Weezy_Sneakers @LeMarquis1er  Bon bon vous deux lPartez vite d'ici... en courant mme, Comprendra qui pourra
@Xstoudi D'accord si tu pourrais me tenir au courant sa serais super et puis je t'aime bien en tant que modo, tu gre ;-)
@XyaLe_KBD Maintenant, elle peut rejoindre mme aprs la moiti, du coup, surprise dernire seconde sans tre au courant !
@YoanBarata j'serais la bg, tu m'tiens au courant
@_Mayam @_MacKirk C'est gnial quoi... :/ Comme quoi c'est plus courant, et si maintenant il faut mme se refrner de s'attacher...
@__Sofian haha tiens moi au courant de l'volution j'veux pas galre tout seul
@aboulouqman par contre on est au courant que les photos reprsentant une me dont interdites en islam
@adidil1 t'es pas au courant qu'il y'a plein de franais d'origine trangre au FN?et en plus c'est  toi de te faire respecter :) @92izi12
@adriensenechal serait-il possible d'y jeter un oeil ? Je cherche quelqu'un avec qui le courant passe bien pour bosser sur un scnario.
@ailespourlouest @CecileDuflot @legrandjournal vs oubli le tram-train + la desserte routire. et le % de consommation d'un avion au sol/air
@alison_fyt tu seras la premire au courant!
@altsunrya mais non ils ne sont pas ensembles, sinon on serait au courant o-
@an_laurane ouiii t'aurais l'une des premires au courant enfin !!!! ;)
@aryaveugle t'es pas ouvert d'esprit putain, t'es au courant que DLD c'est une musique pour un film ? Elle sera pas sur l'album sale con
@ashrpgasy *comprend rien  ce qu'il se passe, se relve et quitte la chambre en courant et se met a pleurer msk*
@ashrpgasy *leve les yeux vers toi, se lve vite et part en courant*
@ashura78tkt Ah, et moi qui viens de quitter Kyoto pour Tokyo. J'y reste pour 2 semaines encore. Si tu repasses, tiens moi au courant.
@assbuttx y a pas de quoi haha :p je surveille de prs, donc ds qu'on saura les dates, tu seras au courant :)
@crash__ Je vais dormir, mais tiens-moi au courant, une bonne bire me ferait bien plaisir (et je suis dispo !)
@dbaichere Les liens vers le blog et vers la tribune sont dans l'article. Tenez-nous au courant ;)
@djowgraphisme @PriinKs_81 @bachirx14 jte tiens au courant si jl'ai la fin du mois pelo sauf que la sa sera moi qui vai te baisey
@drugsxofod oui c'est rare d'habitude il s'en va en courant quand je veux lui faire un clin ou le mettre sur mon lit mais pas l
@fandactu44 @LejolyPJ @__Justine_____ @eric_jeanjean @NightlistRTL Sinon ce sera courant la semaine.
@hillRPGMA d'accord, tiens moi au courant, je passe te chercher pour manger vers 20h.
@houdetmaxime Oui premire fois ! Normalement j'y vais en courant et j'attends que a !
@hugobeck1 @MaryScaredYou J'prfre qu'elle soit au courant quand mme, j'aime pas mentir x)
@iFoune mec je t'ai dj dis pourquoi je voulais pas mais si y a un dsistement tu seras au courant
@il_y_a_maing @TiGwen4 Car soit disant en voyant la TL certains rennais partirais en courant ;) Faits non justifis ;)
@inesbnke j'ai peur ... J'espre que tes amis sont au courant que tu es une psychopathe
@jbchastand geles, le temps de traitement du dossier. Du coup, pleins de gens ne sont pas au courant -dont moi- et se retrouvent en galre.
@jeremie_fere Bonjour, merci de l'info. Les collgues de Compigne sont au courant.
@ju_mlf mdrr quand on passait en courant avec le rire de merde oh lala abus  chaque fois j'ai des fou rires avec toi
@kamuirobotics Tu as dit  Joe que j'tais amoureuse de lui ? C'est trs srieux. Ma mre est au courant, on commence dj les prparatifs.
@landers2paname ok je pense a sera bon je te tient au courant tfacon
@lapie06 @mlfjpj @lucyvonne @lpjpc @JallatLat Tiens nous au courant J'espre que a Se passera bien pour toi  BISOUS
@larousseMD Un peu quand mme ! x) Argent pas arriv sur mon compte + bus + contrles + mon pre qui viens en visite... #Youpi #Fun
@leanejudeaux @UnStoner_ De fou j'aurais pens a toi aussi olalaaa qu rire j'te jure meme en courant je le ferais!
@liliXeito Non, j'ai d repartir assez rapidement pour prendre mon rer (le dernier donc fallait pas le louper x.x) Et toi ?
@lillipucienne93 j'ai toujpurs pas de taf, mon lycee m'engueule parce quil dise que je cherche pas, jai finis plus tard les cours, mon RER
@littleCrushh omgg! Est ce que ta mre tait rveiller?! Moi je serais partit en courant!
@maureenette95 bonne nuit ma belle Pas de soucis tu seras la premire au courant
@mehiilys Tu m'as dj dit que je serais le parrain bah ok a marche tiens moi au courant
@mmsj1004 Tu seras la troisime au courant quand on le saura :3 (juste aprs l'autre admin et moi)
@montebourg il a eu sa rentre tous le monde en a parl .... Moi j'ai eu ma rentre mme ma mre tait pas au courant stp #montebourg
@na2simaa le cour est Nice ya juste bcp de matire  tudier et srx je suis vrmt pas au courant des initiation
@onpqdm @chcerutti mdr ils seraient incapables ! Ceux qui l'ont fait ont coul ou fraud ! Filloche, CGT dans les CE EDF et autres ...
@oranegd mais si, elle sera oblig de nous echang, elle est au courant des probs?
@peetagun je sais que t'es au courant mais j'laime pas arrter je m'entends bien avec lui et j'laime bien ctout
@pennygiusti t'es au courant qu' tous tes twittes tumblr jserai l pour rep et tout casser hein ahahah
@picmousse63 et moi 10heures de cours+tram et bus avec mon sac et ma housse de Twirling que je doit traner toute la journe, pas normal sa
@princessofsands j'ai jms dis que a l'tais ou qu'il tait tout a fait sincre haha a m'a juste surprise j'tais ps du tt au courant!
@ramzirules De rien, j'espre que a va fonctionner, je ne vais pas tarder  retourner en cours, tiens moi au courant ! :)
@reda @cestrosi La tentative il s'en tape, il est vex qu'on l'ait pas mis au courant!
@rerDriver @Conducteur_RER pareil, il est diffrent du couple login/mdp des sessions extranet je crois.,je cherche... #thatmission
@sadserunade en amiti ouais elle est au courant, mais que les gens la pense lesbienne avec selena (mme pour rire) jpense pas;/
@simpsonrpgcs Un accident peut arriver Brad! Au moins que tu sois au courant...
@sizunmagali @ObispoPascal quel info je ne serait pas au courant de quel que chose
@smnjc @LiberteSociale @erresse2 Mais sont ils au courant au ministre de la sant???!!!!! Mensonge d'tat.
@sylvan0s Ah comme par hasard ptn ! -' bah tu nous tiens au courant de toute manire
@t_n_a_r_o_l @durovray : qques rponses :  cause des pblmes du RERD les trains arrivent surchargs. Nous avons du mal  absorber le flux.
@themothr Crev ^^ Oui a va mais l'appart tait dans un sale tat quand je suis arriv et j'ai rat mon RER du coup pas cours ^^
@theo_deniziot mec arracher les cheveux sa fait trop mal tes pas au courant? Tu douilles sa mre! Mdddr
@tommo24_perfect omd, je serai deja partie en courant chez lui
@tylerRPG_pj mon tram a eu un accident (encore) moi je gele chacun son truc
@vlaforest ce fut un plaisir de te rencontrer hors caractres Twitter! :) Tiens-moi au courant de vos dveloppements, ce sera avec plaisir!
A 15ans elle est tomb enceinte par accident" C'est vrai que c'est trs courant de trbucher et de tomber les jambes cartes sur un pnis.
A daccord en fait c'est ma mre qui a pris MON rendez vous merci de me tenir au courant dpuis tal jatt comme une conne
A la sortie des cours ya ma prof d'histoire qui nous a deposer env voiture vers le tram
Accident #nuclaire j'ai jur de dire la vrit mais bon!,Visiblement ce n'est pas facile ! #Drone #EDF
Accident autobus STS/piton. L'homme d'une soixantaine d'anne souffrirait d'une fracture de la jambe. #rcsag #saglac
Accident de bus de merde
Accident de tram  Quetigny. viter le secteur de grand march
Accident de tram  strass, c'est chaud
Accident entre un autobus et un piton | Accident |Autobus | Sag-Lac-St-Jean |
Accident entre un autobus et un piton: Un accident entre un autobus de la STS et un piton
Accident entre un piton et un autobus de la STS @jdeq_saglac
Accident mortel ce matin  Ottawa : Une femme happe par un autobus
Accident sur la route  9h10, bus bloqus ! Voil, c'est la merde
Acheter un produit via une publicit pourrait devenir courant: Toutes les rclames n'ont pas vocation  gnre...
Apparemment la grve ralentis pas les bus demain
Arriver chez sois et avoir son petit frre qui vient voir en courant
Askip Beyonc va sortir un nouvel album.. Je prfre tre au courant que l'apprendre en amphi
Au cas ou certains ne seraient pas au courant, affiche de dingue samedi @ Le Metronum avec entre autres, les...
Aujourd'hui bj'ai galrer dans les bus jai pris 8 bus en tout frre et jai eu que 2heures de cours !
Aujourd'hui la ligne 5 elle est blind et en plus ralentie
Aujourd'hui les co es ont repris  mais je crois que vous tes au courant
Avec les filles, je suis comme une rivire, le courant passe mais ne va toujours que dans un sens.
Bc ma mre n'est pas au courant que je suis mal, que je suis en pleine dpression.. #lt
Bon bah il y a eu une coupure de courant, mon rveil s'est remis  zro, j'ai rat toute la matine
Bon j'm'en vais chercher mon chat ! J'prends le tram, j'espre juste qu'il n'y ai pas d'accident dans la caisse de transport
Bonjour Patrick je partage et aimerais bien un retour!!!! pour nos publications ,nous avons souvent reu Courant...
Bus loup sa mre c'tait oblig
C'est bien la premire fois que je loupe mon bus alors que je commence  13:00. Heureusement que le second est arriv tout de suite aprs...
C'est galre pour se tenir au courant la
C'est trop bien ma mre est venue me chercher du coup j'ai pas eu besoin de prendre le bus et demain c'est pareil
CA-185 : Accident at 151st Avenue -
Ca doit tre courant mon cas a doit pas tre la premire fois que a arrive srx.
Ca m'avais pas manqu de courir derrire le bus pour pas le louper..
Ce lever tt,prendre le bus, couter les cours, faire la queue pour manger, recouter les cours, reprendre le bus, dormir, puis recommencer
Ce matin j'ai commenc par courir derrire le bus.
Cimetire #nucleaire: le CEA, Areva et EDF estiment  une centaine de trains de dix wagons/an dchets #nucleaire . #Bure #zad
Coco il est au courant pour mon crush et j'en ai parler qu' 3 personnes j'en suis sre c'est Flavie qui en  parler a Adrien..
Conseiller de Vente Cosmtique Anglais Courant H/F #Paris #commercial #marketing #recrutement #emploi #job
Coupure de courant c'est gnial ! Plus de lumire, plus de tl, plus de wifi ! Mais j'ai encore mon tel avec 3G et 46% de batterie
Coupure de courant clair, open office rcupre presque tout. Merci la gratuit et merci la crise cardiaque. Je suis vivant. #EDFJOKES
Coupure de courant je te nique ta mre slp
Coupure de courant sa mre !
Courir pour un bus et qu'il acclre >>>> mdrrr bande de fdp
Dans l'rer j'voi des gens il rigole il cour et tout wsh c'est le matin moi jcour jtombe directe
Dans le RER yen a ils vont taffer 'd'autres rentrent de soire ya les clochard et ya moi avec ma valise qui vas  Compigne
Dans le bus, le type juste derrire moi se coupe les ongles dans le plus grand calme.  tous les coups j'vais en retrouver dans mes cheveux
Dans un bus t'as plus de chance cot fentre ou cot couloir en cas d'accident ? moi je dirais cot fentre
Demain a va pter, tout le monde est au courant l
Dernire heure j'avais un ds j'tais mme pas au courant
Descendre les escaliers en courant. S'arrter. Remonter."Qu'est c'qui t'arrive ?,Rien. J'ai eu un bug de cerveau.. Pfff.."
Dsol si le GTA du jour mets du temps  sortir, j'ai eu une coupure de courant pendant la nuit... y sera l pour 20h si tout va bien ;)
EH VOUS TES AU COURANT LE TOUT PREMIER ZOMBIE DE LA SAGA REC C'EST UNE PORTUGAISE
En fait, j'aime bien ces gamins qui entrent dans le mag', demandent si on a reu un jeu et sortent en courant pour rentrer chez eux y jouer
En plus demain je suis cens prendre le rer pour aller en cours parceque je commence a 10h !
En plus j'ai loup mon bus sa mere
Enfin non en courant je serais pas alle trs loin...
Et @FelixKail part dans 3h.. (Comment trainer dans un pub en attendant un bus nocturne) ..et aprs je serai seule et oblige de bosser :(
Et au nom de quoi il le serait? #bouffon - Attentats djous  Nice: le maire @cestrosi n'tait pas au courant
Et avec Hlne on c'est barrer en courant pour aller se changer donc on c'est cacher derrire les casiers la prof demande a Ju ou on t
Et bien sur il faut que la plus grosse commre du lyce soit au courant
Et la SEEG coupa le courant  nouveau. Je ne sais pas si je dois rire ou pleurer, en fait!
Et le chauffeur de tram qui acclre-ralenti-acclre-ralenti... Nan on parle pas
Et quand vous serai absorber par le cour moi j'irai prendre mon tram
Faut que je le dise a ma mre et a mon pre mme si mon pre est dj un peu au courant
Fermeture de Fessenheim: Royal "coutera" les propositions d'EDF,
Greve des trains plus grve des bus faut pas exagrer voyons
Gros problme de train aujourd'hui sur la ligne D mais srieusement, est-ce que rler fait apparatre un train sur les rails ?
Hello un premier clip de promo de mon nouveau set " une grand-mre un courant d'air, un qui s'gratte et ma...
Hier ma mre m'a dit "pense  ton rveil", j'y ai pens jvous jure, et ma mre est arrive en courant ce matin dans ma chambre
Huxley-Le courant de pense dit New Agese rfre frquemment  ses crits mystiques mais appliqus  la perfection!
Il est 5h25 et je suis morte de rire: Ninja comme a son habitude vient sur le lit en courant et en sautant s'est mchamment cass la gueule.
Il y aura un nouveau site, lger et facile  utiliser, disponible demain : Waza. C'est notre nouveau nom aussi. On vous tient au courant.
Il y avait une interro en anglais j'tais mme pas au courant, je pense l'avoir russi enfin j'espre #EMABiggestFans1D
Il y'a eu une coupure de courant, ma mre vient de me rveiller et je viens de royalement louper mon contrle d'espagnol
Ils me font doucement rire les grands potes de Caco qui sont mme pas au courant du genre de personnes qu'ils ctoient.
J'accumule les delits naan j'accumule les soucis le courant passe plus avec ma femme de quoi pter un fusible.
J'ai chang le code pronote pour que ma mre soit au courant de rien, auj elle me dit "j'ai vu sur pronote.." C'est quel genre de sorcire?
J'ai failli oubli mon tel du coup j'ai fais demi tour du coup j'ai failli louper mon bus et quand je courais la lanire de mon sac  casser
J'ai l'air zen dans l'RER du coup lol C'est le zbeul dans mes oreilles pourtant
J'ai loup mon bus et mon pre veux pas m'emmener, c'est top tous sa dis moi
J'ai louper le bus sa mre
J'ai louper le bus sa mre !!!
J'ai louper mon bus se matin, fin il sait pas arrter pour me prendre ...
J'ai rat Under The Dome la semaine dernire... J'tais mme pas au courant x)
J'ai repris les cours, j'avais 2 partiels, mon bus est pas venu et sinon .. Mes parents partent  Rome x)
J'aimerais trop voir un accident avec un bus voir comment sais mdr
J'espre que s'il dcide quoique ce soit il nous tiendra au courant rapidement
J'espre qui loupe pas le bus sinon bredouille
J'espre ya pas de rer demain comme a je dort j'en ai marre des cours
J'garde la foi, j'fais mes prires en pleurant, j'veux pas partir en courant, j'espre attester en mourant. #LT
J'suis dans mon bain et j'ai plus de courant sa mre la pute !
J'suis revenur en cours j'ai repris mon sac j'suis ressorti en courant j'avais peur il me frappe .
JME SOUVIENS ENCORE QUAND LE CLIP EST SORTI Y'A EU UNE COUPURE DE COURANT SO JME SUIS GROUILLE D'ALLER CHEZ MA GRAND MRE MDRR #1YearOfSOML
Je crois que si j'ai loup mon bus le premier jour je me suicide, vaux mieux parce que sinon ma mre s'en chargera pour moi !
Je dois encore me laver, aller chez mon infirmire, et j'ai un dm de maths  faire pour demain j'tais pas au courant  + de l'svt ptn
Je me lve dans 10min je pars prendre mon bus dans 35min et dans 1h30 je serai assisse sur ma chaise en cours
Je suis sur que si j'avais continuer  courir au lieu de prendre ce bus, je serais arriver avant lui  Aulnoyes !
Je vais rater mon RER ou sinon je cours
Jsuis sre que j'ai loup mon bus
La dernire fois dans Euralille Rayam il mcherchait, j'lai vu j'suis parti en courant
La flemme de courrir derrire le bus ce matin, mais du coup j'attends un quart d'heure
La victime de l'accident d'autobus sur Baseline est une jeune femme de 20 ans. On craint toujours pour sa vie. #Ottawa #otttraffic
La vie de ma mre, dans 23min j'me casse en courant
Le 303 taleur il allait faire un accident j'ai toujours su que ce bus tait bancal #J
Le RER-D on dirait mme pas un train, on dirait un lotissement de Rom's l'un aprs l'autre
Le bus se ma ligne a deja fait un accident ce matin
Le courant ne passe plus avec ma femme, y'a de quoi pter un fusible ! @FababyOfficiel #Evil #ComingSoon
Le courant passe plus avec ma femme , y'a de quoi pter un plomb
Le courant passe plus avec ma femme de quoi pter un fusible
Le courant passe plus avec ma femme de quoi pter un fusible #RT
Le courant passe plus avec ma femme de quoi pter un fusibles
Le courant passe plus avec ma femme y a de quoi pter un fusible
Le courant passe plus avec ma femme y'a de quoi pter un fusible @FababyOfficiel il est au-dessus
Le courant passe plus avec ma femme, de quoi pter un fusible.
Le courant passe plus avec ma femme. J'ai de quoi pter un fusible #TropChaud
Le courant passe plus avec mon homme de quoi pter un fusible
Le courant passe plus entre moi et ma femme de quoi pter un plomb ! PUNCH DE BATAAAAARD AHAHAHFababy Trop Nerveux mon ga ! #FreestyleFababy
Le courant passe plus, de quoi pter un fusible.
Le jour ou le courant passera plus av ma femme la j aurai de quoi pter un cable
Le prof: "On introduit la notion de filet de courant" moi: "Je prfrerais un filet de poisson quitte  faire" #PikachuEnCours
Le rer D on dirais un gamin qui seche les cours et qui spointe pas aux qai
Le tirage pour la citrouille mystre a t effectu, le gagnant sera dvoil au courant de la semaine.
Le trafic est perturb sur la ligne 5, comme a vous tes prvenus.
Le tram est chelou il s'arrete d'un coup et tout .. Moi je dis si le tram fait pas d'accident ..
Les Redskins secous par leur accident de bus
Les professions de foi pour les lections envoyes que par Internet. Pernaut n'est pas au courant que a t refus la semaine dernire.#TF1
Les profs ils parlent de nous mais en attendant l y'a un prof de franais qui corrige ses copies en deuspi dans le rer
Les profs ils sont pas au courant que la premire semaine il faut recommencer tranquillou !
Les surveillants ont appels mon pere pour l'anglais approfondi et ils ont dit que "tout le monde etait au courant" alors qu'ils ont -
Ma conseillre ple emploi elle va voir mon vernis jaune elle va partir en courant !
Ma dernire photo Instagram () je l'ai prise en courant en traversant la route alors que c'tait pas  moi.
Ma mere elle est au bout de sa vie avec les trains et les bus . Elle est debordee
Ma mre ds que je lui envoie "SOS" par message, elle monte en courant dans ma chambre mdr trop mignonne
Ma mre elle a pris un rendez-vous avec m'a PP vendredi en scrette j'tais pas au courant , je vais me faire niqu j'ai plus les mots la
Ma mre elle est arriv en courant tellement j'ai crier qd j'ai attraper une crampe mddr
Ma mre elle est pas au courant que j'suis oblig de faire un stage.. elle va me tuer ! mdrrr :(
Ma mre qui veut m'acheter une voiture pour Nol mdrr elle est au courant que j'ai 17 ans ?
Ma soeur jsuis sur qu'elle fait exprs de se mettre derrire moi dans le bus pour couter mes conversations avec Paul
Ma vido sera en ligne vers 20h30 , je vous tiens au courant #Youtube
Maintenant que Daniel est au courant j'espre que a va le rapprocher d'Emily. David par contre il a intrt a avoir prpar un truc de ouf
Maintenant tu dit une chose a une personne, le lendemain mme t'as mre est au courant !
Mais c'est mme pas l'ampoule qui marche pas c'est le courant qui beugue. Mais tant que mon pre le rpare il peut se passer un Sisme
Matin bourbier , RER bourbier , Doigt Couper Bourbier , Apelle du garage pour la ClioSport BOURBIER  .. Sinon tranquille la Life
Mdr jsuis un sketch moi des la rentre je rate le bus je rate la premire heure de cours
Mdr tu serais au courant de ce qu'elle a fait tu ne dirais pas a, donc tais toi un peu
Merde je suis toujours la dernire au courant des petits potins  faut vite qu'elle me raconte
Miskine j'ai loup mon RER
Mn pre j'lui dis "mais t au courant que j'suis pas vrmt blonde hein" il m'dit "ah bn?? Ah d'accord"
Mon bus vient d'avoir accident. Putain. C'est pas ma journe je vais avoir peur de traverser la route maintenant.
Mon frre je lui demande un clin il part en courant mais ..  deux ans il fait dj le roi
Mon pre  propos de l'accident sur la ligne D "il tait en plusieurs morceaux!" On apprcie ce moment qui ouvre l'apptit.
Mon pre cette drama queen qui me fais " je suis grave du. Encore une fois je suis le dernier au courant" blablabla c'est bon l
Mon pre est au courant pour mon iPod il ma rien dit
Mon pre est enfin au courant pour la convention et du prix qu'il doit payer ce mois ci et le mois prochain et bizarrement il la bien pris
Mon pre et au Maroc et ma mre en Turquie et du coup c mon frere qui dpose  l'arrt de bus pcq c grv loin et vu qu'il commence avant-
Mon pre et au courant en plus
Mon pre il ces fait oprer ce matin j'tais mme pas au courant..
Mon pre il rigole pas lui , j'ai l'impression d'avoir fait le tour du monde en courant une dizaine de fois en l'espace de 2h30
Mon pre me les scie  me dire tous les matins "travaille bien" TU CROIS QUE JE VAIS AU COLLGE POUR QUOI AU JUSTE ? J'SUIS AU COURANT MERCI
Mon prof de maths il a report le contrle a mardi prochain, j'crois qu'il est pas au courant que c'est feri
Monsieur le fils de putainqui prfre rater des cours que de prendre un bus avec le peuple
Msk jNsuis vexe de pas tre au courant qu'awkward avait reprit ptn
Notre compte twitter reprends du service afin de vous tenir au courant de nos dernires informations concernant nos quipes et leurs matchs!
Nous dplaons galement des quipes de Rothesay vers St. Stephen pour aider  l'effort de rtablissement de courant.
Nous prvoyons que le courant sera rtabli  la majorit de ces rgions  minuit le 3 nov: Bathurst, Bouctouche, Moncton, Shediac (1/2)
Nous prvoyons que le courant sera rtabli  la majorit de ces rgions  minuit le 4 nov.: Campbellton, Woodstock et St. Stephen
Nous sommes au courant des soucis lis  la mise  jour #PS4 2.0 : freezes et soucis de redmarrage. Nous vous tiendrons informs  ce sujet
OK si on nous coupe le courant... Se serais entre 17 et 20h. :-o
Oh les joies de l'ducation nationale. Demi-journe banalise et mme pas au courant. Je re-viens de mon dodo.
Ok dj je loupe le premire heure j'ai louper mon bus
On est passs ici au cas o vous ne seriez pas encore au courant
On vous tient au courant. @TeamSerenisCltg #RDR2014
Panne sur la ligne C accident sur la ligne D mdddr adieu
Pas cours pendant 1mois = pas de RER pendant 1mois
Pas de RER D pas de problme on va prendre le RER C qui lui a SEULEMENT un ralentissement sur sa ligne mais avant affrontons le mtro 1/2
Peu de gens sont au courant frre.. Encore un peu de temps
Pk je reois plus les notifs de 20 a 41 abo j'tait au courant y'a que quand je regarde j'en n'ai combien que jle ?
Pour n'importe quel utilisateur des lignes de RER, les trains de la ligne H sont une oasis de swag. Je suis jalouse.
Pour tre au courant des dates et lieux de concert, je vous invite  aimer la page FB des garons:  :)
Pourquoi je suis toujours la dernire au courant quand il pleut ????????????
Pourtant bien protg du #spam, j'ai reu rcemment des dizaines de messages pour "enlargir mon pnis"...,Mais comment sont-ils au courant ?
Premire fois de ma vie que je loupe le bus elle commence bien la reprise !
Premire nouvelle" mdrr j'tais mme pas au courant qu'elles c'taient organises pour venir chez moi
Ptdrrrrr j'ai une coupure de courant chez moi et ma mere elle chante "joyeux anniversaire" mais c'est pas possible
Putain c'est  peine la rentre j'commence dj  courir derrire les bus
Putain la coupure de courant dans le RER ca fait flyyyyyps
Putain le bus c'est abus y'avait plein de policier d'un seul coup ils nous ont tous contrler et tout les noird poussaient pour sortir mdrr
Putain ya un pb sur la ligne D comme d'habitude, jsuis nerv srx ils on commencer  supprimer tous les train qui vnt vers Evry mierdasss
Qd jserai ds le bus entrain d'couter ma musique jserai trop dgoter de pas tre ds mn lit genre jvais mettre de la musique trop dprimante
Quand le courant passe plus avec mes proches, y'a d'quoi pter un fusible !
Quand ma sur dis a mon frre de faire quelque chose et qu'il veut pas,elle balance un "sinon j'appelle Lucie" et le con se barre en courant
Quoi de mieux de louper son RER , de se fouler la cheville , et de louper son bus le jour de la rentre?
RT @A22hJbzTaMere: RTsi ton darron i sonne chez les voisins i di " C l pre nol" puis i se barre en courant ... C cho il a 37 ans quan mm
RT @ADecroissance: Cimetire #nucleaire: le CEA, Areva et EDF estiment  une centaine de trains de dix wagons/an dchets #nucleaire . #Bure #zad
RT @Abdoulaye_Sarr: @LexyFUT haha ah ouais? T'aurais d m'appeler je serais venu en COURANT ! :D
RT @AdasanAndrea: Le rer D on dirais un gamin qui seche les cours et qui spointe pas aux qai
RT @AhmedBenCruz: jregar un film -12 ma mre elle rentre ds ma chambre elle mfait : t srx tu regardes des trucs -12? Jcroi elle est pa o courant ke j'en ai 18
RT @Ana_ellee: @slowianka_ mdrr mcdo fermer mais c'est qui qui se pose sur la terasse? C nous sans oublier la coupure du courant qui a couper la WiFi
RT @Aquarrelle974: Rsister au courant de la vie pour se protger du changement et de la souffrance vous empche d'voluer et d'avancer.
RT @Bakkary_Argla: Et quand vous serai absorber par le cour moi j'irai prendre mon tram
RT @ChaozuDODOMPA: @VegetaJuniorDbz @DatNamekPiccoIo @MizukageKiri et a me met pas au courant? Azi faux frres
RT @ChibaniSabry: Le courant passe plus avec ma femme de quoi pter un fusible
RT @DorianSchard: @YoanBarata j'serais la bg, tu m'tiens au courant
RT @Dpapeleux: #Blackout n'oubliez pas de vous armer.... Cela sera une priode propice aux cambriolages..pas de courant , pas d'alarme.
RT @Driizzy_Jo: @Maxime_Matelli Azy je ferai a je te tiens au courant Mon amour
RT @Energie_NB: Nous prvoyons que le courant sera rtabli  la majorit de ces rgions  minuit le 3 nov: Bathurst, Bouctouche, Moncton, Shediac (1/2)
RT @Energie_NB: Nous prvoyons que le courant sera rtabli  la majorit de ces rgions  minuit le 4 nov.: Campbellton, Woodstock et St. Stephen
RT @ErwaanChoDNight: Quand le courant passe plus avec mes proches, y'a d'quoi pter un fusible !
RT @Esmeralda78210: Huxley-Le courant de pense dit New Agese rfre frquemment  ses crits mystiques mais appliqus  la perfection!
RT @Fanzie_S: Pour n'importe quel utilisateur des lignes de RER, les trains de la ligne H sont une oasis de swag. Je suis jalouse.
RT @Flavie_612: Ptdrrrrr j'ai une coupure de courant chez moi et ma mere elle chante "joyeux anniversaire" mais c'est pas possible
RT @FlorineTl_: Ma mre qui veut m'acheter une voiture pour Nol mdrr elle est au courant que j'ai 17 ans ?
RT @HajjajiYouness: @Cha_douls j'espres bien ! Tiens moi au courant le jour o ..
RT @Illouuna_: Tout a l'hr le tram a frein d'un coup et y'a au moins 10pers dont Manon qui sont tomb, moi j'ai russie a rester debout ,@manonloulou10
RT @Imagine4Guys: -le petit tre en mouvement.. Toi: Ash vient vite il bouge !!!*il arrive en courant et pose sa main sur ton ventre en souriant, tout fire*.
RT @Ines_B14: Sa me sool que vous avez repris les cours moi tous les matins j'tais tranquille dans l'bus y'avais personne
RT @Infos_RATP: Relement on fait pas grve ya juste une Grosse partouze de prvu avec les collgues mardi du coup pour les RER vous allez vous faire encul
RT @KillianJld: Maintenant tu dit une chose a une personne, le lendemain mme t'as mre est au courant !
RT @LEBIHANYann: @onpqdm @chcerutti mdr ils seraient incapables ! Ceux qui l'ont fait ont coul ou fraud ! Filloche, CGT dans les CE EDF et autres ...
RT @LaMortLaVraie: Moi quand je cours pour choper le RER et que les portes se referment juste devant moi.
RT @Lafeuil_: Et la SEEG coupa le courant  nouveau. Je ne sais pas si je dois rire ou pleurer, en fait!
RT @LaurajessbouJDQ: Accident entre un piton et un autobus de la STS @jdeq_saglac
RT @Laurine22_: @leanejudeaux @UnStoner_ De fou j'aurais pens a toi aussi olalaaa qu rire j'te jure meme en courant je le ferais!
RT @Lausrp: Les gens dans le RER bus ou autre qui n'coute pas de musique je sais pas comment ils font.
RT @LevanaEckert: Et @FelixKail part dans 3h.. (Comment trainer dans un pub en attendant un bus nocturne) ..et aprs je serai seule et oblige de bosser :(
RT @LiberteSociale: .@gavatxinho Juste que le ministre de la sant est au courant de ls fin du monopole de la secu depuis (au moins) 2004.
RT @Lrouxelin: Ma soeur jsuis sur qu'elle fait exprs de se mettre derrire moi dans le bus pour couter mes conversations avec Paul
RT @LudoGuillou: Le courant passe plus, de quoi pter un fusible.
RT @ManoushMan: j'ai demand  mon frre s'il avait commenc ses devoirs il m'a rep "tkt j'ai le temps", j'crois il est pas au courant demain c'st les cours
RT @MargotMdddds: @ju_mlf mdrr quand on passait en courant avec le rire de merde oh lala abus  chaque fois j'ai des fou rires avec toi
RT @Merimes51: Putain c'est  peine la rentre j'commence dj  courir derrire les bus
RT @Moussmax_: Le courant passe plus avec ma femme de quoi pter un fusible
RT @PlayStationFR: Nous sommes au courant des soucis lis  la mise  jour #PS4 2.0 : freezes et soucis de redmarrage. Nous vous tiendrons informs  ce sujet
RT @Princesse_224: J'suis revenur en cours j'ai repris mon sac j'suis ressorti en courant j'avais peur il me frappe .
RT @RealMadrid_FR: Carvajal s'est bless. Pas plus d'informations pour l'instant nous vous tiendrons au courant.
RT @Sassouw2: @maureenette95 bonne nuit ma belle Pas de soucis tu seras la premire au courant
RT @Sebastien_Chh: Trop de fiert pour courir derrire un bus hahaha
RT @Shvkur_: A la sortie des cours ya ma prof d'histoire qui nous a deposer env voiture vers le tram
RT @Sofiaane6z: Vous tes au courant la mere a Elvis elle se met  poil devant la mosque pour dtourner l'attention des hejj...
RT @TIEMBS: S'il avait t au courant du projet d'attentat dans sa ville @cestrosi serait intervenu avec le #GIPM ( #GrouptDIntervDeLaPoliceMunicipale)
RT @ThomasRoels: Monsieur le fils de putainqui prfre rater des cours que de prendre un bus avec le peuple
RT @Tom_Aguillon: on reprend les bonnes vieilles habitudes... la premire: louper le bus tous les matins
RT @ToutainCamille: Mdr tu serais au courant de ce qu'elle a fait tu ne dirais pas a, donc tais toi un peu
RT @WesleyMGK: Quand tu prend le RERD c'est comme si t'avais couru un marathon wsh ce train il te FATIGUE
RT @Zizir_Bylka: y a des vieilles putes dans le tram elle parlent trop fort, wallah on dirait c le train  leur mres
RT @_Myriiaam_: Mon prof de maths il a report le contrle a mardi prochain, j'crois qu'il est pas au courant que c'est feri
RT @_PaulinePtzk: #TuViensDAlsaceSi tu partais en courant quand ta mre ou ta grand mre sortait le kochlefel
RT @_lxnatique: @tommo24_perfect omd, je serai deja partie en courant chez lui
RT @_m7z_: Le RER-D on dirait mme pas un train, on dirait un lotissement de Rom's l'un aprs l'autre
RT @bfmbusiness: Fermeture de Fessenheim: Royal "coutera" les propositions d'EDF,
RT @carrieparango: Barca courant novembre ce serait tellement parfait ! Soleil+Weed=AuTop
RT @chloehazza_: JME SOUVIENS ENCORE QUAND LE CLIP EST SORTI Y'A EU UNE COUPURE DE COURANT SO JME SUIS GROUILLE D'ALLER CHEZ MA GRAND MRE MDRR #1YearOfSOML
RT @enkimy: En fait, j'aime bien ces gamins qui entrent dans le mag', demandent si on a reu un jeu et sortent en courant pour rentrer chez eux y jouer
RT @fxckmyobrien: "@ifuckjanos: UNE FILLE DE MON BUS  LOUPER LA PREMIRE MARCHE ELLE EST TOMBER MDRRRJRKRKRKRK" MDDDDRRRRRVSVDVSBSVSVSB KV S
RT @h_monny237: @Weezy_Sneakers @LeMarquis1er  Bon bon vous deux lPartez vite d'ici... en courant mme, Comprendra qui pourra
RT @hxdri: J'veux trop qu'il neige mais juste quand y'aura cours comme a pas dbus et pas d'rer :p
RT @ifuckjanos: UNE FILLE DE MON BUS  LOUPER LA PREMIRE MARCHE ELLE EST TOMBER MDRRRJRKRKRKRK
RT @insolitedugeek: #PHP Comment rcuprer chaque ligne d'un fichier texte avec PHP
RT @jade_ter: @LouiseLandais je viens en courant a avesnieres si il le faut alors
RT @jdeq_saglac: Accident entre un autobus et un piton: Un accident entre un autobus de la STS et un piton
RT @jessicafantoni: Ya juste derrire les bus que je cours et encore g la flemme :/
RT @laurentgallois: @RER_B j'aime bien la thorie, on passe 32 trains HdP tronon central, pas de trains supprims, pas de changement de misson,.. @fratwoman
RT @liwis971: Tjr les gens ils veulent faire des accidents sur la ligne du RER d bande de pd
RT @louililol: ptdr Mgane elle s'amusait  sortir de la chambre ou du couloir en courant en teignant la lumire mdr c'est drle hein
RT @mdarnet: Arrt de dire que y a cours demain, je pense qu'on est au courant pas besoin de nous le rpter 395839192 fois!
RT @michou_LG: @Vince_Yn mdr jte tient au courant ma mere vois deja avec des potes et irwin s'est present avant
RT @oster_alice: @pennygiusti t'es au courant qu' tous tes twittes tumblr jserai l pour rep et tout casser hein ahahah
RT @poirieralex: La victime de l'accident d'autobus sur Baseline est une jeune femme de 20 ans. On craint toujours pour sa vie. #Ottawa #otttraffic
RT @policedutweet: @Pipolette92 @cestrosi Grer des loups solitaires sur-arms et des cyclistes qui empruntent la voie de tram c'est presque pareil non ?
RT @reda: Donc @cestrosi est invit pour dire qu'il a pas tait mis au courant d'une tentative d'attentat. #LGJ
RT @remytremblay Accident autobus STS/piton. L'homme souffrirait d'une fracture de la jambe.
RT @remytremblay: Accident autobus STS/piton. L'homme d'une soixantaine d'anne souffrirait d'une fracture de la jambe. #rcsag #saglac
RT @smileofhoechlin: Premire nouvelle" mdrr j'tais mme pas au courant qu'elles c'taient organises pour venir chez moi
RT @tomdu36: @36_cleo frre a ouai tant que sa ^^ jetait pas au courant sur
RT @top_force: Le nombre dhlicoptres Tigre va augmenter significativement dans la Bande Sahlo-Saharienne (BSS). De 3 aujourdhui,  neuf courant 2015.
RT @unetoufdeouf: @LaLaspr @smmartiz @MDfrl mddr bien sr dj je me marie forcer alors ci j"peux pas invit mes cops oulala ma mre sera pas au courant
RT @whozniall: jsuis toujours la meuf paume, celle qui est toujours la dernire au courant
RT @youcouleles: ce matin j'suis arrive en courant vers lisa, melinda et malika genre trop heureuse #retrouvailles tro de lov
RTsi ton daron, a LasVegas il s'est cru ds le loup d'wall street il as nik toute ls conomies d'la mif 2pui t'jou de l'accordon ds l'RER
Rt"@jdeq_saglac: Un accident entre un autobus de la STS et un piton  "
Rtguizmo si ton pre il a coup le courant il a dit "VDF c'est sombre renoi"
S'il avait t au courant du projet d'attentat dans sa ville @cestrosi serait intervenu avec le #GIPM ( #GrouptDIntervDeLaPoliceMunicipale)
S'matin j'avais un daron dans le bus il avais une coupe jvoulais trop rire sa mre
Sa fait 1h que je suis la mais je serait capable de louper de bus
Salet de bus qui me fait courir alors qu'il est en avance il ralentit mme pas je suis entrain de faire une mini crise d'asthme dedans
Si mon Amoureux tait dans mon lyce j'y serais alle en courant. Comme l'anne dernire.
Si mon frre arrive  la bourre, je loupe mon bus et je vais pas en cours, un putain de rve
Sinon j'ai tu une araigne du genre que je fuis en courant et en appelant mon pre normalement. Je suis carrment fire de moi en fait.
Site actuellement en  sera remis en ligne dans le courant de la nuit.,Merci de votre comprhension
Spencer est un vrai salop. Il trompe sa copine et ses potes le savent mais il est en colre que sa copine soit au courant. #MadeInChelsea
Suuuuuuper j'ai loup mon bus  heureusement ma mre est la
Sympa  genre Adam tait pas la en anglais je savais pas pq et je viens tout juste de le savoir, tjrs la dernire au courant c'est gniale
TRES bien! je vous tiendrais au courant, pour l'instant il a dcid d'arrter l.....,
Taleur on etait en sortie et arriver a la gare sur la ligne rer D y'a quelqun qui s'est suicider du coup on a du attendre presque 1h
Temple Avenue : Accident at CA-39 Azusa Avenue -
Tjr les gens ils veulent faire des accidents sur la ligne du RER d bande de pd
Tout  l'heure j'tais vers ses potes elles taient toutes au courant, tu te fou de ma gueule un peu non ? #LT
Tout a l'hr le tram a frein d'un coup et y'a au moins 10pers dont Manon qui sont tomb, moi j'ai russie a rester debout ,@manonloulou10
Tout le cartier des gibjong vient d tre dans le nant mdrr a fait la 3 me coupure de courant mais toute les lumires,le cartier et noir
Tout le monde est au courant, t'as plus qu' faire un pas vers elle.
Toute  l'heure avec mon frre j'ai re parler du soire ou il est venu me chercher en courant sur la plage on a bien rigoler
Toute ma vie cst courir pour attraper le RER
Trains, Bus dans le Boulonnais ... la grve de demain va t-elle nous perturber ?
Trop de fiert pour courir derrire un bus hahaha
Tu la tien plus au courant sa lui fait pter un cable
Tu perdras de l'argent en courant derrire une femme mais tu ne perdras jamais une femme en courant derrire l'argent...
Tu vas courir derrire le bus dornavant moi je te le dis
UNE FILLE DE MON BUS  LOUPER LA PREMIRE MARCHE ELLE EST TOMBER MDRRRJRKRKRKRK
Un jours tu sera au courant ..
Un verre d'eau. RT @steevamv Ah le courant revient en haut l-bas etchez nous les sudistes rien ? a va,pter avant le 31 dcembre
Une femme de 28 ans perd la vie dans un accident impliquant un bus @OC_Transpo  #Ottawa, Baseline est ferm
Une petite coupure de courant et je joue au vampire avec mon frre
Vous croyez que si je loupe mon bus pour dormir ma mre va me tuer ?
Vous serez au courant vous inquitez pas mdr
Vous tes au courant la mere a Elvis elle se met  poil devant la mosque pour dtourner l'attention des hejj...
Vu sur la ligne 4 du mtro. Merci du conseil mais je prfre de loin couter ma musique et faire la gueule...
Wallah ma mre et mes tante c'est des gossip girl , si tu fais une connerie , elle sont tout au courant en mme pas 1min
Y'A UNE FILLE DE MA CLASSE ELLE EST ARRIV VERS MOI EN COURANT ELLE M'A FAIT 'CHLO TU CONNAIS EXO?!' MAIS OMG MDR
Ya juste derrire les bus que je cours et encore g la flemme :/
ah merde il est au courant.. j'espre qu'il va rien lui dire
c'est la dernire fois que tu me fais courir le matin pour le bus @BlAgathe
ce matin j'suis arrive en courant vers lisa, melinda et malika genre trop heureuse #retrouvailles tro de lov
cqui est bien dans le fait qu'il fasse noir le matin c'est que jvois les bus arriver de loin donc j'ai le temps d'acclrer sans courir
du coup on fait genre sa mre elle est sur le parking et on part en courant mdr
heureusement que ma mre est venu me chercher  mon arrt de bus, ils ont pas encore allumer les lampadaires du coup il fait tout noir
il est au courant qu'il est mon crush, mais jcrois qu'il ose pas venir vers moi, ou il s'en bat les couilles de moi
il va falloir que je cours pour avoir le rer maintenant bus de merde
j'suis pas prtes du coup c'est mon pre qui va m'emmener car le bus la, jamais je l'aurais..
j'tais dans le.bus y'avait une fille de stitelman elle tait magnifique et tout a coup elle rote wallah j'voulais troooop rire
jsuis la dernire au courant j'adore c super
jsuis toujours la meuf paume, celle qui est toujours la dernire au courant
l'courant passe plus avec ma femme de quoi pter un fusible
le courant avec ma femme ne passent plus de quoi pter un fuisible..
meri vous m avez redonn le moral , je vous tient au courant vous etes adorable gro...,
nabil labiad y sort de prison dans 19 jours mdrrr sany ctais le premier au courant cest son shab de la galre
nique t'a mre les coupures de courant
on reprend les bonnes vieilles habitudes... la premire: louper le bus tous les matins
oui, la honte :-/ (Bus de Casa),RT @quentinms: @L_badikho Vous rcuprez les vieux bus RATP ?
ptdr Mgane elle s'amusait  sortir de la chambre ou du couloir en courant en teignant la lumire mdr c'est drle hein
putain j'espre le bus il va avoir un accident et qu'on va pas pouvoir y aller  ce putain de lyce
putain je suis toujours la dernire au courant qu'il a contrle dans ma classe
qd je met des trucs  manches courtes ma mre est l "cache tes misres" t au courant que j'peux pas changer de bras non???
quand tu sors des cours  18h, qu'il fait nuit, qu'il pleut, que le RER est bien bond et ka shlingue de ouf rah putain a me fout la haine
sa mre la pute attendez j'viens juste d'tre au courant pour le nom de la convention Supernatural !!! huisdghiehjfjehfe
si a se contrlait on serait les premiers au courant
y a eu un accident sur la ligne D, au lieu d'arriver chez moi  14h30 j'suis arrive  16h30. rentre magnifique. #killa
y'a pas un matin o j'coute pas la musique dans le rer
