"Car c'est ainsi que nous allons, barques luttant contre un courant qui nous ramne sans cesse vers le pass." @FrancisScottF
"Mimie Mathy reoit la lgion d'honneur",Euh... Vous tes au courant que Josphine Delamare est un personnage de fiction?...
"jsuis sur tu l'aimes" oh gars si je l'aimais je serai au courant non?
#SPOILER Tu penses que Kane est au courant qu'il aura...  Si la rumeur est vraie je crois que ce serait juste l...
#stibT92 et #stibT97 Pas de circulation entre #Stphanie et #Janson Accident tiers Bus navettes prvus Longue dure #stib
''Et nous avanons ainsi, comme des barques luttant contre le courant qui ne cesse de nous ramener vers notre pass.''
1er Janvier le courant part ?? Qu'elle insolence a ?
2015 sera l'anne du retard pour moi. Qd tt le monde a debut le compte  rebours, j'tais aux WC, j'ai du sortir en courant #MauvaisTiming
2015 sera pour moi l'anne de la dcouverte de la Hongrie. J'y serai courant avril. La parit forint/euro fait rver... ;) #Budapest
@1040km_ super tiens moi au courant et je serais la
@ANISSASTYLE bonne et heureuse anne ma chre Anissa ses vraiment un jolie prnom que tu as ses pas courant
@AaronBusiness @patrickfournee @Deus323 Oui. Le courant judo-chrtien reprsent par un des frres de Jsus, Etienne.
@Airbus Vous me faites rire avec vos avions normes, titanesques (investis)  contre-courant de ma pense (Airbus).
@AlexdeCantabria ils ont aussi cr le fameux Picon qu'on ajoute dans la bire (trs courant en Alsace) @Goldocracke @SebMln
@AlexianeBoucher oui je suis au courant mais t'as pas compris.... bref bref tu feras gaffe il se fait tard
@AnelkaAmrthe tinquites tu seras le premier au courant
@CameronRPGSAB -Marche vite vers sa chambre, presque en courant-
@CapucineBdh du coup on te verra plus? Le retour au bus sera trop rude :p
@CatSufferMia j'en ai vu un dehors la semaine dernire et il est venu me voir et tout,Je suis partie en courant
@ChanalEurydice putain sa m'soule sa vaut 20balle essaie de le retrouver , tient moi au courant , et aussi j'ai oublier de rcuprer mes 20
@CharmineZama haha je retweet comme a tout le monde sera au courant
@ChilouJohnson @PunkyPandah. Ouais on vera. Je vous tiendrai au courant !
@Christ_Morray , t'es au courant que t'as c-per sur un compte instagramm
@ClaraDalwear: Il est pas au courant que je tue des gens  en plus de sa elle est meurtrire, je savais bien que c'tait une sorcire
@ClaraENACNL a sera ptt plutt dans la soire, j'ai un plan qui tait pas prvu, je te tiens au courant ;)
@Conducteur_RER @SmileyTrains moi je dis c bien, il faut laisser la slection naturelle faire son uvre. quipons les trains de pare buffles
@CrushOfHoran_ -j'pars en courant vers la maison
@CrushOfHoran_ je le dis a mes amies pour tre sre de pas tre folle puis je me tire en courant avec elles
@CrystalRPGUJS ALLERRRRR VERS L'INFINI ET L'HAUT DE L *fait comme Buzz avec sa main et par en courant ptdr*
@DDhedin @Perriine_V mdr c'est parce qu'on squatte les tables en hauteur de 4 personnes que j'ai dit a mais tu seras au courant videmment
@DaigreDoriane d'acc, de tout faon je te tiens au courant, j'y serais peut-tre aussi en fin de semaine.
@DoraTnks *L'entend partir en courant* *Eclate de rire* Je crois qu'on devrait faire a un peu plus souvent.
@DouceurDelphine @Mr_Douceur tient moi au courant kan tu l'auras ont se feras kelke partie si tu veux
@Doudax78711 mdrrr j'tais pas au courant mais et alors mme on veut en faire une chanson on est fire on est fire qu'ece tu veux faire
@EthanRPGWTL_ -te lche, se sentant rougir et fais un pas en arrire- Pardon.. -s'en va en courant-
@FasquelRomain mme mon pre tais au courant de tes folies amoureuses..
@FehmiSVC @RDGOriginal Et quand t'auras plus de courant tu feras comment ?
@GAINSBOURG59 @Jean_GB1 consil=ter les lunettes=deux verres de moins(blague sur les belges=je sors en courant)
@Harry_Styles Merci pour l'info, au cas o on serait pas au courant mdrr
@IIuvatar_ Non je constate, mais faut bien tre au courant. Mon rve inavouable : avoir Pupa sur mon tagre. ^^
@JamesRPGNNYY *il se dpcha d'enlever ses vtements, courant ensuite  toute vitesse vers l'eau en riant comme un gamin.*
@JasmineRuss_ MAIS C MOI LE PERE JVEUX ETRE AU COURANT MERDE -B
@Jeunespousses2 ouais puis vu tout le foin qu'ils nous en ont fait je pensais qu'on serait au courant de quand il baise quoi
@Just_LoveNiall tu seras tenue au courant sans faute.. ;-)
@JustineBcher @LsAuriane Mes parents peuvent pas m'emmener donc je peux prendre le bus, ce qui nous ferait prendre le train  14h31 pour you
@KKayRo_ Tu sais que tu parles d'accident mais tu m'as rien raconter alors je suis pas au courant
@LeaVerhaegheL bah ma mere est pas au courant donc a va encore
@Lindsayplrb Tu seras la premire au courant si un jour je dois tre amoureuse
@Lisaswonderwall ma mre etais pas au courant que j'allais au concert, j'ai sch les cours et j'ai t dans une autre ville
@Lostinthesauce_ tkt frre jte tiens au courant dma life
@LyviRPGUJS *MDRRRRRR clat de rire en courant derriere toi*
@MH_XVII Tes au courant que ta t adopt et que ton pre et travesti?
@MiCheLWeeZ mdrrr jetais meme pas au courant frere
@Miaka3301 Meerrccciiiiiiii :D Oui j'espre qu'on se reverra :) et je te tiens au courant pour la lettre ;)
@MrBorn2play @elisesxm meme en courant a 10km/h il me faudrait 20h donc je vais rentrer a soir en voiture ce sera plus rapide
@NDeduytsch ouais vasy tiens moi au courant frre
@Red_Panda0 @LeChatDeMaison Si tu te prends assez  l'avance: train. Sinon, le bus c'est plus conomique
@Rem_JmL @BoinierCamille @GilardLouis bon faut juste que loulou soit au courant mais ca va le faire
@Robinmrtn Pour moi a serait super (membre Agora) tient moi au courant
@SalomeRoudaut ah enfin tout le monde sera au courant
@SandwichSNCF on va en rver ce soir, j'te tiens au courant si par hasard elle atterri chez moi demain matin
@SecretMsi @BiandKi @ErwanCCP c'est beau comment tu gres bien le coup de "mon autre mre" elle est au courant ?
@SirNino #BOOM! El Khelafi serait sur le coup, il nous suffira juste de prendre le RER D! :D
@SmileOfMichael_ a bon je n'tait pas au courant ! Merci de l'info ouais j'espre
@Telinow mdr mes critres font un peu liste au pre nol hein je suppose que t'es au courant
@Th3Yan Nous sommes au courant merci ^^ Mais Steam viens de "modifier la date..." Bref de quoi veiller nos soupons en ce 1er Janvier :)
@TheNamekPiccoIo @GildartzMane @fried__justin merci bogoss, cst pas rmunre t'es au courant j'espre ?
@ThomasFawley * regarde partout, finit par la voir et va la rcuprer limite en courant *
@UneDispute Non mais j'pense pas ce sera toi (enfin jsp c'est  voir j'suis pas au courant de tout)
@_BlueePearl @ImYeollipop Okay d'accord ! On se tiendra au courant ici, a sera plus pratique haha
@_MuscleMuseum_ @placemuse_ bah ma mre elle est au courant de vous :') la soupe, la danse hier tout a
@_StormHD bah je serais avc lui skype donc jte tiendrai o courant
@alicemailliot on va ralentir le bus avec nos surpoids mdr
@alphosWP t'es pas au courant de l'existence de Facebook ? Faudrait peut-tre arrter d'tre tonn en 2015, vieux. (@AdrienneCharmet)
@chibisha74 Oui je te tiens au courant, le 1er c'est un peu le cobaye : lui apprendre le mnage,  balayer,  nous faire  bouffer...
@chtijug super merci ! N'hsitez pas  me tenir au courant lorsqu'elle sera en ligne
@cliffordornahh @ucansuckmydxck J'en parle a mon pre et je te tiens au courant :)
@coulmont tiens, je me demande si c'est courant d'avoir des prnoms composs ailleurs qu'en 1re position
@cremasuti wllye en coulisses ce sera blind comme dans le rer d
@cxmsfft @FleeDzSpliff est tu au courant que cet emoji ne signifie pas une prire mais deux mains qui se tapent l'une dans l'autre
@dailybenzo t'as souvent eu mal aux reins ces derniers temps? j'espre que a ira, tu me tiendra au courant hein
@dylanobrpgal -elle part en courant et appelle sa mere.-
@edsheezza t'es sre c pas toi qui es enceinte pcq c'est bizarre jsuis pas au courant
@eutite Dsole j'tais pas au courant et j'ai pas regard le tumblr non plus... Va falloir que je remdie  cela #shame
@foolishftod @hugsxthevampsod je crois que si j'tais un mec je serais au courant ://
@fvckwzain je serais peut etre interresser, je te tiens au courant trs vite
@galeRERAfr la RATP nous souhaite une bonne anne : "panne lectrique, trafic interrompu sur le RER A" le dcors pour 2015 est pos...
@goldensdrew @Gekundo tu te barre en courant . Juste merci parce que tu me fais bien rire gamin
@here_soft @MJulien_ @PlayStationFR oui toutes ^^ tiens moi au courant de ton procs contre sony ^^
@horxnzgirl J'espre aussi pour toi, tiens moi au courant! Et j'essaye d'avoir le nom si tu veux !
@jla2222 j'adhre  ce courant d'opinion de proposer  des gens dont le coeur est ailleurs d'aller le rejoindre @BreakingThor
@justine91460 fais genre t es pas au courant tu te rappel pas la premire fois ?
@ketuur_ozaan @MargauxVecchio @LoprestiLea on lui a dit un mot il a repris ses esprit il est vnu en courant
@kilamxz je reviens ce soir tu seras la premire au courant
@loulouelo_ g pas reu mdr mon iPhone est mort t pa au courant ? Il bug ce fdp
@ludoFJ Sa mre est au courant, elle a les screens du mec/insultes. Elle y va demain. Chu content.
@maldanssoncorps ma mre elle est au courant mais sa fais rien..
@mamadoudiop86 mane lenn momay dadj moy nimou melni kou niou branche si courant ni dafay niami niami rek
@mauqueen_ T'es trop nulle !  Je serai tellement heureuse que tout le monde sera au courant, donc oui tqt
@mediocria sinon bonne anne celia j'espre il t'arrivera plein de trucs bien et que tu retrouve le super bg du bus/train/jsp bisous.henri
@naressaccrpg -sort de la rue et avance vers toi, prend ton sac  main et part en courant.-
@nk_m il serait temps de crer un courant "sedevacantiste" :) son bureau lors des voeux tant Vide tant au propre qu'au figur !
@ownthishoe non ils savaient pertinemment ! Car la collgue de ma mre leur a demande s'ils taient au courant ils ont dit oui
@pokofan55 @theofficiel_1 Je te tiens au courant rapidement j'essaie de trouver des trucs sur internet ou je sais pas quoi je te redis a
@polinezip bh je sais, tu peux venir en courant, comme a tu feras du sport
@rebeccaRPGRI un peu. -embrasse ta joue et te porte en courant vers l'eau-
@stefanRPGSCS *se tourne et te bouscule en courant vers le couloir*
@taeslxt bah ouais du coup je pensais qu'il avait failli se pter la gueule comme c'est le truc le plus 'courant' sur scne xD
@taylorrpgujs bah depuis maintenant *souris fire et pars en courant*
@tizaius Aha je fonctionne pas au chantage, si j'ouvre une chane vous serez les premiers au courant ^^
@txmlinhoodx d'accord! tiens moi au courant, je pense que ce sera plutt le 31
@urbangangs ptdrrrr  sa place je serais partie en courant comme Lucas et Jules
@youpiii123002 a sa place j'aurais cabl si je serais au courant
@zelophile toutes mes excuses trs chre, je n'tais point au courant.
A SERAIT BIEN DE ME METTRE AU COURANT AUSSI ! a m'viterait de faire des gaffes.
Ah ouai j'espre aussi , toute faon je vous tiens au courant
Aprs avoir fait 10 km  8 dans une voiture et 50 min de train + RER j'suis enfin dans mon lit, sur ma vie j'suis comble l
Aprs la panne de courant, la crpire qui marche pas, le roue creve, 10 min de retard du train, l'anne commence bien
Arrives  Chtelet on voit ya pas de train pr le RER D
Arrtez avec la secrtaire Laura vu comment elle a tourne sur Twitter la mre est au courant l laisses tomber ton iPhone 6
Askip mon H sera algrien mais je sais dj c'est qui c'est sofia l'algrienne le courant passe entre nous  @soofzer
Atchelemement les moun la ka prend toute bitin au 1er degrs ou p pa MM rigoler si toute moun pa au courant
Au fait, les couples qui se galochent dans le RER, vous connaissez la notion de respect ou c'est comment ?
Bientot frere tqt jte tiens au courant quand jsuis a celles-sar
Boissy j'suis au courant de rien mon frre.
Bon... j'ai "un peu" craqu... Le frre de feu ma belle-mre tait au courant de sa mort, via un notaire. Il s'en fout et ne veut rien 1
Brahim ces le premier au courant tchay comment sa sera sal attendez dicis 6mois
Bus ou train c'est pareil oh. Ce n'est pas une excuse pour justifier ton absence  cette soire. Je suis vnre madame
C'est chaud de me dire que je me suis caille les miches 7h sous la pluie battante  Paris sans que ma mre soit au courant. #lt s
C'est la premire et la dernire personne que je mets au courant.
CHIEN PERDU  BALDERSHEIM,01/01/14 00:01 Quartier : a t vu courant vers BATTENHEIM LOUNA femelle PUCE. Pas...
Ce matin dans le Rer yavait un couple entrain de ken , j'tais KO
Ce regard qui veut dire fait ps le malin je suis au courant de ce que ta pris ds ma chambre ta 5 sec pour remettre a a a place de ma mre
Certains train du RER C on dirait ils vont se dcomposer quand ils roulent
Comme d'habitude la dernire au courant
Comme des bouffone on a dormir dans le train jusqu'au terminus du RER c
Coupure de courant sa mere g flipper
Courir  5h30 pendant 10 mins avec des chaussures de villes pour pecho le rer @Ardflow @hugoelflaco1
Courir encore et toujours vers une ligne d'arrive qui s'loigne Le flau d'une vie qui a perdu son but. Flau de ceux qui ont perdu l'amour
De jour en jour t'apprends des trucs sur toi mme, tu le savais pas avant et t'es la dernire  tre au courant (cc : @florence_fuller)
Deux morts dans l'accident d'un bus-cole -  #GoogleAlerts
Dj quand les gens ils sont vu le bus ils ont comment a courir ch'avais meme plus elle tais ou ma Couz ils mnt entraner avec eux
Du coup aprs avec Nana et Carla on va rentrer soit en tram soit j'essaie d'apl mon frre
Elle devait en parler a personne, j'suis au courant ainsi que son frre et ses parents
En fait c y a lgtps y a eu un accident sur les rails, un train a percut un bus d'enfants et ils sont morts
En plus a m'a pris d'un coup starf jvais faire un malaise dans le rer
En plus c'tait moi la premire a sortir e' courant il m'on tous suivie on arriver mme pas a courir tellement on tait KO
En plus j'ai mme pas mis au courant ma mre pour demain
En vrai j'espre que le courant va bien passer avec Ludivine.
Enplus j'suis sur j'aurais pu avoir le train mais monsieur c'st tromper de rer on s'est retrouver  Nanterre !
Et donc @Orange_conseil, cest courant de vendre aux gens des abonnements Open quand lantenne mobile a t retire de la zone avant?
Et ton pre est au courant ?  et ta mere
Et voil, dj la 1 re coupure de courant... Merdeeeeeeeeeeeeee la Snel !!!!
Fait un trajet sans fin pour arriver  une gare mme pas ouverte, qu'on a pris un rer sans savoir o aller, qu'on a loup tous nos arrts
G VOULU RAMENER LE TLPHONE A MA MRE EN COURANT ET JUI TOMB XPRDRRRERRRRRIEIE
Grce  W9, je viens d'apprendre qu'Afida Turner avait fait Un Dner Presque Parfait. POURQUOI JE N'TAIS PAS AU COURANT?
Hier avec Luwna on a piqu une pizza jsuis parti en courant avec et jsuis tomb sa mre la chauve l
Hier j'ai attendu 1h le RER les gens ils couraient comme a  la fin #LRT
Houria connat toute ma famille mme au bled, ils sont au courant de son existence, c'est ma sur d'une deuxime mre elle! L'Intestable.
Il est 7h je vais me couch alors que normalement je serai dans le bus pour aller en cours... ^^
Il est temps pour moi d'aller voir ma grand mre. Tenez moi au courant du score les amis. #COYG! #AFC
Il y a un mec de EDF qui est venu il nous a remis le courant
Inaiss la dernire fois quand j'avais plus de courant qui m'a dit descend mdrrrrrrrrr
J'ai appel ma mre elle ma dit que s'il neige quand y'a cours je prends le bus, mdddddr elle craqu
J'ai appris que mon frre avait un blog par mon copain, je suis au courant de rien
J'ai le bus a 13:37 pour prendre le train a 14h25 a Sierre , mon pre va venir me chercher la bas
J'ai mis les 5SOS dans la voiture...,Mon pre va sortir en courant de la voiture quand on sera arrivs
J'ai pas eu de mail pour me dire que les gens avaient rep au rp de Noel. C'EST A MON TOUR DEPUIS MARDI ET J'ETAIS PAS AU COURANT
J'ai quand mme pris le RER  3h du mat accompagne d'un gars qui rentrait chez lui pour aller bosser ses cours
J'ai reu mon Catchisme \o/,Je vous tiendrai au courant au fil de ma lecture #Cat
J'ai sommeille joukaaaaaa et maintenant on n"a coup le courant.krkrkr meum le 1er jour de l'anne???
J'ai vu personne qui est pas dans une fanbase Le mec il a crer le hashtag et il s'est barr en courant  #StopAuxSecteBeliberDirectioner
J'cours pas derrire un bus, cst pas derrire toi que j'v courir .
J'en apprend des bonnes sur moi quand mme. Mais je comprends pas, pourquoi je ne suis pas la premire au courant si a me concerne?
J'espre qu'il n'y aura pas de coupure de courant!
J'etais a cot de ma mere elle m'a renifl et a dit ''tu sens le bebe'' et elle voulait me faire un calin,Jsuis partie en courant
J'suis sure j'vais arriver en Franais yaura eu un livre a lire et je serais mme pas au courant tu vas voir  #LundiCestLaFinDesVacances
J'suis une vrai commre putain faut toujours que je sois au courant de tout
J'tais chez ma tante entrain de regarder un film, j'ai reu un sms de mon pre "grec dans 10 minutes" jsuis parti en courant :'(
J'tais mme pas au courant que #broadchurch tait re diffus sur #France4! !
J'tais une des rare sobre dans la soire du rveillon c'est pas courant !
J'tait mme pas au courant, elle voulais pas m'inquiter mais j'aime pas sa..
J'vais chez ma mere j'tais pas au courant
J'vais partir  10h et demi pour tre sre de pas louper le bus mdrr
Je crois mme mon frre il est pas au courant
Je dormais, et le pre de Elise il a arriver en courant dans ma chambre, tirer la couette et il m'a balancer le lapin sur moi..
Je me brossais les dents et mon pre il m'a arroser avec l'eau du robinet et s'est barrer en courant, gros gamin mdrrr
Je me pose des questions sur le disjoncteur impossible que ce soit des rat ou souris . Le plus plosible serai le courant d'air (@GussDx
Je ne sais mme pas si je dois rpondre puisque j'ai toujours l'impression que tout sera redis et que le monde sera au courant.
Je sais mme pas c'est a quelle heure qu'on est partit chercher du sky en courant bordel avec son beau frre
Je suis fire de moi j'ai pas bus du coup ma mre ma dit tu peux sortir mon jte fais confiance
Je tiendrai la twittosphre au courant de l'avance du truc
Je vous tiendrai au courant du lieu et du droulement de la soire vers 19h45.
Jlai di a ma mere elle est dja au courant
Le cameroun pathtique l'on coupe le courant un 1 er janvier
Le courant est revenu juste  temps pour que j'coute radio 1re et le stlouisien plus sol que son dalon.
Le gars qui tient le petit magasin en bas de chez moi il doit vivre dedans sinon il serait au courant qu'un paquet de chips vaut pas 5
Le mini-site sur l'Anne des NChans sera mis  jour courant Janvier !
Le train+RER le matin c'est pas le must
Les filles qui veulent vivre dans les annes 50 a me fait rire, vous tes au courant du sexisme qu'il y avait  l'poque ?
Les meufs qui twerk, j'espre vous tes au courant que vous tes des putes
Les personnes n'ont toujours pas compris que mme si ils me disent de le dire  personne Morgane sera toujours au courant
Les pubs o ils disent :lu meilleur produit de l'anne 2015 Ils sont au courant qu'on est le 1er janv ou pas ??
Ma meilleure amie la premire au courant , et elle est contente en plus.. Que demande le peuple j'ai envie de dire
Ma mre est au courant que je fume
Ma mre et le courant, une grande histoire d'amour
Mais genre je serais vraiment pas au courant ce serais drle
Mdr c'est abuser y'avais un gars il jouer a la play , y'a le courant qui saute 5 min , quand la lumire est revenue , plus de play
Mdr hier jrecois un mail  2h du matin de la part du Crous : "La somme de 800 vous sera verse courant janvier" L'anne commence trs bien
Mdr ma mre me demande si je vais dormir, elle est pas au courant que cet aprem je pars pour la soire de ce soir
Mdrrrrr j'ai fte le nouvel an avec le petit frre de mon ex  je n'tais mes pas au courant qu'il venait
Mes frres ils disaient " les deux" parce ils pensaient qu'il aller avoir des cadeaux blablabla moi jdisais aucun et je partais en courant:/
Mes parents me disent "on est au courant pour l'alcool" ouai ouai pour la bire et le champagne oui
Miskine Jimmy veut que j'aille l'aider  ranger chez lui, il est pas au courant que les meilleurs potes sont ceux qui tlaissent galrer ahah
Mme le 1er jour de l'anne,#Eneo se permet de couper le courant..vraiment du je suis :-(
Mon frre"Moi aussi j'ai fait nuit blanche et j'assume hein" coute, ta bus 3 panach toi alors je pense que c'est pas trop comparable
Mon petit frre de 2ans il a vu un cafard il a cri "BARATAAAAAAA" en courant dans toute la maison c'tait dlire
Nager  contre-courant. Tu perdras beaucoup d'amis. Qui au final n'en sont pas vraiment. Mais tu seras toi mme. Et a, a n'a pas de prix.
Nous sommes galement sur Facebook, likez notre page pour tre au courant de toutes les dernires actu ->  #UrbanCult
OH SA MERE JAI VU UN CANCRELAS DE 10 CM JAI HURLE SA MERE JAI TOUT LACHE ET JSS PARTIE EN COURANT
PTDR YA EU UNE PANNE DE COURANT ET MON FRRE TAIT ENTRAIN DE SE DOUCHER IL A CRI COMME UNE TAFIOLE PTDRRRR
Par contre il est 6h et je suis pas du tout fatigue l je pourrai aller prendre mon bus et enchaner une journe de cours
Pis guys, si vs avez ft un peu trop: le bus, le taxi, nez rouge... Commencez don l'anne sur une drle d'anecdote plutot qu'un accident.
Pour ceux qui ne serait pas encore au courant Picketty a refus la rosette ! #BreakingNews
Pq je loupe le bus un 1er janvier sachant que y en a un toutes les heures ptn ??????????
Ptdrrrrrr mon pre qui n'est jamais au courant de rien
Ptn a beauregard chaque fois y'a 1 coupure de courant tu peux tre sre qu'yen aura 3 a suivre
Puisque le monde ne sera sauv que par les courageux ayant pris l'option de naviguer  contre-courant, il convient donc de briser l'omerta
Pure mais a la place d'Estelle je serai parti en courant de la scne.... #NouvelleStar
Putain je suis dans le RER et entendre l'arrt qui te fait pense au cours a mre
Putain quand un chinois ce bat contre quelqu'un si y'a fais du Kung-fu vrai part en courant pcq il peut te tuer mme avec une ptite cuillre
Quand @Letii_x me voit dans le RER elle se met a courir ...... loin de moi
Quand c'est elle je dis jamais rien, quand c'est moi tout le monde est au courant et va me soler. C'est mort a va peter
Quand est-ce que quelqu'un demande aux chauffeurs de bus d'arrter d'couter de la merde ?
Quand mes lments racontent leurs expriences vcues dans le GOUL(bus), je suis l  les couter et rire des situations drap
RE JE SUIS LA, DSOL DU RETARD J'AVAIS UNE PETITE COUPURE DE COURANT
RER A Prvoir 20  40 minutes supplmentaires de trajet, dans les deux sens. Fin des ralentissements estime  15h30. Motif [1/3]
RT @99spaces: @mediocria sinon bonne anne celia j'espre il t'arrivera plein de trucs bien et que tu retrouve le super bg du bus/train/jsp bisous.henri
RT @ActuSurIndila: #info Les dates de concerts pour voir @Indila seront normalement mise en vente courant 1er trimestre 2015.
RT @AgatheMich_: @SalomeRoudaut ah enfin tout le monde sera au courant
RT @AidaCzap: De jour en jour t'apprends des trucs sur toi mme, tu le savais pas avant et t'es la dernire  tre au courant (cc : @florence_fuller)
RT @Alex23F: 2015 sera l'anne du retard pour moi. Qd tt le monde a debut le compte  rebours, j'tais aux WC, j'ai du sortir en courant #MauvaisTiming
RT @AlexAumkara: #Politique #Paris #FeuChemine Srieux? Ils sont au courant #levage btail 1re cause #pollutionS !!! Soyez vgtalien, et faites des feux
RT @Alexaantonio243: Non le mot " Fils de pute " c'est devenue trop courant faut s'arrter. Il est o le respect pour les mres svp ? #Grandissez
RT @AxL_Robin: Juste 1 truc moi. Que les1D annoncent une tourne de fou et qu'ils meurt dans un accident de bus. Voil :))))) #20ThingsIWantFor2015
RT @Axelleafnso: Ya un pote renoi il avait pas vu mon chat noir, quand il l'a vu il a cri " Wsh ya une panthre " il s'est barr en courant
RT @Barbie_Turiques: "Mimie Mathy reoit la lgion d'honneur",Euh... Vous tes au courant que Josphine Delamare est un personnage de fiction?...
RT @Beubeu_Ryre: Des frissons en revoyant les images de l'EDF a la coupe du monde  #zapping2014
RT @CIaudeFrancois: RE JE SUIS LA, DSOL DU RETARD J'AVAIS UNE PETITE COUPURE DE COURANT
RT @CamilleDqny: @polinezip bh je sais, tu peux venir en courant, comme a tu feras du sport
RT @CeliaJehannin: Elle devait en parler a personne, j'suis au courant ainsi que son frre et ses parents
RT @CrushOfHoran_: - arrire de votre voiture! Nous devrions appeler la police. . La femme apeure part en courant vers sa voiture et file  toute vitesse. -
RT @DavyCrenshaw: Bientot frere tqt jte tiens au courant quand jsuis a celles-sar
RT @DylanMalainho: Mdr c'est abuser y'avais un gars il jouer a la play , y'a le courant qui saute 5 min , quand la lumire est revenue , plus de play
RT @Emma_Roere: Hamdi c'est trop un vicieux il est tjrs au courant de tt avant tt le monde faon sachez le
RT @FallerEnguerran: @justine91460 fais genre t es pas au courant tu te rappel pas la premire fois ?
RT @Fourtagow: @ketuur_ozaan @MargauxVecchio @LoprestiLea on lui a dit un mot il a repris ses esprit il est vnu en courant
RT @Francois_Cloclo: RE JE SUIS LA, DSOL DU RETARD J'AVAIS UNE PETITE COUPURE DE COURANT
RT @GlardonLau: Ma mre elle est toujours pas au courant, elle va pleurer c'est sur
RT @HannaBkh_: Inaiss la dernire fois quand j'avais plus de courant qui m'a dit descend mdrrrrrrrrr
RT @Hitchwan: @ClaraDalwear: Il est pas au courant que je tue des gens  en plus de sa elle est meurtrire, je savais bien que c'tait une sorcire
RT @JuliettePech1: J'ai vu personne qui est pas dans une fanbase Le mec il a crer le hashtag et il s'est barr en courant  #StopAuxSecteBeliberDirectioner
RT @Justinachevee: @horxnzgirl J'espre aussi pour toi, tiens moi au courant! Et j'essaye d'avoir le nom si tu veux !
RT @LeCompteSportif: "A 15ans elle est tomb enceinte par accident" C'est vrai que c'est trs courant de trbucher et de tomber les jambes cartes sur un pnis.
RT @Loane_Rih: @urbangangs ptdrrrr  sa place je serais partie en courant comme Lucas et Jules
RT @Lou97223: #ChezLesAntillais si tu racontes une histoire  qqun tu peut tre sur que mme l'oncle du mari du frre de ta grande tante sera au courant.
RT @LoubnaMansour: je ne cours pas derrire un bus, donc ne t'attend pas a ce que je cours derrire toi
RT @Mams39140: Ce regard qui veut dire fait ps le malin je suis au courant de ce que ta pris ds ma chambre ta 5 sec pour remettre a a a place de ma mre
RT @MargotColin14: Il y a un mec de EDF qui est venu il nous a remis le courant
RT @MariieTHatDay: C'est chaud de me dire que je me suis caille les miches 7h sous la pluie battante  Paris sans que ma mre soit au courant. #lt s
RT @Matt_Nova: Train bloqu personnes sur les voies PATATE MANMAN SA !!! Je passes pas mon nouvel an dans le RER surtout pas dans le B
RT @Minist_Travail: Dans moins dune semaine, la nouvelle #formpro sera mise en place, tes vous au courant des principaux changements ?...
RT @MllePrize: 1er Janvier le courant part ?? Qu'elle insolence a ?
RT @MuanaYaYawhe: Ma petite soeur je vais la tabasse en 2015 le respect par tu rentres dans ma chambre allum la lumire cri yaya et par en courant niama
RT @NinaSalust: c'est quand mme dingue d'arriver  cacher un truc aussi norme, sans que la premire concerne soit au courant surtout
RT @Ninuccia17: T'es au courant que j'ai un grand frre ? @manguamc
RT @OftenDream: @mauqueen_ T'es trop nulle !  Je serai tellement heureuse que tout le monde sera au courant, donc oui tqt
RT @Per_Louise: @ThomvsChx: Sinon on en parle des gens qui faisait les bourrs mais qui n'ont bus qu'une coupe de champagne ? Mdrrr de ouf
RT @RideauAudrey: Vous tes au courant que Beber a voulu faire les 12 coups de midi ? Imaginez la raction du public devant son rire
RT @Romane_Blg: @gadelmaleh a doit vraiment tre le seul qui te fait rire en parlant d'une asperge ou mme en courant ! Spectacle gnial  #SansTambour
RT @SanghrenL: Mdr hier jrecois un mail  2h du matin de la part du Crous : "La somme de 800 vous sera verse courant janvier" L'anne commence trs bien
RT @SmokeUnlimited: J'suis sure j'vais arriver en Franais yaura eu un livre a lire et je serais mme pas au courant tu vas voir  #LundiCestLaFinDesVacances
RT @Sotilas4real: "@FootballMaroc: Hachim Mastour lespoir marocain .. " Il s'en FOU du Maroc en cas o tu ne serai pas au courant
RT @South_bulding: vos mres sont au courant quand vous prenez leur perruque pour faire des vines juste pour faire rire des blancs du 27 ?
RT @Suce_mon_kiwi: @goldensdrew @Gekundo tu te barre en courant . Juste merci parce que tu me fais bien rire gamin
RT @ThFerrier: @AaronBusiness @patrickfournee @Deus323 Oui. Le courant judo-chrtien reprsent par un des frres de Jsus, Etienne.
RT @ThaYoungsterz: Nous sommes galement sur Facebook, likez notre page pour tre au courant de toutes les dernires actu ->  #UrbanCult
RT @The100FR_: #SPOILER Tu penses que Kane est au courant qu'il aura...  Si la rumeur est vraie je crois que ce serait juste l...
RT @TheoGaucho9: C'est quoi cette histoire comme quoi faut pas parler du Pere Noel qui existe pas sur twitter parce que les STMG sont pas au courant
RT @ThibautYengue: Mme le 1er jour de l'anne,#Eneo se permet de couper le courant..vraiment du je suis :-(
RT @WorldDepressive: @maldanssoncorps ma mre elle est au courant mais sa fais rien..
RT @YaniceBlk: Coupure de courant sa mere g flipper
RT @YasmineOujdia: Vos grosses mres elles sont au courant que vous avez fini  l'htel hier ?
RT @cvh_alex: "jsuis sur tu l'aimes" oh gars si je l'aimais je serai au courant non?
RT @emmanuelvignard: @galeRERAfr la RATP nous souhaite une bonne anne : "panne lectrique, trafic interrompu sur le RER A" le dcors pour 2015 est pos...
RT @gillesverdez: J'enquete sur le RER D la et je soupconne l'arnaque: pretendre que des trains sont supprimes alors qu'ils n'ont jamais ete prevus
RT @go_yvan: @GAINSBOURG59 @Jean_GB1 consil=ter les lunettes=deux verres de moins(blague sur les belges=je sors en courant)
RT @gossipRPGCS: Je vous tiendrai au courant du lieu et du droulement de la soire vers 19h45.
RT @hugxfmichael: PTDR YA EU UNE PANNE DE COURANT ET MON FRRE TAIT ENTRAIN DE SE DOUCHER IL A CRI COMME UNE TAFIOLE PTDRRRR
RT @iamelenaangoula: @_Fezuus @_Fezuus ah !! D' accord , c ' est le prnom que tn pre t'as donn ... j ' etais pas au courant #ONVAGERER #LOOL
RT @its_lylo: Fait un trajet sans fin pour arriver  une gare mme pas ouverte, qu'on a pris un rer sans savoir o aller, qu'on a loup tous nos arrts
RT @itskyuxian: J'ai pas eu de mail pour me dire que les gens avaient rep au rp de Noel. C'EST A MON TOUR DEPUIS MARDI ET J'ETAIS PAS AU COURANT
RT @landrelenaick: Askip mon H sera algrien mais je sais dj c'est qui c'est sofia l'algrienne le courant passe entre nous  @soofzer
RT @lillopeee: Wsh y'a un mec qui s'coupe les ongles dans le RER je vais l'enculer
RT @lisaaizii: @youpiii123002 a sa place j'aurais cabl si je serais au courant
RT @marieph55: @pokofan55 @theofficiel_1 Je te tiens au courant rapidement j'essaie de trouver des trucs sur internet ou je sais pas quoi je te redis a
RT @openiall: @CrushOfHoran_ IL EST FOU LUI j'serais sortie en courant
RT @poupard_mlanie: Je dormais, et le pre de Elise il a arriver en courant dans ma chambre, tirer la couette et il m'a balancer le lapin sur moi..
RT @preservatif: Qui connait le dernier ex de #LadyGaga ? #justinbieber serait-il au courant ? Et #KatyPerry elle le sait ? Nous non !
RT @renoantoine: Hier avec Luwna on a piqu une pizza jsuis parti en courant avec et jsuis tomb sa mre la chauve l
RT @rvfavre: Pour ceux qui ne serait pas encore au courant Picketty a refus la rosette ! #BreakingNews
RT @toniolitaliano: Courir  5h30 pendant 10 mins avec des chaussures de villes pour pecho le rer @Ardflow @hugoelflaco1
RT @victoria_Gts: Si le trafic est interrompu sur le RER A encore je penses je pourrais mme pas voir Nana
RT @wesh_morel: Les meufs qui twerk, j'espre vous tes au courant que vous tes des putes
RT @yannisbzm: Brahim ces le premier au courant tchay comment sa sera sal attendez dicis 6mois
Sa fait rire les putes qui assumer pas quand elles sont cram, nie pas on est dj au courant de tous
Si il tait arriv quelque chose  Matt on serai dj au courant, rflchissez juste 2min svp. Merci
Si le trafic est interrompu sur le RER A encore je penses je pourrais mme pas voir Nana
T'es au courant que j'ai un grand frre ? @manguamc
Thaleur dans le Rer, ya un couple qui se disputer.,En resumer le gars est partie a une soiree avec ses potes et il l'a trompe mais pour lui
Tlr avec les meuf on rentre ds une boulangerie , commande pleins de truuuuuc et quand fallait pay on sort en courant on tait MORTE DE RIRE
Tout c'que mon pre me reproche me donne envie de partir en courant et me cacher pour pleurer comme un enfant
Un jour j'tait a la plage y'aun gars il est venu il a dit ta un numro et y'a ma mre elle est arriv en courant elle a dit dgage jetMDR
Une Duff j'espre ! Moe sert moi une Duff ! @YasuPantsu: Mes parents me disent "on est au courant pour l'alcool" ouai ouai pour la bire ...
Vos grosses mres elles sont au courant que vous avez fini  l'htel hier ?
Wsh sa fait une heure que je joue sans sauvegarde et la Ya quoi ? Coupure de courant ta mre la pute
Ya un pote renoi il avait pas vu mon chat noir, quand il l'a vu il a cri " Wsh ya une panthre " il s'est barr en courant
a me tue de ne pas pouvoir suivre Rafa cette anne, je serai au courant de ses rsultats mais sans voir ses matchs
c'est MOI le problme, sinon ils seraient dj au courant depuis un moment hein.
c'est quand mme dingue d'arriver  cacher un truc aussi norme, sans que la premire concerne soit au courant surtout
comme D'habitude je descend les escaliers en courant, j'avais juste oubli que y'avait un virage vers la fin
eh ben, 2015 commence bien, j'veux enregistrer la montagne sacre, je perds la premire heure  cause de la panne de courant, je veux
et puis y'a moi qui est au courant de tout  la dernire minute
hailey si elle couche avec justin j'espre pr elle, qu'elle est au courant que dans 2mois elle deviendra une side hoe
j'ai 40min de rer pour lire mon livre de franais 3H de train pour faire tout mon boulot
j'dis a comme si j'tais la seule pas au courant ptdrrrr jsuis sre vous le saviez pas non plus
je cours je cours et au Terminus du tram Bellevue je vois Hakim le grand frre a Tijosh et son pote
je ne cours pas derrire un bus, donc ne t'attend pas a ce que je cours derrire toi
je pense faire un live samedi vers 18h; je vous tiens au courant
je sais pas pourquoi mais je sens que ma mre va me dire qu'elle veut pas me dposer si je loupe le bus
jviens de me rappeler qu'on a quand mme russis a faire pter le courant cette nuit avec la musique etc
les 2h que j'aurai passe a prevoir les itineraires de train rer pour jerome me serviront peut etre a quelque chose .. #OldMagconComeToFrance
ma mre a vu une photo de zayn sur pinterest elle est venu en courant pour me l'a montrer
ma mre elle me sort "j'espre ta rsolution c de moins ns faire chier" l'irrespect chez moi c courant
mais bon moi a me fait rire vue que j'suis au courant de tout alala
mais mets ta mre au courant !! Elle serait ravie d'apprendre que sa fille  trouver ...  en quoi c votre probleme
personne n'est au courant pour mon pre  part deux personnes de mon collge et ma meilleure amie
pq personne vient me rveiller????????? d'habitude mon pre monte en courant pour nous rveiller mdr
rafic normal sur les autreslignes de RER. [3/3]
rmain-en-Laye. Reprise estime vers 13h10. Trafic normal sur les autres lignes de RER. [2/2]
se estime vers 13h10. Trafic normal sur les autres lignes de RER. [2/2]
si vous saviez vous seriez au courant
t'es au courant que tu casses les couilles avec tes story j'espre
ux inopins. Trafic normal sur les autres lignes de RER. Des transports gratuits la nuit du 31 dcembre [3/3]
ux inopins. Trafic normal sur les autres lignes de RER. [3/3]
vive #2015 et ma premire paire de #mizuno #waveultima. De vrais chaussons ? Je vs tiens au courant #running
