"Doudou" et "chouchou" c prime depuis 2011 frre jcrois faut les mettre o courant
"Merde faut que je me coupe les ongles !" Bon, je le ferais dans le bus. #dgolassss
"Oh, tu portes du mauve, toi" (dsapprobation) = le rose, a fait pd. Ma grand-mre n'est pas au courant pour la #JourneeContreHomophobie
#BFMTV Hollande n'est pas encore au courant qu'il ne sera pas au 2 eme tour des prsidentielles de 2017 ! Alors Sapin ? Dites lui!!!
#ENEO  repris son courant lectrique alternatif
#NoControlDay je crois je vais faire une nuit blanche, comme a je serais au courant de tout, il me faut juste de la bouffe
#RTsi ta ton septum depuis 2012 mais ta mre est pas au courant
#Razzano remporte son 1er tour 6/2 5/5 (Ab). face  Mona #Barthel ! Nous ne savons pas encore ce qu'elle a mais nous vous tenons au courant
#SocieteGenerale ce gouvernement au courant #Hollande @chcerutti @shishi_nina on prfre la tte de Kerviel
-c'est toi qui l'est pas le temps que tu arrives  la gare avec le rer et le temps du train c'est serr et ils te font pays wesh
@0ceaneH jsuis au courant aussi frro on est dans la mme galre mdr
@3pmjacob que ma mre me couvre et que mon pre ne sera pas au courant ptdr
@Aiden_RPGN Joeux me dfendre toute seule et...*pense a la raction de Derek* oh quand il sera au courant...*mord sa levre*
@AlexBleuez on part vers 19h, on y va en courant on boit un coca et on revient en tram ptdrrr
@AlexLMR_Ier je parle pas de l'EDF mdr bien sur que l'EDF a t meilleure que l'Italie du coup logiquement Pogba aussi
@Anne13Antoine et le bus il aura un accident
@ArlyFashion ahh quand a sera le cas Jsper tre le premier au courant
@Arohk_Spirit bien recu par mp je te tiens au courant des que mon frre me l'aura passer  @GhOst_Ril3y
@AshtonRPGSMI courant vers toi- ASHTON ! Ca va ?
@Aureelie__ Tu pe me dire ki c ki  ter lu stp j'ai pas pu suivre!!!!  Vu ke toi je c ke t  courant de tout lol
@BTCoachConseil Evidemment, mais combien de pers sont au courant de cette pratique ? il faut savoir se "vendre" :-(( triste poque !!
@BalthyPeluche Ah ? t'es pas au courant ? faut payer pour transfrer certaines chanes je crois
@BarLe42 Tenez-moi au courant je passerais vous voir ds l'ouverture  on se fera des soires
@BgrLou mais Ouais c'est chaud ils on eu 3 accident mdrr et aussi quand il aimait pas les lves il les faisait pas monter dans sn bus ptdr
@BigGirlWant59 je comprend.. Mais ta mre elle est au courant de ce qu'elles disent sur toi?
@BixeLizarazu @LeClubLiza Il va me falloir un trafic RER perturb pour couter tout a
@Camelskians prends ta guitare on part faire une tourne internationale, oublie pas ta navigo on va prendre le RER du coup
@Capsule_Gold quel est le sport prfre des lectriciens ? Les course poursuite car il y a beaucoup de gens courant #JeSort
@CassandraCbc Ah d'accord, j'espre pour toi que a va aller, tiens moi au courant !
@Cassandra_Clv Ow..J'espre qu'il lui es rien arriv de grave ! Tu me tiens au courant en tout cas
@ChloeH1170 tu serais une grande fille civilise tu serais au courant tout le monde le sait wsh j'ai pass mon w-e au com
@ChrisRpgrtc -il arriva derrire toi et prit ta main, en courant vers sa voiture.- Calme toi Chris, je vais t'y emmener._
@Conducteur_RER avec @Marre_motte on de demandait... C'est toi qui a demand de baptis les trains du WE " LOLA " sur la D ?
@Coralie_92 Mddr j'espre aussi  jte tien au courant tqt
@Crazy_World44 Evidemment le pire ce serait une panne de courant sauvage...L je n'ai aucune solution de secours ^^
@CunniSympa *part a courant, la bave aux lvres* t'as toujours ta gastro j'espre!?
@CuppyDream mme snapchat est au courant pour nous
@DM_Quotidien_ sinon je ne serais pas au courant
@Dekawlucha Ah, je suis plus trop au courant des news sur SSB, mon frre prend tout le temps ma Wii U. :/
@DenisPent Oui aha C'est vrai que tu es toujours prsent, et bien au courant mdr Ce serra mon 1er
@EmmaGaislin mdr tqt frre je suis peut tre au courant mais j'ai rien appris on est au mme point
@FairyWeak Wait Whut ? Ils sont au courant le premier gros staller spe le gre ? (Je pense  Cres Ice Beam par exemple)
@FannyLdn ah bon?? Je sais pas, je ne suis pas au courant mais a serait cool
@Flo_LPNB Si si ahah (x Oui, normalement je gre bien ma batterie :p J'me tiens pas au courant des concerts dc je savais pas (x Mais j'irai-
@FoschianiLea on a pas encore prvus d'heure , mais je pense que se sera aux alentours de 17h 17h30 18h00 je te tiens au courant
@FredCalenge vous avez zapp le tripl de sadio man le plus rapide de l'histoire de la 1er league seul #telefoot n'est pas au courant lol
@French_Girl1 le sol il tait tout mouiller psk mon pre venait de prendre sa douche et comme chui arriver en courant j'ai failli me gamll
@GameTagFlight @FastGoodCuisine Non mais il re-mangera propre demain! On sera au courant sur sa Story demain... Suspens!
@Ghazachouhadas @Oujdia259 Pas faux Akhi! Les Al-Saouds craignent que le courant des frres musulmans n'importe la rvolution chez eux!
@GossipRoomOff dj l je pense qu'il tait deja au courant de sa coucherie avec son fre frre
@Gueshinhaa_ 18:40 je serais la pcq je vais au code je pense , je viens en courant d'air
@HamelinClaire XD ! Oui oui, je l'ai reu, j'essaye de te tenir au courant ! ;)
@Harry39Potter @AlixJoshnson @22_granger *Voix la scne de loin et arrive vers Lily en courant* Tu vas bien?
@Jeyraim @DrMatth78 @TiiiTou76 @SamsamPSG On peut encore finir 3me mon grand:) Si tu suivais la L1 tu serais au courant
@JulesPotier non mais non c'est pas tout le monde a mon avis, sinon vous seriez au courant un minimum
@Kaneferet c'est a cause de tous sa la j'aime pas regarder La Tv et autres. Je prfre ne mme pas tre au courant mme parce que sa nerve
@KarenYes_We_Kev @kevadamsss je sais mme pas si mon pre il est au courant que c'est un jeudi qu'on va le voir
@Karol_en_Red @LablanchFanny @sormiou12 @ggohom Ta mre elle est au courant ?
@Kdr_nessquick nan Man ! J'ai arrter ces conneries t pas au courant ?
@KeenvOfficiel pour ceux qui sont pas encore au courant, Jolan tait un fan de Kevin, il est dcd de un accident de moto  19ans
@Lagrogne bah oui et alors ? tu crois que a changera qqch? a se fera en douce comme l'achat d'organes interdit partout et trs courant
@LaughingJack821 Jack! *Vanillo courant vers toi,  croupie devant toi* H non... *compresse la blessure*
@LeilaBenKhalifa nous tions dj au courant !  de tout cur avec toi ce soir ! J'espre vraiment que tu remporteras cette finale ! #ds12
@Leilableue tu seras la 1re au courant ^^ @zefine8338
@LeilouChaussis Mais ne t'inquites pas, quand je reprendrais, tu seras mise au courant^^
@Lena22300 petetre chez pas encors jen ai marre de les lecole jai des bilan on vera jte tien o courant
@Lilyanaparla mdrr c'est sur, j'espre, tu me tiens au courant aussi!
@LisaPrdle ah je te tiens au courant mais je ne suis pas sre de pouvoir :(
@Lorelei_Jade t'es sre d'tre au courant de tous les off ?
@Loulou_Fontaine tu dit mon Dieu, t'es au courant q'aucune religion tolre l'homosexualit au moin ?
@Lv_for_life je veux tre la premire au courant
@MLalancetteTVA Tu. descends  Rimouski,on suis Le courant,Le fleuve descend vers Riki. De Riki vers Qubec, tu montes.
@MNankam j'espre que toute la galaxie sera pas au courant! Demain faudra que tu me racontes le fin mot de l'histoire
@ManonBmm oui j'espre aussi, tu nous tiendras au courant ;)
@Mari0nD03 j'attends la rponse d'une personne qui serait intress peut tre pour une aussi je te tiens au courant des que j'ai la rponse
@Marie06_09 L'anne dernire c'tait pteeeeeeeeeeee du coup avec Ju on y va pas mais je te retiens au courant
@MarklorCoC je m'en doutai, normalement je crois que je peux re postuler sous 2 jours, en esprant qu'il m'accepte^^, je te tiens au courant
@MathisBaala tu es au courant petit frre ? je te montre a direct aprs cousin
@Melinameata Bah je suis pas au courant de se qu'ils ont fait ou pas l'anne dernire
@MidnightAngelTJ @Romain_Ughetto je vais aussi coute ses chansons  et puis je verrais t'inquiete pas tu seras la premire au courant
@NBL_92 mon frre j'tais mme pas au courant jme sens grave trahie jpensais si bien te connaitre
@Naanous_ @GynaP_ tu ne peux pas car tu est de sexe feminin au cas ou tu ne serais pas au courant
@NegritoNd Elle sera pas invit  ma soire celle la, je vous tiens au courant de toute faon.
@NoumeaGirl et oui  si vous nous suivez vous saurez la premire au courant
@OrianeMx Ah oui tu reviens c'est vrai. Je te tiens au courant alors ! Parce que Beaune serait que le soir mais si je bouge a Paris chaud
@Oujdia259 @CindaBen75 des limites que j'espre ce khabith n'osera pas franchir ! le courant "dmocrate" commenc regretter ce scnario
@P_rongs Mais tout le monde sera au courant que je ne suis pas catholique
@Paul_Courant @KevinTuszynski mdrrrrr mais frre au pire tu mets l'quipe type du PSG c pareil
@PtdArcole chuut. Les socialistes sont pas au courant qu'Internet n'a pas de frontires....
@RachDeVaincre train RER c'est la mme mdrr
@Railway_sf @enelymf Et ils sont au dpart de quelles villes du coup ? @ThibaudDELETRAZ @Conducteur_RER
@RaphaelleBacque @LCedelle Je ne savais pas que la mer par temps calme et sans courant tait un milieu standardis dixit profs EPS
@Reda2306 Ah parce que un couple qui se tient la main dans la rue va finir  poil au prochain arrt de bus ? Faut arrter hein
@Relie_gouveia C'est bon on est au courant
@Remi_M5 @Pib4me @_Aishy On dirait que M5 n'est pas au courant des projets de Pib x)
@RoLequy J'espre que sera bon ! Je te tiens au courant de toute facon !!
@Roazhon352 @Jojack07 t'es pas au courant ta mre c'est la meilleure amie a la mienne!?
@Rousse_Folie C'est trop bon !! Oui c'est pour a que je prfre faire le mien moi-mme, tiens moi au courant si tu le testes !
@RowenaSRP *L'embrasse de nouveau, dj envieux* Mais personne n'en sera tenu au courant..
@SSmileOfCameron J'en ai trop marre, je suis dans le train depuis 8h40 du mat'  Entre le RER et le TGV, a me gave  *je rvise mon svt*
@Sab_records mdr j'ai lu le dbut du 1er tweet j'tais dj au courant mais j'ai arrter de lire. C'est diffus a 3h du mat
@Samiiths Demain j'ai rdv mdical mec je te tient au courant et c'est pas parce que je peut plus m'entraner que tu doit zapper
@SamyRabih @jcdolmazon Nous vous tiendrons au courant ds la version entreprise sera disponible.
@Soledris tiens moi au courant frre :
@StacyRiet tiens moi au courant j'espre c'est pas trop grave
@StylesxxMendes mes parents taient pas au courant et une "pote" a appeler ma mre pour lui..
@TaRienNadir femen? je n'tais pas au courant que j'en faisais parti. Jprfre passer ma vie  bedave qu'tre intolrante et rempli de haine
@TaiinaBanks si j'en fait un tu sera au courant
@TeamArianaBE @ArianaGrande je suis au courant merci bcp, j'espre qu'il marchera
@ThorneLii Non mais moliiiii stp tu seras la premire au courant
@TristanTornat et les autres, dechirez votre crit vous allez! Fier de vous je suis ! Tenez moi au courant demain quand a sera fini! Merde!
@VELLAChristian1 j'espre aussi. Merci pour votre encouragement. J'essaie d'activer quelques pistes et vous tiens au courant... Bon dimanche
@VennerLea me lve, j'allume la lumire de la cuisine et j'vois un fil qui fait la mme Du coup j'ai coup tout le courant mdr
@Whatsernxme_ Le cannibalisme serait courant avec a mdrrr
@WillBJG "Parce qu'elle veut te rencontrer et quand a sera fait, elle va tout faire pour te faire partir en courant en raconter pleins de -
@Yannick_243 pour te dire mme le jour que le Bara a jouer, j'tait pas au courant, c'est mon frre qui me l'a dit.
@_Marichou ma mre aussi en a une jsp si t'es au courant
@_MarieMe le tournage commence  la fin de ce mois et sera diffus dans le courant de janvier 2016
@aimightyso_ t'inquite suis calme frre.ok tu me tiendra au  fait ton voyage pour Chicago c'est report?
@akemiyano a ne sera pas un drame, tout le monde est au courant maintenant.
@anne_alexis tre sur les rez soc et ne pas tre au courant. #balze
@anthonybelin je suis pas du tout au courant. Mais ce serait bien pour la ville Meme s'ils repartent avec un handicap de points
@ardakill @Lyriax_ @MinotosFr Sur le march. Et si tu te renseignait un MINIMUM tu serais au courant que de base, elle se vendait dans ce
@aurel1553 Alors en cas de retard sur des trains comme ceux l quelle est votre priorit ? Le ME140 ou bien le petit RER ?
@beinsports_FR Vous tes au courant que vous avez 1/2H de retard sur Rockets / Clippers? Vous allez rcuprer sur les temps morts / mitemps?
@bubbledu21 Tg en plus Romane elle va m'appeller ce soir quand vous serez dans l'bus, tu prendras le tlphone un coup
@buzzistic bien reu ! Je regarde tout a et je rflchis, et je te tiens au courant ;)
@charszz_ cool a me rassure ! L je sens qu'en courant pas trop vite jpeux tenir, aprs si jpouvais les faire en 1h-1h05 a serait cool :)
@claudebartolone @ERegionales2015 Et les Lumires rsisteront si le PS ne coupe pas le courant! Est-il oppos  la rforme de NVB?
@clemm2893 @Zouzou1311 @Emmamuzh apparement un des deux protagonistes ne serait pas au courant du paris
@crevettes_leo @ShaannaKressFa ouia tu nous tien au courant j'espre que sa va allez
@cypher7th Oui les travaux ont t rendu les trains du rerc roulent  nouveau normalement
@damourparamour Ces articles sont de + en +courant depuis qu'il y'a 1 effort chez les ns d'en finir avc les critres euro centre de beaut
@descontrolaa Si Deus quizer c'est a non? ,Mon pre doit pas tre au courant que le match a commencer il discute au salon oklm la
@eXodiumKrypton jte dit quand c sur tu sera le premier au courant ;)
@emmabraud sa mre c la meilleure de ma mre donc j'suis au courant de tout  Pour l'instant ils seront  Levallois
@enzolarissa famille de footeux,j'espre juste que le concern est au courant
@evanrpgtw *le suit en courant, galre un peu a cause des talons*
@fabricearfi @ndemorand a ne change pas le fait que le saint Kerviel tait le 1er  tre au courant
@fabricemauleon Vu dans mes mails, vous tes p- dj au courant mais je vous transfre  toutes fins utiles.
@fckee_ t au courant que ce sera pas avant demain
@fivesexondstobe Il a peut-tre mang un truc empoisonn dehors. J'espre que a ira. Tu me tiens au courant s'il te plat?
@flyandhope @takenxbyher mdrr nn mais tqt jpense tu serais au courant si sa se passait ahah
@isshane_sdi @LePrenoms PTDR toi j'suis sre tu cours aprs le tram le matin tel une enfant perdue
@jd_577 on est au courant d'aucun rattrapage pour le moment, tu connais l'organisation au ponce, on va tre prvenu le jour mme sans rire
@jena_rpd *Fronce les sourcils* Oui. Tu ntais pas au courant? Les commres nont pas d faire du bon boulot alors.
@jojonabe EDF feminine existe deja, tout comme la coupe du monde feminine. mais rare sont ceux au courant, merci la TV
@justiineedudu alors tout d'abord, je veux tre au courant en premire ensuite je veux des photos et je veux des nouvelles voilou
@kamelia_reg ouais tu me tiens au courant
@kestuvafer on est tou-jours les dernires au courant j'sais pas si tu captes
@laura_hnq @kevadamsss Ptdrrrr on se tiendra au courant par sms comme a a reste secret et Mister Adams ne sera pas au courant
@laurendu62280 @meganous62 Nan Mais attend c'est pas encore fait a sera moi la premire au courant
@lcvsdvyz je l'est trouve cool moi pis ca svoit y est courant que sa mere c une pov pute
@louisrpgrtc *te poursuit en courant. tant mort de rire.*
@lucileDzee En esprant... De toute manire du je vais en ES tu seras la premire au courant avec Chlo
@lugens_cera Ptdr! A mais normalement c'est je rentre en Martinique dans deux semaines  mais ya pas de soucis on se tient au courant
@lxnana yaura eut 5 dramas on sera pas au courant
@madison_wttr comment a tu serais pas au courant?
@marie_dlg 17h40 ca sera chaud quand mme, moi 16h30,Tiens moi au courant
@ngrlaeti mais je suis tjrs la dernire au courant t'faon
@niallxshine apres donc 4h train,on arrive a marne la valley on prend le rer etc.. On a marcher un peu et la on etait au zenith !!!! Puis
@offlestwins nous sommes vos fans vous regardent  jour et vous serez dans le courant de la Pologne  la danse?comme quelque chose
@ohmysunlouis ahah tu as du courage de l'annonce a ton pre mais tu as raison c'est la seule solution ^^ ! Tu me tiendras au courant de
@okkanu @acmilan eh je crois mddr psk le bus tait vendu pour rcuprer de l'argent
@onlysuperhero @Smile4Camren @NayAwesome_ mais personnes taient au courant mdrr ? ce jour l on sera tous a fond sur les rseaux sociaux
@orbe250 @caro_albertini @Alex_Acou @saomalgar infos bien reues, merci ! Je vous tiens au courant de notre participation
@pasquinloann je suis toujours la dernire au courant
@paulinee_91 Mdr oai depuis j'insiste bcp la dessus ... au cas ou ils seraient pas au courant
@savedbyziam @yammouniqueen_ ouiiii! Moi aussi j'espre vous revoir toutes les deux! On se tient au courant de toute faon?
@seebyse bonsoir, je refais mon arbre gnalogique et te tiens au courant @UneSaltimbanque
@sexpunkbillie PTDRRRRRR IMAGINE EN CONCERT TU COURS VERS LUI TU ATTRAPES SON NEZ ET TU BARRES EN COURANT EN DISANT "CATCH YOUR NOZ"
@shotslvke moi non plus j'ai pas compris c mon pre qui m'a dit qu'elle avait chang d'avis etc enfin bref mdr tfacon jte tiens au courant
@skvIight attend quoi ? Moi j'tait pas la la dernire fois, j'suis pas au courant
@skyrpgsnt (je la refais) - Il retourne dans sa chambre en courant - Sky ! - Il te prend dans ses bras en mettant son t-shirt derrire
@soucote27 Pourtant nous suivons le fleuve St-Laurent et le courant coule vers l est...donc en principe nous descendons a Rimouski
@sportmotivday exactement les lectrons vont du - vers le + alors que le sens conventionnel du courant lectrique c'est + vers -
@styIesgomz j'espre babe merci!! je te tiendrais au courant
@sweet__haven non c'est pas possible on serait eu courant quand mme sinon il y a du favoritisme
@tylerrpgsnt *relve le regard vers toi*'euh non merci a ira.. je les mettrai pas au courant, il marche encore. mais pourquoi tu voudrais
@unhappened_ J'ai trop de demandes, pour le moment je trie... Mais tracasse tu sauras la premire au courant !
@val_alava je te tiendrais au courant, on n'en fera srement 1 sur le Touquet ;)
@valentin_binet heureusement que t'es la , parce que franchement on tait pas mais alors pas du tout au courant , merci tu gre
@xYeShix suit cette page :  et tu sera au courant de tout ;)
@yuljima ouais c'est ce que j'allais dire, ce sera peut-tre possible mercredi galement je te tiens au courant!!
@zaynrpgrtc -elle lche un petit rire et part en courant m, sortant de la salle de jeux.-
Ahhh mais en bus ca prend que 20 minutes je serai a l'heure pour aller en cours mdr
Apr on a rater le tram, apr y'a eu un accident donc on a marcher 1h et jsp ce qui nous a pris on a vu un cadis et la c'est parti en couille
Askip il a fait un accident le chauffeur ils vont envoyer un autre bus ptn
Askip je gre les bails alors que moi mme j'suis pas au courant mdr c'est dingue a, merde alors
Aujourd'hui c'est la #JourneeContreHomophobie et moi je suis encore la dernire au courant
Avec lynda on galrerais du coup on a pris un bus au pif on s'est retrouver  ST mande
Bak il sort un clip j'suis la dernire au courant
Bon La Poste il faut qu'il se magne le cul pour me crer mon compte courant
Bonne nuit les tweetos.Faites pas trop de bruits.Le dernier teint la lumire.Eneo envoie les factures pour le courant non consomme
Bordel j'espre juste que j'suis pas seul  plus avoir de courant
C'est quand mme un plaisir de prendre le train pour aller  la fac, rien  voir avec le RER
Ce matin en rerntrant avec Ryan on tait tellement refait d'avoir le train et le bus mdrr
Ce sera le seul au courant au collge
Cloturer compte courant
Courant d're. La palme de la paresse  via @letelegramme
Crois-tu au coup de foudre ?  J'en ai jamais eu mais je serai peut-tre bientt au courant, il ne faut pas qu...
Dans ma famille j'suis la dernire au courant de tout mdr
Dans une trentaine de minutes a fera 24 heures que je n'aurais pas dormi. Pourtant hier j'ai march genre 6 Km + metro + train + voiture
De la part de Chlo, on a deux contrles demain, pourquoi je suis pas au courant encore? Toujours je suis la dernire au courant
Demain jvais partir en cours sans tel  donc dans le bus sa sera la galere
Depuis quand c'est moi la dernire au courant srieux?!
Deux copain vont  l'cole  pied ils s'arrtent et voient un panneau "Ralentir:cole,Il ne croient pas qu'on va y aller en courant ! lol
Dj je suis trop fier pour cours derrire le bus, je vais jamais courir derrire j'en fille mdr
Djo ramenez le courant j'ai des exos  faire. Quand on dit bara de dernire minute n'est pas bon la
Du coup TER dans 30 minutes, TGV  20h40 et encore une heure de RER.
Elle est o la prise? Du courant?? MA 1re CLASSE!!? "MARION" pete les ploooombs l
Elle me dit d'aller rcuprer un truc je lui dis d'accord mais j'ai pas de bus avant 13h elle s'nerve et me raccroche au nez
Enbas de chez moi le tram a fait un accident ! DE OUF ! #NharShetan ! Les gens au lieux de trac ils tait la pos oklm a regarder 1/
Et La jviens de penser t oblige de venir en cours parce que sinon jvais me lever et ce sera trop tard pour mon bus + les 3h pour manger
Et encore un accident de tram  rep
Et mon pere est pas au courant x)
Facebook : "c'est votre anniversaire" NTM chui au courant la vie de ma mere chui pas un otiste
Ghaleib Bencheikh: Quels sont les reprsentants actuels du courant humaniste dans le monde musulman ?
Hello! Nous reprenons a 100% le rosteur Rey , on va partir en session ts on vous tiendra au courant ! #ReyFamily
Heureusement que j'ai t mis au courant sinon je serais encore pass pour un con
Heureusement que le groupe de la classe existe, sinon je serais pas au courant des devoirs
Hier a cette heure la on aller pour attendre le RER et ptn la on dois dormir pour les cours fuk
Il est au courant que sa propre mre est une femme ?
Il y a grve des professeurs mardi, je vais prvenir mes chres professeurs au cas o elles sont pas au courant.
Ils sont au courant les joueurs qu'ils ont le droit de rire ou au moins sourire? C'est quoi cette ambiance.. #TropheesUNFP
Incident sur sandbox18, redmarrage de la machine en cours. Les serveurs hbergs par cette machine seront en ligne d'ici 10-15 minutes.
Ins tellement elle m'aime elle vient me rejoindre chez mon pre elle a prit un bus un train et encore un bus n'est elle pas grandiose
J'ai appris un truc sur moi hier j'tais pas au courant j'adore j'sais pas qui a racont a mais a m'as fait rire
J'ai dbranch la prise, si elle se rallume la vie de la mre je pars en courant !!
J'ai jms compris les gens, on leur dit un truc de fou sur ns + "tu dis pas" 3j aprs la terre entire et mme le pape est au courant
J'ai mis mon pre au courant j'tais obliger de mettre au moins une personne de ma famille au courant ..
J'ai trop rie quand ma mre m'a dit que j'tais un courant d'air ces derniers temps
J'aimerais juste savoir si t'en es fire. Si t'es au courant de tout le bordel que t'as foutu.
J'aurais pu rpondre la mme chose  la question "Ton entourage est-il au courant que tu gres un blog ?" @TeamLitteraire Je me suis -
J'espre que le lyce est au courant que je serais interne pendant 6 semaine, comment je fait sinon
J'espre que vous t courant que Messi a dj gg son 5 me balon d'or
J'espre que vous tes au courant que tout ce qui est extension cils, cheveux c'est haram j'espre que vous en tes conscient au moin
J'espre sultane va me tenir au courant
J'habite dans un village ou quand un tchiot te voit fumer, t'es sure que ta mre est au courant quelque heure aprs
J'invite que mes go sres, mais bon faudrai dj qu'elles sois au courant ..
J'suis choquer comment les darone son vite au courant de tous mdr mon plus petit frre il c'est fait hagar pas ma daronne
J'suis contente qu'il n'y a presque aucun de mes proches sur twitter. Mdr sinon ils seraient au courant de tout ca serai galaire
J'tais mme pas au courant de l'dition limite de RED  Mais j'ai pas d'argent poto  @mpofficial
J'vois tout le monde avec des bouquins de rvisions , a fait 6 mois qui sont au courant , moi a fait que 3 semaines j'ai reu ma convoque!
Je crois que ma mre de ses elle est pas au courant que demain c'est notre dernier cours
Je ferai une vido avec toutes les explications sur la chaine @BilEtAzy de toute faon, j'vous tiens au courant ^^
Je fou tellement que dal que ma mre arrte pas de me dire "Mais t'es au courant que tu as le bac franais  la fin de l'anne"
Je rappel ma page FB, pour tre au courant de toutes les news ^^
Je rentre ma grand mre me dit que je pu la clope, je donne une semaine pour que toute ma famille soit au courant
Je sais pas si ma mre est au courant que j'entends absolument TOUT ce qu'elle dit depuis ma chambre... -'
Je sais pas si vous tes au courant, mais y'a pas besoin d'tre un garon pour pisser derrire un arbre
Je savais que a serait difficile de marcher  contre courant, mais je ne savais pas que a serait  ce point..
Je suis toujours la dernire au courant
Je vais pas assumer le rveil je vais encore louper le bus comme la semaine dernire nsm..
Je vient de me broyer la main en courant bc ma serie recommencais et j'etait en haut
Jsui pas une lumire , le courant n'est pas a tout les tages mdr
Jure mon frre vient ce soir j'suis pas au courant
Jurez la vie de vos mre demain ont a DST science physique j'tais mme pas au courant
La #socitgnrale aurait t au courant des agissements de #Kerviel il est temps que la justice fasse la lumire
La gare c'est du n'importe quoi les train annuler j'ai attendue le RER pendant 1h Jvoulait pleurer
La mere tait au courant de tout . Mais l'a oblig  se marier  cause de la pression familiale . La femme pense au pire .
La personne de qui je parle est au courant que je parle d'elle. Donc arrter de vous sentir viser
Le RER .. C'est pas les trains luxembourgeois hein
Le gars coupe le courant de 4hr  19hr et maintenant il tente encore leur mre j'avais pas prvu sa...
Le gars m'engueule pcq j'lui ai pas dit que quand on sortait ensembles ma mre tait au courant mais a a plus aucune importance donc..
Les Lumires? @najatvb les avait branches sur courant alternatif..., elle les remet sur courant continu?
Lundi pour prendre le train je crois que je vais prendre le bus.. moins galre pour trouver de la place.
Ma mre elle est mme pas au courant que j'ai un crush qui a 21 ans qui est gay et qui s'habille chelou #NoControI
Ma mre elle vient d'me poursuivre pdt 10min en courant autour de la table avec une bouteille d'eau  la main mdr j'l'aime trop
Ma mre est au courant a fait un poids en moins
Ma mre est au courant pour le burn elle m'a rien dit
Ma mre et mes frres sont au courant
Ma mre m'oblige a frauder et je me fais contrler dans le bus videmment. Donc dans le train je sens que je vais me goler oblig
Ma sur une grande balance je lui ai dit un truc la seconde d'aprs mon reuf et mon pre tait au courant
Maay c'est une philosophe des lumires quand et seulement quand il y a le courant  Emana.
Mddddr, j'adore quand c'est ma mre qui me prvient que j'ai une soire la semaine prochaine, elle est au courant avant moi
Merde. On a coup le courant. Piti que a soit pas comme la dernire fois, toute une journe. Je vais die...
Mes problme bien enfouis au fond de moi . Personne ne sera au courant de tout sa
Mme pas je lui dirai, il sera jamais au courant
Mon dos il me met k.o d'une manire vous tes grave pas au courant. La douleur elle me mets HS. J'suis grv claque.
Mon frere et ses potes sont allonges sur le canap tellement ils sont claqu moi je viens de sortir de la douche en courant rammstein  fond
Mon frre il est venu en courant dans ma chambre pour voir ce qu'il s'est pass qd La lui a envoy un message
Mon frre il m'a appeler il ma dis "jramene un pote a la maison" j'ai du monter en courant prendre un jilbab ! C trop gavant
Mon frre il tourne en courant autour de la piscine wtf
Mon parrain qui ma fait une surprise en venant me voir, quand ma mre ma appeler pour me dire qu'il tais la j'y suis aller en courant*-*
Mon pre est partis en courant chez ma grand mre omg j'ai trop peur je sais pas ce qui se passe ptn
Mon pre il crit parce que y a pas de courant ptddddddddr c'est un bz alors que c'est lui qui a teins
Mon pre m'dit "dem1 si t'es pas prte je part sans toi"ATT t'veux dire que tu vas emmener personne au bus pour que personne aille en cours?
Mon pre qui me sort "alors tu dmnages?" ah bon bah jetais pas au courant mddrrr
Mon prof de franais sa serait bien il prennent des cours de maths parce que pas savoir compter des ligne c'est un problme
Mskn j'suis tjrs au courant des trucs  la dernire minute
Naruto gaiden j'tais vraiment pas au courant sa mere
New Love de M5 me rappelle ma premire journe  la fac car dans le bus je l'coutais en boucle.
Notre #actualite #Entreprise de la Semaine : le Compte Courant d'Associs : petite piqre de #rappel! ...
Nous vous prparons la vido d'ouverture de notre chane YouTube  Vous serez au courant de la sortie sur la chane Twitter.
Ok ont doit tous mourir un jours mais des fois on aimerait quand mme tre au courant quond va perdre une personne trs chre a nos yeux
On a mt au courant ma mre ou quoi
On monte les echelons au Cerbre Resto-pub au concours de sauce forte... J vous tient au courant!!!!
On peux perdre normment d'argent encourant derrire une femme#Mais on ne perdra jamais une femme en courant...
On pourrait appeler sur ma personne dans le dos, je serais pas au courant. Ils sont trs discret
PTDR mon petit frre il est parti balance a ma mre un truc sur moi mais elle tait dj au courant mais jlui ai fais croire kel savait pas
Parcontre le trajet RER A+B+ Train H j'en ai dj marre
Partir un dimanche soir, veille de deux partiels, encaisser un retard de train, un accident de tram, rater le bus.. quelle belle soire
Pas un seul rire. Je suis le mec je pars en courant me refaire le visage au Brsil #LT
Pendant 6 semaines que sa train pour Saint denis et RER pour Gennevillier
Pour Griezmann il est fort que a l'Athletico la dernire fois qu'il a t fort aec L'EDF c'tait a la coupe du monde
Pour ceux qui ne seraient pas au courant pour le projet Rick Yancey voil le plan que j'avais imagin en mars !
Pour rire je fais semblant de me viander en courant! Moment trs drle et tout et tout.. Et le lendemain cheville enfle et tout et tout..
Pourquoi je serais au courant de tout et pas elle ?
Putaain il y a un mec derrire moi au tram il coute Psycho et Supremacy COEUR SUR TOI
Quand elle a Paris sue son grand pre tait  l'hpital depuis plus d'un mois et qu'elle n'tait pas au courant
Quand est ce que les gens comprendront qu'ils sont pas obligs de crer des embrouilles pour des choses dont ils sont  peine au courant ..
Quand on a plus de courant est ce qu'on peut dire : sur le courant il est parti sa mer la put
Quand tu veux faire des rvisions tu demande a ton pre de couper le courant a va tout de suite mieux
Quelle serait ta raction face un homme/femme ou femme/homme exemple si dessous moi je me casse en courant wallah
RT @60saliens: @Shiro_Hakushu tu t'fais tacler par ton frre et il est mme pas au courant
RT @Annaissou: Mdrrr en vrai mtn tous les samedi elisa elle me rcupre  l'arret de bus et elle m'emmne au lyce
RT @Anthoox_Caps: @Naanous_ @GynaP_ tu ne peux pas car tu est de sexe feminin au cas ou tu ne serais pas au courant
RT @AsdrubalMargaux: @bubbledu21 Tg en plus Romane elle va m'appeller ce soir quand vous serez dans l'bus, tu prendras le tlphone un coup
RT @Assia__Z: Mon frre il est venu en courant dans ma chambre pour voir ce qu'il s'est pass qd La lui a envoy un message
RT @AxelleGeib: Tout se sait,tu parle sur mon dos,t'inquite on sera au courant
RT @AxxelleXl: @Lv_for_life je veux tre la premire au courant
RT @Bryan_ngt: @emmabraud sa mre c la meilleure de ma mre donc j'suis au courant de tout  Pour l'instant ils seront  Levallois
RT @CIaudeFrancois: RE JE SUIS LA, DSOL DU RETARD J'AVAIS UNE PETITE COUPURE DE COURANT
RT @CLePrenom: Kenza c'est le prnom d'une meuf qui cours derrire le bus mais elle le rate aprs elle marche
RT @Cara_StGermain: Mes chris je ne serai pas en show cam ce soir , plus de courant ! Je pense a vous ....RT si vous aller penser a moi
RT @Charline1D13: @SSmileOfCameron J'en ai trop marre, je suis dans le train depuis 8h40 du mat'  Entre le RER et le TGV, a me gave  *je rvise mon svt*
RT @ChoufChoufdz: Ziari et ses amis rflchissent  la cration d'un nouveau parti pour reprsenter le courant nationaliste
RT @CindaBen75: @Ghazachouhadas @Oujdia259 Pas faux Akhi! Les Al-Saouds craignent que le courant des frres musulmans n'importe la rvolution chez eux!
RT @Clem_Rmd: "Doudou" et "chouchou" c prime depuis 2011 frre jcrois faut les mettre o courant
RT @CritiqueTout: Mdrrrrrr y'a Kanye et Kim K elle est mme pas au courant. Typiquement le genre de truc qui arriverait  ma mre.
RT @Crowd2Win: Une 1re mondiale: en tournant ds la mer, les 2 turbines vont produire du courant comme une olienne. #Thetis2015
RT @DanielSzt_: Rime je suis sur elle a un papillon tatou derrire l'paule elle est mm pas au courant
RT @DouiebShyrel: @Lena22300 petetre chez pas encors jen ai marre de les lecole jai des bilan on vera jte tien o courant
RT @DriikoAbj: Dj ceux qui courre derrire le bus votre vie c'est de la merde , alors ceux qui vnt a l'ecole le samedi et qui cour derrire le Bus ptdr
RT @Druci59_: LE T1 c'est sga le tram de la street , Boboch / Drancy / Bondy / St denis / Asnires / la courneuve / Noisy le sec vous voyez oupas
RT @FlorianWelte: Ma mre est au courant pour le burn elle m'a rien dit
RT @Gaumarx_: Et La jviens de penser t oblige de venir en cours parce que sinon jvais me lever et ce sera trop tard pour mon bus + les 3h pour manger
RT @Ghazachouhadas: @Oujdia259 @CindaBen75 des limites que j'espre ce khabith n'osera pas franchir ! le courant "dmocrate" commenc regretter ce scnario
RT @Hans_Luvunda: Tlr j'ai eu un accident d'RER tout s'est teind au milieu d'un tunnel seul dans mon wagon j'ai failli mourrir sinon rien de grave hmdllh
RT @Hugo_La_Putee: @Anne13Antoine et le bus il aura un accident
RT @Jo_InkEazy: J'ai jamais couru derrire mon bus quand j'tait en retard alors c'est pas derrire une fille que je vais courir
RT @JoelKrystian: Djo ramenez le courant j'ai des exos  faire. Quand on dit bara de dernire minute n'est pas bon la
RT @Joy_Slm: @NBL_92 mon frre j'tais mme pas au courant jme sens grave trahie jpensais si bien te connaitre
RT @Juve_France: Selon Tuttosport, la Juve ftera le Scudetto et la Coupe d'Italie ( si victoire ) samedi aprs #JuveNapoli, mais pas de tour en bus... #Juve
RT @Karebiyan: J'ai mis mon pre au courant j'tais obliger de mettre au moins une personne de ma famille au courant ..
RT @KassimCorsaire: Ca s'voit ls vineurs s'ils gagnent 1oscar Ca va lcher des "ya que ma mre ki croyai en moi" alors kelle ntait pas au courant des perruques
RT @KenzaSvdh: @isshane_sdi @LePrenoms PTDR toi j'suis sre tu cours aprs le tram le matin tel une enfant perdue
RT @Kyokotsu_: hier devant chez fanny yavait son chat il est venu en courant vers elle elle faisait tro mre nature
RT @LShannaThibault: @crevettes_leo @ShaannaKressFa ouia tu nous tien au courant j'espre que sa va allez
RT @La5eVague_FR: Pour ceux qui ne seraient pas au courant pour le projet Rick Yancey voil le plan que j'avais imagin en mars !
RT @LeNinivenLucie: non elle est pas au courant mais t'inquite je gre
RT @LePrenoms: Kenza c'est le prnom des meuf qui cour driere le bus mais elle le rate apres elle marche
RT @Lea_g8: Mddddr, j'adore quand c'est ma mre qui me prvient que j'ai une soire la semaine prochaine, elle est au courant avant moi
RT @MaoForReal: Les plaisirs de ce monde sont phmres. Tout le monde est au courant de a, mais pourquoi ne cherchez vous pas le plaisir ternel ? JSUS !
RT @Mariehru: c'tait les premires  tre au courant
RT @MelanieDpr: ptn mn frre il s'en balecouille il vient me rveiller "ouais tu peux lire a et m'dire si y'a des fautes" t'es au courant qu'il est minuit
RT @Mymy_Saiyan: Nan mais srieux si j'avais vraiment trouv mon mari, d'une mes surs vous seriez au courant prem's, et de deux je le dirais pas ici.
RT @Neantilisme: @PtdArcole chuut. Les socialistes sont pas au courant qu'Internet n'a pas de frontires....
RT @Nicolas_Boudart: @Sheyraiko de nos jours Alalala certaine personne prfre partir en courant tu sais ! ^^
RT @NinaOsb: Genre on est dans le couloir de Morgane et elle hurle y'a le bus! Du coup je cours ouvre la 1re porte, on est sur le parking#1
RT @Oceanee77: Mon prof de franais sa serait bien il prennent des cours de maths parce que pas savoir compter des ligne c'est un problme
RT @OhhAdrien: t'a pas honte des photos de ton frre qui vomit?  Quelle frre ? J'tais pas au courant
RT @Ophelie_Rr: @laurelinevicto1 ts au courant qu'ils le font bcp plus muscl Captain pcq cs le film, hein? En vrai il est pas aussi muscl et tt
RT @Ornella_57: @Gueshinhaa_ 18:40 je serais la pcq je vais au code je pense , je viens en courant d'air
RT @Paul_MatthisL: Quand on a plus de courant est ce qu'on peut dire : sur le courant il est parti sa mer la put
RT @Rey_eSport: Hello! Nous reprenons a 100% le rosteur Rey , on va partir en session ts on vous tiendra au courant ! #ReyFamily
RT @Sama_Games_MC: N'hsitez pas  liker notre nouvelle page facebook pour vous tenir au courant de nos dernires actualites !
RT @SarahPleyKF: @KeenvOfficiel pour ceux qui sont pas encore au courant, Jolan tait un fan de Kevin, il est dcd de un accident de moto  19ans
RT @Sheraazade_: Mon frre il m'a appeler il ma dis "jramene un pote a la maison" j'ai du monter en courant prendre un jilbab ! C trop gavant
RT @SoelDiab: La #socitgnrale aurait t au courant des agissements de #Kerviel il est temps que la justice fasse la lumire
RT @StandAloneMedia: Ghaleib Bencheikh: Quels sont les reprsentants actuels du courant humaniste dans le monde musulman ?
RT @Thoolan_Camille: Y'avait un gros bourdon et le seul qui s'est lev en courant c'est mon pre j'ai ris
RT @TiilalLheriteau: Avec lynda on galrerais du coup on a pris un bus au pif on s'est retrouver  ST mande
RT @UnAfghan: Dj je suis trop fier pour cours derrire le bus, je vais jamais courir derrire j'en fille mdr
RT @Xxel_Hte: @clemm2893 @Zouzou1311 @Emmamuzh apparement un des deux protagonistes ne serait pas au courant du paris
RT @_WiiiD: Sa me fera tjr autant rire qd Sergio Ramos il a fait tomber du haut du bus la Coupe du Roi espagnole avc le Real et le bus l'a ecraser ptdr
RT @_laeti_tia_: Je suis tellement fire que Louis ait tout suivis et soit au courant de ce projet  #NoControlDay
RT @a_vegeta_girl: J'tais mme pas au courant de l'dition limite de RED  Mais j'ai pas d'argent poto  @mpofficial
RT @aissam4530: Ds le bus je vois des couples devant, derrire, sur les cts..
RT @albaneprdm: qd j'repense  samedi midi j'me dis qu'on a du faire un ptn de bordel qd mm la veille, la mre d'Aurel elle tait au courant d'tt
RT @anais_lcno: ceux qui ont vu avengers 2 et pas 1, j'espre vous tes au courant que pepper et jane existent. stark et thor ne les ont pas inventes.
RT @bobothieb: @EmmaGaislin mdr tqt frre je suis peut tre au courant mais j'ai rien appris on est au mme point
RT @cambrd_: waaaai vieux gars qui coute la musique sans couteurs ds le matin dans le RER <<<<<<<<<<
RT @ceciestmontweet: J'ai essay de vivre chaque minute comme si c'tait la dernire, au bout de 4 heures  hurler en courant dans tous les sens je suis crev.
RT @elsaa_10: Heureusement que le groupe de la classe existe, sinon je serais pas au courant des devoirs
RT @emmalny: jme suis coupe sous le pied en courant pied nus dehors aprs mon petit frre qui m'avait pris mon tlphone bravo emma
RT @gwadaveli: #TesPasDu95 si t'as jamais couru entre l'arrt de ton RER  la gare d'ermont pour rattraper le train qui va  saint lazare
RT @idvlly: @_Marichou ma mre aussi en a une jsp si t'es au courant
RT @lolokittyadams: @laura_hnq @kevadamsss Ptdrrrr on se tiendra au courant par sms comme a a reste secret et Mister Adams ne sera pas au courant
RT @manonmarina: Elle est o la prise? Du courant?? MA 1re CLASSE!!? "MARION" pete les ploooombs l
RT @manoonbrt: @BgrLou mais Ouais c'est chaud ils on eu 3 accident mdrr et aussi quand il aimait pas les lves il les faisait pas monter dans sn bus ptdr
RT @milie_77th: on slay le management des boys LOL Sony va se barrer en courant !! on gre les boys a leurs places !!!,#NoControlDay
RT @nangesloic: @ArlyFashion ahh quand a sera le cas Jsper tre le premier au courant
RT @nvlanfunk: Throwback quand sonia a loup son bus pour notre premire rencontre
RT @paul_denton: "Oh, tu portes du mauve, toi" (dsapprobation) = le rose, a fait pd. Ma grand-mre n'est pas au courant pour la #JourneeContreHomophobie
RT @pirate1759: #BFMTV Hollande n'est pas encore au courant qu'il ne sera pas au 2 eme tour des prsidentielles de 2017 ! Alors Sapin ? Dites lui!!!
RT @sarah_barrier: Ma mre elle vient d'me poursuivre pdt 10min en courant autour de la table avec une bouteille d'eau  la main mdr j'l'aime trop
RT @shona_9mm: #RTsi ta ton septum depuis 2012 mais ta mre est pas au courant
RT @sweety_didie: Fait des recherches. Pour les lemons sans amour vous serez tonn d'apprendre que le sexe pour le sexe est courant dans la vraie vie.
RT @thevicco44: Quand est ce que les gens comprendront qu'ils sont pas obligs de crer des embrouilles pour des choses dont ils sont  peine au courant ..
Rer A cetais un bon train yavais de la meuf dedans quand mme
Rgle de base en Islam"Pas de contrainte en matire de religion"Le salafisme n'est qu'un courant de pense parmi d'autres #EnqueteExclusive
Rime je suis sur elle a un papillon tatou derrire l'paule elle est mm pas au courant
Sa me fera tjr autant rire qd Sergio Ramos il a fait tomber du haut du bus la Coupe du Roi espagnole avc le Real et le bus l'a ecraser ptdr
Salut  tous,,Ici vous serez au courant de toutes nos dernires nouveautes sur larna speed
Selon Tuttosport, la Juve ftera le Scudetto et la Coupe d'Italie ( si victoire ) samedi aprs #JuveNapoli, mais pas de tour en bus... #Juve
Serait tout abandonner pour le nec plus ultra dans cette vie pour une personne qui est au courant du sacrifice de...
Si Guillaume voit mes cicatrices de l'an dernier et d'Octobre, je nie tout et j'me casse. Il ne sera jamais au courant de l'anne dernire.
Si sa se fais, personne sera au courant
Surtout que ma mre est pas au courant~ Elle va pter un cble si je lui dit~
Taleur dans le rer c y'a une renoie que elle s'retourner pour me regarder elle cass son cou la ouf elle m'a choquer la
Tout a l'heure je fais un stream de 11h30 jusqu'a 13h30 sur @divinity_fr ! Ensuite dans le courant de l'aprs-midi je serais sur mon perso
Tout se sais tu parle sur mon dos on sera au courant
Tout se sait,tu parle sur mon dos,t'inquite on sera au courant
Traverser le parc y'a ma pote elle se ramasse en courant ptn  elle avait bien bouffer le sol,aprs je voulais m'arrter mais y'avait le
Travx dlargissemt du pont de la gare de Louvres en cours! Le pont RER est install,next rdv le 23 pour le pont TER.
Trop bien les trains de la ligne R qui font RER D en mme temps. Trop trop bien. J'adore. Trop cool. Jouissance.
Un autobus tombe dans la Seine le 27 septembre 1911. Accident entranant la mort de 10 personnes  via @FrPittoresque
Un couple de personnes ges s'embrassent que le quai du rer. Je me demande si ils sont ensemble depuis qu'ils sont jeunes je trouve a fou
Un pote m'envoi un SMS "j'ai plus d'internet depuis une coupure de courant, ma mre a pass 1h avec Orange et a marche pas"
Voil mon pre va acheter une nouvelle voiture, et comme d'habitude je suis la dernire  tre au courant
Vous tes au courant que y'a 2 minutes ils ont redmarr le live mdrr j'abandonne j'comprends rien
Vu que j'ai sport juste avant, j'espre ne pas louper le bus sinon j'suis cuite.
Waouw pourquoi ils partent en courant en regardant vers la petit chemin  ct de chez moi
Y a personne de gentil qui veut bien venir me rcuprer  Perrache pour me poser  Sainf? Flemme de prendre le bus.
Y'a des gens avec qui quand tu parles le courant passe pas. .fau pas forcer frre arrtes tout .
Y'avait un gros bourdon et le seul qui s'est lev en courant c'est mon pre j'ai ris
Ziari et ses amis rflchissent  la cration d'un nouveau parti pour reprsenter le courant nationaliste
a me casse la tte de payer le train et le bus et de jamais me faire contrler
ah mais j'tais mm pas au courant que les open airs a avait repris
au moins elles saven que si je suis en couple aucune ne sera au courant
barbecue en famille c'midi, comme dab j'suis tjrs la dernire au courant
bonma mere est au courant au pire
c'tait les premires  tre au courant
comme d'hab jss la dernire au courant de se qu'on fait
eh moi j'avais pas t mise au courant que les red hot devaient sortir un nouvel album cette anne, rumeur ou pas ????
en 2nde j'tais mme pas au courant que y avait le bac de franais en 1re je croyais que c'tait en terminale MDRRRR
et vu que ma mre est pas au courant jvais pouvoir lui faire du chantage sur a  chaque fois que j'ai besoin d'un truc
genre ton ex il y va pas avec sa petite amie ?  J'en sais rien moi, je ne suis pas au courant de toutes les per...
hier devant chez fanny yavait son chat il est venu en courant vers elle elle faisait tro mre nature
j'ai dis le truc de shepherd a mn frre il tait mme pas au courant
j'ai rver que j'tais poser avec mathilde sur un banc et que c'tait le jour de la conv de ouat et y'a colin qui est sortit en courant de-
j'espre que mon beau pre n'est pas au courant qu'il y a Bara Atletico a 19h hein
jcrois mme eux ils sont pas au courant frre
je peux mme pas demand  mon pre de venir me chercher pcq il est mme pas au courant que j'avais une soire ptdrrrrr
je suis toujours la dernire au courant des nouvelles
jespre les boys ils sont au courant bc ils vont tre choqu quand ils vont voir qu'ils ont gagn alors qu'il tait pas nomin #NoControlDay
jme persuade que jpeux y arriver par amour et  la premire blessure je vais partir en courant ca sert  r
jme suis coupe sous le pied en courant pied nus dehors aprs mon petit frre qui m'avait pris mon tlphone bravo emma
jsuis pas au courant mais ptetre j'fais rire des gens
ma mere elle crie mon nom jviens en courant elle me di " pk tu dors pas tveux japelle ton pere? "
ma mre qui tait mme pas au courant que j'allais voir les Boys republic ^^ #BoysRepublic
mon frere a eu un accident de voiture, je suis mme pas mise au courant trop dans l'normal
mon pre jsp si il est au courant qu'il a une fille enft c trist
on a achet la meme batterie externe, on est reli par les liens du chargeur, le courant passe entre nous
on slay le management des boys LOL Sony va se barrer en courant !! on gre les boys a leurs places !!!,#NoControlDay
oui je suis au courant du crash de l hlicoptre  Hawa mais bon c'est trs local comme news
plus personne sera au courant de rien.
ptn mn frre il s'en balecouille il vient me rveiller "ouais tu peux lire a et m'dire si y'a des fautes" t'es au courant qu'il est minuit
rivire courant libre tu sais comment j'me sens
simon y m'apelle pour dire quoi ah oui ta louper le bus et ta lulu derrire qui dit bonne semaine lolo mdr vgl ptn blc jleur parle plus
t'a pas honte des photos de ton frre qui vomit?  Quelle frre ? J'tais pas au courant
taleur dans l'bus avec mon frre on a vue un couple genre #PosteBadHeuss que on les taills jetais ko
une fois mon pre y'a mme pas cherch a comprendre il m'a coup le courant direct, j'tais triste :/
waaaai vieux gars qui coute la musique sans couteurs ds le matin dans le RER <<<<<<<<<<
