"@SonelAes: Nous avons reu des lettre kon dw couper le courant au nord. Dnc l'tat pense kil ont peur de boko Haram seul ? Nous aussi."
"@httpeur: Quand je fais quelque chose de bien, personne le voit mais quand je fais quelque de mal, la terre entire est au courant."
"Et je rve d'un courant d'air, d'un espace clos avec vue sur la mer, d'un silence radio d'un ocan solaire, qui nous porte ensemble [...]"
"Je fais une chose, oubliant ce qui est en arrire, je me porte vers ce qui est en avant, en courant vers le but pour remporter le prix"
"Je serai pas au courant mais je saurai" ptdrrrrr
"Les militants UMP doivent comprendre que F. Bayrou reprsente un courant de pense que je prfre de notre cot." @FrancoisFillon
"Ne dites rien  tata sinon toute la famille sera au courant et je veux pas !", le pauvre
"Ta mre elle est au courant que tu regardes a???" On dirait je regarde a tous les soirs pour m'endormir. C
"Tu es en manque de certain repres" merci je n'tais pas au courant
#INFO - pour ceux qui ne sont pas au courant, le crateur de la marque MSFTS est le frre de Mose Arias, Mateo, ainsi que Jaden.
#TOULOUSE Filire djihadiste : coup de filet dans la rgion de Toulouse et dAlbi  (Metro)
#cpolitique Fillon dit ne pas avoir t au courant des coutes de DSK quand il tait 1er ministre
(Seigneur, fais de me tenir au courant de prire et de ma descendance de notre Seigneur, exauce ma prire)
*mon frre faisant du bruit*Moi: TG,Lui: V *fuis en courant* Une carrire prometteuse dans la filire stmg option kev adams
- Au moins 12 personnes ont t tues dans un accident de bus et un camion en Inde - 8 Fvrier 2015 - NAILINGITV
-Fille , ah mais j'ai cru que c'tait quelqu'un d'autre dsol " mon pre lui a lancer un regard , le gars est partis en courant limite
8h-19h de voiture mais on oublie tout en voyant la nice me dire Tata en courant vers moi :) #tatiegaga
: J'espre seulement qu'ils ne vont pas couper courant ce soir ds.
@ Train_SNCF: Le RER ou le metro ?
@5SOS_1DOfficial De rien ;) On doit programmer les dates bientt, donc tu seras bientt au courant ;)
@91TOMLINSLUT: 86) vous allez comment en cours? RER.
@Aldarikav *rentre en courant dans la salle pour rcuprer son arc*
@AleeeeeeexE j'espre frr ! Tiens moi au courant du rsultat ce soir
@AlexiaYvars Mdrrrrrrr oui ben oui bien sre c'est tellement courant
@Alexouille_C Wouuuoooo je suis pas au courant sa mere
@Alexzander_F thanks :D avec un peu de chance il sera publi dans le courant de l'anne :D
@AlxRdmnn J'espre que tu trouvera un truc bien, tient moi au courant miss, l'anne pro va tre grv bien! surtout que tu revient enfin! :*
@AmeleDZ mdr tu me sous estime trop, tu finira avec ta poussette a courir derrire les bus ouai
@ArianatorGFR J'ai trouv ce site >  Je sais pas s'il est bien car je ne le connais pas ! Tiens moi au courant ;)
@Arthur1Gant tu sera le premier au courant mon doux chri
@AurelienPhlpe mdr j'sais pas si t'tais au courant y'a eu une ptition qui a tourn sur internet pour remettre en vie la dernire mort
@Aziatomik il nous tient au courant de la croissance de son chien on dirait que c'est son 1er enfant
@BieberRPGCLE @HarryRPGCLE -il arrive en courant quand il entend des hurlements, il se prcipite vers Justin quand il le voit au sol_
@Blue_Pingu @Will_Laf @Kaullombeuh @charlesplatch L'quipe considre qu' partir du moment o une faute est passe dans le langage courant -
@CALIFORNIAXXV AH BAH FAUDRA ABSOLUMENT PRENDRE LE 1ER BUS ALORS PCQ ON A NOTRE TRAIN A 7H14
@CamilleOneD ha oui J tais pas au courant pour la rumeur !! a serait trop cool
@CharlotteLubibi neunnnnn, j'ai pas encore refais ma carte de bus chaton :( j'allais te proposer une aprem films et papotages du coup
@ChouchouMpacko @a_hot_ @laninoche je vais prendre le chque et partager avec ma mre mme mon pre ne sera pas au courant il veut pas de a
@Chouliee @bronquistador @SylvainSalomon Il faut aimer prendre le train, le mtro et le RER :)
@Chris_Lagache Aucune information ne filtre pour le moment mais sachez que vous serez les premiers au courant ds que l'on en saura plus !
@Conducteur_RER @SNCF_Direct - les trains toujours bloqus  Montpellier o je suis.
@Conducteur_RER Bon courage, bonne reprise  Quels trains aujourd'hui?
@Conducteur_RER J'ai une question: Pourquoi certains trains Paris-Laroche Migennes stationnent une vingtaine de minutes  Sens?
@Conducteur_RER Mais c'est sympa de monter dans un vieux train je trouve, a change des trains rcents, c'est mon avis ^^
@Conducteur_RER Par exemple sur le train qui arrive  Sens  8h18 il repart  8h37 mais si il repart  8h20 ceux de Montereau descendent
@Constance_KTR @Mathildee_8 Avec toi ca sera une affaire nationale tous le monde sera au courant.
@Crazybouh mais beiste s'enfuit en courant a course fera sexy  l'cran !
@Delphine_D Bientt seuls les couards qui ne font que suivre le courant et se cachent derrire l'anonymat oseront parler :-/
@Do_56 @bbskie2 @Marietopic Faut arrter de divaguer: Une femme doit savoir aussi rparer une prise de courant, poser une tagre... enfin!!
@DocArnica @qffwffq sinon a serait trop facile, c'est vrai que faire lever c'est pas simple, le lait pas trop chaud, pas de courant d'air..
@Domeniqlea *Se laisse entraner dans le courant et reste merveille en voyant pleiiiiin de poisson comme dans barbie* Wooow
@Ednchn: Ma mere elle a pas lcher son 50nuances de Gray la  elle es au courant que c un film de cu?
@Faustinemzt si j'tais la, tu serais sorti en courant
@FlashBaal93 mdr pire frre plus de courant
@Francle84*tu sens un lger courant d'air puis....*,#NinjaHug
@FrancoisFillon "Francois Bayrou reprsente un courant de pense que je prfre voir dans la majorit que dans l'opposition" #Cpolitique
@Goaticorn on peut pas vraiment les blmer de pas tre au courant de /tout/, si tu vois ce que je veux dire
@GraceOUAT *sourit* Tu es au courant pour Ton pre et Anita ?
@GreatTeacherYot ah j ai remis en cause toute la mdecine? Je n' tais pas au courant,merci @FifiRoz
@Hdcst Mais je me verrais plus comme UDI "Pur" et aprs pourquoi pas me diriger vers une chapelle si je vois que le courant passe bien avec
@Here_And_Now__ @Maaaaaanzanita t'es au courant que t'es degueulasse ?!
@HyacintheSoh @SonelAes exagres c'est quoi? Mieux on vit sans courant pack avec ou sans eux c'est pareil
@Isabel_Ftn ah ptn j'me suis dis dernire rumeurs que j'tais pas au courant a
@Izzie1916 tu voit la meuf m'invite  me parler sur skype et me taille par derrire sur twitter... j'tais mme pas au courant osef jmen fou
@JaysonMelchior t'es au courant que griffin est bless , jj redick aussi et que pendant le 1er quart temps Gleen Davis lui aussi !!
@Jokezzy_b tes au courant que ta dernire photo sue twitter date de plus 1ans...
@Juliepltrr pas loin de chez moi normalement ! Car mon pre dmnage mais on se tient au courant si jamais ? Au pire on se refait une fte !
@JumbeiEU je te tiens au courant :) ca serait pas avant 21h ..
@JxAngelo d'autres interviews sont prvues ! La prochaine sera soit F40, G 36 ou @msieurJo (mais il n'est pas encore au courant ;))
@Khanapay Serais-tu au courant de ce dont il s'agit ?! ;-)
@Kyle__Norton @Ella__Norton Faut le dire  Griffin *par faire ses affaires en courant, revient vers sa mre* maman tu peux m'aider -
@LaclauManon elle tait dans mon bus taleur j'tais k.o elle couter un couple parler puis elle c'est mise  clater de rire
@LauraVrst courant Juin normalement :) j'espre !
@Laurehisquin @LaureenPiel juste y'a pas les mdias au cas o vous ne seriez pas au courant !
@Laurel_Nando: : J'espre seulement qu'ils ne vont pas couper courant ce soir  ya coupure de courant hein
@Le_Figaro j'espre qu'elle tait au courant ...
@LeaneScllr oh putain j'me serai casser en courant
@LechevinN @rhr_rgr je te tiens au courant
@LeonieGaget tu vas cartonner, tiens-moi au courant ! T'es la la premire semaine des vacances?
@Liam_Is_mxine merci beaucoup  on le fera , quand il y aura au moin toutes personne des pelouses au courant le projets fonctionnera
@LionLeMelhor Au cas o vous ne seriez pas au courant, il a un compte officiel o qu'il utilise tous les jours de la semaine !
@Louiseleblog J'ai une prise de sang aprs 1 mois de shampoing spcial. J'espre retrouver mes beaux cheveux, j'te tiens au courant  2/2
@Lurwing sur les lignes 34 et 42 du coup je dois faire un dtour et prendre le rer A et ensuite le bus
@M0rexl0ve j'espre me rveiller et pter la forme demain. Je te tiens au courant de tte faon
@MAD_Bakaeru crap! Moi j'peux pas 13h j'ai pas de bus pour ce train la. Je peux que 13h50 mais j'arriverai vers 13h15 par la a st em.
@M_Devyla j'suis sre qu'ils sont secrtement au courant, mtn on verra si sehun lche des indices sur insta #KRISHANDAY
@Margot__Renales oui mais quant tu reprendra moi je serais en vacances  et enfaite ma ligne a etait couper j'ai plus de tel
@MarineLvt58 mdr moi je me serais barr en courant de chez lui mdrrr
@MaudChet tqt maudus tseras la premire au courant
@Max_imum12 Oh putain ca serait folie... T'es au courant jvais investir dans une camera super 8 jvis vraiment dans lpass
@MillonAlexia oui j'pars au Maroc tu m'parlerais tu serais au courant
@NytoMonster Ma mre voulais pas que j'en ai et elle est toujours pas au courant
@OLAngElles @LouisaNecib @ClaireLavogez14 @BouhaddiSarah ok merci . J'espre rien de grave . Tu nous tien au courant si ta de nouvelle Stp
@Paaulinelaa_ Un jour j'espre qu'on la verra ensemble , elle partira peut tre en courant
@Padmanon_ @BicornForHeya Mais ouiiiii. a serait bien cool. Faut s'tenir au courant de nos possibilits.
@PedowLink n'importe qui serait parti en courant en lisant ce que tu dis xDD
@Pipomantis Oh j'en ai une bonne. "Un pipo, des paypals" *gif d'un homme nu courant vers la mer*
@PommyxLimmie Ce serait vraiment trs intressant de le savoir ! Je suis sre qu'ils sont dj au courant en tout cas !
@QltureCpv jtais pas au courant de tout a mais si tu veux vider ton sac jeudi je serai l <3
@QuotesZadig les livres peuvent induire des tensions, il est au courant en continu, Am-bon-pre de famille
@RedjiZz le 9 fvrier si je me souviens bien... De toute faon on sera o courant assez vite ;-)
@RoseMartin_TW Je n'tais pas au courant que c'tait mon pre.
@RubyOUATrpg *rit* a y est j'ai trouv ! *part en courant vers l'autre ct du parc*
@SandBett @TUForg les bus qui puent, qui fument noir et qui n'avancent pas? Paske Paris rcupre des sous de la RATP ^^
@SircaTheDragon Mais c'est intressant tout a, et tu dois parler d'un courant/style ou d'une uvre/reprsentation en particulier ?
@So_Hdj va y on commence dmain matin dans le rer ^^ y a un couple que je voi tou les matin il s'embrassent comme si il partaient pendan 3 an
@Sophisdepute j'pense que j'y serais plus mardi jsp je te tiens au courant si tu veux
@StCyrre je viens de louper mon RER mais j'espre te voir !!!
@StephaneGrcia Tiens moi au courant quand a sera le cas !
@Swtchz Oh pas sur. Tu dois bien tre au courant de la manire dont fonctionne l'esprit fminin et d' quel point il peut tre fourbe? ^^
@Syflow_ tant donner que t'es un top eu tu fait des lan et donc la fco tient moi au courant quand tu la feras ;)
@ThmsLisa t'inquites si je sais que je vais  saint raph, crois moi tu seras au courant
@TiiiTou76 sinon il sont au courant que faut jouer vite et vers l'avant ? :(,j'ai mal a mon football la :(
@Timothe_Riviere dis moi, faut partir du principe que je serai au courant un jour ou l'autre, donc pourquoi attendre?
@VCottrez si c'etais pas le cas tu serai au courant tktp
@ViceD_Knd Toute l'quipe sera avec moi pour l'organisation donc vous serez mis au courant en premiers , c'est logique
@Virgiinie_ fera des concerts en France qui diront le jour ou le lendemain du concert, il y avait un concert je n'tais pas au courant
@Wesrpgps *clate de rire en courant* Et nooooon
@WestDogg57 @CarolineFTZ Ah oui ? J'tais pas au courant, bah a serait pas plus mal finalement je pense ^^
@WizardStacy Au moins il serait au courant qu'il fait partis des rat de ce monde *serieux*
@Wizzle_Im J'attends juste que son pre soit au courant, meme sils snt en froid, la guerre est dclare
@_Negress243 j'ai demander a ma mre si elle savait elle a dit non elle va demander ala famille askiparai persn tait au courant
@_tonyy41 Je pense finir la srie dans le courant de cette semaine, a sera dj a.
@arnaud_cerutti tiens, une fusion en vue dont on ne serait par au courant ? CC @C_Darbellay @SBenoitGodet
@babamonbonheur Oh ce serait cool je te tiens au courant
@babb0_00 @ducidny @ClemAdams mdrr j'espre pas ! Bah ok je te tiens au courant comme a tu diras au petit
@baranelodie non mais vous avez fait votre doss toutes les deux et moi encore la dernire au courant
@cdhulst2017 J'ai vu D Baert courant comme un lapin derrire Moscovici il ne lui manquait que le kpi du porte valises
@cfykvsxxx @13lur_x oui, non mais je suis au courant, merci, namoins quand tu parles de blancs et que tu considres la femme blanche
@chaipa_ je verais je te tiens au courant
@chauvel_v @Moy_Clem Baa nan je suis Ko l Faut que je dort Mais sinon je serai venu en courant
@cleman95 je te tiens au courant si il rep
@demonseautheres on espre bientt :) on vous tiendra au courant !
@denisgrsnt si je l'tais tt le monde serait au courant
@dimitrimoulins @jeanmarc13069 Ah pas moi, pas cout hier vive les podcasts du lundi dans le RER
@ghuntheur t au courant qu'on sera en stage?
@guldenelmas coucou Gulden.. a va...? Tu peux t'abonner  ma page aussi, comme a tu seras mise au courant des futures expos et concerts!
@horanftswiftx bah le coup de l'lectricit et que le courant passe bien a a t fait et refait
@httprxane Mdr t'as raison! J'espre qu'ils vont te rpondre parce que eux voila quoi  tiens moi au courant
@ilmariel ahah tiens-moi au courant si tu les reois avant moi. Le secret c'est de le convertir au th, comme a 1/2
@jaydenrpgcyh -se retourne et court vers la piscine- le premier arriv  gagner. -sourit grandement en courant-
@jccambadelis Que les socialistes soient  la hauteur...hum hum c'est quoi un fantasme ou bien ? Si vs en tiez capable on serait au courant
@julevisse yeaaaaaah tiens moi au courant! Et aussi qd tn pere rentre :p
@karmaelly @BestBlogMode oui tien moi au courant je serai la pour toi
@laure_marine Grave a me ferait plaisir!  oui, mais on se tient au courant par SMS! ;)
@lou_rgn nn mais c'est pour le taf bb si il avait pu se voir ton pre serait dj au courant jpense :*
@louisdrxg vous tes au courant que je ris encore pour une connerie de ce genre mdrrrrr Niall il me fait rire
@malohll moai, je pense que je serais au courant quand mme. M'enfin, elle a juste dit qu'elle me regardait c'est rien.
@marie_lthc Je crois que je suis la dernire de chez la dernire au courant. Je t'ai pas flicit pour le permis. (J'ai pas vu fb). Donc je
@mariedevismes soufiane jamais de la vie en 18 ans 8 mois 3 jour et 10 min d'existence c la premire fois et c pas courant
@monroealab tu seras la premire personne au courant tqt, j'ai des trucs a te raconter demain d'ailleurs
@nogitsunn ah o?????? o______O peka chu tjrs la dernire au courant??????
@nunez9megane8 yes, je te tiens au courant de toute manire
@oceanaffliction - dfunt va lui faire la misre parce qu'il tait au courant !
@panagol1 je sais pas si j'y vais, mais ce serait grave cool! Je te tiens au courant
@pureteaco Darjeeling 1st flush et seconde vague . Envoyez votre e-mail . Nous vous tiendrons au courant de nos dernires ths
@red_flowers_ je te tiens au courant
@romanebraud on passe vers 14h30 je te tiens au courant  t'avais une compet aussi non ?
@sassycoriam en parlant d'Bash le gars qui n'est mme pas au courant que sa mre est morte miskine
@scordroch Bah ouais a serait cool ! Je sais pas du tout encore les dates, mais je te tiens au courant
@sho_stream J'tais pas au courant mais je pense que la srie a t lanc plus ou moins au courant du mois de mars de l'anne dernire
@smoakscanary tu es au courant qu'il y'a une seconde dition d'hp?. J'y retourne j'espre que Tom va revenir, je pense que oui vu qu'il a -
@sophiehbrger: @lquenee: @sophiehbrger SOPH DU RIRE en direct de Marrakech avec Lisa elmaleh t'es au courant
@summerisback_ @hazhips eh mais je le serais je serais au courant
@thefourcade Je te tiendrai au courant toute ma deuxime semaine de vacances, j'espre que a ira au niveau des preuves
@thib_el_rey tu partiras en courant quand elles ramneront leurs boys
@thomasrpgps @BeauRPGPS Beau a voulu organiser un dner pour nous 2.. Je suis arriv il y a 5 minute et j'tais pas au courant..
@tumblr_ahok je sais pas si vous tes au courant qu'il a fait cette video pour rire
@whitesidemons bh si lna je suis au courant de a, c'est pour a qu'on a rompu une premire fois
@willyborgia @SJayceS Celui qui veut tre au courant le sera. C'est pas une excuse valable
@xNemoooooo tu me tiens au courant j'espre que a va le faire !
@xiwantobeskinny elle est deja au courant pour mes tca mais on en parle tres tres treeeees rarement
A 8h ma mre tape la discute avec Marion et Pauline je suis mme pas au courant oklm mdrr
A la gare y a eu un accident ducoup j'ai pas eu mon bus
AH MAIS YA UN AUTRE CONCERT LA?? MDRRR DSL J'AI PAS REPRIS LE RYTHME JE SUIS PAS AU COURANT MDRRERRRRR OOPS
Accident entre une voiture et un bus  Nantes. Une femme de 23 ans gravement blesse. @SDIS44
Alors que toi tu meurs sur la premire pente du parcours, tu vois un citoyen, torse nu et musculeux courant avec des artres au bras. #DDL
Aprs la panne de bus et l'accident.. Le chauffeur est perdu
Au passage, j'tais pas au courant qu'Ibra avait le droit a 2 essais dpenalty. a, fallait ns le notifier Turpin. Au moins on serait avertis
Avec une tram pareille, va pas falloir trop taper en touche sinon faudra rcuprer le ballon dans la Mditerrane. #usap
Bon 1er journe o je me sens bien. J'ai termin mon papier sur #UneNuitAuMuse3  lire courant de la semaine prochaine sur @Cinematraque
Bon bah Loanne c'est la premire a tre courant
Bref ce mec est chez moi. Ma mre n'est au courant de rien. Je ris olala je ris
Bref. Je suis la dernire au courant. a ne m'tonnes pas.
C quoi cette histoire comme quoi Fakir il va se faire mler  Crpy pq jui jamais au courant
C'est bien parce que mon pre il est trs au courant de tout; il a demand  ma sur si elle avait le brevet cette anne... Elle est en 5me
C'est bien qu'elle soir au courant que ce sera la premire a se marier maintenant faut qu'elle sache que c'est l'an prochain
Ca fait 1o que je suis dans le froid pour attendre mon pre qui doit m'emmener chez mon frre. Je sais pas si il est au courant qu'il caille
Ce dimanche, le courant basculera au nord, dirigeant de l'air froid et stable mais plus humide vers la France....
Celui qui rame dans le sens du courant fait rire les crocodiles... :D
Chlo elle est elle me regardes et ce mets a courrir en courant vers moi j'ai cru j'allais mourrir
Comment a sera chiant , tous ces couples dans les trams -'
Compte tenu du niveau de rires et de cris, je prdis des larmes et des coups dans moins de 10mn. Je vous tiens au courant.
Coucou les amis ! J'espre que vous passez un bon dimanche ! Je vous tiens au courant prochainement pour mes...
D'ailleurs moi jvai arreter d'trop parler avec des comocos sur twitter apres bizarrement ma mere elle est au courant
Dans dis minutes il vient me chercher, ma mre est pas au courant.
Dcouvrez @Running_Heroes et gagnez des rcompenses en courant
Depuis la semaine dernire, on a toujours pas trouv o tait le Doubs. On est sur l'affaire, on vous tient au courant #circo2504
Dernires tendances sur les C.V : Langues : "franais = courant" (pas d'autre langue mentionne) 3 sur 15...
Donc demain, rveil 6h, puis bus puis train puis train puis bus et normalement je serai au taf  8h45 ! Normalement..
Donc le mec c'est un bodybuilder jle sais meme pas ? Pq jsuis tje la dernire a tre au courant ?
Dtective ConanTotally SpiesArchie Mystres et CieScoody-DooH Arnold!La Cour de Recr,Le Bus Magique Les Dessins Anims de ma vie
En plus la dernire fois que j'ai demand de me tenir au courant on la jamais fait.
En raison des pannes de courant en AfrduSud, considrez une trousse d'urgence de base. Cette liste peut vous aider
Et finalement sa mere etait au courant de rien, elle etait tellement due d'entendre que sa fille pouvait mentir a ce point...
Et j'suis mort,mon frre il travail depuis 2 mois j'ai tait mie au courant aujourd'hui  croire je suis exclu d'la famille
Et puis je suis au courant depuis longtemps sa me fait rire
Et samedi chez sarou meme si sa mre est pas au courant
Franois Bayrou ? "Il a commis une faute mais il faudra rassembler. Il reprsente un courant de pense." Franois Fillon #CPolitique
Grce  Twitter je me tiens au courant de la vie trpidante de guidoux; a m'fait rire
Gros sa mere elle etait sur le cul quand elle a entendu tout les mensonges qu'elle nous a dit, elle etait pas au courant
Hello, la premire vido sortira vendredi il faut que j'en discute avec Mylne. J'vous tien au courant
Hey salut tout le monde,ma premire vido va arriver d'ici peu."kill me tag"Allez vous abonner pour etre au courant,
Hier il est venu dormir chez moi , ma mre n'est mm pa au courant Kim est la
Hier soir j'ai appris un truc j'tais sur le cul mais genre vraiment sur le cul !! et videmment je suis toujours la dernire au courant ptn
Hihihi mon frre est pas au courant mais je vais la squatter
Ils sont au courant de rien, et ils osent parler.. Jvais pter un cble avant la fin de la journe.
Ils sont au courant qu'on peux passer 1er si on gagne ? #OLPSG
Imaginez on coupe courant a vient vers 20:50 , et la coupe est chez les Ghanens
Insi si courant coupe ce serai vraiment kall  personne regarderai le match
J'ai appris hier soir que ma mre tait au courant pour les pulls !
J'ai cherch pdt une heure ma carte de bus et finalement elle tait chez mon pre mdr du coup j'ai pas rvis voil
J'ai mal au ventre la ! Ma mre vient de me dire que Kev passait  mouilleron le 26/04 j'tait pas au courant
J'ai tap le cul de ma mre et je me suis barre en courant en criant "tout cul tendu mrite son due" j'ai honte de mes expression de merde
J'attend mon petit RER la go l'ivoire tout la nuit mec mme ci demain j'ai cour rien a foutre
J'comprend pourquoi y'avais pas de bus et de train pour aller chez moi la semaine dernire, j'en reviens pas de la neige qu'il y a !
J'espre qu'on t'as couper le courant pour Ca RT@illogiqve: -tu peux tenir a stp?,-nan dsl j'ai les mains prises
J'espre que demain le courant sera revenue ... Je veux rentrer chez moi ..
J'espre que je mange pas du chou farci, j'ai jur je me barre en courant de chez ma grand mre sinon
J'espre que la coupe du monde sera rediffuse en France sur D17 ou autre parce que les franaises le mritent! #EDF #FRAUSA #D17
J'espre que tout le monde  #Killarney, surtout #DINGLE #GLENBEIGH & partout est au courant de Faut pas Rever le 14/02 17h30 @cdbil #Sky796
J'tais au courant que Tsamre tait papa, mais j'viens juste d'apprendre que c'est Margot Laffite la mre XD #toujoursladernireaucourant
Je comprends rien moi,Je suis toujours la dernire au courant Mais bon les rumeurs je m'en fous un peu chacun est libre
Je crois elle est pas au courant que Yemma sa veut dire mre ..
Je la considre comme ma meilleure amie mais je la met au courant de ma rupture seulement 1 mois aprs...honte  moi...#LT
Je lche l'affaire. Je ne prfre pas prendre le risque de m'attacher a un courant d'air.
Je serais tellment maigre que les gens auront peur que je m'envole quand il y aura un courant d'air
Je suis encore une des dernire a tre au courant.
Je suis outree que the fosters a a repris mcq j'etais meme pas au courant
Je suis perdu donc pour remplacer le projet 18 on fera ...?  On vous tient au courant!
Je suis tllmt soulage que ma mre le soit au courant
Je veux jouer a la play et la mon pere "nan nan on coupe le courant" quoi?
Je viens de mettre une dernire personne au courant de mon clibat...a fait mal...
Je viens de voir toute l'quipe de la CIV embrasser la coupe,y a encore + de maladies dessus, que dans une barre du RER B l
Jfai partis des dernires personnes que le bus rcupre
Jlui es jur si il ce passer Kelke chose elle serai au courant mdrr
Journe des transports : taxi + avion + RER + train
Jsp si ma mre est au courant du nombre de bite que g sucer:/
L'lectricit? Laisse moi rire... Y a pas de coupure ici pour ta gouverne. On a l'eau, le courant, tout. Tu crois qu'on est  Brazza ici?
La Can partout partout .Aka.Accident d'un bus de Buca au niveau de Nsimalen. Une Vingtaine de morts. Eh ah. Affreux  voir.
La nouvelle LADA KALINA 2 sera chez nous dans le courant de cet anne !
La premire pute qui me dit qu'une sardine peut pas se noyer jlencule jsuis au courant merci bsx
La premire que j'coute le matin quand jvais a mon arrt de bus elle dtermine mon humeur d'la journe
La re-pu du bicar , trop de bolosse qui s'taye , chui au courant du plave ...
La vie c'est comme les bus. Quand tu loupe le premier. Saute dans le prochain. Tu seras seulement en retard.
Laccident de bus de la STAM fait un mort et 7 blesss,          ...
Le PSG j'sais pas s'ils sont au courant que s'ils gagnent ils repassent premier.. Mais bon j'dis a j'dis rien. "Bah tg alors" toi tg
Le RER D dj qu'il passe toute les heures , il ce permet de rouler  15km/h  je vais rater mon train putain !!!
Le chauffeur a ralentis parce qu'une beurette travers, jai dit cest orange tu peux pass.. tout l'monde ma applaudit j'ai conduit le bus
Le copains de ma mre il a dormis chez moi j'tais mme pas au courant et je vais devoir manger avec lui youpeeeeh
Le jour o je suis dans un centre commercial et il y a une coupure de courant, croyez-moi je vais voler d'une manire hein
Le monde manque d'un gif avec un homme nu courant vers la mer.
Le train qui a 5 minutes de retard du coup je loupe le bus. Oblig d'attendre 25 minutes. Je vais pter un cble.
Les commentaires sur les rseaux et les journes mondiales, si a faisait voluer les situations, on serait au courant.
Les frres bogdanofs ils font graves peur Mdrrrrr je les croise dans la rue je me barre en courant
Les gens vous tes au courant que le 1er Avril c'est dans 2 mois ... #MerciLesOneDirectionPourLaDateEnFrance
Les vieux couples dans le RER plein d'bisous l mais arrachez-vous de l putain
Ma mre elle  pt un cble, elle arrive ds ma chambre avec toute mes affaire " trop de sport tue le sport" et ce barre en courant .......
Ma mre elle toc a ma porte et part en courant en disant " c'est pas mooooooooooooooi " Mdrrr
Ma mre elle toc a ma porte et part en courant en disant "c'est pas moooooi" mdr
Ma mre qui vient me dire bonne nuit traine pas trop... Euh je crois que personne l'a mise au courant qu'il est 20:56..
Ma sur c'est une conasse elle vient crier dans ma chambre allume la lumire et se barre en courant
Mais JNSPJ elle est au courant son chalet pourrave ne nous fais pas rver une seule seconde ?
Mais sa ma soler j'dit Jarrivea 13h39 chez moi et j'vois les gens bougent vazi fin jvai pas en bus et en train
Mdr mon pre tait mme pas au courant pour Imagine Dragons
Merci  @ZeratoRSC2 @tpdach @Velahanlol @KoteiZousa pour les interviews ! Le contenu sera dispo dans la semaine ! Je vous tiens au courant !
Mme ma mre est au courant de sa rputation, putain elle est connue celle l !
Moi mme a me choque c'est la premire fois que je tiens ma mre autant au courant
Moi quand je vais me marier croyez moi que tout le monde sera au courant, j'le crierai  la terre entire! Tellement j'serai fire
Moment vraiment bizarre o le rer parallle au mien se dirige dans la mme direction que nous. C'est dangereux un train  l'envers non ?
Mon frre il fait c'est plan en mode solo apres il me met dedans je suis au courant de rien
Mon frre qui me dit tu a achet un cadeaux a ton copain ? Je lui ai rpondu : Ah bon j'ai un copain , je suis mme pas au courant !!
Mon pre a pris des chips au crevette il est pas au courant
Mon pre qui vient dans ma chambre, j'tais dans mon lit et la il gueule "une araigne, une araigne" je crie et me barre en courant du lit
Mon pre tait mme pas au courant que c'tait son anniversaire demain.
Mtro Ligne 10 En raison d'un accident grave de voyageur, le trafic est interrompu entre les stations Duroc et Gare d'Austerlitz [1/2]
Mtro Ligne 10 En rpercussion d'un accident grave de voyageur, le trafic est ralenti sur l'ensemble de la ligne. Trafic normal [1/2]
Mtro Ligne 4 En raison d'un voyageur sur la voie, le trafic est ralenti sur la ligne.
Mtro Ligne 4 En rpercussion d'un voyageur sur la voie, le trafic est ralenti sur l'ensemble de la ligne.
Mtro Ligne 9 En rpercussion d'un voyageur malade,le trafic est ralenti sur l'ensemble de la ligne. Trafic normal sur les aut [1/2]
Non mais les gens arrter de dformer le moindre truc dont vous tes au courant
Notre roster fait le tournois G4G ! On passe en freewin le 1er tour , on vous tien au courant ! @Furnity_eSport
Nous les filles quand on a nos rgles faut que toutes nos copines soit au courant, manire qu'elles compatissent avec nous
Parait qu'un bus de bucca vient de faire un accident??
Pendant la sance y'a eu une coupure de courant pendant 20 min et les flics qui ont debarqus vers la fin.
Ping-pong entre potes : Jouer vraiment : 5%. Courir dans la salle r cup rer la balle : 95%.
Premire partie de mon petit tour en hollande :  bonne exprience! Je vous tiens au courant pour la suite!
Ptage de plomb #UMP il serait temps de couper le courant aux cerveaux enfums Faire des recherches sur #PathologieSarkozienne
Ptdr mon frre qd gt en norvege m'tait mon chat ds ma chambre et partait en courant mais se rendait compte que je n'tais pas l, le boloss
Putain ca fair encore 2h que j'ai plus de courant c'est la galre chez moi a chaque intemprie
Putain on vient juste de rcuprer le courant a fait depuis 17h que j'avais presque plus de batterie
Quand a commence en DM, nous sommes pas au courant pk nous en informer quand on te tte frre? Faut grer c'est tout
Quand je cour derrire le bus  7h du mat et que je le rate quand mme j'ai des envie de manger du porc qui apparaissent tout d'un coup
Quand je fais quelque chose de bien, personne le voit mais quand je fais quelque de mal, la terre entire est au courant.
Quand le lyce apelle pour mes absences ils essayent trop de foutre la merde alors que ma mre est dj au courant.
Qui est dans le rer d ou sur le quai 20 a gdn en train d'attendre le depart de ce rer de merde
RT @1DBEProject: Je suis perdu donc pour remplacer le projet 18 on fera ...?  On vous tient au courant!
RT @5sosprojectFR: @5SOS_1DOfficial De rien ;) On doit programmer les dates bientt, donc tu seras bientt au courant ;)
RT @AlineRg_: Et samedi chez sarou meme si sa mre est pas au courant
RT @AntoineB_Oldman: Franois Bayrou ? "Il a commis une faute mais il faudra rassembler. Il reprsente un courant de pense." Franois Fillon #CPolitique
RT @CAREABOUTLARRY: AH MAIS YA UN AUTRE CONCERT LA?? MDRRR DSL J'AI PAS REPRIS LE RYTHME JE SUIS PAS AU COURANT MDRRERRRRR OOPS
RT @CIaudeFrancois: RE JE SUIS LA, DSOL DU RETARD J'AVAIS UNE PETITE COUPURE DE COURANT
RT @Cacolac_France: Cacolac dbarque enfin sur Twitter :-) N'hsitez pas  nous suivre pour tre au courant de toutes les dernires nouveauts de la marque !
RT @CalamityDie: Le RER D dj qu'il passe toute les heures , il ce permet de rouler  15km/h  je vais rater mon train putain !!!
RT @Chouocha: @marie_lthc Je crois que je suis la dernire de chez la dernire au courant. Je t'ai pas flicit pour le permis. (J'ai pas vu fb). Donc je
RT @DinoZorn: @Do_56 @bbskie2 @Marietopic Faut arrter de divaguer: Une femme doit savoir aussi rparer une prise de courant, poser une tagre... enfin!!
RT @El_Drl: @amandine_caz Oui bh tu seras la premire au courant hun !
RT @Elliotcoh: Ya un mec il courait aprs le bus, le bus ses arrter, l'mec il a vu y'avais des contrleurs il a fait genre il faisait un footing loool
RT @EloiseGallet: A 8h ma mre tape la discute avec Marion et Pauline je suis mme pas au courant oklm mdrr
RT @FemmedeBakary: Ma mre elle a dit crari il est 10h je vais dormir nan mais big LOL quoi elle elle est pas au courant que j'attends ma femme a 00h
RT @Hugiannini: Je viens de voir toute l'quipe de la CIV embrasser la coupe,y a encore + de maladies dessus, que dans une barre du RER B l
RT @IsabelleOtto: Vous n'avez pas l'air trs au courant les gars. Si vous aviez t abonns @3l3ctr0nLibr3 vous le seriez.
RT @JeunesFillon: "Les militants UMP doivent comprendre que F. Bayrou reprsente un courant de pense que je prfre de notre cot." @FrancoisFillon
RT @JuiMleh: G envie de me reveiller attacher a des rail de trains et entendre le Rer D ki arrivent de loin
RT @LauraaaCorreia: Y a des gens ils ont dit a mon frre que j'tais en couple meme moi j'tais pas au courant mdddr
RT @LaurinePcht: Ma mre elle toc a ma porte et part en courant en disant "c'est pas moooooi" mdr
RT @LeKouss: Fraudeur ch. Fraudeuse exprimente de RER,mtro,bus,Prte  partager l'adrnaline d'une sortie de train quadrille par les contrleurs <3
RT @LilaThielin: mdrrr je sent d'ici demain tout le monde sera au courant dans les campagnes la
RT @Lilhermann_New: Mon amie est die dans un accident dexcursion dans le bus et demain nous on a excursion...... frre je ne pars plus !
RT @Lovely_Tatyta: Ptdr j'ai jur chui pas normal, chui ds le bus j'coute pas de semblant mon corps il commence  crer une chorgraphie mdr j'me retient fort
RT @LuxBox: Le monde manque dun gif avec un homme nu courant vers la mer.
RT @MEDIA_fr_en_IRL: J'espre que tout le monde  #Killarney, surtout #DINGLE #GLENBEIGH & partout est au courant de Faut pas Rever le 14/02 17h30 @cdbil #Sky796
RT @Manekang: Alors que toi tu meurs sur la premire pente du parcours, tu vois un citoyen, torse nu et musculeux courant avec des artres au bras. #DDL
RT @MeilleurTweete: Les chauffeurs de bus parfois ils freinent d'un coup on dirait trop ils veulent faire tomber les gens debout mdr la verit sont des btards
RT @Miimie_Dosso: Imaginez on coupe courant a vient vers 20:50 , et la coupe est chez les Ghanens
RT @Minelauvarice: Si je vomis dans le mtro parce que je suis encore bien bourre, vous serez videmment pas mis au courant.
RT @Mouuls: Et j'suis mort,mon frre il travail depuis 2 mois j'ai tait mie au courant aujourd'hui  croire je suis exclu d'la famille
RT @MrFreezeTV: Merci  @ZeratoRSC2 @tpdach @Velahanlol @KoteiZousa pour les interviews ! Le contenu sera dispo dans la semaine ! Je vous tiens au courant !
RT @Nuela_Eko: @HyacintheSoh @SonelAes exagres c'est quoi? Mieux on vit sans courant pack avec ou sans eux c'est pareil
RT @OnMaApplaudi: Le chauffeur du bus a ralenti par ce qu'une beurette traversait, je lui ai dis azi passe c'est orange, on m'a applaudit, j'ai roul l'bus
RT @Pikmacuriosit: #cpolitique Fillon dit ne pas avoir t au courant des coutes de DSK quand il tait 1er ministre
RT @RadioLondres_fr: Depuis la semaine dernire, on a toujours pas trouv o tait le Doubs. On est sur l'affaire, on vous tient au courant #circo2504
RT @Reda_Jacks: En gros hier Gradur tait a la cl a bourg dans ma ville et j'tait pas au courant putain chui au bout  @GRADIDUR
RT @RemooveDGB: rtsi depui ke t o courant ke ton cousin est juif tu vien plus o repas de famille de peur de comettre 1acte ki te vaudra une peine a 3chiffre
RT @SalomeRouxel: Ma mre elle  pt un cble, elle arrive ds ma chambre avec toute mes affaire " trop de sport tue le sport" et ce barre en courant .......
RT @SheraMouahhh: Jsp si ma mre est au courant du nombre de bite que g sucer:/
RT @Skinanarry: Je serais tellment maigre que les gens auront peur que je m'envole quand il y aura un courant d'air
RT @Sophia__11: Le chauffeur a ralentis parce qu'une beurette travers, jai dit cest orange tu peux pass.. tout l'monde ma applaudit j'ai conduit le bus
RT @South_bulding: vos mres sont au courant quand vous prenez leur perruque pour faire des vines juste pour faire rire des blancs du 27 ?
RT @TavernaioJemima: Vous pouvez tre belle, bien foutue et intelligente/cultiver, vous tes au courant? Au lieu de prfrer tre apprcier par les mecs.
RT @ThisIsR2A: L'lectricit? Laisse moi rire... Y a pas de coupure ici pour ta gouverne. On a l'eau, le courant, tout. Tu crois qu'on est  Brazza ici?
RT @Tobetwitt: @SandBett @TUForg les bus qui puent, qui fument noir et qui n'avancent pas? Paske Paris rcupre des sous de la RATP ^^
RT @TouunsiMoha: Y'a un mec il courait aprs le bus , le bus c'est arrter, le mec il a vu y'avait des contrleurs , il a fait genre il fesait un footing
RT @Vanessa_Fts: Nous les filles quand on a nos rgles faut que toutes nos copines soit au courant, manire qu'elles compatissent avec nous
RT @_Lyaas: Les vieux couples dans le RER plein d'bisous l mais arrachez-vous de l putain
RT @abukebab: @sapapayaaah as tu lu le courant ? tu connais la soupape15 vers48 "De leur venin les arnans s'toufferont, a la lueur de leur blaspheme"
RT @aliceblyy: Bon bah Loanne c'est la premire a tre courant
RT @angewilliam5: @Laurel_Nando: : J'espre seulement qu'ils ne vont pas couper courant ce soir  ya coupure de courant hein
RT @bygrdck: Le PSG j'sais pas s'ils sont au courant que s'ils gagnent ils repassent premier.. Mais bon j'dis a j'dis rien. "Bah tg alors" toi tg
RT @ckctania: Ptage de plomb #UMP il serait temps de couper le courant aux cerveaux enfums Faire des recherches sur #PathologieSarkozienne
RT @denisdu01: @MarineLvt58 mdr moi je me serais barr en courant de chez lui mdrrr
RT @ecohum: Envie d'agir dans le Courant pour une cologie humaine ? Le courant #RECRUTE ! Rejoignez l'quipe com' !
RT @eelsouille: *mon frre faisant du bruit*Moi: TG,Lui: V *fuis en courant* Une carrire prometteuse dans la filire stmg option kev adams
RT @fr_lisa2000: y'avais une pote chez moi. Ma mre tait pas au courant qu'elle tait la, et elle se cacher dans l'placart pour qu mes parents la voye
RT @giannini84: @FlashBaal93 mdr pire frre plus de courant
RT @httpeur: Quand je fais quelque chose de bien, personne le voit mais quand je fais quelque de mal, la terre entire est au courant.
RT @imfrenchidiot: "c'est quand mme bizarre que t'es une soire le soir de la st valentin. t'es sre t'as pas de copain?" oui jserais au courant sinon j'pense
RT @kluiickees: Le week-end mme il est pas encore au courant qu'il est entrain de finir . Lui mme pense qu'il est en week-end a passe grave vite frre.
RT @krh_seval: plus jamais je monte dans un train ou bus avec lisa , elle cris sans pression elle a cru cetai les transports a son pere
RT @krisyangs: Parait qu'un bus de bucca vient de faire un accident??
RT @lauurabrg: @Isabel_Ftn ah ptn j'me suis dis dernire rumeurs que j'tais pas au courant a
RT @luxurexreve: jme suis battue avc mn frere et j'ai voulu partir en courant dans la salle de bain en allumant aucune lumire jme suis graille un miroir eh
RT @mel_fnd: @clara_beadles mdrrrrrr non mais je serais au courant sinon
RT @minaa_Mundibu: Jlui es jur si il ce passer Kelke chose elle serai au courant mdrr
RT @mlachuries_fn: Le @FN_officiel est une force de synthse, un courant de pense et une communaut militante et patriote que rien n'arrtera plus.
RT @nicodu91240: J tait a Paris je vois tout le monde cour je me dis c des boloss sauf que a la fin c tait moi le boloss a attendre 20 minute le RER
RT @quentinchvt: Putain ca fair encore 2h que j'ai plus de courant c'est la galre chez moi a chaque intemprie
RT @sheeranonmars: Heureusement que y'a ma soeur jumelle avec moi sinon j'crois que j'me serais dj barre en courant de chez moi
RT @spectafb: P.S : Je remercie Martinique premire de me tenir au courant de la Vie merveilleuse de Marvin et son Amant
RT @walkershky: Coulibaly c'est un trou du cul. Ya vraiment qu'un Malien pr croire qu'en courant assez vite il peut viter les balles
RT @yourfirefly_: j'suis toujours la dernire au courant tfacon
Si je rate mon train a cause du tram. Je serai au bout !
Si je vomis dans le mtro parce que je suis encore bien bourre, vous serez videmment pas mis au courant.
Si le rve que j'ai fais cette nuit arrive, j'aurai fai un reves prmonitoire sans etre au courant de rien.
St Paul askip ils ont dit que le pre cent c'est le 20. C'est moi ou on est juste pas au courant? !
T'as un couple dans le train ils se mangent un vrais Mcdo dans le RER, a sent trop bon, ils m'envient trop !
Toujours la dernire au courant
Tout les trucs de l'anne dernire il etais pas au courant
Trop deuspi pr ses trou du cul j'ralenti avant la ligne d'arriver , z'ont meme pas idee
Tu me connais vraiment mal car je suis pas du genre a laisser mes potes galre a 6h du mat dehors il aurais fallu etre au courant
Un accident de bus a fait 40 morts. 20 dans l'accident et 20 dans la reconstitution :)
Voil c'est bien ce que je dis putain je suis toujours la dernire au courant
Vous n'avez pas l'air trs au courant les gars. Si vous aviez t abonns @3l3ctr0nLibr3 vous le seriez.
Vous pouvez tre belle, bien foutue et intelligente/cultiver, vous tes au courant? Au lieu de prfrer tre apprcier par les mecs.
Vous tes au courant que pour faire un tchek  un pote j'ai mis 2 minutes + j'ai d arrter la musique pour me concentrer svp...
Y'a le courant (chose rare ici), le cblage est bon, le th aussi. On attend le coup d'envoi #GHACIV. Allez les Black Stars! 2-1 (Pronostic)
a vnr ma foi on est au courant que ce n'est pas de la littrature digne de Zola mais niquez vos mres elles aiment peut-tre les fesses
a y est mon pre est au courant
cet aprs-midi j'offre des places de concert  ma cousine, elle est pas au courant, j'espre qu'elle sera heureuse
chaque fois qu'il passe  l'a tl et que je suis pas devant, ma mre m'appel et j'y vais en courant tllmt jlm ce chanteur
confirmer (v.)tre au courant de faire la toilettesentraner (v.)pdaler (v.),ramer (v.)
dsole pour la tirade sur les PN, normalement les tweets sont tous relis, se tassent dans vos TL. c tellement important car TRES courant
et ouais j'ai rson frre tu les vois tu recule et tu pars en courant, c'es...  Kodrrr j'en peu plus dit toi frere
et qd je lai fermer elles ont entendu le bruit elles sont partit en courant yen a une elle a failli se ramasse j'me suis peter un fous rire
j'leur reproche rien c'est vrai que j'demande  la dernire minute mais merde quoi, a me soule de jamais tre au courant de rien
j'suis toujours la dernire au courant tfacon
jme suis battue avc mn frere et j'ai voulu partir en courant dans la salle de bain en allumant aucune lumire jme suis graille un miroir eh
jsuis toujours la dernire au courant dans cette famille
la j'aurais t gervinho je me serais mis  poil en courant sans m'arreter x)
les stars elles vont juste a l'aroport la terre entire est au courant. Toi t'y vas tout le monde s'ent bas les couilles
les trains de banlieue c'est 1000x mieux que les RER en vrai
ma dernire publie sur insta c'tait quand j'avais presque loup mon bus  cause de cette pause selfie, j'espre que a valait le coup
ma mre est au courant elle  compris
mdrrr je sent d'ici demain tout le monde sera au courant dans les campagnes la
moi je me serai barre en courant j'ai dj peur de descendre d'une murette alors bon #SOSPascal
on  une heure et demi de bus avant d'arriver du coup on va refaire le jeu de la dernire fois fpeozfpefpoejf.
owwwwwwwwwwwwwwwwwwww Copa rera dans poto oww ah les gars !!!
re les amis ! Je vous tiens au courant pour : Mercredi un stream ptisserie spciale ST Valentin , 3 petits...
rtsi depui ke t o courant ke ton cousin est juif tu vien plus o repas de famille de peur de comettre 1acte ki te vaudra une peine a 3chiffre
voil t'es la premire au courant @mistyday_69 #NiallsNewGirlfriendZoe
y avait plus de courant depuis 17h et c'est enfin revenu JE REVIS
y pourrait se passer n'importe quoi j'serais pas au courant bah ouais j'm'inquiete du coup
y'avais une pote chez moi. Ma mre tait pas au courant qu'elle tait la, et elle se cacher dans l'placart pour qu mes parents la voye
yoooooooooooooooooooo, je suis refais ! demain je game sur lol je dois passer bronze 1 demain, c'est l'objectif je vous tiens au courant.
