"@lamerciance: jai vu megg sortir du bus et courir vers moi c'tait lfire, a faisait juste 1semaine jlavais pas vu on aurait cru 6mois"
"Le trafic du RER C est fortement perturb ce matin" Oui, il est 14 heures.
"Plus de mdiateurs pour renforcer la prsence humaine dans le RER et les trains de banlieue en Ile-de-France".
"l'accident" de tram c'tait la folie un peu
#CitationDeLaSemaine by Monica "Celui qui rame dans le sens du courant fait rire les crocodiles" proverbe africain
#FF @EDelnatte Grace  elle, nous allons courir derrire un bus que d'autres prendront. #BusSolidarit
#FF @commandeur_j parce qu'il va passer le W-E de Pques avec @gillesverdez pour enquter sur le mystre des trains fantmes du RER ! #PDLP
#Mtro ligne 8. Colis suspect : reprise du trafic entre Concorde et Balard, mais au ralenti
#Nouveau Nous lanons une rubrique people. Dsormais vous serez au courant de toutes les rumeurs et potins sur vos stars prfres!
#Optymo vous tes vraiment des connards 14 min de retard le bus ! Ya des gens qui prennent des trains derrire !
("11 semaine de cours. 7h30. J'ai confondu un passager avec un lve, je l'ai sorti du RER en lui demandant son carnet. Achevez-moi.")
..dmarraient plus vite au 1/4 de tour en se sentant suivis...des hommes politiques seraient au courant de ces pratiques..menaces de ..
.@Very_Dick @SEBASTIENM0REL @2courson vous tes au courant qu'on peut avoir des dlgations ? Travailler sur des projets ?
1re fois que je peux enfin couter ma zik dans le bus le matin wsh
@ Bot_en_train: Le RER ou le metro ?
@Agatchouuu oui oui c'est bien de toi que je parle, ton pere seras au courant, compte sur moi
@Ainarieeel @LoL_Melon peka tu rages comme a ( btw la terre entire est au courant de ma cuite mtn cbi1 heureusement que c'pas souvent )
@AliceJhn Mdrrrr non ma mre est au courant mais pas mon pre
@Amel_Boh nooooon mdr t'inquite que s'il se passe un truc  ce niveau tu seras au courant :p
@AnaisCarron t'es dj au courant toi,t'as t la premire d'ailleurs
@AnaisSauvey mdr tu sera la premire au courant enfin si jte ldit au QG y a d'grande chance que tu ten souvienne pas le lendemain..
@Appel_Du_Sang je demanderais a a ma mre ce soir et je te tiendrais au courant
@CLePrenom: Kenza c'est le prnom d'une meuf qui cours derrire le bus mais elle le rate aprs elle marche@__jnfrv nous
@CallmeBroSky @Zack_Nani Ouais, tu vas en cours en courant et tu utilises les tables comme altres x)
@CamieNaud bah pour le coup si a cause de ce putaint de rer c
@CamilleGenais @dalirlg y'a que nous pour faire tomber des gteaux dans le bus et les rcuprer au bou du bus
@CaptainMarv Le drame hlas courant est que MJ fut peut-tre un monstre mais c son enfance brise par son monstrueux pre qui l'a enfant
@ChaDrnd j'ai reu son sms mais jsuis pas au courant du reste je l'appelle demain! Tg elle dort!! Si tu la rveilles jte dmonte
@ChloeRabillon jte l'aurais pas dis tu ne serai pas au courant
@Conducteur_RER c'est un nouveau concept de train couchette ? ^^
@DavidChoel w0of! pour eviter 1 Accident,2 blocage du carrefour par le bus #Basic + #Logic
@DavidHYN Ouais pour pas louper le RER je te paye ta clope de Mardi Tinquiete pas ;)
@Dr_Tiben je vais tenter de faire l'hlicoptre avec ma flamberge. Je te tiens au courant.
@Edeennes_ j'espre que a ira mieux .. Tu me tiens au courant
@EloiseAuvray @Enzo_Pz @nathandouchy "Tes" potes? a serait bien que je sois au courant... ^^
@FannyLameyre Ouai j'espre aussi mais bon j'y crois pas trop. J'espre qu'on aura la vido plus tard. Tout le monde est au courant l-bas
@FiersdetreGEEK a va faire tellement de bruit, la semaine prochaine, que tu seras forcment au courant :)
@France24_fr Il faut arrter de tourner autour du pot!La campagne tait pour Sarko et il n'est pas au courant de cette affaire..!
@GreenEyesBeriz j'suis dans le RER j'coute tout  l'heure !
@IndoMimi ah ba traffic perturb sur le rer A aussi ...
@InesBouscatel Attention parce que lundi ton fan club sera au courant de nos tweet hein
@Julienbrk courir derrire le bus quand t'as dj 5min de retard  ton cours o tu es suppos faire un expos sur le droit <<< srie,lit...
@Juulien__ Train  8h21 donc soit vers 8h10  la gare, prend qq tickets de metro ou fraude, comme tu veux, prend une CI sinon tu vas payer
@K_L91 ouai sans gne ! Et la dernire fois j'ai eu le malheur de pousser quelqu'un dans le bus waaa jme suis limite fait traiter stp
@KarenYes_We_Kev d'accord ! J'espre que a va aller ! Tu me tiens au courant hein
@KhagnibAlex @NadimBayeh_ il reprsente un courant du "mouvement" et ce n'est pas un courant d'air.
@Kol_Laura askip daja Halim travaille pas pour le moment donc ya moyen qu'il vienne nous rcuprer sinn c le bus a 18h30
@KonbiniFr n'est pas au courant qu'Ostgut Ton tient une rsidence au Rex depuis 3 ans
@LaurieCosmetik Le produit nous sera livr  l'entrept courant de semaine prochaine. Un petit peu de patience, votre commande arrive!
@LeHuissierBot vous n'tes peut-tre pas au courant ? Les tweet c'est 140 caractres. Et je dis ce que je veux. On parle du mme homme
@Lilou_Be Je viens de courir jusqu'au RER j'ai eu le dernier. J'arrive
@LolaVenez elle est au courant que ta mere est une putain
@Loux74 bonne soire tien moi au courant quand ta GTA 5 fera des parti
@MaaxiiMe_ mdrrrrr j'vais dead de rire t'es au courant ?
@Machiavelli_9 bn ma mre avait crit une rdaction sur "Michel" (ton pre?) qd elle tait jeune donc je suis au courant de tout
@MathieuTriclot Salut Mathieu. Lger retard de routage, toutes nos excuses. Cela va arriver. Tiens nous au courant.
@Max_Gou tiiens moi au courant et on fera buzzer
@MiissSeydii d'accord au pire prends un rdv tot vers 9-10 si tu px .. Tiens moi au courant
@MpMathilde je l'espre tiens moi au courant biz
@MrKaiz Ils ont rompu la semaine dernire, tiens toi au courant ...
@Nathan_Bnd @robilouis je demande  mes frres demain, je te tiens au courant! Mais je pense pas qu'ils seront prsents au bal haha
@Oliympiamiest oh merde alors, bon dans deux pisodes je serais au courant.
@PaulineLcff ma mre va dire oui c'est sur .. mais c'est bene la j'espre qu'il n'a pas t au courant avant moi
@Pirate_78 vazi tien nous au courant frere
@PrzMarion parfait je reoit mon horaire tantt, jte tien au courant :p
@QueenJagger la prochaine fois je viserai le coeur? Vu la semaine dernire mme moi j'tais pas au courant de cette histoire
@Reckless_Drivin mais ta mre est au courant que tu poses comme ca ou bien ?? :P
@RmyDps @FionaCvlr Bref j'vais suivre vos conseils pour ma tortue j'vous tiens au courant, j'espre qu'elle va m'repondre
@RoiDuPho: @TifannyRoy comen tu fera quand yaura coupure de courant ??  barrires en bois nan?
@SNCF_Direct a priori Patrice pourrait rcuprer une pince au futuroscope. On vous tient au courant.
@Sandy_Dlt petite comre  de toute faon il est au courant
@TahaBelkadi @KHIROO16 Cette fois, c en courant derrire la balle ;)
@TifannyRoy comen tu fera quand yaura coupure de courant ??
@UnHommedeGauche je pense qu'il reprsente quand mme clairement le courant identitaire du FN (avec la petite nice d'ailleurs)
@Woodyinho__ j'tais pas au courant de sa.. J'espre ces parents l'on buter! Grosse pute
@XXVIXXCVII @SarahSirine_ attendez Pause  vous tes au courant que Nicki sera en Belgique cette t ?
@Xfuzion13 Ok bah tiens moi au courant vers 16h pour savoir quand tu arrives
@Yasmeech @AlmeidAlexis haha mais tu reois meme une notif untel  replay ton snap, vous tes vraiment pas au courant ? Hahaha
@ZizouWeezy t'es au courant que c'est pass le 1er avril?
@ZombiesFaktory J espre que c'est pour bientt le DLC Merci de nous tenir au courant sur l actu
@_GirlPower75 De fou j'espre que a se refera  Tu nous tiendras au courant
@_smileofniall il faudrait arrter de cree 36 mille projets. Surtout qu'ils ne sont pas officiel donc peu de personnes sont au courant_
@abdesselem assis dans le rer une nan m'a colle un coup de son norme fessier dans l'paule en passant ,Salut Assia, a va ?
@ange11_angel tu prfres sans doute la Marianne Femen qui nous sert de timbre  usage courant, pas seulement ds les mairies @ElectreIsMore
@angeliquetrav89 si tous mes amies,grand freres,grande soeur sont aux courant
@arnaud_scal j'espre aussi je te tiendrais au courant
@cheshouille elle a appel mon pre y a deux heures, je suis la tout le week end et je n'tais PAS AU COURANT
@enola_nono c'est ma premiere japan aussi.. :p mais normalement cst train, metro, rer :p
@flora_yoga @rdvyoga malheureusement mtro ou RER c'est mon lot quotidien ! Du coup ce rflexe mditation peut me faire bcp de bien :)
@fondationhulot bonjour. Je suis trs content qu'il vous ai plu. :) ce sera avec gd plaisir que vous l'y mettiez. :) tenez moi au courant.
@fpottier Si tu coutais la matinale d'Europe1 comme moi tu serais au courant depuis des heures ^^ #laviesansfranceinter
@galeRERAfr Je n'avais pas vu ! Merci :) En fait, c'tait un service de bus, parti avec 30 minutes de retard et y a eu un mini accident !
@ginnyw_rpgM oui..mais il a t au courant de l'histoire et il s'est mis trs en colre. .
@grwkcx Plus srieusement tu seras, aprs ma mre, la deuxime personne au courant si a se ralise aha
@hangingxglader super, coute tu me tiens au courant? Jsuis toujours la deuxime fan j'espre?
@hazfthxmmo OUI CE SERAIT BIEN EN EFFET BAH DEJA JE SERAIS SUR LES ABYMES LE 22 AVRIL ET PUIS SINN JE TE TIENS AU COURANT QUAND JE MONTE SUR
@hugodenizart1 Bien reu, je vous tiens au courant. ^G
@hugodupont_ Nous allons voir pour en rcuprer ;) Nous vous tenons au courant ds que possible.
@iDeaL_SunnyEmo @GumpiGumpah il aurait du me dire le Gumpi je serais venu il tiens plus au courant le bro
@infosActus @CharlesMartelu1 Belles ttes de FUSIBLES oui ! Combien ont ils peru pour jurer que NS n'tait pas au courant ?
@ja3far2012 chnowa Elli mouch courant ici?? Fibelek les ventes de bires 9adech?! @yacerr @adel_0
@janyabadi @FigaroTech les lobbistes de tout poil, parce que l, on sera vraiment au courant de ce qui se trame !
@juliensagot @Nesussien au cas ou tu ne serais pas au courant, il a aussi t prof dans sa vie.
@kekerobusto la week-endire  j'irais en rentrant de vacances alors ! Tu me tiens au courant. Bon we
@lefebvrecelia ouais ouais change pas de sujet Isabelle sera au courant dans peu de temps!
@lomatakeren: @Yensakimputu ptdr , courant ezongi ??jamais ezonga c'est rentre vers 3h mdr je dormais
@mahamiou Je suis sre qu'ils ne sont mme pas encore au courant :) et que a ne changera rien qd bien mme ils le seraient.
@mayhembreak @raphaox Tiens moi au courant je serais le supporter officiel
@mouriouxmaugisf @reseau_tan Bonjour L1 est coupe (travaux) mais la liaison Bd de Doulon/F. Mitterrand est assure par des Bus Relais Tram
@mrdlgg mais a serait norme  je te tiens au courant !
@mylovelyjung 1re au courant !
@nicolas78955_2 @LIGNEJ_SNCF Ni RER A, ni train pour Poissy?
@peucoortuailse mdr j'suis encore la dernire au courant ! :p
@saeptem Le respect on l'a tu y'a longtemps Saeptem merci de te mettre au courant des dernires actualits :/
@staysmp derien j'espre gagn de tous cur je te tiens au courant
@stephkinable J'espre! Tiens moi au courant!
@supsurfer0702 tu as russi  avoir ton train avec les problmes sur le RER A ?
@tommobey Je te tiens au courant, j'espre que a va babe?
@valx51 bah oui mdddr j'avoue tous le monde est au courant mme la terre entire maintenant
@w0rder Merci, je te tiens au courant.
@w0rder okay, tiens nous au courant !
A l accident y a qd meme eu la camera devant le fdp de conducteur de tram il a rien capter aussi lui
A la base des bases c'est moi la premire au courant pour tous hum! @FrPauwels <3
A la def Alicia elle me dit dpche toi le rer est la, on cour et il part on l'a louper de peut et aprs je regarde l'heure et la
Accident de bus  Rpublique je me suis fait mal bhuu
Ah et ma mre est au courant pour les 4h de colles... Oups.
Aketo ptit gteau t'es galber comme un cerf volant des qui a un courant d'air on t'retrouve sur terre trangre !
Alexandre qui a dit qu'il ferait la soirer au ski mdrr bah les profs sont pas au courant
Apparemment, je serais en couple. J'tais pas au courant mdr mskn.
Aprs relecture du chapitre, j'suis sre que Zayn est au courant pour le prnom d'Harry. Mais genre il dit rien il respecte et tout #ISILfic
Aprs tous les potes de mon frre ont rappliqu j'ai eu droit "ton frre est au courant" baaaaah oui!
Aprs y avait un accident  Nemours du coup le bus est arriv 30 minutes en retard
Askip je gre les bails avec mdr j'tais pas au courant
Avc mn frre on regardait Fauve danser ds #VTEP en s'disant qu'on aimerait bien danser comme elle sauf qu'on est plus dous en courant quoi
Avec les RT de @ludoFJ je dcouvre que le RER a une maman. La pauvre mre, son petit train n'est pas toujours trs ponctuel
BARBARA attent quoi pour le plaqu RAPH sxr atta atta t'es au courant que le gars baise derrire ton dos et t'es la  discute #LesAnges7
BFMTV, au cas o vous ne seriez pas au courant, des terroristes ont tu 150 tudiants au Kenya. Elles sont o vos ditions spciales?
Blacklist a repris depuis longtemps je n'tais mm pas au courant tchip
Bon au final j'ai vraiment pas cours, les rer sont supprims. Demi-tour
Bon bah merci pour tout ceux qui taient au courant et ont ts la pour moi. C est finit pour mon grand frre. Je serai plus ici longtemps
Bon bah prochain train dans 1h merci l'autre connard qu' un accident avec le tram
Bref on parie combien jvais avoir des problmes  cause de ca ? Jsuis sre la principale elle est dj au courant, ma prof principale aussi
Bref, j'ai fait un malaise  cause de la fatigue et j'ai louper le bus youhou ... j'espre sa aura pas de csq sinon c la grosse merde
C'est chaud quand mme, j'pensais pas que tout le monde serait au courant, a craint..
C'est dur d'tre sincre dans un monde de mensonge. Mais je prfre nager  contre courant
C'est gnial je suis la dernire au courant alors que c'est moi la premire concerne
C'est la premire fois de la semaine ou je n'ai pas besoin de courir pour avoir le bus
C'est toujours la mme galre dans le bus quand t'as ton sac de cours et de sport tu bloque dans tous les siges t'as trop l'air con
Ce matin j'tais dter a aller en cours et puis je me suis rappeler que y avait pas de tram du coup je me suis recoucher
Ce soir cours de Funk au gymnase Montaigne 15 rue Auguste Comte RER luxembourg ou M.Notre Dame des Champs ...
Ces millions de retraits sans retraite vont rien acheter. a va bien  contre-courant de la relance
Courant est revenu , les btards coan pour gter appareil des gens
Courant tsamre
Courir derrire le bus des le matin c'est pas trop mon dlire
Courir des le matin pour un rer <
Dans le RER, j'tais assise  ct d'un couple qui s'engueulait, c'tait horrible
Dans tous les cas le bus sera en retard et je vais rater mon premier train et je vais devoir attendre 20-30 minutes que l'autre train arrive
De retour  la campagne, je mets au courant ma mre au sujet de mon projet de folie capillaire. Et bien, elle n'tait pas trs emballe !
Depuis ce matin neuf heures j'ai fait bus, tram, train et re bus.,:)))))
Des fois je prfrerai ne pas etre au courant de certaines choses
Deux semaines de merde. D'abord mon accident, quelques merdes au taf et l des fdp qui foutent la merde sur les quais des RER.
Diffrence Demande de rfrer et conciliation
Dj propose  lire mais pour ceux qui ne seraient pas au courant... Bonne lecture.
Donc bientt toute ma famille sera au courant que je me fais vomir putain a me met dans tous mes tats je veux mourir maintenant
En courant j'ai croiser je voulais y arriver comme Mercredi je m'arrter pas de voulais y arriver, mais j'ai craquer j'en pouvais plus
En effet un courant induit dans le corps altre la respiration cellulaire, accumulant les toxiques en nous. @SamainPierre @FigaroTech
Enfaite a me fait chi de mettre lev  7h et de ne pas aller en cours. J'espre que mes parents seront pas au courant ptn
Enfaite moi sois je suis jamais au courant de rien ou sois je suis au courant  la dernire minute c'est dare l'quipe que j'ai
Enfin j'ai fais le dbut puis aprs on s'est barr en courant et en se cachant derrire des voitures et dans le parc mdrrrr
Et demain j'ai cours, pas de weekend de 4jours, pas de sortie, je serai toute seule dans le bus, c'est bien gavant
Et on finis la journe comme on l'a commence: trafic perturb sur le RER A ! ...
Flemme de courir aprs les femmes wesh, je cours aprs le tram 500m je crache mes poumons frere'w
France Bleu | RER C : le trafic trs perturb  cause d'un vlo jet sur les voies
Franchement se couper les ongles dans le rer c'est dgueulasse madame #joiedurerA
H.Nassfi (NT): le terrorisme na pas de religion, cette guerre que nous avons dclar ne sera pas men par un seul parti ou courant #TnARP
Heureusement pr aller en cours jprends pas le rer, j'aurais pt des cables
Hey @BFMTV, au cas o vous ne seriez pas au courant, des terroristes ont tu 150 tudiants au Kenya. Elles sont o vos ditions spciales?
Hier soir  , 3 michtoneuse qui sont arriv en courant vers moi , elles ont bu un verre je me suis retourn elle embrassait 1 gars
Il faut que je lise le texte de la prof d'anglais dans le bus, elle a vraiment insist et personne ne l'coute alors a lui fera plaisir.
Il y a du monde sa mre. Du coup pour les 40min de retard mini je pense que c'est mort. En plus le tram arrive pas x)
Il y a un gamin qui fait que de me regarder dans le bus ... Du Coup je lui a tir la langue et il a arrter !^^
Imagine un bad pote a toi il envoie des messages bizarre a ta goh et toi t'es au courant de rien COMMENT JE SERAIS MOUE
Inscrivez-vous  notre newsletter pour tre au courant de nos dernires offres et nos bons plans :-)
Insolite : en retard  son cours de cirque, elle commence ses tirements  la barre du mtro et se change intgralement  bord du RER.
Ismne au courant vient se joindre a la convrsation et defend sa soeur. Hemon au courant de l'excution de la femme part affront son pre#2
J'ai encore vu les gens sur le quai de boullainvilliers devoir courir parce que le RER ne s'arrte pas sur cette partie du quai !
J'ai failli louper mon bus. a c'est  cause du rire d'Emma a m'a mis en retard. ):
J'ai fermer la porte ,ma mre est rester dehors 20 minute aprs elle est venue vers moi pour me dfoncer, j'me suis cass en courant
J'ai jur le rer D il fait peur wsh ya que des gens bizarres et le train il fait des bruit bizarre
J'ai l'art et la manire de louper mon bus
J'ai loupe le bus mais ma mre m'a amener  un autre abris de bus
J'ai mme pas envie de rentrer a ma maison j'ai oubli mes couteurs... 1h30 de transport a couter les bruits des RER et autre trains..
J'ai peut tre trouver un travail !!! Je vais voir sa mardi ! Sa serait trop cool ! Je vous tient au courant :)
J'apprends que mon PP a pris rdv avec ma mre pour parler de mes bras (idk si elle est au courant) et il a dit qu'il y aurait aussi
J'arriverais jamais une fois  tre  l'heure. Ma mre a d s'arrter devant le bus pour le bloquer pour que je ne le loupe pas
J'aurais pu commencer  10h mais non, faut qu'on soit au courant  la dernire minute
J'dis sa mes si le bus serait partis devant mes yeux j'aurais pleurer toutes les larmes de mon corps
J'espre qu'elle va mieux j'tais mm pas au courant de tout mtn je comprends mieux
J'espre qu'tout l'monde est au courant qu'a aurait d tre moi qui patinait c'soir psk j'suis qualifie et suis arrive 1re.Voil,merci!
J'me ferai plus discrte la prochaine fois psq il est au courant
J'suis dans l'rer v en cour
J'suis descendu du tram  la gare, il tait 17:08, mon ter il tait  la dernire voie, et partait  17:10, j'lai eu crme dans courir
J'tais assise et le bus partait de l'arrt et il commenait  acclrer mais d'un coup il s'est arrt bc y'a une meuf qui traversait -
J'tais dans le tram avec ma gd mre et quelqu'un coutait du rap avec des "nique ta grand mre" et a l'a fait rire
J'tais en retard, j'ai oubli mes lunettes du coup j'ai du revenir chez moi et mon pre m'a conduit  l'arrt de bus. #MonHros
J'tais prte  35, j'tais juste encore en pyjama. Mais je gre, je me loupe pas le bus.
J'vais pt un cable ya plus de train sur rer a
Jai louper mon bus mon pere ma engueler mdddr des le matin
Jai prefere le dire a mon frre c mieux comme sa il est au courant
Je dort avk d'la zik,j'me lave avk d'la zik,je vais en cour avk d'la zik,en recre j'ecoute dla zik,dans le bus aussi,chz moi aussi inquitant
Je pourrais dire j'ai vcu un accident du tram
Je prpare la vido explication pour demain les amis. :) Vous serez au courant de tout et de que je vais faire ! :) #Gnial
Je suis a Besanon, et j'ai pas train avant 19h30, j'arrive a Stras vers 22h45 et en plus y'a pas de bus, y'a que dal. Cmnt j'vais moi?
Je suis bien sur d'tre la dernire au courant
Je suis toujours la dernire au courant c'est fou
Je veux aussi ces tlphones qui me permettent de voir un film dans le train quand Le Rer A et Free mobile me font la misre comme now.
Je vois pas a qui je pourrais demander sans que ma mre soit au courant
Jetait acheter 1chargeur pr Mamd il tait avec son bus et moi en voiture jle suivais derrire jlui klaxonne qu'il s'arrte le mec y trace
Jsui dans la voiture jatends mn pere ya une meuf devant chez moi elle a louper le bus Il c pa arretez
Jsuis sortie des cours  15h, premire chose que j'ai faite, couter le nouveau @nekfeu en attendant mon bus
L'autre jour dans le rer jvois une meuf avec UN NOUVEAU NE dans lporte bb qui traine Avc les cyber la ma parole j'tais subjuguer
L'avion, la voiture, le bteau, le train, le bus... Aucun de ses moyens de transport n'est sre !
La copie conforme de IceT a ct de moi dans le RER j'aime bien
La dernire fois on a croiser un type jme suis barr en courant
La grve des bus  Toulouse, une galre !!! Du coup ce week-end devait tre un week-end jovial, mais apparemment non.
La plaquette d'inscription sera disponible courant semaine prochaine !
La verit des maths : cours, 1+1= 2. Exercices : 2x2 =4. Interro : jean a deux pommes, il prend son bus a 7h20. Calculer la masse du sol.
La vido du vieux qui agresse une meuf dans le RER A m'a mis sur les nerfs. Un mec comme a faut lui couper les couilles  vif
La vrit Maelia c'est toujours la premire au courant de tout
Le 11 yaura plus personne. Je vous le dis hein au cas o vous ne seriez pas encore au courant. Z'kzejzkzkzjkajzb.
Le RER qui zappe la gare de Neuilly sur 4 train... je vais finir par dormir sur le quai.
Le chinois meurt  , Leiti retrouve la mmoire , Jason devient le meilleur pote de Torreto a la fin et Paul Walker meurt ( accident de bus )
Le monde s'enfout compltement des pays pauvres si c'tait les states on sera tous au courant #JeSuisKenyan
Le pre de Lauren n'est mme pas au courant qu'elle repasse le brevet
Le roman sera publi courant 2015 !
Le site Web de 3 Bis sera en ligne courant avril
Le timing est serr, s'il te plat saint RER A bni ton serviteur de tes grces, ne me fais pas rater mon train. #roadtoGA #CESTCHAUDPUTAIN
Les " personnes n'en parlent " si personne n'en parlait vous ne seriez pas au courant
Les coulisses de la rdaction: 23:31 Alors, vous montez dans le bus ou pas? / Photo truque pour une colre ex...
Les lobbys d'@EarlyGames sont down, mais vous inquiter pas, le staff est au courant ;)
Les lves partirent en courant , tous les petits reviennent sauf Abou et les parent dit au professeur " regarder mon petit il est venu 1er
Lol. Ce soir les transports c'est un peu n'importe quoi par contre: plus de rer A, dtour, train qui s'arrete a peine hors de la gare...
Lors de votre prochain dner avc @ClaudiaTagbo,@OlympeMusic & @oohjulesblog ayez tjrs D tas de bougies car OMG si coupure de courant il y a
Louper le bus pour la premire fois!
Louper le bus, a a des avantages, au lieu d'arriver  7:30, a sera 8:30 pour commencer finalement  10h super..
Ma gd mre elle m'appelle : Cleo par ce que elle dis que Chloe c trop courant :/
Ma mere elle m'a fil 20 pour que je m'achete un ticket de metro, j'crois elle a zapp que ca coutait moins de 2 un ticket XD
Ma mre doit tre au courant?
Ma mre elle m'a dit tu bois pas trop j'lui est dit ouais tqt et jme suis barr en courant
Ma mre elle me prvoit du baby sitting, apparemment la date est dj fixe et tout mais elle a juste oubli de me mettre au courant
Ma mre elle veux pas menmener jv devoir prendre le bus le train si il pleut sa va tre la merde sa va me souler
Ma mre elle vient en courant elle crie "MAN'NNNNON VIENT VIIIITTTTE YA TALHASA SUR LALGERIE VIIIITTTE" mdr
Ma mre est pas au courant que je vais pas en cours
Ma mre me dit tout le temps " je suis pas ta copine" Comme si j'tais pas au courant.
Ma mre n'est mme pas au courant mddr
Ma mre n'est toujours pas au courant.
Ma mre veux aller au cinma, regarder fast and furious 7 mais j'crois elle est pas au courant que fallait regarder les prcdents mdr
Ma sur vient de partir en courant vers le bus, et perso, j'ai de la chance, je commence  10h et pas  9h comme je le croyais ^^'
Mais il est fou se bus ! Y voit que les barrire descende parce que le train va passer et y passe se btard la !
Mais je vous jure que si mon pre est au courant de ce que j'tudie en svt il me dscolarise direct mdr pas d'disquettes
Marine veut tuer le preL'homme g gneL'homme g gne Marine veut tuer son pre,Changer le courant du FN
Mdddr y'a une coupure de courant ma mere elle me dit mets way way sur ton portable qu'on s'ambiance chuiya!
Mdr hey fdp tu m insulte de gay refoul j'espre que tu es au courant je suis le 1 avoir ken ta pute de meuf mdr
Mdr il y a gars il fais son sport en courant et en mme temps en poussant la pousser de son bb wesh c'est un tre humain pas une altre
Mdr j'ai trop scher ma mre est au courant de mes 25 heures d'absences en 1 semaine mdr je suis dans la merde
Mdr la honte je viens de sursauter dans le RER Pcq y'a un train qui est passe  ct de moi
Mdrrr l'anne dernire mon ptit remix il tait dare "quand je vois tes yeux je suis amoureux, quand je vois tes dents je pars en courant"
Mdrrrrrrrrrrrrrrrrrrrrrrrrrr ds qu'il partait en courant je pleurais de rire, on dirait qu'il avait chaud de se faire monter en l'air #LRT
Merci de nous suivre @p_cresson @EmelinePettex On vous tiendra au courant quand un de nos plicans fera un tour en France.
Mme si y'a pas de bus mon pre m'as dit tu vas en cours
Mn pre me fait "on ce tient au courant pour ce voir aux vacs d'avril" OK papa c'est dans 1 mois je vois que je te manque bcp mdrrr
Moi jv en cours mdr les bus c'pas une excuse pour ma mere mdr
Mon activit du matin dans le RER, couter du rtro et m'imaginer danser. Yen ki sa...
Mon frre est au courant
Mon frre j'le rveille 3 fois il se lve pas, mtn il a louper le bus cheh
Mon frre qui dit "j'ai vu un truc dans le journal qui vas trp vous intressez!",Merci mais on est dj au courant qu'il y a une expo HP :')
Mon frre va arriver pour venir me chercher dormir chez lui je viens de sortir de la douche j'tait mm pas au courant mdrr oklm
Mon frre, 27 ans, fume toujours en cachette alors que tout le monde dans la maison est au courant
Mon papa il a dit qu'il m'emmnera pas  l'aroport du coup j'dois trouver un train puis un RER puis un billet d'avion au bonnes horaires...
Mon pre il tait mme pas au courant que je pars lundi
Mon pre qu'est mme pas au courant que je retourne au festival cette anne
Mon pre qui dit "je dmnage demain" oui enfin il va juste aider quoi, parce que sinon j'tais pas au courant
Mon vieux pere part au Marathon des Sables courir 250 km et moi je suis pas foutue de courir apres le bus...Fchier
N'abandonne jamais, mme quand tu cours derrire ton bus qui est  300m de toi
Non mon enfant, tu n'as pas le droit d'couter Jason Mraz aussi fort dans le RER un vendredi soir  15cm de mes pauvres oreilles.
Oblig, Laura c'est la premire  avoir t mit au courant de ce qu'il m'a envoy mdr ! #LT
Oh c le week-end de 3j la en plus jsuis la dernire  tre au courant j'en ai marre mdr
Oh merdeeu. Ma soeur elle a voulu courir pr prendre le rer elle est tomber dns ls escalators de chtelet elle a pt ses genoux
On a faillit sfaire pte par les contrleurs hamdllah Nono les a vu on es sorti en courant sa mre
On y pousse un peu de travers skate bmx puis nike la ratp tt sa rythmer de rap musique ma jeunesse a la couleur des train rer c pdt le traj
Ou sont mes concurant tout se sais si tu parle sur notre dos tqt on sera au courant
Par contre fallait partir vite pcq si tu loupe le dernier rer c'est tendu
Paul Walker c'est un mec qui survit  un bus qui penche au milieu d'une falaise mais il meurt dans un accident o MBaye Niang a survcu. mdr
Pb de RER A = correspondance loupe = RV tourne en rond  St Lazare grrrrrrr
Plus de train (accident sur les rails) et aucun bus comme remplacement = je vais peut-tre pas en cour la semaine prochain
Plus jamais de ma vie je prends le RER B, t'a l'impression que le train il est rempli de pisse tellement a pu!
Plus sympa : envoyer des taxis pour rcuprer ceux qui n'ont pas pu monter dans le bus.
Pour celles et ceux qui ne seraient pas au courant ou qui auraient oubli, piqre de rappel: Le nouveau Abus est...
Pour moi j'pense que la famille rien de plus et en plus personne d'autre ne sera au courant dans tout les cas vu le peu de news qu'on veut
Premiere tape rer pour aller chercher mon train :-) #trollsetlegendes
Ptdr il sait pas que le courant passe par le fer  #lrt
Ptdrrrr chui mort ce de l'abus moi je me serait dj barr en courant #lrt
Qnd tu quittait ton village nomm 7.7 pour t'arrter devant chez la fille tel un hiboux pour l'empcher de sortir? On est au courant aussi.
Quand tu es le(a) seul(e)  ne pas tre au courant : @MisterVonline PTDRRR #VTEP (c'tait la semaine dernire)
Quand tu prends le train tu payes ton billet super chre t'as que dal et quand tu prends le bus  2 t'as la Wi-Fi gratuite oklm
Quelqu'un est mort dans mon livre,du coup j'ai pleure comme une gosse dans le rer. Les gens me regardaient trop bizarre
RER A : Un accident d'exploitation met le feu  la Toile
RER A: les trains  destination de Boissy Saint-Lger sera terminus Vincennes suite  un colis suspect
RER C : le trafic trs perturb  cause d'un vlo jet sur les voies (via @francebleu)
RER C Plus de trafic en raison d'un vlo jeter sur les voies. ...
RER supprim, TER retard, la joie des trains ds le matin
RT @5_Gmx_: @Edeennes_ j'espre que a ira mieux .. Tu me tiens au courant
RT @ATIPHANGNEE: La dernire fois on a croiser un type jme suis barr en courant
RT @AbelityDrogba: Mdr hey fdp tu m insulte de gay refoul j'espre que tu es au courant je suis le 1 avoir ken ta pute de meuf mdr
RT @Alexandrinefrt: C'est chaud quand mme, j'pensais pas que tout le monde serait au courant, a craint..
RT @AmineKies: Ds que jprend la 13, le pc3 ou le RER A j'ai envie d'vous coupez les 20 doigts n par un puis vous brulez vif pour que vs souffriez #LT
RT @AudeLeila: Courant est revenu , les btards coan pour gter appareil des gens
RT @AudreeyLrx: La 1re  tre au courant que j'ai chang ma bannire c'est quand mme la seule meuf que j'ai bloqu quoi! #Espionne rime avec #bouffonne
RT @AyishaMiraClb_: Qnd tu quittait ton village nomm 7.7 pour t'arrter devant chez la fille tel un hiboux pour l'empcher de sortir? On est au courant aussi.
RT @BdnReda: ZAZ on Dirait Une meuf qui traine de bus en bus avec sa canette de bire et qui pue
RT @BenjaminPitcho: #FF @EDelnatte Grace  elle, nous allons courir derrire un bus que d'autres prendront. #BusSolidarit
RT @CelebsinParis: #Nouveau Nous lanons une rubrique people. Dsormais vous serez au courant de toutes les rumeurs et potins sur vos stars prfres!
RT @ChelxieEC: Voil ! Si le bus a un accident #eclypsia c'est fini xd @Skyyart @Jirayalecochon @Ruurk @AllaisLouise @LRB_LoL
RT @ClaireLetommo: Aucun train aucun rer , mon mec coinc  poissy et moi  saint lazare
RT @Claire_Dnf: perturbations sur le RER C jusqu'aux derniers trains ce soir <3
RT @Clemmm_: Ce matin j'tais dter a aller en cours et puis je me suis rappeler que y avait pas de tram du coup je me suis recoucher
RT @CritiqueTout: Mdrrrrrr y'a Kanye et Kim K elle est mme pas au courant. Typiquement le genre de truc qui arriverait  ma mre.
RT @Cypr_: Les " personnes n'en parlent " si personne n'en parlait vous ne seriez pas au courant
RT @DelarueJC: @nicolas78955_2 @LIGNEJ_SNCF Ni RER A, ni train pour Poissy?
RT @DieezLyh: Tout les vendredi y'a un accident sur la ligne C incroyable
RT @Dorian_Cx: N'abandonne jamais, mme quand tu cours derrire ton bus qui est  300m de toi
RT @Doriane_Pedron: J'me ferai plus discrte la prochaine fois psq il est au courant
RT @ECBCAMP2014: La plaquette d'inscription sera disponible courant semaine prochaine !
RT @EmiiCherry: Aprs relecture du chapitre, j'suis sre que Zayn est au courant pour le prnom d'Harry. Mais genre il dit rien il respecte et tout #ISILfic
RT @Entre2chaises: Mon vieux pere part au Marathon des Sables courir 250 km et moi je suis pas foutue de courir apres le bus...Fchier
RT @ErwinKoffi: Moi jv en cours mdr les bus c'pas une excuse pour ma mere mdr
RT @Gaelle_77: Aprs y avait un accident  Nemours du coup le bus est arriv 30 minutes en retard
RT @Gemeauxlife: Oui le #Gmeaux a ses moments de jalousie. Malheureusement pour vous, vous ne serez jamais au courant ;-)
RT @Jirayalecochon: Je prpare la vido explication pour demain les amis. :) Vous serez au courant de tout et de que je vais faire ! :) #Gnial
RT @Kepassa_Negro_: Je dort avk d'la zik,j'me lave avk d'la zik,je vais en cour avk d'la zik,en recre j'ecoute dla zik,dans le bus aussi,chz moi aussi inquitant
RT @LAURA927813: J'espre qu'elle va mieux j'tais mm pas au courant de tout mtn je comprends mieux
RT @Lau_sbt: @Amel_Boh nooooon mdr t'inquite que s'il se passe un truc  ce niveau tu seras au courant :p
RT @LePrenoms: Kenza c'est le prnom des meuf qui cour driere le bus mais elle le rate apres elle marche
RT @LucBlondeau_: @MaaxiiMe_ mdrrrrr j'vais dead de rire t'es au courant ?
RT @Manou66666: @CapucineAnav toute la ville est au courant limite  Mais perso a ne me drange pas j'aime bien me remmorer ces moments avec toi..
RT @MartinBrmt: Des fois je prfrerai ne pas etre au courant de certaines choses
RT @MayannaYellema: Le monde s'enfout compltement des pays pauvres si c'tait les states on sera tous au courant #JeSuisKenyan
RT @MimineRoy: J'suis descendu du tram  la gare, il tait 17:08, mon ter il tait  la dernire voie, et partait  17:10, j'lai eu crme dans courir
RT @MissKayliah: @MiissSeydii d'accord au pire prends un rdv tot vers 9-10 si tu px .. Tiens moi au courant
RT @MorganePtmx: C'est la premire fois de la semaine ou je n'ai pas besoin de courir pour avoir le bus
RT @Morufux229: "La Sbee a donn, la Sbee a repris. Que le courant repose en paix" #Team229
RT @MrDrawings: Deux semaines de merde. D'abord mon accident, quelques merdes au taf et l des fdp qui foutent la merde sur les quais des RER.
RT @NousLesFiIIes: ya un mec il courait aprs le bus, le bus ses arrter, l'mec il a vus y'avais des contrleurs il a fait genre il faisait un footing mdrrrr
RT @PakerMax: @UnHommedeGauche je pense qu'il reprsente quand mme clairement le courant identitaire du FN (avec la petite nice d'ailleurs)
RT @RaynaudRessorts : Etes-vous au courant de notre dernire actualit sur notre site internet ?  #lyonindustrie
RT @Serris_infos: Le nombre de mdiateurs qui sillonnent les lignes du RER et des trains de banlieue parisienne pour lutter contre...
RT @Sheima216: Y'en a ils sont pas au courant que c'est LA FRANCE qui a crer LE MAGHREB
RT @Stecy_Srz: @_GirlPower75 De fou j'espre que a se refera  Tu nous tiendras au courant
RT @SwiftiesPotter: @mylovelyjung 1re au courant !
RT @VkM_Personne: Le timing est serr, s'il te plat saint RER A bni ton serviteur de tes grces, ne me fais pas rater mon train. #roadtoGA #CESTCHAUDPUTAIN
RT @Wks_69: RER C Plus de trafic en raison d'un vlo jeter sur les voies. ...
RT @Yensakimputu: @lomatakeren: @Yensakimputu ptdr , courant ezongi ??jamais ezonga c'est rentre vers 3h mdr je dormais
RT @_LikesBoys: #PLLTheory Garett et Jenna seraient au courant pour Charles. #CharlesIsA #PLL @LittleLiarsFR @_PLLNews @PLL_FRsource
RT @ahoeokdacc: EH LA VIE DMA MRE J'TAIS MME PAS AU COURANT
RT @camillehrdd: Mdrrr l'anne dernire mon ptit remix il tait dare "quand je vois tes yeux je suis amoureux, quand je vois tes dents je pars en courant"
RT @carla_dhrn: Je pourrais dire j'ai vcu un accident du tram
RT @cd_land: .@apollineWakeUp "Fillon & Jupp ont donn l'mpression de mauvais perdants voulant prendre leur part du gteau en courant derrire Sarkozy".
RT @ciana_dsgn: Notre bus a eut un accident. T'faon quand marlot est dans une voiture/bus on doit s'attendre  tout
RT @courrierdesyvel: RER A : Un accident d'exploitation met le feu  la Toile
RT @dma_julia: Bref on parie combien jvais avoir des problmes  cause de ca ? Jsuis sre la principale elle est dj au courant, ma prof principale aussi
RT @drewftzain: les chauffeurs de bus, ces btards ils aiment trop te laisser courir comme un chien derrire eux pour au final mme pas s'arrter
RT @frack: Hey @BFMTV, au cas o vous ne seriez pas au courant, des terroristes ont tu 150 tudiants au Kenya. Elles sont o vos ditions spciales?
RT @hippolight99: La verit des maths : cours, 1+1= 2. Exercices : 2x2 =4. Interro : jean a deux pommes, il prend son bus a 7h20. Calculer la masse du sol.
RT @hlna_kamienski: fini les cours, fini le mtro, fini le putain de RER C
RT @hugoleduff:  @KonbiniFr n'est pas au courant qu'Ostgut Ton tient une rsidence au Rex depuis 3 ans
RT @infotrafic_tan: @mouriouxmaugisf @reseau_tan Bonjour L1 est coupe (travaux) mais la liaison Bd de Doulon/F. Mitterrand est assure par des Bus Relais Tram
RT @insvnsible: Ma mre me dit tout le temps " je suis pas ta copine" Comme si j'tais pas au courant.
RT @kamelbhrt: L'avion, la voiture, le bteau, le train, le bus... Aucun de ses moyens de transport n'est sre !
RT @lamerciance: jai vu megg sortir du bus et courir vers moi c'tait lfire, a faisait juste 1semaine jlavais pas vu on aurait cru 6mois
RT @mayastgr: Jsuis sortie des cours  15h, premire chose que j'ai faite, couter le nouveau @nekfeu en attendant mon bus
RT @pasletime: Les gens qui font encore des blagues par rapport au 1er Avril.. vous tes au courant que c'est cram a 35355 km et que c'est pas drle?
RT @rayandeuxfois: Paul Walker c'est un mec qui survit  un bus qui penche au milieu d'une falaise mais il meurt dans un accident o MBaye Niang a survcu. mdr
RT @rftrafic: #Mtro ligne 8. Colis suspect : reprise du trafic entre Concorde et Balard, mais au ralenti
RT @sexetavie: Une vritable aubaine de plus, le courant passait assez bien entre nous aprs ces premires minutes de discussion,11
RT @va_nessb: @kekerobusto la week-endire  j'irais en rentrant de vacances alors ! Tu me tiens au courant. Bon we
RT @valoubarrou: Ma mre "tu es au courant que Paul t'aime ? Il est amoureux de toi le petit Paul la" Ptdr nan mais ? je savais pas
Recevoir un Snap d'un pote que tu vois trs rarement "Je viens a Reims courant avril"
Si elle tait au courant que je sors avec, ce serait plus simple quand mme.
Si j'ai une relation avec elle y'a que Medidouce qui sera au courant
Si j'avais su il y a un an je serai partit en courant jusqu'en Afrique.
Si vous cherchez Cracacha la sorcire, elle est ligne 6 (prire de la rcuprer).
Sinon le saxophone dans le RER tu joue trs bien, mais j'arrive pas  couter ma musique.
Sinon mon pre est toujours au courant pour mon oreille
Soiree difficile: RER A coup, B bordel, C coup et D comme d hab.....
Sois disant j'allais m'inquiter... Bah oui, mais je prfre encore tre mis au courant! #lt
Sur fb y a une vido d'une mre qui dit  son fils "fils de pute" mais est ce qu'elle est au courant qu'elle s'insulte ou pas?
T'faon il sait que j'suis l, parce que visiblement c'pas l'autre cruche qui va l'aider. En plus je suis la seule au courant avec sa mre
Tellement je suis fatigue, pour la premire fois en deux ans j'ai louper mon bus, je prend le prochain
Tlr j'etais avec lui ya 2chiens qui sont venue en courant vers nous j'etais en panique totale
Tout a l'heure j'tais dans le bus, et le chauffeur a pas vu une meuf courir aprs le bus du coup il s'est remis en route..
Tout les vendredi y'a un accident sur la ligne C incroyable
Voiture, RER, mtro, train, taxi, avion. a va pas trop complique la matine.
Y a un mec il marchait tout doucement vers moi avec un norme sourire de psychopathe j'ai hurl et chu parti en courant #homosexualit
Y'a eu un accident ducoup j'ai du prendre un autre bus
Y'a pas un jour ou le trafic n'est pas ralenti sur la ligne A! Je n'ai jamais vu a!
Y'a un gros blaireau assis derrire moi dans le bus, il arrte pas de mettre des coups dans mon sige, je vais pas le supporter pendant 18h
Y'aurai eu un seul franais mort hier au Kenya tout le monde serai au courant mais la c'est que des noirs on s'en fou aprs tout
Y'en a ils sont pas au courant que c'est LA FRANCE qui a crer LE MAGHREB
Ya pas de bus mais ma mre veut que je rveille mon papa pour qu'il me conduise en cours
ZAZ on Dirait Une meuf qui traine de bus en bus avec sa canette de bire et qui pue
[Le Monde] PS : premire motion dpose avant le congrs de Poitiers: Le courant cohrence socialis...  #Newsekt
a commence a soler les problmes de train ! Le RER C c'est vraiment une ligne de merde !!
a compte comme activit physique rgulire quand je cours tous les jours aprs mon bus ?
baston dans phals: Vinciane qui veut voir;Vinciane qui court vers eux pour voir;moi qui essaye de rattraper Vinciane en lui courant aprs
bon voil du coup mon pre est vraiment au courant que j'aime les filles
chui ko ma mere elle eSt venu en courant pr regarder
couter des comptines pour enfants chantes par Souchon dans le RER A pour la Dfense.
du coup jsuis sortit du bus je rigolais et ma mre elle me dit "mais tu ris toute seule t'es folle" mdrrr mais non
fini les cours, fini le mtro, fini le putain de RER C
force de l'dire toute ma tl sera au courant, c'est l'but
il y a un accident devant chez moi y a une voiture qui est rentrer dans le bus le 27 la voiture toute dfoncer lbordel y a plus rien
j'ai loup le bus sa mre
j'espere que le bus n'aura pas d'accident
j'espre il va louper son bus
j'espre que tout le bus entend que j'coute call on me trs fort
jai vu megg sortir du bus et courir vers moi c'tait lfire, a faisait juste 1semaine jlavais pas vu on aurait cru 6mois
je loupe mon bus, ma mre me dire "ba reste  la maison", que demandais de mieux ?
je serais au courant de rien sinon
les couples qui s'embrasse des le matin quand t'es dans le bus ou dans le train vous tes galre
les gens qui se coupe les ongles dans le rer sa me degoute
ma mere est pas au courant pour mes rencontres twitter donc
ma mre "mateo jveux voir ton bulletin sur le comportement" il s'est barr en courant xD
ma mre L est drole, elle mrpte un truc qu'elle m'a dit hier, psq j'tais pas au courant,elle me dit qu'elle ml'a dit qd je dormais lol
mdrrrr j'ss morte le tram il tait bloqu pendant 10 min, y'en a qui sont tous descendu d'un coup et 2s aprs il redmarrait sale
merde j'ai cri parce que yuk jidam va en finale de unpretty rapstar et ma mre est venue en courant, elle croyait que je m'touffais ptdr
mon frre il se ramne la premire chose qu'il me dit "eh j'tais au courant pour les od, qu'ils se sparaient ou jsp quoi" genre trop fier
oh si je loupe le bus  cause de mon pre je crois je crise
on va avoir un accident avc cette bus c sre
participez au courant et multipliez vos chances de gagner la missesbox en...
perturbations sur le RER C jusqu'aux derniers trains ce soir <3
pour une fois que le bus tait en avance j'ai voulu prendre le train d'avant qu'tait retard, et je suis monte dans un direct vers la def
ptdddr ma mre m'a dpos  mon arrt sauf que mon bus allez partir du coup elle s'est mise devant avec la voiture
svp les profs ils viennent pas la direction elle est mme pas au courant , nous on a 5 mins de retard tes padres reoivent un mail , sms ...
t a des abdos?  PTDRRRRRRRR. Mon gars si j'en avais, je me serais assur que tout le monde soit au courant OFFF...
voil on a fait un accident avec le bus, c'tait sur que a allait arriver  force de rouler comme un tar
y'a un couple dans le bus l j'espre le conducteur il va freiner bien fort pr qu'ils tombent ces ptits fdp
