"@Ineeeeeeeeees: @Brownissimo ouais avec scoop Malika tqt on sera au courant les premires ptdrrr" @Malikatout
"Si le courant de la rivire est trop fort, il faut parfois renoncer  laffronter." A mditer du ct de ceux qui attaquent @ALAINLOBOG.
#Montpellier #Accident Un motard grivement bless sur l'avenue de Lodve, la moto a fini sa course folle contre la station de tram Astruc
#OISE Un gendarme au tribunal c'est banal, comme prvenu c'est plus rare, un haut grad c'est vraiment pas courant
#buzz Une femme traverse sans regarder et provoque un accident entre un bus et un camion
#lequipetype Non. Ils ont sous-estim par Arsenal, la Juve est au courant et ne fera pas les erreurs des Gunners. @LequipeTypeE21
(Le Parisien) : Le trafic perturb sur le RER D entre #Combs et #Villeneuve-St-Georges: Aprs une matine
-d'avoir un accident de voiture, c'est ici les bus ?" Qui commence a nous raconter sa vie : sa femme est maniaco depressive et schizo, son-
19 ans et je viens de partir en courant chercher ma mere et de me cacher dans mon lit  cause d'une bte volante....
2 enfants passe devant un panneau "ralentir cole",Non mais ils croient pas qu'on va y aller en courant. ? #mdr
4 changements, 3 lignes de mtro, 1 ligne de RER, je ne suis tjrs pas chez moi... Tout a pour un pauvre train arrt... Merci @Ligne6_RATP
@108_1527 c'est plus rare mais y'a des tudes de 2010 qui montrent que c'est possible et de plus en plus courant et plus mortel pr les noirs
@25stanley J'espre que Therrien sera au courant. Ne pensez-vous pas?
@269LifeFrance bien ! J'espre qu'il va prendre cher, tenez nous au courant ;)
@AGrassart @ValauryBrogniez c'est vra qu'il ne sont pas au courant mais si tu continue j'en serais oblig !
@Adrientp @garyassouline Bah, c'tait courant auparavant quoi. Rien de nouveau. Mais ce serait bien, oui.
@AudreyBse @antoine_courant Mhhhhhhhhhh  je suis pas dter mdr
@Aurablade Je n'tais pas au courant, bon courage  toi (et  ta famille, du coup). J'espre vraiment que a va s'arranger.
@BarryAllen_RPGT *Ris* Calme, c'tait pour rire, mais c'est vraie que tes habits sont pas vraiment courant *Sourit*
@Brownissimo ouais avec scoop Malika tqt on sera au courant les premires ptdrrr
@Carlouche1997 @DeolindaMaria0 @PriskaOfficiel bonne chance pour ton exam  j'espre que tu auras tes places, tu nous tiens au courant
@Ch3wyyy ah ouais chaud je pensais pas que c'tait aussi compliqu je demande a mon frre informaticien je te retiens au courant
@Charo13LF tqt quand y'aura des vrais bails tu seras le 1er au courant
@ChrisPourchier La #Merdiasphre et la #Gauchosphre sont pas au courant ? All @jccambadelis @partisocialiste @manuelvalls ?
@ClaraHG_ ha trop trop bien!!!!! J'en parlerai a ma mman demain comme a elle sera au courant et p-e elle voudra bien m'emmener
@ClmntML il est au courant mdr il a vite reu un msg, il a meme appeler pour dire qu'il pouvait me la mettre demain alors que j'dois reviser
@CombetClemence j'verrais si ma belle mre est dispo ^^ je te tiens au courant t'inquite j'vais essayer d'tre l pour 15h30
@Conducteur_RER ils sont spciaux les nouveau train :D
@Conducteur_RER si une personne aurait tir un signal d'alarme le train aurait provoqu un freinage .. a aurait t plus scuritaire
@Desiminn on va aussi apprendre que Cora est au courant du secret de Babe et Sylvie et quelle va pas se gner pour le dire  Babe
@DestinyBLD @nicolasctvl bah, oui, sur le mme principe que le MBA, aprs, c'est pas "courant" mais c'est pas "rare" non plus.
@DhanaPonsot Merci, eeeeuh oui fin demain je serais surement avec mes cousines je te tiens au courant <3 fais moi rapeller sur twitter
@Doug_Harmoniak @DISKingdom Ouais j'suis au courant mais c'est dans super longtemps, j'espre des infos  l'E3 !
@Dr_Otaku34 @EscapeTheBlood @HuMoUr_Con @manonkooky et on ne serait pas au courant !?
@El_Tono4 @_T1Mar_ @el_minous @McVicrotte @Big_Ben_09 je ne puis rien promettre on joue sur courant alternatif... Mais a serait cool
@Estamillia Qui prend la poussire ? tu es au courant que ca vaut au moins 300 balles ? @crevettedodouc
@EvaahLaDiva je serais chez mon cousin ptete j'te tiens au courant
@FabulousPew bon bah tu prends un ticket d'RER a coute 275 c'est quedalle pour le moment de bonheur que tu vas passer
@Falempin1 @ChrisPourchier La #Merdiasphre et la #Gauchosphre sont pas au courant ? All @jccambadelis @partisocialiste @manuelvalls ?
@FanV2N je veux dire qu' force de courir pour choper le RER qui arrive pour pas avoir  attendre le prochain ds 1/4 d'h sur qu'on est mince
@GKevinnn TQT TU FERAS GENRE T'ES PAS AU COURANT SINON IL VA TRE TRISTE
@GRatinaud Chhhht dis pas tout, je suis incognito tant que j'ai pas mang un grec avec toi jeudi, donc j'espre que t'es pas au courant
@GabinVgt @EliaBrcd t'as qu' venir nous voir pendant les recres au lieu de rester h24 avec ta go peut tre tu serais au courant #justsaying
@GeraldRussello @salmiaki_ Tu ferais moins l'affectueux motif si tu le voyais arriver en courant derrire toi...
@Guillaume_Adrt Mdrrr t'es au courant que ma mre dis a aussi? X)
@HitomiK_ le courant est revenu 5min, j'ai eu le temps d'ouvrir mes volets et j'ai pu mettre du mascara ! et aprs, re coupure, ugh
@Hortensia68 Bienvenue dans la secte des initis au courant du mystre Harper... Oui, tu as vu la lumire : Harper est un robot. ;-)
@InesObkder @rafaelebcht un endroit plus priv serait peut-tre recommand mme si le principal intress est au courant
@JacquesQui rien a expliquer. quand cet tat de fait sera courant cette ingalit ne sera quune diffrence. Sauf dans votre tte  vous.
@Jirayalecochon Je suppose que tu es au courant l'auteur de Trigun a refait un mangas sorti en anim se nommant "Kekkai Sensen" , mate ca !
@Juubilatoire et le rire assur pour tous les "amis" qui sont au courant de tout !
@KONAMIFR @musterbrand En fait  la base, il s' agit simplement d' un modle de veste courant aux 70's ( Monza ), qu' ils ont repris ^^
@Kameliia59 @AnissahEnjoy Grave! C'est le proviseur mais mme pas il est au courant de la DP3, mme les profs l'aiment pas je suis sre!
@KyushSPR je me tiens au courant des concerts comme a. Je te dirais si je le vois revenir, a serait cool de se croiser l bas :)
@LMada972 Euh tient moi au courant en dm pasqe j'me suis ft peta mon phone ojd ( essaye mme pas de rire )
@LaVraieGauche @RevoLiberale Le courant libral dans l'histoire c'est les Lumires et les USA. Des dsastres en effet
@Laalo56 La premire la deuxime  vannes et vu qu'il faut que je tiennent au courant toute la troupe faut qu'on me dise
@Lalkia Pas de soucis, je te tiens au courant de chaque avancement. Dailleurs jai vu quon pouvait crire au procureur de la rep...
@LePrenoms: Kenza c'est le prnom des meuf qui cour driere le bus mais elle le rate apres elle marche@KenzaDerraz
@Leabourgeois_ @AndreaEnamorad1 mais je termine a 11h, mais je crois ma mre elle peux que a midi donc je vous tiens au courant!!
@Light_Angel60 je sais pas encore si j'aurais du temps libre, je te dirais quand je serais mise au courant... ^^
@LigneD_RER au conducteur du zico  quai  gdlyon : merci de couper le chauffage , il fait 40 degrs ! Et de mettre la clim !
@LinkoClf @AlexDrt77 j'ai pas vu le ralenti yavais mon bus mdr
@Maella_B et vous faites quoi pour tenter de rcuprer votre d ? En tout cas a a l'air courant malheureusement, c'est dcourageant :/
@MarcelinoF54 mais maintenant NS est au courant que ce gvt de nases le surveille ...il sera beaucoup plus malin et prudent !!!
@Matthieu_Alice t au courant que on doit faire une lumire rouge avec notre phone ?
@Mecdedroite Chevnement reprsentait ce courant  gauche, il n'a pas t remplac, c'est certain.
@Mickael2Rennes Votre rclamation  ce sujet, a t transfre ce jour. Je vous propose de vous tenir au courant de son avancement. ^MP
@Miioneun je passerai le message! ^^ et t'inquite, tu seras la premire au courant ^^ et si un jour tu passes par la Belgique, fais le moi
@Naaniy973 Les bus je suis pas au courant. Tes vers ou toi ?
@Nalya_officiel ahhhh a me ferait tellement plaisir !! Tiens-moi au courant pour a et aussi pour tes prochaines dates !! Gros bisous !!
@NarkussLol @Auzyris non merci, tiens moi au courant quand ce sera au tour de @Boblegob2
@NayZerRP Ouais pourquoi pas , tient nous au courant de toute faon ont sera dispo normalement
@NegativeJolteon promis je te tiendrai au courant ! Et quand j'aurai + de matriel je ferai un peu + vivre le compte de la @triiiniteam :)
@Nephael Eh ben, on peut dire qu'aujourd'hui tu ne seras pas au courant
@Neriiiik vu que tu m'as pas rep hier y'en a un qui n'est pas au courant, mais a va le faire
@Nikky97 Ok ( tiens moi au courant quand tu seras riche et influente stp )
@NinouLuna C'est chaud ... Elle est au courant quelle a des parents j'espre ?!
@Oceane5321 moi aussi je veux tre au courant petite cachotire
@Octavia_100Rpg -rire- C'est a. Tiens moi au courant quand Bellamy arrtera de tout te cacher parce qu'il pense que tu n'es qu'une petite-
@OlParigot Bonjour, coordonnes bien reues, je vous tiens au courant. ^G
@OphlieVLN ah oui pourquoi pas je te tiendrais au courant mais a serait avec plaisir !
@ParisMatch Cela me fait bien rire qu'il n'tait pas au courant.
@Pierre__Simon Tu sais les concours pour Ecricome, enfin je crois j'ai reu un message me parlant de a j'tais pas trop en courant non plus
@RachelAnders_HD @KurtHummel_HD bien...*le courant est coup dans le btiment, coupant par la mme occasion les lumires.Seul la lumire -
@RedLycaea Le jour o j'ai un chat.... Vous le saurez. Tous. Le monde entier sera au courant.
@Rokkusan Vous serez mise au courant ;) A bientt !! :)
@SARRAH_de Pardoooon ?? y'a contrle ?? Putin personne me prvient bande d'enculer je suis tjrs la dernire  tre au courant
@SLE_Shibby juuuuuure wallah? On va devoir se capter un jour t'es au courant j'espre?
@SMCharronRC salut Simon, apparement il y a un accident entre un bus STM et un camion remorque ds le quartier industriel Anjou. Des infos?
@SakynNL @PrimeTimeFUT C'mon c'tait pour rire. Ou le gars tait juste pas au courant. Prime a d le dire dans une seule vid!
@Sandlys EDF a du lui couper la lumire!  @jcrousselle62 @JosetteJ1 @profiltype @anemone1611 @maguyt83 @Stella_stcj @JMA081 @llligiouxxx2
@Sheiiiiira je te tiens au courant des que j'en ai parl avec mon pere !
@SideW_Urbn tu me tien au courant sa me ferai plaise que tu vienne voir le K1NG :)
@Sourire_dHarry ma mre tait pas au courant au dbut j'ai pay avec mes conomies
@Spinomade mais ils sont au courant pour les contraintes d'admission vis  vis de leur M2 j'espre ^^ @Apraxique @CloeliaVirgo
@Stecy_Srz tu me tiendras au courant, j'espre
@The100FR_ tes vous au courant que la diffusion de the 100 sur France 4 sera le vendredi 8 mai  20h 50 ou pas ?
@Tornada__ :) donc c'est auprs de toi que je dois me tenir au courant des dernires news de daech?
@Trace_Fm pbm sur la ligne suicide sous le rer
@UnAsiat_Ik ah j'tais pas au courant du controle sa mre
@Valentinclt c'est  cause pute comme toi que les gens sont au courant -' ils se connaissent mm pas laisser moi gerer mon truc
@Yannbllng Je lui ai prter mon Twitter , elle est au courant de tout bb
@Yarnene Ton expression est vraiment  chier. J'espre que tu es au courant.
@YoanSturm @YLDZCindy @MelaniePlgr ta copine sera bien videmment mise au courant
@Yoh_blgz je suis sr que mme ta mre est au courant que gta sors ? et genre quand tu es passer a la caisse tu a soulever le jeu ? xD
@YusaNii_ Vu que les propos raciste sur les viet', c'moins courant, on va continuer de le considrer comme un chintok.
@Zougloulevrai T'es au courant que Bagnres de Bigorre c'est juste  ct de chez moi.
@_QuentinBass68 il est au courant de tes conneries, on se replie frre
@_buttaerfly Je suis mme pas au courant. a passe  l'improviste chez moi. MDRRR. a cri tout le temps, a parle fort, la porte va se pter
@_luxinlisbon Garde un foulard autour du cou cette aprm et cette nuit, a aide. Les courants d'air dans les couloirs du RER... :/
@akaJun_ t au courant que black ops 3 sera encore plus moche sur Xbox 360 que Aw?
@anthony0774 @FanV2N @TUForg Et les 2000 poids lourds/j gnrs par la suppression du trafic fret RER C8, ils passeront par o?
@anthony0774 @FanV2N @TUForg On nous dit: il faut + de tram-trains que de RER pour le mme nb de gens, donc pas assez de place pour le fret.
@baetanboys a me ferait grave plaisir, je te tiens au courant,et jeudi je sors  sait pi, on pourra se voir stv
@bahwesh sa te fera pas de mal pense a ts futur enfants ke tu devra aller chercher en courant
@benoitlebreau J'espre que @snrlfr et #CNRA sont au courant...
@bzhaline35 @fenotteenragee @WhiteHope78 l'enfant pourra demander  faire reconnatre la paternit. Le pre est au courant ?
@cecircle Si tu trouve tien moi au courant frere
@franckmen merci, je te tiens trs vite au courant de la date (a serait dans 2 semaines ou dans un mois) :)
@franckpaul @samantdi j'oublie toujours de considrer le tram... (Comme les bus d'ailleurs...) du coup, je ne sais pas...
@itele @RomainCaillet Bagdad c'est devenu une ville sre ou les attentats sont plus ou moins courant
@jacquespon Coordonnes bien reues, on vous tiens au courant. ^G
@kevauet T'es au courant on a la meme bannire
@kwnbigbang LE PIRE C'EST QUE SA MERE EST AU COURANT MAIS DIT RIEN
@lacrossingueuse whao ! elle est hyper gentille o_o j'tais pas au courant tu va te faire oprer ?
@laurine_3 j'espre trop que tu gagne le concours tu le mrite vraiment tu me tiendras au courant
@liamxpain mon frre il s'est barr en courant c'est drole
@marciogoldfish comme jt'aime de trop jvais mettre les notifications. Comme a a chaque merde que tu vas dire je serais au courant
@marina94210 ils ont dit avoir un accord satisfaisant donc normalement la grve de 30/04 au 02/05 sera annul aussi. Je te tiens au courant
@mel_peron ptdr tout twitter sera au courant que tu l'a perdu, lance un avis de recherche on sait jamais
@mgx_llg je serais pas au courant de tout ca, fouinasse va!
@miviens tient moi au courant de ton tat de sant,j'espre que tu va aller mieux!
@nodvs_secvndvs on sait on sait mais tqt on fera a bien, fait genre t'es au courant de rien toi
@objthin le truc c'est que tu risques de ralentir ton mtabolisme en faisant a... Je pense que t'es dj au courant et tu fais ce tu veux
@obsessedana quand tu arrteras de dire des conneries tu me tiendras au courant hein
@oliverrpgmuh *elle courra encore 15 minutes, puis elle fini par te rejoindre, t'avais dj reprer en courant* hey.
@ookook mmh je ne sais pas trop quand je repasse  Paris. J'ai un emploi du temps plutot imprvisible ces temps-ci. Je te tiens au courant
@operateurdefron Bonjour, nous vous tiendrons au courant quand une MAJ IOS sera disponible.
@palayer Tiens moi au courant alors ;) Je suis mon propre patron et je suis assez cool avec mon employ pour le librer :)
@pulseheberg @jivaz3d Un mail pour dire non ? 3 demandes effectue aucunes rponses si ce n'est que,Je te tiens au courant je re-re-renvois?
@reenmau_ oui c'est normal, t'inquite moi j'y serai pdt l'aprs midi on se tiendra au courant!
@renodinho75 @Thomas_OKLM Il est pas au courant que je balance des tacles H24 sur l'OM. On va rire quand il m'aura unfollow dans 4 jours :')
@shayprint je verai prck je sais pas encore si ce weekend je serai chez moi ou pas, jte tiendrai au courant Nina
@ship_herry j'ferais genre j'tait pas au courant
@t2_ratp a quand plus de trams pr qu on puisse monter dedans du 1er coup ?(trajet Suresnes La Dfense)
@w0rder salut, tu me tiens au courant si le statut de ta commande  volue ? Merci
A Munich d'un seul coup jvais partir en courant vers quelqu'un , personne va comprendre
A la fin sa va pleurer et cenir m'sucer mais ces trop tard faut assumer. Surtout quand ton frere est au courant t truk bisard
Accident de bus des le matin..
Alors je suis rentr pour rcuprer, et je venais de voir que le prochain bus est l'arrive parfaite mdr psk j'avais regard celui de samedi
Apparrament je suis en couple, mdrrr je suis la dernire au courant mais cest pas grave
Aprs 2 ans j'ai repris le bus pour aller en cours #ThugLife
Aprs la vague #madeinfrance la filire maritime franaise navigue  contre courant avec la vague #100%nofrench...Sursaut politique exig!
Aprs un tir contre un train, des conducteurs du RER C arrtent le ....
Attendre 2h le bus parce qu'on a louper le 1er  cause des pluvignois merci les gars !!  @Thibaut_ltl @oceane_buleon
Au tlphone avec un notaire pour lui faire un cours de TVA immobilire, je vous tiens au courant.
Avec ma soeur on a fait le tour du Lac de SQY en courant. On tait tellement dter qu'on s'est fait surprendre par la nuit
Azi le RER D aujourd'hui il casse les couilles ! Des deux cts, les trains taient retards tchhip -'
Bon bah d'aprs mon pre j'ai un copain, qui habite  la Saussaye, ah bah d'accord j'tais pas au courant
Bon en plus d'avoir loup ma premire heure je viens de louper le bus ...c'est une bonne journe qui s'annonce !
Bonjour chers examinateurs,vous tes au courant que les antisches se rangent bien mieux dans les poches arrires ?
C'est a, maintenant il va falloir que les trains laissent traverser les pitons ?!? @fbleunord Supporters lillois fauchs par un RER
C'est la premire fois de ma vie que je cours pour attrap un bus... m
C'est la premire fois, que je ne vais en cours grce aux bus, c'est trop bien
C'est sur... Les bus,  force de rouler comme des gros btards bah il y a accident...
Ca sera le premire au courant
Ce matin quand j'ai entendu ma mre partir j'ai faillit sortir de mon lit en courant tt a mais je me suis souvenu j'tais en vacances..
Ce qui me fais rire c'est qu'on pense que je vois rien, que je suis bte, mais je suis pas stupide, je suis au courant de tout de A  Z
Ce soir peu tre un p'tit live, si mon repas ne se termine pas trop tard ^^ Je vous tiens au courant #twitch
Cette couleur du #doubs  en courant vers le Saut du Doubs #keeprunning #trail #stagePatrickBohard
Chris bieber jsp quoi, sa mere elle est au courant qu'il veut se lancer dans le porno???
Coupure de courant Sa mre , j'ai chaud
Coupure de courant. Serait-ce un signe pour montrer qu'ils vont nous couper le chauffage ?
Courir pour avoir le rer c'est le rsum de ma vie
Demain a fera exactement un an qu'on est au courant que mon pre a un cancer.
Des fois j'ai trop honte des musiques que j'coute, alors jmet moins fort dans le bus quand ya des gens vers moi
Ds qu'elles arrivent vers moi je me barre en courant, elles me font peur putain j'aime pas tre toute seule avec mdr
Du coup Aurore, Lau, ma mre et moi ont t runis dans l'bus oklm et ma mre leur a fait grave de compliments ptdddrr
En plus je sche pas vraiment vu que ma mre est au courant
Et ma mre et au courant ta comedie dans ma famille a fonctionne pas chrie
Et tout allait bien jusqu' ce que notre sorte de bus fasse un accident
G.Chaouachi (Courant Dmocratique): Pourquoi est-ce que prter serment devrait se faire devant le prsident de la rpublique? #LegGen #TnARP
Game Of Thrones j'avoue c'est pas enorme enorme comme serie mais bon ya un nain une meuf de 2m et hodor c'est pas courant des trucs comme ca
Gendarmerie: la 1e plainte en ligne a trait  l'extraction illicite de sable de mer  ... - Algrie ... | @scoopit
Grve des chauffeurs de bus dans le #PaysdeMontbliard, dtail des perturbations du trafic sur
Heureusement qu'une gentille personne a bien voulu me dposer chez moi autrement je serais en train d'attendre mon bus
Hier dans le RER E j'ai vu genre un sosie de Pharell Williams (niveau style et tout), sur le coup j'ai eu un mega bug
Hier lesimbcile de Melvin et Grgory m'ont coinc dans le bus du coup j'ai du descendre au cimetire au lieu de la mdia
Hugh Laurie - Waiting For A Train:  l'coute en attendant mon rer, qui est retard... C'est de circonstance...
Il c'est brouillon avec la CPE mais il aller la frapper frre , elle est grave petite les pions ils sont arriver en courant c moutons
Il fait 50 degrs mais je suis oblige de mettre une veste pcq mon pre n'est tjrs pas au courant pour mon tatouage
Il m'a tellement nerve !!! "j'ai mauvais caractre" et alors il tait au courant avant !!!!!! #nerve
Il pensais sans doutes que je ne serais pas au courant
Il tait entr en courant dans l'glise en criant "Sanctuaire!". Cach derrire l'autel, seule sa voix rsonne dans la nef. Sans rponse.
Il y a donc pire que le RER A en pleine chaleur... Le RER D en pleine chaleur. Le train est un FOUR !
Il y un policier qui arrive il me regarde il me dit "mais elle est ravissante cette demoiselle" et mon petit frre il s'est barr en courant
Info trafic RER D Il y fait chaud comme la chatte a la mre  ... Trouver la suite y'a trois rponses possibles
J'ai attraper un lger coup de soleil  mon visage, simplement en attendant 15 minutes a l'arrt de bus
J'ai dis  ma mre qu'il y avait pas de bus elle veut que j'aille en cours nan c'est bon elle force! J'y vais pas
J'ai jamais os le dire, voil a fait longtemps que je garde a pour moi, seule ma mre est au courant et je ne le montre pas, jui surdoue
J'ai l'impression que quand t'es rellement presse les bus et les RER ils savent pas cooprer avec toi
J'ai louper le bus sa mre
J'ai louper mon bus tal! Mon pre tait en repos vue qu'il est rentrer tard. Donc il est venu me chercher heureusement.
J'ai prvenu ma mre mais faut pas que mon beau pre soit au courant.
J'attends Atletico contre le Real, je ne suis toujours pas au courant duvzcore, j'espre qu'il y a eu des buts
J'aurais pus tres au courant un minimum avant quand mme mdr je me serais pas abstenu au final
J'espre j'ai pas louper le bus
J'espre le chauffeur de bus va pas faire un sale coup
J'espre le trafic des bus reprendra demain parce que je sais pas comment je vais au taff sinon..
J'espre pas louper mon bus
J'espre que j'vais zbron en courant
J'le ferais courant mai / juin je pense
J'suis la dernire au courant que Justin est en europe mais idk ou
J'suis toujours la dernire au courant quand mes parents sont pas l
J'y vais je sais pas si je serai l ce soir, bc je sais pas comment je serai aprs l'opration, je vous tiens au courant mes bbs  -E
James Kroos Modric font parti d'un nouveau courant philosophique, les footballeurs des lumires.
Je comprend pas pourquoi tu prend le bus tt le matin pour brler les cours et rester devant le lyce
Je le ferai srement sur Facebook par contre ! Je vous tiendrai au courant ! ->
Je me prpare vite j'ai 15min de bus et 1h de train rer et mtro  faut pas que je me rendorme
Je me suis excuser a ma mere et elle m'a rpondu "On est pas des chiens", j'tais au courant maman..
Je passe pour le gros enculer parce que personne et au courant de l'histoire et personne en sera quelque chose
Je pourrais ne pas venir en cours demain si mon bus ne passe tjs pas, mais ce serait tellement dommage de louper un contrle de maths
Je rpre au cas ou nos abrutis de maitre politique ne serait pas courant : 1984 n'est pas un manuel.
Je serai sur Nantes toute la semaine prochaine et donc  la @CAVICon ! Je vous tiens au courant ! ( cc @_Aishy @AxouLefevre @Moipa_ )
Je suis au courant de tous et le temps te feras payer le mal que tu fais.
Je suis dans le tram et je me rend compte que j'coute "California Love" tout en portant un maillot des Red Sox... J'me sens sale
Je suis en tee shirt, mes cicatrices sont visibles, je travail dehors avec mes parents, ma mre est au courant mais n'a rien dit
Je suis reste presque 1h dans le bus a cause de l'accident a cot de lidl ...
Je vais louper le bus d'une manire puissaaante
Je vais peut tre me diriger vers un autre style de vido petit  petit je verrais je vous tiendrais au courant dans une vido prochainement
Josse n'est pas au courant que la Juve a conquis son 30me scudetto l'anne dernire. Trois jours pour prparer ce match.. #JUVMON
Jsui rentre en courant sa mere ya lmatch
Jsuis cuite, c'est la cours pour ne pas rater le RER et le Train dbanlieue
Jsuis tj la dernire au courant
Jsuis toujours la dernire a tre au courant des choses
L'ORL il a cru que j'allais arrter d'couter ma musique dans le bus
L'amour a besoin d'un visage; le dsir d'une nuit. C'est un courant qui passe entre le premier regard et le premier baiser.-Dany Laferrire
La dernire fois que Sarah et moi on a couru ensemble,Sarah elle mangeait des mars et des snickers en courant mdr le delire
La meuf a cot de moi dans le RER elle a dit " vs pouvez baisser votre musik" alors que elle tape des coup de coudes depuis 10 min
La perspective d'une coupure de courant gnrale nous contraint  imprimer, sur papier, quelques livres de lumire en guise de momification.
Le Rer E ce matin c'est freestyle! Train supprim a 10h29 train suivant passe sans s'arreter loool on est ou?
Le bus qui a un accident et 40 min de retard
Le chat de mon frre c'est devenu une tapette, il flippe tout le temps ptdr tu t'approche de lui il ce barre en courant
Le chauffeur de bus nous a pas respect, il ralenti devant nous pis acclre et nous prends pas
Le couple juste en face de moi  l'arrt de bus veulent que je m'nerve! Arrter de vous embrasser
Le courant coup par un enfant lectrocut :  #Accident
Le film " Melody " (prix coup de coeur du jury #CreditAgricole du #Finistre) sort en salle courant mai. Tourn...
Le fils en PV : "Ma mre tait au courant. Elle voulait que a s'arrte mais c'tait une femme seule. Elle ne pouvait rien faire."
Le trafic perturb sur le RER D entre Combs et Villeneuve-St-Georges
Les chauffeurs de bus parfois ils freinent d'un coup on dirait trop ils veulent faire tomber les gens debout mdr la verit c des batard wsh
Les gens, tenez-moi au courant pour la "surprise" du live aprs-UM, je serais peut-tre pas dispo pour le voir :-/
Les nouvelle cartes seront disponibles au courant du mois de mai! (Ma boutique en ligne sera en vacance  partir...
Lino il tait peut-tre mme pas au courant que Booba acclrerait le beat pour se balader bite  l'air sur l'instru
Lointaine contre ? Non, aux portes de Paris, sur la 2me ligne d'Europe(trafic voy), quelques mtres des voies RERB
Ma grand mre : a part a, ton copain comment va-t-il ou comment vont-ils ?  elle est pas bien au courant de ma situation amoureuse.
Ma mre "donc tu veux toujours faire kinsithrapeute?" Oui t'es bien au courant toi
Ma mre elle a balance mon iPhone 5 par terre mdr elle est courant que si il se pte c'est elle qui paye???
Ma mre elle a dit  mon pre: Viens manger ou je viens tu vas voir. Mon pre est descendu en courant mdrrr
Ma mre elle est au courant de tout s'qui se passe au collge
Ma mre elle ma dit pour demain j'me prpare jvais a l'arrt du bus, si y passe jvais en cour et si y passe pas ma mre menmene pas.
Ma mre elle va s'inscrire au marathon de Paris pour 2016 avec mon oncle. Moi j'arrive pas  courir aprs un bus..
Ma mre elle vient de rentrer en courant dans ma chambre et elle l'a reveille pour me dire que ma petite cousine tait ne , jpp ptn
Ma mre est mme pas au courant que j'ai eu oral blanc en faite mdr
Ma mre va etre au courant de tout ce qui se passe au collge. Ptn.
Ma sur elle m'appelle et elle me dit : "Sarah y'a plus de RER avant 1h00" dez dez Flo mais sur ce coup l je peux pas trop t'aider
Mais je peux pas mon bus et a 18h10,Du coup je serais chez moi qu'a 17h45
Mdias courant (en vain) derrire le scooby van. Bienvenue dans la campagne #Hillary2016 !
Mdr je m'arrte en train a Coye et jvois tous les gens qui sortent du rer se faire contrler
Mdr ma mre est au courant, ma soeur a tout balance, mais elle attends que je lui dise, mais askip elle a rien dit
Mdr ptn les couples tout moches arrter de vous affichez  vous embrass dans les tram mtro tout sa
Mince. Parat donc qu'il y a des exposs en franais . L'enfant de mon pre n'tait mme pas au courant.
Mme le tram est ralenti ce matin.
Mn tel chargeait plus avec ma mre on a commenc a s'engueuler et tt genre je voulais en avoir 1nouveau mais en fait y'avait plus de courant
Moi : "tu crois qu'il est au courant l'acteur qui joue Derrick pour la parodie?",Mon pre : "il est mort il va avoir du mal" MDR #TPMP
Moi j'suis toujours la dernire au courant dans ce genre d'histoire
Moi je m'imagine imagine courant vers toi faisant le premier pas mon coeur est fragile fragile si tu le touches ne le casse pas
Mon chat m'a vu toute seule alors elle est venue vers moi en courant elle est trop mignonne
Mon frere c un niqu pour son anniv il a demand a ma gran mere de lui achet un bull-dog... Jsai pa si il est au courant quon a deja 2 chat
Mon frre il a grve de bus alors il prend le train
Mon frre il me regarde il me dit "Oublie pas ton rveil pour demain matin faudrait pas louper ton bus" NTM toi!!
Mon grand pre a attrap un pigeon, il m'a poursuivit pour que je le "caresse". Je pense qu'il tait pas au courant pour ma phobie.
Mon pre il a achet les petits jets d'eau qui s'allume tout seule pour arroser le jardin, j'tais pas au courant mnt chui tramper
Mon pre jamais il prend des vacances,mais alors quand il en prend faut que tous ses potes sois au courant,et il veut faire rager en plus
Mon train tait a l'arrt car il y avait un train en pane devant nous  je serais reprogramm prochainement je vous tien au courant
Nique sa mere j'vais loup mon RER
Nn mais vraiment je crois si ma mre est au courant de ma note de maths je vais m'faire brler
Non srieux a serait cool une semaine sans courant !
Normal que les frres me tiennent au courant,ils se sont fait tazzs
OMG @JeremyBerthod arrte sa carrire et j'tais mme pas au courant :-O
OMGGG MON FRRE A DYING LIGHT JETAIS MM PAS AU COURANT PUTAIN SRIEUX C QUOI A LA
Oblig de faire plein de fautes pour rcuprer le ballon ils sont l juste pour dfendre en mode bus
Oh la la la... ERIC CANTONA encense JAVIER PASTORE ! Je pense que REMI NGONO est au courant... #ELFLACO  feeling surprised
On peut aussi choisir de suivre le courant, de laisser la rivire nous emporter. Dans ce cas on aura moins de satisfaction aprs
Oui elle c'est refermer mais mon gars je t'en veux toujours, t'a cru que j'aller te pardonner parce que j'ai repris le courant de ma vie..
Paris IdF Jeux olympiques 2024 -> nouveaux trains RERB ? OUI !,Il faut uvrer pour avoir un matriel neuf plus capacitaire sur cette ligne.
Pas besoin d'amis, et le peut de frres que j'ai ils se connaissent  pa vinn gratt la moins zot au courant  la...
Pas content Alex CYPRIA, prsident de la CFTU. La CSTM bloque les bus de la place des Almadies. Ce sera le Coup de fil du 13h, en radio.
Ptain ya pas de train jusqu' 11h30 y sont sah la tjrs le RER D ya des problmes ptain pour une fois j'allez en cour
Ptn j'espre que j'ai pas loup mon bus  cause de mon rdv!
Puis les gens qui gueulent dans le bus parlent toujours de respect, sur le coup soit a me fait rire soit a m'nerve
Putaaaaaaaain ma mere elle est au courant mais naaaaaah jnsuis dans la grosse grosse merde
Putain  7:14 le quai du RER B tait dj plein !! J'ai pu monter dans le premier train quand mme \o/. Je voyage debout, faut pas rver.
Putain de merde j'ai envie de vomir putain je suis dans le bus et j'espre qu'on va finir par faire un accident de voiture ptn
Putain le rer e c'est une galre dj qu'il passe toutes les 15 mins, mais en plus de a y'a toujours des suppressions de trains
Qd j'arrive en courant vers un rer bond avec mon gros sac d'ordi, je sens comme de l'hostilit qd je monte en voiture. Sais pas pourquoi
Quand j'ai vus Fabio arriver en courant vers moi, je me suis crus  la maternelle quand les mamans viennent chercher leurs enfants
Quand je vois l'tat du trafic du RER D, je suis bien contente d'tre rest chez moi.
Quand tu causes avec une meuf pour la premire fois et que le courant ne passe pas, il ne faut pas forcer
Quand y'a un insecte qui s'approche de moi en public jdois me contrler pour pas m'enfuir en courant
Que ferais si tu rencontrais un extraterrestre ?  je pars en courant et j'essaye de me calmer
Qui parie sur la disquette "Mon bus a eu un accident ?
RER C : le trafic perturb aprs un tir sur un train -
RT @264__: @mgx_llg je serais pas au courant de tout ca, fouinasse va!
RT @5901Margot: Si je partais, a aurait t la premire au courant roh
RT @Anaays_F: Du coup Aurore, Lau, ma mre et moi ont t runis dans l'bus oklm et ma mre leur a fait grave de compliments ptdddrr
RT @Anaskinny07: Je suis en tee shirt, mes cicatrices sont visibles, je travail dehors avec mes parents, ma mre est au courant mais n'a rien dit
RT @AniaKaci: Une pense pour ceux qui reprennent ce train-train du RER en heures de pointe avec + de 25 degrs dehors.
RT @Bassene_: Qui parie sur la disquette "Mon bus a eu un accident ?
RT @Biba__H: Si a se trouve, Booba a voulu dire que le terrorisme est un courant no intersidral  caractre dithyrambique et #Pelloux n'a pas compris.
RT @Blaugranitaa_9: Mais vs imaginez une ligne d'arrires pareil ! Giteau, Mitchell, Nonu, Cooper, Habana, Michalak, Mitchell, Halfpenny, Armitage.. J'en rve
RT @BonassiClara: Ma grand mre : a part a, ton copain comment va-t-il ou comment vont-ils ?  elle est pas bien au courant de ma situation amoureuse.
RT @Bonblaireau: Au tlphone avec un notaire pour lui faire un cours de TVA immobilire, je vous tiens au courant.
RT @Broke__Inside: @marciogoldfish comme jt'aime de trop jvais mettre les notifications. Comme a a chaque merde que tu vas dire je serais au courant
RT @CLePrenom: Kenza c'est le prnom d'une meuf qui cours derrire le bus mais elle le rate aprs elle marche
RT @CamilleBws: Mdr ptn les couples tout moches arrter de vous affichez  vous embrass dans les tram mtro tout sa
RT @CamilleTiphaine: @LePrenoms: Kenza c'est le prnom des meuf qui cour driere le bus mais elle le rate apres elle marche@KenzaDerraz
RT @CourrierPicard: #OISE Un gendarme au tribunal c'est banal, comme prvenu c'est plus rare, un haut grad c'est vraiment pas courant
RT @CritiqueTout: Mdrrrrrr y'a Kanye et Kim K elle est mme pas au courant. Typiquement le genre de truc qui arriverait  ma mre.
RT @DelarueJC: @anthony0774 @FanV2N @TUForg Et les 2000 poids lourds/j gnrs par la suppression du trafic fret RER C8, ils passeront par o?
RT @DelarueJC: @anthony0774 @FanV2N @TUForg On nous dit: il faut + de tram-trains que de RER pour le mme nb de gens, donc pas assez de place pour le fret.
RT @Druci59_: Il c'est brouillon avec la CPE mais il aller la frapper frre , elle est grave petite les pions ils sont arriver en courant c moutons
RT @Ellimac_Nlg: @Gaulaain_Cha Toi la mer et moi Paris. On se tient au courant dans le week-end.
RT @Elsadorable_: @Elsadorable_ les cours de thatre et les voyages en bus ne seraient pas pareil sans toi, ta jolie voix, et tes chansons franaises
RT @EstvLea: @SARRAH_de Pardoooon ?? y'a contrle ?? Putin personne me prvient bande d'enculer je suis tjrs la dernire  tre au courant
RT @France: Aprs un tir contre un train, des conducteurs du RER C arrtent le ....
RT @GeWoessner: Mdias courant (en vain) derrire le scooby van. Bienvenue dans la campagne #Hillary2016 !
RT @HerhaneTwittos: Ce soir peu tre un p'tit live, si mon repas ne se termine pas trop tard ^^ Je vous tiens au courant #twitch
RT @Idkwbiebs: WOOOO J'SUIS PAS AU COURANT QUE JUSTIN A REPRIT LA CHANSON DE CARLY J'VAIS VOIR CA NOOW
RT @InesPerrey: Bon bah d'aprs mon pre j'ai un copain, qui habite  la Saussaye, ah bah d'accord j'tais pas au courant
RT @Jojosdnds: J'suis sre  200% que les 2 l, sont au courant
RT @JustleaLd: @kevauet T'es au courant on a la meme bannire
RT @KassimCorsaire: Ca s'voit ls vineurs s'ils gagnent 1oscar Ca va lcher des "ya que ma mre ki croyai en moi" alors kelle ntait pas au courant des perruques
RT @KeilaOje: @Carlouche1997 @DeolindaMaria0 @PriskaOfficiel bonne chance pour ton exam  j'espre que tu auras tes places, tu nous tiens au courant
RT @Kev2k13: a devient courant le samedi soir de taper soire avec la mre de Paul et de Gui
RT @LeParisien_77: Le trafic perturb sur le RER D entre Combs et Villeneuve-St-Georges
RT @LePrenoms: Kenza c'est le prnom des meuf qui cour driere le bus mais elle le rate apres elle marche
RT @LirinaBloom: Une coupure de courant gnrale engloutirait en un instant tous nos livres de lumire comme ferait l'incendie en une bibliothque de papier.
RT @LoranneMr: Sinon Nina Dobrev elle est au courant qu'en quittant TVD c'est la plante entire qu'elle met au bout de sa vie ?!
RT @Louiiizzaa: Ya un gars il est rentr dans le bus il a trait salle la chauffeuse il lui a jet de la bire a pue maintenant elle appelle la police
RT @MathildeMrtz: du coup Zo prend le bus a 12h direct comme a on va a Paris et a 18h30 jdoit rejoindre Emma, Laurie, Armel, Amlie et aprs on va vers-
RT @MauriceViolton: Pas content Alex CYPRIA, prsident de la CFTU. La CSTM bloque les bus de la place des Almadies. Ce sera le Coup de fil du 13h, en radio.
RT @MelissaLgd_: Vous tes au courant qu'a Langevin les infirmires sont en rupture de stock de pilules du lendemain ? Et c'est les 2nd qui ont tt utiliss
RT @Michaela24_: @Stecy_Srz tu me tiendras au courant, j'espre
RT @MrBboy45: J'VAIS ME COUCHER. J'aimerais que la terre entire soit au courant ok ? Alors max #RT. Merci Et bonne nuit
RT @Noemiedepaain: @Oceane5321 moi aussi je veux tre au courant petite cachotire
RT @PatrioteNS: @Falempin1 @ChrisPourchier La #Merdiasphre et la #Gauchosphre sont pas au courant ? All @jccambadelis @partisocialiste @manuelvalls ?
RT @Per_Louise: C'est au mec de faire le premier pas t'as pas etait mis au courant je crois
RT @PolitiqueActus: RER C: Le trafic sera fortement perturb ce lundi  - 20minutes
RT @Rayou_Emma: si tu le dis a tessa mme la tante de ma copine de l'ancien copain de la mre  l'autre va tre au courant #en2015lerespectnexisteplus
RT @Remy_Voyageur: @_contrenature_ Pas chre le courant!
RT @SamsungFR: @badrteffahioff La mise  jour Lollipop sera effectivement dploye sur #GalaxyNote3Neo dans le courant de l'anne ! :)
RT @SandyHchy: Quand y'a un insecte qui s'approche de moi en public jdois me contrler pour pas m'enfuir en courant
RT @Tamsirooney: Game Of Thrones j'avoue c'est pas enorme enorme comme serie mais bon ya un nain une meuf de 2m et hodor c'est pas courant des trucs comme ca
RT @UnHoroscope: La #Vierge mnera son combat contre vous en toute discrtion, vous seul serez au courant. Vous devrez tre trs tactique pour la vaincre.
RT @X10Brenda: Mon train tait a l'arrt car il y avait un train en pane devant nous  je serais reprogramm prochainement je vous tien au courant
RT @Zafinho: Lino il tait peut-tre mme pas au courant que Booba acclrerait le beat pour se balader bite  l'air sur l'instru
RT @Zizou33HD: Sympa je rentre chez wam j'attend comme une grosse dtanation , je vois un mec passer en courant et derrire trois flic des barres.
RT @_AfterTheDream: Moi : "tu crois qu'il est au courant l'acteur qui joue Derrick pour la parodie?",Mon pre : "il est mort il va avoir du mal" MDR #TPMP
RT @__Beyourself: @JustineGR26 tenez-nous au courant ds que vous avez la rponse... On espre sincrement que vous allez tre repches!!
RT @_itsnobigdeal: Y a un couple qui se galochent devant le bus depuis 6min31, ils lchent rien a y va Oklm j'espre qu'ils vont louper leur bus concrtement
RT @aniikkou: Train en Afrique ? non RER D !
RT @bleubelfort: Grve des chauffeurs de bus dans le #PaysdeMontbliard, dtail des perturbations du trafic sur
RT @brxxzy_: mon pre est au courant que mon copain est metis
RT @delphplyon: Les confrres qui concluent avec des expressions du langage courant, d'o viennent-ils? Que veulent-ils?
RT @demetriaxamy: la mre de sabrina elle a rv de moi, sur un truc qu'elle tait mme pas au courant mais qu'elle a vu dans son rve j'suis choque
RT @demontvalon1: Travelling arrire. La CGT dcouvre soudain que Thierry Le Paon n'tait au courant de rien dans l'affaire des "travaux" de son bureau.
RT @frack: Hey @BFMTV, au cas o vous ne seriez pas au courant, des terroristes ont tu 150 tudiants au Kenya. Elles sont o vos ditions spciales?
RT @franceguyane: Le courant coup par un enfant lectrocut :  #Accident
RT @futureslouis: Ma mre elle a balance mon iPhone 5 par terre mdr elle est courant que si il se pte c'est elle qui paye???
RT @grier_sheeran: Il y un policier qui arrive il me regarde il me dit "mais elle est ravissante cette demoiselle" et mon petit frre il s'est barr en courant
RT @hoseokwife_: Du coup par rflexe j'ai dis  Camille,"Attend attend j'appelle Vilat" du coup je l'ai appele "Et frre tes au courant ou pas Jk en couple"
RT @hyorimi: Qd j'fais semblant d'couter de la musique ds l'bus or j'coute les bails qui se raconte derrire
RT @ladycaprio_: Des fois j'ai trop honte des musiques que j'coute, alors jmet moins fort dans le bus quand ya des gens vers moi
RT @laurentgallois: Lointaine contre ? Non, aux portes de Paris, sur la 2me ligne d'Europe(trafic voy), quelques mtres des voies RERB
RT @laurentgallois: Paris IdF Jeux olympiques 2024 -> nouveaux trains RERB ? OUI !,Il faut uvrer pour avoir un matriel neuf plus capacitaire sur cette ligne.
RT @lauura_Maxiimee: @NkamOrnella: On a coup la lumire bon c'est le courant qui gre l'lectricit qui nous permets d'avoir la lumire !
RT @lisabuffier: @GKevinnn TQT TU FERAS GENRE T'ES PAS AU COURANT SINON IL VA TRE TRISTE
RT @luffy_en_GP800: @bahwesh sa te fera pas de mal pense a ts futur enfants ke tu devra aller chercher en courant
RT @mathislebgdu59: Talheure y'a un mec il courait aprs le bus,le bus c arrter,il a vu qu il avait les contrleurs,le mec il a fait genre de faire un footing
RT @mehdi_lsd: Tout ce sait tu parles sur notres dos t'inquiete on sera au courant
RT @mikvelson: depuis la semaine dernire j'ai pas vraiment cours bc profs absents et grves de bus, il fait grave bon et tt donc dans ma tte c les vacs
RT @pasletime: Les gens qui font encore des blagues par rapport au 1er Avril.. vous tes au courant que c'est cram a 35355 km et que c'est pas drle?
RT @rtlinfo: un golfeur se fait mordre par un crocodile en allant rcuprer sa balle (vido)
RT @simon_bgl: Bonjour chers examinateurs,vous tes au courant que les antisches se rangent bien mieux dans les poches arrires ?
RT @tamtampoetique: L'amour a besoin d'un visage; le dsir d'une nuit. C'est un courant qui passe entre le premier regard et le premier baiser.-Dany Laferrire
RT @tataneleonce: Je comprend pas pourquoi tu prend le bus tt le matin pour brler les cours et rester devant le lyce
RT @tto_courant: @chloemrnd mdrrrr demande au front de raph de te le prter !
RT @uvn_fnaut: C'est a, maintenant il va falloir que les trains laissent traverser les pitons ?!? @fbleunord Supporters lillois fauchs par un RER
RT @val_de_marne: Travaux RER C : aucun train dans les gares du #ValDeMarne entre le samedi 18/04  12h30 et le dimanche 19/04  17h. .
RT @vintageisnice: @Charo13LF tqt quand y'aura des vrais bails tu seras le 1er au courant
RTsi ton daron au lieu dprendre le bus il prfre sfaire tracter en roller i sen bas les couy
Remember qd j'ai couru derrire un bus, j'ss arriv devant et le mec m'a fait nn du doigt et il a trac sa route </3
Retour  la normale sur le RER C: Le trafic a t trs perturb ce lundi 13 avril sur la ligne de RER C, en ra...
Sa va en faite trql mon pre il est au courant de ma retenue, sans que je lui dise et y ma mme pas engeuler ,Mercimaman
Sachant que je dois rpar dj le roue arrire qui c'est manger une voiture x) Bon je vous tiendrez au courant ! x)
Sans musique la vie serait triste. J'coute tout le temps de la musique, dans le bus, aux recres, en anglais, dans mon lit, partout ...
SelonTMZ, Drake n t pa o courant du kiss(Mdn dev que tourner autr de lui, le tripot un peu, mais le bisou ntait pa prvu). @neymaIik
Si a s'trouve jvais louper mon bus, a serait cool a
Si c'est confirm et qu'elle aille en prison se sera une premire en France c'est courant aux USA !
Si j'apprends a Tigris d'teindre la lumire, je pense que que le courant peux passer !
Si je partais, a aurait t la premire au courant roh
Sinon , re ya 10 minutes j'ai eu encore une panne de courant de 1h (cc @Rayane0504) voil un be
Sinon, histoire de tenir au courant les rares personnes qui me follow via Youtube; le n'importe quoi show #1 arrive cette semaine !!
Soleil, grve de bus, RER interrompue bref tout les voyant sont aux vert pour ne pas aller en cours
Sur Allah j'espre que t'es au courant..,Ce soir je dors chez moi.!!!!!!!!!!!!!!
Sympa je rentre chez wam j'attend comme une grosse dtanation , je vois un mec passer en courant et derrire trois flic des barres.
T'as parl de moi a tn frre oe oe jsuis au courant .
Toujours a supprime le train que je veux prendre!! Putain de rer D! Du coup a fait 40min que j'attends :).
Tout ce sait tu parles sur notres dos t'inquiete on sera au courant
Tout se sais tu parle dans mon dos tkt on sera au courant !
Toute ma classe est au courant de l'accident
Trafic interrompu entre Melun et Villeneuve-Saint-Georges dans les deux sens,Reprise des circulations estime  12h
Travaux RER C : aucun train dans les gares du #ValDeMarne entre le samedi 18/04  12h30 et le dimanche 19/04  17h. .
Travelling arrire. La CGT dcouvre soudain que Thierry Le Paon n'tait au courant de rien dans l'affaire des "travaux" de son bureau.
Traverser en courant des forts entires pour revenir inlassablement s'abriter sous le mme arbre.
Tu t'en vas  la drive Sur la rivire du souvenir Et moi, courant sur la rive, Je te crie de revenir.  Serge Gainsbourg.
Une 1re personne m'a dit que mes dplacements seraient pris en charge et l j'ai une 2nde personne qui ne semble pas au courant...
Une coupure de courant gnrale engloutirait en un instant tous nos livres de lumire comme ferait l'incendie en une bibliothque de papier.
Une femme traverse sans regarder et provoque un accident entre un bus et un camion
Une grve de prof, un accident de bus, une pandememie... M'en fou tant que j'ai pas cour ptn sauvez moi
Une pense pour ceux qui reprennent ce train-train du RER en heures de pointe avec + de 25 degrs dehors.
Vido : Une femme traverse sans regarder et provoque un accident entre un bus et un camion
Vla que la France entire est au courant qu'on se parle mdrrrrr
Voil je suis sur le RER A voici sa mission du jour QYEN ce train desservira ttes gares jusqu' Marne la Valle
Vous tes au courant que "Cheerleader" de Omi est une musique que j'coutais l'anne dernire ?! C'est pas tout nouveau hein lol !
Vous tes bien sur au courant des 90 000 en + de salaire par an que a va nous coter. Beau dbut ! @LerayJudith @tramierverger
WOOOO J'SUIS PAS AU COURANT QUE JUSTIN A REPRIT LA CHANSON DE CARLY J'VAIS VOIR CA NOOW
Y a des places partout dans le RER et ce couple de retraits s'installe  ct de moi et ma guitare. Pour me faire chier j'imagine...
Y a un couple qui se galochent devant le bus depuis 6min31, ils lchent rien a y va Oklm j'espre qu'ils vont louper leur bus concrtement
Y aurait-il des gens qui seraient bien au courant de toutes les informations pour Black ops 3 ?! Merci de me mp ( c'est pour un dbat )
Y avait une araigne au dessus dmon lit les gars j'ai cru j'allais pleurer jsuis partie en courant j'ai appel mon pre ptdr
Y tait o Bernard Landry ces 40 dernires annes pour stopper les vasions fiscales? Y tait pas au courant?
Ya un gars il est rentr dans le bus il a trait salle la chauffeuse il lui a jet de la bire a pue maintenant elle appelle la police
a me fera toujours rire les clips o on voit le groupe jouer de la basse et autres sur une colline,au milieu de nul part. (Dc sans courant)
ah si c vrai ma mre elle est au courant
aprs avoir fait 2h de relais j'ai du courir aprs le bus
au final le tabac ils l'avaient oubli dans le bus mdrrr on a repris le bus pour aller en cours bh devinez... il y tait encore
avec ma mere jamais j'ai loup le bus, depuis que mon pre est revenu je l'ai loup 3 fois en deux semaines ptn
avoir les ecouteurs dbranchs par accident dans le bus, joyce jonathan en lecture alatoire
ce matin jme suis reveille  7h10 alors que mon bus part  05 mdr en ft j'avais desac mon reveil jsp pq du coup mon pre a voulu m'emener
comment les gens peuvent dire qu'ils vont en boite mdr si j'y vais un jour j'ferais en sorte que personne soit au courant c runion de ksos
dans le bus pour rentrer de stras j'coutais la musique et mon portable m'a remis genre 5 fois l'op de sora no method pk,a me fait plorer
demain: 6h11 1er bus. 6h50 2me bus. 8h50 trains. Juste aprs 3me bus. Ptn j'vais tre malade.
depuis la semaine dernire j'ai pas vraiment cours bc profs absents et grves de bus, il fait grave bon et tt donc dans ma tte c les vacs
dernire au courant
en meme temps auj ya des probleme de train rer partout donc
hier, a srignan un accident du bus de la ligne 16,pas de bless mais l'aglo toujours muette sur les problmes de cette ligne
j'ai loup mon RER a mre
jdescends jvois mon chien qui arrive en courant vers moi si c'est pas mignon a
je voudrais que u sois la premire au courant moi
jsuis toujours la dernire  tre au courant de ce qui se passe pff
ma grand mre elle me parle en iranien sur fb elle est pas au courant je comprends un mot sur 2
ma mre elle m'a choque, je prends son tel je vois une photo de moi avec Charlie, elle tait mme pas au courant elle mme qu'elle l'avait
ma mre me dit ''oh tu vois anas, la petite voisine? elle a dit que si elle avait t au courant, elle aurait pu t'emmener  la fcf'',
mon pere il est meme pas au courant jpasse une epreuve de bac demain mdrr
mon pre est au courant que mon copain est metis
problme de train..... je dcouvre le rer D pour rentrer  melun. #plusjamais # 3h. ..
si j'ai pas cours de toute la journe, je chope des tickets d'RER et je vais voir sona, rien  foutre elle me manque dj trop
si je me crashe dans l'avion dans 29j j'espre que loanne sera au courant
si un jour j'arrive a faire le tour que je fais normalement a pieds en courant a sera une victoire
tout le monde est au courant jpense qu'on peut donc arrter mtn
trafic RER D interrompu pour les 2 prochaines heures, on adore on like on partage (moi et toutes les personnes dans la gare)
une femme traverse sans regarder et provoque un accident entre un bus et un camion  #mdr
videmment Gal Monfils branch sur courant alternatif, comme toujours  Monte Carlo. 1er set servi sur un plateau  son adversaire...
y a mon RER qui a ralentit a l'entre en gare, qui devait s'arrter et qui ne l'a pas fait. j'ai des envies de meurtres l
y'a deux ans j'aurais clash toute ta famille personne ne serait au courant a ct'heure ci
