"-La tu veux pas passer ton permis?,-Maman jsuis ta fille donc tu devrais le savoir mais t'es au courant que j'ai pas l'ge?" ma mre
"@GaelleLongs: Accident ce matin sur l'axe lourd dla-yde entre un bus de touristique voyage et un camion de sable." Merde !!!!!
"@LeMarquis1er: @enzolarissa Lol, Linda, c'est un prenom courant, ya pas de souci avec...Mais Nadia Cyclone Germaine????",c glamour
"@Mister_Bastos: Accident Touristique Express.  quelques kilomtres ddea. Un bus provenant de Yaounde. " quand ?
"Je suis a contre courant, avec des vagues, la mer agite, sans pagaye, dans un kayak avec un trou " alors lui et ses mtaphores  #LPDLA2
#FUT15 A demain les amis, je vais me coucher! Si je revends a mon reveil, vous serez les premiers au courant ;)
#TaoInfotrafic : accident entre d'Auchan Olivet et report de circulation sur Olivet. Retard sur la ligne 1, lignes 17, 22 et 23 dvies.
#stibT25 #stibT62 Pas de circulation entre #Liedts et #Meiser Accident de personne,Bus navettes prvus Longue dure #stib
- Apres GTA, on fera un nouveau Pokemon, il s'appellera Pkmn Delta meraude",Garon crdule: "Ouais ok j'vous tiens au courant" Kil con x)
- intensifs, et elle en a pas..Elle nous tient au courant quand elle en aura..,J'espre que sa sera des bonnes nouvelles..
@ Train_SNCF: Le RER ou le metro ?
@03Meryl je te tiendrai au courant mais c'est la galre en ce moment
@ADCTR1 j'tais pas au courant pour l'accident de personne :( sinon je te souhaite une bonne nuit alors ^^
@AdrienMPfan @Justinette__ bha en mme temps on serait au courant des choses qui se passent il y aurait moins de rumeurs
@Aenrysch Bon sauf pour les textes a la premire personne ou un personnage raconte son histoire, la c'est courant
@Afterbookfrance :) tu pourras nous tenir au courant pour quand a se passera? (L'heure, et a sera en DM ?)
@AliceRPShack avec elle sur les paules* Tiiiens les biennnnn Aliiiice *explose de rire en courant et dvale le hall d'entre*
@Alladin_Al QU ON LE TUE L HOMME QUI A TUER SIC ETAIS UN MUSULMAN TOUT LE MONDE SERAI AU COURANT ,,,,,,
@AlterednUnadapt a s'est pass hier soir visiblement et sans Twitter franchement je serais pas au courant, c'est hallucinant!
@AnneVuylsteke wesh ton pre il bosse  edf ? Car je viens d'avoir un coup de foudre
@AnoukDEQUE @IsabelleSpanu @sandrineL78 En ce qui me concerne, je serai  Toulouse avant la fin de ce mois. Je te tiendrai au courant Anouk.
@AntDaMuro ben oui, tu m'as souvent en bouche, mais rarement sous la forme de citations. C'est pas courant!
@ArianaGrande t es au courant que en france il sera 6h du mat???
@Artefact_Light @ZekeStorn @Snydou Et puis courir derrire le bus c'est dj un sport en soi !
@ArtificeBoy parce que le courant lectrique n'approche pas du tout la vitesse de la lumire (vitesse de dplacement des charges 1/2
@AudricFrancois moi jpouvais pas t'aider j'tais morte de rire j'me suis barre en courant
@Bast_68 vasi a chaque match jte le tweet ok ? Comme sa tu sera le premier au courant
@BenChc_1 Si t'es pas sur Twitter jamais tu seras au courant de cet acte plus que barbarz
@BerengereBaudin Vu que tu sera a Paris comme moi si j'aurais des infos je te tiendrai au courant !
@Berenice_Dlb @victor_srs c'est qui ? Vas-y je suis toujours la dernire au courant de tout
@BertrandParent faut arrter l ! On a des journalistes  Paris au cas ou t'es pas au courant..
@Biloulette aux courant et son plus svre avec les cas d'harclement.
@Bublizzz_ j'espre que t'es au courant que 7x7 a fait pas 50
@CBouffel @MeloueD Pourquoi pas ca me fera pas de mal, tiens moi au courant quand vous commencerez
@CamilleMaset1 a serait un tel honneur, tu comptes venir en bus ou en vlo du coup?
@Claireuuuuh nan mais le pire c'est que je cours rarement derrire un bus et comme de part hasard faut que je te croise :/
@Conducteur_RER Y a 3 jours dans ma cabine Z2N le seul clairage OK tait le plafonnier. TOUT le reste (mano, BL Fiche train,...) HS !
@CrptD bah le week prochain ses m anniv je peut pas donc je te tient au courant, mais tu serait chaud ( puls )
@Desiminn mon cur sera bris alors. Note que Stacey est au courant de son 754 secret
@DjazairiyaDu92 nan je serais contente de la voir aussi mais plus pour henna Darkrim amis dit R a la mif personne est au courant
@Domeniqlea Ooh! *Sourit grandement et ouvre les bras en croix en courant vers eux* Notre djeuner! *Arrive au cocotier et lui fait un klin*
@DrPepper_FR tenez moi au courant dans ce cas  je vous ferai un paragraphe argument sur les saveurs que renferme votre boisson
@Drekzt si tu trainais plus sur mumble tu serais au courant ! J'ai achet une MSI GTX 670 Power dition, cdiscount m'a rembours la 7950
@DylanBessa elle t pas au courant que tu t'tais fait virer  cause du vol et tu seras sanctionn  la rentre et tu vas rattraper ls smdi
@EllieDvx J'espre bien haha! Tu me tiendras au courant ;)
@Enio_wakfu a serait op, je te tiens au courant pour vendredi !,Pas d'amliorations majeures dans tout les cas ?
@Enjoy_KA_ on sera toujours au courant de toout !!
@EricWaltR a ne serait pas du brainstorming, en franais courant ?
@Estelleee1707 moi j'ai cours jusqu' 17h  donc bon j'y serais que vers 18h bc du temps que je rentre en bus et tout
@Estyolo c'est le smiley genre y'a pas longtemps j'tais dans la mme galre et t'es au courant d'ailleurs
@FendelertA mon frre est dj au courant, t'a plus qu' prvenir mon pre
@Flora_inlove auft ta mre est au courant?
@FournelAnna j'vais appeler ton frre on va te casser tes jambes, a regarder des films de pucelle bordel ! il est au courant ?
@GaelleLongs: Accident ce matin sur l'axe lourd dla-yde entre un bus de touristique voyage et un camion de sable.
@Ganeshdeux Je sais hein :P a me fait plutt rire. Quand t'as un prnom peu courant, a fait bizarre
@GastrinJulien puis bon tu viens quand meme de le confirmer sur Twitter donc tout le monde sera au courant
@Ghost_Leslie donc son travail sera de trouver une solution a ce probleme. Tiens nous au courant
@Gwennmdrr moi ouais super, mon frre il est parti en courant de la salle tellement il avait peur mdrrrrrrrrrrrrrrr
@Haawky__ T'es au courant que juste aprs a sera ta fte
@HannecartL @ThomasVerhey j'en doute pas de lui haha ! Je paye ma bire quand ?! J'tais pas au courant
@Henrirejaune je sais pas si t'es au courant, mais Ren meurt dans un accident de voiture
@IngloriousJojo La DGSI ne sera pas au courant sachant qu'il s'agit d'une simple opration de police d'un commissariat
@IreR1 @MaisOuVaLeWeb haaaan rebelle va ;) trs bon article  contre-courant
@JePapote tiens nous au courant :) a serait top tout a
@Jeffdu93 Tu parles du gars qui prfre augmenter les salaires plutt que les baisser et qui rtablit le courant pour les mnages ?
@JoelRoscoe La vanne haha, ouais on se tiens au courant frre
@Jojo14aShady ouai mais cava finir tard ma mre elle est pas au courant elle va me casser les couille si jlui dit et si jrentre un peu tard
@JujuAymelia @Juliette_AbL oui j'espre que c parents l'on pas disputer a se trouve ils taient mme pas au courant
@JulianAiria1 tu voudrais bien me tenir au courant si tu trouves des trucs, s'il te plat ?... Je ferai de-mme de mon ct
@JulienVande mdr ntm.. Nn sinn t'attaque un peu la passe en retrait rooney arrive en courant frappe sans contrler et boom
@Justinevazeille j'espre qu'il y a rien de grave! Tu me tiens au courant
@Kaaamiy_ dacc. Tu m'tiendras au courant j'te ferais visiter
@Karim_Boukercha Tu nous tient au courant sils reviennent vers toi.
@KatiaFrance mdrrrr oui t'inquite, la premire semaine des vacances je vais dormir chez elle donc jte tient au courant pendant les vacs
@LaMalhonnete @AloksOfficiel c'est fini les dlire grec tu prend le bus sans courir derrire tous sa chui devenu un rajel mtn
@LewdyyPrincess @StarStorms0 Oriane c'est le nom franais du personnage, il serait temps de mettre Nintendo au courant!
@LgtAnastasia mais au moins il sera au courant..
@LisaPsq ah bah tient moi au courant mais je sais pas si ma mre va vouloir mdrrr
@LisePressac @DavidDerhille @Lzarama_ @guybirenbaum @franceinfo bah moi sans mes repres inter... Rat mon rveil. Puis mon bus. Et train.
@Lisou_vsl Tqt vous serez les premiers  tre au courant! Avec @bigzookers @steven_bdn @Rissap5 @teadlg <3
@Lisou_vsl cool, je serais dans les premiers au courant de quand je dmnage
@LucasMichou n'importe quoi tu serais le premier au courant mdrr
@LyseeW Tu me tiendras au courant ? Se serait sympa de se voir un peu ! ^^
@MOMOBOUSFIHA est-ce tu es au courant du salopard qui a frapp la maman de Ibtissam Tiskat? C'est quoi a sa femme est policire il frappe
@Manon_Frnr bha justement recasse pas psq en plus tu loupes toujours ton bus, ton pauvre pre... :/
@Margaux_qnt j'tais sre que t'allais approuver cette proposition ! Tu me tiendra au courant alors
@MarineCabanne en parlant de secret est ce que ton pre et Sophie sont au courant pour.....?
@MauditMaurice Photo rare d'une rivire en bus de prendre son train.
@MenetLa ah d'accord tu me tiendra au courant alors, j'espre qu'ils pourront te prendre
@MiaouChardine OK, je te tiens au courant avant la fin de semaine. Mais ce sera certainement pour le 16/02 ou le 17/02.
@MilaSaintAnne pas encore de doc  (re)lire, mais on avancera en journe de formation en Mars, je te tiens au courant de notre progression
@Mister_Bastos: Accident Touristique Express. quelques kilomtres ddea.Un bus provenant de Yaounde.  meme eux ?
@MogoIsMaxmyzer je te tiens au courant quand je serais sociable et drle !
@MrsTinkerbell_ d'accord tiens moi au courant de tout sinon je serai boudeuse comme dhab mdr mdr
@MuFyJo Je suis pas plus au courant que toi mais normalement la semaine prochaine vu que a sera les vacs
@NatachaBouchart Mme le maire, avez vous t mise au courant de l'annonce potentiellement tragique qui sera faite  #Tioxide jeudi ?
@NegreInverti  j'tais pas au courant! Merci beaucoup!!! Ce sera mon prochain achat
@NewWind_RD @LaurentFabius @RoyalSegolene Il ne faut pas que ERDF rcupre , il faut une prime d'installation pour le particulier
@Nora_Fahim de rien trs chre! Et vendredi on fini  15h au cas ou si t'tais pas au courant aussi
@OceaneHlln remerciez moi sans moi vous ne seriez jamais au courant @YenAMarreYann
@Pballion tu seras au courant quand tu rentres
@PierrickLM @HugoPaa tu vas garder un gosse le pre est comme a perso jme casse en courant
@Pluminette Moi aussi je veux bien tre mise au courant s'il y a cration d'un nouveau fofo ! Ce serait top.
@RaptorCanFly On se tient au courant :D! J'veux voir la mer moi :D
@ReggaeBaab,comprenez-vous seulement ce que signifie le port du voile ou de la djellaba ? (courant chez ceux que vous considrez modrs)
@RemiVnd @Jack_08_ @Kev1theGame gt mme pas au courant que yavait un truc, le dbut je serai pas couch dc  voir
@RumpleRPG Tient toi au courant un peu... Madame voulait retrouver ses frres!
@SeniEnigma  je t applerais. Mtn c'est en solo je te tiendrais au courant sances studio ect franchement je tiens kke chose la
@SoniaNeww ouiii ce serait cool, tiens moi au courant ;)
@StarmediaPhoto @Le_Scan_Tele ....re rire... Tres mignonne et ne risque pas de partir en courant...(j'ai honte)
@TVASports euh... Dave Morissette est-il au courant que vous avez pris son costume dans l'vieux costumier de Ral Gigure ?
@TheFantasio974 @YouTube j'espre que c'est pas trop grave l'urgence de bob tenez nous aux courant !!! Ya du monde qui s'inquite
@TheNewMarvellou lol on prend tous le rer aprs je pense et c'est bcp plus rapide alors de se mettre en queue de train ;) @LilouChou60
@Thomasrzs tu crois qu'ils vont mettre des prises de courant aussi ? Enfin, t'es toujours en premire toi, tu n'as pas ce soucis :p
@Tibo_Menez ca m'interesse grv je sais juste pas si je serai dispo, mais je te tiendrai au courant
@Tiekso_: le lyc dmon frere il est ferm psk ya plus de courant et de gaz donc la il est en vacance sbtrd chauffage*
@WyWyr_ il a quand mme plus de 1000 abonns mais je pense les gens serait au courant ici si j'envoyais ce genre de photos ^^
@Yvan_witi Elle est au courant de toi? Pardon laisse l'AVC passer sa route! Tu es encore jeune. Tu as reu le texte?
@_Inesociable @haswayougoulele Bon bah je lui dis que tu prfres faire autre chose. et je te tiens au courant.
@_heartofstyles peut tre; j'espre je te tiendrai au courant si c'est le cas!
@aidenRPTW2 *Se prcipite vers toi en courant* Aiden c'est toi? *Grimace en te voyant mieux par la suite, d  ton tat, prenant ton bras -
@alanprsne t juste au courant que ton expression elle est pas en entire
@bAdgIrlIrwin nn mais en vrai ma mre mme pas elle est au courant
@baderdean Sallam alayka je sais pas le terroriste se rclamait haut et fort km un reprsentant de ce courant g besoin d'tre rassure qd mm
@badstopher si personne en parle on serait pas au courant , ils forcent
@bhelleu et un sponsor qui dbute en basket par la premire mdaille d'une EDF en coupe du monde et en hand par la 5em toile mondiale?
@bitedezayn mais mdrrr t'es au courant que l'irlande c'est le pays de la bire ?
@bm_hassan @LucasDCS_ dis pas que les gens reagissent pas, deja ien a plein qui sont pas au courant a cause des medias frere
@bouyguestelecom ok il faudra juste rsoudre le pb du redmarrage obligatoire . Je vous tiens au courant demain merci
@captainwho_ @ShipperDealer Mais oui ce petit porc la son nez va gner rahh au pire lui il me suit en courant avec son autruche voil rgl
@catindesplage je suis tout ou. Des fois que je serais pas dj au courant
@cedsib Une premire mouture du nouvel outil devrait sortir dans le courant du second trimestre :)
@charmed_fr @People_In_Paris En tt cas encore un gd merci pr ns tenir au courant des dernires infos. ;-) Bonne soire. :-)
@declencheur L'accident s'est droul  l'arrt #Robiano et les T-bus arrivent sont dj en route. Merci pour votre comprhension.
@declencheur Suite  un accident  l'arrt #Robiano la circulation est interrompue :-(. Des T-bus sont prvus entre #Liedts et #Meiser
@eleonore_cr oh je peux pas j'ai pas assez de doigts. Il connat tes antcdents ton mec ? a serait dmg qu'il soit mis au courant :D
@epenser , Le courant lectrique approche la vitesse de la lumire, alors pourquoi un lectron nirait qua 1% de celle-ci ? :/ #septique
@fdpniall bonne premire saint melissa de laquelle t'es au courant
@humanistmuslim Certes, mais il s'agissait d'intgrisme politique. Ici ils ne s'agit pas d'adhrer  un courant, mais de lcher le sien
@ingeso_ je suis dsol je n'tais pas au courant de tout a moi .. Sinon tu aurais t la premire invite
@itou_14 @joanne_rbd @Dorinelmd @Cindy_lbrgs bah j'allais pas courir derrire le bus.
@jeromejarre SI TU ME TWEETJE PRENDS LE RER DEGUISER EN BOB L'EPONGE DANS TOUT PARIS,ET JE FINIS PAR COURIR A LA TOUR EIFFEL A POIL
@juliencosimi tu seras le premier au courant Julien, promis :) @CulturaOfficiel
@justine3417 @SupremeFelix T'es au courant que a parle de VIOL merde ?! Soit t'as un gros blme soit je peux y remdier :D (on s'arrangera)
@kazz_ Heureusement que c'est un prnom courant, sinon, j'imagine la galre pour trouver :/
@legrugru Je pense qu'ils taient au courant, mais pas qu'il tait aussi con pour se faire piger par sa propre bite @Heir_Mino_O
@lucarpgmis qu'elle met dzns un sac jsp et sort de l'picerie en courant vers l'appartement*
@maevagtl Bah en mme temps, je vois pas pq elle serait au courant mdr
@mamanwhatelse a et un bon courant d'air......,Y'a pas une recette de grand mre avec du bicarbonate aussi......?????
@marie_m2b Bah coute, moi je suis dans l'Essonne, tu peux rejoindre Montparnasse en une 30aine de minutes en RER, aprs les coins  viter
@marrego_rg Mess si toi je fte juste l'anniv de Sarah sinon tu c trs bien que tu serai au courant
@miiyou974 @iLove974Party yes tien moi au courant mais sa serait bien vous veniez avec la ptite famille !
@milou6314 Bonjour ! L'ouverture de la billetterie pour OM - PSG sera ouverte courant semaine prochaine !
@monachollet ils sont au courant qu'on peut "tre une mre nourricire" sans "avoir une poitrine avantageuse" ? @elihah1
@mounalesa la directrice elle est au courant elle a dit je comprend c un truc grave sinon je serais venu
@namelessgrier_ :/ mais faut que tu lui dise ! comme ca il sera au courant et tout
@nathan_blon je vais chez lui et je le rcupre c'est tout , j'tais press  cause du bus et je l'ai oubli
@nelsonbellune @cinna_emile a sera srement vers 18h mais j'vous tiens au courant
@nericfanzouze je viens de commencer faut tre patient. Tout le monde sera au courant ce soir!
@nisssaaay oui je sais mais mon pre est au courant
@njhorzn ils disent que askip nina et ian ils se verraient en douce et nikki elle serait pas au courant
@oildj ca serait cool. Tiens moi au courant. Mme manchester je passe supporter!
@pitoo28 @willemofficiel Ca serait cool. Je vais voir la mto et vous tiens au courant lol
@pongboum Malheureusement, nous ne pouvons garantir si lintervention sera gratuit ou payant. Pouvez-vous nous tenir au courant? Hera
@psyoavia j'espre que a va marcher! Tiens moi au courant
@ranchanedogawa me suis rarement autant intresse que depuis qu'on fait ce courant l. Mme si bon, j'adore toute la litt en gnral =3
@rousseau_michel Je suis re sorti pour manger! Je te tiens au courant dans l'aprs midi!;)
@semanticare accident de tram j'ai rat l'avion LOLE
@serge65100 @desouchejesuis Oui il faut les protger, merci pour l'info, je n'tais pas au courant.
@thatrich_ ok moi je serais parti en courant
@tit3alex je viendrai des fleurs dans ma chevelure ! Courant vers toi !!!
@twerkofhxran moi je suis sre que d'ici le courant de l'anne ils vont annoncer une tourne pour 2016 et sre yaura l'Europe
@une_fangirl ce sera vers la je te tiens au courant
@untillouis @icrushniall bande de putes, j'suis toujours la dernire au courant.
@zGuizh T'es au courant que quand je serais joillo 100 je vais faire que a ?
@zJulienA Haha oui c'est terrible il y a que le Twitter qui remonte ! On te tient au courant en avant premire ;)
@zerocarina 2/2par contre faudra que tu te fasse passer pour un simple pote.,mon pere est pas au courant et je veux pas lui en parler.
A Lire #Liban Retrait (ou expulsion?) de Khaled Daher du Courant du  #A_la_une #Arme #Chehab
A midi je devais aller manger chez ma grand-mre. Elle tait au courant. J'arrive, personne. Il me restait quarante minutes pour remonter en
A to Z, je prfre Tris en courant comme un drat  la sortie du TGV : .
Accident Touristique Express.  quelques kilomtres ddea. Un bus provenant de Yaounde.
Accident ce matin sur l'axe lourd dla-yde entre un bus de touristique voyage et un camion de sable.
Accident de tram  Bruxelles: un enfant transport  l' #rtl #belgique
Accident de tram  Bruxelles: un enfant transport  l'hopital  #france #french
Accident de tram avec bless
Accident de tram avecbless
Apparemment la finale de la Coupe de France de l'anne dernire tait Guingamp vs Guingamp, j'tais pas au courant
Au cas o vous ne seriez pas au courant, @InigoMont_ya rejoint l'affiche de ce soir au ct de @diagramsmusic! Yes!
Avec Florian on a fait du Cano Mdrrrr yavait tellement de courant qu'on est parti vers le large on a galr pour revenir
Avec mon frre le courant passe bien je me suis pris un de ces coups de jus en lui touchant le bras @AanthonyY59
Bon le bus est toujours pas pass j'espre qu'il passera pas j'ai fchmt pas la foi d'aller en cours
Bon ma mre est toujours pas au courant que je vais au concert des M5
Bon par contre il a fallu qu'on est un ""accident"" de bus juste avant de monter dans le ferry mdrrr comme par hasard
Bon. Le pre est au courant pour la clope et il s'en bat les couilles. Moins cool, il est au courant pour le self harm.
Bruxelles : accident de tram ce mercredi matin. Une mre et son enfant heurts. #RTBFMobilinfo
Bus 291, 45, ... dvis. Les 291 semblent passer par Juin; les 45 par Nieuport: vous prfrez cependant descendre ds Morane...,#vvtrafic
Bus Accident
C'est bon,mon pre est au courant
C'est la premire fois en un an et demi que je loupe mon arrivage dans le bus #journeedemerde
C'est la premire fois que je loupe mon bus en 5 ans
C'est sr que le conducteurde touristique qui a fait l'accident etait I du bus etait Ivre!
Chaque Vendredi, je ferais des dms au Boys, donc activ les notifications pour tre au courant.
Chui dans le RER A jarrive bientt  val d'Europe j'espre que j'aurais mon bus Psk avec les blems qui ya et les retards des train #stopRERA
Cinq blesss lgers dans un accident de la route: Un accident de la route impliquant un bus de la compagnie Un...
Comment t'as pu imaginer que je serais pas au courant !
Construite au courant des dernires annes et longue prparation techniques mdical et financire, publi de nos jours en plein ciel ouvert
Coupure EDF ce matin..bon j'a l'impression d ene pas avoir loup grand chose...les pips fait ds la premire heure,Dax
Courir aprs les bus et le RER pour finir mes journes devient une habitude
Courir aprs son bus devrait tre un sport olympique. Je serais mdaille d'or .__.
DERNIRE HEURE: Panne de courant  Etobicoke, dans l'ouest de #Toronto. 6 600 clients sont touchs. quipes de @TorontoHydro en route #onrc
Dans le Rer a Sceaux ->>> Cour dans 3min dans le centre de Paris .Je serais a l'heure ?
Dans le bus pour aller en cours on crois vraiment que c'est le bus  nos mre pck ya jamais personne
Dans le metro pour aller en cours, et l, le drame: @TiphaineVe a oubli son tlphone donc demi-tour -' elle me dsespre tellement... <3
Depuis que j'ai repris l'cole j'coute Jul ,le matin dans le bus , a la recre , dans le bus a midi , dans le bus laprm , au soir tlt
Des fois j'me plains du RER B mais alors le RER C, un train toutes les 10-15mn en quasi heures de pointes, faut pas pousser.
Des infos sur le Bus Touristique Dla-Yde qui a fait un accident ce matin ?
Des petits tervues prvus cette anne, je vous tiens au courant prochainement. Hold On sera saillie par ....
Des ralentis sponsoriss par EDF. a doit parler aux Bretons. #ASMSRFC
Dj que je prend le RER tout les matins ils veulent commencer les cours plus tt
Donc quand c'est moi faut rien dire mais quand c'est elle toute la terre entire est au courant en deux jours. M.D.R
Droit au remboursement d'un compte courant d'associ indpendamment du retrait de l'associ
Droit au remboursement d'un compte courant d'associ indpendamment du retrait de l'associ de la socit
Du Citaro sur le 61, ce n'est pas courant, une premire pour cette ligne parisienne, habituellement en Agora Line 3.
Eh Jsuis dans le bus ya un petit 8ans maximum il est en train d'enchaner sur la vitesse de la lumire l'inverser etc je comprend rien
Elle me dit qu'il y a aucune propagande, ils sont au courant de tous et surtout ils sont trs "fire" et d'accord avec ce que Poutine fait.
Et en plus aujourd'hui c'est l'IRM donc je serai tout nu sous leur blouse.... J'espre que y aura pas de courant d'air !
Et voil, ne rien montrer du matchmettre le bus& esprer un coup du sort,a pue le hold up ce but
Fin mtn faut encore sortir du lit, se prparer, prendre le bus, aller en cours. La misre quoi
Genre ils veulent que je desinstalle skype, juste parce que mon pre etait pas au courant que je l'avais
Hier il tait 1h du mat je voulais aller dormir, j'allume la lumire de mon salon et l bam coupure de courant j'me retrouve dans le noir
Hydrolien : le courant de la rivire pour produire de l'lectricit -   via @Mer_Veille
Il me faut des somnifres l, mes couilles sont parties en courant.. #piercing #15h
Il ne manque plus qu'une coupure de courant et ce sera parfait !  vrai dire l'pisode d'aujourd'hui, vous savez dj ce que j'en pense #PLL
Il y a 1 an j'tais au courant de rien, elle avait trs peur de me l'annoncer. Mtn on en parle dans le plus grand des calmes. Fire
Il y a une rumeur comme quoi on aurait cours  Genevilliers l'an prochain. J'espre que c'est vrai. 40 min de tram au lieu de mtro+rer.
Ils (@Pulseheberg) sont  fond pour corriger tout a, on reste en contact avec eux pour les dernires nouvelles ! On vous tient au courant !
Ils sont au courant que les prlvements se font gnralement en dbut de mois et que a serait sympa d'envoyer la bourse avant le 15!
J ai louper mon bus courru apres le chauffeur mdrr j'ai failli tomber comme une merde heureusement que ma grand mere est a luzarches :D
J habite dans une ville ou meme le courant est rare
J'ai assist  un accident de tram ce midi, il est rentr en plein dans l'arrire d'un camion, le pare brise a clat comme dans un Taken!
J'ai bien la poisse avec les bus... Bouchon / accident... What's next ?
J'ai eu le bus du 1er coup popopoh
J'ai fait tomber un pots de peinture dans le magasin, avec ma mre et on est partie en courant!
J'ai louper mon bus sa mre
J'ai passe ma journe dans les transports train, RER, bus. Et je peux mme pas me poser tranquillou chez oim. Les devoirs m'attendent
J'ai rat mon RER, je vais encore tre en retard en cours. Et j'ai contrle en plus.
J'ai reu mon avertissement officiel. J'tais mme pas au courant. LOL.
J'ai reu une lettre de Disney. Les gars, vous tes au courant que je ne bosse plus pour vous (pour le moment) ???
J'ai russi  faire le parcours "rer - bus" en mme pas 3 minutes putain j'ai monter les escalier en courant et tout
J'ai t  l'abri-bus pour demander au techniciens si je pouvais rcuprer l'affiche FSOG , mais ils taient dj passs
J'ai t dsiquilibr j'ai voulu continuer  courir et BAM! Puissamment la tronche dans le bton.,Le pire: Le bus a attendu que je me relve
J'aime bien quand on me dit que je suis la 1re  tre au courant ^^
J'aime bien voir les gens courir quand c un rer court
J'aimerai bien mon bus est un accident
J'en ai marre qu'elle me prenne pour une conne. Je suis l pour la soutenir et tout pour au final tre la dernire au courant des nouvelles.
J'espre mes parents ils seront jamais au courant que jreois des snaps contenants des partie du corps humain jamais explors
J'espre ne pas louper mon bus a 11h
J'espre ne pas louper mon bus ce soir
J'espre qu'elle verra mon tweet pour tre un peu au courant que j'ai eut le code
J'espre qu'on tombe sur les opras parce qu'on bien poser le dialogue, par contre si c'est les villes je sors de la salle en courant
J'espre que le courant va vite revenir
J'lui aurais tir la serviette et j'serais partie en courant avec apres la photo
J'me fais xhier dans le train jsuis fatiguee Jai rate mon autre train a cause du RER D ta mre la pute ET JAI BESOIN DME PLAINDRE
J'me rveille j'me prpare et tout j'arrive a l'arrt je loupe mon bus c'est qu'elle galre sa
J'me serais barrer en courant la honte international
J'passe ma vie  soit courir derrire mon bus, soit  le louper msk
Jai acheter des chips et bonbons setais pour le goter mais je vais garder pour moi je vais dire j'tais pas au courant
Jai loup mon bus, je lai vu partir, jai pour le rattraper a larrt daprs mais re loup. Le prochain est dans 45min
Jamais tu pourra pcho la mre de @CamFollain. Tu l'accoste, elle se barre en courant, impossible de la rattraper. Plus jamais tu l'a revois
Je cour plus derrire les bus alors courrir dernire toi encore moin !
Je crois que j'ai loup un pisode. Pourquoi est ce que je suis toujours la dernire au courant ? J'aurais pu faire une boulette encore..
Je parlais de Justin avec ma mre tout  l'heure, elle est au courant de tout ce que je veux maintenant mdr
Je pense que tout le monde est au courant mais bon chres lecleriens je vous annonce que le carnaval aura lieu le 17 fvrier au lyce
Je penses que la vido sera en ligne plus dans la soire ! Voil ! Je vous tiens au courant
Je rve d'un courant d'air , d'un espace clos avec vu sur la mer
Je suis  contre courant avec la mer agit et le vent de face dans un kayak sans paguet et avec un trou dans le kayak. En fait je coule
Je suis pas en conditions de courir et encore moins derrire un bus. Je suis dj en retard donc autant tre bien en retard.
Je suis tjr au courant de tout de toutes manires
Je suis totalement d'accord, malheureusement aprs 17ans ma mre elle est tjrs pas au courant
Je vais pas en cours  Mon bus est pas passer, ma mre a dj prvenu le lyce
Jss tjrs au courant des trucs de dernire minutes
Julien je l'ai attendu attendu du coup j'ai rat mes deux bus nique sa mere
Jvais pas en cours mon pre m'a dit mon bus est pas passe
L'abandon total depuis cinq heures  par contre ca aurait t mon frre, le pays aurait t au courant direct mdrrrr
L'accident mortel entre un bus de touristique et un camion de sable des images terribles,#Rip
L'anne dernire y'a un mec qui voulait sortir avec moi et genre toute ma classe tait au courant
La Rpublique : Grosse coupure de courant  Sauveterre: Hier soir vers 20 heures, un camion dchargeant du ma...
La dernire fois j'ai vu un couple  l'arrt de bus c'est plus s'embrasser qu'ils faisaient ptdrrrr ils se mangeaient, j'en pouvais plus
La dernire fois on tait a hdf on attendait le tram et d'un coup on parle dans un dlire
Le RER A qui force vraiment : un premier train qui saute Neuilly et Bry, un deuxime qui saute Bry, juste Bry. SRIEUSEMENT
Le bouton pour demander au bus de s'arrter est trop loin, je crois que je vais pas descendre du coup
Le courant revient, je rallume la play et bim une autre coupure... Continuez continuez j'espre pour vous que ma PS4 va pas s'abmer
Le ga voulai pas rater le bus et a failli provoquer 1accident. Ca fai 10mn le chauffeur l'engueule  haute voix #jerisseulment#bnejrnee
Le maquillage c'est la galre du matin. Surtout quand c'est du noir,Du coup j'ai loup mon bus. Rhaaaa
Le mec, il tait mari et il demande Jane en mariage, mddr. Il a crus que tout aller bien ce passer et qu'elle serait jamais au courant msk.
Le mtro du Grand Paris arrive. Et ils habitent sur son trac ! le RER A passe dj  Champigny...  via @LeNouvelObs
Le truc c'est Quand ca se produira tout le monde sera au courant et place aux comerages
Les amis de l'auteur de #Watain attendent quoi pour me remettre la lumire ma? Petite pluie l vous coupez courant? #Dlestage  #Lom #CEET
Les enfants dvalaient la montagne en courant & en criant "vienen los gringos!",1er Voyage sac  dos dans les andes ~ Isla del Sol 1992
Les trams ils en ont pas marre de faire des accidents eux aussi
Lironie du sort est que ce militant engag fait partie du courant du parti le plus dur  lencontre des trangers en situation irrgulire
MAIS jojo tais l pour me sauver la vie don j'ai pu re-rentrer limite en courant pour le rendre :')
Ma grand-mre de 66 ans est beaucoup plus au courant que moi sur la mode, je ne sais pas trop quoi en penser, alors je trouve a amusant.
Ma mere viens de couper le courant so...il me reste plus qu' aller a la douche et me dmaquiller en attendant qu'elle le remette
Ma mre elle goute un cookie et elle part en courant pcq c'tait gilles en dessous mdrrrrr
Ma mre elle invente des trucs, les fameux "je t'avais donc dis..". Je suis mme pas au courant
Ma mre elle monte en courant dans ma chambre juste pour me dire qu'elle a russi son niveau dans candy crush... Ma famille me dsespre
Ma mre elle veux pas me conduire a l'arret de bus?! Tempis j'vais pas en cours mdrr
Ma mre elle veux que je l'aide samedi soir pour sa soires.. Mais elle es au courant que j'ai un copain? Abuser..
Ma mre est au courant c'est le principal, elle peux m'aider c'est a qui est rassurant
Ma mre m'a force  aller en cours que pour deux heures de sport... Et le trajet en bus c'est 45 minutes. J'ai les nerfs putain.
Ma mre n'est toujours pas au courant que je fais le bal vendredi
Ma sur qui fait un doigt a ma mre et qui part en courant
Ma vie c'est de m'endormir dans le RER et de louper mon arrt.
Ma2x j'ai beau pas aimer ses sons quand il jette des oeufs sur ses potes et qu'il se barre en courant il me fait trop rire
Mais moi  sa place, je me serais enfuis en courant !!! Comment ils l'ont affich !!! #TPA
Mais srieux ce chat est con mdrrrrrr il vient de me re lecher je le regarde et il se casse en courant mdrrr jpp
Mais. Je suis toujours l dernire au courant des trucs :<
Marco me fera tjrs rire! Ce mec il est jamais au courant quand on a DS en italien
Mddddddddddr Jspr Sarah elle sera au courant
Moi si j'ai le malheur de touch un truc, mme Reina elle sera au courant je vous jure ! MDRRR
Mon frere il est parti voir le Match PSG - Nantes, j'etait mme pas au courant ptdddddr
Mon frre vien d'avoir son permis donc si vous le voyais au volant n'oubliez de rester calme.. Tout en courant trs vite !!!
Mon p'tit-frre qui me rveille 1h avant parce qu'il a loup le bus
Mon prochain train est dans 1 heure. Merci le Rer D
N'hsitez pas  regarder la toute dernire vido Gamoniac pour tre au courant des news vido-ludiques !
Ok il n'y a plus de RER D je suis bloqu dans le 93 et j'ai cours demain
On a eu un mini accident de bus
Oulala le presque accident de bus, a a cri comme des salopes ptdr
Ouverture de la chane soit au dbut des grandes vacances ou soit au dbut de la rentre scolaire je verais je vous tiens au courant
PTDRRRRRRR DU COUP J'AI DCOUVERT BEAUUUUUCOUP DE CHOSE SI MES PARENTS TAIT AU COURANT IL SERAIT MORT MDR
Perle peut passer entre les portes coulissantes du Mtro/RER sans forcer PTDRRR
Personne ne seras au courant
Pfff ma mere elle dodo avec la tl allumer, quand c'moi qui fait a "Ta grosse tete c'toi qui paye le courant?"
Pour ceux qui sont pas au courant, voil la TeamOfTheTournament qui sera surement ce week end sur FUT :) #TOTT
Pour vous dire a quel point jsuis pas proche de ma famille : mon pre est au courant avant moi de ce qu'il se passe ds la famille d'ma mre
Prck tte ma vie je cours aprs le bus wAllah matin midi soir mme quand je suis en avance frre
Ptdrrrr le bus il vole carrment sa mre j'ai trop l'impression y'a des loups des bails de fou
Ptin j'ai faillit sortir a mon frre que j'ai fait une parodie mdrr j'ai eu trop chaud xD Jveux tellement pas qu'ils soient au courant :')
Ptn ils ont coup courant . Quitte  choisir entre la pluie et courant je prfre mon courant man
Puis mon pre ce boulet qui me dis pas qu'il rentre ce midi du coup je me suis tape le bus
Putain aprs tout a le bus frne de ouf sur l'autoroute ce btard veut qu'on est un accident on a eu tous eu peur dj qu'il a du retard
Que jla traitais de hoes  quand elle est sortis du bus elle a dis jsuis fire d'tre raciste on lui a tous dis ta gueule
Quelques guest mystres seront dvoils courant du mois. Que de rebondissement. #nuitsso2015 #10dumat
RT @ABernatzki: T'es une pute j'espre t'es au courant
RT @Aangelina2S: @captainwho_ @ShipperDealer Mais oui ce petit porc la son nez va gner rahh au pire lui il me suit en courant avec son autruche voil rgl
RT @Absoolutiion: Sans Twitter , je serais mme pas au courant #ChapelHillShooting . La on se dit les mdias sont des mdias pour ceux qui veulent ..
RT @AlexTuloup1: J'ai louper mon bus sa mre
RT @BlaiseLefaivre: Perle peut passer entre les portes coulissantes du Mtro/RER sans forcer PTDRRR
RT @Calamity_Jimmy: Ma mre elle invente des trucs, les fameux "je t'avais donc dis..". Je suis mme pas au courant
RT @Camilya_Drk: @DjazairiyaDu92 nan je serais contente de la voir aussi mais plus pour henna Darkrim amis dit R a la mif personne est au courant
RT @Conducteur_RER: Illustrer la SNCF par un train italien, trop fort @Le_Figaro.
RT @CourseAuLarge: Volvo Ocean Race: La flotte remonte vers le nord pour eviter un fort courant contraire  #VolvoOceanRace
RT @Cr_Nefrost: @bm_hassan @LucasDCS_ dis pas que les gens reagissent pas, deja ien a plein qui sont pas au courant a cause des medias frere
RT @DanEbisset: Pfff ma mere elle dodo avec la tl allumer, quand c'moi qui fait a "Ta grosse tete c'toi qui paye le courant?"
RT @DgnGwendoline: @itou_14 @joanne_rbd @Dorinelmd @Cindy_lbrgs bah j'allais pas courir derrire le bus.
RT @DmsOneDirection: Chaque Vendredi, je ferais des dms au Boys, donc activ les notifications pour tre au courant.
RT @ElodieMouchise: @Henrirejaune je sais pas si t'es au courant, mais Ren meurt dans un accident de voiture
RT @Eteins_celle: Ma grand-mre de 66 ans est beaucoup plus au courant que moi sur la mode, je ne sais pas trop quoi en penser, alors je trouve a amusant.
RT @EvaMeher: mon pre il me jette un pull dans la tte et il se barre en courant mdr un vrai gosse
RT @GaelleLongs: Accident ce matin sur l'axe lourd dla-yde entre un bus de touristique voyage et un camion de sable.
RT @GymnasteTessa: Je vais pas en cours  Mon bus est pas passer, ma mre a dj prvenu le lyce
RT @HasnaeAqilAdams: @Enjoy_KA_ on sera toujours au courant de toout !!
RT @ImHoransCrush: @twerkofhxran moi je suis sre que d'ici le courant de l'anne ils vont annoncer une tourne pour 2016 et sre yaura l'Europe
RT @JsuistaBoss: @KatiaFrance mdrrrr oui t'inquite, la premire semaine des vacances je vais dormir chez elle donc jte tient au courant pendant les vacs
RT @LauuraRibeiro: Tu seras au courant en temps et en heure.
RT @LeMarquis1er: @cycyrozay okay, tiens moi au courant.
RT @LeaMakhoul: @AlgAugus Je n'ai pas de dates prvues pour la France actuellement mais vous serez tous au courant ... Je vous aime aussi
RT @LeonLeRonchon: @StarmediaPhoto @Le_Scan_Tele ....re rire... Tres mignonne et ne risque pas de partir en courant...(j'ai honte)
RT @LesShowRunners: Vous tes tous si joli(e)s. Va falloir qu'on fte a d'une manire ou d'une autre. On vous tient au courant. On vous fait 24 bisous.
RT @MLamoot: Pour tre au courant des dernires #tendances #mode et profiter des conseils d'une experte, c'est ICI :) => @LR_Parisien
RT @Maheva_Baka: @tit3alex je viendrai des fleurs dans ma chevelure ! Courant vers toi !!!
RT @MissKrystiana: Un petit courant d' air ou une petite pluie me ferait le plus grand bien.
RT @Mister_Bastos: Accident Touristique Express.  quelques kilomtres ddea. Un bus provenant de Yaounde.
RT @Motismo: @IreR1 @MaisOuVaLeWeb haaaan rebelle va ;) trs bon article  contre-courant
RT @NousLesFiIIes: ya un mec il courait aprs le bus, le bus ses arrter, l'mec il a vus y'avais des contrleurs il a fait genre il faisait un footing mdrrrr
RT @OVendembeuche: Un vrai bouffon le conducteur il voit quelqu'un courir aprs le bus il acclre
RT @Oumayma_a: Eh Jsuis dans le bus ya un petit 8ans maximum il est en train d'enchaner sur la vitesse de la lumire l'inverser etc je comprend rien
RT @Ouphely: Ma mre elle veux que je l'aide samedi soir pour sa soires.. Mais elle es au courant que j'ai un copain? Abuser..
RT @PointEphemere: Au cas o vous ne seriez pas au courant, @InigoMont_ya rejoint l'affiche de ce soir au ct de @diagramsmusic! Yes!
RT @PowA_VodK: Apparemment je me ferai insulter parce que j'ai dis que j'y croyais pas, j'tais pas au courant du plan vigipirate, toutes mes excuses !
RT @RaphJuge: Jamais tu pourra pcho la mre de @CamFollain. Tu l'accoste, elle se barre en courant, impossible de la rattraper. Plus jamais tu l'a revois
RT @Renaud_FCB: Et voil, ne rien montrer du matchmettre le bus& esprer un coup du sort,a pue le hold up ce but
RT @STIBMIVB: #stibT25 #stibT62 Pas de circulation entre #Liedts et #Meiser Accident de personne,Bus navettes prvus Longue dure #stib
RT @TAObustram: #TaoInfotrafic : accident entre d'Auchan Olivet et report de circulation sur Olivet. Retard sur la ligne 1, lignes 17, 22 et 23 dvies.
RT @Thundder54: Pour ceux qui sont pas au courant, voil la TeamOfTheTournament qui sera surement ce week end sur FUT :) #TOTT
RT @Tikoooqk974: @miiyou974 @iLove974Party yes tien moi au courant mais sa serait bien vous veniez avec la ptite famille !
RT @TommeBlur: couter "Day-O" dans le RER et imaginer tous les voyageurs qui dansent <3
RT @TouunsiMoha: Y'a un mec il courait aprs le bus , le bus c'est arrter, le mec il a vu y'avait des contrleurs , il a fait genre il fesait un footing
RT @Val_d_Oise_Actu: Laccident de bus tourne  la polmique  Argenteuil
RT @Vanessa_Fts: Nous les filles quand on a nos rgles faut que toutes nos copines soit au courant, manire qu'elles compatissent avec nous
RT @Yiyii_15: @GastrinJulien puis bon tu viens quand meme de le confirmer sur Twitter donc tout le monde sera au courant
RT @__paulinevnck: pour la st valentin mon pre a rserv une table au resto comme surprise..... Ma mre aussi dans un autre resto mdr ils sont pas au courant
RT @alarrygolade: @untillouis @icrushniall bande de putes, j'suis toujours la dernire au courant.
RT @assofpayne: on c'est fait interview jsuis limite partis en courant si jme retrouve dans le journal alrs que ma mre sait pas que je vais vous fsog bon
RT @assxofdallas: @jeromejarre SI TU ME TWEETJE PRENDS LE RER DEGUISER EN BOB L'EPONGE DANS TOUT PARIS,ET JE FINIS PAR COURIR A LA TOUR EIFFEL A POIL
RT @aymrcb: le chauffeur a ralentit parce qu'une beurette travers,j'lui ai dit c'est orange tu peut passer. tt l'monde m'a applaudi j'ai conduis le bus
RT @bsrhernandez: @SeniEnigma  je t applerais. Mtn c'est en solo je te tiendrais au courant sances studio ect franchement je tiens kke chose la
RT @carolinapatrina:  chaque que j'apprends un truc Adle est tout le temps une des premires  tre au courant truc de folie
RT @dikseee: @LaMalhonnete @AloksOfficiel c'est fini les dlire grec tu prend le bus sans courir derrire tous sa chui devenu un rajel mtn
RT @feelofnarry: @bitedezayn mais mdrrr t'es au courant que l'irlande c'est le pays de la bire ?
RT @flaviebarros: @FendelertA mon frre est dj au courant, t'a plus qu' prvenir mon pre
RT @gauth_ier: Mon bus est grave en avance j'ai pas l'habitude, yen a mme qui l'on loups
RT @goshloveit: bah tous le monde le sais, vava toujours la dernire au courant @valerianecbn @florinalloteau
RT @hiadxms_: Marco me fera tjrs rire! Ce mec il est jamais au courant quand on a DS en italien
RT @httpeur: Quand je fais quelque chose de bien, personne le voit mais quand je fais quelque de mal, la terre entire est au courant.
RT @iciontario: DERNIRE HEURE: Panne de courant  Etobicoke, dans l'ouest de #Toronto. 6 600 clients sont touchs. quipes de @TorontoHydro en route #onrc
RT @jaaackyi: sa sert a rien de rire tes bien au courant =DDDD
RT @jasmine_lcls: La dernire fois j'ai vu un couple  l'arrt de bus c'est plus s'embrasser qu'ils faisaient ptdrrrr ils se mangeaient, j'en pouvais plus
RT @jbauvich: J'me rveille j'me prpare et tout j'arrive a l'arrt je loupe mon bus c'est qu'elle galre sa
RT @jrossignol: Lironie du sort est que ce militant engag fait partie du courant du parti le plus dur  lencontre des trangers en situation irrgulire
RT @ledivandemof: Le matin quand je me rveille je prfrerais fumer un ptard que faire le tour des Tuileries en courant #ledivan
RT @libanews: A Lire #Liban Retrait (ou expulsion?) de Khaled Daher du Courant du  #A_la_une #Arme #Chehab
RT @matthewepineuse: @bAdgIrlIrwin nn mais en vrai ma mre mme pas elle est au courant
RT @mlachuries_fn: Le @FN_officiel est une force de synthse, un courant de pense et une communaut militante et patriote que rien n'arrtera plus.
RT @nadia_eyana: "@LeMarquis1er: @enzolarissa Lol, Linda, c'est un prenom courant, ya pas de souci avec...Mais Nadia Cyclone Germaine????",c glamour
RT @noemiebrn: en esprant que demain je loupe ni mon rveil ni mon bus... a serait trop dommage
RT @picsous17: Demandez  Taubira si elle prend un hlicoptre d'tat pour aller voir son fils en prison dans l'est .Elle dira je ne suis pas au courant !
RT @pontifIex_: vs tes au courant que si je grossis a sera  cause de vous hein?
RT @pussyofbeau: @boobsaria T'INQUITE PTDRRT TU SERA LA PREMIRE AU COURANT
RT @rtlinfo: Accident de tram  Bruxelles: un enfant transport  l'hopital
RT @rxbeb: ce matin andrea elle est venu en courant j'tais morte de rire
RT @taesticule: Moi si j'ai le malheur de touch un truc, mme Reina elle sera au courant je vous jure ! MDRRR
RT @tdlrcam: j'prfre tre moche tout le temps mais au moins que tt le monde soit au courant tu vois
RT @thierryce: @bhelleu et un sponsor qui dbute en basket par la premire mdaille d'une EDF en coupe du monde et en hand par la 5em toile mondiale?
RT @tpirakc: Les amis de l'auteur de #Watain attendent quoi pour me remettre la lumire ma? Petite pluie l vous coupez courant? #Dlestage  #Lom #CEET
RT @tradleyftashton: @SoniaNeww ouiii ce serait cool, tiens moi au courant ;)
RT @vvtrafic: Bus 291, 45, ... dvis. Les 291 semblent passer par Juin; les 45 par Nieuport: vous prfrez cependant descendre ds Morane...,#vvtrafic
RT @whlteflower: Tt a l'heure mon pre est arriv en courant entendant mes cris et pleurs de dsespoirs face au film
Ravie d'tre la dernire au courant, il parait que la soire vendredi prochain c'est chez moi, ben voyons...
Retrait (ou expulsion?) de Khaled Daher du Courant  #Liban #A_la_une #Arme #Chehab #Beyrouth
Retrait (ou expulsion?) de Khaled Daher du Courant duFutur
Retrait"Pauvre"comme beaucoup trop,cherche Banque "Honnte"pour grer son compte courant.Dontologie et thique obligatoires.Faire offre!!!
Rine a eu une crampe en courant c'tait  mourrir de rire
S'il s'avre que l'#UMP tait au courant pour #Tiki, ils ne seront mme pas condamns,  cause du laxisme de Taubira. #TaubiraDemission
Sans Twitter , je serais mme pas au courant #ChapelHillShooting . La on se dit les mdias sont des mdias pour ceux qui veulent ..
Sans sa sur j'pas de que je serais.. Elle tais la chaque jours, Chaque heure pour me tenir au courant
Si a continue comme a vous tes srs que courant 2017/2018 c'est la france entire qui va ressembler  a
Sinon j'accoucherais en avril-mai je serais au courant  ce point de la 'grossesse' mdrr
Souvenir : Le record du monde de jonglage en courant en marche arrire -
Souvent dans le bus ya des trucs qui me font rire du coup j'aime bien quand ya ma soeur comme sa on dirait pas je rigole toute seule
Suite  la perte de mes couteurs, je redcouvre ce que c'est que de prendre le mtro/RER sans tre coupe du monde et des gens.
Suivez notre page facebook pour tre au courant des dernires actus e-sant :  #esant #santconnecte #msant
T'es une pute j'espre t'es au courant
Techniquement ma pote est + au courant que ma mre mais mme wtf mom
Tel pre tel fils , des grandes gueule ca parle et sa fait rien , entre un qui a peur et qui part en courant et l'autre qui cri au flics
Tests de scurit a Rere du coup il va t avoir je ne sais pas combien d'alarmes cet aprem
Toulouse. Mtro ligne B : le prolongement remis en cause  le coup, @jlmoudenc je pense que c est une erreur
Toute ma classe est au courant que je suis pass sur le texte le plus galre du monde  l'oral
Trop frais de louper le bus le matin ! Je me sens renatre la d'un coup
Tt a l'heure mon pre est arriv en courant entendant mes cris et pleurs de dsespoirs face au film
Tu me manques et le plus drle c'est que tu ne seras jamais au courant.
Tu peux rester immobile dans le courant dune rivire mais pas dans le monde des hommes  (Prov. japonais)
Tu seras au courant en temps et en heure.
Un #cochon sur un nuage dj pas courant et lorsque celui-ci pche  la ligne  Dernire #Tshirt
Un accident de la route impliquant un bus de la compagnie United Bus Service (UBS) en direction de Bambous a fait...
Un bus sauvage en train dans une rivire
Un bus toute les heures c'est hard quand mme et t'as pas intrt a le louper sinon bonjour la galre!
Un jour j arrterai de louper le bus  ce n est pas encore venu
Un jour ju sera au courant des devoirs un jour
Un petit courant d' air ou une petite pluie me ferait le plus grand bien.
Un vrai bouffon le conducteur il voit quelqu'un courir aprs le bus il acclre
Une journe avec la comre Chassevant et je suis au courant de tous !
Voici la page officielle d'Aroa Jimenez !! Un petit like et vous serez au courant de toutes ses activits...
Voil donc maintenant que je suis au courant ca va me travailler je vais pas arrter d'y penser
Voil encore le trafic est ralenti sur la ligne du RER A. Je me demande s'il va y'avoir une semaine sans problmes.
Volvo Ocean Race: La flotte remonte vers le nord pour eviter un fort courant contraire  #VolvoOceanRace
Vous me faites rire  crier au spoil pour 50NDG, vous tes au courant qu'il y a un livre ?
Vous tes tous si joli(e)s. Va falloir qu'on fte a d'une manire ou d'une autre. On vous tient au courant. On vous fait 24 bisous.
Y a un couple ds le bus et la meuf repose son dos sur la barre en fer et ils se bouffent la bouche l,Y a ma main sous ta graisse connasse
Y'a eu un accident on a galerer dans le bus 1h, mon manteau a tramper dans le coca et jai perdu ma navigo...
Y'a un gars tout les matins il cour derrire le bus mais vraiment tout les matins Mddddr c'est un dingue
Y'a un mec y la chapper de peu a la mort il a travers en courant la voiture la vit comme elle pouvait lui aussi a fait un bon en arrire
Y'a une meuf putain faut qu'elle ferme sa gueule...aprs tout le monde sera au courant tship a va pas tre drole aprs
Ya eu un GROS GROS GROS accident de tram  le tram il es defonc
[infos] La flotte remonte vers le nord pour eviter un fort courant contraire
a me manque le soir quand mon pre venait me chercher au bus et qu'on coutait tous genres de ppites musicales dans la voiture
apparemment Mikael vient ce soir mdrr ma mre est plus au courant de mon couple que moi
atteindre 30 min dans le froid pour prendre le rer, c'est la ratp qui devrait payer une amende a chaque fois que le train est en retard.
aussi les pervers sexuels du RER qui se frotte  ton fessier ptn j'en couperais des bites moi
bah tous le monde le sais, vava toujours la dernire au courant @valerianecbn @florinalloteau
couter "Day-O" dans le RER et imaginer tous les voyageurs qui dansent <3
de toute facon, il le savais depuis decembre, il m'a rien dit, mon pere a fait la gaffe mercredi, et je suis la derniere au courant
en 1re heure j'avais histoire et j'ai eu un contrle gt mm pas au courant ok
en cours jme sent aussi utile que les mecs avec un gilet jaune qui gardent les portes du RER
en plus le gars il rep oklm mdrrr mon frre il lui a dit " Vas y dgage c'est mon scoot" il est partie en courant le gars
j'ai espere avoir un accident d bus pour rater math
j'ai louper le bus sa mre j'prend suis de 10h
j'prfre tre moche tout le temps mais au moins que tt le monde soit au courant tu vois
j'suis la dernire au courant de comment vient mon copain chez moi mdr :c
je mets des choses dans twitter dont personne ne devrait tre au courant, donc ce serait chaud mdr
jpeux meme pas le dire a ma mere putain jsuis sure qu'elle est dja au courant pk elle me dit rien ptn
jure la vie de ta mre personne taient au courant
jviens de croiser mon bus, jsuis sre de pas le louper
l'UMP pas au courant q'un clandestin  la tte du des jeunes de l'UMP...? et a veut re-gouverner...
la page de la division routire(rixp) c'est refait une beaut, quelques objets seront ajust au courant de la semaine.
le bus sa mre la pute il est passer juste devant moi g courru il est parti bh ntr mrc grace a toi jv pas en cour
les jeunes filles sont trs courageuses avec Franois Damiens , moi je me serait barr en courant
ma cousine,jsp si elle est courant qu'un tlphone portable s'est fait pour rep rapidement..
manger Re ~2h + ~1h de RER rofl oui NEIN J'AI LOUPE SUR SKYPE NOOOOOOOOOOOOOOOOOOOPFJEZP stp Lolita
mdr aprs le collge jdois aller ocoiffeur mais ma mre peut pas me rcuprer aprs dc faudra que jprenne le bus avec d trucs sur la tete
mon frre il s'est acheter un gsxr et jsuis mme pas au courant c quoi les bails
mon pre il me jette un pull dans la tte et il se barre en courant mdr un vrai gosse
nique sa mre j'ai louper le bus la
oh ptn a 11:00 le bus il a freinait d'un coup et y'a une seconde elle s'est tal par terre je pleurer de rire elle est tomber comme une
on c'est fait interview jsuis limite partis en courant si jme retrouve dans le journal alrs que ma mre sait pas que je vais vous fsog bon
passer 4 heures sur un dessin a la tablette graphique.en etre au 3/4tre fire.Avoir une coupure de courant.,ne pas avoir sauvegarder.
pk jss toujours la dernire au courant
pour courir aprs le bus c'tait bien galre
ptdr putain j'en ai marre de vitry moi yavai meme plus de courant sa mere
sa sert a rien de rire tes bien au courant =DDDD
si mon chauffeur de bus m'attendait pas le matin, je serais vraiment jamais en cours  8h.. tout le temps en retard
si quelqu'un connait un opticien, qui par grand hasard, recrute pour de l'alternance en septembre ce serait cool de me tenir au courant
sinon y'a eu un accident de bus
tes vous seulement au courant que nous avons une mission en avant premire avec Avishai Cohen pour son prochain album ? #tapage
toujours la dernire au courant ptdr
trois musulmans tus par un chrtien aux USA et aucuns mdias n'en parlent mdr ce serait l'inverse la plante entire serai au courant
y a des meuf dans le bus elle crie comme si le bus etais a leur pere rigole un bon coup fort et stop toi la ahwer
