" je comprend pk les gens ils fraudent c'est grave cher un ticket de train/bus" plus y'aura de fraudeurs plus ce sera cher abrutis.
"t'inquites tu seras la premire au courant" et qui c'est la dernire au courant? c'est bibi
"ton amour pour moi est devenu poussire et courant d'air"
#Accident Bachet-de-Pesay, ligne 12  Moillesulaz
#Actualits  Argovie: Un RER brle en pleine gare: Un incendie s'est dclar dans une voiture d'un train rgi...
#Actualits  Un wagon d'une rame RER prend feu: L'incendie s'est dclar dans les toilettes du train pour une...
#Baromtre #Vente #5: Prise de courant 2P+T bornes auto Legrand Cliane: Prise de couran...  #Eclairage #Lumires
#Besanon : deux semaines de trams et deux accidents. Dis donc, ils perdent pas de temps !
#Euromaster acclre sur l'entretien courant >>  via @argusauto
#LIGNE3 / Suite  l'accident de circulation, nous essayons de rguler au mieux la ligne 3. Nous nous excusons du retard des bus.
#aGennevilliers kan yavai une embrouille o lutte mm si thabite vers Galil ou Brenu, t't au courant mdr
, si tu as perdu ta copine, voici comment la rcuprer
-Je cours dj pas aprs mon bus, alors srement pas derrire des mecs
.@apollineWakeUp Atterr, pas au courant... #Valls rclame le pouvoir ? Incapable de contrler la situation fisc d'un Ministre incomptent
11 tout pierre qui fait trbucher, tout bouchon qui gne la circulant du courant du fleuve sera dtruit.
2 food-related comptes me suivent dsormais.Why? How? Si vous saviez tout ce que j'ai fait brler (dont des ptes) vous partiriez en courant
@133gamer Je serais dispo, tiens moi juste au courant quand tu pourras jouer le match.
@AdeleFDRRPG *relve d'un coup la tte et sourit comme un con en courant vers toi* ADEEEELE
@Aerylia t'es au courant qu' chaque fois que tu RT un tweet japonais, je ne peux m'empcher d'essayer de lire les caractres ?
@Alexia_ady et tu fais jamais 1h de train + 30 min de mtro/RER 2 fois ds la journe :) j't'ai battue mtn FTG mdrrrr
@Amstramgrm Ah si, aussi. Mais ils sont pas au courant que de base tu es une amie " virtuelle " et que c'tait la premire fois qu'on -
@AnaisHervieu21 t'en es sre ? En + le bus de 14.30 ce connard est pass au lycee pas  la place dc je l'ai pas eu j'ai pris seclin du coup
@Anny690 il vient tout seul en suivant le courant de la rivire .....de diamant
@Asharfh_Aelay Merde... j'espre que le courant reviendra vite
@BarAPetitsPots je m'en aperois sur moi-mme rgulirement... J'essaie de ralentir, de pu courir aprs mon tram/mtro etc
@Bea_Ronzi @eyejim Dans les "faits locaux" du Petit Comtois, les accidents de tram, avant aot 1914, revenaient rgulirement.
@BeniBenj ah je prfre, tu seras le 1 er au courant
@Beurais je serai sur IA jusqu' 18h-18h30 je pense, on se tient au courant!
@BigDavv tiens moi au courant si tu veux venir au 3eme ca m'tonnerais mais bon un moment de fouli ;) on sais jamais, ca serais vraiment ouf
@Bruno_Ctn c sre que Bruno c'est pas trs courant :/
@CallMeFloura tu sera la premire tenu au courant bg
@Cecile_Abel euh je suis pltrer t'es au courant ?
@Chewba_K je serai en stage, tiens moi quand mme au courant
@ClmenceDubrulle Oui je te tiens au courant ! Ahhh ben on va rire!
@Dimitxi ah ouais t'habite ou? Ouais le 294! Tfacon ouais tout est galre, perso j'prefere le bus surtout de Igny les trains grosse galre!
@DodeBRYE pour tentraner tu n'auras qu' venir au bureau en courant tous les matins :D
@Dragonso_ Oui voila si ma mre peut me ramener, j'te tiens au courant
@FannMJ Alors l... Le mystre reste entier ! :) Mais ds que je suis au courant... tu le sais !!
@Founer55 Oui ca sera  vais etre la au courant de la journee.
@Gadiouka J'ai galement bcp de mal avec ce courant (probablement pas reprsentatif)
@GaelTbt Tu te barrerais en courant ? Ah ben bravo... Moi aussi j'ferais pareil : )
@InesAbd22 @voguesly @nora_zaouchi pas de soucis j'espre que tu pourras  tient nous au courant
@Jace_Rpg Mdrrrrrr comment Mason est partit en courant et en criant vers le Berserker j'en pouvais plus
@Jeanne_Slr Et j'suis toujours la dernire au courant.
@KalouPlayFutYT @MrPePPeRsYT JE te tienrdais au courant via skype, tu m'enverra un message ;) Bref, je ferais ausis un live don joueurs !1/2
@Kiany_B je le ferai dans la semaine et je te tiendrai au courant #LesAventuresPalpitantesDeMesChiottes
@Knb_Y @Impulz59 ca va ca va tu seras tenu au courant negro
@LZients sur le courant de l'edf et sur le courant de la riviere que on vera :(
@LaPiiNCoQuiiN oh c'est courant, c'est pas comme celles qui se sont battues dans un cimetire...
@Laaauuurrry @Antoine_Josse tu ne me donnes pas d'ordre sinon Mquet sera au courant de tes sorties non autorises sur le temps de midi
@Lakouz78 @Reda2306 @AmelCherrys @nado2412 @Ed_Hed Ah bon ? J'tais pas au courant ^^
@LaurePressac oui, trs probablement : j'en ferais jusqu' ce qu'il fasse trop froid ! je te tiens au courant @caslantienne @LouiseDeglin
@LiviaR_ Oui pour rcuprer mes cls. Mais je n'ai pas encore de courant. Allan est pas chez lui ce week end suis comment la :(
@ManonCstr partant du principe que tu passes et racontes ta vie sur Twitter, il sera au courant assez rapidement m'voyez :D
@Masaex c'est ainsi que nous nous dbattons, barques  contre courant, sans repousss vers le pass
@Maslah_Muzik mdrrrr laisse qi jte ldis tout lmonde sera au courant #TeamDaebungToi,Il s'marie quand lui il ft chier
@MathieuCouvidat La mme! C'est abus le dm il doit pas tre au courant de notre anne de premire en maths..
@MathildeMaryA Ouais ba j'te dirais , faudrait pas que mon pre entende si il est pas au courant sa m'arrange vois tu
@MaximeGasser je vais devoir te le rpter combien de fois? tu dois me tenir au courant, si tu as match ou pas
@Maximeczaika Che pas mais sa ma fait rire :) tu prends quel bus pour aller en cour ?
@Metropolytain 2/2 le mieux serait de rinitialiser l'appareil et tester. Tenez-nous au courant. Cdt ^IT
@MiikiiL971 Ca dpendera des licences etc ;) Mais tkt pas tu seras tenu au courant.
@Mika_BruitsEcu lis @Equidia_Live , tu seras au courant plus vite!
@MirKo_MitroVic tu viendras vers la cours des bus ?? :)
@Morice_Julie grave ! J'en reparle  ma mre et j'te tiens au courant
@NesrineAlgerie In Sha Allah ... J'espre sa va pas tre trop long ... Tu me tiens au courant qd vous tes installer inshAllah .!
@Nonmaa la semaine dernire ma suivit du coup je viens en bus jeudi mdddr
@Nry_ColeXO Pourquoi j'suis toujours la dernire au courant :( ? Cst quand que j'la rencontre ? Ptdddddr
@OnZeLeft de mme comment expliquer la diffrence de traitement entre les dtrousseurs du RER et des manifestants pacifiques ?
@Pari_menagere Et non hlas c'est trs courant comme terme, mme contre ceux qui veulent juste contredire des neries avres.
@Phylti Ah nan, je savais pas x) (J'ai toujours tais la dernire au courant)
@PopxiiRuby la prod met les 2 maries au courant j'espre que Nathalie le stoppera avant ce qui va tre l'une des plus mchantes humiliation
@PrincessAnnaRP *clate de rire et fait l'avion aussi en courant partout*
@QBenoist tu seras le premier au courant tqt
@RTLFrance c'est lamentable. Dehors, on ne veut pas tre reprsent par des guignols de ce genre. Ce n'est dj pas mon courant de penses.
@Sabri_Naah ah parce que c'est compliqu en plus ? Premire nouvelle. Je ne suis jamais au courant de rien moi :-/
@Shuvethalovely avant c'tait moiii toujours derrire le bus ou le train xd #sameblood !
@SupremeSerenity il y aurais t'il des choses dont je ne serais pas au courant ?
@TheFCOfficielTP @KevinKunAguero @AnthonyGenuit Donc enlev la mention vu que c'est moi qui reoit en mme temps. Tenez moi au courant hein
@TheTallDreamer mais c'est elle qui, veut genre elle est ok, c'est elle qui cherche. Et genre toute ma ville est au courant mme sa mere.
@Vincent_Glvo si t'es au courant alors ferme ta gueule au lieu dire que j'raconte de la merde sur mon pere.
@XOOLHP naaan je pense que si y'avait quoi que ce soit avec Mac tu seras dj au courant et on serait dj entrain de faire nos plans
@_Juloo: Putain de coupure de courant de merde de sa mre la pute.
@_PPansy @baddock_malcolm Je suis toujours la dernire au courant de tout *ris lgrement* mais pourquoi pas
@ashleeyso Bah ouais mais le problme c'est que mme si on y va en train, avec les problmes de RER on va galreeeeer
@batpleinphare @Footballogue Les gens doivent tre au courant des dernires rumeurs de transferts
@c_hbt je ne sais pas si @dadavidov t'as mis au courant mais vu qu' tu es 1 #cyclisteChiant, tu es OBLIG d'adhrer au @CC37fub #seeyou
@claragrdz ah ouais. Ton pre il est au courant?
@coingamerfr ha je n'tais pas au courant, la dernire personne s'occupant des sponsoring/partenariat est "vire", 1/2
@cooouline En fait c'est les enfants de son demi frre je suis au courant de leur existence depuis 2 ans, je les ai jamais vus ni leur pere
@esmepim Ou 15min avec ligne 6 puis RER B (changement rapide, tu te mets en queue). Pour l'accs aux trains Grandes Lignes se mettre en tte
@ethanRPGUNY2 *te regarde faire et pars en courant derrire toi pour prendre le ballon*
@fbrigod @nailcrawler D'un autre ct, je prfre une coupure de courant temporaire en Walbanie plutt que vivre en VL avec des avions !
@gabeezila C'est pas un prnom trs courant mais vous seriez surprise du nombre de personnes qui s'appellent ainsi.
@iPhoneAddictFr possibilit de me tenir au courant de la keynote ce soir ? Sachant que je ne serais pas l pour la suivre ?
@iangotiana7 @TiniStassClub Oui je crois non si non en serai au courant
@islamourr @amine_06000 T'es au courant de ce qui est dit dans les hadiths sur les savants vers la Fin des Temps ?
@john_marmotte Tout dpend  quel courant philosophique on adhre! C'est l'opinion de chacun!
@julienDryss Mince.. En tout cas j'espre que vous trouverez quand mme.. Tient moi au courant si vous trouvs
@la_blnde Personnellement j'serais parti en courant d'un coup , imagine toi l'effet de surprise et tout
@lauren_malou Ce sera certainement en fin d'aprem, mais jte tiendrai au courant ^^ @luca67800
@leblogdolive bonjour, je viens de me prsenter la premire au lieu qui dit ne pas tre au courant de ce concours. Que puis-je faire ? :)
@lebrubru @InfosGinko Selon in collgue il y aurait eu un nouvel accident sur la ligne du tram du ct de Planoise...
@lecos70 tu as vie les prises de courant en bas pour charger les barrires des drailleurs ?
@leo_sbl vazi jte tiens au courant frer
@magdalakoff Parce que je reois les tweets sur mon bureau pendant que je bosse pour me tenir au courant de l'actu.
@manon_nanoune mddr mais vu que je l'ai pas vu jpas pu lui raconter ! Mais tqt tu sera au courant! ;p
@marjoriehache j tais mme pas au courant sa mre...!! Vive la com...Si je peux je passe!
@najatvb J'avoue chre Madame,que je n'tais pas au courant de cette recherche mdicale,mais je lui adresse aussi, toutes mes flicitations.
@pascalperri je sais pas trop grer mes frais quotidiens. .d apres toi combien il faut avoir minimum ds un compte courant?
@pelagik ah nan moi c'est train pas rer
@soffcrj95 lui jss pas au courant frere
@theystolemynick hey :) J'ai pas beaucoup de visibilit (je sais pas trop o je serais) mais je pose la date et te tiens au courant !
@ti_peu l'anne dernire c'tait arriv, ils avaient mis plus de 5h  rtablir le courant
@wangchuanshi stupfait ou trop choqu manque de sommeil ou quoi, je perds l'agilit de la tte. Ie courant du fleuve de ralentit.
@wvlfxe_ tiens moi au courant par SMS si tu vas au Grand Rex! :)
Accident majeur impliquant un autobus et un cycliste
Accident vers th je suis bloqu dans le metro sur les quai nrml tchiiiiip jai trop les nerf
Ahoe mon frere il tait pas au courant pour la demo de fifa 15 jcrois
Ajd j'ai casser mon portable et ce soir j'ai eu un accident de bus journe reussi
Apple ne sera pas au courant de ce qu'on achtera. Et le vendeur ne verra ni notre numro de carte bleue ni notre nom #AppleLive
Apple ne sera pas au courant de ce qu'on achtera. Et le vendeur ne verra ni notre numro de carte bleue ni notre nom #AppleLive GQ
Apple ne sera pas au courant de ce quon achtera. Et le vendeur ne verra ni notre numro de carte bleue ni notre nom #AppleLive
Arrter de vous plaindre, si je pouvais j'y retournerais en courant en cours putin...
Au pire je mangerai de la salade, je fumerai des roules et je ferai charger mon tlphone  la fac si on me coupe EDF
Aujourd'hui Anna Karenine aurait provoqu un fort ralentissement sur la ligne B du RER...
Aux infos sur la 1, ils parlent des bancs  Besac mais pas des deux accidents avec le tram :)
Bah super , j'ai louper mon bus  et j'ai 2h de sport en premire heure
Bn mtn que la terre entire est au courant j'vais ...
C'est drle quand mme quand tu vois les gens qui cours ds qu'ils sortent du RER !!! XD
CA-4 : Accident at Sellers Avenue -
COMMENT?!!! Apple sort une montre et je ne suis pas au courant!!! Jespre en avoir une lors de mon prochain report-copinage
Ce moment gnant le matin dans un bus bond lorsque tu coutes #latina et que tu te mets  sourire toute seule pour pas rire fort
Ce moment quand tu cours derrire le bus, tu penses qu'il t'attend et l il s'casse quand t'es arriv  l'arrt
Ce qui espre la , courant dou niow legui deh  toglene fofou
Chui rentr dan le bus et la vie dma mer jai vu un mec avek une tet de zombi. Javai envie d'y mettre 1 cou de pagay cm  debu de dead island
Commencer sa journe par courir derrire le bus
Comment elle peut attaquer mon idole, je croyais qu'elle tait au courant de ce qu'elle reprsentait pour moi. C'est dgueulasse
Comment expliquer qu'il y avait une coupure de courant  cause de mes chats et que j'tais juste morte de rire hahahahaha !!!!
Coupure de courant dans toute la ville et la voiture de mon pre est coinc dans le lavage automatique.. Super :))))
Courir aprs le bus  cause de ma mre. Fait !
Courir aprs un bus, le rattraper  2-3m, qu'il acclre d'un coup pr te semer <<<
Courir derrire le bus des le matin c'est pas une vie
D'aujourd'hui  aprs-demain, on doit crer un concept de jeu avec pour but de sensibiliser  tel ou tel problme courant (en Inde).
Dcouvrez le Gnrateur de Coulis de Glace en vido, projet laurat aux Trophes de lInnovation GDF SUEZ.
Demain c'est l'anniversaire de mon pre et je n'tais mme plus au courant..
Demain faut que je ramne la feuille qui m'ont donner pour rcuprer ma carte de bus
Demain j'ai environ 1h30 de train mtro RER compris : bonjour les rvisions de littrature
Demain j'ai pas cours mais je me lve exprs pour prendre le bus pour aller chez ma grand-mre.
Demain ma mre m'emmne au lyce du coup je prends pas le bus donc je vais pouvoir dormir.
Donc le RER Bruxellois c'est le train des annees 90 qui est deja obsolete alors qu'il ne sera fini que dans 10 ans.
Donc vous faites des tudes plus pousss que les autres vous tes suprieurs ? J'suis pas au courant frre
Eh les couples dgueulasses dans le bus, si vous pouvez viter de vous roul des grosses pelles devant je vous en serai reconnaissante
En sortant de cours l ,aprs le sport j'ai bus une bouteille d'eau en entire mdrrrr je suis  bout
En vrai, les trains c'est la galre quand t'as plus la carte de tram.
Encore un accident avec le tram
Encore un accident de tram  poisses
Encore un accident de tram,  la fin on va faire un bilan de morts et blesss en mode guerre mondiale..
Est-ce une maladie d'avoir froid pour le reste de la journe au moindre courant d'air ? Je commence  m'inquiter
Et du coup il le laisse au chauffeur de demain pour que je le rcupre le matin dans le bus, trop gentil #lt
Et j'ai repris ma carte de bus des mains d'fatima en la traitant d'conasse
Et s enfuis en courant ! P'tite lche Viens devant moi m affronter ! C est plus facile pour toi de rabaisser derrire un crans ? T est rien
Et un deuxime accident du tram, deux! (en une semaine..)
Eww ma mre ma fait un caca nerveux bc j'ai louper le bus n'imp mdr
Faire le tour de cornu en courant aprs un mongole j'ai jur je refais plus, du moin pas aprs un deux feuilles..
Faut pas qu'on loupe le bus demain, pas envie de repasser une aprem pourri comme la semaine dernire
Haha mon pre sort la moto toute la ville est au courant le bruit ohlalaaaa
Han @AlbanBartoli quand tu vois quelqu'un qui menace une amie avec une arme devant toi tu la dfends moi je me serais bare en courant.
Hardcooooore accident une voiture elle est rentr dans un nouveau bus
Il me fait rire il veut m'apprendre des truc aux quels je suis dj au courant  #LT
Il seras jamais au courant tfacon jveux pas ctout
J'ai crue j'avais loupe mon bus sa mre !
J'ai faillis louper le bus sa mere
J'attendais le bus devant le travail de ma mre du coup son collgue communiquait avec moi via des pancartes par la fentre mdrrr
J'avais l'impression de revivre l'accident de tram d'hier.
J'coute JUL dans le bus... Si seulement les gens autour savaient.. j'me ferais pas applaudir mais insult
J'crois c'est la premire fois depuis 6mois que j'ai pas eu besoin de courir derrire le bus en sortant du travail.
J'espre aucun voisin ma vu mdrr je hurlais en courant au tour de ma maison
J'espre j'ai pas loupe mon bus pck le prochain passe dans 30 min
J'espre pour elle que sa famille ne sera jamais au courant
J'espre que je louperais pas mon bus
J'espre que le bus va freiner sec et que tu vas te louper
J'espre que le lyce ne sera pas au courant..
J'espre que vous ne m'avez pas oubli, car au courant de la semaine un trs lourd cover de @bigfloetoli sortira !
J'me suis dfonc le pied en courant donner le tel  ma mre ptn pas doue u_u
J'serai capable de m'endormir dans le train ou dans le bus tellement j'suis creve srieux
J'tais pas sre d'tre dans le bon bus du coup j'ai demande  une femme devant moi ptdr
J'vais essayer une nouvelle technique pour le bus, j'espre que je vais pas en louper un
Jcrois top j'aurai le 5c mais ma mre est mme pas au courant que je le veut donc bon
Je comprendrais jamais les gens qui sortent leur iPad ou ordi dans le train/mtro/RER.
Je crois que ma prof de franais est au courant de ce que je me suis fait l'anne dernire  cause d'une pote.
Je me suis endormi dans le bus tellement j'tais k.o heureusement j'avais pas la voiture j'aurais fait un accident
Je prfre les contrleurs de trains aux contrleurs de bus. Dfinitivement.
Je suis dgoter je finis  17h30 et le bus il est  17h20 du coup je suis obliger de prendre celui de 18h20
Je suis la dernire au courant eh bah oui comme d'habitude
Je vais loup mon bus si j'acclre pas le mouvement
Je vais me faire mal voir: quand je vois ce 2me accident de tram en 2 semaines, j'ai envie de parler de "slection naturelle" #okjesors
Jeudi je serai oblig de prendre le train de 13 mais mon bus il sera  43
L'Apple Pay sera disponible mi-octobre au USA. Pas de date prcise pour l'Europe et le reste du monde. Courant 2015 sans doute. #AppleLive
L'Assemble Nationale  reu du fisc une demande de retenue sur salaire de #Thevenoud. Ils taient au courant !
LES COUPURES DE COURANT EN PLEINE CARRIRE FIFA JE DIS OUI !!!
La demo de #FIFA15 sera disponible plus tard dans la journe sur PC. Nous vous tiendrons au courant ds qu'elle sera disponible.
La dernire fois panne de mtro, cette fois accident de bus, dcidment j'ai pas de chance
La premire application immobilire sur les Google glas sera celle de Nexity courant 2015!
La tete que j'ai fait quand le courant c'est arrter d'un coup  (@rose_pehaut )
Le RER c'est vraiment un chien il met trop de coup de bluff !!
Le RER cotera 1 milliard d'euros de plus qu'initialement prvu  Fin prvue en 2012, heu ... 2018 , heu .. 2025 #oupas
Le come back du couple degueu qui bave partout dans le RER (haha sympa l'image)
Le courant est parti je me suis endormi, c'st venu rek je me suis rveiller mdrr
Le courant vient de revenir le groupe serait pte je pense.
Le mec derrire moi dans le bus il pue la mort et en plus mets des coups dans mon sige
Le projet 6 titres qui arrive courant octobre s'intitule "Outsider". Il sera gratuit / le 1er extrait arrive lundi.
Les bus teints me manque. Les lumires du train j'arrive pas  les supporter
Les couple cheum qui se roule des grosses pelle des le matin dans le bus faudrait pt arrter
Lucy sera l galement demain, je vous tiendrai au courant de ce qu'elle compte faire afin que vous puissiez la voir si vous voulez :) -Caro
Ludivine et mon pre ils pourraient tuer quelqu'un J'serais mme pas au courant
Ma mre elle est pas au courant que j'ai une vie je crois en dehors des cours !
Ma mre elle le voit sortir de la cuisine en courant elle me fait "Tu as t bouffer quoi encore salle grosse vache "
Ma mre est pas au courant encore, elle va me tuer
Ma mre et celle de Kim elles sont au courant de rien pour cet aprem Aucalmus
Ma mre quand j'fais une norme connerie ou il m'arrive un truc toute ma famille et tout FB et au courant c'est bon
Mais arrtez de dire que je suis une comre , j'aime juste tre au courant des histoires ..
Mais j'ai encore faim aussi. Du coup j'espre personne mange dans le bus, sinon je le tape et je prend ce qu'il mange.
Mais le mec il est au courant qu'elle fait juste la premire partie et tout
Marcher sur un crapaud en courant vers la voiture : Fait
Mdr mon frre qui tombe en courant. Je crois que je vais mourir, c'est trop marrant lol
Mon pere il est pas au courant si il capte il va hurler ._.
Mon pre il stress trop il croit on va louper notre bus mdddr
Monter les marches du rer et voir les portes ce fermer et le train partir...
N.Mamre vient de citer @Enercoop_SCIC sur France Inter pour la transition nergtique! C'tait  8h42  rcouter >
Naaan mais ma mre elle doit pas tre au courant que les minutes c est prcieux le matin. Me lve pas 10 min avant le rveil
Nike sa mere le train et me bus sa me fe chier
Nol Mamre sur France Inter, la transition nergtique c'est favoriser des systmes coopratifs comme Enercoop  1h42
Ok j'ai loup mon RER de 17
Ok j'ai ret un putain de truc. Bibiche  dsac son compte jcrois omg merde j'tais mme pas au courant :'(
Ok mon bus vient de faire un accident
On est encore  l're des coupures de courant wow
Par contre j'aurai du rentrer en 171 j'ai loup mon rer
Personne au courant au #PS pour @tthevenoud mais ses indemnits ont t geles l'anne dernire et ATD hein @claudebartolone ?
Pour Nol Mamre ce matin sur France-Inter la transition nergtique c'est aussi favoriser les systmes coopratifs comme #Enercoop
Pour crer un Momentum avec un investisseur il faut de la rsilience et le tenir au courant de vos progrs @_TheFamily #fundraising
Pour la premire fois de ma vie j'ai sortie un cahier de cours dans le bus
Premire au courant  @PesselV
Priscille ma dit que demain yavait les photos de classe omg dernire au courant
Prte 10 min en avance alors que l'anne dernire je loupais mon bus tous les jours, je m'amliore
Ptdr Nico il ma reprer dans l'bus coup d'coude "alors ta pas dormir en cours aujourd'hui? Mdr" jai cru il avait oublier moi :(
Ptn jsui pas presse que mn frre ait sa carte de train pcq du coup mn pre l'emmnera plus lui, et moi avec :( le bus est h24 en retard wsh
Putain de coupure de courant de merde de sa mre la pute.
Putain je tweet plus taff cours rer danse dormir ma vie fin
Putain mais les siximes dans le bus ils crient tellement fort que c'est limite s'ils nous feraient pas faire un accident
Quand mes cours vont commencer c'est RER C Ligne 14>>>Terminus Ligne 13>>> terminus
RT @0ne_directi0ner: @Audreyldy je pense fort  vous tu me tiens au courant <3 courage <3
RT @ACouttet: @KalouPlayFutYT @MrPePPeRsYT JE te tienrdais au courant via skype, tu m'enverra un message ;) Bref, je ferais ausis un live don joueurs !1/2
RT @Abbyviciouss: Putain je tweet plus taff cours rer danse dormir ma vie fin
RT @AlizonFraineauH: Mon pre il stress trop il croit on va louper notre bus mdddr
RT @Ambrine_B: Je prfre les contrleurs de trains aux contrleurs de bus. Dfinitivement.
RT @AmineMohamadi: Wsh ma go elle annonce des battles sur Twitter j'suis mme pas au courant mon frre c quoi ce D ?
RT @Antoineee_21: Encore un accident de tram,  la fin on va faire un bilan de morts et blesss en mode guerre mondiale..
RT @BUSENSEINE: #LIGNE3 / Suite  l'accident de circulation, nous essayons de rguler au mieux la ligne 3. Nous nous excusons du retard des bus.
RT @BocoS23: .@apollineWakeUp Atterr, pas au courant... #Valls rclame le pouvoir ? Incapable de contrler la situation fisc d'un Ministre incomptent
RT @CIaudeFrancois: RE JE SUIS LA, DSOL DU RETARD J'AVAIS UNE PETITE COUPURE DE COURANT
RT @CamFrmaut: Eh les couples dgueulasses dans le bus, si vous pouvez viter de vous roul des grosses pelles devant je vous en serai reconnaissante
RT @CameliaPandor: Le projet 6 titres qui arrive courant octobre s'intitule "Outsider". Il sera gratuit / le 1er extrait arrive lundi.
RT @CaroleBrd: Prte 10 min en avance alors que l'anne dernire je loupais mon bus tous les jours, je m'amliore
RT @CrnChloe_: Ce moment gnant le matin dans un bus bond lorsque tu coutes #latina et que tu te mets  sourire toute seule pour pas rire fort
RT @DNdiayedieyna98: Sinon courir aprs le bus est devenu une activit physique rgulire pour moi
RT @DelarueJC: Distribution de brochures dans le RER C ce soir, sur les trains supprims  cause de l'incendie. #sosusagers va demander une indemnisation.
RT @EA_FIFA_France: La demo de #FIFA15 sera disponible plus tard dans la journe sur PC. Nous vous tiendrons au courant ds qu'elle sera disponible.
RT @Enercoop_SCIC: Nol Mamre sur France Inter, la transition nergtique c'est favoriser des systmes coopratifs comme Enercoop  1h42
RT @GQ_France: Apple ne sera pas au courant de ce qu'on achtera. Et le vendeur ne verra ni notre numro de carte bleue ni notre nom #AppleLive
RT @GaelleGouil: @Morice_Julie grave ! J'en reparle  ma mre et j'te tiens au courant
RT @GiordanoTheo: Les couple cheum qui se roule des grosses pelle des le matin dans le bus faudrait pt arrter
RT @GmaBsl: Le chauffeur  ralentit parce qu'une beurette traverse jlui ai dit c orange tu peux pass Tout le monde ma applaudi et j'ai conduis le bus.
RT @GuardiolaManu: Hardcooooore accident une voiture elle est rentr dans un nouveau bus
RT @Jade_Jcqt: Ok mon bus vient de faire un accident
RT @JanosNewsFR: Lucy sera l galement demain, je vous tiendrai au courant de ce qu'elle compte faire afin que vous puissiez la voir si vous voulez :) -Caro
RT @JulieGrsk: Demain des 9h tous derrire L'EDF FLAG @FFFA_officiel  COME ON MES COPS !
RT @Justinevrda: J'ai fais ma garde entire avec 39 de fivre sans poser mon cul en 7h et en courant partout  droite  gauche. Je suis super woman.
RT @KevinVst: @M_lgr07 Je te tiens au courant pour l'instant je vais tter un peu IOS 8 qui sort le 17 septembre :p
RT @Kidzzy_West: Ludivine et mon pre ils pourraient tuer quelqu'un J'serais mme pas au courant
RT @Lala_Ndao: Le courant vient de revenir le groupe serait pte je pense.
RT @LoicdekF: Faire courir louise pour le tram en se cachant derrire une voiture avec Laurianne : fait
RT @Lord_MKvne: Ce qui espre la , courant dou niow legui deh  toglene fofou
RT @LyonnetJulie: Commencer sa journe par courir derrire le bus
RT @MarineCouraud: @amelie_dg @TakeALupus oui enfin s'ils taient experts en organisation on serait dj au courant hein
RT @MelMadr: Cette chaleur c'est une galre, je suis en apne en cours et dans l'bus. Faut faire un truc quoi
RT @Michou92izi: #aGennevilliers kan yavai une embrouille o lutte mm si thabite vers Galil ou Brenu, t't au courant mdr
RT @MlanieBiencourt: Putain mais qu'un bonheur de ne pas avoir de bus/tram  prendre aprs les cours, je revis!
RT @NaimaBotet: panne de courant, mon frre tait coince dehors parce que le code de la porte marchait pas  le pauvre
RT @PROFdeLyCpro: Vous croyez quApple sera au courant quand je me masturbe ?,#AppleWatch
RT @Paul_bnr: Yves montant dans les grandes descentes et panne de courant ac Jean Lumire, c'est + qu'essentiel @ArpinVictor
RT @QuotesZadig: C'est ainsi que nous avanons,barques luttant contre un courant qui nous rejette sans cesse vers le pass. [F.Scott Fitzgerald]
RT @RealMadrid_FR: Carvajal s'est bless. Pas plus d'informations pour l'instant nous vous tiendrons au courant.
RT @ShawnOdama: Nike sa mere le train et me bus sa me fe chier
RT @SophieWillis15: @BeniBenj ah je prfre, tu seras le 1 er au courant
RT @TweetsSegpa: RT Si oKFC derrire la queue ta cri"YA LES POULETS! YA LES POULETS!"et ta montr1aile d'poulet,Zoumana, sans papier, est parti en courant
RT @UnMalcolm: Ceux que je pleins le plus c'est ceux qui doivent prendre le RER pour allez en cours
RT @Valoisienne: "Je ne veux pas d'une mthode politique qui consiste  craser les plus faibles.On n'est pas oblig de cder au sens du courant." C.Duflot
RT @VincentBoubouch: @batpleinphare @Footballogue Les gens doivent tre au courant des dernires rumeurs de transferts
RT @Vincent_Glvo: @CallMeFloura tu sera la premire tenu au courant bg
RT @YanisAbdeladim: @DclqMaxence azi frre tient moi au courant
RT @Zo_Fisherman: @XOOLHP naaan je pense que si y'avait quoi que ce soit avec Mac tu seras dj au courant et on serait dj entrain de faire nos plans
RT @_Juloo: Putain de coupure de courant de merde de sa mre la pute.
RT @aSenseToLive: Ma mre et celle de Kim elles sont au courant de rien pour cet aprem Aucalmus
RT @bastienregnier: Pour Christine @Lagarde, la #France doit acclrer ses rformes ! Seul #Hollande ne semble pas tre au courant..,
RT @bouilly811: -Je cours dj pas aprs mon bus, alors srement pas derrire des mecs
RT @btlaurenn: @MirKo_MitroVic tu viendras vers la cours des bus ?? :)
RT @florentderue: L'Apple Pay sera disponible mi-octobre au USA. Pas de date prcise pour l'Europe et le reste du monde. Courant 2015 sans doute. #AppleLive
RT @ladamatedu34: LES COUPURES DE COURANT EN PLEINE CARRIRE FIFA JE DIS OUI !!!
RT @ladiesatine: @Snoow_red Regarder NEMO et au moment ou ils traversent le courant Est Australien penser au mange  Disney !
RT @leattacheeadan: Han @AlbanBartoli quand tu vois quelqu'un qui menace une amie avec une arme devant toi tu la dfends moi je me serais bare en courant.
RT @mathildecpl: ce bus porte malheur, un deuxime accident ce matin putain
RT @perfctlloyd: Marwan il est pas au courant de mes dernires info sur moi mdrr
RT @sexwthnouis: il faut le dire quand meme l'anne pro j'ai fait plus de sport en courant derrire des vannes qu'en allant en cours mdr
RT @thomas_prc: J'espre pour elle que sa famille ne sera jamais au courant
RT @twerkonstiles: "Tu sais que je serais capable de m'habiller et venir devant chez toi toute suite en courant pour venir te faire un clin."
RT @wtfahd: il est presque minuit et jsuis dans le RER D au terminus RT si jvais me faire violer + dcouper en morceau + jeter mes restes dans la seine
Rrou rrou RT @GQ_France: Apple ne sera pas au courant de ce qu'on achtera. Le vendeur ne verra ni notre numro de carte bleue ni notre nom
Sa serait cool :) Il l'aime. Elle l'aime. Tout le monde est au courant, sauf eux."
Salut mes tweetos prfrer !! Bonne fin de journe  vous bon courant pour ceux qui on cour #kisskiss
Se faire payer l'apro chez sa mre histoire d'tre au courant des potins familiaux !
Se serait con que je loupe mon bus pour retourner en cours
Senelec cst vraiment des fdp. Sank rek le courant etait revenu bagnou diap confiance 2sec apres ca repart smh
Si ma mre est au courant pour l'app je suis dans la merde mddddr au moins avant elle allait sur l'extranet rarement
Sinon courir aprs le bus est devenu une activit physique rgulire pour moi
Sinon je revenais du magasin et la.. mon bus pieds s'est pte je pouvais plus marcher  du coup j'ai appeler ma mre et voil mdrrrr
Sinon si vous voulez tre sur que personne ne sera au courant, baisez des mecs qui n'ont pas d'ami
T'aurai du y aller en courant tu aurai peut-tre perdu ton amas de graisse. Mais bon, c'est beau de rver.
Tchr.. C'est o je suis proche d'tre enregistr que le courant fait sa pute et le comble, les gars veulent arrter .,Seigneur help me
Toujours la dernire au courant moi aha ptn!
Tout le temps les poto me parle le matin dans le tram et le bus mais moi je prfre couter la zik mdr
Toute ma vie je loupe mon bus alors toute ma vie j'vais au code le soir pour que ma mre m'engueule pas mdr
Tribune - Un wagon d'une rame RER prend feu: L'incendie s'est dclar dans les toilettes du train po...  - Genve
Un gamin cherche sa mre en courant et en criant :- Maman, Maman, Papa sest pendu dans le jardin !,La mre...
Une vaingtaine de personne ont t tues depuis "morne tapion" dans un accident d'un bus  la destination de Jeremie.
Une vaingtaine de personne ont t tues depuis "morne tapion" dans un accident d'un bus  la destination de Jeremie. via @keloboninfo
Votre jalousie vous mnera jamais  rien. tes vous au courant ou non ?
Voulais m'arrter  monop p acheter  manger mais y'avais mon bus :( du coup j'ai faim...
Vous croyez quApple sera au courant quand je me masturbe ?,#AppleWatch
Wsh ma go elle annonce des battles sur Twitter j'suis mme pas au courant mon frre c quoi ce D ?
Y a un accident sur la ligne de tram de montgomery au niveau jules csar Qqn bless. Circulation interrompue #stib
Yves montant dans les grandes descentes et panne de courant ac Jean Lumire, c'est + qu'essentiel @ArpinVictor
ce bus porte malheur, un deuxime accident ce matin putain
en plus j'ai rever que je loupais le bus, super
et si je loupe le bus mon pre va me dire "tu te dmerdes " x)
j'arrive  la gare pour prendre mon RER je vois qu'il est en retard so je cours derrire la voiture de ma mre alors qu'on est sur la route
je fait un geste pour les personnes qui serait pas au courant des dernier condamnes en exercice
je suis morte j'ai du courir ma race pour prendre mon bus sa mer
jetais pas au courant que Four tait disponible gratuitement pendant 1 HEURE NQIUEZ TOUS VOS MRES
jprfre me lever plus tt et marcher, plutt que d'arriver en retard en bus et de pas pouvoir fumer ma clope avant les cours
l'anne dernire pour la photo de classe on tait pas au courant du coup on est moche un peu, cette anne on s'est prpr -
ma mere qui me dit que ce nest pas tout le monde qui est au courant
ma mre qui met "pas au courant" sur le billet d'absence, mdr jpp
mme pas deux semaines que le tram est dans ma ville dj 3 accidents donc 1 mortel ! pq
mon grand pre c'est mis sur twitter , jvais faire comme si j'tait pas au courant.
panne de courant, mon frre tait coince dehors parce que le code de la porte marchait pas  le pauvre
ptte que demain moi aussi je me ferais poignarder en courant
tellement jsuis fatigue je phase sur les pigeons qui marchent sur la rame de tram, imaginez ils ont un accident corporel
