" je cour pas derrire un bus cst pas derrire toi que jvais courir "Donc tu compare ton gars a un bus toi ??
"13h27 : Le traffic sur le RER A est rtablie" Ah parfait les gens vont pouvoir partir au travail maintenant. #OhWait
"Celui qui rame dans le sens du courant fait rire les crocodiles!",#ProverbeCainfri #JavaisPasPrvua
"Dans un film d'horreur, le #Scorpion serait celui qui sortirait en courant par la porte d'entre plutt que de monter les escaliers.
"Laffaire a pris une toute autre ampleur lorsque la police a dcouvert que la mre dune des victimes tait au courant de laffaire."
#ODALYS Eric Duval Financire Duval: Le gouvernement est bien au courant de la situation #tginfo #Foncia
#ODALYS Eric Duval Financire Duval: Le gouvernement est bien au courant de la situation #tginfo #Foncia -...
#Proverbe du #Sngal : "Il ne faut jamais courir ni derrire un bus ni derrire une femme." Merci Sverine, je m'en souviendrai
#Russie: Lquilibre budgtaire sera difficile  retrouver en 2014 mais le solde courant samliore @coface
#SortUneExcuseAlgerienne Jai loup mon bus et ma mre voulait pas me ramener
#stibT7 et #stibT25 Pas de circulation entre #HansenSoulie et #Buyl Accident Bus navettes prvus Longue dure #stib
#tricksDuJour rcuprer le timestamp courant en JS : `+new Date`
-part et nous saute dessus et aprs nous au lieu de nous arrter on continue de courir comme des dbiles en rigolant. Et on a pas eu le tram
-un accident impliquant un tram  Bruxelles (Etterbeek)  hauteur du Bd.G.Jacques et de l'Avenue de la Couronne...
. @LucChatel parle d'"une PPL sur la famille labore au Snat". Pas sr que @BrunoRetailleau soit au courant:
12h j'ai couru pour sortir de cours et avoir le bus quelqu'un demande de s'arrter au bus le chauffeur me voit il s'arrte mme pas!
19/11 - Le Samsung Galaxy Note Edge sera disponible courant dcembre
3me #Class40 @Made_in_Midi: Bravo Kito !! @routedurhum: Kito de Pavant @Made_in_Midi a coup la ligne d'arrive  19h07min03s #RDR2014
4 morts et 40 blesss dans un accident de bus avec un pickup et un camion
@A_Amelyy T'es pas engage c'est a qui est bien. Ds que t'as le premier papier de chez EDF dit le moi je te rcupres en GDF bloqu !!! :)
@Adele_eyre je demande a ma mre aprs si tu veux vu qu'elle bosse la bas! Je te tient au courant!
@AlexNIANE57 vous serez au courant si dieu le veux rarh
@AlexandreCalvez Toi on te passe pas de courant mais tu est quand mme une lumire ;)
@Ana_Chuu dsespre avec moi je lui envoie un message pour qu'elle se dpche pour aller prendre le bus et c'est moi qui le loupe haha
@Anais_Crn Tqt j'aurai pas la patience d'attendre trop lgt haha ! Tu seras la premire au courant de ce que j'en pense ;)
@AnnePhiSo Oui. Et 4h de train + 2h30 de RER dans la mme journe a fatigue ...
@BlacKCosmoZ Nous viendrons vous voir jouer ds que quelqu'un sera disponible. Nous vous tenons au courant
@Caly_Dawkins lesquelles ? Reg est au courant ?
@CandiceeBaby: Eh les gars qui rap pas vs tes au courant qe vs devenez aussi rare qe les meufs vierges ?
@CedriKBlanc oui j'ai loup mon train d'avant! 35mn d'attente  Mane la Vallee pour un ticket de RER! La galere!
@Cerillyanne On se tient au courant en tout cas, ce serait marrant de te revoir ^^
@ChrisAdagio J'ai trop le seum ! Son gros boule il passait pas et BIM je loupe le RER et comme par hasard y'a un pb sur celui d'aprs.
@Cinecomca C'est surtout que tous ceux qui frquentent des blogs cin seront au courant pour le film, vu le relai de chaque info dessus.
@Conducteur_RER bah les trains en.avance c'est ch*** aussi
@ContactNoemie tout le monde sera tenu au courant.
@DianaHaddad Diana tu sera pour moi celle ke j tjrs rev de la conaitre ben t belle et cher a mon coeur ma famille au courant marhbabik..
@DruesnePilou @EvenMiracles elle aurait fait arrter le film ou elle serait partie en courant
@DubosJade Nathalie est au courant mais ma mre doit lui tlphoner pour la licence ducoup
@EdgarAvous tu es au courant qu'il n'y a plus de retraite chapeau j'espre !!?
@Eternal_fck c trist quand mme :/ bon en mme temps a se comprend un peu, les trains de paris (surtout les rer) craignent un peu
@FJadoulle Je te tiendrai au courant si je serais dans le coin
@FLEX_RJ Alz merci frre! On ce tient au courant oubli pas ;)
@Floryiane25 en plus ma carte passe pas c pas le weekend ! faut que mon pere me passe de la tune, je te tiens au courant maggle
@FranciscoNd_ pfff je disais sa comme sa tmtc tu seras au courant
@GG_RMC Bjr augmentation mort sur les routes !!!! Logique plusieurs accidents mini bus, et car c'est logique !!!
@Gillbien @midoban13 A Stains t'es toujours  un coup de RER de Paris. Ici t'as une ville laisse  l'abandon, abandonne par l'tat
@Hato_Lightnin Oui bon je savais pas chut ok je suis la dernire au courant mais balek
@Hay_Pepito ahahaha si jamais tu gre tu veuf partir en courant
@HerveEvina Ok... On espre donc que y aura le courant dans chacune de nos maisons.
@Hugo_Qtrfgs depuis peu je reviens dormir  bussy mais c'est rare, je vous tiens au courant. Vendredi vous finissez  quelle h?
@IliassZk oui c'est clair, j'ai dis a suite  une tweet de @feryate disant qu'une mre de l'une des victimes  kech tait au courant 1/2
@IvyRPGTKL *mdr j'tais sre t'allais dire a, traverse le couloir et monte sur la scne au moment venu, la traverse en courant* ooohh
@JackyMAJDA Ah et au cas o vous ne seriez pas au courant, La rcriture totale de la loi Taubira, il l'a dit depuis #Lambersart
@JeanLucLemoine @Europe1 on est au courant pour les scores, persvrer, la tendance va s' inverser, a fond avec vous...
@JulietteKng Blocage comment a ? (Nous la semaine dernire c'tait ferm mais par le directeur de la fac mais t'es ptetre dj au courant)
@JustineGotrand @httpything jsuis tjrs la dernire a tre au courant
@KLM jeu Mr MILES. On doit le dfier. J'espre que vous tes au courant parce que dit comme cela...a fait bizarre!!! Rire
@Kidrauhlence tu me tiens au courant demain!! Je croises les doigts putain j'espre trop
@KoliaDelesalle La dernire fois que j'ai assist  une rencontre Tinder en terrasse, la fille a t pisser, le mec... est parti en courant.
@Krydeem Sinon peut-tre que je reevrai ma carte graphique entre 13h et 14h j'te tiens au courant
@Lau_mildweather mail bien reu! Je te tiens au courant ds que le livre est  la poste! Bonne soire :)
@Laura_Tanfin tes au courant que tu fumes un kebab par jour la putain dsa mere ? et tes poumons cherie ?
@LeMarquis1er Dans le cas du soldat c'est 1 ordre qui est excut. On ordonne aussi les coupures de courant ?
@LeVraiHoroscope: Dans un film d'horreur, le #Scorpion serait celui qui sortirait en courant par la porte d'entre (...) i will survive
@Lexou91300 ptdr tu dirai mm pas que tt lmonde reste calme tu serais deja partie en courant hahah
@Logan_Wesley_ j'imagine, je serais partie en courant jcrois, t'as russi  t'en sortir  peu prs quand mme ?
@MFlnx @WendyBln @ArnoKhn C'est dingue comme les gens de ma classe sont rarement au courant des choses  faire ^^ Synthse type BTS !
@MTLAlouettes Ns avons reu le concours Hamilton - vs auriez d garder ce concours pour la Coupe Grey et org. des bus de participants :-/
@Maxildan @EclypsiaCOM Pouvez vous expliquer pour gagn les jeux si on sera au courant dans le live ou si vous nous contact apres #ECFamily
@Meliie07 Oui c'est moi ! ^^ J'espre vraiment que a va te plaire. Tu me tiens au courant ?
@MissBELIEBER76 @xHoranTheQueen Juste fire, si elle est au courant.. Elle gagne rien de matriel hein
@MonaClvz mais que veux-tu, il s'nerve pour rien pcq ma mre elle est au courant, donc ne dis pas bien fait :) .
@MorganeMulot J'espre ! Je te tiens au courant
@Mr_Cydonia @muse tu sera la premier au courant si je l'ai ahaha
@MyLtnNet sfr qui a coup le courant aussi? Surtout que j'peux call mon pre pourtant.
@Nana_Jonas J'espre aussi ! Je te tiens au courant de toute faon :) !
@NeymarTaime Oh ouiii !  Ce serais trop bien, on se tiendra au courant
@NtHxImpuLs3 Train et bus sa va tre chre.. La solution c'est la gova
@Percolateur2000 si tout ceux qui la prenne :p a va a Meaux par gare de l'est ! Et c'est pas les trains du RER b ! C'est le grand luxe
@PinkMinajPrint j'espre que son avocat lui aura parler avant d'aller devant le juge pour quelle soit bien o courant de ce que Thomas a dit
@Porchrmss la premire au courant de quoi ?
@RER_B de dire la vrit sur tat trafic passe mieux que de prendre les voy pour des trompettes.
@RER_B je confirme, pas mal de trains ne sont pas partis ce matin, sans oublier modifications de mission pour ceux qui roulaient.
@RER_B le pire, c'est qu'il y a de bonnes choses de faites dans la gestion trafic perturb, choses qui n'taient pas appliques auparavant.
@RER_B salut Bruno. De rien pour l'info ;-),Trains supprims, modifications missions = trafic normal parat-il ;-)
@Reda2306 Mdrrr tout le monde va tre au courant mais allons y
@Renako_dream Askip je suis un mec mga classe. J'tais mme pas au courant de possder un pnis.
@Roqhun_ Ta pas fini de rire XDDD!!! dj je dit "fentre" elle se bar de la chambre en courant es vont s'assoir sur le canape calme XD
@SimonCulsonne1 ouuuuhhhh jveux tre le premire au courant
@Snakynath salut nathaly! Merci  toi! Les livraisons se feront bientt :) tu seras tenue au courant! la bise
@SofiaBenmakia @wmeg_ je viens de monter dans le bus la et toi tu y es dj ?? Mon train avait du retard mais je serais la a l'heure
@SoniaHastings J'aurai pu prendre le RER mais il beug tout le temps du coup 3 mtros
@SophieBarel Ca veut dire littralement "la vieille des bains". Nom courant de mre maquerelle ? Pas de sources l-dessus, si qn a...
@SophieNauert j'sais pas si je suis aaaaal et je suis chez mon pre! Mais on se tient au courant baby
@StephieFrance Pour l'instant, aucun projet de prvu pour elle! Mais si elle venait vous serez au courant ;)
@Stylommataudren "un accident de personne sur la ligne D du RER..."
@Suryce Tu te rfres  luvre d'origine ? On est pas tous trs au courant dessus, a pourrait faire une bonne intro / premire partie
@Teu_Cha ah bah on se tient au courant alors, jy serai quelques jours mais j'ai pas encore les dates exactes
@TheRealCiderman les joueurs comprenant leur intret (faut bien payer la piscine  courant) vont tous avoir un rhume le jour de la selection
@ThomasMonnier27 Alors on traine dans les couloirs du RER  Chtelet ?!
@TiJokoo @K3lviin_973 Mais non j'tais juste le 1er au courant doudouuuuuw te fache pas :(
@TiJokoo @Nvrvc si vs repondiez dans LE FUCKIN GROUPE peut tre que toi tu serais qu courant!
@Tyler_RPGTVD Oui. Tu seras le premier au courant
@Tysha213 @Jojo_Migoss J'ai quelques histoires dans les RER.,Dans les trains de nuit, ce sont des femmes qui ne veulent pas payer le billet.
@YOungKriisS_911 Ah 7 heures y'avait du courant ! Donc quand tu m' as vu tu aurais pu m' envoyer un msg pour me dire de venir  la recre
@YsmineLdb non non j'suis pas sre  vrai dire je sais pas du tout, si on me le dit J'te tient au courant promis
@Zoba243 mdr tu peux pas marcher? tram/bus/rer/train?
@ZoeMarechal c'est vrai ! Tiens nous au courant et vient comme une guerrire dimanche
@__ashmm tu seras au courant le moment venue
@alonemaarek jte tien au courant frere
@ananninette d'accu a serait cool, on se tient au courant pour Noel, je pense que moi je passerai les deux jours chez mami que a soit pas
@anna_nts bh y en a pas mdr, juste l'anne dernire j'tais pas au courant c tout, et prends pas la tte pcq t'es pas concerne directement
@arthur_dums grave  au moins on sera ds le meme bus ca va changer un coup mdrrr
@audrey_flg apparemment il y avais des soucis avec la ligne 1 et le rer a aussi du coup! Ils ont fait fort ce soir!
@boulanger daccord mais comment serai-je tenu au courant de leur accord? Vous me le confirmerez via twitter?
@catindesplage j'imagine si tu m'aurait vu avec le lama, tu te serait transforme en robot tu te serait cogner en courant contre les voiture
@cedpollux Coordonnes bien reues, je vous tiens au courant. ^G
@chefdebord roooh heureusement que t'es l pour les infos  !,J'ai pas de marge  Paris, du coup je vais prendre le RER  LBB pour Paris
@chnafonval a serait la meilleure initiative qu'il soit en fait. Si ils avaient Twitter ils auraient t au courant depuis 1000 ans.
@clamlns bah j'avais dj mal vendredi et a c'tait calm dans la semaine mais l a a repris en courant..
@clara_mif @EnoraMofficiel Que vous soyez au courant ou non on a rarement vu une candidate aussi altruiste et empathique que vous.
@claudepeze En Edf des - de 20 ans il faisait pareil. Jamais titulaire mais meilleur buteur de la coupe du monde. Toujours long  s'intgrer
@corinnelepage On rira jaune quand on parlera du prix du courant ... pour faire face au renouvellement du parc... j'ai les chiffres..
@da_mn @ITITANITA Je viens de m'abonner au compte, comme ca je serai au courant ;)
@davidlaffargue anw mince jaimerais vraiment te voir une dernire fois,je peut alors avoir un follow back comme a tu me tien au courant?:)
@etiennewp cette aprs-midi ce ne sera pas jouable. Je vois les dispos de l'quipe et vous tiens a courant
@fortrye_julie siiii, j'espre ta mre est au courant mdrrr
@gervaisbianca J'espre que vous tes au courant que vous faite une mission humainement grandiose. C'est excellent, surprenant, adorable.
@gouvernementFR a serait sympa de tenir au courant @SLeFoll des dossiers avant de l'envoyer chez @JJBourdin_RMC merci
@guilhemchristin @elhanasophie @Asarigolo Moi pas, puisque apparemment c'est courant de profiter d'un AG pour s'entraner.
@guillaumeduhan Malheureusement c'est encore vague mais promis tu seras l'un des premier au courant :)
@hereforhes bah oui patate sinon tu serais la premire au courant !
@iitsGaMa @EclypsiaCOM Courage, tu peux le faire =P Au pire rentre en courant, a te fera un peu de sport en plus hehe ^^
@k_Sharoz ah j'espre pour toi qu'elle sera bientt au courant
@kidrauhlxhemmo je lui ai dit que a restait elle m'a dit "tant mieux" mme sa mre est au courant elle a juste pris en photo pour le
@la_petite_panda Le jackpot! Moi je me suis endormie en physiques et je sais plus quand. Mais ca nous fait plus rire tellement c'est courant
@lafan25 non, pas encore reu... Je te tiens au courant!
@lafan25 parfait, bien reu cette fois! Je te tiens au courant ds que je le dpose  la poste!
@lhirlimann un Rep au Courant (Alternatif) @glazou
@lpznoa @Nicolas_snoww revenir sur twitter en tweetant "jvais niquer des mres" il va trouver des nouvelles gows qui sont pas au courant de-
@mamgrenouilles Bonjour, malheureusement nous n'avons toujours pas de date  vous communiquer.,Il sera disponible courant dcembre.
@manongls62 Mdr moi je l'ai pas dit  ma mre comme sa elle est pas au courant qu'il y a une runion
@marion_burra oui donc sa mre et pas au courant que tu dort
@marvel365 je sais pas encore  tu seras mis au courant ;))
@mokhtar13015 jure la vie d'ta mre (??) pourquoi tma pas dis ta cru j'allais partir en courant mdr
@negre_fou bah merci je sais sinon je serai un minimim au courant Dac tu me diras tout sa demain
@ninachhh @Allgirlslovemu Ben oui ce serait con qu'elle ne nous tienne pas au courant de sa folle aventure boulesque
@nitot @martiusweb Tout  fait vrai. Et absolument courant dans l'industrie tech. Ca serait bien de tenir tout le monde au mme standard.
@nnesabourin @plaurent_pcf @HugoTouzet si le #communisme fonctionnait a fait longtemps qu'on serait au courant...
@oasisbefruit vous tes au courant que j'achte plus car vous mfollowez pas? j'achte d teilles a 2 et vs pouvez pas follow? bah vos mres
@pronozerrrrr @PronoNBANHL Le plus tt possible serait bien.. Vous serez tenu au courant sur Twitter de toute manire.
@rockmharry ptn j'espre vraiment que tu vas les retrouver, tu me tiens au courant ?
@rodenvious @NiallOfficial de toute manire je te tiendrais au courant pr leurs mariage<3
@roseRPGUOL {ca doit tre son mec alors} *detourne le regard de toi, perturb, dis froidement* on est au courant de votre traffic de drogue*
@rueducommerce Bon trois semaines j'exagre, mais a fait 3 fois qu'on me dit que le SAV est au courant, et a n'avance pas :/.
@sachast Des trams ont probablement t ralentis suite aux souci sur la ligne #stibT51, car ils ont un tronon en commun...
@sardinimouspipi non,appareament en fin d' t'inquiete pas mon petit,tu seras le premier au courant.;)
@schuckgaux non non tkt tu aurais t la premire au courant dans ce cas
@toke_k @Mgl_Mrln si t'es pas rentre  temps on se le fera une autre fois. Tiens moi au courant.
@tut_tuuut w :) Il est en dplacement l, je sais pas  quel point il sera claqu  son retour, jte tiens au courant :)
@wonderfulsouls j'espre aussi omg, j'te tiendrai au courant mdrrr
@yannouhm Lool tu exagre un peu quand mm ! Tu es bien au courant quils ont des pb. Autrement ils sont concret
@yoannferret @maxofs2d question pose  Dataspelsbranchen, comme a on sera fix. Je vous tiens au courant quand j'ai une rponse.
A Pagnol tu va faire caca dans les toilettes l'aprs midi mme tout le lyce sera au courant
A chaque fois c'est a , je suis au courant de tout a la dernire minute.
ANALYSE EUR/USD : La pression haussire demeure grce au surplus de 30 Mds du compte courant
Accident sur la ligne de tram, tous les tram sont arrts , la merde
Ah mince, ma mre va tre au courant que j'ai dit ca comme l'autre fois  mdr
Au cas o vous ne seriez pas au courant, #Ello a un business model trs particulier...
AuRevoirBot: AuRevoirBot: AuRevoirBot: marinecelebrian: Cerillyanne On se tient au courant en tout cas, ce serait marrant de te revoir ^^...
AuRevoirBot: AuRevoirBot: marinecelebrian: Cerillyanne On se tient au courant en tout cas, ce serait marrant de te revoir ^^ adieu, adieu...
AuRevoirBot: marinecelebrian: Cerillyanne On se tient au courant en tout cas, ce serait marrant de te revoir ^^ adieu, adieu,
Aujourd'hui y'a pas mon frre. Si je loupe le bus c'est toute seule
Avec Tiphaine on a faillit louper le bus, on a du l'arrter au feu rouge
Azi j'me casse. tenez moi au courant du score svp nique sa mere le match pay.
Banane de Dani #Alves une agence de pub derrire la campagne internet, le joueur au courant -  Faux cul de journaleux
Bloqu dans le RER, j'espre arriver un jour quand mme, c'est pas comme si j'avais un train a prendre non
Bon le mec qui fait ABBA  la flte de pan dans le rer c'est plus possible aprs une journe de 9h de cours
Bon un de mes frres est au courant
Bon, ben j'ai au moins mon pre d'au courant maintenant. #smoking
Butler/Service client VIP anglais courant H/F #Paris #commercial #marketing #recrutement #emploi #job
Ca msaoule de tjrs louper mon bus le matin ptn..., ma mere la pute si jle loupe demain !
Ce matin a 8h30 mon bus tait toujours pas arriver du coup avec Marinko on a commenc a appel nos mres et la le bus arrive
Ce matin jai loup mon bus j'ai du y aller en moto et mon pre m'a dpos au mcdo j'ai du march alors que si il m'avait pos  grange -
Ce midi y'avais pas de bus vous pensez j'ai pas traiter la mere des chauffeurs ?
Ce qui m'a choqu c'est la mre qui est au courant et le pire c'est la contrepartie "le mouton de l'aid" #Pedophilie
Ce soir quand je vais rentrer ma mre va voir mon tatouage, elle est pas au courant... mdrrrrrr.
Ce week end faut que je refasse mes musiques de mon portable pcq j'en ai marre d'couter toujours les mmes dans le bus et tout
Cest quand la grve des bus ? Jen ai marre d'aller en cours et mon pre va bien me cder la voiture ?:(((( #seum
Cet argent servira  financer les formalits de cration de CoffeeLoop (courant dcembre) et les premiers achats de matires premires.
Combo brouillard, bus plein  rabord et trafic perturb sur le RER B, cette journe s'annonce fun
Comme j'aime pas l'enfoir qui te dit tout le temps a la dernire minute ta fait le DM alors que toi t'tais au courant de rien
Comment les clairs me drespectent comme a ? Le gars coupe le courant et ma conversation avec mon frre sur Skype quoa..Djet maman Matinik
Courir aprs le bus le rer je viens de faire mon sport de la journe
Courir derrire le bus c'est vraiment chiant !
Dafuck? Coupure de courant chez moi et impossible d'appeler mon frre ni ma mre. Wtf?
Dans le bus j'coute toujours du Lana Del Rey srx sa voix m'appaise sans forcment me donner envie de dormir
Dans un film d'horreur, le #Scorpion serait celui qui sortirait en courant par la porte d'entre plutt que de monter les escaliers #Fragile
Dans un film d'horreur, le #Scorpion serait celui qui sortirait en courant par la porte d'entre plutt que de monter les escaliers.
Demain je sens que a va tre la grosse galre entre le bus et le train
Demain mon tel sera dcharger si courant ne vient pas
Depuis ce matin 8h30 y'avait pas de courant j'ai cru pter les plombs
Developpez : Lumia Denim sera dploy au courant de ce mois pour certains dispositifs et dans certaines rgions,...
Dire que ce matin je me disais dans le train "a fait longtemps que j'ai pas eu de merde avec les RER"... Ne jamais dire a>< #LT
Dire que jetais la dernire au courant, moi la commre de service.. Dception
EN GROS J'AI LOUPER MON BUS A CAUSE DE TWITTER EW MA MRE OMG ELLE AVAIT DES ENVIE DE MEURTRE PTDRRRR
Elle est au courant qu'on dirait une gamine de 10 ans qui a piqu les habits de sa mre ??? #LRT
En #Afrique, il est plus courant de possder un tlphone portable qu'un accs  des toilettes, @jeune_afrique
En plus, vu que mon frre est au courant, a sera beaucoup plus simple.
Enfaite avec ma classe on est jamais au courant de rien juste  la dernire minute c'est chaint!
Et ben, le gars en voiture  ct du bus qui a eu un accident.
Et le rer A avec ces rgulations de trafic!!!! Maintenant je suis en retard!!
Et ma mre qu'est au courant avant moi des infos du lyce..
Euh les gens qui trichent aux contrles, vous tes au courant qu'au bac il vous sera impossible de tricher ?
Faire un trajet en RER  ct de deux lves de 3me, ne rien comprendre aux termes qu'elles utilisent et du coup se sentir vieux : check !
Faudrait que je vrifie si mes plaques font toujours sauter le courant, mais aprs sans lumire c'est dur de retrouver le compteur.
Faut pas que je rate le 2me bus en plus faut que je rcupre mes 90
Faut que je commence  courir psq a va plus la ,  peine je cours derrire un bus je suis essouffl pendant 3 ans
Faut que je fasse en sorte de pas louper le bus comme la semaine dernire pour aller a Montceau
Genre mon bus est arriv 30 min en retard! Puis on rentre et le chauffeur nous dit :"on est pas arriv hein! Y a un accident"
Hier soir, ma lumire m'a rendu fou avec la coupure de courant.
Ils ne le savent pas, je l'ai appris que ajd... Le pre est au courant mais ne sais pas non plus quoi...  Oh ptn..
Ils ont allg le trafic pour qu'il n'y ait plus qu'un seul RER ? :D
Info RER B.,Plusieurs trains de supprims au dpart de Mitry. Bon courage
Info RER B.Trains supprims dans les 2 sens + modifications missions (arrts sup).,Bon courage.
Intervention de la police dans le RER A donc bloqu  Chtelet. Trafic perturb !
Ixelles: le tram fauche un homme poussant son vlo: Terrible accident ce mercredi en fin da...
J'ai appeller mon pere en urgence j'ai couper le courant itout c'cru que ca aller exploser
J'ai appris le dcs de quelqu'un parce que ma mre va  son enterrement.. J'aurais voulu tre au courant avant..
J'ai bien envie de louper mon bus mais aprs je vais bien me faire engueuler par ma mre:/
J'ai cours dans 8 minutes. Je suis  3 stations de train, 2 de RER et 4 de mtro..... JSUIS LARGE
J'ai du courir aprs le bus sa mre j'ai plus de poumons
J'ai encore la flemme de me lever, je vais me dcider  la dernire minute comme hier et courir dans les escaliers pour avoir mon bus...
J'ai encore loup mon bus mdr j'abandonne je serais jamais  l'heure
J'ai eu mon bus de justesse qu'il ne me refasse pas le mme coup demain parce que a m'amuse absolument pas du tout
J'ai eu une coupure de courant 42min! J'tait toute seule la lumire voulais plus revenir j'ai cru mourir j'ai horreur du noir
J'ai loup 1h d'anglais a cause de leurs connerie de barrire qui bloque les RER
J'ai loup le bus et ma mre a pas le permis miskina #SortUneExcuseAlgerienne
J'ai prit l'autre bus psk je vais rcuprer mon PC
J'ai rate le train et le bus putain... Je vais me prendre un voyage de l'espace par ma mre ...
J'ai rate mon bus pour le sport et du cou ma mre elle me gueule dessus
J'ai rv j'avais loup le bus a Longwy alors y'avait ma mre qui venait en jet
J'aime bien tre la premire au courant
J'aime pas tre la dernire au courant de quelque chose
J'aime quand mon prof de reseau est au courant qu'il sera absent le lendemain aprs nous... #PourquoiPas?
J'arrive plus a rcuprer mes nuits dans le bus
J'crois tous les profs de mon lyce vont tre au courant de ce qu'il se passe dans ma famille etc, mon pre a appel mon directeur...
J'en ai marre du RER qui m'a empche d'aller en cours ms en contrepartie j'ai pass 1 trs bonne journe avec mes copains qui m'ont sauve!
J'espre jvais pas tre obliger de courir aprs le bus
J'espre qu'elle aura son bus pour aller zen cours !!
J'espre que je vais avoir le temps pour couter l'album dans le bus demain. Prions pour que personne que je connaisse vienne ne me parler.
J'habiterais genre sur la ligne du RER B j'irais jamais en cours vu les problmes de train
J'pense que si son gars il tait au courant il serait content tient
J'sors de la ma chambre en courant et en gueulant/chantant et je m'aperois que y'a un pote  mon beau pre et son fils (c'est un bg mdr)
J'suis sr les chauffeurs de bus le matin leur kiff c'est d'acclrer d'un coup ds qu'il y a des gens debout.
Jai dis a ma mre que le bus a freiner d'un coup et qu'une nana m'est tomber dessus du coup mon iPhone est tomb est s'est casser
Je cours dj pas derrire mon bus je vois pas pourquoi je le ferais pour un mec.
Je dteste tre la dernire au courant surtout quand on la premire concerne. Je pose des question et on me rpond tu verras bientot -'
Je m'arrange pour prendre le RER plus tard que d'habitude pour pas arriver trop en avance Mon train saute deux stations...
Je remercie tous ceux qui on participer au projet pour tal je vous tien au courant quand il sera mis en ligne MERCI :)
Je sens un petit courant d'air ds la narine gauche. Je vais peut-tre m'en sortir les gars. La guerre n'est pas gagne mais l'espoir renat.
Je sme le doute. J'espre que a va pousser. Je vous tiens au courant.
Je suis dans le bus pour Basse Goulaine et j'espre ne pas avoir la mme chauffeur de bus folle que @Cloclo_Choup l'autre jour :-)
Je suis en traine de me dire que demain,  cette heure l je serais dans le bus avec mes acolytes
Je suis le genre de mec  croire que ma lampe est casse alors qu'elle n'est que dbranche. Pas de courant, pas de lumire. Logique.
Je suis sens rviser mais je vais foir de toute faon et ma mre est dj au courant
Je suis sure que si je ferai lire mon "journal intime" bien que a n'en soit pas rellement un,  n'importe qui, il partirait en courant
Je suis vraiment saoule par le dbut de cette journe. Mauvaise nuit + RER A qui fait la fte...,Et dire que je finis  20h30 *soupir*
Je suis vraiment toujours la dernire au courant de ce genre de trucs...
Je vais me rveiller avec des courbatures horribles. Puis enchaner attente du train dans le froid et trajet dans un bus blind.
Je viens de glisser dans ma cuisine bc le sol tait mouill. Dommage que j'tais pas filme MDRR Comment ma mre est arrive en courant
Je viens de voir que ma mre vendait ses tableaux sur fb. Ok j'tais pas au courant!
Je voulais tellement louper mon bus ptn y avait ma mere a l'arret :(
Jit ntala3 eniveau meich flen der w der....s7aybi bghit tester nta fi rassek courant d'air ...
Julia faut que tu saches que tu es la seule au courant alors considre a comme une preuve d'amour !
L'EDF cette anne c'est qu'une dfaite en 15matchs.. Bon c'est vrai que c'est une dfaite qui coute chre mais bon c'est encourageant ! #EDF
La Folle Story Continu...RERD HS... Aucun train dans les 2 Sens...La Suite au Prochaine pisode !!!,#JourneDeMerde
La mre de #DosSantos a signal il y a 4 ans  la police la radicalisation de son fils et le Maire de Champigny dit ne pas tre au courant??
La mre de ma copine c'est pri 2fois 1coup de jus en me faissant la bise a cause d'ma barbe je peut dire que le courant passe bien entre ns
La prof dit " arrtez de parler, a cause de vs on va ts louper notre rer et mon fils va m'attendre tout seul devnt le centre de loisir"
Laisser dormir de l'argent sur un compte courant va leur coter cher  via @Challenges
Le RER C et les retards, et les trains supprims a fait un!!!! Mn jsuis oblige de passer par Villeneuve tshippp!
Le RER cet endroit hostile o il faut dfendre son territoire durement gagn contre les mecs qui cartent leurs jambes comme des compas.
Le RER est jamais coopratif quand jsuis  la bourre..
Le bus il a fait un accident tout a l'heure
Le courant il arrte pas de pter ptn c'est un truc de fou l toutes les 2 min...
Le gas qui a reu le molar il fessait que dire j'vais te baiser ta mre la pute et l'autre il est parti en courant
Le jour o un mdecin sera a l'heure on sera au courant.
Le mec voulait des croissants  18h00, il a fait je vais m'nerver, le tram va avoir un accident. ( = maraboutage level x )
Les gens qui font style qu'ils sont sportifs alors qu'ils ont la flemme de courir derrire le bus quand ils le loupent
Les tram c soit tu cours pour l'avoir soit t'attend 8 minutes on arrive jamais a l'heure sa Mere
Lumia Denim sera dploy au courant de ce mois pour certains dispositifs et dans certaines rgio...  #WindowsPhone
Lumia Denim sera dploy au courant de ce mois pour certains dispositifs et dans certaines rgions, d'aprs de...
Lumia Denim sera dploy au courant de ce mois pour certains dispositifs et dans certaines rgions, d'aprs des ...
MT @danyturcotte: Perdre nos @BIXImontreal serait  contre-courant de tout ce qui se fait dans le monde! @DenisCoderre
MTO / Bonjour tout le monde !!! Ce matin, le ciel sera encore gris. Attention au brouillard. Dans le courant de...
Ma grand-mre est au courant je parle a mon pre bio et que j'ai un petit frre a tte quand je lui est dit
Ma mere me regarde avec un sourire genre il se passe un truc trop bien dans ma vie, par contre je suis ap au courant
Ma mere qui me soul avec sa putain de contraception de merde ! Je suis plus une gamine je suis deja au courant !!
Ma mre a fouiller dans mes affaires pour aller sur l'ent, resultat j'suis dj mort. Et mon pre et pas encore au courant ..
Ma mre continu de gueuler Parce que j'ai loup le bus..
Ma mre depuis qu'elle aime allkpop sur facebook elle est au courant de tout, avant moi mme des fois limites. :(
Ma mre elle a hurle qu'ils y taient j suis partie en courant mdr #MTVStars One Direction
Ma mre elle est au courant
Ma mre elle m'appelle et elle me dit qu'elle est partie a Milan ce matin, j'tais mme pas au courant svp
Ma mre elle va tellement sur pronote bientt elle sera au courant de mes notes mme avant le prof
Ma mre est pire que moi, elle  mis de l'eau sur la prise du fer  repasser.. J'vous laisse deviner la suite, un petite coupure de courant!
Ma mre me dit ok sche tes maths, ptdr j'ai loupe mn bus, j'tais bloque au lyce, donc je s'ils alle en maths..
Ma mre qu'arrive en courant  minuit dans ma chambre, je descend et je vois mes cadeaux   pas perdu de temps ^^
Ma tte  beau pter un plomb, mdire que jsuis au retard et que jvais louper mon bus, jreste dans mon lit...
Ma vido sur la deuxime fin de #FC4 sera de nouveau en ligne ce soir. Je vous tiens au courant! #UbsoftMusic
Ma voisine coute Kendji et les retraits parlent des bus
Mais le RER c c'est vraiment un train de fdp
Marre de ce putain de bus vivement que je rcupre le permis !
Me lever-me prparer-partir en cours- tre dans le bus-avoir cours - manger-retourner en cours-rentrer - goter-bosser-glander-me coucher.
Moi je suis tout le temps la dernire au courant la petite nulosse qui dbarque de nul part
Moi kan jrentre en courant pck jai envie dchier et ke ya mon frere au toilette
Mon frere il est au courant de tout avant tout le monde, je sais pas comment il fait
Mon frre qui travers la maison en courant et qui me le "ELISA PUTAIN REGARDE JAI UNE RIDE! ELLE Y TAIT PAS AVANT!" Il me fatigue
Mon pere est arriver en courant
Mon pere il m'a menac ce matin il m'a dit "j'te prviens si tu loupe ton bus je te rveille tt tous les matins"
Mon pre demain il vient me chercher  la fin des cours,j'prend pas le bus car faut j'me dpche de rentrer pour faire mon DM de maths mdr
Mon pre dois emmener en cours a 7h30 la je crois que c'est mort jvais devoir le taper 40 min de trajet a pied et en tram
Mon pre est pas au courant pr le tattoo, quand il le saura je vais me faire dchirer
Mon pre il s'est barr j'tais mme pas au courant
Mon pre qui descend et sonne 10 fois chez la voisine, remonte chez moi en courant mais jpp de lui ! Au moins elle a teint sa tl mdrrrr
Mon pre sinquite pour plus tard, ma mre elle, elle est sereine, elle est pas au courant de la moyenne d'co je crois.
Mon quartier aurait cri et juste  ce moment le courant se serait barr, a me manque
Mon tit frre est trop cute ^^ Il me demande si j'ai froid, je lui rponds que oui. Il part en courant cherche...
Mon train est supprim, mon bus n'arrive pas et il y a eu un accident de moto juste devant moi, super !
Mpussy le Hoodiste , adepte du Hoodisme : se dit d'un courant de pense qui se rfre  la culture hip hop et l'art de la rue
Msk le chauffeur du bus j'appuie tout le temps a la dernire miniature du coup il fait des freinages de bais pour moi
Mtro Ligne 13 En rpercussion d'une intervention des quipes techniques  Champs lyses, le trafic est ralenti sur l'ense [1/2]
N'approche j'ai eu tout les bus de justesse aujourd'hui x) la chance ptn mme le Citalien Carr-Melun ma rcuprer sur la route
N'hsitez pas  aller follow @CapsuleFIFA et @Capsule_COD pour tre au courant de nos dernires nouvelles concernant le gaming !
Nan par contre niveau problmes de trains retards et tout le RER C c'est la dfaite des dfaites
Natixis Asset Management ouvre son compte Twitter. Suivez-nous pour tre au courant des dernires actualits #finance et #marchs !
Nique ta mre la coupure de courant
Notre bled va bientt aller a la can t'es au courant ou quoi frere ?? @AbelityDrogba
Notre bus a ft un accident avec une voiture on tait obliger de descendre #2
Okok a fait 4 ans que je prend le bus, c'est la premire fois que je le loupe...
On a eu un petit accident de bus en plus.
On a tous trace de fou pour avoir le RER mais y'a que Soraya et moi qui l'avons eu
On ce crer un monde qui pourra tre sabot par une coupure de courant et coupure informatique.Vive la manivelle, livres,et crayons  mines!
On est trop des commres avec Ins c'est fou, toujours au courant de tout
Ouais Hallo y'a combien combien 1-0 juuur ? Vazi vazi brule le bus brule le bus Ptttn il ont perdue , Juurr , ils ont dj brler le train
P....n de RER et de RATP de m....Rat mon train pour Cologne...,Suis en mode colre...
PTDR AU TAFF J'COUTAIS ACT MY AGE ET JE DANSAIS SUR MA CHAISE JPEUX PAS RSISTER. DANS LE RER AUSSI J'AI DANS
Par contre comment expliquer que je sois l  tweeter de mon RER alors que mon cours commence  11h ?
Perdre nos @BIXImontreal serait  contre-courant de tout ce qui se fait dans le monde en transport collectif! @DenisCoderre
Petite annonce pour ceux qui ne seraient pas encore au courant concernant le TGS 2014 !
Petite dispute, ou incomprhension au sein du RER A, mon train est bloqu entre deux stations...
Peut on m'expliquer pourquoi y'a toujours un truc avec le RER A? Toujours un putain de moment oh le train s'arrte. Je comprend pas.
Pour aller en cours en caisse - 20 min en bus - et je me douche le matin... a me ferait logiquement partir  10h30...
Pour celles qui ne seraient pas au courant il y a une vente prive Make Up Forever sur  :)
Pour les personnes qui ne serait pas au courant voici l'pisode 2 de notre aventure sur le jeux vido assassin...
Prendre le RER B avec tous les postulants du #Concours_attach et avoir son train qui s'arrte en pleine voie sur le chemin
Prendre le train le matin c'est nul surtour le rer C la sa pue sa mre dedans
Probleme de rer super je vais etre en retard pour ma seule heure de cours d'aujourd'hui
Prof de merde qui me fait sortir 5m en retard et dc j'ai louper mon rer qui m'a fais aussi louper mn train et le bus suivnt .Merci connasse
Ptdr y'a une grosse dans le bus son pre il l'appel il lui dit t'es  l'cole elle crie ouai ouai jss dans les vestiaires j'vais courir
Ptdrr j'ai mme pas de RER pour aller en cour!! Je sais mme pas si je dois rire ou pleurer
Putain ce matin jme suis lev 1h10 trop tard, j'ai loup mon bus, mon train, mon pre voulait pas m'emmener au lyce, donc j'ai attendu
Putain comment j'espre que je vais pas louper mon bus
Putain y'a des petite la il sont couru derrire le bus et il c'est arrte le mec moi quand je fait sa il trace sa route le fils de pute !
Putain, mon cours d'allemand commence dans 1 mn et je suis toujours seule. Je suis sre qu'ils ont annul et je suis mme pas au courant.
Quand c'est pas le bus c'est le train -' quoi que auj a seras peut tre les deux avec la chance que j'ai lol
Quand j'coute 7/11 je danse quand j'coute ring off je danse aussi je peux pas me contrler je vais faire commet lundi dans le bus
Quand l'algrie se prend ou marque un but meme si t'habite dans une grotte tu seras au courant
Quand tu seras au courant j'espre a va te vnr mdrrr
RT @260814_: alors dj qu'on a louper la sance le bus a fait un accident mdrr oua non
RT @AlevtinaKtv: Ma mre qui me fais " tu travaille bien au lyce ?" euh jme suis barre en courant
RT @AlexandreCalvez: Je suis le genre de mec  croire que ma lampe est casse alors qu'elle n'est que dbranche. Pas de courant, pas de lumire. Logique.
RT @AlexisM_78: Les gens qui font style qu'ils sont sportifs alors qu'ils ont la flemme de courir derrire le bus quand ils le loupent
RT @Axelle_ngs: Si tu dis un truc  Solene et qu'elle le dit  Elodie toute la terre sera au courant ces 2 meufs la.. mh !
RT @AzevedoAzeline: la dispute d'un couple de 13 ans ds le bus : un sketch. Rglemt de compte  base de "ntm" & de "tg". La relve des cas sociaux est assure!
RT @BaptisteVsr: Ma mre elle va tellement sur pronote bientt elle sera au courant de mes notes mme avant le prof
RT @Boucrate: On ce crer un monde qui pourra tre sabot par une coupure de courant et coupure informatique.Vive la manivelle, livres,et crayons  mines!
RT @CalvinLacroix: Faut pas que je rate le 2me bus en plus faut que je rcupre mes 90
RT @CandiceeBaby: Eh les gars qui rap pas vs tes au courant qe vs devenez aussi rare qe les meufs vierges ?
RT @Capsule_eSport: N'hsitez pas  aller follow @CapsuleFIFA et @Capsule_COD pour tre au courant de nos dernires nouvelles concernant le gaming !
RT @CeQuonVousCache: Le scandale est devenu courant -
RT @CharlotteMenz: @SophieNauert j'sais pas si je suis aaaaal et je suis chez mon pre! Mais on se tient au courant baby
RT @Chau_R: J'ALLAIS RENTRER DANS LE BUS J'AI VU DES CONTROLEURS J'AI FAIT RETOUR ARRIRE, MON COEUR A FAILLI SE BARRER DE MON CORPS
RT @Coraa_G: @Lexou91300 ptdr tu dirai mm pas que tt lmonde reste calme tu serais deja partie en courant hahah
RT @Cx_charline: Le jour o un mdecin sera a l'heure on sera au courant.
RT @David_Momiant: @Emirai6606 Je sais pas encore.. Je le serais au dernier moment mais tkt je te tiens au courant morray
RT @DorineLps: Quand tu seras au courant j'espre a va te vnr mdrrr
RT @E_Mehdi: "Laffaire a pris une toute autre ampleur lorsque la police a dcouvert que la mre dune des victimes tait au courant de laffaire."
RT @EclipsProject: J'suis sr les chauffeurs de bus le matin leur kiff c'est d'acclrer d'un coup ds qu'il y a des gens debout.
RT @Enzo_Bargiacchi: Ma mre a fouiller dans mes affaires pour aller sur l'ent, resultat j'suis dj mort. Et mon pre et pas encore au courant ..
RT @Evarcenciel: @Floryiane25 en plus ma carte passe pas c pas le weekend ! faut que mon pere me passe de la tune, je te tiens au courant maggle
RT @FMTLisa: "Dans un film d'horreur, le #Scorpion serait celui qui sortirait en courant par la porte d'entre plutt que de monter les escaliers.
RT @FilmsdeLover: @Cinecomca C'est surtout que tous ceux qui frquentent des blogs cin seront au courant pour le film, vu le relai de chaque info dessus.
RT @Florxnt: le chauffeur a ralentit parce qu'une beurette travers,j'lui ai dit c'est orange tu peut passer. tt l'monde m'a applaudi j'ai conduis le bus
RT @GallardLucie: Dire que jetais la dernire au courant, moi la commre de service.. Dception
RT @GilinskyLouise: Tql jvois mon beau-frre passer devant en courant sans me voir mddr
RT @Guillaume6869: La mre de #DosSantos a signal il y a 4 ans  la police la radicalisation de son fils et le Maire de Champigny dit ne pas tre au courant??
RT @Guts_OverFear: ANNONCE OFFICIELLE : MqA MERE EST AU COURANT QUE JAI UNE COPINE ! JE RPTE, MA MERE EST AU COURANT QUE JAI UNE COPINE !!!
RT @Hayce_Lem_Bico: Mes ex reviennent en courant mani ma queue comme un relais,#XvBarbare #2014 @Hayce_Lemsi
RT @HitomiK_: @Meliie07 Oui c'est moi ! ^^ J'espre vraiment que a va te plaire. Tu me tiens au courant ?
RT @I_MansourThiam: "Celui qui rame dans le sens du courant fait rire les crocodiles!",#ProverbeCainfri #JavaisPasPrvua
RT @IliesLechleh: Les tram c soit tu cours pour l'avoir soit t'attend 8 minutes on arrive jamais a l'heure sa Mere
RT @ImTysonEnRage: bonjour a tous, je vous re-partage ma vido d'hier soir pour ceux qui ne seraient pas au courant:
RT @JulienLesourd: Vous n'tes pas au courant ? On recrute chez @sii_ouest ! Consultez notre site #carrire :) =>
RT @K3lviin_973: @TiJokoo @Nvrvc si vs repondiez dans LE FUCKIN GROUPE peut tre que toi tu serais qu courant!
RT @Karimacharni: Je suis toujours la dernire au courant!  joyeux anniversaire soso! @SofianeTadjine
RT @Karine_2w: Wouaaa l'accident qu'y a eu  la Vigneraie  heureusement j'ai pas pris ce bus !
RT @Laul__: Wok j'ai couru derrire un bus qui n'tait pas le mien, du coup j'ai rat le mien. Lourd.
RT @LeVraiHoroscope: Dans un film d'horreur, le #Scorpion serait celui qui sortirait en courant par la porte d'entre plutt que de monter les escaliers.
RT @MarvinDlt: Notre bled va bientt aller a la can t'es au courant ou quoi frere ?? @AbelityDrogba
RT @Mathilde_dms: J'ai cours dans 8 minutes. Je suis  3 stations de train, 2 de RER et 4 de mtro..... JSUIS LARGE
RT @Mch_Margaux: J'ai loup mon bus  cause de mon ptn de frre qui sait pas ouvrir une porte
RT @Meghane_Ixootiq: Moi jmens pas  mon gars Pcq sinon il va forcment tre au courant d'la vrit d'une manire ou d'un autre
RT @MissMarieCecile: Banane de Dani #Alves une agence de pub derrire la campagne internet, le joueur au courant -  Faux cul de journaleux
RT @Nabil_Rachi: J'ai rv j'avais loup le bus a Longwy alors y'avait ma mre qui venait en jet
RT @NaceriousBig: Moi kan jrentre en courant pck jai envie dchier et ke ya mon frere au toilette
RT @NadZili: @HerveEvina Ok... On espre donc que y aura le courant dans chacune de nos maisons.
RT @OliviaahZeline: Avertisser djoela cher Pas Quoi Moi je porte Plainte J'ai son IP mon pre est au courant !
RT @OphelieBoulay: @Adele_eyre je demande a ma mre aprs si tu veux vu qu'elle bosse la bas! Je te tient au courant!
RT @Oussama_Elfatmi: Partie 17 : toujours  la recherche de l'autre garon , la mre et le pre au courant dcide de l'envoyer au bled , il lui prenne un billet
RT @Petite_Geante: Je suis dans le bus pour Basse Goulaine et j'espre ne pas avoir la mme chauffeur de bus folle que @Cloclo_Choup l'autre jour :-)
RT @Phrases_vie: Le pauvre fils d'Usain Bolt Il ne pourra mme pas essayer de s'enfuir en courant quand son pre verra qu'il a fait une btise.
RT @Pietress_: Okok a fait 4 ans que je prend le bus, c'est la premire fois que je le loupe...
RT @PogbaNumero6: Ouais Hallo y'a combien combien 1-0 juuur ? Vazi vazi brule le bus brule le bus Ptttn il ont perdue , Juurr , ils ont dj brler le train
RT @PotierManon: @ZoeMarechal c'est vrai ! Tiens nous au courant et vient comme une guerrire dimanche
RT @RCPEM: le courant passe entre les garderies non subventionnes et la ministre de la famille? Demain ce sera NOTRE argent!
RT @RER_BETAIL: @GroupeRATP On prfrerait une edition avec des trains a l'heure qu'une compet de hand dont les usagers s'en foutent
RT @RoquetAlison: On a eu un petit accident de bus en plus.
RT @STIBMIVB: #stibT7 et #stibT25 Pas de circulation entre #HansenSoulie et #Buyl Accident Bus navettes prvus Longue dure #stib
RT @SofiaBondy: A Pagnol tu va faire caca dans les toilettes l'aprs midi mme tout le lyce sera au courant
RT @SoniaNza: Qui roule au ralentit ; puis le rer perturbait a cause d'un signal d'alarme uu' je crois qu' Il voulait pas que j'aille en cours ajd (2)
RT @SonyaKamienska: @nBu4NF RER C la ligne qui sert  rien, trains fantmes
RT @SophanyNoht: J'aime pas tre la dernire au courant de quelque chose
RT @TilesFayza: Le bus il a fait un accident tout a l'heure
RT @TonyPacino13: @mokhtar13015 jure la vie d'ta mre (??) pourquoi tma pas dis ta cru j'allais partir en courant mdr
RT @UneAnCo: J'fais le stop pour que le bus il s'arrte et tema il trace sans s'arrter #seum
RT @WMyWay_Mobile: Mtro Ligne 13 En rpercussion d'une intervention des quipes techniques  Champs lyses, le trafic est ralenti sur l'ense [1/2]
RT @_TistBa: @Ltraore19 Vas y on se tient au courant frre
RT @_eilehpo: et je rve d'un courant d'air, d'un espace clos avec vue sur la mer
RT @aliii092: @SandidSami moi perso je prfre la France  Liban c la hess ya des coupure de courant et l'eau c mme pas potable
RT @anajrdnt: @SimonCulsonne1 ouuuuhhhh jveux tre le premire au courant
RT @ar3uready: Mouais  T'es sr ?  Oui, je pense que je serais au courant quand meme xD
RT @bbdophin: n'empeche ce serait trop bien si on pouvait emmener nos couettes ac nous en cours la jm'enroulerai dedans ds le bus
RT @c_tared: Hier aek Sarah et preci on a pris les chips de Sandrine et on s'est pter en courant en mode 007 mdddr
RT @cmltrt: -part et nous saute dessus et aprs nous au lieu de nous arrter on continue de courir comme des dbiles en rigolant. Et on a pas eu le tram
RT @daaylight: couter hold me down un mercredi midi dans le bus a me rappelle l'anne dernire avec @He_Elisa #triste
RT @danyturcotte: Perdre nos @BIXImontreal serait  contre-courant de tout ce qui se fait dans le monde en transport collectif! @DenisCoderre
RT @davis92izi: Nagez  contre courant si ncessaire, a vous fera des paules solides
RT @f_feezy: Mpussy le Hoodiste , adepte du Hoodisme : se dit d'un courant de pense qui se rfre  la culture hip hop et l'art de la rue
RT @funhkys: "toutes les groupies qui se ramnent j'vais les niquer" .....t'es au courant qu'insulter les gens derrire ton cran c absolument ridicule ?
RT @gauxmar_: @LeVraiHoroscope: Dans un film d'horreur, le #Scorpion serait celui qui sortirait en courant par la porte d'entre (...) i will survive
RT @guillaumeduhan: @Snakynath salut nathaly! Merci  toi! Les livraisons se feront bientt :) tu seras tenue au courant! la bise
RT @gumoad: En #Afrique, il est plus courant de possder un tlphone portable qu'un accs  des toilettes, @jeune_afrique
RT @heloise_iuso: On a tous trace de fou pour avoir le RER mais y'a que Soraya et moi qui l'avons eu
RT @hugftobrien: en vrai tous les matins j'espre trop que le bus il loupe la sortie et qu'il se perde ou idk
RT @jenniiiiiif: Mon pre demain il vient me chercher  la fin des cours,j'prend pas le bus car faut j'me dpche de rentrer pour faire mon DM de maths mdr
RT @khaalilbangerz_: jaime pas le systeme des message du lycee ta mm pas le temps de trouver une disquette ton pere il est deja au courant
RT @laurentgallois: @RER_B je confirme, pas mal de trains ne sont pas partis ce matin, sans oublier modifications de mission pour ceux qui roulaient.
RT @laurentgallois: Info RER B.,Plusieurs trains de supprims au dpart de Mitry. Bon courage
RT @laurentgallois: Info RER B.Trains supprims dans les 2 sens + modifications missions (arrts sup).,Bon courage.
RT @marine2775: Je remercie tous ceux qui on participer au projet pour tal je vous tien au courant quand il sera mis en ligne MERCI :)
RT @michelcymes: #dinerdecons au thtre de la Michodire.. j'y suis all  reculons.. allez y en courant! Trs bons acteurs...et on rit !
RT @ogomi1995: @Roqhun_ Ta pas fini de rire XDDD!!! dj je dit "fentre" elle se bar de la chambre en courant es vont s'assoir sur le canape calme XD
RT @oumou_kb: chui la comre de ma classe tjr au courant tt
RT @pprevert: Le RER cet endroit hostile o il faut dfendre son territoire durement gagn contre les mecs qui cartent leurs jambes comme des compas.
RT @siliconwadi_fr: Premire transmission du courant par des molcules d #ADN   @NatureBlogs #NanoTech
RT @taher2039: mai esque vs etes au courant que Sultane celle qui gere le Bamas jla connai elle mcouper les chveu a l'ancienne, g mm rgard nemo chez elle
RT @xjuliettement: @DruesnePilou @EvenMiracles elle aurait fait arrter le film ou elle serait partie en courant
RT si tas foir ta scolarit, tu fraude le RER D mais hamdoulah tant que les gens voient que tes en couple tu t'en fou de tout a
Rate le bus.. Du coup demande a sa mre, qui ne veut pas l'emmener.. Du coup commence a 10:00 car il n'y a pas d'entre a 9:00
Repartir dans l'autre sens en RER parce qu'on a loup sa station... a s'est fait !!!
Si j'apple mon pere pour venir me chercher psk y'a pas de bus, il va me dire oue dort dans le train
Si je suis en retard en cours c'est parce que :1. RER,2. l'election du crous qui te bloquent 10 min chacun
Si le courant de la rivire est trop fort, il faut parfois renoncer  laffronter.
Si votre gars ce fait acclrer par messages es que vous voulez tre au courant ?
Sur FB, prochain rdv samedi pour Yoann et sa pouf : c'est gentil de tenir tout le monde au courant du jour o tu espres la sauter LOL ;)
Thorie du RER B : Plus tu pars en avance, plus le train est en retard ou ne passe pas ( a s'quilibre pas)
Tmoin de pacse, c'est pas courant mais pour sa copine on ferait bien n'importe quoi :) #AmitiEnOr
Toujours des problmes de train au RER D
Tout les trains du RER C il les ont supprimer
Toute ma vie je suis la dernire  tre au courant des choses importante
Tql jvois mon beau-frre passer devant en courant sans me voir mddr
Train arriv  7h19- bus 71  7h38....  se sent en colre  Gare de Bruxelles-Central Station Brussel-Centraal
Trs mauvais bail d'tre dans le bahut de ma mre . Elle est au courant de TOUT .
Tu achtes une chocolatine chez Paul, t'es content. Puis tu te barres prendre ton bus sans penser  la rcuprer, l t'es moins content.
Tu serais pas aussi souvent avec ta racli tu serais au courant des plans
Un peu plus et je loupais le bus. Je suis la seule passagre :')
Vous n'tes pas au courant ? On recrute chez @sii_ouest ! Consultez notre site #carrire :) =>
Wok j'ai couru derrire un bus qui n'tait pas le mien, du coup j'ai rat le mien. Lourd.
Wouaaa l'accident qu'y a eu  la Vigneraie  heureusement j'ai pas pris ce bus !
Y'a tellement de coupure de courant chez mon pre. Abus on est  Gaza l.
Ya eu un accident a Bellevue qui a coup les trams et tout cette semaine et c'etais Zack mdrr il manque trop ce mec ptnnn
a ft genre 26min jss rentrer personne est ah courant que jss la , ils sont en bas &ma sur a dit a ma mre "elle est ou ta fille encore?"
ahhhh mes jaurais ete le petit mais j'me serais barrer en courant..:'o #espritcriminel
alors dj qu'on a louper la sance le bus a fait un accident mdrr oua non
c'est qui la deuxime premire partie???? putain j'tais pas au courant
chui la comre de ma classe tjr au courant tt
couter hold me down un mercredi midi dans le bus a me rappelle l'anne dernire avec @He_Elisa #triste
dire a tes parent ou tes profs ?  MES PROFS enfin ma CPE! Mon pre est au courant tqt
elle m'a vnre la meuf du bus l elle sait pas conduire elle m'a donn envie de vomir ds le matin avec ces vieux -coups de merde l
en plus y'a trop de gens dans cette filire qui se sentent plus pisser parce qu'ils savent parler un anglais fluide et courant
et je demande a ma mre ce qu'il se passe elle me dit "tu pourras pas comprendre" a c'est l'excuse pour pas que je sois au courant.
et je rve d'un courant d'air, d'un espace clos avec vue sur la mer
et je rve d'un courant d'air, d'un espace clos avec vue sur la mer, d'un silence radio d'un ocan solaire
il faut croire en soit  mec tu es au courant que ma meilleur note l'anne dernire est 4 en espagnol ?
j'ai tout le temps t absente et mon pre est au courant de aucun de mes absences
j'en ai marre tout le monde sait des trucs et jsuis toujours la dernire au courant bahok a fait plaisir mtnt jvais plus rien couter du tt
j'espre que je vais pas encore louper mon bus demain
j'fais mon flemmard  prendre le tram et y'a un ptn d'accident
j'loupe mon bus qd jsuis malade et comme mon pere a la flemme de m'amener il utilise le prtexte "je suis humain je te laisse te reposer"
j'prfre tre bless mais qu'on soit franc avec moi, plutt que de ne pas tre au courant des choses.
jaime pas le systeme des message du lycee ta mm pas le temps de trouver une disquette ton pere il est deja au courant
je cherchais quelque chose sur google maps et je me suis mis  regarder le trajet de certains trains/rer en le de france
je parle avec un lectricien elle me sort au moins c bien comme a avec lui tu seras tjrs mise au courant...
je serais la premire au courant
je viens de le souvenir que cette nuit je le suis rveille en sursaut bc dans mon rv j'ai vu mon frre entrer en courant dans ma chambre
jsuis au courant de rien moi jsuis une paume sa mre
la dispute d'un couple de 13 ans ds le bus : un sketch. Rglemt de compte  base de "ntm" & de "tg". La relve des cas sociaux est assure!
ma soeur me dit "au fait, t'as vu la lettre  ton nom reue hier?" j'aime quand on me met au courant vingt-quatre heures aprs aha
mais j'ai mes raisons et un jours il sera au courant
marinecelebrian: Cerillyanne On se tient au courant en tout cas, ce serait marrant de te revoir ^^ adieu,
mon pre nous a dit un truc trop touchant, c'est pas courant a...
n'empeche ce serait trop bien si on pouvait emmener nos couettes ac nous en cours la jm'enroulerai dedans ds le bus
oh dans le bus j'tais assise sur les siges juste derrire la porte arrire, devant moi y'avait un petit couple qui se roulait des pelles
ouh ptn ma mre el c lev en furi pcq j'avais loup mon bus
ptdr mn ptit frere il la clater et le pelo il s'est barrer en courant alrs qu'il devait avoir 20and
teindre toute les lumires et partir en courant dans son lit pour pas quelqu'un nous tue.. On va pas s'mentir, on la tous dj fait.. MDR
tu vas voir, quand ta mre va tre au courant, tqt bb, tu va bien t'faire niquer
y'a qu'mon frre qui est au courant
