"@Miich_Ou: @DannouNew Mdrrr Messi frangin tu seras au courant"  *apparition furtive !*
"Le Samsung Galaxy Note Edge sera disponible en France courant dcembre"
"Rivire de mots torrent cours d'eau murmure courant"
#40ansINSEEC. Se rfre du nom de la BS tout en portant la chevalire de l universit est au courant aux USA
#ForumSFR Le Samsung Galaxy Note Edge sera disponible en France courant dcembre via Le Journal du Geek
#LJDG: "Le Samsung Galaxy Note Edge sera disponible en France courant dcembre"
#LT (..) et mme quand la techno sera rpare, ce sera un chec conomique cuisant. Contribuables  vos poches !
#Mtro : la ligne B a repris, la ligne A toujours coupe  (@lyoncap)
#Samsung Le Samsung Galaxy Note Edge sera disponible en France courant ... - Le Journal du Geek
#Thiriez peu faire croire qu'il est en colre mais pas au courant des magouilles !
#actualits Nmes : Marsiglia n'tait pas au courant: Entraneur de Nmes en fin de saison dernire,...  #football
#desc03 Beaucoup de problmes de piratage au courant des dernires semaines...
(...) l'amour, la terre entire doit tre au courant". N. Sarkozy
1er paragraphe gnial - Vous avez l'impression de ne plus arriver  lire des livres? C'est un syndrome courant.
@AcacixRPGITR2 acacia, je sais pas si teks au courant pour moi et ton frre....
@AccioWesteros -on aurait du tre l'une des premires  tre courant, histoire d'y tre prpares quoi. Et comment tu me parles aussi.
@AdnanB76 Vasy on se redit a mme si c'est l'an prochain toute faon c'est pas pressant ! On se tient au courant
@AdrienneCharmet j'ai des doutes quand mme sur la prennit de ces  innovations linguistiques , leur incorporation dans l'usage courant
@Agraoufan @Timekeeper Ce qui est devenu rare, c'est que le ralisateur fasse le poirier, assez courant  une poque.
@Akeelah_ @MissCameroun14 LOL. On espre qu'elle nous tiendra au courant de TOUT, comme Valrie l'a si bien fait l'an pass.
@AlexJarno mdrrrr oklm tu serais le premier au courant
@Alexia_zou @AdelineLGM non mais pir je suis toujours la dernire au courant ou  comprendre mdr
@Alison_5SOS @ThereSNoDenying en tout cas c'est pas juste j'tais pas au courant sinon je me serai arrange pour rester
@Arnaaud57 Coordonnes bien reues, je vous tiens au courant. ^G
@Aubsy_Aubs @Forevals on se redit et se tien au courant sur
@BAndersonJG Kurt descendit avec la serpillire, les enfants courant en bas "PAPA"
@BTWMALIKS j'arriverais qu' 10h bc j'ai rater mon 1er bus du coup je suis dans le 2me mais j'arrive qu' 10h :///
@Babelart_Remi nan azy j'suis mme pas au courant
@BertilleFtn C'est toute ma vie Oo IL M'A FRL LE DOS TOUT  L'HEURE  LA SORTIE DES COURS J'ATTENDAIS MON BUS IL EST PASS DERRIRE OIM
@BethshaaPope quelle horreur, j'serai parti en courant  ta place j'supporte mme pas tre torse nu stp
@BlueFoundGreen Tu mritais d'tre au courant, mme si t'es pas l. J'espre que a va, et que le boulot est pas trop dur. Bonne soire.
@BonnieRPGOVD non comme a *regarde,soupire* moi et stefan suspectons qu'il y est des sorcires dans le coin. Tu es au courant de qque chos?
@Bruno_PL78 La grand mere qui pedale l pour le courant
@BxssDrvgged bah moi je sais pas, je t'avoue que je ferais bien la drop aussi mais bon.. Je te tiens au courant mon pd
@Cdiscount autant pour moi c'est en cours d'acheminement .. Jvous tiens au courant quand je reois le package MDR merci
@CestMoiLaChon si le patron est mis au courant, il n'apprciera pas, et te le fera savoir xD
@Chichaam28 moi a me convient  hahaha mais non,jpense dans le courant de l'anne a sera + dur
@Chloe_500 @anthony_LPDLA2 @raphou77 @Florent_re_off bah coute, t'as manqu, je te tiens au courant :D
@Cog7300 pour l'instant c'est un one shoot et elle sera au courant quand se sera prcis
@Conducteur_RER @Conducteur_SNCF  tous les coups ils n'ont mme pas de bb dans la pousette :/
@Conducteur_RER discutailler avec les collgues... couter RadioBallast  ct de la machine  caf... Revoir encore une fois BFMTV.
@DTiiSmeii oui elle sera au courant Pq ?
@DaburonBaptiste vas-y sans stress! a le feras t'inquite tu me tiendras au courant
@DannouNew Mdrrr Messi frangin tu seras au courant
@Del_B_R_T bah quand tu finis le bbsitt vient direct je pense je serais rentre dj on se tien au courant par sms
@Djal_CRD mdr tkt de toute faon tu seras le 1er au courant quand je rentre mdrr
@Driifti @CCabbz ta qu'a pas tre mut sur teamspeak tu serais au courant
@ElijahRPGOVD *surprise* ah non je ne savais pas pour les sorcires, mais je suis au courant pour le loup, tu sais je viens de revenir..
@EllenP_JAniston Oh ce serait chouette ! Tu me tiendras au courant je rve de faire des voix dans les dessins anims x)
@EntoureP il va acheter un appartement que vous ne serez mme pas au courant ! Mdr
@Entre_Moi et dont je serais au courant si javais ta TL ;)
@EvaRamous j'me lve maintenant, le temps que j'me douche, me prpare il sera dj 10h40, mon bus est  10h50, pour avoir le train de 11h15
@Fathiouu @TarikHasnaoui16 @224bac je compte sur vous pour le cours de 8h30 parce que je suis coinc dans le RER -"
@HalerSmile pour de la promo je pense qu'on seras au courant avant
@HugoBees @KeyZowBR @VelvetAmour tqt ami d'la nuit tu seras bientot au courant
@IllusoirementV t'es au courant que Topshop ouvre ses portes chez nous le 28 novembre? Tu sais o il sera?
@ImDoxy @M1kyy Tu es au courant que je peux pas le soir  cause de ma mere :(
@JamesNARPG -se relve et part en courant-
@JasminTN srieusement les gens n'ont rie a foutre pour vrifier derrire ce courant d'air
@Joaobap57934294 @blaisengo @donbish5 Celui-l est le seul  continuer avec son combat d'arrire-garde. Il rame  contre-courant.
@JonRPGCC  *a du mal a respirer* A.. Arrte., - (infirmier) *arrive en courant, tire Jon en arrire*
@JulesAzzz roh bah Jules tu gres pas tout le monde est au courant
@JustDorianne Bah oui mais dj tu ne saurais pas le premire au courant y aurais Allycia, Ma Fatoux , MaKunamatata et aprs toi
@JustiinB_info @BoileauMarine j ai rammen trois pers tu me tiens au courant hein ?
@KassyMysia Ouais j'te tiendrais au courant de tout a, follow moi si tu veux bien ce sera plus simple pour que je me souvienne de ton nom;)
@KingSa3id hhhhhhhhhhh oui tfakarty rer hadi nset maroc kanet dima f la coup d'afrique w la coupe duu monde l4algerie momatilat la3RAB hhh
@KlsCaroline on dirait qu'il voulait protger un "secret" comme beaucoup d'autres d'ailleurs leurs diff bookeur t tous au courant
@LMNYLAS @Vaachette,.on est de celles qui partent se cacher en courant derrire un mur quand on voit qq
@Laloux7 ma mre ete pas au courant , quand elle c'est aperu que c'tait un vrai , elle me l'as pris et l'a jeter ... :(
@LeMarquis1er @tricia_prada @FabriceFoguem6 Moi quoi ?? Je n'ai rien vu. " I... I don't know them oooh " *Johnny voice* *passe en courant*
@Leodagan_ Je me demande comment on peut encore,actuellement se rjouir qu'il y ait tant de Lepen reprsenter le courant patriote.Npotisme
@LouiseProust @Laura_Baudin tien nous au courant pour rire
@Lsa_Lori @perfxctwestwick bon bah quand je l'aurai vu tu seras pas au courant :D
@MFlorian42 ttais pas au courant. De toute manire son cas n'tait pas clair
@MHOK_124 Malheureusement on sera au courant que demain
@MJFamPulong tu crois vraiment que vous n'auriez pas t les premires au courant ? Et ben
@M_Kira_L @Alexzander_F Et courant 2015 on peux esprer un vrai zelda, La suite de Xenoblade, UN FZERO, UN METROID.,Pardon, je m'emballe
@Mag_hily @idntgivaf Ouiiiiiii Julie  vloooo hihi  Et Magouille qui suit en courant bahaha  Vous me manquez mes ptites comres
@Manhyatan ouais a sera vers juin j'pense mais t'faon j'te tiendrais au courant tqt ;)
@Manonbeliebers6 @guillaumepley Pareille sauf que ma mre est pas au courant omg !
@Margaux_qnt mais arrte t'as pas le droit x) ta mre est au courant en plus ?
@Maria_Poussifeu femens issues du fminisme (si tu n'es pas au courant il faudrait que tu le saches). Aprs l'galit ne sera jms obtenue -
@Mehdi93700 en retard (1ere fois de l'anne donc pardonn)parce que "sarah le bus devant moi a fait un accident jte jure j'tais a l'heure"
@MissWendih Effectivement.,Du coup, on prend le mme bus (le 294 appl aussi "le bus toujours blind et rarement  l'heure" par nos soins)
@MissaAndriana @enraje Trs grand rapport, car tu semble tre une des rares au courant.
@MotsCroises Le jour o @BCazeneuve sera au courant de ce qui se passe en France n'est pas encore venu. Il tombe toujours des nues.
@Mrspeedlash09 En faite, ils sont au courant que pour Jorick, et si tu viens tu seras l'invit surprise! X)
@Naniiii17 Niquel :) tient moi au courant si tu as reu tes 500.000$ ;)
@NaomiNewton C'est clair. Mais lutte contre le courant. Et tu verra qu'a la fin tu seras la seule  avoir rsister ... Tandis que d'autre
@Nassstou ca sorrs d'un truc que j'ai lu ne t'inquite pas mddddr tu serais au courant
@NathanUrbain je suis malade, si tu prenais de mes nouvelles tu serais au courant faux frre
@NicoBalazard Bonjour Nicolas, vous avez normalement reu un mail. N'hsitez pas  nous tenir au courant :)
@NoemieBricout Mais ma mre dort et elle est pas au courant ! en plus c'est payant :o
@OTRATOneD d'accord, tu me tiens au courant hein babe, j'ai envie que tu ralises ton reve
@PTailland @AudreyGlln mon frre aussi est au courant si tu veux savoir, et ma mre aussi.
@PharmTox Ctait bieng aussi ! Mais jtais pas au courant lanne dernire ^^ ! @loahn68
@PoneySlut @AlexxLbrs ah ouais ? De tte manire c'est pas un truc de ouf donc en soit on s'en blc que les gens soient au courant ou pas
@QueensChristine es-tu au courant que @TalOfficial ai chant "Here" au Zenith de Paris ? :)  C'est norme !! :)
@RFH_BenZ @HaloForumEU ds que tu es au courant tu me dis, a me fera un cadeau de noel izy
@RedBullFrance Merci de me rpondre !!!!Et de maitre une annonce .,Se serais bte de pas tre au courant !!!!
@Red_Swan_ Not yet, mais je te tiendrai au courant de l'volution de la capote.
@Rodolphus_rpg Nyx est une Opaloeil, et je ne suis pas au courant d'un potentielle grossesse de sa mere !
@Rodolphus_rpg je ne l'ai mme pas dis a mon frre que j'avais tu. Tu es le seul en dehors de mre qui soit au courant.
@STIBMIVB 30min sans bus sur la ligne 95 normal ? Accident ? #arretcesardepaepe
@SalomBoubou non, je ferais peut tre un truc seule sinon jeudi je vous tiens au courant <3
@Sammakeupaddict sans rire, c'est trs courant sur la blogo
@SarahColomerr Mooooh merci ma Sarachou !  J'ai vu que t'avais eu 11, tu gres aussi ! Tu me tiens au courant pour le reste, a va aller
@SarouDz_ tiens moi au courant quand tu seras mieux
@Scraay il tait pas au courant ? Et ta mre ? X)
@Serena2b2b Vincent cassel la vie d'ma mre j'le croise dans cet tat j'pars en courant
@Solal_F tqt tu sera le premier au courant mdrrr
@StephouT Oui je te jure! Ahah! C'est comme si je voyais ma mre dans une interview sans avoir t mise au courant. Choque
@The_Joker34 Oh t'inquite, si a arrive, tout le monde sera au courant ^^
@Thomas_Clet tqt des que je lai tu seras le premier au courant jvais te violer
@Tunder_Loken Pour un reportage, ce serait bien qu'on soit au courant! Tu peux aller sur  et expliquer ton concept ?
@Vega35ro je pense que normalement je serai l je te tiens au courant :)
@Waa_Kh: Son frre fumait du shit, elle venait de mettre sa mre au courant ptdrrr la poucave
@WeaperSKR Juste pour que tu sois au courant, je dois rebosser mon script de GxC, donc il sera pas fait tout de suite ^^"
@XenoKagamine ah oui, c'est courant de glisser  vlo et tomber dans le mer x)
@YasmineYousfi31 t'as t la premire au courant en plus haha
@ZacBenamar @Seccotine_ oui les services sont au courant... vendredi dernier il y avait 16 dans le dortoir... Y a un problme de chaudire!
@Zerhariel -toute l'cole serait au courant. C'tait le but. Pure intimidation.
@_AccioWeasley_ encore on serait alls voir Hunger Games j'y serais alle en courant mdr mais l
@____Wolf____ la dernire fois que je l'ai vu, il trainait entre les rails du RER A  La Dfense.
@_jonasf_ je vais regarder dans ce sens demain et lancer Xcode. Je ferai un radar si j trouve pas de solution. J t tiens au courant. Merci.
@blink38 Je demande et vous tiens au courant ! Ce serait top en effet :)
@cameronrpgkt *lche le drap courant vers toi*
@carlamaitre @Jehanegnr mdrrrr jcroiis que la terre entire est au courant que Jehane elle enlve ses bagues
@caryelle29 Colin a voulu kidnapper les jumeaux pr les emmener en australie mais les autres taient deja au courant k c lui le pere de cane
@chiawaze Oui,oui mais je me mets au courant. Dsole j'avais pas vu les dernires nouvelles :(
@choupete450 Je ne suis pas au courant des dtails de la loi, mais le patron doit protger la personne qui se plaint.
@cindy_godet d'accord je veut bien le gouter . je lachterai , et je tiendrai au courant ;-)
@daliaayad9 il rentrera surement en cours de match ! j'espre qu'il en plantera un l'edf sans benz a manque de saveur..........
@drd_charlotte je crois que je fais arrter de regarder les infos, au moins je ne serais pas au courant de toutes ces btises..
@dreamcanrealise Et ils sont sorti de nul part. On n'tait pas au courant!! On est rest bouche be ! Un reve comme tu dis
@drolesdedianes  Montral! Prochain dfi? Un hypothermique, en fvrier. On sera aux antipodes :-))) Tenez moi au courant de vos aventures.
@eatingmuffins O enfin t'aurais pas SMS j'aurais pas t au courant je serais pas revenue wsh (et Oliver lirait pas dans mon dos)
@elsaa_10 ouais bh mon pre qd tu dors a la maison il est mm plus au courant
@fokzhlapute @EmmaAzg qd tu seras au courant tu viendras ouvrir tg
@ggete en RER, Dust me laisse penser que le train va dcoller
@glietzsche J'vous tiens au courant quand a sera fait!
@gwenaelledrm sur le courant frre
@httphoxan j'ai ma mre en larme tout les soirs mais bon je fais avec ... Je tiens au courant Lili
@huguesdelamure c'est normal, la ligne A jusqu' Perrache est accidente.
@hxgsofmalik PTDRRRRR MAIS GRAVE JSUIS SRE TOUT LE BAHUT EST AU COURANT
@ingdirectfr_SAV bonjour, virement fait samedi de ma bank vers compte courant Ing. Pris en compte lundi mais tjrs rien sur Ing... Pourquoi ?
@ingdirectfrance bonjour, virement fait samedi de ma bank vers compte courant Ing. Pris en compte lundi mais tjrs rien sur Ing... Pourquoi ?
@ingins2 @Caminjel t'tais au courant quand mme que c'est un de vos califes qui a commenc les hostilits et qu'on est venus protger
@isaacRPG non c'est moi *part en courant vers la voiture avec ses talons*
@johannakerl @leoarbi la mienne elle sera au courant de rien comme dhab
@kardashayn_ mdr c est pas pour les NRJ music award tkt tu aurais eter la premire au courant
@m4udi bah, s'il est beau, max sera jamais au courant ;)
@malia__rpg non mais tu serra la premire au courant.
@marine_sla no lui c'est la logique particulire.... mdddddr mais il est courant qu'elle te montre des photos de son mari comme a?
@maximesylar20  tu seras au courant bientt
@nathouille1002 oh non j'espre pas pour lui :'( ta raison faut essayer de positiver. Tu me tiens au courant en attendant jpense fort a vous
@pignoncham Vous n'tes pas au courant de tout ce que j'ai reu. Pas que des insultes.
@pitchUhandsup @Maxlandx d'accord on se tient au courant demain alors ^^  reposes toi bien ma belle j'espre que tu vas vite te remettre
@rachid_benaissa bientt l'humanit sera au courant ptdrrrr
@remi_rl meilleure franais de la coupe du monde, dans les 10 meilleurs buteurs de l'EDF, joueur du mois en Liga devant Messi/CR7 tout a
@s_bensen mdr naaan c encore une autre nouvelle histoire 1 semaine max et tu sera o courant vu la vitesse de propagation de l'affaire "zouk"
@sahyounique oe:// gt comme une conne a l'entrept des bus la mais mn pre est venue me chercher du coup
@solen58640 oh putain  je serais parti en courant !
@staceykingHouse OUI cela me ferait plaisir tiens moi au courant !!!,bonne journe Stacey KISS
@thuwayba1 sa viendra , bientt tu fera parti des agents 007 tu seras au courant des dossiers chaud , le monde sera diffrent comme Matrix
@timetobeharry bah pourquoi je m'appelle messon  cause de mon pre parce que messon c'est pas courant comme prnom -
@villikukka ok. Je suis toujours la dernire au courant moi!
@vivelesagris @vivre_ailleurs elle existe, c'est juste que les personnes ne sont pas au courant et qu'elle prfre manger du cadavre
@waza34 @saurel2014 ne fera pas la ligne 5 mais trouvera financement pour une gare TGV dclare inutile par les experts & Cour des comptes
@x_Sayu je vous laisse me tenir au courant du coup ! J'ai donn  Rari les dates, comme j'ai dj une amie qui arrive a Paris le 31
@yeezushitz Dis pas d'btises!!!@Benzema aime l'EDF mais il s'met trop d'pression!Avant c 2 penaltys,il en avait jamais loup d'sa carrire!
@yourshailene moi nn plus j'ai ps d'argent et ma mre n'est pas au courant
A 2min prs on loups le rer tout a parce que Rmi voulais passer  la boulangerie prendre du pain
A cause de Pronote, ma mre est plus au courant de mes propres notes que moi
A ce rythme la, tout twitter va savoir qui est mon crush, et le seul qui sera pas au courant, c'est mon crush justement.
A partir du moment o mme mon pere est au courant qu'il a t parler c'est grave quoi
Accident de bus
Accident de tram qui dis mieux ? Mdr
Ah ok en fait mon pre est ingnieur, pq je suis jamais au courant de ce qu'il se passe?
Alexander interprtera Nate dans le thriller "Go With Me", le tournage a commenc il y a peu. Le film sortira au courant de l'anne 2015.
Annonce reue:,Ouverture de notre institut a Sydney,cherchons 2 MK bilingue Anglais courant,Bon salaire logt gratuit. Yuediaz@gmail.com
Appele-moi et je te rejoindrai en courant, n'aie pas peur car je serai la, si cst tout pres ou loin appelle-moi... @SweetGangsta @pncda
Aprs faut mettre ta premire pouse au courant aussi non mais
Aprs j'ai reu des sms de les potes il se foutait de ma gueule parce que j'ai loup le bus les btards
Aprs les cassos qui coutent leur musique de merde  fond dans le tram la mre qui fait couter des comptines  ses gosses.
Arrter de dire qu'on a fait une bonne coupe du monde , la seule nation qu'on est arrive a battre c'est une nation d'horloger .. #EDF #bidon
Attend que je rentre dans l'exa comme toi tu sera meme pas au courant salle putn
Au boulot, ils vont tre obligs de nous couper le courant dans 30min. Je me demande bien ce qu'on va faire aprs sans ordi, ni lumire...
Avec juliette dans le bus on a pas arrt de parler, je suis sur derrire il nous coutait, nos histoires tout a..
Avec mon frre on a teint la lumire puis on a commenc  jouer dans le noir puis j'ai dit " OMD C'EST QUI LUI?" il est parti en courant-
BUS ACCIDENT
Bere au courant manque plus qu'antoine
Blc je sais que tonio il me diras tout juste pour me faire rager donc au final je serais au courant de tout aha
Bon beh mon frre et au courant. Se week-end je suis morte.
Bon demain, j'espre finir mon article sur Burning Peacoks. Je vous tiens au courant. Mais allez faire un tour sur
Bravo l'EDF belle anne , surtout la Coupe du monde ils nous ont fais rver
C'est bien parce que maintenant que je viens de craquer ma mre est au courant que c'est un vrais connard maintenant
C'est la misre. Du coup demain je dois prendre le bus a fait chier
C'est toujours quand tu as un bus dans peu de temps que le train dcide de s'arrter sur les rails. Vous le faites exprs ou?
C'est trop con, mais que ma host me tienne au courant que sa fille a sa premire dent, qu'elle commence  ramper a me touche trop.
C'est vrai que le rer est un train sous terre? #LTPlaiderlaCapitale
Ca m'dpasse les quatrime qui fument a l'arrt de bus mrm en quatrime j'allais m'achter des bonbons a la sortie des cours moi
Ca me fait rire d'apprendre que je trompe mon copain, mme moi je suis pas au courant de ma vie
Ca y est ma mre est au courant
Ce moment o tu montes dans ton bus, il dmarre, et tu reois un sms de ta dlgue disant qu'il n'y a pas cours.
Ce sera la surprise , soit il y a quand mme un bus soit... je vais pas en cours
Ce serait peut tre bien si j'tais au courant des trucs IMPORTANTS
Clem est toujours au courant la premire gnralement
Comment tu gre que tout l'monde te dteste ?  J'tais pas au courant! Mais di c'est l'cas j'm'en contrefiche! ...
Coupure de courant et le wifi a encore saut. Galre a remettre comme d'hab. C'est connu comme pb par @LALIGNEDEFREE ?
Coupure de courant partout sa mre la pute
Courant  quai : NG3 quipe deux ferries de plus chez Color Line | Mer et Marine
Cours dans tous les sens. Si tu trouves quel train partira en 1er tu arrivera + rapidement  destination. C'est le nouveau jeu sur le RER D.
Crois en toi Tu es la solutionLa rponseLa forceLa lumireLe courant,L'nergie Tu sais a?
Dans GTA j'vais arriver derrire les mecs leurs mettre des gros coup de battes de baseball et partir en courant
Demain on doit aller voir MJ avec des potes jusqu' c'soir personne ne connaissait l'horaire et demain on sera peut-tre pas tous au courant
Deux enfants passent devant un panneau"Ralentircole",Tu te rends compte dit l'un,ils ne croient tout de mme pas qu'on vay aller en courant
Devenez membre Hello play! Et restez au courant des dernires nouveauts sur vos playlists.  #helloplay
Donc demain je ngocie ma mre pour pas aller en cours jeudi ou alors je loupe le bus de 9h comme a bah j'y vais pas
Donc quand tu pars aux toilettes dans le train tout le monde est au courant y'a toutes les lumires qui s'allument de chaque ct. Sympa.
Du coup ds les transports je n peux rien couter la 4G c'est un mythe ds les RER #LT et ma petite playlist du phone m fatigue lol
Eh les gars qui rap pas vs tes au courant qe vs devenez aussi rare qe les meufs vierges ?
Elle a ramen son frre sur fb, en face il se casse en courant
Elles sont au courant qu'il y a Jennifer derrire elles?Mdr
En France on va courir derrire le bus tous les jours , elle va dbloquer
En courant vnre Ptdddr elle a dit "cest qui qui vient de frapper? Y'avait 6doigts (au lieu de 6pieds) je vais venir mon enqute j'ai vu #2
En esprant que l'EDF ne sera pas aussi ridicule sur le terrain pendant la Coupe d'Europe que la mascotte ... #MascotteDay
En fait le RER B, si tu cours  ct tu vas plus vite que le lui quoi... #AllDayEveryDay
En plus j'ai repris le tram ! Il tait blind ! Du coup j'ai fait la connaissance d'un vieux lgrement bourr
En plus j'vais  la FCO ce week end en Ouigo, 2h de train pour arriver  Marne la Valle puis 2h dans le RER  ct de noirs qui puent
En sortant de mon bus je trace moi et je regarde toujours derrire moi auyant peur de la faire taper
En vrai mme si on est plus meilleures amies avec Lisa, on sera toujours au courant de toute la vie de l'autre.
Enchapeaute, journe folle, sortie et cours entremls : je profite du RER vide pour lire, me poser, boire mon caf... #TiensBonLaBarre
Enfaite faudrais peut etre que je mette ma mere au courant de mes demarches parceque bon :/
Enfin finis les cours ! Je prend mon bus ma mere me prendra a l'arrt
Entraneur de Nmes en fin de saison dernire, Ren Marsiglia a assur ne pas avoir t au courant de tentatives de corruption des quipe...
Entre la pluie, les contrles, les cours du mardi, j'ai rat mon bus  18h, la tonne de devoirs, ma mre et tout le tralalalala.
Est ce que quelqu'un est au courant d'un ventuel complot des dentistes qui ferait qu'ils sont toujours en retard de 45 min ?
Et dire que #Dassault ne sera jamais au courant des 53 millions en cash, en lisant Le Figaro....
Et un TD rat de plus, merci les accidents de tram et merci ma jambe.
Et voil encore un accident de tram je rendre comment fdp
Faut que je refasse ma playlist pour le train tram.
Fin bon ma mre aurait t au courant, a m'aurait fais moins d'organisation.
France Mobiles : 19/11 - Le Samsung Galaxy Note Edge sera disponible courant dcembre #Android
Free qui nike leur mre aussi  couper la ligne a des honnte citoyen.
Gnralement quand le courant passe bien des la premire conversation a passe tout le temps bien aprs
Il a cru que j'avais sch mais je vois pas comment je serais sortie du collge en courant ha ouais.
Impressionant le nombre de ballon haut rcuprer par l'EDF !! Je crois que c'est le fait de jouer dans le stade Marcelo Bielsa
J'ai attendu 40min le rer pour rien! Parce que tout a coup ils dcide de le faire aller directe a Gare du Nord!
J'ai cout l'album de marysa en rentrant j'tais refais dans le rer b
J'ai dis: "dj je roule en bus,je gre v'la les meufs,alors j'attends de voir quand j'aurais le gamos" On m'a applaudit avec les coudes #LS
J'ai loupe mon bus sa mre.
J'ai mis un coup de coude  une meuf dans le RER sans faire exprs, la pauvre
J'ai raconter une histoire qui m'a traumatis quand j'tais petite  ma mre, elle tait tonne parce qu'elle a jamais etait au courant
J'ai rat mon bus, jvais rat mon train, mon RER puis mon mtro. Je me tte vraiment pour retourner au chaud chez moi et y aller a 12h.
J'ai trop peur de rentrer a pied quand j'ai pas de bus, avec les voitures qui ralentissent et tout j'ai des vieux coup de stress
J'arrive pas  dormir le marchand de sable  loup le dernier rer ou mtro
J'coute plus jamais mon GPS il m'a fait marcher trop loin pour rien, c'tait juste  ct du RER enfaite..
J'espre jv pas louper mon bus mdrrr sinon jdois attendre 1h
J'espre que j'ai pas loup mon bus
J'espre que vous tes dj tous au courant, pas comme moi jusqu' hier. Mais si jamais, a me semblait important  partager #TweetPrcdent
J'suis arrive chez moi j'ai dit  mon pre que j'tais prte pour aller au resto, et il tait pas au courant ct une surprise oops
J'suis la dernire au courant... non. Tu es l'avant dernire. Parce que c'est souvent moi la dernire xD
J'vais louper mon RER de sa faute
J'vais prendre le train a 37 j'arrive a 40 a Fontenay j'espre yaura un bus tout de suite
Jai du courir a 4000 de chez moi jusqu'a mon arret de bus en.2 MINUTES sa mere !
Je cours pour mon train, je cours pour mon bus, qu'est ce que je ferai pas pour voir mon amoureux plus vite
Je m'en souviens on tait dans les couloirs et aprs j'ai crie " Madame Bornic nique ta mre " et on est partie en courant
Je passe ma vie  courir derrire les trams/bus
Je pense que tu te sauverais en courant devant ce black ^^  j'pense aussi mais je serai choquer aussi
Je regard mme pas le match et je suis au courant de tout entre mon pre qui rle et les tweet.
Je sais pas ce qui a fait ca mais toutes les lumires et le courant se sont teint pendant 30 sec et se sont rallum
Je sens bien que je vais devoir courir derrire mon bus.
Je suis juste arriver en retard en cours car mon bus n'est pas pass et mon pere me prive 1mois de sortie? Vous avez le droit de dire miskin
Je suis le 1er a dire qu'en EDF on oublie les clubs,mais pour le coup je trouve a drole  #digne #FRASUE
Je suis seule  l'arrt de bus....ptain j'espre que je l'ai pas loup j'ai un contrle aujourd'hui omg.
Je suis toujours la dernire  tres au courant moi -'
Je suis toujours la dernire au courant dans cette famille
Je suis toujours la dernire au courant!  joyeux anniversaire soso! @SofianeTadjine
Je vais faire a tellement discrtement personne sera au courant
Je voulais faire peur a mon frre, en courant je me suis pris les pieds dans mon chargeur et me suis cass la gueule
JournalDuGeek : "Le Samsung Galaxy Note Edge sera disponible en France courant dcembre"
L'anne dernire j'tais maniaque des pair j'tais au courant de tte les sorti de tt les blaz des pair e tt
La #Vendetta de @jrsexion & @Doomamsslinsomn arrive courant 2015 et sera galement sur @LiveActu_Off !!! #RT
La chine est officiellement la 1re puissance mondiale...qui est au courant?,#Unpeudeculture #Economie #Chine #Lapuissance
La dernire fois j'courais aprs le bus j'ai gliss tellement j'avais honte je suis rest par terre a faire le mort
La moto qui demarre pas, obliger de courir pour choper le 1er RER.... BREF LA JOURNEE COMMENCE BIEN
La vie est un mystre la mort un courant d'air
Laisser dormir de l'argent sur un compte courant va leur coter cher
Laisser dormir de l'argent sur un compte courant va leur coter cher  via @Challenges
Le #Samsung Galaxy Note Edge sera disponible en France courant dcembre  #geek #oui #android
Le #Samsung Galaxy Note Edge sera disponible en France courant dcembre: Comme nous vous l
Le 9109 est supeeeer  la trane du coup avec Bruno on va srement rater le bus de Talma donc nique sa grand mre
Le Galaxy Note Edge avec cran incurv sera disponible en France courant dcembre en noir et blanc #Samsung #Galaxy
Le Journal du Geek : Le Samsung Galaxy Note Edge sera disponible en France courant dcembre #Android #samsung
Le Samsung Galaxy Note Edge sera disponible en France courant ...
Le Samsung Galaxy Note Edge sera disponible en France courant dcembre
Le Samsung Galaxy Note Edge sera disponible en France courant dcembre  #france #french
Le Samsung Galaxy Note Edge sera disponible en France courant dcembre  #geek #tech
Le Samsung Galaxy Note Edge sera disponible en France courant dcembre >> journaldugeek <<
Le Samsung Galaxy Note Edge sera disponible en France courant dcembre: Comme nous vous l...  - LeJournal du #Geek
Le blaireau de derrire en amphi il est au courant que j'entend tout ce qu'il dit ?
Le corps en arrire et sa part dans les tribunes.,#FRASUE #EDF #Benzema
Le vrai Nazisme "est le seul courant intellectuel  avoir fait des pet.ts" il ne joue pas avec photoshopeur @accident @MrsDarcy119
Les chauffeur de bus  gre il conduisent vraiment comme de la merde.. La preuve il vient de dfoncer la 205 qui dbotait #fdp #Accident
Les chauffeurs de bus ils aiment trop freiner d'un coup sec on dirait il joue a un jeu qui en fera tomber le plus
Les djos qui font des accidents sur les rails de tram.. Bon..
Les gens qui collent tout leurs gros corps sur les barres du RER, allez mourir. Vraiment.
Les horaire de mon bus train et RER sont trop rapprocher faut Jcour
MDDDDDDR mais ma mre elle tait malade j'tais mme pas au courant moi
MDDDDRR tt a l'h on courait pour avoir le tram mdr et la j'ai tracer Paulo aprs il a dis "a la salope" mdr il acclrer
Ma gm elle veut que je lui envoie le journal ou y a ma mre alors que je suis mme pas au courant qu'elle est dans un journal.
Ma jeunesse  la couleur des trains. RER C pendant le trajet j'rvais de percer
Ma mre : " Chez les Pilette tu te laisses pas servir hein ? Tu aides. " Elle a pas l'air au courant que je vais jouer les cendrillon
Ma mre elle vient de rentrer elle a fait 1h30 de route pour emmener mon frre en cours il peut pas prendre le bus lui aussi
Ma mre elle vient me dire quoi ; t'es colle 3h mercredi prochain. Perso j'tais mme pas au courant
Ma mre qui rentre dans ma chambre limite en courant et en allumant la lumire a relevait de l'interdiction absolue
Ma mre veux tjrs tre au courant de tt c fou
Ma mre vient d'avouer qu'il y avait une possibilit qu'elle ait un copain, quelqu'un lui dit que je suis au courant depuis plusieurs mois?
Ma prof d'SVT elle calle des contrle j'tais mme pas au courant frre
Ma soeur elle parlais de theo et ma mre elle a dit " Theo courant que..." J'parle mme pas
Mais les critres de miss France c'est pas cens tre des critres de post bad vous tiez au courant ?
Mais ma mre n'est jamais au courant quand elle vient.. Je lui fait la surprise quand elle arrive..
Marie a plus de courant, la premire chose qui la proccupe c'est qu'est ce qu'elle va faire de tout le poulet qu'elle a dans son congel
Mdr ma petite soeur tait parti au toilette, d'un coup elle revient en courant et elle dit  ma mre et moi quelle avait vue une araigne.
Mdr ptn Sarah elle nous tient au courant de toute l'actu McDo j'sais pas pq elle taff pas encore la bas y serait dj riche !
Mm est au courant Et ce sera la seule les filles le sauront le dernier jour
Mme @eurogamer est au courant des neries de Mlenchon #ACUnity
Mme si j'ai le cancer personne sera au courant .
Mon bus il a fais un accident
Mon frr il ma fait trop rire la vie ,aprs que Lna soit parti il ma dit "heu t'es au courant que j'suis ps un taxi" msk il allait chercher-
Mon frre est vraiment au courant de rien
Mon ipod qui se met  jouer uita dans le tram je dis non. a fait quatre ou cinq mois que j'ai pas du l'couter sa mre
Mon pre i m'saoule toutes les 30secs il m'dit "dpche toi tva louper ton bus" il croit trop jvais partir 3h avant aussi
Mon pre qui me reveille a 6h30 : "Vas en cours en bus aujourd'hui, j'ai besoin de ta moto" Euhh kfs
Mon pre y rentre et il nous dit "ah bh j'ai acheter une voiture tal heure" d'accord papa personne tait au courant mais bon
Mon pre"Je suis pas au courant de ses notes" Taggle ptn, je te les dit tous
N'empche l'anne dernire a aurait t les deux premires au courant et la elles le sont mme pas
Nagez  contre courant si ncessaire, a vous fera des paules solides
Neige -> Pas de Bus -> Pas cours,J'espre qu'il va neiger!
Nicolas Sarkozy sera mercredi  l' Assemble nationale pour un djeuner avec JP. Raffarin et du courant humaniste...
Nmes : Marsiglia n'tait pas au courant: Entraneur de Nmes en fin de saison dernire, Ren Marsigli...  #sports
Non mais le stresser de la vie, il appel ma sur tout les jours, c'est bon quand elle va accoucher on sera les 1er au courant !
Non non non putain ta mere voila toujour 15 metre avant juv il va lentement apres je loupe mon bus Bah nique bien ton chien -"
On a eu un accident de bus, mdr.
Ouin, ben c'est ordinaire pas de courant quand il fait frette :( ca doit tre rendu  18 ou 17c :O Hydro sont reparti, j'espre qui revienne
Padam padam padam il arrive en courant derrire moi, padam padam padam il me fait le coup du souviens toi.
Pour ceux qui ne serais pas au courant. Nous sommes bien arrivs en Bolivie. Et nous allons bien :)
Pour te tenir au courant des dernires news,podcasts,photos,vidos du RexClub inscrits toi  la newsletter !
Priv de courant depuis maintenant 9 heures. On profite des WiFi des brleries et on se rchauffe avec du caf
Ptdddr toute a l'heur mon frre y la couru pour prendre le bus y la louper moi j'tais assise bien miskine lui
Ptn Lucas digne qui va prendre Vla cher bas couter demander  Jrmy Morel d'tre plus fort et il sera en edf -"
Putain je fais exprs de louper le bus et ma tante m'amne ai bahut sa mre
Putain que ca me vnre de rater le train de 2 min a cause d'un tram qui a la charrette !
Putain taleur ds le rer les portes des tourniquets elle ont fais claques sur moi tellement j'ai forcer .. J'ai mal au coude
Quand tu cours derrire le bus en esprant l'avoir ...
Quand tu te lve en retard tu galre a te prparer, tu cours pour pas loup ton bus mais au final, ton putain de prof n'est pas l
Quel scandale! Laisser dormir de l'#argent sur un compte courant va leur coter cher,  via
RER D : dans les coulisses de l'info - Le Parisien - RER D : dans les coulisses de l'info Le Parisien La ligne D d...
RER a 8:43, je suis arrive a 41. Merci le train en retard
RERD: dans les coulisses de l'info
RT @0cii: @Chloe_500 @anthony_LPDLA2 @raphou77 @Florent_re_off bah coute, t'as manqu, je te tiens au courant :D
RT @ASuicidalBoy: Laisse le courant et la mer t'emporter au loin. Loin de ce monde de fous. Loin de cette vie.
RT @AdrienRicciardi: @Serena2b2b Vincent cassel la vie d'ma mre j'le croise dans cet tat j'pars en courant
RT @AlexMeli777: @LeMarquis1er @tricia_prada @FabriceFoguem6 Moi quoi ?? Je n'ai rien vu. " I... I don't know them oooh " *Johnny voice* *passe en courant*
RT @Alex_Vle: J'ai cout l'album de marysa en rentrant j'tais refais dans le rer b
RT @Alxc92: J'ai mis un coup de coude  une meuf dans le RER sans faire exprs, la pauvre
RT @AnneSophiiieeee: et hier j'ai du courir pour avoir mon bus, premire fois d'ma vie
RT @Arnault007: @ingdirectfrance bonjour, virement fait samedi de ma bank vers compte courant Ing. Pris en compte lundi mais tjrs rien sur Ing... Pourquoi ?
RT @Ayoub_Rbh: Donc ma grand mere etait au courant ? #LRT
RT @Azpi93: Quand tu cours derrire le bus en esprant l'avoir ...
RT @Basttt_: Mon pre qui me reveille a 6h30 : "Vas en cours en bus aujourd'hui, j'ai besoin de ta moto" Euhh kfs
RT @CIaudeFrancois: RE JE SUIS LA, DSOL DU RETARD J'AVAIS UNE PETITE COUPURE DE COURANT
RT @CandiceeBaby: Eh les gars qui rap pas vs tes au courant qe vs devenez aussi rare qe les meufs vierges ?
RT @CeQuonVousCache: Le scandale est devenu courant -
RT @ClarinetteRiva: Padam padam padam il arrive en courant derrire moi, padam padam padam il me fait le coup du souviens toi.
RT @Conducteur_RER: Les gens qui jtent leur poussette pour bloquer les portes du train afin de monter, qui sont-ils? Quels sont leurs rseaux?
RT @CrezipDoo: En esprant que l'EDF ne sera pas aussi ridicule sur le terrain pendant la Coupe d'Europe que la mascotte ... #MascotteDay
RT @DEBlLE: pk a critique d'tienne dans ma tl alors que c'est vraiment une reinevous n'avez jamais connu le coup de la bire dans le bus,a se voit
RT @DEREYMONDmichel: @waza34 @saurel2014 ne fera pas la ligne 5 mais trouvera financement pour une gare TGV dclare inutile par les experts & Cour des comptes
RT @DamienPRIVAT: Je sais pas ce qui a fait ca mais toutes les lumires et le courant se sont teint pendant 30 sec et se sont rallum
RT @FederationGAMS: Votez pour permettre  FDFA de gagner le 1er prix pour leur ligne d'coute Violences femmes handicapes RT apprci,
RT @Florxnt: le chauffeur a ralentit parce qu'une beurette travers,j'lui ai dit c'est orange tu peut passer. tt l'monde m'a applaudi j'ai conduis le bus
RT @Francky_lachips: Les chauffeur de bus  gre il conduisent vraiment comme de la merde.. La preuve il vient de dfoncer la 205 qui dbotait #fdp #Accident
RT @GuillaumeG516: #Samsung Le Samsung Galaxy Note Edge sera disponible en France courant ... - Le Journal du Geek
RT @Ichou_Sarah: @Mehdi93700 en retard (1ere fois de l'anne donc pardonn)parce que "sarah le bus devant moi a fait un accident jte jure j'tais a l'heure"
RT @ImTysonEnRage: bonjour a tous, je vous re-partage ma vido d'hier soir pour ceux qui ne seraient pas au courant:
RT @InMyWorldOf: Souvent, je rve  un accident. De voiture, de bus, de train, peu importe. Du moment que cela me tue.
RT @Infos_RATP: Relement on fait pas grve ya juste une Grosse partouze de prvu avec les collgues mardi du coup pour les RER vous allez vous faire encul
RT @JaniceBaka: Mdrr les gens qui mettent "j'cours deja pas apres mon bus... "ta mere elle va arriver en babouche on va voir si tu cours pas apres ton bus.
RT @Jason_kazola: #ASarcelles tu as 2 gares. Une gare propre avec de beaux trains (ligne H) et une autre gare remplit de pakpak avec des vieux trains (RER D).
RT @JeremieMls: Je prfre Kayak ptddddr quand t'es dans le sens du courant a avance tout seul tandis que quand tu cours pa ni zaf dans le sens du vent
RT @JeuneAthena: @pignoncham Vous n'tes pas au courant de tout ce que j'ai reu. Pas que des insultes.
RT @JournalDuGeek: Le Samsung Galaxy Note Edge sera disponible en France courant dcembre
RT @JulesChiron: Ptn Lucas digne qui va prendre Vla cher bas couter demander  Jrmy Morel d'tre plus fort et il sera en edf -"
RT @Karimacharni: Je suis toujours la dernire au courant!  joyeux anniversaire soso! @SofianeTadjine
RT @KassimCorsaire: Kan vous faites vos dlires en scret pers n'est au courant mais kan ca va mal vous venez crier ici "les hommes sont tous pareils"
RT @LaManifPourTous: .@albdmt : on dirait que @carolinemecary n'est pas au courant que des agences trangres font commerce de la GPA !
RT @Lcllcbchn: @JulesAzzz roh bah Jules tu gres pas tout le monde est au courant
RT @Leesko91: Mtn faire des story qui parle de cul sur twitter c devenu courant bientot sa sera plus twitter mais twittporn #Veridique
RT @Lena_Parc: @BertilleFtn C'est toute ma vie Oo IL M'A FRL LE DOS TOUT  L'HEURE  LA SORTIE DES COURS J'ATTENDAIS MON BUS IL EST PASS DERRIRE OIM
RT @LudovickFsn: "@Miich_Ou: @DannouNew Mdrrr Messi frangin tu seras au courant"  *apparition furtive !*
RT @M_Marley_Messi: Ma mre : " Chez les Pilette tu te laisses pas servir hein ? Tu aides. " Elle a pas l'air au courant que je vais jouer les cendrillon
RT @MathildeHugny_: Sa fais 2 mercredis de suite que je loupe le bus j'espre pas loup celui la
RT @MzlChloe: Toute ma vie je cours derrire une chose que je pourrai jamais avoir ... le bus
RT @Narbiix_: Ma soeur elle parlais de theo et ma mre elle a dit " Theo courant que..." J'parle mme pas
RT @NeoPetrodollars: La #Vendetta de @jrsexion & @Doomamsslinsomn arrive courant 2015 et sera galement sur @LiveActu_Off !!! #RT
RT @Ninoo_ChoKo: enfin je repars en cours..je voulais juste vous dire de faire attention avec vos mots une bastille est si vite arrive dans un RER :p biZ
RT @OcaneBourgeois2: Y'a un mec dans mon bus qui a dit "faut pas traiter les mres espce de fils de putz!" euh dit moi, il est con ou il est con?
RT @Ocefer: Elles sont au courant qu'il y a Jennifer derrire elles?Mdr
RT @Ophelie_lpc: @_AccioWeasley_ encore on serait alls voir Hunger Games j'y serais alle en courant mdr mais l
RT @Oussama_Elfatmi: Partie 17 : toujours  la recherche de l'autre garon , la mre et le pre au courant dcide de l'envoyer au bled , il lui prenne un billet
RT @Petroblaaah: @rachid_benaissa bientt l'humanit sera au courant ptdrrrr
RT @Phrases_vie: Le pauvre fils d'Usain Bolt Il ne pourra mme pas essayer de s'enfuir en courant quand son pre verra qu'il a fait une btise.
RT @QltureConfiture: a a l'air d'nerver mon voisin dans le RER que je ne le laisse pas prendre toute la place avec ses coudes haha mec vtff
RT @RCPEM: le courant passe entre les garderies non subventionnes et la ministre de la famille? Demain ce sera NOTRE argent!
RT @RER_B: @fratwoman profites-en pour couter a ;-)  @CecileTouquet
RT @Salomerainbow: Et dire que #Dassault ne sera jamais au courant des 53 millions en cash, en lisant Le Figaro....
RT @Siphano: Fukano  annoncer que tu ferais partie de la prochaine vido sur MK8. Vrai ou pas...  Je ne suis pas au courant x)
RT @SirvenV: Nicolas Sarkozy sera mercredi  l' Assemble nationale pour un djeuner avec JP. Raffarin et du courant humaniste...
RT @Sterenn_m: Marie a plus de courant, la premire chose qui la proccupe c'est qu'est ce qu'elle va faire de tout le poulet qu'elle a dans son congel
RT @ThomasCabrera6: Neige -> Pas de Bus -> Pas cours,J'espre qu'il va neiger!
RT @TotalementTom: Bon bref tous les enfants de 10 ans sont maintenant bien au courant que les roms sont des batards. Merci le 1er youtuber de France.
RT @Zack_Nani: En plus j'vais  la FCO ce week end en Ouigo, 2h de train pour arriver  Marne la Valle puis 2h dans le RER  ct de noirs qui puent
RT @ZeUnrecognized:  12  Le jour o tu verras les croyants et les croyantes, leur lumire courant devant eux et  leur droite; [] Sourate 57. Al-Hadid
RT @ZouuBah: Free qui nike leur mre aussi  couper la ligne a des honnte citoyen.
RT @_AkilaL: Je passe ma vie  courir derrire les trams/bus
RT @_M_a_n_o_n_: @LMNYLAS @Vaachette,.on est de celles qui partent se cacher en courant derrire un mur quand on voit qq
RT @_PaulinePtzk: #TuViensDAlsaceSi tu partais en courant quand ta mre ou ta grand mre sortait le kochlefel
RT @__Clarou: Avec juliette dans le bus on a pas arrt de parler, je suis sur derrire il nous coutait, nos histoires tout a..
RT @__Mecenor: Mme si j'ai le cancer personne sera au courant .
RT @aandreww76: Coupure de courant partout sa mre la pute
RT @aymrcb: le chauffeur a ralentit parce qu'une beurette travers,j'lui ai dit c'est orange tu peut passer. tt l'monde m'a applaudi j'ai conduis le bus
RT @babylooch78: @Alexia_zou @AdelineLGM non mais pir je suis toujours la dernire au courant ou  comprendre mdr
RT @biebz26: @JustiinB_info @BoileauMarine j ai rammen trois pers tu me tiens au courant hein ?
RT @cyriljarnias: Quel scandale! Laisser dormir de l'#argent sur un compte courant va leur coter cher,  via
RT @dressinggirly: @IllusoirementV t'es au courant que Topshop ouvre ses portes chez nous le 28 novembre? Tu sais o il sera?
RT @engie_maz: yoooo jcomprends pas comment vos parents remarque pas!! ma mere fait une inspection de mon corps kan je rentre
RT @fred_infogreen: Crois en toi Tu es la solutionLa rponseLa forceLa lumireLe courant,L'nergie Tu sais a?
RT @helloplaybelgiq: Devenez membre Hello play! Et restez au courant des dernires nouveauts sur vos playlists.  #helloplay
RT @iamraysek1: @EntoureP il va acheter un appartement que vous ne serez mme pas au courant ! Mdr
RT @inesamie17: MDDDDRR tt a l'h on courait pour avoir le tram mdr et la j'ai tracer Paulo aprs il a dis "a la salope" mdr il acclrer
RT @kenzzzzaaa: @Laloux7 ma mre ete pas au courant , quand elle c'est aperu que c'tait un vrai , elle me l'as pris et l'a jeter ... :(
RT @lionelboverie: @QueensChristine es-tu au courant que @TalOfficial ai chant "Here" au Zenith de Paris ? :)  C'est norme !! :)
RT @loiseaualexandr: @nathouille1002 oh non j'espre pas pour lui :'( ta raison faut essayer de positiver. Tu me tiens au courant en attendant jpense fort a vous
RT @m_oualid: Le Samsung Galaxy Note Edge sera disponible en France courant dcembre
RT @mackaisly: c'est dingue cmt la beuh sent fort y a des gars a mon arrt de bus ils sentaient et du coup j'empeste moi aussi ma mre voulait mtuer
RT @manuella4273: Bon ben l'anne prochaine je ferais bien la #NoFinishLine  #Monaco, en courant bien sr... cc @MdameNinie
RT @marinaaqrd: La musique de l'enseinte s' arrtte...Kenny: "ptn ya une coupure de courant"Moi: "Mais tes con y'as la lumire",On s' tape des barres
RT @mvrgavx_dv: j'vous raconte en temps rels les trucs si vous voulez mdr ma mre est au courant de tout
RT @ninaastorri: @carlamaitre @Jehanegnr mdrrrr jcroiis que la terre entire est au courant que Jehane elle enlve ses bagues
RT @philippeherlin: Laisser dormir de l'argent sur un compte courant va leur coter cher (Challenges) La spoliation commence
RT @pictanews: #Mtro : la ligne B a repris, la ligne A toujours coupe  (@lyoncap)
RT @samirbellik: Le Samsung Galaxy Note Edge sera disponible en France courant dcembre
RT @societealacon: tout pour tout le monde. :) mais je vous tiendrez au courant quand a sera envoyer!
RT @sool_c: Elle a deux copines, les deux sont dans sa classe sans que personne soit au courant. Ta gerer, mais t'es une pute, mais t'as gerer.
RT @tchagui_: Mais les critres de miss France c'est pas cens tre des critres de post bad vous tiez au courant ?
RT @vbenard: #LT (..) et mme quand la techno sera rpare, ce sera un chec conomique cuisant. Contribuables  vos poches !
RT @vickyirenebcl: @maximesylar20  tu seras au courant bientt
RT @weedxfmalik: hier mon petit frre il m'a demander de me retourner et il a viser mon oeil avec un lastique puis il c barrer en courant ce fdp j'ai eu mal
RT @younasri: Impressionant le nombre de ballon haut rcuprer par l'EDF !! Je crois que c'est le fait de jouer dans le stade Marcelo Bielsa
Ren Marsiglia affirme qu'il n'est pas au courant que si on lui avait dit,il aurait dit non
Sa fais 2 mercredis de suite que je loupe le bus j'espre pas loup celui la
Shy'm et sa tenue faut arrter, Ariana on lui dit rien Shy'm tout l'monde est au courant la pauvre mdr
Si tu dis un truc  Solene et qu'elle le dit  Elodie toute la terre sera au courant ces 2 meufs la.. mh !
Si vous n'tes pas au courant, bha dcouvrez moi, si vous avez une avis; n'hsitez pas  cliquer sur le follow et tu seras dans mon clan.
Systmes mto seront actifs demain selon carte du courant jet. En #Sask, ce sera frais mais sans prcipitation #rcsk
TechNext: Le Samsung Galaxy Note Edge sera disponible en France courant dcembre
Tiens, un 1er Ministre qui fait un communiqu de presse pour le dcs d'un ancien dirigeant de la FEB, courant ou novateur?
TokySweets: Appele-moi et je te rejoindrai en courant, n'aie pas peur car je serai la, si cst tout pres ou loin appelle-moi...
Tout  l'heure dans le bus un mec c'est endormi et du coup il a rat son arrt, j'avoue je voulais rire.
Toute l'quipe au boulot, nous vous placerons des images au courant de la journe. Ce sera magnifique ...
Toute ma vie je cours derrire une chose que je pourrai jamais avoir ... le bus
Trafic normal sur l'ensemble des ligne de RER
Tu sers a rien enfaite je sais pas si t'es au courant .
Un an que je crois qu'un gars et une fille dans mon bus sont frre et sur mais en fait ils sont en couple
Va falloir que je dpoussire mon blog et ma page FB pour vous tenir au courant de mes prjets
Venez on traite la mere des chauffeurs de bus
Vivement que jr passe mon permis pcq les galres bus/train la stooooop
Voir tous les gens courir vers le tram de la correspondance  l'arrt pour pas le rater, alors que je le prends en marchant tranquillou
Votez (gratuit) pour permettre  FDFA de gagner le 1er prix pour leur ligne d'coute Violences femmes handicapes,
Votez pour permettre  FDFA de gagner le 1er prix pour leur ligne d'coute Violences femmes handicapes RT apprci,
Votez pour permettre  FDFA de gagner le 1er prix pour leur ligne d'coute Violences femmes handicapes Vote et
Vous dites bonjour aux usagers des bus/mtro/train/tram/ter que vous prenez ? Ben c'est la mme chose.
Wesh le RER un coup il dit 3mn apres 2mn apres 4mn apres 1mn apres 3mn wesh ntm et viens n'
Y a des gens qui ont des entorces pour des bonnes raisons puis ta moi qui c'est fait une entorce en courant pour tre la premire au wc
Y a une coupure de courant dans mon quartier. Pas de lumire = pas de devoir, pas d'lectricit = pas de wifi, vie de merde voil
Y'a eu un accident je suis bloqu dans le bus depuis une demi heure au mme endroit...
Y'a un mec dans mon bus qui a dit "faut pas traiter les mres espce de fils de putz!" euh dit moi, il est con ou il est con?
Ya t'il un message derrire ceci? Mon cher Jackson baise moi veut dire en franais courant Nike me a toi de voir#Got7
a a l'air d'nerver mon voisin dans le RER que je ne le laisse pas prendre toute la place avec ses coudes haha mec vtff
a m'fait rire les polmiques autour des matchs truqus en L2,  croire personne tait au courant
a serait cool que mon bus arrive un jour, histoire que je loupe pas mon train
a y est tout ventadour est au courant que ils ont eu ma mre en prof de maths du coup ils viennent tous me parler -'
aujourd'hui j'ai dormi dans le bus et dans le hall et  la fin de mon cours d'ap et pendant le franais et re dans le bus
bon sinon demain jvais en cours pour 15 min ptn prendre le rer juste pour a a me pte les cailles SI VOUS SAVIEZ ALALA
bonjour a tous, je vous re-partage ma vido d'hier soir pour ceux qui ne seraient pas au courant:
comment a cette coupure de courant a t'elle os arrter #palmaviolets !!!!
cot les nouveaux rer c'est de la rigolade xD dommage que les trains ne m'arrangerait pas sinon jles prendrais tous les jours...
demain j'aurais pu prendre le bus mais du coup j'pref que ma mre m'emmne
demain les conducteurs de bus et tt ils font une grve alr j'fais a ma mre "jv ps en cours" et elle me dit "jss ps d'accord" bon
enfin je repars en cours..je voulais juste vous dire de faire attention avec vos mots une bastille est si vite arrive dans un RER :p biZ
et en fait j'avais pas cours lol alors que j'ai couru pour avoir un bus relais, vdm, une blague ma vie
et hier j'ai du courir pour avoir mon bus, premire fois d'ma vie
hier mon petit frre il m'a demander de me retourner et il a viser mon oeil avec un lastique puis il c barrer en courant ce fdp j'ai eu mal
j'ai cru j'allais louper le bus sa mre mdr et finalement j'ai deux min d'avance
j'aime bien tre au courant en dernire de ce qui me concerne...
j'arrive en cours, premire heures j'ai un DS alors que j'tait mme pas au courant
j'espre j'vai pas louper mon bus a 9h
j'regarde le match et j'dois tenir mon frre au courant
j'suis tellement une meuf gentille, que y'avait un portable abandonn dans le bus, que j'ai appel la personne, pour qu'il le rcupre
j'vous raconte en temps rels les trucs si vous voulez mdr ma mre est au courant de tout
je prie pour que demain le seul bus soit a genre 9h comme a j'loupe la premire heure
le courant passe entre les garderies non subventionnes et la ministre de la famille? Demain ce sera NOTRE argent!
les couples moche qui s'embrassent h24 arrter surtout dans le tram putain
ma jeunesse a la couleur des trains, RER D
ma mre a pas mit son rveil du coup j'ai loup mon bus. elle m'amne.
ma mre elle est parti  son travail sans pression j'tais mme pas au courant moi
maigan le coran elle fou l'cafard la vie d'ma mere asi voila mtn on va loup l'bus ptn !
mdr les gens qui disent qu'il faut rintgrer Luzenac en L2 vous tes au courant qu'ils ont une quipe au niveau DHR maintenant ou pas ?
mon alarme qui sonne depuis 10min j'arrive pas a l'arrter jss solo comme d'hab y'a tous les voisins qui sont venu en courant c'est la merde
mon pre, mon grand-pre et mon grand-oncle font joujou avec le courant depuis tout  l'heure. la wifi s'est coupe pendant 30min.
on sortait de la salle, et la prof ns a dit de revenir et Elo elle penche la tte en arrire, elle regarde la prof et se barre en courant
pk a critique d'tienne dans ma tl alors que c'est vraiment une reinevous n'avez jamais connu le coup de la bire dans le bus,a se voit
ptn j'me suis rveiller a 7h10 mon rveille a pas sonner du coup j'ai rater mon bus mais c ma mre qui ma m'emmener
qd il y a des changements ds la vie de tes potes, et que t'es la dernire au courant <<<<<<<<<<<
tout pour tout le monde. :) mais je vous tiendrez au courant quand a sera envoyer!
tre autoriser a scher le contrle de maths pcq j'ai louper mon bus et ma mre a la flemme de m emmener
trop mignonne elle est venue me rcup au bus pcq ma mre pouvait pas
tu me gche plus la vie qu'autre choses alors si tu pouvais courir jusqu'au moment ou tu te fais craser pas un bus ca serait parfait
