" Cest ainsi que nous avanons, barques luttant contre un courant qui nous rejette sans cesse vers le pass. "
"@justdizle: L'autre soir en boite, 1 go me drague c'est mort, elle se vner et me griffe puis part en courant...",Hahaha t'es nulleuuu
"En plus je te plais donc voil" ah ouais mdr? J'tais pas au courant frre
"Je rve d'un courant d'air, d'un espace clos avec vue sur la mer."
"Je te drange" "euh non je suis dans le RER" "j'espre que a va pas couper alors" "j'espre aussi" xD
"Oh andra tu es en retard ??" nn nn je cours derrire le bus pcq j'adore ca
#Bangladesh: 24 morts dans un accident dautobus. #AA
#LT J'en refais un ce soir, je vous tiens au courant pour l'heure!,Et pour l'occasion je mettrai ma grenouillre licorne ahah!!
#Marseille trafic bus peu perturb par la grve, on a le temps de boire un caf au bar avant d'aller au taf
**** INFOS TRAFIC **** Le tram circule uniquement entre Les Vergnes et 1er Mai puis entre Gaillard et La Pardieu
*dans un cimetire* - Vous cherchez quelqu'un ? *se barre en courant une pelle  la main*,#DecrisTaPremireFois
, restez au courant des dernires mises  jour du dveloppement du jeu @ProjectArendt. #Steampunk, #MMO, #RPG, #FPS
.@slibre2 Le lancement de Dragon est prvu  16h33 HE ce lundi et il sera possible de le suivre sur NASA TV, nous vous tiendrons au courant!
12% pas de courant . J'vais m'apprter et aller  Angr . J'espre que y'a du courant chez piphanie
@Alicia_11111 dont une qui sait, une qui est possiblement au courant et une autre qui s'est tap un fou rire.
@Anaays_F @chloechbouub @Lautiste_ Tu serais pas parti en courant dans le champs aussi
@Antoinedroid @Giyomu Mais quand je prend le RER, j'coute que des podcast car c'est impossible de streamer quelque chose ^^'
@Auwwd ton bus ralentit le mien
@BFMTV il va y avoir plein d accident ..bus electrique _silencieux _danger pietons
@BIsaac_B abon mais c'est super j'aurais besoins de toi je te tiens au courant ce week end pour mes petits frres
@Bacchiddu en effet, je comprends, nul doute que votre prochain mobile sera plus efficace sur ce point. Tenez-nous au courant lorsque 1/2
@Beautiful_Law elle tait seule sur le trajet de l'cole. J'espre au fond de moi que les parents ne sont pas au courant, sinon c'est pire..
@BeneSebag je l espre pour toi tiens moi au courant a m intresse :)
@Benma1708 Mdr, j'serais en sous-poids j'serais au courant hein, pas besoin de m'engraisser! Fin si...
@Camille_2L tiens nous au courant, j'espre qu'il ira mieux au rveil :) Et bonne nuit du coup :)
@CarolineB5 @JeromeHourdeaux - Phnomne courant. Mais rare qu'autant de monde assiste au spectacle (GEIPAN)
@CarolineRenard bonsoir, reprise du trafic demain matin ds 05h12. Des bus relais sont actuellement en place. Bonne soire.
@CeliaCelia57 aprs la disquette que jai mis  la caissire "oh celia ya pas mon pull la bas ? " et in s'est pt en courant
@CeliaCelia57et quand une meuf elle est sortit elle nous  dit "ouais je serai vous je serai parti e courant pcq la caissire elle  grill"
@ChloeGrsr j'espre pas jsuis pas au courant
@ChristianRPGUAO - Reviens vers toi en courant - bref j'avais pas finit de t'embeter
@ClarisseMouaaq je suis au courant merci, jusqu'au spectacle on va rire pendant notre partie c'est oblig
@Coeurdange_ en vrai ce serait grave darre  je te tient au courant quand mes parents seront sre d'o aller Bebe
@Conducteur_RER belle photo mais quand mme fais gaffe si le train redmarre tout seul!
@Conducteur_RER en effet, y'a le temps ! Mais c'est un projet en cours depuis longtemps ! @Ch_Josserand @aliaslu
@CyborgFR Mdr t'es au courant que le 1er Avril c'est passer bref comme dirait Mattsu ta co est pas faite pour COD.
@Cyrilhanouna je sais pas mais quand @gillesverdez aura fini son enqute sur les "trains RER fantmes le W-E" il pourrait enquter non ?
@D_Bere83 @New_Way_83 Moi je suis triste en tout cas j'tais pas au courant !
@DarwaGR @Unity_League on se tiens au courant vers 22h on est en D2 aussi
@Dependtoyou tu vas perdre ta vie mon gamin, si tu continues comme a, t'es au courant j'espre?
@Dinouche4 tu seras la premire au courant si c'est valid. ...
@Dmnds_fvck Whaaaat? Linda????? tu as desac? Quand? Prquoi je suis jamais au courant des choses ici? Tjrs la dernire informe?
@DumontMary Bh c pas la premire fois que tu tweet avec moi en ce moment c'est courant
@EMettouchi Cest clair je pense que la terre entire est au courant mme
@F_Desouche Si les tudiants ne passaient pas leurs soires  se torcher la gueule, a serait peut-tre moins courant
@FouinyBaby973 ta mre est au courant que tu parle mal ? non mais la sa vas plus
@FreeSpirit_Y il me tient au courant d'ici demain mais bon j'suis sre jvais finir par pas pouvoir venir a pue grave :(
@Fulguris49 Mec j'ai cogn un gars plus grand que moi aprs je me suis tir en courant vers la sortie du collge
@GautierPOZO ca serait top :) tiens moi au courant!
@Homayra_13 ma parole t'es une reporteurs sans frontires on est au courant de tout avec toi
@JacquereDimitri ok merci De toute manire vous nous tiendrez au courant s'imagine ?
@JessicaFreetzz eh baah ! Des "Expriences" hein ? Mon frre est il au courant de cela ?
@JiCLajoie le Jean-Marc Parent du sport..le gars du peuple..mme combat.a contre-courant..lche pas de rver JC..on va tre l.#JCenSeries
@JoyceDumazert hahaha t'inquite, a me fait plaisir que mon histoire fasse rire qq, jte tiens au courant de la suite du roman
@JuCarnon @NawakP (ah bon j'tais pas au courant *rire diabolique*)
@JulianDeBruyne oki je te tiens au courant, j aurai peut tre besoin d une bannire mais j attend de connatre les dimensions
@KEVINOLESTAT j'ai kiff quand y'a pas le courant elle gere et elle se deplace en taxi quoi oklm
@KendjiFan d'accord tiens moi au courant :) je suis  2h30 de Paris donc :) ce serai l'occasion de se voir!
@LivenationFR bonjour tes vous au courant que cette semaine les 50 premires personnes ayant achetes une place de concert pour jacob-
@LivenationFR bonjour tes vous au courant que cette semaine les 50 premires personnes ayant achets une place de concert pour jacob-
@Lolita_Abr bisous mini ct de porc, et j'ai pas loup le bus langue de vipre
@Louisegsn est ce que toi ils ont appeller a mere ou elle est pas courant ?
@MLP_officiel JMLP sera convoqu  une commission disciplinaire.Elle est au courant qu'elle parle de son pre et non de son lve?,#MLPTF1
@Ma2mwaZelleMoni @ouii_NL @jenteamnad @LITTLE_DEMOON @ouiiiiii_nadege Oui jss d'ac avec @Ma2mwaZelleMoni tiens ns au courant a serait cool
@Maariebeckeer @malgarotti @FlorianLecorney y a moyen d'arrter de faire les bails en scred et mettre au courant tout le monde ?
@MagninEmma Non pas encore mais ds que je saurais, vous serez au courant :)
@Makimeh bieeeen et toi? a va Paris tranquille? Oui carrment, car la dernire Anais m'a dit que t'tais venu mais j'tais pas au courant..
@MelanieDobbel bah ouais bande de chail , mme j'avais fais du bloc a ma grand mre au socio en courant , j'avais jamais couru aussi vite
@Member_K bordel de merde lol beh vasy j'te tiendrai au courant quand je rentre quand mme on sais jamais s'ils nous re-tue une seconde fois
@Menard23Menard Le pauvre type chtif, pleurnichard et peureux qui se barrera en courant ds que a va pter ! L'antithse du courage.
@MiladyMimolette je te tiens au courant selon le nombre de rponses. Pour l'instant c'est lger. Ils n'aiment pas trinquer je crois...
@Milena_Rsnn ok je finis les cours  12h30 et je suis pas loin du rer A l o j'ai cours
@MisterEnzor Dac, merci. Toute faon, je pense qu'on sera vite au courant de tour a ... :/
@Moh3R2 une fille au pre @la_wifi ? @AlexdBonaparte @PxrleMoiPas pas sr que baba soit au courant que fifille est facho..
@MonsieurBenks @BoostInLyon Bil7 rentrera en septembre, l'appel  candidature sera courant mai pour une slection en juin / juillet.
@MytrinhB PK JSUIS TJR LA DERNIRE AU COURANT
@NicoRPGUAO -fronce les sourcils- mais a ferai quoi si les omegas etaient au courant?
@OPalmerio bon je vais voir de toute manire je te tiens au courant !
@Oli_Yaz mais vous serez surement au courant, j'aurais parl de mon vomi quotidien avant
@OumarMall76 jte tien au courant frre
@PRISOYVES si je me prpare pour aller dormir on se tient au courant demain mon pre
@PaulineLegras Vas-y craque, personne ne sera au courant, je garde le secret pour moi :)
@PaulineMgn on espre que oui ;-) Tiens nous au courant !
@Peres0107 Au moins tu feras un peu le point ! Tu me tiendras au courant !
@PhanEd le courant est trop fluide pr moi Honey (madame Cariou ma possder)
@Pingouinluke tu peux pas me l'empcher puis tu seras au courant de rien..
@PwoperJustine oula. C un peu galre.C proche frontire allemande.Tu devras prendre le train jusqu' Luxembourg ville+bus.a va tre long
@RER_BETAIL Bjr, en rpercussion de l'accident grave de voyageur, un allongement du temps de parcours est  prvoir sur tt la ligne
@Remi_Masse Toute la France est au courant, non?  @nicoguitare
@S_Pompeleup @jeremstar tu serais pas au courant d'une histoire entre @Soma_officiel & @JonAliOfficial ???? #LesAnges7
@Sarah__Yoshi oui je suis au courant tqt ;).. sa sera cool de ce voir :)
@SebastianSmthJG "Wow.." Il se passa la main dans les cheveux et se leva. "J'suis pas ton chien au cas ou tu ne serais pas au courant."
@SeydinaDiallo j'espre que gul bi amneu internet ak courant pour voir ton tweet.
@Sheeee__ d'un ct, des bouffons qui ont lancs des pierres sur le bus, de l'autre un grave accident apparement, y a des coma et tout
@SouuPiquey J'espre , Tqt jte tiens au courant
@SydneyBSwannie @YoungRihGirl @HSania mais de toute manire on est jamais au courant de rien dans ce lyce
@TVVNTY9 ah ouais? a serait bien! Tiens moi au courant ;) bonne soire x
@Tching_TchangDC on se tient au courant ! Demain je remonte a darchi on se voit a la recr !
@Tommyzi_ @Gaaiis_seven4 @NisrineMoussaou @rizlaine083 c'est bon y'a la terre entire au courant wsh
@TopAchat Mon pc me dit ca depuis 14h suite  une coupure de courant. Comment y remdier? Changer le hdd? :s
@Toximityx @MacGeneration Hop! Jai jet ma bouteille  la mer! Laissons faire le courant de linternet et voyons ce quil nous ramne! ;)
@Trombone_Verte attend t'es au courant que ma mre serait ok?
@Tw0lverine promis, tu seras le premier au courant quand a aura march !
@VWwazieres tu seras tenu au courant et invit tarlouze t'inquites
@VerticalLion @Le_Figaro possible mais tous ceux qui suivent son courant de pense ainsi que ceux de soral iront vers ce genre de mouvement.
@_HeyLise en +  Place D'Italie y a une manif donc les mtros sont ralentis,ce qui m'a fait rat le rer qui tait comme par hasard a LHEURE
@_Kalincka au moment o sa grosse rallonge s'infiltra dans une prise femelle et qu'un courant lectrique l'a parcouru tout entire.
@_oswie il est parfaitement au courant  mon avis. Simplement, il se permet de mettre un tacle gratuit qui fera le bonheur de ses fans.
@aPaulineR @PONYOam Moins que celui qui s'est tordu le cou en se penchant pour mieux mater dans le RER :D
@aidefut15 non je termine les cours a18h mais probleme de bus mes parents pouvaient pas me rcuprer avant 20h30 :/
@amlru ENCORE mme millet qui n'est au courant de rien mdr a me fait bien rire
@apoasis et tu dclares a comme a ppre, j'tais pas au courant merde on aurait pu faire des deals aux snickers
@beckattz @ElecxBJack faut peser dans ce rap game , j'espre vous tes au courant de a hein
@caroline281999 j'espre mdr la dernire fois j'ai gliss en courant du coup j'ai saut tout  gauche de la table avec mes mains au bord
@catmam88 @samchatice @minipenseur65 t'as dbranch les routeurs du courant pour les obliger  redmarrer?
@cdric21_ j'espre alors! Mais j'espre encore plus que tu viendras, a sera quand mme mieux! Tiens moi au courant
@christ_mateo ah bon ? Je suis pas au courant. T'as prvu de crer un assoc' "SOS GOMAR SANS FRONTIRES" pour financer mon retour ?
@cuperly25 bonjour je serais a Paris courant mai une rencontre amicale possible @JacquesReigner
@cuteofzain euh j'ai des problmes parce que mon frre dit des mensonges sauf que j'tais pas au courant de ce qu'il -
@cutieloueh c'est @AkaruuHD, c'est une parodie, HEIN, AU CAS OU VOUS SERIEZ PAS AU COURANT.
@dopelovatodd mdrrr t'tais pas loin devant mon pre il m'fait "je vois quelqu'un arriver en courant" j'tais "ah bn"
@dounima33 Bonjour, la livraison TNT express est bien active :) Tenez-moi au courant si vous n'y accder pas. Bonne soire
@elea600 Bjr, suite  l'accident grave de voy.  Villeparisis - entranant 1 interruption - le trafic est perturb sur l'ensemble du RER B
@espacemanager Ce sera employ pour les salaires des employs #Sonede_Steg #pays_pour_ignorer_toutes_fuites_eau_et_courant_Jours_et_Nuits?
@fadelabdellaoui Beaucoup. Et rarement par manque d'intrt du mdecin.Tu te retrouves  nager contre courant,  te battre contre un systme
@fansofbadrhari ahh j'etais pas au courant mdrr mais il a l'air pas mal  , tkt :) frere
@grandludo @MLP_officiel est bien au courant... le revenu des ventes ont pay ses tudes! ah l'hritire !
@hpeysson merci c'est gentil,moi aussi je ne vous oublie pas,je suis l'actu du tournage. Tenez moi au courant quand ce sera bon.
@iDTGV @iDTGV_Client @Brayaard mon prochain voyage ce lundi 13 sera l'occasion parfaite de voir comment a se passe. Vous tiens au courant.
@infos140 @Conducteur_RER @Anne_Hidalgo @parismarathon Et du coup RER gratuit ?
@kalheesia mdr normal, moi j'espre qu'il est l bc me rveiller  6h30 pour prendre le bus  8h44 alors que j'ai cours  10h15...
@kandyn80 oui vient manger avec eux et je vois les filles pour qu'elles viennent aussi. On sera tous ensemble je te tiens au courant
@kidrauuhlbizzle Ian tu te sauve en courant, je prfre tomber amoureuse de Paul !
@lvghn tu me tiendras au courant j'serai ravi de voir a
@macrpgthe100 nous avons pas tous les mmes flche "trs chre" la 1ire fois que tu en recevras une, j'veux tre la 1ire a tre au courant
@mahaultdel j'y vais avec mon pre ma belle mre ses gosses et jvais emmener clara mm si elle est pas encore  courant mdddr
@makaveliRoss mdr bah c'est a la question en fait!!! Bah l j'suis rentre chez moi et les bus reprennent vers 9h30/10h j'irai a mon cours
@mariiinement La ligne A sera coupe entre les stations Verdun - Prfecture et Gares. Bonne journe.
@mohamedd9227 inchallah frre euuh ouais normalement t'inquite inchallah toute faon jtien au courant Youcef tqt
@niallonamor_ t'inquite pas tu sera tjr au courant haha
@noisybear Non. J'ai essay de mettre le SSD sur deux ports SATA de la Carte mre, dbranch le courant, rien. Il refuse de dtecter Windows
@ok_mdr un accident de tram est vite arriv
@palronus en fait je me suis trompe, dsole haha, ce serait dimanche a 19h, tiens moi au courant
@passemontagnes salut mon frre maman va mieux demain je vois la griatre je te tiens au courant gros kiss
@plusbellenyc Super ! On se tient au courant ! J'espre qu'on pourra se rencontrer l-bas  @lafrancesca1961
@pprevert @rubin Et bien, la Justice serait au courant plus rapidement. Je ne vois pas le problme.
@princess_malili @_Shades_Of_Dave @TiWayny971 PTDRRRRR  a me ft tjrs aussi rire ce truc au faites ta copine est au courant de a?
@psychofron ah oui c'est loin je pensais que ce serais au courant de la saison 2 ^^
@pxrfectmahone @twinskltons Vous serez les premires au courant! Eh, vous aussi vous me dites ds que vous savez!
@sahkimov bonsoir, reprise du trafic demain matin ds 05h12. Des bus relais sont actuellement en place. Bonne soire.
@sambaagne personne t au courant sauf mon pere et la il a tout dis
@she_wolf_spirit nn mais moins de monde est au courant et crois moi les personne de la famille du cancreux prfre que ca ne se sache pas
@sleepwxlker_ Non mais tu serais au courant quand mme non ?
@songoflos MERCI DE PRVENIR. J'AI LOUP MON RER EN T'ATTENDANT.
@stroumphette82 Nos e-billets sont accepts dans tous les trains DB et dans les IC-Bus de/vers la Belgique. Pas dans les autres IC-Bus (1/2)
@supercindouch ouais merci mais du coup j'ai pris un autre RER qui arrivait. Mais c'est n'importe quoi !
@thomasRPGTWL *viens vers toi en courant* alors?
@trixu63 j'aime les femmes sre d'elle ;) cette situation reste entre vous ? Ou d'autres sont au courant ? ;)
@unionjdb_ Ouaip! Aprs mes partiels, pas de soucis tu seras la premire au courant!
@valbrand11 premire au courant mon petit, j'ai couru sur mon portable en le voyant rentrer PTDRR
@walkinblake nn finalement on partira pas tard mais bon on sait jamais faut bien qu'un jour jprenne le rer train et tt tte seule
@ylndvssr wtf ta mre est au courant que tu fumes??
A Troyes tu marchs  ct d'un gars dans les 2minutes qui suivent y a ton frre ton pre ta mre ta tante du bled qui sont au courant
A cause de la grve j'ai pas eu de bus pour aller en ville du coup je suis reste chez moi et la je vois qu'ils repassent ces cons.
AWE SI j'allais rler contre la fenetre ouverte dans le bus qui faisait un courant d'air froid mais quelqu'un l'a ferme
Accident de bus parce qu'une vieille conne c'est pas conduire !!!! Sa voiture est niquer bien fait !!!! Et nous ont a tous du descendre
Accident de la route entre une moto et un bus, ce matin, prs de Saint-Sbastien sur la RD70, les deux...
Accident de personne  la gare de Pantin .. Grave perturbations sur la ligne E ..
Accident de voyageur a mitry ya pas de rer msk
Accident grave de voyageur: consquences sur le trafic et solutions mises en uvre
Ah non en fait elle tait partir chercher son petit frre au bus. Qu'est ce que a doit tre quand elle va en cours !
Alors clairement Pollux elle ns lche  16h45 au lieu de 30, a cause d'elle j'ai louper mon 1er bus
Aperu de la gamme beaut newlookfr dispo courant Avril en boutique, sans parabnes et pas chre.
Aprs avoir vu le bas monde du bus de 7h pendant une semaine, je suis finalement bien content d'aller en cours avec la voiture de ma mre.
Arriver  mitry et voir qu'il n'y a pas de transilien ou rer pour paris. Du coup revenir  Claye pour aller  CDGaulle prendre le rer
Askip hier ma mre elle a eu un accident, tout le monde est au courant sauf moi quoi
Askip y'a eu des problmes sur le rer E aujourd'hui, genre aucun trains. Perso je n'ai rien vu de tout a moi.
Attention si vous prenez les bus/tram cet aprm, jusqu' 16h30, trafic perturb en raison des manifs du jour......
Au hasard, qui a loup son bus pour la premire 2734801 fois ?
Au programme ce soir : "comment les mdias sociaux nous tiennent au courant de l'actu en sant". Votre modratrice sera @GeluleMD #mededfr
Auj en courant on m'a proposer une bire. Option 1: j'avais une tte d'alcoolique en manque, option 2: c'tait un alcoolique bien alcoolis
Avec Laurena on peut tre sr que tout le monde sera au courant sous peu mdr
Avec ma mre on s'est pas rveille du coup bah j'ai rat mon bus donc elle va m'emmener la
Avec patrioli a 5h on a pter un plomb, on est parti chercher un grec en courant avant l'tude, les pions ils ont pas compris..
Avec un beau soleil a donne mais pas du tout envie d'aller au taff et trainer dans les rer solo mabe
Avis a tous, pas de train ligne rer E
Bientt mon pre va tre au courant de tous sa ...
Bon bah pas de RER pour aller en cours ...
Bon la cie nous ramne quand le courant dans cette partie de l'hmisphre ?
Bon, s'il y avait un souci, tout Twitter serait dj au courant. a doit tre un avion #explosion #Montpellier
Bref j'ai rat mon rveil, mon bus, ma premire heure de cours, ca y est c'est une journe de merde j le sens
C grv wsh le RER A h24 il a du retard ou bien les trains ils sont annuls
C'est la premire fois en 4 mois que je loupe pas mon bus ameeeeen
C'est quoi les formalits pour crer un compte courant  la Poste
C'est trs l'attente du bus qui fait greve :c je vais me rat mon 1er cours je sens :( le bus devais passer a 7:34 :c
Ce matin dans le bus j'ai cout tous les bons son de Gradur au calme'zer
Ce matin dans le bus ma nuque a craque du coup la fille derrire me regardait bizarrement
Ce matin je loupe le bus et cette aprs midi train supprim ca va pas trop de galre aujourd'hui pour aller au lyce et rentrer chez moi
Comment c'tait galre pour rentrer avec les grves des trains et des bus -_- La RATP elle casse la tte.
Connard de bus qui me voit arriver derrire lui en courant avec la gamine dans les bras et qui part quand j'arrive  sa hauteur...
Coupure de courant sa mere...
Cour circuit , plus de courant , plus de lumire internat de merdeeee
D'ailleurs mon pre m'a racont rcemment que lui aussi aimait se mettre minable en courant quand il avait mon ge.
De l'autre j'ai failli louper mon bus, j'ai foir mon DS d'SVT, j'me suis fait mal a la cuisse et ma mre m'a hurl dessus pour rien
Deja je suis partit Grav en retard et la j'arrivais  la gare ya une meuf elle arrive en courant derrire moi et me dit que le train est la
Demain j'ai conduite, j'tais mme pas au courant, heureusement ma mre est la
Demain ma mre elle prend l'train pour paris a 9h et elle a la flemme de prendre le tram et elle m'a fait t'm'emmene en scoot? J'lu fais
Deux fois que je loupe le bus il passe 2 min a l'avance nique sa mre
Dnc l j'att le bus depuis 10min, et qd il arrive il passe devant moi sans s'arrter ?????? Bien. Bn aller bise le cours de maths de 9h30
Don de lenovo remis  cavaye. Ils sont au courant des pbs de scurit qui ont secou ce constructeur rcemment ?
Donc les rer B ils ont encore du retard la mon train devait partir  26 il est 31 jspr je vais pas en cours pour rien
Du coup demain je peux me lever vers 9 heure et prendre un bus tranquille  10h
Du coup le frre qui fais genre d'avoir loup son bus
En fait l'album je l'couterai demain dans le bus avec des couteurs parce que sinon le son va tre dgueulasse pour une premire impression
En plus la soire se sera en face de chez moi donc au pire je me casse en courant
En rentrant un couple se disputait dans le RER et puis un moment le gars  cri 1/3
Et j'me prends mme la tte avec des gens pour elle, tqt que ce sois vrai ou faux je m'en fous tous le monde sera au courant
Et je rve d'un courant d'air, d'un espace clt avec vue sur la mer
Etes au courant que sn. peut combiner "activits prives/familiales"+"affaires publiques/officielles"? "Serait ma comprhension" dit tmoin
Faisons des chaos scenarios. Pk pas de bus ? Accident ultra-violent sur la route de Castanet ?
G loupe le dernier bus sa mre la chauve ptn
Genre moi j'suis en couple on m'demande mme pas mon avis. Toujours la dernire au courant l.
Gros accident impliquant plusieurs vhicule sur la place de la duchesse a molenbeek. Apparemment, le tram a...
Grve des bus j'me lve mais j'suis mm pas sre d'arriver en cours comment je serreeeeeee
Grve: bus et tram  l'arrt, coles au ralenti ce jeudi  Nice -  | Votre Publicit ici
H ! H ! Si y'a la circulation alterne pour protger le marathon de Paris, c'est a qu'on appelle le "courant alternatif" ?
Heureusement que j'ai reu un sms ps je dormais dans le bus et j'ai faillit louper mon arrt Mdr
Ier j'ai meme pas regard saloni a cause de leur courant ils ont coup la
Il est magnifique ce conducteur de la ligne 6. Je vais rater mon train mais il fait rire ce ouf. Le mec il chante John Legend putain.
Il y a plus de 100 ans naissait le pre de l'art optique; Victor Vasarely. Laissez-vous entraner par ce courant...
Ils sont au courant qu'tant tous frres et soeurs ils auront un peu de mal  repeupler la terre ??!  #noe
Imagine ton train s'arrte parce que y'a eu un suicide sur la ligne. Et apres ta mme pas de RER. Du coup tu prend un bus qui va vers Roissy
J'adore les accidents et tre coinc depuis 1h dans mon bus :(
J'ai dis  ma mre j'ai que 2h j'vais pas en cours elle m'a dit manges et va prendre le bus j'ai rien compris
J'ai envoy la balle de Christophe 30 fois au dessus du grillage au lyce il a mme du aller sous un bus la rcuprer le bordel
J'ai eu le dernier RER avant qu'ils interrompent le trafic je crois
J'ai fais mes 17km en courant je suis refais
J'ai loup mon bus pcq j'ai pas entendu mon rveil et mon pre met encore + de tps que moi pour se prparer
J'ai mis 1h15 pour me rveiller du coup j'ai loup mon bus et mon pre est partit sans moi
J'ai oubli mon MP3 ce matin. Du coup j'coute la conversation derrire moi dans le bus. a parle de Hentai. Bon.
J'ai rien capter sa mere , les bus nous encule severent . On dirait un cours de physique wsh -'
J'ai tenter d'aller en cours mais le bus il m'a encul svre
J'dis  mon pre de venir me chercher il me dit "nan j'suis  Paris". Ah dac, pas au courant
J'espre que courant ne va pas se couper encore eunh
J'espre que je suis pas en train d'attendre pour rien mon bus
J'm'en bats les couilles bizarrement depuis Mardi j'prends que le RER C pour aller en cours, j'vais pas changer mes bonnes habitudes
J'rate mon 1er bus, j'attend 30 min l'autre y me passe devant la gueule, l'prochain est dans 57 min bus de merde J'v pas en cour blc
J'suis au courant de trooooooop de potins ptn ... Dans chaque classe de premire ptn
J'suis sre c'est pas maintenant que le courant va revenir
J'suis tjrs la dernire au courant.
J'vais aller jusque l pour les rejoindre en courant sa me fera du bien
J'vais mourir d'un accident de bus tu vas voir
J'veux dire ce matin on a 1h de cours, si y'a pas de bus le temps que. J'y aille  pied je serai en retard de 30mn
Je courre pas derrire un bus ou train pour aller en cour moi , je prfre courrir pour rentrer chez moi oui.
Je crois que je suis le seul a avoir plus loup le bus que pter parker dans spiderman..
Je fais migrer 45min les chantillons (vers la gauche ici) en imposant un courant lectrique
Je le redirais mais le stream risque d'tre un peu chamboul ce week-end pour cause d'anniversaire de grand-mre. Je vous tiens au courant !
Je me suis endormi dans le rer du coup je suis  Poissy... au lieux de Paris :< on recommence tout mais  l'envers !
Je n'tais pas au courant pour la moiti d'entre eux !
Je suis ne pour couter les gens s'engueuler au tlphone dans le RER
Je suis sur que plus personne n'est au courant que mon chat sappelle JoJo,Donc re-voil mon best photoshop ever
Je suis tellement en colre putain ! J'ai rat mon cours d'tude de presse ! Fichu tram de mes deux ! #EnModeEnervance
Je suis toujours la dernire  tre mise au courant
Je vais peut-tre ouvrir une crperie. Je vous tiens au courant. Bisous
Jesp tes au courant qu'elle se fait bz partout frre
Jpeux faire une attaque il sera mme pas au courant sans dconner
Jsuis cense aller a la mer avec mes potes mais jss au courant de rien super quoi
Jsuis jamais au courant quand mon pre part  Paris ptn
Jsuis toujours la Dernire au courant sa msoul
L'autre soir en boite, 1 go me drague, je lui dis non c'est mort, elle se vner et me griffe puis part en courant...
L'tudiant qui monte dans le bus Porte Dauphine avec un mega coup de soleil sur la tronche. Frre, me dis rien... Fac de socio?
La dernire fois je voulais m'acheter un RAL violet, la vendeuse m'a propos un Chanel et un YSL, ma carte est parti en courant
La semaine du fou-rire du 13 aux. 18 avril. Tu rentre dans le tram.bus. Train etc... Tu regarde une
Le RER est pass en avance du coup j'ai russi  attraper un bus et je suis chez moi  18h au lieu de 19h
Le Rac rame  contre-courant sur un fleuve dchan, vers la fracheur d'une source, loin des envasements d'une embouchure. - (Tillinac)
Le lyce a appel mon pre du coup demain je vais aller les voir ils avaient pas cas pas dplacer le cours sans nous mettre au courant
Le mec en face de moi Dan le RER m'a mt un coup d'haleine Ouah il m'a mt ko . J'ai jur lav vous les dents a l'eau de javel
Le mec est rentrer chez lui en courant la bac est venu la vie dma mere on touche mon sang homme femme vieu grand maigre jencule la personne
Le mec qui cours derrire son bus le matin c'est un mythe non?
Le rer d... Les panneaux d'affichages sont en pannes et les conducteurs ne donnent aucune indications sur la destination des trains...
Les couples de guignols dans le bus continuez que vous me faites rire , sa fait passer le temps
Les gens qui disent "Kaaris > Booba" vous tes au courant que Kaaris aura jamais la carrire ni les classiques de Booba ?
Les recherches vont reprendre au courant de la matine pour retrouver Shawn Lalonde-Laframboise qui a sombr dans la rivire des Outaouais.
MA MERE EST AU COURANT
MDR y'a pas courant mon petit frre dit sala cst bien pour cx qui mangent en groupe la. Les gourmands vont finir en bas de leur petit .
Ma mere elle est meme pas au courant que pronote sa existe
Ma mere j'lui ai dit y a grve de bus elle m'a dit "prend la voiture casse toi en cours" tamam anne.. ^^'
Ma mere n'etait meme pas au courant qu'il y avait greve de transport mdr,C'est bien partis pour qu'il passe
Ma mre a donn sa friandise  Jack. Il l'a chopp & est venu en courant dans ma chambre de peur que ma mre la lui reprenne. Teub va.
Ma mre elle veut mme pas me donner des sous pour le bus bah toz le chauffeur m'accepte pas j'vais pas en cours
Ma mre elle vient de me dire "ta mre!" Je sais pas si elle est au courant que c'est elle ma mre mdrrrr
Ma mre est au courant
Ma mre est toujours pas au courant que je vais voir les 1D au mois de juin. Putain en plus a tombe pendant mes exams, a va gueuler
Ma mre m'avait mme pas dit que mon parrain avait eu un bb je suis au courant que maintenant, j'espre aller le voir bientt
Ma mre qui arrive en courant dans ma chambre, se pose en plein milieu et sort " demain on va chercher ton cadeau " et repart ac le smille
Ma mre va aussi m'acheter le monde comme a je serai au courant de tout
Mais mdrr je rentre pas de traces de ma sur, mon pre sait pas non plus et ma mre est en cours donc elle est surement pas au courant
Mdr Waay. je pensais avoir perdu ma Bague En courant derrire le bus cette aprm mais en fait j'avais juste oubli sur le Congel a Laurie
Mdr je viens de faire un de ces sprint derrire le bus pour pas le louper
Mdrrr je suis toujours la dernire au courant pour les changement de cours j'en ai marre
Me font trop rire les gens qui comprennent pas comment Mauresmo est tombe enceinte. Vous tes au courant de la mdecine ou pas les gars?
Me suis pris un vrai coup de coude ca m'apprendra  vouloir sparer des mecs dans le rer
Merci  vous tous pour cette (grosse) session de stream. Je vous tiendrai au courant de ce que je ferai  l'avenir, j'ai des choix  faire.
Mercredi j'aurai pu rentrer a 10h et dormir mais non j'ai mon oral a 11h40, je suis sre je vais louper mon bus en plus
Moi j'prefere courir derrire bus que derrire les gens
Moi: je dois attendre mon pre pour retourner en cours car ps de bus: motif non valable,Autre: c'est normale y'a pas de bus. Pd.
Mon bus il serait arrive 20 min plus tt je pouvais aller en cours  l'heure
Mon corps a srement dcider de jener mais je ne suis pas au courant ..
Mon daron il a reu cette lettre d'absence aujourd'hui, il tait au courant de aucune de ces absences :(..
Mon frre a soit disant "louper" son bus ptn il vient que samedi du coup
Mon frre ma fais louper mon bus
Mon frre qui revient en courant par ce qu'il y a pas de bus
Mon pere serait au courant sa aurait pas t pareil
Mon petit frre c'est un menteur quooi, il dit "Maureen estceque tu sais qu' cause de la pluie la ils ont coup courant dans la voiture"
Mon pre a couper la wifi mdr il est au courant que dans mon forfait j'ai de la 3G ou?
Mon pre c'est Monsieur Gaffe  il a tjr pas compris que mes cousins taient pas au courant qu'on partaient au Portugal
Mon pre est au courant depuis hier pour l'accident de Kvin, il m'a pas envoy un seul petit message de soutient, pas un...
Mon pre sera au courant quand il viendra c'est tout...
Mouais. Finalement mon coordinateur d'quipe sera quand mme au courant que j'ai quitt plus tt.
Nan serieux le RER E le concept c'tait quoi pour faire un train qui est Meme cit dans la RATP
Ojd dans l'tram un vieux il ma tuer j'pleur tout mon Corp de rire wsh il parle de peinture bleu blanc rouge sur le arbre il avait ds lapin
Ouais y'a toujours pas de train quoi
PUTAIN y'a des problmes de RER et mon train pour Poitiers part dans une heure
Pas de rer donc pas cours
Perso jme serais barr en courant. Le mec vient d'abattre un type et de falsifier des preuves, qui te dit que t'es pas le prochain ? #LRT
Personne dans mon lyce est au courant du blocus  a va dgnrer comme la dernire fois, quand ils ont mis le feu  l'entre du bahut !
Plusieurs joaillires du collectif participent au #concoursetsy ! Nous vous prsenterons leurs pices au courant...
Pouah il a mis sa photo en couverture elle etait meme pas au courant frere
Pour faire changement, le sac photo est pass 4 fois au scanner avec regard curieux du gars... Un 6-pack de lentilles ne serait pas courant.
Pour fter les 100 abonns rcemment dpasss je suis en train d'organiser un petit concours je vous tiendrais au courant =)
Pour rester au courant de toutes nos offres d'#emploi, n'hsitez pas  nous suivre ! =>
Pour une premire avec L'EDF fminine, louper le lancement de la marseillaise c'est quand mme fort! @phibonneville
Pourquoi je suis toujours la dernire au courant de tout comme a
Prendre le bus, commencer  dmler ses couteurs pour couter de la musique et finir de les dmler  la fin du trajet... Fuck !!
Problme sur le RER E bon c'est trs courant mais grce  l'ultra comptence des agents  magenta le trafic est ok mnt. Bravo et merci  eux
Ptdrrr j'coute talking body et genre avec la lumire du soleil dans le bus c'est grave bien enfin jsp comment dire
Ptdrrrr mon pre est chez la kin aussi j'tais mme pas au courant
Ptn Eden est en couple et je suis la dernire au courant. Ok...
Ptn j'espre ma cous elle prend le bus scolaire la comme sa jverrais mon cous aussi
Puis en rentrant y a eu un accident  paix donc on  du descendre du tram c'tait la galre
Pur j'ai loup mon bus sa mre
Putain de rer de merde jvais arriver en retard a montparnasse et jvais rater mon train
Putain et surtout a chaque fois le matin dans mon bus y'a des gens qu'ont des maladies chelous et j'ai peur du coup sa mere
Putain mais.. Est ce que a existe des RER sans ralentissements ? -"
Quand @TheAkaTone te vend autant du rve sur le repas qu'elle va te prparer t'as juste envie de partir en courant de ton boulot.
Quand j'cours pour prendre le bus et qu'il part a me fait toujours rire, j'crois que c'est nerveux parce que j'ai honte
Quand on dit aux gens loignez vous de la bordure du quai vous n'coutez pas. Maintenant le rer E il galre .
RT @AliciaSvvs: Mon pre c'est Monsieur Gaffe  il a tjr pas compris que mes cousins taient pas au courant qu'on partaient au Portugal
RT @AnaClh_: le mec du bus il est taquet il m'a vu courir il me dit "c'est la premire fois qu'on me court aprs"
RT @Anaarg4: @ChloeGrsr j'espre pas jsuis pas au courant
RT @BirchboxFR: @PaulineMgn on espre que oui ;-) Tiens nous au courant !
RT @CLePrenom: Kenza c'est le prnom d'une meuf qui cours derrire le bus mais elle le rate aprs elle marche
RT @Cr7Waliid: Mon pre je lui dit j'ai fais 22km  vlo, y me dit je l'ai fais en courant, y descent les escaliers il fait une crise dasme mdrr
RT @CritiqueTout: Mdrrrrrr y'a Kanye et Kim K elle est mme pas au courant. Typiquement le genre de truc qui arriverait  ma mre.
RT @DJTRX_: @FouinyBaby973 ta mre est au courant que tu parle mal ? non mais la sa vas plus
RT @DecyDiamond: On aime les filles blacks pour leur derrire et les hommes blacks pour leur truc en bas l-bas,tes vous au courant qu'on a un cur aussi ?
RT @DerreckFoye: Jai dit a mon pere cst la greve de bus j'vais pas en cour  ! Il a dit allez vuien je t'accompagne .
RT @EMaireau: Y'a un bb qui pleurait dans le bus, et puis d'un coup il m'a regarder, je lui ai souris, et l il a arrter et m'a souris
RT @Flavien0512: J'ai loup le bus sa mre, mais a va je vois ma princesse cette aprem
RT @Florent_Bodin: L'tudiant qui monte dans le bus Porte Dauphine avec un mega coup de soleil sur la tronche. Frre, me dis rien... Fac de socio?
RT @FlorianRayssac: Avec patrioli a 5h on a pter un plomb, on est parti chercher un grec en courant avant l'tude, les pions ils ont pas compris..
RT @FtmMastour: J'ai dis  ma mre j'ai que 2h j'vais pas en cours elle m'a dit manges et va prendre le bus j'ai rien compris
RT @Hagaaren: Ma mere j'lui ai dit y a grve de bus elle m'a dit "prend la voiture casse toi en cours" tamam anne.. ^^'
RT @HigherMusicGrp: Le clip vido du titre #OmbreEtLumire de JP9K4 est en ligne. Son premier EP sera disponible courant 2015.
RT @Iam_kristians: Bon la cie nous ramne quand le courant dans cette partie de l'hmisphre ?
RT @Ice92i: Toute faon si y aurait eu un blocus je serai rentr dans le lyce en courant comme une petite pute :)
RT @JessicaGouzien: Tous le temps y a des retards ou des accidents sur les lignes du tram, ptn,  quoi il sert ce tram en fait ?
RT @JohanXXY: Jcours dj pas derrire mon bus alors si tu crois que jvais te courir aprs
RT @JulianaF78: @MailysQuinet Haha t es un amour ! Gros bisous  Je l espre! Je te tiens au courant de comment ca c est pass
RT @KassimCorsaire: Ca s'voit ls vineurs s'ils gagnent 1oscar Ca va lcher des "ya que ma mre ki croyai en moi" alors kelle ntait pas au courant des perruques
RT @KatandeObed: Un STMG Drague une fille dans le RER-Slt beaut tu va o ?- La Dfense et toi?,- l'attaque Mskn le train la tacler dans la surface
RT @KeltoumHouusni: Mon frr c un vrai segpa il tai mm pa au courant dla naissance dmon pti frre il a cru ct un pti ke ma mre gardai depuis kil est ne
RT @LeLouane: J'arrive presque  l'arrt de bus, et la je reois un message d'Emma "ptdrr t'as loup le bus bb" bon bah je vais pas en cour aujo
RT @LePrenoms: Kenza c'est le prnom des meuf qui cour driere le bus mais elle le rate apres elle marche
RT @Lesjoailliersdd: Plusieurs joaillires du collectif participent au #concoursetsy ! Nous vous prsenterons leurs pices au courant...
RT @Lily97one1: "Illettrisme flau Guadeloupen" #investigations 1re nvelle pr moi j'tais MM PS au courant
RT @Lily97one1: @princess_malili @_Shades_Of_Dave @TiWayny971 PTDRRRRR  a me ft tjrs aussi rire ce truc au faites ta copine est au courant de a?
RT @LionelJacquemi1: @Valeurs Prenant rgulirement le RER D, je n'ai pas mmoire d'avoir vu contrleurs ou police dans les trains ce sicle ci...
RT @LisaILagarde: " Cest ainsi que nous avanons, barques luttant contre un courant qui nous rejette sans cesse vers le pass. "
RT @LoranneMr: Sinon Nina Dobrev elle est au courant qu'en quittant TVD c'est la plante entire qu'elle met au bout de sa vie ?!
RT @Lorelei_Jade: Quand ton mec passe par la porte de derrire et que t'tais pas au courant.
RT @Loup2LaClasse: RT Si ton daron depuis qu'il a appris  lire, il lit le 20min  haute voix dans le RER
RT @LucieMelissaa: Jesp tes au courant qu'elle se fait bz partout frre
RT @LydieDrg: Du coup le frre qui fais genre d'avoir loup son bus
RT @Maelys_Cnu: eh le chauffeur de bus il tait trop vnre tt a l'heure, j'tais devant trql et la il donne un gros coups de frein j'me suis clate
RT @MarineVerdin: sincrement je prfre critiquer les gens en face, t'en qu'a parler sur leur gueule autant qu'ils soient au courant de ce qui me plait pas
RT @MinimoysLs: la Gdz on l'a crer en 2008 les gens il joue avec nous il sont bad pas aux courant !
RT @MoutondesAlpes: Y a eu un accident  Grenoble du coup les trams sont arrts et je suis coinc :  50mn  pied du centre Marre #marre
RT @MrBboy45: J'VAIS ME COUCHER. J'aimerais que la terre entire soit au courant ok ? Alors max #RT. Merci Et bonne nuit
RT @Mxdeste: ceux qui disent souvent "j'cours derrire personne" c'est eux que tu vois courir derrire le bus le matin.
RT @Noctalia_C: Je me suis endormi dans le rer du coup je suis  Poissy... au lieux de Paris :< on recommence tout mais  l'envers !
RT @PhilippeAlb78: @Menard23Menard Le pauvre type chtif, pleurnichard et peureux qui se barrera en courant ds que a va pter ! L'antithse du courage.
RT @S_Gzlz: @OPalmerio bon je vais voir de toute manire je te tiens au courant !
RT @SahinKizilbas: Mon daron il a reu cette lettre d'absence aujourd'hui, il tait au courant de aucune de ces absences :(..
RT @TAG_Grenoble: @mariiinement La ligne A sera coupe entre les stations Verdun - Prfecture et Gares. Bonne journe.
RT @TheMazeRunerFR: Je viens de penser a un truc.. Cette anne il y a le festival de Cannes, donc peut tre Dylan O'Brien y sera ? Je vous tiens au courant :)
RT @Tony_Truand__: *dans un cimetire* - Vous cherchez quelqu'un ? *se barre en courant une pelle  la main*,#DecrisTaPremireFois
RT @Tweezy__: C'est quoi les formalits pour crer un compte courant  la Poste
RT @UneCessprin: Porter le voile, obissez  Allah et vous serez heureuse, c'est pas en courant vers les hommes que vous serez heureuse .
RT @ValentinRibaude: @Anaays_F @chloechbouub @Lautiste_ Tu serais pas parti en courant dans le champs aussi
RT @Ysmn_als: On parie il passe vers cher clara elle va sortir en courant
RT @ahoeokdacc: EH LA VIE DMA MRE J'TAIS MME PAS AU COURANT
RT @balency_0: @EMettouchi Cest clair je pense que la terre entire est au courant mme
RT @bryanpereira11: Me suis pris un vrai coup de coude ca m'apprendra  vouloir sparer des mecs dans le rer
RT @carlajvnc: on a beau vous le rpter, vous n'avez toujours pas compris, tout se sait, on est au courant de tous les bails qui se trament
RT @clothilde_hvr: @ClarisseMouaaq je suis au courant merci, jusqu'au spectacle on va rire pendant notre partie c'est oblig
RT @cxliadibi: Y a eu un accident  mon arrt de bus, et c'est ma prof d'anglais de 6eme qui est rentr dans une voiture qui tait gar
RT @f0rever_J: La dernire fois je voulais m'acheter un RAL violet, la vendeuse m'a propos un Chanel et un YSL, ma carte est parti en courant
RT @girladamss: #JeudiConfession dmone na sama gal copain courant coup papam fek ma si salon bi mbedjma teup manam son pre ma donn une gifle
RT @hyorimi: Qd j'fais semblant d'couter de la musique ds l'bus or j'coute les bails qui se raconte derrire
RT @jn31200: @grandludo @MLP_officiel est bien au courant... le revenu des ventes ont pay ses tudes! ah l'hritire !
RT @ladh: Un accident de bus fait 25 morts au Bangladesh
RT @leaacnt: J'ai voulu faire la meuf  frapper mon frre mais je me suis cass la gueule en partant en courant ptdr
RT @llvr26: @Lolita_Abr bisous mini ct de porc, et j'ai pas loup le bus langue de vipre
RT @madolcrq: @pxrfectmahone @twinskltons Vous serez les premires au courant! Eh, vous aussi vous me dites ds que vous savez!
RT @maevachardin: Un jour je vais avoir un accident avec mon chauffeur de bus tellement il va vite mon dieu
RT @makotochiin: "Oh andra tu es en retard ??" nn nn je cours derrire le bus pcq j'adore ca
RT @maoss94320: @OumarMall76 jte tien au courant frre
RT @mariaacrd: euh.. pour la mre de taylor swift vous tes au courant qu'il y a des millions de gens qui ont un cancer et on leur fait pas de hastag ein.
RT @montagne_creuse: Accident de la route entre une moto et un bus, ce matin, prs de Saint-Sbastien sur la RD70, les deux...
RT @redmax09: Je suis tellement en colre putain ! J'ai rat mon cours d'tude de presse ! Fichu tram de mes deux ! #EnModeEnervance
RT @taaktaaak: Ojd dans l'tram un vieux il ma tuer j'pleur tout mon Corp de rire wsh il parle de peinture bleu blanc rouge sur le arbre il avait ds lapin
RT @tchxkxss: @Trombone_Verte attend t'es au courant que ma mre serait ok?
RT @wahiidd92: @mohamedd9227 inchallah frre euuh ouais normalement t'inquite inchallah toute faon jtien au courant Youcef tqt
RT @xSosoo: J'ai tenter d'aller en cours mais le bus il m'a encul svre
RT @x_lelex: Les gens qui disent "Kaaris > Booba" vous tes au courant que Kaaris aura jamais la carrire ni les classiques de Booba ?
RerD tout les trains sont retard faites gaffe
Restez au courant des dernires sur la sant & les droits sexuelles
Rtsi la y'a des pirates qui sont pass devant chez toi en courant  en disant "c moi qui vais tu doflamingo" ta cru voir ton pre ds le lot
SNCF - trafic au ralenti sur le RER B -  - Couloir+d%27Afrique
Samedi je devais pas tre au courant askip c'tait une 'surprise' ma mere ma dit
Se soir j'suis invit chez une patiente  mon pre j'taie mme pas au courant
Si je viens comme a chez vous, vous feriez quoi ?! Vous criezVous partez en courant,Vous bouger pas et...
Si on te dit tst dans l'infanterie 1re ligne sache que cst les mecs qui crient "arrrh" en courant et qui se font tous tuer
Si vous voulez tre tenu au courant de toutes les nouvelles offres d'emploi destines aux tudiants en dernire...
Soem - mon coup de :  vous prenez le rer A ces jours-ci vous aurez peut tre la chance de la croiser! @soemlive
Soyez au courant des dernires actualits dARS Service,
Tous le temps y a des retards ou des accidents sur les lignes du tram, ptn,  quoi il sert ce tram en fait ?
Tous les jours j'cours derrire le bus j'en ai marre
Tout  l'heure  la B.E y'a un gars il a mal parl  ma mre en trasse il  jet une chaise j'suis arriv il est parti en courant mdrr fdp
Tout  l'heure j'tais dans le RER A et le chauffeur du train il  sauter Neuilly-Plaisance sans faire exprs tous le monde tait Nrv
Tout le monde sera au courant
Toute faon si y aurait eu un blocus je serai rentr dans le lyce en courant comme une petite pute :)
Trafic bus perturb ce jeudi  #Bourges. 10 lignes concernes Offre de transport sur  et au 0 800 007 009
Train supprim Rer D
Tu es bloque dans le RER @docteurmilie ??! Ne compte pas sur moi pour commencer ton cours !!
Un accident de bus fait 25 morts au
Un accident de bus fait 25 morts au Bangladesh
Un accident de bus fait 25 morts au Bangladesh: Un bus a termin sa course jeudi matin dans un foss au sud-ou...
Un grand merci aux fucking bus qui est pass tout droit et qui du coup a pas ramass ma mre. Elle a du rentrer  pied avec le chien
Un jour je vais avoir un accident avec mon chauffeur de bus tellement il va vite mon dieu
Un motard grivement bless  Saint-Sbastien ce jeudi matin lors d'un accident avec un mini-bus. Il a t hliport vers le CHU Limoges.
Un petit garon arrive en courant vers sa mre :,- Maman, j'ai vu le coq s'accoupler dix fois, ce matin! Sa mre...
Un piton renvers par un bus  Morges - Un accident s'est produit, jeudi en fin de journe, sur un passage piton...
Un piton renvers par un bus  Morges: Un accident s'est produit, jeudi en fin de journe, sur un passage pi...
Vous tes au courant que votre maj trophe m'avantage encore plus que si je mettais une pano nidas entire ? xD @DOFUSfr @XyaLe_KBD
Vraiment un fdp ce rer. J'suis coinc a GDN. Si je rate mon train, je les brule!
WSH ma mere m'emmne au bahu et la jvoi ya pa cours ptn tt lmonde ct barr et ma mere t parti en plus ya grve de bus, jsp si jdois chial
Y a eu un accident  mon arrt de bus, et c'est ma prof d'anglais de 6eme qui est rentr dans une voiture qui tait gar
Y'a un bb qui pleurait dans le bus, et puis d'un coup il m'a regarder, je lui ai souris, et l il a arrter et m'a souris
Y'a une personne elle sait fait heurt  Pantin donc du coup mon rer tait en retard
Ya des gars ils craquent sur le rire d'une fille, moi t'entends mon rire tu t'barres en courant
Ya eu un accident sur la ligne du rer B comme toujours !!!!
Ya plus de rer e accident voyageur  pantin #flashinfo
Ya que des RER en vers Chelles. C'est ce que j'appelle LA CHANCE. En plus jsuis assise alors qu'il est blind (h de pointe + train court)
Ya un pb de train , ya pa le RER E
[QG]-comment aller vous au collge, lyce ou travail ? ( pied, bus, rer, voiture e...  Voiture pied train ou vlo
[VIDEO]Chauffeur de bus levee dans un accident..,La ceinture de securite est toujours une garantie en cas d acci...
a fait 30 min que jsuis coinc dans le RER pour un accident de personne et ya une ambiance insurrectionnelle  l'intrieur
a me fait tellement rire ceux qui parlent sur mon dos et qui viennent genre de rien. Je sais tout, je suis au courant de beaucoup de chose!
a y est ma mre est au courant pour le rdv avec la prof
arretez de dire ke jsuis moche pcq si je serai moche sa ferait lgt que j'aurai boucher tte la ligne A , pr cause "d'accident de voyageur"
ca me rappelle trop l'anne dernire dans le bus j'coutais tous les jours jskflf
ce matin ma mre elle a appel mon lyce pour leur dire que j'allais pas en cours ajd, j'tais mme pas au courant
demain quand je sors d'histoire je me barre en courant du bahut tellement je serais heureuse de plus les voir pdt 2sem
derrire mon cran jfangirl sur des mecs mais ds que jsuis en face d'un putain de bg j'ai envie de partir en courant tlm jsuis pas  l'aise
dj elle tait mme pas au courant qu'elle allait reevoir un piano et de deux il a t livr avec lise on tait choque
eh le chauffeur de bus il tait trop vnre tt a l'heure, j'tais devant trql et la il donne un gros coups de frein j'me suis clate
euh.. pour la mre de taylor swift vous tes au courant qu'il y a des millions de gens qui ont un cancer et on leur fait pas de hastag ein.
insomnie, changer  chtelet, RER A, Nanterre, cours chiant, thtre du Radeau, faim, fatigu. Cette journe commence trs bien !
j'aime pas quand y'a des trucs comme a et tout le monde au collge est au courant et vienne s'en mler..
j'pense pas que ma mre va m'engueuler pr les heures de colles pcq elle est en partie au courant pr les absences
j'vais devoir courir pour avoir le RER je crois
je lui est dit, elle m'a dit 'c'est pas grave a fera un courant d'air'.
je sais pas, bientt j'espre  D'accord, tu me tiens au courant
je vais rater mon bus a tout les coups pcq mon beau pre il peut pas se bouger le cul
jvais galrer  faire mon caf et jvais courir aprs mon bus
la prof avait pris mon phone et devait le descendre chez la cpe, a a sonn je l'ai repris et jsuis parti en courant je vais me faire dchir
le mec du bus il est taquet il m'a vu courir il me dit "c'est la premire fois qu'on me court aprs"
ma mre elle arrive dans ma chambre en courant en criant "manon manon" j'ai eu trop peur pour au final mdire "je t'aime" elle est bete
ma mre sait que tellement j'dteste l'internat et comme c'matin j'ai loupe mon bus, bh ce soir comme punition : j'dors  l'internat.
mdrr ma mre arrive dans ma chambre limite en courant et elle me dit de mettre canal + ... J'regarde y avais KAARIS
pcq ma mre m'a rveille y a seulement 10 minutes et mon bus tait dj pass alors du coup j'lui ai dit que je commence  9h mdr
ptdr mais elle est d'un ridicule j'espre qu'elle est au courant
quand tu dois courir ds le matin pour petpet ton bus tu sais ta journe elle va pu sa mre
sa coute combien le RER A Montparnasse-Cergy ?
si ils me coupent le courant je vais pter un plomb
si je meurs demain y a personne qui serait au courant tellement que je parle avec personne pendant les vacances c chaud qd mme
si le bus arriverait avant le train ca sera parfait
sincrement je prfre critiquer les gens en face, t'en qu'a parler sur leur gueule autant qu'ils soient au courant de ce qui me plait pas
tu pourras nous tenir au courant sur les dates ou un ...  Jacob sera a Paris le 22 mai, les 26mgmt et jack&jack...
vous avez des frres et vous mettez des photos cheloues de vous sur Fb genre ils sont jamais au courant ? j'veux savoir pcq ca m'intrigue
y a bolo  midi, j'espre que je vais pas trop craquer.. je vous tiens au courant ce soir, bonne journe
ya des gars ils ont insulter mon frere jsuis partis les voirs ils sont tous partis en courant mdrr bande de fils de pute dmain vs etes mort
