"On pourra l'appeler Dean?" Mon pre est mme pas au courant de l'existence de ce chaton... xD #LT
#banque en ligne : 44% des clients ayant un compte courant en ligne prvoient d'y transfrer leur compte principal
- Celui qui rame dans le sens du courant fait rire les crocodiles .
- la recherche du bus, et l on l'aperoit, Elizabeth elle me dit au prochain arrt tu cours et tu va rcuprer ta veste. Le bus s'est -
-yhann il est arrive en courant il a dit "non c'est pas vrai!" Et il a explos de rire mdrrr
.@CitoyenK Je me demande si je ne devrais pas... les protger d'eux-mme. La communication publique, c'est pas un concept courant pour eux.
1 train 2 RER 1 avion 1 taxi et suis de retour au bled
1ere vraie journe de cours, 1er problme de RER, 1er sprint pour avoir mon train. Pas de doute, c'est bien la rentre.
@AbbyRPGBC Que tu sois au courant de tout a, vu que c'est ta cousine ... Hum.. Comment tu gres tout a ?
@AfterRMC vous savez tous mes amis de l AfterRMC que vlb ne gre pas le club vous tes tous au courant
@Ailya_lice si jy vais ca sera surement samedi soir! Jte tiens au courant!
@Anton1_C a l'poque c'tait pas vraiment courant , mais jsuis sur que s'il la refond maintenant elle sera considr comme une collab
@ArthurEic Tqt je te tiens au courant, tu seras le premier inform
@Bayrou de 11  14 % 1er tour il y a un courant d'opinion en faveur du centre, il faudra compter avec lui @desarnez
@BerryRachelJG (sms) C'est une surprise pour laquelle j'ai besoin que tu sois au courant..j'ai repris mes crations. Et tu m'as inspir.
@Biibiine_ Do not worry ,Ds que c'est fait tu seras mise au courant !!
@BlaackBaarbiiy @SamirSeye mdrrrr elle est folle elle et ton frre il est courant que tu mets ton cu en pp salle pute ?
@BlackBirdL_ Oui oui je ferais en sorte de pas faire courant d'air aahahaha xD
@CandiceUllern Ah bah a va, je finis les cours  15h, mais faut que tu te renseignes sur la gare et le RER  ct bitch <3
@Cariban03 Pourquoi pas ! Je dois aller chercher ma mre au don de plaquettes, mais j'ai pas de nouvelles, je te tiens au courant. O a ?
@CaroLechopier mon petit frre vient d'entrer en 6eme du coup je lui ai montr o il doit prendre le bus et o il doit s'arrter mdr!
@Cdegasquet Comme disait quelqu'un "la rentre sera difficile". tait-il au courant ?
@ChescoBolt t'as pas t mis au courant mdr ?? 20th Square - 1re Frappe:
@Choupilove_ D'ailleurs ma mre est rentre dans ma chambre en courant et sautant comme un lapin... je sais de qui je tiens a maintenant xD
@ClmenceLouis ah bah bravo! Bah vous me tiendrez au courant. On se fera une soire pcq je suis en vacances le 25 seulement moi!
@Cout_sy Comme la soire Prix Lumire, elle sera mise en vente courant septembre. La grille gnrale, elle, sera prte mardi ou mercredi.
@DelphiiineM @chapronrouge78 DES TUTUS? MDRRRRR T'AS PRVU UN GALA DE DANSE CLASSIQUE OU BIEN? CE SERAIT BIEN QUE J'SOIS AU COURANT
@Dj0Nekst @TheCracmou Il est mme pas au courant xD,J'y vais avec ma mre, elle fera ca visite, et moi, je bougerai avec Louis s'il est l
@Dono_rLx Ouaaaais enfin normalement a sera a :p Voil on se tient au courant
@Ellie_LePaic @EILIME_L Ahah oui!! J'espre que a va bien se passer pour toi, tiens nous au courant. Je t'aime
@Emmydbs @AdeleL05 perso jsuis au courant depuis le 1er jour et ils arrtent pas de nous le rappeler
@Fantasmya @EclypsiaCOM Celui de Singed pour gazer tout le monde en courant ;) #joke #letroll #complotjudomaconiquesamre
@FuckuAudric oh crois moi, ce genre de truc tu prfres vraiment le garder pour toi sans que tt le monde soit au courant
@Gamoniac_KMIKZ cette embrouille la je suis pas au courant je ne me mlerai pas..
@GeneralPatate j'ai cout en boucle les chansons dans le RER. Merci ma biche. Elles sont parfaites.
@Geofffrey_ Tain je suis vachement au courant x) Moundir il va envoyer du lourd je suis sre.
@GouveiaCeline @JEAN_RENE_34 @causette47 oui ma chrie .. Tiens moi au courant qd tu veux !!
@HypergamesA je n'tais pas au courant du sans avant cette nuit en fait. Je pensais qu'il serait inclus dans toutes les versions.
@Jaelfromfrance et j'espre qu'il diffusera pas trs vido que ta traduit en franais et je te tiendra au courant
@JamieCTZ j'espre ! Je te tiens au courant de mon heure de passage...
@JohanaLaLovatic -mais j'tais pas au courant, en tout cas j'espre que c'est pas le cas
@Jojo_Aurx Ca serait "bte" de faire a si tu est fan de AC. Nanmoins, il se murmure que Rogue sortira sur PS4/One courant 2015
@JulieLaKwet :( aujourd'hui j'ai attendu 2h30 mon matre de stage, 1h parce que le signal d'alarme du RER avait t tir et 30min le train.
@July07_ je l'ai cout dans le bus, j'ai voulu me retenir de rire et j'ai explos
@KassiKssouKstoi j'sais pas jv voir mon pre la mais jv a rpublique aprs j'ai un truc a faire a St maur j'te tien au courant
@Kellymeniina et nooooon ! Tu vois tu prendrais un peu de nouvelles tu serais au courant ! Mdrr
@KendallRPGUFW *rit un peu* Tu seras toujours la premire au courant de tout
@KendallRPGUFW Tu seras la premire au courant promis !
@KingBoow Il y a des cours  Vigneux-sur-Seine (direct RER D depuis Evry) !
@KingDom1er @LilandHourlier Tkt pas il sera au courant dans un petit instant
@LaurieAngelini j'suis au courant de a t'inquite :p on sera avertis combien de temps avant?
@LeHuffPost "son suprieur hirarchique" n'tait pas au courant peut tre ?! il faut arrter de prendre les franais pour des imbciles !
@Lebrunchloe @Ambretagne_ bon ok la Bretagne entire est au courant que pour cette fille jsuis lesbienne sans pb
@Leo23 @ericlepatron j'serais pas a l'heure, j'vous tiens au courant
@LigneH_SNCF bonjour, pourquoi quand un train pour Pontoise arrive AVANT un RER C  Ermont Eaubonne il repart systmatiquement APRS ?
@Liviatic_ Je prends bus, train, rer et re bus, et toi?
@LorisXIV OMG J'AI OUBLIER DE LA METTRE SUR MON IPOD POUR L'COUTER EN BOUCLE DANS LE RER !!!!
@Luciano_kid Nous suivre ne vous engage pas  nous supporter mais vous serez au moins au courant de l'actu ;)
@LucyRPGTVF Tes pas au courant de ce que j'ai fait le dernire fois ?
@LydiaAsn tu seras la preums au courant
@LyndaMthrl mdrr dis toi si tu loupe ton bus tu sera en retard et t'es parents ils vont hagal
@MADJ_guizi ma mre est dj au courant
@Maeva_rr okay, moi le 16. Tu me tiens au courant hein!!!
@MainiShana mdrrr ouais donc faut multiplier par deux hahahahaha bah essaye de voir quand tu y seras et tiens moi au courant :p
@Martinosaure @ItsYannous Mdrr tkt si j'en fais une tu seras tenu au courant !
@MattRPGHP_ JE SUIS RE LA MAIS MA SUR AVAIT LOUPER LE BUS
@MaudBernab @romy_dcrl et les trains  l'heure, le rseau RER de mierda, la gestion des grves, la clim dans les wagons, etc etc...
@Mel_Dzzz alors pk tllr dans la cour t venu en courant vers moi en gueulant douaeeeeeeeeeeeeee ?
@MereckYasumoto @AngyNoT J'espre que t'es au courant qu'ils vont faire un 2me kickstarter
@Miriamissime ptdrrr m'en fou apres tu ma encore insulter et je devais allez en cour vers l'arrt de bus encore mdr
@Misaki94 Lady Maiko ne sera pas diffus  cette dition mais si nous entendons parler d'une autre diffusion nous vous tiendrons au courant
@MissZbu loupais svt un qd le 1er bus tait en retard... alors je sechais carrment l'heure comme a on mettait abs et pas en retard :')
@Mle_O Le bon plan quoi! T'es au courant que le 11 Sept. Frank Miller et Robert Rodriguez viennent faire une avant premire du film  Paris?
@MnFrankenstein J'ai fais a une fois avec ma mre. J'ai voulu envoyer "Merde maman est au courant pour la soire..."  mon frre. Rat !
@MoomooD2 frre jte promets tu seras au courant mdrrrr sinon sa te regarde tjrs en classe ?
@MrganeVct bas moi mon pre me dpose a la gare du coup j'ai 35 - 40 minutes de transport , RER + mtro
@MusicalBreath ET JE SERAIS VEXE DE NE PAS AVOIR ETEE MISE AU COURANT XD
@NeylaBlct Ouii je te tiens au courant, si tu veux je pourrais venir te chercher en cours la semaine pro je n'ai pas encore repris :p
@Nicko_Mbz mon gars tu seras comme ma mater au courant de rien :D
@Nico_Sity @YanitoMKC jsais pas, la dernire fois jsuis parti en courant maintenant j'ai chaud mais  coccimarket ils prennent stp
@NikkoCaen j'suis pas chez moi frere. Tu me tiens au courant
@OunsaLc vas y tiens moi au courant frere
@OuriaghiSamir ptdr cst des putes qui aiment ce faire remarqu, c'est pas la premire fois quel font a mdr.. C'est devenu courant et banale
@P0K0PHELIE quand j'ai vu son tweet j'ai traverser ma maison en courant et je l'ai gueuler a ma mre
@Pat66Perez Ni en courant, ni en marchant, ni en rampant... ;)
@PatriciaWatiOM Ah la galre.. J' te tiens au courant des buts
@PokoraFRANCE @MPOFFICIAL La je pense que la France entire est au courant lol #MattEstDeRetour J-10
@Poussinou69 Non malheureusement, on a envie de dire quand Android L sera prt. Probablement courant octobre. ;)
@PriinceRockStar Ya pas de soucis ! Tu me tien au courant on gere pour ca
@RYN_G azy jte tiens au courant si mon frre regarde la tv ou si j'ai une connexion de merde
@RenaudDel @27point7 la je serais un tantinet exaspr car PAS du tout au courant si c'est le cas ! #HoGodPleaseNotAgain
@Rue89 aprs les "phobiques Sarko" les "phobiques Finance" les phobiques Riches" voil les "phobiques Fiscal" ils vont crer 1 courant au PS
@RyyyerKinG fils d'eup j'attend mon pre j'ai loup mon bus sm
@SelenaRPGHP_ -va en courant, et en tenant son poignet cass vers l'infirmire-
@Serie_Al_Killer Ouaip ! Enfin pas ce site en particulier, mais oui je suis au courant \m/
@Shoheximiura ah merde... bon, promis si j'en vois (on sait jamais) tu seras la 1ere au courant ^_^
@Shvy_x une petite heure ... en train c'est galre terminus rer B chiant
@SinerydiHiroze Je prend tellement le rer b/petit gris/train que j'arrive a me placer a chaque escalier mdr
@Small_Hurricane de rien! a roule! on se tient au courant du coup! :) mais ce serait cool que tu viennes avec nous oui! :)
@SniperDeDroite Rire ou pleurer ???  ,Il n'est peut-tre mme pas au courant...!
@SoraZiZ Ils seront au courant de nos problmes, ils arrteraient de le faire.
@SphoraC moi aussi mais j'hsite par rapport au talon psq tous les jours train bus marche a pied la misre nan?
@StafinaExhib Hello miss j'espre que tu vas bien ? Te tiendrais au courant ;-) bonne journe bisouxxx
@TalynaWood Vous avez remis le courant ?
@Tenerifeodsea je prenais des billets 5 zones, 16 euros par jour & contrl ni dans le train, ni rer, ni mtro, les boules
@ThatsJu_ @Surfington3D a se voit que tu fais la grve des lives en ce moment sinon tu serais au courant des dernires nouvelles ;)
@TheDanteHD @kijooki @steuf76 si je l'ai tu sera au courant :)
@TiWellsx7 ha ok merci <3 <3<3<3 je n'etait pas au courant dso si je t'ais un peu embter
@UPR_Asselineau 1_ Une petite pense  votre courant... Pour la 1re fois le FN est  54% devant le PS pour la prsidentielle...
@V31Lisa @willow1411 @Helenetgnl @GinaTheBadass @minipouss77 Vous inquitez pas vu comment il me tarde vous serez les 1eres au courant !
@VirginieBELLAMY J'espre que cela te sera bnfique , tiens nous au courant. Bon courage et bonne fin de semaine
@Virginie_GR a marche et on se tient au courant pour Gad. Si je reois pas de tweet de toi  17h55 j'envoie pour toi
@XtRmPSG ok , tu aimerai pas savoir les vrais raisons du dpart de ancelotti du PSG ? Moi je prfre savoir, qu'on ns tienne au courant
@YDNIC_TMJ tkt si y'a quelque chose qui va pas un jour tu fera parti des premire au courant promis ;)
@YanisJR_ MDRR wallah jte tiens au courant tu vas venir dtendre l'atmosphre
@YansSokay @Biilou95213 tenez moi au courant les frres comme ca on spete
@_J2B_ non, tu serais au courant!
@_Tild Ok j'essayerai de revenir vers vous courant dcembre, puis-je avoir vos coordonnes par mail ? deborah.dassaro@sbp-
@_clairounette_ Maman m'a demand si t'as mere etait au courant quoi x)
@a_dufau haha je te raconterais en prive t'inquite, ou sinon je raconterais  Emeline et tu seras direct au courant
@adja_meite Vasi c'est pas bien d'tre mauvais avc les gens, je n'espre rien  ton iPhone mais si il a qlq chose tiens moi au courant
@aiden_TMRPG -tourne la tte vers toi en courant et te regarde faire-
@ambre_jbln Et ma mre ne veut pas que je fasse des navettes en voiture, si il m'arrive quelques chose mon pre est pas au courant..
@andreiaF03 @Portuguesinha91 t'es au courant que tu ma pas rep ?  Bha trq on dirais je l'ai insulter au calm on dirais elle est vnr mdr
@arnsescobar bah putain si c sa tu serais dj au courant depuis dc abandonne
@assofcuthbert: dans l'bus yavait un controleur il m'a dit:-papiers svpjlui ai rep :-nn g que des copies doubles dsl,rigolez svp
@atlinstereo @OnlyJordz_ j,espre jte tiens au courant Babe
@barret_jeanne il faut mettre en public tout a qd mme a serait dommage que les gens ne soient pas au courant qd mme..
@barton_samantha bus accident
@batistab17 votre Livebox (attendez l'affichage Internet OK) puis redmarrer votre Dcodeur. Merci de me tenir au courant. 2/2 ^Nes
@bekidrauhling Oui tkt pas !! je pense que tu seras vite au courant :)
@brunjaa le RER maudit, qui a 8 directions opposes pour un mme train. #sorcery
@bsrhernandez: @ChescoBolt t'as pas t mis au courant mdr ?? 20th Square - 1re Frappe :
@chan_leol *arrive vers toi en courant et saute sur ton lit* HELLO DOBI
@chcerutti Ioujours  contre courant le Flan Ils regardent  droite mais le Culbuto a les yeux tourns vers la gauche !!
@chroniquesdurer C'est difficile, puis le nom du blog induit en erreur du coup quand tu parles pas de RER
@conte_mick Il est au courant que la fille l'a retir ? Bon aprs il peut s'agiter mais c'est pas pareil.
@datsmatt omg mais moi j'm'en balek, a fait tellement mal que je serais capable de sortir de la classe en courant stp
@drugftniall jsuis creve,auji ct ma "premire vrai journe de cours" a m'a gav,ok le lyce c cool etc mais jsuis ko,le bus et tt ptn
@e_THA @Orange_France Bonjour, nous travaillons  rsoudre le problme. Nous vous tiendrons au courant ds que la situation sera rtablie.
@ebay_jpg tu mdis rien c'est pas cool jsuis tjrs la dernire au courant
@elisa_skeet C'est beaucoup de publicit pour pas grand chose. J'espre que le public tait au courant, je serais due moi.
@ewane237 ma mre est au courant... Elle a trouv un oinj dans sa room donc bon ^^
@fanbastien Merci beaucoup, il y aura bientt de l'actu importante concernant #theopenfilm vous serez bien videmment tenue au courant ;)
@fansofbadrhari oui merci bcp mon frre tu me tient au courant in sh Allah , comme a on va suivre a :)
@fleurpellerin mtn que vous tes au courant de l'existence de la #teamarchi et j'espre consciente de votre rle pour l'architecture 1/2
@freemantel30 Possible ! Le match sera thoriquement sans intrt, donc c'est pas encore sr. Je vous tiens au courant.
@fuckwithoran MON LYCE ET MA CLASSE DE L'ANNE DERNIRE ME MANQUE, J'AIME PAS LES COURS ET LES BUS CA ME CASSENT LA TTE
@geekosophe @crownapp j'apprcie ton impatience ;) tu seras le premier au courant !
@gunslvt pareil mdrr j'mexile vs seriez mme pas au courant
@idkmynam bh reste,au moins tu seras au courant des news. x)
@jf_cope La colre gronde chez les Notaires... Vous devez tre au courant...
@julialnr Je sais pas demain ma mre appelle pour savoir si je peux m'inscrire je vous tiens au courant
@kidrauhlbox @mathildepawlak @PaulineDcrx @Laure_Devienne elle gre Nath :p tu nous tiens au courant surtout :)
@krystelcarter 1/2: de rien . Oh oui a va bien, non jbosse pas, l jattend le bus pour rentrer, lol. Sinon je soir je rcupre...
@kyungsoorpg *dpose un panier repas sur ton lit et sors en courant de la chambre*
@la___faucheuse Le courant passe mal entre les gens et toi, voil pourquoi tu te sers d'un taser...
@laboiteaterreSuper!Vous serez en ligne d'ici quelques jours, on vous tient au courant! Bienvenue dans la famille!:)
@lajnadaima @AlGhourabaa_fr les gens de science savants & tollab sont au courant de son cas de manire trs dtaille
@lecrabe78 @FanV2N Quand je parle de qu'elle type de train je fais rfrence au TGV Intercits TER RER etc.. Tu dois le savoir non ? :-)
@ma_mamou j'sais pas encore je serai avec eva a partir de minuit. On se tiendra au courant pour se capter
@marie_nalin Tu me fais rire  je te tiendrai au courant !
@mllemarkhy pas trs au courant de la fachosphre malheureusement :(
@pesleaguefrance @KONAMIFR @SAbdelhamid ok si je peux tre tenu au courant a serait super
@purplefenty_ bientt tu seras au courant tkt
@shymofficiel qui refait une tourne en 2015 et je ne suis pas au courant !
@stylestab Mais OUI. Mme si ma mre est toujours pas au courant.
@tdelahaye ta mre n'avait pas besoin d'un smartphone pour envoyer des SMS. Elle tait au courant?
@tobycavanughJG Spencer vit Toby et se dirigea vers lui en courant.
@tybbow comme l'anne dernire, j'ai essay de motiv mes deux amis barbus hahhaha.... tu sera le premier au courant. sais tu dj la date?!
@woobees dernire question & jvous laisse :) tes vous au courant d'une nouvelle faon d'avoir un portable pour les abonns sans les points?
@xYumiste Non y'a ni Collot Laoshi ni Ren Laoshi anymore dans le lyce, et ce dernier clame qu'il n'est au courant d'aucun voyage :'(
Accident du travail sur un chantier EDF  Livet-et-Gavet, en Isre
Alors dj que je suis pas patiente mais alors aprs les cours attendre un bus qui n'arrive pas a me fait pter un plomb
Anglique elle m'as tue,elle tait trop panique pour prendre le bus du coup elle a rien bouff alors que j'avais trop grer la pure
Bon avec Estelle on va crer un blog, on vous tient au courant
Bon bah je crois ma mre es au courant mtn.
Bon bientt toute la classe sera au courant de mes vidos
Bon j'essaie de me motiver en me disanr que j'ai que 4h de cours ojd. Et puis je me rappelle des matires et j'ai envie de sauter du bus.
Bon voyage & bonne course aux athletes courant  Quiberon! Et pensez  vous arrter  Carnac pour voir les alignements de menhirs!
Bonjour @CelineLongy ! Message bien reu, nous transmettons et vous tenons au courant rapidement!
Bonjour @UnivParis8, tiez-vous au courant de cela ?
Bref pour ceux qui sont pas au courant suite  des problme que certain connaissent j'ai pris la dcision hier d'arrter CoD 1/2 @Kyn00u
C'est l'pisode o le pre de stiles va tre au courant de tout me semble t'il
C'est marrant de voir des gens courir derrire le bus
CA-42 Manchester Avenue : Accident at Normandie Avenue -
Ca m'fait rire je prend le seul bus qui passe toutes les 20 min du coup j'attend toujours trop longtemps.
Ca me fai rire les gens qui doivent prendre le bus ou le train pour aller au lyce
Ce midi avec Raph on s'est pose  St ger et aprs les cours j'ai vu le bus de sm avec Charlou et Ju j'tais trop sauce
Celui qui rame dans le sens du courant fait rire les crocodiles. #AfricanProverb
Cette anne il va me fter mon anniversaire.. J'aurais prfre ne pas tre au courant et que a soit une surprise mais bon dj c'est cool
Chacun dfend sa perspective,soit en reprsentant une institution, un courant de pense,,soit en reprsentant ses frustrations, son ego.
Chteaubriant Bus, tram-train : quoi de neuf pour la rentre ? #TER #TTNC | @scoopit
Circulation perturbe  Gorges en raison des travaux de la station tram-train. En voiture, privilgiez la route de St Lumine ou le centre.
Comment bien commencer sa journe ? Etre dans un accident de bus -_-
Cours de clture des valeurs du CAC 40  $MC $EDF $MT $AI $TEC $KER
Dans le bus j'avais un couple devant et dernire moi, et moi seule
Dans le bus tu peux dormir tranquillement tu sera forcment rveill par les coups de freins bien secs qui signalent l'arrive  alphaparc
Dans le courant de la semaine prochaine, vous serez informs ici mme de la date de l'AG de rentre de Radio...
Demain go au bahut en courant , faut s'y remettre pour le bike a mre la
Demain j'ai cours  8h et aprs on enchaine avec Inox  15h. Je vais boire tout seul dans mon RER.
Demain je commence  8h et je d'avis prendre le bus  7h mais mon pre doit aller au travail du coup il va me dposer
Demain je voulais aller sur Paris avec des amis et bim, toujours la dernire au courant, ma mre avait dj prvu autre chose.
Demain la team passe des testes pour une structure pour qu'on la reprsente  la FCO bo2 return.On vous tient au courant de se qu'il en est.
Dernire au courant tout le temps.
Douai : un homme a gliss sous le bus derrire lequel il courait - Douai et ses environs  via @lavoixdunord
Ds que je me sers un verre d'eau mon chat il arrive en courant et j'suis oblige de le faire boire dans un verre tellement il miaule :(
Dtails sur les specs du futur HTC Ville: Le petit frre du HTC One S pourrait bientt voir le jour (courant 2...
Du coup ce soir, dans le bus, j'ai saisi la premire occasion de lui parler
Du coup j'tais la dernire dans le bus.-
EBP-PRO NEWS : UE: excdent d'changes courant de 12 mrd EUR au 2e trimestre (1re est.)
Elle m'parle dans le bus sur Facebook elle veut ma B sur j'ai traiter sa mre conne va #F
En fait ma mre a dit  tout le monde que j'avais mon permis...............et moi j'tais mme pas au courant. La fourbe.
En rentrant y'a le bus qui a frein fort d'un coup; j'espre que personne a vu la tte que j'ai fait haha
Enfaite je nage dans le bonheur depuis que je suis la bas, a fait 15 jours que je vais au taff limite en courant, c'est trop rare
Enfoir de petit frre qui a louper son bus !
Est-ce que le courant considre le marxisme comme une...  Le marxisme est un outil, les outils a s'amliore. (...
Et faut pas que je loupe le 1er bus sinon je loupe le train de toute manire alors oui on est d'accord je descend et fais le chemin  pied
Et moi comme de part hasard je suis la dernire au courant .. Et aprs a parle d'amiti ...
Faire un aller retour de l'arrt de bus jusqu' chez moi pour rcuprer mon bouquin, fait
Faut vraiment arrter de croire que je suis faux cul avec Justine. Ce que je lui reproche, elle est parfaitement au courant.
Hihihi la honte moi je serais partie en courant
Huit jours aprs laccident impliquant un autobus et une voiture  Rivire des Anguilles, Hartmud Krohn,...
Il suffit d'un petit courant d'air socialiste pour que le gouvernement fasse marche arrire : pas d'ordonnance pour le travail du dimanche
Il tait au courant qu' elle serait l.
Il y a un vieux il vient vers moi il me dit "a baise?" Je suis parti en courant ok
Info Inox : askip seul les V.I.P sont au courant que Martin Garrix sera prsent avec nous demain
J'adore voir les gens courir derrire mon bus le matin
J'ai faillis louper mon bus, heureusement y'avais Remi mdddr, j'suis vraiment douer
J'ai falli louper le bus sa mre
J'ai mme pas fais ma carte de bus tout ca pck le lyce a pas envoy la feuille du coup l'a pas reu
J'ai oubli d'aller chercher ma soeur au collge.. bon je vais aller ma rcuprer au bus !
J'ai trop hte d'avoir mon premier cours de philo. je serais pour une fois enthousiaste dans le bus
J'aimerai bien me dire que demain j'ai 1h d'histoire et qu'on aura notre galre habituelle de devoir courir pour le bus avec Tiph et Steven
J'cours pas aprs un bus tu crois j'vais courir derrire un gars ?  allez kenga.
J'cours pas derrire un bus c'est pas derrire toi que j'vai courir ..
J'espre qu'elle tait dj au courant. RT @puremedias "Grand Journal" : La Miss Mto Raphalle Dupire bientt vire
J'espre qu'ils sont au courant pour Get Lucky
J'espre que je vais pas rater mon bus sinon je vais devoir prendre le train
J'espre que le bus vas faire un accident et que William s'en sorte pas
J'pourrais limite faire mes 2h de cours, sortir  midi, prendre le bus  30 et taper une journe de taff 13h-21h, ce serait dur mais dar
J'suis dans l'bus et l'chauffeur ralentit parce qu'une beurette travers,j'lui ai dit c'est orange tu peut passer. tt l'monde m'a applaudi
J'suis sre vous verriez ma tte vous partiriez tous en courant wesh.
J'tais sre de louper le bus alors j'ai prvu le coup
J'vais appele sa mre pour qu'elle soit au courant que son fils est un connard!
Jai des 6eme dan mn bus il sont en train dparler dmec ma vie elles me font trop rire
Je crois que si il me parle tout twitter sera au courant
Je fais toujours des trucs de dernire minutes c'est pour a a chaque fois je loupe mon bus aussi
Je faisait trop la belle ma mre en a eut marre elle m'a laiss en plan du coup je dois prend le bus j'assume pas
Je me suis tape une barre de rire en cours d'un coup, toute seule.... je repensais vous savez  la renoi dans le bus qui tourne la tte?
Je perds ma cravates, ma carte navigo et je loupe mon bus . Tous sa le jours de la rentrer nique ta mre fdp
Je peux marcher aller au prochain arrt pour prendre le bus pourtant c'est le mme que t'as refus d'attendre qui te rcupre devant...
Je rentre chez moi en RER en coutant @LanaDelRey #DontJudgeMe
Je suis partis en courant sur ma mre alors qu'elle dormait a cause de la bte elle a sursauter elle  cru il m'arrivait un truc MDR MAIS
Je suis toujours la dernire au courant de tout
Je suis toute seule chez moi. Je crois la mre elle est pas au courant je suis la!
Je viens d'entendre mon frre partir en courant alors que hier il m'a dit qu'il avait pas cours ce matin. Quand il va se rendre compte..
Je vois pas mon chien, je demande  ma mre: - On l'a emmen chez le veto, elle tait trop malade on l'a faite piquer. Pas au courant ..
Je voulais faire une surprise  ma mre au lyce mais a faisait mme pas 10mn que j'tais la bas qu'elle tait dj au courant
Jprend le bus de 17 j'espre quand j'arrive a la gare yaura le train de 35
Jsuis dans le rer c jvais en cours
Jsuis sre que ariana elle est au courant pour larry,comme toutes les clbrits qui les entourent
Juste un petit rappel pour ceux qui ne seraient pas au courant :
L'anne dernire ocane quand elle finissait  16h30 elle se barrer 15 minute avant la sonnerie pour pas louper son bus
Le RER c c'est devenu une grosse blague. Deux ans pour rparer un truc et donc un train toutes les quinze minutes. Super...
Le bus aprs les cours c'est pas la vie. J'suis fatigu les gens ils crie sa pu sa mre..
Le bus qui a 30min de retard (59), et des bouchons pas possibles sur le bas de la 202 (accident ou travaux ?) #Nice06
Le bus tait en avance du coup la mre de Salom nous dpose >>
Le chauffeur il est pass devant mon arrt tranquilou sans s'arrter alors que j'avais demand du coup j'ai couru  travers le bus en criant
Le fou rire avk Audrey  Je lui parle d'un coup le bus freine...j'avais jamais vu le sige d'aussi prt
Le mec derrire moi dans le bus, Tu peut arrt de mettre des coup dans mon dos STP!
Le mec, toute la maison le prend pour un pd. Je serais lui, je partirai en courant. #SS8
Le ministre des AE nest pas au courant dune taxe dentre impose par la Libye aux Tunisiens  #Tunisie
Le prof de sport nous a laisser sortir 5min avant du coup j'ai pu prendre le 1er bus
Lel elle m'as dis que ma mre dans son bus elle avais traiter quelqu'un
Les chauffeurs de bus se disent tous bonjour genre ils se connaissent tous je suis sur en vrai c'est un complot pour faire des accidents
Les choses srieuses commencent!: Avant desprer retrouver lEspagne, les Bleus, sous courant alternatif dep...
Les gars qd 1meuf vs fait rire arrtez de dire qu'elle a 1humour de mec svp.,Ne ngligez pas notre humour de femme,vs tes mm pas au courant
Les gens qui ont cours le Samedi vous aurez votre place dans le bus/mtro il sera pas blind !!!
Les profs ils aiment pas rpter qu'on a le bac a la fin de l'anne dj, c'est bon j'pense qu'on est au courant
Les traditions, c'est important : avant d'aller surfer le RER, il convient de faire un petit pipi prventif.
Louper le 1er soir le bus c'est vraiment super cool
Louper le bus  cause de son frre, fait
Louper le bus des la premire semaine fait
Louper le dernier bus pour rentrer  cause de caissire de merde qui mettent 20 minutes pour faire passer un panier de course #SalePute
MDRRRRRRR oh putain je rentrais chez moi avec mon frre d'un coup on vois une meuf norme en legging moulant et soutif traverser en courant
Ma jeunesse a la couleur des trains RER C pendant l'trajet j'revais de percer, fier d'en tre un
Ma mere me fait chier a me rabacher que je suis en S, je pense etre au courant alors qu'elle se calme
Ma mre a fait un malaise a cause de ce fils de pute de gros connard de pre, ma mre est sortit en courant de chez moi et une femme la-
Ma mre c'est tjrs pareille, elle me dit tqt je t'amne, elle est jamais prte alors je dois courir pour avoir le bus.
Ma mre elle crie " venez mangeeeeez " et quand j'viens en courant elle m'dit assis toi c'est bientt prt ..
Ma mre elle est relou elle commande couscous et le livreur il vient alors que j'tais mm pas au courant et elle est pas la jfais quoi wsh
Ma mre elle veut toujours tous d'avoir tre au courant de tous c'est chiant!
Ma prof d'svt quand elle ma toucher la main j'ai senti un coup d'lectricit je lui est dit " le courant passe entre nous" elle tais gner
Mdddddr mon pre il veut ap que je prenne le RER du coup il m'emmne en voiture
Moi et mes amis on va s'organiser, bientot 1er manifestation devant gym, on vous tiendra au courant @yvonmichelGYM @jeanpascalchamp
Mon entraneur me dit, Agathe ne loupe pas le bus et la je me retourne il tait derrire moi, j'ai taper un sprint
Mon frre a du se tromper de bus et du coup, on s'est pas o il est...
Mon frre tout a l'heure il me sort "Vient on va chez mamie en courant" du coup on a t et on est revenu et sa fais 18Km
Mon frre vient en courant dans ma chambre,& utilise mon sche cheveux sans rien demander..alors que j'tais sur le lit..Trop de gentillesse
Mon pre m'a dit t'es trop curieuse change de branche va dans le journalisme tu seras au courant de tout
Mon pre qui me donne des sous pour ce soir et qui me dit "ta mre est pas oblige d'tre au courant" mdr
Ne pas reveiller mon frere et lui faire louper le bus ou etre gentil ? w
Nous avons reu des lettres qu'on doit couper le courant au nord . Donc l'tat pensent qu'ils sont peur de boko Haram seul ? Nous aussi.
Nous vous tenons au courant du nouveaux planning ds qu'il sera prt.
Omg je viens de redcouvrir ce compte aprs un an d'inactivit , j'tais mme pas au courant qu'il existait.
On a eu un fou rire en courant avec lise
On prend tous les transports du monde ! Voiture + avion + bus + RER + train  #TropCoolTonSamedi
Ouaa j'espre je vais pas louper le bus
Partying hard dans le RER (qui dmarre pas :)))))) )en coutant Pitbull. Mon vendredi soir >>>
Pour la premire fois que je prend le bus faut que je cours parceque je suis en retard et finalement c'est lui qui est en retard
Pour retourner chez moi je dois prendre 2 bus et le train. C'est la galre on va se perdre avec elie
Pour rien ? ils sont maris, donc dclaration commune ! elle ne serait ps au courant ? Impossible ! @JPdeLAMBOTTE @64Moana @DominiqueLUNEL
Pourquoi la dernire heure ne passe pas.... Il faut que je dorme pour tre prsentable demain sinon mes amis vont partir en courant :(((
Pq la caissire prend ma cannette par le haut c'est immonde Arrte de courir aprs l'bus jsuis presser jveux pas qtu monte
Premire couilles on loupe le premier bus.
Premire fois que je commence  8h, premire fois que je dois courir pr le bus. Le dbut d'une longue anne... lol
Premire fois que je prend le bus et le train avec ma sur
Premire semaine de cours et je loupe dj mon bus, tin c'est partis
Ptdr je crois que ma mre vient de m'obtenir un boulot j'tais mme pas au courant
Ptn ma mre m'a retenue sinon j'aurai jamais louper le bus rohh
Ptn mais a fait 3semaines qu'ils font une pub sur le concert de patrick ma mre est pas au courant what
Putain quel journe ... Le sac avec 10 livres toute la journe, puis attendre le bus 1h30 ensuite accident de bus changer de bus et marcher
Quand j'suis en galre de train et de bus pour rentre du lyce @soph44350
Qui est au courant brook davis elle a fais sa propre serie?
RER finit, place au cours !
RT @ Boudryette ameliebdya me fait beaucoup rire de voir les Jean louper leur bus le soir aussi en fait,#lesJeans
RT @Abdou92izi: Les gens qui ont cours le Samedi vous aurez votre place dans le bus/mtro il sera pas blind !!!
RT @AlexandrePinhas: Info Inox : askip seul les V.I.P sont au courant que Martin Garrix sera prsent avec nous demain
RT @Alice_Drn: @zukasabelle si tu vois une grosse arrive en courant les bras grands ouvert vers toi; bh c moi
RT @AmineMsb: Ma mre elle crie " venez mangeeeeez " et quand j'viens en courant elle m'dit assis toi c'est bientt prt ..
RT @CORDEMarie: Pour rien ? ils sont maris, donc dclaration commune ! elle ne serait ps au courant ? Impossible ! @JPdeLAMBOTTE @64Moana @DominiqueLUNEL
RT @Cameleon_SB: "Vous serez les premier au courant" on y a bien cru  celle ci
RT @CarlVrn: taleur avec @HippoMrt on a descendu la rue national derrire le bus en courant pour essayer de l'avoir au final on l'as pas eu miskine
RT @CassieeGrr: ma mre qui veut demnager parce qu'elle en a marre que j'ai pas d'bus pour les cours trop bien
RT @Chriss_Kblx: @YansSokay @Biilou95213 tenez moi au courant les frres comme ca on spete
RT @ConV_eSport: Demain la team passe des testes pour une structure pour qu'on la reprsente  la FCO bo2 return.On vous tient au courant de se qu'il en est.
RT @DelpierreLucile: J'espre que le bus vas faire un accident et que William s'en sorte pas
RT @Djibryl_LH: Le bus aprs les cours c'est pas la vie. J'suis fatigu les gens ils crie sa pu sa mre..
RT @EmmaLct: Le bus tait en avance du coup la mre de Salom nous dpose >>
RT @Evilashymetrie: @jf_cope La colre gronde chez les Notaires... Vous devez tre au courant...
RT @Fnaut_PdL: Chteaubriant Bus, tram-train : quoi de neuf pour la rentre ? #TER #TTNC | @scoopit
RT @GaOuh: Les gars qd 1meuf vs fait rire arrtez de dire qu'elle a 1humour de mec svp.,Ne ngligez pas notre humour de femme,vs tes mm pas au courant
RT @Grvdii_: @Miriamissime ptdrrr m'en fou apres tu ma encore insulter et je devais allez en cour vers l'arrt de bus encore mdr
RT @Hanazakari_x3: @MissZbu loupais svt un qd le 1er bus tait en retard... alors je sechais carrment l'heure comme a on mettait abs et pas en retard :')
RT @HeloiseElise: @PokoraFRANCE @MPOFFICIAL La je pense que la France entire est au courant lol #MattEstDeRetour J-10
RT @JaiRienNadir: - Ton pre travaille  Edf ? :$- Nn pk ?- Parce que le courant passe bien entre nous..,#TechniqueDeDragueAEviter
RT @JuliaOneOne: @adja_meite Vasi c'est pas bien d'tre mauvais avc les gens, je n'espre rien  ton iPhone mais si il a qlq chose tiens moi au courant
RT @JulienCdt: Bonjour @UnivParis8, tiez-vous au courant de cela ?
RT @KassimCorsaire: RTSI dan le bus a trait de fdp ya 1mec ki a di "mai dfend toi" ta rep "mai c vrai" tt le bus ta applaudi et demand son snap m ouiii
RT @Kelly_Wrt: Premire fois que je prend le bus et le train avec ma sur
RT @LANDEYves:  Une tude dmontre que 25 000 csariennes seraient vitables en France chaque anne . Oui, merci, on est au courant pour la sodomie.
RT @Lacoster93_: J'suis dans l'bus et l'chauffeur ralentit parce qu'une beurette travers,j'lui ai dit c'est orange tu peut passer. tt l'monde m'a applaudi
RT @Lea_afbrk: J'espre que le courant va passer avec Pascalou le nouveau metteur en scne! @_lisemartin @MarieMorlot
RT @LloydEdouard: Moi et mes amis on va s'organiser, bientot 1er manifestation devant gym, on vous tiendra au courant @yvonmichelGYM @jeanpascalchamp
RT @MaitreSidibe: Le jour du Jugement Dernier, J'espre que les fraudes : dans le bus, dans le mtro et dans le train ne sont pas compt... #SinonJsuiFoutu
RT @MaylineCharbonn: @P0K0PHELIE quand j'ai vu son tweet j'ai traverser ma maison en courant et je l'ai gueuler a ma mre
RT @Oli_k_3: Premire fois que je commence  8h, premire fois que je dois courir pr le bus. Le dbut d'une longue anne... lol
RT @PaulineGuyony: Mon frre vient en courant dans ma chambre,& utilise mon sche cheveux sans rien demander..alors que j'tais sur le lit..Trop de gentillesse
RT @PostBadOrients: J'suis dans l'bus et l'chauffeur ralentit parce qu'une beurette travers,j'lui ai dit c'est orange tu peut passer. tt l'monde m'a applaudi
RT @Priscilla__KA: "La saison 05 de #TeenWolf sera diffuse courant 2015"
RT @Queen_Shrl: J'cours pas aprs un bus tu crois j'vais courir derrire un gars ?  allez kenga.
RT @Raakooss_GbcZoo: Je perds ma cravates, ma carte navigo et je loupe mon bus . Tous sa le jours de la rentrer nique ta mre fdp
RT @SalomeSigronde: Les profs ils aiment pas rpter qu'on a le bac a la fin de l'anne dj, c'est bon j'pense qu'on est au courant
RT @SandraRadio: S.Boukhalo "Le problme cest quon ne sera pas au courant que la personne sera atteinte du VIH ou de lhpatite C"
RT @Sleepingawaay: 1ere vraie journe de cours, 1er problme de RER, 1er sprint pour avoir mon train. Pas de doute, c'est bien la rentre.
RT @SonelAes: Nous avons reu des lettres qu'on doit couper le courant au nord . Donc l'tat pensent qu'ils sont peur de boko Haram seul ? Nous aussi.
RT @SpeedThemAll: Nous vous tenons au courant du nouveaux planning ds qu'il sera prt.
RT @Steph__en: Bon avec Estelle on va crer un blog, on vous tient au courant
RT @TchokoSylvie: Le jour ou il me l'offr, tt tweeter sera o courant.....promis, jurer,cracher
RT @ThaMarvellious: @bsrhernandez: @ChescoBolt t'as pas t mis au courant mdr ?? 20th Square - 1re Frappe :
RT @TweetsSegpa: RT Si vers minuit tu pissais contre un mur ds lnoir total.. un renoi a cri"-Eh c qui le fdp qui mjette de l'eau la?!",Tes parti en courant
RT @ViolettaReacts: Moi quand ma pire ennemis pers sa ballerine en courant  #A
RT @Vraitwits: "A 15ans elle est tomb enceinte par accident" C'est vrai que c'est trs courant de trbucher et de tomber les jambes cartes sur un pnis.
RT @YMarieKloss: Je voulais faire une surprise  ma mre au lyce mais a faisait mme pas 10mn que j'tais la bas qu'elle tait dj au courant
RT @Yo_Steeven: Un Segpa dans le RER drague une fille- T'vas ou?-  la dfense et toi?,-  l'attaque mddr "Mme Le train t Mort De Rire"
RT @YoannRatcliffe: @Jojo_Aurx Ca serait "bte" de faire a si tu est fan de AC. Nanmoins, il se murmure que Rogue sortira sur PS4/One courant 2015
RT @_Jimmy_Cooper: Hier mon anniv et la victoire de l'EDF. Une victoire des Packers cette nuit pour ouvrir la NFL serait parfait. Sa s'annonce dur #NFLextra
RT @_SouthofHeaven: Camille elle est toujours au courant de tout elle. Une vraie commre. #lt
RT @_solal_: Encore 50% de batterie aprs une matun, une journe de cours, et 1 heure de trajet en bus. OnePlusOne
RT @arnauddassier: A ce rythme @contribuables associs va bientt pouvoir crer un courant au PS...,#thevenoud #cahuzac
RT @assofcuthbert: dans l'bus yavait un controleur il m'a dit:-papiers svpjlui ai rep :-nn g que des copies doubles dsl,rigolez svp
RT @bsrhernandez: @ChescoBolt t'as pas t mis au courant mdr ?? 20th Square - 1re Frappe:
RT @choupiloup: @Choupilove_ D'ailleurs ma mre est rentre dans ma chambre en courant et sautant comme un lapin... je sais de qui je tiens a maintenant xD
RT @damien_gaidier: @fleurpellerin mtn que vous tes au courant de l'existence de la #teamarchi et j'espre consciente de votre rle pour l'architecture 1/2
RT @fleur142: @VirginieBELLAMY J'espre que cela te sera bnfique , tiens nous au courant. Bon courage et bonne fin de semaine
RT @fxbuloueh: @drugftniall jsuis creve,auji ct ma "premire vrai journe de cours" a m'a gav,ok le lyce c cool etc mais jsuis ko,le bus et tt ptn
RT @hxranthehell: j'aime pas les meufs qui veulent tre au courant de tout sur ta vie juste pour aller rpter  tout le monde omg mais ntr
RT @indieshoran: j'coute ma musique dans le RER et y'a un connard qui entre pour faire de l'accordon
RT @leamrch: par sms j'me la ptais grave, j'ai voulu mettre : "j'ai un corps de rve", mon t9 a remplac a par : j'ai un corps de RER sans pression
RT @lestrepublicain: Premier accident de Tram  Besanon : une victime dans un tat critique - L'Est Rpublicain -
RT @louisxwerewolf: Ptn mais a fait 3semaines qu'ils font une pub sur le concert de patrick ma mre est pas au courant what
RT @mademsey: @pesleaguefrance @KONAMIFR @SAbdelhamid ok si je peux tre tenu au courant a serait super
RT @modemessonne: @Bayrou de 11  14 % 1er tour il y a un courant d'opinion en faveur du centre, il faudra compter avec lui @desarnez
RT @moi_c_obe: RTsi t'es all dan 1 commissaria en Thailande ta voulu dpos un main courant le mec ta donn 1 glacire et 1 machette tes rest perplexe
RT @morganeebs: Louper le 1er soir le bus c'est vraiment super cool
RT @prisciymae: @DelphiiineM @chapronrouge78 DES TUTUS? MDRRRRR T'AS PRVU UN GALA DE DANSE CLASSIQUE OU BIEN? CE SERAIT BIEN QUE J'SOIS AU COURANT
RT @sergenguya2: @SoraZiZ Ils seront au courant de nos problmes, ils arrteraient de le faire.
RT @tomlxnshug: MDRRRRRRR oh putain je rentrais chez moi avec mon frre d'un coup on vois une meuf norme en legging moulant et soutif traverser en courant
RT @vincen_time: Putain quel journe ... Le sac avec 10 livres toute la journe, puis attendre le bus 1h30 ensuite accident de bus changer de bus et marcher
RT Manon Mercurio ManonMercurioJ'adore voir les Jean courir derrire mon bus le matin,#lesJeans
Rentrent sur le terrain en courant vers notre gars. On a encercl notre gars hein. On l'a escort jusqu'au vestiaire, on l'a enferm dedans>
Rio Grande Avenue : Accident at 29th Street -
S.Boukhalo "Le problme cest quon ne sera pas au courant que la personne sera atteinte du VIH ou de lhpatite C"
Sa mre je cours aprs le bus comme sa
Si je courais aussi vite en match que derrire le bus je serais une de ces bombe
Si un jour il m'arrive quelque chose genre vous ragirait comment ? Puis comment vous serez au courant ?
Sinon les recres, le bus l'heure pour manger c'est calme mais les cours laissez tombez
Sinon y a un mec qui m'a coupe le chemin en me passant devant quand je traversais la route, j'ai du m'arrter alors que le bus arrivait
Surtout quand tes profs de l'anne dernire n'taient pas au courant
Tablier abdominal avec relchement cutan trait par abdominoplastie avec haute tension suprieure: Vue de face....
Tablier abdominal avec relchement cutan trait par abdominoplastie avec haute tension suprieure: Vue de...
Temperature: 27C/Humidit:88%/Ressenti:36C. Encore une tempte qui arrive  #Toronto J'espre qu'on aura du courant cette fois #blackout
Toujours la dernire au courant !
Tout a l'heure y'a un 6e qui me regarde et j'tait avec ma pote j'ai clater de rire il est parti en courant
Tout le monde me trouve speed  mais vous n'avez pas rencontr ma mre surnomme "le courant d'air" qui ne peut pas rester en place
Une pense pour @Byayaba reprsentant du courant rocardien du PS. ;)
Wesh le train on dirait le RER A la laisse tomb le monnnnnnde
Y'a un couple trop mignon dans le rer, et sinon moi je suis assise a coter de mon sac c'est pas mal aussi :)
Y'a une grand-ma  l'arrt de bus qui ns regarde chelou depuis tahleur comme si on tait des terroristes alors qu'on attend nos compres
[ Je me dois de tout rcuprer dans le bus . ]
[News] Premire bande-annonce pour "Eden", long-mtrage sur la French Touch, courant de musique lectronique ! =>
a commence bien ! Je pars de chez moi  8h, premier bus loup ! Je sens que le rer a va tre la mme...
a fait 45 minutes que j'ai pris le bus et je suis qu' flac ! Putain de bouchon de merde , merci l'accident !
a me fait beaucoup rire de voir les gens louper leur bus le soir aussi en fait
a parle trop de mon accident avec le bus mdrrr,de partout jpp
avec anissa et julie ont a galre pour l'euro on savait pas si on avait du coup j'ai rejoint julie prs des bus et on a pris notre bus mdrrr
comme le disait mon pre: "il faut ramper dans le sens du courant quand le crocodile rit" Les expressions des renois dans les films
dernire n'est pas au courant. Je veux pas foutre un bordel mme si c'est tout ce qu'elle mriterait.
du coup j'avais trop chaud, mais j'avais pas le choix il y avait un bus qu' 15h27, mais c'est mort je le referais jamais
faut peut-tre que je mette au courant ma mre que je vais  la marlire se soir
j'ai faillis louper mon bus cmatin  cause de ma mre
j'ai l'impression d'tre la dernire au courant t'sais
j'aime bien les filles, elles sont dingue d'un gars, sauf que moi jsuis au courant et il s'en bat les reins du coup a mfait lgrement rire
j'aime pas les meufs qui veulent tre au courant de tout sur ta vie juste pour aller rpter  tout le monde omg mais ntr
j'coute ma musique dans le RER et y'a un connard qui entre pour faire de l'accordon
j'espre aussi..  tiens moi au courant eh
j'suis descendu pour aller chercher  boire, j'ai allum la lumire, j'ai vu une araign pire qu'norme, j'suis reparti en courant ...
je respecte mes amis  Paris qui font 1 h 30 de trajet en RER pour aller en cours !
jpensais yavait que moi  qui il racontait a, mais en fait non, tt le monde est au courant, a me fait bien rire
l'anne dernire on attend 20min aprs nos bus,la a peine sorti de cours mme pas le temps de voir Rem 5min j'part dj quoi
la police qui le suivait mais la voiture de devant c'est arrter ducoup le mec est partie de sa voiture en courant les policiers l'on-
le mec  ma mre est chez moi, j'tais mme pas au courant qu'il venait, a va que je l'adore hein
ma mre des fois j'me demande si elle est au courant qu'elle a une fille, elle va chercher mon frre au bus ms moi j'me dmerde pr remonter
ma mre qui veut demnager parce qu'elle en a marre que j'ai pas d'bus pour les cours trop bien
ma mre veut me faire louper mon bus ou quoi??
mais jurez ya la mer des monstres  la tl et jsuis pas au courant
mon frre qui mappel "rejoind moi au kebab"no problemooo ,j'arrive en courant mme mdrrr
par sms j'me la ptais grave, j'ai voulu mettre : "j'ai un corps de rve", mon t9 a remplac a par : j'ai un corps de RER sans pression
ptdr les gens qui vont aller a l'avant premire mais qui se tiennent mme pas au courant que dylan ne vient srement pas fvg les groupies
quand t'ira lui poser des questions il va te dire "ftg ta mere est pas au courant"
vasy je quitte ce monde j'ai loup mon bus j'tais juste derrire lui
