"@TEENZARI: 13. Tu rentres vers quel heure  la maison aprs les cours?" 17h30 qd jloupe pas mon bus
"@TEENZARI: 13. Tu rentres vers quel heure  la maison aprs les cours?" 19h quand je prend le bus et 18h quand je entre en voiture
"Jsai pas si vous tes au courant mais Messi..." NIQUE TA MRE
"ya un mec il courait aprs le bus, le bus ses arrter, l'mec il a vus y'avais des contrleurs il a fait genre il faisait un footing mdr"
"ya un mec il courait aprs le bus, le bus ses arrter,l'mec il a vus y'avais des contrleurs il a fait genre il faisait un footing mdrrrr
#Nantes hliportage fini #TourBretagne, courant rtabli sur la L3 du tram mais le primtre reste non desservi. Bus relais jusqu' 18h.
#Vaucluse | #Bonnieux : accident trs grave entre un bus et un cycliste  via @Ledauphine.com
' Mais Gatan devait pas venir hier ? ' ma mre elle est au courant de truc que moi mme je sais pas
0h25 mon frre entre dans ma chambre: "Les bus ne passent pas demain". =) on coupe le rveil
2me coupure de courant, ta mre la pute
: En jouant 2 mtres derrire sa ligne de fond et on courant 2 fois plus que #Federer, #Gasquet va s'puiser #FRASUI #CoupeDavis"
@1LikeYou3 wa alayka salam sa je ne peut pas te dire mon frere, je ne suis pas au courant.
@AffluxXx bien reu, merci. Je vous tiens au courant des que possible. Bonne soire
@Agathe_Mln je croise les doigts pour toi, j'espre de tout coeur que a va bien se passer  tu me tiendra au courant
@AlexBen_Higuain Ne t'inquite pas si il ne le fait pas tu seras au courant mais pour l'instant tout ce passe trs bien
@Amandinemrqt Ahn trop bien !! Je suis la dernire au courant moi
@Aponika_ @lealoridan mais y a pas que a mdr mais ouais premire fois d'ma vie tu verras demain tu vas partir en courant..
@ArsonBal Nop du tout, mais vu que c'est de Brive et que pas tlm connait, j'me disais que ce serait cool que les gens soient au courant
@AshtonRPGTF *entend sonner et rpond* oui ? *trouve le phone le prend et redescend en courant cours vers le bois*
@AubreeFranck @MaximeRvl T'es au courant qu'aucune banque franaise de veut prter au FN ?
@AurelCprs ah..j'espre elle va bien, tiens moi au courant. Tu fais quoi cette aprs-midi ?
@CDvsms je te redis quand je rentre ! Je serais en semaine de rvisions des partiels cette semaine l donc je te tiens au courant baby
@CJouffret Beau bb, c'est courant dans football amricain un gabarit comme a j'espre que son essai sera concluant ! .... A+Eric71.
@CReguieg je l'ai vu, je me suis barr en courant la premire fois que je l'ai vu
@CaroStem Non je parle pas de lui ahah , tu serai au courant sinon voyons !!
@ChavezIsMagic Si tu vivais au #Venezuela tu serais au courant,Pendejo
@ContactNoemie Connasse* Au cas o, tu ne serais pas au courant je suis une fille. Tu as dj vu un mec s'appeler Marianne toi ?!
@Coupeet_92 yow mi key ya rerman mom tjs perdue dans les cahiers,si tu ne me trouves pas trouves mes cours , j'y serai lol
@Cyriil_G dans le courant de la semaine je regarderai "enqutes criminelles" t'y seras peut tre mdrr
@DRUGOFCURLY oui c'est a, j'tais toujours la dernire au courant des choses et 2 de mes ex bfs me parlent plus bc c'est des moutons
@D_Bere83 " Et tu ne vas pas voir Hunger Games  19h15 ? " Non mais Bere mme moi je n'tait pas au courant de l'horaire, et lui oui ??
@Damon_RPGTO Avant tout, il y a des rgles. Personne d'autre ne doit tre au courant, ni ta chrie, ni ton frre, ni personne. Ensuite -
@Demi_Marti Tu seras mise au courant  son arrive ;)
@Dodoobiest jtape rarement dans la dd (ce qui est courant pour ceux-l) et j'ai vraiment tjr t maigre
@Eithlenn @SeriousCharly t'es sre ? il a pas l'air trs au courant :D
@Elodie__Leroy ptddddr bah oui mais a me fais rire jt mme pas au courant
@EmmyBerry87 @Sexuxion Non mais EDF ils font l'lectricit et du coup la lumire et du coup sa brille
@EricEsakayan une galerie de peinture,????? cela me ferait plaisir d'tre au courant du vernissage. Merci . Martine
@EscapeThisHell Ils ont dis aussi qu'ils auraient les toutes premires places (mme avant les ventes) donc ils sont p-e au courant avant :)
@Ethanrpgdm -clate de rire et ce casse en courant-
@Eve_Rgr je sais pas. Je suis mme pas au courant de mes horaires de la semaine. Je sais juste que demain je fait 9h 17h..
@Ewan_Belieber ton pre est au courant qu'elle a mis un mot ?
@EzioRPGULA -se relve et part en courant avec les larmes aux yeux-
@FabienChevalier Bayrou a tu une gnration de Centriste, sans l UDI ce courant politique serait en voie d extinction...
@GoldNarko @Joris_faye toute faon ta mre est au courant elle a dit on peut te vendre
@GoldsteinEmma je sais pas trop, le moins longtemps possible j'espre:/ Je te tiens au courant bien sur
@HassinetVictor @JeanneCltn pk tu es au courant de rumeurs selon lesquelles il serait sympa ?
@Here_And_Now__ tiens moi au courant !
@HonorineChabod C'est mon petit secret :) mais en tout cas c'est trouvable et je te connais vraiment pas enfin je serai au courant sinon :p
@Honorinekeisser chre Honorine merci de me le rappeler je suis au courant ne vous inquitez pas je louperai pas mon rveil demain matin
@IrinaLauR Ow c'est grand alors xD t'inquites je te tiendrai au courant :) j'espre vraiment trouver ! *_*
@James_Riddle_ *continue de rire  gorge dploye, courant toujours pour sa vie  travers le dortoir*
@JulieCourbe @marion_arnd probablement, enfin tant que la mre Guedez est pas au courant a va mdrrr
@Julieoriginal je l'espre, je te tiendrai au courant  les resultat seront srement mis sur Internet
@JustinRPGDM -sa sur arrive vers vous en courant puis saute dans les bras de yasmine avant de te regarder longuement et de demander_
@Justincroyable1 oui. Non psk demain elle doit m'enmener au bus. Du coup c est ma grand mre qui dodo las bas
@Karim94800 Ta niqu quoi ta pute de mere la salope qui leche mes fesses ? Ta gagn 4-3 en courant avec salah fdpva
@KatyxLarry je pense que je serais au courant si j'tais fan.
@KevinMessy Pour le moment j'ai rien reu, je te tiens au courant! ;)
@KinGParAA Tkt pas tu sera au courant quand je serai sur paname et que tu ramassera ta fesser point ne soit pas impatient !
@KingMyzR je te tiens au courant pour le G4G parce que le last sera peut etre la
@Koalao_ Promis tu seras la 1re au courant
@LAUGHOFBIEBS mdr j'tais pas du tout au courant oki ouai il gre sinon #MTVStars Justin Bieber
@LBbhr ouais mais elle tait au courant pour la semaine dernire sa passeras. Et puis de toute faon je sens que je serai pas prise.
@Lauulauuu ok merci ! Tkt pas pour le courant j'ai 37.6 multiprise reli a chez moi :P ( cc @LoL_SCR )
@LeGrosMenes tu sais, certains taient pour les esclaves. Ya tjs des gens  contre courant, comme a, pour le plaisir de rler. ..
@Lea_Dlng @dydy62145 tqt vous serez les premiers au courant :p
@Louis_Tomlinson le jour ou tu me follow tout mon collge sera au courant mdrrrr jsp pq je pensais  a d'un coup #concoursfansfr
@LouiseBenattia c'est la baseeee! Haha bah on se tiens au courant un mercredi ou un week end on va vers cap!
@LucieDouucet ah j'prfre Ah bah ENFIN tiens moi au courant sheguey
@Lyonnaise_eaux rcuprer l eau de pluie sur les toits des usines comme le fait edf en la rutilisant pour arrosages
@Malikonnasse ta mer elle est o courant que tu lis fifty shades of grey deja
@MarionMeffe @ClementEmery @chauvet89 @paulinegnr89 Mais vous tes au courant que ma mre rentre quand mme dans la nuit hein ?
@Mathiserie j'ai rver de toi ! J'avais louper mon bus et je te voyais sauter sur les gens pour des clins ! (1)
@MelinaRaffa tu seras au courant quand meme :p aidez moi la #TeamOM
@MimieLMB on se capte demain, tiens moi au courant Et profite de t'appeler premire soire de majeure
@MiratMrn a serait bien de me mettre au courant dj mddddr
@Mirosewi @NathClaessens T'espres aller en cours ? Perso j'aimerais bien ne pas avoir de bus xD Mais je vais pas en bus
@Morgleee une fois j'avais tir la chasse et l'eau est monte et a dbordait a voulait plus s'arrter et je suis parti en courant
@NoemiePeallat tu pourras me filer le liens pas trop tard? Pour que j'essaie bc si a ne marche pas je prfre tre au courant mtn quoi! :)
@OffNathalieSS8 @glabg2014 @VivianSecret8 fera plaisir tiens moi au courant STP
@Parkinson_RP *t'coute & sourit. Marmonne*pfff c'est ca! Je sais l'enlever, tu ne me connais pas assez..et puis Seamus sera au courant*rit*
@Penguindu01 @superglacer @On83CP Donc personne ne sera au courant du projet depuis mon blog.
@PhilippineTing okok j'vais voir j'ai une semaine pour grer ! J'te tiens au courant. Ptn tu me fais faire des trucs pas bien.
@PokemonTrash mais en fait... Y'a quelque chose dont on est pas au courant pour ROSA ? Car j'ai l'impression que ya aucun mystre...
@Pollutec L'ampoule qui reste allume en cas de coupure courant.Technologie pionnire.
@QuincyProdigy ouiii des que je trouve je te tiens au courant haha on ftera a
@Raiiinha_E Mais si tu veux mon avis on sera pas au courant. Dj ils cachent qu'ils vivent ensemble alors a
@Real_Liam_Payne c'est cool mtn jpeut re cout ma musique dans la bus bc ma mre ma acheter des couteurs
@Reda2306 @lydiab38 @t2712_iman @nado2412on dit pas au courant mais on dit o coran
@SarahKlmg j'viens de lui envoyer un mail pour savoir s'il serait l demain matin. S'il me rpond j'te tiens au courant ! Viens en DM
@SayroosHD Et alors ? Il fallait y penser avant de prendre le logo. Le Staff est mis au courant et une dcision sera prise.
@Shierush oui, normalement, et j'espre cette fois on sera au courant  temps alors!
@Soulocean_ TIENS MOI AU COURANT JE TE DIS QUAND J'Y SERAIS
@TANinfos erreur : les bus relais continuent leur service jusqu' 18h comme prvu ! Mme si le courant est revenu sur la ligne de tram...
@TF1 @BlogOfficielMM @enfoires oui dj au courant sera au rendez vous. Bisou mimi.
@TheodoraManzana Je ne connais pas du tout. Si tu le relis et que tu aimes de nouveau, tiens moi au courant :)
@Thom_Crew ben voil maintenant tu es au courant faut pas que tu supprime cette oeuvre d'art et quand je serais connue tupourrales revendre
@TimelbanHochnau J'pensais que tu tais au courant, avec l'infirmire, toussa xD
@TotoLeLyonnais non mais il est srieux ou quoi ? Au lieu de draguer l'autre connasse la putain. Il est au courant qu'on sera genre 12 ?
@Treichvillois Cool. On se tient au courant. J'espre que c'est le fief. J'y retourne demain aussi @Gugustt @lesikanel @Altesse77 @Ceschod
@Une_bledarde oui c'est normal jsuis au courant parce c'tait mon pre qui tait a l'hpital avec elle msk
@Vitality_Miysis si numricable me laisse le choix, j'arrive pour train la #MLG Colombiers ! Terminus du RER D non ?
@WTheFranck @chaipaki lolipop sera sur le Nexus ? Je suis plus du tout au courant des News de Android ahah je suis un mouton maintenant
@Wailers_WL @ButtBangers dernire photo ta un courant arien
@WeissThibaut tqt j'te dis demain mais rien d'important sinon tu serais dj au courant
@Xattacks35 J'me barre en courant mdr en mme temps elle est trop bte de s'arrter la meuf
@Yvanovich951 Ptdr quoi? Jui pas au courant de a, t'es le frere a mon mec pas le mien jveu pas d'un frere avec un prenom moche
@ZaynRPGSCA2 -se lve du canap en courant vers la sdb, te saute dans les bras en souriant en coin, enroule ses jambes autour de ton bassin-
@_JulieBalducci Je t'avais dit que je serai l le matin pour te souhaiter bonne chance alors voil, nique tout, tiens moi au courant
@_MartinH_ en courant vers la salle de bain quand tu t'aperois que tu t'es reveille a l'heure ou t'es cense partir .. :')
@_jogolev ahhhh je prfre a ! Et d'ailleurs faudra qu'on se tienne au courant pour l'organisation. Ce qu'on fait itout avant
@alainlambert merci. Je vais recopier votre machin chez moi ds que le patron du bistro arrtera de me servir. Je vous tiens au courant.
@albatrosbrest @HockeyHebdo lol  l'couter dommage que la patinoire soit pas sur Molene, 14 h de bus+ traverse on serait imbattable
@amessaghi je vais le faire demain quand le courant sera revenu sur terre
@antilaize_93T elle a repris sa story j'etais meme pas au courant
@aurel_p ouais j'avoue j'ai cru que la terre entire tait au courant ! Dsol.
@badlyhemmings aw en tout cas j'espre que a avancera entre vous! tiens moi au courant mdr je veux trop savoir
@becauseiamhxppy oui.. Tu me tiens au courant de son tat, j'espre qu'elle ira bien
@ben00077 pour savoir si les militaires amricains pouvaient tre malade on a t mit au courant dans journal de Montral 42 ans reu 20000$
@beyoubxtch Ne t'inquites pas, le jour o je me remarierais tu seras au courant, et invite bien sur !
@boubouleeee Je prfre prvenir comme a tu est au courant :D
@c_roignant  ce niveau l peut-tre ouvrir la fentre et esprer un courant d'air :-)
@camiillecn jte tiens au courant faut d'abord que je demande  ma mre
@codyrpgboat bahhhh, c'est dgeu -rit en courant vers le frigo-
@coraalie971: Vers le 15 dcembre fait Morgane elle me suit hein ? Ou ? Pq j'suis pas au courant alors que j'suis concern ? e
@davidetcaro92 : Yes, vous serez au courant via FB et Twitter :-) si tu vois passer des #bonplan je suis preneuse !
@elfamine c'est comme dire "Apres une tonne de bakchichs ca sera finalement la...inchalah... dans le courant de l'anne prochaine 2060 hjri"
@evalahypedu59 ben si leur bus sera devant surcouf et comme il partent  7h30,  8h elle peut nous faire cours
@goutch @ZeMorissette Ok mais vous prsumez de mon consentement. Je n'tais pas au courant. Compliqu  expliquer en 140 caractres.
@guireferee Ouais tqt, j'tais occup, aprs mercredi je te tient au courant, je serais dans l'urgence ahah
@hangoverwithya @HandsBruised A ta place je me serais barre en courant..............
@haroldslay trop bc la j'aurais eu peur j'me serais barrer en courant mdrrr
@heavenlylrwin la a sera encore plus euhfuizfe jpense bc tu seras pas au courant toussa
@httpespinxsa ptddddr tu vas t'marier tu seras meme pas au courant
@iilwnpwordpress En tant que premire fan , je ne pouvais pas ne pas m'abonner  ce compte qui me tiendra au courant des nouveauts de ma
@jeorge_13 je serai au stade vendredi je te tiendrai au courant....
@joubi_C @Lpl_Titi hrsmnt que mes admirateurs sont la pour me tenir au courant de ma propre vie  dj que jsuis tjr la dernire au courant
@juliecrpls Ma mre travail jusque 22h donc a va tre chaud pour qu'elle vienne. Mais on va en parler encore. Je te tiens aussi au courant
@just__them GREYS JE SUIS  LA FIN DE LA SAISON O  LA FIN C'EST L'ACCIDENT DE BUS (MDRRR JE SAIS PAS LAQUELLE C'EST) ET REVENGE AU PREMIER
@knottypine_ on se tient au courant comme la semaine dernire t'inquites!!!!
@lisabnd La premire fois elles sont pas au courant de la douleur
@lucayex dans le RER tu veux dire? Si oui c'tait moi, sinon j'ai pas pris le train aujourd'hui ^^
@marion_s13 mdr et tu serais venu en courant chez moi pour me frapper.
@mvhdicament j'adhre  ton courant :(
@nastyarpgcny_ ton pre il est pas au courant que je suis chez toi mh.
@normooune tu seras aussi au courant en temps et en heure
@paolorpgck *va vers le garage en courant puis appuie sur le bouton* PAOLA, ON A LA JEEP !!
@plrnm Mddr je pense pas que tu seras interrog la dessus un jour mais tiens moi au courant
@ponymandias D'ailleurs sur la gnration de ma grand-mre encore, il est assez courant que le nom d'usage n'ai rien  voir avec l'tatcivil
@qvnsora_ mdrrr en gros qd ils ont prsent le film ils ont dit que la saison 2 serait courant 2016
@rpcle *Il trouve le mot et se baisse pour le ramasser. En le lisant, sa colre monte et il sort en courant de l'appartement*
@sourenian Bien reu, je vous tiens au courant.
@superblade83 et si on est pas au courant?et qui pense contrler?!
@swiftswood a existe a? Bac de sport mdrrr. C'est vrai que ce serait mieux si tu te casses par la figure en courant quoi !
@sydneyolivierO: Donc c une erreur dimputer  Eneo la totale responsabilit des coupures de courant quon vit. Tu penses que qui gre ca?
@thatsPatricia Crari ya des grecs prs d'Utrillo mme ? Je serai dj au courant sinon
@thegamer02300 pour le live a sera vendredi ou samedi je te tiens au courant
@thxo_fxrrari dsl mais j'ai pas envi de rire tu dois tre au courant ?
@tomlinsfun fire n'est mme pas le mot, sachant que je n'ai pas t au courant en tant une des gagnantes, donc j'ai vu a vendredi soir -
@tylerrpgula -secoue sa tte- je vois pas comment il serais au courant, puis c'est pas si grave que a.
@un_pere_vert @valentinemhl +2 pour Valentine ! *repart en courant*
@victoirehrtlt c'est mme pas sur qu'elle soit l, quand on lui en a parl elle avait l'air  peine au courant mdr ce sera Duval je pense
@victoriamkars ah ce serait frais tqt jte tiens au courant
A tous les coups grace  la mre les gens chez qui on va sont au courant de ma dpression trop cool ptn.
Accident d'autobus mortel des Castors - 40 ans plus tard
Accident mortel de l'autobus des Castors : 40 ans plus tard
Accrocs de portire, petites rayures. Comment faire? Au supermarch, il est courant de se faire abimer la por
Apres j'aller prendre le RER b mais j'ai pas fait beleck il s'arreter pas a bagneux du coup j'ai attendu l'autre
BRIE VA GIFFLER NIKKI ! MAIS ELLE NE SERA PAS VIRER VU QUE SON JOUR DE GARDE DU CORPS EST FINIT SAUF QUE NIKKI SERA PAS AU COURANT #PPVAB1
Bon bah go prendre le bus direction la comptition ^^,Je rentre vers 17h je pense et je rec le calendrier de l'avent :D
Bon, je crois pas trop aux rumeurs mais si Sting apparat  SS je crois que tout mon quartier sera au courant.
Bon. Accident du bus. Tonneau. Gnial.
Bonjour @nicolasirkis j ai reu un mail d amazon disant que la date de sortie du collector de BCT etait reporte tu es au courant ?
Bonnieux : accident trs grave entre un bus et un cycliste
C'est cool d'tre la dernire au courant des choses parfois !
C'est pas non plus ma pire journe mais c'est quand-mme du gwak absolu et j'ai surtout trop honte que la plante entire est au courant
C'est vrai, c'est courant de s'entraner  la fanfare dans les TER. Heureusement qu'ils ont interdit cette pratique.
ChavezIsMagic Si tu vivais au #Venezuela tu serais au courant,Pendejo
Chez moi je suis tjrs la dernire au courant de ce qui se passe.. Comme ce soir je dois aller au fianailles de mn cousin jsavais pas
Chez moi jsuis toujours la dernire au courant de ce qui se passe rooooooh
Collision entre un bus et une voiture ce dimanche soir  Monnaie (37) : un habitant de Naveil tu dans l'accident.,
Comme a je serai au courant si il se passe quelque chose *clin d'il degueulasse*"(2)
Coupure de courant, phone  7% et mon pre qui me sort, a va encore durer longtemps
Courir de grand matin derrire le tram :
Courir derrire un bus pour ne pas le rater un truc que je dteste
Courrir apres le bus et le rer couse poursuite avec la securiter dans le rer on a golri de ouf et pour finir un bon grec
Dans une journe de cours s'que je prfre c'est le matin dans le bus avec mes couteurs et ma musique
De toute faon y'a que Massy qu'est au courant au pire. T'avais cas suivre mdrrr au lieu de me rep  mes tweets par sms.
Demain ce sera la conqute en courant du Mont Rachais et le soir : resto ! #grenoble
Demain j'me lve tt alors que j'ai cours qu' 14h. Me demandez pas pourquoi, vous serez au courant trs vite (fin j'espre)
Demain on prend pas le bus  Cloclo, du brin on va encore le louper comme la semaine dernire, puis il caille le matin..
Dimanche c'est un jour trop nul tout est ferm les bus vont au ralenti t oblig de galerer
Dimanche l encore ah... Je nai pas programme, ils ont coup courant, je ne suis pas all  l'glise. Mon dimanche sera ennui
Dites, avant de vous affoler, vous tes au courant que lEtat ne peut pas dcrter le gel des salaires du priv ?
Dj mercredi j'ai tlmt pas envie de le voir que j'vais venir  9h et mon excuse sera que j'ai louper le bus
Dounia et dbz Wallah ya juste une coupure de courant qui peut l'arrter
Ds fois chui tellement mort dans l'bus donc jf exprs d'arriver en retard comme a jvai en perm et j'dors un peu histoire de rcuprer
Ds que j'coute pa kit ko'w sdui , je repense  Laurie avec son "ou ja ni en 106,sa ou l c gro saucisse" dans le RER mdrrr
Dumont a refait la peinture et tout mais je croit qu'il sont pas au courant que y'a une porte d'entre qui est bloqu depuis 1000 ans
Eh c'est sur ils vont loupe leur RER et leur train jvais rigoler
Eh mais la vie d'ma mre mon cousin il est pas loin de percer dans le rap il casse des 64 000 vues tout a j'tais pas au courant
Elle allume la lumire, et elle se barre en courant la peste
En jouant 2 mtres derrire sa ligne de fond et on courant 2 fois plus que #Federer, #Gasquet va s'puiser #FRASUI #CoupeDavis
En plus il me dit "tu sais si elle m'embrasse je la repousserai et tu sera la premire au courant" le truc qui rassure pas du tout tsais.
En plus je suis deg les MAMA c'est mercredi mais j'ai cours jusque 15h et je dois attendre le bus de 16h du coup je rentre vers 16h30
Enft sah sa serait bien la coupure de courant elle revient comme sa pas de rveil donc je rate le Ds de physique
Espre y'aura la neige comme sa j'irai pas en Cours quand ya la neige ya pas le bus qui va jusqu'au lyce
Et dire qu'il ne sera jamais au courant qu'il a survcu :(
Et et il se retourne il se rabit et il avance vers nous et on sort en courant par la ou y'avais les ancien arret dbus #22
Galtier : "J'ai entendu Mr Aulas dire qu'on avait un match jeudi. Je tiens a lui dire que je suis au courant, ce sera un vrai match de CE"
Genre tout le monde est au courant et moi pas, normal, jai envie de dire, quand a te concerne, t'es tjrs la dernire  savoir!
Ils sont srieux Lovren & Skrtel  reculer en courant vers Johnson au lieu de sortir sur le porteur qui va frapper ?
J tais mme pas au courant que mon pre y tait #CoupeDavis Il est pass a la tl mdrr
J'ai dit  ma mre que j'avais une fille en vu donc voil elle est courant
J'ai l'impression de passer ma vie  attendre j'attends les bus, les mtros les trains, les nuits, les week ends, mon pre.
J'ai plus besoin de rien dire a ma mre en faite, elle est tjrs au courant de tt
J'ai refait mes musiques un coup vu que a m'arrive de prendre le bus c'est lahssssis
J'aurai t a la place de l'arbitre je me serait barre en courant x)
J'aurais pas assumer de re-louper l'bus
J'espre pas croiser l'amour de ma vie aujourd'hui pck avec la tte que j'ai il va partir en courant
J'espre qu'il va bien neiger cette anne, pas de bus, pas de cours
J'espre que de chez moi a Grav mon casque va recharger pour que je puisse couter de la musique dans le bus
J'espre que le bus sera  l'heure au lyce parce que je sais pas dans quelle salle j'ai cours
J'suis arrive toute ma famille tait au courant que j'veux arrter les cours j'me suis fait agresser par mes tantes, thx mum.
J'tais dans le bus et l j'vois qqun passer en courant avec une lumire frontale me faire coucou, et c'tait..mon pre #honte
J'tais le 2me au courant pour Jodie et Wala le 1er
J'viens de rvler un truc  Maxime dont personne mais alors personne n'est au courant
J'vois plein de rt, tout le 12 sera au courant de a
Jcrois que personne  part le chinois sera au courant de a..
Jcrois que qqun m'appelait a l'arrt de bus mais j'tais pas sre alors j'ai trac ahahaha salo
Je courait aprs le bus taleur, le bus ses arrter, j'ai vu y'avais des contrleurs j'ai fait genre je faisais un footing tranquille
Je crois qu'elle doit tre au courant que je parle plus a mon pre du coup c'est pour a qu'elle prend pas de nouvelles
Je dis a juste pour mettre au courant de ma soire puisse que je reois rien ..
Je gagne  Call of je crie : "C'est qui le patron ???" Ma mre teint le courant et dit: "C'est moi le patron!!!!"
Je ne vais pas pouvoir suivre le match mais je serais tjr au courant!
Je sais pas si les gens sont au courant qu'un week-end c'est pas suffisant pour rcuprer.
Je suis tjrs le dernier au courant !! #spoil @KatSpi: @epimae wai d'ailleurs c'est fou ce que je digre mal... ;) "
Je viens de dire a ma mre que je commander fsog elle me fait "t'es au courant qu'il y a du sexe dedans ?" Nooooooooooooon tu dconnes ?????
Je viens de mettre environ 5 pensements  mon pre parce qu'il est tomb en courant, j'avais l'impression de m'occuper d'un enfant
Je vois pas en quoi faut pisser de joie et tre fire parce qu'on a du courant mais bon... mdr
Je vois quelqu'un arriver chez moi je me suis barre en courant, ma sur pareil ma mre c'est retrouve toute seule
Je vous prviens que dimanche 30 novembre il n'y aura pas de vido, elle sera reporte le 7 dcembre. Voil vous tes au courant, dsol
Jlai pas fais la mais si sa recommence jle ferai vraiment, incognito personne sera au courant ctout.
Jviens de faire une course poursuite avec ma mere car elle m'a pris le pled et elle est partie en courant
L'espoir pour les usagers du RER D RT @Broony26: Un couple sur cinq se rencontrerait en ligne. La ligne, y'a pas mieux pour pcho
La #Tan qui coupe des lignes pour d'obscures raisons et promet des bus relais qui se font trs discrets.,Ils ignorent la dfinition de relai
La semaine dernire en 4 jours de cours, j'ai loup 2 fois mon bus ACCIDENTELLEMENT
Le 10 dcembre 2014 va tre le dpart d un tsunami de colre contre ce courant ultra libraliste Europen. @JunckerEU
Le prochain concert sera soit  l'Alhambra ou bien au New Morning  Paris ! Nous vous tiendrons au courant rapidement !
Le rle des #restosducoeur est malheureusement cl. Ms il serait bon de se pencher sur les bnficiaires indlicats, de + en + courant.
Les salopards hein.. Ils ont seulement remis le courant la o le prsident devait passer ils ont laiss l'intrieur du quartier..
Ma belle soeur sa fais trois ans elle est au courant de toute ma vie. Elle sait des trucs que meme mon propre frere ne sais pas
Ma chienne est arrive en courant  fond vers mon pre, elle lui a fait une quille, il s'est clat la gueule
Ma cousine demande  mon pre pour les bals de carnaval pour l'anne pro l mme pas je suis au courant mdr
Ma jeunesse a la couleur des trains, RER C Pendant ltrajet jrvais de percer. Fier den tre
Ma mre c'est la seule personne qui ouvre toutes les fentres de la baraque et qui dit "y'a un courant d'air la"
Ma mre doit m'emmener a Hag cette aprem, elle est pas encore au courant
Ma mre elle m'as envoyer un message l'autre jour en disant de la tenir au courant des vnement pour savoir dans quel tat j'allais rentre
Ma mre est pas au courant
Ma mre est pas au courant mais je vais me faire tatouer son prnom.
Ma mre quand elle aime pas quelqu'un, il faut que tout le monde soit au courant ca me fais rire
Ma mre viens de me dire que mon demi-frre arriv aujourd'hui  14h30, j'aurai aim tre au courant.
Ma mre: on fait le sapin de Nol ce soir?!,Euh maman t'es au courant qu'on est le 23 novembre? ON EST EN NOVEMBRE C'EST PAS ENCORE
Ma soeur m'a dit de lui prter le rouge  lvre noir mais elle a perdu a serait moi tout Chartres serait au courant que j'ai perdu son truc
Mai a c une premire depuis que j'habite omnisport. Que l'on coupe le courant pendant plus de 5hr de temp
Maintenant ma mre invente un mitho, pour ne pas m'emmener en cours! Je doit prendre le bus! -'
Mais bon je rappelle au cas o les rageux que jvous vous tes pas au courant c'est bien L'OLYMPIQUE DE MARSEILLE qui est 1er
Mais j'espre que M6 est bien au courant de se qu'elle est entrain de faire l..#EnqueteExclusive
Mais jui sre qu'il est pas + au courant que moi
Mais sincrement sachant que jsuis une rageuse, rancunire , boudeuse d 1 re ... faut pas essayer de rtablir le courant 1 jours apres
Maman elle demande qui fait  manger t'as mon frre il se barre en courant dans sa chambre fdp
Mdr ma mere elle me demande si je fume. Il a suffit que nos deux regards se croisent pour que jparte en courant dans ma chambre
Merci je suis la dernire au courant !
Merde j'ai un contrle d'svt demain, bon tant pis je relirai mon cours dans le bus
Mes frres sont pas encore levs alors je demande si quelque est au courant : C'est quoi le truc avec T.silva et Neymar et tout ?
Mme avec les volets ferms j'ai l'impression d'tre au bord de la mer avec le bruit du ressac et des vagues tellement y a de courant
Moi au lieu de prendre le bus tous les matins pour aller en cours je prfre marcher  pieds 15min . Ou parfois on me dpose
Mon beau pre est toujours pas revenu chercher ses affaires, en fait je sais mme pas si il est au courant que ma mre le vire ://
Mon cousin il a 15ans il a retap sa 5eme son pere il est toujours pas au courant c'est qu'elle genre de pere mon oncle
Mon frre est au courant de tout mme au bout du monde
Mon frre vient de faire sauter le courant dans ma chambre et dans la salle de bain, juste en appuyant sur l'interrupteur
Mon pere il est au courant que j'ai perdu ma carte  je l'entend brailler
Mon pre C'est trop un gamin il voulait pas changer de chane alors il est parti dehors en courant pour pas qu'on lui prenne la tlcommande
Mon pre il acr une nouvel voiture, j'tais mme pas au courant ok
Mon pre il dit je taffe jamais mme lui il est courant
Mon pre il toc dans ma chambre aprs il part en courant
Mon pre il va couper le courant
Mon pre tait pas au courant. Je putain.
Mon pre vient de rentrer, il est tout frais, et il nous dit qu'il vient de faire 37km en courant, trop fire de lui
Mtro Ligne 4 En raison d'un malaise de voyageur  la station Raspail, le trafic est ralenti sur l'ensemble de la ligne. Trafic [1/2]
Mtro Ligne 4 En rpercussion d'un malaise voyageur, le trafic est ralenti sur l'ensemble de la ligne. Trafic normal sur les au [1/2]
Mtro Ligne 9 En rpercussion d'un incident voyageur, le trafic est ralenti sur l'ensemble de la ligne. Trafic normal sur les a [1/2]
N'esprez pas trop monter dans un bus, un train, ou encore profiter d'un cong forc pour faire des courses ou passer  la commune!...
Normal ke mes frres tiennent au courant il se sont fait taser
Normal les frres au courant se sont fait taser
Normal que les freres me tienne au courant, ils se sont fait taser!
Normal que les frres me tiennent au courant : ils se font fait taser #Cry #CDC4
Ok je me lve j'arrive dans le salon y'avais repas de famille .. J'tais mme pas au courant
On a travers mons en courant sans s'arrter, on rconnait les athltes
On c'est arrter yen  1 qui est parti en courant
On ne compte plus les dramesExplosion du dpt de gaz  EtoudiAccident mortel du semi remorque a Biyem assi,Accidents de bus  PK 14
Ouais mais Thiago Silva tu as pris un petit courant d'air  la bouche quand Neymar t'a remis le brassard. Il ne voulait pas de  #telefoot
PTDR je n'tais mme pas au courant que Louis tait de nouveau grand-frre, j'ai bcp de retard non
Pfff courant coup en plein documentaire sur mes frres qui fuient la galre...#septahuit
Pour ceux qui ne sont pas encore au courant, on peut maintenant changer l'arrire plan de son profil LinkedIn
Pour les supportes de la France :Combi coupe davis (mise lgre)Tsonga cte a 2, 40Edf match 2 cte a 4, 50Cote totale 10, 8,Risqu!!!!
Prend le rer et descent a la cour eux auber et tu verra que c'est la guerre
Projet Termin merci d'avoir particip nous avons eu 53 photo merci avec @Lea_RMTCLARJE on vous tien au courant quan la vido sera poster
Psq eux a chaque fois je veux m'entraner je descend la pente je les aperoit de loiiiin jme barre en courant juska chez moi aprs
Ptdr elle a fait sa chaudire avec le pote de mn omar. J'suis au courant de toutttt j'adore
Ptn hier j'ai failli casser le PC de ma mre et rien que la chute qu'il a fait elle seras jamaiiiis mise au courant
Punaise y 'a un red carpet et j 'tais pas au courant :o poke @GreluchesLand
Putain mon frere ce prend pour un lectricien donc il coup le courant pour rparer je ne sais quoi. J'tais en pleins milieu de ma srie
Putain vive les travaux du RER j'suis bloqu  Cergy sa mre j'vais encore rater mon train alors qu'il est dans 1h30
QUOI PTN MA MRE FAIT VENIR DES INVITS ET JE SUIS PAS AU COURANT
Quand tu te dis que tu referas pas un truc souvent tu le refais et puis en plus tu y vas en courant
RER dans 7 min. Train  19h20. J'suis large. Et j'ai froid putain.
RT @Abdoux94: Et et il se retourne il se rabit et il avance vers nous et on sort en courant par la ou y'avais les ancien arret dbus #22
RT @Adrialbr: ya un mec il courait aprs le bus, le bus ses arrter, l'mec il a vus y'avais des contrleurs il a fait genre il faisait un footing mdrr
RT @Adrien_D42: Galtier : "J'ai entendu Mr Aulas dire qu'on avait un match jeudi. Je tiens a lui dire que je suis au courant, ce sera un vrai match de CE"
RT @Alois_Nav: Ces charlatans sans honte qui ne sont mme pas au courant de la misre qu'ils rpandent  travers leurs politiques #Lagarde #Enfoirus #ONPC
RT @Amelie_Officiel: @meltyBuzz faut arrter avec les articles svp d'o je la tacle merci ! Je dit juste elle a tout compris mme si elle tait au courant
RT @Amelie_Officiel: Dsole mais elle joue trs mal elle tait au courant depuis le dbut faut arrter !!! #MIF
RT @AnaisHamulic: Dans une journe de cours s'que je prfre c'est le matin dans le bus avec mes couteurs et ma musique
RT @AnnaBrzezinski: @Agathe_Mln je croise les doigts pour toi, j'espre de tout coeur que a va bien se passer  tu me tiendra au courant
RT @Armelle_Ebaa: Les salopards hein.. Ils ont seulement remis le courant la o le prsident devait passer ils ont laiss l'intrieur du quartier..
RT @AshleyLegris: Maman elle demande qui fait  manger t'as mon frre il se barre en courant dans sa chambre fdp
RT @Bill_BocquGates: Les freres me tiennent au courant, normal ils se font tazer - La Fouine 2014.
RT @Braams_Mrs: Courrir apres le bus et le rer couse poursuite avec la securiter dans le rer on a golri de ouf et pour finir un bon grec
RT @CIaudeFrancois: RE JE SUIS LA, DSOL DU RETARD J'AVAIS UNE PETITE COUPURE DE COURANT
RT @CaamCaaam: @CDvsms je te redis quand je rentre ! Je serais en semaine de rvisions des partiels cette semaine l donc je te tiens au courant baby
RT @CamporaAmandine: @Justincroyable1 oui. Non psk demain elle doit m'enmener au bus. Du coup c est ma grand mre qui dodo las bas
RT @Catlyn_Rdgs: Ma mre jusqu' ajd elle tait pas au courant que y'avais pronote
RT @CeQuonVousCache: Le scandale est devenu courant -
RT @Ceya_r: En fait Cyril et mon frre se parle par sms moi j'suis mme pas au courant..
RT @Chlo_Grill: mon pre n'tait pas au courant que jgratte la natation tout le trimestre, il m'a dit "ah non moi je suis pas d'accord" papa c'est la vie...
RT @Clairouunette: J'espre pas croiser l'amour de ma vie aujourd'hui pck avec la tte que j'ai il va partir en courant
RT @CorionMargot: Je vois pas en quoi faut pisser de joie et tre fire parce qu'on a du courant mais bon... mdr
RT @CoulibalyInes: Mon pre C'est trop un gamin il voulait pas changer de chane alors il est parti dehors en courant pour pas qu'on lui prenne la tlcommande
RT @DXXMIEN: ya un mec il courait aprs le bus, le bus ses arrter, l'mec il a vus y'avais des contrleurs il a fait genre il faisait un footing mdrrrr
RT @DanielRiolo: Deschamps excuse Evra ! Voil, bravo. Le public dcidera. Le jeu aussi. Cette EDF ne fera jamais rien. Elle coulera une fois de plus.
RT @DeespiGucci: Y a un mec de chantiers il m'a mit une droite et il s'est barr en courant quand jvais l'attraper jvais lui niquer sa mre
RT @Dmr_emmaa: J'espre qu'il va bien neiger cette anne, pas de bus, pas de cours
RT @DschDeborah: Demain on prend pas le bus  Cloclo, du brin on va encore le louper comme la semaine dernire, puis il caille le matin..
RT @DumondElian: Le vieux il tait coinc dans le bus j'ai u prter mon cutter pour couper la ceinture
RT @Empty_promisees: Vous tes au courant que je reois une notif quand vous rt Estelle la pute bande d'enculs
RT @EstherBodineau: "Maman!! Younes a fonc dans la voiture de papy en courant!" Les repas de famille routiniers chez moi.....
RT @FakirOfficiel91: Mon pote il me dit t ou je lui dit j'suis dans le train j'arrive Apres y me rep all fait vite t Srx ? A croire c moi qui conduite le RER
RT @Flo_tham: Merci je suis la dernire au courant !
RT @Gemeauxlife: Oui le #Gmeaux a ses moments de jalousie. Malheureusement pour vous, vous ne serez jamais au courant ;-)
RT @Ghost_Ard: Comment elles font les gamines de 15 ans pour aller en Syrie ? La Syrie esh ! Moi j'sors de ma ville ma mre est dj au courant  #EE
RT @GregoryJouin: En jouant 2 mtres derrire sa ligne de fond et on courant 2 fois plus que #Federer, #Gasquet va s'puiser #FRASUI #CoupeDavis
RT @GuillaumeLepley: Dumont a refait la peinture et tout mais je croit qu'il sont pas au courant que y'a une porte d'entre qui est bloqu depuis 1000 ans
RT @HaidaraFatima: @Coupeet_92 yow mi key ya rerman mom tjs perdue dans les cahiers,si tu ne me trouves pas trouves mes cours , j'y serai lol
RT @HugoNitaq: ya un mec il courait aprs le bus, le bus ses arrter, l'mec il a vus y'avais des contrleurs il a fait genre il faisait un footing mdrrrr
RT @IbnLaHahad: Ce pd de Thibault a frapp un gars par derrire et yest partis en courant mdrrrrrrrr et WALLAH il fait le thug j'en peux plus
RT @Im_a__Khaleesi: Ma mre est pas au courant mais je vais me faire tatouer son prnom.
RT @Infos_RATP: Relement on fait pas grve ya juste une Grosse partouze de prvu avec les collgues mardi du coup pour les RER vous allez vous faire encul
RT @JadeBvlt: Waaaa y a un bete d'accident en sortant de monnaie un bus tait dans le foss collision avec une voiture
RT @JsuisPasLa2: ya un mec il courait aprs le bus, le bus ses arrter, l'mec il a vus y'avais des contrleurs il a fait genre il faisait un footing mdrrrr
RT @Ju_Bsr: Mais le RER c c'est vraiment un train de fdp
RT @JulieRichardz: @LouiseBenattia c'est la baseeee! Haha bah on se tiens au courant un mercredi ou un week end on va vers cap!
RT @KAYNASAMET: A vous mes #Soldiers je vous informe que mon compte #Facebook a t pirat. Le temps de rcuprer les accs, je vous tiens au courant...
RT @Kizzle_Queen: @LAUGHOFBIEBS mdr j'tais pas du tout au courant oki ouai il gre sinon #MTVStars Justin Bieber
RT @KrimooRonaldo: Yanis normalement je dois tre le 1er au courant !!
RT @LaBaseDuRire_: teindre la lumire du couloir et partir en courant pour que personne ne t'assassine.
RT @Lacoster93_: ya un mec il courait aprs le bus, le bus ses arrter, l'mec il a vus y'avais des contrleurs il a fait genre il faisait un footing mdrrrr
RT @LamoureMathilde: "ya un mec il courait aprs le bus, le bus ses arrter,l'mec il a vus y'avais des contrleurs il a fait genre il faisait un footing mdrrrr
RT @LeDLVaucluse: Vaucluse : Bonnieux : accident trs grave entre un bus et un cycliste  #Actualits
RT @LeVraiHoroscope: Dans un film d'horreur, le #Scorpion serait celui qui sortirait en courant par la porte d'entre plutt que de monter les escaliers.
RT @Liiiitch: j'ai voulu faire la maligne avec mon frre, je pars en courant, je me loupe et hop ma grande gueule  terre
RT @Longscourriers: #archives De #Russie jusqu'en #Thalande : franchir les frontires  pied, en train, en bus  #voyage #asie
RT @Lukaz_vln: @MiratMrn a serait bien de me mettre au courant dj mddddr
RT @MAGRHIBIA_: Dounia et dbz Wallah ya juste une coupure de courant qui peut l'arrter
RT @Makwang_: "Ma mre est au courant pour nous deux  cause de mon frre",MDRR il va se faire charier H24 maintenant
RT @MangeurDeSalade: -Laurent de Koh-Lanta "j'ai reu un coup de couteau en plein poumon!",Bon il est au courant pour Nabilla
RT @MathieuFelton: Mais j'espre que M6 est bien au courant de se qu'elle est entrain de faire l..#EnqueteExclusive
RT @Matteeooooo: ya un mec il courait aprs le bus, le bus ses arrter, l'mec il a vus y'avais des contrleurs il a fait genre il faisait un footing mdr
RT @MaximeCharpagne: j'ai une coupure de courant et jme fais report pour afk mais niquez vos grosses mres les grosses chiennes
RT @Mr_Huylens: Ouais mais Thiago Silva tu as pris un petit courant d'air  la bouche quand Neymar t'a remis le brassard. Il ne voulait pas de  #telefoot
RT @NILS_LA: @guireferee Ouais tqt, j'tais occup, aprs mercredi je te tient au courant, je serais dans l'urgence ahah
RT @NeverThoo: Y a un mec il courait aprs le bus, il s'est arrter le mec il a vu y avait des controleurs il a fait genre il faisait un footing mdrrr
RT @NympheFleurie: J'ai l'impression de passer ma vie  attendre j'attends les bus, les mtros les trains, les nuits, les week ends, mon pre.
RT @PatchikOFFICIAL: Je gagne  Call of je crie : "C'est qui le patron ???" Ma mre teint le courant et dit: "C'est moi le patron!!!!"
RT @Phrases_vie: Le pauvre fils d'Usain Bolt Il ne pourra mme pas essayer de s'enfuir en courant quand son pre verra qu'il a fait une btise.
RT @Pronotueur: Pour les supportes de la France :Combi coupe davis (mise lgre)Tsonga cte a 2, 40Edf match 2 cte a 4, 50Cote totale 10, 8,Risqu!!!!
RT @RameneTaFraisEm: @Mathiserie j'ai rver de toi ! J'avais louper mon bus et je te voyais sauter sur les gens pour des clins ! (1)
RT @Reda2306: @m_vies @lydiab38 @t2712_iman @nado2412 Pffffffffffffff et je suis mme pas au courant
RT @SemSoFr: @lef_flo Ce Courant est pertinent dans sa pratique de la subsidiarit. Venez aux Premires Assises de @ecohum si vous tes intresse !
RT @SleazyJenni: Bon, je crois pas trop aux rumeurs mais si Sting apparat  SS je crois que tout mon quartier sera au courant.
RT @Sphirth: Ds fois chui tellement mort dans l'bus donc jf exprs d'arriver en retard comme a jvai en perm et j'dors un peu histoire de rcuprer
RT @TANinfos: | LIGNE 3 - hliportage La LIGNE 3 est COUPE entre POITOU et COMMERCE, jusqu' 18h30. Un bus relais est en place !#Nantes #TANinfos
RT @TahneePuissant: Qu'est ce que j'aurais rigoler si Moundir il lui aurait dit "fais voir comment c'est fait ?" Et il serait parti en courant avec  #kohlanta
RT @TheBlackAnchors: Le prochain concert sera soit  l'Alhambra ou bien au New Morning  Paris ! Nous vous tiendrons au courant rapidement !
RT @TouunsiMoha: Y'a un mec il courait aprs le bus , le bus c'est arrter, le mec il a vu y'avait des contrleurs , il a fait genre il fesait un footing
RT @TweetDeTout: Y'a un mec il courait aprs le bus le bus s'est arrter le mec il a vu que y avait des contrleurs il a fait genre il faisait un footing mdr
RT @UnBaton_: Sonner aux portes et partir en courant j'le ferais mme quand j'aurais 30 ans.
RT @Vitality_Neo: @Vitality_Miysis si numricable me laisse le choix, j'arrive pour train la #MLG Colombiers ! Terminus du RER D non ?
RT @Warzeo: Bon. Accident du bus. Tonneau. Gnial.
RT @Wendo_971_972: J'vois plein de rt, tout le 12 sera au courant de a
RT @WimiPro: Wimi entre en maintenance et sera inaccessible pendant environ 8h. Nous vous tenons au courant ici.
RT @_RyanAlg: ya un mec il courait aprs le bus, le bus ses arrter, l'mec il a vus y'avais des contrleurs il a fait genre il faisait un footing mdddr
RT @_evilauren: les loutres de mer se tiennent la main pour pas tre emmenes loin les unes des autres par le courant pendant qu'elles dorment
RT @bradIeyouth: Je finirais femme  chats a me convient bien, ils sont sincres eux, soit ils te griffent, soit ils te font des clins, t vite au courant.
RT @c_mlody: J'suis toujours la dernire au courant pour les couples qui se forment et tout ce qui suit
RT @eSportNewsFR: Apparemment coupure de courant dans les locaux de la #i53 Le stream et les matchs reprendront ds que le courant sera rtablit
RT @fawzi2702: @antilaize_93T elle a repris sa story j'etais meme pas au courant
RT @jrlamafia: Prend le rer et descent a la cour eux auber et tu verra que c'est la guerre
RT @juliendtlle: quand elle va tre au courant de tout, elle sera choque
RT @lauredanadebus: @AlexBen_Higuain Ne t'inquite pas si il ne le fait pas tu seras au courant mais pour l'instant tout ce passe trs bien
RT @laurinelevy41: Maintenant ma mre invente un mitho, pour ne pas m'emmener en cours! Je doit prendre le bus! -'
RT @ledauphine: #Vaucluse #Bonnieux : accident trs grave entre un bus et un cycliste
RT @louisxwerewolf: demain j'vois les amricains dans mon lyce, j'vous tient au courant. bon j'dis pas que a sera les gars de tw, mais l'espoir fait vivre mdr
RT @lp_maureen: J'tais dans le bus et l j'vois qqun passer en courant avec une lumire frontale me faire coucou, et c'tait..mon pre #honte
RT @lpznoa: MA MRE ELLE EST AVEC DES COPINES ET JLEURS AI COMMANDE UN STRIP TEASER JPP IL VA ARRIVER ELLES SONT PAS AU COURANT
RT @manfredya: @MimieLMB on se capte demain, tiens moi au courant Et profite de t'appeler premire soire de majeure
RT @manon_bgs: qd jss seule chz moi en ft j'me transforme en ninja un peu, jallume tts les lumires, jme dplace en courant,jguette le moindre bruit et tt
RT @marine2775: Projet Termin merci d'avoir particip nous avons eu 53 photo merci avec @Lea_RMTCLARJE on vous tien au courant quan la vido sera poster
RT @meudu: trs bien que #Trieweiller foute le bordel  prsent avec son bouquin  travers le monde entier au moins le monde entier sera au courant
RT @moonlightdrauhl: @iilwnpwordpress En tant que premire fan , je ne pouvais pas ne pas m'abonner  ce compte qui me tiendra au courant des nouveauts de ma
RT @ncxjpfw: les brunes disent qu'elles slay les blondes, mais c'est rare de voir une blonde teinte en brune, et courant de voir une brune en blonde
RT @ntmwlh: ya un mec il courait aprs le bus, le bus ses arrter, l'mec il a vus y'avais des contrleurs il a fait genre il faisait un footing mdrrrr
RT @pamysha237: On en saura plus quand #Eneo rtablira le courant ils ont du tt arrter par mesure de scurit #IncendieEtoudi
RT @pepsbrother: La semaine dernire en 4 jours de cours, j'ai loup 2 fois mon bus ACCIDENTELLEMENT
RT @samuellaurent: Dites, avant de vous affoler, vous tes au courant que lEtat ne peut pas dcrter le gel des salaires du priv ?
RT @shymofficiel: Salut tout le monde, me voici sur Twitter, une grande premire pour moi! Je pourrai ainsi vous tenir au courant de l'avancement de l'album!
RT @sydneyolivierO: On ne compte plus les dramesExplosion du dpt de gaz  EtoudiAccident mortel du semi remorque a Biyem assi,Accidents de bus  PK 14
RT @telenantesinfo: @TANinfos erreur : les bus relais continuent leur service jusqu' 18h comme prvu ! Mme si le courant est revenu sur la ligne de tram...
RT @twittbretonn: Le rle des #restosducoeur est malheureusement cl. Ms il serait bon de se pencher sur les bnficiaires indlicats, de + en + courant.
RT @typique_STIB: Devinette : Comment appelle-t-on un bus de la STIB qui arrive  l'heure ? Un accident.
RT @ufmckniall: je suis toujours la dernire au courant
RT @vchauveau4485: Le 10 dcembre 2014 va tre le dpart d un tsunami de colre contre ce courant ultra libraliste Europen. @JunckerEU
RT @whtnais:  vrai dire j'ai pas besoin de mettre le mec au courant, quand j'considre qu'il est  moi il doit le deviner tout seul
RT @wonderlandsmine: a y'est ma mre est au courant, elle arrtera enfin avec ses "il vient samedi? Ah bon pourquoi il vient pas? Il peut pas?....."
Rachida n'a que 16 ans et elle attend un enfant ses amis et ses parents sont mme pas au courant, elle s'imagine dj arrter l'ramadan-
Re-bonjour, la France! Engineering marvel, parce que ddk dlm bus dlm train dlm tunnel...
Resident Evil ressortira en version HD courant 2015!,Pour ceux qui n'auraient pas eu l'opportunit de goter a...
Retour sur l'accident mortel de l'autobus des Castors de Sherbrooke, 40 ans plus tard [Texte et vido de @rquirion]
Sache que ce que tu appels BUS est un fucking train... Nokia Transit (intestinal ? Pardon, j'ai toujours rver de faire cette blague)
Salut, je vais stream du DoC vers 21h30 je pense, je vous tiens au courant :)
Sebastian Perez-Pazzani -  va bien et ton frre tiens moi au courant la noiseraie
Si dans le RER il y a de la bue sur mes lunettes c'est que mes cheveux vont gonfler (les gens arrtez de respirer/prenez le prochain train)
Si mon pere m'enmene la-bas, c'est mort j'me barre en courant
Si vous cliquez sur" j'aime la page" vous serez au courant de tout sur l'dition 2015! C'est  vous !
Sinon, ce matin on a pris le bateau, le car, la voiture, le train, le RER, le bus. V'la la fatigue qui s'est accumule..
Sonner aux portes et partir en courant j'le ferais mme quand j'aurais 30 ans.
T'imagines faire Roissy/massy-palaiseau d'un coup ? L'exprience intense du RER B.
Tal Mathilda elle a promis a ma mre qu'on y allez ce week end , j'tais pas au courant
Tin les campagnard quand vous prenez le rer faut pas s'exiter, c'est bon, c'est juste un train pour la ville
Un conducteur de tram impliqu dans un accident mortel tait sous l'influence du cannabis un bon belge com dab BARBU !!!
Un gamin cherche sa mre en courant et en criant : Maman, Maman, Papa sest pendu dans le jardin !,La mre...
Un mort  Monnaie aprs un accident entre un bus et une voiture
Vaucluse : Bonnieux : accident trs grave entre un bus et un cycliste  #Actualits
Vous tes au courant que je reois une notif quand vous rt Estelle la pute bande d'enculs
WOUAH j'espre pendant la semaine y'aura le couple de moche dans mon bus comme a avec Laurou on pourra les torpiller
Waaa c'est de ces chiens, ils ont remis des nouilles sautes au buffet et tout le monde est all presque en courant
Waaaa y a un bete d'accident en sortant de monnaie un bus tait dans le foss collision avec une voiture
Wimi entre en maintenance et sera inaccessible pendant environ 8h. Nous vous tenons au courant ici.
Y a un mec il courait aprs le bus, il s'est arrter le mec il a vu y avait des controleurs il a fait genre il faisait un footing mdrrr
Y'a des gens qui aiment trop courir derrire le bus
Y'a des gens sa fessait quatre ans que ont ntais super pote et aujourd'hui aucune nouvelle , il serrait mort je serait mme pas au courant
Y'a un mec il courais derrire le bus , il a vu les contro il a fait genre il fesait un footing
Y'a un mec il courait aprs le bus le bus s'est arrter le mec il a vu que y avait des contrleurs il a fait genre il faisait un footing mdr
Y'a une coupure de courant  Marck.. Mais pas chez moi  1er vue :')
Ya un mec il courai aprs l'bus, le bus c arrter, le mec il a vus qu'il y avais les contrleurs il a fait genre il faisait un footing mdrrr
Ya un mec il courait aprs l'bus, le bus ses arrter , l'mec il a vue yavais des contrleur il a fait genre il faisait un footing mddr
Ya un mec il courait aprs le bus, le bus ses arrter, l'mec il a vus yavais les contrleurs il a fait genre il faisait un footing mdrrrr
Yanis normalement je dois tre le 1er au courant !!
a m'nerve d'tre la dernire au courant, mme avec les plus proches
ary abitan tait  Thionville ptn sa mre la pute je l'aime trop ce mec pourquoi j'tait pas au courant
demain j'vois les amricains dans mon lyce, j'vous tient au courant. bon j'dis pas que a sera les gars de tw, mais l'espoir fait vivre mdr
des fois je prfrerais ne pas tre au courant de certaines choses
enft tous mes potes vont au cin en bus mais ils vont mettre 1000 ans  venir du coup je serais la seul boloss qui les attend msk
j'ai une coupure de courant et jme fais report pour afk mais niquez vos grosses mres les grosses chiennes
j'ai voulu faire la maligne avec mon frre, je pars en courant, je me loupe et hop ma grande gueule  terre
j'peux vous promettre que quand il se sera rallumer vous serez les premiers au courant mdrrrr
jasmine elle est au courant qu'elle a perdu 4 ans pour sa carrire l?
je suis toujours la dernire au courant
je suis toujours la dernire au courant pour les interros ptn
jsuis tjr la dernire au courant ptn
les loutres de mer se tiennent la main pour pas tre emmenes loin les unes des autres par le courant pendant qu'elles dorment
ma mre elle a trop peur je loupe mon bus demain
ma mre elle regarde un peu prs 7 sries diffrentes pendant une seule semaine. elle est au courant quand n'importe quelle srie sort itout
ma mre est au courant et ma grand mre aussi, cool
mdr coupure de courant a l'Insomnia ,c'est la deuxime fois que je voit sa(la premire fois c'etait a une lan halo a cot de chez moi)
mon beau-frre veut que je cuisine aujourd'hui... est-il au courant que a ne va pas tre bon ?
mon frre il a craqu il veut que j'aille  Bray dunes a vlo avec lui j'sais pas s'il est au courant qu'il caille
mon pre me follow sur insta avec son compte du bar j'tais pas au courant
mon pre n'tait pas au courant que jgratte la natation tout le trimestre, il m'a dit "ah non moi je suis pas d'accord" papa c'est la vie...
ne pas avoir de courant c'est la galre en fait
non mais les soeurs de Jorge elles ont pas l'air d'etre mis au courant que leus frere c'est jorge mdr
par contre tre la dernire au courant que demain on commence  9h30 a a fait plais !
phmre quand tu passes comme un courant d'air
pourquoi jsuis toujours la dernire au courant qu'il y avait un dm  faire ce w-e...
quand elle va tre au courant de tout, elle sera choque
texte reu par mail: Le Courant :
trs bien que #Trieweiller foute le bordel  prsent avec son bouquin  travers le monde entier au moins le monde entier sera au courant
vrai dire j'ai pas besoin de mettre le mec au courant, quand j'considre qu'il est  moi il doit le deviner tout seul
y'a un mec il courait aprs le bus, le bus s'est arrter, il a vu y'avait des contrleurs ! Le mec a fait croire qu'il faisait un footing
ya 1mec ki courait aprs le bus,le bus c arrter,l'mec a vu k y'avait D contrleurs,il a fait genre il faisait un footing"ptdr @RadjaAllag
ya un mec il courait aprs le bus, le bus ses arrter, l'mec il a vus y'avais des contrleurs il a fait genre il faisait un footing mdr
ya un mec il courait aprs le bus, le bus ses arrter, l'mec il a vus y'avais des contrleurs il a fait genre il faisait un footing mdrrr
ya un mec il courait aprs le bus, le bus ses arrter, l'mec il a vus y'avais des contrleurs il a fait genre il faisait un footing mdrrrr
| LIGNE 3 - hliportage La LIGNE 3 est COUPE entre POITOU et COMMERCE, jusqu' 18h30. Un bus relais est en place !#Nantes #TANinfos
