"Chester ou qu'tu sois tu m'coutes bus tram ou rer" Jeu thme
#AmyWinehouse fera l'objet d'un documentaire ralis par Asif Kapadia Au cinma courant 2015.
06/04/2015: Oiapoque-Macapa: accident d'un bus transportant des musiciens guyanais
5 blesser un autobus, accident de voiture dans le Sud de laCalifornie
@0SHUN_ ok ok. Je veux tre la premire au courant. D:
@17blackey il y a une fille dans la classe que tout le monde taille, si elle est pas bientt au courant a serait trs surprenant
@1967POTTER bien sur , dans les premires au courant
@270mokhtarS @Chames76 et ma soeur la mixit c'est  toi de la grer, la mixit est partout, bus, train, rue, cours etc.. Donc c'est juste
@98MENDESPINOSA casser en courant j'tais en pleur et j'hurlais j'me suis jete dans les bras de ma mre
@AdeleNaour tqt tu sera la premire au courant si je les prends ^^ j'hsite encore
@Adrian_Rinaudo j'espre que ca ira... tu me tiens au courant
@AdrienBrul Haha! T'inquite pas on est tous au courant vu la pub que tu t'es faite! #BG notre Riri (;
@Alexis7511 @ClarimUKSW19 ne sera pas morte,avec des projets d'optimisation aussi comptents. voir en Europe courant avril.buona pasquetta.
@AlineDV7 @Melina_Tb sa serait bien qu'on soit au courant quand mme
@Anais_tweete Non mais j'ai lu les commentaires entre temps. Je pensais tre le 1er  te le dire, mais j'ai vu que tu tais dj au courant.
@AnthonyGhanem4 Quand tu cours aprs un bus pour le rattraper, tu as l'impression qu'il va plus vite que quand tu es assis dedans, ppre.
@AudounnetteIzi dis wsh Oklm on parle entre nous y'a personne qui sera au courant
@AudreyDng j'dirais vers 15h jte tient au courant
@BenFerron Ok et si Ou Marqui ou thiago se blessent t es au courant que ce sera forcement Camara dans l'axe contre le Barca ...?
@Beubeu_Ryre Merci je suis au courant pd
@Bouhari_Odom mdddrrr bh essay seulmemt la dernire personne qui a voulu me vanner 2 fois il est descendu du.mtro en courant essay slmt
@Brooks2brothers @ScvrfvceV12 ah fond sa darone serai venu en courant avec la babouche cuillre en bois rissa
@CaffeineNic Je vais conomiser les revenus que je fais avec mon podcast. D'ici 68 ans, j'aurai un billet de bus vers la cours  scrap!
@CeeAwes bah on voulait prdre les navettes, plus de place du cp on a suivi le bus en courant derrire parce qu'on savait pas o c'tait mdrr
@Chaarlotte_7249 je veux tre la premire au courant cha!
@Chekaviah @Epicube_Fr J'men balec de t'embter mais c'etait pour savoir si vous tiez au courant que vous trichiez comme des putes, et oui
@Clara_Leonetti si c'tait en courant je serai mort
@ClementRauturea ma mis la misre en courant ce matin ...
@ComeDownDE t au courant de rien tu cherche juste l embrouille, le tweet c'est Naiizen qui l'a crit demande lui si quand i m appel jlui rep
@Conducteur_RER : Top quand mme ce poste de conducteur de trains.. a fait rver ;)
@Crkt_9 Mdrrr moi je vais tre dans le bus tu seras en cours
@Cyr02Pill Toujours la dernire au courant
@CyrilouSan Elle t'coute quand tu parles en tout cas ;-) @RerTgv @Conducteur_RER
@DS_eSport sa aurait etait des vrai follower au courant que la GTs ( DS ) a etait recrer pas les createur de GTs
@EDTnet pas la semaine dernire. j'y serais nchallah cette semaine. je vous tiens au courant !
@Electrabel ce serait vraiment bien qu'on arrt d'avoir des coupures de courant pendant la nuit. Mme  2h du matin
@Elise_RHD ah nn tqt c'est pas des news tu serais dj au courant
@EmmaSoukass merci  oui si je l'ai tout Twitter sera au courant haha
@Estelleee1707 @Shannakress83 c sincre, j'tais mme pas au courant et pour moi t shanna des anges en couple avec Thibault point.
@FAMOus____C c'est rien ahah qd j'ai un mec tu seras la premire au courant mdr mais sa risque pas d'arriver mtn
@Fas_mBanks d'acc. Quand j'aurais des projets  te proposer j'te tiendrai au courant. J'serais enthousiaste pour un p'tit ft si t'es chaud !
@Ferry_eniloraC Et pour la question du dopage je ne ferais aucun commentaire, je veux pas que tout le monde soit au courant :p
@FionaVinson il y a pas de soucis , tu me tiens au courant je serais l !
@Galaad98 @russeurope Je suis surtout au courant de la misre noire dans laquelle cette clique de cocos  plonger ce pauvre peuple.
@GevaarlikeKanna Anw <3 Hana est au courant (la vido) mais ce sera tout !
@GhostsGamingFR ahah au faite samedi soir on a louper le bus ^^ du coup c'tait ma mre qui nous a emmener ^^
@GiveMeACape @RessourcesPros les gens sont pas au courant que c'est aussi sombre et horrible pour les prostitus c'est un moyen de rvler
@Gueshtif mais je serais au courant je pourrais vous refuser
@H_Viccini je vais regarder dans mon agenda je tiens au courant mais les affaires devienne rare en ce moment mdr
@HeretiikkTV @Skayle_domen @Halfabey t'as l'air plus au courant Here.
@HomoGenevensis Tu me tiens au courant si un jour tu as une rponse? on peut tjs rver @HofSwitzerland
@ItsOnlyJustine J'espre que ce n'est rien de grave... Tiens nous au courant !
@JFKent ouais Tqt tu seras mis au courant Eyeshield 21
@JM_Aulas Bonjour Maitre yodas!! Rmc est au courant de votre interet porter a l'mission!!on va encore rires
@Julie_Suna Je l'espre aussi, je te tiendrai au courant :3
@Juw_Liliie @Zoogatavroutchh j'tais pas au courant la vie de ma mre
@Kookiholic Mdrrr 8D Juste le retour, parce que l'aller se fera le dimanche. J'ai un bus  prendre puis train  Maisons Alfort
@LLeffondre22 * la voit courir dans la salle de bain* Oui en courant effectivement tu seras premire * lve les yeux au ciel amus*
@Laetitiatck ouais il avait fait la meme j'tais au courant de rien et ma mere m'a annonc j'tais dans le mal
@LeCrocBlanc je serai la pour toi, je crierai ton nom dans la nuit noir et t'aura peur, tu partira en courant mais il fera tellement noir
@Leroux_Raphael # GreveRF Libre  vous de prfrer le priv et ces mdias. Z'tes au courant : les chars russes n'ont pas dbarqu en 1981 ?
@LeserteurJean Vous savez quoi ? Les colos qui ont envie d'tre ministres vont adhrer au PS o ils auront un courant !
@LifeInCupCake - Mariana sera mise au courante. Triplement horrible. A la fin toute la famille sera mise au courant. -
@Lualcest si, j'ai un rdv qqes jours aprs mon retour du Brsil, avec un peu de chance je me fais oprer dans le courant de juillet
@LucasDeuxa J'vais l'couter demain matin dans le bus comme a j'serais motive pour toute la journe
@LukeRPGTF "*aprs les deux heures, oublie de t'attendre  la sortie* oh merde !!! *retourne en courant vers la salle et te fonce dedans*"
@MarineLebuisson oh merde a pue cest nul!!! Tiens moi au courant, et au pire tu te fais oprer avant et on est sres de t'avoir l'anne pro
@Marre_motte bah avec elle ce sont MES trains, la ligne C de Cyril et ma date de naissance pour accs au parking  @RerTgv @Conducteur_RER
@MilouRch j'espre elle va dire oui sinon j'l'oblige  faire 10 fois le tour du bahut en courant
@MineSliDe Ta gueule t'es au courant de rien tjrs derrire ton pc c'est tout ahah. tro conten 1 liv dut bislid
@Mini__Bn: YA des gens tellement exceptionnels.. Tu te sens mal que la terre entire sois pas au courant.
@Mini__Bn: YA des gens tellement exceptionnels.. Tu te sens mal que la terre entire soit pas au courant.
@Mogoouw POURQUOI jui pas au courant misre ?!!!!....
@NiggazStruggles: Les blancs arrtez de faire des vines  sa mere elle est au courant que son fils c un fils de pute
@PaulineTEAMTAL ouais je lui demanderais quand elle sera toute seul dans sa chambre et je te tiendrais au courant et c'est a qu'elle heure ?
@QuicheMolle BHA TU MTIENS AU COURANT CA SERAIT GRAVE BIEN
@RigopLomar Ah oui j'avais pas lu dans ce sens. Je vais juste arrter de regarder, je me tiendrai au courant de ce qui se passe quand mme
@Romaiiin_28 @Jennessa19 @sabouthemilk @0h_Bryan mince j'espre que a va aller ;) tenez nous au courant
@Rosee1789 @MayuraTamagochi je te demande mais je ne connais pas le nom de celle pour laquelle ma mre rentre en courant  la maison, lol
@SLGienne @Spaaace_Core je vais prendre en otage le train puis le mtro puis le rer mdr
@SNCF_Direct Bonsoir juste pour informer que les TV de Paris Austerlitz RER C(affichant le prochain train) sont encore  l'heure d'hiver.
@SNCF_Direct quid de l'accident a un passage  niveau ? (ligne 4, Paris est) intercit Belfort
@Snowy_Rox Un par jour si tout va bien, vous serez tenu au courant. Balade toi un peu sur le site si tu aimes le style
@St_Raphael9 @arme_x ba genre tu vas a ton bts putain sa mere ta louper le bus allo bb amene moi stp c'est la honte ?
@StayfanChemin a serait un grand plaisir! Je serais  Paris en aot, on se tient au courant? :)
@StayfanChemin cette anne ou l'anne prochaine j'espre! Je te tiendrais au courant!
@TanguyRolland ouais tiens moi au courant tu manques frere
@Tessa_DrewJarre @Anxisjj @CuIDeLouis oh parce que toi es pas encore au courant que je suis la mchante sorcire ?
@Theo_ouzou38 je suis au courant je serais SAM moi j'ramene les potes bourrs
@Thibz_2099: Maaaaaaais Nan Wisconsin Ils Ont Sorti Kentucky Et Personne Me Met Au Courant ?! Ca fait 2 jours maintenant frere
@Thom_prn Je te tiendrai au courant mais la premire saison m'a beaucoup plu donc je ne suis pas vraiment inquite non plus.
@TiniiRpg Jorge sera au courant
@TreyDerriick alors c'est lui l'escroc. D'accord c'est not. Donc mtn t'es au courant prviens moi tu sera mignon
@Tweezy__ oui si y'a des vnement basket pendant les grandes vacances je tiens au courant si tu veux a te fera vite progresser
@U_mia1004 Mais a fait flipper! La dernire fois je devais aller les nourrir je suis partie en courant, elle m'ont fait peur ces mini Trex!
@Xevamaf @Aunmineraipres J'tais pas au courant! Putin dommage on se serait bien amus!
@Yumyum_92 t'inquites, tu seras le 1er au courant
@ZaynRPGOXF Cole mais sa t'es au courant et y a son frre qui m'a embrasser , et je l'ai pas repouss
@ZohraBitan Dans la sphre o il volue il est sans contexte trs au courant il frquente plus l'Elyse que les cits FH est leur protecteur
@_Bidouille C'est normal meilleure ! Je serais toujours la pour toi, et sa tu le sais  courage maintenant et tu me tiens au courant
@_BrabusDZ azi frre tient moi au courant
@_Hearmeroaar Je sais pas si je vais commencer, mais si c'est le cas, pas de soucis tu seras tenue au courant :)
@_Tiphh_ tkt pas si cela me soule tu seras au courant
@_elsaferreira je cours que derrire le bus moi
@alainjuppe si vous etes elu, le courant "DroiteForte" sera t il invit  quitter l'#UMP et a rejoindre le #FN (sa maison mre) ? #QRJuppe
@alanvonlanthen Oh, je crois qu'ils prvoient une manivelle pour gnrer le courant.. :) #sportPartout
@alexandraaap92 tait pas mouille et n'avait pas faim, j'espre que sa sera pareil pour ton chat... Tu me tiens au courant ?
@angiilola je suis pas totalement au courant de leurs vies mais l'anne dernire Shanna avait fait une crise de jalousie a Amlie.
@antoine999uhuh bh sinon je ne serai pas au courant de a
@assofhudgens @ntmtommo tout ce qui concerne mon pre elle est pas au courant,en faite. Et c'est mon point faible. Et je lui ai pas dis.
@belabeu il faut! je serai de passage sur paris bientot, j'te tien au courant on essayera d'ce check #BEU
@bellienguyen je suis sr que la gamme sera disponible trs vite  Montral!quand ce sera dispo,tenez nous au courant de votre impression
@blackjeanslwt non mais j'suis la dernire au courant alors que c'est moi
@bovem_ pour la 1er fois de ma vie j'suis pas la dernire au courant
@bruxelles2 a n'a pas empch le MinDef de publier un CP disant que l'OP avait pour but de librer l'otage (dont personne tait au courant)
@callmeluh ouais bah tu me tient au courant de toute facon je le serai mais bon tkt moi je suis la :p
@charlotte_kls t'inquite tu seras la 1er au courant
@datskon @Piel_srh Vous serez au courant le plus vite possible
@edakcc_ tiens moi au courant quand tu seras partie le voir tu me donneras tes impression mdddr
@elise_grs @Arthiste_ je suis sre il est pas au courant de nouveau mdr
@emmadubosc @caroline_fauvel @Jackypetit - la terre serait au courant
@emquaprice tu seras la premire au courant
@flavienkouatcha mon frere je supporte Aigle de Dschang bom donc meme pas au courant de l'ature la @AnaisEBENYE
@garancerosling OUI MAIS JSUIS ENCORE CHEZ MA MRE... JE TE TIENS AU COURANT
@gaumarr_ je te tiens au courant samedi peut tre mais aprs jvais chez mon pre je pense
@girlpower_days si la meuf t'aime vraiment elle sera au courant de ce que tu comptes dire,elle veux pas de truc cucu la praline
@hajarmzn on se tient au courant de toute manire!
@hugxmatt Y'a intrt. De tout manire la production va tre au courant
@iridaceaegh jte tiendrais au courant de mon avance sois en sre.
@itele Financer la mort est plus courant que financer la vie semble t il. Combien de repas avec un casque? 80000 en France environ.
@iulandus1er oui on se tient au courant chaque fin de semaine pour un compte rendu ahah
@jaydenrpgdtr -tourne sa tte vers l'affiche.- oh j'tais pas au courant.
@jeanjean3 Vous tes vraiment fch l, je suis au courant de cela. Je nai mme pas vot libral aux dernires lections. On se calme ;)
@jeremy17paris Oui a va et j'espre que vous aussi , c'est une trs bonne nouvelle on ce tient au courant .
@karimazing bah tout simplement tu vas sur pronote et la tu seras au courant peut tre
@kaydenrpgwab -it en te suivant, courant vers la cuisine.-
@learoyee Aha ben tu me tiendra au courant de ce que tu feras officieusement alors
@lefty_cookie j'attends un repas de famille pour dire a tes parents que t'a twitter ou ils sont au courant? ;)
@lequipe Ca serait un footballeur tout le monde serait au courant
@louis_egja @Remi_6006 faites d projets avec mon tel vs inquitez ps c pg si chu pas o courant apres tt c pas comme ci ct mon iPhone
@mathilde_crstn ,Tu gres trop, tu m'tiens au courant
@matthieudu06 Hahah, j'adore ! Tu me tiens au courant quand tu le reois ;-)
@mel_boul de rien ! Tiens nous au courant apres. Je serai en 108 toute la journe
@mfvrand Mais j'tais mme pas au courant du 3ieme truc ! Ya trop d'preuve pour une seule matire vrmt
@ombresnocturnes le jour o j'ai une copine tu sera la premire au courant camarade
@onlyritaj Awh.. Moi ma mre elle vient en courant et quand elle voit que c'est une araigne elle la prend genre de rien.. Ommg jpp moi
@paynocturn tu me tient au courant si tu le fais et ce qu'il rep
@penxsoflewis Tu peux arrter les coeurs je te frapperais jamais t'es au courant ?
@rachou_all Pas en public non, toute la twitosphre est au courant maintenant  #ShameOnYou
@ramzykrabz Omar frre!Qd il arrive il siffle ! Les ptit sbar en courant ! T pas prt frro. C pas walking dead sa
@sauvagebieber @dallasvck pas ici, tout le monde serait au courant de ta face secrte
@serieconfession hey, t'es au courant du compte "talking about serie"? Va voir il vient de me follow et a ressemble un peu bcp au tient :/
@slnkurdia @KurdeMelii__ @heln77_ Mddddr bencede je pense c'juste des coincidence sinon on serai deja au courant
@smilexliam MDRRRR MOI JE SERAIS PAS PARTIE JE LUI AURAS FAIT MO' PLUS GRAND SOURIRE ET APRES JE ME CASSE EN COURANT
@therudeharry J'espre sincrement que tu vas y aller, moi j'y vais tiens moi au courant! Courage!
@xTsukuyomi_ Ouais le droit, j'suis au courant que c'est dur, mon frre est  la fin de son M2 ://
@zeg_yamina j'accouche en juin et le pre est tjr pas au courant :(
@ziallwars d'ac tu peux me tenir au courant? et merci pour ce que tu fais xx,J'espre l'avoir :) <3
A pied, a cheval, en courant ou assis sur ses fesses....toutes les manires sont bonnes pour trouver des...
Aketo ptit gteau t'es galb comme un cerf volant ds qu'il y a un courant d'air on te retrouve sur une terre trangre
Amener une meuf au restau> voir que tpeux pas la ken> finir le repas> partir en courant pour pas payer l'addition >>>>
Anais Paris c'est une grosse salope au cas o vous serez pas au courant
Apres Le train, le RER
Aprs une journe de taf, couter les conseils d'un jeune qui a lu mes sms persos par dessus mon paule dans le RER a n'a pas de prix...
Arrive  Bondy avec le bus je vois le train il repasse j'me suis fais couiller
Autant m'endormir en cours idc, mais faire un malaise dans le bus a serait le 3e donc bon.
Boloss. Tu es au courant que avec elle c'est phmre.
Bon allez go retourn chez ma mre ;) peut tre live cet aprem je dis bien peut tre mais pour tre au courant  ;)
Bon bah enfaite on va en voiture pas de besoin de courir derrire le bus
Bon ma mere a la tondeuse en main, j'vous tiens au courant de la situation
Bon visage quand tu aura dcid d'arrter ta production de bouton tu m'tiendra au courant hein
Bref j'ai acheter le cadeaux d'anniv a ma mere y mreste nada sur mon compte courant
C'est dj ce soir qu'on part..,Le plus long sera le bus, a c'est sr, mais j'espre que a en vaudra le coup !
C'est pour a vs restez pas en couple lgtps. Ca se voit quand la voiture tombe en panne, vous partez Pcq il prend le RER D
Coupure de courant dans le quartier de 10h  midi !!! Le rti pour le repas de pques ne sera pas cuit !!!
Dans une semaine pile je serais en Espagne!! (Ou morte dans un accident de bus....)
De nombreux foyers boulonnais privs d'lectricit suite  panne transformateur. ERDF prvoit rtablissement courant vers 12h30
Demain je commence a 8h mais je pense que j'y serai pas.. Je vais opt pour l'option "j'ai loup mon bus" !
Demain mon bus il est  9h44, je serai au lyce vers 9h50 du coup #PquesAvecGiftsOfAllKinds
EHHHH mon frre il est reparti ! J'tais pas au courant c'est quoi le del la ?
En route pour la GA! Restez co, vers 12h-13h on devrait commenter un tournoi! On vous tient au courant et on vous donnera le lien du stream!
Et bien voil, pour la toute premire fois de ma vie, j'ai loup mon avion. J'avais dj loup un bus, un train. Cette fois, le top niveau.
Et j'croyais trop que c'tait vrai et donc j'panique et j'vais voir ma mre en courant et criant "JME FAIS ATTAQUER"
Et j'tais la dernire au courant parce que je DORMAIS
Et le truc chiant c'est que si ma mre est au courant sue je veux perdre du poids elle va pas vouloir et elle va me soler.
Et quand il veut te le redonner, toi tu barre en courant et en criant "AHAHAH DEMERDE TOI AVEC MTN FRERE" #lt
Faux cul = hypocrite pour tous ceux qui ne seraient pas encore au courant ..
France / n0119 / N* / Cote 16  - Type Merson, 40 c. rouge et bleu, gomme d'origine, centrage courant, trace de charnire.
France / n0119 / N* /Cote 16  - Type Merson, 40 c. rouge et bleu, gomme d'origine, centrage courant, trace de charnire.
France / n0121 / N* / Cote 30  - Type Merson, 1 f. lie-de-vin et olive, gomme d'origine, centrage courant, trace de charnire trs l
France,Danemark et Tunis,les bannires de solidarit ont inond le net.Mais le Kenya c'est loin. Des noirs tuant des noirs c'est courant
Genre la terre entire doit tre au courant que vous vous embrouillez. Ah la piti.
Genre ma mre et Zelie s'parlent et j'suis pas au courant!
ISLAMOO  FAIS UN ACCIDENT EN TROTINETTE SES JOURS SONT EN DANGER, J'VOUS TIENDRAI AU COURANT DE LA SUITE
Il y a des trains qu'il ne faut pas rater!!,RER: Roots, Electro, Reggae, le 17 avril  Dostaly, Le Franois!
Ils disent qu'on parle pas du Kenya sur bmf et itele. Dj ils en parlent, et sans les mdias ils seraient pas au courant. Don't be stupid!
Imagine personne ne sait que tu as une cpoine , il t'arrive un truc a se trouve jamais elle sera au courant
Imaginer on a un accident de bus on meurt tous on passe au info tout a
J ai un gros projet avec des potes qui se met de + en + en place pour cet t ! J espre que a se fera vrmt je vous tiendrai au courant
J'ai bombard la totalit rseaux sociaux, maintenant la plante entire devrait tre au courant de son anniversaire.
J'ai fais tout le tour du domaine en courant et chui pass par l'alle cavalire
J'ai perdu ma carte de bus j'espre pas tomber sur un chauffeur con demain matin sinn j'irai pas en cours.
J'ai rater le premier rer jespere j'vais arriver  temps pour mon train
J'ai rver que j'tait dans une maison avec des Aliens. Un moment j'ai mis une Chiquette a un Alien et Jsuis partie en courant
J'ai rver que je louper le bus , j'viens de me rveiller en panique du coup, quel con
J'ai rver que je me suis fait niker par un grand avec une bouteille de champagne devant mon lyce mes jsuis partie en courant comme un pd
J'ai une meuf dans mon Fb elle est pass dans " Pute du 91 " j'espre elle au courant quand mme
J'aimerais trop qu'on me fasse des surprises genre venir chez moi sans que je soit au courant sa me ferait trop plaisir
J'arrive bientt  Grenoble aprs 4h de voiture 30mins de RER et 4h de train. Je ne vous promet pas d'tre frais...
J'cour dj derrire mon bus alors Jvai srement pas courir apres tw
J'cours dj pas aprs mn bus,donc j'vais encore moins courir derrire toi
J'espre juste que tu vas pas oublier de me tenir au courant ..
J'tais pas au courant et je suis trop heureuse pour elle omg. Je crois que c'est la premire fois qu'elle quitte/quittait l'le
J'voulais aller a corot mais les bus c'est tendax du coup si ma mre me dpose pas jsp c'que jvais faire aujourd'hui c trist :((
JE LAISSERAIS HAPPY COMME NOM JUSQUA QUE MON BONHEUR S'ARRTERA, VOUS SEREZ AU COURANT AU MOINS
JE VAIS REVOIR MON TONTON OMG. JT'AI PAS AU COURANT QU'IL SERAIT L BORDEL. JE VAIS CHIALER COMME UNE MONGOLE.
Jai crier carrement ma mere et monter en courant
Je crois je vais crer un compte, et genre y aura que moi de au courant, et lui je desac parce que l .
Je dis oui a tout le monde mais ma mre est au courant de rien
Je me demandais d'o venait mon ct bizarre, j'ai eu la rponse aujourd'hui en voyant mon pre sautait dans le couloir et partir en courant
Je prends jamais le RER, vous tes fous en balle pour moi c'est le genre de train tu meurs dedans frrr
Je suis vraiment toujours la dernire au courant de tout, l on peut le dire.
Jeanne elle me dit rien cette saloperie jaurai pa son code je serais pas au courant rien qu'elle niait
L'histoire de Charlie Hebdo mme les enfant de 5a t au courant la les 147mort peu de persone vnt tr au courant  on renie encore la diff
La dernire fois yavait une araigne au plafond elle m'a vu arriver elle a fait demi tour en courant elle est tombe par terre mdrrrrrrrrrr
La dernire roue du carrosse, toujours la dernire au courant.
La prochaine fois je le fais vraiment et je film toute ma soire comme a je serais au courant de tout !
La prof d'histoire elle est au courant que c'est la galre pour mettre tous les noms des pays et capitales sur sa carte de merde
La vie dma mre yen a y sont mme pas au courant que jvais mme plus les calculer
Le chauffeur du bus  ralenti psk une Beurette traversait, je lui ai dis azi passe c'est orange, on ma applaudit, j'ai roul le bus.
Le courant de la vraie musique a un charme tellement unique, t'emporte ver un monde tellement ferique. -
Le jour ou j'aurais un super forfait tout le monde sera au courant mdrrr
Le pire cst les noirs qui nous affichent en courant derrire leurs potes pcq il tient une bote de chicken spot
Le truc des htels premire classe ou formule 1 c est que t est le 1er au courant quand tes voisins se font plaisir !
Les gens qui font encore des blagues par rapport au 1er Avril.. vous tes au courant que c'est cram a 35355 km et que c'est pas drle?
Les trucs du genre a m'nerve vraiment mme si j'essaie de pas le montrer, mais je prfre tre au courant plutt qu'il me le cache
Les vacances c'est terminer on reprend le rythme ntm j'suis au courant que c'est fini sinon je serai pas ici :| #UnePhraseDeProf
Ligne 11 - Intervention ambulanceSuite accident - Info dtaille :
M'en fout, toute manire je vais peut tre aller chez mimi courant avril.
Ma mamie m'a offert un oeuf en chocolat. Je lui dis "merci mais tu sais qui va le manger".Ma mre nous sourit et part en courant. Avec l'uf
Ma mre a pas vu le chat depuis samedi elle arrive "oh mon bb, petit bb nianiania" l'autre il s'est barr en courant quand il l'a vu mdr
Ma mre pte un plomb je crois...,Bruno Mars fait un concert dans mon salon je suis pas au courant
Ma mre tjrs pas rentre elle doit pas tre au courant que j'pars en Italie dans 1h30
Mais t'inquiete. Je serais au courant sous peu.
Mdrrrrrr c'est quoi ce vieux plat son mari il va partir en courant. Moi ca sera  base de tajines, couscous ... #LRT
Merci @GroupeRATP : tout le monde est maintenant au courant du concert des Prtres au profit de nos chers frres chrtiens d'Orient !
Mes parents et mes frres il m'abandonnent tout le temps quand ils vont faire des trucs cool ,jsui jamai au courant de rien dans cte famille
Mme moi Unemadaviet la , sa tte on dirait l'avant du RER D elle part dire a ma meuf que j'suis pas un mec bien, son corps de dmnageur la
Moi jogging jsuis pas au courant ! Jeans en cas "exceptionnel" trs trs rare
Moi y'a pas de pitier j'ai jeter Sara vers la trononneuse j'ai courant vers la sortit
Mon frere il a mis tout l'monde au courant s't'enfoire
Mon frre il a t  l'hacienda voir Kim j'tais mm pas au courant mdr
Mon pre a t charger ma carte de bus il a ramen un papier de train avec j'ai pas compris en plus il veut pas me dire j'en fait quoi
Mon pre arrive dans 30 min askip et je viens d'tre au courant c'est gnial
Mon pre il est srieux. Depuis dcembre mon stage en uk il est prvu et la il fait le mec pas au courant
Mon pre qui me dit : "Bh tu as cas aller jusqu' lorgies en courant, sa m'viteras de te conduire" mais oui
Mon pre s'est trop un fourbe, il m'a fait prendre la cte en courant
Mon ptit frre a voler des bonbon et il c'est casser au courant
Nique ca mere j'ai encore eu une coupure de courant
Nique ta mere cest devenu langage courant , le jour ou vs allez dire a 1qui a perdu sa mere il va vs casser vos dents vs allez voir
Non il reste dans l'quipe personne ne sera jamais au courant
Non-assistance  personne en danger delit le dal  RT @kekerita: soupe kandia bi dina si agne,rer si kheuy ndeki si bou dess ma diwo ko
Oh dear God! Il y a #PoTC sur @m6 et encore une fois je suis la dernire au courant!!
On a tous squatte la maison de vacs de Desbeen depuis Jeudi,son pere etait au courant mais sa mere est revenu de voyage elle a pete un cable
On peut Re tre au courant de pas mal de truc
On se fera un petit live nocturne ce soir pour les couche tard je vous tien au courant ;)
Ouaaaah @JVCom qui a pas l'air d'etre au courant que c'est feri le Lundi de Paques :O (ou alors, c'est diffrent en France)
Ouai tte la premire aux ptit courant mdrr
PadamPadam,Padam Il arrive en courant derrire moi...
Promis jvs tiendrez tous au courant demain, jserais fire de vs dire que j'ai fait un hs
Putain taleur j'ai failli dcder Heee le courant m'a masse j'ai vibr 5min
Quand as-tu fait ton coming out ?  mes potes le savent sepuis longtemps et ma mre et ma soeur sot au courant d...
Quand j'tais un peu plus jeune, j'ai quitt un repas de famille en courant pour ne pas rater HSM. Depuis, le tlchargement est arriv.
Quand mon pre dit  mon frre : "tiens nous au courant de ce que tu fais"
Quand une fille te dit qu'elle gre pas avec d'autre gars mais que t'es deja au courant
Quand y a des scnes bizarre  la tl et que je suis en famille, je perd mes couilles je cours dans le 1er RER et je vais jusko terminus
Quoi ? Falco a a reprit et moi je n'tais pas au courant
RT @0000KEY: Amener une meuf au restau> voir que tpeux pas la ken> finir le repas> partir en courant pour pas payer l'addition >>>>
RT @0popope: @alainjuppe si vous etes elu, le courant "DroiteForte" sera t il invit  quitter l'#UMP et a rejoindre le #FN (sa maison mre) ? #QRJuppe
RT @AlexandreSamTio: @Thibz_2099: Maaaaaaais Nan Wisconsin Ils Ont Sorti Kentucky Et Personne Me Met Au Courant ?! Ca fait 2 jours maintenant frere
RT @Algereine92: Nique ta mere cest devenu langage courant , le jour ou vs allez dire a 1qui a perdu sa mere il va vs casser vos dents vs allez voir
RT @AmarHaragaa: Quand y a des scnes bizarre  la tl et que je suis en famille, je perd mes couilles je cours dans le 1er RER et je vais jusko terminus
RT @Amirfantasy23: #EnEgypte le bus y s'arrte jamais , il ralenti toi tu saute pour sortir
RT @AnaisMtp: Anais Paris c'est une grosse salope au cas o vous serez pas au courant
RT @Angelacmpllo: Genre ma mre et Zelie s'parlent et j'suis pas au courant!
RT @Baddestra_: @edakcc_ tiens moi au courant quand tu seras partie le voir tu me donneras tes impression mdddr
RT @BaneSciFi: "Y'a 147 mort au Kenya , et on en parle mme pas" bah.... Si tu passes ta journe  regarder NRJ12 c'est sur que tu ne seras pas au courant
RT @BlaackMajor: Black Major & YACE - #Swarovski (Prod By @NeozOnTheBeat):  1er Extrait de l'EP "Gold Boy" Sorti prvu courant 2014. RT
RT @Brasilyane: 06/04/2015: Oiapoque-Macapa: accident d'un bus transportant des musiciens guyanais
RT @CIaudeFrancois: RE JE SUIS LA, DSOL DU RETARD J'AVAIS UNE PETITE COUPURE DE COURANT
RT @CLePrenom: Kenza c'est le prnom d'une meuf qui cours derrire le bus mais elle le rate aprs elle marche
RT @CharlotteDbld: JE LAISSERAIS HAPPY COMME NOM JUSQUA QUE MON BONHEUR S'ARRTERA, VOUS SEREZ AU COURANT AU MOINS
RT @Conducteur_RER: tre conducteur de train.
RT @CritiqueTout: Mdrrrrrr y'a Kanye et Kim K elle est mme pas au courant. Typiquement le genre de truc qui arriverait  ma mre.
RT @Damaa_R: le mec qui a demand a Callie de diner avec lui j'espre pour lui qu'il est au courant que tout les calzona shiper vont le detest le pauvre
RT @DjSown_Sheutteu: Blacklist a repris lol je n'tais pas au courant sa mre
RT @DmlJordan: Ouai tte la premire aux ptit courant mdrr
RT @ElisaGinda: Mon frre il m'regarde il m'sort "t'es qd mme toute petite",ouais merci dme le dire encore..c'est vrai que j'tais encore pas au courant..
RT @EliseDubois77: @Estelleee1707 @Shannakress83 c sincre, j'tais mme pas au courant et pour moi t shanna des anges en couple avec Thibault point.
RT @Enzo_Rpn: @emquaprice tu seras la premire au courant
RT @Evindj: @flavienkouatcha mon frere je supporte Aigle de Dschang bom donc meme pas au courant de l'ature la @AnaisEBENYE
RT @GuirriBoss_: Tlr dans le RER ya un daron renoi il croise sa fille dans l'train par hasard & quand il la vu il a dit "donc toi tu colorie tes levres mtn?"
RT @HabiibouQlf: Mdr mon pote il et parti grer une meuf dans le bus a 8h du matin en allant en cour il et paro
RT @HdkNabilou: #ABlois quand tu gres une go mme le maire est au courant !
RT @HeYaRGplay: On se fera un petit live nocturne ce soir pour les couche tard je vous tien au courant ;)
RT @ISLAMOO92: ISLAMOO  FAIS UN ACCIDENT EN TROTINETTE SES JOURS SONT EN DANGER, J'VOUS TIENDRAI AU COURANT DE LA SUITE
RT @IdrissBiss: @sarah__Alvs: VIE DMA MRE SA MARCHE DEMAIN JFAIT 10h-14h AU LIEU DE 8h-17h  mdrr sa ma fait louper le bus
RT @JUNIORCMOI: @Bouhari_Odom mdddrrr bh essay seulmemt la dernire personne qui a voulu me vanner 2 fois il est descendu du.mtro en courant essay slmt
RT @KMVins: C'est pour a vs restez pas en couple lgtps. Ca se voit quand la voiture tombe en panne, vous partez Pcq il prend le RER D
RT @KOP__92I: Les gens qui font encore des blagues par rapport au 1er Avril.. vous tes au courant que c'est cram a 35355 km et que c'est pas drle?
RT @KaelaImani: Je prends jamais le RER, vous tes fous en balle pour moi c'est le genre de train tu meurs dedans frrr
RT @KassimCorsaire: Ca s'voit ls vineurs s'ils gagnent 1oscar Ca va lcher des "ya que ma mre ki croyai en moi" alors kelle ntait pas au courant des perruques
RT @Kevin_Broy: La prof d'histoire elle est au courant que c'est la galre pour mettre tous les noms des pays et capitales sur sa carte de merde
RT @LePrenoms: Kenza c'est le prnom des meuf qui cour driere le bus mais elle le rate apres elle marche
RT @Louise_AnneL: @CeeAwes bah on voulait prdre les navettes, plus de place du cp on a suivi le bus en courant derrire parce qu'on savait pas o c'tait mdrr
RT @Loup2LaClasse: RT Si ton daron depuis qu'il a appris  lire, il lit le 20min  haute voix dans le RER
RT @M_Morgaane: pour ceux qui ne sont pas au courant, mon coach Slim c'est le frre d'Amel
RT @MaevaAhn: J'voulais aller a corot mais les bus c'est tendax du coup si ma mre me dpose pas jsp c'que jvais faire aujourd'hui c trist :((
RT @MalgaetPyro: En route pour la GA! Restez co, vers 12h-13h on devrait commenter un tournoi! On vous tient au courant et on vous donnera le lien du stream!
RT @MelleApolline: Quand mon pre dit  mon frre : "tiens nous au courant de ce que tu fais"
RT @Mini__Bn: YA des gens tellement exceptionnels.. Tu te sens mal que la terre entire sois pas au courant.
RT @MrBboy45: J'VAIS ME COUCHER. J'aimerais que la terre entire soit au courant ok ? Alors max #RT. Merci Et bonne nuit
RT @Mrsneidhart: @onlyritaj Awh.. Moi ma mre elle vient en courant et quand elle voit que c'est une araigne elle la prend genre de rien.. Ommg jpp moi
RT @MymyDantas: J'ai bombard la totalit rseaux sociaux, maintenant la plante entire devrait tre au courant de son anniversaire.
RT @Niko_Mat: On s'accroche au rer la vie dfile a toute vitesse. Courir grandir jme sens libre dans l'ivresse #Nessbeal
RT @OnMaApplaudi: Le chauffeur du bus a ralenti par ce qu'une beurette traversait, je lui ai dis azi passe c'est orange, on m'a applaudit, j'ai roul l'bus
RT @PanosBlouet: Dans le rer je dors, dans le bus je dors, en cours je dors ... Y a que dans mon lit que je dors pas ou quoi ?!
RT @Pharel_Skeleton: @GevaarlikeKanna Anw <3 Hana est au courant (la vido) mais ce sera tout !
RT @Quentinbitbol: Aprs une journe de taf, couter les conseils d'un jeune qui a lu mes sms persos par dessus mon paule dans le RER a n'a pas de prix...
RT @Quentinouurs: Sa mre Jsuis dans un courant d'air froid jme pele le jon
RT @RITAJENANO:  Courant Joie & Soleil au Coeur sans Frontires # ##Welcom_To_Algiers#Algeria,#Martyrs_Memorial
RT @RemigronsBouram: @Galaad98 @russeurope Je suis surtout au courant de la misre noire dans laquelle cette clique de cocos  plonger ce pauvre peuple.
RT @SaMiia_Med18: @Nayer_Dixhuit Mdddddddrrr A bon ?! Ton pre il est o courant ?! Attent j'vais l'prevenir tu va voir si tu va pas rester une Mlle
RT @Sarah_lsrr: Mes parents et mes frres il m'abandonnent tout le temps quand ils vont faire des trucs cool ,jsui jamai au courant de rien dans cte famille
RT @ToONy_918: J'ai une meuf dans mon Fb elle est pass dans " Pute du 91 " j'espre elle au courant quand mme
RT @UltranusAbitbol: C'est la premire fois que j'ai une place assise dans le rer A un matin, du coup je vais jusqu'au terminus, c'est trop grisant
RT @UneCessprin: Porter le voile, obissez  Allah et vous serez heureuse, c'est pas en courant vers les hommes que vous serez heureuse .
RT @ValdoushLuca: @NiggazStruggles: Les blancs arrtez de faire des vines  sa mere elle est au courant que son fils c un fils de pute
RT @Yasminoutte: J'cours dj pas aprs mn bus,donc j'vais encore moins courir derrire toi
RT @Yvanovich951: Je viens de pter dans le bus.,Je garde mon calme je vous tiens au courant de la situation
RT @_AudreyCastel: Promis jvs tiendrez tous au courant demain, jserais fire de vs dire que j'ai fait un hs
RT @_LikesBoys: #PLLTheory Garett et Jenna seraient au courant pour Charles. #CharlesIsA #PLL @LittleLiarsFR @_PLLNews @PLL_FRsource
RT @aaronzkeiy: Coulibaly c'est un trou du cul. Ya vraiment qu'un Malien pr croire qu'en courant assez vite il peut viter les balles
RT @bangtan_rnzt: @U_mia1004 Mais a fait flipper! La dernire fois je devais aller les nourrir je suis partie en courant, elle m'ont fait peur ces mini Trex!
RT @beguinmarc: Samedi je serais de retour a Yves du manoir pour le match,Racing-Montpellier. les photos suivront dans le courant de la semaine du 13/04.
RT @cobainsdrugs: Dans une semaine pile je serais en Espagne!! (Ou morte dans un accident de bus....)
RT @elodieths: Imaginer on a un accident de bus on meurt tous on passe au info tout a
RT @fahren3: Quand une fille te dit qu'elle gre pas avec d'autre gars mais que t'es deja au courant
RT @hyorimi: Qd j'fais semblant d'couter de la musique ds l'bus or j'coute les bails qui se raconte derrire
RT @leiireix93: J'ai rater le premier rer jespere j'vais arriver  temps pour mon train
RT @lesikanel: Un gars qui a cout la Mboa Tape Vol 1 pour la 1re fois hier prend les rnes de @CamerLive . On va naviguer  contre courant.
RT @mariionp72: Demain je commence a 8h mais je pense que j'y serai pas.. Je vais opt pour l'option "j'ai loup mon bus" !
RT @mkysph: @LeCrocBlanc je serai la pour toi, je crierai ton nom dans la nuit noir et t'aura peur, tu partira en courant mais il fera tellement noir
RT @nathtrin: @mel_boul de rien ! Tiens nous au courant apres. Je serai en 108 toute la journe
RT @radonmoss: @_Tiphh_ tkt pas si cela me soule tu seras au courant
RT @sahalimb77: L'histoire de Charlie Hebdo mme les enfant de 5a t au courant la les 147mort peu de persone vnt tr au courant  on renie encore la diff
RT @sheitanesque: Si je meurs, je veux qu'on balance mon corps sur une ligne de RER ou de TGV juste pour tre sre d'emmerder les gens, mme dans la mort
RT @simontrouve_: Taleur le chauffeur a ralenti pck une beurette traversai ,jlui est dis c orange tu peux passer .Tt le monde m'a applaudis g conduis le bus
RT @smilexfmichael: Les vacances c'est terminer on reprend le rythme ntm j'suis au courant que c'est fini sinon je serai pas ici :| #UnePhraseDeProf
RT @theopro28: @Clara_Leonetti si c'tait en courant je serai mort
RT @xapuyo: @alanvonlanthen Oh, je crois qu'ils prvoient une manivelle pour gnrer le courant.. :) #sportPartout
RT @zazarussello57: @bovem_ pour la 1er fois de ma vie j'suis pas la dernire au courant
Rave parties, vers la mdiation de la libert
Retour du footing avec mon pre et ma soeur  ma soeur a  peine couru , mon pre 15 min et moi 40 min en courant trop vite
Sa mre Jsuis dans un courant d'air froid jme pele le jon
Samedi je serais de retour a Yves du manoir pour le match,Racing-Montpellier. les photos suivront dans le courant de la semaine du 13/04.
Si je meurs, je veux qu'on balance mon corps sur une ligne de RER ou de TGV juste pour tre sre d'emmerder les gens, mme dans la mort
Si tu as reu la newsletter du @byCossBar, tu es dj au courant: RDV vendredi 10 (et non le 19) pour du disco ! #mtp
Six touristes chinois blesss dans un accident de bus  Alishan  via @TaipeiSoir
Soit on me prviens jamais quand j'ai un repas de famille, soit j'suis tout le temps def quand on me le dit. Jamais au courant ptn
Sur ce @MichaelTshi @InitiativesDev JoKa serait leader de quel courant/systme politique ? Afin de trouver d'alternance ?
Tin ma mre veut pas me cherche du coup j'dois attendre 1h le bus...
Toi et moi. Nous. On est plus comme avant. Plus meilleures amies. Maintenant, je suis la dernire au courant ...
Toute ma vie j'mange des chips aprs j'me plains quand j'arrive pas  courir derrire le tram ptdr
Tu seras courant de jour
Un gars qui a cout la Mboa Tape Vol 1 pour la 1re fois hier prend les rnes de @CamerLive . On va naviguer  contre courant.
Vous employez des travailleurs dtachs trangers? Soyez au courant des nouvelles rgles depuis le 1er avril: ...
Vous tes au courant demain Isral brlera ?
Vous voulez de la motivation X100000 allez l :) c'est fou !!! Et vous serez au courant des derniers...
YA des gens tellement exceptionnels.. Tu te sens mal que la terre entire sois pas au courant.
Ya des trucs qui se sont passs en espagne personne m'en avait parl, jss la derniere au courant bah ok moi aussi jv plus rien dire a pers
a mre je suis dans le bus j'ai le nez qui coule et j'ai pas de mouchoirs
a va faire bizzard de reprendre le bus de l'accident avec la prof surtout si c'est le mme chauffeur
bus accident
courant couper rek TL bi melni boppou laye wade bi
demain  ct'heure la on seras en train d'attendre le bus
eh bh voila ma mre elle a mis au courant mon pre
en plus le prof est venu vers moi il m'a dit "Tu es au courant que c'est par l que passe la nourriture ? Aprs chacun ses prfrences"
et mon pre n'est pas encore au courant .. SVP laisser moi allez chez vous
hier j'ai fait 8km en marchant, aujourd'hui 4km en courant, jsuis fire
il serait tant que j'envoie un texto  iona pour notre oral de demain, si elle est au courant.
j'ai louper mon bus sa mere
j'ai ma place pour SOAD, c'est dans une semaine et mon pre est pas au courant
j'espre je vais pas louper mon 2me bus
jss tjr la dernire au courant pour les interro
la moiti du lyce  jacobins est jamais au courant ou juste  la dernire minute wsh
le seul truc qui fait chier c'est qu'il y aura tous les internes dans le bus du coup a va tre la galre pour avoir une place
le tiers livre,: 031 | 4721'24.76 N  038'38.51 E ?  cause du courant ? ou pour rcuprer imprudents ?
ma mere demande un cheque a mn daron, et lui il sort du salon en courant
ma mere elle me laisse a Voves en voiture et je dois faire les 5km en courant pour rentrer a la maison.. motivation? aucune
ma mre elle a bad, j'ai pas voulu lui donner mon tel alors elle veut me couper la ligne c une folle
mme moi la semaine dernire j'ai fait que a louper mon bus #lrt
mon pere y ma dit tu te deguise en courant dair et tu vas pas en cours, ah stv
on pari quelle sera au courant de rien
pk mon frre vient de passer tout nu en courant dans le couloir ? :(
pour ceux qui ne sont pas au courant, mon coach Slim c'est le frre d'Amel
putain d'accident de tram
si a se fait, je serais la premire au courant .
tu es au courant que 140 caractre ne suffisent pas?! Tu es une personne tellement important pour moi! Je t'aime fort xx
y a vraiment que pour taliban que je descend en courant jusqu'au polygone en pyjama,il me refait peur comme a jle mange
y'a une meuf devant moi dans le RER elle a un trop beau visage on dirais une poupe
