"Et sinon les voitures lectriques chez Renault a marche? Je suis pas au courant".. Les blagues tellement nul de mon pre.. #Dsesprant
"Je prfre courir aprs le bus qu'aprs les gens" #64mesures. Haha
"baiser ta meuf dans l'RER, c'est mon train d'vie"
"mes freres me tiennent au courant, ils se font tazs" FOUINY ARRETES TOUT
"ouah pk elle fait la bise  son pre" "toi tu vois ton pre tu pars en courant" PTDRRR MAMAN JTM
#Femmes du bus 678#Film qui traite 2l'#harclement sexuel en #gypte +affaire qui a conduit  la 1re condamnation..,
#Pollution : premires mesures de restriction de la circulation courant 2015  #Paris
#Pollution: premires mesures de restriction de la circulation courant 2015  Paris  #villeduPr
#Sarkozy  la tte d'un parti qu'il veut tuer et crer le sien. Sont au courant les adhrents qu'ils lui servent de marche-pied ? #UMPitres
#SmashBros #ThisAfternoon Je vous tiens au courant pour l'heure. J'espre que vous pourrez venir. @Lucsensei @Frost_Line @BaNa_TL
...un pied nu sur ses jambes ou une caresse furtive sur sa cuisse sous la table en runion, un "courant" sexuel  fond vers lui...
.@mikasounds confirme que son livre sera publi en Italie courant 2015
// J'AI REUE UNE LETTRE D'UNE RENCLNTRE RPG OMSHZNOWNZKD J'TAIS MME PAS AU COURANT
09h10 #itl realise l exploit de parler du #congresFN 1 er parti de france si quelqu un peut prevenir #BFMTV sont pas au courant #VENDUS
14) Dans le 2, ils ont remis le courant dans la clture
@110414_ c'est beaucoup fuguer "juste" pour Ca.. Et puis les coach la bas finiraient pas tre au courant et applerais mes -
@A260396 merci ;) tu me tiens au courant aussi quand le premier sera limin STP
@A_Lonely_Road Courant janvier il me semble. Franchement moi l'anne dernire j'y suis all le dimanche et -
@AdriElric Oui oui je suis au courant elles sont divis en lettres ou je ne sais quoi.. mais bon  la rigueur je prfre Passpo tu vois..
@AlexiaaneG chaud, tu prends le train ou rer ?
@AlixJoshnson *se mets a cot de toi,prend tes mains,inspire un grand coup* tu es au courant que mon pre voulais que je devienne mangemort?
@AlizeeCaselli tiens moi au courant rapidement !! Je suis sre que tu es pleine de ressources !!!
@AnaisAna_Lepine tu sais nos pres Nol musicaux ? Hier j'en ai placer un devant Karamel je l'ai allumer Kara il c'est barrer en courant MDR
@AprilRPG_TVD je pense..que tu es au courant pour la frontire..de Mystic Falls..? *serre les dents*
@Ash_RPGUAC t'inquite pas, tu seras le premier au courant.
@Baltou_ @Didline pure va falloir que je le re instal et que je me mette au courant de la nouvelle jungle alors xD
@BensettiRayane RT stp j'ai vote pour toi a chaque prime ! mme si la mre n'est pas au courant  mais c'est pas grave c'est pour toi
@BlaackAndProud Ouais je me rappelle mddr, une fois il tait bloqu dans le chauffage du bus aussi on a mit 30 min  le rcuprer
@Britishized Oui mdr je suis au courant elle nous accuse de manigancer derrire son dos mdr.  FAUT LA CONVAINCRE.
@BrookRPGULA -vien vers toi en courant et te porte-
@Caro_lineuh a arrivera tkt pas. mais dj si tu me follow pas sur insta tu seras pas mise au courant
@CeeSnipes De mmoire au podcast j'ai dit que vous les feriez pas, au mieux entre 6 et 8. D West - Vonleh ? J'tais mme pas au courant.
@Chanalow @azarola_ Et toi tu serais arrive en courant pour sauver le pauvre roi tomb  terre.
@Chandlrpgufe @AliasRPGUFE MDRRR ET MOI REC 04 ON SE TIENS AU COURANT
@CharleneA_ MDRRRRR j'espre pour lui mdrrrr la vie il a du partir en courant en voyant a
@Chhlo_P putain meme ta mere est o courant cs terrible
@ChloeLecocq ah ou t pas au courant toi, ben enfaite mtn on sera en 118 donc lundi matin faut que t aille en 118
@Christo_DP ahah non mais je pense que les deux sont courant non ? a m'a pas choqu la premire fois que j'ai vu
@ClmenceLouis Moi je le re-re-repasse mardi... Oui je les loup 3 fois... On tient au courant ;)
@ColisPrive Bonjour, colis nNS0 000 053 362 soit disant "dpos en bote eux lettres" jeudi 27 mais non reu. Merci de me tenir au courant.
@Conducteur_RER @conducteur_prg @TommyOrNot2Me @leavandelli @Btilloy Cet t mon train au dpart de Perpignan est aussi arriv en avance :-)
@DarkFuneral972 @FlorimondT vous tes au courant que il y a un terhal shiney  avoir par cadeau mystre ?
@DarwaGR @Jayz_F @GriiVerStyle @Avalone__ 1ere fois j'tais pas au courant ^^ deuxime c'tait la dernire game ou sa jouait full imr lol
@DelannoyMegane la con de sa mre t'es au courant que c'est toi ?!
@Dr_Benji @JustneedTempo Ma mre et mon frre sont au courant.
@DrsMelissa tu seras la premire au courant bg
@DydyDeCampos euh frre enfait t'es au courant qu'elle est venue te parler pcq t'affiches a sur twitter ? Merci.
@E_Duhaime Et le covoiturage sur A-740 qui ne ralentit PAS les bus pour couronner le tout...
@ElodyMaimone je te tiens au courant vers midi, a te vas ?
@EstelleFUENTES exactement on sera bien au courant
@FanV2N tu sera dans le coin? Ne fais pas un dtour exprs! gnralement, je trace prendre mon rer...
@FareesOzil il a fait tweeter j'tais mme pas au courant sa mre !
@FrDesouche @JrmCortier Si Philippot suit ses ambitions, il ne restera pas au FN il n'a pas su crer un courant
@FranciscoRPGCK -elle parts en courant vers la porte d'entre-
@FrankfurterDer toi t es au courant d un grd lourd secret de ma famille :mes freres jumaux et toi en retour je n ai rien
@GredetFeorge j'te tiens au courant quand j'ai re un tlphone !
@H_Bedross mdrr je vais demander a mon pre parce que son pote lui a pas dit si il voulait y'aller ou pas! Je te tiens au courant
@HeleneZou Toujours la dernire au courant... (mais... NICE :D)
@Horia_Youtube Sinon gueguete s'est remis de la panne de courant ? ^^
@Horia_Youtube une lgre coupure de courant peu arranger les choses ^^
@JFChaumontJDM @RainvilleJR @LucGelinasRDS Je n'tais pas au courant de ce critre. Je retire ma comparaison.
@J_V_QVEMF3 @SCvetelina @ouussss @Jeremy_Off_ mdr tu n'tais mme pas au courant que je revenais casos . Tu t'inventes mme une vie entire
@Jenny_Salvatore "Un rayon de soleil ambulant" t'es sre de venir du sud ? J'suis pas sre que tu sois au courant de la dfinition.
@KeliianeGy Normalement ce soir mais je ne peux pas tre 100% sr d'tre dispo pour ce soir ^^,Vous serez au courant :)
@Kitty77000 @ShareThis De toute manire, tout le monde est au courant mais cela n'a pas l'air de trop mouvoir
@KristellLehebeltqt, au pire ma mre me dposera si je loupe le bus
@LaetitiaLesbats Meme si je change tu ne seras dans aucun cas au courant
@LeBlanbec la prochaine fois prviens une semaine  l'avance frre et tous les jours comme a tout le monde sera au courant et un conseil
@LeSoldatDAyem , ben alors team capu vous tes pas au courant votre capu c'est une petite cachotire
@LoveTAL06 mais non mais j'veux pas que t'es de problme aprs oh rflchis si il t'arrive qq chose et ta mre est pas courant !!
@MFHSR oki quand on sera quoi je te tiendrai au courant lel! Mais y a vraiment moyen que je dois au hellfest cette Anne omggggg
@MPOFFICIAL j'espre juste que tu seras au courant de tout ce qu'on a prpar pour toi..
@MagicRondo T'es au courant que c'est sa deuxime saison ? T'es au courant que Humphries tournait  3pts 2reb pendant son anne sophomore ?
@MaitresseMiss: Le petit frre de l'ado  qui je donne des cours de maths voudrait devenir PE en maternelle. Pas courant  son ge.
@MaryPatrux vous tes au courant du pari qu' Curry avec sa mre ???
@Melou1510 Moi j'ai loup mon RER  3 secondes prs .. Quel est le plus triste ?! Je suis avec toi RootsBoy
@Millawho non les B- c'est courant ^^ ce,sont les O- qui sont rare ^^
@Morgane217 yep! Ca serait cool. Tiens moi au courant si tu as de nouveaux projets :)
@Mouchalsky ok quoi je suis la dernire a tre mise au courant ! Et encore merci Facebook et Twitter !
@NTYaffa oui tkt je sais lire la miss respire on a le droit de rire! @booba c ton frre ou ton mec? Il est au courant j'espre!!!!
@NateRPGCUL -te repousse, courant vers ton goal.- le principe c'est que tu me l'a prenne.
@Oxyylebus92 Oxyy le bus ! Hte d'couter ta parodie "Dernire Chance" *-* <3
@P_Vardon Tenez-moi au courant svp.. j'espre que tout va bien se passer.. Merci et bon Congrs..
@PaczMegh et genre du coup il m'a attendu en me disant "tkt c'est rien :)" et il m'a envoy un mess j'ai clat de rire dans le bus xDD (2)
@Paglia23 t'es au courant que je parle pour l'intrt de boston a savoir protger un minimum la raquette ? Je parle de notre quipe juste
@Polaktopotrafi ils sortent ensemble o cas o tu serais pas au courant x) il l'a dit il y a quelques semaines sur TPMP il me semble
@RemixLGx merci Remi! C'tait une bien belle manif, je te tiendrai au courant des suites si a t'intresse ! ;)
@SoeurdeCHRIST amen amen! Je garderais la foi jusqu'au bout, je te tiendrais au courant quand je serais gurie
@Soizic_ je serais sans doute au courant dans 6 mois comme d'habitude !!!!!
@Solene_Le j'ai qu'une heure de cours pour une heure de trajet de bus alors je ngocie avec ma mre
@StephRDSJunior Zykov aurait t serait impliquer dans une transaction est tu au courant
@WiinterEffect Heureusement que les autres Partage tout parce que sinon je serais vraiment au courant de rien ...
@WormsTofficiel @Oumardinho Frre c'est tellement lourd ce qui arrive.. Il y a que toi qui est au courant.
@Yuri_gz Ouais ok je te tiendrais au courant, bah du coup a sert a rien de crer la police soi mme
@_Mourioche_ euh, Mariton reprsente vraiment le courant anti-mariage pour tous  l'UMP, il est all  cette lection principalement pour a
@_RiiNA1 tu sais que mme pour les naissances du deuxime gosse de Justine et, la dernire de Patricia on a pas t au courant
@andhxrold NAN MAIS ON EST D ACCORD ! Y A QUE TOI QUI EST AU COURANT ET TU SERAS LA SEULE BC JE SUIS TROP CHOQUEE MDRRRRR
@ashSWHS -se relve rapidement et sort presque en courant des toilettes.-
@be_excessive_ Faut surveiller a de prs mme si c'est assez frquent.. De rien, n'hsite pas  me tenir au courant, j'espre que a ira :)
@brayouN auj je fte en famille et la semaine pro on bouge sur paname, je te tiendrais au courant frre :)
@christineBiard oups pardon, non j'ai pas de tram  Annecy alors j'en mets pas en bannire ^^
@cinnamonpill NEVER IN A MILLION YEAR *s'em va en courant et en faisant un rire machiavelique*
@conducteur_prg @TommyOrNot2Me @leavandelli @Btilloy Il y a mme des trains en avance... Sisi j'vous jure!
@edworshiper j'imagine bien la scne moi je gueule mon pre prend peur se casse en courant ...
@edwyplenel @mediapart il aura au moins accs aux archives des tractations bigmaliesques il sera de fait au courant!!!
@emilie_gdz et la tu va couper ? TOBY CEST A AVEC MONA LUCAS ET MLISSA  ET LINSPECTEUR QUI BZ AVEC LA MRE DHANNA TAIT AU COURANT
@enzomacaux T'es au courant que tu sers  rien ?
@evadannunzio ce serai pas mal tient moi au courant
@fresiaflo @FaisalARRAMI @SebTillousBorde Pour l'instant on est tous derrire le chauffeur du bus #supporters/trices
@fuckndweed regarder je lui et fait coucou de la main et quand elle ma rep je me suis barr en courant tellement j'ai eu peur !
@greggrpguac *s'avance en courant vers toi et passe ses bras autour de toi si tu l'a rejette je te tue*
@irondomes Hier j'ai parl au tlphone avec ma belle mre  Paris.Elle n'est pas au courant de ce qu'en Italie par exemple ns le sommes
@kakarinou2703 C'est une de leur passion avec marcher au ralenti dans la rue et sur le quai du metro. #TuezLesTous
@khaleesi64 en fait j'avais chang le 1er hlel a t'tais au courant, et le 2me hlel est encore pire du coup j'suis sans hlel l les boules
@kimiii971 Mdrrr toujours pas apparemment, tu serais au courant sinon t'inquites
@kln_laura Faon on se tient au courant' mais faon les vacances oblig tu seras la sinon non ?
@leaalebreton j'espre ahahhhh, bon j'y vais on te tiens au courant bisous
@loveofziam Ah bah l le respect il serait partit en courant
@marina2516 jte redis si je trouve quelqu'un pour enmener ou rechercher pis tu me tiens au courant aussi sinon fait un autre trucs
@marion_grimbert on a crois ton pre en courant ce matin au bord du canal
@mcflyiall ma mre n'est pas au courant, donc shuuuuut
@midrisia ils sont pas oblig d'tre au courant pour l'instant si tu n'es sre de rien;)
@monargentbe @CoppensBruno -Sinon, on sera tous furibonds - le courant passera par tranche - ce sera leur distribution . Adamo, salvateur ?
@nazicitygang ton pre est au courant?
@needmaIik moi a ne me drange pas sachant que je reois des notifications quand tu tweetes et donc je suis mise au courant.
@niamiamx mdrrrr a fera film  l'eau de rose beurk il faut qu'il se passe quelque chose genre j'me massacre la gueule en courant ou jsp mdr
@nostalygie tqt tu seras la premire au courant ma gow
@odxmyworld Ce que tu fais est illgal et devrait tre puni par la loi.. T'es au courant j'espre ?
@raphou77 si j'aurai su plus tt que tu venais  l'Imprial, je serai venu mais en courant... #degoutee #le plus beau
@re7_speedrun Un site complet mais surtout une communication et plus d'audience au courant du projet
@schrobiltgen2 Nous l'avons bien reu. Nous vous contacterons dans le courant de la semaine prochaine pour l'envoi de la BD :)
@shadeofkalopsia PUTAIN MAIS ILS SONT CONS OU QUOI ? PERSO SI JE POUVAIS JE SERAIS VENUE EN COURANT
@sheeraddicted @hufflequeen @Harry_Styles a donc t'es au courant que ton pre me paye pour ta mere mdr
@sigloo3 quand j'allais  la fac c'tait un livre dans le bus par semaine maintenant je lis que dans le train A/R vers Paris :/
@smileofxlouist bin oui.. Sinon je serais pas au courant
@soiziclgf En tout cas si tu le croises je veux tre la premire au courant !
@wakka44 Nous allons enquter un peu  @cieletespace et @FirstLightMag On vous tiendra au courant si on trouve quelque chose.
@xav56 D'accord mais je crois que tu as oubli que les mres porteuses sont au courant qu'elles ne sont que des mres porteuses.
@xpress_game Comment veut tu qu'on humilie ? Ah @TomekTR t'es pas au courant ? @xpress_game a galrer pour rentrer au salon du chocolat
ACCIDENT DE TRAM A CAUCRI DEVANT LES POMPIERS
ALERTE: un joueur du @PSG_inside aurait t aperu en courant balle au pied vers le but adverse #PSGOGCN
Allumer la lumire de ma salle de bain et faire exploser l'ampoule et faire sauter le courant de la maison .. Fait !
Au moins onze morts dans un accident de bus au Npal | Fil info Monde -   via @lesoir
Au pire je demandes  mon pre et j'lui rembourse mais il est pas au courant du voyage ptn
Aujourd'hui sur les railles du tram yavait un mec dans un fauteuil roulant, le tram il a du ralentir, y a vraiment des cas  la gare
Avec ma sur on est dans le tram et on voit tout d'un coup une ribambelle de supporters de Bastia suivi de la police. Fou rire de tous :')
Avec un peu de chance, le courant reviendra et on se fera un chocolat chaud. Avec ce temps, a ne peut tre que parfait.
Bloquer dans le RER B suite  une coupure de courant. Bande de clochard
Bon bah mon pre est au courant que je veux arrter mon BTS... et il ne l'a pas mal pris
C'est bon ma mre et mon frre sont au courant superbe
C'est bon mais parents sont au courant que je vais  la sphre
C'est sympa d'avoir une mre maire, t'es au courant de plein de petites choses !
C'tait genre marrant j'ai rveiller mon frre que  8h15 bien aprs qu'il est louper son bus et tout
CLUSES/SALLANCHES : Bonjour prudence ralentir policiers pompiers et edf sur place avant le feu du magasin but...
Ce matin je loupe mon bus de 8h,mon pre tait trop furieux & j'ai d courir 1km pr ne pas louper celui de 9h!Je dteste habiter la campagne
Ce matin je suis alle courir javais tellement mal partout que j'ai mme pas russit  rentrer en courant chez moi j'ai du m'arrter avant
Ce rveiller, partir  l'arrt de bus et une fois arriv mon pre m'appelle pour me dire que j'ai pas cours..
Ceux qui sont ns le 1er mai c'est la merde, pas cours, pas de magasins, pas de resto, mme pas d'bus, RIEN
Chez moi tout lmonde et au courant de ma relation sa me fait rire mdr
Comment un tram allant  10km/h peut faire un accident ? Lol
D'ailleurs je suis au courant pour B.A.P (ils sont en TT monde donc vaudrait mieux que je le sache). J'espre qu'ils vont gagner ce procs.
Dans ce lyce y'a tellement de commres que tout le monde est au courant de tout ce qui se passe dans les jours qui suivent.
Dans le RER y'a un couple de brun avec 2 enfants roux ... Comme quoi sa peut arriver  tous le monde
Diouma elle est bz mdr taleur on traverse la route tout, elle vois le bus il arrive a toute patate la meuf elle cours vers le bus
Donc j'ai loup mon bus je serai un peu en retard..
Donc lilian est en couple et moi j'suis la dernire au courant, merci a fait plaisir
Ds le RER, il y avait un couple, ils se galochaient comme des serpents. On entendait leur lchouille mme a travers un son de Gradur
Du coup je vais devoir aller frotter des blondes dans le RER B
En #NouvelleZlande,le wi-fi gratuit dans les hostels et camping,c'est pas courant.Alors comment accder  Internet?
En Afrique on se brosse tellement bien les dents que quqnd ya coupure de courant pour avoir dea lumire toute la famille se met a sourire
En fait, je crois que la solution c'est juste d'arrter de nager  contre courant, et se laisser aller vers l o l'instinct nous guide.
Et mon pere et sous la douche et coupure de courant du coup plus de lumire mouhaha
Et si j'attaque ma voisine de rer  coups de code pnal, c'est une atteinte  l'intgrit physique ou violences volontaires?
HIER J'AVAIS PAS DE COURANT J'AI REU LA NOTIF DE MON APP QUI FAIT DES APPS GRATOS ET LE JEU QUE JE VOULAIS TAIT GRATOS MAIS NO WIFI DONC
Hier j'tais ds le RER t'as une meuf elle devait avoir mon ge elle me met un coup en passant elle me sort "excusez moi madame"
Hier lili ma fait dlire avec son message mdrr si a aurait t le cas sa serait l'un des premiers au courant aha
Il a russi  me ruiner le moral par SMS, et je suis sre qu'il n'est mme pas au courant que sa fille va mal.
Il me dit tes la 1er  tre au courant, sur ce coup a doit tre la 1er fois que je sais pas quoi  rpondre  ses messages
Ismal jcrois tout Twitter est au courant qu'il est Rifs tellement il est fire mdr
J'ai des affaires  rcuprer  Knutange je vais encore passer mon aprm dans les bus
J'ai essay de vivre chaque minute comme si c'tait la dernire, au bout de 4 heures  hurler en courant dans tous les sens j'tais crev.
J'ai fait 8 concerts et mon pre est au courant que de 2.
J'ai jur les nouveaux RER c'est des trains de keufs, des nons d'interrogatoires les bordels !
J'ai pas encore reu mon bulletin a moins que je sois pas au courant
J'ai pas louper mon bus de la semaine, j'suis fire de moi
J'ai toujours eu peur de taper une fille psk si elle veut courir et elle tombe par terre en courant j'vous jure j'vais rigoler d'une manire
J'aurais passer ma journe dans les transports. Train, rer, tram, bus...
J'avais jamais un accident de bus
J'crois les mdecins le prendront en charge quand il sera  l'article de la mort, a fait plus de 3 mois qu'ils sont au courant
J'espre juste y'a pas de problme de train sur la ligne D
J'espre qu'elles sont au courant que a ferme a 18h
J'espre que j'ai pas loup le bus
J'espre que j'ai pas loup mon bus il passe pas c'est bizarre
J'me fais engueule pcq j'ai loup mon bus mais finalement mon pere me conduit et c'est elle qui est pas prte
J'me suis chappe du cours ajd, genre j'me suis leve et jsuis partie en courant. J'ai fais la fire jusqu' ce que j'ai crois le prof.
J'tais mme pas au courant de la pause pour American Horror Story que j'ai re-download l'pisode d'il y a 1 semaine *tsssss no comment*
J'tais parti pour prendre le bus de 6h20 mais je l'ai louper je serai au tgs a 7h45
Je crois que je fais une dpression hivernale.,Je suis pas encore sre, je vous tiendrais au courant. Stay tuned.
Je demandes 4  mon pre il me donne un billet de 20 je suis partit en courant avant qu'il me les reprenne
Je descends mon pre me regarde, il remonte en courant... Je l'entends dire : "Le bulldog est de sortie"...
Je monte mes escalier arriv a la porte une norme araigne.J'hurle je descend les marche en courant et manque me pter la gl ds ls escalier
Je ne sais pas quand est le prochain match V, mais je vous tiens au courant de toute manire :)
Je pensais tre la dernire au courant pour les dates du OTRA en UK mais j'ai appris la bonne nouvelle en mme temps que les Anglais :D
Je raconte qu'au personne importante pcq aprs tout le sera au courant et vont juger alors que sa ne leur regarde pas
Je serai toujours la premire au courant de tout
Je suis dans mon bus il est 35 , je commence 9h ptn apres le metro vas y nique je suis en retard je vais couter if i were a boy
Je suis toujours la dernire au courant
Je suis toujours la dernire au courant avec ces meufs
Je suis toujours la dernire au courant des devoirs
Jv finir par crer un courant de pense
L j'coute les longs canons j'ai grave envie d'hurler les paroles dans le RER.
L'@asmonacobasket, leader de #ProB, reoit Poitiers  19:00 pour la #J9. Je vous tiendrai au courant de l'volution du score. Daghe Munegu !
L'accident de bus. Ca ma rapelle Litlle Busters.
L'lection est termine maintenant tout le monde doit tre derrire Nicolas Sarkozy. Pas de courant, pas de ngociation tous unis.
La faim arrive petit  petit... Je vais essayer, je dis bien ESSAYER, de ne pas prendre de goter. Je vous tiens au courant de mon priple.
La ligne 9 est ralentie aujourd'hui parce qu'un mec traine dans les tunnels Aha. Ils sont fous les gens
Le dbut de tous ensemble a me fait rire pcq y font genre qui sont pas au courant alors qu'ils le savent c'est oblige
Le jour o j'irais au Mexique toute l'humanit sera au courant
Le pire c'est que je ne sais pas comment ils sont au courant que l'on est militaire. C'est la premire fois qu'on les voyait.
Le score de Mariton souligne que le courant qu'il reprsente ne progresse pas  l'UMP.
Le train j'aime pas mais le rer, metro je me tape c'est mon quotien
Le truc trop chelou quoi pour un resto.. donc on a fait les compte tout au long du repas pour pas devoir partir en courant mdr _7
Les couples tellement niais dans lmetro/bus l putain dvos mres vs tes casse couilles
Les frres me tienne au courant parce qu'ils se sont fais tazer !
Les meufs qui disent "je suis tomber enceinte c'tait un accident" c'est vrai que c'est courant de tomber sur une bite
Les plans de dernires minutes flemme. Faut tenir au courant 2j avant maxi et le jour j avant 18h l'organisation aprs c'est mort hein
Limite il pterais je serais au courant
Live de ce soir remit en suspend pour l'instant car on va essay de faire autre chose que du Minecraft =) Du coup, on vous tiens au courant
Ma mre Tranquille elle raconte ma vie a mon reuf ....  Il es au courant de tout
Ma mre elle pt un cble le gars il est parti en courant
Ma mre je sais pas si elle est au courant qu'elle doit faire a manger
Ma mre m'a achet un calendrier Monster High... Je pense pas qu'elle soit au courant que j'ai 17 ans ^^
Ma soeur qui me traite de fdp je sais pas si elle est au courant qu'on a la mme mre ...
Mais Tyga t'es au courant que ta un fils & Kylie Jenner sera la belle mre du petit tschiip
Mais bon faut pas que je fasse comme la fois dernire, c'est  dire louper mon bus et aller  pied a la gare
Mais je crois on va prendre le bus du coup, par contre je vais dire  ma mre que c'est la mre d'Agathe qui vient nous chercher
Mardi aussi  cause du pape j'ai dis  ma mre qu'il n'y avait pas de bus ni de trams et je suis pas alle en cours mdr.
Matt sera au courant, ses parents vont acheter le DNA, et verront l'article, et avec de la chance, le diront  Matt ! #bardettafoir
Mdr qu'est-ce qu'il veut  aimer son statut l'autre, vas-y tu reviendra en courant frre
Mdrrrrr hier @Fella____alone le prof il lui a donn un 4 couleurs plein elle est partie en courant avec elle a refait sa journe msk
Moi quand mme ma mre me dit "bon cette anne on va faire un sapin trop GIRLY" je pense qu'il faut s'enfuir en courant
Mon chat a chaque fois qu'il voit mon frre il se barre en courant
Mon frre est rentrer de Grenoble et il y a que moi qui n'est pas au courant! Merci @MyRenda_ de me le dire
Mon pere il vient de dire "j'aime pas les gens qui se dessine les sourcils" euuh j'sais pas si il est au courant que j'le fait
Mon petit frre "ma meilleure copine elle s'appelle Marie Jeanne". Ou ce gosse est dj au courant des drogues ou les parents sont fous 0.o
Mon pre a coup le courant, plus internet plus de tl, plus rien, j'suis oblig de bosser l, j'ai plus d'excuse
Mon pre est parti en courant en m'entendant parler  #sal
Mon train a 15 min de retard du coup je loupe mon RER bon
NOu2re extrait Mix-Tape Overdose courant 2015:  via @YouTube
Normal qu'les frre me tienne au courant, il se sont fait tazz
Normal que les frres m'tiennent au courant, ils se sont fait tazer.
OH J'VAIS PTER UN CBLE, TWITTER T'ES AU COURANT QUE J'DOIS PISSER DEPUIS AVANT? #MerciAmelBent
On a fait la pref en courant et finalement on a louper l'rer
On a loup notre RER hier soir ., on est rentr a 3h30 chez moi ..
Oui c'est courant, je rabaisse les gens que j'apprci...  Ca m'a bien fait rire! Les gens sont vraiment trs gr...
PTDDDDDDDR Homer dans sa prire il dit "t au courant que chrusty  un lardons" mais orh
PUB : Tu aimes Harry Potter ? Tu veux tre au courant de toutes les nouveauts ? Faire des jeux ? Rire entre...
Philippot /1re rencontre avec Marine Le Pen :  Le courant passe (...) Le soir mme elle me propose de travailler avec elle
Pis du coup quand j'allais prendre le bus , la pote  ma belle mre m'a vu et m'a dit qu'elle me ramenait , et elle m'a achet une annale
Pollution : premires mesures de restriction de la circulation courant 2015  Paris
Powaaaaa, coupure de courant gnral. Plus aucune lumire dans la ville pendant 3 ou 4 minutes l. a fait peur quand mme !
Premire fois que je descends d'un bus  cause de l'odeur d'un mec et pourtant la comptition est rude.
Prendre le RER des toiles plein les yeux ! Ce ballet est magnifique ! Et toute la troupe solistes + corps de ballet au top ! @BalletOParis
Ptdr mon pre tait chauffeur de bus je suis pas au courant #LRT
Ptn mn pre il a ouvert la fentre a fait un courant d'air ds ma chambre il caille
Putain il y a les potes de mon frre. Je me suis barre en courant dans ma chambre avant qu'il me voient.
Putain mais a pu dans le bus jcrois cest le couple derrire moi ils ont un bail de pain chaud qui pu le vomi c'est horrible
Putain. Mon avion allait atterrir  Toulouse et... Il a re dcoll alors qu'on tait  1m du sol. On nous tiens au courant... Flippant
Quand tu parle a une fille d'puis longtemps et qe l'courant passe faut penser a protger sa
Qui de Marche-en-Famenne ou de Rochefort sera touch par des coupures de courant en cas de dlestage ?,@MTMarche
RT @ADecroissance: Pollution : premires mesures de restriction de la circulation courant 2015  Paris
RT @Aguilera_Fred: Le score de Mariton souligne que le courant qu'il reprsente ne progresse pas  l'UMP.
RT @AntAm_: "mes freres me tiennent au courant, ils se font tazs" FOUINY ARRETES TOUT
RT @Belgique_info: Une collision entre deux trams  Anvers fait 19 blesss: La cause de laccident nest pas encore connue.  #Belgique
RT @CAREABOUTLARRY: HIER J'AVAIS PAS DE COURANT J'AI REU LA NOTIF DE MON APP QUI FAIT DES APPS GRATOS ET LE JEU QUE JE VOULAIS TAIT GRATOS MAIS NO WIFI DONC
RT @CIaudeFrancois: RE JE SUIS LA, DSOL DU RETARD J'AVAIS UNE PETITE COUPURE DE COURANT
RT @CaribbeanGirl__: Diouma elle est bz mdr taleur on traverse la route tout, elle vois le bus il arrive a toute patate la meuf elle cours vers le bus
RT @CaroLechopier: a me fait toujours mourir de rire d'couter les histoires d'amour des cassos dans le bus
RT @CeQuonVousCache: Le scandale est devenu courant -
RT @CharlamadouJoke: En Afrique on se brosse tellement bien les dents que quqnd ya coupure de courant pour avoir dea lumire toute la famille se met a sourire
RT @Cherlay__: Je crois qu'il y aurait eu que moi je l'aurai gifler, mais je serai parti en courant aprs
RT @Chikanos93: Les gens ils solent avec snapchat a longueur de journee dans le bus snap dans les toilette snap en cours snap chez sa mre snap STOP
RT @ClaraMonceret: Je serai toujours la premire au courant de tout
RT @Conducteur_RER: @conducteur_prg @TommyOrNot2Me @leavandelli @Btilloy Il y a mme des trains en avance... Sisi j'vous jure!
RT @EnzoBoateng: ya un mec il courait aprs le bus, le bus ses arrter, l'mec il a vus y'avais des contrleurs il a fait genre il faisait un footing mdrrr
RT @EvMiR: @DarkFuneral972 @FlorimondT vous tes au courant que il y a un terhal shiney  avoir par cadeau mystre ?
RT @ForeverStyles_: J'ai fait 8 concerts et mon pre est au courant que de 2.
RT @FreshXIX: Quand tu parle a une fille d'puis longtemps et qe l'courant passe faut penser a protger sa
RT @GaelLeDreau: @Joyolu2 la prochaine fois dis lui que t'es cousin sont @OluAlex6 et moi, ce seras lui qui partiras en courant
RT @HikayaJamila: #Femmes du bus 678#Film qui traite 2l'#harclement sexuel en #gypte +affaire qui a conduit  la 1re condamnation..,
RT @HommeDuGame: Ya un mec il courait aprs le bus, le bus c arrter le mec il a vus qu'yavait les contrleurs, il a fait genre qu'il fesait un footing
RT @ImranCJackson: @Melou1510 Moi j'ai loup mon RER  3 secondes prs .. Quel est le plus triste ?! Je suis avec toi RootsBoy
RT @Its_Laaetitia: Matt sera au courant, ses parents vont acheter le DNA, et verront l'article, et avec de la chance, le diront  Matt ! #bardettafoir
RT @JesusWithLaura: @SoeurdeCHRIST amen amen! Je garderais la foi jusqu'au bout, je te tiendrais au courant quand je serais gurie
RT @Joozefine_: Alix elle gre les bails avec ma mre mdr genre elle sort "a demain"'j'tais mme pas au courant qu'elle allait squat:p
RT @KhadijaKiddo: @NTYaffa oui tkt je sais lire la miss respire on a le droit de rire! @booba c ton frre ou ton mec? Il est au courant j'espre!!!!
RT @LUKVHARD: night changes sur nrjhits bien sur ma belle mre sramene dans le salon en courant ptdrrr
RT @LaCuenta_: J'cours jamais aprs un bus mais qd cst la galre jsuis oblige
RT @Lacoster93_: ya un mec il courait aprs le bus, le bus ses arrter, l'mec il a vus y'avais des contrleurs il a fait genre il faisait un footing mdrrrr
RT @LajPaul: Pour Taubira, le ministre de la justice se rduit apparemment au ministre des noirs. Faut juste tre au courant.
RT @LeVraiHoroscope: Dans un film d'horreur, le #Scorpion serait celui qui sortirait en courant par la porte d'entre plutt que de monter les escaliers.
RT @LisaNieborak: mon frre qui arrive en courant  l'arrt parce que j'ai oubli mes lunettes
RT @LucileDlp: Mdrrrrr hier @Fella____alone le prof il lui a donn un 4 couleurs plein elle est partie en courant avec elle a refait sa journe msk
RT @MagnolAmelie: @heartxofniall de toute facon je te tiens au courant j'espre bientt le rcuprer 1 semaines c'est trop long
RT @ManonCoppin: si elle a un accident de bus j'la tue
RT @Mathilde_dms: Hier j'tais ds le RER t'as une meuf elle devait avoir mon ge elle me met un coup en passant elle me sort "excusez moi madame"
RT @MauriceMartin01: L'lection est termine maintenant tout le monde doit tre derrire Nicolas Sarkozy. Pas de courant, pas de ngociatio
RT @MauriceMartin01: L'lection est termine maintenant tout le monde doit tre derrire Nicolas Sarkozy. Pas de courant, pas de ngociation tous unis.
RT @Melissahyat: Bloquer dans le RER B suite  une coupure de courant. Bande de clochard
RT @MikaWebsite: .@mikasounds confirme que son livre sera publi en Italie courant 2015
RT @MrNeveritshme: Les gens qui disent du mal sur le trailer de SW: Allez au diable, le jour ou un film se jugera sur un teaser, on sera au courant.
RT @NexusGauche: #Sarkozy  la tte d'un parti qu'il veut tuer et crer le sien. Sont au courant les adhrents qu'ils lui servent de marche-pied ? #UMPitres
RT @OnMaApplaudit: Le chauffeur du bus a ralenti par ce qu'une beurette traversait, je lui ai dis "azi passe c'est orange" on m'a applaudit, j'ai roul l'bus
RT @PrincessDeNkcht: Ismal jcrois tout Twitter est au courant qu'il est Rifs tellement il est fire mdr
RT @Prospec_TIC: Avec tous les tweets jeudi sur son compte, il y a de la matire pour les tudiants #cours_emarketing chargs de ltude de cas @lampiris...
RT @Romain_Rvr: @ConnardDePlus Je barre en courant ds le mot " choupinou " bro
RT @Saiidasassoou: @Chhlo_P putain meme ta mere est o courant cs terrible
RT @SergeMoati: Philippot /1re rencontre avec Marine Le Pen :  Le courant passe (...) Le soir mme elle me propose de travailler avec elle
RT @SoHorsy: Oui c'est courant, je rabaisse les gens que j'apprci...  Ca m'a bien fait rire! Les gens sont vraiment trs gr...
RT @SophiaCombreau: @khaleesi64 en fait j'avais chang le 1er hlel a t'tais au courant, et le 2me hlel est encore pire du coup j'suis sans hlel l les boules
RT @TahneePuissant: Qu'est ce que j'aurais rigoler si Moundir il lui aurait dit "fais voir comment c'est fait ?" Et il serait parti en courant avec  #kohlanta
RT @TheBnKrs: L'ami Nicolas Cuer nous revient avec un nouveau projet : Bawdy Disrder et un album  venir courant octobre. En...
RT @TheOnlyFakir: Mon pote il me dit t ou je lui dit j'suis dans le train j'arrive Apres y me rep all fait vite t Srx ? A croire c moi qui conduite le RER
RT @Tittiud: heureusement que la presse est la sinon on serait pas au courant que c'est la Merde
RT @Tomlinzoides: PUTAIN MA MERE EST VENUE EN COURANT AVEC LE DOIGT EN SANG J'AI PANIQUER MAIS EN FAIT C'EST TRUCAGE PTN REGARDEZ
RT @TouunsiMoha: Y'a un mec il courait aprs le bus , le bus c'est arrter, le mec il a vu y'avait des contrleurs , il a fait genre il fesait un footing
RT @TrecyBene: PTDDDDDDDR Homer dans sa prire il dit "t au courant que chrusty  un lardons" mais orh
RT @UltranusAbitbol: C'est la premire fois que j'ai une place assise dans le rer A un matin, du coup je vais jusqu'au terminus, c'est trop grisant
RT @Wonderwall_Oph: Powaaaaa, coupure de courant gnral. Plus aucune lumire dans la ville pendant 3 ou 4 minutes l. a fait peur quand mme !
RT @__DoOuw__: Ds le RER, il y avait un couple, ils se galochaient comme des serpents. On entendait leur lchouille mme a travers un son de Gradur
RT @_antiphon: #Pollution: premires mesures de restriction de la circulation courant 2015  Paris  #villeduPr
RT @anaellebchr: OH J'VAIS PTER UN CBLE, TWITTER T'ES AU COURANT QUE J'DOIS PISSER DEPUIS AVANT? #MerciAmelBent
RT @apolline_mre: Chaque nouvelle chose qui se passe dans ma vie, les premires au courant c'est Nao et Todo
RT @aymrcb: le chauffeur a ralentit parce qu'une beurette travers,j'lui ai dit c'est orange tu peut passer. tt l'monde m'a applaudi j'ai conduis le bus
RT @celiazalee: Toute a l'heure on est aller au kebab, Mehdi et mon frre sonnent chez les gens et se barre en courant
RT @chakib_Ihsane: Le jour o j'irais au Mexique toute l'humanit sera au courant
RT @davymourier: Putain. Mon avion allait atterrir  Toulouse et... Il a re dcoll alors qu'on tait  1m du sol. On nous tiens au courant... Flippant
RT @dheliami: langue2puteBACK: "oui jsuis au courant on ma appel ! jlai signal C pedro derrire ce compte Eddy va pouvoir porter plainte" Faite tourn
RT @histyIes: Les mecs qui mettent leur cigarette derrire leur oreille, ils sont au courant que c'est rebutant ou pas????
RT @hopingforhxrry: @odxmyworld Ce que tu fais est illgal et devrait tre puni par la loi.. T'es au courant j'espre ?
RT @juliempka: @MPOFFICIAL j'espre juste que tu seras au courant de tout ce qu'on a prpar pour toi..
RT @laeticiaoldm: Dans ce lyce y'a tellement de commres que tout le monde est au courant de tout ce qui se passe dans les jours qui suivent.
RT @lafandekpop3: Ya t'il un message derrire ceci? Mon cher Jackson baise moi veut dire en franais courant Nike me a toi de voir#Got7
RT @langue2puteBACK: @dheliami @JessicaDaSS8 oui jsuis au courant on ma appel ! jlai signal C pedro derrire ce compte Eddy va pouvoir porter plainte
RT @leontineeeee: @marina2516 jte redis si je trouve quelqu'un pour enmener ou rechercher pis tu me tiens au courant aussi sinon fait un autre trucs
RT @lolokittyadams: @CharleneA_ MDRRRRR j'espre pour lui mdrrrr la vie il a du partir en courant en voyant a
RT @louiscrinkIes: ya une norme coupure de courant chez moi y'a plus de lumire plus rien putai
RT @ludoriann: 09h10 #itl realise l exploit de parler du #congresFN 1 er parti de france si quelqu un peut prevenir #BFMTV sont pas au courant #VENDUS
RT @mdmohamed1: #EnCteDivoire les afferages circule trop vite , si Koffi a mougou djeneba a 12h a bingerville siriki de Bassam sera au courant  12h01
RT @ncxjpfw: les brunes disent qu'elles slay les blondes, mais c'est rare de voir une blonde teinte en brune, et courant de voir une brune en blonde
RT @ntmwlh: ya un mec il courait aprs le bus, le bus ses arrter, l'mec il a vus y'avais des contrleurs il a fait genre il faisait un footing mdrrrr
RT @pierreatf: Lorsque nous remontons la rivire  contre-courant, chaque pas prend une intensit particulire.
RT @smiall_: la premire fois que j'ai vu Niall j'ai senti ce courant passer et j'ai su qu'il foutrait ma vie en l'air ce fils de pute
RT @tiphaine_mrtl: mon pre a reu la colle j'ai fait genre que je n'tais pas au courant mdr je sais pas si il y a cru mais bon
RT @tobiashields: 14) Dans le 2, ils ont remis le courant dans la clture
Repr au Leclerc de Coutras, petit gitan de cinq ans courant aprs sa sur en hurlant "je vais t'enculer"
Sa mre elle tait pas au courant je m'en voulais ce matin
Si je demande rien a personne, je serai au courant de rien, rflchit merde.
Si la coupure aurait eu lieu pendant ma douche ptdr j'serais sorti de la salle de bain normal en courant en glissant et boum
Si la vie tait  refaireJe freineras la souffrance des gens sur TerreSi la vie changeait de courant,Je ferais...
Si un jour je tweet un truc intressant promis vous serez les premiers au courant
Sinon il aura le droit de saisir votre proprit et de la vendre afin de rcuprer le solde non pay ...
Soit on me met au courant mais genre  la dernire des dernires minute. Soit j'apprends parce que a parle  ct de moi et que j'entends.
Toujours la dernire au courant de tout...
Tout  l'heure dans le bus j'coutais la musique avec mon frre et il tait tellement  fond qu'il chantait. Mais il chantait fort enfaite.
Toute a l'heure on est aller au kebab, Mehdi et mon frre sonnent chez les gens et se barre en courant
Tu rentres en courant en cours pour prendre les places de fond... Tu te retrouves tout devant  cter du bureau du prof.
Une collision entre deux trams  Anvers fait 18 blesss: La cause de laccident nest pas encore connue.  #Belgique
Une collision entre deux trams  Anvers fait 19 blesss: La cause de laccident nest pas encore connue.
Une collision entre deux trams  Anvers fait 19 blesss: La cause de laccident nest pas encore connue.  #Belgique
Vas y nique a mere je rvise pas dans le bus, j'coute mon son,#JeSuisUnThug
Vous demanderez  @QMyrdhin qui a simul une panne de courant quand je lui ai mis un 3pts 3m derrire la ligne  11-12 au tir pour Melo
Wait what Paul il a dmissionn ?? #Emma qui est toujours la dernire au courant :(
Whatsapp hein. Massah les infos circulent  la vitesse lumire. En une secnde tt le mond est o courant d'un way.
Woah -' moi j'coute du lana del rey en position ftale dans ma baignoire et dans le bus jfais exprs de mettre Kendrick Lamar a fond #lrt
Y'a les metros, rer, bus, et si jveux aller qqes part en France y'a le train puis l'avion
a me fait rire les thugs des campagnes qui se posent au fond du bus en coutant du RN'B haha
a sera un bus avec plein de couchette superposes comme ca avant et aprs les cours pour ceux qui prennent le bus on est bien pos oklm
bah j'ai bien fais de pas retenter der reise je venais d'avoir une coupure de courant j'aurais t deg de plus continuer :(
ca fait deux nuit de suite que le courant coupe chez moi, donc le reveil aussi, donc si on etait lundi j'me serais reveille a 9h trql
et j'ai dis sa au pere de mon couz il a dis mais tu a dis que tu sortais por aller chercher un truc et tu est partis prendre le bus!
et mon frre il est coin en bas parce qu'il couper les bus mtro tram toussa mdr
heureusement que la presse est la sinon on serait pas au courant que c'est la Merde
j ai loupe mon bus... mon pere m.emmene... nous sommes samedi c une matinee de merde...
j'ai failli louper mon bus jlui ai couru derrire heureusement il m'a vu il s'est arrt
la dernire fois dans le bus Anna a cout aussi  la fin du trajet, je l'entend marmonner un truc j'tais choque wesh
la premire fois que j'ai vu Niall j'ai senti ce courant passer et j'ai su qu'il foutrait ma vie en l'air ce fils de pute
langue2puteBACK: "oui jsuis au courant on ma appel ! jlai signal C pedro derrire ce compte Eddy va pouvoir porter plainte" Faite tourn
le pote de mon frre a glisser sur le parquet en courant ptdrrr il s'est relev comme si de rien n'tait et il s'est remis  courir
le rer ne veut dcidment pas cooprer ce soir. colis suspect  mlv-chessy maintenant.
le tram  faillit faire un accident , tout le monde  paniquer
mais mec tu passes pour le plus gros beauf de la terre entire l jsais pas si t au courant
mdddr y'a un gamin qui a touch ma voiture,mon pre il a dclencher l'alarme le ptit est parti en courant
mdr "je t'ai vu  Chatelet avec une veste rouge c'tait toi? tu courrais limite", j'avais envie d'avoir mon RER que j'ai loup
mon frre qui arrive en courant  l'arrt parce que j'ai oubli mes lunettes
night changes sur nrjhits bien sur ma belle mre sramene dans le salon en courant ptdrrr
ptn en plus j'tais mme pas au courant pour ed ma mre me dit : oh tu sais j'ai achet des places j'tais genre ptn rjejejdkdjdjejza
ta soeur est au courant que l'une de vos copines gre ton gar et puis pff a ne lui dit rien
teindre la lumire du couloir et partir en courant pour que personne ne t'assassine...  lol
tout t'as l'heure j'tais dans le bus  cter d'une meuf et jpasser souvent des coups d'il sur son phone genre elle  changer de place msk
ya un mec il courait aprs le bus, le bus ses arrter, l'mec il a vus y'avais des contrleurs il a fait genre il faisait un footing mdrrr
ya un mec il courait aprs le bus, le bus ses arrter, l'mec il a vus y'avais des contrleurs il a fait genre il faisait un footing mdrrrr
ya une norme coupure de courant chez moi y'a plus de lumire plus rien putai
