" 12:36, le trafic reprend progressivement #RERB " Un petit peu tous les jours... mais demain a ira mieux.
" Le courant passe plus avec ma femme de quoi pter un fusible " #Fababy #punchline
"@BenattiaAlyssa: @GossipRoomOff oui, bah c bon, elle est au courant j'pense."pas la peine de le rpter elle est dj assez triste com sa
"@RERB: 12:57, le trafic est perturb sur la ligne (colis suspect) #RERB",Comme dab
"Brlant de dsir pour le ciel, courant dans les nuages, sa vie toute entire c'tait un avion-nuage."
"Le pauvre fils d'Usain Bolt Il ne pourra mme pas essayer de s'enfuir en courant quand son pre verra qu'il a fait une btise.
"Le prochain train est supprim en raison des conditions climatique" La blague, c'est juste de la pluie hein  #RERE
"Pour des raisons climatiques, le trafic sur l'ensemble de la ligne est ralenti..." La pluie pour le RER c'est un peu comme un tsunami...
"Suite  un accident nous vous informons qu'il n'y a pas de tram aprs 1er mai" Ta gueule
"notre TGV circule actuellement avec 22 minutes de retard dues  un trafic dense" vous essayez de tirer la bourre au #RERA hein? #SNCF #qml
#AKHT Un bless dans un accident impliquant un bus  Lige: Deux vhicules et un bus ont t im...  #7s7 #Belgique
#FF Si vous ntes pas encore au courant, abonnez-vous @PCarchologie pour les dernires nouvelles de l #ExpditionDV de #Franklin
#Jura | Villeneuve-sous-Pymont (39) : Deux morts et un bless grave dans un #accident entre un camion et un bus
#KohLanta c'est un PJC ! Ils sont pas au courant de tout avant de commencer ! Repasse ton #BAFA Denis ! (@yep_mathilde @elischwartz9)
#LeMag Mdr vous tes au courant que la photo de Harry date de Halloween de l'anne dernire?
#LigneL/#RERA: Trafic ralenti sur le #RERA axes #NanterreU/#Cergy/#Poissy avec des retards de 5/15mins et qqs suppressions jusqu' 09h00
#MIF Si j'tais Clara, je serais partie en courant OMG
#RERB #KO: le trafic est suspendu entre les stations Luxembourg et Chtelet les Halles dans les deux sens de circulation
#RERB Bagage abandonn  St Michel. Trafic interrompu entre Chtelet et Luxembourg. Reprise du trafic vers 13h.
#RT @Conducteur_SNCF @Conducteur_RER @ConducteurTrain #Enqute sur la #crise des #trains trop larges de la #SNCF
#RerE retards  cause de la mto. Car nos trains n'aiment ni la pluie, ni le froid, ni le chaud. Bref, on les fait rouler qd ? #qml
#Trafic Ligne 12. Accident place des Gants - La ligne est dvie, dans les deux sens, entre les arrts...
#faitdivers Collision mortelle entre une voiture et un bus scolaire  #Abondant #accident
#ff @CaptainMarv pour le cin, #ff @SmileyTrains pour pas que du train, #ff @RERC_SNCF qui rpond, #ffback @LebonPlanTV qu'il faut regarder.
#ratp #sncf #stif Ile-de-France, transport : les RER accusent le coup
- pendant 6 mois, je prfre me le payer moi mme et le mettre au courant plus tard
-Laurent de Koh-Lanta "j'ai reu un coup de couteau en plein poumon!",Bon il est au courant pour Nabilla
-bloqu  cause d'un train de frete lui mme bloqu qui m'a oblig  prendre le Rer et donc arriver en retard et l pour rentrer o-
-mon train bloqu pour aller  la fac, mon rer super retarder pour rentrer et toutes ses embrouilles ce soir voil... seul bon point de la-
..Puis je la ramasse, je recours, mon pere decide de me ramener comme j'ai loupe le bus du coup, je ferme ma porte, j'vais dans la voiture..
.@RERB "Retour  un trafic rgulier sur l'ensemble de la ligne" Vous confondez communiquer et mentir. 10 minutes pr faire Gentilly-Laplace.
07:10, le trafic est perturb entre Antony et Saint-Remy-les-Chevreuse (panne de matriel) #RERB
07:29, le trafic est perturb sur la ligne (panne de matriel) #RERB
12:18, le trafic est interrompu entre Chatelet-Les Halles et Port Royal (colis suspect) #RERB
12:20, le trafic est interrompu entre Chatelet-Les Halles et Luxembourg. Retour  la normale  12:45. (colis suspect) #RERB
12:39, le trafic est interrompu entre Chatelet-Les Halles et Luxembourg. Retour  la normale  13:00. (colis suspect) #RERB
12:49, le trafic reprend progressivement (colis suspect) #RERB
12:57, le trafic est perturb sur la ligne (colis suspect) #RERB
16h avec Bibi on se serait cru dans Pekin Express on a fait tout le lyce tout les etages en courant mdrrrrrr
40th Street : Accident at Rio Grande Avenue -
7 novembre 1801 : Le physicien italien Alessandro Volta prsente le 1er appareil produisant un courant lectrique continu: la pile volta.
7h33. Nous sommes quittons Massy. Notre train s'appelle dsormais EBON77. Nous avons 24 minutes de retard. #RERB #FoutageDeGueule
<- meuf qui reois pas les mails de son cole, et qui n'est pas cense tre au courant du partiel d'anglais lundi de 12  13h
@AgenceIdille non sans rire !? On tait pas au courant
@AidouniNora tu peux pas test je suis dans le rer bond avec 30min de retard et 5h de cours m'attendent, estime toi heureuse
@AliceisUpset Ce sera diffrent, puisque tu es au courant :(
@Anais_Copina Toute la twittosphre est au courant lol
@Auurelia_ @Cyrilhanouna mercredi 12/11 j y serais je te tien au courant
@BarbaraMrs14 mdrrr la merde mais ta mre elle est au courant?
@BennZw_ on fera un mix jt'e tiens au courant
@COLEcterEYi il a malheureusement du tre retir d'iTunes  cause des droits. Il sera  nouveau disponible courant janvier!
@ChloeRbgt je suis devin ma chre  C'est chiant quand ils sont pas au courant
@ChrisetteUlr faut lui en parler mme pas sre qu'elle soit au courant
@ClemGwen @RER_B tant que c'est le train qui change de nom ;)
@ClemGwen j'ai eu du mal  arriver au boulot. Dur de se trainer sur 5m pour atteindre le bureau :P @RER_B
@ClementJRD J'espre aussi ;) tenez-nous au courant !
@Conducteur_RER oui, pour les transports nous avons des oprateurs comptents pour relever dfi.Reste  mettre tout ce petit monde en marche
@CyranoReborn aprs j'ai vu un mec qui a saut sur le RER plus de jambes. Depuis qu'il est trait il a plus saut. Mieux que a il te regard
@CyrilMarquant Bonjour, j'espre pouvoir vous annoncer cette bonne nouvelle courant 2015. A bientt !
@DarkFridz @seb332 la suite avec la nouvelle gnration courant 2015 (akkipudden) mais ce ne sera plus jamais pareil ^^
@DecoSimon A 20:30 je dors mdr, a sers a rien mais demain on ce tient au courant
@DectotClemence Mdrr je t'imagine trop avec ta lettre courant vers lui et lui expliquer et tout :')
@DedeMzlle a la dernire seconde, j'ai cri  ma mre "stoooooooop" et genre je suis sortie de la voiture en courant
@Du_Morgane mais il sera au courant ^^
@ETOFstephadc @laurentgallois Sans doute, mais les RER B RATP roulaient  allure normale quand les SNCF taient ralentis par la chaleur
@EdwinTMRRPG *te regarde et te prend le bras en courant vers le labyrinthe*
@EricButticaz Je ne suis pas sre que @labierech soit au courant pour ma conversion. :/
@FSopoglian t au courant Fabrice nabilla vers 2h30 du mat  poignarder Thomas au thorax trois  ce qu'il parat elle est en garde  vue
@Faaatima__ la mme je suis partie en courant dans la chambre de ma mre je pleurais, pendant une semaine j'avais peur de dormir ptdrrrr
@Fame_Tabanou OK c'est abus comment sa passe vite meme sans le Double XP bref, pour moi c'est trop la crise cher mon pere plus de courant-
@FannyLeroi Mouais mais j'suis quand mme la dernire au courant, vieille peau :p
@FloMlle Tu seras la premire au courant ;) (ca risque de mettre quand mme un peu de temps) <3
@FrancoisFillon Etiez - vous au courant des accords fiscaux secrets entre le Luxembourg et 340 multinationales Monsieur le 1er Ministre ?
@G_Wasserspeier "Pirate de l'Espace politique,tt me fait rire.catholique franco-libanais,fascisto-royaliste  contre courant..." @albertobi5
@Gilles2LaTouret toi va nike ta mere enfants de putain je dit facho tu vien en courant repondre qui ce sens morve ce mouche .fdp
@GuizLaBanquise tema gros tu nous sort un son comme a alors que j'suis pas au courant,c'est srx a ? Jsuis sre c'est du lourd en plus!
@HelyseBambi mn bus a eu un problme du coup j'ai du rentrer au dpt, le chauffeur en a repris un autre et je suis revenue chez moi  19h30
@HuaweiServiceFR Honntement vous ne me ferez pas croire que vous n'tiez pas au courant ?
@IsaIthurburu @saintmtex ah oui la semaine dernire c'tait en courant mais l c'est fini
@JallatLat @thib0589 @jeanjeep @coolise j'espre que vous ne souffrez pas trop tenez nous au courant bon courage
@JeanNasse le sujet quelle sont les mere qui etais au courant des agression mais quelle non rien faite pour proteger leur enfant
@JeanNasse ta mere etais au courant
@JosephRegnault tu joue Dimanche matin gros au cas ou tu serais pas au courant ...
@JuanitaBM_ @KientzClub tenez moi au courant l je veux rire
@JulieDefrance toujours la premire au courant de tout la ewa
@Kelyan82 on est pas encore au courant. Tucker a eu une aventure avec la mre de Devon. Il en parle dans son testament
@KiwiHD_ je prends le RER depuis 10 ans tu sais, quand sur un train il y a crit "Mitry" il est suppos aller  Mitry, pas  Massy
@KrsA__ les Kings ont reprit leur trne t'es pas au courant
@LH__B Comme c'est pas un prnom ultra courant,'jsais pas,Tiens ? T'es la premire fille que je connaisse qui a le meme prnom qu'une amie^^
@Laitonite Putain vivement demain que je rcupre le colis (que je vais encore ouvrir  l'arrache en attendant le bus)
@Laura_plsrd si tu lui as rien redis depuis tout  l'heure oui je suis au courant je crois
@Louisa_El justement, je te le dis pour que tu sois la premire au courant, h
@LunaSparksRPG Oui vraiment. En mode "je te tiens par les paules en te tendant au monstre puis je me tire en courant" *clate de rire*
@LyviRPGTBS *fait de mme en courant vers la cafte mdrr*
@M_bapt Moui fin je te l'aurais pas dis tu ne serais pas au courant :)
@MarieBlue05 Moi je l'ai, mais je m'en sers juste pour jouer :B,Il y aurait une 3me guerre mondiale que je serais mme pas au courant.
@MarieLFC_ mais cest courant comme accident ya dautres choses quelle a dit que je garde pour moi
@Marine_me41 Et puis j'ai song que a allait tellement buzzer que tu serais au courant bien assez tt ! 'Parait qu'ils en parle sur BFM !
@Marynicious OMG enfin!!! tu me tiendra au courant quand a sera ouvert hihi
@Mathieu_Sommet Au risque de rpter ce qui a dj t dit, je trouve a super sympa que tu nous tiennes au courant !
@MeghanBhc c'est sure qu'on prfre l'apprendre direct, l'pire c'est si des personne que tu conaiss tais au courant
@MissZbu si j'avais le choix je me serait barre en courant
@Miss_Meli13 oui je sais mais en tant que fan de nos youtubeur je voulais tre au courant et peu tre qu'on se serai croiser ^^
@Muslimaa93_ @Qkassiii j'espre que le chauffeur de bus il va taper un coup de frein tu va atterir sur un pakistanais qui pue a fond mdrrrrr
@NabillaNews En tout cas merci  toi pour les infos depuis ce matin t'es la a nous tenir au courant vraiment tu gres merci pour elle
@NabillaNews merci pour les infos franchement bravo tu gres grce  toi on est o courant
@NabillaNews vrm merci pour toute les infos on ne savais pas la vrit j'espre que c'est la vrit on est AJ courant de tout merciii
@NanoPQR Oui j'espre ! Tiens moi au courant !
@Nathan_ack tien moi au courant frere
@Phrases_vie: Le pauvre fils d'Usain Bolt il ne pourra mme pas essayer de s'enfuir en courant quand son pre verra qu'il a fait une btise.
@Praska la plupart l'ont reu hier, et les autres ce matin. Tiens moi au courant !
@Pytorus je te tiens au courant, j'espre pouvoir y aller.
@RERA_RATP j'aimerais bien connatre le taux de train qui arrive  l'heure en heure de pointe?
@RERB @TUForg @jphuchon @SNCF_QR @GroupeRATP PS : trains supprim pour l'aroport alors que le trafic normal. Il y a un pb ds cette phrase ?
@RERB Bonjour, le trafic est-il revenu  la normale en direction de Paris ? (au niveau de Gare du nord surtout) Merci
@RERB Pas assez vite pour ne pas me faire rater mon cours et gcher ma journe videmment. Maintenant je me retrouve avec 3h  tuer. Ah.
@RERB bonjour, de mentionner trafic rgulier sur l'ensemble de la ligne est un tantinet dplac. Pourquoi cette com ?
@RERB gestion catastrophique des trains, A Aulnay dir Paris, aucun train avant 10mins mais ensuite 5 trains en 5 minutes!!! #Aucunelogique
@RERB idol11 au ralenti en direction du sud vers Paris. C'est ce qui s'appelle un trafic rgulier selon la,DLU !
@RERB les trains qui n'arrivent pas a cdg (terminus villepinte!!!) et 0 info. La honte totale. Pour info cdg est un aeroport international!
@RERB notre train a dcid de s'arrter  toute les gares apres Anthony
@RERB trafic perturb ! Ben oui, il pleut. @TUForg @jphuchon @SNCF_QR @GroupeRATP
@RERC_SNCF #rerC proverbe transi lien : Si ton train est annonc en retard prends le suivant... C est le mme.
@RERC_SNCF Oui, il pleut lgrement, c'est suffisant pour que les trains ne roulent pas normalement !
@RERC_SNCF encore heureux ici a petit vaux nous n'avons qu'un minuscule abris ou s'agglutinent tt ceux dont le train de 8h06 a t supprim
@RERC_SNCF incomprhension : aucun train bloqu  quai  BFM. Il est o le voyageur malade ??? Par contre cran voie E HS a drange pas??
@RERC_SNCF tj des ralentissements important depuis Choisy vers Paris . Pourquoi donc ? sommes sur la voie centrale
@RERC_SNCF train annul, 33 minutes d'attente.... bonheur d'tre cliente de la ligne C !
@RERC_SNCF y en a juste raz le bol de votre rer c y a pas un jour ou il fonctionne comme ts les jours pas de train pas d infos inadmissible
@RERD_SNCF je tenais  remercier les agents sncf pour la rapidit du traitement du dpart de feu dans wagon  grigny malgr les mcontents
@RERE_SNCF Les trains pour Tournan la desserviront?
@RERE_SNCF quand vous changer les trains de voie sans prvenir et qu en plus il ne passe pas ...c est du foutage de gueule, non ? #RERE
@RER_B @RERB Apparemment, il y a un train qui a un prob technique  Antony... on patiente 5 min dans IDIL63
@RdNetwork J'tais pas du tout au courant qu'il tait  Japan Touch though. Ils permettraient des ddicaces libres, j'y serais ptet all...
@RemooveDGB je sais bien mdr je suis lgrement au courant mais quand tu te lveras a 4h30 tu comprendras
@RomGame1 Avec une faute ds la premire ligne d'un article traitant de la langue franaise, tu donnes le bton pour te faire battre. ;-P
@RpgLupin @alexjordanrpg *gonfle les joues, et arrive en courant vers eux.**
@Sami_Rhandour ah azi frre loupe pas le bus
@SanaSanamir: mdr meme ma mere elle est au courant pour le truc de nabilla mdrmdr et ma mre stp
@SimonRsch j'espre aussi mais j'en suis sur je te tiendrais au courant via snapchat
@SirFarouk tiens moi au courant,  l'Obs les gens sont moins chauds ! (Ils vrifient les cartes d'amphi  st pres ou ils s'en branlent?)
@SmetJean je te tiens au courant. Tu sais J ai compos des chansons pour Johnny. J espre qu un jour il les chantera.
@Subtaf @iDanFR3 @viedetom y a rien de grave a prendre un bus si ca permet d investir ds les trains de banlieus ou TER
@Twittdejeremy j'tait pas au courant pour le bataclan ! Fait pter le lien pour billet !
@UneFenerlii inchAllah tien moua au courant hhh, ces une frappeuuuh meeeeh  oui le mariage de reve quoua :$
@Vilaindoudou sortie du bureau a 17h et ds le tram a 17h25... J ai mes monstres a rcuprer moi :(
@YannOrpheus (mon pre n'est pas au courant de ce que je fais de mon cul, et n'a pas  l'tre) @TarValanion
@_Nellyaa vous tes des vampires je te jure mdrrr  wa tiens moi au courant rek
@___atn bus accident
@_mdsd eh la vie de moi que j'adore monter dessus et tourner en courant en faisant genre y'a l'eau qui se dclenche derrire moi
@adamsunshine_ mais pas la peine de mettre toute la Cannebire au courant toi aussi !
@ademsadmi Elle est magnifique , en + je te l'ai dis a 8h15 moi !! On tait les premires au courant
@alexia_veron je serai chez moi vers 16h, j'te tiens au courant
@alphoenix super on se tient au courant asap on peut esprer au moins 10 000 vues
@anelkawa @spira2014 rab touche, effleure, la jambe qui occasionne le croche-patte mais bon il le fait en courant et c archi lger
@angeliiquepll @LBazin bientot tout le lyce sera au courant
@batmagneto @Black_Smile_ Papy c'est comme un pre pour moi tu vois, un mentor '^',*vole shanks et part en courant* A
@brunetmanuel @mariec23112361 @nowra_62 @sophiebtn bien dit jeune loup jai une visite demain donc on croise les doigts vs serez o courant
@btnantonin Bonjour, Nous ne l'avons pas encore reu. Nous vous tenons au courant ds qu'il arrive. Bv, Smail
@camus_charlotte Tiens moi au courant je le ferais avec toi!
@chica_du_brasil d'acc, j'espre que c'est pas trop grave alors, tu me tiens au courant!
@code_dx @RERE_SNCF bon alors comme a la pluie empche les trains de rouler normalement ?...
@colinematrat ter meme pas au courant de sa ?
@conducteur_PSE je travaillais en nuit sur la B le jour de la finale , seul pendant le Match ds mon train, mais aprs.. ;-) @Conducteur_RER
@cosmikapes C'est tout le courant PUA, qui pue au nez !! Ces mles qui croient devoir re-rtablir l'ordre naturel, male domine la femme
@cycloblog J'essaye. Je te tiens au courant. Et te ferait participer si le succs est au rendez-vous. Promis.
@diometrique tu es  contre-courant comme un saumon dans les eaux claires d'une rivire norvgienne. Tu sublimes tout.
@doudi0304 ah bien ... Moi serais en Gorgie ..mais je vais me tenir au courant
@ehxzot @ehxzot Mais pire ma mre vient de me mettre au courant elle a pter un cble c'est du n'importe quoi !
@evanrpgitr En gros, il y avait que ta mre qui tait au courant ?
@fratwoman Meuh non, @RERB et #RATP ont dit que le trafic tait rgulier sur le #RERB
@gauxdurand mais nn je suis pas en couple sinon tu serais au courant mdr ct une boutade
@gentilmari: Heuuu @RERB il y a un train de trop pour un seul quai;)
@herolien @RERA_RATP faudrait trouver la faon de ne pas arreter le service.d'autant + quand il y a 33 trains/h...Mme chose pour le perif..
@herolien @RERA_RATP jamais vu dans d'autres villes europ une coupure totale du traffic.Est-ce qu'on a pas fait de maint depuis 40ans ??
@idesuku_fr On vous tiendra au courant pour la 1re @SundayAssembly  #Barcelone :)
@jeremstar Il n'est au courant de rien et fais comme si il a les news de premire heure.
@jules_courant Et a te fait rire ptit con ? Mdr
@just1ch Pas au courant du nouveau logiciel de paie ! @amv_ac @Conducteur_RER @ADCTR1
@ketsu_rpy @KJ4JGA mdr grce  nous, tout le monde sur Twitter sera au courant, voila
@kwjboyz: Bac blanc la dernire semaine avant les vacances de Nol, les ES & S sont au courant mais les L on pouvait s'le mettre profond
@leaxcam la j'aimerai faire un show sky pe avec toi courant novembre tu serais dispo quand stp? :)
@legarsdu87 J'ai vu a.. J'espre vraiment que c'est faux! Pourrez vous nous tenir au courant si vous avez des informations?
@macinside @RERC_SNCF tient, oui, je veux bien aider les touristes  sortir des trains terminus Invalide 2h par week-end contre un Navigo ^^
@maxouguerets mdrrr prive ou pas demain tout sera au courant autant en parler en public
@meryemmarzouki tiens moi au courant :) je suis au stade o je pourrais m engager  voter pareil que Ahmed Brahim un des rares sages de TN
@nephalisme bah vu que tu vas arriver en retard parce que tu auras loup ton bus a fera moins d'une heure
@niallRPGAH *part en courant de l'hpital en allant vers les montagnes*
@sialetea Tiens,j'tais pas au courant xD!Que ne ferait-elle pas pour se faire remarquer,c'est triste..(hey a fait un bout, tu vas bien?^^)
@sibelakinkurban ah bon pk ?moi normal .. Omg la France entire est au courant pour nabilla je crois ^^
@vincent2jacques #FH se veut exemplaire ds discours, #FH menteur patent donc l'exemplarit serait le mensonge... trs courant chez socialos!
@zaynrpgdtny /*regarde Sophia* t'as un mec?! Et je suis pas au courant. *tourne son regard vers Zayn*/
A 16h a 5 sec prs jrate mon bus , j'ai mis un coup de pied il parter il s'est arrter mdr
A 17h mon copain et venu me chercher et quand il m'a vu il est venu vers moi en courant en criant "Mon bb!!!!!!" C'tait trop mignon
A force de louper mon bus et de rentrer chez oim, ma mre en a eu tellement marre qu'elle m'a dis : "reste  la maison tu m'soule"
A la gym y a un mec avec sa bouteils de wisky qui est venu vers moi j'ai jeter Clem dus et je me suis bar en courant,il fessait trp peurt
A part a ma mre est au courant, mais en a compltement rien  foutre.
A quel moment tu te coupes les ongles dans le rer ?
ATTENDEZ PAUSE ARRTER TOUT, ma mre est au courant pour ltruc de nabilla alors que jsuis au courant de rien, jvous jure jsuis choque
Accident avec le bus
Accident de bus vers chez moi
Ah merde demain apres midi je ne serait pas chez moi vous pourrez me tenirs au courant svp
Aller nique ta mre la coupure de courant
Alors tu as trouv le bus #NRJReunion? une info...mercredi il sera  st D ....et ....reste  l'coute...
Apparemment c'est l'anniversaire de mon pere demain. Je vais faire comme si je n'etais pas au courant
Arrtez de faire des gosses, a fera plus de places dans les trams et les trains  l'avenir !
Attention l'htel sera disponible ce soir bonne soire je vous tien au courant
Attention sur #rerc, vnements imprvus en automne et un trafic ralenti : les coupables sont 3 gouttes de pluie et 1 feuille morte #qml
Aujourd'hui on tourne la vido des #trophesEIP d'@Epitech ! On vous tiendra au courant quand la vido sera disponible ! #EIP
Avec une entorse je pourrais partir en avance pour ne pas avoir  courir jusqu'au bus mais bon a serait pas marrant
Bc si ma mere est au courant a passera just..
Bloqu encore dans le bus .. Euh j'espre que je vais pas louper mon train ..
Bon bah mn pre es au courant aussi, mdrr il a bien ragi, c'est cool
Bon toute ma famille est au courant ptdr la raction de mon pre oua casse des reins
Bonjour @RERC_SNCF , je voudrais vous suggrer qq chose en rapport avec le message de trafic de ce matin 1/...
Bonjour, Pascal de la #RATP est avec vous pour vous renseigner de l'volution du trafic sur le #RERA.
Bonne nouvelle ! Un trafic rgulier sur l'ensemble de la ligne #RERE #OK
Bref, mon bus ne s'est pas arrter  mon arrt, du coup je suis avec ma maman et Vincent, ils me font trop rire..
Bus de l'Etang : le droit de retrait d " un tir deprojectiles"  #bus #Etang
Bus de l'Etang : perturbations dues  uneagression  #bus #Etang
Bus loup nique sa mre !
Bus, train, rer, mtro, train, bus x2 c'est la mort
Business Developer - Espagnol Courant (H/F): IDF-Asnires-sur-seine, Cr en 2000 et consacr  la distributio...
C quoi le problme du @rerb en direction de Paris ce matin, y'a eu un train annul et aucune annonce n'a t faite pr nous prvenir
C'est la pleine lune et je suis dehors  attendre le bus. Si je me fais bouffer par un loup garou a sera la faute de Carrefour et des vieux
C'est une blague ma mere et ludyvine qui s'appelle a chaque fois et moi jss pas au courant
C'tait donc un accident de bus ! Pas de blesss mais un bus dans le foss - @NextRideApp
CA-66 Route 66 : Accident at Pasadena Avenue -
Ca me ferait chier que des gens soient pas au courant :/
Ce qui me fais rire c'est que tout le monde est au courant pendant nos disputes, mais vraiment tout le monde
Ce qui ne va pas me manquer en retournant en cours : le RER B ! Toujours une galre  Gare du Nord  #Fatigue
Celui la mm a un rasoir "Bic" dans la main et se rase le crane dans le train tous a dans le plus grands calme #RerD
Centrale hydrolectrique  #Echirolles. Dernire turbine en cours d' installation. @edf @LeDL_Grenoble
Chui ds mn lit trkl et tt ma mere elle est ds lsalon elle crit INES VIEN he zehma chpart en courant et tt elle mfai koi done la tlcommande
Collision mortelle : Jaurais pu tre dans le bus: Laccident entre un camion et un bus-cole dans lequel so...
Comme a Kath sera au courant de rien
Comme a, je serai au courant de tout, au bon moment et pas 1jour plus tard :/ #EMABiggestFans1D
Comment voulez-vous tre pris au srieux qd vous annoncez un train  GDN  16h01 et le mme  Chatelet  16h ? @RERB
Crer un compte Twitter  @C_Elood avec les filles pour qu'elles puissent tre au courant de nos conneries sur Twitter : check
Dans Le RER Direction Hausmann Saint Lazare Pour Prendre Le Train
Dans la salle d'attente du mdecin ma mre elle m'a expliqu l'histoire de Nabilla mdr j'tais mme pas au courant moi
De plus en plus fort, #JIRAMA ! En fait j'avais droit  30mn de courant, aprs quoi ils m'ont re-coup! J'attends, h, dieux de #Madagascar!
Demain chez le coiffeur si la stagiaire arrive vers moi avec des ciseaux, j'me barre en courant..
Demain je vais essayer pour la premire fois de prendre le bus vers 7h pour aller en cours... Je dis bien essayer.
Demain matin j'ai cours. Aprs je rentre je dors. Je me pose mme pas de questions. Je commence mme  dormir dans le rer
Demain va falloir se tenir au courant des dernires histoires. Parce que l je suis largu :(
Demain, mon pre me conduit  mon stage du coup, pas besoin de prendre 2 bus du matin, c'est trop bien
Dernire #BBRnews N7 pour rester au courant de l'actualit du BODY ;)  internet :
Des difficults de circulation du #RERA a #Houilles dues a une forte densit de trains rebelotte aujourd'hui - merci #SNCF pour ces retards
Des travaux modifient la circulation des trains du #RERC l'axe Pontoise / Pont de Rungis #BOF
Des travaux modifient la circulation des trains sur la ligne #RERC l'axe Pontoise / Pont de Rungis #BOF
Dfinitivement la meilleure faon de commencer la journe en autobus. Gros accident entre taxi et la 165
Dis @RERB,pourquoi quand il y a du retard et des places dans les trains prcdents, ceux-l ne compltent-ils pas la mission  venir ?
Donc BFM interroge le frre de Nabilla, qui n'est au courant de rien, qui a juste lu les articles sur le coup de sang de sa sur.
Donc je prend le RerB pour aller sur panam jusqu ici tout va bien ... arriver a chatlet ils disent "Ce train a pour destination mitry claye"
Du coup je prend pas le bus mais ma mre viendra me chercher
Du coup je prends le bus ce soir ma mere ne vient pas me chercher :(
Du coup on a du appeler mon pre pour qu'il vienne nous chercher et puis on a loup le premier tram
Eh @SNCF merci de ne pas oublier de mettre le chauffage dans le rer, surtout le rer D, c'est pas comme si a allait ralentir le train hein
Elle croit elle tait au courant de tout> je l'tais la premire. (Si c'est ce que j'ai compris.)
Emeute  Teoloyucan aprs deux morts dans un accident de bus  6 novembre 2014
Emeute  Teoloyucan aprs deux morts dans un accident de bus  6 novembre2014
Emeute  Teoloyucan aprs deux morts dans un accident de bus - 6 novembre 2014
En cours de tournage de la prochaine vido qui sera en ligne d'ici quelques jours ( je le dirai quand ) #minecraft
En direct du tram de VA j'ai galrer pour trouver un pmace assise direction gare train a 17H20
En gros si Aurlie et Capucine avaient du shampoing personne serait au courant de ce qu'il s'est pass c'est a ?
En raison des conditions climatiques le traffic est perturb !!!! Nanh mais quand vont ils arrter de se foutre de nous???#RERE #sncf
Entre les grves de bus, les accidents de trams et les retards de trains j'en ai trop marre
Erdf - Des pieds et Des mains, enfin sortit d'une zone sans vent, rcupre sa 5me place. ERDF
Essayez de faire tourner le compte s'il vous plait, ce serait cool, histoire que tout le monde soit au courant des projets
Et le soir le bus a mis mille ans a arriver donc j'ai chang vers la fin ! J'ai donc rat mon train !
Et les gens du mirail qui ne seraient pas encore au courant, jeudi prochain, il y a grve.
Euh ma mere qui me dit oh t'a appris pour Nabilla ?! Euh maman c'est qui la plus au courant sur l'actu people ente nous... ?!
Faites vous plaisir en courant, gagnez des rcompenses ! ;-),A Tester de toute Urgence !!!
Fin des travaux en cours prvue demain sur la ligne #RERB. Pour plus dinformations, .
Fini le bus , le train et de demander a mon frre de m'emmener
Genre avec Mathi et Camille on veut monter dans le tram je passe en 1re et la les portes elles se ferment, du coup j suis partie-
Genre mtnt c'est ma mre qui me tient au courant des News people?
Gironde : EDF prt  leur couper l'lectricit pour...un centime: Parce quils nont pas pay un reliquat de facture dun centime, ER...
Grand jeu concours organis par la DLU RER B.Donnez votre dfinition de trafic :,- rgulier, normal, quasi....,  cadencement....
Great. Je suis dans le bus mais il y a un ralentissement. Uh
Ha non c est 15 min.... De retard sur un elba .... Pb de trafic ? De feuilles ? lectriques ? #RERC #sncf #qml
Heloise qui m'appl pour m'dire de demander au chauffeur d'arrter le bus,j'ai dis nonBrf,elle ns a vu partir et du coup Elle a loup le bus
Hi @RERC_SNCF ! Pkoi le train de 7h09  Issy -> Vsail Chtier supprim ? C pour montrer votre Tweet a mon boss avant de me faire virer ! Thx
Hier ils ont couper le courant j'espre qu'il ne vont pas couper a aujourd'hui
Il est 07:51 et le trafic est normal sur l'ensemble des lignes de RER
Il est 07:52 et le trafic est normal sur l'ensemble des lignes de RER
Il est 13:51 et le trafic est normal sur l'ensemble des lignes de RER
Il est 13:52 et le trafic est normal sur l'ensemble des lignes de RER
Il ne pourrait pas y avoir un systme dans lequel les gens qui crachent dans le train se reprennent leurs crachats dans la gueule ? #rerB
Il sera tellement traumatis qu'il partira en courant x) #lt
Il y a quelqu'un qui a cri  l'aide dans la rue, ma mre est descendu en courant sans mme savoir qu'est ce qu'il ce passait.
Il y a un monsieur qui courait derrire le bus et son pantalon s'est dchir,du coup il s'arrte et dit  voix basse "FDP ce chauffeur" MDRR
Impression d'aller me jeter dans la gueule du loup "@RERB: Retour  un trafic rgulier sur l'ensemble de la ligne #RERB. Incident termin."
J'aI VU LE MEC EN SORTANT DU mETRO SA MRE MDRR J'AI TRACE
J'ai cru que j'allais pter un cble avec la coupure de courant hier soir
J'ai deux copies de Metro 2033 pour les potes, sinon a sera pour #AFALive ou similaire. #LRT
J'ai dit  ma mre que j'avais loup le rveil, elle m'a demand si j'avais encore un bus j'aurais du dire non
J'ai failli louper le bus sa mre
J'ai fait ma colo ce matin et ma mre est pas au courant :')
J'ai fait qu'un repas du coup aujourd'hui.. Celui de ce matin en speed dans le metro. Je sais pas si je dois manger en rentrant..
J'ai loup le bus sa mre
J'ai louper le bus de distroff heureusement que mon pre travail chez moi et qu'il peut venir me chercher
J'ai louper le bus mon pre va me secher putain
J'ai rat le bus je demande a mon pre de me dpos il dit nn la vie je bouge a 09h en cour en plus ya la pluie
J'ai rater le bus. Ce qui fait que je vais rater mon 1er train. Je vais aussi rater mon 2eme train.
J'assume pas ca mre j'suis mort j'vais tomber en courant ...
J'attendais le bus, d'un coup je vois un mec de 20 ans se fait remettre  sa place par un gars de 16 ans frere
J'avais envie d'en parler haha mais je pense que c'est la premire fois, mme mes parents doivent pas tre au courant x) #histoire
J'avais oublier que mon pere il venait me chercher du coup j'ai pris le bus
J'en ai parler  mre je lui ai dit de pas le dire mon pre est rentrer elle a crier pr lui dire et mm mes voisins ils sont au courant
J'en tais sre que Mme obe et tout ils allaient tre au courant
J'envoie un message a mon pre pour le mettre au courant et il me rpond ok, il m'aurait rpondu "jmen blc" a aurait tait la mme
J'espre il vont pas oublier de le tenir au courant
J'espre j'vais pas louper mon bus ajd'hui
J'espre ne pas louper mon bus ce coup-ci ! Sinon j'aurais pas russi a le prendre de toute la semaine ahah
J'espre on va pas tre au courant de si on joue ou pas a 23h
J'espre que l'info sur Nabilla est fausse! Peut tre intox? Je ne pense pas qu'elle ait pu faire a? On se tient au courant@LeonabooNabilla
J'pense jvais en RER taleur en cours
J'sautais partout en courant, j'mettais des coups d'pieds  tous le monde et tout putain j'arretais pas de rire
J'suis toujours la dernire au courant mdrrr
J'y crois pas, mtn faut courir pr avoir une place dans le Y exp, moi ya 3 ans on tait 5  tout pter dans le bus
JSUIS TJRS LA DERNIRE AU COURANT DE TOUS DANS CETTE FANBASE
Jai louper mon bus donc jai du prendre le bus de ville pour rejoindre ma mere et comme jai bouffer que dal depuis hier, j'ai vraiment faim
Jaime pas les go qui font genre "moi je cours pas, c un vieux dlire de courir derire le bus" j'esperes de tout <3 qu'un pit te cour aprs
Jcrois j'ai loup le bus sa mre il y a personne a l'arrt
Je cour pas derire un Bus , c'est pas maintenan que je vais courire deriere un Mec
Je crois l'histoire de nabilla elle a fait le tour de la plante entire, tes parents et mme t'es grands parents sont au courant mtn mdrr
Je crois qu'il y a rien de pire qu'une coupure de courant sur une ligne entire de tram quand t'es grave loin de chez toi...
Je croise les doigts pour rcuprer ma voiture ce soiiir. Pcq demain matin c'est mort je prend pas le bus
Je lui est dit non je sors pas et tout, il ma rep "vip 801" je suis all m'habiller en courant
Je ne comprends pas les gens qui ne disent rien  leur mre, moi ma mre je lui raconte tout, elle est toujours au courant de tout .
Je prie dieu du plus profond de mon tre pour pouvoir ne serait ce que fumer et m'enfuir en courant la maintenant
Je regarde le replay d hier et mais je suis choqu de la manire dont ils font croire qu'ils sont pas au courant #IDV4 @TatianaLaurens
Je rentre chez moi ma mre me fait "t'es au courant pour Nabilla?" Euh ouais
Je reprends les cours a 13h30 mais colle y'a pas de bus pour cette heure je serai en retard.
Je sais c'tait le but de te faire rire ^^,Les hpita...  C'est russi x))) Oui merci, je suis au courant ^^ j...
Je sais pas si Ren est au courant que je suis lesbienne mais putain je mouille pour lui tires moi les ttons
Je suis descendu ppre au RER d et la hop mon train arrive #journeeFraiche
Je suis pas cense tre au courant du dpart de ma collgue, 1re heure ce matin, la patronne vient me lcher les bottes ouais ouais ouais
Je suis sre qu'Aria dans PLL on lui dit va niquer ton frre elle y va en courant tellement il est
Je suis tellement bien rveill que je me suis tromp de bus. Je vous laisse imaginer l'tat de ma mre qui, du coup, doit m'emmener
Je vais la tuer Alice ! Je suis la dernire au courant !!
Je veux mes billets de trains mais c'est cher du coup je prendrai des bus, ce sera plus long mais pg
Je viens de recevoir "Bien pass ta rentre ?" alors je sais pas si t'es au courant mais sa fait 3 mois qu'on a repris les cours
Jvais encore louper mon rer  2mn prs
Jvais louper la recre le bus vient d'arriver
L si un cambrioleur cambriolait ma maison je ne serais probablement pas au courant...
La France entire est maintenant au courant que l'ami de Laurent ronfle. #KohLanta #TF1 @Laurentkohlanta
La circulation des trains est interrompue dans les deux sens entre La Fert Alais et Malesherbes #RERD #BOF
La circulation des trains est interrompue dans les deux sens entre La Fert Alais et Malesherbes #RERD #BOF !
La go te dit ya plus courant chez el toi le 1er truc ki te viens en tte c aller faire chat noir sur elle..Mdrr,Vraiment hein
La restructuration de mi-dc. se prpare: voil ce qui restera en lignes bus RATP  Latcore (Vlizy),#vvtrafic
La vie en France "progressiste". #Laxisme #Tiermondisation,Bus : le droit de retrait d  un tir deprojectiles
Le RER b a tous les coups jsais il va me mettre en retard
Le RER devant assurer le 9h35 au dpart de Robinson est  BLR (vers Robinson)  9h36... Le site RATP indique "trafic normal"! #RERB
Le RER surfing a me fait pas rire non plus, y'a un bouffon qui va finir sous le train et nous bloquer pendant 4h c'est sr
Le bus de devant nous a reculer dans notre bus et du coup le bus a pu de parbrize arrire, les gens vont se cailler les miches!
Le bus il s'est pas arrter obliger de me taper le train en plus avec ce temps de merde -'
Le bus qui met son clignotant, puis qui ralentit et s'arrte pas et le mec dit que j'ai pas fait de signe. LA BLAGUE. FDP.
Le conducteur du RER que je viens de prendre qui fait des annonces pour expliquer pourquoi c'est ralenti sur la ligne, a c'est cool
Le connard qui coute des sons du bled dans le RER  6h du matin, il est trop tt. TROP TT
Le couple de vieux a ct de moi dans le RER arrte pas de teps est insupportable je vais cbler #asphyxie mdrrrr
Le pauvre fils d'Usain Bolt Il ne pourra mme pas essayer de s'enfuir en courant quand son pre verra qu'il a fait une btise
Le pauvre fils d'Usain Bolt Il ne pourra mme pas essayer de s'enfuir en courant quand son pre verra qu'il a fait une btise.
Le pire c'est si mon pre il est au courant starf dj mon briquet il est sur son bureau
Le programme de rnovation des trains se poursuit sur le #RERB. Pour en savoir + :
Le temps de trouver un pull, protger ses cheveux, trouve un parapluie, bus loup
Le trafic est fluide sur toute la ligne #RERE #OK !
Le trafic est perturb entre Antony et Saint-Remy-les-Chevreuse  cause d'une panne de matriel #RERB #BOF
Le trafic est perturb sur la ligne  cause d'une panne de matriel #RERB #BOF
Le train Chelles-Paris 22h31 est supprim #RERE #KO
Les couples de segpa dans le bus, faut vraiment arrter
Les gens dans le train , bus , RER arrt de prendre deux place a vous seul , y'a que big mama qui peut ce permettre sa .
Les gens qui feraient n'importe quoi pour tre au courant du plus de choses possible : vs voyez pas que vs gchez la vie des autres ? Putain
Les vrais sadiques du rer sont les aiguilleurs qui mettent des trains courts surprises. Juste pour la bousculade sur le quai...
Lgres volution () mais tu ne seras au courant que demain !!! @_Fxckvble
Louper son bus, attendre jusqu' 18h pour rentrer avec mon pre, j'adore
Lundi on va mettre Charlotte tellement bien, elle va s'en rappeller de ses 17ans. Tout le lyce sera au courant que c'est son bday au vu du-
MDDDDDDDDR MA MRE ELLE EST CHOQUER POUR NABILA ELLE A T AU COURANT AVANT MOI ET ELLE EN PEUX PLUS
Ma grand mre elle dbarque elle me sort "t'es au courant Nabilla elle a poignard son mec ? " oh j'en peux plus la
Ma mere elle est au courant de l'histoire qui c'est pass avec Nabilla
Ma mere qui me parle de l'histoire de Nabilla, elle a l'air plus au courant que moi mdr
Ma mre crie de toutes ses forces "Anissa viens voir, y a Zidane  la TV. Vite!",Je descends en courant et je vois qui? Nicolas Canteloup.
Ma mre elle a lav la cuisine je suis venue en courant j'tais pas prvenue que c'tait tremp j'ai gliss mais comme une meeeeeerde
Ma mre elle a prvu un truc pour demain mes je suis meme pas au courant..
Ma mre elle est mme pas au courant que j'ai mon permis je l'appellerai quand j'arriverai chez moi
Ma mre elle ma acheter des timberland j'etait pas au courant
Ma mre est au courant de tout  cause de mon pre et elle me sort "c'est flatteur" ah oui passer pour une pute c'est flatteur peut tre...
Ma mre est plus au courant que moi de ce qu'il s'est pass avec nabilla quand mme
Ma mre me fait :"LEAAAAA TU SAIS PAS ? Nabilla elle a poignard Thomas!",Mdrrrr elle est plus au courant que moi
Ma mre qui m'envoie ce matin "t'as vu Nabilla a poignard Thomas" mdrrr c'est normal elle est plus au courant que moi
Ma mre qui m'envoie des message pour me mettre au courant que Nabilla a poignard son mec
Ma mre qui me dit 'clara j'ai un scoop sur nabila ' non mais c'est bon maman tout le monde est au courant ...
Ma mre qui me parle de l'affaire Nabilla, j'tais dj au courant mais jpensais pas c'tait vrai moi
Ma mre: "Ah mais Charlyne tu es pas au courant ! Nabilla elle est en garde  vue! -Cool. Et sinon on mange quoi ce soir ?"
Ma mre: "ba t'es pas au courant pour Nabila?" MA MERE LES GARS, MA MERE
Mais Nabilla et Thomas en plus jsuis sre ils dorment encore...ils sont pas au courant
Malheureusement je vais pas pouvoir le suivre le match  mais je serais au courant du score  chaque QT . LIMOGES
Mddr mon pre il tait mm pas au courant il croyait qu'elle tait en Hollande msk
Mddr, ma mre qui m'explique l'histoire de nabilla alors que mme moi j'tais pas au courant de l'histoire ! C'est le monde a l'envers
Mdr j'ai mis mon rveil a l'heure ou je devait partir + trafic perturber sur le RER b = dodo
Mdrr mme ma mre  presque 50 ans elle est au courant de l' histoire avec Nabilla
Mdrr on parle du plan vigipirate en cours de strats et l il bloque le RER pour le mettre en place mdr
Mdrrr a me choque ,tt le monde est au courant des motos qu'elle a sortie l'anne dernire
Mdrrr j'coute va bene de @lafouine78 et Reda taliani y'a une vieille dans L'bus elle mregarde pour jbaisse le son dmon casque .  #Relou
Mdrrrr,je suis au courant le dernire.
Meme ma mere elle est au courant de l'histoire de Nabilla
Meme ma mere est au courant :')
Meme mon pere il etait au courant de lhistoire nabila thomas!!
Merci au conducteur de train ZACO de 18h46  Chtelet pour la superbe communication!! Pour une fois a change!! #RERD
Merci pour la visite "street art" @RERA_RATP le ralenti aprs Nogent permet de bien analyser les fresques #voleurs
Meteo du #RER (#ratp) : KO () 07/11/2014 a 13:49 Trafic normal sur l'ensemble ...
Meteo du #RER (#ratp) : OK () 07/11/2014 a 07:49 Trafic normal sur l'ensemble ...
Meteo du #RER (#ratp) : OK () 07/11/2014 a 14:17 Trafic normal sur l'ensemble ...
Mme ma grand mre elle est au courant du trucs de nabilla wssh c'est quoi a.
Mme ma mre elle tait au courant pour Nabilla mdr
Mme ma mre est au courant
Mme ma mre est au courant de l'affaire de Nabilla. #Nabilla
Mme ma mre est au courant de l'histoire de Nabila, c'est passez sur BFM attention.
Mme ma mre est au courant pour Nabilla
Mme ma mre est au courant pour Thomas et Nabilla
Mme mon pre est au courant pour nabilla
Mme mon pre et au courant de l'histoire nabilla thomas il es choque ptdrrr
Mme mon pre et au courant pour Nabila
Mme mon pre il est au courant de l'histoire de Nabilla ptdrrr
Mme mre elle aime trop me demander si ma copine elle va bien.. Bah coute je lui demande ds que je la rencontre et je te tiens au courant
Moi sa fait 1 an j'ai arrter de prendre le rer B ce train il es programm exprs pour te retarder  tes rdv important
Mon RER arrivait dans 2min j'tais entrain de courir fougueusement les cheveux au vent.. j'vous raconte pas la chute..
Mon bus ma loup je serais en retard
Mon papy il est trop chou, il m'a trop fait rire  me raconter la vie des stars. Il est au courant de tout!
Mon pere il ce lve 10-20 minutes apres moi du coup il m'emenne plus a l'arrt de bus je doit tout me taper a pied
Mon pere il sort "vous etes au courant que Loana a poignard son mec" "Nabilla" "ouais de toute facon si c'est pas elle c'est sa cousine"
Mon pere qui me sort "Quoi tu vas au kess demain? Moi j'etais pas au courant" heu nan tu me fais pas a t'es gentil
Mon pre : "t'es au courant de ce qui est arriv  Nabila??",Non papa, a m'intresse pas des masses..
Mon pre est enfin au courant
Mon pre il est pas au courant que je retourne les voir ^^
Mon pre qui me sort des que je suis rentrer:tu es au courant pour  crois il est trop content d'tre  la page niveau actualit
Mon pre qui veut bien m'amener en cours pour 10h, ce qui m'vite de prendre le bus...ah yes
Mon ptn de bus a eu un ptn d'accident alors qu'il tait mme pas encore dans ma ville donc j'ai du attendre dehors et appeler ma mamie
Mose c'est mon beau frre, vous tes pas au courant
Moundir a fait un gros doigt  la production en courant vers sa femme ! Mdrrr #KohLanta
Mtro Ligne 10 En raison d'une panne mcanique  la station Charles Michel, le trafic est ralenti sur l'ensemble de la ligne.
Mtro Ligne 10 En raison d'une panne mcanique  la station mile Zola, le trafic est ralenti sur l'ensemble de la ligne. Tra [1/2]
Mtro Ligne 10 En rpercussion d'une panne mcanique, le trafic est ralenti sur l'ensemble de la ligne. Trafic normal sur les [1/2]
Mtro Ligne 11 En raison d'un voyageur malade  Rambuteau, le trafic est ralenti en direction de Chtelet. Trafic normal sur l [1/2]
Mtro Ligne 11 En rpercussion d'un voyageur malade  Rambuteau, le trafic est ralenti sur l'ensemble de la ligne. Trafic norm [1/2]
Mtro Ligne 4 En raison d'une panne de matriel, le trafic est ralenti sur l'ensemble de la ligne. Trafic normal sur les autres [1/2]
Mtro Ligne 8 En raison d'une panne mcanique, le trafic est ralenti sur l'ensemble de la ligne.
Mtro Ligne 8 En rpercussion d'une panne mcanique, le trafic est ralenti sur l'ensemble de la ligne.
N'empche y'en avait plein qui remontaient vers le quai en courant, comme si c'tait une question de vie ou de mort.
N'hsitez pas a #RT les infos pour que vous soyez tous au courant de l'volution; on va bientt crer la chaine ne vous inquitez pas !
Ne plus regarder #KohLanta, entendre son pre crier "Il y a @MartinBazin !" et descendre en courant dans les escaliers ? Fais.
Nique sa mere a Maignelay ya coupure de courant gnral je peut mme pas me scher les tifs
Notre bus il avancais pas du coup on a pris le bus de julien mdddr il m'a fais trop rire
OH PUTAIN DE SA MRE LA JO ELLE EST AU COURANT
Ok plus de courant nike ta mere
On a crois Lolita dans le rer.. Sa coupe lui va grave bien !
On peut perdre de l'argent en courant derrire une femme,mais on ne peut pas perdre une femme en courant derrire de l'argent.
Oui il mrite l'limination RT @MarcelleRouste: Sinon on est d'accord que Moundir a trich en courant vers sa femme ? #KohLanta
Oups ! Votre Tweet fait plus de 140 caract res.Nous l'avons raccourci un peu. Il se termine maintenant par 'zn..pfff,kii,l bus ku ranga ...
PTDR LES GENS IL PARAIT PENDANT LES GRANDES VACANCES AU CENTRE ARER JE SUIS SORTIT AVEC VALENTIN MDRRR J'ETAIS PAS AU COURANT MOI
PTN j'tais mme pas au courant que ma mre venais me chercher
Parce que forcment aprs y'a la question " Alors t'as pas un amoureux toi ? " Mme si j'en avais un tu serai pas au courant gars !
Pas de bus, le tramway ralenti & le RER qui passe devant sans s'arrter alors que c'est le seul  cette heure ci. Je vais au taf comment ?
Pb de RER B, gars chelou schizophrne bizarre, pb de "malaise voyageur" dans MON train. En fait je dois pter les plombs? C'est le but?
Pendant 2 minutes j'ai eu l'espoir d'avoir mon bus mais non.. Le train il c'est arrter pendant 5 minutes.
Pis pour le drapeau,  mon avis, vu l'ignorance des corens envers les autres culture, il tait pas au courant de ce que a reprsentait
Pour ceux qui n'ont toujours pas ce jeu malgr les dons de cls par THQ, rcuprez ds maintenant votre jeu Metro...
Pour moi c'est surtout qu'ils travaillent sur l'Infra lectrique car aucun train ne pouvait ni entrer ni ressortir (2 rouges) @RERD_SNCF
Pourquoi je suis toujours la dernire au courant de tout ew
Pourquoi tous les premires peuvent aller  Paris et ma classe on est mme pas au courant ?
Premier bus passe pas, le deuxime refoule, prend la voiture, accident  la moiti du chemin, change de route mais bouchon #FUCK
Premire transmission du courant par des molcules d #ADN   @NatureBlogs #NanoTech
Premire transmission du courant par des molcules dADN
Ptdr ma mere est au courant pour #Nabilla xD
Ptn sa mre y a dj courant d'air sous ma jupe J'AI FROID
Ptnnnnnn j'ai loup mon rveil, mon bus, les cours sa mre j'viens de me reveiller
Putain de sa mre au moment ou je vais a la douche coupure de courant jsuis maudit j'tais a poil et tout sa mre
Putain demain j'ai personne pour m'emmener du coup je doit prendre un bus et je serai la 1 heure avant le rendez-vous !
Putain mon bus avait 20 minutes de retard, du coup j'appelle mon pre et 2 minutes aprs il arrive ce fdp
Quand Paulo m'a vu, il est venu vers moi en courant, et m'a fait big clin  @paulleclercq1
Quand je dis un truc  ma mre, 2jours aprs tlm est au courant....
Quand tu vois les gros , si tu te fais contrler et ta des trucs a te reprochs , obliger tu pars en courant tu les fume ! Mme en moonwalk
Quand y'a pas de suppressions, y'a + 10 minutes sur temps de parcours avec @RERD_SNCF au ralenti: tarif de 10 ans d'errances du #stif #qml
Quel bande de comres, tu racontes un truc  l'une, dans les 5mins qui suivent elles sobt toutes au courant..
RATP de mon coeur, va bien te faire enculer avec tes RER qui se transforment en trains directs sans avertissements.
RER B : Trafic perturb suite colis suspect  Saint Michel
RER B En raison d'un colis suspect  Saint Michel le service est interrompu entre Chtelet les Halles et Luxembourg. Trafic nor [1/2]
RER B En raison d'une panne de matriel entre Antony et Fontaine Michalon, le trafic est perturb en direction de Saint-Rmy-l [1/2]
RER B En rpercussion d'un colis suspect  Saint Michel, le trafic est perturb sur l'ensemble de la ligne. Trafic normal sur [1/2]
RER B En rpercussion d'une panne de matriel entre Antony et Fontaine Michalon, le trafic est perturb sur l'ensemble de la l [1/2]
RT @AL_CaponE39: Entre les grves de bus, les accidents de trams et les retards de trains j'en ai trop marre
RT @AbderrahmaneY: #RT @Conducteur_SNCF @Conducteur_RER @ConducteurTrain #Enqute sur la #crise des #trains trop larges de la #SNCF
RT @AlyssiaNwk: mme ma mre elle est au courant de l'histoire de Nabilla svp
RT @AnaelleBelieber: une fois j'ai couru vers un chat en pensant qu'il allait courir  son tour msk c moi qui suis partit en courant #EMABiggestFansJustinBieber
RT @BR_iZi9: Donc je prend le RerB pour aller sur panam jusqu ici tout va bien ... arriver a chatlet ils disent "Ce train a pour destination mitry claye"
RT @Barrier_Lisa: "Suite  un accident nous vous informons qu'il n'y a pas de tram aprs 1er mai" Ta gueule
RT @Bass_specimen: Celui la mm a un rasoir "Bic" dans la main et se rase le crane dans le train tous a dans le plus grands calme #RerD
RT @BastienBrice: Merci pour la visite "street art" @RERA_RATP le ralenti aprs Nogent permet de bien analyser les fresques #voleurs
RT @BocoS23: La vie en France "progressiste". #Laxisme #Tiermondisation,Bus : le droit de retrait d  un tir deprojectiles
RT @CGuyonnet: Ma mre qui me dit 'clara j'ai un scoop sur nabila ' non mais c'est bon maman tout le monde est au courant ...
RT @CIaudeFrancois: RE JE SUIS LA, DSOL DU RETARD J'AVAIS UNE PETITE COUPURE DE COURANT
RT @CamilleVssr: mon frre et le frre d'Ines ils sfont des plans ensemble on tait mm pas au courant
RT @CeciliaxxN4: Ma grand mre elle dbarque elle me sort "t'es au courant Nabilla elle a poignard son mec ? " oh j'en peux plus la
RT @CesCitations: "A 15ans elle est tomb enceinte par accident" C'est vrai que c'est trs courant de trbucher et de tomber les jambes cartes sur un pnis.
RT @ChWilmart: Attention sur #rerc, vnements imprvus en automne et un trafic ralenti : les coupables sont 3 gouttes de pluie et 1 feuille morte #qml
RT @ChloGehan: Mdrrr a me choque ,tt le monde est au courant des motos qu'elle a sortie l'anne dernire
RT @Christinamignea: @JeanNasse le sujet quelle sont les mere qui etais au courant des agression mais quelle non rien faite pour proteger leur enfant
RT @ClemGwen: 33 mn de retard  Denfert, mais le trafic est rtabli tout va bien #RERB
RT @ClemGwen: @RER_B la gestion, ou plutt la non gestion, Massy est une honte! Un train qui change 3 fois de nom, bravo! #BidonnageDeStatistiques @RERB
RT @Cliffxrd_Hxran: ma mre a trop pas compris quand je suis sortis de table en courant pour aller couter l'album mdrr,#EMABiggestFans1D
RT @Conducteur_RER: L'accident de personne : un traumatisme pour les conducteurs de train. #SNCF,
RT @Diallo_Ibaa: @_Nellyaa vous tes des vampires je te jure mdrrr  wa tiens moi au courant rek
RT @DianeBrb: @SimonRsch j'espre aussi mais j'en suis sur je te tiendrais au courant via snapchat
RT @DisneyChannelFR: Tu es sur Snapchat ? Ajoute "disneychannelfr" pour rester au courant de nos dernires actualits !
RT @Duval_David1: @filsdebourges @Duval_David1 si y'a une soire je veux tre au courant a me manque de plus courir a oilp devant ta mere
RT @Ebelle_Bosso: Grandir sans pre c'est courant mais grandir sans mre c'est traumatisant. J'remercie le seigneur d'avoir protg la mienne  l'accouchement
RT @EladRatson: Premire transmission du courant par des molcules d #ADN   @NatureBlogs #NanoTech
RT @EvaMln: Ma mre qui m'envoie des message pour me mettre au courant que Nabilla a poignard son mec
RT @FBOcom: #RerE retards  cause de la mto. Car nos trains n'aiment ni la pluie, ni le froid, ni le chaud. Bref, on les fait rouler qd ? #qml
RT @Fabiolineh: J'y crois pas, mtn faut courir pr avoir une place dans le Y exp, moi ya 3 ans on tait 5  tout pter dans le bus
RT @FaizaZ: Donc BFM interroge le frre de Nabilla, qui n'est au courant de rien, qui a juste lu les articles sur le coup de sang de sa sur.
RT @Fedlate: Trafic fortement perturb sur la ligne de #rerc  09:40 le 07/11 #fedlate en savoir plus sur
RT @Fic_1D_rep: Aujourd'hui je tweete partout dans le bus entre les cours ! #EMABiggestFans1D
RT @GaroSteph: Il y a un monsieur qui courait derrire le bus et son pantalon s'est dchir,du coup il s'arrte et dit  voix basse "FDP ce chauffeur" MDRR
RT @Genopole: Premire transmission du courant par des molcules dADN
RT @Idealites: @cosmikapes C'est tout le courant PUA, qui pue au nez !! Ces mles qui croient devoir re-rtablir l'ordre naturel, male domine la femme
RT @Imagine4Guys: -le petit tre en mouvement.. Toi: Ash vient vite il bouge !!!*il arrive en courant et pose sa main sur ton ventre en souriant, tout fire*.
RT @In_the_Flow8: C'est un peu l'horreur les bus le matin en proche banlieue. Vivement que je rcupre mon vlo!
RT @Infos_RATP: Relement on fait pas grve ya juste une Grosse partouze de prvu avec les collgues mardi du coup pour les RER vous allez vous faire encul
RT @Ionion93: Il ne pourrait pas y avoir un systme dans lequel les gens qui crachent dans le train se reprennent leurs crachats dans la gueule ? #rerB
RT @IsraelenFrance: Premire transmission du courant par des molcules d #ADN   @NatureBlogs #NanoTech
RT @J_Fnr: Mme mre elle aime trop me demander si ma copine elle va bien.. Bah coute je lui demande ds que je la rencontre et je te tiens au courant
RT @Kennny68: Moundir a fait un gros doigt  la production en courant vers sa femme ! Mdrrr #KohLanta
RT @LIGNEL_sncf: #LigneL/#RERA: Trafic ralenti sur le #RERA axes #NanterreU/#Cergy/#Poissy avec des retards de 5/15mins et qqs suppressions jusqu' 09h00
RT @LPAGEARD: Ma mre me fait :"LEAAAAA TU SAIS PAS ? Nabilla elle a poignard Thomas!",Mdrrrr elle est plus au courant que moi
RT @LaPtiteElice: @RER_B @RERB Apparemment, il y a un train qui a un prob technique  Antony... on patiente 5 min dans IDIL63
RT @LaulaureD: jrentre trql oklm tavu et l ma mre me dit: "EH T'ES AU COURANT!??nabilla elle a poignard son mec" j'tais choque
RT @LeMondeHistoire: 7 novembre 1801 : Le physicien italien Alessandro Volta prsente le 1er appareil produisant un courant lectrique continu: la pile volta.
RT @LeaReiffers: "les gens parlent" "on m'a dis" "jsuis au courant" A quel moment ils niquent leur mres??
RT @Linda_anges6off: J'espre que l'info sur Nabilla est fausse! Peut tre intox? Je ne pense pas qu'elle ait pu faire a? On se tient au courant@LeonabooNabilla
RT @Lulisoap: Ha non c est 15 min.... De retard sur un elba .... Pb de trafic ? De feuilles ? lectriques ? #RERC #sncf #qml
RT @MP_Celiaa: Est ce que t'es au courant qu'on te soutiendra jusqu'au bout de ta carrire ? Tu es tellement important pour nous  #Pokofamily @MPOFFICIAL
RT @MangeurDeSalade: -Laurent de Koh-Lanta "j'ai reu un coup de couteau en plein poumon!",Bon il est au courant pour Nabilla
RT @MappyCity: Des travaux modifient la circulation des trains du #RERC l'axe Pontoise / Pont de Rungis #BOF
RT @MappyCity: Des travaux modifient la circulation des trains sur la ligne #RERC l'axe Pontoise / Pont de Rungis #BOF
RT @MappyCity: Retour  un trafic normal sur l'ensemble de la ligne #RERA #OK
RT @MappyCity: Retour  un trafic normal sur la ligne #RERA #OK
RT @MappyCity: Trafic ralenti sur la ligne #RERA axes NanterreU/Cergy/Poissy, avec des retards de 5/15mins et quelques suppressions jusqu' 09h00 #BOF
RT @MappyCity: Trafic ralenti sur les axes NanterreU/Cergy/Poissy, avec des retards de 5/15mins et quelques suppressions jusqu' 09h00 #RERA #BOF
RT @MappyCity: Trafic rgulier sur l'ensemble de la ligne #RERC #OK
RT @MarcelleRouste: Sinon on est d'accord que Moundir a trich en courant vers sa femme ? #KohLanta
RT @MarieBaillybl: Je crois l'histoire de nabilla elle a fait le tour de la plante entire, tes parents et mme t'es grands parents sont au courant mtn mdrr
RT @MarieLeterrier: Genre avec Mathi et Camille on veut monter dans le tram je passe en 1re et la les portes elles se ferment, du coup j suis partie-
RT @MarieRchl: Les couples de segpa dans le bus, faut vraiment arrter
RT @MathildeBdrlt: J'ai cru que j'allais pter un cble avec la coupure de courant hier soir
RT @Mehdi955: " Le courant passe plus avec ma femme de quoi pter un fusible " #Fababy #punchline
RT @MissLolo__: Ce qui me fais rire c'est que tout le monde est au courant pendant nos disputes, mais vraiment tout le monde
RT @MorganeHue: J'espre il vont pas oublier de le tenir au courant
RT @Mouetterieuse3: Le RER devant assurer le 9h35 au dpart de Robinson est  BLR (vers Robinson)  9h36... Le site RATP indique "trafic normal"! #RERB
RT @MrQuaRate: RerC perturb pour cause de #jetdepierre srement un coup de racaillou ! lol
RT @MyJBieberLouis: @sibelakinkurban ah bon pk ?moi normal .. Omg la France entire est au courant pour nabilla je crois ^^
RT @NizouTuReconnai: Se lever  6h  se prparer  courir derrire le bus  subir les odeurs dans le bus  courir pour arriver au lyce  ne pas tre accepter
RT @Nostrg187: @YanisSelmane @AceBouky @Ayy_Lady madame sera mis au courant sur le champs
RT @NotreHoroscope: RT Si oKFC derrire la queue ta cri"YA LES POULETS! YA LES POULETS!"et ta montr1aile d'poulet,Zoumana, sans papier, est parti en courant
RT @Oceane_Cambel: Ce matin j'tais dans un sommeil agrable et tout  coup ma mre dit "Louis rveille toi t as ton bus" et il rep oce me dpose. C'est un fou
RT @OliviaFruh: jrentre chez moi ma mre elle fait "t'es au courant pr nabilla???" Et ma soeur elle vient chez moi et elle fait "mais la pauvre nabilla" mdr
RT @OnMaApplaudit: Le chauffeur du bus a ralenti par ce qu'une beurette traversait, je lui ai dis "azi passe c'est orange" on m'a applaudit, j'ai roul l'bus
RT @ParcsCanada: #FF Si vous ntes pas encore au courant, abonnez-vous @PCarchologie pour les dernires nouvelles de l #ExpditionDV de #Franklin
RT @Paris_Depeches: #ratp #sncf #stif Ile-de-France, transport : les RER accusent le coup
RT @PassaBb14: Ya de l'eau courant Rep de Laurent ohlalalalala
RT @PaulPianetti: Taper un sprint de la Paule jusqu'au theatre pour ne pas louper son bus et arriver theatre, on est le 1er novembre.. #lendemaindifficile
RT @Pauline_Fnz: Je croise les doigts pour rcuprer ma voiture ce soiiir. Pcq demain matin c'est mort je prend pas le bus
RT @Phrases_vie: Le pauvre fils d'Usain Bolt Il ne pourra mme pas essayer de s'enfuir en courant quand son pre verra qu'il a fait une btise.
RT @PlaylistSession: Le pre de @davidcarreira chanteur, vous tiez au courant ? #DavidCarreiraDansPlaylistSession
RT @PointRedstone: POINT REDSTONE - pisode 2 : la propagation du courant
RT @PolicedeLiege: Suite  un accident impliquant 1 bus et 1 voiture, la route du Condroz est ferme  la circulation dans les 2 sens.
RT @Portubien_: #ChezLesLatinos t'as beau dire  ta mre de pas rpter un truc , au bout d'un jour toute ta famille du bled sera au courant .
RT @PostBadNabilla: Super demain matin je serais mme pas chez moi vous pourrez me tenir au courant?
RT @RERA_RATP: Bonjour, Pascal de la #RATP est avec vous pour vous renseigner de l'volution du trafic sur le #RERA.
RT @RERB: 07:10, le trafic est perturb entre Antony et Saint-Remy-les-Chevreuse (panne de matriel) #RERB
RT @RERB: 07:29, le trafic est perturb sur la ligne (panne de matriel) #RERB
RT @RERB: 12:18, le trafic est interrompu entre Chatelet-Les Halles et Port Royal (colis suspect) #RERB
RT @RERB: 12:20, le trafic est interrompu entre Chatelet-Les Halles et Luxembourg. Retour  la normale  12:45. (colis suspect) #RERB
RT @RERB: 12:39, le trafic est interrompu entre Chatelet-Les Halles et Luxembourg. Retour  la normale  13:00. (colis suspect) #RERB
RT @RERB: 12:49, le trafic reprend progressivement (colis suspect) #RERB
RT @RERB: 12:57, le trafic est perturb sur la ligne (colis suspect) #RERB
RT @RERB: Fin des travaux en cours prvue demain sur la ligne #RERB. Pour plus dinformations, .
RT @RERB: Le programme de rnovation des trains se poursuit sur le #RERB. Pour en savoir + :
RT @RERB: Nettoyage extrieur des #RERB, comment a marche ? Dcouvrez la machine  laver les trains :
RT @RERB: Retour  un trafic rgulier sur l'ensemble de la ligne #RERB. Incident termin.
RT @RERBoulet: @RERB idol11 au ralenti en direction du sud vers Paris. C'est ce qui s'appelle un trafic rgulier selon la,DLU !
RT @RERC_SNCF: @StephaneLagarde @jpboris @TUForg Bjr, il faisait quelle heure  Champ de M svp? (afin que je trouve le bon train pour demander intervent)
RT @RER_B: 7h33. Nous sommes quittons Massy. Notre train s'appelle dsormais EBON77. Nous avons 24 minutes de retard. #RERB #FoutageDeGueule
RT @RER_B: Train en panne entre Antony et Fontaine-Michalon en direction de Saint-Rmy. Trafic fortement perturb dans les 2 sens. #RERB
RT @RaphaellaCookie: Mdrr on parle du plan vigipirate en cours de strats et l il bloque le RER pour le mettre en place mdr
RT @RomainRigolet: Je regarde le replay d hier et mais je suis choqu de la manire dont ils font croire qu'ils sont pas au courant #IDV4 @TatianaLaurens
RT @SNCF_infopresse: Dans les coulisses du nettoyage et de la maintenance au quotidien des #Transilien #RER #OnAgit
RT @STEFIHILTON: A part a ma mre est au courant, mais en a compltement rien  foutre.
RT @ShigoumPeleche: La go te dit ya plus courant chez el toi le 1er truc ki te viens en tte c aller faire chat noir sur elle..Mdrr,Vraiment hein
RT @TAG_Grenoble: #Trafic Ligne 12. Accident place des Gants - La ligne est dvie, dans les deux sens, entre les arrts...
RT @Team_Plastique: Tentative de rparation en cours, on vous tiendra au courant au fur et  mesure  #RDR2014
RT @The_BatmanRises: Jaime pas les go qui font genre "moi je cours pas, c un vieux dlire de courir derire le bus" j'esperes de tout <3 qu'un pit te cour aprs
RT @Timekeeper: #ff @CaptainMarv pour le cin, #ff @SmileyTrains pour pas que du train, #ff @RERC_SNCF qui rpond, #ffback @LebonPlanTV qu'il faut regarder.
RT @VriiiineSe: "notre TGV circule actuellement avec 22 minutes de retard dues  un trafic dense" vous essayez de tirer la bourre au #RERA hein? #SNCF #qml
RT @WinsonParker: "@LauWayne_972: Vous tes tous chaud sur moi ? Demain je saute devant le RER C voil " bien choisis tu perdurera pas le trafic mdr
RT @Wissal_chb: Je rentre chez moi ma mre me fait "t'es au courant pour Nabilla?" Euh ouais
RT @YannElies: Y.Elies "En voile, il peut se passer pleins de choses. Tant que la ligne d'arrive n'est pas coupe, rien n'est fini" #RDR2014
RT @__Zoubida: Je cour pas derire un Bus , c'est pas maintenan que je vais courire deriere un Mec
RT @_minjoe: @MissZbu si j'avais le choix je me serait barre en courant
RT @adrientcho: Oups erreur du mcano qui nous dit "travaux de dsamiantages  #CergyPref sur #RERA,Mais chut a faut pas le dire ! #qml @TUForg
RT @anabel_lgd: @camus_charlotte Tiens moi au courant je le ferais avec toi!
RT @anthony0774: #RERB Bagage abandonn  St Michel. Trafic interrompu entre Chtelet et Luxembourg. Reprise du trafic vers 13h.
RT @ashbvnzo: mme mon pre il est au courant de l'histoire de nabilla et thomas ptdr
RT @aurel_p: Oui il mrite l'limination RT @MarcelleRouste: Sinon on est d'accord que Moundir a trich en courant vers sa femme ? #KohLanta
RT @aymrcb: le chauffeur a ralentit parce qu'une beurette travers,j'lui ai dit c'est orange tu peut passer. tt l'monde m'a applaudi j'ai conduis le bus
RT @baptistepowell: En gros si Aurlie et Capucine avaient du shampoing personne serait au courant de ce qu'il s'est pass c'est a ?
RT @bdnblandine: mme ma mre est au courant de l'histoire de nabilla
RT @cacawouette: je re partage faut qu'un max de gens soient au courant !!!,#ZAD #Sivens #Testet #RmiFraisse #Rmi #meurtre...
RT @cbrissieux: @SmetJean je te tiens au courant. Tu sais J ai compos des chansons pour Johnny. J espre qu un jour il les chantera.
RT @cl_margot: tu m'as pas redis t'avais dit que tu me tenais au courant
RT @coolisrael_fr: Premire transmission du courant par des molcules d #ADN   @NatureBlogs #NanoTech
RT @ecohum: Avez-vous vu le TEASER des 1res Assises du Courant ? La Rvolution de la Bienveillance est en marche ! #RevEH,
RT @elodixe: ATTENDEZ PAUSE ARRTER TOUT, ma mre est au courant pour ltruc de nabilla alors que jsuis au courant de rien, jvous jure jsuis choque
RT @eva__rss: Y'avait la copie de Sadie Saxton de Awkward dans mon bus limite jcroyais la meuf elle allait me balancer un "Youuuu're welcoomee"
RT @faguagliata: @RERB @TUForg @jphuchon @SNCF_QR @GroupeRATP PS : trains supprim pour l'aroport alors que le trafic normal. Il y a un pb ds cette phrase ?
RT @faguagliata: @RERB trafic perturb ! Ben oui, il pleut. @TUForg @jphuchon @SNCF_QR @GroupeRATP
RT @faizaDrew: @GuizLaBanquise tema gros tu nous sort un son comme a alors que j'suis pas au courant,c'est srx a ? Jsuis sre c'est du lourd en plus!
RT @fratwoman: Impression d'aller me jeter dans la gueule du loup "@RERB: Retour  un trafic rgulier sur l'ensemble de la ligne #RERB. Incident termin."
RT @g_conchon: @Herve_Morin "ns sommes ici rassembls pour crer un grand courant politique comme l'tait l'UDF" #UDI #MORINUDI2014
RT @kjbgi52: Heloise qui m'appl pour m'dire de demander au chauffeur d'arrter le bus,j'ai dis nonBrf,elle ns a vu partir et du coup Elle a loup le bus
RT @laprovence: Bus de l'Etang : le droit de retrait d " un tir deprojectiles"  #bus #Etang
RT @laprovence: Bus de l'Etang : perturbations dues  uneagression  #bus #Etang
RT @laughxfash: presque toute la semaine y'avait aymeric dans mon bus du coup nassou et caro etaient trop deg ctai a mourir de rire
RT @laurentgallois: @RERB bonjour, de mentionner trafic rgulier sur l'ensemble de la ligne est un tantinet dplac. Pourquoi cette com ?
RT @laurentgallois: Grand jeu concours organis par la DLU RER B.Donnez votre dfinition de trafic :,- rgulier, normal, quasi....,  cadencement....
RT @lea_rft: Genre mtnt c'est ma mre qui me tient au courant des News people?
RT @lecho_fr: #faitdivers Collision mortelle entre une voiture et un bus scolaire  #Abondant #accident
RT @leyonstone: un jour faudrait que je fasse genre je loupe le bus mais mon pre serait capable de m'emmener en allant bosser mdr #vote5sos
RT @littlethom23: @RERD_SNCF je tenais  remercier les agents sncf pour la rapidit du traitement du dpart de feu dans wagon  grigny malgr les mcontents
RT @louisakarton: J'en tais sre que Mme obe et tout ils allaient tre au courant
RT @lucasparax: Ras le cul des trains supprims @RERE_SNCF #qml
RT @m__mzr: Ma mre elle a lav la cuisine je suis venue en courant j'tais pas prvenue que c'tait tremp j'ai gliss mais comme une meeeeeerde
RT @mariusfgt: MDDDDDDDDR MA MRE ELLE EST CHOQUER POUR NABILA ELLE A T AU COURANT AVANT MOI ET ELLE EN PEUX PLUS
RT @mojo_le_faux: @RERC_SNCF #rerC proverbe transi lien : Si ton train est annonc en retard prends le suivant... C est le mme.
RT @moun_i: Yeah ! @RER_B: Train en panne entre Antony et Fontaine-Michalon en direction de Saint-Rmy. Trafic fortement perturb dans les 2 sens. #RERB
RT @mrsmerfi: Les autoroutes franaises sans lumire l , mm si on a dit on economise le courant
RT @nams198: continuez  tchoukouter dans les lyces j'espre que vos parents seront au courant par " pur " hasard..
RT @nerraw92: Des difficults de circulation du #RERA a #Houilles dues a une forte densit de trains rebelotte aujourd'hui - merci #SNCF pour ces retards
RT @nowhereaurel: "@RERB: 12:57, le trafic est perturb sur la ligne (colis suspect) #RERB",Comme dab
RT @ohsayhanne: Mme ma mre est au courant de l'histoire de Nabila, c'est passez sur BFM attention.
RT @onedire97060502: #Imagine,Niall lorsqu'il te voit arriver en courant pour le voir, tu lui avais promis que tu serais l  temps.
RT @sailingdamien: Erdf - Des pieds et Des mains, enfin sortit d'une zone sans vent, rcupre sa 5me place. ERDF
RT @sgnileefkcuf: ma mre elle veut appeler la maman de Pauline qd c possible donc faudra que paw me tienne au courant
RT @siliconwadi_fr: Premire transmission du courant par des molcules d #ADN   @NatureBlogs #NanoTech
RT @svaxelaire: Quand y'a pas de suppressions, y'a + 10 minutes sur temps de parcours avec @RERD_SNCF au ralenti: tarif de 10 ans d'errances du #stif #qml
RT @tandriamirado: De plus en plus fort, #JIRAMA ! En fait j'avais droit  30mn de courant, aprs quoi ils m'ont re-coup! J'attends, h, dieux de #Madagascar!
RT @tikaudjudith: @jeremstar Il n'est au courant de rien et fais comme si il a les news de premire heure.
RT @tof2tof91: " 12:36, le trafic reprend progressivement #RERB " Un petit peu tous les jours... mais demain a ira mieux.
RT @urbangoxt: @BarbaraMrs14 mdrrr la merde mais ta mre elle est au courant?
RT @vigny6: Centrale hydrolectrique  #Echirolles. Dernire turbine en cours d' installation. @edf @LeDL_Grenoble
RT @vincentcraftv: En cours de tournage de la prochaine vido qui sera en ligne d'ici quelques jours ( je le dirai quand ) #minecraft
RT @vvtrafic: La restructuration de mi-dc. se prpare: voil ce qui restera en lignes bus RATP  Latcore (Vlizy),#vvtrafic
RT @yoannsculo: Youpi incoming hell  Laplace o on va tre tous dchargs comme des vaches #RERB #qml
RT: #FF Si vous ntes pas encore au courant, abonnez-vous @PCarchologie pour les dernires nouvelles de l #ExpditionDV de #Franklin
Rappel : rien ni personne ne perturbe le trafic du #RERE #OK
Ras le cul des trains supprims @RERE_SNCF #qml
Rayahhh ya mme dj les chinois au RDPC c'est grave. Mon pre ci tu tait au courant ?? @biya_paul
Retour  un trafic normal et rgulier sur toute la ligne #RERD #OK
Retour  un trafic normal sur l'ensemble de la ligne #RERA #OK
Retour  un trafic normal sur la ligne #RERA #OK
Retour  un trafic rgulier sur l'ensemble de la ligne #RERB Incident termin #OK
Retour  un trafic rgulier sur l'ensemble de la ligne #RERB. Incident termin.
Rhaa ouais je viens de finir, maintenant je dois faire 2 TD c'est un coup je m'installe dans le RER
Rves arrondis - Que de fatigue accumule cette semaine, en courant aprs des envies, des possibilits
Sacha il s'est endormi dans le rer du coup je lui ai dessiner sur la tte mdddr il avait le seum
Sarah sera au courant, ma boug sur izer
Savoir que des personnes sont nerves contre toi et tre la dernire au courant en lapprenant par le biais de quelqu'un d'autre : Gnial !
Serais tu au courant de la programmation du 12 novembre @Arthur_Officiel ?  #VTEP
Si j'avais rien demand jsuis sre j'serais toujours pas au courant
Si j'suis  l'heure en cours j'm'auto proclame padre du rer A
Si la machine a voyager dans la temps a t invente un jour on serais deja au courant vu que les gens arriveraient du futur
Sinon ce matin  Bourg la Reine, dans le RER B, je vois que le train redmarre pas. Colis suspect  St Michel. Ahhh joie des transports.
Sinon on est d'accord que Moundir a trich en courant vers sa femme ? #KohLanta
Smatin yavai un ptn d'accident les voiture i etais niquer a cause de sa le bus ma fait arriver en retard
Sprint jusqu' l'arrt de bus , sprint de 2km pour rentrer avant la nuit et rcuprer les ptits Jsui k.o tout a pour qu'elle sool
Suite  un accident impliquant 1 bus et 1 voiture, la route du Condroz est ferme  la circulation dans les 2 sens.
Super demain matin je serais mme pas chez moi vous pourrez me tenir au courant?
Sur le coran de la Mecque jv tniker ta mere, sur le courant d'EDF jv telectrocutet
TRACE-TM Microsoft veut acc&#xe9;l&#xe8;rer dans le domaine du mobile en proposant Office
Tel un arbre plant prs des eaux, il tendra ses racines vers le courant ; et il ne cessera pas de porter du fruit
Tenir tout le monde au courant, raconter comment ca va se passer, rpter toujours la mme chanson ... C'est dur. Je vais pas tenir lgt
Tentative de rparation en cours, on vous tiendra au courant au fur et  mesure  #RDR2014
Toujours la dernire au courant sur ces sujets l
Tout ce que tu peux dire je serais au courant.
Trafic fortement perturb sur la ligne de #rera  08:20 le 07/11 #fedlate en savoir plus sur
Trafic fortement perturb sur la ligne de #rerb  07:40 le 07/11 #fedlate en savoir plus sur
Trafic fortement perturb sur la ligne de #rerb  08:20 le 07/11 #fedlate en savoir plus sur
Trafic fortement perturb sur la ligne de #rerb  09:00 le 07/11 #fedlate en savoir plus sur
Trafic fortement perturb sur la ligne de #rerb  09:40 le 07/11 #fedlate en savoir plus sur
Trafic fortement perturb sur la ligne de #rerb  12:40 le 07/11 #fedlate en savoir plus sur
Trafic fortement perturb sur la ligne de #rerb  13:20 le 07/11 #fedlate en savoir plus sur
Trafic fortement perturb sur la ligne de #rerb  14:00 le 07/11 #fedlate en savoir plus sur
Trafic fortement perturb sur la ligne de #rerc  09:00 le 07/11 #fedlate en savoir plus sur
Trafic fortement perturb sur la ligne de #rerc  09:40 le 07/11 #fedlate en savoir plus sur
Trafic lgrement perturb jusqu' 9h00 sur la ligne #RERC #BOF
Trafic lgrement perturb jusqu' 9h30 sur la ligne #RERC #BOF
Trafic perturb jusqu' 10h00 sur la ligne #RERD #BOF
Trafic ralenti sur la ligne #RERA axes NanterreU/Cergy/Poissy, avec des retards de 5/15mins et quelques suppressions jusqu' 09h00 #BOF
Trafic ralenti sur les axes NanterreU/Cergy/Poissy, avec des retards de 5/15mins et quelques suppressions jusqu' 09h00 #RERA #BOF
Trafic rgulier sur l'ensemble de la ligne #RERC #OK
Train annul, terminus  Massy et non  l'aroport, mais pourtant selon @RERB le traffic est normal... #JePrefereEnRire
Train en panne entre Antony et Fontaine-Michalon en direction de Saint-Rmy. Trafic fortement perturb dans les 2 sens. #RERB
Tram bloquer  cause d'un accident putain
Tu dis de la merde. J'espre que t'es au courant. J'me rend compte que tu me connais mme pas enfaite.
Tu es sur Snapchat ? Ajoute "disneychannelfr" pour rester au courant de nos dernires actualits !
Un accident vit de peu entre un autobus et un train  Ottawa: Lincident a t signal jeudi matin au passag...
Un bless lger dans un accident de la route impliquant un bus  Lige
Un bless lger dans un accident de la route impliquant un bus  Lige: Deux vhicules et un bus ont t impli...
Un des grands mystres de la RATP, comprendre le trac de la ligne 7.
Une mre et sa fille dans le bus sa mre geuler et toi sa fille avais un cocar des marque de coups..
Une mre s'est cens couter tes souci et t'aider? Moi la mienne elle ne m'aide pas mais par contre tout le quartier est au courant de tout.
Vous savez quoi c'est seulement dans une semaine que FCBK sera au courant de l'histoire Nabilla VS Thomas
Vous vous plaignez de vos pb de trafic sur vos trajets sur vos #RER et #mtros ?!? 40 minutes de bourre pour un #TGV . AMATEURS.
Wah mon RER a du retard si je loupe mon train je suis dans une de ses merde
Y a des gens qui rigoles dans le bus c'est quoi qui vous fais rire mme ? De louper le train ?!
Y a la plante entire au courant de l'histoire de Nabilla et Thomas haha
Y'a des clairs j'espre y'aura pas de coupure de courant
Y'avait la copie de Sadie Saxton de Awkward dans mon bus limite jcroyais la meuf elle allait me balancer un "Youuuu're welcoomee"
Y.Elies "En voile, il peut se passer pleins de choses. Tant que la ligne d'arrive n'est pas coupe, rien n'est fini" #RDR2014
Ya de l'eau courant Rep de Laurent ohlalalalala
Yeah ! @RER_B: Train en panne entre Antony et Fontaine-Michalon en direction de Saint-Rmy. Trafic fortement perturb dans les 2 sens. #RERB
Youpi incoming hell  Laplace o on va tre tous dchargs comme des vaches #RERB #qml
_premire en courant, puis elles m'ont toute suivies mdr on s'est retrouves tout devant c'tait trop bien omg
a craint srieusement d'avoir cours le samedi, perso jme serais tue ew, prendre le bus 6/7 omd c'est horrible
a mre j'tait mme pas au courant pour Four les meufs fallait me prvenir!!!!!!! @anirishcurly @Un_bonbon_bleu_
a serait bien que le bus ne puisse pas repartir, comme a j'irais pas en cours, mais il y aura toujours qqln pour m'emmener
a va faut arrter 5minutes avec Nabilla, mme ma mre elle est au courant
alors le cp qu'est derrire moi dans lbus si t'arrtes pas de suite dmettre des coups dans mon fauteuil jte prends jte jette du bus batar
aprs 1 bus, 2 mtros, 3 RER et 2 trains, (sans me perdre) je suis arrive : Center Parc
aprs jsuis parti du coup chez un pote; il tait pas l, aprs jdis vasi jv chez flo, il tait pas l, alors j'ai repris le bus
bon vu que jsuis jamais au courant de rien jvais couter rtr
bus accident
c'est ainsi que nous avanons. Barque a contre courant, sans cesse ramener vers le passer.
ce matin jetais seule dans ma cuisine er BAM coupure de courant le flip de ma vie jai du aller dans la cave DANS LE NOIR
ce serait vraiment jouissif si je recevais ma commande juste avant de partir en cours, comme a j'aurais de quoi m'occuper dans le bus
comptes de campagne Sarkozy tait au courant des dpassements et mis en garde 4 jours aprs le 1er tour!  via @Le_Scan
continuez  tchoukouter dans les lyces j'espre que vos parents seront au courant par " pur " hasard..
d'accord "@aurel_p: @MarcelleRouste: Sinon on est d'accord que Moundir a trich en courant vers sa femme ? #KohLanta"
d'ailleurs elle a a tatouage sa mre est pas au courant ni son piercing au nombril MDR et elle va se refaire un autre pour ses 18 ans
dans le TER j'dormais. dans le train j'dormais et dans le bus j'dormais aussi . fiouuu
dans le bus mon frre m'a fait cout "A Horse with No Name" j'ai fait le remake de Walter dans la voiture l mdrrrr
igne. Trafic normal sur les autres lignes de RER. [2/2]
imagine en vrai tu tombes sur une famille comme dans mon incroyable fianc! mort de rire je pars en courant sur la tte
ime vers 12h45. Trafic normal sur les autres lignes de RER [2/2]
ime vers 13h00. Trafic normal sur les autres lignes de RER [2/2]
j'ai loup le bus et ma mre veut pas m'emmener putain je vais la tuer
j'ai loup mon bus ptn1. j'ai l'seum,2. ma mre me fait la morale 3. j'en ai marre des cours
j'ai mon sac de sport et mon sac de cours avec moi dans le bus a coter et un fdp de daron viens s'assoir alors que y'a de la place derrire
j'vais couter RTR dans le bus
jcrois que ma mre elle est pas encore au courant qu'elle doit m'acheter l'album dans 10jours
je me fais trop remarquer en cours c'est horrible ma mere sera vite fait au courant
je re partage faut qu'un max de gens soient au courant !!!,#ZAD #Sivens #Testet #RmiFraisse #Rmi #meurtre...
je reois des mails de gens qui posent des questions au prof de bio jsuis mme pas au courant qu'on avait eu des cours l dessus
je vais m'couter la nouvelle des boys + celle de selly dans le bus pcq j'ai pas encore couter rtr
je vais tuer ma banquire. J'ai 5 fois mon salaire sur mon compte courant et elle me casse les couilles .....
jrentre chez moi ma mre elle fait "t'es au courant pr nabilla???" Et ma soeur elle vient chez moi et elle fait "mais la pauvre nabilla" mdr
jrentre trql oklm tavu et l ma mre me dit: "EH T'ES AU COURANT!??nabilla elle a poignard son mec" j'tais choque
la gare routire Hugo il m'a saut dessus pour me faire un gros clin en courant et tout
le pre a valentine il me fait trop rire a chaque fois que je rentre dans le bus il me traite ptdr
ma mre a trop pas compris quand je suis sortis de table en courant pour aller couter l'album mdrr,#EMABiggestFans1D
ma mre aussi elle est au courant par nabilla chaud
ma mre elle veut appeler la maman de Pauline qd c possible donc faudra que paw me tienne au courant
ma mre n'est pas au courant de l'affaire "Nabilla", et elle est fonctionnaire hein
ma mre qui vient de me dire que toute ma famille vient demain soir pour mon anniv j'tais pas au courant mdrr
mais il voulais juste son feu,ducoup on c'est barrer en courant pour rien, au final on tais tous plier d'rire, les grosses daleuses ptn #lt
mdr meme ma mere elle est au courant pour le truc de nabilla mdr
mdr patrick dit que pour le courant passe bien avec sont pre elle doit le chauff . clara et forcement surprise #MIF
mdrr quel embrouille ? on vient mparler dsa sur ask chuis au courant de rr moi et jmen blc
mme ma mre elle est au courant de l'histoire de Nabilla svp
mme ma mre est au courant de l'histoire de nabilla
mme mon pre il est au courant de l'histoire de nabilla et thomas ptdr
moi quand ce sera mon anniv j'espre y'aura personne d'au courant et que mes potes vont faire zerma pas en criant
mon pere il m'a direct dit "t'es au courant pour nabilla??"
mon pere qui m'sort oklm "h t'as vu l'histoire de Nabilla" ptdrrrr il tait au courant avec moi
mon pre et mon frre ont t au courant avant moi que Nabilla tait en taule
mon pre il a appel le journal de Gien pour mon stage, j'suis mme pas au courant.
mon pre va venir devant le collge pour parler avec le mec qui me fait chier sauf que tout le monde a va tre au courant
pour les personnes qui ne serait pas au courant,voici ma vido passage a mon premier prestige :D [call of...
presque toute la semaine y'avait aymeric dans mon bus du coup nassou et caro etaient trop deg ctai a mourir de rire
puis mon pre savait pas quoi dire au tlphone l il m'a appel 50 fois comme si il tait pas au courant ridicule
quand je suis arrive il y avait le rer j'avais la flemme de courir si j'avais couru je l'aurais eu mais rien  foutre j'attend le prochain
s-Chevreuse. Trafic normal sur les autres lignes de RER. [2/2]
tape de la douche sans coupure de courant russis jsuis refait
tout le monde va mal en tunisie aprs l'accident trroriste sur le bus de militaire malheuresement.
tre la mer: - Nager  contre-courant est une lutte contre la vie. Pousser des deux pieds dans le sens du cour...
truc de ouf comme je suis toujours la dernire au courant.
tu m'as pas redis t'avais dit que tu me tenais au courant
une fois j'ai couru vers un chat en pensant qu'il allait courir  son tour msk c moi qui suis partit en courant #EMABiggestFansJustinBieber
ya une copine de mon grand-pre qui vient d'arriver chez moi en criant "alors t'as vu l'histoire de Nabilla?" tout le monde est au courant
