"@RERA_RATP: #RERA: tchat en direct avec les directeurs #RATP #SNCF ..s'il n'y a pas de retard de train..voire de grve surprise de la #Cgt
"@RERA_RATP: 19:11, le trafic est interrompu entre Cergy-Le-Haut et Maisons-Laffitte (incident d'exploitation) #RATP #RERA"finit le tchat?!?
"@RERA_RATP: 19:16, le trafic est interrompu entre Cergy-Le-Haut et Maisons-Laffitte.#RATP #RERA"....tout s'arrte avec la fin du tchat ...
"@RERA_RATP: Des animaux sont sur les voies et bloquent la circulation des trains #RERA #RATP" Vous devez tre plus prcis. *popcorn*
"@RERA_RATP: Des animaux sont sur les voies et bloquent la circulation des trains #RERA #RATP" Y a des lions ou quoi
"@RERA_RATP: Des animaux sont sur les voies et bloquent la circulation des trains #RERA #RATP"...drle de faon de parler des migrants
"C'est ainsi que nous nous dbattons, comme des barques  contre courant, sans cesse repousses vers le pass"
"Il y a la clim dans ce train ?" Me demande la personne a qui je demande la fermeture de la fentre de la z20900 du @RERC_SNCF #qml
"La premire au courant" plutt la dernire oui
"T'en a beaucoup de briquet pour un non fumeur, je sais tres bien mais ton pre est pas au courant" Mdrrr elle tue ma mre
#AKHT Bus accident  Middelkerke: les derniers enfants rapatris: Les deux derniers enfants im...  #7s7 #Belgique
#Isre - L'assassin avait voyag durant 6 mois en Syrie. Toute la communaut tait au courant., via @ParisMatch
#LT @RERC_SNCF suppression totale ou partielle  prvoir du train SARA au dpart de St Martin d'Etampes  16h56.
#Perturbation #RERB En raison de divers #Incidents dont la panne d'un train  panne dun train  Mitry-Claye, prvoir un allo [1/2]
#RERA : Fontenay/bois un Rer  18h25 le suivant  18H45. Un train  t supprim, le suivant retard. Aucune annonce. Mpris des usagers !
#RERA : trafic interrompu entre Cergy le haut et Maison Lafitte. Bon courage et bonne soiree a tous. Elodie
#RERA Trafic perturb : malaise voyageur  Vincennes en dir. de Cergy/ Poissy /St-Germain-en-L. Par Tek
#RERA Y a pas a dire, quand le conducteur nous explique pourquoi il roule au ralenti a passe tout de suite mieux. : ) #qml
#RERA le trafic interrompu entre Cergy-Le-Haut et Maisons-Laffitte : incident d'exploitation par Tek
#RERB "panne matriel en zone SNCF" : le traffic est perturb dans les 2 sens
#RERB panne de courant ca promet pour la semaine de grande chaleur... Et @RERB en panne aussi ?
#RT 19:32, le trafic est ralenti entre Cergy-Le-Haut et Maisons-Laffitte. Reprise estime  19:30. (incident d'exploitation) #RATP #RERA
#RT Infotrafic #RERD Reprise du trafic entre La Fert-Alais et Malesherbes (dysfonctionnement dun PN Boutigny : incident termin)
#RerE le 7:30  EME dir Paris est supprim... Et sinon l j'ai un train court... #qml
#SNCF_P Trafic ralenti et remplacement de certains trains par des bus axes: Paris Est/Provins/Meaux /La Fert Milon jusqu' 19h30 #BOF
#TRAM ligne B, suite  un lger accident secteur Rives de l'Aar, des retards sont  prvoir en direction de Lingolsheim
#Twitter237,J'espre AU MOINS que tu es au courant qu'une confrence #TedxBonanjo est en prparation? #Douala #Cameroun
#e1midi la Grce ne pait-elle pas au prix fort sa volont de changement politique vers un courant alternatif qui dplat  l'UE ?
#rerA QENO ce n'est plus un RER, c'est un train de snateur. #slooow #qml
#rere Ca veut dire + de gens qui vont monter dans le train... donc possible malaises #sauna #sardines #qml,Zero info en gare d'#hsl !
#rere des personnes sur les voies => Trains restent a quai a #hsl #qml
**** INFOS TRAFIC **** Fin de la dviation de la ligne 3, le dimanche  Aubire
...alors comment se fait-il qu'aprs la panne de courant, les jeep se retrouvent devant l'enclos du T-Rex o ils sont passs bien avant ?
..Sa y est j'ai sign j'ai les zro sur mon compte courant ..,Je compte mes zros ma mre va bien
09:19, le trafic est perturb sur la ligne (dclenchement d'un signal d'alarme) #RERB via @RERB
09:19, le trafic est perturb sur la ligne (train en panne  VILLEPARISIS) #RERB via @RERB
09:46, le trafic est perturb sur la ligne (divers incidents) #RERB
09:46, le trafic est perturb sur la ligne (divers incidents) #RERB via @RERB
14h38 - se fait piquer par une abeille 15h16 - avale son chewing-gum Pronostic : 15h45 - accident de bus (oui je prends le bus)
15:28, le trafic est ralenti de Boissy/ Marne-la-Vallee vers Cergy/ Poissy /St-Germain-en-L. (malaise voyageur) #RATP #RERA
19:11, le trafic est interrompu entre Cergy-Le-Haut et Maisons-Laffitte (incident d'exploitation) #RATP #RERA
19:11, le trafic est interrompu entre Cergy-Le-Haut et Maisons-Laffitte (incident d'exploitation) #RATP #RERA via @RERA_RATP
19:16, le trafic est interrompu entre Cergy-Le-Haut et Maisons-Laffitte. Reprise estime  19:30. (incident d'exploitation) #RATP #RERA
19:32, le trafic est ralenti entre Cergy-Le-Haut et Maisons-Laffitte. Reprise estime  19:30. (incident d'exploitation) #RATP #RERA
1er jour et dj train supprim Incident matriel aucune certitude sur le motif #RERE_SNCF Retard et Plus de monde ds le prochain #raslebol
30 minutes aprs avoir t coincs en gare de Sartrouville on nous dit que le traffic est interrompu... Ah bon ? #RerA
34 enfants taient  bord du bus: Un mort et trois blesss graves. Cest le bilan de laccident dun car scola...
3me ligne de #mtro ou 1re ligne de #tram-train  #Toulouse ? #Colomiers #Labge
40 deg + RER = mort des vieux d'une, malaise des moins vieux de deux, retards des trains, odeur de putrfaction
6h53. J'attends mon bus j'espre y aura pas trop de taff  coup sr c moi qui fais la game boy
@ Bot_en_train: Le RER ou le metro ?
@212_Imaane elle est PRISE c'est grave v la CHEBRAN son gars sera pas AU COURANT
@AliKharchafi En Italie, il parat que c'tait courant, mais viennent de l'arrter. Porto a 50% de Brahimi
@AllenLuciepanda @TransportsIDF @le_Parisien @RERC_SNCF nan mais je sais demain y'aura des ralentissements, eh dieu vous retiendrez Cyril
@Anais___anais je te tiens au courant frre !
@Anthony_PCH2 si j'ai le bac tu seras le dernier au courant tiens !
@Anti_RERB Ils auraient due en parler dans mon train de ce matin
@AwaSyOfficiel oh ouais, tu me redis, je veut tre une des premires au courant
@BDespre le test de Luc Lger va tre dur sous cette chaleur....bon courage alors, tu me retiens au courant :)
@Bananexou on se tiens au courant de toute manire
@BenAbdelazizC @Vanneur @presi_beur la France, pays des lumires. On lui a coup le courant faute d'impays ?
@BensettiMyriam T'inquite tu me tiendrais juste au courant pour l'heure, dans l'aprs-midi a serait mieux car je peux pas sur mon tel
@Bih_jak ptdrrrr de toute faon je tient au courant de mes dcisions  la dernire min.
@BinaryBrony Ouais, courant pas adapt, la carte mre a pas aim
@Bref_bonramadan C'est tellement courant faut mme pas y prter attention
@BriceFournier S'ils avaient un quelconque amour de l'Histoire de leur pays, on serait au courant ;)
@BuquetMehdi bravo la politesse monsieur buquet isabelle sera au courant de ce petit cart
@C_mrgux t'inquite pas tu vas tout grer ! tiens moi au courant hein
@CabotLorena tqt j'fais mes plans mais tu seras au courant
@Calysono4life ah bah tant mieux! Content que tu me tiennes au courant ;) refais lui encore des bisous  ton p'tit loup :)
@CameliaRadelet @laetitia017 @loladosanto a marche je te tiens au courant mais a sera vers 19h50 je pense...
@CassandreHuck mouais..j'ai fait 47  Nice l'anne dernire! Mais bon j'aurais fait un peu mieux en courant vraiment ..
@Chris_dejf Ah j'tais pas au courant frre
@ColinePissot @PissotOceane chuuuuut coco!fo pas que oc soit au courant psk elle est dans mon lyce est ca serais trs mauvais pour moi XD
@Conducteur_RER @SmoKe42 ya une semaine la ventil de mon train etait bloqu sur chaud...
@Conducteur_RER surtout au vu des conditions sur l'axe d'vry cour couronne ce matin le deuxime point est aussi imp. cette semaine
@DCouprie Sauf qu'aucune de nous deux tait videmment au courant... C'tait notre premire rencontre ;)
@DanetOrane @ibou_1414 @clemxgila en vrai on se serait cru dans un film tout le monde courant dans la fort avec des lampes torches mdr..
@DaniYsL ptdr c la mort dedans toi mm tu sais faon on se tient au courant,,, en tous cas j'espre on va dpenser comme des vacancier
@DarrenWillJG les enfants sortirent de leurs cachettes et dirent "bouh" en courant vers leur papa
@Doflamingo___ t au courant que avc l'edetition Doflamingo tu reois une figurine Dofla avc MDDDRRRRR VAZY J'SUIS DANS MA JACUZII
@Dr_Kawai On pouvait les fentres pour esprer un courant d'air. Mais a marche pas terrible en zone urbaine dense et dans les bouchons.
@EliseThoma_ ah bah j'tais mme pas au courant moi  on se redis a oui
@Emilie_Mottier @OTMfr au courant mais je suis sre qu'ils auraient adors :')
@FaatouTaBoss @_AishaSnk  y'a pas de fminin au mot courant imbcile va, on dit "tu m'tiens au courant, tu serais au courant"
@FenyciaR C'est rare qu'on sois au courant, et puis a s'efface trs vite.
@FinnHudsonJG "Maman y'a papa!!!" Cria Lea en courant vers lui, suivie de Barbra et Kyle. Rachel tourna sa tte vers lui et lui sourit.
@Gabygwada Quand on part dans un fou-rire en courant partout nous on se comprend mais pas les gens mdddddddddddr
@GayMeBoyParis @JBolat ta dpos un pied courant j'espre
@GbikpiRuth Voil qui fera plaisir (mais il est dj au courant) au roi @Pete_Nkurunziza : 99,99% assurs!!! Alleluia.
@GreenArmy040 ok et ce serait possible de me mettre au courant de l'issue de cette rclamation ?? S'il vous plait.
@Haimetlu hahaha. Je vais aller dormir enfin essayer avc cette chaleur ggrrr bon courage j'espre qu elle ira mieux tiens moi au courant
@Harmonieuse_ srieux? Pourquoi j'suis la dernire au courant, elle a t reporte pour quand?
@IlyesHazard11 frre je repasse te voire ou bientt inshallah et tient moi au courant pr l'opration..
@IrisBMdnn envoie moi un message quand tu seras au courant :p
@ItsRaion J'avais pens a Ser Thomas, mais...je ne sais pas si vous tes au courant de son sort
@JackiiieT23 @MonaMarcelle han d'accord, j'espre au moins qu'il est au courant @CedLeDouDou
@JallatLat je ne passe plus que rarement et uniquement lorsque mon compte n'est pas sur coute...mais j'arrive  me tenir au courant bisous
@JdeMontreal @MichelD1951 Oh mon Dieu, quel accident pouvantable! :((( Je n'tais pas au courant. #BonneChance @IsabelleRicher
@Jeanphi985 @BeatSupaHero Non, on n'est pas au courant Et l, on est dj  Paris pour Japan Expo. Ca va tre dur de grer
@JeremieMls jsais pas j'ai dis  Mayou a bb tqt vous serez les premiers hommes au courant la famille
@JoHag_ @PierreuhVanier j't'emmnerai dans mon sac  dos, et tu te cacheras dans les siges du train et du RER. (Ils n'y verront que du feu)
@JoJi_Kush haha elle est parti en courant fesse vers le sud
@JohannaBen_TW eu! *se releve d'un coup en courant vers la cuisine*
@JoshCarrowRPG *te balance de l'eau au visage, explose de rire puis sort du lac en courant*
@KarimaB_ @_Kate_________ Comment tes vous au courant (sources sres) ?
@LDujour tu metteras tes doigts dans la prise tu seras au courant m d r ( c la fatigue d s l )
@LOJCNJ Mais ces trains sont rares. Par contre, parfois, sur ma ligne (RER C), la clim de certains wagons ne marche pas.
@Laurapasdutout ptn je sens que je vais galrer, dit toi Laetitia tait pas au courant qu'on avait a a faire heureusement je lui ai dit mdr
@LeaMyot  partir de ce soir oui mdrr dommage sinon je serai venue en courant
@LilRen_69 @ollyonnaiiis ok moi je vois l'arrive d'un joueur exprimenter courant juillet mi juillet je sais pas.. J'espre moi en tous cas
@Linformatrice cbien sont au courant que son pre a touch un petit billet pour ne pas dvoiler les vidos de son fils ?
@Lorraineheriss1 T'es toujours l premire au courant de tout. Je serai toujours l jte promet. Oui on rigole tropp. Je t'aime
@Lysander_Scam Rose t'as vu sortir  moiti  poil des toilettes. Et ta mre est au courant..*rougit*
@MVRYNE comme a sa m'as fait rire j'tait meme pas au courant jcroyais tu t ma hlel de la semaine B
@Mahtthilde ah ah c'est le train qui part de St Quentin celui la  faut qu'on se voit dans la semaine j'ai un Canel pour toi @RERC_SNCF
@MandoSankara @JoshuaPM237 kan il vendent pas d sucrerie dans Metro et se font traner comme d clebard par c bon vieux COPS
@ManojlovicBreh pouaaah laisse mdr hvala Bogu moi jvai pas la bas eeeh, les serpents ils maurait regarder je serai parti en courant
@ManonHF dans le RER, elles changeront pas leur comportement du coup et c'est le plus chiant. Une de mes admin s'est faite bouscul et a
@ManonVasseur2 tu seras la premire au courant!
@Manon_Mickael vasy meuf tiens moi au courant par sms ca serait trop lourd
@Manou66666 ha minceee j'espre qu'il ira mieux tiens moii au courant et si ta besoin je suis la n'hsite pas
@Mariaghnmi j'pense que je serais dispo vers le milieu d'aprm, jte tiens au courant
@MarieLaGalina pas un vhicule lger. Donc le garage la rappelle demain et me tient au courant. Dois-je faire quelque chose pour ne pas
@MdKpoperSadic T'es au courant que le concours serait un fake? ? '-'
@MegC94 ds que j'ai la rponse :D tout le monde sera au courant :)
@Meitantei_Kid Askip j'ss en train d'touffer dans le rer moi, jregrette les jardins de Bondoufle mdr
@MelaineBcd Ah... Merde... Bon je vais voir ! Tiens moi au courant si t'es pas l quand mme a me ferait plaisir de pas te voir !
@Mellldu91 Ha a vaaaaaaa ! Tu seras au courant de presque tout alors !
@MendiOrFeed Dans le courant de la semaine pas mal de ref devraient rentrer normalement ^^
@Mii_Knowles Oui oui on vous tien au courant  j'espre qu'on pourra venir vraiment !!
@MissVal0ou @Neloche12 au faite vous tes au courant que l'uniforme y aura des brets et des tenus comme au U.S (apparition dorlisstique)
@Modibo4524 ton ct juif le mec part en vacances mais il ramne sa play mdr j'espre yaura du courant
@Mort_au_Eliot Quand tu dors profondment et que ta mre arrive en courant et te rveille sans t'expliquer ce qu'il se passe, tu flippes !!
@Nadiajournalist @RERA_RATP : J'en ai fait les frais aussi. D'un coup, les poneys c'est bcp moins mignon
@Nadiajournalist @RERA_RATP Aprs le coup de la panne .. Celui du Poney #LeTicketChic
@NoemiePenloup jsp si tu serais forcment au courant, mais si c'est vraiment grave oui aprs je vais pas le crier sur tout les toits..
@OIP_sectionfr J'espre courant juillet.
@OpheiliaCosplay je suis contente de pas y aller du coup. Le trajet en RER aurait t insoutenable
@Oums92Diaoune Azi faut tenir au courant des actualits, on vas venir voir la relve jouer au plus haut niveau !! FORCE  VOUS
@PetitClaire oui tiens moi au courant  tu vas grer !
@PoppylaRousse Et voil, je te tiens au courant ds que je l'ai reu !!
@Psychedelicisme tient moi au courant alors j'espre que a va bien de passer
@QGironde @dh_manon Ta mis au courant ta femme j'espre !?
@Quaduor Qui a dit qu'elle serait au courant ?
@R0weur jure sur le courant que ta mre sois morte l tout suite
@RERA_RATP #rera indiqus dans le dsordre sur les crans, trains retards de 15min qui  la dernire min. sont retards de 10 de plus, etc.
@RERA_RATP c'est quoi comme animaux? Si ce sont des rats ou des souris pas la peine de stopper le trafic #RERA
@RERA_RATP est ce que vous faites des concours pour passer une journer avec un conducteur de train
@RERA_RATP et sinon vs tes sre que le trafic reprend car je suis bloque ds @RERA_RATP avant chtelet
@RERA_RATP merci d'avoir l' obligeance de notifier l' erreur d'affichage horaire le train :22h20 en ralit 21h40.pour a
@RERB Est-ce normal que les trains / signalisations tombent en panne si souvent ?! Au vu de ma cotisation mensuelle Navigo !
@RERB Mdr et le train qui n'ouvrent pas ses portes on en parle?
@RERB Troisime ou deuxime voiture en partant de la queue de train (celle qui est en face de la sortie  Gif Sur Yvette), merci du retour !
@RERB bonjour pourquoi les trains sont au ralenti ? Il fait dj trs chaud et a favorise l encombrement
@RERB encore un trai chaudire comme chaque soir. @DelarueJC
@RERB euh les gars faudrait vous mettre d'accord sur les messages!! Un coup c'est un signal d'alarme (appli) un coup c'est une panne (audio)
@RERB tous les jours du retard, tous les jours des trains bonds surchauffs, tous les jours votre incomptence
@RERB train en direction nord de Paris: arrt anormalement long en gare de arcueil Cachan
@RERB trains non climatises+retzrd ralentissements quotidiens, comment osez vous croire que vous rendez un service publique ?
@RERB vous tes des incompetents incapables davoir un traffic normal pendant une semaine entire
@RERC_SNCF 1 des raisons des retards des trains:les conducteurs qui arrivent  la bourre ! Train de 8h36 de CV vers Biblio FM parti  40.1/2
@RERC_SNCF 4 mn de retard x par train : bordel, pb de distance de scurit, retards...et oui comme les pbs ne sont pas que techniques 2/2
@RERC_SNCF @SNCF Question idiote. Pourquoi il n'y a pas de poubelles  l'intrieur des trains ?
@RERC_SNCF @bgoss44 @ACircule @Asso_usagersidf Lors de l installation de nvx evrans un panneau papier INSTALLATION.EN.COURS serait bienvenu
@RERC_SNCF Contre le coin fumeurs/pisseurs en queue de quai B  St Michel, il y a des choses en cours ?
@RERC_SNCF Sur ermont train de 10h supprim. Le train suivant au ralenti. 0 info, 0 explication. On ne sait rien, on attend. Gnial
@RERC_SNCF aucune annonce en gare... Mais aucun train pendant plus de 25 minutes
@RERC_SNCF bonjour a quelle heure le prochain train a la gare avenue henry martin pour aller a epinay sur orge
@RERC_SNCF mettez nous des trains climatiss pour les grosses chaleurs
@RERC_SNCF ou est pass le train de 20h pour Epinay sur Orge ??
@RERD_SNCF @TUForg train supprim le matin en pointe? Bienvenue sur le RER D ! @jphuchon
@RERD_SNCF Bonjour, le train de 10h46  Montgeron pour Paris est-il  l'heure svp ? Merci
@RERD_SNCF est ce que vous faites des concours pour passer une journer avec un conducteur de train ?
@RERD_SNCF infogare mal rveill, les trains ne sont pas annoncs  l'approche. #RetourVersLeFutur
@RERD_SNCF pleins de trains supprims ou retards et trafic normal ??
@RERE_SNCF Merci d'assurer pr le reste de la semaine. Vs avez utilisez votre quota de retard, suppressions et trains courts #marre #rere :-(
@RERE_SNCF essayer de vous mettre d'accord sur les voies ... Vous faites courir les gens avec cette chaleur et vous les envoyer n'importe ou
@RERE_SNCF on n'annonce mme plus les trains supprims. C'est gnial.
@RERE_SNCF surtout avec un train court derrire! a fait combien de train en panne depuis 2 semaines ??
@RERE_SNCF train de 7h17 supprim  Ozoir direction HSL, pour quelle raison s'il-vous-plat ?
@RERE_SNCF train en direction de Villiers partant a 17:07 supprim aucune annonce ! Bravo la SNCF, toujours plus de respect envers nous !
@RER_BETAIL @ClemGwen @LaPtiteElice @o4karr Ou alors on loue un train
@RdeMontauban Bon courage. Je ne suis jur de ne plus jamais prendre de RER ou train de ma vie, a fait 7 ans dj.
@Red_Deff @qmlinfo @RERD_SNCF :pb d'alimentation en Gare de Chatelet grosse merde du sud vers Paris, trains rendus omnibus. On se trane
@Remi_Brt jte tiens au courant
@Remi_THS jure? je te tiens au courant je t'emmnerai un truc merci !
@RerTgv c est rare de te voir trainer sr le #RERA
@Rikorai @Comamanel Pardon :(.,Vous inquitez pas, si je deviens prof, je serai au courant des dernires tendances "jeunes", a va tre folk
@RyadGraham Annnh d'accord bah on seras quand ca va sortir tu me tiens au courant hyn :p
@SimaneSaid je te tiens au courant pour l'heure mais a serait cool que tu viennes  Ramonville pour qu'on te pick up et hop!
@Stiles__RpgTeen quand le roux et Maggie ect ils prennent le bus mais ils font un accident
@Stupidmoh c'est donc un critre de stupidit ? Au temps pour moi, j'tais pas au courant ;) bravo pour tes clichs qui te reprsente
@SweetCatbird Je crois que ces dernires annes, c'est plutt courant. a devrait pas te handicaper trop.
@Swelly_972 de rien c'est normal  ! J'espre pour toi aussi tu me tiendras au courant, ressenti etc. Bon ben Merde hein ! Et puis zen
@TheAdb38 Oui vs pouvez ! Par contre, ns ne savons pas pr l'instant si ns en referons et quand. Mais ns vs tiendrons au courant !
@TheEtalon jsais pas trop si j'doit rire en ft.... elle est pas encore au courant j'imagine ?
@TheFrozys un moment tu me boudais ou jsp quoi, t'as voulu te barrer puis t'es revenu vers moi en courant pour me faire un calin mdrr cute
@Titouan_Gdn @Camille_David27 @manu27740 Il n'est pas courant mais il ne sera srement pas d'accord
@UnPandaViolet yup! Bah tiens moi au courant in se fera un P'tite soire
@UsagersSNCF le 3102 en mode RER. Demi train = demi tarif ?
@Victor_snr Mais oui tient moi au courant a me ferait trs plaisir bisous  toi
@Yakusaann J'crois t'es pas au courant mais j'ai commenc  jouer a LoL quand Draven est sortit, j'ai juste crer plusieurs comptes
@YannMoebius ah tu es au courant de la dot? Tkt c'est pour bientt, j'espere juste qu'elle sera tjrs la  @noh_outhman @ReacNoire
@YoannRatcliffe @francoisaubel merci mon nougat. ha ouais ok, il gre la culture ? Il est au courant que Pixar fait 2 dessin anim en 1 ?1/3
@ZNSConventions ah ouf, on pourra pas les commander sur les lieux? Ca vitera  ma mre d'tre au courant mdrrr
@Zythom Sans parler d'IRL, on tait censs vnrer les anciens sur Internet ? On m'a jamais mis au courant !
@_Aenki @Pyrofoux @Imanor17 imagine le pre il est seul avec sa fille et il est pas au courant
@_TheBTaka putain la dernire fois 45min de RER devant un couple qui se roule des pelles h24
@_cxlia j'espre que t'es au courant qu'il s'en fout
@a_mathieu58 trop chou! J'espre! Je te tiens au courant ahah
@addixtedtolove @Louane_P je lui en parle et je vous tiens au courant mais ce sera demain ou aprs demain dans l'aprem
@addixtedtolove j'espre aussi, tu me tiens au courant
@ajouteruntexte je suis au courant tu sais... c'est comme le pre nol, a n'existe pas...
@alex_ferrario tu connais le tumblr funnymalemodels ? (t'es class dans ses 'french gods' au cas o tu serais pas au courant)
@angegagliani @RERC_SNCF @ClientsRATP et sur la ligne 1 de mmoire. Pas forcment efficace, MAIS les gens peuvent pas se dire pas au courant
@aurelilnr66 bah tout le monde est au courant de a, jeff l'a dit y'a des mois, il sera tjrs l mais moins qu'avant
@chillestspirit peur moi et elles me font leur vieille blague... Tout le monde tait au courant sauf moi msk. J'espre qu'elles vont -
@clemencecrlln tu seras la premire au courant mdr
@d1a7c413d0744a1 Hello. Le plus simple c'est de traiter avec @RERD_SNCF
@daaftz Arf, mme le train ? Et sinon tu vas kiffer le RER ? ahah
@datsjez merci aussi et t'inquites pas vraiment, tu sauras toujours la premire au courant de tout
@delfossejerome @matisuarez9 @rscanderlecht normalement je serai dans le coin donc je passerai certainement.on se tient au courant
@disilviodavid ils devront de toute manire dormir dans le car. Quant  savoir combien de temps ? On ne le sait. Je vous tiens au courant.
@douxpapi pas au courant, c pas vers la Mauritanie ?
@dxllashawn le rer jusqu' chtelet et un autre train va direct a CDG de chtelet
@elodie1203 J'espre bien! Tu me tiens au courant!
@elxnaxniall same ptn jetai pa au courant, sa mer kfldmsifiw')
@erdf coute l'avis de @XaCHARLES sinon on fera un #hackTonLogo
@erdf et la #CCI Nord Isre s'engagent ensemble au travers d'1 convention de coopration pour les entreprises locales
@erdf vous jouez avec nos nerfs!! J'espre que votre nouveau logo vaut le coup d'il  #erdf
@fouquetmorgane Ah j'suis content alors ! :p Tient moi au courant quand tu seras  la saison 2, j'veux absolument savoir tes ractions ! :3
@francoispinet C'est @GaetaneThiney qui rcupre ballon pour but @ELS_9_FRANCE vs #ENG. Contre la #COL, elle est le seul flop de l'EdF ?? /1
@fuckgreg tqt elle sera au courant!
@funcorporation @DocKellogs j'ose esprer que je ne viens pas de RUYNAY MA DIGNITAY en twittant a !#pas au courant qui fait n'importe quoi.
@giroyer L'expert en ducation, il est au courant qu'on dit REP maintenant ?
@glefrancoisLP Keenan en a fait d'la m...au courant de sa carrire ;-)
@havaelyona je serais peut tre la je te tiens au courant on essaye de se voir fin aot
@heckyesRosieL J'ai jamais autant eu de la peine  pas rire *courant dans le couloir*
@herolic_ oh oui je veux tre la premire au courant mon cur
@httxmlinsxn si y a le coming out de Larry je serai mme pas au courant ptn
@illuminajade la vie d'ma mre, j'tait au courant tu vois qu'elle fesais comme toi et tout mais l elle me l'a dit cash comme sa
@janosides inchallah faut pas que ma mre soit au courant alors mdrrrr
@jclagarde @UDI_off Euh, j'espre que vous ne croyez pas ce que vous dites : o alors vous n'tes au courant de rien!
@jeromehuet pareil 5 minutes plus tard dans un train suivant certainement #RERB
@jxchx_ bh on se tiens au courant alors! Je serais au centre de loisirs
@kksurunbois c'est courant d'en avoir qd t'es noir, c'pas vrmt de sa faute (mm si ma mre pense le contraire)) ._. Mou je l'm bien
@kyojinspantsu j'peux mme courir sur les rails , pas besoin de RER
@lauralfbvr_ @nyvaoe Tu seras la premire au courant
@lea_ddl59 bah ta gueule on a dclench le truc cardiologue la on a du partir en courant enfin JAI dclencher le truc mer
@lekouak @SofiaKhodja je prfre Caravage et son clair obscur". C'est pas pour rien que a cre un courant "le caravagisme"
@loic62110stream suis moi si c'est pas encore fait et tu seras tjr tenu au courant :)
@louisdu5998 @Thaisrynt ptdrrr mais jv pas courir aprs un bus moi mdr faut pas rver
@m_drz @xleyful @ChachouTourbier moi aussi j'tais au courant !  moi je l'ai reu samedi par courrier et la par mail
@maanonht ah ouais ? a serait bien qu'on soit au courant avant
@maellegcht ooooohh trop bien bah okok j'te tiens au courant quand j'serais la !!!
@marielovesnjh si tu me parlais tu serais au courant.
@marionlfvr la dessus on est d'accord, les occasions sont assez rares et les taffs prcaires pour tudiants trop courant selon moi
@marstaxi @Crapulesetcie @Heir_Mino_O merci, j'suis dj au courant, c'est ma deuxime et ma mman est infirmire ;)
@melanieqtn moi je galre je mlange tout un truc de fou Don Juan ... Toute faon on se tient au courant hein !
@nadKh @OM_TeamOff @OM_Officiel j'espre qu'il s'est tenu au courant par ce que a va lui faire bizarre au retour de reconnatre personne
@nanastyle971 ah bon ? Pourquoi je suis toujours la dernire au courant ? Tchip.
@nestringleopard et tu prends quel train? tu prends le rer?
@noemicroscope okkkk je te rcuprerai au metro le mieux c'est que t'aille chez loulou et je vous prendrez chez elle
@oCherryBlossom_ @monde_biodi je suis d'accord les sens l'homme tu serai mme pas au courant qu'il et dans cette cage
@odessa_akaya Quand ils m'appelleront je me barrerais en courant en appelant leur pre
@ohhopi @Dsfenrir @Erwann_kun @Angor_de_Redjak @_Yamamoto_kun si jamais y a une place qui se libre je te tiens au courant :)
@okakits Je serai l jeudi aussi XD //pas au courant concernant mercredi //cough
@papavocat dur dur... hydrater laisser en couche arer en crant un courant d'air partir au frais...
@philou10eme je commentais la com' @erdf, qui fait fort en transformant une contrainte (et sale coup pr la maison mre) en opration de pub
@pxllin mdr nn rien que dans le tram l dernire fois jme suis fais chop hors de question jfais dns le train t folle
@rene_souchon @jjqueyranne Visiblement le courant ne passe pas tout  fait..
@rerb pkoi mettre plus de train terminus denfert que saint Rmy le soir je pige pas c'est totalement con. Le mtro existe pour denfert !
@rere_sncf bravo, pas de clim, des trains bonds, pas d'eau, pas de dlais, pas de qualit de service. Pas de concurrence non plus... Bravo
@smnjv tqt au pire je serai avec les filles et des potes donc tiens moi au courant
@sputnik_fr serait il au courant de quelque chose ?
@supermegadrivin et l'autre fils des petits secrets sur cloclo a sera "vous tes au courant".
@terype Tenez-moi au courant, et je ferai le max pour me joindre  vos changes @besavre @Caroline_Frdis
@thibflrmd mdrrrrrrr fais pas l'beau avec ma carte de bus toi je la rcupre des mercredi
@vikycarolina1 hum tu me fais rver... Jte fais pas le coup du bus
@weirdhrl je ne peux pas m'absenter trop longtemps. De nombreuses personnes s'inquiteraient. C'est de mon devoir de les tenir au courant.
@weloveglowee vous me tenez au courant quand vous avez un prototype dmontrable ?Ce serait cool de montrer une de ces capsules en plateau :)
@west_rpg - s'apprte  se placer face au lavabo quand il te vois dbarquer en courant vers les toilettes*
@whoreaydin de rien!!! tu vas grer! tiens moi au courant hein
@wtfcsjb mdrrrrr ptn et ta mre est au courant?
@yonggun j'aurai les rsultats des preuves le 10 juillet, tu seras la 1e au courant.
Aaah la #teleportation, j'y pense  chaque fois que je prends le mtro ou RER parisien... #soupir #dream @Olivierhag @thomasmeghe
Accident de bus  Middelkerke: le vhicule ne prsentait pas de dfaut tech...  via @levif
Ah bah heureusement que je devais tre une des premires au courant
Ah bah j'tais pas au courant mon pre est  Madrid ppr
Ah.,Mon chat est rentr, j'ai voulu aller le chercher, il s'est barr en courant comme jamais. Et ma mre qui m'engueule.
Allo @RERB il est 22h30 6 min d'cart entre les trains et on se trane pour aller a massy c'est quoi encore le problme ? #rerb
Allongemt des temps de parcours et possibles modifs de desserte sont au programme de ces 4 prochains jours,#vvtrafic
Amazwin est dsormais sur Twitter. Suivez-nous et restez au courant des dernires bonnes affaires. #amazwin
Apparemment en septembre je retourne chez ma mre... Big lol la question est : est-ce qu'elle est ne serait-ce qu'au courant?
Au cas o vous seriez pas au courant, "faut s'hydrater". ..c'est cool,on est sauv# fin du monde
Au courant  la dernire minute
Aussi on en parle pas assez de famille qui le tiens au courant toujours a la dernire minute ou le jour mme.
Avec lui je n'ai pas  m'inquiter tant que a, il me tient toujours au courant de tout ce qu'il fait et avec qui
Avec ma mre c'est la France entire qui est au courant pour mon permis !
Azi moi je galre un peu - Mdrr on tait pas au courant
Bah la socit de mon pre bosse dessus je vais en recevoir un courant fvrier
Balance des paiements 2014 : Forte rvision  la baisse du dficit courant de la France... DGTrsor -
Bingo ! Le #RERE affiche de nouveau un trafic nickel #OK
Bon aller j'ai pas trop envie de louper pour la 100 eme fois le RER
Bon anniversaire @torr_reor ! j'espre qu'on ne va pas te prendre par les cornes aujourd'hui :) *s'enfuit en courant trs trs loin*
Bon je vais tenter de survivre  un trajet en RER  l'heure de pointe... #Youpi
Bon les gens  La JE le jeudi mon train arrive  Paris Nord. J'prends quel rer pour arriv  Villepinte ? help
Bonjour les esprits et les corps, il fait dj trop chaud pour quoi que ce soit. Toute ma sympathie aux usagers de @Ligne13_RATP et @RERB !
Bravo @ClaireLavogez14 super coupe du monde. Vous nous avez fait rver. Bravo les filles RDV dans 4 ans #CDM2015 #EDF
Bus accident  #Middelkerke - Les derniers enfants rentreront cet aprs-midi en Grande-Bretagne @RadioContact
Bus accident  Middelkerke - Les derniers enfants rentreront lundi aprs-midi en  #rtl #belgique
Bus accident  Middelkerke: le vhicule ne prsentait pas de dfaut  #rtl #belgique
Bus accident  Middelkerke: les derniers enfants rentrent chez eux
Bus accident  Middelkerke: les derniers enfants rentreront lundi aprs-midi en Grande-Bretagne
Bus accident sur la E40: les derniers enfants rentreront lundi aprs-midi en Grande-Bretagne: Le chauffeur br...
C'est comme couter les petites mamies dans le bus, elles me font clater de rire  chaque fois tant elles sont adorables.
C'est la galre un peu pour les inscriptions au lyce avec le bus et le train quand t'es pas de la mme rgion wow
Ce matin je pensais que je serait tte seule dans la maison, mais nan, il  fallut que mon g-frere loupe son bus
Ce moment o le chauffeur du bus te voit courir aprs son bolide mais fait exprs de redmarrer quand t'es  20m de l'arrt <<<
Ce soir, @SandrineDusang sera avec nous sur @radio_v_l dans @EuroFoot_RVL ! RDV  partir de 21h  #EDF #Copa
Cet aprs-midi sur le #RERA, Henri vous informe sur l'tat du trafic et vous souhaite un bon trajet. #RATP
Chi mort j'ai vraiment l'impression que ma mre elle croit qu'on a tous un compte courant "hassanats" au dessus de nos ttes
Combien de franais sont au courant que le pre de Mohamed Merah a touch de l'argent de la DGSI pr ne pas dvoiler les vidos de son fils ?
Comment j'aime trop des que je descends du train mon bus sera dj la
Comment j'deteste quant le train il fait des fausse acclrations comme a tchiiiiiiipp  #RerA
Coupure de courant . Sa sera pas remis avant 17H
Dans le bus, la mre qui dit  son fils (qui est sage comme un ange) "je vais te mettre un coup de point"... Essaye et je t'en colle une.
Dans le mtro , je monte les escaliers ( courant d'air ) : ma jupe se soulve et les bldards derrire en ont bien profiter
Demain mes collgues de boulot vont me voir blonde pour la premire fois. Elles sont mme pas au courant. Enfin, pas toutes.
Des animaux sont sur les voies et bloquent la circulation des trains #RERA #RATP
Des animaux sont sur les voies et bloquent la circulation des trains #RERA #RATP via @RERA_RATP
Dis @RERA_RATP tes trains sont hyper en retard et on sait pas pourquoi. Des infos ?
Dominique #Cottrez explique pour la premire fois que son pre tait au courant de ses grossesses
Donc aprs le rer four qui reste bloqu 15 min j'ai couru comme une drate et je suis  50 dans mon train qui part  51 #ggwelldone
Donc en fait tout ma famille est au courant sauf moi alors que jsuis la premire  aller  la pche aux informations
Du coup ma mre est au courant que j'vais au concert  Longuenesse
EN A MARRE!Train retard et bim supprim.a vous dit quelque chose d'tre  l'heure. En+, le train suivant est mme pas  l'heure.@RERA_RATP
Eh j'vais aller vivre a la chaise courant 2016 normalement et j'serais libre bc no parents et bedave tt le temps
Emballement comme pour le coup du RER ?
En plus dans 1h normalement je prend mon bus pour aller  mon lyce rcuprer mes livres
En plus si c le cas ma mre sera o courant je sui bien ds la merde mdddr
Envie d'tre au courant des dernires infos de l'Amicale Clervaux Futsal ?,Un petit like et restez connect
Et de savoir que ma mre est au courant c'est encore plus stressant
Et dire que j'tais mme pas au courant que j'serai en vacs  partir de vendredi...
Et j'ai loup ma sortie de RER ! SANS PRESSION
Et je suis la dernire au courant
Et le @RERA_RATP qu'est arrt et qui du coup bloqu cette @Ligne1_RATP
Et sa 2me fille n'est mme prsente, je suis mme pas sre qu'elle soit au courant que sa mre se marie
Excellent ! Le #RERA tient encore le coup ! #OK
Faudrait que j'arrte d'tre sur twitter quand j'suis dans le rer, parce qu' chaque fois je manque louper ma station xD
Finis le bus , finis le train , finis la galre
Frais d'itinrance en Europe : vers une abolition courant 2017  #techno #feedly
Hati - FLASH : Incroyable, le Gouvernement n'tait pas au courant de la fermeture de la frontire !
Hati - FLASH : Incroyable, le Gouvernement n'tait pas au courant de la fermeture de la frontire !,
Hbergez moi le 95 c'est trop loin de cette convention de merde, et le RER va coinc  Gare du Nord pour accident "humain"
Hee La flemme de monter dans des trains bonder comme a #RERA #dsesperer
IDIL79 arrive et stationne du ct des dparts  Massy. Se fait doubler. Supprimons des trains, pas de prob pour les retards hein. #RERB
Il aura quand mme fallu rester  quai 30minutes  Sartrouville pour dire que le traffic est interrompu #RERA
Il menait une double liaison jusqu' ce que la premire soit enceinte, il quitte l'autre aprs ! On est tous au courant sauf sa meuf !
Il part en vacance et t la dernire au courant mais bon askip c normal
Il tait temps ! Trafic rtabli sur l'ensemble de la ligne #RERD #OK
Il y a une page Facebook pour tre au courant des dernires nouvelles d'Isabelle Richer.
Imbula a choisi Valence l'Inter le Milan Porto merci de complter et de nous tenir au courant
Info trafic RER C fortes chaleurs: Perturbations  prvoir sur toute la ligne du mardi 30 juin au vendredi 3 j...
Infotrafic #RERD Reprise du trafic entre La Fert-Alais et Malesherbes (dysfonctionnement dun PN Boutigny : incident termin)
Intercit Paris-Le Havre : c'est la misre. Pas d'eau dans les WC, pas de prises de courant... #Sncf
J'ai appel ma mre pour la mettre au courant pour demain @moodskelley et c'est ok mon bb chou, je viens chez toi
J'ai cru que c'tait une chauve souris j'ai gueule " CHAUVE SOURIIIS" mon frre est arriv en courant "JVEUX VOIR BATMAN *~**,-_-
J'ai loup mon bus pour acheter un bagel ultra galre a manger et a fait plus de 20min que j'attends!
J'aime mon cousin jai tais le chercher il ma vue et il a crier mon prnom en courant vers moi
J'aimerai habiter dans Paris mme pour pouvoir avoir mes chances de rencontrer les stars que j'aime tard sans peur de louper le dernier RER
J'arrive chez mon pote au bout de 30min il ferme la porte  cl sa mre qui arrive en courant  la porte il ouvre elle me voit. Yen a assez
J'cours pas derrire un bus je vais pas commencer a courir derrire les gens
J'espre que le lyce va appeler pour me dire quand et a quel heure je passe l'oral bc moi je suis au courant de rien
Je lui demander pq il s'inscri il ma rep c'est pr savoir les km/h qnd je cours derrire le bus ou le train ou mm mtn *puis il secoue sn tel
Je ne la tromperai jamais elle est l'amour de ma vie vous n'tes pas au courant de ce qu'il se passe donc faut arrter maintenant.
Je ne mourrais pas tant que j'aurai pas vu une meuf  forte poitrine se faire gifler par ses propres seins en courant derrire le bus
Je ntais pas au courant de la date de fin de jene (de journe) des musulmans. Heureusement france2 va le fter.
Je sais pas ce que la coupure de courant  provoqu, mais du coup il faut que je regnre toute ma BDD Plex :/.
Je suis allez jusqu' Nemours en train une fois plus jamais de ma vie j'avais de la chance le RER tait direct jusqu' Melun mais vas y plus
Je suis cense tre ta meilleure amie, mais je suis la dernire au courant.
Je suis entrain de crer un site sur Madison  il sera bientt disponible, je vous tiendrez au courant
Je suis toujours la dernire au courant !
Je vais dbarquer chez MC elle n'est mm pas au courant a sera drle
Je vais tester un uber aux US toute l'heure par la premire fois, je vs tiens au courant :$
Jrentre en courant pcq wallah jmeurs de soif frre
Jss pose en train d'att le RER y'a un ga y passe dvt moi il s'arrte et il me dit : c'st bn t'as eu le coup de foudre ou j'dois repasser ?
Jsuis poser dans la chambre a ma mre ya que la ou ya un courant d'air
L'EMS Home Salem devrait sagrandir courant 2019 - La Fondation Eben-Hzer prvoit dimportantes nouvelles capacit...
La #RATP fausse obligatoirement les stats en changeant un #rerA de QENO  OFRE en cours de route. @Asso_usagersidf
La @Ligne1_RATP ralentie? C'est toujours mieux que la ligne 13 en circulation normale!
La Ligne d'Urgence  0596.63.31.31.,Si vous avez un scoop, en cas d'accident, embouteillage ou autres vnements...
La RATP, tout a rythm de rap music,Ma jeunesse a la couleur des trains, RER C
La dernire au courant
La frontire entre #Ouanaminthe & #Dajabon a t effectivement ferme, & le Gvt ntait mme pas au courant de la fermeture de la frontire
La frontire entre #Ouanaminthe & #Dajabon a t effectivement ferme, & le Gvt ntait mme pas au courant de la fermeture de la frontire!
La malchance d'Hamid ahaha comme par hasard quand il va passer son oral , bim accident de tram
La panne d'un train en gare de Mitry-Claye perturbe les circulations sur le #RERB
La panne d'un train en gare de Mitry-Claye perturbe les circulations sur le #RERB #BOF
La panne d'un train en gare de Mitry-Claye perturbe les circulations sur le #RERB via @RERB
Le #FDDteojasmin est dsormais sur Twitter ! Suivez -moi pour tre au courant de toutes les dernires actualits ! ;-)
Le 2 ligne d'Annecy qui a perdu son casque peut le rcuprer dans la rg de #peyrehorade .Il a lgrement souffert
Le RER C ils veulent pas tre Charlie, ds le lundi matin a supprime des trains
Le bus accident  Middelkerke ne prsentait pas de dfaut technique
Le bus et le train de cette chaleur c'est la misre totale la chaleur
Le bus vient d'avoir un accident
Le conducteur du #rera qui attend patiemment l'arrive de son train en bout de quai #qml #caSentPasBon
Le couple qui chante qui saura dans le RER B, JE VOUS AIME !
Le paquet de Lays paprika il m'fait du vice du regard la Il veut me faire cder Jvs tiendrai au courant si j'ai cd au prochain pisode
Le rerb c'est pire que le rerb mme le soir tu te traines #rerb
Le silence, une bire bien frache, une srie, un pti courant d'air #LaVie
Le taf a m'a motive  passer le permis l parce que tous les jours j'ai une couille j'dois galrer avec les bus/train ptn
Le trafic du #RERA est interrompu entre Cergy-Le-Haut et Maisons-Laffitte #KO Reprise estime  19:30 (incident d'exploitation)
Le trafic est perturb sur la ligne (divers incidents) #RERB #BOF
Les RER vont avoir un coup de chaud cette semaine. Du coup a ne mincite pas  bouger de chez moi... Gnial.
Les couples qui ce becotte ouvertement dans un bus alors qu'il y a des gens en face faut arrter l c'est dgueulasse !
Les gens des bb frre y te supprime de tout alors que ta rien fais putain mais au courant que je sache la problmatique
Les gens quand il arrive a rentr part la porte de derrire du bus on dirai qui on gagne la coupe du monde il sont tous heureux  c un bus
Les portiques accs #RER sont en panne aux #Halles, j'espre que les #controleurs #RATP sont au courant ?
Les solutions ( contre-courant) de DSK face  la crise grecque: Allger la dette grecque, suspendre les aides...
Lorsque vous avez une coupure de courant dans votre maison, quelle est la premire ch... - Internet
Lorsque vous avez une coupure de courant dans votre maison, quelle est la premire cho...
Lorsque vous avez une coupure de courant dans votre maison, quelle est la premire chose ... - Tele
Lorsque vous avez une coupure de courant dans votre maison, quelle est la premire chose ... - Wifi
Lorsque vous avez une coupure de courant dans votre maison, quelle est la premire... - Internet
Lorsque vous avez une coupure de courant dans votre maison, quelle est la premire... - Le Wifi
Lorsque vous avez une coupure de courant dans votre maison, quelle est la premire... - Le courant
Ma belle mre est dj au courant xd
Ma co dconne normement, je vous tiens au courant si je peux stream,en change, voil la dernire vido de Sornaw !
Ma mre "t'as louper ton bus?" Oui comme d'hab hein
Ma mre elle est arrive en courant vers nous et nous dit : Bientt la canicule, la mort va frapper !
Ma mre elle vient de sortir un vieux " courant d'air couille en l'air putain " tant de fminit
Ma mre encore plus encore au courant que moi @nekfeu
Ma mre est arriv en courant voir ce qui sa passe je lui ai fait peur ahahhhah
Ma mre qui a dit au poissonnier du super u que je savais pas dcortiquer des crevettes, merci maman tout le super u est au courant
Ma mre qui me souhaite ma fte alors que j'tais pas au courant  elle est trop forte
Ma mre qui parle a kiki par sms et moi je ne suis mme pas au courant mdr
Ma mre: "mais Aude tu es au courant que tu as le bac dans moins de 2 jours?" Ba coute, au point o j'en suis..
Mdr mon frre n'tait pas au courant de l affaire jara cavani  #beINCopa
Mdrrrrr! norme! "Mme pas au courant des matires ... (!)"
Merci #rerb d'avoir supprim icar41 pour mettre le contenu de 2 trains dans ecco45. On aurait pu vouloir s'asseoir. Cela aurait t dommage.
Meteo du #RER (#ratp) : KO () 29/06/2015 a 09:25 Trafic normal sur l'ensemble ...
Meteo du #RER (#ratp) : OK () 29/06/2015 a 11:06 Trafic normal sur l'ensemble ...
Meteo du #RER (#ratp) : OK () 29/06/2015 a 16:33 Trafic normal sur l'ensemble ...
Meteo du #RER (#ratp) : OK () 29/06/2015 a 21:33 Trafic normal sur l'ensemble ...
Moi :"Pourquoi tant de retard ?",Monsieur RATP sur le quai :"Quel retard ? Je ne suis pas au courant" #RERB
Moi Ya des truc que je ressens jamais personne ne sera au courant
Moi je l'ai juste repris pour son tweet vise hein le reste je m'en branle. Fourage de ku ou je sais pas quoi la j'suis pas au courant
Molire auteur et acteur comique du 17e s appartient au courant classique, il est ami des libertins et  dj critiqu la religion  trevers
Mon frre c'est trop un fou mdrrr il a ouvert la fentre et a vu des gens flippants du coup il a referm la fentre et est parti en courant
Mon frre il est trop mchant, il voit un mec qui fait du stop, il s'arrte donc le gars il se rammene en courant, mon frre il se barre
Mon frre il ouvre la porte de ma chambre il cri et il se barre en courant wow c'est trs intelligent ce que tu fais
Mon pre a quand mme l'air con quand il fait du "sport" et qu'il commente tout en mme temps pour que je sois bien au courant d' ... 1/2
Mon pre est arriv vers moi en courant et en criant flicitation mdr j'ai rien compris
Mon pre est pas au courant pour la croisire de mes grand-parents... Mais...
Mon pre il est pas au courant ni ma mre quand il vont rentrer je vais me faire encul
Mon pre m'a dis "pourquoi tu rvise, c'est fini l'cole !" .. Il est mme pas au courant que je passe mon oral de bac demain..
Mon pre qui me regarde et qui me fait "Oh putain mais t'as grossi". Oui merci papa, je suis au courant
Mtn quand mon frre me fait chier je coupe le courant dans sa chambre et il fait moins le malin le ptit con
N'empche tout ce qu'on a pu me dire m'a bien fait rire. Les gens sont au courant de rien et jactent sans jamais s'arrter
Non mais il y a des pres bizzares hein tu tapes ton enfant avec les files de courant qu'est ce qui va pas mon Dieu
Nous sommes galement sur @LinkedIn  - Rejoignez nous pour rester au courant de nos dernires ralisations ! #Video360
OMG 40 degrs mercredi et je serai toute la journe soit dans un train ou un bus....  #canicule :((
Oh ! Il y a #QVEMF qui a recommenc, j'tais mme pas au courant Heureusement que ma mre a enregistr !!
Oh,Serait-ce un problme de trafic sur le RER A que j'entends au loin
On a failli avoir un accident voiture/tram XD Elle a des bon freins ma voiture!
On as failli faire un accident en bus la
On avait souvent leur odeur dans les trains les poneys sont maintenant sur les voies . le #rera #transilien tjs au top.
On cherche la 5e force au #LHC, alors que la #RATP arrive  perturber le trafic #RERB  Orsay avec un train en panne  Mitry-Claye !
On compte sur akon pour crer une autre socit de distribution de courant hein pae cie c'est la merde
On est aller juska StLaz, aprs on a pris l'train jusqu' Asnires on a marcher 15min sous le soleil tapant pr prendre le bus 177
On nous demande: le grand cart de prix entre les trains AGC et Rgiolis est-il vraiment justifi? @aime_rer @vesnabejic @TUForg #qml
On prend un putin de transillien de merde qui met 1h on arrive a Persan a 22h20 et mon pere n'tais pas au courant que jetais a paname#11
On se retrouve donc dans un train blinder ds Massy Palaiseau #RERB #QML
Oua la coupure de courant Ca mre
Oups ai je bien pay mon EDF? Aprs la panne d'alimentation #sncd une coup ure dans le #RERB...#desjourscommea
Panne de courant  #Bagneux. #rerB
Panne de courant  #Bagneux. #rerB (Termin 9h19)
Panne de rame a mitry- zone sncf le trafgic est perturb dans les 2 sens de la ligne #RERB
Parce que sa serait bte de perdre si y'en a qui sont pas au courant de ce concours #BestFandom EXO-L
Pendant TOUTE la semaine j'ai eu AUCUN problme avec mon RER et la que j'ai un train  prendre si, putain la sncf c'est des btards
Plus il fait chaud, moins il y a de trains...#RERA
Poneys sur les lignes du RER A :  nous de concurrencer le train. Les taxis rclament le paiement d'une licence #taxis #uber #rer
Pour ceux qui ne seraient pas au courant.  #Articlesrcents
Pour ceux qui sont pas au courant: @YeyeLiquini nous lche au dernier moment pour la Japan Expo. Jetez-lui des tomates et vos belle-mres
Pour choisir sa marque, on ne peut pas utiliser le mot qui reprsente le produit que vous vendez dans le langage courant... #shake15
Pour l'hommage  Madonna des feux Loto-Qubec, y va tu y avoir des feux en forme de totons ? (rit derrire ses mains en courant se cacher)
Pour la #COP21, nous organiserons un QG, sur le RER B, pour des blogueurs ou journalistes, dans une auberge de jeunesse. @SoAnn @lemondefr
Pour tre au courant des dernires nouvelles, suivez-nous aussi sur notre page Facebook et sur Instagram ! #PANDORA
Pour votre information, le courant sera remis en place  partir de 5h40. Prenez votre mal en patience. #coupuredecourant
Pourquoi je suis tjr la dernire a tre au courant ?
Pourquoi le trafic du #RERC est au ralenti quand il fait chaud ? Rponse ici  @RERC_SNCF
Pourquoi le trafic du #RERC est au ralenti quand il fait chaud et pas les autres lignes ? Rponse ici  via @JHeyligen
Pourrait on avoir UNE matinee de semaine sans divers incidents qui ralentissent le trafic #RERB
Premier courant d'art, premire vague d'amour : nazisme, sgrgation, loups-garous, jazz et art.  via @ApothicArt
Premier courant dart, premire vaguedamour.
Premire qute du jour. Trouver le courage de lui parler, celui ci s'est enfui en courant
Prvoir 20/30 min supplmentaires de trajet pour le #RERA dans les 2 sens #BOF Fin des ralentissements estime  21h30
Prvoir 20/30 min supplmentaires de trajet pour le #RERA dans les 2 sens #BOF Fin des ralentissements estime  21h30.
Ptddrrrr elle lui a dit t la gashti tu va voir tt 94 sera au courant ptdrrrr mais on a rien vu
Ptdrrrr chui dans le RER B la et je remarque que le train est arrter un peu longtemps mais que personne ragissait
Ptn j'tais pas au courant que the darkness avait fait un nouvel album j'coutais trop a l'anne dernire leurs anciennes chansons
Ptn mon sang il a fait qu'un tour on a failli faire un accident avec le bus tout le monde a flipp
Ptn,prendre le train jusqu' Paris Montparnasse ,puis le mtro ou bus jusqu' Paris Bercy et reprendre le train tout seul!oh la galre!
Quel est le pire endroit o vous pourriez tre coinc? - Ou il y as pas courant. Ou resea...
Quelle est la premire chose qui vous est venu  l'esprit c... - Me barrer du bahut en courant mdr
RER A : Trafic ralenti +10/20min - malaise d'un voyageur  Vincennes #QML #RERA
RT @10diarmara: @delfossejerome @matisuarez9 @rscanderlecht normalement je serai dans le coin donc je passerai certainement.on se tient au courant
RT @6Maigrir: Ma mre est au courant que je fais attention  moi poids, de ce compte twitter de mon Instagram et elle m'encourage pour continuer
RT @77Makengo: Mdrrrr il fais koi lui rer d c vraiment un train de fou aujourd'hui je vue sa jt mort
RT @AkuNoHanaTweet: #AKHT Bus accident  Middelkerke: les derniers enfants rapatris: Les deux derniers enfants im...  #7s7 #Belgique
RT @AlexandreDPT: @RERA_RATP @LIGNEJ_SNCF puis on me dit qu'il n'y  pas de train jusqu' Poissy : prennez le RER
RT @Allan_Tchuigwa: Quand TF1 met la Pub, ta mre t'envoies  la boutique tu reviens en courant tu crois que tu as bcp rat, tu tombe sur une pub d'Auchan...smh
RT @AmynaBee: #rere Ca veut dire + de gens qui vont monter dans le train... donc possible malaises #sauna #sardines #qml,Zero info en gare d'#hsl !
RT @AmynaBee: #rere des personnes sur les voies => Trains restent a quai a #hsl #qml
RT @AnaisRbn: @Lorraineheriss1 T'es toujours l premire au courant de tout. Je serai toujours l jte promet. Oui on rigole tropp. Je t'aime
RT @AnnieLoiicka: Non mais il y a des pres bizzares hein tu tapes ton enfant avec les files de courant qu'est ce qui va pas mon Dieu
RT @AntoineGreaume: Mdrrrrr! norme! "Mme pas au courant des matires ... (!)"
RT @ApothicArt: Premier courant d'art, premire vague d'amour : nazisme, sgrgation, loups-garous, jazz et art.  via @ApothicArt
RT @ApothicArt: Premier courant dart, premire vaguedamour.
RT @AsRomaFrancopho: Selon les mots de #Pjanic, #Dzeko viendrait mme  #Roma en courant et le salaire ne serait pas un soucis !
RT @AypierreMc: Hey @Fuuukano ta vu @m6 a repris notre srie ! Ttais au courant toi ? Et @shellgratuit tu savais aussi ?
RT @BFMTV: Belgique: un mort dans un accident de bus transportant des enfants
RT @BilalNedman: Ce soir, @SandrineDusang sera avec nous sur @radio_v_l dans @EuroFoot_RVL ! RDV  partir de 21h  #EDF #Copa
RT @BouillonAdeline: Selon @a_wuill il se fera fourre  Nol mtn vous tes tous au courant de ses attirance Dsole @fanny_crcr si tu n'tais pas au courant
RT @BussmannGaetan: @LDobravc juste que a me fait rire que l'on m'annonce  St etienne ;) si j'avais dj sign vous seriez au courant via mon compte ;)
RT @CIaudeFrancois: RE JE SUIS LA, DSOL DU RETARD J'AVAIS UNE PETITE COUPURE DE COURANT
RT @CLePrenom: Kenza c'est le prnom d'une meuf qui cours derrire le bus mais elle le rate aprs elle marche
RT @CestLesPrenoms: Melvin, c'est le gars qui allume sa play alors qu'il y a une coupure de courant et qui gueule  sa mre "MAMAN, LA CONNEXION!" #Segpa
RT @ChloeBourroux: a sert a rien de rpter aux putes qu'elles sont des putes , elles sont dj bien au courant
RT @Conducteur_RER: @d1a7c413d0744a1 Hello. Le plus simple c'est de traiter avec @RERD_SNCF
RT @ContactNews: Bus accident  #Middelkerke - Les derniers enfants rentreront cet aprs-midi en Grande-Bretagne @RadioContact
RT @Crbkilldemall: @DanetOrane @ibou_1414 @clemxgila en vrai on se serait cru dans un film tout le monde courant dans la fort avec des lampes torches mdr..
RT @DelarueJC: On nous demande: le grand cart de prix entre les trains AGC et Rgiolis est-il vraiment justifi? @aime_rer @vesnabejic @TUForg #qml
RT @DocCedef: Balance des paiements 2014 : Forte rvision  la baisse du dficit courant de la France... DGTrsor -
RT @Elise_Gabrielle: a y est la semaine d'enfer commence sur le #rerb ... Trafic bloqu vers le nord
RT @EtolintMa: Waaaaahhh y'a un un accident de tram du coup y'a plus de tram entre gare de fleury et tourelle dauphine ptn
RT @EuroFoot_RVL: Ce soir, @SandrineDusang sera avec nous sur @radio_v_l dans @EuroFoot_RVL ! RDV  partir de 21h  #EDF #Copa
RT @FBOcom: #RerE le 7:30  EME dir Paris est supprim... Et sinon l j'ai un train court... #qml
RT @FMathou: a y'est le courant est remis, genre a va arriver souvent des coupures gnrales l putain?
RT @FeoMelissa: Le chauffeur de bus a ralenti par ce qu'une beurette traversait,j'lui ai dis azi passe c'est une orange,on m'a applaudit, j'ai conduit l'bus
RT @Fr_Helper: @Psychedelicisme tient moi au courant alors j'espre que a va bien de passer
RT @Frederique_Dms: a y est c'est reparti... Tous les trains sont retards... et sans aucune info. #rerA #qml #raslebol
RT @GAZAstrophik: @Linformatrice cbien sont au courant que son pre a touch un petit billet pour ne pas dvoiler les vidos de son fils ?
RT @GOoYoUrTuBeHit1: Compte  suivre @intrants pour tre au courant des dernires nouveauts en agriculture : #machinisme, #semences, #engrais, #phytos #ad
RT @GreenArmy040: Le 2 ligne d'Annecy qui a perdu son casque peut le rcuprer dans la rg de #peyrehorade .Il a lgrement souffert
RT @GuirriBoss_: Tlr dans le RER ya un daron renoi il croise sa fille dans l'train par hasard & quand il la vu il a dit "donc toi tu colorie tes levres mtn?"
RT @Hazzarement: J'ai appel ma mre pour la mettre au courant pour demain @moodskelley et c'est ok mon bb chou, je viens chez toi
RT @HisBrahTahAdl: @Oums92Diaoune Azi faut tenir au courant des actualits, on vas venir voir la relve jouer au plus haut niveau !! FORCE  VOUS
RT @InsRhm: #MashaAllah #PIRACY #SNCFaujourdhui #RERc #tunisie #je suis amoureuse du train REt d
RT @Julia22102210: J'ai cru que c'tait une chauve souris j'ai gueule " CHAUVE SOURIIIS" mon frre est arriv en courant "JVEUX VOIR BATMAN *~**,-_-
RT @JuliettePss: Ma mre qui parle a kiki par sms et moi je ne suis mme pas au courant mdr
RT @JuvenalBabona: @YannMoebius ah tu es au courant de la dot? Tkt c'est pour bientt, j'espere juste qu'elle sera tjrs la  @noh_outhman @ReacNoire
RT @LaPtiteElice: IDIL79 arrive et stationne du ct des dparts  Massy. Se fait doubler. Supprimons des trains, pas de prob pour les retards hein. #RERB
RT @LeMOGABO: Nous avons reu plusieurs messages demandant la position du #MOGABO suite  la cration de "hritage et modernit" un courant au sein du PDG
RT @LePrenoms: Kenza c'est le prnom des meuf qui cour driere le bus mais elle le rate apres elle marche
RT @Linformatrice: Combien de franais sont au courant que le pre de Mohamed Merah a touch de l'argent de la DGSI pr ne pas dvoiler les vidos de son fils ?
RT @Linformatrice: Les Frres musulmans appartiennent au courant salafi, mais sont critiqus par les autres salafis qui les accusent de se rallier  l'Occident
RT @LionelAncelet: #rerA QENO ce n'est plus un RER, c'est un train de snateur. #slooow #qml
RT @LouiseDiMeglio: @BensettiMyriam T'inquite tu me tiendrais juste au courant pour l'heure, dans l'aprs-midi a serait mieux car je peux pas sur mon tel
RT @LukasBildstein: La malchance d'Hamid ahaha comme par hasard quand il va passer son oral , bim accident de tram
RT @LunePatronus: Dans le bus, la mre qui dit  son fils (qui est sage comme un ange) "je vais te mettre un coup de point"... Essaye et je t'en colle une.
RT @Maevalzn: @Meitantei_Kid Askip j'ss en train d'touffer dans le rer moi, jregrette les jardins de Bondoufle mdr
RT @MappyCity: Reprise du trafic entre La Fert-Alais et Malesherbes (dysfonctionnement dun PN Boutigny : incident termin) #RERD #OK
RT @Marek1n: @BenAbdelazizC @Vanneur @presi_beur la France, pays des lumires. On lui a coup le courant faute d'impays ?
RT @MatthieuNOLA: Avant de prendre un #taxi je prfre : - #UberPop - Mtro - RER- Tramway- Bus - Vlo- Courir (1er en vrai)- Marcher,- Ramper...
RT @Melyna_Lfr: @MissVal0ou @Neloche12 au faite vous tes au courant que l'uniforme y aura des brets et des tenus comme au U.S (apparition dorlisstique)
RT @Mohamedchakal: @212_Imaane elle est PRISE c'est grave v la CHEBRAN son gars sera pas AU COURANT
RT @Morales_Kaaka: @kyojinspantsu j'peux mme courir sur les rails , pas besoin de RER
RT @Na2s9513: Pk ma vie c pas comme dans les films zerma kan on me bouscule dans le RER c pas le coup de foudre avec une meuf non moi c une daronne renoi
RT @NaimaZeyma: @Victor_snr Mais oui tient moi au courant a me ferait trs plaisir bisous  toi
RT @NoPersonnality: Ptdrrrr chui dans le RER B la et je remarque que le train est arrter un peu longtemps mais que personne ragissait
RT @OnMaApplaudi: Le chauffeur du bus a ralenti par ce qu'une beurette traversait, je lui ai dis azi passe c'est orange, on m'a applaudit, j'ai roul l'bus
RT @OnMaApplaudit: Le chauffeur du bus a ralenti par ce qu'une beurette traversait, je lui ai dis "azi passe c'est orange" on m'a applaudit, j'ai roul l'bus
RT @PaZaffew: @Modibo4524 ton ct juif le mec part en vacances mais il ramne sa play mdr j'espre yaura du courant
RT @PhilippeAder1: @erdf coute l'avis de @XaCHARLES sinon on fera un #hackTonLogo
RT @PierreuhVanier: Pour ceux qui sont pas au courant: @YeyeLiquini nous lche au dernier moment pour la Japan Expo. Jetez-lui des tomates et vos belle-mres
RT @PineDeNournours: On compte sur akon pour crer une autre socit de distribution de courant hein pae cie c'est la merde
RT @PrinceMxlien: Le RER C ils veulent pas tre Charlie, ds le lundi matin a supprime des trains
RT @RERA_RATP: 15:28, le trafic est ralenti de Boissy/ Marne-la-Vallee vers Cergy/ Poissy /St-Germain-en-L. (malaise voyageur) #RATP #RERA
RT @RERA_RATP: 19:11, le trafic est interrompu entre Cergy-Le-Haut et Maisons-Laffitte (incident d'exploitation) #RATP #RERA
RT @RERA_RATP: 19:16, le trafic est interrompu entre Cergy-Le-Haut et Maisons-Laffitte. Reprise estime  19:30. (incident d'exploitation) #RATP #RERA
RT @RERA_RATP: 19:32, le trafic est ralenti entre Cergy-Le-Haut et Maisons-Laffitte. Reprise estime  19:30. (incident d'exploitation) #RATP #RERA
RT @RERA_RATP: Des animaux sont sur les voies et bloquent la circulation des trains #RERA #RATP
RT @RERA_RATP: Retour  un trafic rgulier sur l'ensemble de la ligne #RERA #RATP. Incident termin.
RT @RERB: 09:46, le trafic est perturb sur la ligne (divers incidents) #RERB
RT @RERB: La panne d'un train en gare de Mitry-Claye perturbe les circulations sur le #RERB
RT @RERB: Retour  un trafic rgulier sur l'ensemble de la ligne #RERB. Incident termin.
RT @RERBnator: On se retrouve donc dans un train blinder ds Massy Palaiseau #RERB #QML
RT @RERD_SNCF: @LaetySbk Oui, il y aura des trains. Pour prparer votre trajet >
RT @RERD_SNCF: Infotrafic #RERD Reprise du trafic entre La Fert-Alais et Malesherbes (dysfonctionnement dun PN Boutigny : incident termin)
RT @RastaFragile: N'empche tout ce qu'on a pu me dire m'a bien fait rire. Les gens sont au courant de rien et jactent sans jamais s'arrter
RT @RoyalSegolene: Demain matin, grande premire : immersion de l'hydrolienne dans le courant au large d'Ouessant. #transitionenergetique
RT @SADAKAYOUTH: quand est-ce que je vais arrter twitter ? le problme c'est que si j'arrte je serai plus au courant de l'actualit
RT @S_93420: Je lui demander pq il s'inscri il ma rep c'est pr savoir les km/h qnd je cours derrire le bus ou le train ou mm mtn *puis il secoue sn tel
RT @SamFollooow: @CameliaRadelet @laetitia017 @loladosanto a marche je te tiens au courant mais a sera vers 19h50 je pense...
RT @SdbGang_: RER B c'est trop un train de crasseux
RT @Selly_Kidrauhl: J'aimerai habiter dans Paris mme pour pouvoir avoir mes chances de rencontrer les stars que j'aime tard sans peur de louper le dernier RER
RT @Shirenai: Tu te considres ace/gray/demi mais seul-e-s tes proches sont au courant ? Bah t'es pas moins ace/gray/demi qu'un-e autre.
RT @SofiaDaSilvaP: Avec lui je n'ai pas  m'inquiter tant que a, il me tient toujours au courant de tout ce qu'il fait et avec qui
RT @Superbrioche: Par contre je sais pas quand serait le live faut que je prpare tout a et voir les jeux compatibles ^^ Je vous tiens au courant dfason ^^
RT @TeamBCham: @FenyciaR C'est rare qu'on sois au courant, et puis a s'efface trs vite.
RT @The_Real_Cyrano: Chi mort j'ai vraiment l'impression que ma mre elle croit qu'on a tous un compte courant "hassanats" au dessus de nos ttes
RT @ThomasHause: Mtn quand mon frre me fait chier je coupe le courant dans sa chambre et il fait moins le malin le ptit con
RT @TjrsIdeologie: @LyzaFlne Si tu trouves le bon remde tiens moi au courant
RT @TomekTR: RER A : Trafic ralenti +10/20min - malaise d'un voyageur  Vincennes #QML #RERA
RT @Tommo_heaven: @NoemiePenloup jsp si tu serais forcment au courant, mais si c'est vraiment grave oui aprs je vais pas le crier sur tout les toits..
RT @TransfertSur: Le transfert de Morgan Schneiderlin vers Manchester United sera officialis dans le courant de la semaine prochaine
RT @TransportsIDF: Pourquoi le trafic du #RERC est au ralenti quand il fait chaud ? Rponse ici  @RERC_SNCF
RT @Viriathus_FR: Sans parler du negatif, si le RPR avait suivi son courant, je pense que la France et mme l'Europe auraient connu un autre destin #Pasqua
RT @WatiB_MMC: Linda et Charly Bell #WatiB #ccommea pour Linda bientt son album courant 2015 on espre
RT @WeMgl_: T au courant qu'une femme voil retire son voile chez elle et lorsqu'elle est avc ses enfant sn mari ses parent etc?
RT @_AnneMsdm: @chillestspirit peur moi et elles me font leur vieille blague... Tout le monde tait au courant sauf moi msk. J'espre qu'elles vont -
RT @_Melodiiie: @Gabygwada Quand on part dans un fou-rire en courant partout nous on se comprend mais pas les gens mdddddddddddr
RT @_adamks: 2. Informer l'intress de son caractre rprhensible car la personne peut ne pas tre au courant.
RT @alexi_tation: @havaelyona je serais peut tre la je te tiens au courant on essaye de se voir fin aot
RT @alxstsoul: bon c'est parfait, son pre est au courant de mes bails, j'suis ravie au + haut point x)
RT @bettycalimero: T'as raison connard (pas le chauffeur). On est en retard,arrtons nous 5mins pour laisser passer le train de poissy... #RERA j'en peux plus
RT @bih_soft: @Bih_jak ptdrrrr de toute faon je tient au courant de mes dcisions  la dernire min.
RT @carlaawkward: @SimaneSaid je te tiens au courant pour l'heure mais a serait cool que tu viennes  Ramonville pour qu'on te pick up et hop!
RT @caroleaoun: Il y a une page Facebook pour tre au courant des dernires nouvelles d'Isabelle Richer.
RT @ccinordisere: @erdf et la #CCI Nord Isre s'engagent ensemble au travers d'1 convention de coopration pour les entreprises locales
RT @chantalmelie: La frontire entre #Ouanaminthe & #Dajabon a t effectivement ferme, & le Gvt ntait mme pas au courant de la fermeture de la frontire!
RT @charlottedcrg: @LeaMyot  partir de ce soir oui mdrr dommage sinon je serai venue en courant
RT @chcerutti: Visiblement c'est la merde sur le RER E, les trains a marche pas quand il fait froid et quand il fait chaud, la SNCF c'est tempr !
RT @cypcyp77: Train ELBA de 15h33  bibliothque supprim en raison d'un problme de scurit de la cabine de conduite. @RERC_SNCF
RT @datsjai: @datsjez merci aussi et t'inquites pas vraiment, tu sauras toujours la premire au courant de tout
RT @datstydia: dja j'essaie quelle scasse la gueule en courant vers moi aprs ki vivra verras :-) @obrienzlloyd
RT @dmsaur: jcroise mon grand frre qui rentre des cours a l'arrt de bus pendant que nous on sbarre pour aller en soire
RT @estelledbsgfn: @CabotLorena tqt j'fais mes plans mais tu seras au courant
RT @findingcher: @phoenixxyyxx wsh ils sont au courant pour les 140 caractres
RT @galeRERAfr: #RERA : trafic interrompu entre Cergy le haut et Maison Lafitte. Bon courage et bonne soiree a tous. Elodie
RT @galeRERAfr: #RERA Trafic perturb : malaise voyageur  Vincennes en dir. de Cergy/ Poissy /St-Germain-en-L. Par Tek
RT @gotaga033: @_L_auraF je t'avais dit qu'elle serai au courant
RT @gregplou: Pourquoi le trafic du #RERC est au ralenti quand il fait chaud et pas les autres lignes ? Rponse ici  via @JHeyligen
RT @gregplou: Pourquoi le trafic du #RERC est au ralenti quand il fait chaud et pas les autres lignes ? Rponse ici ...
RT @guefine: Le conducteur du #rera qui attend patiemment l'arrive de son train en bout de quai #qml #caSentPasBon
RT @iloveketiw: Il aura quand mme fallu rester  quai 30minutes  Sartrouville pour dire que le traffic est interrompu #RERA
RT @jassogne: #Isre - L'assassin avait voyag durant 6 mois en Syrie. Toute la communaut tait au courant., via @ParisMatch
RT @jsuccombe: la premire personne que tu met au courant, reste elle.
RT @keaparis: Moi je l'ai juste repris pour son tweet vise hein le reste je m'en branle. Fourage de ku ou je sais pas quoi la j'suis pas au courant
RT @keryann_: @clemencecrlln tu seras la premire au courant mdr
RT @lahaineduRER: Pourrait on avoir UNE matinee de semaine sans divers incidents qui ralentissent le trafic #RERB
RT @lauraa600: le jour o un mec sera srieux avec une fille, tenez moi au courant
RT @macinside: "Il y a la clim dans ce train ?" Me demande la personne a qui je demande la fermeture de la fentre de la z20900 du @RERC_SNCF #qml
RT @maiiiOmari: @FaatouTaBoss @_AishaSnk  y'a pas de fminin au mot courant imbcile va, on dit "tu m'tiens au courant, tu serais au courant"
RT @mdidez: @erdf vous jouez avec nos nerfs!! J'espre que votre nouveau logo vaut le coup d'il  #erdf
RT @minaztn: Dans le mtro , je monte les escaliers ( courant d'air ) : ma jupe se soulve et les bldards derrire en ont bien profiter
RT @mlp_Tadia: Bon les gens  La JE le jeudi mon train arrive  Paris Nord. J'prends quel rer pour arriv  Villepinte ? help
RT @morganebrisson: Moi :"Pourquoi tant de retard ?",Monsieur RATP sur le quai :"Quel retard ? Je ne suis pas au courant" #RERB
RT @nhoizey: Sur le quai depuis 30 minutes, aucune trace du moindre @RERD_SNCF ! (@ RER Montgeron  Crosne [D] - @connectgares)
RT @nicolas78955_2: La #RATP fausse obligatoirement les stats en changeant un #rerA de QENO  OFRE en cours de route. @Asso_usagersidf
RT @nicolas78955_2: Panne de courant  #Bagneux. #rerB (Termin 9h19)
RT @nicolas78955_2: Un train QENO direction MLV Chessy depuis Poissy change en OFRE Torcy  Nanterre. 0 annonce du conducteur. #rerA Arrive souvent. @DelarueJC
RT @nomy29: Raliser son rve & tre dans l'abus, grande marge. Certaines n'ont aucune limite. Je serais dj partie en courant moi. #CameronInParis
RT @notaure: "@RERA_RATP: #RERA: tchat en direct avec les directeurs #RATP #SNCF ..s'il n'y a pas de retard de train..voire de grve surprise de la #Cgt
RT @quentin72650: @ColinePissot @PissotOceane chuuuuut coco!fo pas que oc soit au courant psk elle est dans mon lyce est ca serais trs mauvais pour moi XD
RT @sfournichot: @IrisBMdnn envoie moi un message quand tu seras au courant :p
RT @spotincubus: #RERA Y a pas a dire, quand le conducteur nous explique pourquoi il roule au ralenti a passe tout de suite mieux. : ) #qml
RT @stringerrr9: Tqqqqqt premier au courant ce sera toi angiusss
RT @topic211: @fuckgreg tqt elle sera au courant!
RT @ukhty_l: C'est comme la dernire foi j'tais  la mosqu, je venais  peine d'entrer et je vois une petite qui arrive en courant vers moi, je la
Ralentissement sur le #RERA , malaise voyageur #info #ratp #ralentissement
Raliser son rve & tre dans l'abus, grande marge. Certaines n'ont aucune limite. Je serais dj partie en courant moi. #CameronInParis
Reprise du trafic entre La Fert-Alais et Malesherbes (dysfonctionnement dun PN Boutigny : incident termin) #RERD #OK
Retour  un trafic rgulier sur l'ensemble de la ligne #RERA #RATP. Incident termin.
Retour  un trafic rgulier sur l'ensemble de la ligne #RERA #RATP. Incident termin. via @RERA_RATP
Retour  un trafic rgulier sur l'ensemble de la ligne #RERB. Incident termin.
Retour  un trafic rgulier sur l'ensemble de la ligne #RERB. Incident termin. via @RERB
Sans parler du negatif, si le RPR avait suivi son courant, je pense que la France et mme l'Europe auraient connu un autre destin #Pasqua
Selon @a_wuill il se fera fourre  Nol mtn vous tes tous au courant de ses attirance Dsole @fanny_crcr si tu n'tais pas au courant
Selon les mots de #Pjanic, #Dzeko viendrait mme  #Roma en courant et le salaire ne serait pas un soucis !
Si les jolies filles aimaient les gentils garons j'pense qu'on serait au courant
Sinon, t'es au courant que t'es pas la n1 ? Arrte un peu de rver, remets les pieds sur terre.
Son frre a tait mis au courant et plus de son ni d'image de la part de la fille :////
Super ! Retour  un trafic rgulier sur l'ensemble de la ligne #RERB #OK
Sur le quai depuis 30 minutes, aucune trace du moindre @RERD_SNCF ! (@ RER Montgeron  Crosne [D] - @connectgares)
T'as raison connard (pas le chauffeur). On est en retard,arrtons nous 5mins pour laisser passer le train de poissy... #RERA j'en peux plus
Ta mre est au courant, tu verra dans peu de temps
Tenez-vous au courant ! Inscrivez-vous  la bouteille  la mer mensuelle, et prenez des nouvelles du large cet #t !
Tiens moi au courant le plus vite possible mon amour et si c'est toi dans le message crit un truc qui sera me faire pense que c'est toi
Tiens pas de prise de courant en premire classe avec la @SNCB ?
Toute ma vie je galre avec les bus et les trains
Trafic nickel pour le #RERA #OK
Trafic sur le #RERA interrompu  cause de la prsence d'animaux le lond des voies. #GaleRERAfr #RATP #SNCF.
Train ELBA de 15h33  bibliothque supprim en raison d'un problme de scurit de la cabine de conduite. @RERC_SNCF
Train annul :) les joies du RER :)))))))
Train bonde mais roule bien ce matin. C pas gagne pour ce soir! Tjrs des p*tasses qui restent assises sur le strapontin qd train bonde #RERB
Travaux en cours sur la ligne #RERA jusqu'au 11/07/2015. Pour plus dinformations, .
Travaux en cours sur la ligne #RERA jusqu'au 11/07/2015. Pour plus dinformations, . via @RERA_RATP
UNDER THE DOME CA A REPRIS J'ETAIS PAS AU COURANT MOI????!!!!!!!!!
Un accident de bus fait 1 mort et deux blesss graves  Middelkerke - vido dailymotion
Un bus transportant des enfants accident sur la E40  Middelkerke : un mort et 3 personnes dans un tat grave
Un train QENO direction MLV Chessy depuis Poissy change en OFRE Torcy  Nanterre. 0 annonce du conducteur. #rerA Arrive souvent. @DelarueJC
Un train peut en cacher un autre  Une rame de RER bloque la rue du Pr-la-Reine
Une presse qui veut enquter (d'ailleurs ... pas si courant!) mais qui se voit interdire de dnicher les...
Vazi jvais au parc je vais me barrer en courant devant ma mre mdrr jvais me faire bz en revenant
Visiblement c'est la merde sur le RER E, les trains a marche pas quand il fait froid et quand il fait chaud, la SNCF c'est tempr !
Vous ne vous tes pas bousculs pour me venir en aide, bande de twittos ingrats ! Du coup retour pour la case RER.
Waaaaahhh y'a un un accident de tram du coup y'a plus de tram entre gare de fleury et tourelle dauphine ptn
Y'a des mres elles sont au courant que leur fils deal mais elles disent rien tant qu'elles ont un jolie billet dans les mains, aprs a -
Y'avait une coupure de courant ptn heureusement y'avait mon frre sinon jme serai manger dans les escaliers sale
Yeeeeessss j'ai russi  crer un putain de courant d'air dans ma chambre j'suis la plus heureuse
a sert a rien de rpter aux putes qu'elles sont des putes , elles sont dj bien au courant
a y est c'est reparti... Tous les trains sont retards... et sans aucune info. #rerA #qml #raslebol
a y est la semaine d'enfer commence sur le #rerb ... Trafic bloqu vers le nord
a y'est le courant est remis, genre a va arriver souvent des coupures gnrales l putain?
ah bah train supprim, agglutins dans le @RERE_SNCF vous avez intrt  viter a le reste de la semaine ! srtt sans clim trs en colre !!
askip il y a un dossier de rinscription a donner pour demain au lyce , je suis encore la dernire au courant
avc Celia on est tjrs les dernires o courant
bon c'est parfait, son pre est au courant de mes bails, j'suis ravie au + haut point x)
bon tout le monde dit y'a pas de train @RERD_SNCF
bus accident
c'est au moins le 4me accident que j'ai failli avoir en tram et en bus aujourd'hui, c'est pas sr que je puisse rentrer chez moi vivante
ce sera cool, je pourrais y descendre du bus quand j'ai cour
courant d'air frais qui refait
dans le centre du pays y'a pas de courant d'air, pas la mer rien,tu suffoques, c'est un peu pareil si t'as une ville dans les montagnes
dja j'essaie quelle scasse la gueule en courant vers moi aprs ki vivra verras :-) @obrienzlloyd
et des trains en panne ...
faut que je le dise absolument  jo, je veux que ce soit la premire personne  tre au courant
il est pas au courant qu'on est en guerre, la Dernire?
imagine tu vois ton pre faire du break dance sur la table pour sd... - Je par en courant.
j'adore mon pre trs au courant de ma vie qui me demande si je ne suis pas en cours mdrr
j'ai lcher un bruit elle est parti en courant fesse a l'air j'tais extnuer de rire
je crois que c'est la premire fois de ma vie que je n'ai pas loup mon bus ^^
je reprend un mercredi 9h30-12h30 fdp j'espre que t'es au. courant que j'ai pas de car avant 13h50 ptin
je rve que un jour les trains du RER B ne tombe pas en panne systmatique.
la premire personne que tu met au courant, reste elle.
la vie que si je commence  fumer et que ma mre elle est courant, j'suis morte ptdrrrrrrrrrr
le chauffeur de bus a ralenti pck une beurette traversait, je lui ai dis : azy continue c orange
le jour o un mec sera srieux avec une fille, tenez moi au courant
le_Parisien: RT TransportsIDF: Pourquoi le trafic du #RERC est au ralenti quand il fait chaud ? Rponse ici
ma mre et mon beau-pre sont rentr jleur est racont la coupure de courant et tt
mdr ma mre chepa tjr pas si elle est au courant que j'avais dpense 300 en jeux avec son PayPal
mon chien il arrive en courant y'avais mon portable branch il court vers le fil et paf il a de la chance que j'avais la protection en verre
mon copain et ma mre se sms et je suis mme pas au courant
mon pere est au courant de rien
mon pre il va passer le permis bateau j'etais pas au courant. c'est dans ces moment la que je me dis qu'il faudrait que je leur parle plus.
on a vu des lampes torches qui se dirigeaient vers nous, laisse tomber on a d monter en courant limite 200 marches
pourquoi les reprsentants du CPR  la tl sont toujours contre le courant ? au lieu de pointer le problme du...
ptn j'ai rv qu'on avait un accident de bus avec ts mes potes (voyage scolaire) et jt pas morte pis jles voyais tous dmembrs et tout.....
puTain y'a eu une coupure de courant chez moi jsuis tt seule j'ai commenc  pleurer j'ai appel mon ex il a fait que de rire
quand est-ce que je vais arrter twitter ? le problme c'est que si j'arrte je serai plus au courant de l'actualit
quand on voit qu'une gare RER miteuse, mal pense et pas pereine coute11M, comment peut-on s'offusquer?
si mon chauffeur du matin ne m'avait pas prvenu d'un changement de chauffeur pour le mois de juillet, je ne serai mme pas au courant!
sinn jviens de louper le bus pr rentrer chez moi mdr roh la flemme en plus il fait chaud sa mre je suffoque jlai vu passer dvt moi ce fdp
sinon mon pre il est pas au courant que j'me fais les cheveux rouges
videmment @yvanmayeur ne doit pas aller bosser. Comment serait il au courant des problmes de mobilit du citoyen?
vie je loupe le bus sa mre
y'a eu une coupure de courant dans mon immeuble. avec ma mre on croie y'avait quelqu'un dans l'ascenseur il tait coince
