"@jasonburne28: Les gens galres dans le train #rerb " Ohhhh Maurice
"A 15ans elle est tomb enceinte par accident" C'est vrai que c'est trs courant de trbucher et de tomber les jambes cartes sur un pnis.
"Dire que le tram #T7 arrivera en 2018  Juvisy est un mensonge". Le coup de colre de @robinreda  lire demain, jeudi, dans @LeParisien_91
"En raison d'un incident le trafic est perturb sur la ligne B du RER"... Comme hier quoi...
"J'ai du cogner 3 vieilles et une femme enceinte mais a valait le coup. Je n'attendrais pas 2mn le prochain RER"
"Le traffic va repartir petit a petit.. Apres la rsolution du problme" aha.... #RERD
"Tu es la premire  tre au courant ! Tu es privilgi attend !"  #Taha
#Accident #Cuba La compagnie #Bus #TransGaviota fait partie du Groupe #GAVIOTA gr par le milliardaire RAUL #CASTRO
#Accident Coutance, ligne 14  P R Bernex
#GRANDPANAMRAPMAG Trains, RER, mtro... les tarifs vont augmenter .RapMagTV
#IDIL95 : 15min de retard aux Halles, merci #RERB ! Pour lui c'est un "ralentissement" (dure du trajet initial 35min, la 50min) #RERBordel
#LT J'tais au courant des rumeurs de casting 5 toiles mais j'tais persuad que ce serait du bullshit...
#PUB"Tu aimes Harry Potter ? Tu veux tre au courant de toutes les,nouveauts ? Faire des jeux ? Rire entre...
#RERA : des trains plus rapides et plus nombreux. Plus d'infos ici
#RERA En rpercussion dun incident voyageur, le trafic est ralenti de Vincennes ->>
#RERA la RATP nous demande de monter dans le train et seulement aprs la SNCF nous dira ou va le train !
#RERB : un train coup en deux  Laplace,  Arceuil (via @francebleu)  #RATP
#RERB Je suis  La place. J'espre que mon train va pas se dboter. :-) lol
#RERB Train stopper sur toute la ligne suite incident grave a Aubervilliers @TF1 @France24_fr @francetvinfo @franceinfo @le_Parisien
#RERD enfin sa repart a villeneuve saint georges au ralenti mais sa repart
#RER_B nouvel incident (gare du nord cette fois) aujourd'hui. Trafic fortement ralenti dans les 2 sens #qml
#RER_B trafic TRS perturb. Retour  la normale prvu vers... midi. On peut suspecter que nous aurons des pb toute la semaine #qml
#RerE c'est seulement arriv  Villiers que j'ai eu eu annonce audible indiquant un accident de personne  Pantin. Zro la com ce soir #qml
#Solea #Mulhouse #Lutterbach [9h55] La circulation du tram-train a repris, mais des retards sont encore  prvoir
#Trains, #RER, #mtro... @jphuchon choue  amliorer nos transports, du coup il augmente les tarifs ! #CadeauDeNol
#USALTE La mre porteuse partage ses gnes avec le ftus... faut se mettre au courant les gars avant de promouvoir la #GPA...
#qml #RERC +10/30 min axe Dourdan-Paris-Chaville jusq.10h (panne train, acte malveillance, incidents termins)
#qml #RERD [MAJ] +10/15 min sur ensemble de la ligne jusqu' 12h (panne d'un train  Maisons Alfort) >
#qml #rerc , et encore des trains supprims!! Comment on fait quand on doit aller chercher nos enfants!!! Y'en a marre de cette ligne C!
#qml , le trafic est ralenti sur la ligne (rail endommag) #RATP #RERA
#rerA "Notre train est arrt en plein voie...(...) veuillez ne pas ouvrir les portes" CONNASSE o tu veux que j'aille ? #qml
#rerB Comptez 10-15 minutes de retard et des ralentissements jusqu' 9h. #qml 7h49.
#rerB Ct #RATP : En rpercussion de divers incidents, le trafic est ralenti sur l'ensemble de la ligne. 7h40. #qml
#rerB Trafic rtabli au nord mais perturb suite  des traverses de personnes. #qml 7h48.
#rerB Un accident grave de voyageur sur ma partie nord aurait eu lieu. #qml
#rera : Le retour des motifs des rails: En raison d'un rail endommag, le trafic
#rerb #qml @groupe_ratp pb de signalisation donc trois trains de suite sans arrt  #gentilly. #normal
#rerb aucun train arriv  orsay entre 8h et 8h30. aucun dpart de l bas en consquence. Cdg omnibus  la place
#rerd la merde anomalies sur les trains
#rere accident de pers a pantin. Bravo au conducteur qui prend le mic a chaque arrt/ralentissement pour nous informer. #qml @RERE_SNCF
*ACCIDENT: BUS* - ROLESVILLE POLICE - 600 S MAIN ST
- J'veux trop qu'il neige beaucoup beaucoup comme a y'aura pas d'bus et j'irai pas en cour ! Alala le reve quoi ^^
. @RERB : Accident de personne. Retard & co.10 minutes plus tard : Ah non en fait ctait pas vrai lol,Seriously ?
07:21, le trafic est ralenti de Le Bourget vers St-Remy / Robinson (incident technique) #RERB
07:47, le trafic est ralenti sur la ligne (incident technique) #RERB
07:49, le trafic est ralenti de Neuilly-Plais. vers Marne-la-Vallee Chessy (rail endommag) #RATP #RERA
09:08, le trafic reprend progressivement (rail endommag) #RATP #RERA
10:31, le trafic est ralenti sur la ligne (rail endommag) #RATP #RERA
18:53, le trafic est ralenti de Vincennes vers Boissy/ Marne-la-Vallee (incident voyageur) #RATP #RERA
2h pour rentrer au lieu d'1h. a va, on s'amuse bien  la #SNCF. #RERD #LigneR on supprime des trains, en retardent, change leur mission....
@01BoDuke01 arharharh dsol t'inquite pas tu as autan de chance d'avoir un accident en tram que de gagner au loto
@AllemoCline Mdrrr rhoo Cline si sa arrive tu sera au courant hein
@AlxiaSm promis que si j'y vais pour refaire ma garde robe tu seras la premire au courant !
@AppleUser_Tho69 Coordonnes bien reues, je vous tiens au courant. ^G
@AtriRRM @Vrairapfrancais oui on est tous au courant il a repris le style de migos etc Merci pour le scoop
@BatistaCo  voir ouais, je te tiens au courant, mais je serais pas dispo avant 21h
@BeberBaudier Ben bien sr t'es pas au courant j'ai envoy un colis chez toi avec mes cheveux dedans et puis ta mre les a mis dans ton sac
@Ben_hrt Tu connais, scuriter rapproche mme a l'autre bout de la plante il sera au courant de mon activit au sein de cette terre
@Bifl_ation je te redis a Parce que j'ai des rendez vous, je te tient au courant
@CamilleDeBiasio Oh yeaaaah . Enfin j'espre que je serai plus malade -',T'es au courant de ce qu'on fait vendredi ?
@CarinneJuste : le Tram Express Nord sera un vritable trait d'union entre l'est et l'ouest du territoire #SIMI
@ChenozJerome Coordonnes bien reues, je vous tiens au courant. ^G
@Chichaam28 ah bon j'tais mme pas au courant que a vient d'un film  a m'a fait rire c'est tout
@Chloe_Sch pour le vendredi du coup ?? Yep je te tiens au courant a serait cool qu'on fasse un festival ensemble :)
@Choi_Keiko Pas de soucis ^^. Par contre je vais louper la premire demi heure, mais je te tiens au courant des awards ^^.
@ChrisBlaess @RERD_SNCF Moi j'ai crois un train coup en deux hier. Ce sont les animations de fin d'anne !
@CitronSensei Tenez nous au courant de vos premires impressions et merci de votre confiance
@Clairaah @ArreteTonChar1 @arelabretagne : Reprsentant des LCA au CNP : la #Cnarela est au courant et s'en occupe.
@ClarckAzn @Lks92i mes trains c'est le RER B RER A RER D etc... Et ils sont loins d'etre comme sa
@Conducteur_RER @DrawingArtsAlex :( Bjr, est-ce que vous pouvez me donner des prcisions : quel train (+la voiture), afin faire nettoyer ?
@Conducteur_RER merci ;)  que le reste du trafic  pu continuer  s'couler !,@IDR_80 @sebdamiens
@Conducteur_RER merci, bonne soire  toi aussi. Bon le 2021 ralentit dj ... @FanV2N @sebdamiens
@CorentinBst_ Pour aller  la boutique tu prends le mtro 14, 3 taxi, 9 bus un hlicoptre, 2 avions et trois train et ensuite tu fais 800m
@CorentinChayla t'es au courant que tu parles de ma mre l??? O est le respect ?
@DJByMido tu seras le premier au courant
@DeMelo87069975 @Conducteur_RER hey conducteur de mon train freine moins fort a sent le frein derrire de maisons Alfort  PGL
@Doflamingo___ dsl frere je suis plus dutout au courant de ce qui ce passe dans la team
@EddyVND @gouvernementFR -Le pre a Eddy est un parrain de La mafia des Front qui ple veuiller me tenir au courant si vous lavez capturer
@ElBricou bah un vhicule de transport en commun tantt tram, tantt train/qui opre un service mixte tramway et train.
@ElyoPanamaBende @ASF_Bende nein, on prvoit le truc, tu serais au courant sinon haha
@EmsRaffin a serait super cool! On se tient au courant ma poulette
@Externe_Miki Exactement de la mme manire ! Si c'est vraiment une chaudasse elle est au courant (= n'a pas  jouer les offusques)
@Fanny_Sve je sais pas, j'ai couru dimanche et ce serait en courant que je me serais fais mal mais je sais pas ce que j'ai :/
@Fighter_103 Mais non tu serai deja au courant ;)
@Flow91220 la queue pour prendre le mtro si tu part pas en courant elle fait pas rire. 1 seul bouche de metro ouverte
@FuryCury @Aurablade J'tais pas au courant, je viens de dcouvrir a, ma mre trouve que c'est bien qu'il fasse a...
@GioGioTellEm Si si srement mais j'tais pas au courant. C'est genre vers quand?
@Grishnak45 On espre aussi ! N'hsitez pas  nous tenir au courant =)
@Gwendli a serai cool ,( et en plus pas de bus donc pas de cours  )
@Hawa_Galseen mais arrte de rire, c'est la mme je pense, tu me tiendra au courant
@Heat21000 c'est la mre du gosse d'Oliver. Dont il est pas au courant
@Hw_Honey: @Guyzzy_PM @Manguerie *chuchote* IVOIRIEEEEN *part en courant* C'tait drle de la voir galrer,Bon bah je suis dmasqu
@I_Am_A_OodsTK @MysteryWriter_ Oui, elle dois me tenir au courant. Mais de toutes manires, je t'aurais mdr.
@ImeeneHmd Bha ouais normal surtout j'tai vu rire avec attend fallait j'soit au courant j'avais pas compris
@IsleymOfficiell Hello! t'as reu mon mail concernant mon projet de remix? Tiens moi au courant
@JakeRPGPML *sort du manoir et te vois et part vers toi en courant* Jake ! (Dsl je pars de chez moi je te rpond en rentrant dans 1h je pens
@Jeanphidoux que va t'il y avoir maintenant ? Je n'tais pas au courant. J'espre quelque chose dans le mme esprit !
@JenniGuerin2014 l'alerte vritable aurait t que les trains soient  l'heure ^^ @RERD_SNCF
@JoshuaJoshua945 @zera_im ptdddr j'tait pas au courant de tout sa
@Jujupotpot ouep, Twitter sera au courant
@Justine2706 @TheRedLynx_ @CanaillouO Non mais c'est abus ! Il est au courant que vous tes qu'en 1re anne ou quoi ?!
@Kawaisatan moi stp ca fait 4 fois que je cours derrire mon bus et ce fdp de chauffeur me voit mais il part je hais ce moment mdrrrrrrr
@KeitlineN oh oui mon petit chat!Je te le dis des que je sais la date !,Tu sera la premire au courant ! <3 <3
@Kur0igetsu apparement je suis seul au courant mais cette pouf sera l  @Yarnene
@Lakhdiii Coordonnes bien reues, je vous tiens au courant. ^G
@LauraGrn3 d'accord tu me tiens au courant  j'espre que c'est rien de grave
@LaurentVilboux bonjour @WalidMesloub Zargo Tour, Le Bihan, es tu au courant d'une activation de la filire havraise au prochain mercato ?
@LigneC_RER un train en panne en gare d'egly, une voiture sur un PN sans savoir vraiment o #trainimmobilispourunedureindtermin#ralebol
@LionelJeanjeau @Aurelie_Gascon disons que ttes les rformes des 20 dernires annes st inspires par votre courant : a fait rflchir non?
@LionelJeanjeau @Aurelie_Gascon les filires ont t largement rduites par les rformes que vs avez signes vs tes au courant ?
@LouMarseille J'espre aussi pour le LOSC contre nous qu'ils soient nuls ^^, oui je te tiens au courant du score :)
@MargotGiugliano @MonsieurRenault NON. Toi tu vas vraiment rentrer en courant derrire la voiture.
@Marinecchy mdrrrrrrr si on fait a j'espre que t'es au courant qu'on revient pas mdrrrrr
@MonsTeRz_PEA17 coupure de courant chez mon pote je re ! Je comprend mieux pourquoi je laguais !
@Mr_Cydonia on la refait l... Tu le tiens au courant merci.
@MyCliqueWorried ah starfoulah , la vie d'ma Mere jsuis au courant de rien , c est quoi le boulot ?
@NappaNeucra @Alpaay_07 J'lui demanderais quand il seras la j'te retient au courant
@Ninou1707 TES AU COURANT QUE TON PRINCE A CHANGER SA BANIERE !!! MOI PERSO JE SERAIS FACHER Hann il taime plusPas sympa,Clash Mechant
@Nins_92 vers septembre je crois ... On se tiendra au courant !!!  a va toi ?! Et tes loulous ?! Toujours fivreux ?!
@Olivier__B @FanV2N moi j vous annonce 50 % du traffic en ter. (Sans compter les bus)
@Ondeejeune Je prfre les gens qui disent "j'tais pas au courant, je veux bien les cours moi aussi" x)
@PinkyRoycy Oui a va arriver prochainement. Vous serez tenus au courant.
@Puddeli_ La misre monsieur !! Plus de train, plus de bus, plus d'avions, plus rien! Juste du Bulmers et des Mc Vities!
@Queenkhloe7 @RERC_SNCF mdrrr vas y j'en ai marre. J'ai pris le train  7h08 je viens d'arriver a Egly stp mdr
@QuentinSalmeron Jte tiendrai au courant, on devrait avoir un site vers 18h chez toi ! (encore mieux que #acheteavecdeschatons, promis !)
@RERA_RATP tu l expliques pourquoi y a 10min entre deux trains  #valdefontenay en heure de pointe ?? (07:13)
@RERB #rerb des news ractualises sur le trafic ?
@RERB 7h30-11h00 belle perf! C'est un boulot d'tre aussi mauvais! bravo! Sans compter le train coup en 2  Laplace hier... #fourire
@RERB @Asso_usagersidf Bjr Traffic interrompu ? on fait comment pour aller a CDG ? pourquoi mesures securites ? merci
@RERB @Asso_usagersidf il n ya pas que le traffic qui est ralenti !la reactivite de RERB aussi !!!pas de Twiitts depuis plus une heure
@RERB A l'aulnay tous est coup
@RERB De mieux en mieux... on arrte le trafic parce qu'il y a un hypothetique accident de voyageur, et 15 mn plus tard, non rien en fait...
@RERB RE BONJOUR JE FAIS QUOI AVEC LE PORTE FEUILLE TROUVE DNS UN TRAIN CE MATIN ???? MERCI DE BIEN VOULOIR ME REPONDRE
@RERB Un train part 15min plus tard que prvu & on nous annonce en arrivant  Laplace que c'est le terminus #FoutageDeGueule
@RERB Vu que a fait une demi-heure que le trafic est trs perturb, c'est pas un peu tard pour prvenir ?
@RERB j'imagine qu'aucun train supplmentaire ne va tre affrt ?
@RERB je suis  Laplace je ne reois pas d'infos on a du tre coups !
@RERB ouais on a vu...Et maintenant accident de personne a la courneuve...,Toujours pas la faute du personnel...
@RERB: 07:47, le trafic est ralenti sur la ligne (incident technique) #RERBle contraire aurait t exceptionnel.
@RERC_SNCF  part crire train retarde sur les crans on a aucune autre info !! Dans combien de temps le prochain Kuma  Juvisy ??
@RERC_SNCF +20 min axe etampes juvisy puisque le SLOM est omnibus aprs bretigny. Merci de nous faire des coups foireux comme a...
@RERC_SNCF 1 heure plus tard on attend toujours que le train parte
@RERC_SNCF @bgoss44 on poureait eviter les pannes de trains SVP
@RERC_SNCF LARA 8h19 Savigny. Les annonces  bod du train sont trs trs fortes. C insupportable. Plusieurs trains sont ainsi. #rerc #qml
@RERC_SNCF Montez le chauffage et couper le son. #rerc #qml
@RERC_SNCF affichage  chang retard d'1 heure pouvant impacter les autres trains de la ligne !!!!
@RERC_SNCF ai pas pris le num... il s' agissait du train LARA 8h19 savigny. 2eme um. 2eme voit.
@RERC_SNCF appli transilien hors service pour les prochains trains ...
@RERC_SNCF attention panne d'un train grande ligne en gare d'Etampes, pas de rpercutions sur le #rerc pour le moment ... #asuivre #qml
@RERC_SNCF dans les deux sens et pas de ralentissement pas de train
@RERC_SNCF en esprant que l'on ne nous fasse pas tous descendre avant le terminus du train sous prtexte de retard...
@RERC_SNCF gagn affichage chang et maintenant.... Plus de train qui avait raison...
@RERC_SNCF il faut changer le message sur transilien car c'est pas 10/20 mn de retard, 40mn que j'attends que mon train parte rien ne bouge
@RERC_SNCF la demande de protection autour du train est en cours, risque de retard sur les trains ELAO/ELBA  l'arrive sur Etampes #qml
@RERC_SNCF la norville...Une seule  07h34 nous disant qu'un train pour Chaville arrivait alors qu'il tait terminus Auster sur les crans
@RERC_SNCF le conducteur demande l'arrt des circulations voie 1bis et 2 pour visiter son train ... #asuivre #qml
@RERC_SNCF oui mais aucun train au dpart de dourdan et signaux au rouge
@RERC_SNCF pourkoi les contrleurs ne passent que qd le train est vide?pourkoi pas le matin qd le train est bond et les usagers debouts ?
@RERC_SNCF pourquoi depuis 2 jours le train de 7h33 est retard  la dernire minute sans aucun motif ni en gare ni  l'affichage st-cheron
@RERC_SNCF y a quoi encore comme pbl ce matin ??? La norville il est 07h31 train de 07h19 marque en retard terminus Auster.... !!!
@RERC_message vocal : panne matrielle interrompt le trafic ??
@RERD_SNCF @SNCF personnes sur les voies pour le conducteur, dgagement de fume dans un train pour la radio
@RERD_SNCF @SNCF_Direct S'il vous plat redmarrer, faut que j'aille en cours, c'est importaaaaant  mdr
@RERD_SNCF Bjr, en quoi la grve des controleurs va affecter le traffic du #RERD? Merci bcp
@RERD_SNCF Pas de chauffage dans le #RERD train de 7h16  Orangis Bois de l'pine. A quand des transports en commun fiables ?
@RERD_SNCF a creteil pompadour des trains indiqus a 18h43 et un autre apres. Qui a raison ?
@RERD_SNCF c'est dprimant de voir la 3eme voie RERD inutilise alors qu'on se traine vers Paris...
@RERD_SNCF incohrence complte des affichages en gare et de la mise en direct des train a creteil pompadour
@RERD_SNCF ralentissements? c'est peu dire
@RERD_SNCF traffic interrompu dans les 2 sens  Villeneuve saint Georges ...
@RERE_SNCF @FBOcom la blague ??? Train supprim ou qui n'avance pas. Pardon c'est le trafic normal de notre branche...
@RER_B ooo suis dans ton train ! En face des arrts de bus d'arcueil
@RimaYoupie @dupontnathalie9 @Caro_2_4 on fera un jeu genre t'es au courant du secret et pas eux...
@Robinic0 @RERB @GroupeRATP Freinage d''urgence quand il n'y a plus de pression dans les 2 parties du trains. Mme dans une rampe.
@SFOFFICIEL tu me tiendra au courant j'espre pouvoir enfin te voir
@SFR_SAV Bonjour, je ne serai chez moi que vendredi soir. Je vous tiendrai au courant. Bonne fin de journe
@STIBMIVB serait-il possible de faire correspondance entre les 71  Delta et le M5 Erasme. Arriver en courant dans la station, voir la rame
@S_Kcm @EmmaMgn mdr mais pourquoi je suis jamais au courant sa mre
@SavanaLaBoss vers 17h14 je crois mais ds que je suis sorti du square le bus passer. Donc j'ai trac
@Sayaxus @Tsukiyo_Power Comme s'ils n'etaient pas au courant et pour infos c'etait sur le ton de l'humour on peut plus rire des gros alors?
@ScarfaceCartel a ne m'tonne pas mais a m'ulcre qd mme j'tais pas au courant de a mon dieu
@Senat_Direct @LaurentFabius et le France serait ainsi  contre courant par rapport aux autres pays.
@SerichardMike je prfre tre au courant si l'OM reste premier de L1 que la PL
@ShaaronScemama oui on feras ca en courant on vas mourir lol mais pour une bonne cause
@ShawnMendes Juste pour que tu sois au courant les mecs prfre Ed Sheeran ils l'ont dit
@Stilesrpg *lui retire dessus en le fixant bien dans les yeux, puis s'en va en courant vers toi*
@Stitcheuh oh si c'tait si facile et courant je serai prt  changer d'avis ms a ne l'est pas malheureusement
@Tatatchip PB de train @RERD_SNCF suis dgouter ds le matin comme sa ! Bon courage a toi pour ta journe
@TeamGivres je viens de reprer avion, train et bus y a plus qu' agencer pour fixer les dates yeaaah!
@TissaChannelle Putin j'ai pas vue ce tweet je serais venu en courant
@TnSousse Non mais tu m'as tu sur ce coup  Tout le monde t'entendais  et le fou rire dans le metro  #LOVE
@TrudeauC @Lemicrodefeu Pas au courant de l'histoire mais  vous entendre parler, avec Fabienne Larouche, a serait avec des aliens certain!
@Tweezy__ je peux enfin re-courir aprs le bus
@X_CCP t'es au courant t'es qutes aussi une putain de blanche toi aussi? Attention  un "Nn mn grand pre est italien" chpas quoi
@YANNXCK Nous n'avons pas encore les chiffres officiels. Vous serez au courant :)
@ZaynTSrpg -commence  paniquer en courant vers toi- ZAYN!
@_ItsZARAA mdrrrrrrrr moi et ma sur, un moment je suis descendu aprs j'tais morte de rire je suis remonter en courant mdrrr
@_PileAlcaline_ j'ai fait un sjour y'a 3 semaines, j'ai failli me sauver en courant. Courage! (j'espre que c'est pas trop grave)
@__KJG si c'tait avec toi tu serai dj au courant
@_guillaumus rponse de la mairie de saran retarde, je serais au courant dans une semaine a me fait chier ...
@_himchannie d'accord mais si tu changes d'avis ou si t'es dcid, je serais 'pas contre pour tre mise au courant' uu mdrrr
@alexplumet ok Vazy on se tient au courant ! Au pire on refait la sorti avec vous nous Ahaha
@barthezo trs bientt.... ds que j'ai l'info vous serez au courant! Keep Walking
@carrikri a pieds puis en train, je be jus pas les infos et de toute faon on nous ment #theorieDuComplot @RERC_SNCF
@chkaki C'est bien, comme a tu seras au courant s'il y a un truc. Au cas o. Et la vie parisienne, a va ?
@conducteur_prg et la mauvaise communication ? C'est marrant, mon train est quasi toujours dans les 7% restants. RER A / Transilien L...
@deadbillou il parat qu'ils ne seraient pas au courant du moment exact d'arrive ... #septique
@gillesverdez encore ce soir !,galre sur le rer d, pas de ! trains, et un seul train bond les uns sur les autres !
@goguemeu @RERC_SNCF si si je viens de prendre un train a la norville a 38 mais terminus a Auster pour dfaillance techn sur le train....
@gowbieber @xauhlx @bizzlevbutera tg ta miley cyrus en pp de koi tu parle ta mer est 1 putain t o courant ? tn per cuisine des shnek h24 hm
@ihdinah jspr j'serais maquille et en bonne humeur sinon tu vas avir peur et partir en courant msk
@jo_lscl t'es au courant que tu vas te prendre une racle monumentale, t'es sre de vouloir dclarer la guerre hein?! Hein?!!!
@jom_s Bonjour John. Selon mes dernires informations, vous devriez recevoir un courrier dans le courant des jours qui arrivent. ^ml
@karkarsephora oui des 6 me depuis l'anne dernire avec la rforme des associations de n'importe quel courant vienne enseigner ce qu'ils
@kevadamsss OMGGG! T'es au courant que tu es rellement en train d'abmer notre vue avec ta perfection? KILL ME.
@kmi_rob J'espre que la situation sera corrige le + rapidement possible. N'hsitez pas  me tenir au courant.
@kyvandoan @RERC_SNCF mais y a pas cours aujourd'hui
@laurentgallois Comment tu fais pour parler au reste du train coup en 2 ? ;-) niark niark #rerB
@leloupdepaname Tu ne savais pas pour la pute de mre ? J'ai fait une gaffe alors. T'es bien au courant de mes pipes, je t'en ai fait ?
@leoxymoron Moi mme je suis  deux doigts de partir en courant! Ils avaient dit poussires pas tempte de copeaux de bois!
@lexie2608 c'est en Normandie qu'elle sera la + suivie avec Paris.. je te tiendrai au courant au moment venu si g bien eu mon train initial
@lignesNetU_SNCF pas de train/obliger de prendre ligne 1(RERA 25m d' attente), ligne 6 & attendre un train  montpar. 2/x)
@marionmln j'espre aussi, j'te tiens au courant
@mikemg93: Voyageur coup en2  Pantin. Vs n'en avez pas marre #rerE [des]trains trop petits! #voustesresponsables
@mimiweb75 @RERD_SNCF c'est la mme annonce que ce matin. Les trains ne supportent pas le froid ?
@mrccn_ c pas gars ptdrrt tqt tu serai dj o courant
@n_amadou je suis au courant de tout  vous me suivez depuis lgtps vous devriez le savoir. Mais de l  "souhaiter" la dernire place?
@nado2412 @AsmaSarah261184 @lydiab38 @AmelCherrys @Reda2306 @Lakouz78 pfffff un courant d'air et ils tombent malade!!
@nmathers_ 1er jour o t'es plus en France et je loupe le bus ... concidence ? Je ne crois pas... :(
@noisegrrrl Tu vas perdre cette guerre, j'espre que t'es au courant.
@pandai5y J'AI UNE APPLI QUI LES A COMPT  MA PLACE, ALORS SACHE QUE JE SERAIS TOUJOURS AU COURANT DU NOMBRE DE JOURS QU'IL RESTE
@phobianorexi ouais je pense que a serais bien ! Mais t'est au courant que ton bleu va "dlav" et tu va passer soit au vert dgeu ...
@sarahmmond @ShadesOfAnger j'suis pas fire je te jure, t'es au courant que la dernire lubie c'est de mettre une crche dans la mairie ?
@sidonie_s Ils sont minable cette saison.. j'espre qu'il le seront aussi face  nous ! ^^. Tu me tient au courant du score ?
@soph_cm On y apprend que Gorbatchev lui-mme n'tait pas au courant de tout au dbut de l'accident. @VincentGranier
@stylsxweird oui mais.. je.. j'tais pas au courant.. c'tait pas prvu.. fin.. je sais pas comment dire.. a me fera trs plaisir merci
@sxckmyashley tt au courant? Et il doit aller voir ma gm bc elle est malade, a mderange pas jcomprends c sa mre, le truc c qu'il avait tt-
@theaventuria @Virgiinie_ Aprs on peut faire tourner pour ceux qui sont prts  payer bcp et ne seraient pas au courant de l'enchre
@wakemewp je viens de voir que t'es souffrante bb, j'espre que a va mieux. tiens-moi au courant et surtout, repose-toi.
@xntoine Tiens moi donc au courant de comment ca se sera pass
@zera_im ptdddr a essayer de te grer tout sa , j'tait pas au courant moi
A 2 doigts de l'accident grave de bus #DirectLive #Mourir
A cause de ce FDP de RER j'ai loup le bus
A chaque fois jsors du rer jvois le bus est la en haut dla mont dtape un sprint du coup -_-
A coup sre je vais me planter de bus a la gare
A dfaut d'avoir des infos par le conducteur, @RERD_SNCF pourquoi le train est bloqu au nord?!
ATTENTION ! Les trains sont sans arrt entre Paris et Villeneuve Saint-Georges dans ce sens jusqu' 19h #RERD #BOF
ATTENTION :  partir de cette semaine et jusqu'en 2017, #Sarkozy ne sera absolument pas au courant des factures payes par l'#UMP
Accident  Michelet-Sciences. Ligne 2 du tram coupe vers Orvault Gd Val pour faire passer les secours. @infotrafic_tan @TANinfos
Accident de bus  Cuba : tout est mis en oeuvre" pour aider les blesss, Valls - 02/12/2014 -   #Toulouse
Accident de bus #Cuba : le maire de #Ouistreham sera  l'aroport demain pour accueillir les touristes normands
Accident de bus au #Kenya ?Non !,Juste quelques chrtiens massacrs par des musulmans. #islam religion d'amour "
Accident de circulation au Bnin : plusieurs morts et des blesss graves lors d'une collision entre deux bus au nord.
Accident de personne  Pantin... #rerE
Accident de tram! C'est plus de la 30me fois cette anne!!
Accident impliquant un autobus dans Ahuntsic ()
Accident sur la ligne de tram ds le matin!
Actuellement en train d'effectuer des rites vaudous sur la moiti de la population du wagon de mon RER.
Ah voila ; eneo nous remit le courant
Ahmet le seul gars qui voit des accident de tram
Alerte radio au nord du #RERD. Trafic interrompu. Bon courage !
Alerte trafic : #rerD Retards sur toute la ligne
Aller a commence, @RERC_SNCF train bloque a Breuillet. Train en panne comme dab hein @quoimaligne
Aller au sport en courant dans le noir et passer par la foret c'est pas top... J'espre les violeurs sont pas de sortit :D
Alors que quand je m'entrane en courant sur le bton, je cours carrment vite, je prfre vraiment
Apres 1 semaine tous le monde est au courant que je suis la donc je reois des msg facebook
Arrt supplmentaire  Arcueil-Cachan... Hm le train tait pas cens tre direct ? #RERB
Arrter avec Jan #Jambon svp. S'il y tait c'tait  l'insu de son plein gr, il tait pas au courant et en plus il avait ses raisons #begov
Aujourd'hui j'ai reus deux heures de colle, une dont je suis au courant mais l'autre je sais pas d'o elle est venu..
Aujourd'hui j'ai vu un accident devant mes yeux, c'tait ce matin.  6h devant mon arrt de bus, la droums elle tait m'haseub
Aujourd'hui ya des problmes sur les deux rer que je prend... donc je suis pas all en cours. :D
Aujourd'hui ya eu une panne de courant et ya une meuf qui retir de l'argent en mme temps alors sa a coup elle a commenc a pt un cble!
Avec ses coupures de courant rpt, je vous conseil l'onduleur pour protger vos quipements IT. @microchoixmaroc,
Bnin: Accident mortel dans la ville de Djougou entre deux bus de transport en commun. 40 morts et des blesss.
Bobo demande  son pre:,- Papa, Toi qui me demande d'aller tudier mme quand il n'y a pas du courant... est-ce...
Bon a y est il neige trois flocons, imaginez l'tat du trafic #rerb ce soir!
Bon on a des partiels d'ici deux semaines, on est au courant pour deux matires, s'il y en a plus, on ne sera pas au courant tant qu'un-
Bon, on tait au courant en interne depuis quelques jours, mais concernant Sivens, Remi Fraisse, la caravane:
Bonjour @Paupau_hand. Nous vous tiendrons au courant ds que la billetterie en ligne sera ouverte :)
Bonjour @RERC_SNCF, des problmes sur la branche dourdan ?? Seul un train HELLO est passe  vide..
Bonjour, @BlackBetty84 concernant le pravis de grve pour la fin de semaine, le trafic sera normal sur #RERD. Bonne journe.
C'est l'histoire d'une fille qui prend le #RERA tous les jours et qui croit encore qu'en partant en avance, elle sera a l'heure en cours...
C'est normal qu'il fasse froid on est en dcembre. Arrter de faire genre vous tiez pas au courant.
C'est tous les jours cette semaine ! RT @RERB: 07:21, le trafic est ralenti de Le Bourget vers St-Remy / Robinson (incident technique) #RERB
C'midi j'montait a nation et la j'vois Clara arrive en courant vers moi j'tais trop contente
CM Chandrababu Naidu escapes bus accident
Ce matin j'arrive en retard  cause du rer, ce souar c'est  cause du train... Vouala chacun son tour. @PeggyBroadus
Ce matin le bus il est passer en avance et aprs ma mre s'tonne que je le loupe
Ce matin y avait un accident sur les rails du tram du coup j'ai suivis les rails  pieds pour aller en cours mdr
Ce midi a la gare, ya une fille qui est arriver en courant et a sauter dans les bras de sa mre en pleurant c'tait trop touchant **
Ce qui serait vraiment drle maintenant c'est que le bus ai un accident...
Ce qui vont en bote Vendredi soir  l'amricain bordeline , j'espre que vous tes au courant qu'il y a les camras de youporn
Ces les sur qui porte le voile que les keuf veulent dvisager normale que les frre me tiennent au courant il ce sont fait taze
Cette aprs-midi tellement elle avait peur de moi et Clmence elle est partit en courant j'tais morte de rire
Ceux qui sont dans le rer B aprs moi vous tes ds la merde  Je crois ya plus de train ! Le chauffeur "vs etes le dernier train  passer"
Cher @RERC_SNCF, il faudrait vraiment faire quelque chose pour le train de 7h55  SGRAT. Chaque millimtre carr est occup ds SGRAT
Cher @RERD_SNCF, pk TOUS les trains, ralentissent  l'approche de #Juvisy, rendant SYSTMATIQUEMENT IMPOSSIBLE correspondance @RERC_SNCF ?!
Chine : trois coliers meurent dans un accident de bus scolaire
Circulation au ralenti sur le boul. Marie-Victorin  Longueuil. Des autobus bloquent la voie de service.
Colis suspect sur le RER A: il s'agissait d'un train  l'heure avec des places assises. Les dmineurs ont procd  sa destruction
Comme a ma grand mre est au courant.
Compteur "intelligent"d'Hydro Qubec? Chez-ns, l'interruption de courant pour l'installer vient de ns coter une tv! C a "intelligent"? :(
Conseil du jour : Tenez-vous au courant de la dernire #rforme sur la #formation #professionnelle (1/2) Quelle...
Coupure de courant au #FIVEPARIS toute une quipe en deuil... ca sent la bire offerte la semaine prochaine non ? @lefivefc @JulienSandrin
Courir pour le bus, courir pour le rer...twop kouri pa bon!
Croyez moi si je suis en final tout mon bahu sera au courant que je suis prise !!! Grace au hashtag #BrunoJeVeuxVoirVioletta @BRUNOFUNRADIO
Cst mieux demain il neige comme sa pas de bus pas cours se sera
Cuba : 41 #touristesfranais victimes d'un accident de #bus  #collision #lundi
Dans le RER jsuis avec ma cops et mon macdo et y'a une petite elle arrive elle se sert des potatoes ! WTF ?! Eduquez vos gosses un peu !
Dans le bus j'aime bien couter les conversations des gens SAUF quand on dit que y'a une grosse araigne juste derrire moi
Demain c'est la grave des trains mais askip pas de RER huuuuum !! a m'tonnerai tient ! Tant que y a le mot grve ils sont la !
Demain je vais trainer 2h dans mes magasins pour attendre le bus, j'espre trouver des cadeaux
Derrire moi dans le bus y a le couple de pr pubre qui se roule des pelles, mais genre leurs bouches se dcollent pas quoi...
Des travaux modifient la circulation des trains sur la ligne #RERE entre Haussmann Saint-Lazare et Tournan  partir de 22h55 #BOF
Deux matins de suite le train me rajoute des arrt donc je loupe mon rer donc j'arrive en retard clairement a me casse les couilles
Dgagement de fume d'un train  #GaredeLyon tous les trains sont maintenus  quai #RERD #SNCF #MetroBoulotDodo
Dnoncez mais juste l c'est pas la bonne manire quoi lol. Pas maintenant. On est au courant en plus de tout a xD
Donc ce batard de train nous fais descendre et on nest cense attendre un autre train dans le froid #RERD
Donc faut ke je rcupre Antonin puis David et Gilles en esprant que Morgane soit  l'heure et ke l'on est un bus tt a pr aller en sport
Donc si je n'avais pas rat mon RER, je me serais point comme une fleur au bahut pour poireauter pendant deux heures. Youpi again.
Donc y'a un mec qui s'est fait coup en deux par mon RER. Ok.
Double train #RERB rnov j'ai oubli de me mettre en tte de train... J'espre quand mme arriver  destination!
Du coup je vais passe chez mon pre et je prend le 4 pour aller prendre le 10 pnt jprend trop le bus aujourd'hui c'est grave
Du coup, vu les problmes de RER C (apparemment a sera comme a jusqu'en 2017), sa me pousse encore plus a prendre un appart. #RERC
Elle s'est fait mal en courant. J'espre que ce n'est pas trop grave.
En 2015 inch' vous comprenez que ca sert a rien d'appeller dans le rer avec le resau qui coupe toutes les 3 sec .....
En fait je suis au courant de tous les lives pas loin et : ma mre qui me laisse aller nul part <3
En plus le conducteur a dit " veuillez ne pas descendre du train" fdp t'as cru qu'on tait des segpa" ?#RERD
En rpercussion d'un incident affectant la voie  #GareduNord, le trafic est perturb sur la ligne. Retour  la normale ~12h #RERB
En rpercussion d'un incident survenu  AUBERVILLIERS, le trafic est ralenti sur l'ensemble de la ligne. #rerb #bonnejournee
En temps normal, je devrais tre en cours si le rseau #rer fonctionnait correctement... :(,J'en suis qu' la moiti de mon itinraire #qml
En vrai ma mere elle m'a cramer bo2 en coupant le courant l'autre jour, maintenant jsuis obliger de remettre a chaque fois les paramtres
Entre la coupure de courant l'alarme descendre du lyce re monter faire cour pendant 45min pour dire qu'au final on peut repartir chez nous
Est-ce que tudes augmentation vapeur deau ds atmosphre & orages aideraient  comprendre le courant lectrique ?
Et l mon frre me dis que devant son bus y a un accident grave de voiture mdr trop devin
Et puis pour ceux qui ne seraient pas au courant, au Maroc pas d'assurance inondation pour les villages en montagne... #EnchresBerbres
Et sinon pourquoi y a 1 train sur 2 terminus Combs la Ville au lieu de Melun ? #RerD #NACO #ZACO Mme le dimanche y a plus de trains -'
Faouzi Lamdaoui proche de Franois Hollande se sauve en courant...,Rpublique Bananire ? il y en a de plus dignes sous les tropiques !
Faut arrter les "il va neiger" "demain y a grve des bus". Pas de faux espoir on va tous aller en cours normal cette semaine<<<<
Faut que je regarde mes bus histoire d'arriver un peu plus tot  mon cours.... Deja que je serais en retard lol
Faut vrmt que a s'arrte l!! Encore un accident..dans un bus, c'est pas possible..
Fin bon, il sera au courant. Il reviendra.
Flash info #RER E : trafic trs perturb, une personne serai bloque sous une rame  Pantin... #SNCF cc @itele @BFMTV
Garcia elle a pas peur de tomber en courant avec ses talons. Sa serai moi je me serais dj casser la figure
Genre le matin je prends le bus pour un arrt et le pere de romane qd c lui qui conduit le bus il me traite de flemmarde devant tt lmonde
Genre le mec s'enfuit, il prend la route en courant et derrire t'entends "BAREEEEEY !!! BAREEEEEEEY !!!" PTDR c'est trop
Google rappelle que Inbox ne sert  rien et sera arrt courant 2016
Grve du 1er dcembre  Lige: les syndicats pas au courant des dbordements de certains de leurs membres, e...
Herv @rhevus01 :#RERB Train stopper sur toute la ligne suite incident grave a Aubervilliers @TF1 @Fra...
Heureusement que dans mon quartier y'a du courant bc j'aurais pter un cble
Heureusement que vous etes la pour rappeler que la famille c'est important ou que qu'Israel fait ca craint Sinon on serait pas au courant
Hier, j'aidais mon Beau-Pre  porter des trucs, j'ai vu une araigne, j'ai tout lch en criant et j'me suis barre en courant...
Hier:Ici ENEO : On vous coupe le courant le samedi 6 ou le dimanche 7?Moi: ok pour samedi je serai au bar.Tchak!,Moi: bordel on est le 2!
Hummmm vu les problmes de trains je sais pas si le bus sera la :(
Il est 01:28 et le trafic est normal sur l'ensemble des lignes de RER
Il est 01:39 et le trafic est normal sur l'ensemble des lignes de RER
Il est 12:28 et le trafic est normal sur l'ensemble des lignes de RER
Il est 12:39 et le trafic est normal sur l'ensemble des lignes de RER
Il est 19:11 et le trafic est normal sur l'ensemble des lignes de RER
Il fait trop froid dehors du coup j'attends mon bus  l'intrieur du lyce et vers 15 je vais  l'arrt
Il ferait mieux de couper les dcos de Nol et laisser le courant  ceux qui n'arrivent pas  payer pendant l'hiver
Ils ont pris le courant, ils l'ont remis ils l'ont repris et ils l'ont remis encore
Infotrafic #RERC +10/20 min sur axe Dourdan - Paris - Chaville ds ce sens, jusqu' 8h30 (panne d'un train, acte de malveillance  un PN)
Infotrafic #RERC : Les trains BALI et DEBA circulent au dpart d'Ermont Eaubonne jusqu' 19h (incident sur la voie)
Infotrafic #RERC Interruption entre Brtigny et Dourdan, ds les 2 sens (panne d'un train Egly) Reprise estime: 8h30 >
Infotrafic #RERC Reprise progressive entre Brtigny et Dourdan (incident panne d'un train  Egly termin). Plus d'infos  venir
Infotrafic #RERD : Les trains sont directs de Paris vers Villeneuve Saint-Georges jusqu' 19h (panne d'un train)
Infotrafic #RERD : Ralentissements dans le sens Paris vers Melun/Malesherbes  prvoir jusqu' 21h (panne train)
Infotrafic #RERD [MAJ] +10/15 min sur ensemble de la ligne jusqu' 12h (panne d'un train  Maisons Alfort) >
Infotrafic #RERD [MAJ] Perturbations  prvoir jusqu' 23h (panne d'un train)
Infotrafic #RERE : Ralentissements  prvoir jusqu' 20h30 de Paris Haussmann vers Chelles Gournay (accident de pers)
Infotrafic #RERE [Mise  jour] Ralentissements  prvoir sur l'ensemble de la ligne jusqu' 20h30 (accident de pers)
Infotrafic #ligneP : Ralentissements jusqu' 20h50 sur l'axe Tournan/Coulommiers (accident de personne sur #RERE)
J'ai appris une super nouvelle aujourd'hui,apparemment je serais en couple et je serais la dernire au courant!si c'est pas beau ca!
J'ai aucune motivation pour aller en cours demain. Il fait froid, faut prendre le bus, aller dans des matires que je dteste, finir tard...
J'ai cours a 30 mon frre lui il part a 20 on est en retard jv dire c mon bus
J'ai dcid de renier mon frre pck il a pas voulu me dposer en ville, du coup le bus de 28 bye bye
J'ai des courbatures au mollet au cuisse derrire les cuisses aux paule et aux obliques juste en courant
J'ai envie de ngocier avec mes parents pour aller au OTRAT une deuxime fois mais ils voudront pas mdrrr. Dj mon pre est pas au courant-
J'ai l'impression de passer ma vie dans le train... RER, Mtro, TGV, Mtro.
J'ai loup le bus parce que mon pre m'a rveill  20
J'ai loup mon bus du coup je suis partie boire un verre avec ma mere
J'ai pas cour, ma mre ne sais pas que je suis au courant elle ne m'a toujours pas prvenus
J'ai rat mon bus Nike sa mre les cours
J'ai tellement pas d'endurance qu'en Sport je tiens mme pas 6 minutes en courant. Je sais pas si je dois rire ou avoir piti de moi mme...
J'ai vraiment le talent pour sortir de chez moi a la dernire minute et devoir courir pour choper mon bus.
J'aime beaucoup tes tweets ils me motivent dans ma perte de poids! J'espre que tu vas arriver a tes objectifs! Tiens moi au courant
J'appel ma mre "j'ai louper mon bus de 1min" elle m'a dit "bah vas y je viens te chercher"
J'attend toujours des nouvelles pour le nouveau update je vous tiens au courant quand il sera disponible
J'aurai du prendre le tram chaque fois le rer b il ralenti avant d'arriver  gdn
J'avoue je ne pense pas pouvoir assumer les photos de ma mre ou de mon pre nu/sexy. a a beau devenir courant, mais ma mre...
J'en est marre du Rer B tjr train retard.. C rarement normal !
J'espre qu'elle ouvrira les yeux au plus vite parce que si moi j'arrive a tre au courant alors qu'on a plus aucun contact
J'espre qu'il est au courant qu'il a une princesse
J'espre que demain il neige. Beaucoup. Comme ca pas de bus >> pas de cours
J'espre que demain il neigera bc si mon bus peut pas pass, je ferais pas Koh Lanta pour aller en cours
J'espre que j'ai pas loup mon bus ptn
J'espre que y'en n'a quand il neigera vous tenterez pas de courir aprs le bus la c pas le froid que vs affronterez mais le sol
J'sort du bus il fais cevi il ralenti pour qu'on marche ensemble donc j'ai chang d'trottoir
Jai rat le bus ce matin j'espre mon pre il va pas m'engueuler. Et puis a me fait chier du coup je me suis leve tt pour rien -__-
Je crois que mon frre tait au courant que j'tais pas en grande forme, du coup il m'a appel
Je descend du bus et chez pas pourquoi je pensais  un accident
Je dis a ma mre cest cool quand yaura dla neige y'aura pas de bus donc pas de cours et la elle me dis tkt je suis la je pourrai te conduire
Je dis a mon pre que je ne vais pas en cours aujourd'hui car j'ai loup mon bus il me rpond "ok"
Je dois tre la seule personne  se faire amener par sa mre  la gare pour aller en cours et prendre un bus pour rentrer
Je ferais semblant de te croire quand parfois je sais que tu mens, je ne ferais mme pas d'histoire si tes exs reviennent en courant
Je loupe mon bus, celui d'aprs passe pas, et le trois a eu un accident donc il y avais des gros retard.. J'ai vraiment une vie de merde mdr
Je loupe tous les rer et mtros  1sec prs ce soir !! #JaiFroid
Je me lve pr aller en cours dj, le bus il vient pas a l'heure j'me dit Vazi je vais prendre le RER
Je me rveil tranquille je regarde l'heure 06h26... Mon bus passait a 30 du coup, re dodo et on verra bien ce que dit ma mre
Je me suis fait peta mon phone dans le bus et j'ai reussi a le rcuprer !!
Je prfre mettre personne au courant
Je propose de relier "RER B"  "problmes de trafic" aprs tout c'est des synonymes non ?
Je prpare secrtement un blog, j'espre pourvoir le lancer dbut Janvier. Je vous tiens au courant de l'avancer du projet! :) Bonne soire
Je regarde le match chez Apolline si on marque ... Treon sera au courant jcrois
Je reois des snaps de Quentin oklm mdrr le pauvre il doit mme pas tre au courant
Je sais pas comment je vais faire. Je crois que je vais courir pour essayer d'attraper un bus plutt et pas louper le red carpet des BTS #
Je sais pas se qu'il y a en bas de chez moi le soir mais mon chien arrive toujours  enlever la barrire des escalier et monte en courant..
Je serais contente de me rveiller demain matin avec 5cm de neige, du coup pas de bus,pas de lycee,pas de bac blanc !
Je suis dans le RER avec ma mre qui corrige ses copies, jamais autant de gens l'ont regard avec l'air trs tonn cest marrant
Je suis dans le regret de vous annoncer que malgr cette lgre tomber de neige les bus passe. Alors vous allez tous en cours :)
Je suis rentre chez moi en courant et en criant "pipipipipipipipipipipipipi !",Ma mre m'a regard genre "je n'en peux plus d'elle..."
Je vais couter un peu de Era dans le RER j'espre que tout le monde comprendra que je suis mystique et charismatique
Je vais parler a mon pre je vais faire le bb et il va srement cder pour pas que j'aille en cour mme si les bus passent
Je veux le dire  personne, mais je suis sre qu'au final tout le monde sera au courant !
Je vous jure prendre le rer en coutant no control a donne la pche
Je vous prpare ma prochaine vido qui seras surement dispo ce week-end si tout ce passe bien je vous tiens au courant .
Jme leve j'chante niro,jsui dns le rer j'coute niro,jsui en cour j'chante niro,jmange jecoute niro! Ma journe est rythm par @officielniro
Jpense que tout homme de fer tait au courant, merci les LEA et aux inconnus qui ont chants, applaudis et siffls
Justin il a fait un tweet spree le 1er dec j'etais meme pas au courant lol ah ok fdp
Jvais demander a mon pre de faire des cours a distances psq prendre le bus tout les matin pour voir des tte de cons nan merci
L'#hiver est l, #RATP-SNCF n a toujours pas l'habitude ! Les #rer sont au ralenti .. #rediff #fausses_excuses !!!!!
L'accident de tram ce matin il a bien cass les couilles
L'autre coup j'attendais juste le bus au temple le shab a mn frere y passe en vago y la appler direct pr lui dire ya ta soeur qui skoite
L'infotrafic Ligne C : Dourdan Brtigny ralenti 8:28 #rerC -
L'infotrafic RER D : trafic perturb sur toute la ligne 7:52 #rerD -
L'infotrafic RER D : trafic perturb sur toute la ligne 9:06 #rerD -
La coupure de courant en pleine dissert c'est un signe. a me dis clairement d'arrter et de sortir ce soir
La facture de courant est venue 100 0000 F et plus , mdr mon pre m'accuse de trop utiliser ma clime!!
La galre du soir aprs le show des gars a faire des allers retour entre l'avant et l'arrire de la salle en courant pour au final rater-
La garantie jeunesse dj exprimente dans le Finistre, tendue  l'ille-et-Vilaine au 1er janvier, Morbihan et Ctes d'Armor courant 2015
La ligne C a encore frapp ... Tous les trains supprims en gare de juvisy en direction de Paris. Que dire ... #LigneC #RerC #SNCF #RasLeBol
La pauvre universitaire en panique de la lenteur du train en face... Vous tes des monstres @RERB
La seule chose derrire la quelle je cours  prsent c'est mon chien et le bus a 8h
Laurine elle sais et seras toujours au courant de toute ma vie ! C'est la meilleur !
Le Figaro - Surpopulation, pauvret, immigration : pourquoi l'Afrique et l'Europe doivent cooprer: FIGAROV...
Le TA en question est-il au courant de l'existence de la coutume comme source de droit ? (1re anne 1er semestre) #lasttweet-s
Le bus a fait un accident
Le courant lectrique a t rtabli vers 16h50. Le transfert des donnes vers les serveurs a pu reprendre sans problme.
Le jour o j'aurai mon 1/5 je serais fixe devant mes posters et me dirais "putain ce mec me  est au courant de mon existance ptn"
Le jour o je sors sur Paris en mode "pas soign", je me fais draguer dans le rer, rencontre des artisants gniaux et j'ai un coup de foudre
Le machiniste annonce un accident grave de voyageur au nord #RERB #SNCF
Le mercredi dans mon bus on est 3 mddr le chauffeur y ma reconnu de la semaine dernire du coup y m'dit "la fert St Cyr?"
Le petit sprinte que j'ai tap pour pas loup le bus, mdrrr Lucie elle tait paume derrire elle arrivait pas a suivre
Le pire c'est qu' la recre je lui est expliquer que j'tais pas au courant que je quitter a 11h
Le plombier demain matin n'a pas intrt  me faire le mme coup qu'EDF la semaine dernire !
Le pre  Mathias devait nous emmener mais il a une intervention avec le gign donc du coup on prend le bus
Le trafic est ralenti de "Le Bourget" vers "St-Remy / Robinson"  cause d'un incident technique #RERB #BOF
Le trafic est ralenti de Neuilly-Plais. vers Marne-la-Vallee Chessy  cause d'un rail endommag #RERA #BOF
Le trafic est ralenti sur la ligne #RERB  cause d'un incident technique #BOF
Le trafic est ralenti sur la ligne #RERC entre Dourdan et Brtigny #BOF
Le train c'est cool. Surtout avec 1h30 de retard. #RERC #Besoindedormir #RIP
Lecigne elle va m' appeler je serais au courant de tt comme sa mdrrr
Les gens aiment trop crier.,Dans les transports en commun , bus , train , RER A , RER B , en cours , au lyce , dans les magasins
Les gens de ma classe se font une soire pour le nouvel an ... Bien sre j'tais pas au courant puisque je suis pas inviter.
Les gens galres dans le train #rerb
Les trains BALI et DEBA circulent au dpart d'Ermont Eaubonne jusqu' 19 H #RERC #BOF
Les trains jusqu' Bienne sont remplacs par des bus ce weekend. Gnial. a pue la galre  des kilomtres.
Leschrtiens sontla lumire dumonde, maisnoublionspas dtablir,le courant.
Limite quand je cours derrire le tram ou le bus bah je me dpense plus qu'au lyce, j'fais escalade svp, e.s.c.a.l.a.d.e
Louper son bus, puis prendre le bus qui reste bloqu derrire tous les trucs possibles et imaginables...
MAUVAISE : Des #transports plus #chers en #le-de-France -  #RATP #train #RER #metro #paris #transilien
Ma jeunesse est la couleur des train Rer C je rvait de percer
Ma mre a la flemme de m'emmener jusqu'au bus bah trnql j'vais pas en cours et je vois pas certaines personnes
Ma mre dit que j'suis mi homme mi courant d'air, elle entend que les portes qui claquent
Ma mre elle est pas au courant, ce matin je suis parti j'avais ma touffe habituelle elle va revenir ce soir je vais tre chauve.
Ma mre elle est venue me chercher, j'tais pas au courant
Ma mre elle tait en pleurs pendant la nuit, en plus ma petite soeur elle est au courant de rien
Ma mre en revient pas que j'ai pas loup mon bus ce matin
Ma mre m'a dpos  1arrt de tram de la fac mais je dois repasser  la gare pour mon billet de train ce soir pff
Ma mre pour une fois elle me dis elle m'emmne a l'arrt de bus et ba sa voiture dmarre plus du coup j'ai pas t en cours
Ma prof de franais elle est toujours al.. Mme quand ta un accident de tram et qu'elle est dedant...
Ma prof en AP elle veut nous noter un travail..je crois qu'elle est pas au courant qu'il y pas de matire spcifique pour l'AP
Maintenant faut arrter de couper le courant, c'est plus drle.
Maintenant que je suis au courant c'est sr je viens, j'espre croiser @Caradelevingne et @katemosse
Mais genre y a 1semaine j'tais  Cuba et tout et la y a eu un accident de bus de touriste avec la mme compagnie et mon guide il est bless
Mais ma mre elle est au courant et quand jlui demande elle me chante je ne dirais rien
Mais oui bien sur, un rail se casse comme a d'un coup comme par magie. Le matriel est pas cens tre contrl??? #rerb
Manquerais plus que je loupe de bus de la gare routire pour que ma semaine soit parfaite
Mddr un jour avec mes freres , melissa ect on voulait esquiver qlq donc on est sorti de chez moi en courant
Mdr ma mre et grv au courant pour l'actu des boys
Merci  Twitter d'exister, sans toi je ne serais pas au courant de la vie de mes potes
Mes parents sont pas la je dois aller chercher mon petit frre en ville aprs sa comptition UNSS! En bus en plus, gnial
Meteo du #RER (#ratp) : OK () 03/12/2014 a 12:33 Trafic normal sur l'ensemble ...
Meteo du #RER (#ratp) : OK () 03/12/2014 a 19:17 Trafic normal sur l'ensemble ...
Micro coupure de courant chez loloy il re dans un mom
Mince ma pote est coince dans un bus de buca, enceinte et a des contractions. Elle se trouv a 35km de dla y a eu un accident entre camions
Mme le #rerb est blagueur ds le matin avec sa suspicion d'accident de voyageur  aubervilliers. Finalement RAS. Tout a pour a ..
Mme pour le mercredi, mon gars je loupe mon bus, ma mre elle la dmonte
Moi perso pr aller en cours jprends pas le bus, ni le train, pas de vlos j'y vai a pied bc ma maison est juste derrire
Mon #bus a ou start/stop ou des soucis de ralenti. Pour start/stop tapez 1. Pour ralenti, tapez 2 #Qu Nafre #HomeSweerHome
Mon bus a encore eu un accident. Mon chauffeur y me tue mddrr. De grosses barres !
Mon bus a mis trois ans  partir et maintenant qu'il est parti, il roule extra vite. Avec la chance que j'ai, on va avoir un accident.
Mon frere i ma ft peur il est en rentre en courant comme ca
Mon oncle qui me dis "touche la prise, tu serais au courant"
Mon pere il me sort sa oklm j'suis la dernire au courant
Mon pere m'as dis "juste pr que je sois au courant..." Et la je pensais y'allais me parler de Flo mais non
Mon petit frre chaque fois avant d'aller  la douche il fait un tour de la maison en courant  poil mdrrr
Mon pre a dmnager j'suis mme pas au courant
Mon pre est au bled, et il tait aussi au courant que ma sur n'est pas aller en cours ! Merci la vie scolaire de son collge
Mon pre il a eu un accident  son travail et je suis encore la dernire au courant beh merci
Mon pre il a un truc au genoux et j'ai trop l'impression que le monde entier est au courant ptn.. Ma mre elle le dit  tout l'monde t'sais
Mon pre:"D'ailleurs il doit rejoindre une de tes amies  jaude t'es au courant ? -Euh non mais je crois savoir qui c'est,j'en suis sure"
Monsieur Le Dput Maire, tes-vous au courant que Charlotte PIRRONI reprsentera la Cte d'Azur le 6 /12  Orlans ?
Mtro Ligne 1 En raison d'un incident technique, le trafic est ralenti sur la ligne. Trafic normal sur les autres lignes Mtro.
Mtro Ligne 12 En raison d'une panne de matriel, le trafic est ralenti sur la ligne.
Mtro Ligne 13 En raison d'un malaise voyageur, le trafic est ralenti sur la ligne. Trafic normal sur les autres lignes de Mtro.
Mtro Ligne 4 En rpercussion de la prsence d'un colis suspect, le trafic est ralenti sur l'ensemble de la ligne. Trafic norm [1/2]
Mtro Ligne 5 En raison d'un incident technique, le trafic est ralenti sur l'ensemble de la ligne. Trafic normal sur les autres [1/2]
Mtro Ligne 5 En raison de mesure de scurit  Oberkampf, le trafic est ralenti sur l'ensemble de la ligne. L'arrt n'est p [1/2]
Mtro Ligne 5 En raison de mesure de scurit Oberkampf, le trafic est ralenti sur l'ensemble de la ligne. L'arrt n'est pas [1/2]
Mtro Ligne 5 En raison de mesure de scurit Oberkampf,le trafic est ralenti sur l'ensemble de la ligne. L'arrt n'est pas m [1/2]
Mtro Ligne 8 En raison d'un malaise voyageur, le trafic est ralenti sur la ligne. Trafic normal sur les autres lignes de Mtro.
Mtro Ligne 8 En rpercussion d'un malaise voyageur, le trafic est ralenti sur la ligne. Trafic normal sur les autres lignes de Mtro.
Noooooonnnnnnn! Le #rerD circule au ralenti (mais vraiment) entre stade de France et Gare du Nord ,(j'vais compter les cailloux) #qml
Notre site internet sera bientt en ligne et ce sera ici  on vous tiens au courant cc @sebastien85300
OGaming_TV je suis coinc ds mon RER et loupe du starcraft :( wouhal qd mme :) #SNCFJETEHAIS
ON EST ARRIVES EN COURS AVEC 3/4 DE RETARD ON A MYTHO C'ETAIT LE RER MDRRRRRRR
OUAAAAAAAAAH LA PUTAIN DSA MRE LA PUTE Y CAILLE SA MRE ET LE BUS IL ARRIVE DANS 15MIN C MORT JV RENTRER EN COURANT BABABABA
Oh mais d'ac j'tais mme pas au courant que l'atl jouais, je reois une notif "Antoine griezmann  0-1 pour l'atletico"
Ok on a compris le traffic est ralenti sur la ligne #rerb. Mais soyez au moins foutu d'afficher des horaires fiables. C'est si difficile ?
On est parti en retard j'ai du courir avec mon frre pour pas louper le bus
Oups ! Des retards de 10  20 minutes sont  prvoir sur les axes Paris Haussmann Saint Lazare / Chelles Gournay jusqu' 20h30 #RERE #BOF
Oups ! Trafic perturb sur toute la ligne #RERD #BOF
Oups, le trafic est ralenti de Neuilly-Plais. vers Marne-la-Vallee Chessy  cause d'un rail endommag #RERA #BOF
PADAM, PADAM, PADAM... IL ARRIVE EN COURANT DERRIRE MOI.. PADAM, PADAM, PADAM... IL ME FAIT LE COUP DU SOUVIENS-TOI...
PTDRRR la femme qui court derrire le bus parcequ'elle la loup
Papa Nol @LDLC si je gagne le #traineauLDLC je pense que tout mon voisinage sera au courant ! #ExplosiondeJoie
Papa Nom @LDLC si je gagne le #traineauLDLC je cours dans la rue et je fous le bordel dans le tram en gueulant comme un tar et tout a rec
Pas de bol ! Trafic perturb sur toute la ligne #RERD #BOF
Pas de bol ! Trafic ralenti sur la ligne #RERC #BOF
Pas de courant de la journe, la surcharge a (re)fait pter l'installation lectrique, et l il fait 14 dans la maison. Merciii EDF.
Pas un jour de rpit sur la ligne @RERC_SNCF en attente du train fantme. C'est tous les jours la foire
Pauvre tony il a louper son bus et le prochain il etait vers 18h
Pcq j'ai rater mon bus du coup j'ai pas eu la premire heure
Petite pense aux persoes qui n'ont pas d'couteurs dans le bus et qui doivent couter la merde que disent derrire moi
Plus de courant ce matin.... un accident au coin, poteau arracher et fils lectriques dans la rue... tbnk!
Plus de trains direction StRemy avant un moment. #Chatelet #rerB #qml 7h58.
Pour ceux qui ne seraient pas encore au courant de la FT3 by @Xivent dpchez vous a va tre magique :D #OnceUponATime #Convention
Pour ceux qui ne sont pas encore au courant le choix du 2eme service sera ce Lundi 08/12  13h
Pour mon anniv j'ai envie de demander a ma mre un tatouage... Bon cette fois si elle sera au courant par contre...
Pq ce tram avance au ralenti mdr
Prdictions de Voyance 2014 : Accident de bus  Cuba, 41 personnes blesses .  via @weebly
Premier fois j'ai eu un accident de bus  la grand marre en plus t2 de merde
Premire coupure de courant dans ma maison colo, c'tait funky !
Prenez par le RER E y a quelqu'un de couper en 2 sous le rer
Problme de #RERb avec pr seule info : ralentissement sur toute la ligne... Va-t-on pouvoir quitter Robinson ? Quand ? #SuspenseTotal #qml
Profitez d'un trafic fluide sur la ligne #RERB #OK
Puis les trains directs qui deviennent omnibus faut pas pousser ... #RERC
Putaain j'ai loup mon bus sa mre !!
Putain de RER B incident sur la voie tous les trains minimum 30mn de retard  Gare du Nord comme si j'avais le temps moi!!
Putain j'arrte pas de recevoir des alerte du RER D sa fonctionne vraiment jamais c'est train
Putain y a un mec il s'est fait couper en deux par le rer
Qu'est-ce qui se passe  saint lazare train #sncf bloqu, trafic interrompu sur la ligne 14 #metro. Je commence  m'inquiter
Quand ENEO coupe le courant comme a, c'est pour tre solidaire du chmage qu'impose la journe de salubrit de Douala1er?
Quand je suis arrive a Robinson Rer je voulais pas attendre le bus du coup j'ai marche toute seule ...
Quand ma mre me depose en alant au taf wAllah in dirait le bus elle rcupre mes potes ou ses collgues aux arrts de bus a fout la haine
Quand tu vois la neige tu te dis direct : problme d'rer donc prof absent donc pas cours
Quel est le mensonge le plus courant que les gens se ...  Je tiens a toi, je ne veux pas te perdre, je serai to...
Qui dit neigedit grve de busqui dit pas cour  donc s'il vous plais arrtez de me faire esprer en disant qu'il neige
Qui nest jamais passer a coter de quelqun dans leau et sentir un courant chaud er comprendre 10 m aprer quil avait piserr XD
RER A En raison d'un colis suspect, les trains ne marquent pas l'arrt  la gare de Noisy le Grand. Trafic normal sur les autre [1/2]
RER A En raison d'un rail endommag  Torcy, le trafic est ralenti sur l'ensemble de la ligne.
RER A En raison d'un rail endommag, le trafic est ralenti de la gare de Neuilly Plaisance en direction de Marne-la-Valle-Chessy.
RER A En rpercussion d'un colis suspect, le trafic est ralenti sur l'ensemble de la ligne. Trafic normal sur les autres lignes de RER.
RER B En raison d'un incident technique, le trafic est ralenti de la gare du Bourget vers Saint-Rmy-les-Chevreuse / Robinson. T [1/2]
RER B En raison de divers incidents, le trafic est ralenti sur l'ensemble de la ligne.
RER B En rpercussion de divers incidents, le trafic est ralenti sur l'ensemble de la ligne. Trafic normal sur les autres lignes de RER
RER B Le trafic est ralenti sur l'ensemble de la ligne suite  acte de malveillance.Retour  la normal 9h00. Trafic normal sur [1/2]
RER B Le trafic est ralenti sur l'ensemble de la ligne suite  un acte de malveillance.Retour  la normale 9h00.
RER B Trafic perturb sur l'ensemble de la ligne suite  incident affectant la voie  Gare du Nord. Retour  la normale  12h00
RER B Trafic perturb sur l'ensemble de la ligne suite  un incident affectant la voie  Gare du Nord. Retour  la normale  12h00
RER B Trafic perturb sur l'ensemble de la ligne suite  un incident affectant la voie  Gare du Nord. Retour  la normale  12h00.
RER C : ralenti entre Dourdan et Brtigny 10  20 min +, dans ce sens : panne dun train et malveillance  un passage  niveau. #qml #rerc
RER C En raison d'une panne de matriel, le trafic est ralenti sur la ligne.
RER C En raison d'une panne de matriel, le trafic est ralenti sur la ligne. Trafic normal sur les autres lignes de RER
RER D En raison de divers incidents, le trafic est ralenti sur l'ensemble de la ligne. Trafic normal sur les autres lignes de RER
RER D En raison de divers incidents, le trafic est ralenti sur l'ensemble de la ligne.Retour  la normale  12h00. Trafic norma [1/2]
RER En raison de divers incidents, le trafic est ralenti sur l'ensemble de la ligne. Trafic normal sur les autres lignes de RER
RER Le trafic est ralenti sur l'ensemble de la ligne suite  un acte de malveillance.Retour  la normale 9h00. Trafic normal su [1/2]
RT "@PisquiHoyos: On dirait que la circulation des trains @STIBMIVB est perturbe sur la ligne 1.Pourtant, aucune information.Felicitations"
RT @2vanssay: Problme de #RERb avec pr seule info : ralentissement sur toute la ligne... Va-t-on pouvoir quitter Robinson ? Quand ? #SuspenseTotal #qml
RT @94STZLES: Si je suis en retard en cours j'ai juste  sortir qu'il y a des problemes de rer ca passe creme
RT @A_student_D77: 2h pour rentrer au lieu d'1h. a va, on s'amuse bien  la #SNCF. #RERD #LigneR on supprime des trains, en retardent, change leur mission....
RT @AccioSureau: J'ai aucune motivation pour aller en cours demain. Il fait froid, faut prendre le bus, aller dans des matires que je dteste, finir tard...
RT @AlexandreDigit: #rerb aucun train arriv  orsay entre 8h et 8h30. aucun dpart de l bas en consquence. Cdg omnibus  la place
RT @Aliink92400: Putain y a un mec il s'est fait couper en deux par le rer
RT @Alizaow: Toute a l'heure un mec rentre dans le tram il s'assoit et se relve d'un coup genre pcq c'tait froid je suis partie en fou rire -
RT @Alyssa__Gay: Aujourd'hui j'ai reus deux heures de colle, une dont je suis au courant mais l'autre je sais pas d'o elle est venu..
RT @AmynaBee: #rere accident de pers a pantin. Bravo au conducteur qui prend le mic a chaque arrt/ralentissement pour nous informer. #qml @RERE_SNCF
RT @AquaeSextiae: #Accident #Cuba La compagnie #Bus #TransGaviota fait partie du Groupe #GAVIOTA gr par le milliardaire RAUL #CASTRO
RT @Arwenda1: #qml #rerc , et encore des trains supprims!! Comment on fait quand on doit aller chercher nos enfants!!! Y'en a marre de cette ligne C!
RT @Asso_usagersidf: @Gentilchanoir en effet, on a obtenu des trains longs tous les dimanches sur le RER B il y a quelques annes et il faudrait idem sur le A
RT @AureRamon: Pour ceux qui ne seraient pas encore au courant de la FT3 by @Xivent dpchez vous a va tre magique :D #OnceUponATime #Convention
RT @BLABLATWWIT: #RERA la RATP nous demande de monter dans le train et seulement aprs la SNCF nous dira ou va le train !
RT @B_Huvelle: Si vous entendez les mots " grves " et " trains " c'est sur que le troisime mots sera " RER B " !
RT @B_VislePresley: Ya des couples qui abuse srx des grands embrassades sur le quai du rer en plus  Nation
RT @BakaMeLu: #rerb #qml @groupe_ratp pb de signalisation donc trois trains de suite sans arrt  #gentilly. #normal
RT @BasakCDnc: @_ItsZARAA mdrrrrrrrr moi et ma sur, un moment je suis descendu aprs j'tais morte de rire je suis remonter en courant mdrrr
RT @Biebanos: Si un jour je dis bien si un jour je suis en couple les 1res personnes de ma tl au courant seront Ins @ZAINVCUTKELVIN et @Diamondseyes94
RT @BilelBenaoum: la neige = prof absent, pas de bus, et ma mre a peur de conduire avec la neige = pas de cours yes
RT @Binouite: Rassurant : l'Agence internationale de l'nergie atomique (AIEA) serait au courant de l'incident et n'aurait "pas de prcisions". #lastRT
RT @Bintaa92: Tlr jattendais le RER et ya un train sans arrt qui est pass. G cru jallais mourir le vent m'a gifl mais d'une manire waaah. Jt brusqu
RT @BurstJohn: OMG UN NOUVEAU FILM DBZ, J'TAIT MEME PAS AU COURANT !!!! !! !!!!!
RT @CBourpiff: @LaurentVilboux bonjour @WalidMesloub Zargo Tour, Le Bihan, es tu au courant d'une activation de la filire havraise au prochain mercato ?
RT @CIaudeFrancois: RE JE SUIS LA, DSOL DU RETARD J'AVAIS UNE PETITE COUPURE DE COURANT
RT @CamillouChoux: Sa mre elle m'a tu quand mme  "Camille elle est au courant pour R.&D. ?" Elle le vit bien ca va ?
RT @CamillouLeVoyou: Et l mon frre me dis que devant son bus y a un accident grave de voiture mdr trop devin
RT @CamillouLeVoyou: Je descend du bus et chez pas pourquoi je pensais  un accident
RT @CatalyaD: Y a un mec il courait aprs le bus, il s'est arrter le mec il a vu y avait des controleurs il a fait genre il faisait un footing mdrrr
RT @CeQuonVousCache: Le scandale est devenu courant -
RT @Chaos_Be: Arrter avec Jan #Jambon svp. S'il y tait c'tait  l'insu de son plein gr, il tait pas au courant et en plus il avait ses raisons #begov
RT @Charrette_Man: En temps normal, je devrais tre en cours si le rseau #rer fonctionnait correctement... :(,J'en suis qu' la moiti de mon itinraire #qml
RT @Charrette_Man: Noooooonnnnnnn! Le #rerD circule au ralenti (mais vraiment) entre stade de France et Gare du Nord ,(j'vais compter les cailloux) #qml
RT @ChibaneOfficiel: C'est normal qu'il fasse froid on est en dcembre. Arrter de faire genre vous tiez pas au courant.
RT @ChloDi: #RERB : un train coup en deux  Laplace,  Arceuil (via @francebleu)  #RATP
RT @ChloeRiviere: Quand je suis en avance le bus est en retard, quand je suis en retard le bus est en avance, faudrait penser a cooprer un jour
RT @ChrisBlaess: Sur la ligne @RERD_SNCF , 75% de trains  l'heure une journe normale (hier). Rsultat trs mdiocre. Surtout sans neige, gel ou grve...
RT @Conducteur_RER: Grve des contrleurs SNCF de jeudi 19h  dimanche 7h : Trafic normal sur le rseau francilien.
RT @Conducteur_RER: Le rgul qui demande aux trains de baisser leur vitesse lors de la traverse d'une gare bonde ,#BonnePratique
RT @CorentinDms: Ce qui serait vraiment drle maintenant c'est que le bus ai un accident...
RT @Cramos78Paris: Suis dans #RERA affiche QENO sur les quais et OFRE dans le train et conducteur qui annonce QENO. L'info #RER A est en mode 1900: en retard
RT @CyrilleEm: Le TA en question est-il au courant de l'existence de la coutume comme source de droit ? (1re anne 1er semestre) #lasttweet-s
RT @DansMaBulleMode: Comme beaucoup de personnes me le demande , mon blog sera de retour en dcembre/janvier (je vous tiens au courant pour la date prcise ) !
RT @DeMelo87069975: Vive les playlist zen sur spotify pour supporter les pbs de trains #LigneR #rerd
RT @DepressifTwits_: "A 15ans elle est tomb enceinte par accident" C'est vrai que c'est trs courant de trbucher et de tomber les jambes cartes sur un pnis.
RT @ETAMBA: Quand ENEO coupe le courant comme a, c'est pour tre solidaire du chmage qu'impose la journe de salubrit de Douala1er?
RT @Ekitchi: . @RERB : Accident de personne. Retard & co.10 minutes plus tard : Ah non en fait ctait pas vrai lol,Seriously ?
RT @Eliott__: Je vais faire une surprise a ma famille je vais leur dire que je serais pas l pour Nol et je prendrais un train et un bus sans rien dire
RT @EmDefay: [Tmoignage] RER B : un train coup en deux  Laplace. "La stupfaction la plus totale" selon un usager dans le train
RT @EnzoBoateng: ya un mec il courait aprs le bus, le bus ses arrter, l'mec il a vus y'avais des contrleurs il a fait genre il faisait un footing mdrrr
RT @Erik_Michel: #rerA "Notre train est arrt en plein voie...(...) veuillez ne pas ouvrir les portes" CONNASSE o tu veux que j'aille ? #qml
RT @Evil_Waltz: Arrt supplmentaire  Arcueil-Cachan... Hm le train tait pas cens tre direct ? #RERB
RT @FBOcom: #RerE c'est seulement arriv  Villiers que j'ai eu eu annonce audible indiquant un accident de personne  Pantin. Zro la com ce soir #qml
RT @FabriceBoutard: Cher @RERD_SNCF, pk TOUS les trains, ralentissent  l'approche de #Juvisy, rendant SYSTMATIQUEMENT IMPOSSIBLE correspondance @RERC_SNCF ?!
RT @FalseMedia2: Ils sont au courant que par consquent ils insultent galement la mre d'Andr Ayew ces supporters de l'OM ?
RT @Fedlate: Trafic perturb sur la ligne de #rerc  09:40 le 03/12 #fedlate en savoir plus sur
RT @FlorenceMereo: "Dire que le tram #T7 arrivera en 2018  Juvisy est un mensonge". Le coup de colre de @robinreda  lire demain, jeudi, dans @LeParisien_91
RT @GaelTht: Rtsi ton daron il glisse des mots sous ta porte genre "mon confident :$", il toque puis il part en courant en lchant un rire de ptite fille
RT @GinjoFullbring: @NappaNeucra @Alpaay_07 J'lui demanderais quand il seras la j'te retient au courant
RT @Gstarcrew: Bon a y est il neige trois flocons, imaginez l'tat du trafic #rerb ce soir!
RT @HafsaOff: @Chichaam28 ah bon j'tais mme pas au courant que a vient d'un film  a m'a fait rire c'est tout
RT @HeleneR05: Trafic interrompu pour 1 personne sur les voies. Et comme le #rerD est tjrs blind, on attend debout...  On repart quand !? #qml
RT @HindeEl: Mon pre est au bled, et il tait aussi au courant que ma sur n'est pas aller en cours ! Merci la vie scolaire de son collge
RT @HoussBY: "@jasonburne28: Les gens galres dans le train #rerb " Ohhhh Maurice
RT @Intemporel67: Ya un mec il courait aprs le bus,le bus s'est arrter le mec il a vu qu'y avait des contrleurs,il a fait genre kil faisait un footing mdr
RT @Iwanttobesweet_:  J'aime beaucoup tes tweets ils me motivent dans ma perte de poids! J'espre que tu vas arriver a tes objectifs! Tiens moi au courant
RT @IziiLeo: Moi neige= route vers glac =bus pertuber=moin de chance d'aller en cours = jsuis bien
RT @JEREMY93T: Quand tu vois la neige tu te dis direct : problme d'rer donc prof absent donc pas cours
RT @Johan_CMD: Moi si y'a neige mme si c'est 0,5 cm, j'considre que y'a risque d'accident, tes fou mon chauffeur de bus il prend les ralentisseurs a 70
RT @JulienParis86: Super pour la reprise !@RERA_RATP: 07:49, le trafic est ralenti de Neuilly-Plais. vers Marne-la-Vallee Chessy (rail endommag) #RATP #RERA
RT @Karimacharni: Je suis toujours la dernire au courant!  joyeux anniversaire soso! @SofianeTadjine
RT @KnoxvillePanda: Heureusement que vous etes la pour rappeler que la famille c'est important ou que qu'Israel fait ca craint Sinon on serait pas au courant
RT @LIGNEL_sncf: Trafic #LIGNEL trafic ralenti 10/20mn et suppressions ponctuelles jusqu 20h30 sur #RERA branches #Cergy et #Poissy suite divers incidents
RT @Laaurenef: Merci  Twitter d'exister, sans toi je ne serais pas au courant de la vie de mes potes
RT @LancasterFrance: Une competition sera bientt mise en place sur le twitter du groupe! Allez follower @lancasterbcn pour tre au courant!
RT @LeVraiHoroscope: Dans un film d'horreur, le #Scorpion serait celui qui sortirait en courant par la porte d'entre plutt que de monter les escaliers.
RT @LesSagittaires: Il est rare qu'un #Sagittaire pose le regard sur une personne dans un bus ou dans la rue, il trace sa route et ne calcule personne.
RT @LolaVernet: Si ils disent qu'il faut repltrer, elle a partir de l'hpital en courant
RT @Madrista67: @SofianeMkvl: @JajaBolingo: J'aime tellement pas les arabes [..] MAIS REGARDE  a trac le RER quel sourcil
RT @MappyCity: Pas de bol ! Trafic ralenti sur la ligne #RERC #BOF
RT @MappyCity: Tout va pour le mieux, trafic fluide sur la ligne #RERC #OK
RT @MargotHzbrck: Le petit sprinte que j'ai tap pour pas loup le bus, mdrrr Lucie elle tait paume derrire elle arrivait pas a suivre
RT @MattSHK: Si un voyageur a vraiment trouv la mort en tant dcoup en 2 par un RER en surpopulation a Pantin, la #sncf va devoir rflchir...
RT @Melanie_Mgr: en attendant vous assumez pas qui vous tes la derrire vos crans mais croyez moi que quand tout le monde sera au courant vous aurez #3
RT @Mesfjoe: C'est l'histoire d'une fille qui prend le #RERA tous les jours et qui croit encore qu'en partant en avance, elle sera a l'heure en cours...
RT @Mouetterieuse3: Double train #RERB rnov j'ai oubli de me mettre en tte de train... J'espre quand mme arriver  destination!
RT @Mvtangi: Actuellement en train d'effectuer des rites vaudous sur la moiti de la population du wagon de mon RER.
RT @Mxdeste: j'espre qu'il y aura du verglas cet hiver, comme a pas de bus, pas de cours et donc plus de temps de sommeil pour moi.
RT @NathanAzzo: Sal fils de pute de chauffeur de bus qui voit bien je cours, qui attend que j'arrive a 5 mtres du bus pour acclrer, ta soeur elle suce
RT @NatixisAM: Natixis Asset Management ouvre son compte Twitter. Suivez-nous pour tre au courant des dernires actualits #finance et #marchs !
RT @NegrORaffine: Vous servez  rien  supprimer des trains et faire des grves vous resterez smicard niamorod 10 fois @RERD_SNCF
RT @NicolasG_PERSO: #RERB Je suis  La place. J'espre que mon train va pas se dboter. :-) lol
RT @NicolasG_PERSO: #rerB Comptez 10-15 minutes de retard et des ralentissements jusqu' 9h. #qml 7h49.
RT @NicolasG_PERSO: #rerB Ct #RATP : En rpercussion de divers incidents, le trafic est ralenti sur l'ensemble de la ligne. 7h40. #qml
RT @NicolasG_PERSO: #rerB Trafic rtabli au nord mais perturb suite  des traverses de personnes. #qml 7h48.
RT @NicolasG_PERSO: #rerB Un accident grave de voyageur sur ma partie nord aurait eu lieu. #qml
RT @NicolasG_PERSO: @laurentgallois Comment tu fais pour parler au reste du train coup en 2 ? ;-) niark niark #rerB
RT @Ninouil: Mme le #rerb est blagueur ds le matin avec sa suspicion d'accident de voyageur  aubervilliers. Finalement RAS. Tout a pour a ..
RT @Ninouil: Suspicion d'accident de voyageur #rerb heu d'accord pourquoi pas ...
RT @NormandieActu: Accident de bus #Cuba : le maire de #Ouistreham sera  l'aroport demain pour accueillir les touristes normands
RT @NotreIDF2020: #Trains, #RER, #mtro... @jphuchon choue  amliorer nos transports, du coup il augmente les tarifs ! #CadeauDeNol
RT @NympheFleurie: J'ai l'impression de passer ma vie  attendre j'attends les bus, les mtros les trains, les nuits, les week ends, mon pre.
RT @Orayane_Models: J'espre que y'en n'a quand il neigera vous tenterez pas de courir aprs le bus la c pas le froid que vs affronterez mais le sol
RT @Ozzlo_: Du coup, vu les problmes de RER C (apparemment a sera comme a jusqu'en 2017), sa me pousse encore plus a prendre un ap...
RT @Ozzlo_: Trafic fortement perturb... #LesJoiesDuRERC #RERC
RT @Pataclop00: Accident de personne  Pantin... #rerE
RT @PatdeSR: Faouzi Lamdaoui proche de Franois Hollande se sauve en courant...,Rpublique Bananire ? il y en a de plus dignes sous les tropiques !
RT @PlaineCommune: @CarinneJuste : le Tram Express Nord sera un vritable trait d'union entre l'est et l'ouest du territoire #SIMI
RT @Pouune: @KeitlineN oh oui mon petit chat!Je te le dis des que je sais la date !,Tu sera la premire au courant ! <3 <3
RT @RERA_RATP: 07:49, le trafic est ralenti de Neuilly-Plais. vers Marne-la-Vallee Chessy (rail endommag) #RATP #RERA
RT @RERA_RATP: 09:08, le trafic reprend progressivement (rail endommag) #RATP #RERA
RT @RERA_RATP: 10:31, le trafic est ralenti sur la ligne (rail endommag) #RATP #RERA
RT @RERA_RATP: 18:53, le trafic est ralenti de Vincennes vers Boissy/ Marne-la-Vallee (incident voyageur) #RATP #RERA
RT @RERA_RATP: Retour  un trafic rgulier sur l'ensemble de la ligne #RERA #RATP. Incident termin.
RT @RERA_RATP: Retour  un trafic rgulier sur l'ensemble de laligne du #RERA #RATP. Incident termin.
RT @RERB: 07:21, le trafic est ralenti de Le Bourget vers St-Remy / Robinson (incident technique) #RERB
RT @RERB: 07:47, le trafic est ralenti sur la ligne (incident technique) #RERB
RT @RERB: En rpercussion d'un incident affectant la voie  #GareduNord, le trafic est perturb sur la ligne. Retour  la normale ~12h #RERB
RT @RERB: Retour  un trafic rgulier sur l'ensemble de la ligne #RERB. Incident termin.
RT @RERC_SNCF: Bsr @Crapsouip, confirmation: Le mouvement social national naffectera pas les trains des lignes Transilien
RT @RERC_SNCF: Bsr, confirmation: Le mouvement social national naffectera pas les trains des lignes Transilien!@Marre_motte @CyrilouSan @carrikri
RT @RERC_SNCF: Infotrafic #RERC +10/20 min sur axe Dourdan - Paris - Chaville ds ce sens, jusqu' 8h30 (panne d'un train, acte de malveillance  un PN)
RT @RERC_SNCF: Infotrafic #RERC Interruption entre Brtigny et Dourdan, ds les 2 sens (panne d'un train Egly) Reprise estime: 8h30 >
RT @RERC_SNCF: Infotrafic #RERC Reprise progressive entre Brtigny et Dourdan (incident panne d'un train  Egly termin). Plus d'infos  venir
RT @RERD_SNCF:  L'infotrafic RER D : trafic perturb sur toute la ligne 7:52 #rerD -
RT @RERD_SNCF:  L'infotrafic RER D : trafic perturb sur toute la ligne 9:06 #rerD -
RT @RERD_SNCF: Infotrafic #RERD : Les trains sont directs de Paris vers Villeneuve Saint-Georges jusqu' 19h (panne d'un train)
RT @RERD_SNCF: Infotrafic #RERD : Ralentissements dans le sens Paris vers Melun/Malesherbes  prvoir jusqu' 21h (panne train)
RT @RERD_SNCF: Infotrafic #RERD [MAJ] +10/15 min sur ensemble de la ligne jusqu' 12h (panne d'un train  Maisons Alfort) >
RT @RERE_SNCF: Infotrafic #RERE : Ralentissements  prvoir jusqu' 20h30 de Paris Haussmann vers Chelles Gournay (accident de pers)
RT @RERE_SNCF: Infotrafic #RERE [Mise  jour] Ralentissements  prvoir sur l'ensemble de la ligne jusqu' 20h30 (accident de pers)
RT @RER_B: Pour ceux qui doivent prendre un train vendredi et samedi (hors Transilien) la grve des contrleurs est annonce comme trs suivie #SNCF
RT @RW911: *ACCIDENT: BUS* - ROLESVILLE POLICE - 600 S MAIN ST
RT @SeydouSenegalo: J'en est marre du Rer B tjr train retard.. C rarement normal !
RT @SkydyB: Quand tu parle a une fille depuis longtemps et que le courant passe faut penser  protger sa
RT @So__Phie_: Le machiniste annonce un accident grave de voyageur au nord #RERB #SNCF
RT @Supermarinoux: On en parle de la hausse des prix des trains/RER/mtro ?
RT @TheOnlyFakir: Mon pote il me dit t ou je lui dit j'suis dans le train j'arrive Apres y me rep all fait vite t Srx ? A croire c moi qui conduite le RER
RT @TheoButhiot: @S_Kcm @EmmaMgn mdr mais pourquoi je suis jamais au courant sa mre
RT @TomekTR: #qml , le trafic est ralenti sur la ligne (rail endommag) #RATP #RERA
RT @TomekTR: RER C : ralenti entre Dourdan et Brtigny 10  20 min +, dans ce sens : panne dun train et malveillance  un passage  niveau. #qml #rerc
RT @TransportsIDF: #RERA : des trains plus rapides et plus nombreux. Plus d'infos ici
RT @Ultimate83HD: Je vous prpare ma prochaine vido qui seras surement dispo ce week-end si tout ce passe bien je vous tiens au courant .
RT @UnDzzzzz: OUAAAAAAAAAH LA PUTAIN DSA MRE LA PUTE Y CAILLE SA MRE ET LE BUS IL ARRIVE DANS 15MIN C MORT JV RENTRER EN COURANT BABABABA
RT @WMyWay_Mobile: Mtro Ligne 13 En raison d'un malaise voyageur, le trafic est ralenti sur la ligne. Trafic normal sur les autres lignes de Mtro.
RT @WMyWay_Mobile: RER A En raison d'un colis suspect, les trains ne marquent pas l'arrt  la gare de Noisy le Grand. Trafic normal sur les autre [1/2]
RT @WMyWay_Mobile: RER A En rpercussion d'un colis suspect, le trafic est ralenti sur l'ensemble de la ligne. Trafic normal sur les autres lignes de RER.
RT @WMyWay_Mobile: RER B En raison d'un incident technique, le trafic est ralenti de la gare du Bourget vers Saint-Rmy-les-Chevreuse / Robinson. T [1/2]
RT @YaelZtn: Accident  Michelet-Sciences. Ligne 2 du tram coupe vers Orvault Gd Val pour faire passer les secours. @infotrafic_tan @TANinfos
RT @YassFenty: C'est la 1re fois dma vie que je cours aprs un bus et la dernire.
RT @Zaakie: En plus le conducteur a dit " veuillez ne pas descendre du train" fdp t'as cru qu'on tait des segpa" ?#RERD
RT @_Florian_R: "J'ai du cogner 3 vieilles et une femme enceinte mais a valait le coup. Je n'attendrais pas 2mn le prochain RER"
RT @_Oussamafaitmal: Je propose de relier "RER B"  "problmes de trafic" aprs tout c'est des synonymes non ?
RT @_harrily: MON JARDIN EST TOUT BLANC JE SJIS DESCENDUE EN COURANT POUR LE DIRE  MA MRE J'AI BIENTT 18 ANS TOUT VA BIEN
RT @_tralala__: @Ninou1707 TES AU COURANT QUE TON PRINCE A CHANGER SA BANIERE !!! MOI PERSO JE SERAIS FACHER Hann il taime plusPas sympa,Clash Mechant
RT @acupoflouis_: h h h, mon pre vient d'ouvrir les fentres... il est au courant que dehors il fait -15 ou bien ?
RT @aleex945: Ce soir si il neige j'espre y a pas de bus donc pas de bus pas cours pas cours = dormir
RT @amandinevgnr: si je loupe pas mon bus a sera un miracle de nol limite
RT @angelerfd: C'midi j'montait a nation et la j'vois Clara arrive en courant vers moi j'tais trop contente
RT @aymrcb: le chauffeur a ralentit parce qu'une beurette travers,j'lui ai dit c'est orange tu peut passer. tt l'monde m'a applaudi j'ai conduis le bus
RT @azerty089: Aller au sport en courant dans le noir et passer par la foret c'est pas top... J'espre les violeurs sont pas de sortit :D
RT @b180196: @SFR_SAV Bonjour, je ne serai chez moi que vendredi soir. Je vous tiendrai au courant. Bonne fin de journe
RT @carlappy_: Ma prof en AP elle veut nous noter un travail..je crois qu'elle est pas au courant qu'il y pas de matire spcifique pour l'AP
RT @carterozay: En 2015 inch' vous comprenez que ca sert a rien d'appeller dans le rer avec le resau qui coupe toutes les 3 sec .....
RT @cycy_jo: La ligne C a encore frapp ... Tous les trains supprims en gare de juvisy en direction de Paris. Que dire ... #LigneC #RerC #SNCF #RasLeBol
RT @cypcyp77: @RERC_SNCF attention panne d'un train grande ligne en gare d'Etampes, pas de rpercutions sur le #rerc pour le moment ... #asuivre #qml
RT @cypcyp77: @RERC_SNCF la demande de protection autour du train est en cours, risque de retard sur les trains ELAO/ELBA  l'arrive sur Etampes #qml
RT @cypcyp77: @RERC_SNCF le conducteur demande l'arrt des circulations voie 1bis et 2 pour visiter son train ... #asuivre #qml
RT @datsajay: Limite quand je cours derrire le tram ou le bus bah je me dpense plus qu'au lyce, j'fais escalade svp, e.s.c.a.l.a.d.e
RT @dylias973: @karkarsephora oui des 6 me depuis l'anne dernire avec la rforme des associations de n'importe quel courant vienne enseigner ce qu'ils
RT @ecritsansbavure: Et puis pour ceux qui ne seraient pas au courant, au Maroc pas d'assurance inondation pour les villages en montagne... #EnchresBerbres
RT @efathel: J'avoue je ne pense pas pouvoir assumer les photos de ma mre ou de mon pre nu/sexy. a a beau devenir courant, mais ma mre...
RT @freddytinyworld: @RERC_SNCF LARA 8h19 Savigny. Les annonces  bod du train sont trs trs fortes. C insupportable. Plusieurs trains sont ainsi. #rerc #qml
RT @freddytinyworld: @RERC_SNCF Montez le chauffage et couper le son. #rerc #qml
RT @gaeloizel: #RER_B nouvel incident (gare du nord cette fois) aujourd'hui. Trafic fortement ralenti dans les 2 sens #qml
RT @gaeloizel: #RER_B trafic TRS perturb. Retour  la normale prvu vers... midi. On peut suspecter que nous aurons des pb toute la semaine #qml
RT @galeRERAfr: #rera : Le retour des motifs des rails: En raison d'un rail endommag, le trafic
RT @grebert: ATTENTION :  partir de cette semaine et jusqu'en 2017, #Sarkozy ne sera absolument pas au courant des factures payes par l'#UMP
RT @hipsthazza: @lolurnot_hazza idk :( bientt j'espre de toute faon je te tiendrais au courant :)
RT @ismithx: tout  l'heure on a crois le pre noel dans la rue avec ma meilleure amie, on a hurl et on est parti en courant MDDDDDDDDR
RT @janoscul: neige/verglas=pas de bus=pas pouvoir aller en cours=journes trql ppre
RT @jasonburne28: Les gens galres dans le train #rerb
RT @juwi_EnR: [#LoiRoyal #COP21] L'EdF allemand (#EON) montre la voie en Europe en se tournant rsolument vers les #EnR.  @LesEchos
RT @lenapeeronne: Je loupe mon bus, celui d'aprs passe pas, et le trois a eu un accident donc il y avais des gros retard.. J'ai vraiment une vie de merde mdr
RT @maliaalima1: Mince ma pote est coince dans un bus de buca, enceinte et a des contractions. Elle se trouv a 35km de dla y a eu un accident entre camions
RT @manon_bgs: srieusement jcrois y'a que moi pr me casser la gueule AU RALENTI ds le bus en tombant entre les siges, et en m'affalant sur qqln au psg
RT @mec2paname: Mais oui bien sur, un rail se casse comme a d'un coup comme par magie. Le matriel est pas cens tre contrl??? #rerb
RT @mikemg93: Voyageur coup en 2  Pantin. Vous n'en avez pas marre #rerE de mettre des trains trop petits ! #voustesresponsables
RT @ncxjpfw: les brunes disent qu'elles slay les blondes, mais c'est rare de voir une blonde teinte en brune, et courant de voir une brune en blonde
RT @ngimbis: Hier:Ici ENEO : On vous coupe le courant le samedi 6 ou le dimanche 7?Moi: ok pour samedi je serai au bar.Tchak!,Moi: bordel on est le 2!
RT @nskvrb2: Ce matin je vais en cours deter , en attendant le bus je reois un message qui me dit que la prof est pas la
RT @oldax972: Micro coupure de courant chez loloy il re dans un mom
RT @patrouilleurs: Circulation au ralenti sur le boul. Marie-Victorin  Longueuil. Des autobus bloquent la voie de service.
RT @pooweklyynn78: Laurine elle sais et seras toujours au courant de toute ma vie ! C'est la meilleur !
RT @rerb_monamour: C'est tous les jours cette semaine ! RT @RERB: 07:21, le trafic est ralenti de Le Bourget vers St-Remy / Robinson (incident technique) #RERB
RT @rhevus01: #RERB Train stopper sur toute la ligne suite incident grave a Aubervilliers @TF1 @France24_fr @francetvinfo @franceinfo @le_Parisien
RT @sahinahmethamdi: Accident de tram! C'est plus de la 30me fois cette anne!!
RT @spoum42: notez donc que les trains impacts ne sont donc plus que ceux de dourdan! #Rerc #Qml
RT @tignosys: Qu'est-ce qui se passe  saint lazare train #sncf bloqu, trafic interrompu sur la ligne 14 #metro. Je commence  m'inquiter
RT @vgransac: probleme sur le @RERC_SNCF suite a 1vehicule qui a forc 1passage  niveau. Consquence : personne peut rentrer dans le train #qml #Juvisy
RT @yann_perez: @GabriellaIbghi @EyalSitbon ah ouais c pour moi  il va marquer dans le courant d'une onde claire... Y'en a pas bcp qui peuvent comprendre
RT @zayngirIing: @wakemewp je viens de voir que t'es souffrante bb, j'espre que a va mieux. tiens-moi au courant et surtout, repose-toi.
Ralentissements dans le sens Paris vers Melun/Malesherbes  prvoir jusqu' 23h #RERD #KO
Rappel : Le trafic est ralenti sur la ligne #RERB  cause d'un incident technique #BOF
Rappelons que le trafic est ralenti sur la ligne #RERB  cause d'un incident technique #BOF
Rassurant : l'Agence internationale de l'nergie atomique (AIEA) serait au courant de l'incident et n'aurait "pas de prcisions". #lastRT
Rater son rveil le jour du bac blanc? Rver qu'on rate tout ? Journe de merde qui commence? ,Louper son bus? J'en doute pas t'vois.
Retour  un trafic normal sur l'ensemble de la ligne #RERA #OK
Retour  un trafic rgulier sur l'ensemble de la ligne #RERA #RATP. Incident termin.
Retour  un trafic rgulier sur l'ensemble de la ligne #RERB Incident termin #OK
Retour  un trafic rgulier sur l'ensemble de la ligne #RERB. Incident termin.
Retour  un trafic rgulier sur l'ensemble de la ligne du #RERA Incident termin #OK
Retour  un trafic rgulier sur l'ensemble de laligne du #RERA #RATP. Incident termin.
Rivires de boue ou le courant bat au rythme d'une mare invisible
Rtsi ton pre pdt l embrouille i chauffe les gars genre :,- G entendu: ta mr la pute j'or pa aim Et i se bar en courant com  la recr
Rue de Monte Carlo S/B : accident at Rue de Monte Carlo -
Sa mre elle m'a tu quand mme  "Camille elle est au courant pour R.&D. ?" Elle le vit bien ca va ?
Sa mre j'ai hte qu'il neige pour qu'il y ai des pb de bus, de tram et tout comme a pas cours
Sal fils de pute de chauffeur de bus qui voit bien je cours, qui attend que j'arrive a 5 mtres du bus pour acclrer, ta soeur elle suce
Se lever  4h30 pr avoir le 1er tram qui ne passe pas... flipper pour son train... a commence bien... #efluentmums3
Selon  pas de "danger" suite  l'accident  #Zaporijia, juste d'importantes coupures de courant.
Si demain ma mere me met en cours dans cet tat je me laisse crever sous le bus
Si ils disent qu'il faut repltrer, elle a partir de l'hpital en courant
Si un voyageur a vraiment trouv la mort en tant dcoup en 2 par un RER en surpopulation a Pantin, la #sncf va devoir rflchir...
Si vous entendez les mots " grves " et " trains " c'est sur que le troisime mots sera " RER B " !
Sofia elle faisait sa commande de nol pour l'envoyer au Pre nol et elle arrive en courant dans ma chambre en mode trop contente
Stream peut tre annul ce soir je vous tiens au courant vers 19h, pour soucis personnel. Bisous !
Suis dans #RERA affiche QENO sur les quais et OFRE dans le train et conducteur qui annonce QENO. L'info #RER A est en mode 1900: en retard
Super pour la reprise !@RERA_RATP: 07:49, le trafic est ralenti de Neuilly-Plais. vers Marne-la-Vallee Chessy (rail endommag) #RATP #RERA
Sur la ligne @RERD_SNCF , 75% de trains  l'heure une journe normale (hier). Rsultat trs mdiocre. Surtout sans neige, gel ou grve...
Sur le chemin du succs tu vas rencontrer plein d'obstacle qui vont obliger a ralentir mais sois serein la ligne d'arriver est proche
Suspicion d'accident de voyageur #rerb heu d'accord pourquoi pas ...
T'aurais t la premire au courant d'habitude.
T'haleur j'tais au village et y'avait plus de courant , ma mre elle a pter un cble
T'leur j'ai vue mn ancien principal de collge courir aprs le tram ptdddr j'tais morte! J'espre qu'il ne l'a pas eu..
Techniquement neige = pas d'rer ,pas de bus = pas cours , et vous voulez pas la neige ?
Tema sa se balade avec des tritton autour du cou dans le rer
Tita, @irmln , Fa et ma mre elles sont tellement tellement au courant de la vie amoureuse x)
Tlr jattendais le RER et ya un train sans arrt qui est pass. G cru jallais mourir le vent m'a gifl mais d'une manire waaah. Jt brusqu
Tous les trains BALI (terminus Brtigny) et DEBA (terminus Dourdan) au dpart de Montigny circulent au dpart d'Ermont Eaubonne #RERC #BOF
Tout va pour le mieux, trafic fluide sur la ligne #RERC #OK
Toute a l'heure un mec rentre dans le tram il s'assoit et se relve d'un coup genre pcq c'tait froid je suis partie en fou rire -
Toute la population Franciscaine serait dj au courant  #LT
Trafic #LIGNEL trafic ralenti 10/20mn et suppressions ponctuelles jusqu 20h30 sur #RERA branches #Cergy et #Poissy suite divers incidents
Trafic fortement perturb sur la ligne de #rera  08:20 le 03/12 #fedlate en savoir plus sur
Trafic fortement perturb sur la ligne de #rera  19:20 le 03/12 #fedlate en savoir plus sur
Trafic fortement perturb sur la ligne de #rerb  08:20 le 03/12 #fedlate en savoir plus sur
Trafic fortement perturb sur la ligne de #rerb  09:00 le 03/12 #fedlate en savoir plus sur
Trafic fortement perturb sur la ligne de #rerb  09:40 le 03/12 #fedlate en savoir plus sur
Trafic fortement perturb sur la ligne de #rerb  10:20 le 03/12 #fedlate en savoir plus sur
Trafic fortement perturb sur la ligne de #rerb  11:00 le 03/12 #fedlate en savoir plus sur
Trafic fortement perturb sur la ligne de #rerc  09:00 le 03/12 #fedlate en savoir plus sur
Trafic fortement perturb sur la ligne de #rerd  08:20 le 03/12 #fedlate en savoir plus sur
Trafic fortement perturb sur la ligne de #rerd  09:40 le 03/12 #fedlate en savoir plus sur
Trafic fortement perturb sur la ligne de #rerd  10:20 le 03/12 #fedlate en savoir plus sur
Trafic fortement perturb sur la ligne de #rerd  19:00 le 03/12 #fedlate en savoir plus sur
Trafic fortement perturb sur la ligne de #rerd  19:40 le 03/12 #fedlate en savoir plus sur
Trafic fortement perturb... #LesJoiesDuRERC #RERC
Trafic interrompu pour 1 personne sur les voies. Et comme le #rerD est tjrs blind, on attend debout...  On repart quand !? #qml
Trafic interrompu, Rer comme Tgv.. Bon, c'est officiel, c'est vraiment une journe de merde que j'ai l
Trafic perturb sur la ligne de #rera  09:00 le 03/12 #fedlate en savoir plus sur
Trafic perturb sur la ligne de #rera  09:40 le 03/12 #fedlate en savoir plus sur
Trafic perturb sur la ligne de #rerb  07:40 le 03/12 #fedlate en savoir plus sur
Trafic perturb sur la ligne de #rerc  08:20 le 03/12 #fedlate en savoir plus sur
Trafic perturb sur la ligne de #rerc  09:40 le 03/12 #fedlate en savoir plus sur
Trafic perturb sur toute la ligne #RERD #BOF
Trafic ralenti sur la ligne #RERC entre Dourdan et Brtigny #BOF
Trains sans arrt entre Paris et Villeneuve Saint-Georges jusqu' 19h #RERD #BOF. Les correspondances sont maintenues, patience @Chtefouille
Trains, RER, mtro... les tarifs vont augmenter
Tu sais que ce sont des renois qui parlent dans le RER quand tu n'arrives pas couter la musique de ton iPhone #realtalk
Tu seras au courant le jour ou j'aurais pter une durite
Tu te lves, tu vas  ton arrt de bus alors qu'il caille, et tu reois un texto comme quoi t'as pas cours ce matin.,Ptn.
TuLeSaisPlusQueMoi.Maisa serait bizarre de dire que les pilotes ne sont pas au courant de la couverture qu'ils fabriquent @isabelle_wiifii
Un RER B coup en deux  Laplace. Les RER sont fragiles.
Un accident nuclaire se serait produit dans une centrale en Ukraine, plus d'informations dans le courant de l'aprs midi.
Un couple qui ce roule des GROSSES pelles pendant 30-40 minutes .. j'ai pas pu m'empcher de faire mes rflexions, le bus c'est mis a rire.
Un couple trs amoureux dans le bus aussi " merci pour le flunch  midi" "j'espre bien parce que a m'a cot 10 balles" ah okkk
Un train coup... en deux sur le RER B - Le Parisien - Un train coup... en deux sur le RER B Le Parisien Un train...
Une competition sera bientt mise en place sur le twitter du groupe! Allez follower @lancasterbcn pour tre au courant!
Usurpation de l'identit de Mabrouk Hrizi, l'lu serait au courant (MAJ)
Vive les playlist zen sur spotify pour supporter les pbs de trains #LigneR #rerd
Voil j'ai loup mon bus et mon rer
Voil ma mre est au courant...
Voir un couple qui se dispute dans le tram a a refait ma journe. Mouahah
Vous foutez la haine  toujours courir  St lazare alors que votre RER part dans 20 minutes
Vous servez  rien  supprimer des trains et faire des grves vous resterez smicard niamorod 10 fois @RERD_SNCF
Vous tes au courant qu'en crivant trop en abrger un comprend rien ?
Voyageur coup en 2  Pantin. Vous n'en avez pas marre #rerE de mettre des trains trop petits ! #voustesresponsables
Waah le bus qui ne ralentit pas du tout pour prendre les ralentisseurs, il acclre limite
Y avait pas de bus du coup je suis rentre  pied 30 min dans le froid sa mre je suis congele
Y'a une naine dans le RER qui assume pas d'tre naine du coup quand tu la regarde vite fait elle te lche un regard scandale
Ya des couples qui abuse srx des grands embrassades sur le quai du rer en plus  Nation
[#LoiRoyal #COP21] L'EdF allemand (#EON) montre la voie en Europe en se tournant rsolument vers les #EnR.  @LesEchos
apparement lundi aprem j'ai pas cours mais idk, j'suis jamais au courant toute manire
askip faut pas le rpter mais tout le mond eest au courant
bon ma mere est au courant que jfume des bedos
eh mais les personnes qu'ont des pb avec les cpe et tt, vs tes au courant qu'on est au lyce qd mm? faut arrter les conneries un moment :/
en attendant vous assumez pas qui vous tes la derrire vos crans mais croyez moi que quand tout le monde sera au courant vous aurez #3
en fait j'ai loup mon bus, donc je suis pas en cours, du coup ma mere va vouloir me buter, et du coup je suis toujours pas alle lui dire
et le pre qui me rappelle que j'ai partiels la semaine pro, ah booon po au courant
go ahead, roll, I'm not here. RT @hairyprincess_: srieux si jvais en cours demain je vais tre tente de m'allonger sous les roues du bus
h h h, mon pre vient d'ouvrir les fentres... il est au courant que dehors il fait -15 ou bien ?
hessy sur la ligne. Trafic normal sur les autres lignes de RER. [2/2]
hessy. Trafic normal sur les autres lignes de RER. [2/2]
il serait capable de venir me parler pour parler d'elle j'me barre en courant j'm'en fous
j'ai finis mes maths du coup faut que je m'habille, que je prenne le bus pour aller au pressing et rcuprer ma veste
j'ai vu un accident ce matin  7h en passant avec le bus,  12h30 le camion tait toujours l. Bh putain.
j'espre que si il neige le tram-train il marche pas non plus
jai rever que j'me perdais dans le metro de paris sauf que cetai des train et que 2 vielle montai au dessu pr aller de l'autre cot du pont
jcrois que je vais plus souvent louper mon bus et prendre celui de ville comme ca je serais avec mon crush jdbsfgry
je suis dans le bus, j'ai loupe mon 1er bus lol
jvous dis pas le sketch que c'tait quand on a voulu """"courir"""" aprs le rer mdr
l'bus il prend bien son temps ce fdp il va arriver on sera tous en train d'mourir
la beaut et la forme dun corps est ephmere si tft ecraser par un bus t plus personne hein ta pls de visage et ton corps il est foutu
la lenteur d"un bus ou d"un train avec un peu de music pr profiter du paysage vers la route d'arta j'aurai kiffe faire ca! #djiboutibesties
le film que ma mre regarde il me donne envie de pas avoir la flemme et aller dans ma chambre en courant
le jour o je partirais pas en courant de chez moi le matin a sera un exploit
le jour ou j'peux m'entraner je loupe le bus ptn c'est une blague
lundi je vais pas en cours parce que je suis malade, et comme par magie mon frre est malade mardi pile  l'heure du bus et seulement -
ma mre m'envoie un texto "c'est cool de courir aprs le tram? tu l'as pas eu lol" seum x10
mdr nisiah elle ma dis rara des ketru gt pas o courant mddddr
mon frere quand il va rentrer il est pas au courant jlattend avec le balai
mon frre il se prend en photo avec mon phone mais il est pas au courant que j'peux rcuprer les photos
mon pre est pas encore au courant, quand il va rentrer ce soir il va me dmonter jvais douiller
mon pre fait des tests de courant avec mon sche-cheveux, s'il le casse faudra m'en racheter un nouveau okkkkk
neige/verglas=pas de bus=pas pouvoir aller en cours=journes trql ppre
notez donc que les trains impacts ne sont donc plus que ceux de dourdan! #Rerc #Qml
oui c'est sa mdr on verra tkt tu sera la 1er au courant apres Maxime pour le num  Ouais Mdrr
pas d'affichage non plus sur le soi disant incident (ou greve larvee ?) en cours sur le #rerb
peine jrentre mon grand frere me dit "toi tu vas te faire frapper le lyce vient d'appeler y'a des camras ils t'ont vu partir en courant"
probleme sur le @RERC_SNCF suite a 1vehicule qui a forc 1passage  niveau. Consquence : personne peut rentrer dans le train #qml #Juvisy
quand ta mre te sort juste le mot "bulletin" y'a qu'un chose  faire c'est se barrer en courant #fait
rafic normal sur les autres lignes de RER [2/2]
rsultat je suis au courant de quasi rien et les rare fois o je les voit ils font comme si j'tais parti intgrante du truc T_T :D
sauf que mon pre il est dj au courant mdrr
si je loupe pas mon bus a sera un miracle de nol limite
srieusement jcrois y'a que moi pr me casser la gueule AU RALENTI ds le bus en tombant entre les siges, et en m'affalant sur qqln au psg
tes-vous au courant de notre dernire nouvelle ? Alex Nevsky et Doloranne seront au Le Cercle le 28 Fvrier...
tkt tkt je te tiens au courant ! Et puis je gre tout le temps moi si tu le savais toujours pas
tout  l'heure on a crois le pre noel dans la rue avec ma meilleure amie, on a hurl et on est parti en courant MDDDDDDDDR
vs vs tes "j'espre il neigera les bus ils passeront pas" moi jvais  pied  mon putain de bahut du coup j'irais quand mme
vu le terrible accident de today, doit on demander au chauffeur de bus la de ne plus filler ou de conduire prudemment?,Il file comme des fou
y a un mec qui m'as parl ds le RER psq j'coute the pretty reckless trop chou jlm <33
