"@mockingold: no these aren't tears " vs tes au courant que Artemis et Apollon sont frre et soeur? Jumeaux mme
"@steve_kinaach: Waaahhhh les gens ci coupent le courant !!! Je vais louper #telefoot " H.B.D mon frre
"Cest ainsi que nous nous dbattons, comme des barques  contre courant, sans cesse repousss vers le pass."
"Et nous luttons ainsi, barques  contre-courant, refoules sans fin vers notre pass.",The Great Gatsby #finish
"Pas de courant "marchaliste" contre un courant "Philippot" dit Marion Marechal-Le Pen. Mme sens des formules nauseuses que le grand-pre
"Wesh tu cour ou comme sa ? Ta louper l'bus ou quoi ?" Ma mre c'est taper une barre
"tout est noir dans ma tte, aujourd'hui j'ai eu le droit  de la lumire. Mais il y a eu une coupure de courant."
#C cst une ouf elle lui a dit "Jcour pas aprs le bus, cst pas derrire toi que je vais courir" Mddr
#LRT vous voyez a c'est le taff + les cours + les devoirs + le RER toute ma vie
#LT Ok vous avez l'air chaud pour le live, j'vous tiendrai au courant pour l'heure mais je pense vers 18h
#RER B : train en attente en gare souterraine; ttes tristes, apathiques, endormies. Un bref chuintement de bribe de conversation murmure.
#TGV-Est #TER-VDM #RerE + #LigneP Meaux - perturbs suite  individus dans les voies au Raincy. Trafic temporairement interrompu.
#rerc en + d etre constament derang par les trains en retards/annuls/supprims maintenant l acceuil en gare est deplarable #homogeneit
. @gdechanterac @JesusRedempteur @HerveMariton son courant issu de la Manif Pour Tous sera marginalis  l'UMP avec 6%
09:19, le trafic est ralenti de Denfert vers St-Remy / Robinson (panne de matriel) #RERB
3 semaines que ma lumire marche plus mon pre dcide en plein milieu de mes rvisions de couper le courant et la rparer WESH PTN
: Toi tu es gentille, et la premire fois qu'on c parler, le courant est passer direct
@5Boys1DSource merci beaucoup :)!Sa serait bte qu'il pense pas a nous ...Omg faut que je prpare mes parents !,Je me tien au courant !
@AidenRPGHA *reviens vers toi en courant Bc le mec lui court aprs* Barre toi! *rigole et cours*
@Al_Burger Et c'est quoi s't'histoire de Pipi dans ma bire ? J'suis po au courant
@AlexandreTanet @Kent_derbaisse ouai du coup je vais passer par clay rer b j'ai le seum.. j'aurais du attendre a quincy
@AlexieRPTW C'tait pour te dire bonne nuit bien sr ! *petit rire, lui remet de l'eau sur son visage puis part en courant dans sa chambre*
@Ameliaaaa__77 Je serai toujours au courant de tout sur toi! Y'a interet mme !!
@AmiGuehi demain ma mre rappelle pour le rdv jte tiens au courant demain !!
@AminaBenouda Mdrrr Wsh je serais au courant Nan
@AnaisLove86 a m'nerve trop.. Je suis  30min de RER du Mag mais nan j'ai cours..
@AntooPresident6 Aprs mon cri magistral en plein cours de Philo  cause de l'orage la dernire fois, tkt pas, tout le monde est au courant!
@ArianaRPGLC *rentre en courant*aller bouge Riri j'ai froid
@ArianaRPGLW ARIANAAAAAAAAA *eclate de rire et te suit en courant mais se prends la porte quand tu la ferme mdr msk*
@Baaatmaan ouai nan mes meme stp pk danielle serait au courant que quelque chose
@C_Caass @FoisLucas @caaamille_s non je dors pas tu sais moi j'aime sortir le samedi soir au cas ou tu ne serai pas au courant.
@CamilleLeloup je sais pas du tout je demande a ma mere et je te tiens au courant ;)
@CamilleYa Ah a vaaa ! Bon j'espre que tu rateras tout a puis que tu finiras accrocher  un panneau solaire. Tiens moi au courant d'cul
@Capetlevrai un clochard compltement bourr dans le metro racontait sa vie, un accident de vie est si vite arriv.. ca fait mal au coeur :(
@ChristopherBigo Je vais essay,mais ma connexion est pourri donc bon,Je dco;Elle sera en ligne d'ici 50m;jte y en coup d'oeil si tu peux
@ClaudiaLtnr accident de voiture  l'arrt de tram
@Conducteur_RER @slasherfun Gare est un terme de batellerie qui pour les trains a remplac celui d'embarcadre.
@DavidRPG_Sex oh et elle est au courant que tu couches avec moi comme a ?*petit rire*
@DebTourneEnRond non mais tu nes pas au courant de ce qu'il a dit au Lido par derrire?Il disait aux gens que Leila nest pas si belle que ca
@Deeeelph Trs bien ;) Faites le test et revenez vers nous pr nous tenir au courant des rsultats ;)
@DjoOdyBylka ah j'tais pas au courant. Mais je crois pas que ma mre vienne, elle va chez titi
@DonnaldSacavin Tu tais sur place ducon pr savoir si la mre tait au courant ? Tt va trs vite ds ce genre de situation. @EtendardRoyal
@ElectreIsMore tiens moi au courant, je t'ai serai si ncessaire
@Entre2chaises @JulGir1 @morganou35 @RunnerLife35 @mathette7 : j'essaye d'tre  10h15 vers le parking ct sortie comme je viens en courant
@FnacVousAide Bjr Toujours pas reu ma commande ! merci de me tenir au courant.
@FrancoisLisa_ @BayouSarr mdrr mais tu es au courant sur la dernire fois tout le monde disait que a serai lui? Et au final c'tait Eric
@FrancoisLisa_ Tkt vous serez les premiers au courant si je peux y aller a c'est sr
@GaelSimon1 @Massobry vous me direz la date je me librerais (pour mif je te tiens au courant par mp fb)
@GaetanArib Tiens moi au courant frre!
@Garance_T je l'espre aussi ! Je croise les doigts pour lui. Tiens moi au courant!
@Giuloveseva Oh mais c'est super! J'espre aussi qu'on se croisera :) On se tienda au courant
@GrecSansOignon mdrrrrrrrrr j'serais au courant si ce serait pas halal tkt manges en :)))
@GreluchesLand Chuuuuuut, putain tout le monde va tre au courant.  @LPmangas @Regis_estuncon
@GuillaumeArnlt n importe quoi j espre leur bus il a un accident ils grvent tous
@HassaneMehdi ta mer est tellemt une tinp au dernier RDV chez le gynco ils ont sorti un sous marin elle a fait genre de pas tre au courant
@Helena_RPG Oh.. Tiens nous au courant. Courage ! J'espre que a ira !
@JackJackJohnson @minrinwilk SA MRE LA PUTE J'TAIS PAS AU COURANT OMFG
@JambesDeFeux5 tiens moi au courant du score stp frere
@Janosboard @wildloovee tqt pas a va bien se passer ! J'espre que c'est trop grave tu me tiendras au courant !
@JasonRPGFAFB -se retourne vers toi- quel copine? t'as une meuf et jsuis mme pas au courant?
@Jeanne_Levitt Ou alors elle n'est pas au courant de cette info,(a me ferait du mal de les tuer, qui je pourrai torturer  la place ?)
@Jeannoue_ toujours toujours eheh! (mais si j'etait au courant a serait un poil mieux tu vois?..)
@Jedicat69 une manire se de stenir au courant?;)
@Joaobap57934294 @VitalKamerhe1 @ManyaRiche  a c'est sr mais je crois qu'il est au courant puisqu'il l'a accompagn lors de ses 1er pas
@Julien_Bigotte Tu vas grer :) Tu me tiendras au courant gros
@Karolina_Online a ne me semble pas vraiment li au match. Un accident de bus de supporters ok. Des abrutis qui se donnent rdv pour se
@KisasaOokami hmmm je crois que je vais un peu bouger (enfin c'est l'asso) je vais revrifier je te tiens au courant >w<
@Kyubitsu hmm... mais je ne suis ni au courant ni le mieux plac dans ton cas alors je vais rester l en retrait et suivre de loin.
@LOdoesmakeup c'est un peu clich mais tellement lger qu'on s'attache aux perso et on s'enchane les pisode ! Tiens moi au courant !
@Laetidls Nan c une genouillre ,et mme les bquille sa aurait tait galre avec les bus et train
@Laradc_ mdddddddddr tfou, 281,TVM,RERD, et votre train, dj 2Bus c trop alors 4
@LeaMyot @charlottedcrg @blswd bah jsuis la dernire o courant
@LesReactions c'est dur pour elle putain, a me choque encore! j'espre qu'elle n'est pas au courant de tout a mdrrr @vintageisnice
@Leynsun Moi genre tu voulais pas quitter une ville, moi non c'est juste que je prends mon temps  mort <D Tu seras la premire au courant~
@LlNER Oki tiens moi au courant tout a. Mais ma situation sera toujours moche, pas maquille et en pyjama ^^
@LucasDuriez1 @Pierreledez Ok bah j'espre que a va s'arranger ma poule, tiens nous au courant
@LukeRPGCOLDP2 (si j'avais deja rep) c'est pas drle! -sors en courant mettre son tee shirt -
@MBergeronTVA @ivergeTVA elle as eu toute un choc sachant que tu serais au courant, la prise de photo est quand mme une russite! :-)
@Mahokaroum ah oui je suis au courant j'espre qu'elle va remonter le level psk l
@Maksime62 D'accord pas de soucis! Je te tiens au courant de tte manire, on n'est pas sans se parler ;)
@Mama9193P te voil dsormais au courant ;) j'espre te voir bientt  la patinoire
@Mehdi_Messs oh miskine Allah Y Rahmo c'est triste :( j'vais appeler ma grand mre aprs pour demander si elle est au courant
@Melaniktamaman ce serait dj un miracle si tu pouvais le toucher sans qu'il se barre en courant
@Melany_Pouco mme moi dans le RER, toujours la pour me rveiller  je vais couter
@NacerARien Pcq je suis toujours en retard du coup mon pre veut que je prenne le bus
@Nejma_s Tu seras au courant t'inquites
@Neodyum @dw_jacson Ca serait possible courant 2015 oui tiens... un beau challenge ;)
@OneMOrE___ ok si a m'arrive tu seras le 1er au courant
@OnyWolf C'est une vido explicative donc j'espre avoir un max de personne pour tre au courant des choses. (5  24 heures d'intervalle).
@OusniSySy @DJIBYSISSOKO1 t'es au courant que si on passe le 1er tour de champions league on peut pas all en europa league
@PabloAChavarria J'espre que c'est pas trop grave, tiens nous au courant Pablo
@Peudleuduz -suis pas au courant qu'ils en font) mais ouais je chercherai qqun ou plusieurs gens pour faire une ost ce sera plus rigolo
@Philou_BTC ah oui c'est la mme merde,Mais wesh mme moi je suis au courant ! p46 jcrois mais jsuis pas sre et mon agenda est loin
@Pyoro47 j'tais pas au courant avant qu'on puisse y accder... J'ai hurl "Wiiii" dans ma maison , y'avait des invits
@RERB quel est l'impact sur le trafic entre la plaine et gare du nord? Merci
@RERC_SNCF vous pouvez pas mettre du chauffage dans le train? Srieux vous devriez nous payez le mdecin
@RERD_SNCF 19h26 corbeil train non chauff comme d'ab :(((( allez !! Un effort avec la clim on arrivera a Paris en glaons
@Ray__Mee Ce serait tonnant que ce soit la core du nord tout de mme. J'tais mme pas au courant qu'ils avaient internet
@Red__Feather pq jsuis jamais au courant
@RehaneeA mddr bon a va je te crois en plus ma mre est au courant et a la drange pas
@Remi_Aubert Je n'ai pas ouvert Steam, pour ne pas tre au courant des soldes
@Remi_M5 Tu nous tiens au courant s'il est good ou pas ?
@Rizzoli_IslesFR elle es finie donc ca serai vrai j'espere tellement.elles nous manquent.daccord merci si tu sais tiens moi au courant
@STYLSEG eh bae ma mre a dit qu'on ira bientt au val d'europe, jte tiens au courant
@SantiniLucie je prends le 1er bus du coup la flemme de marcher 15min mdr!
@Saroueeel attend on va enquter sur le sujet, je te tiens au courant aha :p
@Seybia J'te suis comme a je serais au courant des avances du projet, a m'intresse grave ! :)
@Sgill5_r ba vazy jte tiens au courant vers 11h30 si jsui bien arriver au quoii jbouge de Vaureal la
@ShellBenhaim Tkt tu sera tenu au courant
@SofiaDaSilvaP Tellement a... Je sais pas comment elle fait. Surtout que moi je suis toujours la dernire au courant :)
@TardisUnicorn a va coter plus cher, et je sais pas si a marche pour le RER ou si faut que t'en rachte un du coup...
@Tasogare_Hime Attends ma mre me fait "tu pourras pas y aller puisque tu travailleras"....LA BLAGUE !!! J'tais mme pas au courant xD
@V4rp1e Le seul sport que je fais c'est courir quand je vois le bus ou rer arriver et que je suis pas encore  l'arrt. xD
@V_A_V_A_C_H_E les habitudes du pre coocool . Mais sache que tu es le bienvenu et je te tiendrai au courant pour le prochain raid.
@WaRTeK hello je viens de Looker ta dernire vido !! Tu tait au courant qu'il y avait un mode #exo-zombie car tu n'en parle pas !! ??
@Wolvesrealm33 voila c: *fire de sa blague et part en courant*
@Yukirpgtw Grave *hoche la tete* Je serai toi je partirais en courant de la ville *rit un peu*
@_Kyuketsuki_ @kurumayu_san @XokaOkazaki @TheTwilightWolf @Familitchi666 @Aejil_Plume J'espre que t'auras pas de coupure de courant ^^"
@_Pushem t'es sre?! J'ai le souvenir que c'tait dbut novembre. M'enfin bon tant pis en tout cas la prochaine hein... Premire au courant!
@__SweetDay oui j'espre bien  bref grave  vous tous le monde est au courant mdr
@___Jvde jte tiens au courant toi aussi :) parce que si on descend on fera un truc
@____Justus____ Tu seras un des premiers au courant d'un possible rsultat, ne serait-ce que pour avoir ton avis d'expert.
@_hollyRPGBAS *me retourne et te regarde en faisant les gros yeux.. Pars en courant vers les boutiques*
@_saandraa95 je sais mme pas wlh train ou rer
@afpfr En la mettant  ct des partis politique, les courant d'air quand ils parlent, ils feraient de l'lectricit./
@alliwantisyouu j'espre qu'EDF sont au courant de ce qui se passe
@amandaRPGLW -Il revint vers elle, en courant. Posant le tout sur la banquette arrire.-
@amandine_ltr sinon tu serais au courant ma amandoch
@amoriathecity j'espre que la tourne c'est bien pass jte fais des bisous tiens moi au courant si ta des dates
@austinRPGUFE -je souris en coin et me libr de ta proie courant vers les chambres-
@azeovifbh ma mre doit reconstruire un truc, je te tiens au courant!
@calebrpgha *se dirige vers le Q.G en courant*
@cocoboulanger je sais pas faut que je vois si ma mre peut me desinscrire d'une sortie ce soir la ou pas jte tiens au courant des qu'jsais
@coconuu_uut heureusement sinon je serais venu en courant mdrr
@coltonrpgwwbts3 *sort de la voiture, courant vers toi*
@delmas_1d parce que ma mre fait 15 kms par jour en courant et elle prend 1h30
@dylanOsunshine @AlexLayson13 oui ca sera surement pendant les vacs :) on tiendra tout le monde au courant qund ca se fera
@enX_RemiX @SFR_SAV tu peut me tenir au courant quand ta co revient  la normal , quand le rseau serait ok stp
@faustingry t'faon tu seras au courant si je le rcupre  faut que je leur fasse croire que j'y tiens pas, comme a, a arrivera plus
@fuckwithoran si je m'inquite c'est normal! Imagine tout le monde serait au courant!
@hazelle75 @mahtfrid Non, c'est le terme qu'utilise la mre quand elle apprend sa grossesse. Elle est mieux au courant que vous.
@ianRPGCC *le pousse rapidement* Je.. Je prfre dormir dans ma chambre. *pars en courant*
@iwantcookieblue aw d'acc tu me tiens au courant quand a sera fait
@jackson_tw_rpg Rebekah? Srieux? Dsol on est trois  grer le compte source et moi on le tien pas au courant
@jeannneee_ (Jeanne ou la dernire au courant)
@jtribouilloy toujours la dernire au courant
@julf0000u je serais la dernire au courant de toute faon, c'est triste aha
@julie_bste tu prends le train jusqu' St Laz ou tu prends le RER A ??
@julie_got bref tg bb ton keum il t'aurait vus hier il serais repartit en courant en se disant elle a jouer a quoi avec son nez elle
@justinrpgcoldp2 peut-tre qu'elle n'est pas au courant qu'elle a une chambre avec le fameux Justin! je sais pas.. -tourne sa tte vers toi-
@kroklord @kevniggaz merci jsuis au courant, mais la bio + la bannire + le piercing nasal a fait fdp avanc quand meme
@laughxfstyles ah t'as dj enquter et tout mddddr on se tient au courant demain matin
@lisavlt meuf si y a des bus je viens chez toi mais pas en cours parce que y aura pers
@lucie_san Tu seras la 1ere au courant ! ;) Je te prviens de l'avance mme si tu veux ! (Bon l, c'est point mort, rien cris XD)
@m3luch0n je pense que si ma vie tait un courant politique elle serait anarchiste.
@mannecha un concombre de mer???,*part en courant en serrant les fesses*
@matt_rpgch *passe son doigt sur sa glace puis sur ta joue et pars en courant vers les serviettes*
@mohaasnieres tu ses j etait dans le bus et j ai pter et sur le coup tt le monde ses retourner je me suis cru dans the voice
@mrsbiebsmahomie Des barres de rire elle va arriver elle va faire "Ah bon on est en embrouille?? Pas au courant.."
@msmoneybeats mdrrrrrrr tu serais mm pas o courant jcroi
@naeryth @captainwho_ avant on parlait comme a "nufhneru" et ensuite lle a dit "rer" donc je dis train :/
@o2liams @Vansofyoutubers pq j'suis toujours la dernire a tre au courant bordel
@orelybns @EstelleBoh je suis pas au courant du nique ta mre mais anne C aussi a c'est tord faut arreter
@phobieschool tkt tu vas y arriver ! Essayes de te coucher plus tt sa pourrait t'aider. Merci, j'espre aussi  je te tiens au courant
@pierre_1er @HenrydeLesquen @pondichery6 @jylgallou Mais pourquoi donc les UMP non standards demeurent-ils dans ce courant sinistrogyre ?
@romainbgb Je serais peut tre quelques jours sur Paris courant dcembre #Koupain
@rpr8395 a me va. Donc plus de droite humanistes. Je rsume plus aucun ambrions de "courant".On peut limiter les secrtaires gnraux alors
@sab_bnbrahim @max_imea oh tu me tiens au courant mais j'espre, la sance est  16h10 je crois bien
@sacha_dsv tu tiendras au courant frere
@scarfacealadz @Loko_952 @TrevyGucci_ bah il a un gros compte c deja devant tt le monde non ? T'faon tt le monde y sera au courant
@secret1398 @perfect_h0ran tu es au courant qu'elle peut nous parler en mme temps quand mme, elle ne parle pas qu'a moi stop arrter
@sunofdallas ouai mais c'est courant wsh moi j'parle a une autrichienne wsh une autrichienne d'Autriche a gre j'trouve
@xTrashiiix Georg ? (vague souvenir) Ok j'ai pas tout suivi mais la dernire  l'air bien... x') Bref tiens moi au courant~
@yassineberkhli vers 30-35 ah ouais y'a encore la grve? Woua je suis au courant de rien moi
Accident de bus au #Kenya ?Non !,Juste quelques chrtiens massacrs par des musulmans. #islam religion d'amour
Allez Pi j'rentre chez moi pu de courant, baise ta mre srx -'
Ambroise t'as re du courant la ?
Apparament sa serais une grande annonce on en sait pas plus.. je vous tiendrais au courant de toute maniere :)
Apparemment je serai en couple, je suis mme pas au courant Mdr !! :-P
Aprs j'lui dis "nn j'vais pas dire a ta mere mais a ton pere" il est parti en courant pleurer derrire les rideaux mdrrr #2
Arrter les cours, acheter un bus et remplacer les siges par des lits. Faire le tour du monde avec ses meilleurs amis et suivre nos groupes
Attendez mdr mon frre il me fait "demain cours" et j'ai fait "NN j'ai pas les bus" mais j'ai dit a comme a et la il me fait "OE jsais"
BORDEL MA MERE EST AU COURANT POUR LES CLOPES
Bah vous ferez sans moi les gars, je vais pas venir 1h et passer 2h dans le train et le tram #lt
Ben enfait, tous les voisins taient au courant de mon " accident " malgr le fait que je n'tais jamais chez moi #EhBahDisDonc
Bon @SFR je veux bien tre indulgente et comprhensive MAIS le plus important serai de nous mettre au courant et de nous informer !!
Bon dite moi des bon son en balle la a couter trankillement dans le RER
Bon, le courant est coup dehors, c'est tout noir ! a va pter svre... #orages
Bonjour et bon trajet ! Ce matin sur le #RERA, Thierry vous informe de l'tat du trafic #RATP.
Bonne chance  ma futur femme, tu sera tt seul dans la salle d'accouchement mdrr moi si j'vois a j'pars en courant
Bordel, premire fois que je loupe un match de Milan cette saison, putain de panne de courant. Semaine qui commence mal. Fuck.
Busquets ce joueur je voudrais juste lui mettre une gifle par derrire et partir en courant ...
C horrible quand y'a un courant d'air qui vient t'embter sous ta couette
C'est bon izi taper cous dessus pas de soucie mais gner pas le tram heiin
C'est chaud comme ma mre est au courant de 90% de ma vie alors que mon pre j'lui dis 50% de ce qu'il se passe il me met en pensionnat mdr
C'est foutu demain si je loupe mon bus de 6h51 faut pas s'inquiter mais si je loupe celui de 7h51 la je suis dans la merde
C'est les soeurs qui portent le voile que les keufs veulent devisag normal que les frres me tiennent au courant ils se sont fait tazer ..
C'est rare les personnes avec qui le courant passe directement et avec qui tu t'entends aussi bien rapidement
Ca va dans le RER je vais pouvoir couter de la musique
Ce dimanche, suivre @MLP_officiel pour tre au courant de toutes les actualits, c'est prir sous un tsunami de dclarations populistes.
Ce matin en prenant le tram j'ai vue un accident de voiture c'etais chaud
Comme beaucoup de personnes me le demande , mon blog sera de retour en dcembre/janvier (je vous tiens au courant pour la date prcise ) !
Cool demain grve des bus je vais pas en cours ! Ah bah nan ma mre veut me dposer tout les matins pour que j'aille en cours ...
D'hab t'es au courant 10000 ans  l'avance qd ya un dpart, l rien Charlie elle a tourn sa dernire squence hier au calme
Dans le bus, tu ma demand de ten faire un et jai ps rep jai tout de suite mis mes main a ton cou et toi a ma taille
Dans le rer le chauffeur  pt un cble mdrrr!! Il a dit " chaque abricot son noyau,  chaque train son terminus"  il a parl 5 minutes
Demain 1er dcembre, je vais ENFIN pouvoir couter des chansons de Nol dans le bus because fuck the world je fais ce que je veux
Demain j'vais pousser un mec sur les rails RER C comme a sa fera une excuse comme quoi j'pouvais pas allez en cours
Demain je serai tout seul en cours, greve des bus Desavantage d'habiter a 5 minute a pied du lyce
Demain mon bus ne passe pas, tant mieux pour 4h de cours je serai mieux dans mon lit
Donc le courant #MNR sort vainqueur du #CongresFN et #Sarkozy (re)devient prsident de l'#UMP #LAvenir #BackToTheFuture #CongresUMP
Donc ma mere elle est partie dans l'sud et j'etais meme pas au courant
Donc si tu te casses la cheville en courant, tu vas arrter de courir? #LTS
En Corse, une fillette de 3 ans oublie prs de 8h dans un bus scolaire:accident dur  avaler,comportement intolrable!!
En plus c'tait une surprise j'tais pas au courant. La premire journe on tait avec mes potes, elles se sont kiffes avec Elsa
En tout cas j'espre que cet hiver il va neiger parce que comme a y'aura pas d'bus et j'irai pas en cours avec un motif valable.
En y pensant... je veux pas aller  Poudlard '_'... ya pas internet... comment je ferais pour me tenir au courant des comeback Kpop
Et dire que le fils du pote a ma mre est mort la bas, je comprends pourquoi, le courant est tellement fort mon dieu
Euuuh y'a juste une norme panne de courant dans wormhout qui viens de tomber genre tout c'est arrter que se soit chez moi ou dans la rue
Faire mine de contrler qd tu subi le courant cs pas bon cs pas bon
Faut pas que j'oublie d'appeler ma grand mre car elle est tjrs pas au courant qu'elle me conduit demain
Fidle  sa rputation, le #RERE nous affiche un trafic fluide sur toute sa ligne #OK
Finir ses devoirs en 1h dans le train >>>>>> ah bah nan lol galre pendant 2h30 dans un bus
Heureusement Mika est l hein, on serait au courant de rien sinon :(
Hier pas de #RERD pas de #Bus donc #Taxibleu,Le gars mis pour renseign nous sort "Pas de train pour ris, ni de bus dsol"
Il est 10:18 et le trafic est normal sur l'ensemble des lignes de RER
Il est 10:28 et le trafic est normal sur l'ensemble des lignes de RER
Il est minuit la SNCF nous dit que le trafic du RER B est fluide ...
Il n'y a pas de bus demain mais ma mre me trouve quand mme quelqu'un pour que j'aille en cour.
Il y a une gamine qui tourne autour de la barre du rer depuis 10min. Elle veut des cours de ple-dance ou c'est comment?
J'ai des micro coupure de courant depuis taleur j'espre juste que va pas avoir une grosse parce que j'ai plus de batterie et je-
J'ai fait la bise au fils de la pote  ma mre et j'ai eu un coup de jus et le gars il fait "le courant passe dj entre nous" ptdr mais
J'ai fait regarder la souricire  mon chat elle a bader elle est partis en courant mdrrrrr jpp de moi
J'ai reu un bonne fte, j'tais mme pas au courant !
J'ai un repas de famille j'tais mme pas au courant ..
J'arrive devant le supermarch je pose le vlo et je pars en courant derrire pour taper le code et entrer par la porte de derrire #2
J'aurai pas du prendre le bus parce que avec ma poisse ya moyen d'avoir un accident ptin
J'coute la musique tellement fort dans le bus,J'espre transmettre mon nergie boogie  tout le monde
J'espre dmain il y aura pas de bus comme ca y a presque personne en cours
J'espre elle va pas louper son bus cette conne
J'espre que vous tes au courant que si Southampton est si bien class c'est en grande partie grce  son calendrier.
J'espre vous aurez pas de neige  Nol car de 1 la neige c'est moche de 2 y'a mme plus de bus ni de train.
J'habite  100m du silo et j'suis tjr la dernire au courant des reprsentations
J'me serais cru dans fast and furious avec le padre qu'essaye de rattraper mon bus loup
J'suis toujours la dernire au courant ..
J'tais mme pas au courant que Space Dandy sortait en BR en France o_o. J'espre que a sera de bonne qualit.
J'tais pas au courant sa mre
JE VIENS DE SORTIR EN COURANT DE MA DOUCHE OMG J'AI ENCORE PLEINS DE SHAMPOING, YA UNE ARAIGNEE DANS LA DOUCHE SA MRE PTN
Jai fait la meuf jai mont mes escaliers en courant mon genou il a craqu sa mre j'ai failli perdre une jambe mdr @KatilinyC
Je capte trop mal dans le RER C, je ne peux pas couter #KulturB :/
Je dis a demain je vais galrer a me lever et jvais encore louper le bus demain matin
Je lui ai pas racont un truc de fou alors qu'avant a aurait t la premire au courant je suis choque de moi
Je me suis ouvert le pied, ma mre veut me soigner elle s'est sentie pas bien et est partie en courant
Je ne sais pas quand il sera fini ... n'ayant pas beaucoup de temps libre. Mais je vous tiendrai au courant de son avancement ^^
Je pense faire une serie pokmon et minecraft,pour l'instant rien n'est sr,je vous tiens au courant
Je sens que je vais re-devoir courir aprs mon bus demain, comme touuuus les matins.. !
Je suis le seul  avoir vu Le moment ou Lopes reoit un petard, se barre en courant et fait genre qu'il va saluer ses supporters ?
Jourdren "L'OM ne perdra pas un match au Vlodrome, et sera champion" Ah, a veut dire qu'il est au courant que des malettes circulent? #CFC
Jurez la vie d'vos mres Kenza elle tait  Lige et j'tais pas o courant c donc a ma vie
Khlaaa je sent demain prsnn vas venir en cours a cause des bus et moi j'serais obliger d'aller..
Kolwezi;un Accident de circulation s'est produit a l'entre de la ville de kolwezi.un bus de transport avec a son...
L'Arbre  vent, une olienne pour exploiter le moindre courant d'air en ville #Finances #Matires premires
L'autre Karim avec ses potes de merde comment sa m'a vnre ptn.Ce vieux clochard qui fait le ouf mais se barre en courant qd y'a embrouille
La lose je me suis trompe de train #rer je vais arriver  22h30!
La pluie et les choses de la honte. Un papa vient de tomber par terre en courant vers le bus, en pleine chausse.
Le RER D puisses-tu niquer ta grosse pure de mre. Putain a fait 1h que j'attends mon train  la gare. Aprs vous vous tonnez qd a fraude
Le bus de retour tait norme qd mm avc le videur "cst qui l'encul dsa mre qui est en train d'fumer un pilon?!"
Le chapitre ne sera pas en ligne ce soir mais il arrivera srement dans la semaine, on vous tient au courant !
Le courant y revient que vers 14h50.
Le rer D c'est le rer ou tu vois nimporte quoi hier j etais dans el train je vois une meuf elle se fait faire un cunny normal j'etais outre
Le sol de ma chambre il glisse de fou, et ma mre elle cst lev en courant, elle cst pris le mur, elle a faillit tomber !
Le trafic a repris au Raincy suite interruption pour personnes dans les voies. Retards et modifications a prvoir. #RerE #LigneP #TGV-Est
Les Ravens ont eu beaucoup de succs en courant sur la droite la semaine dernire. Il faut s'en servir
Les gens de mon lyce, les bus ils amnent  Cret lundi ou on a pas cours?
Les gens en face de moi dans le train se demandent si les siges du RER sont lavs... si vous saviez ptdr.
Les prix des free-runs, c'est du vol. J'espre que vous tes au courant.
Les trois compres d'EDF (Ewen-Delahaye-Favennec) ont toujours la pche (photo SG) @GrardDelahaye #pontlabb
M'enfin, j'en parlerais quand mme  ma mre, histoire qu'elle soit au courant. #MTVStars One Direction
MAIS WHAT ATTENDEZ GREYS ANATOMY LA SAISON 11 ELLE A COMMENCE WESH CA FAIT 8 EPISODES J'ETAIS MEME PAS AU COURANT SA MERE
Ma dar a la fais rire la coupure de courant
Ma mre et mon beau pre il vont chez ma tata sans pression,j'tait mme pas au courant! Moi aussi je voulais y aller
Ma mre m'a rveille  7h parce qu'elle croyait qu'on tait lundi et que j'allais louper le bus. Je la hais.
Mais nan nique sa mre metro boulot/cours tudes le quotidien du parisien par excellence
Maria qui balance Karl Anderson au sol et se barre en courant style de rien a m'a tu de rire #NJPW #WorldTagLeague
Mercredi faut que je cours pour avoir le premier bus, ensuite que je prenne le train, et que je mange et me reprpare en 15/20min.
Mercredi faut que je gre et que je loupe pas le bus, genre pas comme la semaine dernire
Mercredi jsuis colle et mon pre est toujours pas au courant + je devais pas aller en cours mercredi
Mes frres me tiennes au courant de tout normal y se sont fais tazzer !!
Mes parents sont au courant que je me mutile, ma mre...  vas voir un psy et demande  ta mre d'aller porter p...
Meteo du #RER (#ratp) : OK () 30/11/2014 a 10:17 Trafic normal sur l'ensemble ...
Mieux vaut tard que jamais ! Reprise du trafic rgulier sur la ligne #RERE #OK
Mme pendant le tsunami, les gars de Chtelet se seraient rassembls pour "psiter" les filles courant pour sauver leur peau.
Mme si y'a pas de bus j'vais quand mme aller en cours sa mre
Mmmmdr wllh au bled le bus il s'arrte pas , il ralenti a toi de mont ou des saut pour descendre #LRT
Moi je cours derriere personne, dj je cours pas derrire le bus tu pense que j'vais courrir derrire toi ? Mdr lol mawa
Moi jsuis toujours la dernire au courant merde
Mon beau frre il s'amuser  me faire peur genre un moment il marchait et il se retourne en criant et  partir en courant bah moi jme suis
Mon frere a perdu la connexion internet, le pauvre.. il me demande de le tenir au courant du score! :)
Mon frere dit que il est courant de mes histoires de gas  il dit moi et manou on es cramer
Mon frre arrive dans ma chambre en chantant et courant vers moi et me sort "t'es mooooche!" Et repart tranquillement.. JE LE VENDS!!
Mon frre qui traverse tout l'appart en courant pour me faire tirer sur son doigt
Mon pere jamais tu le verra courir pour le bus trop de fiert mais un jour il l'a fait et sa t fatal il est tomber...
Mon pre a fait dj 4-5 fois qu'il coupe le courant chez moi, a donne lgrement envie de pter un cble
Mon pre et mon frere ils sont o courant pour l'histoire du lyce  ils vont m'tuer c sur pcq ils voulaient pas que j'aille l'as bas
Mon pre et toujours pas au courant de se que j'ai dpens hier
Mon pre quand j'ai t hospitalise il m'a dit qu'il mettait personne de ma famille au courant parce que a regardait que lui (alors que-
Mon pre tait mme pas au courant que Tiffany venait le weekend prochain..,Je lui ai dit il y a trois jours mais c'est pas grave..
Mtro Ligne 2 En rpercussion d'un voyageur malade, le trafic est ralenti sur l'ensemble de la ligne. Trafic normal sur les aut [1/2]
Mtro Ligne 3 En raison d'un incident technique, le trafic est interrompu entre les stations Pre Lachaise et Opra. Trafic no [1/2]
Mtro Ligne 6 En raison d'un incident technique  La Motte Picquet Grenelle, le trafic est ralenti sur l'ensemble de la ligne.
Mtro Ligne 9 En raison d'un colis suspect  la station Oberkampf, le trafic est interrompu entre Havre Caumartin et Nation. Re [1/2]
Mtro Ligne 9 En raison d'un incident technique, le trafic est ralenti sur l'ensemble de la ligne. Trafic normal sur les autres [1/2]
Mtro Ligne 9 En raison d'un incident technique, le trafic est ralenti sur la ligne Trafic normal sur les autres lignes de Mtro.
Mtro Ligne 9 En rpercussion d'un colis suspect  la station Oberkampf, le trafic est ralenti sur l'ensemble de la ligne. Tra [1/2]
Mtro Ligne 9 En rpercussion d'un incident technique, le trafic est ralenti sur la ligne. Trafic normal sur les autres lignes de Mtro.
N'hsitez pas  me suivre sur twitter pour tre au courant de toutes mes dernires crations @ScrimsX
Neige, quand tomberas tu ? Histoire que que tu fasses quelques accidents de bus...
Oh putain de merde.... Je serais partie en courant...
On en parle de mon petit accident dans le bus LOL
On en parle de mon pre qui est tjs pas au courant que j'tais  Paris voir asap mob
On t'a griller, tqt ta copine sera bientt au courant de tout. Enfin "copine" c'est vite dis a aussi.
Paris avec ma mere et ma sur, on aime pas prendre la metro, du coup ma mre a chaque fois elle appelle un chauffeur et js trp fire mdrr
Pas besoin d'en parler a Ins a tait la premire au courant
Pas de Goal Line technology en Serie A... ils sont au courant pour la rgle des 6 secondes sinon? Faut tout reprendre depuis le dbut.
Pour ceux qui ne seraient pas au courant ;)
Pour ceux qui ne serait pas au courant, le projet est en pause ^^
Pour ceux qui ne sont pas au courant, Samedi c'est mon anniversaire  N'hsitez pas  me le souhaiter a me fera plaisir mdr  #LT,#Forceur
Pourquoi je suis toujours la dernire au courant sur ce genre de chose?
Premire concerne, dernire au courant
Premires traverses ce matin en tant que barreur. ~15' splits. Mare montante mais trs faible courant. #canotaglace @cq_cg
Prfreriez vous la suite de Metro Last Light en premier ou une exclu Left 4 dead 2 en coop ?
Problme sur une sonde de temprature d'un GROG (moteur ddi  gnrer du courant) dpannage en cours #XTer #72500
Profitez d'un trafic fluide sur la ligne #RERA #OK
Profitez d'un trafic fluide sur la ligne #RERB #OK
Ptn je suis oblige d'aller en cours.Y a pas de bus mais ma mre travaille comme par asar  ct de mon  crois que je vais me tuer
Putain de train de merde qui commenait  brler, bloquer au milieu de nul part et pas de bus avant 1h30 !! Merci la sncf !!
Putain demain ma mre a besoin de la voiture du coup j'vais devoir reprendre le bus j'ai trop perdu l'habitude!
Putain j'ai vraiment le seum mais si elle tait au courant de ce qu'il y a derrire j'pense elle dirait '' a ouuuuuuuuuuuuuais ''
Putain le lyce est mm pas capable de nous tenir au courant des changement d'emploi du temps, a m'vnre
Qqun sai  kel heure part les premiers train  la gare de St Denis Pr aller  gare du nord. RER D ou ligne H
Quand je regarde Bien mes beau-frres & les copains que ma soeur & moi avons prsents  la mama' le courant passais propree :)
Quand la petite sur  milien arrive en courant "luluuuuu viens voir " et qu'elle est aussi contente de me voir que ses frres >.
Quand mon frre gagne dans un jeu vido, tout le monde est au courant avec ses cris de joie.. !
RER B En raison d'une panne de matriel, le trafic est ralenti de Denfert-Rochereau vers Saint-Rmy-les-Chevreuse / Robinson. T [1/2]
RER B En rpercussion d'une panne de matriel, le trafic est ralenti de Denfert-Rochereau vers Saint-Rmy-les-Chevreuse / Robi [1/2]
RT @AlexandreCalvez: Je suis le genre de mec  croire que ma lampe est casse alors qu'elle n'est que dbranche. Pas de courant, pas de lumire. Logique.
RT @AlitoFernando: Je pense faire une serie pokmon et minecraft,pour l'instant rien n'est sr,je vous tiens au courant
RT @AmcChantey: @amoriathecity j'espre que la tourne c'est bien pass jte fais des bisous tiens moi au courant si ta des dates
RT @AtionMC: Pour ceux qui ne serait pas au courant, le projet est en pause ^^
RT @AurelieCoudouel: Si ma mre est plus au courant que moi... @FauveDanse tu ns abandonnes l'anne prochaine ? Je suis triste.  @DALS_TF1 Source: #LeParisien
RT @BiienFlexx: Mon pre et mon frere ils sont o courant pour l'histoire du lyce  ils vont m'tuer c sur pcq ils voulaient pas que j'aille l'as bas
RT @CIaudeFrancois: RE JE SUIS LA, DSOL DU RETARD J'AVAIS UNE PETITE COUPURE DE COURANT
RT @CaribbeanGirl__: Diouma elle est bz mdr taleur on traverse la route tout, elle vois le bus il arrive a toute patate la meuf elle cours vers le bus
RT @CatalyaD: Y a un mec il courait aprs le bus, il s'est arrter le mec il a vu y avait des controleurs il a fait genre il faisait un footing mdrrr
RT @CeQuonVousCache: Le scandale est devenu courant -
RT @Clotilde_mzk: @JackJackJohnson @minrinwilk SA MRE LA PUTE J'TAIS PAS AU COURANT OMFG
RT @DXXMIEN: ya un mec il courait aprs le bus, le bus ses arrter, l'mec il a vus y'avais des contrleurs il a fait genre il faisait un footing mdrrrr
RT @DaisyCatChan: @faustingry t'faon tu seras au courant si je le rcupre  faut que je leur fasse croire que j'y tiens pas, comme a, a arrivera plus
RT @DansMaBulleMode: Comme beaucoup de personnes me le demande , mon blog sera de retour en dcembre/janvier (je vous tiens au courant pour la date prcise ) !
RT @ElyasCrackMuzik: Busquets ce joueur je voudrais juste lui mettre une gifle par derrire et partir en courant ...
RT @EnzoBoateng: ya un mec il courait aprs le bus, le bus ses arrter, l'mec il a vus y'avais des contrleurs il a fait genre il faisait un footing mdrrr
RT @Evous: En raison de travaux de modernisation, le trafic sur la ligne 1 du RER sera totalement interrompu pendant un mois...
RT @FightPlayfr: Voici la vido de prsentation du site !N'hsitez pas  la partager. Vous serez au courant de tout sur le site !,
RT @Florxnt: le chauffeur a ralentit parce qu'une beurette travers,j'lui ai dit c'est orange tu peut passer. tt l'monde m'a applaudi j'ai conduis le bus
RT @FreshXIX: Quand tu parle a une fille d'puis longtemps et qe l'courant passe faut penser a protger sa
RT @GuiheneufS: Les trois compres d'EDF (Ewen-Delahaye-Favennec) ont toujours la pche (photo SG) @GrardDelahaye #pontlabb
RT @HBourgeat: En fait, je crois que la solution c'est juste d'arrter de nager  contre courant, et se laisser aller vers l o l'instinct nous guide.
RT @He__Rick: Quel est votre problme avec la branche de Poissy @RERA_RATP ? 30min sans train  18h15!! #inadmissible
RT @Inconito930: Aprs j'lui dis "nn j'vais pas dire a ta mere mais a ton pere" il est parti en courant pleurer derrire les rideaux mdrrr #2
RT @Jagerdesign: N'hsitez pas  me suivre sur twitter pour tre au courant de toutes mes dernires crations @ScrimsX
RT @KubicIroniK: Train a l approche depuis 9h06... Il est 9h22, pas d annonce! #rerb #citeu
RT @LeVraiHoroscope: Dans un film d'horreur, le #Scorpion serait celui qui sortirait en courant par la porte d'entre plutt que de monter les escaliers.
RT @Leadyines: "Cest ainsi que nous nous dbattons, comme des barques  contre courant, sans cesse repousss vers le pass."
RT @LucBentz: #RER B : train en attente en gare souterraine; ttes tristes, apathiques, endormies. Un bref chuintement de bribe de conversation murmure.
RT @LuxBAnne: @Philou_BTC ah oui c'est la mme merde,Mais wesh mme moi je suis au courant ! p46 jcrois mais jsuis pas sre et mon agenda est loin
RT @Lylananas: C'est rare les personnes avec qui le courant passe directement et avec qui tu t'entends aussi bien rapidement
RT @MadamePeel21: Adieu Twitemma, bonjour MadamePeel,Ce tweet sera upp jusqu' ce que mme Obama soit au courant
RT @MappyCity: Tout va pour le mieux, trafic fluide sur la ligne #RERC #OK
RT @Marcow_Adja: Le bus de retour tait norme qd mm avc le videur "cst qui l'encul dsa mre qui est en train d'fumer un pilon?!"
RT @MayorNoemie: Freysinger n'tait donc pas au courant qu'il fallait grer un budget ? #ets1
RT @MikaWebsite: .@mikasounds confirme que son livre sera publi en Italie courant 2015
RT @Nassime_Ch: Mon pre et toujours pas au courant de se que j'ai dpens hier
RT @NatixisAM: Natixis Asset Management ouvre son compte Twitter. Suivez-nous pour tre au courant des dernires actualits #finance et #marchs !
RT @NgueleGeorges: "@steve_kinaach: Waaahhhh les gens ci coupent le courant !!! Je vais louper #telefoot " H.B.D mon frre
RT @NkadaTimothe: @GaetanArib Tiens moi au courant frre!
RT @NorajApp: Noraj de mon dbugage.Mais qu'est-ce que le #ProjetNoraj? Surprise!,(La cafetire est largement au courant)
RT @OceaneLeSinge: @mrsbiebsmahomie Des barres de rire elle va arriver elle va faire "Ah bon on est en embrouille?? Pas au courant.."
RT @OnMaApplaudit: Le chauffeur du bus a ralenti par ce qu'une beurette traversait, je lui ai dis "azi passe c'est orange" on m'a applaudit, j'ai roul l'bus
RT @Orfeothennis: Accident de bus au #Kenya ?Non !,Juste quelques chrtiens massacrs par des musulmans. #islam religion d'amour
RT @PiraSlk: #ChezLesTamils Si y'a un rumeur sur toi c'est La Poste tout le monde sera au courant en moins de une semaine.
RT @QuotesZadig: C'est ainsi que nous avanons,barques luttant contre un courant qui nous rejette sans cesse vers le pass. [F.Scott Fitzgerald]
RT @RERA_RATP: Bonjour et bon trajet ! Ce matin sur le #RERA, Thierry vous informe de l'tat du trafic #RATP.
RT @RERB: 09:19, le trafic est ralenti de Denfert vers St-Remy / Robinson (panne de matriel) #RERB
RT @RERB: Retour  un trafic rgulier sur l'ensemble de la ligne #RERB. Incident termin.
RT @Ramontafr: Jai fait la meuf jai mont mes escaliers en courant mon genou il a craqu sa mre j'ai failli perdre une jambe mdr @KatilinyC
RT @Rere_MSRT: "Une seule obsession , perpetuer la tradition" #TeamOL #Derby
RT @Sabri_Samsa: Vendredi jetait trop moche et y'avait les Contrleurs dans le bus et jai dit j'espre vous allez pas contrlez ma coupe Tous le monde a ris.
RT @SachaSoubielle: Moi je dis  ma mre que je vais pas en cours elle me fait allezzzzzz nique ta race et bouge ton cul tu vas rater ton bus encore !
RT @Shennigton: Arrter les cours, acheter un bus et remplacer les siges par des lits. Faire le tour du monde avec ses meilleurs amis et suivre nos groupes
RT @SmileyTrains: #TGV-Est #TER-VDM #RerE + #LigneP Meaux - perturbs suite  individus dans les voies au Raincy. Trafic temporairement interrompu.
RT @SoHorsy: Oui c'est courant, je rabaisse les gens que j'apprci...  Ca m'a bien fait rire! Les gens sont vraiment trs gr...
RT @Soldat_Algerien: J'arrive devant le supermarch je pose le vlo et je pars en courant derrire pour taper le code et entrer par la porte de derrire #2
RT @SoundOfRaven: @AntooPresident6 Aprs mon cri magistral en plein cours de Philo  cause de l'orage la dernire fois, tkt pas, tout le monde est au courant!
RT @Sphirth: Demain j'vais pousser un mec sur les rails RER C comme a sa fera une excuse comme quoi j'pouvais pas allez en cours
RT @TanguyMx: Heureusement Mika est l hein, on serait au courant de rien sinon :(
RT @TheOnlyFakir: @scarfacealadz @Loko_952 @TrevyGucci_ bah il a un gros compte c deja devant tt le monde non ? T'faon tt le monde y sera au courant
RT @TommyOrNot2Me: Problme sur une sonde de temprature d'un GROG (moteur ddi  gnrer du courant) dpannage en cours #XTer #72500
RT @TouunsiMoha: Y'a un mec il courait aprs le bus , le bus c'est arrter, le mec il a vu y'avait des contrleurs , il a fait genre il fesait un footing
RT @U1PLUSU2: Secteur Tourisme et Communication Formation assure * Lang trangres en + franais courant appr,CV => MyLGL@me.com
RT @UzumakiSaikou: @Tasogare_Hime Attends ma mre me fait "tu pourras pas y aller puisque tu travailleras"....LA BLAGUE !!! J'tais mme pas au courant xD
RT @Vana3x7VoNS: Mme pendant le tsunami, les gars de Chtelet se seraient rassembls pour "psiter" les filles courant pour sauver leur peau.
RT @Weema_B: La pluie et les choses de la honte. Un papa vient de tomber par terre en courant vers le bus, en pleine chausse.
RT @Wendy_Lrv: Mercredi faut que je gre et que je loupe pas le bus, genre pas comme la semaine dernire
RT @_FreeBeer: #LRT vous voyez a c'est le taff + les cours + les devoirs + le RER toute ma vie
RT @_Like_a_Dream: Demain je serai tout seul en cours, greve des bus Desavantage d'habiter a 5 minute a pied du lyce
RT @_Morganissime_: #Orlans - Accident ; Une femme de 86 ans renverse et coince sous un tram, elle n'est que lgrement blesse.
RT @aicha1269: "Wesh tu cour ou comme sa ? Ta louper l'bus ou quoi ?" Ma mre c'est taper une barre
RT @aymrcb: le chauffeur a ralentit parce qu'une beurette travers,j'lui ai dit c'est orange tu peut passer. tt l'monde m'a applaudi j'ai conduis le bus
RT @canelle_blin: quand a te concerne, t'es toujours la dernire personne au courant
RT @clemaisonneuve: @jeannneee_ (Jeanne ou la dernire au courant)
RT @cnnrfrnta: @o2liams @Vansofyoutubers pq j'suis toujours la dernire a tre au courant bordel
RT @constance_02: j'espre qu'il y aura de la neige cette anne, pas de bus, pas de cours, dodo toute la journe
RT @elisekiss21: vos gueules avec vos "j'espre qu'il va neiger comme a pas de bus, pas cours"
RT @emmanuelle_bard: D'hab t'es au courant 10000 ans  l'avance qd ya un dpart, l rien Charlie elle a tourn sa dernire squence hier au calme
RT @grichka75: Jourdren "L'OM ne perdra pas un match au Vlodrome, et sera champion" Ah, a veut dire qu'il est au courant que des malettes circulent? #CFC
RT @icecmapv: J'espre vous aurez pas de neige  Nol car de 1 la neige c'est moche de 2 y'a mme plus de bus ni de train.
RT @ishiplarry: Bref si un jour tout un tas de personnes que je n'aime pas meurent de manire trange, faites comme si vous n'tiez pas au courant
RT @j_maulion: David Beckham et son fils Brooklin Beckham ont eu un accident, ils sont rentrer en collision avec un bus...
RT @laroquehelene: Euuuh y'a juste une norme panne de courant dans wormhout qui viens de tomber genre tout c'est arrter que se soit chez moi ou dans la rue
RT @lisamgnrd: @LaureDmt Mdrrr tu m'tonne la mre a Coline quand elle a vu a elle m'a dit "mais t'es au courant que c'est un mle?" Mdrrrr
RT @maevaadu91: En plus c'tait une surprise j'tais pas au courant. La premire journe on tait avec mes potes, elles se sont kiffes avec Elsa
RT @mariefav_: @Ameliaaaa__77 Je serai toujours au courant de tout sur toi! Y'a interet mme !!
RT @nicomassoud: "ya un mec il courait aprs le bus le bus ses arrter l'mec il a vus y'avais des contrleurs il a fait genre il faisait un footing "
RT @ntmwlh: ya un mec il courait aprs le bus, le bus ses arrter, l'mec il a vus y'avais des contrleurs il a fait genre il faisait un footing mdrrrr
RT @oceanelbr: J'habite  100m du silo et j'suis tjr la dernire au courant des reprsentations
RT @prepouce: Dans le rer le chauffeur  pt un cble mdrrr!! Il a dit " chaque abricot son noyau,  chaque train son terminus"  il a parl 5 minutes
RT @sexwfhoran: JE VIENS DE SORTIR EN COURANT DE MA DOUCHE OMG J'AI ENCORE PLEINS DE SHAMPOING, YA UNE ARAIGNEE DANS LA DOUCHE SA MRE PTN
RT @smilesxfziam: @laughxfstyles ah t'as dj enquter et tout mddddr on se tient au courant demain matin
RT @societealacon: ils sont contre je me le ferais quand mme comme avec les autres mais au moins je veux qu'ils soient au courant. Mais comme ils ne
RT @tinidu33600: @mohaasnieres tu ses j etait dans le bus et j ai pter et sur le coup tt le monde ses retourner je me suis cru dans the voice
RT @tobiashields: 14) Dans le 2, ils ont remis le courant dans la clture
RT @unsurfeur: @coconuu_uut heureusement sinon je serais venu en courant mdrr
Retour  un trafic rgulier sur l'ensemble de la ligne #RERB Incident termin #OK
Retour  un trafic rgulier sur l'ensemble de la ligne #RERB. Incident termin.
Rien ni personne ne perturbe le trafic sur la ligne #RERB #OK
Robben tu le sais  90% il va acclrer et repiquer pied gauche dans l'axe, t'es au courant c'est crit qu'il va faire a mais rien  faire
Sache que tu peux me supprimer/bloquer de partout je serais tjrs au courant de tout
Secteur Tourisme et Communication Formation assure * Lang trangres en + franais courant appr,CV => MyLGL@me.com
Seuls les poissons morts suivent le courant de la rivire.
Si QQN m'avait dit que vivre dans un si grand penthouse me prendrait autant de temps pour faire le mnage, je serais partie en courant.
Si il neige, qu'il y a plus de trains, plus de bus moi mon pre il va quand mme me dire tu vas a l'cole et soit pas en retard !
Si j'y vais  pied ce sera trop juste, je serais jamais de retour au lyce pour les cours, faut que je prenne le tram.
Si je continu comme a, demain je vais peut tre et je dis bien peut tre caresser l'espoir d'envisager d'esprer ne pas courir aprs le bus
Si ma mre est plus au courant que moi... @FauveDanse tu ns abandonnes l'anne prochaine ? Je suis triste.  @DALS_TF1 Source: #LeParisien
Si mon pere est au courant de ce qu'il s'est pass cette aprem, je finis  l'hopital oblig putin..
Super ! j'espre que vous trouverez et que vous nous tiendrez au courant, mais o l'avez vous trouv, vous tes o ? @guybirenbaum
Super la poisse continu problme sur les voies donc pas de train mais des bus je serai chez moi  22h -'
Tantt comment je suis tomber en courant derrire ce ndingari de merde
Tenz bon ! Le trafic est ralenti de Denfert vers St-Remy / Robinson  cause d'une panne de matriel #RERB #BOF
Tes pas au courant kesk'un frere peut faire pour s'mettre bien entre une paire de seins
Tiens. VLG a donc un chef ? RT @Sophie_Pons: ce soir @AudreyPulvar reoit @benoithamon leader du courant #ViveLaGauche,#18hPolitique @itele
Tj je suis la dernire au courant sa mere
Toujours la dernire au courant
Tourouzelle Des Corbires, pas mal, du coup pas d'bus pour moi
Tout va pour le mieux, trafic fluide sur la ligne #RERC #OK
Trafic fluide sur la ligne #RERA #OK
Train a l approche depuis 9h06... Il est 9h22, pas d annonce! #rerb #citeu
Un connard en porsche qui sait pas conduire = accident de bus. Mon bus a defonc la porsche et maintenant on est coinc
Un jour j'etais dehor avec les petit jportai ma ptite couz 1ans mes frere et soeur 10,8,6 on na couru apre un bus et lbatad ses mm pa arret
Un moment m'sur m'attrape je dis a mon frre "part sans moi" j'ai cru qu'il allait faire comme dans les films mais il est partit en courant
Vendredi jetait trop moche et y'avait les Contrleurs dans le bus et jai dit j'espre vous allez pas contrlez ma coupe Tous le monde a ris.
Voici la vido de prsentation du site !N'hsitez pas  la partager. Vous serez au courant de tout sur le site !,
Voil Ren est au courant de tout...
Voil un dimanche galre de plus , enpls jpe pas bouger y'a pas de train chez moi c'est des bus et franchement flemme
Vous voulez rester au courant des dernires nouvelles du #sentiertc? Abonnez-vous au bulletin "chos du Sentier"
Vu qui a pas le bus si y'a pers demain en cours j'men balec je dort.
Y a eu un pire accident entre deux bus
Y a un mec qui est pass en courant devant le vestiaire en criant "j'espre que tu l'aime ton mtier de merde" Euh... Comment t'expliquer...
Y'a un mec il courait aprs le bus,le bus ses arrter, le mec il a vus y'avais des contrleurs il fais genre il faisait un footing mdrrrr
a mfait rire les gens qui pensent m'entourlouper alors qu'en ralit je suis au courant d'absolument tout leurs faits et geste
ce niveau de thugance maximale quand le rer arrive  ta gare et que tu sors alors que le train est pas encore  l'arrt.
ce soir @AudreyPulvar reoit @benoithamon leader du courant #ViveLaGauche,#18hPolitique @itele
dire que demain  7h50 je serai dehors..j'aimerai trop qu'il neige comme a pas de bus donc pas de cours
finalement je rentre en train et RER ewwwwww
heureusement que j'ai ma mre en amie sur facebook, autrement j'tais mme pas au courant que c'tait autant inond devant chez moi
hier j'ai quand meme subi un accident de tram et jpeux vous dire que c'est nul a chier
ils sont contre je me le ferais quand mme comme avec les autres mais au moins je veux qu'ils soient au courant. Mais comme ils ne
j'ai eu trop peur quand j'ai eu mon pre partir dans le courant
j'ai l'impression d'avoir rien eu  faire ce week-end,  mon avis c'est demain matin que j'serai au courant des devoirs
j'ai mal au genou depuis que je me suis pter la gueule dans les escaliers en courant aprs le chat ptdrr
j'espre qu'il sera pas au courant
j'espre qu'il y aura de la neige cette anne, pas de bus, pas de cours, dodo toute la journe
j'tais mme pas au courant que ma mre avait t faire un stage dans un hpital psychiatrique pour devenir aide soignante
je prends le train de 18h50 aujourd'hui, j'espre qu'il y aura pas trop de monde.. ET QUE J'ATTENDRAI PAS 1H POUR LE BUS
jregardais les ama puis y'a eu la performance des od et l ya ma mre qui arrive en courant ds ma chambre "PTN J'AI CRU J'ALLAIS LES LOUPER"
jssai plein de choses qu'il ma dit et persone est au courant , meme pas ma mere ni personne
jvais en cours demain mme si y a pas les bus bc ma mre m'emmne avec clarisse  10h
le mme train de vie que l'rer
ma mre elle a eu trop peur du bruit elle est monter en courant ds ma chambre voir ce qu'il se passait aha
ma mre elle a invite ses amies mais j'tais mme pas au courant trs bien
ma mre elle est pas au courant pr l'accident
ma mre est officielement au courant pour la clope et a c trist
ma mre sort un gateau, Roxy arrive en courant
mais putain pourquoi je suis toujours la dernire au courant ?
mon objectif de la semaine sera de ne pas louper une seule fois mon bus !
mon pre est au courant que mn copain vient chez moi la semaine pro (jsp comment vu que je lui parle pas) et c'est fort embarrassant
mon pre qui a sauv deux vieux dans le courant putain
mon pre qui me dit "samedi soir comme je suis pas l, tu peux faire une soire et tu me met au courant c'est tout" YEAAAH t'inquite
nson. Trafic normal sur les autres lignes de RER. [2/2]
on s'crivait lors des visites de sa mere, elle me tenait au courant, j ai fait tous ce que je pouvais pour elle, j'ai attendu des mois et
pour tre sur que je rate pas de cours a salses il y a les bus de ligne , le train , et ma grand mre au cas ou , bande de batard
putain chez moi je suis toujours la dernire  tre au courant de tout c'est casse couille
qu'elle est au courant pour sa mre du coup la nouvelle lui dit que si elle dit quoi que ce soit  quelqu'un a ira mal et la nouvelle-
rafic normal sur les autres lignes de RER. [2/2]
sautr  ah non non non j'sais pas si t'es au courant mais j'suis son pre en fait
videmment je suis la dernire a tre au courant.
vos gueules avec vos "j'espre qu'il va neiger comme a pas de bus, pas cours"
vu que je vais re en cours je serai actif qu'a partir de 18h30 par l bc le bus + le temps que je marche ou si ma mere vient me chercher
