"Ah ben on a pas bien fini la rvision du matriel, alors les trains passent en retard. Ou pas du tout". La #SNCF, toujours au top. #RERD
"Je vais tre gentille s'il neige cette nuit tu prends pas la voiture demain & comme tu seras pas leve pour le bus bah t'iras pas en cours"
#A40 est hauteur boul. St-Jean accident camion-citerne et autobus scolaire VD
#AKHT Mort mystrieuse d'un jeune basketteur  Lige: Le corps de Simon Bot (20 ans) a t rer...  #7s7 #Belgique
#Arte 360-Go: Au village de Pompein, en Birmanie, les foyers les plus pauvres peuvent accder au courant le...
#Electromnager,#9: Klarstein Me&Yo - Yaourtire 1L sans courant - prparation de yaourt maison sans lectricit...
#Hydrolien : le courant de la rivire pour produire de #lectricit @franceinfo #Energie #Technologie
#RERB encore des trains supprims. #inadmissible aux heures de pointe....
#Trafic_TAG [Conditions Mteo] Fortes perturbations  prvoir sur les lignes de bus. Les lignes de tram devraient fonctionner normalement.
#Zoneeuro La grande divergence s'acclre - l'excdent courant allemand bat un nouveau record en 2014  via @latribune
#argenteuil : mme l'accident de bus dclenche une polmique entre Mothron et Doucet  via @le_Parisien
#montgeron #rerd train de 8h35 qui disparat, suivant annonc complet depuis 3+ gares, a s'est amlior depuis la semaine dernire
#newslorraine Trafic train toujours perturb  Blainville-Damelevires. Bus de remplacement prvus. #trains #bus...
#qml #RERC : +15 mins de trajet pour les trains missions MONA (Pontoise/Massy P) et NORA (Pont de Rungis/Pontoise) jusqu' 9h (pb PN)
#qml du retard ce matin sur le #RERA... 7:49, le train OFRE50 de 7:45 toujours pas parti de #CLH.
#rerD bands de mauvais. ...Trains immobiliss a l atelier un lundi matin. . Mais de qui se moque t on..,Vivement le changement
#running Gagnez des points en courant et convertissez-les en bons de rduction #uber #Garmin #helping ->  code: wixz
#stibT94 Pas de circulation entre #HDebroux et #MuseDuTram Accident tiers Bus navettes prvus #stib
******* INFO METEO SITE **************** Le site sera mise  jour courant d'apres midi...,vous serez tout sur le...
, le trafic est perturb sur les lignes de Bus 57, 141, 186, 190, 191, 241, 244, 360, 391, 394.
, le trafic est perturb sur les lignes de Bus 57,141,191,241,244,360,391,394.
.@Vrais66 Vs tiez au courant?? re:
00:05, le trafic est ralenti sur la ligne (voyageur sur la voie) #RERB
10 rames de RER D supprimes lundi matin. a choppe la grippe une rame de train ? @jphuchon @RERD_SNCF @Asso_SaDur @iledefrance @durovray
12h j'ai couru pr avoir mon bus d'un coup je reois un msg " cours + vite aller"
2 mitry 1 CDG direct 3 trains vides avant le mien #fautpasetrepresse #RERB
22:35, le trafic est interrompu entre Port Royal et Luxembourg (voyageur sur la voie) #RERB
22:43, le trafic est interrompu entre Gare du Nord et Denfert (voyageur sur la voie) #RERB
22:52, le trafic est interrompu entre Gare du Nord et Denfert. Retour  la normale  23:59. (voyageur sur la voie) #RERB
28 minutes d'attente. 3 trains supprims. Des avis ??? @Asso_SaDur @RERD_SNCF @jphuchon @iledefrance @durovray
3 trains en 1 min depuis 4 minutes trop fort @RERD_SNCF #Montgeron #neige
@63jble temps de passer a Conflans ca sera plus demain midi. Tu me tiens au courant pour que je gre ma journe bcp d'arrivage. Je t'Aime
@974lk @YouTube je viens de voir que j'ai un forfait illimit vers les dom-tom...lol! depuis trois ans et j'etaispas au courant lol!
@Actu_Choc Le pointillisme est un courant artistique, pas le caractre de ce qui est pointilleux. #fail
@Agathe_Francois tu es au courant ou pas qu' Chamonix ce sera tous les jours comme a
@Alexyanne60 j'suis sence tre la premire au courant ... Mais bon comme d'hab hein
@AllardMarie: TATS-UNIS - Un pre face au courant antivaccination #lapresseplus  #VaccinateYourKids
@AmbreShady Lo sera au courant
@AntoineWD oui oui on verra, au moins moi je suis au courant toi tu le seras pas mdrr
@AshleyRPGIBIZA le pre est au courant ? Parce que deja que tu n'est plus avec.
@AtkMelike elle veut faire la discrte en courant derrire le dos de la prof d'SES mais limite elle l'a fait tomber mdrr
@Avril_T55 mais jure la vie d'ta mre ptn j'en ai marre jsuis jamais au courant de rien
@BAndersonJG "Ouiii" Crierent les jumeaux en courant vers lui. "Wi wi popa" Lydia saura partout.
@Belgium_iPhone Oui je suis au courant de son arrive trs bientt  la toison d'or, j'espre vous voir  l'inauguration d'ailleurs!
@CMart0810 @sadrin_laura @sorayacct mon bus a fait un accident mdrr
@Call_Me_Jose @RERD_SNCF le cours du charbon a augment ces derniers mois. Ils nivellent donc les prix en fonction des fluctuations.
@Catange92 Oui, tout le monde sera au courant, quand a sera le cas XD
@Celia_edy Attend ma mre m'appelle *Pars en courant* mddr #ICantReply
@Chococrapaud Tu seras au courant, t'inquite ! :)
@Claire_Mrd 10-15 euh non 25 enfait le bus a eu un accident, tous a pour a mdrrrr
@Clara_Grape @Delphiine_A surtout qu'en plus je n'aurais pas de bus pour aller en cours! je pourrais donc fter a avec lui haha
@Clara_Lobell tqt je ferais genre j'suis pas au courant
@ClemenceLaille haha les mecs dans le RER ils disaient mais il est con il a voulu s'tape avec 8 gars il aurait d courir
@Collin_RPGTW - s'assoit sur l'autre cot du lit et pose son sac de bire  cot - Au faite,t'es au courant? Je vais changer de clan
@CyrilouSan A condition de vous voir... perso je voyage souvent en queue de train @Denislamalice91 @Tibouland @RERC_SNCF @bgoss44
@DanielRiolo J'espre que t'es au courant que le palmars de Zlatan est plus grand que celui du PSG sans prendre parti pour qui que ce soit.
@DescalziLea t'es vraiment fan de Nabilla mais t'es au courant qu'elle a poignarder son mec j'espre ??
@Diabou_S mem moi je prfre, jeu une copine papam nonou leu ko yallah dieule , cst pas sur quoii , qu'ils ns mettent au courant quoi Motane
@DilouwGO9 Arabe espagnol japonais anglais et en arabe je parle le courant le soutenu un peu et le berbre
@DrewRPGTI9 -arque un sourcil en le remarquant et lche un rire mignon,courant lgrement vers toi puis te saute sur le dos en _
@Ecila_b Je suis toujours la dernire au courant des choses moi mdr
@Elmacdelo Wsh jspr t'es au courant que pr prcho y'en a qui seraient prt  dire nimporte quoi? Genre "Tain c des batards les Palestiniens"
@Emayounaise @Max_Gdn85 heu d'ailleurs t'es au courant Emma que PJ il a toujours pas fter son anniv il veut attendre cet t !
@Emma_RPOUAT si jamais je pars tu serra la premire au courant
@EmmanuelOgereau Wow ! Super nouvelle, bravo ! J'ai trs hte de le goter, tenez-nous au courant.
@Evin_Jiyan21 le PKK a toujours reprsent notre lute et nos valleurs, pourquoi chang ? Chang de courant politique ou s'adapt a la
@FAGuadeloupe prire pour @edf_client d'embaucher de vrais ingnieurs, plusieurs heures sans courant sur toute la GPE, incroyable !
@FFLeOH @AToMiiiK94 @SAIGOhmygod j'espre avoir le time ! je fini  17h30, je vous tiens au courant
@Fl4v1en Des que J'conomise je te tiens au courant, la je dois voir combien va coter la crche/assistante maternelle, et je te dis.
@Francesca_VDW votre bus roulait lentement ti bay,nou t dy mais vraiment au ralenti mafia!!
@GamerAltris si a se fait, je pense qu'il sera potentiellement publi en fin d'anne (ultra optimiste) ou courant 2016.
@Holdope mdrrrr mais non mais jte parle de ma journe au lyce genre en plus j'ai loup mon RER j'ai su que ma journe tait foutu
@Insaixible @Marie_83L mdr nous avec milie on est toujours les dernires mais on loupe jamais notre bus c'est a la classe mon gars
@Jackypetit je compatis j'ai envie de partir en courant je sais mme pas pk je suis venue???? mystre et boule de gomment
@JoDeMoscovaki L'AMT gre les trains de banlieue. Pour commentaires sur les autobus, contacter la cie en question. Merci. ^AV
@Julieoriginal TU GARDE CA POUR TOI, BC APRES PLUS TARD QUAND JE SERAIS AU COURANT BEN CE SERA TROP TARD ET JMEN VOUDRAI !!  ET NON C'EST
@JuliusDerDritte Bonjr, nos techniciens sont au courant des difficults que vous rencontrez.,Un correctif sera appliqu cette semaine.^Yan
@KRiimVaiisseauM Ah ouai a a l'air pas mal du tout. Je verrai a demain. Je te tiendrai au courant. Merci frere :)
@KakashiSquare Ceux qui aiment sa vie en parle, lui il ne gre pas tout a. Des footeux qui n'assiste pas tous les entranements c courant
@Kentin_D tu me tiendras au courant du rsultat des lumires la ?
@Kur0igetsu J'espre que je connatrais jamais ce sentiment moi  2,5 mn de la Gare RER B.
@LAbehsera En mode "SURPRISE" mdrr! Si je peux ca sera chanm! Je te tiendrais au courant
@LUNG4 SUPER! J'ai fais ma valise, j'ai 1 train  15h50, j'arrive sur Paris  19h33. Le tps de prendre le RER & je ss ds le 93. #AdieuGadoue
@LaCaencaneuse oui fais jouer le.match vendredi et va seule  stade tu sera la premire au courant du score
@La_Psychopathe: Celles qui s'la prennent dans l'cul mtnt, j'espre que vos maris seront au courant :// Des bonnes grosses chiennasses
@Laurent_S9 Il nous semble pas.. Si on entend quelquechose vous serez mis au courant !
@LeForezLibre @_sbn_27 Caiazzo est  peine au courant du deal, cest Rocheteau qui gre le partenariat. Mais je partage tes rejets gastriques
@Lefort_Mathilde a je sais pas encore mais ds que je sais  mon avis tout le monde sera au courant x)
@Ligne1_RATP correction : le trafic est perturb sur toute la ligne 1. Arrt de +3 minutes par station. Usagers dpits.
@Loremille c'est vraiment trs bas de m'afficher comme a auprs de lui t'es au courant j'espre
@LouanneCy bon aller on va arrter sinon ils vont etre au courant que tu t'es pris un poireau aussi
@LozeRER @RER_B Pas avant 2025 ? mais COMMENT la RATP va-t-elle grer l'augmentation de trafic sur RER_B d'ici l ??
@Lubiscuite Bonjour, la circulation de la #LigneA sera rtablie aujourd'hui. Trafic normal jeudi prochain. Bonne semaine !
@LumiaAide vous serez les premiers au courant :)
@LydiaFallara a a repris ?? J'tais pas au courant  va falloir que j'y remette
@MaLigneCDeLaM. #rerc SLOM. Nous venons de heurter qqlchose sur la voie (grosse pierre ?) Le train continue son chemin.
@Marion_A2 Ah j'ai hte ! Des pers sont au courant ?
@MarlonMave j'ai hte qu'il soit disponible en ligne. Tiens moi au courant quand ce sera le cas
@Marre_motte ca va finir en "le mecano de ce train est au tel" plus qu'en pb de chauffage  @Denislamalice91 @Tibouland @RERC_SNCF @bgoss44
@MathildeLMD mdr oklm tu fs ce que tu veux a se trouve tu le feras on sera pas au courant
@MelveenM tu dis un truc du genre " Elle te dis d'arrter tu l'entend pas crier ! Elle aurait pu se prendre la table " t'arrive en courant
@MoonyRJLupin *dtourne son regard et s'en va en courant, vers la tour*
@Mylena_Smbe @HP_France tu peux me tenir au courant si tu as reu le mail ou non ? Je suis dans le mme cas que toi ;)
@Nanu0608 @RERD_SNCF @patricetcolette en 1980, les train roulait mieux que aujourdhui, sa se dgrade d'anne en anne!!
@NdonNga est ce que les femmes kamers sont fidles? pour ne pas gnraliser, mais on est entour de panthres.." je sors en courant"
@Neylyn_ Ouiiii,Mme si quand le courant est revenu dans le quartier ma lumire s'est allume x)
@Ngoneseck @Kelsiamo mddrrrr non je suis au courant rek bonne nuit par ici
@Nouesys bah a peut arriver que le pre soit pas au courant
@Pastek_thedev @Riri1905 j'te tien au courant tkt
@Pataclop00 genre t'as jamais eu de soupons?!!!! Y'avait des choses normes quand mme... @Conducteur_RER @FanV2N
@PlayGoetia Bon courage et tenez-moi au courant pour ce problme de ratio. J'espre pouvoir backer ce jeu qui a l'air bien sympa. :)
@PrunelleLclrc @JuiBenoit @GhostParisian c'est faux j'tais au courant en premire wesh enfin voil quoi caf samedi 15h30
@RERA_RATP il se passe quoi exactement actuellement? Pourquoi n'y a t- il pas de train??
@RERB Aucun train depuis une heure pour mitry claye. La gestion d'une crise simple est un fiasco.
@RERB sinon a roule au ralenti vers le nord a se passe comment ?
@RERB y a t'il des trains qui partent de denfert en direction de la banlieue Sud ?
@RERC_SNCF C'est rcupr, merci encore !
@RERC_SNCF Train LARA de 9h32  Arpajon encore et toujours supprim. Pourquoi ?!
@RERC_SNCF j'adore les annonces en gare qui sont diffuses quand les trains passent. Et qu'on entend : "...Restez attentifs  nos annonces"
@RERC_SNCF toujours au top : un train ultra court  l'heure de pointe : encore merci. Quelle joie de se faire prendre pour du btail #honte
@RERD_SNCF 7h53 en gare de Lieusaint-Moissy : aucun train sur le RER D en direction de Paris
@RERD_SNCF @Asso_SaDur pourtant vous m'avez confirm que ts les trains circuleront aujourd'hui, la maintenance est planifie au jour le jour
@RERD_SNCF @Kiirby_Kills je vous suggre de planifier la maintenance sur des trains qui ne sont pas utiliss.
@RERD_SNCF @TUForg @jphuchon ben oui c'est dur pour nous du coup d'tre entasss pour de soucis de regul de maintenance. :(. Bonne journe
@RERD_SNCF @VilledEvry non celle d'avant. Seule annonce en gare : la destination du train vient d'tre modifi en parlant d'un VUPE.
@RERD_SNCF @pmondet19 @patricetcolette Pour info une belle annonce en gare de Boussy st Antoine : pas de train pour le moment !!
@RERD_SNCF @pmondet19 @patricetcolette le quai est noir de monde... Ne pensez mme pas pouvoir monter dans le premier train qui arrive
@RERD_SNCF Bonsoir. On pourrait savoir ce qu'il se passe sur cette ligne ? Vous supprimez des trains, vous mettez des TUPE terminus corbeil
@RERD_SNCF Si je travaille avec vous, je vous corrige vos fautes d'accord et d'orthographe !,La fin des ralentissements estims ...
@RERD_SNCF Toujours au taquet ! Train en maintenance ? C'est pas comme si vous aviez des horaires  respecter... #qml #rerdcommedaube
@RERD_SNCF Une explication pour la suppression des ZICO de 17h57 et 18h12  GdL ? Encore des trains en maintenance, peut-tre ?... #qml
@RERD_SNCF ah bah pour le coup oui Tt serait ok me concernant .... Mais bon....
@RERD_SNCF arrive a nous faire rire :D "Un train a destination de Stade de France arrive mais attention il affiche complet"
@RERD_SNCF hello du neuf sur le train uaca retard qui devait passer  44  lieusaint ? Ne me dites que c'est la neige mdr
@RERD_SNCF il est pass pu le train pour #juvisy qui tait affich en gare de @VilledEvry Courcouronnes ? #mystere #disparition #qml
@RERD_SNCF il y a pas de train qui va en direction de Melun malesherbe .. ?
@RERD_SNCF let's speak French ! J'tais  06:48  GDL ! Les deux trains suivants furent supprims !! Donc a fait 38 min de retard !!
@RERD_SNCF mais sinon ? On a une chance de pouvoir aller bosser aujourd'hui ou non? Trains en partance de grigny direction paris ?
@RERD_SNCF pourquoi les trains supprims sont diffrent entre ceux annoncs  6h45 et ceux annoncs  7h25 ? Du coup j'ai patient 15 min
@RER_B le coup de la taille. On sent dj la mauvaise excuse.
@Reb_RPG bah ouais? (nn il est pas au courant on dit)
@ReedDead ahah tu seras le premier au courant ds que a sera programm
@Rems2020 Merci mais j'en ai dj vu tourner. Il n'est pas trs courant mais il est loin d'tre aussi rare que son quivalent japonais.
@Romain_Rvr ah je suis au courant
@Roster_Sp6men Bonjour, nous traitons votre demande ce soir, vous serez tenus au courant dans les jours  venir.
@RpgForbes *t'embrasse et te prend dans mes bras * d'autres filles serait parti en courant ...
@SFR_SAV bonjour, impossible de rcuprer nos factures de dcembre au prtexte que la ligne a t rsilie, comment faire ?
@SUGARME7 ON IRA REPRER L'ALARME INCENDIE ET LE GNRATEUR DE COURANT AU QUATTRO TKT
@Sabri_Samsa @guanahafi arrte de t'enjailler suis aussi au courant frer
@SandraP1968 @Capucine8m @Alizee_Bou il tait temps et tes au courant pour l'mission de se soir ? Mamsssssssssss is here
@SarahLagriffoul et s'il a envie il dira "oui quand?" Sinon la rponse sera "Beh on se tient au courant on verra ca pourquoi pas.."
@ShopgirlGilmore Les trams fonctionnent. Aprs je n'ai pas cours aujourd'hui : je peux juste admirer en calculant comment accder  la BU ^^
@SophiaLaura93 .. Mais tu sors en courant. Tu mets un truc sur la tte pour te protger
@StefanVersac @famillecg Ce ne serait que justice et quitable reprsentation d'un fort courant d'opinion.
@StonzU allez, j'te tiens au courant parce que la j'suis un peu dans les revisions pour le bac blanc mais on se fera un truc :)
@SuperiorReflect @TrevyGucci_ @SuperFlowzs @reubeuinked @LeMecJnouney Jte met au courant des activits de ta mre c'est important
@TPMPofficiel et quand ce sera mon tour vous serez au courant ? @TPMPofficiel
@TaZ93700 oui c'est vrai mais moi a me choque qu'ils peuvent gagner autant d'argent en courant derrire un ballon lol
@TaeJunSeop Mdrrr ca me fais rien perso, elles sont mortes donc ca va ^^ Sinon je serais partie en courant !!
@The0re0 ouais bha tiens moi au courant :3
@Themel221b j'ai cout l'album dans le RER ;-)
@ThibaultBsg @LacosteRafti Merci Thibault, grace a toi Twitter sera aussi au courant.. :p T'etais pas oblig :p
@Thomas44116 @Ocamposisation Oui c'est sr, ou alors panne de courant et hop plus rien aussi x) Mais vers minuit sera officiel..
@ValRowski bientt tu sera le premier au courant
@ValentinCrn @FloPimpMyDog @Chachou1778 @Lucas_081 Coucher avec son frre chez les Chtis.. C'est courant non? C'tait une ddi.
@Valpyck et pas pourquoi moi je l'ai pas reu ? Tu vois axe quand je te dis que je suis jamais au courant de rien :(
@Vanneur la pauvre conne pas au courant qu'on peut dcaler sa prire au besoin
@VinceeentG mdr mais non arretes demain je me lve a 6h15 pour le bus de 6h45 je mange et je m'habille au ralentit tout a so pas ltiiiime
@WendyFeePirathe @whizzkidfr Bonjour  vous deux ! Et oui, nous y rflchissons trs srieusement, vous serez tenus au courant :)
@Yako_RS @ProZe49 @RpLayy @Rainbow6FR fin d'anne oblig mars on serais dj au courant je pense
@YasmineWheeler4 Il devait pas tre au courant de la lois 201, verset 4 "Tu ne perscuteras point Ed Sheeran"
@YookWatermelon Ouai personne est au courant ni la salle ni rien et puis l l'vnement a t retir de mymusictaste donc bon XD
@_JimmyWIN mdrrrr jmarchais vers le tram et elle est apparue comme sa d'un coup mdrrr
@_Laura_Astie @alexchauv1 tqt tu seras la premire aux courant
@_Rowaaaaan je sais mme pas si mon pre est au courant
@_SheepNiam j'espre ! Je te tiendrai au courant je dois dj battre cette foutu grippe
@_Shrykull_ @TryphOz C'est vrai, je mrite de ne pas avoir de neige et donc d'avoir des bus et donc de pas galrer  aller en cours.
@abdesselem tu me fais rire !,Promis, je te tiens au courant :)
@actu_jv Sinon dans le courant de la soire je te redis mais je pense que entre 21:00 et 22:00 a devrait tre bon
@aghd_ de toute faon je l'aurais dj prdit auparavant donc tu seras au courant
@antoine_courant pq pas, Lacazette sera encore absent donc
@azaleasmoke j'espre et mme comment on va tre au courant.
@belqueux_camill ah j'espre qu'elle ira mieux! Tu me tiens au courant
@bensvtti t'es ma lumire chlo tu m'claires quand y'a une panne de courant pendant un orage<3
@bezbzz Tiens moi au courant a serait frais
@calipette @ump il existe la presse gratuite tel Direct ou Metro, couter les usagers comments et tu clates de rire, c mieux que la tl
@camilletrln mais tu seras la premire au courant quand je l'aurais, que je puisse aller a berber ou chez Jos
@coolblackgirl: Les soirees swagg aussi chaque fois le courant coupait. Des amateurs rek
@crushdobrev tu me tiens au courant, l'anne dernire j'ai russi  voir le cast d'hunger games
@damecha Vous me tenez au courant de ma candidature j'espre ?
@djibril_94 va t'faire bais sale pute va mdrrrr moi j'ai un gros tarp sa mre t'es pas au courant
@dreki_k Bonjour ! Pas encore, on vous tient au courant ds que d'Artagnan et ses compagnons peuvent se dchaner sur nos crans. :)
@ebschindler Non, tu l'as retir parce qu'en plus d'tre une ordure, tu es un lche. C'est courant.
@ecologiEnergie cher Ministre,elle est au courant la ministre que ds l'attente de l'AFB (2016? lol)des agents d'EPA (dcret liste)galrent?
@eva_abnxx xd arrte il aurait eu peur ey se serait cass en courant :')
@exbabacool #circo2504,Ils vont crer un nouveau "courant"  Solfrino.
@ezriashton jcommence a 10h mais ma mre elle veut dormir longtemps, du coup elle m'emmene pas, et vue qu'il y a pas de bus a 10h-
@franceinfo Hydrolien : le courant de la rivire pour produire de l'lectricit @Hydrolien @BlueSignEvents
@g123k Je te tiens au courant quand je serai sur de pouvoir y aller
@ginnyw_rpgM Tu es au courant que la prison Azkaban a t attaqu il y a peu ? *sert les dent* dont mon pre
@gladysproject de toute faon on va pas te forcer :D on sera mis au courant quand la nouvelle version sortira
@glaisjeremie s'il neige et que tu es sur Twitter tu seras au courant mdrr
@grandtourmalet Sur RMC il parat que le maire de B2B a parl de convois d'vacuation cet aprem. Info sre ? Comment tre au courant ?
@heytiphaine Tu m'tonnes ! J'espre qu'on sera tenus au courant quand a arrivera mdrr
@hotsheeran salut, es tu au courant si il y a une premire partie dans les concerts d'Ed Sheeran ???
@hotsheeran tu me tiens au courant surtout moi j'arrive vers 8h30 normalement
@hugo_thaba bah vasy pas ton bus passe pas tu risque de faire un accident.
@hutchemsworth de toute manire on se renseigne cette aprem je te tiendrais au courant!
@hypza_domen ba ui mais jpensais pas que meme le nileza serait au courant, jsuis deg un peu
@iPhoneAddictFr mise  jour en cours sur iPhone 6+128. vous tiens au courant si modifs repres
@isabellepasvrai je ne vais pas vous embter plus longtemps mais je voulez ke vous soyez au courant
@jaehyobbit j'espre tellement ... On se tiens au courant mutuellement si on a des infos a te dis ?
@jhutcher_ @FR_HungerGames et encore! Je les voit bien venir en courant et en hurlant comme des porc derrire lui, prendre une photo en le -
@jphuchon Les voyageurs du #RERD en ont assez des trains supprims sur l'axe Combs - Paris pour cause de maintenance des trains. STIF bern.
@kevadamsss Le jour ou j'aurais ton follow, tout mon college seras au courant je te promet !
@klilia_ son pre n'est pas au courant wAllah psk sinon jte jure qu'elle est SDF la c'est ces frres qui lont frapp jusqu' elle saigne hhh
@landry_ceo @AfricaNext50 C'est prvu je crois bien. Intialement en 2014 donc certainement que cela se fera courant 2015?
@lavalleechristo genre pourquoi tu serai au courant on dirait tu dis a comme si c'tait une cousine Mdrrr
@ldereumetz bah je pars en Guadeloupe et j'y vais aprs je te tiendrai au courant de toute manire, en plus j'ai des choses  te dire
@libertetonnom @Tripanski ... pas au courant de celle-l. Je ferai ma petite enqute.
@lolovicdia @Le_Figaro ahahah !! Manque pas d'air le sarkolatre ..c pas FH qui a gouvern 5 ans en courant derrire le FN !
@louehxjawaad @jadeloseto_ mais mme si il le voit, qu'est-ce que a va changer?,Tu ne sera mme pas au courant si il le voit un jour
@louisekno d'accord et bah tu me tiens au courant alors :) j'espre que tu pourras venir!
@ludolajeanne Je vous le souhaite et l espre.Tenez moi au courant..Bonne journe  vous.^Phil
@man0n_karneeff le bus etait pas bond ce matin? J'te dis a parce que  grave = suicide voyageur
@marie_nry Mais oui je suis deg, j'tais pas au courant que ma mre partait, sinon j'aurai invit des gens :'(
@mathis_gbt 1er fois tes autant au courant pour un oral toi mdr tu m'tonne de jr en jr
@mattii49 @Locampos15 regarde infosport plus tu sera au courant il va signer
@mdnanael j'tais au courant depuis l'anne dernire ehe
@minouche64 bonsoir Minouche Comment vas-tu ? Pas priv de courant ni totalement enneige j'espre ! Excellente soire Lundi FINI BISOUS
@njhisloml Oue tu me ton au courant si il rep peut tre un rve qui se ralisera pour toi je te e souhaite
@pakisenforce mais il y a une coupure de courant , autant passer mes dernires minutes de batterie en tweetant :(
@petiflo48 du coup les gens qui n'ont pas l'habitude sont un peu perdus. & risquent de faire le tour de la rgion @KethuHlengiwe @RERC_SNCF
@policier3 Ter parents sont t'ils au courant par rapport  ta chaine youtube et ter vidos ?
@quentmilleville @camille_becquet @Leolylak je suis au courant frre je suis sur le coup
@renemalleville il faut esprer que le courant passera bien avec M Bielsa
@romain_tw ben je sais ! Je serais au courant quand meme ^^
@shiZakBou Siiiiiiiper j'espre que tu seras prsente :) limite m'en fiche fouche fache du truc. On se tiendra au courant :)
@simoneduchmole Si vs viviez ds mes rves vs seriez au courant de la dernire rforme: prsence obligatoire ET accs dossier! @La_Polisse
@skylerRPGCKJ mdr, il serait temps de te renseigner, tu me tiendra au courant
@somorley je t'aime tellement fort ella. J'espre que t'es au courant que je te lcherai pas comme a.
@theokng_98 T'es au courant qu'un jour de vais dcder de dsespoir  cause de tes blagues ?
@tomlinsinski mdrr ok tiens moi au courant j'espre que tu vas enfin les voir en vrai
@tomlinsray  la fte d'anniversaire d'Harry une fan aurait demand  Liam une photo avec jsp qui et il serait partit en courant
@wastedark: Demain il y a personne qui va en cours a cause des bus, mais comme j'habite a 5 min du lycee ma mre veut que j'y aille  same
@wendydarocha Bh la dernire fois quand il a neiger les bus sont pas passer a 9h et ma prof a la base elle a pas cours, elle nous remplace 1
@wolvie02 tiens moi au courant alors. Je serai heureux de faire ta connaissance :)
@xobooty @KalamiGeek Tu sais parler sans parler des mere ? Ta mere est "morte" tu devrais etre au courant de la valeur que ca represente
A part Ocampos je n'ai absolument pas suivi cette dernire journe de transferts.,Je ne suis au courant de rien.
A partir du 1er fvrier courant, de nouvelles dispositions sont appliques sur lallocation touristique des...
ALBERTA 3) Prs de Grimshaw: Un mort et 14 blesss dans un accident impliquant un autobus scolaire : 02-02-2015
ASSISTANT AMM ANGLAIS COURANT (H/F): IDF-Suresnes, Adecco La Dfense Tertiaire recherche dans le cadre d'un re...
ATTENDEZ SMASH A AUSSI REPRIS SHAKE IT OUT QUI TAIS AU COURANT ?!!!!
Abuser depuis 7:50 il n'y a pas de train ! Faut arrter 5min ! @RERD_SNCF
Accident sur la 116  #Victoriaville. Un autobus impliqu.
Accident sur la ligne 8
Accident sur la ligne 8 ! Bus+rer+mtro backup strat. a passe crme avec l'ost de Donkey Kong Country TF ! Ils santon ces sons n'empche
Accident voyageur sur la ligne 13 #LastTweet
Accrochez-vous ! Le trafic est toujours perturb sur la ligne #RERD #KO
Ah voil que le PTB tente de rcuprer Podemos. Vous tes au courant qu'ils sont organiss exactement  l'inverse de vous? #democratie
Alberta  Un mort et 14 blesss dans un accident impliquant un autobus scolaire
Alberta  Un mort et 14 blesss dans un accident impliquant un autobus scolaire: Un chauffeur d'autobus a t ...
Alberta  Un mort et 14 blesss dans un accident impliquant un autobus...
Alberta: un mort et 15 blesss dans un accident d'autobus scolaire prs de Grimshaw: Un homme est mort et 15 p...
Alerte ! Trains supprims au niveau de la ligne #RERD #KO
Allez les champions, bis #rerD : trains maintenus pour rparations supplmentaires, mon cul ouais #fap
Apparement plus de courant sur les Abymes, Basse-Terre, jarry, le moule, vieux-habitants, baillif, Trois-Rivires et pointe a Pitre !
Apres mes potes ils sont re rentr ils sont sorti avc pleins de truc en. Courant le vigile il a sorti un bout de bois il a mis 1 dernier cou
Argenteuil : spectaculaire accident de bus, retour  la normale sur la ligne J du Transilien
Argenteuil : spectaculaire accident de bus, retour  la normale sur la ligne J du Transilien  via @le_Parisien
Argenteuil : spectaculaire accident de bus, retour  la normale sur la ligne J du Transilien  via @le_parisien
Arrive au bureau, a me lance des "je t'ai vu  la TV toi hier.",J'tais mme pas au courant, a c'est  force de traner dans le dehors.
Au final je ne passe pas ce soir sur @mouv mais normalement a devrait se faire trs bientt !,De toutes faons vous serez au courant ! ;-)
Aujd Schitter il est parti dans un fou rire pcq il tait pas au courant qu'il est cens nous accompagner au thtre demain
Autre accident sur la route 116 : un autobus scolaire impliqu. La conductrice d'une des voitures auraient t...
Avec elle jpeut mourir elle sera pas au courant elle sen bat les couilles
Avenue Louis Pasteur : accident at Longwood Ave -
Battle bgirl dbutante et j'suis sre que Gloria elle est mme pas au courant que elle aussi elle fait cette battle avec moi mdrrr
Bon du coup je vais considrer que les bus passent pas demain
Bon j'tudie encore un texte puis je ferais les autres dans le bus et les autres cours pas importante
Bon pour ceux qui seraient pas encore au courant ; je fume pas et je ne suis pas en couple avec elyes Mercii
Bonjour @RERD_SNCF je me posais une question. Votre abonnement il est pas un peu cher pour des trains qui marchent encore au charbon ?
Bonjour, Paco de la #RATP, pour vous informer jusqu' 21h de ltat du trafic de votre #RERA.
Bonsoir @RERC_SNCF, le train NORA 18h19 CDM T. Eiffel rnovation Carmillon explose les oreilles en annonce sonore SIVE volume 500%
Bordel demain  cette heure je serais dans le train avec les copains direction strass pour prendre le bus qui nous emmnera au paradis
C'est  dire que j'ai trois heures de maths et mon prof vient en train et bus de Montpellier, en premires heures.
C'est hyper gaie de recevoir une notif du RER B  23h qui dit "problme accident de voyageur" (suicide quoi).
C'est la dernire fois je regarde Les Enqutes de Kindaichi seul et quand y'a pas de courant . Plus jamais
C'est quand mme perturbant de voir quelqu'un faire le signe de croix quand le train dmarre ... #RERC
C'est reparti pour un trajet galre avec des suppressions de trains @RERD_SNCF pour cause de panne de signalisation
C'est un exploiiiiiit! J'ai pas loup mon bus putainnnnn! 1 re fois de l'anne
C'tait la premire au courant..
C'te forceuse l, j'espre elle est pas au courant
Camil, 18ans, m'a cache mes chaussures dans la salle de cours, est venue me le dire et est parti en courant.. Elle m'desespre l jpp
Ce matin J'prend le RER pour qu'on me dise j'ai pas cours ...
Ce matin mon bus il s'est gar normal il a cru y'avait pas cours miskine parce que Bilal et tout ils fumaient derrire
Ce matin peu avant 8h : Trafic interrompu sur la ligne 8 accident de personne, reprise du trafic 9h30 , autre itinraire ,,,,,
Ce matin ptn y'avait un couple de lesbibi qui s'embrassait devant moi dans le rer jvoulais galette
Ce matin sur le #RERA, Denis vous informe de l'tat du trafic et vous souhaite une bonne journe #RATP.
Ce moment o t'allume toutes les lumires alors que tu sais qu'il y a une coupure de courant "putain jsuis con"
Ce moment ou tu ne loupes pas ton rer >>>>>>>
Celles qui s'la prennent dans l'cul mtnt, j'espre que vos maris seront au courant ://
Celui qui rame dans le sens du courant fait rire les crocodiles
Chre sncf, le train voie 37 quand j'ai  peine 2min pour l'attraper depuis l'arrt de tram c'est moche
Chui partir en courant je mme donner a fond pour prend le rer mais il est dej parti putain
Chui tout seul dans le bus je serais encore capable de louper mon arrt
Combo ce soir pour le #rerD tres en forme. 1/train en retard 2/train rendu omnibus 3/attente sur le quai 4/une fois blind et parti...
Coment j'ai couru derrire le bus ce matin com une folle jai tracer vla la pointe apr le bus apr il cs arrt ptn jt essouffler
Comme chaque jour je passe devant toutes les boutiques en tram mais je peux pas m'arrter pcq je vais en cours
Comme d'hab je serai l dernire au courant
Comme d'habitude, la neige est prvu dans le nord Finistre. Salet de neige, t'es au courant qu'il y a le sud Finistre aussi ? Grognasse !
Comment je serai pas sereine si l'equipe des all black tappait le haka devant moi je pars en courant
Comment louper un bus, nerver tout le monde, se faire tuer, pter un cble, tout sa par ma faute, je suis dsole bb
Coucou,Je vous souhaite un Bonne semaine,Et pour ce qui ne serait au courant aujourd'hui c'est la Chandeleur :)...
Courage les amis ! Circulation ralentie au niveau de la ligne #RERB #BOF
Courant derrire un truc rond que l'on appelle ballon..! Comme on dit la balle est ronde donc on sais jamais ce qui pourrai arriver !!
Courir 2 min pour avoir le rer me fatigue plus que 2h de salle pk ?! Je suis grave essouffle
Courir derrire le bus ses pas une vie
D'aprs les dernires info, la Ferrari serait plus rapide grce  son nez allong. Elle coupe la ligne d'arrive bien avant les autres! #F1
D'un ct j'ai trop envie de dsactiver Twitter, mais dans un sens je serais plus au courant de rien
DEMAIN Y'A PAS DE BUS ET LA GRVE ALORS MA MRE M'A DIT "on verra si tu vas en cours" JE PLEURE.
DERNIRE HEURE: 8300 clients d'Hydro-Qubec sont privs de courant en #Montrgie. Pas chaud pour manquer d'lectricit !
De Twentsche Courant Tubantia - 6 weken  18,00
Demain 10 minute de rer pour allez en cours ptain j'suis pos
Demain c'est mon anniversaire, j'espre la terre entire est au courant
Demain il neige ya pas de bus mon pre il a dit : je t'enmene quand mme ont va tres 6 en cours wsh
Demain il y a personne qui va en cours a cause des bus, mais comme j'habite a 5 min du lycee ma mre veut que j'y aille
Demain mme si le bus passe pas je dois aller au lyce pour rcuprer mes devoirs :/. Tristesse absolue.
Dernire au courant comme d'habitude.
Devoir courir des le matin pour avoir son Rer  <<<<<<<<<<<
Dj que le bus il rattrape quasi toutes mes nuits, le moment o il fera jour  cette heure-ci mais je serais perdu moi en cours.
Donc mtn je raconte ma vie qu' ma mre, et si personne est au courant de ce qui se passe au niveau du bac, bah a sera pas de ma faute.
Ds le metro tu te demandes si le corps de certaines personnes ne scrterait pas des odeurs de jambon ou quoi tlmt elles puent
Du coup j'ai racont l'histoire des bus  ma mre mdrr
Du coup je peux mme pas aller achet red vu que ya pas de bus
Du coup je peux plus crire, j'ai envie de pleu-rer.
EDF en cours de ralimentation du rseau. Prire de couper tous les appareils consommant beaucoup afin de faciliter la remise en service.
En 2015, on est capable de louper un RER car la personne devant soi au tourniquet ne sait pas valider correctement son pass Navigo. #qml
En plus mon bus a un accident
En raison des chutes de neige le trafic des bus risque d'tre perturb, par consquent nous vous conseillons d'utiliser nos Vel'Optymo.
Enfaite tt le monde est au courant de sa grossesse sauf le pre #HG4
Enft le truc qui me stress c que ma mre est au courant de mon obsession pour les mains d'Harry
Entrepreneurs, une stratgie quand on a pas d'argent : faire le saumon ! Trouver la bonne rivire et profiter du courant ! :) #LPBDX15
Essayons de pas louper le bus, se serait dommage le jour du bac blanc oral et crit
Et c'est toujours dans les moments importants qu'il t'arrive une merde comme ce matin bus arrter meme pas il t'explique il coupe le moteur
Et demain mon bus passera j'aurai rien rviser, je louperai tout et c'est momo qui sera dans la merde
Et dire qu' cette heure l hier j'tais encore en soire et aujourd'hui je cours derrire le bus...
Et l la coupure de courant  dans le stade je serai mdr  bye Katy #NFLextra
Et le ticket de bus  1 on le rcupre quand? #Nice06 #LastRT
Etre en retard, oublier ses baskets de sport, revenir chez soi, voir le metro passer sous son nez, louper le 1er cours. a commence!
Excdent courant allemand 2014 quasiment le triple de l'excdent chinois, reprsente 7,5% du PIB (vs plafond de 6% recommand par Bxlles)
Fin des travaux gare de #Mons: pas avant 2018 voire 2019  via @RTBFinfo. On n'a pas fini de courir derrire les bus !
Floriane elle me gre des trucs je suis mme pas au courant stp
Genre le RER A maintenant ils ont mis les train du futur
Hahaha, le train arrt ! Bien fidle au RER C #ONPDP preuve difficile @JohnSulo !
Heureusement pour moi, mon pre bosse pas aujourd'hui et il m'a fait rattraper le bus que j'ai loup ! #Ouf #LT
Hydrolien : le courant de la rivire pour produire de l'lectricit
Hydrolien : le courant de la rivire pour produire de l'lectricit: A lapproche de la confrence internation...
Hydrolien : le courant de la rivire pour produire de l'lectricit: A lapproche de la...
Il est fou ! Il croyait que j'tais a l'hpital ! Alors qu'il sera le premier au courant  #idiot
Il me font trop rire les gens, ya 10 pauvres cm de neige ils ont cru que les bus allaient pas passer. Ragez pas vs aller y aller en cours
Ils sont au courant les Clippers que le concours de DUNK c'est dans 2 semaines, contentez vous de gagner ce soir, ce sera dj pas mal
Infotrafic #RERC : +15 mins de trajet pour les trains missions MONA (Pontoise/Massy P) et NORA (Pont de Rungis/Pontoise) jusqu' 9h (pb PN)
Infotrafic #RERD : Les trains suivants sont supprims (trains en maintenance) :
Internationale Dr : accident at Joliet Rd -
Internationale Pkwy : accident at Argonne Dr -
J'adore quand elle me tient au courant de trucs comme saOn se sera bien foutu de leurs gueules en vrai  @Bettina_LN
J'ai 8h de cours demain.. alors rester  la maison un jour de plus je serais vrmt pas contre donc avis au bus, merci de ne pas passer
J'ai du prendre le bus sans Charline, du coup j'ai attendu avec les gars, tjrs ils finissent par parler de cul, c'tait su-per
J'ai fais un rve horrible je pourrais mme pas expliqu ce que c'tait un accident de bus peut tre
J'ai finis jsuis dans le bus faut jpasse a mn stage rcuprer ma tenue ptnn
J'ai lch  mon pre en sms "tiens moi au courant biz" BIZ PUTAIN
J'ai loupe mon bus avec Alison et But alors normal ma mre nous emmne au lyce mais j'ai pas compris un gars c incrust, ma mre dit rien
J'ai mon bus dans 11mins ptn ce vieux connard l il roule au ralenti j'en ai marre c'est pas compliqu de rouler un TRAMWAY
J'ai pas de metro pcq l'autre c'est suicid, ok mais ma mre veux quand mme que je trouve un autre moyen pour allez en cours...
J'ai rat le 1er TD la semaine dernire.,Du coup je ne suis pas au courant d'un ventuel changement de salle/horaire. Et bim, 2 TD manqus.
J'ai rat mon bus du coup mon pre vient me chercher au 4q mais je suis monte dans la mauvaise voiture  la honte
J'ai remis le courant amen
J'ai reu 10 snaps pour me prvenir au moins, merci je suis au courant
J'ai russi  me prendre la tte avec ma sur, ma mre, le chauffeur de bus, tre refus en cours et me faire engueul par les pions
J'ai rv kmon pre tait au courant que jtais avec un turc et qu'il nous avait dcoup en morceau et jlui disais cst pas bien dfaire ca #1
J'ai rver que je louper mon bus, super rve de ouf
J'aime pas courir derrire un bus mais l je l'ai fais
J'aimerais vraiment discuter avec une personne qui gre le trafic du @RERD_SNCF, histoire de comprendre certaines choses.
J'attends l'bus jdoit aller un cours j'ai un contrle sa mre
J'en ai marre de tous gens refusent de croire  la science! TATS-UNIS - Un pre face au courant antivaccination
J'en parle plus , c'est mieux comme a , je garde pour moi plus personne ne sera au courant
J'espre demain il neige comme a:-Pas de bus-Pas cours -Pas sport,-Pas demi-fond
J'espre il va bien neiger demain matin comme a pas de bus et pas de cours
J'espre il va neiger toute la journe, comme a il y aura pas de bus. Et si y'a pas d'bus on va pas en cours
J'espre que demain le bus va passer j pas envie de rater les cours moi !
J'me prpare a faire un truc la, personne sera au courant. Enfin une seule, celle qui m'accompagnera
J'peux mme pas ne pas aller en cours pcq mon tram est bloqu mon pre veut absolument m'accompagner
J'rentre de cours, ma mere arrivant en courant " j'ai oubli de demander  Papa, demin promis je gere ! " mdrr verdict demain pr mes 20ans
Jcrois Manon c'est la seule a qui je peux tout dire, c'est tjrs la premire au courant de tout
Je comprend pas pourquoi mon frere communique avec moi par facebook , t'es au courant que j'ai un portable quand meme x)
Je dis je t'aime  ma mre, elle me dit "qui n'aime pas sa mre ?" l on s'est assis 2 min et je l'ai mis au courant de l'existence d'Eminem
Je fais tout pour viter une meufe de ma classe ds le rer pour couter ma musique tranquille
Je fait a ma mre " demain pas cours y neige " elle me sort " commence pas demain a 07h ta ta gueule dehors pour le bus "
Je l'avais prdis que le RER vers le cours de latin serait bloqu voil n'est grce a moi
Je me lve je regarde par la fentre il neige.. Est ce que a vaut le coup de tenter le RER D ? * rflchis*
Je me sers a manger, je vais pour rechauffer et plus de courant .. Sympa
Je peut compter aussi sur @RERD_SNCF pour mon retard suite aux suppressions de trains <3
Je rentre chez moi et je me rend compte que j'avais pas teint la lumire de la salle de bain, heureusement que je paye pas le courant
Je suis  mon arrt de bus et j'coute RED ! @MPOFFICIAL C'est gnial :D
Je suis au courant qu'il neige , mon petit frre crie dans la maison
Je suis dgot, je rentre chez moi et la mon frre qui me dit qu'il est pas aller en cours parce que son bus est pas pass
Je suis la premire concerne mais la dernire au courant mdrr
Je suis reste coince 1h30  Vincennes  cause du RER A. Du coup j'ai tlcharg Uber
Je vais pas en cours mais je me fais rveiller par ma sur a 8h qui me dit que son bus a eu un accident donc je dois l'emmener au lyce !
Je veux de la neige pour que le RER et les bus soient bloqus et que j'aille pas en cours ptn
Je viens de faire un rve veill dans le bus en regardant par la fentre o mon bus avait un accident, qq'un tait projet sur moi #1
Je vois mon pre faire sa valise "tu vas o? -en Italie demain" ah ok j'suis grave au courant dans cette famille
Journe dmerde: chaussures dchires, bus en retard, chauffeur bizarre, embrouille de classe, prof trop con, accident... Bref, j'aime la vie
Jprend plus le RER a frre un train sga mistique wlh
Jsuis en retard pour mon bus du coup ma mre m'emmene au lyce
Kramer Ln : accident at Plains Trl -
L'aile #Droite du #PS c'est  dire l'#UMP, rentrera t-elle dans le rang dimanche? Ou ce courant PS fera-t-il scission? Dur dur dans le Doubs
La Fundy North Fishermen's Association Inc. met l'Office au courant des questions lies aux pches dans la baie de Fundy/rivire Saint-Jean.
La bonne blague du lundi matin de @RERD_SNCF : aucun train avant 30 min !
La chance ! Trafic fluide sur toute la ligne #RERB #OK
La grande prcision "@RERB le trafic est interrompu entre Gare du Nord et Denfert Retour  la normale  23:59. (voyageur sur la voie) #RERB"
La mre a bebe qui me dis jeremy tu vas pas louper ton bus il est dj 27, tu peux dormir ici a me drange pas
La neige ne nous fait pas peur...les suppressions et les trains courts oui! #RERD #qml
La voix de ma prof m'a soul en seulement deux phrases, du coup je suis dans le RER A.
Le #PS adore les courants ( c'est sa force... ) il vient d'en repcher un : #UMP le courant d'R du PS.
Le bus peux faire un accident svp? J'ai pas le moral  aller en cours...
Le chauffeur de bus ne sait pas arrter  un arrt du coup ya une meuf qu' louper sn arrt
Le chauffeur du bus a ralenti par ce qu'une beurette traversait, je lui ai dis azi passe c'est orange, on m'a applaudit, j'ai roul l'bus
Le destin ne veut pas que j'aille en cours il supprime les rer et ne fait plus fonctionner ma carte navigo
Le jour ou il seront plus ensemble ces 2 mme Barack Obama il sera au courant
Le mec a ma mre il m'a prvenu qu'il y avait Josphine Ange gardien ce soir , comme si j'tais pas au courant
Le mec qui attend le rer  ct coute Demain c'est Loin, droit comme un piquet. Bien la premire fois qu'un mp3 trop fort ne me gne pas...
Le projet sera envoy pendant les vacances  Je vous tiendrais au courant de l'avancement  #Merciauxparticipants #TeamPechalat
Le rer a 16h28 c'est un sale bail, faut toujours courir pour l'avoir
Le seul sujet des collgiens dans le bus c'est les couples et la baise , a me dsespre
Le staps qui nous ferait " gagner " des places pour reims Monaco, ils sont au courant c'est pas attractif a voir ? Une purge Monaco
Le trafic est interrompu sur le #RERB entre Gare du Nord et Denfert Rochereau,
Le train #KUMA de 7h33  Arpajon est retard de 10 minutes pour des raisons de scurit #RERC
Les 3/4 des gens qui iront voir Shy'm  Sainto a sera pour son cul, j'espre qu'elle est au courant que les mecs vont la voir juste pour a
Les bus y repassent du coup j'vais aller en cours la
Les gens qui croient tjs aux pastilles antivomitives ss les hamburger de mcdo vous etes au courant que l'pere noel ca existe pas ?
Les grosses dans le bus qui savent pas se tenir et qui chavirent  chaque ralentissement Y EN A MARRE
Les infirmiers du Csam qui arrtent le bus et montent dedans pour rcuprer un patient de l'hpital psychiatrique MDR
Les sudistes ils font rver, pas de bus scolaires dans tout le 13 parce qu'il va neiger trois flocons du coup je vais pas en couuurs
Ligne 13 : trafic interrompu entre pleyel et St dnis universit. Rue vers le bus 255.
Ligne 13 au ralenti : malaise voyageur #ligne13 @TUForg
Lilie elle nous transmet sa joie avec ses vidos on le sent bien sincre ce "donc demain bus vert YOUPI..."
Louper son 1ER bus pour relouper le 2EME a sent la bonnr journe de merde la
Ma dernire chance pour pas tre recal de cours avec ce con c'est de simuler l'accident de BUS ...
Ma mere elle m'a dit "on dirait t pas au courant mais tes brevets blancs c demain"
Ma mre est au courant de tout
Ma mre est au courant... Encore une source d'embrouille.
Ma mre jespere elle va msortir "va pas en cours imagine ya un accident de bus cme la derniere fois
Ma mre m'a dit que si ce soir je peut pas rentrer en bus ou train je dors chez @Lucile_Nvs
Ma mre m'ammne ptn troop cool,du coup je prend pas le bus ni le rer
Ma mre ma fait me dpcher pour attendre 5min a l'arrt de bus du coup j'ai oublier mon charpe
Ma mre me menace de couper le courant si j'eteind pas le pc, oui maman.
Ma mre va me donner 20 psq pdt les vacs jv faire 2jours de rattrapages en math et en physique sauf qu'avant de m'inscrire gt ps au courant
Maintenant, le mec pensait pouvoir l'embter et raconter a a tout le monde,Mais il assume et c'tait le seul qui n'tait pas au courant
Mais bon au moins jai pas loup mon rer
Mais en fait a existe les RER D qui avancent  vitesse normale ? J'en peux plus de ces trains qui roulent au ralenti tous les soirs !
Mais j'ai pas de bus pour 10h du coup ma mre m'amne mais pour 9h qd mme mdr, mais jv me lever il sera presque 8h
Mais les gens re voy courant la a kaz an mwen svp !! Pa fai reta !!
Mais si jfais sa les seule au courant sa sera Melissa et Andrea, je le dirait a PERSONNE d'autre jai bien dit PERSONNE
Marinire,alcool,2CV et cte sauvage,ils sont au courant dans Josphine Ange gardien qu'en Bretagne on a la fibre? #Clichs #TF1 #Grandissez
Mdr ce qui devait arriver arriva: "problme de signalisation sur le RERC, train arrt sur la voie" juste le jour du tournage de #onpdp
Mdr la cpe et l'infirmire sont au courant pour mon cas ils ont appels ma mre et tt, a s'inquite que je sois absente enft
Mdr vous le faite exprs  avoir un accident devant notre bus ?
Mdrrr pas cour demain mais de toute manire y'aurais pas eu de bus tranquillllleee !
Mdrrrr fallait voir Lavaldine courir derrire son bus  Biensur elle l'a rat
Meme si tu m'fais jurer de rien dire a personne, dis toi que Charlotte elle sera au courant quand meme
Merci  toutes celles et ceux qui ont souscrit  mon roman ! Le quota n'tant pas atteint, vous serez rembourss dans le courant du mois...
Merci @RERD_SNCF et #stif pour ces anomalies, suppressions, retards, trains courts qui rythment notre quotidien debout serr #qml @durovray
Merci a tous pour lintrt que vous portez a mon activit.,Rassurez-vous,vous serez tenue au courant de tous les...
Mes 3 frres ils aiment trop venir ouvrir la porte de ma chambre en grand et se barrer en courant
Meteo du #RER (#ratp) : KO () 02/02/2015 a 09:33 Trafic normal sur l'ensemble ...
Meteo du #RER (#ratp) : KO () 02/02/2015 a 09:55 Trafic normal sur l'ensemble ...
Meteo du #RER (#ratp) : KO () 02/02/2015 a 22:49 Trafic normal sur l'ensemble ...
Meteo du #RER (#ratp) : KO () 02/02/2015 a 22:57 Trafic normal sur l'ensemble ...
Meteo du #RER (#ratp) : KO () 03/02/2015 a 00:09 Trafic normal sur l'ensemble ...
Meteo du #RER (#ratp) : OK () 02/02/2015 a 10:09 Trafic normal sur l'ensemble ...
Mince j'ai loup mon bus. Heureusement y'a mon pre.
Mme l'accident de bus dclenche une polmique entre Mothron et Doucet
Mme l'accident de bus dclenche une polmique entre Mothron et Doucet: MERCI MONSIEUR LE PRSIDENT. Par c...
Moi j'parle avec mon pre droits dans les yeux sans qui soit au courant que j'ai vider une bouteille de cristaline dans l'viet
Moi je t'aime bien @Fluwed1 mais tu fais peur parfois ! T'as rencontr tes parents  la dernire coupure de courant ?
Mon beau pre qui me dit demain mme si il y a pas de bus tu va en cours a pied y a 25min j'ai dit heu on est plu en 1970 hein
Mon chauffeur de bus, il me fait trop rire, on va finir par avoir un accident, tellement il me fixe x))) Tous les jours o je dois prendre-
Mon frere qui se leve et qui me demande se que je fait jlui es dit eh il es 8h il es partit en courant ce con
Mon frre est tellement jamais l, et mon pre au courant de rien, qu'il m'a dit "au fait ton frre a dmnag?"
Mon frre il m'insuporte, il loupe son bus et c'est moi que ma mre engueule ptn
Mon frre qui arrive en courant et en criant "sosso ,sosso" mon portable  la main ..pour juste me dire "t'as un sms de barbie " mdr
Mon niveau de flemme est tel que je suis alle sur Wiki pour regarder le plan du RER C au lieu de me lever. Je suis dans le train.
Mon pre est au courant, je vais voir pour faire une formation de danse de 15j  Los Angeles
Mon pre il m'envoie un msg pour l'dire qu'il m'as achet des Vans j'tais mme pas au courant
Mon pre qui me dit de faire mes devoirs , il est au courant que je suis  la fac ?!,AHAHAH il m'a tu mdrrr
Mon ptit frre il joue dehors avc ses potes et il arrive en courant chez moi pr dire : "papa ya des poules en libert, t'en veut pas une?"
Mon train du sommeille a du retard comme le RER tous les matins LA ROUTINE
Mon train viens dans 20mn Pitain c'est pour sa j'deteste le RER C
Montral - accident avec autobus direction est Transcanadienne/T-Can  Rte-342/Chemin De La Baie
Montral - accident avec autobus direction est Transcanadienne/T-Can  Rte-342/Chemin De La Baie #MtlTraffic #MtlCircul
Morning Twitter ! Problme de RER ? La bonne excuse pour couter  bon dbit @ouifm #positiveattitude
Mtro Ligne 1 En rpercussion d'un incident technique, le trafic est ralenti sur l'ensemble de la ligne.
Mtro Ligne 11 En rpercussion d'une panne de matriel, le trafic est ralenti sur l'ensemble de la ligne. Trafic normal sur le [1/2]
Mtro Ligne 13 En raison d'un malaise voyageur  Garibaldi, le trafic est ralenti sur l'ensemble de la ligne. Trafic normal sur [1/2]
Mtro Ligne 13 En rpercussion d'un incident voyageur, le trafic est ralenti sur l'ensemble de la ligne. Trafic normal sur les [1/2]
Mtro Ligne 13 En rpercussion d'un malaise voyageur  Garibaldi, le trafic est ralenti sur l'ensemble de la ligne. Trafic nor [1/2]
Mtro Ligne 2 En rpercussion d'un malaise voyageur, le trafic est ralenti sur l'ensemble de la ligne.
Mtro Ligne 5 En raison d'un malaise voyageur, le trafic est ralenti en direction de Bobigny-Pablo-Picasso. Trafic normal sur l [1/2]
Mtro Ligne 5 En raison d'un malaise voyageur, le trafic est ralenti sur l'ensemble de la ligne. Trafic normal sur les autres li [1/2]
Mtro Ligne 6 En rpercussion d'une panne de matriel, le trafic est ralenti sur l'ensemble de la ligne.
Mtro Ligne 7 En raison d'un incident d'exploitation  Villejuif Louis Aragon, le trafic est ralenti sur la ligne. Trafic norma [1/2]
Mtro Ligne 7 En rpercussion d'un malaise voyageur, le trafic est ralenti entre les stations Maison Blanche et Villejuif-Louis [1/2]
Mtro Ligne 8 En raison d'un accident grave de voyageur  Faidherbe Chaligny, le trafic est interrompu entre Reuilly-Diderot et [1/2]
Mtro Ligne 8 En raison d'un accident grave de voyageur  Faidherbe Chaligny, le trafic est interrompu entre Rpublique et Mai [1/2]
Mtro Ligne 8 En raison d'un accident grave de voyageur  Faidherbe Chaligny, le trafic est interrompu entre les stations Reuil [1/2]
Mtro Ligne 8 En raison d'un incident technique  Reuilly Diderot et en rpercussion d'une accident grave de voyageur  Faidh [1/2]
Mtro Ligne 8 En raison d'un incident technique  Reuilly Diderot et en rpercussion d'une accident grave de voyageur  Faidh [1/3]
Mtro Ligne 8 En raison d'un incident technique  Reuilly Diderot, le trafic est ralenti sur l'ensemble de la ligne. Trafic nor [1/2]
Mtro Ligne 8 En rpercussion d'un accident grave de voyageur, le trafic est ralenti sur l'ensemble de la ligne.
Mtro Ligne 8 En rpercussion d'un incident technique  Reuilly Diderot, le trafic est ralenti sur l'ensemble de la ligne. Tra [1/2]
Mtro en panne ligne 1, accident grave de personne ligne 8
Nique sa mre le tlphone c'est un poison j'ai loupe ma station de RER je me suis retrouver a Juvisy sur Orge wshhhh
Non mais dans les hopitaux, j'espre qu'ils ont des gnrateurs pas imajin ou ka opr on moun la, EDF ka koup sa siw tchak ! I rd kan mm
Note pour moi-mme: ne pas oublier d'couter @LisePressac sur @lemouv  la sortir du RER  17h30
Notre petite dernire !!! ( bientt maman, mais je vous tiendrais au courant !)
Nous avons cr quelques badges reprsentant le logo du groupe. On vous tiens au courant!!
O est-ce que je peux trouver les horaires des trains ajout depuis ce matin ? Cc @RERC_SNCF
Oh excellent jv dire a mon Pere la ligne 1 elle est bloquer jv pas en cours
Oh la fille  ct de moi dans le RER coute Craig David. J'ai l'impression d'avoir 14 ans  nouveau !
Ojd j'tais mignon tt a comme dhab mais jsuis venu pour rien enfaite le bus a mis 10 pige quand jvais arriver le cour sera termin
Okok donc je descends en courant presque a poil pour dire un truc a ma mre et la jvois son gars ds mon salon il mdit "salut :)"
On taillez les algriens dans le tram, sauf que yen avait un juste derrire nous, du coup il a commenc  vouloir se dfendre
Ou alors la meuf a tous ses tweets mentions . Wsh frere si il voulait te gerer il t'aurait au courant
Oui carrment ! Quand mon logo sera depose je ferai un blog et il sera sur les rseaux sociaux, donc vous serez au courant du droulement
PREMIRE FOIS QUE J'COUTE RED DANS LE BUS OMG JFANGIRLSSFDDHCV
Padam, padam, padam, il arrive en courant derrire moi, padam, padam, padam, il me fait le coup du souviens-toi
Panne de courant chez moi j'ai l impression de vivre comme  l ancien temps... Pas tl pas d'ordinateur et pas de lumire ....
Par contre si y a pas de tram j'espre que y'aura pas cours sinon a va tre sympa  rattraper
Par en courant je le course je l'attrape et la jlui est mis une patate dans sa bouche de suceurs et il a saigner sa grand-mre..
Parce que ca laisse des tches ? RT @FreenewsActu: De premires traces de la 4G Free dans le RER parisien -
Parcontre le trafic du Rer C c'est vraiment bourbiers
Parlons de la conductrice du bus qui ralenti et redmarre en deuxime.
Pas de bus demain pour mon frre du coup je dois le ramener a l'cole
Pas de courant jusqu'en fin d'aprem sa mre.
Personnes ne remercie le hros ? N'essayez pas de me faire croire que vous ne savez pas que c'est Philadelphe qui  remis le courant
Petit accident de bus ds le matin ! :') NORMAL
Petit retour et mise en situation aprs l'arrt du trafic sur le #RERA de jeudi dernier
Photo : mecs-trains: Rebeu dans le RER A. (Il te plait plus celui la?) Pas forcment mais ce blog est un...
Plus de rer et plus de mtros ce matin, pour une fois que j'tais deter pour aller en cours je suis bloque sur m-a c'est pas une vie
Plus des 3/4 de ma classe viens en bus au lyce, demain aucun bus ne sera en circulation. Bon bah se sera cours  5..
Pouaaaaah y a une meuf de mon FB qui annonce qu'elle se marie cette anne y a sa mre qui commente qui tait mme pas au courant
Pour ceux qui ne seraient pas encore au courant, dans la vie  mieux vaut tard que jamais ...
Pour le coup, la neige me fait vraiment chier. J'ai plus qu' esprer russir  prendre un bus quand mme.
Pour les gourmands qui ne seraient pas encore au courant : un #ptissier #bio  Nuces dans l'#aveyron :
Pour moi c'est dj sur qu'on a pas cours demain, mais si y'a vraiment les bus je serais deg
Pq jss tjr la dernire au courant des devoirs j'ai un DM de physique pr demain jcomprends rien putin
Premire fois en 3ans de temps que je loupe mon bus... Mdr !
Premire fois que a m'arrive de louper le bus comme a
Ptdr on se fightait avec mn pre et l il arrive il mtire les cheveux il se barre en courant.. Sisi la mif de tar
Ptdrr Stanley il et tro con il ma fais un clin et il cest casser en courant en disant "ons revra un jour " puis il c'est manger la porte
Ptdrrr j'tais dans la sdb mon pre il arrive en courant en costume de ninja avec une cagoule j'tais morte MDRRRRR
Pter sur son chatPartir en courant,Rigoler
Pue sa race sa vilaine application de bus qui me dis qu'il est dja passer alors qu'il est derrire moi et que je doit courir a l'arret !
Pure la tantt j'tais perdue je trouvais pas le bus pour rentrer chez mon pre. Du coup j'ai pris le train jusque chez ma mum et dit  -
Pus de courant depuis 7h00 c'est trop galre..
Putain j'voulais tre dans le bus pour dormir, un couple derrire moi s'embrouillent c'triste
Quand il fait froid comme a, j'vois l'bus, j'cours comme si y'avais un chien derrire moi
Quand j'ai dit  mon petit frre que j'avais un amoureux histoire de le tenir au courant; "mais c'est quoi l'amour?" oh mon petit...
Quand j'ai fini les cours, que je descend pour aller prendre le bus et que je vois mon pre sur le parking >>
Quand je montre une photo a ma mre elle se sent obliger de prendre mon tlphone ! C'est quoi sa ta peur que je parte en courant avec ?
Quand la semaine commence par un "accident grave voyageur" avec un priple bus + RER pour aller bosser, a ne laisse augurer rien de bon.
Quand ta pas de courant chez toi c'est vraiment la Misre
Quoique. Je prfre tre inquite mais tre au courant.
RER  des questions n'ont de rponses de la part du Directeur DLU (tchat).,N'hsitez pas, dans la limite de mes comptences.
RER A bourr et  la traine, encore... Penser  recaler la majorit du Conseil Rgional (PSYS-EELV) pour sa politique du transport...
RT @20Minutes: RER A: Trafic fortement perturb aprs l'agression d'un conducteur
RT @AbdelDeuxFois: Moi j'parle avec mon pre droits dans les yeux sans qui soit au courant que j'ai vider une bouteille de cristaline dans l'viet
RT @AnaiisCathala: @theokng_98 T'es au courant qu'un jour de vais dcder de dsespoir  cause de tes blagues ?
RT @Anodin_: L'aile #Droite du #PS c'est  dire l'#UMP, rentrera t-elle dans le rang dimanche? Ou ce courant PS fera-t-il scission? Dur dur dans le Doubs
RT @Audorisca: Je l'avais prdis que le RER vers le cours de latin serait bloqu voil n'est grce a moi
RT @Benzorgasme: @wastedark: Demain il y a personne qui va en cours a cause des bus, mais comme j'habite a 5 min du lycee ma mre veut que j'y aille  same
RT @BgrdRuth: Mon gars si les bus passent sa fera deux fois qui nous font croire qu'on va rester oklm chez nous alors qu'on sera en cours comme toujours
RT @BloggersCM: cc @estytoone ->  Merci de la tenir au courant @Francis_Alane Ce serait super gentil Francis ;) #GPM28 #Stopbokoharam
RT @BonelliIlona: @Insaixible @Marie_83L mdr nous avec milie on est toujours les dernires mais on loupe jamais notre bus c'est a la classe mon gars
RT @CIaudeFrancois: RE JE SUIS LA, DSOL DU RETARD J'AVAIS UNE PETITE COUPURE DE COURANT
RT @Call_Me_Jose: Un peu de neige. Aucun train, des pannes, des retards, des suppressions. Bienvenue en 1920. #SNCF #RERD
RT @CamilleDlcr: Camil, 18ans, m'a cache mes chaussures dans la salle de cours, est venue me le dire et est parti en courant.. Elle m'desespre l jpp
RT @CaretLaurie: Mon ptit frre il joue dehors avc ses potes et il arrive en courant chez moi pr dire : "papa ya des poules en libert, t'en veut pas une?"
RT @CharlineEnault: Mon beau pre qui me dit demain mme si il y a pas de bus tu va en cours a pied y a 25min j'ai dit heu on est plu en 1970 hein
RT @Chibromasseur_: vs tes au courant que les cimetires c pas fait pr faire des selfies
RT @ClaraYllnba: Les infirmiers du Csam qui arrtent le bus et montent dedans pour rcuprer un patient de l'hpital psychiatrique MDR
RT @ClemGwen: EMAL65 est blind depuis Antony et se traine tel un escargot sous anxiolytiques... #RERB #TraficNormal
RT @CyrilMarcant: Petit retour et mise en situation aprs l'arrt du trafic sur le #RERA de jeudi dernier
RT @DCostaCauvas: Le March de @rungis aura son Pavillon Bio !! Le btiment sera le btiment D6a, livraison courant 2015
RT @Diorf: #montgeron #rerd train de 8h35 qui disparat, suivant annonc complet depuis 3+ gares, a s'est amlior depuis la semaine dernire
RT @Diorf: Rsum : 40min sans train, un train blind, un train court et engueulades au micro. Service de qualit #rerd
RT @EdenDiangelo: Tin mon pre c un forceur je lui dit que il neige trop et ya pas de bus il me dit viens je te ramne en cours wesh frere joue le jeux
RT @FAGuadeloupe: EDF en cours de ralimentation du rseau. Prire de couper tous les appareils consommant beaucoup afin de faciliter la remise en service.
RT @FlorencePortell: Transports : @vpecresse propose un service minimum renforc : 2 trains sur 3 aux heures de pointe  #qml #RERA
RT @Fouillasse: @LeForezLibre @_sbn_27 Caiazzo est  peine au courant du deal, cest Rocheteau qui gre le partenariat. Mais je partage tes rejets gastriques
RT @GaetanJund: Ce serait bien qu'il il ait de la neige quand on va en cours! Un petit bus annule a ferait que du bien
RT @GregoireFavet: Excdent courant allemand 2014 quasiment le triple de l'excdent chinois, reprsente 7,5% du PIB (vs plafond de 6% recommand par Bxlles)
RT @Guillaume1010p: Pas de courant jusqu'en fin d'aprem sa mre.
RT @Guirri_269: Y'a 3 go qui sont rentrs en courant y'en a une qui est tomb d'une manire tragique
RT @HuffPostQuebec: Un accident d'autobus scolaire fait un mort et 15 blesss en Alberta (SRC)
RT @JenniGuerin2014: Combo ce soir pour le #rerD tres en forme. 1/train en retard 2/train rendu omnibus 3/attente sur le quai 4/une fois blind et parti...
RT @Jeysko_Welbeck: Jprend plus le RER a frre un train sga mistique wlh
RT @Johnny_Bachir: @Elmacdelo Wsh jspr t'es au courant que pr prcho y'en a qui seraient prt  dire nimporte quoi? Genre "Tain c des batards les Palestiniens"
RT @Jubllx: Mon train du sommeille a du retard comme le RER tous les matins LA ROUTINE
RT @JulieKlepper: @lavalleechristo genre pourquoi tu serai au courant on dirait tu dis a comme si c'tait une cousine Mdrrr
RT @KYZA212: J'attends l'bus jdoit aller un cours j'ai un contrle sa mre
RT @Kelsiamo: @coolblackgirl: Les soirees swagg aussi chaque fois le courant coupait. Des amateurs rek
RT @KenBogard: Accident sur la ligne 8 ! Bus+rer+mtro backup strat. a passe crme avec l'ost de Donkey Kong Country TF ! Ils santon ces sons n'empche
RT @KissTheMoon_: C'est hyper gaie de recevoir une notif du RER B  23h qui dit "problme accident de voyageur" (suicide quoi).
RT @LAbehsera: @Eliiinor: @LAbehsera En mode "SURPRISE" mdrr! Si je peux ca sera chanm! Je te tiendrais au courant wee bh
RT @LaNouvelleNet: Accident sur la 116  #Victoriaville. Un autobus impliqu.
RT @LaNouvelleNet: Autre accident sur la route 116 : un autobus scolaire impliqu. La conductrice d'une des voitures auraient t...
RT @LeParisien_94: RER D : vendredi au ralenti aprs le draillement du TGV
RT @LeParisien_95: Mme l'accident de bus dclenche une polmique entre Mothron et Doucet
RT @LeaMakhoul: @AlgAugus Je n'ai pas de dates prvues pour la France actuellement mais vous serez tous au courant ... Je vous aime aussi
RT @LeaaUgg: Bon pour ceux qui seraient pas encore au courant ; je fume pas et je ne suis pas en couple avec elyes Mercii
RT @LisePressac: Voil RT @Bratislabat: Note pour moi-mme: ne pas oublier d'couter @LisePressac sur @lemouv  la sortir du RER  17h30
RT @LolaTsst: vendredi 6 juin : fte fo Sarah reviens avec des ptn de plaques , moi j'y vais vers 16h le soir je rcupre Sarah puis bus avez Bastien
RT @LucieDelomez: Petit accident de bus ds le matin ! :') NORMAL
RT @M3MH2O: Le RER A devrait tre dgrad en RER B-, voire en train spculatif...
RT @MR_derire: Ah voil que le PTB tente de rcuprer Podemos. Vous tes au courant qu'ils sont organiss exactement  l'inverse de vous? #democratie
RT @Madame_Tagada: @Loremille c'est vraiment trs bas de m'afficher comme a auprs de lui t'es au courant j'espre
RT @MappyCity: Courage les amis ! Circulation ralentie au niveau de la ligne #RERB #BOF
RT @MarinaDecuyper: J'ai rat mon bus du coup mon pre vient me chercher au 4q mais je suis monte dans la mauvaise voiture  la honte
RT @MasterSnakou: Si je fais un Live, il commencera plus tard ce soir! Surement vers 22h30! Je vous tiens au courant! A toute les Spartiates! :)
RT @Mathilde_BND: J'adore quand elle me tient au courant de trucs comme saOn se sera bien foutu de leurs gueules en vrai  @Bettina_LN
RT @McGarden_8: La voix de ma prof m'a soul en seulement deux phrases, du coup je suis dans le RER A.
RT @MeganeChrp: @Kentin_D tu me tiendras au courant du rsultat des lumires la ?
RT @Melsse: @MarlonMave j'ai hte qu'il soit disponible en ligne. Tiens moi au courant quand ce sera le cas
RT @Melvin_Ngs:  Premire production D'ORL crew !! Tenez vous au courant et likez la page facebook et YouTube
RT @Mimzer_Dslv: Meme si tu m'fais jurer de rien dire a personne, dis toi que Charlotte elle sera au courant quand meme
RT @Mmelodiquement: Je vois mon pre faire sa valise "tu vas o? -en Italie demain" ah ok j'suis grave au courant dans cette famille
RT @Morganej_: Comme d'habitude, la neige est prvu dans le nord Finistre. Salet de neige, t'es au courant qu'il y a le sud Finistre aussi ? Grognasse !
RT @MrcChlooe: @mdnanael j'tais au courant depuis l'anne dernire ehe
RT @NaceriousBig: Ya des mecs de marseille ki tweet "pas de Rer A pas de cour" Ptdr zete sah la
RT @Nanu0608: @RERD_SNCF @pmondet19 @patricetcolette Pour info une belle annonce en gare de Boussy st Antoine : pas de train pour le moment !!
RT @NathaliePFans: Le projet sera envoy pendant les vacances  Je vous tiendrais au courant de l'avancement  #Merciauxparticipants #TeamPechalat
RT @Nilafromindia: La neige ne nous fait pas peur...les suppressions et les trains courts oui! #RERD #qml
RT @NinaKlf_: Qu'est ce que j'aimerais que la neige elle bloque les bus & que je puisse pas allez en cours  , mais se serait trop beau pour tre vrai
RT @NousLesFiIIes: ya un mec il courait aprs le bus, le bus ses arrter, l'mec il a vus y'avais des contrleurs il a fait genre il faisait un footing mdrrrr
RT @OnMaApplaudi: Le chauffeur du bus a ralenti par ce qu'une beurette traversait, je lui ai dis azi passe c'est orange, on m'a applaudit, j'ai roul l'bus
RT @OnMaApplaudit: Le chauffeur du bus a ralenti par ce qu'une beurette traversait, je lui ai dis "azi passe c'est orange" on m'a applaudit, j'ai roul l'bus
RT @OphelieGts: S'il neige pas de bus donc pas de cours donc pas de DS ce serait cool
RT @PierreLarti: Le nez cass d'un agent @RERA_RATP : grve.Une passagre viole : "le traffic est normal sur l'ensemble de la ligne".,#RERA #2poids2mesures
RT @PresciliaCtn: Apparement plus de courant sur les Abymes, Basse-Terre, jarry, le moule, vieux-habitants, baillif, Trois-Rivires et pointe a Pitre !
RT @Priscillia_Lup: Abuser depuis 7:50 il n'y a pas de train ! Faut arrter 5min ! @RERD_SNCF
RT @RERA_RATP: Bonjour, Paco de la #RATP, pour vous informer jusqu' 21h de ltat du trafic de votre #RERA.
RT @RERA_RATP: Ce matin sur le #RERA, Denis vous informe de l'tat du trafic et vous souhaite une bonne journe #RATP.
RT @RERB: 00:05, le trafic est ralenti sur la ligne (voyageur sur la voie) #RERB
RT @RERB: 22:35, le trafic est interrompu entre Port Royal et Luxembourg (voyageur sur la voie) #RERB
RT @RERB: 22:43, le trafic est interrompu entre Gare du Nord et Denfert (voyageur sur la voie) #RERB
RT @RERB: 22:52, le trafic est interrompu entre Gare du Nord et Denfert. Retour  la normale  23:59. (voyageur sur la voie) #RERB
RT @RERB: Retour  un trafic rgulier sur l'ensemble de la ligne #RERB. Incident termin.
RT @RERC_SNCF: Infotrafic #RERC : +15 mins de trajet pour les trains missions MONA (Pontoise/Massy P) et NORA (Pont de Rungis/Pontoise) jusqu' 9h (pb PN)
RT @RERD: [SaDur] Les malaises dans les trains : Vraiment la faute  pas de chance ?
RT @RERD_SNCF: Bonjour @patricetcolette les suppressions font suite  des trains en maintenance. Bonne journe
RT @RERD_SNCF: Infotrafic #RERD : Les trains suivants sont supprims (trains en maintenance) :
RT @Red_Deff: @RERD_SNCF Toujours au taquet ! Train en maintenance ? C'est pas comme si vous aviez des horaires  respecter... #qml #rerdcommedaube
RT @Red_Deff: @RERD_SNCF Une explication pour la suppression des ZICO de 17h57 et 18h12  GdL ? Encore des trains en maintenance, peut-tre ?... #qml
RT @Reda2306: Je #off pitchounette @OnceUponAShit_ et tiens moi au courant pour
RT @Reusjr_27: @YanisLaCuenta34 @SebCanet Yanis c'st trop frere on t mm pas o courant c un joueur il les a griller, ils ont gch notre saison
RT @SaalHassan: Je dis je t'aime  ma mre, elle me dit "qui n'aime pas sa mre ?" l on s'est assis 2 min et je l'ai mis au courant de l'existence d'Eminem
RT @Souriyya: Oui oui le problme c est les musulmans en france @TelQuelOfficiel - j espre que vs allez revenir sur vos chroniques  contre courant
RT @South_bulding: vos mres sont au courant quand vous prenez leur perruque pour faire des vines juste pour faire rire des blancs du 27 ?
RT @Spleenetik: Pendant qu'on la diffre, la vie passe en courant. Snque
RT @SweetieYTB: Mais j'ai dj mes deux prochaines vidos et j'espre que a vous plaira fort :3! Je vous tiens au courant trs vite <3. Gros bisous
RT @TAG_Grenoble: #Trafic_TAG [Conditions Mteo] Fortes perturbations  prvoir sur les lignes de bus. Les lignes de tram devraient fonctionner normalement.
RT @TAObustram: @Lubiscuite Bonjour, la circulation de la #LigneA sera rtablie aujourd'hui. Trafic normal jeudi prochain. Bonne semaine !
RT @Themimitoof: @RERD_SNCF arrive a nous faire rire :D "Un train a destination de Stade de France arrive mais attention il affiche complet"
RT @Thibaud_smn: Les gens qui croient tjs aux pastilles antivomitives ss les hamburger de mcdo vous etes au courant que l'pere noel ca existe pas ?
RT @TomekTR: #qml #RERC : +15 mins de trajet pour les trains missions MONA (Pontoise/Massy P) et NORA (Pont de Rungis/Pontoise) jusqu' 9h (pb PN)
RT @TonyDaCostaa: @YasmineWheeler4 Il devait pas tre au courant de la lois 201, verset 4 "Tu ne perscuteras point Ed Sheeran"
RT @TransportsIDF: Argenteuil : spectaculaire accident de bus, retour  la normale sur la #ligneJ (VIDEO),
RT @VicPlounevez: J'ai remis le courant amen
RT @Vic_Bo_Blond: j'ai bu la bire  mon pre, je lui ai foutu un coup de pied au cul, et je suis parti en courant comme un lache et l il m'attend en bas
RT @YasmineKidrauhl: Wsh ma mre elle part 2 mois  Hong-Kong personne me met au courant ah ok
RT @ZRABx: #qml du retard ce matin sur le #RERA... 7:49, le train OFRE50 de 7:45 toujours pas parti de #CLH.
RT @_CaptAwesome: C'te forceuse l, j'espre elle est pas au courant
RT @_oxlade15: Ce matin J'prend le RER pour qu'on me dise j'ai pas cours ...
RT @aabdelfresh: Hey sa vous rappel rien avant quand on galrer on toqu au porte et on parter en courant!!
RT @alexandresirois: Un pre face au courant antivaccination, raconte @richardhetu
RT @alexandrmrtn: Rien que ma mre elle appel edf elle se fait un pote a parle de vin, le mec il chante, petit cours de go, j'en ai marre..
RT @amazingwavess: ma mre elle appelle ma sur "eh regarde il neige" elle arrive en courant mga excit et tout et l "ah bah c'tait une blague" ptdrr
RT @axellecr: Jcrois Manon c'est la seule a qui je peux tout dire, c'est tjrs la premire au courant de tout
RT @aymrcb: le chauffeur a ralentit parce qu'une beurette travers,j'lui ai dit c'est orange tu peut passer. tt l'monde m'a applaudi j'ai conduis le bus
RT @badvampss: du coup mes devoirs jles ferais demain dns le bus c trs bien
RT @celiahallay: sinon t'as fais quoi de ta vie?,- bah coute j'ai attendu le bus.. ah et le rer aussi
RT @cld: Tiens du coup je vais prendre le #RERC. Histoire d'tre transport par l'lite. Dans un CITY.
RT @drauhlina: msk justin il peut pas se gratter les fesses trql dans son jardin sans que la terre entire soit au courant
RT @elduuuf: @quentmilleville @camille_becquet @Leolylak je suis au courant frre je suis sur le coup
RT @elisazerr1: Aujd Schitter il est parti dans un fou rire pcq il tait pas au courant qu'il est cens nous accompagner au thtre demain
RT @eliseetchanel: Marinire,alcool,2CV et cte sauvage,ils sont au courant dans Josphine Ange gardien qu'en Bretagne on a la fibre? #Clichs #TF1 #Grandissez
RT @faguagliata: @RERD_SNCF @TUForg @jphuchon ben oui c'est dur pour nous du coup d'tre entasss pour de soucis de regul de maintenance. :(. Bonne journe
RT @gotemar: En 2015, on est capable de louper un RER car la personne devant soi au tourniquet ne sait pas valider correctement son pass Navigo. #qml
RT @incvrnable: askip aujourd'hui c la chandeleur, ah ok j'tais mme pas au courant, premire nouvelle mdr
RT @ingridlorenza: J'ai encore rver de @DXDX_B cette nuit...je dis inh ce garon c'est mon me sur juste qu'il n'est pas encore au courant
RT @jeremyDpt: La mre a bebe qui me dis jeremy tu vas pas louper ton bus il est dj 27, tu peux dormir ici a me drange pas
RT @jeviensbientot: Les chrtiens sont la lumire du monde, mais noublions pas dtablir le courant.
RT @jouceGermanotta: Okok donc je descends en courant presque a poil pour dire un truc a ma mre et la jvois son gars ds mon salon il mdit "salut :)"
RT @la_petite_panda: tu avais dis  ma mre moi je suis au courant de tout ce qu'elle fait votre fille (@OlympeMusic live on )
RT @laf_pierre: La bonne blague du lundi matin de @RERD_SNCF : aucun train avant 30 min !
RT @laurentgallois: RER  des questions n'ont de rponses de la part du Directeur DLU (tchat).,N'hsitez pas, dans la limite de mes comptences.
RT @laurie_mbh: a fait des jours que j'espre qu'il neige pour que les cours soient arrts mais  montbliard pas besoin de a pour arrter les bus
RT @lcslmrt: Pter sur son chatPartir en courant,Rigoler
RT @loveurdrauhl: @JohanBurberryno t'inquite  tu seras le 1er au courant!
RT @luigui91: @RERD_SNCF il est pass pu le train pour #juvisy qui tait affich en gare de @VilledEvry Courcouronnes ? #mystere #disparition #qml
RT @marclafosse: @franceinfo Hydrolien : le courant de la rivire pour produire de l'lectricit @Hydrolien @BlueSignEvents
RT @marieeymag: Je vais pas en cours mais je me fais rveiller par ma sur a 8h qui me dit que son bus a eu un accident donc je dois l'emmener au lyce !
RT @mctremblayyy: Si le porteur se gratte l'oreille gauche en courant avec sa jambe droite en 1er, ils ont gagn le #SuperBowl 3 fois #statistiquefootball
RT @mobilites2025: Vous voulez (re)voir notre prsentation de @ExpoFrance2025 ? Bientt une nouvelle  @heSam_Univ ! On vous tient au courant :-)
RT @nexus006: Eh, @rerc_Sncf, ca t'amuses les trains courts aux heures de pointes? Essaie des rames de 2 wagon, ce sera encore + rigolo,#fail #Sncf #qml
RT @no_rain_today: Ligne 13 au ralenti : malaise voyageur #ligne13 @TUForg
RT @popov301: Allez les champions, bis #rerD : trains maintenus pour rparations supplmentaires, mon cul ouais #fap
RT @qvl23: Sinon vous parlerez un jour de brugge? C'est le leader invaincu depuis fin aot .. Au cas ou vous ne seriez pas au courant #tribunertbf
RT @reza75020: @Salam_Rhoya ptdrrrrrrr ah donc regarder une bio c'est du pistage mtnt j'tais pas au courant
RT @sandrinea: #RERB encore des trains supprims. #inadmissible aux heures de pointe....
RT @sawahle: Really ? 1h49 @RERB: Retour  un trafic rgulier sur l'ensemble de la ligne #RERB. Incident termin.
RT @serhatatata: @noah_prt c'est ma mre qui va ouvrir la porte tu vas partir en courant mdrrr
RT @svaxelaire: C'est reparti pour un trajet galre avec des suppressions de trains @RERD_SNCF pour cause de panne de signalisation
RT @svaxelaire: Merci @RERD_SNCF et #stif pour ces anomalies, suppressions, retards, trains courts qui rythment notre quotidien debout serr #qml @durovray
RT @theodess: En vrai marin ye bien la !! Imaginons y va au poste cricri elle sera jamais au courant pudique dans tout les cas y disputer tout le temps
RT @tudobemfr: La grande prcision "@RERB le trafic est interrompu entre Gare du Nord et Denfert Retour  la normale  23:59. (voyageur sur la voie) #RERB"
RT @vieira9457: @jphuchon Les voyageurs du #RERD en ont assez des trains supprims sur l'axe Combs - Paris pour cause de maintenance des trains. STIF bern.
RT @wlm972: @Celia_edy Attend ma mre m'appelle *Pars en courant* mddr #ICantReply
RT @wonderlew: @somorley je t'aime tellement fort ella. J'espre que t'es au courant que je te lcherai pas comme a.
RT @xhlnzl: @Julieoriginal TU GARDE CA POUR TOI, BC APRES PLUS TARD QUAND JE SERAIS AU COURANT BEN CE SERA TROP TARD ET JMEN VOUDRAI !!  ET NON C'EST
RT @zaynxanatomy: jreve de me rveill un jour et que ma mere me dise "retourne te couchez les bus passent pas bc la neige tu va pas en cours" omg
Really ? 1h49 @RERB: Retour  un trafic rgulier sur l'ensemble de la ligne #RERB. Incident termin.
Rejoignez notre page pour tre toujours au courant des dernires promo...
Retards et suppr -> 9h30 sur @RERA_RATP et @LIGNEL_sncf cause "densit traffic et affluence voyageurs" #Qml #enretard
Retour  un trafic rgulier sur l'ensemble de la ligne #RERB. Incident termin.
Rien que ma mre elle appel edf elle se fait un pote a parle de vin, le mec il chante, petit cours de go, j'en ai marre..
Rsum : 40min sans train, un train blind, un train court et engueulades au micro. Service de qualit #rerd
S'il neige pas de bus donc pas de cours donc pas de DS ce serait cool
Sa devient de pire en pire a niveau des ralentissement a partir de la Plaine en pointe #RERB
Sac abandonner  l'arrire du bus = coup de pression tout le trajet mdr
Sans paco j'serai dans la merde pour aller en cours. J'me lve toujours en retard et je loupe le bus. Paco c'est mon chauffeur perso
Seriez vous au courant de la prochaine RGT ?! @Mill_CoD @BrokyBrawks @MysTK_ @ZylewR @DecertoFrance
Si demain il neige je vais dire que j'avais prvu d'aller en bus au collge, ce serait dommage qu'il arrtent le trafic..
Si j'avais eu ma place, vendredi j'aurais pu aller a mon cours, et lire sur le trajet dans le RER + Mtro :( (l'endroit ou je lis le plus)
Si je fais un Live, il commencera plus tard ce soir! Surement vers 22h30! Je vous tiens au courant! A toute les Spartiates! :)
Si le porteur se gratte l'oreille gauche en courant avec sa jambe droite en 1er, ils ont gagn le #SuperBowl 3 fois #statistiquefootball
Si les gens taient au courant de la faon dont elle crache sur les autres , et sur tout le monde sans exception ce serait le choc
Sinon mon pere est a vendome depuis ce matin il rentre pas ce soir et je viens juste d'tre au courant vive la communication!
Sinon vous parlerez un jour de brugge? C'est le leader invaincu depuis fin aot .. Au cas ou vous ne seriez pas au courant #tribunertbf
Sympa le RER D ! Dj 30 min sous la neige avec des trains complet.
TATS-UNIS - Un pre face au courant antivaccination #lapresseplus
Ta mre le bus qui m'oblige  courir ds l'matin
Tiens du coup je vais prendre le #RERC. Histoire d'tre transport par l'lite. Dans un CITY.
Tin mon pre c un forceur je lui dit que il neige trop et ya pas de bus il me dit viens je te ramne en cours wesh frere joue le jeux
Toujours j'arrive pas a ma lever et aprs je cours derrire mon bus ptn
Toujours pas reu ma carte graphique et mon DD 1 tera du coup tout les jours quand je rentre du collge je cour en sortant du bus pour voir
Trafic impeccable au niveau de la ligne #RERB #OK
Trafic impeccable sur toute la ligne #RERA #OK
Trafic ralentit sur la ligne 13 bordel je vais tre en retard
Train court  une heure de pointe Vous nous prenez vraiment pour des moins que rien  #RERE @RERE_SNCF
Train qui arrive  48, bus derrire  49. Impeccable
Tunisie  Le courant dmocratique votera contre le gouvernement Essid: Aprs avoir dsapprouv la premire...
Un accident d'autobus scolaire fait un mort et 15 blesss en Alberta (SRC)
Un accident de bus fait 3 morts et 27 blesss en Slovaquie en raison de la neige  via @ladh
Un jour on va faire un accident avec ce bus...
Un mort et 15 blesss dans un accident d'autobus scolaire prs de Grimshaw
Un mort et 15 blesss dans un accident d'autobus scolaire prs de Grimshaw  #src #nouvelles
Un mort et 15 blesss dans un accident d'autobus scolaire prs de Grimshaw  via @RadioCanadaInfo
Un mort et 15 blesss dans un accident d'autobus scolaire prs de Grimshaw: Un homme est mort et 15 personnes,...
Un peu de neige. Aucun train, des pannes, des retards, des suppressions. Bienvenue en 1920. #SNCF #RERD
Un pre face au courant antivaccination
Un pre face au courant antivaccination, raconte @richardhetu
Voil RT @Bratislabat: Note pour moi-mme: ne pas oublier d'couter @LisePressac sur @lemouv  la sortir du RER  17h30
Vous tes au courant que Jordan sera la au parc finalement ? Bonne aprem.
Vous voulez (re)voir notre prsentation de @ExpoFrance2025 ? Bientt une nouvelle  @heSam_Univ ! On vous tient au courant :-)
Vous vous souvenez que jeudi j'avais russi  avoir un RER, que du coup j'allais jouer au Loto ?J'ai gagn.,Ma chance du jour valait 5,20.
Vs me faites rire a veut pas de bus pour pas aller en cours mais si yavais pas de bus pour rentrer chez vs, vs trouveriez un moyen quand mm
WHOA J'TAIS PAS AU COURANT QUE BRUCE JENNER LE PRE DE KYLIE AVAIT CHANGER DE SEXE SZDFDESDEF MDRRRRR
Wsh ma mre elle part 2 mois  Hong-Kong personne me met au courant ah ok
Y en a marre des gens qui insultent les mres!! Vous tre au courant que "Fils de pute" c'est insulter une mre ?!tfou !! vous me dgouter!!
Y'a 3 go qui sont rentrs en courant y'en a une qui est tomb d'une manire tragique
Y'a personne a part moi pour garder mon frre, youpi j'vais louper mon bus
Y'a une meuf dans le bus je sais pas pourquoi mon regard drive toujours vers elle du coup elle me regarde mal mdddr
Yo les toulousains, demain risque de perturbations du trafic de bus  cause de... la #neige !
a chaque fois que je dois rviser qlque chose, jme dis "je le ferai dans le bus", et une fois dans le bus jme dis "je le ferai en cours"
a commence si ce fdp d'rer continue de ralentir je vais finir par tre en retard pour mon premier jour..
a fait des jours que j'espre qu'il neige pour que les cours soient arrts mais  montbliard pas besoin de a pour arrter les bus
a m'a saoul je suis cense tre en cours a 55 mon bus est a 42 mtn j'y serais jamais
ah mais the fosters a a repris pq j'tais pas au courant
aprs il lui a mis une baffe et il est tomb k.o, lgitan il est parti en courant, il nous appel 5min aprs on lui dis "oh frre il est mort"
askip aujourd'hui c la chandeleur, ah ok j'tais mme pas au courant, premire nouvelle mdr
askip demain aprm on va au cin avec le lyce, personne tait au courant, bien, j'espre que c vrai
avec une potes on arretais pas de brancher des voltmres en sries, du coup on coupais tout le courant ;p #Mikl
c'est la premire fois que je cours  ct de mon bus pour pas qu'il parte sans moi
ca me ferai trop plaiz si  cause de la neige le rer e marchait pas et que du coup j'aille pas en cours
cc @estytoone ->  Merci de la tenir au courant @Francis_Alane Ce serait super gentil Francis ;) #GPM28 #Stopbokoharam
cc tlm ! bienvenue dans le coompte Twitter de passion4521, passionns de trains,bus,tram,mtro,RER, etc... Bonne journe Twitter!
couter Libertango dans le RER et se dandiner sur son sige...
du coup mes devoirs jles ferais demain dns le bus c trs bien
es de Bus et Tramway.Aucune manifestation en cours de nature  perturber le trafic. [2/2]
faut que ma mre me dise quel bus ca a son lieu de travail comme ca jvais la voir elle et ses collgue quand j'ai pas cours
j'ai bu la bire  mon pre, je lui ai foutu un coup de pied au cul, et je suis parti en courant comme un lache et l il m'attend en bas
j'ai louper le bus, du coup jvais louper mes 2 premire h de cours
j'ai que 3h de cours demain en plus non vraiment j'espre pas de bus
j'avais pas de tel je devais appeler ma mre du coup j'ai dmand au chauffeur de bus de me passer son tel
j'coute red dans le bus, a fait tout le trajet de chez moi au lyce au tooop
j'espre que y aura pas de bus jeudi, le louperais 5h de philo
j'ose pas m'approcher j'espre que je loupe pas mon bus a cause de la dame
j'suis toujours la dernire au courant dans cette famille
j'tais dans le mtro et y'a eu une coupure de courant, TOUT s'est teint y'avait plus une lumire, et le mtro a frein seeec
j'tais dans mon lit et j'entends "il m'a dit que...." et j'suis descendu en courant pour voir le monde ptdrrrr mon frre est choqu de moi
j'vais aller voir ma mre en courant je crois
je viens d'allumer les chaines infos ya du monde et ya des journalistes du monde entier au moins le monde entier sera au courant
jprends le tram une fois par an et comme par hasard l jle prend et il a un accident
jsuis monte dans le bus mais ma mre elle est venu me chercher du coup elle a appel marie bc mon tlphone marchait plus,du coup elle-
le monde dans le train le matin je peux vraiment pas. Ne jamais prendre le RER c  9h
les bus passent pas vers chez moi je vais pas en cours
loprationnalisation est prvue courant 2015.,Les objectifs quantitatifs de la vision en matire de genre dici  2035 sont: 35% des
ma mere n'est tjrs pas au courant que j'ai defonc mon iPhone 2 semaine apres !
ma mre elle appelle ma sur "eh regarde il neige" elle arrive en courant mga excit et tout et l "ah bah c'tait une blague" ptdrr
ma sur et mon pre sont au courant que la porte de la sdb est ouverte et que j'entend tout ce qu'ils disent????
mais si jme rendort jv me lever  15h et ce soir jv encore galre  me coucher et jv encore louper mon bus....
mdrrr c'est ma mre qui me cherche des excuses bidon pour demain genre "tu crois qu'on peut dire que t'as loup ton bus?"
mon frre il est au courant de tout ce qu'il se passe avec loic mais il me dirait rien...
msk justin il peut pas se gratter les fesses trql dans son jardin sans que la terre entire soit au courant
on a rat le bus de 35 du coup on attend celui de 46 et on va arriver quand tout le monde sera dj dans l'amphi
parce qu'un jour a se vrifiera et tout le monde sera au courant
personne va venir ajd  cause des bus, et moi jsuis chez mon pere donc j'ai le putain de train qui fonctionne !
pk le bus il va vite c'est bon ralenti jveux pas y aller moi
putain tout est bloqu dans les rues  cause de la neige il y a eu pleins d'accidents il y avait pas de bus je viens de rentrer bc bouchons
quand j'ai dis  ma mre y'a pas de bus et qu'elle m'a dit "tu veux faire quoi" j'aurais du lui dire que je voulais pas aller en cours
s de Bus et Tramway.Aucune manifestation en cours de nature  perturber le trafic. [2/2]
sa mre la pute tous les matins j cours aprs ce ptn d tram jvais beger ma race ajd
sinon t'as fais quoi de ta vie?,- bah coute j'ai attendu le bus.. ah et le rer aussi
so demain soir je vous tiendrais vite fait au courant mais sinon je ne serais pas la
team on a la poisse avec les trains nous ptn. Quand y'a un souci avec la ligne D on peut tre sres que a tombe sur le train qu'on prend
teindre toutes les lumires et partir en courant dans son lit pour pas que quelqu'un nous tue.. On va pas...
toute manire si je vais en cours cet aprs-midi, j'vais arriver  19 heures ce soir avec le bus
tre trop connu sur les rseau dans tout Paris sa sert a rien mon frre psk dec tu a bouger ton doigt du mauvais sens tt le sera o courant
tu avais dis  ma mre moi je suis au courant de tout ce qu'elle fait votre fille (@OlympeMusic live on )
vendredi 6 juin : fte fo Sarah reviens avec des ptn de plaques , moi j'y vais vers 16h le soir je rcupre Sarah puis bus avez Bastien
vous tes au courant vous tes des bouffons ceux qui insultent leur frre/sur de fdp
