"@LeMarquis1er: Parait que j'ai tromp ma Go! ,Maaassah, moi mm jsuis plus au courant de ma life hein..."
"@Lunon92:  Sartrouville suite heurt par un train d'un escabeau sur les voies. Circulations retenues dans le secteur. #RERA #LigneJ" #qml
"@RERA_RATP: 05:37, le trafic est ralenti sur la ligne (divers incidents) #RATP #RERA" 5h37 vous ne rvez pas...
"J'ai reu ce prix parce qu'en tant que femme noire, [je suis mritante]. Je n'tais pas au courant..." @shondarhimes
"Je vais tre en retard, j'ai loup mon RER...""Non mais t'inquites y'a pas de soucis!",Mes responsables sont gniaux. #Keur
"a fait 3 semaines personne lui parle" frre quand lui il est pas bien tout le monde doit tre au courant mais qd c'est nous la on s'en fou
"je sais pas pq elle vient ici,pr rire et s'amuser ou alors pr rien faire",yoooo allez oui,elle est au courant  cause d'elle j'ai faillit
#E313 (A13) Ranst vers Anvers  Wommelgem accident, voie de droite bloque, voie bus bloque depuis 11/12/2014 16:52
#LigneL / #LigneJ objet retir des voies  #Sartrouville reprise trafic #RERA #Poissy et #Cergy et #Mantes via #Poissy
#RERA #Cergy Le Haut le train de 9h07 toujours pas  quai... Celui de 9h12 non plus d'ailleurs. Merci la #SNCF #normal #routine
#RERA comme tous les jours ou presque la ligne A du RER subit d'importants retards Aucune info sur l'appli ni dans le train @RERA_RATP #WTF
#RERC #KO: trafic suspendu entreChoisy le Roi et Massy Palaiseau dans les 2 sens sur laxe Paris - Massy via Pont de Rungis.
#qml #LigneL / #LigneJ objet retir des voies  #Sartrouville reprise trafic #RERA #Poissy et #Cergy et #Mantes via #Poissy"
#rerA : 2 trains de suite supprims au dpart de SGL... #btaillre #ratp #qml
#rerA : un train qui circule avec une porte bloque, c'est normal ? #securit #ratp #qml
#rerd encore un train supprim aux heures de pointes! La VACA est bond! !!
.@frobine  #confeval : "Le jury fera des propositions  la ministre dbut janvier. Dcision courant 2015."
05:37, le trafic est ralenti sur la ligne (divers incidents) #RATP #RERA
07:02, le trafic est ralenti de Cergy/ Poissy vers Marne-la-Vallee Chessy (divers incidents) #RATP #RERA
08:22, le trafic est ralenti sur la ligne (divers incidents) #RATP #RERA
08:27, le trafic est ralenti sur la ligne (divers incidents) #RATP #RERA
100% Twitter, jaime me tenir au courant et non juste voir dla bouffe! :) RT @MNetMP: Vous prfrez Instagram ou Twitter? Pourquoi? #mnetmp
14:03, le trafic est ralenti sur la ligne (incident technique) #RATP #RERA
4h de bus pour rcupre un chque. Vive le changement #carjaune
9:19, la rame repart de Vincennes en dir de Chessy (malaise voyageur),Le trafic est ralenti sur l'ensemble de la ligne #RERA
<<99,9% de femmes prfre les mecs qui enchaine plutt que ceux qui sont en chien !>> On est tous au courant Merci!!
@ATourneur C'est une boucle sans fin ton explication en fait du coup. @Conducteur_RER
@AdRiW91 :D Genre j'oblige ma mre  rentrer plutt de vacance ^^' Je te tiens au courant :D
@AdelineRaynal Il y a l un malentendu courant et assez tragique : le problme n'est pas de crer mais de financer en amorage.
@AdrianMichel14 je serai la normalement  j'te tiens au courant gaillard
@AlixFantino 1549-1560. Courant potique form par un groupe de 7 pers. Nom:Pliade; ref au constellation et la mythologie. dont Du bellay
@Allison_TWRPG *te regarde* aprs la mort de ma mre....tu es la seule a tre au courant de cet endroit...
@Allthemoon raaaaaah j'tais sre que t'allais tre au courant du coup je t'ai pas dit
@AnneL_Hry @urbangangs Anne-lyse, tu serais au courant sinon idiote
@AnthonyLuyeka train, mtro, bus, rer, pied.. y a pleins de moyens aussi :((
@Anthouny78 nos rseaux sociaux pour tre au courant des dernires nouvellesCordialement ^SC 3/3
@Apoka_Lipstik Normalement oui, si tu le reois pas lundi je leur enverrais un message, tiens moi au courant <3 !
@BahiaMg @JohnnyChienFou "Le courant Islam nationaliste est reprsent par Candide et Bahia"
@BethanyNARPH "JUSTIN!" -sourit grandement en l'entendant et voit sa mre arriver en courant-
@CamilleLty @CoutantVincent mais t'es bte ou quoi t'es au courant c'tait dans le truc de groupe, pour sa crmaillre (la blonde bordel..)
@CcPignat Une le et on voit le pre Istaltisme ramer  contre-courant
@CercleVoltaire la plupart tait dj au courant, a ne fera que des vaguelettes ...
@Chilllax_ @Faaanny_971 Bcp de bonheur de fcondit srtt& d'amour pcq je vois que le courant passe bien la premire querelle conjugale et tt
@CineSerieAddict @CineBorat @MsKitty_Blog @Blogcinephile en vost oui . J'espre que tu aimeras , tu nous tiendras au courant !
@D7_Hype a sera que Samedi Tiidoc aura tjrs un problme de console demain :/ Si on fait du mix je te tiendrai au courant
@Dalila2805 Un rle? Lequel? Nager a contre courant? Tu peux toujours essayer mais tu sera vite puiser...
@Deep_thai @FSteven7 mdr et toi tu mouille svr attend on scroise a la gare du nord tu va courir plus vite que le rere E mdr
@Diakhaabi bien sur que oui, l je suis dans le RER je vais en cours
@DrewRPGTI9 _-tourne rapidement la tte vers un courant d'air puis plaque brusquement une fille contre le mur-
@ELUSPSCRIDF @jphuchon @EELV_crIdF @PRG_IDF @ElusFdGCRIDF ce matin 1 train sur 2 supprim  montgeron sur #rerd : constat et non pas avis.
@ElSniper224 cool frere. ca marche je te tiens au courant deh que c'est pret
@ElieBomaye Le monde humain s'teindra plutt avant, ce qui est une alternative vers laquelle on va en courant.
@Elmouche les rares fois o je voyais Lisa je voyais des screens sur son phone ou elle tait au courant de trucs qu'elle ne peut voir :(
@Etie5nne @ActuFoot_ @Misterclutch02 Panne de courant, les supporters ont allums  leur manire. ^^
@EvansLilyRPG *se baisse rapidement et lui lance une boule de neige en pleine face puis se sauve en courant, morte de rire* Nananananere
@FaZe_Zy et si se serais en live sa serais cool pour notre structure qui prendrais des followers grce  vous !!,Tiens moi au courant stp !!
@FanV2N @Conducteur_RER Oui j'ai eu vent de l'accident au boulot
@Fatou__K: @KenzaTaalba Bh nique ta mre point salam OSE ME DIRE A EN FACE ON VERRA SI TU RENTRES PAS EN COURANT CHEA TOI
@FrancoisMartin_ et chut ma mre est pas au courant
@FunnyMarla Il doit tre trs mticuleux (ou na pas branch le fer au courant, ce qui limite son efficacit) cc @JeanSeb
@GroupeRATP @RERA_RATP vous pourrissez la vie des gens en supprimant des trains  tout va....
@HMirrors aha  tu me tiens au courant quand ta mre rentre hein
@HWEinPARIS on pleur et la il est revenu vers nous en courant OMG :'(:'(<3
@HarlequinHQN vous pourriez au moins rpondre au courriel pour ceux qui sont au courant de rien, un auteur en colre
@HellBiird j'ai rien fais mon pre veut pas me laisser y aller parceque d'aprs lui je peux le tuer dans un accident de bus
@Hemericdrz @jmenbalecouie @mouss_tapha jai mis pers au courant,jai demander a personne mais on peux lfaire ch moi ouais
@HeyPunPun @Androphobitch BIEN REU, TIENS MOI AU COURANT !
@Hugiannini je prfre voir a comme "un courant humoristique".
@Ilyasdawaleh au courant des projet des autres ministre et des fois on reoit des informations qui. Sont contradictoire
@JulieDupire1 pas encore reu, je te tiens au courant
@JustinFgieres @loug1406 t'es au courant que c'etais l'anne dernire
@Kaoutarekakou nike ta mere toi jvais apeler tata Souad jvais lui dire ta 1j d'exlus !!! Moi ma mere est o courant de tout pas de peur aha
@Krim_oo aaah frer courant 2015 si Dieu veut
@KurtHummelJG (SMS) Non, je prfre pas qu'il soit au courant.. a reste entre nous ok?
@LKambulu @BeniieLakinoise tu te trompe pas mddr, mais tqt tu seras au courant au bon moments
@Leila___SS8 @zazarodri tient nous au courant lorsqu'elle sera arriv
@LelexD84 @AymericBonnery J'espre que Rico est au courant lol
@Lucas____P Sa mre tait pas au courant je lui ai fais peur elles les a appel tout va bien pire eux mais les Stephanois sont remonter
@LylioA Donc je l'ai repris mais ils ont entendu mon clavier et ont coup le courant QUE dans mon bureau .....
@LyseMkz_ Ah ouai jetais pas au courant je vais inscrire mon frere alors lol
@Manoon_07 @esthellle Moi je ne vais pas leur dire pour la coque je ferais style que jetais pas au courant mais pour l'exclusion je ledir
@MarinaaNavy Malheureusement en gnral la personne concerne est toujours la dernire au courant ^^'
@MathieuObringer elle gre smoke trick  je l'coute oklm dans le bus
@Minimalizm__ Ah bah tu seras l avant que moi je vienne par chez toi! Tiens au courant quand tu repasses ici ma poule
@MonteiroMarine je serai en burret je pense. Je te tiens au courant !
@MontoEuk @Kiniha_Domen Jean ren c'est pas courant :/
@NadRizzona Le fait qu'elle soit homophobe, t'imagine elle est au courant bah elle sera a cot de moi et dit oua tu es degueu et tout
@Nando7686 sauf si je suis la dernire  tre au courant ou qu'on rpond  ma place. Enfin bref sympa la soire du samedi... On verra a.
@NonStopPeople est que CHRIS est au courant que ses #Rs sont derrire lui et qu'on l'aime ?!  xx
@OLIV_1981 Motta n'est plus au niveau depuis son coup de boule reu courant Aot. Voil, c'est Brandao qui nous l'a bris ce joueur. LOOL
@OfficialSasio @HamachSh c'est triste... tu ne seras jamais au courant de l'histoir, bim je riposte avec vive attaque mon gars je suis chaud
@OrnellaC02 On verra dans quelques annes si tu te tournes pas vers ce genre de bouquin... Malheureusement c'es trs courant :/
@PatriciaLaunay tkt je ferai une petite ddicace rien pour toi pour @ShowLeMatin oui sa souffle ici galement et rien nous au courant
@Pelotedeneige C'est a mais rler pour rien devient un sport de plus en plus courant en ce moment...
@PlayStationFR C'est la raison pour laquelle je vous contacte. Seriez-vous au courant d'une action de ce type pour la Belgique ?
@RERA_RATP Des problmes jveux bien mais vous etes meme pas capable de faire arrter les trains dans toutes ls gares quand il ya des retards
@RERA_RATP Le trafic est aussi au ralenti ce soir, comme ce matin. Comme hier soir et hier matin... #zeroqualitedeservice
@RERA_RATP Mme question que d'habitude : prcisez le niveau de ralentissement REL ? Une heure prvisio d'amlioration? Sinon > useless
@RERA_RATP Y'a qq mois je disais en dconnant que maintenant on se levait en vrifiant l'incident #rera en cours.Bah c'est plus en dconnant
@RERA_RATP les siges retirs en station Chtelet seront rinstalls un jour ? On se mche un peu le c#l  attendre vos trains (retards)
@RERA_RATP mon cul ouais c'est pour a que mon train est supprim !
@RERA_RATP on va bien dconner les ts prochains quand on aura le #rera interrompu dans Paris + les incidents quotidiens, youpi... #ratp
@RERA_RATP ralentissement majeur de vincenne vers La Dfense ou pas? Devons nous envisager un parcours bis?
@RERB #RERB train direction la place coince a denfert rochereau
@RERC_SNCF Entasss comme des btes dans le C! Pourquoi?Moins de trains (incendie cet t)+rames de 4 voitures en pointe!! Allez un effort!!
@RERC_SNCF S'il vous plait faites rgler le volume des haut-parleurs dans vos trains. On se fait agresser a chaque station !!!
@RERC_SNCF ce n'tait pas le tlphone du train
@RERC_SNCF il a aussi rte supprim hier. une demi-heure sans train a veut dire qu on va encore etre serre comme des sardines.
@RERC_SNCF que se passe t il ? mon train de 18 h 31  Boulainvilliers encore supprim. pas de train avant 18 h 44. Ras le bol ...
@RERD_SNCF journe ordinaire avec 1 train sur 2 supprim faute de matriel. D'o l'urgence des 4 rames du nord ...
@RERD_SNCF le joint endommag  St Denis c'est lui qui supprime les ZICO ? Pas de maintenance et pas de trains soyez honntes
@RERD_SNCF merci le RER D un train sur deux supprims axe Melun Paris ! Debout cras yes !
@RERE_SNCF et c a partir de combien de train qu'on considre que prvenir est respectueux des usagers?Le A marchait pas bien/choix a faire!
@RERE_SNCF train de 9,19 aux yvris repouss  42,je suis inscrite aux alertes du transilien et n'ai pas t informe
@RER_B @laurentgallois il y a aussi la problmatique de certains trajets, qui sont trs mal couverts par les trains (ou via un gros dtour)
@RER_B @laurentgallois j'entends bien cela, mais les faits sont l : 100 pour un aller simple de 3h en train c'est innacceptable.
@Raiss__ j'espre que le RER d va foutre la merde pour que tu coures voir ca
@SNCF_Direct bonjour quel est l'tat du trafic RER C Merci
@SNCF_Direct encore une suppression de train VOHA. C'est frquent et toujours aussi pnible. Une raison? @RERE_SNCF
@SNCF_Direct merci. Savez vous si des bus vont tre mis en place car ses accidents peuvent rrtarder un train de plus d 1h
@SacroRdsk Ouais tqt frre on se tient au courant <3
@Sahiid_Toure J'espre que tes parents sont au courant que tu es dscolaris. C'est la moindre des choses.
@SalomeFournier: Quand je serai majeure je me ferai un piercing au tton mais personne ne sera au courant la base
@Sandra_Brlmt @MarionGenty @Oceane_Savignac moi je suis l que la premire semaine donc j'espre qu'on se verra on se tient au courant!
@Siperabe Ah oui j'ai un peu hallucin quand j'ai vu a. Qui a envie de se faire couper les tifs sur un quai de RER...
@SofieneRTC y a moyen frere j te tirns au courant
@SuperXavXav T'es pas au courant ? Il y a un casting pour devenir Pre Nol !
@Syny__ Ca confirme mes dires : Meilleure serie ever,mais par contre j'pense pas que tig chibs etc soit au courant qu'il va se tuer jax
@TheoEtwler si tout tes abonnement follow back on serait au courant
@TiFloLesAnges7 @malagueno78 @Lpdla2Sarah Perso je te voit je part en courant j'ai peur de l'abmer les yeux
@Todoist_France est ce que il y a un moyen d'intgrer le  dans les tches du jour courant ?
@Tololhardy Pas plus que ce que tu peux lire ici. On en parle chez les lourds, ton frre te tiendra au courant.
@Ugo_il_Italiano ah mais t'inquite tout twitter sera au courant, je le mettrais en tt mme mdr
@VO65_DONGFENG @DongfengRacing #VOR allez les gars, on rcupre la deuxime place et on ne lche rien jusqu' la ligne d'arrive :-)
@Valentin_DAR Pas de souci de toute manire j'ai like votre page donc je serais au courant des news ;)
@VotezNon @f_vanez je m'incruste mais c'est clair, y'a qu' voir la PP de fumier du 1er pour se barrer en courant. Respect qd mme
@WeshOldWolf yavai plus de courant les 3 dernires minutes mais ca a repris et on a gagn
@YshmaMo engueulade avec ma mre puis loup le bus et 3controles
@Zam_Younes @Marina_La_Torre Lui a tous les coups il va arriver vers 11h50, et il va Tahlla le bus il est pas pass
@Zfamaury Y'a pas que le champomy qui va pter mon bon Amaury toi mme tu es au courant
@ZolansKhaadi Ah la chance! Bah merci hein j'espre que tes potes pourront t'la payer, j'te tiendrai au courant si j'ai gagn ^^
@_Benez Haha exact (je me permet de rver un peu ^^) Dac dac et bah..tu tiens au courant de tes rsultats :)
@_HelenaKrzk_ c'tait les dernires paroles d'Hlne, tu me retiens au courant la cousine, cur sur toi aussi
@_Pow__ @MaariiinaL @Toby_Cx Nan mais la dernire fois il  louper son tram et il est venu 1h aprs plutt que d'avoir 5-10min de retard..
@___Prescillia Ahahaha LOOOOL ! moi je suis exigeant en matire de sexualits .. J'tait pas au courant de a moi :)
@_thomasvz tkt tu seras le premier au courant
@agnes_crepet par contre, une comm' du @LyonJUG serait pas mal ou encore mieux : un flux RSS pour tre tous aux courant des vnements :)
@alexandremathis Trop de comptition, je prfre la ligne 13 ya que des laiderons
@aliona_adg t'es pas au courant ? Elle l'a fait tomber du meuble dans l'entre et tout le derrire est fissur
@ashrpggl sur insta et sur Twitter, et vers 16h, ma pote qui avais un m&g et qui fessait la fille pour le m&g elle sort en courant et en -
@b_nonam il a pas twitter puis osef au moins il serait au courant que je fangirl sur lui
@bibi92737 @20Minutes pourtant le bus est + polluant que le train - on ferait mieux de faire des prix sur les trains p/les + dmunis
@bouyguestelecom non ma femme aussi Martin est au courant mais la c'est pire mme en redmarrant le mobile rien n y fait ..
@bovem_ pq j'suis tjs la dernire au courant
@cbrygier je serai au courant si a m'arrive de tomber sur une telle horreur. Merci ;)
@chAPteam @CharlesAntoin85 @Boris92i @Rabbi_DVD @JUT___2 @Me_Yael_Mellul On va dire qu'on va louper le TGV et le RER, c'est mieux?! :)
@chloerpgcs *il revient en courant vers moi*
@draaadraa tu seras au courant tqt pas
@elise_suarez J'espre aussi. Croise les doigts pour moi. Je te tiens au courant.
@emmablavier grosse t'es au courant ma mre vous accompagne MDDDR
@emmadctl mais tu va te opre de quoi? J'suis pas au courant
@floko1apelfloko @mllesosso @delart10 @julienbahloul parce que Niel gre la France? Je n'tais pas au courant!
@grandludo tu veux dire que tu es dj au courant ? Ben oui je comprends. Tu prfres ne pas en parler et emm... ceux d'en face ! ;))
@herolien Pas exactement, je veux juste piquer les objets rares avec lesquels tu nous nargues et m'enfuir en courant. cc @Raven0us12
@imadmesdoua ok, tiens moi au courant. Oui, les 2 vont super. Et 2015, sera encore mieux! Dans un pays dprim, moi, je suis optimiste ! :p
@jelensks @Bilal_knds tu es au courant Bilal qu'il y auras des reprsailles ?
@julie_lair Oui je vais faire a. Mais si le bus ou le taxi se viande ? #Parano #Neige #Accident #Gloups
@laughxhoranx Je ferai des recherche, je te tiens au courant
@laura_gau Parce que j'ai pas d'argent pour rentrer en bus et du coup j'attends ma mre :/
@laurentchemla Tu seras vite mis au courant... Lui aussi ! :) #JeuDeMotPourriDuJeudi
@laurentgallois @RER_B par rapport aux Bus ? Je suis dsol mais les prix du train sont quand mme rebutants pour beaucoup de Franais.
@le_Parisien @Conducteur_RER les consquences pour les normands seront importantes le soir. Plusieurs trains supprims en pleine pointe
@le_gorafi @RER_B c'tait la bonne vieille poque maintenant il faut mettre 8h (si le train arrive)
@lisaotm_ Par contre, t'es au courant que a va te coter cher le train pour venir???
@lugdunum69 @julienguillot bien videment > mais les accidents voitures/pousettes doivent tre 200% plsu courant (et 500% plus grave)
@mag_galy vous serez au courant :
@mamfunky ah ah crois tu. C'est courant chez les enfants les vers. 1er signe : rveil nocturne.
@margaux_srn bah je sais pas moi je suis pas au courant moi. Mais de toute faon c'est mme pas sur du tout ma mre me soule.
@mary_cul Je suis pas encore au chapitre "accessoires pour pter", je te tiens au courant.
@n0etmie cpa vrai.  chaque fois que j'ai une coupure de courant  la maison, c'est souvent vers 8:88 (heure de mon reveil)
@natroberge vous aviez pas retrouver le courant encore hier soir?!! Eh misre pauvre toi, la journe va tre longue
@paulcinestuff Non mais dj, si l'on n'avait pas t autant au courant de la production chaotique, on aurait moins entendu rler ...
@popo_bbb toujours au courant de tout, grosse commres
@remyfrancois62 a serait bien qu'on nous mette au courant demain psq si c pour qu'on rvise pour rien a va pas l'faire
@rhcpas t'faon je te tiens au courant j'oublierais pas comme l'anne dernire !
@ruthrpgchwi -il hausse les paules- jouer au lacross et tre avec mon frre. et autre chose, mais, tu vas partir en courant.
@smilexfLou @MarieClero @kevadamsss j'espre alors je croise les doigts tu me tiens au courant Manon
@teterelle la mre au courant, juste ridicule qu'on dise toujours rien  Quentin
@thesethirlwalI attends pcque ma mre est pas au courant mdrr
@ticci_toby_ Pour si peu... Attend, ramne toi ! *ricane, courant vers une cachette*
@valpmaltese Je note a et je vais transmettre ces informations. Vous serez tenu au courant par un conseiller. Merci
@w0rder je te tiens au courant de ce que je vais avoir ;)
@xcxzouis mdrrrrr j'aurais t a la place de ta pote je me serais dj barr en courant mdrrrr
@yasalami @Ouchilistic je serais pas tonne qu'ils n'taient pas au courant avant ;-) On en parle partout l
AAAAH OUI AU FAIT. Hier, j'tais tranquille avec Morgane dans le bus, et paf un mec grille un stop, le bus l'a percut. Accident !
Aaahhh ouaaais genre on a sortie une disquette a Alex on a dit que le bus avait eu un accident itout , il nous a pas cru #LRT
Accident Brossard: #A10 OUEST pass #A30 voie de gauche ferme pour remorquage d'autobus dure 2 heures
Accident dans le bus
Ah je serais srement le dernier au courant voir mme pas au courant du tout
Ah putains si Stessie tait au courant de sa elle en mourrais de rire :)
Aiguillage phnomne magique capable de faire passer votre train du statut  l'heure  en retard en quelques minutes. @RERC_SNCF @RERD_SNCF
Alors les parisiens vous tes aussi maigre pour tomber entre le train et le quai ? #RER #VDM
Audrey dans le bus quand j'coutais pour la premire fois happy
Avant je tenais que 10min en courant maintenant je tiens plus de 20min sans m'arrter
Avec @FnnySoum_ on a couter les vieilles musiques dans le bus on a pter un plomb....
Avec Sarah on a louper notre bus ce matin ,on a du march sa mre
Bc y'a la grve des bus donc bon SI QUELQU'UN POUVAIT VENIR ME RCUPRER
Bilan de la matine @RERD_SNCF melun: 4 trains sur 16 supprims. Soit 25%. Et dire que majorit#STIF ne voulait pas trains du nord
Bon @RERA_RATP vous avez besoin d'aide pour faire circuler vos trains normalement ?
Bon.. Bah mon pre est au courant pour la clope je vais me faire tuer ..
Bon...Pour ceux qui ne seraient pas encore au courant.... premier round....Ce soir!!!!,Tony Legendz II #nakedklb...
Bonjour a tous, ALERTE RER A ce matin, le trafic sera perturb au moins jusqu'a 9h, planifiez vos dplacement autant que possible #qml
Bonjour, chiffres direction sur la propret des trains au 3me trimestre 2014 RER A et B. Satisfaction voy de 90% ~,Un commentaire ?
Bsr @RERC_SNCF l'"offre de transport" annonce pour le 1/2/15 sera-t-elle mieux? (Encore un train suppr sur axe Ptoise/Mtgny... #qml)
C est tellement plus marrant un train court en heure de pointe. #rerd bande de branleurs @RERD_SNCF
C'est quoi encore dubmash ?? Tout le monde en parle et comme d'hab je suis la dernire au courant
C'est rare quand je parle de l'histoire avec ma mre  quelqu'un y'a vraiment casi personne qui est au courant de tout..
CL de Rio : accident at CL de Rio -
Ce matin j'ai loup mon rer parce que j'ai confondu ma carte navigo avec ma carte de cantine
Ce matin on a pris le bus de ville pcq ma mre nous as pas amener du coup a 30 on t dj au lyce :(
Ce matin on a t coinc 1h dans le bus  cause d'un accident. Je me suis leve  6h30 pour arriver  8h45 au lyce putain.
Cette routine me fait pter un cble la putain dormir bus cour dormir bus cour dormir bus cour
Cher @RERA_RATP je souhaiterai tellement que tu sois comptent au moins une fois dans ta vie
Chiffres bidons et mensonges sur l'immigration : l'UMP perd  nouveau toute crdibilit en courant derrire le FN...
Comme hier soir quoi... RT @RERA_RATP: 05:37, le trafic est ralenti sur la ligne (divers incidents) #RATP #RERA
Coupure de courant pendant #Beikta Tottenham... Le public donne la lumire !!! @cArsi_1982: Biz Aydnlatrz...
D'ailleurs certains de mes enfants sont pas au courant que je suis leur mre x))
Dans deux ans je serai encore au courant de tout alors que a sera archiv quoi
Dans le bus c'est moi la fille chiante qui ralentit tout le monde parce qu'elle a pas de carte de bus
Dans le tram ya un mec il a trop un air a Sehun ptn la mme bouche/nez chelou la et la coupe en arrire mdr sauf en roux
De toute faon c'est ma mre qui le dit, je serais pas au courant de remplacement c'est tout
Decitre: RT mdc_confluences: LT : "la collection "rcit d'objets" sera complt de 4 nouveaux titres courant 2015" d'aprs C.Lesec decitr...
Decitre: RT mdc_confluences: LT : la collection rcit dobjets sera complt de 4 nouveaux titres courant
Decitre: RT mdc_confluences: LT : la collection rcit dobjets sera complt de 4 nouveaux titres courant 2015
Demain j'ai dis a mon pre pour la grve des bus donc que j'allais pas en cour il ma dit "tu te fou de moi? Je vais t'y enmener au lyce"..:
Demain le gars il va trop prendre chre il est mme pas au courant
Demain ma mere va chercher le bulletin bon tfacon elle est deja au courant sa sent juste la lecon de morale de 30min
Demain matin je serais  peine rentre dans le bus que Rodolphe vas me traiter mddddr
Demain retour a chessy et au RER A. 3h de trajet pour 2h de cours ntm.
Demain vieux ds se taper 1h20 de bus pour venir pour 30 minutes et un 0 et 2h de bus et train pour le retour #bordel nique sa mre .......
Depuis que j'ai follow @Luth92230 ma TL elle est mouvement je suis au courant des dernire actu sur les beurettes cacher mdr
Divers incidents causent le ralentissement du trafic sur la ligne #RERA #BOF
Du coup j'etais dans le bus A et j'arrives  la gare de chelles et j'ai repris le bus A pour rentre chez moi -' ptnnm
EDF serait souponne de pratiquer l'optimisation fiscale. Enfin, le sujet est sur la table #jeris
Elise elle est arrive morte de rire en courant pour nous dire un scoop comme quoi il avait qu'une couille ptdrrrr mais jpp de cette fille
En attendant ma chre pharmacienne vient de me dire "De tte faon c'est trs courant de redoubler donc bon.." ha bon?je ne savais pas..LOL
En plus ce matin j'ai loup le bus c'est ma mre qui m'as ramen ,j'tais sre j'allais pas assumer le rveil
En vrai dans la classe, il peut y avoir des trucs de ouf je serais le seul mec pas au courant
Encore un festival de trains supprims ce matin sans info de la part de @RERD_SNCF. Aucune considration pour ses clients.
Essayer des putains de beaux habits, pass a la caisse voir qu'on a le bus dans 2 minutes. Partir au ralenti en regardant ces habits
Est ce que ma voisine est au courant qu'on l'entend rler toute seule ?
Est ce que tout le monde est au courant qu'il y a plusieurs prises possibles sur #dubsmash ? T'es dcal frre, tu tombes la phrase d'aprs
Et aprs elle arrive en courant vers moi PUTAIN MON PULL EST A LENVERS JFAIS QUOI LA HONTE
Et c'est bon grce  mon pre tous mes profs sont au courant que je sche les cours pour Matt
Et comme tous les matins c'est des ralentissements et des suppresions chez @RERD_SNCF pffff vous tes mediocrissimes #rerd #qml
Et le mdecin il sort ''Tu fais caca mou ou dur'' wsh mon frre il acri scatophile tel un gros gamin et il est parti en courant se con
Et mon frre il est archi duper il tait mme pas au courant et le seul truc qu'il a trouver a me dire c'est ' bah flicitations' bruuuh
Et son pre avait mme pas capt pourquoi elle tait partie en courant.
Finir sa commande @venteprivee_fr en courant derrire le bus sur son mobile toute en rentrant ces chiffre de CB la journe va tre speed:)
Gare du Nord, heure de pointe, trafic fluide... #RERB
Genre je devais prendre le bus de 17h55 mais j'lai rat du coup g pris celui de 10 et le gars de l'cole de ma sur il a appel mon pre
Genre ya eu un accident sur la route bus'um ge geldi ma prof elle m'a meme pas accept mdr jai eu 3h de perm
Gros pais d'Hydro-Qubec qui n'a pas ralentit et asperg tout le monde qui attendait l'autobus de vieille slush brune.
Grve de bus, rsultat ? Nique ta mre les cours.
Il est 05:16 et le trafic est normal sur l'ensemble des lignes de RER
Il est 12:16 et le trafic est normal sur l'ensemble des lignes de RER
Il est 12:28 et le trafic est normal sur l'ensemble des lignes de RER
Il faut que je laisse passer combien de trains avant de pouvoir rentrer  Joinville le Pont ? @RERA_RATP
Il se faufile partout et vous emmnera l o aucun autre bus nest jamais all! Cest le petit train
Il suffit d'une petite pluie ainsi pour que ENEO fasse sa mre & coupe le courant & qu'OrangeCameroun fasse sa pute et que le rseau derange
Il y'a plus train a argenteuil NSM LA LIGNE J 50min de trajet de plus en bus pour aller a pontoise j'aurai du prendre la ligne H OU LE RER C
Incident technique, malaise voyageur et un train bond : la journe commence bien avec le @RERA_RATP !
Incident termin. Retour  un trafic rgulier sur l'ensemble de la ligne #RERA #RATP.
Infotrafic #RERC : [MAJ] Reprise trafic entre Choisy et Massy mais +15/20mn jusqu' 15h30,Dtails >
J marche le bus  fait un accident j voulais pas attendre
J'accumule les dlies, j'accumule les soucies, le courant ne passe plus avec ma femme de quoi pter un fusible.
J'ai appel mes grands-parents vers 11h, quand j'l'ai su. Je prsume que toute la Serbie est dj au courant !
J'ai deux trains supprimer ... le RER D a trop prit la confiance
J'ai dit a ma mere qu'elle etait pas au courant pour le bac blanc parce que c'etait une surprise mais j'vais avoir 5
J'ai dit que j'arrivais dans dix minutes, c'tait sans compter sur le RER B qui roule au ralenti !
J'ai du courir comme une grosse vache pour rcuprer mon charpe dans tout le lyce avec les escaliers et tout putain et aprs aprs mon bus
J'ai encore loup le rer. Ma tutrice va encore gueuler putain!
J'ai essay de lui chapper en courant, il m'a attrap, je me suis dbattu et suis partit. Il a failli frapper ma mre quand elle m'a #3
J'ai failli loup le bus a cause de mon pere qui se leve a 7:30 alors qu'on doit partir a 7:40
J'ai le train de vie du RER D en soi...
J'ai loup le rer j'en ai marre
J'ai loup mon RER a commence bien la journe
J'ai rat mon dernier bus donc pas cours today ... Ptn je suis dgote j'aime trop le jeudi de 13  14 et en plus c'est le repas de Nol
J'ai repris le tram dans l'autre sens du coup a pue alcool et ya la musique  fond normal #lt
J'aime pter un cble  la prof pour pas que je louper mon bus et enfate il arrive 5min en retard XD
J'arrive  Melun je cours aprs je marche je vers dans le tunel je sors le bus l il commence  partir je cours ouf je les ue
J'coute "here comes the hotstepper", je suis  a de lancer un flashmob dans le tram
J'coute ABBA dans le rer, je peux bouger que mon pied hannnn j'ai envie de me lever et de danser
J'dois faire signer mon examen de math, mon pre vient de rentrer et il est pas encore au courant que je l'ai rater
J'espre qu'il n'y aura pas les contrleurs ajd, bc le bus ne passait plus les cartes, sauf que mtn si du coup j'ai pas pass ma carte ^^
J'fini a midi demain mais ya une coupure de courant jusqu'a 16H demain chez mon pere -' @Daqzouu
J'habite dans un immeubl ou Quand on coupe le courant on entend tout meme une fourmi qui monte l'escalier du rez d chausse
J'sais pas ce que je fais demain aprs-midi du coup. Soit je vais en ville toute seule ou avec Estelle et j'prends le bus soit mon pre -
J'sors de cours j'suis dans le rere
J'suis dans l'tram pour normalement aller en cours, mais enfaite j'vais chez mon pre me reposer
J'tais grave a la bourre mais je prfre louper mon bus que de ne pas avoir mes couteurs
J'tais pas au courant mais je vais dans ma maison de vacances le weekend prochaine et j'y retourne juste aprs l'anniversaire de mon pre
J'vais m'endormir dans le bus  coup sr ! Et quand j'me rveillerai je serai squestr dans une cave en Pensylvanie
Jdis a ma mre demain jvais pas en cours y'a la grve des bus elle mdi tu rigole jtravail pas demain je t'emmne! j'ai pleurer
Je comprend pas Pk les gens dans le train se mette  contre sens du train et en plus en face de toi! a m'nerve!! #rerd
Je cours dj pas aprs le bus c'est pas pour courir derrire quelqu'un
Je crois qu'on a plus de chance de gagner au loto que d'avoir une conversation tlphonique dans le RER A sans tre coup. #ratp
Je croise mon pre, il me dit que se soir il va voir @kevadamsss mais je n'ai pas t tenu au courant. #vdm #seum
Je le suis rveiller grave en retard du coup je dois prendre le rer etbje loupe 1h de cours
Je pars le matin, train supprim. Je rentre du taff le soir, train retard. Ca se passe comment @RERD_SNCF ?
Je passe ma vie  courir derrire les bus
Je passe plus de temps a dmler mes couteurs limite qu'a couter de la musique dans le bus
Je prfre biter la tenue pro que boutonner ma chemise pendant 5 minutes + la mettre bien pour pas la froisser que de louper mon bus mdr
Je reois de plus en plus de demande concernant Eldersquid. Je vous tiendrais au courant !
Je sens que jeudi, c'est sans doute wiki, mais que pas grand monde sera au courant.
Je suis quasi certaine que ma mre est au courant
Je vais entirement graffer un mur de ma maison, ma mre n'est pas au courant et elle le sera quand j'aurai terminer
Je vais finir par courir derrire le bus un jour
Je vais louper mon bus bc ma mere me fait la discu avant que je parte
Je vois pas l'intrt que le bus a  arriver a la gare routire  16h05 et d'attentre 16h20 pour partir. Du coup on attend, comme des cons.
Je vous ferais un commentaire en direct du match #BESTOT et je vous tiendrais au courant de tout les matchs de 19h !
Je vous laisse imaginer la scne moi courant derrire mon bus mes sacs a la main avec un pantalon trop large
Je vous met la vido vers 19h30 les potes, ah et je devrais avoir fini un nouveau tutoriel avant les ftes, je vous tiendrai au courant!
Jsuis trop une Ksos j'ai dit  ma mre de me rcuprer  un arrt de tram prcis mais comme une bouffonne Jsuis descendu  l'arrt d'avant
Juste pour aller chercher  boire pour ce soir, j'ai fais faire du sport  La  sauter des barrires et courir aprs le bus
Kany c'est une commre, je suis pas la mais elle m'envoie des msg pour me tenir au courant des nouvelles
L'autre fois j'ai couru psq y'avai mon bus et j'ai travers en courant mon tel il c tayer jlai repris mais il a rien du tt il et tomb fort
LES MECS SUR FIFA QUI REGARDENT TOUS LEURS RALENTIS VOUS TES AU COURANT QUE C COMME SI VOUS VOUS AUTO SUCIEZ BANDE DE SALES MERDES
LT : "la collection "rcit d'objets" sera complt de 4 nouveaux titres courant 2015" d'aprs C.Lesec @decitre #museedesconfluences
La dernire fois j'ai loup mon bus, ils en ont parl encore 2 semaines plus tard ...,L j'ai sch une journe entire de cours ...
La fille qui m'a vu galrer de loin et qui a mis mille ans  monter dans le bus pour qu'il m'attende et que je le loupe pas : MERCI.
La premire fois que je cour pour un bus il s'arrte pas!!
La rame repart de Vincennes en direction de Chessy mais le trafic est toujours ralenti sur l'ensemble de la ligne #RERA #BOF
Langlo-franais de petite vnerie est un chien courant de taille moyenne, quilibr et solidement construit,...
Le #RERA mal rveill ce matin, ralentissements sur la ligne... Et c'est pas mieux sur l' #A4 ! Courage tweetos du 77 ! #Chessy #Collegien
Le Rer E c'est vraiment une galre tout ses trains sont en retard
Le bus et toute la circulation aujourd'hui on a faillis avoir 3 accidents
Le conducteur du bus il a mit un coup de frein balai faire salto avant arrire 360
Le frre est au courant, maintenant sa va envoyer du pat wewewe
Le gars derrire moi dans le bus croit qu'il coute sa musique avec ses couteurs mais ils sont pas branchs
Le jour o tu seras fire de moi, tiens moi au courant !
Le moment de la journe que je prfre  chaque fois c'est quand je prends mon bus et que j'coute ma musique poser c'est tellement kiffant
Le nom des nouveaux cardinaux sera sans doute connu courant janvier. Mais quand exactement? Le Vatican n'annonce jamais la date  l'avance
Le pire dans tout a, c'est que ma mre tait au courant depuis longtemps mdrr. Genre j'ai rien vu venir du tout.
Le trafic est ralenti de Cergy/ Poissy vers Marne-la-Vallee Chessy #RERA #BOF
Le trafic est ralenti sur toutes la ligne du #rerA en raison de divers incident technique.....ils se foutent de nous quoi
Les couples qui s'embrassent bien le matin dans le tram la vous degoutez niquez vos meres
Les horaires de bus devraient tre plus en accord avec les horaires de train. #transilien #Cesson #RERD #snart #snartbus
Les meufs qui se prennent en photo a poil, votre pre il est au courant ?
Les parents qui amnent leur enfant  l'cole gare vous correctement vous ralentissez mon bus qui est dj assez lent et en retard !!!!
Ma mere elle est encore  son travail et comme elle a la flemme de prendre train metro ect sa patrone mui paye le taxi
Ma mere elle me dit si demain a ton arret y a pas le bus tu vas pas en cour tu rentre a la maison"
Ma mere jlappel elle rep pas et elle m'envoie un msg elle mdit jsuis au cinma euh mais sinon t'es au courant que t'as des enfants ou
Ma mere vient de dire a mon pere que "je sais bien travailler" MDDDDRRRRRR ELLE EST AU COURANT QUE JE FOUS STRICTEMENT RIEN MDDDDRRRRRR
Ma mre a sortie la boite de chocolats, donnez moi la force de partir en courant
Ma mre est au courant c'est fini pour moi..
Ma mre est au courant du coup de ce qu'il s'est passe et m'a sortie " ta bien raison de pas te laisser faire " thank's mum
Ma mre qui me sors ; bah oui si Kelly est pas au courant cest une connerie ! Elle a tout compris ! Kelly ; La seul qui sais tout .. MonBebe
Ma mre qui vient me voir en courant et limite en pleurant pour me dire que mon frre commence  avoir du duvet mddddr oui maman, il grandit
Ma mre se fait livrer les dvd  la mairie. Rien de plus normal.,Tout a pour qu'Hitler ne soit pas au courant.
Ma prof de math elle croit jsuis forte genre j'ai presque 17 de moyenne elle est pas encore au courant que l'anne dernire j'avais 6
Mais ma grande t'es au courant que je reois une notification  chaque fois que tu fais a ?
Mes amis se racontent tout plein de trucs, ils se disent leurs secrets. Mais moi, moi je suis toujours la dernire au courant.
Mes exs reviennent en courant manient ma queue comme 1 relai
Meteo du #RER (#ratp) : OK () 11/12/2014 a 05:17 Trafic normal sur l'ensemble ...
Meteo du #RER (#ratp) : OK () 11/12/2014 a 12:17 Trafic normal sur l'ensemble ...
Meteo du #RER (#ratp) : OK () 11/12/2014 a 17:09 Trafic normal sur l'ensemble ...
Mila Nikita de Lear followed,araiku. Merci colonne activit je suis toujours au courant des dernires news grce  toi
Mme au travail de ma mere ils sont au courant
Moi ma mre est mme pas au courant de ces runions
Moi si j'avais su y a presque un an j'en serai pas l ojrd avec eux .. J'aurais voulu savoir , tre mise au courant ..
Mon bus a eu du retard because accident <<<
Mon frre qui me propose d'acheter une voiture qu'il vend . T'es au courant que j'tudie et que je n'ai pas de job -'.
Mon frre qui vient de louper le bus il fallait s'y attendre
Mon frre vient de me souhait bonne fte mme moi j'tais pas au courant
Mon grand pre est au courant de ma vie par l'intermdiaire de Tho et sa maman aha
Mon petit frre tait dans sa douche et d'un coup il y a eu un coupure de courant,trop drle
Mon pre et ma gm sont au courant, tieeeeent bien fait
Mon pre qui coupe le courant, qui le remet, puis le recoupe ! Putain maintenant la wifi elle bug
Ms pk mettre un train ultra court  8h ? Impossible de monter, oblige d attendre le suivant #rerc #qml #sncf
Mtro Ligne 3 En raison d'un accident grave de voyageur  Bourse, le trafic est interrompu entre Rpublique et Opra. Trafic [1/2]
Mtro Ligne 3 En raison d'un accident grave de voyageur  Bourse, le trafic est interrompu entre Rpublique et Opra.Reprise [1/2]
Mtro Ligne 3 En rpercussion d'un accident grave de voyageur, les trains passent sans marquer l'arrt  la station Bourse. T [1/2]
Mtro Ligne 4 En rpercussion d'un dgagement de fume, le trafic est ralenti sur l'ensemble de la ligne. Trafic normal sur l [1/2]
Mtro Ligne 7 En raison d'une panne de matriel, le trafic est ralenti sur l'ensemble de la ligne. Trafic normal sur les autres [1/2]
Mtro Ligne 7 En rpercussion d'une panne de matriel, le trafic est ralenti sur l'ensemble de la ligne. Trafic normal sur les [1/2]
Mtro Ligne 9 En raison d'une panne de matriel, le trafic est ralenti sur la ligne Trafic normal sur les autres lignes de Mtro.
Mtro Ligne 9 En raison d'une panne de signalisation, le trafic est ralenti sur la ligne. Trafic normal sur les autres lignes de Mtro.
Mtro Ligne 9 En rpercussion d'une panne de signalisation, le trafic est ralenti sur l'ensemble de la ligne. Trafic normal sur [1/2]
Nexus 9 : La version 4G disponbile courant 2015: La nouvelle est tombe, ce ne sera pas en 2014 que la version...
Nique sa mre j'ai louper le bus jsuis rentrer
Nn jrigol jvai vite me prparer et chercher Mn sac de cours pcq je l'est perdu et je vais pas rater Mn bus pcq ma mre va me faire mal
Normalement je devait prendre un bus a 9h mais le pre de ma pote il peut m'emmener du coup bah je retourne me couche hein
Notre commission scolaire attends srm qu'un bus pogne un esti d'accident pour allumer que la temprature est pas trop belle !!!
Nsn j'aurai pas mon train  cause de mon rer arrt
Oh pire je loupe le bus, pcq ma mre elle est  la maison elle pourrai me ramener
Oh premire fois, que j'attrape le bus sans courir sans marcher vite. Hihihih
Ohlala la copine de samir nasri une bombe. J'espre qu'il est au courant que sans son argent c'est simple il aurait jamais eu cette fille
On a achet le cadeau de Nol de ma mre mais elle est au courant, c'est nul..
On a pas arrter d'appeler colin en inconnu dans le bus mdrr on lui coupait sa musique  chaque fois mdrr
On rsume la matine sur @RERA_RATP : St Germain-La Dfense : 2 trains en 25mn puis aucun train vers Cergy pendant 25mn ! #qml #RerA
On va encore dire que je me plains mais je pars bcp plus tt exprs et mon train est supprim. Tout les jours c'est usant. #RERA #SNCF
Ou je devrais plutt dire que le bus ma loup cette encul, je lui faisais confiance, tu te fera toujours trahir dans cette vie
Oups ! Des retards de 10  15 minutes sont  prvoir dans les deux sens sur les axes Paris/Cergy le Haut et Paris/Poissy #RERA #BOF
Oups, le trafic est ralenti de Cergy/ Poissy vers Marne-la-Vallee Chessy #RERA #BOF
Oups, le trafic est ralenti de Cergy/ Poissy vers Marne-la-Vallee Chessy#RERA #BOF
PTDRR les surveillants ils ont appeler  la maison pour me dire que demain je termine a midi pour que je sois la premire au courant
PTDRRR mon pre il a dragu la meuf du guichet  la gare du coup on a pour 22  5 personnes et tram gratuit :')
Pannes de courant, routes barres aux lourds, accidents... Charlevoix y gote,  cette premire tempte. Voyez...
Parat que @LeMarquis1er n'est pas au courant de sa propre vie. Je ne sais pas si a veut dire qu'il oubli de vivre sa vie ou... Js8 perdu
Pas besoin d'en parler  ma mre elle est dj au courant mdrr
Pasteur Dr : accident at Pasteur Dr -
Patience! Le trafic est toujours ralenti de Cergy/ Poissy vers Marne-la-Vallee Chessy#RERA #BOF
Pendant 30 minutes, on a jou avec le toutou qui chante et fait de la lumire de bb parce qu'on avait pas de courant. Ni internet. D'OH.
Pis quand ton neveu te voit au loin et crie tata en courant vers toi pour le clin
Point du matin! Voil on pense qu'il rentre enfin dans le courant... Maintenant il faut super bien grer le cap...
Profitez d'un trafic fluide sur la ligne #RERB #OK
Ptddr demain c'reunion parents profs ma mre et pas courant et Mn frre non plus !
Putain on a frl l'accident de bus j'me suis dfonc la main
Quand je lis RER je pense pas au train mais au Reticulum Endoplasmique Rugueux. C'est donc a ma vie. #PACES
Quand je serai majeure je me ferai un piercing au tton mais personne ne sera au courant
Quand le #mtro de Montral trace ses usagers pour leur suggrer des achats cibls
Quand on arrtera de ce faire voler , faudra me tenir au courant parce que la c'est grandiose !  Que a m'nerve #DniproASSE
Que se passa-t-il en cas de panne de courant dans une chaudire au bois? Ce jour-l, en ouvrant la porte du...
Que se passa-t-il en cas de pannes de courant dans une chaudire au bois?...
RER A : Trafic ralenti : prvoir +10/15min sur Cergy Poissy Nanterre incident affectant la voie  Achres Ville. #qml #rera
RER A En raison d'un incident technique  Achres Ville, le trafic est ralenti en direction de Torcy / Boissy St-Lger. Trafic [1/2]
RER A En raison d'un incident technique, le trafic est ralenti sur la ligne
RER A En raison d'un incident technique, le trafic est ralenti sur la ligne.
RER A En rpercussion de divers incidents, le trafic est ralenti sur l'ensemble de la ligne. Trafic normal sur les autres lignes de RER.
RER C En rpercussion d'une panne de signalisation, le trafic est ralenti sur l'ensemble de la ligne. Choisy/Massy via Pt Rungi [1/2]
RER C Trafic interrompu entre Choisy-le-Roi et Massy - Palaiseau, dans les deux sens. Reprise des circulations estime  14h30. [1/3]
RT @1219Lea: fais qqch de bien, a passera inaperu. mais fais qqch de mal, tqt pas tout le monde sera au courant.
RT @244BK: Dans le rer D tu peut voir de tous. La vie sa m'tonnerait mm pas de voir un gars ouvrir un barberShop dans le train
RT @77_fm: Le #RERA mal rveill ce matin, ralentissements sur la ligne... Et c'est pas mieux sur l' #A4 ! Courage tweetos du 77 ! #Chessy #Collegien
RT @AfriKFC: "@RERA_RATP: 05:37, le trafic est ralenti sur la ligne (divers incidents) #RATP #RERA" 5h37 vous ne rvez pas...
RT @AliceRouit: @draaadraa tu seras au courant tqt pas
RT @AlienMeerkatsFr: @HWEinPARIS on pleur et la il est revenu vers nous en courant OMG :'(:'(<3
RT @Asso_SaDur: Encore un festival de trains supprims ce matin sans info de la part de @RERD_SNCF. Aucune considration pour ses clients.
RT @Beatoricheeee: Un jour je vais arrter de choper des trucs cens tre pas courant. Genre la toxoplasmose qui normalement provoque pas de symptomes :'D
RT @Biotifoule: Voil ma mre est au courant de mes petits problmes (mycoses vaginales). Elle m'a pris des rendez vous
RT @BlackNiggaNSM: Nique sa mre j'ai louper le bus jsuis rentrer
RT @Black_Paanther: @Sahiid_Toure J'espre que tes parents sont au courant que tu es dscolaris. C'est la moindre des choses.
RT @BlondiauLou: J'ai repris le tram dans l'autre sens du coup a pue alcool et ya la musique  fond normal #lt
RT @CFouillere: Chiffres bidons et mensonges sur l'immigration : l'UMP perd  nouveau toute crdibilit en courant derrire le FN...
RT @CIaudeFrancois: RE JE SUIS LA, DSOL DU RETARD J'AVAIS UNE PETITE COUPURE DE COURANT
RT @C_Lyynn: Ma mre se fait livrer les dvd  la mairie. Rien de plus normal.,Tout a pour qu'Hitler ne soit pas au courant.
RT @ChlooeHoste: @TiFloLesAnges7 @malagueno78 @Lpdla2Sarah Perso je te voit je part en courant j'ai peur de l'abmer les yeux
RT @Cindy_Cinnamon: #GoodMorning Twitter  *** salut cindy circulation automobile fluides  Montral juste ralentissent service autobus
RT @ClemGwen: Gros ralentissement d'ICAR55 avant Laplace et arrt en pleine voie juste aprs... #RERB #TraficNormal
RT @Conducteur_RER: Bien amoche la Z2... (Photo de l'accident ter-camion, hier vers Montauban)
RT @Curalin: @RERA_RATP Le trafic est aussi au ralenti ce soir, comme ce matin. Comme hier soir et hier matin... #zeroqualitedeservice
RT @DelanoBaker: J'ai le train de vie du RER D en soi...
RT @Denis91230: Et comme tous les matins c'est des ralentissements et des suppresions chez @RERD_SNCF pffff vous tes mediocrissimes #rerd #qml
RT @DotiHope: On va encore dire que je me plains mais je pars bcp plus tt exprs et mon train est supprim. Tout les jours c'est usant. #RERA #SNCF
RT @Emma_Bernardii: @AnneL_Hry @urbangangs Anne-lyse, tu serais au courant sinon idiote
RT @Estelle_Ink: Ma prof de math elle croit jsuis forte genre j'ai presque 17 de moyenne elle est pas encore au courant que l'anne dernire j'avais 6
RT @FlicFloch: @RERA_RATP c'est a ce que vous appelez un trafic rgulier ?! Tiens mon rer est dans 4 minutes depuis 10 minutes.
RT @Floriane_Gtd: Mon grand pre est au courant de ma vie par l'intermdiaire de Tho et sa maman aha
RT @GETondeuse: Gros pais d'Hydro-Qubec qui n'a pas ralentit et asperg tout le monde qui attendait l'autobus de vieille slush brune.
RT @GaultierBes: Bravo au courant de l'@ecohum pour ces premires assises  #Montreuil :La prise de conscience cologique est une urgence vitale !,#Ecologie
RT @Gutsoverfeaar: Je vais finir par courir derrire le bus un jour
RT @HafsaRocma: Et mon frre il est archi duper il tait mme pas au courant et le seul truc qu'il a trouver a me dire c'est ' bah flicitations' bruuuh
RT @HypnoticMarc: @SintaoGaming @kakawet93200 ahah x) Je manque rarement de courant, la dernire fois c'tait presque le Qubec en entier qui en avais pas !
RT @JErichot972: Trafic retenu suite heurt objet sur les voies zone Sartrouville ! #RERA #LigneJ . @Selig_tdm qu'est ce que tu as fait ? ^^
RT @JohanXXY: Jcours dj pas derrire mon bus alors si tu crois que jvais te courir aprs
RT @JohannaBrc: Ma mre est au courant de toutes mes notes, donc au moins j'me fais pas engueule le jour de la runion parents-profs
RT @Jumo_Ron: J'ai comme une grosse envie de faire le concours de Guizmo. La dernire fois il en a fait un j'tais pas au courant mais la Huumm
RT @Kivala66: Une fois de + "@RERA_RATP: 08:27, le trafic est ralenti sur la ligne (divers incidents) #RATP #RERA"
RT @LB2S: Le nom des nouveaux cardinaux sera sans doute connu courant janvier. Mais quand exactement? Le Vatican n'annonce jamais la date  l'avance
RT @LIGNEL_sncf: #LigneL / #LigneJ objet retir des voies  #Sartrouville reprise trafic #RERA #Poissy et #Cergy et #Mantes via #Poissy
RT @LIGNEL_sncf: Trafic #LIGNEL 1/2 incident affectant la voie  #Achres trafic trs perturb sur axes #Cergy #NanterreU et #RERA branches #Poissy et #Cergy
RT @LaaurieBia: @JulieDupire1 pas encore reu, je te tiens au courant
RT @LeMarquis1er: Parait que j'ai tromp ma Go! ,Maaassah, moi mm jsuis plus au courant de ma life hein...
RT @LeVraiHoroscope: Dans un film d'horreur, le #Scorpion serait celui qui sortirait en courant par la porte d'entre plutt que de monter les escaliers.
RT @LionelAncelet: #rerA : 2 trains de suite supprims au dpart de SGL... #btaillre #ratp #qml
RT @LionelAncelet: #rerA : un train qui circule avec une porte bloque, c'est normal ? #securit #ratp #qml
RT @LouiseMvr: a existe vraiment les jours sans problme de trafic de RER ou ce n'est qu'un mythe ?
RT @Lulisoap: Train SLOM arrte juste avant BFM : quai embouteill !!!! #RERC
RT @Ma_LigneA: Suite  un incident technique (lequel ?), le trafic est ralenti.. Dgradation #RATP Retards, Salet et Inscurit, Rejoignez-nous.
RT @MaelysseDufour: Demain j'ai dis a mon pre pour la grve des bus donc que j'allais pas en cour il ma dit "tu te fou de moi? Je vais t'y enmener au lyce"..:
RT @Manon_Maariee: Je voulais pas aller en cour avec la grve des bus et mon pre me dit "tqt pas je t'emmne moi"
RT @MappyCity: Oups ! Des retards de 10  15 minutes sont  prvoir dans les deux sens sur les axes Paris/Cergy le Haut et Paris/Poissy #RERA #BOF
RT @MappyCity: Oups, le trafic est ralenti de Cergy/ Poissy vers Marne-la-Vallee Chessy #RERA #BOF
RT @MappyCity: Oups, le trafic est ralenti de Cergy/ Poissy vers Marne-la-Vallee Chessy#RERA #BOF
RT @MappyCity: Patience! Le trafic est toujours ralenti de Cergy/ Poissy vers Marne-la-Vallee Chessy#RERA #BOF
RT @MappyCity: Retour  un trafic rgulier sur l'ensemble de la ligne #RERC #OK
RT @MarieAdeM: Incident technique, malaise voyageur et un train bond : la journe commence bien avec le @RERA_RATP !
RT @Mimi_alc: a sert a quoi que j'aille en cour demain ? Je commence  9h, alors le temps que j'ai un bus avec la grve il sera 12h et j'aurais fini
RT @Mlle_krsn: Avec Sarah on a louper notre bus ce matin ,on a du march sa mre
RT @NanaHfd: Tout  l'heure dans le rer A une meuf a Vincennes pleurait tt les larmes de son corps son gars l'avait quitt  elle le suivait ptdrrr
RT @NasseraTaziya: Le trafic est ralenti sur toutes la ligne du #rerA en raison de divers incident technique.....ils se foutent de nous quoi
RT @NatixisAM: Natixis Asset Management ouvre son compte Twitter. Suivez-nous pour tre au courant des dernires actualits #finance et #marchs !
RT @Neessie_: Tout a l'heure j'tais poser sur mon lit au calme tranquil et tout , je vois Angela elle vien en courant vers moi .
RT @NousLesFiIIes: ya un mec il courait aprs le bus, le bus ses arrter, l'mec il a vus y'avais des contrleurs il a fait genre il faisait un footing mdrrrr
RT @NynyStylL: J'ai deux trains supprimer ... le RER D a trop prit la confiance
RT @ODuboscq: @_Pow__ @MaariiinaL @Toby_Cx Nan mais la dernire fois il  louper son tram et il est venu 1h aprs plutt que d'avoir 5-10min de retard..
RT @PIVAB: Aiguillage phnomne magique capable de faire passer votre train du statut  l'heure  en retard en quelques minutes. @RERC_SNCF @RERD_SNCF
RT @PerrineGaye: Je passe plus de temps a dmler mes couteurs limite qu'a couter de la musique dans le bus
RT @PierreChrist_: L'agence de la promotion de l'investissement invite des investisseurs trangers  un dner et Eneo a coup le courant. #Journal #Crtv
RT @Plaisir_intense: ma mre elle est mm pas au courant que ya la runion parent prof
RT @Qc511_Mtl: Accident Brossard: #A10 OUEST pass #A30 voie de gauche ferme pour remorquage d'autobus dure 2 heures
RT @RERA_RATP: 05:37, le trafic est ralenti sur la ligne (divers incidents) #RATP #RERA
RT @RERA_RATP: 07:02, le trafic est ralenti de Cergy/ Poissy vers Marne-la-Vallee Chessy (divers incidents) #RATP #RERA
RT @RERA_RATP: 08:22, le trafic est ralenti sur la ligne (divers incidents) #RATP #RERA
RT @RERA_RATP: 08:27, le trafic est ralenti sur la ligne (divers incidents) #RATP #RERA
RT @RERA_RATP: 14:03, le trafic est ralenti sur la ligne (incident technique) #RATP #RERA
RT @RERA_RATP: 9:19, la rame repart de Vincennes en dir de Chessy (malaise voyageur),Le trafic est ralenti sur l'ensemble de la ligne #RERA
RT @RERA_RATP: Incident termin. Retour  un trafic rgulier sur l'ensemble de la ligne #RERA #RATP.
RT @RERA_RATP: Retour  un trafic rgulier sur l'ensemble de la ligne #RERA #RATP. Incident termin.
RT @RegisBourges: @VO65_DONGFENG @DongfengRacing #VOR allez les gars, on rcupre la deuxime place et on ne lche rien jusqu' la ligne d'arrive :-)
RT @Rem_JmL: En vrai dans la classe, il peut y avoir des trucs de ouf je serais le seul mec pas au courant
RT @SNESFSU: .@frobine  #confeval : "Le jury fera des propositions  la ministre dbut janvier. Dcision courant 2015."
RT @SWNDNMX: @MathieuObringer elle gre smoke trick  je l'coute oklm dans le bus
RT @Salim_Yatchi: J'accumule les dlies, j'accumule les soucies, le courant ne passe plus avec ma femme de quoi pter un fusible.
RT @SegpaTweet: RT Si vers minuit tu pissais contre un mur ds lnoir total.. un renoi a cri"-Eh c qui le fdp qui mjette de l'eau la?!",Tes parti en courant
RT @SwanneeBe: Quand je lis RER je pense pas au train mais au Reticulum Endoplasmique Rugueux. C'est donc a ma vie. #PACES
RT @ThomasVequaud: #RERA #Cergy Le Haut le train de 9h07 toujours pas  quai... Celui de 9h12 non plus d'ailleurs. Merci la #SNCF #normal #routine
RT @Tinou_B: @Etie5nne @ActuFoot_ @Misterclutch02 Panne de courant, les supporters ont allums  leur manire. ^^
RT @TomekTR: "@Lunon92:  Sartrouville suite heurt par un train d'un escabeau sur les voies. Circulations retenues dans le secteur. #RERA #LigneJ" #qml
RT @TomekTR: #qml #LigneL / #LigneJ objet retir des voies  #Sartrouville reprise trafic #RERA #Poissy et #Cergy et #Mantes via #Poissy"
RT @TomekTR: Bonjour a tous, ALERTE RER A ce matin, le trafic sera perturb au moins jusqu'a 9h, planifiez vos dplacement autant que possible #qml
RT @TomekTR: RER A : Trafic ralenti : prvoir +10/15min sur Cergy Poissy Nanterre incident affectant la voie  Achres Ville. #qml #rera
RT @Tovaritch_Piotr: Comme hier soir quoi... RT @RERA_RATP: 05:37, le trafic est ralenti sur la ligne (divers incidents) #RATP #RERA
RT @Travauxreussis: Coulisse #RERC : la buse du train laveur projette de l eau haute pression et air vitant tout risque lectrique
RT @UmitPehlivan: Coupure de courant pendant #Beikta Tottenham... Le public donne la lumire !!! @cArsi_1982: Biz Aydnlatrz...
RT @WMyWay_Mobile: Mtro Ligne 4 En rpercussion d'un dgagement de fume, le trafic est ralenti sur l'ensemble de la ligne. Trafic normal sur l [1/2]
RT @YWornOut: @Valentin_DAR Pas de souci de toute manire j'ai like votre page donc je serais au courant des news ;)
RT @YabasJordan: Mes exs reviennent en courant manient ma queue comme 1 relai
RT @Yo_Steeven: Un Segpa dans le RER drague une fille- T'vas ou?-  la dfense et toi?,-  l'attaque mddr "Mme Le train t Mort De Rire"
RT @_Guigui_E: J'ai rat mon dernier bus donc pas cours today ... Ptn je suis dgote j'aime trop le jeudi de 13  14 et en plus c'est le repas de Nol
RT @_Melodiiie: Tqt pas Yas! De toute faon si je sais un truc, tu seras la PREMIRE au courant.
RT @_australiam: @AlixFantino 1549-1560. Courant potique form par un groupe de 7 pers. Nom:Pliade; ref au constellation et la mythologie. dont Du bellay
RT @andrcott: Elise elle est arrive morte de rire en courant pour nous dire un scoop comme quoi il avait qu'une couille ptdrrrr mais jpp de cette fille
RT @anouarimovic: Waaaah la dernire fois j'tais cuit  la gare de tremblay j'vois c'est un mec il cours pour avoir son bus il tombe jt cuit
RT @bryandu77500: @SacroRdsk Ouais tqt frre on se tient au courant <3
RT @chauvelot: Quand le mtro de Montral trace ses usagers pour leur suggrer des achats cibls  @mariefaber37 @fourniev @shlote
RT @christy_chou: @Leila___SS8 @zazarodri tient nous au courant lorsqu'elle sera arriv
RT @cirejean1966: @ADMD87 @SanA_antoine si j'ai un accident de moto demain je veux tre le seul  dcider, et ma famille est au courant, dbranchez moi, merci
RT @cmmlgr: Et mon @gagastique qui a un accident avec le bus ! Ahah on est vraiment maudit des fois ...
RT @dtvr12: Ms pk mettre un train ultra court  8h ? Impossible de monter, oblige d attendre le suivant #rerc #qml #sncf
RT @dtvr12: Ms pk mettre un train ultra court  8h ? Impossible de monter, oblige d attendre le suivant #rerc #qml #sncf pic.twitter...
RT @durovray: @RERD_SNCF journe ordinaire avec 1 train sur 2 supprim faute de matriel. D'o l'urgence des 4 rames du nord ...
RT @emy_rene: @EmmanuelAudreyG. Y avait plus de connexion comme le courant tait parti.. Ok bae j'arrive
RT @florepetton: @julie_lair Oui je vais faire a. Mais si le bus ou le taxi se viande ? #Parano #Neige #Accident #Gloups
RT @fpairault: #RERA comme tous les jours ou presque la ligne A du RER subit d'importants retards Aucune info sur l'appli ni dans le train @RERA_RATP #WTF
RT @gaellestn: @HellBiird j'ai rien fais mon pre veut pas me laisser y aller parceque d'aprs lui je peux le tuer dans un accident de bus
RT @iamRichRolls: <<99,9% de femmes prfre les mecs qui enchaine plutt que ceux qui sont en chien !>> On est tous au courant Merci!!
RT @ichigochwou: j'aimerais bien de la neige la dernire semaine de cours, comme a pas de bus donc pas de cours donc vacaaaaaaances
RT @jl_bllm: Bsr @RERC_SNCF l'"offre de transport" annonce pour le 1/2/15 sera-t-elle mieux? (Encore un train suppr sur axe Ptoise/Mtgny... #qml)
RT @jmarois: @cbrygier je serai au courant si a m'arrive de tomber sur une telle horreur. Merci ;)
RT @juliettermd: Le jour o tu seras fire de moi, tiens moi au courant !
RT @kjddjkdk: @MehdyArfa9 j'ai eu mon pre au tel et devine quoi : "t'es au courant pour mehdy ?" J'en ai marre de toi ahah
RT @laurentgallois: Bonjour, chiffres direction sur la propret des trains au 3me trimestre 2014 RER A et B. Satisfaction voy de 90% ~,Un commentaire ?
RT @manureze: Je crois qu'on a plus de chance de gagner au loto que d'avoir une conversation tlphonique dans le RER A sans tre coup. #ratp
RT @mdc_confluences: LT : "la collection "rcit d'objets" sera complt de 4 nouveaux titres courant 2015" d'aprs C.Lesec @decitre #museedesconfluences
RT @mrstomlinson_ls: Mardi j'ai loup mon bus, ma voisine la emmener ; ce matin j'ai loup mon bus,c'est ma mre qui ma emmener... #MTVStars One Direction
RT @nuno_tabone: Est ce que tout le monde est au courant qu'il y a plusieurs prises possibles sur #dubsmash ? T'es dcal frre, tu tombes la phrase d'aprs
RT @oilvier: On rsume la matine sur @RERA_RATP : St Germain-La Dfense : 2 trains en 25mn puis aucun train vers Cergy pendant 25mn ! #qml #RerA
RT @uux_j: @Sandra_Brlmt @MarionGenty @Oceane_Savignac moi je suis l que la premire semaine donc j'espre qu'on se verra on se tient au courant!
RT @wshobrien: Ma mere jlappel elle rep pas et elle m'envoie un msg elle mdit jsuis au cinma euh mais sinon t'es au courant que t'as des enfants ou
RT @xEmma_Otz: @LKambulu @BeniieLakinoise tu te trompe pas mddr, mais tqt tu seras au courant au bon moments
RT @yannsyz: Train en Bretagne, LNOBPL les lus de @UDB_BZH de la Rgion prennet position pour boucler le RER Breton :
RT @zz_tls: la ptn d'sa mere j'coute triumph j'ai envie de sauter c'est le feu dans ma tte mais j'suis dans le tram
RTsi Un Segpa dans le RER drague une fille- T'vas ou?-  la dfense et toi?,-  l'attaque Mme le train  rigoler
Rentrer chez soit voir ses amis parler avec sa mre, ne pas tre au courant ,Voil ma dfinition de l'Amiti
Retour  un trafic rgulier sur l'ensemble de la ligne #RERA #RATP. Incident termin.
Retour  un trafic rgulier sur l'ensemble de la ligne #RERC #OK
Rien ne sert de se dpcher pour avoir son train... Ca se saurait si le rer arrivait  l'heure ;-)
Ripper Street a repris depuis 3 semaines et je n'tais pas au courant ? Quelle fan pourrie je fais.
Route 117: #Accident impliquant un #autobus #scolaire #Abitibi #FaitsDivers
Route 117: Accident impliquant un autobus scolaire
Rsum de la premire mi-temps, la plus grosse occasion c'est la coupure de courant :(
Sa mere demain de 9a 11 h coupure de courant + eau jvais me tailler tt sa merrr
Samedi j'vais pas en cours genre j'vais faire deux heures de bus pour une heure d'histoire h mais niquez vos mres
Sauf qu'en faite Bill n'tait pas au courant que Tom allait se marier. Rsultat, Bill a fini en larme dans les bras de sont frre.
Si Kosior est encore pas l demain, je commence  9h30 a serait trop coooool mais bon vu qu'on est au courant de rien ds c'te bahut
Si a m'arrive , vous serez les dernires au courant je pense
Si je loupe le bus c'st la mort pcq a me fera 3 retards, aucun sign. 1 absence pas faite dps 1 semaine. J'devais aller au cpe mardi ://
Spectaculaire accident entre un bus scolaire et une camionnette  Colfontaine: Christophe sest retrouv coinc...
Spectaculaire accident entre un bus scolaire et une camionnette  Colfontaine: Christophe sest retrouv...  #News
Surtout ma mre elle t au courant ni dmon avertisement ni dmon rapport elle ma niquuuer.
T'faon,  partir du moment o a lche :"Tu me tiens au courant ?! ",Tu peux tre sur que tu seras jamais au courant !
Taleur je disais a Sarah quand je rentre je dors une mm dans le bus elle me dit coute une grand mre cst pas bon de se rveiller et
Tj les dernires a tre au courant dans notre classe
Toujours 3222 clients d'Hydro-Qubec privs de courant dans Chaudire-Appalaches. #lesoleil
Toujours au courant la dernire y'en  marre
Tous les matins le RER A en retard, des milliers des pers. impacts, ralentissements conomiques!! @RERA_RATP @EmmanuelMacron @Anne_Hidalgo
Toute ma vie jmets mes couteurs sans mettre de musique pour pouvoir couter les conversations des gens dans le bus sans mfaire reprer
Tqt pas Yas! De toute faon si je sais un truc, tu seras la PREMIRE au courant.
Trafic #LIGNEL 1/2 incident affectant la voie  #Achres trafic trs perturb sur axes #Cergy #NanterreU et #RERA branches #Poissy et #Cergy
Trafic fortement perturb sur la ligne de #rera  07:00 le 11/12 #fedlate en savoir plus sur
Trafic fortement perturb sur la ligne de #rera  08:00 le 11/12 #fedlate en savoir plus sur
Trafic fortement perturb sur la ligne de #rera  08:40 le 11/12 #fedlate en savoir plus sur
Trafic fortement perturb sur la ligne de #rera  10:00 le 11/12 #fedlate en savoir plus sur
Trafic fortement perturb sur la ligne de #rera  14:00 le 11/12 #fedlate en savoir plus sur
Trafic fortement perturb sur la ligne de #rera  14:40 le 11/12 #fedlate en savoir plus sur
Trafic fortement perturb sur la ligne de #rera  16:00 le 11/12 #fedlate en savoir plus sur
Trafic impeccable sur toute la ligne #RERE #OK
Trafic normal sur l'ensemble des lignes de RER.
Trafic perturb sur la ligne de #rera  09:20 le 11/12 #fedlate en savoir plus sur
Trafic perturb sur la ligne de #rera  16:40 le 11/12 #fedlate en savoir plus sur
Trafic retenu suite heurt objet sur les voies zone Sartrouville ! #RERA #LigneJ . @Selig_tdm qu'est ce que tu as fait ? ^^
Train SLOM arrte juste avant BFM : quai embouteill !!!! #RERC
Train annonc  57 sur l'application , en arrivant  52, on le loupe. @RERD_Sncf en retard ou en avance, mais jamais  l'heure.
Train de 7h34 supprim  Chaville Vlizy ... Une explication @RERC_SNCF ?
Tram nickel, train  l'heure, mtro + RER sans anicroche et me voil dans le bus... #BienttChezMoi
Transdev (CDC) lance 40 lignes d'autobus. Au diable la pollution au diesel, les accidents de la route et les dficits SNCF!
Tu sais quoi @RERA_RATP on n'a qu'a dire que le train de 30 est annul
Un Segpa dans le RER drague une fille- T'vas ou?-  la dfense et toi?,-  l'attaque mddr "Mme Le train t Mort De Rire"
Un agent du ministre des mines et de l'nergie qui taient chez nous.... Ce sont les lphants du courant et de l'nergie!
Un jour je vais arrter de choper des trucs cens tre pas courant. Genre la toxoplasmose qui normalement provoque pas de symptomes :'D
Une fois de + "@RERA_RATP: 08:27, le trafic est ralenti sur la ligne (divers incidents) #RATP #RERA"
Venir pour 2h de cours, arriver en retard a cause d'un accident, cours qui n'a servi  rien, prof qui finit en retard, rater le bus...
Vers 11h30 j'passe vers Berthelot, j'vois 5 mecs assez nerveux, je leurs fait un FUCK, et c'est mecs sont partis en courant.. Expliquez-moi
Voil ma mre est au courant de mes petits problmes (mycoses vaginales). Elle m'a pris des rendez vous
Voir les portes du train se refermer devant soi et donc devoir attendre une demi heure le prochain, c'est franchement agaant #rerd
Vous tes au courant que la fte des mres a t instaure par Ptain? J'ai vu personne se plaindre qu'on la fte? Bon alors lchez nous
Waaaah la dernire fois j'tais cuit  la gare de tremblay j'vois c'est un mec il cours pour avoir son bus il tombe jt cuit
Y a que  moi que a arrive ptn j'ai le seum. J'vais devoir prendre le bus aprs le train et aprs galre de la gare jusqukau lyce ptn
Y en a s'ils savaient de quoi on est au courant ils arrteraient de taper leur vice dans l'vent avec nous
Y'a eu des incident sur le rer a askip c'est ralenti
Y'a une dame dans le bus qui m'a prvenu que mon maquillage coulait, comment c'est rare les gens gentil comme a
Ya pas une semaine ou j'arrive pas en retard en cours  cause de ce putain de RER C
Ya un truc flagrant qui prouve que j'ai chang en trois jours: les mots "Trafic perturb sur le RER A" me font rire!
Yay, un quart d'heure que mon RER est a quai  Maisons Laffitte, youpi :normal:
[Mise  jour] Route 117: #Accident impliquant un #autobus scolaire | #Abitibi-#Tmiscamingue #FaitsDivers
a existe vraiment les jours sans problme de trafic de RER ou ce n'est qu'un mythe ?
a fait deux jours que je loupe mon bus, mon pre va me tuer ...
a fera 2 personnes au courant ..
a va ma mre est au courant pour mon 1 en histoire !!
assis dans l'bus ne sachant quoi faire j'cout les ptis francais salir le nom d'mon pre
aujourd'hui je fini a 16h au lieu de 16h30 bc conseil de classe du coup j'ai un bus et je serais  l'arrt avec Manue !
chaque fois y'a pers  l'arrt du coup jsp si j'ai rat le bus ou pas
chez lui le courant se coupe rek j'comprend pas il vit dans des baraques ou bien
fais qqch de bien, a passera inaperu. mais fais qqch de mal, tqt pas tout le monde sera au courant.
il est gentil mais bon ma mre est dja au courant mdr #lt
ils sont au courant que tu y va pas demain au moins ?  Oui je l'ai dis  ma mre
j'ai dis  ma mre j'vais pas en cour demain y'a grve des bus, elle m'rpond t'as svt? j'dis ouais, elle m'a dit bh c'est pas envisageable
j'espre que personne n'est au courant....
jai loup le bus sa mre
jme suis sentie puissante qd mm de lui rep "maman est dj au courant tkt" ahahah #lt
la ptn d'sa mere j'coute triumph j'ai envie de sauter c'est le feu dans ma tte mais j'suis dans le tram
ligne 8 : Accident de circulation, retard de 15 mn sur le dpart de 11 h.
ma mre dit que jss mi-homme mi-courant d'air
ma mre elle a cru que demain, aprs m'tre tap le bus et le train j'allais prendre le tis looooooooooooool
ma mre elle va pas tre contente sachant que mon prochain bus est  9h et je commence  8h les cours
mais dans ma classe c'est chaud, a peux pter btement l et tout les gens vont venir nous voir bc ils savent qu'on est tjrs au courant
mn cousin il est cool qd mm il m'envoie "fais gaffe toute la famille sait que tu fumes donc ta mre va surement bientot etre au courant"
mon bus du coup il est a 33, et jsais pas si Marg y sera aussi, pcq elle a loup son bus aussi
mon frre a 15 de moyenne en ne courant strictement rien, j'ai envie de le taper
mon frre ce soir j'vais allez voir i va m'raconter pcq j'aime pas quand j'suis pas au courant
on passe  ct d'un accident et le monde du bus, tout ce qu'ils trouvent  dire c'est "ohh y'a pas de mort, poche" hey les caves!
ort d'Orly. Trafic normal sur les autres lignes de RER. [3/3]
pk c'est moi qui me retrouve derrire le couple trop mignon dans le bus?
pour ceux qui ne sont pas encore au courant, je serai la reine de la fte demain soir  21h30 @EspaceB la tenue @carven_paris :D
putain mon seul souhait c'est que Chez Plastic se fasse hit par un bus ou camion ou juste qu'il ait un accident
s Prvoir des retards de 10  15 minutes jusqu' 15h30. Trafic normal sur les autres lignes de RER. [2/2]
tjrs je suis la dernire au courant moi
tout a l'heure, avec shelsy on a regarder les horaires de train et les rer a prendre
traffic ralenti mdr le rer il avance plus jsuis  Chtelet
y'a deux bus d'affils qui sont passs devant moi mme pas j'ai couru j'ai ralentis ptdr
