"- Je serai dispo mais l suis en soire- ok on se tient au courant,- juste un plan suce par contre" 1/2
"@JHenryson: @AmberDiang Looool okay Maman fait moi alors le transfert ?"pouahaha bye va chercher ta vraie mre * kougna kougna en courant *
"@RERA_RATP: 17:53, le trafic est ralenti sur la ligne. Retour  la normale  18:30. (colis suspect) #RATP #RERA". Youpi!
"@Wildfireedus: @sarablbr en plus ds le trailer de la saison 5 on voit que le bus a un accident remember??" oui jviens de voir
"Celui qui rampe dans le sens du courant fait rire les crocodiles"
"Elle tait bien au courante" dclare une fille  sa copine dans le rer parisien.
"En raison des rpercutions d'un problme d'exploitation, les trains seront ralentie sur l'ensemble de la ligne A" putain !... #lt
"Le chauffeur du bus ralentissait parce que la veut tre traversait ,je lui est dis vas-y traverse c'est orannge a 100% ya pas de risque "
"Montluon en plein centre de la France" Avec ma mre on s'est regarde clat XDD On n'est mme pas au courant de cette expo svp !
"Quand l'amour frappe a ta porte, rflchis avant d'ouvrir. C'est peut-tre un gamin qui quand tu va ouvrir sera partit en courant." <3<3 ;)
"Y aura des prises partout,Au moins il sera au courant" @JanesMolly
#DansAmusement, il peut y avoir dlestage durant 10 min dans un CHU hein. Coupez courant  la fte de la bire aussi.,#Team228 #Gnado
#QML La gare d' Achres - Grand Cormier est de nouveau desservie dans les deux sens (accident grave de voyageur) #RATP #RERA
#RERA  Nation c'est satur, le train pour MLV est une bote  sardines qui prend moins de voyageurs qu'il n'en laisse  quai.
#RERA #RATP  eux de vous faire dtester le train...#Lundifficile
#RERA trs ralenti au niveau d'acheres dir Paris
#RERA vacu  Auber. Courir pr choper un train  St Laz. Bonheur classique des TC en IDF. Soyons zen. Ou pas.
#RERA_RATP le trafic fonctionne normalement sur le reste de la ligne?
#RipAudric Kokoasamawahou wow srieux ?! :o et Katniss tu vas la dboter comment ? car moi je vais aller la rcuprer a pied et en bus m...
#TheWalkingDead le bus que prend Abraham doit etre celui qui a l'accident dans la bande annonce de la saison 5 Maggie et Glenn sont dedans!
#Urgent | Tunisie: Tte de liste du "Courant de lamour"  Kairouan, Rim al-Thayri annonce un ventuel retrait du parlement. #AA
#WEBROKETHEVEVORECORD qui? quoi? quand? POURQUOI JE SUIS TOUJOURS LA DERNIRE AU COURANT???
#bvmt Situation de la participation trangre  la bourse de Tunis: Un courant acheteur sur El Wifack Leasing dura...
#qml #rera #LIGNEL: Accident grave de voyageur au niveau d'Achres Grand Cormier. Circulation retenue sur RERA branche Poissy jusqu' 9h
#qml #rera #lignej #lignel : Paris/Cergy - Nanterre Cergy/Poissy - Mantes via Poissy : retards 10-15min jusqu' 10h, accident grave voyageur
#qml , le trafic est interrompu entre Nanterre-Prefecture et Etoile (colis suspect) #RATP #RERA
#qml 7h35 Plan de transport : RER A branches Cergy et Poissy : 1 train sur 2,Tous les trains vers Cergy omnibus
#qml le trafic est interrompu entre Nation et Auber. Retour  la normale  14:00. (colis suspect) #RATP #RERA
#rera #ligneL #ligneJ : retard a cause d'un accident voyageur. Merci beaucoup #qml
#rera compltement couper  la dfense. En gros, j rentre pas chez moi. :(
#rera de 22h pour Chessy loup  2 minutes prs. Et hop, 30 minutes d'attente pour le suivant. Merci les horaires du soir #ratp
#rerc #qml prochain train annonc  9h11 au lieu de 9h j'ai bien fait de prendre le 9106b lent mais plus sur...
#rerc #qml reprise du trafic annonc maintenant  10h  Massy... Enfin grce au bus je serai au boulot  9h30
#rerc #qml toujours  Massy 20' de retard aucune info sur la reprise du trafic...
#rerc Trafic interrompu entre VC & Massy , "reprise vers 8h30 voir 9h" La prcision selon la #SNCF #qml
#rerc et voil encore un train en mode sardine merci @RERC_SNCF
#rerc le train de 28 a pontoise n'est tjs pas partie...6mn de retard et aucune annonce
#tnelec : Sur Twitter, Mohamed Hechmi Hamdi, fondateur du Courant Al-Mahaba annonce son retrait de la prsidentielle
'Je nage vers la solitude a contre courant.'
-  J'ai essay de vivre chaque minute comme si c'tait la dernire, au bout de 4 heures  hurler en courant dan...
-dans le tram et du coup un moment un mec rentre dans le tram et il vient vers nous il demande  la meuf avex qui j'tais d'enlever-
.@RERC_SNCF Des mois qu'on souffre avc les incidents INCESSANTS sur la ligne. 1service digne, c'est pour quand? moins de camras + de trains
.@decapitated impliqu dans un accident de van ; le bus de @deathstars en feu :
// IL Y A AHS A LA TL MON PRE ME LA DIT JE SUIS PARTIS EN COURANT ET JE ME SUIS CASSE LA GUEULE MDRRRRRR BYE
/sdm/ sera en maintenance encore ce soir. On vous garde au courant.
07:19, le trafic est interrompu entre La Defense (Grande Arche) et Poissy (accident grave de voyageur) #RATP #RERA
07:30, le trafic est interrompu entre Maisons-Laffitte et Poissy (accident grave de voyageur) #RATP #RERA
07:43, le trafic est ralenti sur la ligne (accident grave de voyageur) #RATP #RERA
07:54, le trafic est ralenti sur la ligne (accident grave de voyageur) #RATP #RERA
1/4h d'attente du #rera... et il est pass de 22h36  22h46... soit au moins 10 mins de retard pour un train qui passe ttes les 30. #ratp...
10mn pour comprendre qu'un RER dj en voie partant aprs un train qui n'est pas encore l, a n'allait pas vraiment marcher.
13:06, le trafic est interrompu entre Nation et Auber (colis suspect) #RATP #RERA
13:13, le trafic est interrompu entre Nation et Auber. Retour  la normale  14:00. (colis suspect) #RATP #RERA
13:31, le trafic est ralenti sur la ligne. Retour  la normale  14:00. (colis suspect) #RATP #RERA
17:30, le trafic est interrompu entre Nanterre-Prefecture et Etoile (colis suspect) #RATP #RERA
17:40, le trafic est interrompu entre Nanterre-Prefecture et Etoile. Retour  la normale  18:30. (colis suspect) #RATP #RERA
17:53, le trafic est ralenti sur la ligne. Retour  la normale  18:30. (colis suspect) #RATP #RERA
1er bus check.. On attend le premier train..
4 trains sans arrt  massy-verrieres. Trop bien le #rerb.
@5secxfbutera Tes parents sont ok avec a? Moi c'est la galre ils taient mme pas au courant haha!
@5sosisse je demande  ma mre si je fais rien, et je te dis ! mais je pense plus vendredi, enfin je te tiens au courant !
@ABEEWAY Hello, mardi soir pour l'avant-premire et mercredi aprs-midi pour le moment, on se tient au courant ;)
@ANadjari bon bah de toute faon je serai au courant, fais pas de connerie hein! Kiss Kiss koeur
@ASroussi "j'tais pas au courant qu'une jardinire d'enfant existait" c'est pas trs dure jtassureee
@ATK_Gh3tto j'ai eu une coupeur de courant pendant que je tune Nike sa mre
@AZusanne Oui, suis au courant et en contact permanent avec La. On semble s'acheminer vers 1 rglement. J'ai relay sur Fbook depuis hier.
@Agent1208 @Jeg_Er_Dug @56250Hugo ah parce que c'est organiis ? je suis au courant de rien moi, mais je pourrais pas, Kin.
@Agent1208 @Jeg_Er_Dug @56250Hugo bah moi j'tais mme pas au courant que sa avait t organis on avait parler d'organiser a mais pas +
@AlexCharabot @draculea777 Tu connais la base ! Encore heureux que je serais le premier au courant !
@Alexandre_Pixar Bonjour ! La sortie DVD sera prvue pour courant fvrier. Bonne soire :)
@AngeliqueLN Nous n'avons pas les mme valeurs, t'as celle de mon frre pff pff , tient moi au courant pour le permis :)
@Aniwere_CLemz NTM, j'avais une coupure de courant & j'tais avec ma mre enmen ma soeur en stage ^^ !
@AnkhM_ pourquoi ? Je prends le train / tram tous les jours et trs rarement de soucis :)
@Annallywood Je serais encore au lyce avec aucun bus/train, why not mais cette anne, j'ai pas la foi du tout. :(
@Annavalentinebc Demain je suis en ville  14h,je vais juste aller faire un coucou  la grand mre de Kinou, pis je te tiendrai au courant
@Anthony_Reg Je suis intresse donc je serai au courant comme a ;)
@Arkhansyel C'est vu avec Nathalie Lethiec. Naturellement, ce sera repouss si a persiste. On vous tient au courant !
@ArthurNavy Elle sera en tourne en Chine &  Taiwan avec les autres candidats de #TheVoice Je vous tiendrai au courant de son actu.
@Audreylbs je te tiens au courant mais je pense pouvoir venir vers 21h30-22h
@Azzertyran Je RT mais je le dis pas, personne sera au courant
@Azzouxx @DieffreY ptdrrr elle est dj au courant . Trkl tu sera pas le seul
@BRNSmusic Ok tenez moi au courant :) et si possible de m'en mettre un de cot quand il sort, ca serait top!!
@Brenda_Lmbr @_DailyHatred jconnais pas leur adresse sinon leur parents serait au courant dj pck elles font trop les putes de luxe
@BriceAlbin1 bonjour. Toi qui reoit souvent Nton l dis lui que les feux de Dalip sont en panne. Surement il n'est pas au courant LOL #Dla
@BwakaK @_Bluumy HOLY SHIT. Ok dernire question... Est ce que la prof est au courant qu'on a pas que le franais comme matire ?
@CaScherrer @Proud_OfKA tu sais tout le monde est au courant maintenant de ce que solene fait avec kev en reve XD
@Callofpaul jy serais tous les jours par contre si tu as besoin et si ta mere est au courant aussi hein ! j'ai une place pour dimanche
@Cey_liiine OWII NOLAN JE LAIME DE FOU PTN ! Mais Nolan tait au courant que son pre tait vivant??
@CharlineBastien C est ta mre depuis le temp tu devrais etre au courant .
@ClementLrns J'suis la dernire au courant que tu ais envie de venir...
@ClownYvelines @78Cisse sa mre jv sortir maquille comme une beurette tkt il vont se barrer en courant
@Conducteur_RER Combo Train+Tour Eiffel
@Conducteur_RER argh... :-/,Pas bon a du coup !
@Coyau tonnant d'ailleurs car  contre-courant d'une tendance actuelle  l'abandon ou  la forte remise au cause du mythe de la desse-mre
@DATVriziXLP @YuuzL @_silvxa J'en sais rien , ma mere va enlever la co hier , c'est jusque que hier mon immeuble a eu une coupure de courant
@Daaphnouw mm en courant en arrire jte lav
@DaivyP toujours la dernire au courant -_-'
@Daniell88608581 il le sera sous peu puisque vous tes nombreux  le demander ;) je vous tiens au courant#soistameilleureamie
@DarenMootoosamy @Lisalpp daren si t'avais suivis la conversation tu serais au courant de ce que tu vas RT
@DeHall57 Ouais j'suis au courant ... Mais c'est un guerrier le raphy, il va gurir vite
@DelarueJC @RERC_SNCF Mais a fait un peu chier quand mme quand on est coinc s/ le quai & que justement, le train va ds la bonne direction
@Delparos non c'est pour etre au courant ca serait dommage de les rater
@DemiRPGLC -arrive vers toi en courant - oh mon dieu a va ?
@DenisTherriault @PatrouilleTvaQc l'accident qui manquait pour qu'un malade mental de coroner oblige les ceinture de scurit dans les bus.
@Dines78 arrte wesh je te jure j'ai trop peur tout a l'heure j'ai tap un aller retour vers le KFC en courant la vie jsuis une tappette
@Dj_PatchY Il faut claircir a... et (je le rpte) j'aurai t au courant le 1er vu que pour mes podcast, je reste assez tard pour recordz
@Dobby_HP_RP Tout  fait d'accord, mais s'il y a des reprsailles je n'tais pas au courant, chacun pour soi * Rigole *
@DreamsOfBlxnco @MejorEsTini @Tinifandefrance @laurelenn98molt :o je savais pas, sympa la dernire au courant :(
@DylanRPGHPH je vais chercher une infirmire. Je..je reviens. *sort en courant. *
@EWallior @Dieza_ vas y jsuis toujours la dernire au courant vous msoulez
@EmyLondubat Merci Maman ! *Embrasse sa joue et part en courant vers l'enclos des Griffons*
@FanV2N @Conducteur_RER tout  fait, les trains non conventionns donc hors TER et TET risquent de disparaitre si pas rentable.
@GYDM1 Ouais !!! super !!! J'aime le bus ou je prfre le train ?
@Gi_ron_din je te tiendrais au courant demain des que je serais au stade :)
@GuibertThomas : Les usagers du #RERA (et de toute la #RATP) en auront-ils marre un jour de rouler des pelles aux trains ? C'est mortel a !
@GuillaumeWagner Tu disais rcemment tre au courant de choses rcentes, mais bon... En plus t'as de la misre  t'assumer? @VodkaAcide
@HarryRpgae2 (de a et le fait que son pre  abus d'elle tant petite et non parce que personne est au courant)
@HichemBaf76 @JVanneur @Djoeee2 @Ahmadbleville mdrrr c sur son pre il cour a cotes du tram pour voir si il est rapide
@Iliassou94 @Djnb_S de ouf  deja yaurais plus de gens qui serait dja au courant
@Ines_Bzl si j etais toi , jy serais aller en courant
@ItsRinaXO moi non plus mdrrr mais attends avec le travail de ma mre ils font des trucs des fois je te tiens au courant
@JackyMAJDA a des histoires au cul. en direct de ses poubelles. je vous tiens au courant. ce sera #SansTriste :):):):):):):):):):):):):):):
@James_RPGHP @Nereide_RPG Tu crois vraiment que mre serait au courant ?
@Jean__Emard tiez -vous au courant que Michel David est le frre de Franoise David QS
@JulienFarrugia @FHinesf mdr vous avez pas la mme mre t'es pas au courant frre ? Ta tais adopt toi cpour ca t'es beau toi
@JulietteGilon @RealChanty rire c'est du soutenu, rigoler c'est du courant ou parfois mme du familier.
@Justine_pld Gn gn gn arrte de rler tu seras au courant aussi :p
@Kaabanaa @ForeverOlympe @IliesseO la Mere de leila entendue la rumeur meme en Italie il sont pas au Courant jai ma cousine qui Habite
@KalimSohan "Combien mme" possible mais pas courant et a ne serait pas la posie comme autre bquille ? Cc @RousseauAgnes
@Kasdaay Tu vas recommencer avec ton mme discours de tout  l'heure? t'es au courant que a mne  rien vu qu'on ne sera jamais d'accord?
@Kokoasamawahou wow srieux ?! :o et Katniss tu vas la dboter comment ? car moi je vais aller la rcuprer a pied et en bus mdr
@KyleRPGCS "papa..." *eden viens en courant vers toi^
@LIGNEJ_SNCF @LIGNEL_sncf et du coup sr le RERA ca donne 1 service partiel entre Nanterre et Maisons L ??
@LIGNEJ_SNCF @LIGNEL_sncf seriously???aucunes informations donnes en gare on nous balade de train en RER qui maintenant est arrt!!!
@LIGNEL_sncf Reprise des circulations sur la branche #Poissy du #RERA, sans desserte de la gare d'#AchresGrdCormier. Prvoir 1 train sur 2.
@LesGothiques Ah d'accord, plus de forum... Ref n'avait pas l'air au courant ou alors il ne nous a pas tout dit... #Bref @GothikaFans
@Lucie_eds non mais faut arrter surtt de se barrer en courant et crier quand on les voit pcq ils se sentent intressants et donc continuent
@Lumos_AshIrwin Ah oui j'sais pas si t'es au courant, mais je suis ton frre, j'ai changer de pseudo.
@Lunon92 c'est plutt les dessertes TGV non rentables qui commenceront gentiment  disparatre pour le coup ;) !,@Conducteur_RER
@LysaLawson @OrianneThiebaud Toujours la premire pour rattraper et tre au courant des derniers ragots
@Maady_M Je pense pas qu'il aurait aim mais t'inquite le courant serait peut tre pass!
@MaathildeG7 Ouaii c'sa ! Tu va courir derrire le bus comme tout le monde
@MagicDatsMight tiens moi au courant si t'as recommenc ou non... J'espre que tu vas tenir.
@Mana_Mahad Secondes avant sa mort, courant vers le balcon en hurlant "CE SOIR JE MARCHE SUR L'AIR !". Une enqute est en cours.
@Mantium_ Vivant ou mort, ton mdecin? Peut tre qu'il sera pas au courant de tout hein.
@MappyCity #RERA #BOF branche Cergy: a va faire plus de 15min qu'on attend un train pour mlv , un de supprim et un autre retard..
@MarineBlogvip Merci je l'ai bien reu. Je regarde a et te tiens au courant rapidement
@MarineDelage1 mercii , tu peux faire passer l'infos pls sinon ils n'y aura pas beaucoup de monde a etre au courant et sa serait dommage
@MarionVctn aaaah oui je vois..  Tkt tu sera la premire au courant
@Marion_TDX... Bonjour, notre pinceau stipple brush sera de retour courant novembre ;) A bientt.
@MaryCherby @NTRD08330 Facile d'imaginer ce que ferait et dirait TRUC avec 75 likes .. mme Dieu serait au courant
@MattRPGCS *se lve* je..tu me tiens au courant s'il te plat *commence a partir vers sa chambre*
@MatthieuOffSS9 @_Yan_Swagg Je serais le premier au courant je pense :)
@MaximeSchmittt @draculea777 si un jour j'ai la chance de jouer  la laiterie tu seras le premier au courant tqt !
@MaylisDeille Si tu as des infos tu me tiens au courant pour Paul, ce serait top. Merci
@MiaJlm Oui, se toute faon tu seras certainement la premire au courant mdr
@Monde_de_Droite @bravepatrie C'est trs vrai, d'o mon envie de regarder ceux qui vont contre ce courant, mme rares et Sans tt cautionner.
@MonsieurLudo @Erik_Michel Tu as raison. On se a des rames pourries 1 niveau, dont les restes du #RERA, pendant qu'eux ont des trains neufs!
@Mouna_Masmar @Hanoubot t pas au courant il va arrter tpmp il cde sa place  enora ou caille combat ou Bertrand ou je ne sais qui encore
@MrSupaDuppa @Baby_Bash93 mais tg il va rien faire cette flemme il serait au courant du problme quand tout sera termine
@Musicals_empire je suis au courant mais ma mre ne veut pas que l'on se fasse 36 repas.m et je ne mange plus de frites so..
@NailArtisEasy @LavieenLucie @_Tiphanie_ Aprs j'ai rien contre, mais je prfre tre mise au courant
@NamelessMal Au pire, tu le fais des que tu dois te rendre quelque part. Genre le matin avant de prendre le metro/train/rer ? Dsole
@Nay_E7 a le maire sera au courant il va renforcer pour les vieux qd le moment sera venue, il tient  cette population archaque
@Nberraho j'serai venu en courant :(
@NdonNga tu n'es pas courant de l'avant premire de Douala ?
@OceaneWilliams moi a St Laz plus de RER pour Poissy, dans le train le plus blind de la plante
@PAPyraXv2 non on n'a tout chang tu sera bientt au courant !
@PLhtr je viens d'y repenser . J'espre tout s'est bien passer ! Tu me tiens au courant
@PSG_R10 @Rozelit0 @Johan37 oui t'as le bus. Mais je prfre le train lol
@Pamela_ansquer le jour o a arrive, je veux tre la 1re au courant <3
@PlayStaFou @Trokless Yep! Je serai sur place vers 19h si tout va bien. On se tient au courant!
@RERA_RATP Cette info n'est pas donn en gare de Houilles. On a juste que le trafic est retard !
@RERA_RATP J'y tait ce Matin j'ai vu les service de Police Mettre le Corps d'une Femme dans un Sac Plastique !! Horribles
@RERA_RATP Ralenti  quel point ? dure du trajet Nation - Auber ? merci Thierry !
@RERA_RATP aujourd'hui c'est une journe noire pour le #rerA ce matin accident grave de voyageur cette pres midi 2 colis suspect....
@RERA_RATP je suis  Nanterre ville le train ne partira pas avant 18h30 ?
@RERA_RATP je suis  nanterre ville le train ne partira pas avant 18h30 ???
@RERA_RATP le trafic a repris normalement me semble-t-il ?
@RERA_RATP le trafic est toujours ralenti sur le #rerA vous feriez mieux de nous dire quand le trafic est normal a fera moins de #Tweet
@RERA_RATP le trafic sur le RER A est de nouveau normal?
@RERA_RATP merci  vos services pour cette super soire de galere ! Je ne comprends pas qu'on annonce que le trafic est interrompu pour que
@RERA_RATP par contre vous m'expliquerez pourquoi les trains ne passent pas mais que les gens restent sur le quai #desfoisque #qml
@RERA_RATP qques minutes plus tard lorsque tout le monde prend des correspondances on se rend compte que le trafic a repris juste aprs
@RERA_RATP vous avez une infographie aussi pour nous expliquer pourquoi le trafic n'est jamais "non perturb" #incomptent #branleur
@RERA_RATP: 13:06, le trafic est interrompu entre Nation et Auber (colis suspect) #RATP #RERA : ah ? Bon...un de plus...combien de temps ?
@RERA_RATP: 13:31, le trafic est ralenti sur la ligne. Retour  la normale  14:00. (colis suspect) #RATP #RERA...donc pas avant 15h quoi.
@RERB h croyez pas vous pesez, c juste pour tre au courant en temps rel des diffrentes merdes qu'il y a sur le B
@RERB lol les 10000 followers ne sont pas l pour l'amour du RER B mais parce-qu'il faut bien se tenir au courant, il ne fonctionne jamais !
@RERC_SNCF Au dernier moment vous retardez ou supprimez des trains alors que vous saviez depuis le dbut que a ne serait pas a l'heure !
@RERC_SNCF Effectivement je suis dans le C et je me rend compte que c pas aujourd'hui que je vais tre  l'heure en cours...
@RERC_SNCF Elba en panne  Juvisy. Vos trains ne roulent pas assez, faut pas s'tonner qu'ils tombent en panne. #rerc #qml #sncf
@RERC_SNCF bah, le train est supprim c'est pas trop un retour  la normale a... :/ #pascool #enretard
@RERC_SNCF merci cela fais 2 mois que je prends ma voiture car vous etes jamais a l heure ou train suprime bravo !!!
@RERC_SNCF plutt que de faire des annonces avec les trains qui ne circulent pas (ELBA VITY CIME SARA...) dites nous ceux qui circulent #qml
@RERC_SNCF trafic ralenti - 10 ' - direction Pontoise - incident mcanique - relevez les incidents et allez sur la FNAUT
@RERC_SNCF trafic ralenti-10'-direction Pontoise-incident mcanique-relevez les incidents et allez sur la FNAUT
@RERC_SNCF train 8h56 direction paris aucun dpart... et aucune information
@RERD_SNCF axe Corbeil Paris : depuis lundi 20 octobre, trains supprims, retards, sans raison en heure de pointe.
@RERD_SNCF comment un train  quai peut tre en retard de prparation ???? Qu'est-ce que vous branlez a la maintenance ???? #rerd #qml
@RERD_SNCF encore un train supprim ce matin  vigneux, oblig de descendre  Juvisy pour remonter vers Paris... puisant depuis 10 jours...
@RadioCanadaInfo Merci... Bien au courant pour la radio... Serait bien d'avoir une couverture tv aussi. Merci de la reponse rapide!
@Rath07 @Dr_Benji @KeenXgame euh je ne suis point au courant des dernire tendance ragots rputation, mets moi  jour!
@Redaak4 Allez je te pose des questions pour ton FAQ :PT'as dj eu tes rgles ?,T'es au courant que ta mre c'est une cuillre ? o/
@Reg_BlackRPG comment t'es au courant ?!
@Remi_Chouchou Hahaha merci bien je suis au courant c'est  elles/eux qu'il faut le dire !
@Remi_gzdj ah oui et je viens de penser, t'es au courant qu'on doit apprendre 10 mots de vocabulaire en plus?
@Remi_gzdj mdrrrr #lethug ,T'as demand aux gens qui sont dans le mme groupe que toi si ils taient au courant?
@RoiLennon je suis pas au courant mais tu sera a la #PGW ?
@Romaan5 Le chauffeur du bus a ralenti par ce qu'une beurette traversait, je lui ai dis "azi passe c'est orange" on m'a applaudit, !
@Romain_Mddn nen mais on parle de grec la je serai meme venu en courant t est malade ou quoi vasiii merlishh c'est pas grave jvou parle plus
@SLGienne PAS BIEN! Moi j'ai cout toutes les chansons de Yy, re-cout, et rere-cout
@SNCF_Direct Merci @Conducteur_RER Tu vois ca fait suite a l'accident de ce matin. C'est pas ma faute ^^
@Salinger_Indo @jdverdiere #LRDP Demain le monde sera au courant ^^
@SammyBanzet swag faut je la prenne aussi tiens au courant j'serais en ville
@Sandi_Mimi que jsois au courant que tu parle de moi, mais bref jtai dit nique ta mere c bon
@SmileBSB Bon je vais me coucher tu me tiens au courant quand tu sera drle stpp
@StepKiki tu seras au courant lors du prochain concours sur mon comtpe ;)
@Stephmenard Aaaah ben a je suis vraiment pas au courant....! Et je veux SURTOUT PAS me mler de a!?!?!?! LOL
@TKaiis_ @ManonNcl Stefan sera bien entendu au courant demain a la premiere heure ou je me rveille donc 15h !
@TalOfficial demain#Angouleme , il va falloir assurer je compte sur toi, 1er concert de ma fille, et elle n est pas encore au courant
@ThomasCardon1 Mais de toute manire, tu vas tre au courant de tout avec fb
@Thyrsette @EmilieVitnux je vous tiens au courant pour l'heure. a me fera du bien de vous avoir ce soir au lieu d'attendre...
@TommyOrNot2Me eh ben tenez moi au courant :) @DamienL_ @FanV2N @mecanote @Conducteur_RER
@TreasureCrown @dhampirgirl_ La Terre entire est au courant !! Le monde entier regarde en la direction de @dhampirgirl_ !!
@Val_Bourgault @MatthieuLoupy des forains c'est ce que je dis, tout le monde se serait barr en courant, mais non vous vous tapez
@Widad_Carter ptdrrr crari Widad a un gars sre aie aie j'tais pas au courant ptdrrr va te doigter idiote haha
@Wollfye ouais,moi je me serais bar en courant dans le bar comme une merde
@YW_F06 tu seras au courant de tout
@_AlwaysJu_ Euh faut que je vois parce qu'un jour faut que j'aille en ville et ce sera p-e mercredi, je te tiens au courant !
@_AnIrishBlond Ma mre ma fait, mais ils sont partout! Moi : De qui ?! *Arrivant en courant* ma mre : bah les One Di! Bc y'avais SMG
@_Kamel93Youssef si a exist, tu crois pas que a peu prs tout le monde serait au courant
@_Majvina J'mets en 3 personne sera au courant
@_oMarinaa jy ai repens toute  l'heure j'tais k.o pck jme suis rendu compte d'un truc du coup jrigolais solo dans le rer .
@anmisfit Tu seras la premire au courant Tqt
@babedwards oui pareil, sinon t'tais au courant de l'accident d'Harry et taylor ?
@benoitbdb T'es au courant que ta ruin sa carrire?
@benoitmelancon @fbon ouep, outil courant de ma fille en 1re secondaire... (programme PROTIC, pas un indicateur fiable !)
@bowtiehowell btw, mon pre dit que c'est pas sure pour vendredi soir (compliqu  expliquer), mais je te mets au courant
@canelle_m merci mais je suis sre y aura un fdp qui va unfollow c'est courant a mddr
@carterrpgla t'es la premire fille qui part pas en courant...
@catheine2 si tu tait au courant de l'ITW d'aujourd'hui tu serais que c pas le cas !
@celiaafdl mdrrrr mon pre rien qu'il me demande si j'ai fais mes devoirs j'reponds un oui en deuspi et jtaille en courant pck...
@certifier_avon c'est comme un mec qui pte sur ton repas et qui part en courant
@clarissemrd j'ai rien reu je suis pas au courant !
@coucouoedipe L'universalisme est un courant de pense qui en gros que ce qui est bon pour nous est bon pour tout le monde. Les Lumires-
@coucouoedipe moi pareil je ne suis pas au courant de rien, j'espre qu'on connaitra la vrit.
@danny_balint @ProjetApache @petrosilpanda @Mbuttey seras la victoire du courant anti musulman
@edensmia1 si ils auraient tu deux adolescents de la commune tout le monde serait au courant
@emmabrst bah je te tiens au courant j'pense que ma mre voudra bien si jai bosser
@ethan_rp j'ai pas envie d'arrter *lui lance un autre oeuf et se tire en courant*
@flomartichon va les rcuprer au bus NAN ?
@fratwoman un pass Navigo gratuit, un RER  l'heure (et propre !), un carr VIP dans un train...
@ginevra0weasley Oh super ! Tu sais si ton frre est au courant de la runion de McGonagall ?
@gyuyatic Je prfre te tenir au courant vu je sais que tu as peur, comme a je sais quand te dire de ne plus sortir..
@horanyourz @ohpunkzayn nn jamais ma mre est au courant mais elle est pas pour elle dit on c pas qui c vrmt mon pre jc ps jlui ai jms dis
@iliana_____ ah mais j'tait pas au courant que tu l'avais reue! Cool tu me montreras les deux
@isaacRPG * part vers la foret en courant vite avec des mouvement flou*
@itsxlu ptdrrrr poupe c'tait pas une barrire c'tait un truc de tram genre un banc
@kassem_samira Courir derrire le bus a compte pas!!
@larabroq je sais pas je suis au courant de rien j'ai pas vu mon pre de la semaine et je rentre que demain soir..
@louuu06 oui j'espre si t'en trouve tiens moi aux courant si sa te drange pas ;))
@marlonrpgfm * arrive vers toi en courant * MARLON !
@myhoechlin -je suis sure que s'il serait au courant de TOUT, pas que du fait que t'es amoureuse voil basta, a le toucherait, et ptn tu-
@mymyoux Jte tiens au courant si jen reois dautres
@namortah44 Okay tu tiens au courant sur Twitter je serais prsent tkt :D
@nana_j19 Parce qu'Harry est protg par le sacrifice de sa mre. T'es au courant qu'au dpart c'est une srie de LIVRES ?
@niallabite @smxkzayn AXEL? MAIS T'ES FOLLE SI ILS VOIENT UN CLOWN S VONT PAS NOUS PROTGER ILS VONT SE BARRER EN COURANT MDRR
@niallxcalxari PPPPPPPPPPTTTTDR ts ps au courant ma ptite cs vous qui l'avaient crer pr qu'on perde mskn #EMABiggestFansJustinBieber
@perfectWWAT Je ferai tout pour pouvoir participer au projet...,je te tiens au courant, mais si je peux, je pense que ce sera St tienne
@perfectWWAT Je vais essayer de ngocier et je te tiens au courant si jamais j'ai le droit... J'espre
@poucodeamor ba on se tient au courant! et tu savais que samedi c'est l'anniversaire de mon pre?
@rerb @DelarueJC @RERBoulet gag le conducteur du #rerb abandonne le navire a parc des expo et se barre du train. Usags livrs a eux meme
@rerc_sncf j'ajoute qu'ils n'attendaient pas un autre train vu que le dufy parti du mme quai tait vide lui.
@rikershine mdrrrrrrr mais j'tais pas au courant pour l'accident moi mdr perdue, mais sinon ouais elle est un peu spciale taylor
@royalbloodfr Mme si ce n'est pas un concert, j'espre pouvoir vous faire un petit report des MTV EMA, je vous tiens au courant :)
@rueducommerce tenez nous au courant que se problme sera rsolu
@sarablbr en plus ds le trailer de la saison 5 on voit que le bus a un accident remember??
@sarabnwk enfaite si tu prfre la soire que je fais c'est bc ma mre est pas l et elle est pas au courant donc je dois faire gaffe
@sassouhepburn Je livetweeterai, si il dit un truc sur Leila et Aymeric vous serez au courant comme a ;)
@softwolfie JE SERAIS PARTI EN COURANT MOI BYE BYE LE FILM MDRRR
@stefinou1 Bonjour .temps gris # se relve .Le sud s' en sort pas mal # vendredi. Collector . Les commerants pas au courant de la sortie
@stylesofharreh Oui j'ai vu aussi et j'tais pas au courant de l'accident
@unCLEMent non mais je voulais dire que c'tait "boomerang" et pas "courant", mais j'suis pas sre
@voguetbfh tu seras pas due! Tiens moi au courant
@yseultofficiel @DaSilvaOfficiel "Comme un courant d'air on file,Droit devant,Sans gards pour le mystre,,Des instants disparus..."
@zaynRPGBTD -il eclata de rire.- tu es au courant qu'un gars s'est suicide dans ce lac?
A Sidi Ali Ben Oun (Sidi Bouzid) Nidaa Tounes est class  la premire place, suivi du Courant Al Mahaba puis Ennahdha #TnElec
APPAREMMENT LE BUS VA AVOIR UN ACCIDENT MAIS DCGHFDVVBCHKJB PUTAIN
ATTENTION : Trafic perturb sur votre RER D dans la nuit du vendredi 31 octobre au samedi 1er novembre 2014 !
Accident a la personne sur le RER A  Achres grand Cormier. Retards  prvoir cc @galeRERAfr
Accident avec le tram
Accident de personne ce matin sur le #RERA et #LigneJ  Achres. Depuis Poissy, a passe, lentement, par les voies de garage d'Achres
Accident de personne sur #RERA. La semaine qui commence bien!
Accident de tram, j'ai dfinitivement pas de chance
Accident de voyageurs  #Achres, #RerA interrompu, super! Il ne manquait plus a.
Accident grave de voyageur a #acheresgrandcormier #rera trafic interrompu a poissy @RERA_RATP #qml
Accident voyageur ce matin, colis suspect ce soir, #RERA tu as puis ton quota, laisse nous tranquille au moins demain. Merci ! #RATP
Achat appartement avec forte nuisance RER A
Aimez ma page #facebook pour rester au courant des dernires nouvelles et offres  #margamakeup #luxembourg
Alors comme la @RERA_RATP m'a AUSSI fait louper ma projo, je regarde #JosephineAngeGardien ...
Annonce "dsl de le dire nous cherchons une partie du corps" ok trs biennnn!  #RERA
Aprs Kenneth Branagh et Alan Taylor, quel ralisateur sera interdit de salle de montage sur Thor 3 par Kevin Feige? Rponse courant 2016...
Aprs le cours de maths j'dois prendre 2 bus pour rentrer chez moi j'espre j'aurais du temps entre les deux pour m'arrter  la mie cline
Article. Petit coup de gueule dun habitant devant une poubelle archipleine  la gare RER B dAulnay-sous-Bois
Attention: mouvement social sur les @LIGNEL_sncf et @LIGNEJ_SNCF reconduit demain avec 2 trains sur 3! Service normal sur le RERA. @CCBS78
Au final ce train aurait pu etre frauder O.K.L.M . Sa j'avoue y a que un.mec de paris qui a deja frauder metro et rer qui pense sa......
Avec 9min de retard, mon #rerb est pass. Le train n'est pas plein.
Avec Anas on est dans le bus et on est bloqu car y'a un accident
Barrire passage  niveau casse  Bivres , circulation interrompue dans les deux sens, reprise du trafic  9h. #rerC #qml
Bien le bonjour!! Voici ce qui se passe par ici cette semaine! POST (ou le sera au courant de la semaine):...
Bloqu depuis 25min entre Achres et ML. Conducteur nous annonce l'attente  cause d'une recherche de corps. #rera #qml
Bon j'vais alle parler  ma maman, mon papa... Ptdrrrrr bat les ovaire ma mre le mettra au courant :')
Bonjour ! Ca dmarre fort avec laccident grave de voyageur : en 20 minutes le RER na pas desservi une seule gare Du coup je vous lis :-)
Bonne communication du conducteur de mon #rera -> #poissy sur l'tat du traffic. "Je m'excuse pour ces conditions de transports". Classe !
C koi cette histoire d'accident jsuis pas au courant MDRRRRR
C'est ainsi que nous nous dbattons,comme des barques  contre courant,sans cesse repousss vers le pass
C'est sincre sa??? Partir en cours la nuit, rater son bus, controle et oral blanc, plus de batterie dc plus de musique pr rentrer le soir..
C'est toujours comme a, quand tu te lves t'es encore au courant de rien, ensuite oblige decomposer ta journe avec les galres
CFD Bagnres dans l'attente d'une reprise du trafic des tramways | @scoopit
COURANT: Re-elect Jepsen...
Ca merdouille sur le RER A  La Dfense du coup tous dans la 1!
Ce genre de lundi matin magique... RER C Meuf dans son micro "le train est retard  cause d'un
Ce soir je regarde Josphine juste pour voir si c'est vrai qu'un nain dans l'herbe est cens pourvoir s'essuyer l'derrire tout en courant.
Cest ainsi que nous nous dbattons, comme des barques  contre courant, sans cesse repousss vers le pass.
Cher @RERC_SNCF tjs aussi nul  chier qui oublie d'arrter des trains pourtant bien dclars pdt 30 MIN, @grignotages va te faire la peau.
Coince en pleine voie #RerA perturb  achres  cause d'un accident de Personne,ils recherchent le corps apparemment. Super!
Colis abandonn dans le train super super gnial extraordinaire PUTAIN DE RER A DE MERDE
Colis suspect sur #rerA trafic interrompu #ratp #laloose #pourchanger
Colis suspects a la gare RER de La Dfense, quai vacu et trafic interrompu jusqu' 18h30!
Combo gagnant accident de voyageur le matin / colis abandonn le soir sur le #rerA. Joie, bonheur, tout a. #qml
Comme d'habitude vous serez les dernier(es) au courant..
Comme un jour ya un mec il ma tenu la porte et ma apler princesse,j'suis partie en courant chez moi pour l'dire a ma mre
Comment g eu du pot la. A seulement a un train pres g faillir etre coinces et faire un detour pr rentrer chez moi. Gt ds le dernier bon rer
Comment les train du RER A il et propre pas rapport  la C et la D
D'apres ma mere j'ai fait un cauchemar cette nuit, et bah je suis pas au courant alors...
Dans 15 minutes jvais au medecin j'espre que c'est pas l'autre remplaante si non j'crois j'fuis en courant
Dans le bus j'cout 2petit parl qui disait qui fum du shit ect... il mn fait rire arrt vos btise rest au devoir coucher vous  21h30.
Dans le rer je parle avec ma mre, la dame en face coutait la conversation et limite me rpondait. Tfoooo 3lik!
Dcouverte d'infiltration d'eau dans la maison. Gros retard RER cause accident voyageur. La journe commence bien.
Dealplaza - Billet Train  Avion - Billets RER Bourg la reine Paris Tarif rduit -  - #train #voyage
Demain matin je serai tellement chaud que je serais capable de parcourir toute la rgion en courant
Dernire des abruties au courant
Dernire recherche google : "comment parler  des gens sans qu'ils partent en courant ?"
Des mdia aussi important que Premire qui n'ont toujours ps un site digne de ce nom je comprends pas.Ils sont au courant du traffic mobile?
Donc je lui indique et il me repond "Muchas Gracias ! :D" et part en courant.. je sais pas il m'a fait rire en fait x)
Dpit, il regarde twitter en attendant le RER. Dpit, sa TL parle de WiiFit trainer
Du coup je me tape rer A et rer B
Du coup je prends le risque de rentrer en rer .... L'INTELLIGENCE !!!
Du coup mon pre est au courant que j'ai 5,33 de moyenne en svt  je vais passer une mauvaise soire
Du coup, j'ai l'impression d'tre dans le RER A. @LCX78
Dydoune il s'est barr en courant quand il a vu mon pre
En srx une paire de ugg ca coute pas plus chere qu'une paire de jordan alr j'capte tjr pas pourquoi j'en voit encore des fausses dans le rer
En une nuit, #happn a fait parler de lui!! Tout les gens qu'on Twitter sont au courant par contre #Facebook le sera dans 2semaines
Et faudra m'expliquer pourquoi le train nous dbarque  Noisy le Grand... #RERA
Et nous avanons ainsi, comme des barques luttant contre le courant qui ne cesse de nous ramener vers notre pass.
Et nous avanons ainsi, comme des barques luttant contre le courant qui ne cesse de nous ramener vers notre pass.  Francis Fitzgerald
Et sa mere putain quand ya vanessa hudgens  Paname jsuis pas au courant
Fais toi faire un article dans le repu comme a tout le monde sera au courant !
Faudrait vraiment que ma mre appelle mon pre pour le mettre au courant la. J'estime que c'est pas a moi de le faire c'est trp important.
Faut arrter de faire genre t'es pas au courant mtn hun.
Grosse coupure de courant sa mre
Grve sur ma ligne de train, perturbations sur RER A, autant dire que je ne suis pas rentre et que je suis remonte comme un coucou l
Harry avait eu un accident ??? Wsh j'tait mme pas au courant
Hati! Une cble haute tension fait aujourd'hui un accident lors d'une lve qui se rendait  l'cole accompagner d'un chauffeur moto
Il est 01:08 et le trafic est normal sur l'ensemble des lignes de RER
Il est 01:21 et le trafic est normal sur l'ensemble des lignes de RER
Il est 10:08 et le trafic est normal sur l'ensemble des lignes de RER
Il est 10:21 et le trafic est normal sur l'ensemble des lignes de RER
Il est 14:39 et le trafic est normal sur l'ensemble des lignes de RER
Il est 14:51 et le trafic est normal sur l'ensemble des lignes de RER
Il est dsormais au courant que je l'haclerais jusqu' que j'obtienne une rponse pour le jour ou il doit me rendre mes affaires.
Il faudra qu'un jour on m explique l'utilite du train court a8h.Autant de personnes debout qu'assise. A part se tenir chaud je vois pas#rerc
Il parat que j'ai un dm d'histoire, j'tais pas au courant, mdrrrr, j'espre que c'est pas trop long
Ils se mettent a gueuler, insulter et se ramne en courant avec des barres de fer.
Ils sont contents tt le.monde sera au courant
Ils sont trop chouu, premire a tre au courant avec les moches  L
Ils veulent m'arranger un coup avec la caissire j'tait mme pas au courant ptdrrrr
Ils voient un gars boucher et ils continuent si c'tait vraiment relle ils se seraient casss en courant #bunker
Imagine tu vois ta mre dans un film entrain d'se faire bais et toi tes pas au courant et tu va au cin avec des pote y la voyent c chaud
Imaginez le jour ou jvois luke, je cours vers lui et ce pd il part en courant pour m'immiter tss
J essaye difficilement d aller chez @GamingLiveFR mais la sncf est pas d'accord peut tre un train dans 30min... Le RER c pire que Koh-Lanta
J'AI LOUP MON RER @horananas
J'ai appris recement que je bedav ? Ah bon j'etais pas au courant
J'ai compris que j'tais moche quand ma chienne elle est parti en courant quand j'allais vers elle...
J'ai essay de vivre chaque minutes comme si c'tait la dernire.. mais au bout de 4h  hurler en courant dans tous les sens j'tais creve
J'ai l'impression que toute la plante entire est au courant et que je suis le seul grand  penser que c'est scred
J'ai rate le bus ma mre m'a emmene  la gare et now 5min de retard pour le train ~.~
J'ai rever de tout ceux avec qui j'etait en 3e ils etaient tous dans l'bus et y avait une enorme araignee qui courait derriere l'bus
J'ai tout vcu ce soir, enferme avec des Messins, accident de tram, la victoire dans les dernires minutes !
J'allais demander a ma mere pour Waca rek le courant s'est coupe. Et je sais que quand ca se couper elle s'enerve donc je suis repartie oklm
J'apprends maintenant que j'ai des devoirs. Pourquoi j'suis toujours la dernire au courant putain
J'espre que j'ai pas louper mon bus
J'me sentirais lgre quand tout le monde seras au courant
J'suis perdue dans cette famille j'suis la dernire  tre au courant de tout
J'suis sre que mon "pre" est mme pas au courant que je me suis fait oprer.
J'tais mme pas au courant pour l'accident
J'tais pas au courant mme qu'ils avaient eu un accident ensemble
Je chronomtre, j'implose, j'attends, c'est pas c'que j'sais faire de plus intelligent, j'ai l'hmisphre gauche au courant
Je crois que c'est la premire fois que je sort et ma mre est au courant.
Je me suis remis au courant des bails de Dumont, je suis heureuse
Je peux rien cacher  ma mre, c'est chaud elle est toujours au courant de ce que je fais
Je serai au courant de toute sa vie sexuelle
Je suis au courant de tout les tweets de Lucie avant qu'elle tweet ! Et elle est fire en plus
Je suis dans le RER d en direction de Gare du Nord et pourquoi a t'il fallut que je monte dans le wagon ou il y a des disputes de couples?
Je suis peut tre loin, mais tu bouges d'un sourcil, que je serai au courant! C'est a d'avoir une grande famille
Je suis sre qu'elle est au courant du bruit que ses paroles ont fait ici. Justement, c'est pour cette raison qu'elle continue.
Je suis tjr la dernire a tre au courant
Je suis toujours la dernire a tre au courant des truc grave du jore sa la mdr
Je vais  l'ifsi pour 1h30 de cours. Autant dire j'ai plus de RER qu'autre chose.
Jour de #grve / accident de personne et la #RATP ne trouve rien de mieux que d'avoir des crans #HS #QML #RERA #CDG*
Journe de merde, RER de merde, banlieue de merde, cours de merde
Jvais vendre la maison du daron il sera meme pas au courant si ca continue
Jvous jure que si un jour Ashton me follow, toute la plante sera au courant, jvais gueuler tellement fort
Kenneth Clarke, le plus europhile des conservateurs, attaque Cameron: le ministre des Affaires trangres devait tre au courant. #EU
L'autre jour j'tait avec ma mre dans l'bus la tvoi un couple il se galoche devant moi j'tait gne devan ma mre il se manger la bouche
L'eau est rare en saison de pluie et les coupures de courant sont frquentes...Il y a quelque chose d'trange ici...C'est le #sommeillistan.
LECTRICIT - L'Ontario n'achtera pas les surplus du Qubec #lapresseplus. Quand le courant ne passe pas...
La CTC mettra  disposition des micheline dernire gnration courant 2015 #LastRT
La gare d' Achres - Grand Cormier est de nouveau desservie dans les deux sens (accident grave de voyageur) #RATP #RERA
La gare d' Achres - Grand Cormier n'est pas desservie dans les deux sens (accident grave de voyageur) #RATP #RERA
La grande cte a remont en courant  guret
La mre qui laisse son fils de 3 ans se trainait par terre dans le bus dgueulasse : Well Done
Le #Cned est il au courant que le taux normal de #TVA est 20% depuis le 1er janvier 2014 et non plus 19,6% #PrepaConcours #Comptabilit
Le Gvt n'existe pas. Les min font chacun la politique de leur courant. Pt & 1er Min se taisent: si 1 courant mq, le Gvt n'a plus de majorit
Le chauffeur du bus  ralenti psq la beurette traversait, je lui ai dis vas-y passe c'est orange,  Ils m'ont tous applaudt...
Le chauffeur du bus a ralenti par ce qu'une beurette traversait, je lui ai dis "azi passe c'est orange"
Le chauffeur du bus a ralenti par ce qu'une beurette traversait, je lui ai dis "azi passe c'est orange" on m'a applaudit, j'ai roul l'bus
Le chauffeur du bus a ralenti par ce qu'une beurette traversait, je lui ai dis azi passe c'est orange, on m'a applaudit, j'ai conduis l'bus
Le connard qui coute RMC Info  fond dans le RER pourrait au moins mettre ses couteurs. #IncivilitDuMatin
Le hype train pour Sunset Overdrive est aussi vide qu'une rame de RER aux heures de pointe :)
Le nouveau dfi  la mode: courir plus vite que le mtro  #rera #rerb #metro
Le president du Courant Al Mahaba, Hechmi Hamdi a annonc quil sest retir de la course aux presidentielles.
Le rire de @MxHyde est bizarre des fois... J'ai envie de partir en courant parfois tellement je suis pas tranquille...
Le score du week-end - Jeu, set et match pour SALLES SUR L'HERS !: Six  un, c'est un score courant au tennis,...
Le trafic est ralenti sur la ligne #RERC au niveau de l'axe Dourdan / Paris #BOF. Retour  la normale  10h
Le trafic reprend doucement mais srement sur la ligne #RERC #BOF
Le trafic reprend progressivement sur la branche Cergy... #rera #qml
Le train L arrivera voie 4. En attendant un RER A viens squatter la voie. Au final, il est supprim. L'incomprhension est totale
Le train il viens dans 20 min frre et le bus aussi azii
Les Amis Pour les personnes qui ne serait pas au courant voici les 4 pisode du ZOMBIE :D,  Episode 1 :...
Les agents sur le quai pour Chantiers>Massy sortent les gens du @RERC_SNCF et 5mn aprs un train part. La semaine commence bien. #rerc #qml
Les autobus ddis au train de la ligne Mascouche seront gratuits du 1er dcembre 2014 au 31 janvier 2015.  #AMT
Les bus dans Nantes c'est des coups  pter des cbles
Les gars de la CIE sont entrain de travailler sur le Transformateur de la CitDepuis matin ya pas courant,On espre ke ca revienne vite
Les trains SLOM ont aussi du retard ???? #rerc #sncf_rerc
Librs ! Enfin un trafic rgulier sur toute la ligne #RERA #OK
Librs ! Trafic rtabli sur toute la ligne #RERA #OK
Ma mere elle m'a dit que si je vois un clown je dois partir en courant
Ma mre c'est la seule au courant et elle tais trop heureuse quand je lui est dis sa ma tonner
Ma mre elle a appel Alexia pour qu'elle vienne dormir chez moi et moi je suis pas au courant, tranquille
Ma mre est au courant c dj bien mes mtn faut le rdv
Ma mre est mme pas au courant qu'il mange a la maison mdrr faut que je lui dise
Ma mre est tjrs pas au courant que selena vient scouater a la maison a partir de demain matin mdrr
Ma mre et lui se sont levs en courant,et elle elle rigole comme une conne*
Ma mre me dis des truc sur moi jamais j'aurais cru qu'un jour elle serait au courant
Ma mre qui coupe le courant,on s'retrouve dans le noir total et elle commence  marcher vers nous. Avec ma soeur on a cri comme des folles
Ma mre qui me dit j'ai vue TOUTE tes vidos sur ask hier (oups elle tait pas au courant pour V :')))
Mais c'est chiant ma mre elle recharge jamais assez ma carte de bus du coup, je me retrouve dans la merde a chaque fois.
Maldiction du RER : Il suffit que j'emprunte une ligne pour que son trafic soit perturb. \/
Mddr non mais j'suis arrive chez moi, mon pre il m'a dit " tu peux repartir" du coup j'devais reprendre le bus avec les mecs chelous la
Mdrr je suis toujours la dernire au courant j'en ai marre
Mdrr ma mre va coupait le courant demain soire
Merci @jmarc, content que a te plaise ;) La version Android est sur le , on te tiendra au courant quand elle sera dispo sur #googleplay
Merci beaucoup ! On te tiendra au courant pour l'avant premire. Bonne journe et  bientt :) @hugostepanian
Meteo du #RER (#ratp) : OK () 27/10/2014 a 10:07 Trafic normal sur l'ensemble ...
Meteo du #RER (#ratp) : OK () 27/10/2014 a 14:33 Trafic normal sur l'ensemble ...
Mme  22h on roule au ralenti. C'est magnifique... vive le RERA. Pas prte d'tre arrive chez moi... #transportsdemerde
Mme  cette heure ci y'a des bouchons de trains alors qu'il y en a deux par heure LOL. Arrt 5 min  chaque stations 0/,Vive le RER D.
Moi je speed pr avoir mon train mais biensur mr le RER A ne connait pas ce mot.
Moi quand je suis rue cuyre appartement je suis connu dans le secteur j'tais pas au courant nan plus pourtant j'y suis all une fois
Moment ubuesque dans le RER E : la voix sur le quai annonce que le train est supprim et le chauffeur annonce qu'il dmarre cc @pierreserne
Mon compte twitter perso il me sert vraiment  rien. Mais je peux pas le supp, aprs je serais plus au courant de rien mdr.
Mon cousin a dj plannifi son mariage avec sa rebeu il a pas mis ses frres au courant, c'est la guerre l
Mon cousin c'est un lche il devais m'emmener me faire percer et il me dis non pcq "tu comprend si ta mre est au courant elle va me frapp"
Mon dieu. C'est pas possible. Je suis toujours la dernire au courant des scoops. Je dbloque encore.
Mon etat serait le meme si jvenais de manger un maxi roul et j'avais fum 9 khnoufs et jetais partie en courant juste apres c pas jo-jo
Mon pere taleur il a fais une gaffe  Il a dis a ma mere "Alors ta appeler .. Pour le concert de RS" jetais pas censee etre au courant
Mon petit frre j'lui dis t'a 15sc pour me ramener un paquet de chips il y va en courant mdrr je l'aime
Mon portable c'est eclat par terre dans le RER ta l'heure. Ma batterie a pris un gros coup
Mon pre c'est le plus fort putain, qu'il est fou, 74km en courant, normal
Mon pre il gueule que je passe a la tl du coup j'arrive en courant et la jvois la chane animal la avc un sanglier mdr c un gamin
Mon pre m'a dit si tu vois un clown dbarquer devant toi dans la rue tu souris pas tu pars en courant !
Mon pre on dirait qu'il est pas au courant qu'il a une tele, toujours sur l'ordi
Mon pre peut pas venir nous chercher du coup on prend le bus Roissy/Crepy. Ma mre est contente elle tape la discute au chauffeur PTDRRRR.
Mon rer est arrt au milieu de nulle part, avec un brouillard a couper au couteau. J'ai l'impression d'tre dans un film d'horreur
Mtro Ligne 12 En raison d'un voyageur malade  la station Saint Lazare, le trafic est ralenti sur l'ensemble de la ligne.
Mtro Ligne 12 En rpercussion d'un voyageur malade, le trafic est ralenti sur l'ensemble de la ligne.
Mtro Ligne 5 En rpercussion d'une panne de signalisation, le trafic est ralenti sur l'ensemble de la ligne.
Mtro Ligne 6 En raison d'un accident grave de voyageur  la station Nationale, le trafic est interrompu entre Bercy et Place d [1/2]
Mtro Ligne 6 En raison d'un accident grave de voyageur  la station Nationale, le trafic est interrompu entre Daumesnil et Pla [1/2]
Mtro Ligne 6 En raison d'un accident grave de voyageur, le trafic est interrompu entre Bercy et Place d'Italie. Reprise estim [1/2]
Mtro Ligne 6 En rpercussion d'un Accident Grave de Voyageur, le trafic est ralenti sur l'ensemble de la ligne. Trafic normal [1/2]
Mtro Ligne 6 En rpercussion d'un Accident Grave de Voyageur, les trains ne marquent pas l'arrt  la station Nationale. Tra [1/2]
Mtro Ligne 8 En rpercussion d'un voyageur sur la voie, le trafic est ralenti sur l'ensemble de la ligne. Trafic normal sur le [1/2]
Ne jamais raconter ne serait-ce qu'1% de sa vie  une meuf si vous ne voulez pas que tout Twitter soit au courant..
Nique sa mre j'ai loup mon bus maintenant j'ai 30 min de retard !!!
Nom de Zeus ! Un train  l'heure sur le @RERC_SNCF ! #rerc #qml
Ok on a mga failli avoir un accident avec un tram je pense que a aurait pas t trs gentil
Okay la vitesse du train ce matin, j'irais plus vite en moonwalk... #rera
On arrive devant le bus le chauffeur il ouvre qu' TRISHA WSH ELLE MARCHAIT AU RALENTI ! Et nous quand il nous a vu il a dmarr direct. #lt
On embellit le RER : notre mission sur #RadioLibertaire est (enfin) en rcoute. Au programme : P'tit Quinquin,...
On tait tous au courant sauf eux ! [INCONTOURNABLE] "Red Bull donne des ailes !" Ils poursuivent la marque pour...
Par contre rep c'est pas en option j'sais pas si t'es au courant
Pas d'accident aujourd'hui dans le RER, pas de vol de cbles, pas de colis suspect, svp, merci et au revoir
Pas de bol ! Trafic ralenti sur la ligne #RERD de Villeneuve vers Melun #BOF
Pas de chance ! Le trafic est interrompu  Achres Grand Cormier sur la ligne #RERA #KO. Retour  la normale  9h
Patience ! Reprise des circulations sur la branche Poissy du #RERA, toutefois, le trafic reste perturb sur l'ensemble de cette ligne #KO
Patience les amis ! Le trafic est interrompu entre Nation et Auber #RERA #BOF
Petit con le 1er extrait de ton 1er album c'est Zoo . The classique . T'es au courant j'espre @KaarisOfficiel1 ?
Phone Rgie recrute des #htes et #htesses d'#accueil en entreprise. #Anglais courant. Postulez ds maintenant : recrut@phone-
Pour bien commencer comme toutes les semaines @rerd_sncf supprim des trains #qml #onSeLasse
Pour ceux qui ne seraient pas au courant, la @GamingRoomTV a un forum!  Allez viens, on est bien.
Pour le moment on trace a not d'un IDOL esprant que a dure ... #rerb
Pour rcuprer une assurance obsques aviva
Pour une fois j'ai mit mon pre au courant pour l'autre fdp et le seul truc qu'il me sort c'est "tu veux que je le dfonce ce con ?"
Pour une fois que je dors tt du taff y a des problmes de train ! Youpi banane #RERA
Pourquoi le trafic est perturb en cas de dcouverte d'un colis suspect?  (colis suspect) #RERA #RATP
Pourquoi les gamineries comme sa elle vienne toujours en courant vers moi
Pratiquement sre que 70% des pitons et 95% des automobilistes de notre quartier ne sont pas au courant... ou s'en foutent?
Profitez du trafic fluide sur la ligne #RERA #OK
Profitez du trafic fluide sur toute la ligne #RERE #OK. Cela ne durera peut tre pas !
Ptdrr j'etait mme pas au courant qu'ils avait fait un accident. Elle aurait du y rester msk
Ptn le courant est enfin revenu mais il a rallum tte les lumires de ma chambre , comme a Jss dj debout
Putain mais oui ce bus!! Dans le trailer de la saison 5 y a un accident #twd
Putain sa mre est pas morte est c'est elle qui a peins les peinture elle est au courant #UnderTheDome
QG: Je fait la liste des prnom les plus courant quan...  Anna : Oui elle tait dans ma classe l'anne dernire...
Qlq pourra me mettre au courant car je serai a un repas et je pourrai pas ecouter nrj???
Quand il a appris que Stphane tait au courant de tout il a dit il va lui niquer sa race et Stphane tait mort de rire mdddddddr
Quand les trains passent grave vite  ct des quais rer l a me donne envie de vomir
Quand ton petit chat vient en courant vers toi et te dit "tonton debouuuut " >>>>>>
Que a s'embrouille dans le RER ahaha. Vieux couple. Enfin surtout le mec.
Quelle serait la meilleure solution pour amliorer la fourniture du courant lectrique en RDC ? o...
Quelques trams ont ts taggs  la bombe. Un arrt dtruit  la barre de fer Cours des 50 otages. #Nantes #Testet
RER A En raison d'un accident grave de voyageur  Achres - Grand Cormier ,le trafic est ralenti sur la ligne et la gare d'Ach [1/2]
RER A En raison d'un accident grave de voyageur  Achres - Grand Cormier ,le trafic est ralenti sur la ligne et la gare de Ach [1/2]
RER A En raison d'un accident grave de voyageur  Achres-Grand Cormier , le trafic est interrompu entre les gares Maisons Laff [1/2]
RER A En raison d'un accident grave de voyageur, le trafic est interrompu entre les gares La Dfense et Poissy. Trafic normal su [1/2]
RER A En raison de la prsence d'un colis suspect  la Dfense, le trafic est interrompu entre Nanterre Prfecture et Charles [1/2]
RER A En raison de la prsence d'un colis suspect, le trafic est interrompu entre les gares Nation et Auber.
RER A En rpercussion d'un accident grave de voyageur  Achres - Grand Cormier ,le trafic est ralenti sur l'ensemble de la li [1/2]
RER A En rpercussion d'un colis suspect, le trafic est ralenti sur l'ensemble de la ligne. Trafic normal sur les autres lignes de RER
RER A En rpercussion de la prsence d'un colis suspect le trafic est ralenti sur l'ensemble de la ligne.
RER C: trafic interrompu Dourdan-Brtigny. Bris de barrire sur un passage  niveau  Breuillet Bruyres #QML #rerc
RT @77_fm: Trafic ralenti sur toute la ligne du @RERA_RATP  cause d'un accident grave de voyageur - retour  la normale prvu  10h #RERA #RATP
RT @AcerKaoru: J essaye difficilement d aller chez @GamingLiveFR mais la sncf est pas d'accord peut tre un train dans 30min... Le RER c pire que Koh-Lanta
RT @AdrienSrc78: Pour une fois que je dors tt du taff y a des problmes de train ! Youpi banane #RERA
RT @Aimede_: Accident de personne ce matin sur le #RERA et #LigneJ  Achres. Depuis Poissy, a passe, lentement, par les voies de garage d'Achres
RT @AlineCamus: Accident voyageur ce matin, colis suspect ce soir, #RERA tu as puis ton quota, laisse nous tranquille au moins demain. Merci ! #RATP
RT @Amywebhouse: A Sidi Ali Ben Oun (Sidi Bouzid) Nidaa Tounes est class  la premire place, suivi du Courant Al Mahaba puis Ennahdha #TnElec
RT @AnniePayep: @BriceAlbin1 bonjour. Toi qui reoit souvent Nton l dis lui que les feux de Dalip sont en panne. Surement il n'est pas au courant LOL #Dla
RT @Antoine29b: L'Ip sera transmi quelque heure avant l'ouverture pour que tous le monde soit au courant ;)
RT @AphtalC: #DansAmusement, il peut y avoir dlestage durant 10 min dans un CHU hein. Coupez courant  la fte de la bire aussi.,#Team228 #Gnado
RT @Aro_Baze: Le chauffeur du bus a ralenti par ce qu'une beurette traversait, je lui ai dis azi passe c'est orange, on m'a applaudit, j'ai roul l'bus
RT @AudreyBTiranti: Le jour o les appli annonceront les rels problmes de trains ce sera une rvolution #RATP #RERC
RT @AymericDeLyon: @yseultofficiel @DaSilvaOfficiel "Comme un courant d'air on file,Droit devant,Sans gards pour le mystre,,Des instants disparus..."
RT @BAC_FILMS: @Alexandre_Pixar Bonjour ! La sortie DVD sera prvue pour courant fvrier. Bonne soire :)
RT @BensaidSimon: En srx une paire de ugg ca coute pas plus chere qu'une paire de jordan alr j'capte tjr pas pourquoi j'en voit encore des fausses dans le rer
RT @BernierJuline: Je me suis remis au courant des bails de Dumont, je suis heureuse
RT @Biiiilal91: @itele: #USA > Perptuit pour Michael Dunn meurtrier d'un Noir qui coutait trop fort la musique  VIENS DS L'RER D
RT @Blacoxp: @RERA_RATP par contre vous m'expliquerez pourquoi les trains ne passent pas mais que les gens restent sur le quai #desfoisque #qml
RT @CIaudeFrancois: RE JE SUIS LA, DSOL DU RETARD J'AVAIS UNE PETITE COUPURE DE COURANT
RT @CLOWN_DAFRIQUE: SACHA- PICACHU ATTAQUE CLAIRE PICACHU- CEST TA MERE QUI PAYE LE COURANT LA? MEME MA GRAND MERE PLEURE
RT @Camille_fk: @DhotMartin tqt tout Twitter sera au courant mdrrr
RT @Celine_Grizi: @catheine2 si tu tait au courant de l'ITW d'aujourd'hui tu serais que c pas le cas !
RT @Chaimoush_D: L'autre jour j'tait avec ma mre dans l'bus la tvoi un couple il se galoche devant moi j'tait gne devan ma mre il se manger la bouche
RT @Chau_R: @blxcka:     imaginez vous courir derrire le bus avec ces chaussures mdr
RT @ChloeMaloum: Ils voient un gars boucher et ils continuent si c'tait vraiment relle ils se seraient casss en courant #bunker
RT @Cite_de_la_Mer: Sgolne Royal  contre-courant de la position gouvernementale sur la pche de grands fonds - Le marin
RT @Conducteur_RER: Le contrleur a pris plusieurs coups de poing dans la tte... Il tait hier soir aux urgences d'Orlans. Pas plus d'infos sur son tat.
RT @Courcouronnes_: Travaux en gare de Corbeil-Essonnes : le trafic du #RERD sera perturb dans la nuit du 31/10 au 01/11.
RT @DNolwenn: @SikiiCh @f_feezy je n'tais pas au courant .. C'est qui la mre ?
RT @Denis91230: @RERD_SNCF comment un train  quai peut tre en retard de prparation ???? Qu'est-ce que vous branlez a la maintenance ???? #rerd #qml
RT @DenisTherriault: RT @PatrouilleTvaQc: Accident autobus Orlans express vs SUV  l'tape. 24 personnes  bord, 4 blesss mineur
RT @Emmabite_: @myhoechlin -je suis sure que s'il serait au courant de TOUT, pas que du fait que t'es amoureuse voil basta, a le toucherait, et ptn tu-
RT @EvaGsto: @PLhtr je viens d'y repenser . J'espre tout s'est bien passer ! Tu me tiens au courant
RT @EvaSeelig: @LysaLawson @OrianneThiebaud Toujours la premire pour rattraper et tre au courant des derniers ragots
RT @FabriceVIAUD: #qml 7h35 Plan de transport : RER A branches Cergy et Poissy : 1 train sur 2,Tous les trains vers Cergy omnibus
RT @Ganeshdeux: Vous tiez au courant ? Ce Week-end, JEESUS est revenu ! et il trempe sa bite dans ta mre morte ! Alleluhiah !
RT @Ghanaboy_95: Ne jamais raconter ne serait-ce qu'1% de sa vie  une meuf si vous ne voulez pas que tout Twitter soit au courant..
RT @GregoireVerron: Nique sa mre j'ai loup mon bus maintenant j'ai 30 min de retard !!!
RT @HabyMayers: J'allais demander a ma mere pour Waca rek le courant s'est coupe. Et je sais que quand ca se couper elle s'enerve donc je suis repartie oklm
RT @HayesTwerkeur: @_AnIrishBlond Ma mre ma fait, mais ils sont partout! Moi : De qui ?! *Arrivant en courant* ma mre : bah les One Di! Bc y'avais SMG
RT @HuffPostMaghreb: #tnelec : Sur Twitter, Mohamed Hechmi Hamdi, fondateur du Courant Al-Mahaba annonce son retrait de la prsidentielle
RT @HumourEnSMS: "A 15ans elle est tomb enceinte par accident" C'est vrai que c'est trs courant de trbucher et de tomber les jambes cartes sur un pnis.
RT @IamJulyan: Accident grave de voyageur a #acheresgrandcormier #rera trafic interrompu a poissy @RERA_RATP #qml
RT @JulieDufour3: Soit je me trompe de bus, soit je bloque les portes, soit y'a des fous, soit on manque d'avoir un accident, soit je me tape la honte..
RT @JulienNoyrez: #RERA #RATP  eux de vous faire dtester le train...#Lundifficile
RT @JulienNoyrez: @RERA_RATP: 13:06, le trafic est interrompu entre Nation et Auber (colis suspect) #RATP #RERA : ah ? Bon...un de plus...combien de temps ?
RT @JulienNoyrez: @RERA_RATP: 13:31, le trafic est ralenti sur la ligne. Retour  la normale  14:00. (colis suspect) #RATP #RERA...donc pas avant 15h quoi.
RT @JulietteBrunet1: Fais toi faire un article dans le repu comme a tout le monde sera au courant !
RT @Katalves12: Colis suspect sur #rerA trafic interrompu #ratp #laloose #pourchanger
RT @KentinRadioCity: Pourquoi les gamineries comme sa elle vienne toujours en courant vers moi
RT @LANDEYves:  Une tude dmontre que 25 000 csariennes seraient vitables en France chaque anne . Oui, merci, on est au courant pour la sodomie.
RT @LIGNEL_sncf: @LIGNEL_sncf Reprise des circulations sur la branche #Poissy du #RERA, sans desserte de la gare d'#AchresGrdCormier. Prvoir 1 train sur 2.
RT @LIGNEL_sncf: Trafic #LIGNEL: Accident grave de voyageur au niveau d'Achres Grand Cormier. Circulation retenue sur RERA branche Poissy jusqu' 9h
RT @Laauriitaa93: Mon pere taleur il a fais une gaffe  Il a dis a ma mere "Alors ta appeler .. Pour le concert de RS" jetais pas censee etre au courant
RT @LnBero: .@RERC_SNCF Des mois qu'on souffre avc les incidents INCESSANTS sur la ligne. 1service digne, c'est pour quand? moins de camras + de trains
RT @LoVE1D4Evvver: @perfectWWAT Je vais essayer de ngocier et je te tiens au courant si jamais j'ai le droit... J'espre
RT @LowraJen: Le rire de @MxHyde est bizarre des fois... J'ai envie de partir en courant parfois tellement je suis pas tranquille...
RT @Luc_thl: oui si tu peux me tenir au courant sa serais sympas :) @LaetitiaLejay
RT @LucieHaran: Dydoune il s'est barr en courant quand il a vu mon pre
RT @LuluBeowulf: @val95_ t'inquite  partir de demain tu seras plus au courant de ce qui se passe  l'extrieur
RT @MYL67: Et faudra m'expliquer pourquoi le train nous dbarque  Noisy le Grand... #RERA
RT @Mackalisteur: avec pep on vous prepare une sale surprise, vous serez bientot tous au courant, soyez prets, l'avenir est a nous
RT @MamzellePau: Combo gagnant accident de voyageur le matin / colis abandonn le soir sur le #rerA. Joie, bonheur, tout a. #qml
RT @Manekang: L'eau est rare en saison de pluie et les coupures de courant sont frquentes...Il y a quelque chose d'trange ici...C'est le #sommeillistan.
RT @MappyCity: Librs ! Enfin un trafic rgulier sur toute la ligne #RERA #OK
RT @MappyCity: Librs ! Trafic rtabli sur toute la ligne #RERA #OK
RT @MappyCity: Pas de chance ! Le trafic est interrompu  Achres Grand Cormier sur la ligne #RERA #KO. Retour  la normale  9h
RT @MappyCity: Patience ! Reprise des circulations sur la branche Poissy du #RERA, toutefois, le trafic reste perturb sur l'ensemble de cette ligne #KO
RT @MappyCity: Patience les amis ! Le trafic est interrompu entre Nation et Auber #RERA #BOF
RT @MappyCity: Profitez du trafic fluide sur la ligne #RERA #OK
RT @MappyCity: Retour  un trafic normal et rgulier du ct du #RERA #OK
RT @MappyCity: Sauvs ! Reprise du trafic fluide sur toute la ligne #RERC #OK
RT @MappyCity: Suite  un accident grave de voyageur, le trafic est interrompu sur la ligne #RERA entre la Defense -Grande Arche- et Poissy #KO
RT @MarcVictor2: #rerc #qml prochain train annonc  9h11 au lieu de 9h j'ai bien fait de prendre le 9106b lent mais plus sur...
RT @MarcVictor2: #rerc #qml reprise du trafic annonc maintenant  10h  Massy... Enfin grce au bus je serai au boulot  9h30
RT @MarcVictor2: #rerc #qml toujours  Massy 20' de retard aucune info sur la reprise du trafic...
RT @MarieNolais: @JulienFarrugia @FHinesf mdr vous avez pas la mme mre t'es pas au courant frre ? Ta tais adopt toi cpour ca t'es beau toi
RT @Mathieuasm: La grande cte a remont en courant  guret
RT @Melinooshka: Pas d'accident aujourd'hui dans le RER, pas de vol de cbles, pas de colis suspect, svp, merci et au revoir
RT @MiaRaV: Accident de voyageurs  #Achres, #RerA interrompu, super! Il ne manquait plus a.
RT @MiaRaV: Coince en pleine voie #RerA perturb  achres  cause d'un accident de Personne,ils recherchent le corps apparemment. Super!
RT @Michaelucrpg: // IL Y A AHS A LA TL MON PRE ME LA DIT JE SUIS PARTIS EN COURANT ET JE ME SUIS CASSE LA GUEULE MDRRRRRR BYE
RT @MlissaB_: On arrive devant le bus le chauffeur il ouvre qu' TRISHA WSH ELLE MARCHAIT AU RALENTI ! Et nous quand il nous a vu il a dmarr direct. #lt
RT @Mona_la_Ref: Moi GOUMIN je l'ai radi de mn langage courant depuis ! Tt ce qui arrive dans la vie n'arrive pas par hasard donc ne vs attarder pas dessus
RT @MorganeDmgs: @anmisfit Tu seras la premire au courant Tqt
RT @Mousse_lk: Mme derrire le bus j'cours pas #TeamTropDeFierte .. NOOOON J'RIGOLE WALLAH J'MET UNE VITESSE QUAND J'LE VOIS J'SUIS ESSOUFL A LA FIN
RT @Naaaoum: Le chauffeur du bus a ralenti pcq une beurette traversait, je lui ai dis azy passe c'est orange, On m'a applaudit, j'ai conduit l'bus
RT @Nars_And_Sick: @YW_F06 tu seras au courant de tout
RT @NasseraTaziya: Trafic trs perturb sur le #RERA a cause d'un incident grave de voyageur
RT @NicoMich1: @LesGothiques Ah d'accord, plus de forum... Ref n'avait pas l'air au courant ou alors il ne nous a pas tout dit... #Bref @GothikaFans
RT @NintendojoFR: Plus fort quun Falcon Punch, le courant de la rivire, meilleur moyen de propulsion de Smash Bros. :  Joli !
RT @Nolwenn_Monpas: L'hypocrisie, un trait de caractre de plus en plus courant
RT @Nonma_KE: Quand Enzo fais une btise j'aime trop arriver par derrire et crier "qu'est ce que tu fais?" Il sursaute et se barre en courant
RT @OnMaApplaudit: Le chauffeur du bus a ralenti par ce qu'une beurette traversait, je lui ai dis "azi passe c'est orange" on m'a applaudit, j'ai roul l'bus
RT @Oora0902: Dans le montage que ma mre a fait on me voie partir en courant de la maison hant ptdddddr
RT @PatrouilleTvaQc: Accident autobus Orlans express vs SUV  l'tape. 24 personnes  bord, 4 blesss mineur
RT @PatrouilleTvaQc: Accident autobus Orlans express vs suv route 175 hauteur de l'tape. 24 personnes  bord, 4 blesss mineur
RT @Phone_Regie: Phone Rgie recrute des #htes et #htesses d'#accueil en entreprise. #Anglais courant. Postulez ds maintenant : recrut@phone-
RT @Pit_NZ: Petit con le 1er extrait de ton 1er album c'est Zoo . The classique . T'es au courant j'espre @KaarisOfficiel1 ?
RT @Preparez_Vous: En cas de panne de courant, teignez toutes les lumires sauf une  lintrieur et une  lextrieur. Consultez :
RT @REEDUS7: #TheWalkingDead le bus que prend Abraham doit etre celui qui a l'accident dans la bande annonce de la saison 5 Maggie et Glenn sont dedans!
RT @RERA_RATP: 07:19, le trafic est interrompu entre La Defense (Grande Arche) et Poissy (accident grave de voyageur) #RATP #RERA
RT @RERA_RATP: 07:30, le trafic est interrompu entre Maisons-Laffitte et Poissy (accident grave de voyageur) #RATP #RERA
RT @RERA_RATP: 07:43, le trafic est ralenti sur la ligne (accident grave de voyageur) #RATP #RERA
RT @RERA_RATP: 07:54, le trafic est ralenti sur la ligne (accident grave de voyageur) #RATP #RERA
RT @RERA_RATP: 13:06, le trafic est interrompu entre Nation et Auber (colis suspect) #RATP #RERA
RT @RERA_RATP: 13:13, le trafic est interrompu entre Nation et Auber. Retour  la normale  14:00. (colis suspect) #RATP #RERA
RT @RERA_RATP: 13:31, le trafic est ralenti sur la ligne. Retour  la normale  14:00. (colis suspect) #RATP #RERA
RT @RERA_RATP: 17:30, le trafic est interrompu entre Nanterre-Prefecture et Etoile (colis suspect) #RATP #RERA
RT @RERA_RATP: 17:40, le trafic est interrompu entre Nanterre-Prefecture et Etoile. Retour  la normale  18:30. (colis suspect) #RATP #RERA
RT @RERA_RATP: 17:53, le trafic est ralenti sur la ligne. Retour  la normale  18:30. (colis suspect) #RATP #RERA
RT @RERA_RATP: La gare d' Achres - Grand Cormier est de nouveau desservie dans les deux sens (accident grave de voyageur) #RATP #RERA
RT @RERA_RATP: La gare d' Achres - Grand Cormier n'est pas desservie dans les deux sens (accident grave de voyageur) #RATP #RERA
RT @RERA_RATP: Pourquoi le trafic est perturb en cas de dcouverte d'un colis suspect?  (colis suspect) #RERA #RATP
RT @RERA_RATP: Reprise du trafic vers 18h30 (colis suspect) #RERA #RATP
RT @RERA_RATP: Retour  un trafic rgulier sur l'ensemble de la ligne #RERA #RATP. Incident termin.
RT @RERD_SNCF: Bjr @MappyCity @quoimaligne si vos followers veulent visiter les coulisses de l'info voy et donner leur avis ->
RT @Rf2manMan: Le chauffeur du bus  ralenti psq la beurette traversait, je lui ai dis vas-y passe c'est orange,  Ils m'ont tous applaudt...
RT @Romane_lfrt: T'es obse et t'es moche au cas ou tu serais pas au courant
RT @SS8Aymelia: @sassouhepburn Je livetweeterai, si il dit un truc sur Leila et Aymeric vous serez au courant comme a ;)
RT @SanTTcheZ: Barrire passage  niveau casse  Bivres , circulation interrompue dans les deux sens, reprise du trafic  9h. #rerC #qml
RT @SergueiUljasz: @OceaneWilliams moi a St Laz plus de RER pour Poissy, dans le train le plus blind de la plante
RT @ShadyFennec: Dpit, il regarde twitter en attendant le RER. Dpit, sa TL parle de WiiFit trainer
RT @ShigoumPeleche: Les gars de la CIE sont entrain de travailler sur le Transformateur de la CitDepuis matin ya pas courant,On espre ke ca revienne vite
RT @Soeurisee_: Sa fait les thug's derrire des crans. Dehors des qu'ya embrouilles sa s'taille en courant... #Trsteralit
RT @Stee_Ly: Okay la vitesse du train ce matin, j'irais plus vite en moonwalk... #rera
RT @TeamPolska1: Dans les rer bus etc les polonais on les remarque direct, tu peux pas les louper bire  la main, et ils parlent fort
RT @TomekTR: #QML La gare d' Achres - Grand Cormier est de nouveau desservie dans les deux sens (accident grave de voyageur) #RATP #RERA
RT @TomekTR: #qml #rera #LIGNEL: Accident grave de voyageur au niveau d'Achres Grand Cormier. Circulation retenue sur RERA branche Poissy jusqu' 9h
RT @TomekTR: #qml #rera #lignej #lignel : Paris/Cergy - Nanterre Cergy/Poissy - Mantes via Poissy : retards 10-15min jusqu' 10h, accident grave voyageur
RT @TomekTR: #qml , le trafic est interrompu entre Nanterre-Prefecture et Etoile (colis suspect) #RATP #RERA
RT @TomekTR: #qml le trafic est interrompu entre Nation et Auber. Retour  la normale  14:00. (colis suspect) #RATP #RERA
RT @TomekTR: RER C: trafic interrompu Dourdan-Brtigny. Bris de barrire sur un passage  niveau  Breuillet Bruyres #QML #rerc
RT @TyDezer: Le train ya marqu qu'il passe a Viry .. Jme retrouve a Grigny g grave les nerf putan. Niquez vos putain de mre @RERD_SNCF @SNCF_QR
RT @U_krystine: @Romain_Mddn nen mais on parle de grec la je serai meme venu en courant t est malade ou quoi vasiii merlishh c'est pas grave jvou parle plus
RT @Une_belieber94: @niallxcalxari PPPPPPPPPPTTTTDR ts ps au courant ma ptite cs vous qui l'avaient crer pr qu'on perde mskn #EMABiggestFansJustinBieber
RT @VilledEvry: ATTENTION : Trafic perturb sur votre RER D dans la nuit du vendredi 31 octobre au samedi 1er novembre 2014 !
RT @VoloVerratti: Ya des pb de train heureusement mon pere il m'enmene a Poissy vais peter le RER
RT @WMyWay_Mobile: RER A En raison d'un accident grave de voyageur, le trafic est interrompu entre les gares La Dfense et Poissy. Trafic normal su [1/2]
RT @WMyWay_Mobile: itte et Poissy. Trafic normal sur les autres lignes de RER. [2/2]
RT @WSEMaya: Mon pre il gueule que je passe a la tl du coup j'arrive en courant et la jvois la chane animal la avc un sanglier mdr c un gamin
RT @WanWeed94: @TKaiis_ @ManonNcl Stefan sera bien entendu au courant demain a la premiere heure ou je me rveille donc 15h !
RT @WilliamWizel: @edensmia1 si ils auraient tu deux adolescents de la commune tout le monde serait au courant
RT @_GrumpyUnicorn: Ma mre elle est au courant pour les clowns, mme pour celui de la Seyne, elle veut aller lui pter la gueule... MAIS OUI
RT @_LesCitations:  Et nous avanons ainsi, comme des barques luttant contre le courant qui ne cesse de nous ramener vers notre pass.  Francis Fitzgerald
RT @_Morganissime_: #Orlans - Accident ; Une femme de 86 ans renverse et coince sous un tram, elle n'est que lgrement blesse.
RT @_SlyTheSly_: #rera de 22h pour Chessy loup  2 minutes prs. Et hop, 30 minutes d'attente pour le suivant. Merci les horaires du soir #ratp
RT @_SlyTheSly_: 1/4h d'attente du #rera... et il est pass de 22h36  22h46... soit au moins 10 mins de retard pour un train qui passe ttes les 30. #ratp...
RT @_Unapriincesa: Ma mre est au courant c dj bien mes mtn faut le rdv
RT @_lxndrcstll_: Que a s'embrouille dans le RER ahaha. Vieux couple. Enfin surtout le mec.
RT @aa_french: #Urgent | Tunisie: Tte de liste du "Courant de lamour"  Kairouan, Rim al-Thayri annonce un ventuel retrait du parlement. #AA
RT @arobaaase: J'ai essay de vivre chaque minutes comme si c'tait la dernire.. mais au bout de 4h  hurler en courant dans tous les sens j'tais creve
RT @astralangel08: @MappyCity #RERA #BOF branche Cergy: a va faire plus de 15min qu'on attend un train pour mlv , un de supprim et un autre retard..
RT @aulnaylibre: Article. Petit coup de gueule dun habitant devant une poubelle archipleine  la gare RER B dAulnay-sous-Bois
RT @aymrcb: le chauffeur a ralentit parce qu'une beurette travers,j'lui ai dit c'est orange tu peut passer. tt l'monde m'a applaudi j'ai conduis le bus
RT @ben_of_mac: Jour de #grve / accident de personne et la #RATP ne trouve rien de mieux que d'avoir des crans #HS #QML #RERA #CDG*
RT @bleuloireocean: Quelques trams ont ts taggs  la bombe. Un arrt dtruit  la barre de fer Cours des 50 otages. #Nantes #Testet
RT @bobbylay23: colis suspect  La Dfense, RER A bloqu dans les deux sens... reprise du traffic dans 1h.. Just a #NormalDay in #Paris
RT @celine_sioufi: Y'a 3 bus qui sont pass devant nous et qui se sont pas arrter du coup on a courru prcq on avait trop peur qu'il y'est des clowns
RT @chocalho_94: Pour bien commencer comme toutes les semaines @rerd_sncf supprim des trains #qml #onSeLasse
RT @cyriltd: @MonsieurLudo @Erik_Michel Tu as raison. On se a des rames pourries 1 niveau, dont les restes du #RERA, pendant qu'eux ont des trains neufs!
RT @dopelovatodd: je vous jure c'tait pkin express pour avoir un train mais on est dans le rer direction Mickey
RT @dutsnouis: Avec @forette16 on a pas arrter entre les nuggets dans le tram et les mc flurry dans le train
RT @ecanault: Les agents sur le quai pour Chantiers>Massy sortent les gens du @RERC_SNCF et 5mn aprs un train part. La semaine commence bien. #rerc #qml
RT @ecanault: Nom de Zeus ! Un train  l'heure sur le @RERC_SNCF ! #rerc #qml
RT @feliicie18: Je serai au courant de toute sa vie sexuelle
RT @floraaaa8: Accident de personne sur #RERA. La semaine qui commence bien!
RT @floraaaa8: Annonce "dsl de le dire nous cherchons une partie du corps" ok trs biennnn!  #RERA
RT @janebch: @Zulu_to_Zulu fait pas trop la meuf si t'tais pas descendue du bus courir chercher tes places dans le caniveau tu serais rentre a esvres
RT @jennicolas: j'ai loup le bus parce qu'il avait une minute d'avance. combien vous pariez que le suivant sera en retard ? #qml
RT @kardhafi: #rera compltement couper  la dfense. En gros, j rentre pas chez moi. :(
RT @kehlimBenz: @HichemBaf76 @JVanneur @Djoeee2 @Ahmadbleville mdrrr c sur son pre il cour a cotes du tram pour voir si il est rapide
RT @kevinkeves: A la rentre il fera froid en allant  l'arrt d'bus c'est ce qui me motive le moins d'aller en cours dj
RT @kvnco: [Test] Pour recevoir le flash trafic, en cas de perturbation du #RerA, #JystYo RERASNCF (service non officiel) #qml
RT @la_kwada: Le chauffeur du bus a ralenti psq une beurette traversait, je lui ai dis azi passe c'est orange, on m'a applaudit, j'ai conduis l'bus
RT @lindouch07: @Kaabanaa @ForeverOlympe @IliesseO la Mere de leila entendue la rumeur meme en Italie il sont pas au Courant jai ma cousine qui Habite
RT @manounette01: En une nuit, #happn a fait parler de lui!! Tout les gens qu'on Twitter sont au courant par contre #Facebook le sera dans 2semaines
RT @mardeytranspor: ce matin, train parti en retard + signal d'alarme + accident grave voyageurce soir, colis suspect, panne de signalisation,i love #rera #qml
RT @mariebrsb: APPAREMMENT LE BUS VA AVOIR UN ACCIDENT MAIS DCGHFDVVBCHKJB PUTAIN
RT @mec2paname: Un #rerb prvu  13h25, qui part en avance  13h24... le monde  l'envers! Rsultat... j'ai rat mon train. Merci #RERB
RT @merciersam: Bloqu depuis 25min entre Achres et ML. Conducteur nous annonce l'attente  cause d'une recherche de corps. #rera #qml
RT @merciersam: Le trafic reprend progressivement sur la branche Cergy... #rera #qml
RT @morefnu: Accident a la personne sur le RER A  Achres grand Cormier. Retards  prvoir cc @galeRERAfr
RT @morgane224: @CharlineBastien C est ta mre depuis le temp tu devrais etre au courant .
RT @nexus006: @RERC_SNCF plutt que de faire des annonces avec les trains qui ne circulent pas (ELBA VITY CIME SARA...) dites nous ceux qui circulent #qml
RT @nolwenn_coudant: Prendre le rer un lendemain de soire c'est trop bien
RT @oceana81love: @MarionVctn aaaah oui je vois..  Tkt tu sera la premire au courant
RT @odlaugh: couter les podcasts de @guillaumepley dans le bus et rire toute seule ..
RT @ohzainangel: @canelle_m merci mais je suis sre y aura un fdp qui va unfollow c'est courant a mddr
RT @onedire97060502: #Imagine,Niall lorsqu'il te voit arriver en courant pour le voir, tu lui avais promis que tu serais l  temps.
RT @pandahatma: Dernire recherche google : "comment parler  des gens sans qu'ils partent en courant ?"
RT @panhpouth: Quand le chauffeur du bus acclre d'un coup
RT @rootweeter: @RERC_SNCF Elba en panne  Juvisy. Vos trains ne roulent pas assez, faut pas s'tonner qu'ils tombent en panne. #rerc #qml #sncf
RT @serine_adams: @CaScherrer @Proud_OfKA tu sais tout le monde est au courant maintenant de ce que solene fait avec kev en reve XD
RT @shxdowslight: @cyrxs__ j'tais tranquille dans le bus en espagne j'coutais ma musique quand soudain, une voix familire retentit  mes oreilles-
RT @spoum42: j'ajoute que le quai e du #Rerc  Juvisy tait mystrieusement ferm et que du coup a fout le bordel sur la rpartition des trains. #Qml
RT @svintlouis: J'ai appris recement que je bedav ? Ah bon j'etais pas au courant
RT @szadkowski_m: Reportage du @nytimes sur l'quipe de Facebook qui gre le fil d'actu + son impact sur le trafic des sites d'info
RT @taylorlsbg: J'ai vu 20 fois "On est le 1er Septembre" Nan ? On est pas le 68 Janvier ? J'suis pas au courant
RT @tclovisn: Bonne communication du conducteur de mon #rera -> #poissy sur l'tat du traffic. "Je m'excuse pour ces conditions de transports". Classe !
RT @thiealli: #rerc Trafic interrompu entre VC & Massy , "reprise vers 8h30 voir 9h" La prcision selon la #SNCF #qml
RT @thor_tue_: Dormir 4h, se reveiller en retard et avoir un accident sur le #RERa, la semaine commence bien !
RT @tommoxbieber: derrire un bus, j'fais "qui veux voir un vagin" (jsp pk), et l y'a la tte d'un clown qui dpasse du bus mdr j'ai flipp. du coup j'court-
RT @unpetiteffort: #RERA  Nation c'est satur, le train pour MLV est une bote  sardines qui prend moins de voyageurs qu'il n'en laisse  quai.
RT @victorien_tiger: Tramways dgrads, arrts de bus exploss  coups de barres de fer... Merci @Johanna_Rolland. #Inscurit #Nantes
RT @winterarry: @bvush @psshstyles on est les dernires au courant :////
RT @xbeaudouin: #rera #ligneL #ligneJ : retard a cause d'un accident voyageur. Merci beaucoup #qml
RT @xiitapp: Le nouveau dfi  la mode: courir plus vite que le mtro  #rera #rerb #metro
RT @yvonnou_mignon: @Aphro_Lazan ew mais !!! Mdr je vais arriver le lundi en courant vers le cercle en mode trop happy de revoir les gens et.. Elle sera la...
Regular Show a repris depuis 3 semaines.. et j'tais pas au courant
Reportage du @nytimes sur l'quipe de Facebook qui gre le fil d'actu + son impact sur le trafic des sites d'info
Reprise du trafic vers 18h30 (colis suspect) #RERA #RATP
Retour  un trafic normal et rgulier du ct du #RERA #OK
Retour  un trafic rgulier sur l'ensemble de la ligne #RERA #RATP. Incident termin.
Sa fais bizzard de savoir que ma mre est maintenant au courant que je fume autres choses que des clopes..
Sa fait les thug's derrire des crans. Dehors des qu'ya embrouilles sa s'taille en courant... #Trsteralit
Salut @dialogfeed, j'imagine que va tes au courant mais va avez un robot-mail capricieux ce lundi. Ai reu 25x la mm demande. Pour info ;)
Sauvs ! Reprise du trafic fluide sur toute la ligne #RERC #OK
Selon des sources sres, Caly Dawkins attendrait un enfant. Son petit ami ne serait pas au courant. Vous tes donc au courant
Si tu confis qqch  qqun, cette personne se confiera  son tour a une autre personne et de fil en aiguille tt le monde sera au courant
Sinon je viens seulement de remarquer qu'il y a la PS4 chez mon pre.....okay pourquoi moi j'tais pas au courant
Suite  un accident grave de voyageur, le trafic est interrompu sur la ligne #RERA entre la Defense -Grande Arche- et Poissy #KO
T'est parents sont au courant de ta bisexualit ?  Ma mere
TRAFIC INTERROMPU SUR LE RER A. MAIS PUTAIN DE MERDE VOUS FAITES EXPRS ????
Tiens le #RERA ne marche pas ce matin pour changer...pas grave je vais prendre le RER E: ah mais train supprime...otage @RERA_RATP
Toujours la dernire au courant.
Tout se droule trop bien ce matin (j'ai pas couru aprs le tram, je me suis leve du 1er coup,etc..); il va m'arriver une couille c sr!
Toute bonne chose a une fin ! Trafic interrompu dans les 2 sens entre Brtigny et Dourdan sur la ligne #RERC #KO
Trafic #LIGNEL: Accident grave de voyageur au niveau d'Achres Grand Cormier. Circulation retenue sur RERA branche Poissy jusqu' 9h
Trafic fortement perturb sur la ligne de #rera  08:00 le 27/10 #fedlate en savoir plus sur
Trafic fortement perturb sur la ligne de #rera  08:40 le 27/10 #fedlate en savoir plus sur
Trafic fortement perturb sur la ligne de #rera  09:20 le 27/10 #fedlate en savoir plus sur
Trafic fortement perturb sur la ligne de #rera  13:20 le 27/10 #fedlate en savoir plus sur
Trafic fortement perturb sur la ligne de #rera  14:00 le 27/10 #fedlate en savoir plus sur
Trafic fortement perturb sur la ligne de #rera  14:40 le 27/10 #fedlate en savoir plus sur
Trafic fortement perturb sur la ligne de #rera  17:40 le 27/10 #fedlate en savoir plus sur
Trafic fortement perturb sur la ligne de #rera  18:20 le 27/10 #fedlate en savoir plus sur
Trafic fortement perturb sur la ligne de #rera  23:00 le 27/10 #fedlate en savoir plus sur
Trafic fortement perturb sur la ligne de #rerb  08:40 le 27/10 #fedlate en savoir plus sur
Trafic fortement perturb sur la ligne de #rerb  09:20 le 27/10 #fedlate en savoir plus sur
Trafic fortement perturb sur la ligne de #rerc  08:20 le 27/10 #fedlate en savoir plus sur
Trafic fortement perturb sur la ligne de #rerc  09:40 le 27/10 #fedlate en savoir plus sur
Trafic interrompu sur la ligne du RER A en raison d'un accident grave de voyageur (Appli Ratp) @RERA_RATP
Trafic perturb sur la ligne de #rera  20:20 le 27/10 #fedlate en savoir plus sur
Trafic perturb sur la ligne de #rerb  08:00 le 27/10 #fedlate en savoir plus sur
Trafic perturb sur la ligne de #rerc  07:40 le 27/10 #fedlate en savoir plus sur
Trafic perturb sur la ligne de #rerc  09:00 le 27/10 #fedlate en savoir plus sur
Trafic ralenti sur toute la ligne du @RERA_RATP  cause d'un accident grave de voyageur - retour  la normale prvu  10h #RERA #RATP
Trafic trs perturb sur le #RERA a cause d'un incident grave de voyageur
Tramways dgrads, arrts de bus exploss  coups de barres de fer... Merci @Johanna_Rolland. #Inscurit #Nantes
Travaux en gare de Corbeil-Essonnes : le trafic du #RERD sera perturb dans la nuit du 31/10 au 01/11.
Tu ferais de la psycho tu verras que les enfants sont au courant ds 4 ans !
Tu peux courir derrire un bus 3min en avance il s'en bat les couilles oua j'ai la haine
Un #rerb prvu  13h25, qui part en avance  13h24... le monde  l'envers! Rsultat... j'ai rat mon train. Merci #RERB
Un gars du tram arrter pas de me regarder du coup je suis partis le voir et lui demander si il avais un problme il m'a dis non juste que
Un jour on va retrouver un couple qui baisera sur les siges d'un RER svp.
Under The Dome a a repris mme pas j'tais au courant
VALSERO PORTE-PAROLE DE BERNARD NJONGA Ce parti sera lanc le 28 courant au Hilton. C'est un parti paysan....
Vendredi : accident voyageur grave  Chevaleret. Lundi : accident voyageur grave  Nationale. C'est pas joyeux, la ligne 6, dernirement.
Victoire du courant lac en #Tunisie et dfaite des Islamistes plus sages que les Freres musulmans en #Egypte
Vie de m'mre si jconnaissais leurs parents l'histoire aurait dj clat ... Enfin je sais pas si leur parents sont dj au courant
Vive le @RERA_RAP qui affiche des panneaux horaire normaux... puis un message "trafic interrompu" ds que tu passes le portillon
Vous aime trop mal cris D'ieu. C'est pas notre copain vous tes au courant ?Y'a une majuscule et pour mes frres juifs une apostrophe.
Vous tiez au courant ? Ce Week-end, JEESUS est revenu ! et il trempe sa bite dans ta mre morte ! Alleluhiah !
Vraiment l'impression d'tre la dernire au courant
Vu dans le RER E: un couple de cassos qui joue  se pter les boutons... #romantismeaumax #tocards
Y'a 3 bus qui sont pass devant nous et qui se sont pas arrter du coup on a courru prcq on avait trop peur qu'il y'est des clowns
Y'a eu une de ces coupure de courant sa mre dans ma rue
Y'a une grosse araigne  ct de mon lit et mon frre dort encore, j'fais quoi je chiale mtn ou j'pars en courant?
Ya des pb de train heureusement mon pere il m'enmene a Poissy vais peter le RER
[SNCF] Grve reconduite demain. Prvisions de circulation : 2/3 trains sur lignes L et J. Service normal sur RER A, TER et Intercits.
[Test] Pour recevoir le flash trafic, en cas de perturbation du #RerA, #JystYo RERASNCF (service non officiel) #qml
a fait 4 jours que le courant de mon village galre mdrr c'est plus vivable
a me fait rire quelle fasse comme si de rien n'tait, alors que je suis au courant. LOL !
a te dis des :"J'te tiens au courant tkt" mais quand le jour arrivera,rien de ne sera prvu puis tout les plans adieux #OnVoitLesVrais
ambre c le mec qui  crer les termes de tension & de courant vs viendrez me voir quand vs serez plus vieux si a vs a servi dans la vie.
au cross du collge on cours quand y a des pers & des qu'il n'ya plus un chien ont marche,& a meme pas 100metre de la ligne d'arriv on cour
au moin je serai sur que je loupe pas le bus scolaire ou 51
avec pep on vous prepare une sale surprise, vous serez bientot tous au courant, soyez prets, l'avenir est a nous
c'est normal d'apprendre un truc o t'es cense tre la premire personne au courant par quelqu'un que tu connais mme pas
ce matin, train parti en retard + signal d'alarme + accident grave voyageurce soir, colis suspect, panne de signalisation,i love #rera #qml
ce serai bien que tu me tienne au courant bb
chaque fois que je lui dis tu me tiens au courant tu me redis, et bah il le fait jamais. C'est gnial
courir un sprint pour louper le rer, a vaut de l'or
couter M.I.A. dans le rer rend le trajet tout de suite plus sympathique
de Gaulle toile. Trafic normal sur les autres lignes de RER [2/2]
derrire un bus, j'fais "qui veux voir un vagin" (jsp pk), et l y'a la tte d'un clown qui dpasse du bus mdr j'ai flipp. du coup j'court-
genre magique systme ils on tourne des truc de leur clip vers mon lyce et j'tais mme au au courant
gne. Trafic normal sur les autres lignes de RER. [2/2]
il vit sa femme en train d'se faire fou..RER
itte et Poissy. Trafic normal sur les autres lignes de RER. [2/2]
j'ai loup le bus parce qu'il avait une minute d'avance. combien vous pariez que le suivant sera en retard ? #qml
j'ajoute que le quai e du #Rerc  Juvisy tait mystrieusement ferm et que du coup a fout le bordel sur la rpartition des trains. #Qml
j'tais mme pas au courant pour l'accident d'haylor
je suis toujours la dernire au courant des ragots #Misre
je vous jure c'tait pkin express pour avoir un train mais on est dans le rer direction Mickey
jfais  ma mre "oublies pas jrentre samedi" elle me rp "non t'iras pas  la soire des jeunes" DJ D'O T'ES AU COURANT ???
l'appartement d'en haut la mre elle engueule son gosse en lui courant et lui jetant des chaussures mdrttttrrrr vive les arabes
les voitures qui ralentissent dvnt toi qd t'attend seule  l'arrt de bus la vie d'ma mre a fait encore plus flipper qu'un clown
ma mere a chaque fois elle entend coldplay elle vient devant la tl en courant c une ouf
ma mre elle a voulu faire la con en courant sauf qu'elle s'est fait mal, elle fait moins la maline dans le canap avec les glaons
ma mre tait au courant que y'avait des mecs qui faisait peur elle m'a rien dit, je putain, j'en tremble encore comment j'ai couru
moi perso jdi plus rien mon frere tu ldi a une personne a la fin ta toute la cit o courant
oui si tu peux me tenir au courant sa serais sympas :) @LaetitiaLejay
ptdr j'ai mis une claque  mon pre comment je suis partie en courant
ptdr j'tais mme pas au courant pour l'accident d'harry
puis apres ma mere qui me fais "ce matin j'ai vu passer ta soeur en courant j'ai pas compris apres-
puis qd ma mere elle ouvre la porte il arrive en courant avec le couteau
res - Grand Cormier n'est pas desservie. Trafic normal sur les autres lignes de RER. [2/2]
vu un agent ratp courir pour avoir son rer A
