" contre courant toujours sont les contres-culture[..]faudra tuer le pre, faire entendre ta voix, jeunesse lves-toi "
"60 ans en arrire"? @brams1017 Et alors? Il y a 60 ans, il n'y avait pas de violeurs? Peut-tre! Je ne suis pas au courant.
"@Asso_SaDur: Le trafic reprend tout doucement vers le nord. Beaucoup de monde sur les quais RER D. Le VP du STIF @durovray il est ou ?
"@jeannouquoi: demain tout le monde sera au courant" il est venu me parler meuf il m'a fait trop de la peine on aurait dit qu'il allait pleu
"Au moment o les Etats-Unis retirent le Patriot Act, la France va  contre courant avec le #PJLRenseignement" @C_MorinDesailly #fgi2015
"Personne ne le savait  part Ginny. Lui, il n'tait pas au courant" pour tre sre. #petiteprcision #HarryPotterFanfic
"Retour aux sources, ma chre... N'oublies pas tes origines... L o y'a pas de courant."
"Si jamais on y arrive". Et en plus notre conducteur de train fait du cynisme alors qu'on prend bien cher en btaillres. #rerd @RERD_SNCF
"ils ne sont pas au courant de nos je t'aime.Mais je te parie que si ils savaient,,Ils seraient jaloux de nous."
#Infos  RER D: Trafic interrompu entre Goussainville et Orry-la-Ville, la reprise de la circulation estime...
#LT le trafic a repris sur les voies directes (#TerPicardie & #Intercits).Prvu interrompu jusque 14h sur le #RERD !,#qml
#LigneL/#RERA: Axe #Poissy sur #RERA: prvoir 1 train sur 2 + allongt tps parcours 5/20mins jusqu' 07h30. Motif: Incident de signalisation
#Perturbation #RERD Motif Dfaut dalimentation lectrique  Villiers le Bel. Le trafic reprend progressivement mais reste t [1/2]
#RATP #SNCF @RERD_SNCF : Trafic interrompu entre Goussainville et Orry-la-Ville, la reprise estime ... 18h
#RERA: Axe #Poissy: Trafic normal sur #RERA suite incident de signalisation  hauteur de #Poissy. Lgers retards  prvoir jusqu' 07h30
#RERA: trafic ralenti suite a divers incidents. Bon courage et bonne journee a tous.
#RERD #Otage ils sont o les trains pour Melun ?!?!??
#RERD : zro information zro communication zro train = zro versement navigo ce mois-ci / reprise estime de mon paiement ? #VTFF
#RT Infotrafic #RERD [MAJ] Trafic ralenti sur l'ensemble de la ligne, jusqu' 22h environ (personnes sur les voies)
#RerD plus de trafic entre orry et st-Denis. #qml
#TER #RER Signez la #ptition d' #ufcquechoisir "Payons en Fonction de la Qualit des #Transports"  via @ufcquechoisir
#Trafic Ligne 14,Blocage circulation Cit Labeye - La ligne est dvie, en direction de Gires Gare -...
#flash Iran: 24 morts dans un accident de bus
#qml : #LigneL/#RERA: Axe #Poissy sur #RERA: prvoir 1 train sur 2 + allongt tps parcours 5/20mins jusqu' 07h30 : Incident de signalisation
#rerd vraiment le meilleur des train
#run #running La fte des mamans en courantcest plus marrant !: Cline Mahalin tait...
(En vrai je vais la rcuprer dans le bus mais chut soyez en deuil)
-en courant et genre jsp prq mais elle ma suivis cet pute so je suis all vers la glissade la ou y'avait manu et son h et genre elodie-
. @FrDesouche @Rem0Williams @grardleclerc et Platini et d'autres etaient au courant de tout..il va peut etre tout balancer Blatter
00:25, le trafic est ralenti sur la ligne (incident voyageur) #RERB
00:25, le trafic est ralenti sur la ligne (incident voyageur) #RERB via @RERB
07:14, le trafic est ralenti sur la ligne (divers incidents) #RATP #RERA
07:14, le trafic est ralenti sur la ligne (divers incidents) #RATP #RERA via @RERA_RATP
1h20 au lieu de 40 minutes et ca sans incident en cours... Bravo la RATP et le RER A... Trop de privilges dans ces boites...
3 bus et 2 mtros parce que tu bloques tout Paris. El #rey yo te quiero mais quand mme l c'est un peu abus #trafic #qml
6,5 MILLIONS DE LITRES DE BIRE bus en 2014  l'Oktoberfest de Munich !,a aura cout l'iPhone 6 d'un...
@ _le_loup: Le RER ou le metro ?
@91louisalope @wwatmovie Je ne sais pas si tu es au courant, mais le projet a repris ! :) #wwatmoviefrance
@93BADWI @fvkwdc karime* c le frere du gars la dns le bus mm tu lui a mis un coup de cheveux
@93BVT3RA Je ne sais pas si tu es au courant, mais le projet a repris ! :) #wwatmoviefrance
@Adiaa45 cool bon on se tiens au courant quand on peu se voir avec yanina sa serait coool  bisous ma poulette
@Adrien_spit bah quand un auteur manque d'imagination il a recourt  une surenchre facile et gratuite. Dans la fin d'une srie c courant.
@AliceKiwii Je ne sais pas si tu es au courant, mais le projet a repris ! :) #wwatmoviefrance
@AlienSKP tu seras au courant c est pour  que j suis de retour sur le net... faire tourner le mot aux potos!!! Merci  toi gro
@AlineGns @ValentinMejean vous avez pas reu le mail de le prado ? Elle a dit courant de la semaine pro
@Aptarus @RERA_RATP Ben du coup c'est un trafic #normal :"D
@Astharius aaah genre ! Ptn la meuf au courant de rien t'sais mdrrrr tel pre tel fille
@Aurianne9 Je ne sais pas si tu es au courant, mais le projet a repris ! :) #wwatmoviefrance
@BLALIAM Mauvaise foi vidente :,Saurel va annoncer que la ligne 5 est dj en cours de construction entre Albert 1er et le Jeu de Paume;-)
@BVoltaire & ce au dtriment du cash, qui est moins facile  "tracer"...mme qd tu acheteras 1baguette le fisc sera au courant
@Bellekinho la darrone, et je sais pas si mon pre est au courant. Viens sms
@BottomMini Dans le RER, oui a me parat /normal/ de traiter les gens dcemment, relation "non-principale" ou pas.
@Camille_NC aha ma mre est dj au courant qu'une excursion se prpare dans les terres profondes
@CaptainRedstone A la base je voulais en faire et ma mre tait au courant et que je lui ai dit elle ma rpondue : tu feras quand mme
@CaroleQuintaine en loccurence, dans ces cas-l, la rac elle est rarement au courant.
@Celine60120 ok j espre que tu n as rien de grave sans tre curieuse tiens moi au courant courage a toi s
@Chaimaanouhou1 dsl bb, j'tais pas au courant de tes 3ans de carrire de tennis!
@ChloeFsr Je ne sais pas si tu es au courant, mais le projet a repris ! :) #wwatmoviefrance
@ChloePos ils sont toujours pas au courant pour celui de mon pre lol
@ChoWaaaa @VectaHess Esque re au courant que moi j'ai un co de fou et toi tu me met des Boulxhit
@ColferJackson OMG ce serait trop cool !! Tu me tiens au courant :)
@Conducteur_RER @Carole_Coridun non juste des trains, on n'est pas exigent
@Conducteur_RER @Flo77Flo @RERD_SNCF C'est pourquoi si le RER D tait coup en 2 (situation avant 1995), les impacts seraient + limits !
@Conducteur_RER @Flo77Flo @RERD_SNCF dsol conducteur de train : un train de marchandise est pass sur les voies du D  Brunoy ce matin...
@Conducteur_RER @Flo77Flo @RERD_SNCF le problme, c'est que l'on a fait passer 5 TER et un train de marchandise vers PARIS et ZERO RER D...
@Conducteur_RER @RERD_SNCF @quoimaligne on = utilisateurs, usagers et couper la ligne =diviser les problmes, viter rpercussions nord/sud
@Conducteur_RER Pour aller  la Plaine il vaut mieux prendre le B du coup? Ou il y a suffisamment de train qui s'arrtent  stade de france?
@Conducteur_RER oula non pas notre train. . .
@CorneloupLucas Aucun soucis xD, mais le jour ou il y est je pense qu'avec ton fil d'actu tu seras vite au courant x) surtout si je flood =x
@Dabla_SoonNight @RERD_SNCF Les trains font 1/2 tour  Gou donc tu devrais pouvoir aller  Paris
@DaddyTheBeat @Barbierunning un vrai courant se lve je trouve en ce moment et  raison sur la manne financire autour du running
@DanielRiolo Il fera l'autruche comme tout le monde, en disant qu'il n'tait au courant de rien;
@DantenJeanne Je ne sais pas si tu es au courant, mais le projet a repris ! :) #wwatmoviefrance
@DehenneV jmen fou ma mre est dj au courant que j'y vais pas vendredi
@DelarueJC @RERD_SNCF @Flo77Flo @Asso_usagersidf @Red_Deff  Remontons ces informations !
@Dim_lgn j'espre que tu m'tiendras au courant, moi j'veux tre l :)
@Djouums @__cocaine90s azy toi tkt j'ai mon phone tsera la premire a tre au courant comme je vois jte manque tro et tme fra des nems
@DocteurNinja on vous tiendras au courant si y'a du nouveau mais pour l'instant c'est officiellement les dernires sances
@DorianeZiegler T'es sre de vouloir mettre "secrtaire" et les Hashtag #branlette et #lunettes dans le mme tweet? *s'en va en courant*
@Downvolt c'est rare que j'assiste  des lives de lyrae (car jsuis pas au courant lol) mais quand j'y vais j'adore)
@Dune_douce de rien, je peux pas faire grand chose pour toi mais tiens nous au courant. J'espre que a va s'arranger.
@DuttyAicha mdr non mais la dernire fois j'y vais sans mes pote le lendemain 30 personne les mette o courant flemme
@ElFarfadosh (sans lui je serais srement mme pas au courant de ton existence, et a, a serait vraiment triste.)
@ErikaBadin j'espre que ce sera une rponse positive alors! Tien nous au courant!  ta mre risquerait de te mettre  la rue?
@EssonneInfo @RERD_SNCF on tait comme du btail, aucun agent SNCF pour fluidifier le tout. Parqus dans les vieux trains gris
@EtienneBobo @AlexOTime Si je trouve quelqu'un avec qui faire le premier pas je te tiendrai au courant et tu me seras mon coach :p
@EvaCifSua @flexyflow @ElsAmpe en effet: le RER aiderait. . gare de Forest est, un train par heure. . alors que qq min de Midi et Central
@Experimentboy courant  0A ensuite branche une batterie vide (ici a sera ta radio ). Puis on monte la
@Extravag_Antz c'est sur qu'au final elle va retrouver ses frres et soeur dj que Sansa est au courant que Bran est pas mort sa va boug
@FRUiiTEA mais wsh moi je veux qu'on rserve today ma mere est au courant ect jsuis d'attaque aussi hein!
@FanV2N @Asso_SaDur @SeverinPl @RERD_SNCF au sud pas de trains supplmentaires en pointe
@Farid_1er t as les cheveux hrache t as l air bien o courant
@FathKLS @I2sou_ Ba bien sre que si dj on est au courant de 6-7 sans compter ceux dont on est pas au courant a lui fait un big palmars
@Flo77Flo @RERD_SNCF @durovray @Denis91230 @Red_Deff ...en IdF, ce ne sont pas les "Grands Projets" pharaoniques, mais nos trains quotidiens
@Flolafement Pourtant je l'avais accroche sous un tram, t'avais juste  la rcuprer. Pas ma faute si tu fais aucun effort :p
@ForceRep46 Une rencontre avec @ForceRep24 dans le courant du mois de Juin est elle possible ? Nous devons fdrer autour de nous . Merci .
@Forlan_dz son courant, en t'en que musulman, il se doit de surveiller derrire qui il prie. Et c'est normal. Il y'a des imams qui ne
@FreakyHestia Je sais pas si je serais rentre jeudi, je passe des oraux jusqu' 15H30  Cambrai... Je te tiendrais au courant dans
@Ganeshdeux  puis t'es connu, alors connu et accessible, c'est pas courant non plus.,Mais poli et respectueux, c'est si rare que a.
@Gantshik J'ai chang avec votre conseillre, elle vous rappelle dans la journe. Tenez-moi au courant. ^Mar
@HORANMAMBO mdrr je suis rarement au courant de ce qu'il se passe aussi
@HellEctrix je viens d'apprendre que @waalzuk s'tait fait tabasse. Un ami  elle me tien au courant mais c'est assez svre.
@Hypixel Tu es au courant des bugs d'xp et de guilds coins qu'on ne reois pas  la fin de la game ?
@IndienPasPlume te voil inform! consultes moi et tu seras au courant!
@IrhElodie t'inquite! Tu seras la premire au courant si a marche  mon avis ;)
@Isabelle_Dns @RenoiDuVillage @QuentinFlorean1 mais pk tu crois n'importe qui j'ai appeler des gens du collge pers est au courant
@JCM13MM @VGCU84 @OM_Officiel sa sera vraiment dur Seul les groupes sont au courant de se projet Il faut patienter on verra bien
@JojoTinoo @Benjamin_Mrlt mdrrr vie dma mere jsuis au courant de rien bon on va chez Benjamin?
@JordanWayans sa sera mme plus une surprise vu que tes dj au courant
@Just__Lea parce que je sors de 2h de ptn de transport et que j'ai du prendre le rer du coup j'ai loup le bus du coup j'attends avec les
@Kaiss_94 Gros mito va tu serais parti en courant @obadialg
@Kowan_ @AlbertCheuret @GuillaumeVoids Et genre je serait pas au courant ? Je le prendrais mal
@LaPetiteLouuise @Gentilledem @BenoitCrp d'ailleurs au passage courant semaine dernire j'les ai vu fume une clope a deux tout seul
@LauraBontemp Tu vas rire. Mon premier bus est pass 3 min en avance. Donc je cours jusqu'au deuxime.
@LauraZovi tkt quand j'saurais tu sera la 1 re au courant
@LePetitDiable_ @yayafariza non faut pas voir le seum je serai l pour te tenir au courant du score ;-)
@Le_Figaro Un cas malheureusement courant dans un pays qui a reni son principe de libert en se soumettant  une religion sectaire obsolte
@LesEchos: Corruption  la Fifa : le secrtaire gnral serait impliqu  #FIFAgate #football Blatter pas au courant?
@Lilhorange Je ne sais pas si tu es au courant, mais le projet a repris ! :) #wwatmoviefrance
@LilianSentenero Je suis l frre !,N'hsites pas  m'envoyer sms, m'appeler .. Tiens moi au courant
@LindsayChalline tu doit pas tre au courant dans la s5 on les vera pas ^^
@LionDuPanshir Toi je suis sur tu seras le premier au courant du prochain attentat dans le monde
@LuxiaDezia j'espre que a se rtablira vite ! Oui j'espre aussi tout comme toi , on se tiens au courant de toute manire
@M4ev3 ah beh la monitrice a l'air sympa !  Non pas encore mon Jojo ! Tu seras le preums au courant !!
@MaVieEnLigne Aller en voiture  Paris,  cette heure-ci, autant attendre la reprise du trafic. :-) @Conducteur_RER @FanV2N
@MaelleOff Je ne sais pas si tu es au courant, mais le projet a repris ! :) #wwatmoviefrance
@Mahieum14 tqt tu seras le premier au courant mon chou
@MaliaRPTW *Te remarque puis vient vers toi en courant* Malia.
@Mapon_Matata Vous avez raison de tweeter vous-mme afin d'tre au courant de ce que les gens pensent de votre action M. Le 1er
@MappyCity 1 train NORA supprim et pas d'informations,@RERC_SNCF @galeRERAfr
@Marrakchi_Ahmed @WYN_SERIE_A il est au courant qu'il aura pas Ibra j'espre
@MarsuOmar Tiens nous au courant quand ce sera commercialis. I want mine too lol
@MathisDwl Ils blaguent pas mdr moi je serais parti en courant
@MattetlesNews pas du tout au courant de quoi que ce soit si je devais enquter sur chaque fan qui veut des photos je serai expert  Miami
@MaximeSchmittt Parce que t'est pas au courant des dernires news, mais maiuntenant a va carrment tre hard ...
@Melanie_ALMA @margauwe il travail aussi a Amneville si il serait mort ma belle mre serait au courant
@Melanie_Kah @RERA_RATP ah le rerA ravie de plus le prendre pour le coup! ;)
@MelleCarolineL Bien reu, je vous tiens au courant.
@MelleMeuhhh ouhhhhhhh courant juin si tout va bien je ferai une petite bouffe..
@MelodyDessagnes alors a fait quoi si tu la ferme essaye et tu me tien au courant ( c le pone a mon pre que j'utilise la )
@MerColin1 - au courant du tournage du film. a me dsespre.
@MistikManon Je ne sais pas si tu es au courant, mais le projet a repris ! :) #wwatmoviefrance
@MoutonBotanique Tu sais bien que quand je vois Cali je vous saoule tous pendant des jours... donc tu seras au courant ^^
@Mroue7 T pas au courant? j'ai arrter la bdave pour la muscu je pousse moi mtn
@NaderDeMilan Bonne question. Aux dernires nouvelles il avait propos 1 milliard  Berlu mais ce dernier  dit ne pas tre au courant
@Nauneau Ouais j'ai refait 10km dont 5 en courant :(
@Ngomaax ouais trc comme a jte tien au courant frre
@NormanCHARLES91 @RERD_SNCF vous sous entendiez que lorsqu'il n'y a pas de train  10h il n'y en avait pas non plus  8h ?
@Nstoop @medefNUM Font-ils quelque chose pour nager dans le sens de la rivire ?Ou persistent-ils  contre-courant ?,#AccompagnementNum
@On peut perdre bcp d'argent en courant derrire une femme. Mais on peut pas perdre une femme en courant derrire de l' argent . Ramass !!
@Orphznblack oeeee tu me tient au courant de o t'en feras et tous ;)
@OussamaTrk louper mon bus puis en arrivant  la gare la ligne est perturbe cble d'alimentation de ta mre coup retour  la normal vers
@P_Mara_Z ok je te tiens au courant quand je le reois
@ParisGrenoble OUIII !!! J'attaque la formation ds 10h et serai libre en fin de journe ! Je te tiendrais au courant
@Pat_A_P0uf @RERD_SNCF hey oh! Tu prend les trains qui circulent
@PierrePlachez La nouvelle collection sera disponible dans le courant du mois. Adressez-vous a votre revendeur pour en savoir plus. Merci
@RERC_SNCF a y est le trafic a repris progressivement Merci
@RERD_SNCF 2 trains  quai pour Paris  Vsg. C'est trop compliqu de ns dire lequel partira en 1er ? #qml #rerd #communication @jdehornoy
@RERD_SNCF 8h00??? Mais les autres trains recirculentPas d inetercation possible?,Coincee depuis 6h20
@RERD_SNCF @DelarueJC @durovray @Denis91230 @Red_Deff trafic interrompu car problme  Villiers le Bel et ns on subit et on paye
@RERD_SNCF Bonjour, pas d'infos  Chtelet, y a t'il encore des trains vers Lieusaint ?
@RERD_SNCF Coupez donc le RER D en 2, il y aura moins d'impact sur vos clients... #qml
@RERD_SNCF Curieux, il y a pourtant des voies proches. J'ai le sentiment que les incidents sont toujours traits  l'avantage de la sncf
@RERD_SNCF Est-ce que les rer d ciruleront  partir de 18h pour aller  la survilliers fosses ?Etes vous sur de la reprise du trafic  18h?
@RERD_SNCF Et sinon, des trains sont prvu  Corbeil-essonnes ce matin ?? #qml #rerd
@RERD_SNCF Ne pas confondre Voyageurs dbarqus d'un #TGV et personnes sur les voies ! #qml @Asso_SaDur
@RERD_SNCF Oui mais en l'occurrence la #SNCF est 100% responsable des perturbations de ce soir ! #QML @Asso_SaDur
@RERD_SNCF Pb d'infos sur Transilien qui indique trafic normal sur #RERD
@RERD_SNCF Peut on savoir pourquoi notre train ne repart pas de Villeneuve alors que les autres oui??? Vous jouez avec nos nerfs!!!
@RERD_SNCF Prochain train pour Paris au dpart de Montgeron?
@RERD_SNCF Revenons donc  la situation pr-1995. Mme avec moins de train, a sera toujours mieux que maintenant ! #qml
@RERD_SNCF Vous prfrez faire passer les trains de marchandises plutt que les RER. On connat vos priorits maintenant... #qml
@RERD_SNCF a renvoie  une page annonant traffic normal. Y a comme un souci -_-
@RERD_SNCF au courant de rien arrts interminables. .. merci le stif et la sncf!!! Et tout le monde n'a pas de rtt...
@RERD_SNCF bonjoir! Train RUPE avec des pb de portes (dpart prvue  07:57  gdlyon). 1 porte sur 2 qui s ouvre pas.
@RERD_SNCF bonjour ! Est-il possible d'avoir un train direction Paris en partance de Survilliers-Fosses ?
@RERD_SNCF bonjour, j'ai besoin d'une information svp : Je dois tre  Vincennes pour 14h, vous me conseillerez de prendre le train /
@RERD_SNCF comment a se passe pour ceux qui vont en direction de mahleserbes ? plus aucun train...
@RERD_SNCF dernire Infos,les trains en dir. de Paris sont dp. Gare de Villiers,Gonesse,Arnouville(Terminus des dpart de Paris) #Retard
@RERD_SNCF et quand on suit votre lien, je tombes sur a ! Trafic normal  #qml
@RERD_SNCF et train annonc terminus surface a GDL, si c'tait pour faire a il y a la voie M bande de naze
@RERD_SNCF etes-vous de la reprise du trafic des trains pour orry la ville a 18h?
@RERD_SNCF je suis en gare de St. Denis. Puis-je esprer la reprise du traffic pour Villiers-le-Bel !?
@RERD_SNCF les sous usags de la branche Combs vous remercient pour votre grandeur d'me de nous laisser 1 train sur 2.
@RERD_SNCF ne dites pas "trafic interrompu" alors que c'est faux vu que j'ai rat 3 trains  causes de vos erreurs #RERD
@RERD_SNCF par piti mettez  jour vos infos et trs vite ! Il y a des trains qui circulent quasiment normalement entre sarcelles et paris !
@RERD_SNCF pas de train annonc  Brunoy mais les grandes lignes circulent hein ! SNCF et STIF incomptents ! #qml
@RERD_SNCF traffic interrompu jusqu' 18h , dfaut d'information  sa clientle alors qu il y a des trains vides 1/2
@RERD_SNCF vos voyageurs mritent une petite annonce!!! Plus de 10 min qu'on attend dans un train entass en gare de Villeneuve!!!
@Rasveight @Frederic_Molas Les orcs m'ont vu passer, courant vers la sortie. Ils se demandent encore, qui tait cet abruti.
@Raymon_Domenech Si la Coupe du Monde 2010 est bidon, alors on peut considrer que l'histoire du bus n'existe pas ? :) #DomenechCoach
@Red_Deff @Flo77Flo @RERD_SNCF Les trains de FRET passent sur les voies directes (au nord pas de quai pour desservir les gares RER D...)
@Red_Deff @Flo77Flo @RERD_SNCF Moi aussi, en tte des trains en plus, et je peux vous affirmer que vous faites erreur.
@RichardSHarmon j'espre que t'es au courant que t'es moche
@RobbLord et puis un dpeceur en srie  dinan toute la france serait au courant nn
@SG_etvous car je n'ai pas encore crer de compte courant mais je pense pas que c'est sa le problme ? 2/2
@SJCorinne @Conducteur_RER ils sont srement en cours de commande mais en semaine  7h impossible d'en trouver plus de 10 sur le secteur !
@SNCF @RERD_SNCF jour 2! Nan mais faites quelque chose! Un train capacit minimum, bond  cause de problme au nord, et alarme... HELP !!!
@SNCF @RERD_SNCF loin d'tre pate ce matin  Villiers le B problme cble alimentation et pas de train Bonne journe noire pour certain
@S_ctrx @Verratti_Tins Oui je vous ferais une annonce comme sa vous serez tous u courant :P
@Safi_933 j'espre tu vas louper le bus
@Saplegris non mais toujours plus long ... Ils sont au courant que sur Twitter on a Que 140 caractre ^^
@SchumiChouke7 Y'avait une panne de courant, j'ai pas pu lire les petits caractres.
@SeverinPl @Asso_SaDur @RERD_SNCF besoin de fluidifier le trafic sur Paris intra muros avec les trains du Nord limits vers le Sud.
@SkJuliette je suis tjr la dernire au courant mdr
@SlayanceHelia Je ne sais pas si tu es au courant, mais le projet a repris ! :) #wwatmoviefrance
@SmiiileOfGomez Je ne sais pas si tu es au courant, mais le projet a repris ! :) #wwatmoviefrance
@StoBoy77 @RERD_SNCF oui justement trafic normal = perturb sur le #RERD. Ds la mesure ou le merdier est bien la seule chose de rgulier
@TTHLegbot mis  part a tu es au courant qu' l'impratif 1re personne singulier premier groupe on met jamais de "s" ? #ThoenSTMG
@The_Fire_Fly C'est le moment o il faut savourer: je parle pas, et a c'est assez rare mme si j'ai du mal  parler en courant!
@ThxOnlyOnx je sais pas encore, je vais me renseigner vers auterive, le vernet et tout, si tu veux je te tiens au courant
@TiSeMaX dacc beh vers le 15/20 du mois , jte tient au courant vers le 10, un week end avant le ramadan
@TinkRpg *compte aussi et pars en courant vers l'tage du btiment abandonn*
@ToitagL @T0rv4ld c'est un running gag, je sais, je dois les envoyer (de ma poche) . Ce sera fait dans le courant du mois.
@Ugo_PSG j'sais pas hein ! On verra vendredi, Twitter sera bien assez vite au courant des rsultats
@VueDeLoin sans kanye personne serait au courant de son existence
@WellPascal @fleurfloriane le pas de chance,peut-tre que Nico a t fabriqu  la dernire goutte de #Plinka 70, c'tait courant en 55.
@XetraSherpa Je suis pas sre que, vu l'antagonisme, les Serpentards aient t ne serais-ce qu'ai courant de ces mouvements ^_^
@ZakAnso traffic perturb sur le RER et j'ai pas trouv d'ne
@_AureliiieOrsi Personne sera au courant  Je savais t'allais dire de la merde aussi
@_The__LoCa_ bah au pire je prends les billets et tu seras pas au courant de quand, comme a tu pourras dormir
@_The__LoCa_ bah non vu que tu seras pas au courant
@_TwilightQueen Ah oui.. Ce serait vraiment trop dommage. Tu me tiens au courant hein :(
@actuovernewz A Savigny/Orge, par ex. les quais sont accessibles, mais pas les trains. @RERC_SNCF
@aieouillebim @RERD_SNCF je ne sous-entends rien. Les trains ne circulaient pas. Consquence : de 8h vous passez facilement  10h-11h 1/2
@aimerine3 mdrr jsuis sre qu'il yen a plein qui sont pas au courant
@ame_brnl La prochaine fois je te ramnerai de la soupe  l'oignon dans le bus, tu seras encore plus confiante :p
@anais1338 Je ne sais pas si tu es au courant, mais le projet a repris ! :) #wwatmoviefrance
@anarchic_teapot choupi si je viens le 9 tu seras vite au courant.
@anne_ktn @Mathilde_hope vous me tenez au courant la premire
@anthooo_95 Ah lourd j'etais pas au courant un coop a serait dingue aussi
@apolline_lucas pq je suis tjrs la dernire au courant
@arixxniall Je ne sais pas si tu es au courant, mais le projet a repris ! :) #wwatmoviefrance
@arizonatell ouais a serait top! Tiens moi au courant
@asia_rpgddm Non ils n'ont pas encore t envoys. Ce sera fait dans le courant de cette semaine normalement. :)
@asspxnosa elle sera prete pour qu'on l'appelle?j'ai toujours peur qu'elle nous dise qu'elle etait au courant de rien et que ma mere me tue
@audebrassard peux-tu me tenir au courant sur FB si t'en sais plus? C'est  ct de chez mon pre...
@avokido ui jsuis trop fire de nous deux (d'ailleurs tiens moi au courant pour tes preuves aussi pcq jsuis 100% avec toi tu vas y arriver)
@awesomxniall je serais partie en courant
@b4kab4ka Dj je ne me suis pas offusquer. De plus je suis au courant, je te le redis, mais je ne veux pas dlibrement assister  la scne
@bbgirlbeautiful Je ne sais pas si tu es au courant, mais le projet a repris ! :) #wwatmoviefrance
@bizpha @xxii_xiii Apparemment elle m'aurait sucer premire nouvelle mme moi j'suis pas au courant
@brouillon4 @Exelmans75 vous nous tiendrez au courant et j'espre que tout va bien aller
@buryrose @_Betterstyles On fera le tour du stade en courant pour se rchauffer
@c_flavie wsh il est venu vers moi et kinslay en courant alors qu'on ai a l'autre bout et apres il nous a pousser
@camilarpgrec *clate de rire* -il se lve et part de la chambre en courant- *le regarde faire* maisssss *moue cute* notre clin
@capu_pauline j'espre que a va aller ...  tient moi au courant ...
@clemjouan c'est bizarre, je ne suis pas alle en russe et j'ai rien reu! Peut tre que ta prof tait pas au courant
@crxshmendes @wwatmovie Je ne sais pas si tu es au courant, mais le projet a repris ! :) #wwatmoviefrance
@cutyxashton okay bah tiens nous au courant mais de toute faon je l'achterai
@cyberbaloo_ Apple est au courant. Nous cherchons une solution avec eux. Mais je ne peux pas vous promettre que tout sera rgl demain.
@deniscoderre Il ne faut pas que penser aux cots Mais au long terme Le tram-train sera seul et mnera vers nul part et ira nul part
@drugofstyles_x Je ne sais pas si tu es au courant, mais le projet a repris ! :) #wwatmoviefrance
@durovray #RERD reprise du trafic prvue  18h. Plus de 11h de perturbations !
@eleonore_cr tqt, je dois repasser des matires aussi pour mon s2, c'est pas la joie mais bon, faut pas lcher. Tiens moi au courant
@fotso_fred @FotsoFred @coline_menard toi....ah non tu serais par terre et le bus te trainerai
@fromfat_to_fit j'espre pour toi, tu me tiens au courant
@garytator a marche, bah faon je sort du self vers 12h30 Normalement mais je te tient au courant par sms au pire!
@glmalexia mdrr il serait temps tu me tiens au courant
@healysmxt oui je suis au courant aha, j'ai ouvert mes volets, la lumire et le bruit m'ont viol
@hoxiall T'es au courant que comme j'ai peur de l'eau j'sais pas nager mdr, la dernire fois le temps que j'ai mis avant de rentrer dedans
@ishiorenn avec le kaman tu serais parti en courant respecte les
@jackgilinsky jtais mme pas au courant mais t'aurais pu jouer le jeu frre
@jeremy_42 tu rcupres un bon joueur @Pajaxxance merci  tous les services rendus au @staderennais Bonne 3eme vie...que 24 ans! EDF?
@jsaispaspq ton pre travail pas chez EDF ? Pcq le courant passe bien entre nous
@jucars13 Avec plaisir, je te tiens au courant! Je pars en Turquie dimanche, donc a sera plutt dans 2 semaines lol
@justforlifegirl @a_chelsea_ @SmsMignons @Soso_Jesko ewe ta cru quoi, tu aurais t la premire au courant
@kinashton ouais mais jsuis meme pas encore sre d'en prendre un mdrrr mais tqt je te tiens au courant amour
@kissofliam Je ne sais pas si tu est au courant et vu que les caractres twitter sont limits je vais faire bref ^^ L'anne dernire, des -
@krysdehlinger j'ai rarement 2h mais si il y'a des changements d'horaires je te tiendrais au courant
@laura_noun @EstellleT quel accident wsh jsuis jms au courant
@lebrubru Du coup le rseau tram en site a aurait reprsent une belle conomie (et une meilleure desserte)
@lequipe21 Dites, vous tes au courant qu'il y a d'autres sports que le football ? Appelez cette chane football21, ce serait plus honnte.
@lequipedusoir si Valcke n'tait pas au courant pour les 10M$ verss par la FIFA, il tait totalement incomptent.,Il est juste malhonnte.
@loriane__ t'es au courant c'tait la semaine dernire  stras ?
@louisemnnr mddddr msk vasy jte tiens au courant mais j'pense je serais la
@lucalbernhe @Midilibre Mauvaise foi:,il va annoncer que la ligne 5 est en cours de construction entre Albert 1er et le Jeu de Paume ;-)
@luknzo Je te tiens au courant ds que je les reoit... :-)
@lumaidenlu t'inquite mon frre me tient au courant deja xD
@margauwe @Melanie_ALMA oui sauf que les "adultes " serait au courant
@marrythedxrk Mais si un jour tu me dis que ta mre est aussi ta soeur je pars en courant
@mr_oliv nn tqt bb tu serai dj au courant mdr
@nashigh C'Est parce que Cam a tweet que matt serait peut tre pas d'accord ALORS que matt n'tait pas du tout au courant
@nessouk Oh a tkt mon pre est pareil  si ma belle mre tait pas l il serait mme pas au courant que je suis en examens
@nicoketine mdr moi j'serai tellement mal  l'aise que a serait "slt ahahahah t'es beau hein ahahahah" et aprs je pars en courant
@ntmshawn si il sera au courant faut pas croire lui aussi sera content
@palais_au il est pas au courant il n a pas reu le mmo
@papa_djendeure @francescuG @Leo_Lefrancois @NawakNawak On peut aussi se protger lors des cunnis (c'est encore moins connu et courant)
@pauline_allia Je ne sais pas si tu es au courant, mais le projet a repris ! :) #wwatmoviefrance
@payneofshawn Je ne sais pas si tu es au courant, mais le projet du film You and Us a repris ! :) #wwatmoviefrance
@poluxpo31 tkt pas tu seras au courant XD
@radioclassique @JLMelenchon @bernstephane courant dans le temps, les lumires sont teintes l'ami, ton humanisme c'est 100 millions 2 morts
@reallysoftdrugs tiens moi au courant en tout cas frre
@rumeursduweb J'espre que tu sera prise :) tiens moi au courant :)
@samblankok moi je finis a 23h le temps de rentrer chez moi je dirais vers 23h30 je te tiens au courant
@sbdr_ Tkt Tkt tu seras au courant hihihi
@simpshoran Je ne sais pas si tu es au courant, mais le projet a repris ! :) #wwatmoviefrance
@sltg_ ohhhhhh ce serait tellement le feu!!!!!!! j'arrive en courant l
@smanseri_ ils sont pas au courant pour ma fille, c'est pcq ma mre raconte que j'attends des twins (moi je dis jamais rien)
@smile_of_NIAM Je ne sais pas si tu es au courant, mais le projet a repris ! :) #wwatmoviefrance
@smilexofpayne @BIoodstream_ jen parle a ma mere et je te tiendrai au courant
@sqaull1 7 haut fonctionnaire proche de Blatter sont en prison pour Blanchiment, Corruption, et lui ce serait pas au courant 1/2
@suiviter60 @IDR_80 tu es o? On rcupre du courant l, j entends les turbines mais on bouge pas
@swisstengu que la vie serait agreable si on devait pas nager  contre-courant...
@tfeniram @RERD_SNCF non je suis chez moi logiquement je devrais prendre le train de 10h
@tweets_idoles Je ne sais pas si tu es au courant, mais le projet a repris ! :) #wwatmoviefrance
@uicsoso mddr Mddddr Merseyside Red <3. Avoue en vrai t'es un gars rebeu avec grave des cheveux longs (c'est courant en ce moment)
@val_thuil t malade jme serai barre en courant
@vanquishP @kaisertamsir wa pas de soucis tenez moi au courant rek
@villederueil chouette! Quand le rer sera lui en travaux pour un mois et demi! On en profitera  la rentre du coup
@vintageisnice @NiimsDeTox la pauuuuuvre putain  j'espre elle est pas au courant de a mdrrrr
@vipassana_ j'espre ils nous tiendrons pas autant au courant que pour l'avance de l'album mdr
@worldxniall Je ne sais pas si tu es au courant, mais le projet a repris ! :) #wwatmoviefrance
@xAxelle10 au cas o tu ne serais pas au courant, Schweinsteiger signifie "gorgeur de porc"
@xddictedtonixll Je ne sais pas si tu es au courant, mais le projet a repris ! :) #wwatmoviefrance
A LIRE: New post: Paris : RER D: Trafic interrompu entre Goussainville et Orry-la-Ville, la reprise de la
A cause de ma mre j'ai loup le bus
Acheter un ticket de #RER sur iPhone? Impossible. Du coup: train #SNCF 30 min de retard+Les Halles en travaux=amande de 50 Paris-Marne
Acheter un ticket de tram et partir sans le rcuprer , voici ma vie
Ah bon ? Kmi c mon cousin ou frre ? J'tais pas au courant
Alerte ! Trafic interrompu entre Villiers le Bel et Orry la Ville sur la ligne #RERD #KO
Alors si j'ai mon bac sa sera la folie carremeng 10sec apres les resultats, tout le bled sera au courant ...
Aprs 15jours de congs a m aurait tonn de ne pas avoir mon #RERA de supprimer et un #trafic au ralentit #RATP ...
Aprs il m'a dit vien , je suis parti en courant frre  il avait trop une tte de pedo #lt
Aprs quelques heures en tant second, on rcupre la premire place! esprons la garder jusqu' la ligne d'arrive!
Arghhhhhh le RER A a a du bon  dommage que je sois timide  Pfff bon le coup du regard  Tentons
Askip jsuis lesbienne mme moi j'tais pas au courant y a un remde contre ca ou un vaccin
Askip y'a eu un accident  haz mon bus risque pas d'arriver de si tt je crois
Attention, moins de trains sur la ligne D du RER jusqu' 14h. Bon courage aux utilisateurs
Au cas o vous ne seriez pas encore au courant : Ana Ivanovic est en couple avec Bastian Schweinsteiger ! #RG15
Au sud du #RERD, les trains sont  l'arrt direction Paris. #courage
Avarie matriel sur le #RERA  Joinville ou comment jouer aux trains musicaux le matin @galeRERAfr
Avec Lucas pour nos 17 ans on a prvu un truc de Batard alors que c'est au mois d'octobre ma mre est dj au courant mdr
Avez-vous reu notre infolettre mensuelle ce matin? Soyez au courant de toutes les nouvelles de la #gardescolaire!
Bat les couilles de ton bus accident mon frre j'veut des crimes fait ton boulot bordel @SPOTNEWSonIG
Bientt, le blog sera en maintenance, il se refait une petite beaut, je vous tiens au courant trs vite! (D...
Bonjour @RERD_SNCF est-ce que le trafic reprend svp sur #RERD direction Paris ?
Bonjour @Sosh_fr j'ai reu un appel de votre service client et la ligne a malheureusement t coupe. Puis-je demander  tre rappele ?
Bonjour @johnftpayne, on te tiens au courant quand il passera vers l-bas
Bonjour, @jeanfrancis nous prenons ce point et revenons vers vous courant journe. Merci pour votre patience.
Bonjour, Paco de la #RATP, pour vous informer de ltat du trafic de votre #RERA.
Bonjour, Thierry avec vous pour vous renseigner sur l'volution du trafic sur le #RERA. Bon trajet #RATP.
Bravo Delphine !!! Toute l'agence Century Horeca 91 est maintenant au courant !!! Patrick doit tre fire de sa fille. BIZZZZ la famille
Bureaux  louer - 90m2 - Rez de cour - Paris 10me - Metro Chateau dEau,Trs bien agencs - Pas de travaux ...
C inadmissible que le service des affaires scolaires de la commune ne soit pas au courant! Merci pr nos enfants!
C'est  30 min de chez moi en prenant train + bus mais j'aimerai tre prise la dernire fois ils taient complets..
C'est ce matin  la gare j'entends derrire moi "ah oui mais charlon a t mit au courant" direct je me suis retourn mdrr
C'est moi l'idiot alors que je cours pas derrire mon bus !!
C'est mon rve troublant Courant vers l'amour fou Ton baiser dans le ventTon souffle sur mon cou,Quand tu...
C'est pas courant de bien s'entendre avec ses collgues, devenir ami est rare, devenir meilleur ami est exceptionnel. #VisMaVieDeThsard
C'est sa mre qui m'met au courant des choses c'est dingue sa
C'tait cool aujourd'hui j'avais pas cours fin merci le rer d quoi
Ce matin j'ai pas loup le bus mais il m'as loup, genre je suis  cot et il se casse... va expliquer sa  ma mre elle m'as pas cru
Ce sentiment de dsespoir quand le trafic du RER est interrompu le jour d'un examen
Ceux qui vont pas en cour Bh jspr un RER b va vous tombez dessus c pas juste
Comment sa fou le seum quand t'es entrain de courir pour rattraper le bus et que le chauffeur il acclre
Courant la semaine prochaine, @RokhayaDiallo sera l'invite de @Cyrilhanouna dans #TPMP de 18h45  20h45 sur @D8TV !
Courir dans tout chatelet a cause du rer d franchement
Dans le rer ya une ptite renoi qui est venu me dire que sa pote rebeu elle me trouvait "bg" elle a rougi et elle est partie en courant mdr
Dans un film d'horreur moi je serai la 1re a me barrer en courant
Deja que je ne veux pas de bnirez mais alors sa premire recrue pourrais etre Koscielny  il est au courant des dfenseurs du real??
Demain c'est mon anniversaire  Au cas ou je le monde serais pas dj au courant vu le nombre de fois ou je l'ai rpter aujourd'hui
Depuis le 31 c'est hiere qu'on na reu le courant et c'est de 18h a 0h et depuis jusqu'  vient de ratoma
Donc moi je paye un abonnement Imagin'R pour avoir des train tout les jours en retard @RERD_SNCF ? Rpondez la !
Dramatique accident de bus des 40 touristes #irakien dans le nord de l'#Iran. Le dernier bilan provisoire : 24 Morts. 12 blesss.
Dsormais sans aucun risque pour votre sant. Pietinez les fils de courant qui peuvent traner partout.
Du coup aucun train pour Paris ?
Du coup avis  la population, difficults de circulation sur le #RERD en raison d'un truc  #Goussainville, retour  la normale pour 18h
Du coup j'ai atterri dans le rer et j'ai dj une demi heure de retard au taf :')
En LS on a attendu que le prof fasse l'appel et quand il avait le dos tourn on est parti en courant par la porte de derrire
En plus cash je l'ai dis a Jessy ! Premire personne au courant. Mme pas Lisa le sait
En plus dans mon reve jetai ver carrefour g taper la discution a des marginaux pr pa ki magress et dun cou g pri 2 livre et pri le tram
En plus j'tait morte de rire et javai plus de force pour courir donc jai rater le bus et jai marcher a pied jusko prochain arrt
Encore un problme de train #Sncf #RERD
Entendu par une personne il y a instant dans le @RERD_SNCF : Cela veut dire quoi Train Omnibus?
Et je rve d'un courant d'air, d'un espace clos avec vue sur la mer
Et l mon beau pre vient de m'offrir l'iphone 5C heureusement qu'il est pas au courant de ma moyenne sinon je l'aurais jamais eu
Et laisse tomb tromper de train oblige de prendre le bus  Melun la galre
Eux je vais absolument loupe mon bus sa mre j'ai mme pas manger !
Franchement j'me sens rarement trahi, mais l, le fait que mme Laurane soit au courant... Aprs c'plus mon pb, il est grand
Fuit oui fuit de se monde des personnes qui sont autour de toi part en courant et ne reviens plus vers c'est gens .
Galre dans les transports, train en retard ou supprim (TER/RER/Transilien) : Agissez !
Il est donc 20h ! On a donc dj coupe le courant !!!C parti pour avoir la lumire 2min matin,A ce rythme... !!! !!
Il est pas vraiment au courant mais je suis sur qu'il serait d'accord de toute faon
Il me fait rire personne doit tre au courant bah la c'est trop tard ton pote est derrire toi MDR...
Il se passe quoi #GaredeLyon @RERD_SNCF ?
Infotrafic #RERC : Trafic interrompu entre Brtigny et St-Martin d'tampes jusqu' 17h30 (personnes sur les voies)
Infotrafic #RERC [MAJ] Trafic interrompu entre Etampes et St-Martin d'tampes jusqu' 17h30 (pers. sur les voies)
Infotrafic #RERD [MAJ] Trafic ralenti sur l'ensemble de la ligne, jusqu' 22h environ (personnes sur les voies)
Iran: 24 morts dans un accident de bus
Iran: 24 morts dans un accident de bus  #FlashActu
J'ai compris que Metro Boomin quand j'ai cout pour la premire fois Neighborhood Drug Dealer
J'ai couru aprs ma mre en courant dans la rue alors qu'elle conduisait
J'ai couru en jupe dans la rue pour rattraper mon frre et il s'est barr en courant, ce fils de westallen
J'ai dit  ma grand mre que j'avais loupe mon bus et elle a directe compris que c'tait juste que j'avais la flemme d'aller en cour
J'ai dormis dans le train, vivement le bus que je re dorme
J'ai du aller a pied j'ai louper le bus sa mre
J'ai loup mon bus.. J'espre que j'aurai le temps de manger
J'ai qu'une heure de cours demain, j'ai mme pas de bus et ma mre qui m'oblige  y aller
J'aime trop couter les discutions des gens dans le rer
J'aime voir les gens courir derrire un tram cole
J'aimerais bien la mettre au courant des dernires nouvelles mais j'ai pas envie de lui prendre la tete avec ca
J'aurais pus prendre le RER de 6h59 mais j'avais la flemme de courir :')
J'espre par contre mes parents me laisse pck ils sont mm pas au courant enft :/
J'espre qd mme que qqun lui lit le journal pour qu'il soit au courant se l'actualit! @FionaT31
J'espre que les 2 connards d'hier n'ont pas mit tt le monde au courant.
J'tais dj fire qu'Eneo avaient oubli de couper le courant , mais aprs 5 minutes THE LIGHT GOT OFF ! ;(
J'tais morte comment ma mre m'avait cueillit en dbut d'anne: "Je suis au courant que ton petit copain c'est un juif."
J'tais pas au courant qu'il y avait Miss Cemac. C'est pour a que je voyais les camer et les gabonais se chamailler la dernire fois.
J'viens de dire a Marie que j'avais vu son copain dans la rue et elle m'rep t'es pas au courant on est plus ensemble :'( il a une autre meuf
J'voulais pas allez au bep mais sur ma mre j'vais y allez en courant
Jai plus de courant sa mre, le propritaire a pas pay EDF la calotte de ses morts
Je crois que j'ai port mes couilles en courant comme sa vers l'acteur
Je demande  mon pre pour pas aller en cour il me sort: "T'y vas mais bon si tu loupe ton bus c'est pas de ta faute"
Je demande a mon pre si y a du courant y m'dit nan nan t'inquite je me prends une sale dcharge.
Je fais comment pour aller travailler ? Eux ils s'en battent les couilles que j'ai des problmes de train @RERD_SNCF
Je loupe mon bus j'arrive  9h et je me fais exclure de cours si j'aurais su je serais pas venu pour faire ca
Je pense que je vais commener  faire des distributions de Poks strats. Donc je tiens au courant si jamais je dcide de concrtiser.
Je prfre me savoir morte dans un accident de mtro, de tram ou de bus plutt que de mourir pcq c'tait moi au volant
Je reprends les cours dans 5minutes donc bus si tu pouvais acclrer stp! ,Mais je suis o habitait Etienne avant donc  8min du lyce....
Je sois me lever  7:30 demain matin et emmener mon frre au bus  8:40 alors que j'ai mme pas cours
Je suis plus au courant de l'emploi du temps de ma soeur que ma mre, mais cette gamine est l'enfant de qui bordel ? C'est pas la mienne ptn
Je suis tromatiser quand on me noie dans l'eau mdddr y'a un ans j'allais me faire noyer je suis parti en courant l'eau sa ralenti trop 1/3.
Je vais en ville sa mre je loupe le tram j'ai ke seum
Je vous ai racont le mec qui s'est barr en courant pendant qu'un mec a jet sa meuf qui tentait de le protger.
Jrusalem: 16 blesss dans un accident entre deux bus
Jsais pas comment aborder le sujet des absences  ma mre.. Jvais lui dire et me barrer en courant jpense
Jviens d'apprendre que mon frre passe le code demain. Jsuis au courant a fait plaisir.
L'un des rares matins o j'cours pas pour avoir le bus
La Martiniere qui dit que L'hritire du feu est le dernier volet de la trilogie... J'espre qu'ils sont au courant qu'il y a des suites!
La Une ! RER D: Trafic interrompu entre Goussainville et Orry-la-Ville, la reprise de la circulation estime ...
La chance ! Trafic fluide sur toute la ligne #RERC #OK
La coupure de courant gnrale  19h a gch mon repas !
La dernire fois elle ma appeler dans les couloirs jsuis partis en courant
La dernire fois je les cours il c est barr en courant au lyce cet grosse pdale tout le college la vue partir en courant tarlouse
La ligne D ? Pourquoi elle marcherai ? Ca serai pas assez normal, du coup on taf de la maison ! (cc @Sircika )
La mauvaise nouvelle sans tonnement c'est que le trafic de la ligne du RER D est interrompu @RERD_SNCF
La premire fois de ma vie que je cours aprs un bus
La vie dma mre je serais partie en courant en voyant un crocodile comme a ! #theisland
La vie le rer D Nike ta race sa fait 2 train qui passe je peu pas monter mon frre je suis en retard a va me soler -'
La voie du RER qui dit attention  la marche en descendant du train c'tait comme un robot chelou sa fait peur
Le Real Madrid ils ont Casillas, Navas et l ils achtent DeGea, j'espre que le coach est au courant qu'il peut mettre qu'un goal, c inutil
Le Rer D jle prend mme plus leur trains se sont des dcharges mobiles
Le cinducteur du train @RERD_SNCF bloqu  Maisons Alfort :  pour ceux qui souhaiteraient prendre l'air, allez-y, je vous rappellerais
Le conducteur de bus il ma vu courir derrire il a eu piti de moi il c'est arret
Le conducteur du RERD, ce grand comique : "Notre train est retenu en gare de Maisons-Alfort, pr ceux qui souhaitent prendre l'air, allez-y!"
Le couple derrire moi dans le bus c'tait pas des bisous qu'ils se faisaient c'tait carrment un dtartrage mdr
Le courant quai se standardise dans le monde entier | Mer et Marine
Le jour o je me marierais mon dieu, soyez en sur, le monde entier sera au courant
Le slom de 8h32  Juvisy en train court, @RERC_SNCF you're drunk. (Moi aussi).
Le trafic reprend tout doucement vers le nord de la ligne au moins. Beaucoup de monde cependant sur les quais #qml #RERD
Les gars qui veulent une meuf vierge. Vous tes au courant qu'on est en 2015 ? Faut arrter les gars, mme les Directionners le sont plus.
Les gens des fois il me clashent "t'as pas de sein" mais frre j'tais au courant et c'est le dernier de mes problmes je te rassure
Les lives Twitch auront lieu les Mercredi et Samedi de 21h  00h chaque semaine ! Sauf en cas de changement o vous serez tenus au courant.
Les toiles de mer c'est comme les moteur 4 cylindres en ligne, prvisible, monotone et trop courant.
Les trains sur le #RERD circulent-ils si on est en partance de la Gare du Nord pour aller  Sarcelles ? Merci.
Live sur le nouveau dlc supremacy ici pour ceux qui ne seraient pas au courant, new maps multi + Map zombie :)
Lundi premire vague d'APB j'tais pas au courant..
MES POTES TAIENT ARRIVS ET LA SERVEUSE DE MON PRE ELLE CRIT "ELLE EST AUX TOILETTES" MERCI TT LE MONDE EST AU COURANT.
MMFD reprend ce mois akdkoejsk et je n'tais mme pas au courant, mais je suis dgote que ce soit la dernire de la srie.
Ma mre croit trop j'fais des plans pour louper mon bus pour qu'elle m'enmene a 9h
Ma mre est au courant que quand elle saura parler suffisamment bien franais pour bosser elle sera trop vieille ?
Ma mre est mme pas au courant que je viens pas demain
Ma mre est pas au courant a m'arrange
Ma mre quand elle est pas d'accord avec un truc, son excuse c'est : "je n'tais pas au courant, on ne me dit jamais rien." mensonge
Ma mre qui dit  mon pre "Barbara a un copain" j'tais pas au courant lol
Ma mre s'en bat lek de mon bac je crois elle est mme pas au courant que c'est cette anne
Ma mre va m'engueuler j'ai louper mon bus il est passer a 30 au lieu de 40!
Ma mre vient de m'appeler, elle me tient au courant...
Ma mre vient de me voler la salle de bain, j'vais louper mon bus j'le sens
Mais que vais-je couter dans le RER ce soir ? Le 2e pisode du podcast de @Naaaab bien sr ! <3 Art Oriented -
Malaise dans le @RERD_SNCF bond, le conducteur demande s'il y a des personnes avec des comptences mdicales
Maya en courant vers moi aujourd'hui elle s'est pris un mec, c'tait violent mais tellement drle
Mdddr Kevin n'tais pas au courant que demain on a l'crit d'euro + il me fait trop rire abuser
Mdr les campagnards dans le RER vous me tuez, ts on dirait vous dcouvrer un truc de ouf mais calmer vous c'est juste un train de ville
Meme la ya un accident sur avenue de muret ya plus de tram sm
Meme sans prendre le train ils me font chier les RER
Merci aux trains vides du sud de la ligne et qui vont sur Paris qui ne s'arrtent pas #RERD
Merci pour l'info @RERD_SNCF. Je peux rcuprer mes 107,80 du mois de juin du coup?  #sncf #rerd #raslebol
Mes frres et surs en vrai ils grent pck ils sont au courant de pleins de truc compromettant mais ils disent rien, je les aiment
Mes neveux ils aiment trop mon grand frre mdrrrrr moi jleur dit dme faire un bisou jme prend un vent alors que lui ils partent en courant
Meteo du #RER (#ratp) : KO () 02/06/2015 a 04:49 Trafic normal sur l'ensemble ...
Meteo du #RER (#ratp) : KO () 02/06/2015 a 22:41 Trafic normal sur l'ensemble ...
Meteo du #RER (#ratp) : OK () 02/06/2015 a 01:09 Trafic normal sur l'ensemble ...
Meteo du #RER (#ratp) : OK () 02/06/2015 a 06:17 Trafic normal sur l'ensemble ...
Meteo du #RER (#ratp) : OK () 02/06/2015 a 17:09 Trafic normal sur l'ensemble ...
Mieux vaut tard que jamais ! Trafic rtabli sur toute la ligne #RERD #OK
Mm mon daron est au courant pour le pere de kim.k merde
Mme allemand elle a dit a toute la classe "Meriem? C'est LA commre de la classe"  Si on a mm pas ldroit d'etre au courant de tout aussi
Mn train de 8h07 loup Fuck les perturbations du bus a cause de gens
Mon bus a du retard du coup le chauffeur roule comme un fou fratt ralenti jai pas envie de mourrir il me donne la gerbe avec sa conduite
Mon bus est en retard -' j'espre pas louper mon autre bus ..
Mon fer il a dboit la prise de courant  j'vais me faire niquer
Mon frre il a loup le bus ce con
Mon frre il est entrain de pcho d'la goe il me tiens mme pas au courant
Mon frre mange de la pizza alors qu'il vient a peine d'tre 8h ptn cmt on s'barre en courant d'ici dj
Mon pere il a foutu un cou de jus dans la maison du coup y'a plus de courant dans les chambres
Mon pre est tjrs au courant de tt avant tt le monde
Mon pre il m'dit quj'aurais pas une voiture mais un ne. J'lui rep que c lui qui fera l'ne. J'ai vu son regard j'me suis barr en courant
Mon pre jdecouvre qu'il est parti hier a Copenhague et qu'il rentre aprs demain, j'suis jamais au courant dans cette famille
Mon pre sais pas quoi faire non plus.. Sans parler de ma mre qui n'est mme pas au courant car elle est dans sont plus profond sommeil
Mon train tait a 19h58 a 57 j'etait encore dans le RER .... avec julien on a couru et sauter les tourniquet tah les ninja de Suna
Mouahaha mon frre qui est le premier  me teaser n'est pas au courant du leak pour l'instant c'est jouissif xD
Ms gz mn daron reois tous donc dans tt les cas y sont au courant .
Nan mais je rve @RERD_SNCF il y a des trains qui circulent normalement  vide & on nous annonce le contraire. #RERD
Notre train est retenu en gare. Pour ceux qui souhaitent prendre l'air, allez-y, je vous appellerai quand on repartira.  #RERD #qml
Nous vous encourageons  vous inscrire aux dernires sessions sans examen prvues chez VTC PREMIUM courant 2015.
Oh putain le mec il s'est barr presque en courant quant il a vu que je me dirigeais vers lui et que j'tais furax  #TP
Ok donc ma mre tait au courant du pari = ma mre a fouill dans mes affaires puisqu'il tait bien cach ce petit contrat
Ok la y'a des darons en camion blancs qui sonne chez moi et quand mon pre va pour ouvrir ils se barrent en courant  jdormais bande de fdp
Ok le RER. Je crois que tout Paris est dans le train maintenant, tu peux dmarrer.
On est pass de 8h  10h et l 18H, super et la prochaine info c'est quoi pas de train avant demain ? #RERD
On mangeais trql a table qd ma soeur se lve et court vers la porte d'entre,reviens en courant en disant,"-dsol j'avais envie de peter"
On n'a coup la lumire ? ,On n'a coup le courant.
On va faire un goter en SES , la prof est mme pas au courant
Par contre si mon pre se dpche pas je vais louper mon bus
Paris : RER D: Trafic interrompu entre Goussainville et Orry-la-Ville, la reprise de la circulation estime ... 1
Pas cours vive le RER D
Pas de bol ! Trafic toujours ralenti sur la ligne #RERA #BOF
Pas de chance ! Trafic interrompu entre Etampes et Saint-Martin d'tampes, dans les deux sens sur le #RERC jusqu' 17h30 ! #KO
Pas de reprise avant 14h sur le #RERD Pourtant possible de couper la ligne en 2 pour maintenir la circulation au sud ? @jdehornoy @durovray
Pas de rerD donc pas cours
Pas de train = pas cours #rerd
Pas de train jusqu'a 14h...bien vu #RerD
Passer son temps  courir derrire les bus ... Et les rater .... D'ailleurs je ne cours meme plus tchiup
Petit rveil matinal en courant derrire le bus
Pour celles qui ne seraient pas au courant, ce week end  Nantes c'est la Gay Pride !,Dis-moi comment tu...
Pour ceux qui ne seraient pas encore au courant : avant premire du Zik Zac Festival, ce samedi 6 juin,  la...
Pour ceux qui ne seraient pas encore au courant des dangers du #tafta, la #EducationPopulaire de #RaoulMarcJennar...
Pour faire les travaux entre 10h30 et 12h30 pas de trains Villiers<->Orry, remplacs par des bus #RERD
Pour toutes les personnes qui taient au courant de mon problme paypal, tout s'est bien remis en ordre. :) Voil ! Maintenant, twitch !
Pouvez-vous mettre plus de train pour Juvisy... On est comme des cons sur le quai cc @rerDriver
Premire fois de l'anne que je loupe le bus
Premire rencontre Olicity et Digg qui est au courant pour Arrow.. J'adore cette pisode!
Prenez votre mal en patience ! Trafic toujours ralenti sur toute la ligne #RERD jusqu' 16h30 ! #BOF
Problme de trains le RER D est interrompu
Prochain @rerb pour Cdg dans 12min. C'est Pipo votre beau #rerb+ !! Ensuite heureusement les trains vides tracent leur route !!
Ptn degueu Ya un indou il s'est coup ses vieux ongles dans le rer la
Putain c koi ce vieu rer y'a un problme de cble a Goussainville et ya plus de train dans toute la ligne juska le 77
Putain grosse perturbation rer d mais je ne peux passer qu'aujourd'hui pour rcuprer mon relev de note... Grosse fatigue..
Putain j'ai attendu mon bus 20min pour finalement qu'il arrive et qui nous disent qu'on dois marcher pcq ya eu un accident
Putain y'a eu un accident avec le tram ! Y'a une meuf qui s'est fais renvers
Qd jv mtatouer le trace du rer d faudra pa biper
Qu'est-ce que c'est cool la France, suffit qu'il y ait un bouffon qui tire sur le signal d'alarme RER et hop "trafic interrompu"
Quand il y a des embrouilles je suis jamais rien moi genre je suis la dernire au courant
Quand j'fais pter les cours j'me pose  l'arrt de bus et j'les laisse passer zehma comme si j'tais en cours
Quand le service du #RERD est termin, on est encore l pour emmener les trains aux ateliers afin de prparer demain!,(Et c'est long ...)
Que le Seigneur pardonne les chauffeurs de bus de ce pays!! Tu vois l'enfant courir dans ton rtroviseur mais tu acclres...
RER A : Paris/Poissy ralenti Axe(s) concern(s) : Paris/Poissy Prvoir 15  20 minutes supplmentaires de...
RER A : Paris/Poissy ralenti jusqu'a 7h30 +15/20min  prvoir - incident affectant la signalisation vers Poissy. #qml #RERA
RER D & leurs problme de train .
RER D : trafic ralenti RER D02/06/2015  14h50 . Axe(s) concern(s) :,Ensemble de la ligne D Prvoir un...
RER D c'est le train du Diable a tu t'evanoui dedans tu restes debout tellement y'as du monde
RER D en totale panne... Ils est 8h la reprise du trafic estime  14h.. J'aurai pas de souci au boulot @jphuchon?
RER D: Trafic interrompu entre Goussainville et Orry-la-Ville, la reprise de la circulation
RER D: Trafic interrompu entre Goussainville et Orry-la-Ville, la reprise de la circulation estime ... 18h
RER D: Trafic interrompu entre Goussainville et Orry-la-Ville, la reprise de la circulation estime ... 18h -
RER D: Trafic interrompu entre Goussainville et Orry-la-Ville, la reprise de la circulation estime ... 18h: ...
RT @20Minutes: RER D: Trafic interrompu entre Goussainville et Orry-la-Ville, la reprise de la circulation
RT @20minutesparis: RER D: Trafic interrompu entre Goussainville et Orry-la-Ville, la reprise de la circulation estime ... 18h
RT @AmanteLilli: Mon Chri vient de me rcuprer au bus! 34 j'ai chaaaaud  J'are   #exhib #exhibition
RT @AmelieBernier95: Un peu de trail tous les jours dans les Escalators du RER ! #boosturbantrail #boostbirhakeim #memepasmal #memepaspeur
RT @Asso_SaDur: @RERD_SNCF Pb d'infos sur Transilien qui indique trafic normal sur #RERD
RT @Asso_SaDur: Au sud du #RERD, les trains sont  l'arrt direction Paris. #courage
RT @Asso_SaDur: Le trafic reprend tout doucement vers le nord de la ligne au moins. Beaucoup de monde cependant sur les quais #qml #RERD
RT @Asso_SaDur: Pas de reprise avant 14h sur le #RERD Pourtant possible de couper la ligne en 2 pour maintenir la circulation au sud ? @jdehornoy @durovray
RT @Asso_SaDur: Reprise du trafic @RERD_SNCF est maintenant prvue  18h. Trains direct entre Paris Nord et Goussainville dans ce sens selon site Transilien
RT @Asso_SaDur: Sur le #RERD sud, passage de trains vides direction Paris pendant que des trains bonds sont  l'arrt. #hallucinant
RT @B__Nico: @LauraBontemp Tu vas rire. Mon premier bus est pass 3 min en avance. Donc je cours jusqu'au deuxime.
RT @BruceBleux: Mon grand pre qui me dit " tu as eu tes rsultats du BAC "  il est pas au courant que c'est en juin mes preuves
RT @CAMER0NTM: @nashigh C'Est parce que Cam a tweet que matt serait peut tre pas d'accord ALORS que matt n'tait pas du tout au courant
RT @CIaudeFrancois: RE JE SUIS LA, DSOL DU RETARD J'AVAIS UNE PETITE COUPURE DE COURANT
RT @CRIMI94: thlr dans l'rer sa fait le bruit,la ya un gars il cours il monte il tombe j'ai rigoler archi fort j'allais mpisser dessus ptn v'la la chute
RT @CaandiCe_236: RER D & leurs problme de train .
RT @Carl_Johnsn_: Passer son temps  courir derrire les bus ... Et les rater .... D'ailleurs je ne cours meme plus tchiup
RT @Cherif221: @Kinefatimdiop pourtant ta soeur rve trop sakh. Niak ndox niak courant khamnane mergence mome slogan rek la
RT @Chibromasseur: tes vous au courant que les cimetires ne sont pas des lieux de shooting pr vos horribles photos de beaufs
RT @Conducteur_RER: @Red_Deff @Flo77Flo @RERD_SNCF Moi aussi, en tte des trains en plus, et je peux vous affirmer que vous faites erreur.
RT @Conducteur_RER: Demander le secours au dpart > dpart +45'. Rencontrer un feu rouge inopin. Des gens sur la voie. Une bagarre dans le train. Sale journe.
RT @DEREYMONDmichel: @lucalbernhe @Midilibre Mauvaise foi:,il va annoncer que la ligne 5 est en cours de construction entre Albert 1er et le Jeu de Paume ;-)
RT @D_Rene_: Le courant est revenu ... Tout le monde a crier ... Je me suis cru a Conakry pendant 15 minutes
RT @DezertyFdc: Donc moi je paye un abonnement Imagin'R pour avoir des train tout les jours en retard @RERD_SNCF ? Rpondez la !
RT @DonataMchlwsk: J'ai dj la flemme de courir derrire un bus alors derrire quelqu'un
RT @DragoMalefoy_: #17YearsBattleOfHogwarts MON PERE EN ENTENDRA PARLER... Ah non, il est dj au courant.
RT @DylanCdn: Sans la musique, marcher, prendre le bus, prendre la voiture et courir seraient les choses les plus ennuyeuses au monde.
RT @ElisaBraun: "Au moment o les Etats-Unis retirent le Patriot Act, la France va  contre courant avec le #PJLRenseignement" @C_MorinDesailly #fgi2015
RT @EmmaDsplg: Rien que cet ete qd je retourne au grau du roi si jvois mm un sac plastique dans la mer jme taille en courant
RT @Emmaanyone: Je reprends les cours dans 5minutes donc bus si tu pouvais acclrer stp! ,Mais je suis o habitait Etienne avant donc  8min du lyce....
RT @Fab_8o: Traffic #RERD totalement interrompu entre #VilliersLeBel et #Goussainville suite  l'arrachement de la catnaire ! #SNCF #Transilien
RT @FanV2N: #LT le trafic a repris sur les voies directes (#TerPicardie & #Intercits).Prvu interrompu jusque 14h sur le #RERD !,#qml
RT @FranceMarie47: @brouillon4 @Exelmans75 vous nous tiendrez au courant et j'espre que tout va bien aller
RT @FurionBannister: @Rasveight @Frederic_Molas Les orcs m'ont vu passer, courant vers la sortie. Ils se demandent encore, qui tait cet abruti.
RT @HeleneR05: @RERD_SNCF 2 trains  quai pour Paris  Vsg. C'est trop compliqu de ns dire lequel partira en 1er ? #qml #rerd #communication @jdehornoy
RT @IB_Rahim93: @D_Rene_ ah je me disais bien , par ce que a Conakry y a le courant Heinn !! #EnPlaceCommeLeCourant de #Kaleta
RT @Idrissa_Hyuga: Mon train tait a 19h58 a 57 j'etait encore dans le RER .... avec julien on a couru et sauter les tourniquet tah les ninja de Suna
RT @JB_luvBeliebers: @Aurianne9 Je ne sais pas si tu es au courant, mais le projet a repris ! :) #wwatmoviefrance
RT @JB_luvBeliebers: @MaelleOff Je ne sais pas si tu es au courant, mais le projet a repris ! :) #wwatmoviefrance
RT @JB_luvBeliebers: @MistikManon Je ne sais pas si tu es au courant, mais le projet a repris ! :) #wwatmoviefrance
RT @JB_luvBeliebers: @SlayanceHelia Je ne sais pas si tu es au courant, mais le projet a repris ! :) #wwatmoviefrance
RT @JB_luvBeliebers: @anais1338 Je ne sais pas si tu es au courant, mais le projet a repris ! :) #wwatmoviefrance
RT @Jessim_M: @c_flavie wsh il est venu vers moi et kinslay en courant alors qu'on ai a l'autre bout et apres il nous a pousser
RT @Kelly1910: a se trouve que les profs seront pas l ! Y a eu un accident avec les trains du coup plus de RER qui partent vers Paris et de Paris
RT @LIGNEL_sncf: #LigneL/#RERA: Axe #Poissy sur #RERA: prvoir 1 train sur 2 + allongt tps parcours 5/20mins jusqu' 07h30. Motif: Incident de signalisation
RT @LIGNEL_sncf: #RERA: Axe #Poissy: Trafic normal sur #RERA suite incident de signalisation  hauteur de #Poissy. Lgers retards  prvoir jusqu' 07h30
RT @LeMarquis1er: Lol, quand on vous drague, a vient sortir les "Putain ce mec est Relou ".,Mais quand on vous Barre, personne n'est au courant.
RT @LePrenoms: Kenza c'est le prnom des meuf qui cour driere le bus mais elle le rate apres elle marche
RT @LefameuBoby: A smb tu fais tomber ta cuillre tt le monde est au courant et au fur a mesure c'est dformer et les gens pensent que ta niqu la cuisinire
RT @Lulisoap: Train SLOM court a juvisy..... C est le WTF du jour !!! Merci #rerc #SNCFaujourdhui #qml
RT @M3cabrio01: Jean-Marc Fournier reoit une lettre de braillage de #Quebecor et #PKP n'est pas au courant de rien...
RT @MLEsquive: celle ci est ddicace  tous ceux qui vont trimer aujourd'hui et qui se tapent des trains courts au bout de 30mn d'attente #RERD
RT @MThonard: Les raisons de l'intruption du traffic sur le RER B entre Gare du nord et Roissy Charles de Gaulle @RERB
RT @Mael6o: @Hypixel Tu es au courant des bugs d'xp et de guilds coins qu'on ne reois pas  la fin de la game ?
RT @MaevaAnissaa: @MattetlesNews pas du tout au courant de quoi que ce soit si je devais enquter sur chaque fan qui veut des photos je serai expert  Miami
RT @Major_Uchiwa: nn jvous jue quand jprend les transport je tombe toujour sur des gens bissare train rer tramway etc.... wesh jvei cracker un jour
RT @MappyCity: Alerte ! Trafic interrompu entre Villiers le Bel et Orry la Ville sur la ligne #RERD #KO
RT @MappyCity: La chance ! Trafic fluide sur toute la ligne #RERC #OK
RT @MappyCity: Pas de chance ! Trafic interrompu entre Etampes et Saint-Martin d'tampes, dans les deux sens sur le #RERC jusqu' 17h30 ! #KO
RT @MarieTurck: Maya en courant vers moi aujourd'hui elle s'est pris un mec, c'tait violent mais tellement drle
RT @Marion_pcht: @jsaispaspq ton pre travail pas chez EDF ? Pcq le courant passe bien entre nous
RT @Max_Delforge: Je loupe mon bus j'arrive  9h et je me fais exclure de cours si j'aurais su je serais pas venu pour faire ca
RT @Meriem_azb: Mes neveux ils aiment trop mon grand frre mdrrrrr moi jleur dit dme faire un bisou jme prend un vent alors que lui ils partent en courant
RT @MiiraK_10: @laura_noun @EstellleT quel accident wsh jsuis jms au courant
RT @MlleMarkhy: Le slom de 8h32  Juvisy en train court, @RERC_SNCF you're drunk. (Moi aussi).
RT @Monster_Tweet: Je dois continuer de rviser pour mon bac , il n'y a pas de courant donc pas de lumire et j'ai une vue trs faible . Merci Eneo . Tchip .
RT @Mr_Fahrell: Aprs quelques heures en tant second, on rcupre la premire place! esprons la garder jusqu' la ligne d'arrive!
RT @Myr_sr: Ceux qui vont pas en cour Bh jspr un RER b va vous tombez dessus c pas juste
RT @Noemie_brlngr: Et je rve d'un courant d'air, d'un espace clos avec vue sur la mer
RT @Oceane_Rrr: J'ai sch un cours motif "bus rat" et l jarrive ma prof me sors "arrte je t'ai vu ce matin sur la route". Mdddr malaise le plus extrm
RT @Orange_Cameroun: Bonjour, @jeanfrancis nous prenons ce point et revenons vers vous courant journe. Merci pour votre patience.
RT @OtsoJakes: @WellPascal @fleurfloriane le pas de chance,peut-tre que Nico a t fabriqu  la dernire goutte de #Plinka 70, c'tait courant en 55.
RT @Oupaliiinda: Mon pre il m'dit quj'aurais pas une voiture mais un ne. J'lui rep que c lui qui fera l'ne. J'ai vu son regard j'me suis barr en courant
RT @PTrotin: On tait chez brandon on a entendu son pre se lever on c'est barrer en courant
RT @Pocann_: Je vous ai racont le mec qui s'est barr en courant pendant qu'un mec a jet sa meuf qui tentait de le protger.
RT @Puck_Fair_: @DelarueJC @RERD_SNCF @Flo77Flo @Asso_usagersidf @Red_Deff  Remontons ces informations !
RT @Puck_Fair_: @RERD_SNCF Ne pas confondre Voyageurs dbarqus d'un #TGV et personnes sur les voies ! #qml @Asso_SaDur
RT @RERA_RATP #TravauxEteRERA : Comprendre linterruption estivale du trafic en une #infographie sur #RATPScope 2/2
RT @RERA_RATP: #TravauxEteRERA : Comprendre linterruption estivale du trafic en une #infographie sur #RATPScope 2/2
RT @RERA_RATP: 07:14, le trafic est ralenti sur la ligne (divers incidents) #RATP #RERA
RT @RERC_SNCF: Infotrafic #RERC : Trafic interrompu entre Brtigny et St-Martin d'tampes jusqu' 17h30 (personnes sur les voies)
RT @RERD_SNCF: @Asso_SaDur Bonjour, un service de bus de remplacement est en cours de mise en place
RT @RERD_SNCF: Infotrafic #RERD [MAJ] Trafic ralenti sur l'ensemble de la ligne, jusqu' 22h environ (personnes sur les voies)
RT @ROBINCHML: Bon pour que tout le monde soit au courant je suis d'origine polonais mais je ne parle pas le polonais (rep a ts les messages que je recoit)
RT @Raamka_: Qu'est-ce que c'est cool la France, suffit qu'il y ait un bouffon qui tire sur le signal d'alarme RER et hop "trafic interrompu"
RT @Red_Deff: @RERD_SNCF Coupez donc le RER D en 2, il y aura moins d'impact sur vos clients... #qml
RT @Red_Deff: @RERD_SNCF Revenons donc  la situation pr-1995. Mme avec moins de train, a sera toujours mieux que maintenant ! #qml
RT @Red_Deff: @RERD_SNCF Vous prfrez faire passer les trains de marchandises plutt que les RER. On connat vos priorits maintenant... #qml
RT @Red_Deff: @RERD_SNCF pas de train annonc  Brunoy mais les grandes lignes circulent hein ! SNCF et STIF incomptents ! #qml
RT @Remi_M5: Seuls @DweEroz et moi (Holmes et Watson dans le milieu) sommes au courant :)
RT @Riss_Ktk: RER B c'est l'train des immigr ptdr ( Renoi, Arabe, Roumain, Pound)
RT @ShawnOdama: Mm mon daron est au courant pour le pere de kim.k merde
RT @SidneyNdoki: RER D c'est le train du Diable a tu t'evanoui dedans tu restes debout tellement y'as du monde
RT @SonelAes: " Telechargez #KTD et je vous promet de ne pas couper le courant pendant 1 mois :),Here :
RT @South_bulding: vos mres sont au courant quand vous prenez leur perruque pour faire des vines juste pour faire rire des blancs du 27 ?
RT @StoBoy77: #RerD plus de trafic entre orry et st-Denis. #qml
RT @SuzonJourdan: frler 2 accidents en 1 trajet de bus de 10km... et franchement repasse ton permis cousin
RT @TAG_Grenoble: #Trafic Ligne 14,Blocage circulation Cit Labeye - La ligne est dvie, en direction de Gires Gare -...
RT @TNT_BelogoaL: Live sur le nouveau dlc supremacy ici pour ceux qui ne seraient pas au courant, new maps multi + Map zombie :)
RT @Ta_Philippine: Si toi aussi, quand tu teins la lumire, tu pars en courant parce que tu as peur que quelqu'un t'assassine.
RT @The_best_man_57: Courant la semaine prochaine, @RokhayaDiallo sera l'invite de @Cyrilhanouna dans #TPMP de 18h45  20h45 sur @D8TV !
RT @ThiieuMaa: Jviens d'apprendre que mon frre passe le code demain. Jsuis au courant a fait plaisir.
RT @Thomas_Bobis: @_AureliiieOrsi Personne sera au courant  Je savais t'allais dire de la merde aussi
RT @TksNiuum: Pas de train jusqu'a 14h...bien vu #RerD
RT @TomekTR: #qml : #LigneL/#RERA: Axe #Poissy sur #RERA: prvoir 1 train sur 2 + allongt tps parcours 5/20mins jusqu' 07h30 : Incident de signalisation
RT @TomekTR: RER A : Paris/Poissy ralenti jusqu'a 7h30 +15/20min  prvoir - incident affectant la signalisation vers Poissy. #qml #RERA
RT @ValentinJacquot: Ducout en prparant mon Neskiqu y'a eu une coupure de courant par ma faute, mon pre qui regardait son match tait trs content
RT @WMyWay_Mobile: #LigneL/#RERA: Axe #Poissy sur #RERA: prvoir 1 train sur 2 + allongt tps parcours 5/20mins jusqu' 07h30. Motif: Incident de signalisation
RT @WMyWay_Mobile: #Perturbation #RERD Motif Dfaut dalimentation lectrique  Villiers le Bel. Le trafic reprend progressivement mais reste t [1/2]
RT @WMyWay_Mobile: #RERA: Axe #Poissy: Trafic normal sur #RERA suite incident de signalisation  hauteur de #Poissy. Lgers retards  prvoir jusqu' 07h30
RT @Whatesle: Reprise du traffic a 18h sur la ligne D @RERD_SNCF #RERD bon courage  tous !
RT @_CrewHarry: Mon bus est en retard -' j'espre pas louper mon autre bus ..
RT @_La_Vierge: La #Vierge mnera son combat contre vous en toute discrtion, vous seul serez au courant. Vous devrez tre trs tactique pour la vaincre.
RT @__Gradouce: Je suis tromatiser quand on me noie dans l'eau mdddr y'a un ans j'allais me faire noyer je suis parti en courant l'eau sa ralenti trop 1/3.
RT @____Ilona: Le conducteur de bus il ma vu courir derrire il a eu piti de moi il c'est arret
RT @_camille_da: pourquoi j'suis toujours la dernire au courant de tout
RT @ahoeokdacc: Y'a des gens je pensais vous tiez en 1re terminale et j'apprends mtnt que vous tes encore en CP Wah jui jamais au courant de rien
RT @albindiam: Je demande a mon pre si y a du courant y m'dit nan nan t'inquite je me prends une sale dcharge.
RT @alextrompat: Cest ainsi que nous nous dbattons,comme des barques  contre courant,,sans cesse repousss vers le pass
RT @bernardsala: . @FrDesouche @Rem0Williams @grardleclerc et Platini et d'autres etaient au courant de tout..il va peut etre tout balancer Blatter
RT @carrieresmag: RER A : Paris/Poissy ralenti Axe(s) concern(s) : Paris/Poissy Prvoir 15  20 minutes supplmentaires de...
RT @ceciestmontweet: Nouveaut cette anne pour la fte des mres, le collier de nouilles passera directement devant chez vous en courant.
RT @chlooe_bnr: J'aime voir les gens courir derrire un tram cole
RT @clairecthln: Mais que vais-je couter dans le RER ce soir ? Le 2e pisode du podcast de @Naaaab bien sr ! <3 Art Oriented -
RT @emsfeels: mdr mon pre il m'a dit "t'es courant qu'il n'y a pas d'option sries au bac"?
RT @erdf_car: Flicitations  nos deux premires gagnantes @WBerangere & @machicouly08 ! RDV en message priv pour rcuprer vos pass  #erdfcv15
RT @freekk91: @RERD_SNCF Et sinon, des trains sont prvu  Corbeil-essonnes ce matin ?? #qml #rerd
RT @gabrielleamzal: RER D en totale panne... Ils est 8h la reprise du trafic estime  14h.. J'aurai pas de souci au boulot @jphuchon?
RT @galeRERAfr: #RERA: trafic ralenti suite a divers incidents. Bon courage et bonne journee a tous.
RT @greenpeacefr: Tiens, EDF finance donc la #COP21. Joli trafic d'influence pour nous amener vers de fausses solutions, comme le nuclaire #greenwashing
RT @hazzabiebs_: bon au moins il va apprendre que son pre est au courant! #soulsdestructedFIC
RT @iamrhodyleen: "@Mike_Brant95: Qd jv mtatouer le trace du rer d faudra pa biper" quand je vais tatouer mon lit 2 places non plus
RT @illogict:  Notre train est retenu en gare. Pour ceux qui souhaitent prendre l'air, allez-y, je vous appellerai quand on repartira.  #RERD #qml
RT @infosActus: RER D: Trafic interrompu entre Goussainville et Orry-la-Ville, la reprise de la circulation estime ... 18h
RT @jeanneberny: Jsais pas comment aborder le sujet des absences  ma mre.. Jvais lui dire et me barrer en courant jpense
RT @jeannouquoi: demain tout le monde sera au courant
RT @kelyagl: J'tais morte comment ma mre m'avait cueillit en dbut d'anne: "Je suis au courant que ton petit copain c'est un juif."
RT @lalsace: Accident entre un camion, un bus vide et deux voitures  #stotzheim : des blesss, l'A35 coupe dans le sens Sud-Nord
RT @lektrikibiza: Entre celui qui a crer l'avion et ce celui qui a crer le courant, qui est plus dangereux? C'est le courantier (eneo)
RT @lxvsvn: mon ex qui vient me voir qui me dit que je lui manque. Jsuis cense rire ou pas ? Parce qu'il est au courant j'ai un gars en plus
RT @malikzizou1: Deja que je ne veux pas de bnirez mais alors sa premire recrue pourrais etre Koscielny  il est au courant des dfenseurs du real??
RT @mathildedehimi: 3 bus et 2 mtros parce que tu bloques tout Paris. El #rey yo te quiero mais quand mme l c'est un peu abus #trafic #qml
RT @matt_iceman: @StoBoy77 @RERD_SNCF oui justement trafic normal = perturb sur le #RERD. Ds la mesure ou le merdier est bien la seule chose de rgulier
RT @maywazer: Merci aux trains vides du sud de la ligne et qui vont sur Paris qui ne s'arrtent pas #RERD
RT @name_yumna: Comment sa fou le seum quand t'es entrain de courir pour rattraper le bus et que le chauffeur il acclre
RT @nightwolf95400: Les gens qui se suicident,les personnes sur les voies,alarme tir abusivement,bientt train-jacking par un ovni #RERD
RT @noelsndr: j'aime la vie et j'aime @flo_tweet (au cas o vous ne seriez pas encore au courant)
RT @ntmshawn: en plus si Justin il gagne il sera mme pas au courant wsh alors que Shawn il sera grv content et tt #ShawnForMMVA
RT @pauline_vlr: Le couple derrire moi dans le bus c'tait pas des bisous qu'ils se faisaient c'tait carrment un dtartrage mdr
RT @pbartelsiteoff: Bonjour @johnftpayne, on te tiens au courant quand il passera vers l-bas
RT @pdemorrant: Trafic normal suite incident = retards ...tout est possible avec la sncf #rerA
RT @popov301: "Si jamais on y arrive". Et en plus notre conducteur de train fait du cynisme alors qu'on prend bien cher en btaillres. #rerd @RERD_SNCF
RT @postbadsimon: mn pere va macheter le sac trop bo mais il est ps encore au courant
RT @pouzaudt: @reallysoftdrugs tiens moi au courant en tout cas frre
RT @regi_anderson: pas le mal pas mal  le RER D jarrive train supprimer
RT @rerDriver: Pour faire les travaux entre 10h30 et 12h30 pas de trains Villiers<->Orry, remplacs par des bus #RERD
RT @shawnxgga: ma sur elle a fais a ma mre "d'ailleurs Lo elle a un crush" PTN JE HAIE QD MA MRE EST AU COURANT DMA VIE PRIV jui parti m'cacher ptdr
RT @starloographic: Bureaux  louer - 90m2 - Rez de cour - Paris 10me - Metro Chateau dEau,Trs bien agencs - Pas de travaux ...
RT @tyson_AMG: @Djouums @__cocaine90s azy toi tkt j'ai mon phone tsera la premire a tre au courant comme je vois jte manque tro et tme fra des nems
Reprise du traffic a 18h sur la ligne D @RERD_SNCF #RERD bon courage  tous !
Reprise du trafic @RERD_SNCF est maintenant prvue  18h. Trains direct entre Paris Nord et Goussainville dans ce sens selon site Transilien
Rer D bloquer jusqu' 14h  Mais il trouve quand mme le moyen de m'envoyer en cour
Retour  un trafic rgulier sur l'ensemble de la ligne #RERA #RATP. Incident termin.
Retour  un trafic rgulier sur l'ensemble de la ligne #RERB. Incident termin.
Retour  un trafic rgulier sur l'ensemble de la ligne #RERB. Incident termin. via @RERB
Rupture de catnaire et malaise voyageur dans mon train.... Pas arriv... #RERD
S'aimer sans courant, sans dtester ni pre ni mre.
SRX J'ETAIS MORTE DE RIRE QUAND FLO M'A MIT AU COURANT QU'ELLE C'ETAIT PLAINT. EN PLUS LA PROF ELLE AVAIT LE SOURIRE PAS DUTOUT SRX QUAND -
Salet de train.,#RERD Trafic interrompu entre Goussainville et Orry, reprise de la circulation  18h  via @20minutes
Se lever  7h pour louper son TGV, c'est un concept que je viens de dcouvrir en featuring avec la ligne E de mon RER.
Serieux mon deuxieme nom c'est Emma, en 2jours j'ai loup 2 fois le bus  et ca me fait rire comme une ksos
Si je loupe mon bus ma mre elle va dire que je l'ai fait exprs alors que non ptdrr
Si le Diable tait parmi nous, (et si tant est qu'il existe) il serait dj parti en courant......
Sinon @RERA_RATP quand les trains sont retards/ l'arrt en gare de, et que le trafic est annonc normal, a vous drange pas ?
Sinon a fait plus d'une heure que y'a une coupure de courant dans mon lotissement, et que je galre avec le peu de batterie que j'ai
Sinon courant juin la Xbox 360 sera dsormais livre avec de nouvelles manettes quipes de jack standard  la place du port propritaire...
Super ! Plus rien ne perturbe le trafic sur la ligne #RERD #OK
Sur le #RERD sud, passage de trains vides direction Paris pendant que des trains bonds sont  l'arrt. #hallucinant
T au courant que tu sera avec que pour un moment , tu va pas durer
Tapage de honte, style moi j'vais passer chez elle en courant et j'avais m'arrter nimsp
Tenez-bon ! Le trafic est trs perturb sur l'ensemble de la ligne #RERD ! Fin des ralentissements prvue vers 18h00 #BOF
Tfacon moi jsuis tjr la dernire mis au courant dc bon
Tjrs la dernire au courant j'adore
Toujours le mme souci des usagers ratatins qui se pitinent en s'insultant merci #RERD 1 train sur 2 supprim sans la moindre information
Tout a l'heure ma mere elle attendais le bus et ya 1couple de vieux y passe en voiture y ouvre la fentre et y l'insulte pour son voile
Tout le temps je suis la dernire a tre au courant on me dis jamais rien et quand je demande ils disent"ah parce que t'es pas au courant"
Traffic #RERD totalement interrompu entre #VilliersLeBel et #Goussainville suite  l'arrachement de la catnaire ! #SNCF #Transilien
Traffic Bloqu #GaredeLyon sur les #LigneR et @RERD_SNCF ... Que se passe-t-il ? #QML
Trafic du RER D interrompu jusqu 18h ?! Non mais srieusement.. aprs on va dire que je m'nerve pour tout et pour rien. Abus !
Trafic interrompu sur le #RERD entre Orry la Ville et Villiers le Bel
Trafic normal suite incident = retards ...tout est possible avec la sncf #rerA
Trafic perturb sur la Ligne D du RER | Le trafic sur le nord de la ligne est interrompu | La reprise est estime...
Trafic trs perturb sur le RER D: La circulation des RER D est trs fortement perturbe ce mardi, suite  un ...
Train SLOM court a juvisy..... C est le WTF du jour !!! Merci #rerc #SNCFaujourdhui #qml
Tu sais cette sensation... coe marcher dans (la mer) et le courant est fort... mais tu dois avancer...!!!
Un problme au nord du #RERD  ~6h30, a impacte donc aussi les trains qui ne vont pas au nord et reprise prvue  14h, tout est logique
Un roumain qui vend des stylos 4 couleurs dans le RER B c'est courant a ?
Une semaine que c la merde sur le rseau et aujourd'hui mon rer roule sur l'autre voie si je me mange un train en pleine gueule niquez vous
Urgent- dernire minute... 12h25 Lianes 6, B11 et city concern.,En raison d'une manifestation en cours, les bus...
Vivement que je rcupre mon tlphone cet aprem. Le taff m'a appel et je suis mme pas au courant a se trouve.
Vs tes au courant la derniere fois o j'ai vu clra en robe a devais tre au primaire
Y a du avoir un accident car le bus a 40 mn de retard
Y'a des gens je pensais vous tiez en 1re terminale et j'apprends mtnt que vous tes encore en CP Wah jui jamais au courant de rien
Y'a pas eu de courant de la journe chez moi, mon pre il s'est bien fait chier
Y'a un mec qui touchait la voiture de mon pre et elle a sonn. On a ouvert la fentre , le mec est parti en courant ce gros pd
Ya un agent d'ecole qui a viol une ptite maternelle a Enghien. Ya un pere qui etait au courant il a rien dit. Vous avez quoi ds le crane?
ZBD8225 train de 07h00 lozere paris 1re porte dernire voiture rame de tte ne fonctionne pas de l'extrieur @RERB
a chaque fois jsuis la dernire  tre au courant de tout
a fait dj 30 sec que mon tweet est mt je suis sre qu'elle est dj au courant, hop
a m'nerve a d'tre au courant la dernire
a se trouve que les profs seront pas l ! Y a eu un accident avec les trains du coup plus de RER qui partent vers Paris et de Paris
alors y reoivent leur convocs pour lbac et jsuis pas au courant ptn mais oh les gars on attend pas Patrick ?
apparement tu serais en couple avec un gars de terminal c'est...  bah non  moins que je sois pas au courant mdrrr
ce couple est juste parfait,le premier qui refait une vane sur scarlet je ferais tout pour que Matt soit au courant
ce matin dans le bus je pleurais, pendant mes deux premire heures de cours je faisais de mon mieux pour pas y penser mais j'ai eue des-
ce serait dommage de rater mon bus alors que j'ai qu'une heure de cours
en fait g pas de bus et g que 3h de cours, mais quitte a ce que j'y aille a pied ma mre fera tt pour que j'y sois
en plus si Justin il gagne il sera mme pas au courant wsh alors que Shawn il sera grv content et tt #ShawnForMMVA
et il va falloir que je dise  mon pre pour les 2 semaines de cheval cet t, parce qu'il est pas au courant mais c'est lui qui paye mdr
et j'dit a nais merci c gentil de me protger et apres il pars en courant, comme si de rien n'tais
genre quand je loupe mon bus j'aimerai trop que ma mre me dise de rester chez moi mais enft mm pas elle rigole en disant att le proch1
j'aime la vie et j'aime @flo_tweet (au cas o vous ne seriez pas encore au courant)
j'aime trop faire la fille au courant de rien alors que je sais trs bien ce qu'il se passe derrire
j'aimerais vraiment dire  quelqu'un ce que justin et louis reprsente pour moi, pour qu'il soit au courant vraiment, mais je sais pas qui
je sais mme pas si mon pre est au courant que vendredi je vais  la plage
je vais devoir courir pour avoir le rer meeeerde
jfumais ma clope a la fentre de ma chambre trql ET LA un mec qui passe en courant DS MON TERRAIN PTN ma mre la reine des putes si je ment
jrentre chez moi et mon pre sort en courant de la voiture... merci papa
jvais arriver en courant ce sera mieux mdr
jviens de m'engueuler avc mes parents g finis en larme et j'ss partie en courant dans ma chambre et mon pre qui gueulait "tu restes ici!!"
le bus il avance pas, j'suis sre que mme moi je cours plus vite
le conducteur : "je ne sais pas encore si notre train sera impact par cet incident (de rupture de cble, ndr)" #zroInfo #FAIL @RERD_SNCF
le train vers paris s'arrte  toutes les petites gares (villeneuve triage etc) #bonus #omnibus #RERD
les gens qui doivent prendre le #RERD<<<<<<<< Heureusement que j'ai pas cours aujourd'hui
ma mre est pas encore au courant de mon renvoi de cours
ma sur elle a fais a ma mre "d'ailleurs Lo elle a un crush" PTN JE HAIE QD MA MRE EST AU COURANT DMA VIE PRIV jui parti m'cacher ptdr
mdr heureusement que je prends plus le train moi surtout le rer d l oulaaaaa c'est fini cette vie
mdrrrrrr mon piercing vient de se barrer j'ai limite fait toute ma maison en courant et en appelant ma mre avant dle remettre par accident
mon grand tonnement, je n'ai encore jamais loup ma station de RER en 2 ans. Je ne sais pas comment c'est possible.
nn jvous jue quand jprend les transport je tombe toujour sur des gens bissare train rer tramway etc.... wesh jvei cracker un jour
normalement mon bus est  12h30 mais ma mre peut m'emmener du coup j'ai rien  faire jusqu' 13h30
ololo gros pb de train RER D ont t serrer  mort jusqu' sa s'embrouiller on a mis 30 min  fait un corbeil / juvisy
pas le mal pas mal  le RER D jarrive train supprimer
pourquoi j'suis toujours la dernire au courant de tout
premire fois que je loupe mon bus sans le faire exprs
ptn j'ai loup mon bus j'espre que y'a un 307 qui va me sauver
putain de #RERD pk nous n'avons aucunes infos?! Ca fait 3 trains dans lesquels on ne peut pas rentrer.
salut twitter...ce sera une heure d'endurance pour moi ce matin, nickel pour finir ma nuit en courant ;o))
si le courant revient pas d'ici 15h tout ce que j'ai comme appareil sera off
thlr dans l'rer sa fait le bruit,la ya un gars il cours il monte il tombe j'ai rigoler archi fort j'allais mpisser dessus ptn v'la la chute
wAllah ma mre la dernire fois elle ma appeler deux fois j'ai pas rep jsuis rentre chez moi direct en courant mdddr
