!!! @viephemere j'ai rencontr une meuf cool dans le RER du coup je l'ai ajoute sur facebook et tu la connais :o
" Pollution:  Paris, premires mesures de restriction de circulation courant 2015"soutien @Anne_Hidalgo qui prend 1virage ecologique majeur
"@le_Parisien: RER D : une personne heurte par un train  Montgeron, trafic perturb " Ah putain la galre ce soir
"@vavadutch: le RER e c'est un train bourbier putain"
"C'est trop tard. Les flics sont dj au courant de tout,pour ta mre et moi Je les adore ces deux la, dans n'importe quel situation#Castle
"Latitia & Lisa ont rat le bus a cachan et sont arrive en retard en cours." Si on devait crire un livre sa serait le plus drle du monde
"On crvera tous un jour ou l'autre, alors allez y en courant si vous voulez, moi j'fais une pause clope"
"Pollution: premires mesures de restriction de la circulation courant 2015  Paris"
"ya un mec il courait aprs le bus le bus ses arrter l'mec il a vus y'avais des contrleurs il a fait genre il faisait un footing "
#AKHT Trafic perturb au TEC: Le trafic des bus et trams du TEC Charleroi tait fortement pertu...  #7s7 #Belgique
#Cdanslair #Gayet pourquoi est-ce que les contribuables Franais ne serait pas au courant de sa prsence  l'Elysee ? Fini l're Mitterrand
#Horoscope du jour #Blier : Dynamis,par les plantes en signes de feu, vous serez port par un courant...
#KO sur la ligne #RERD. Une reprise du trafic rgulier est prvue  12h20
#KenzaMorsli kanzaMorsl Rsister au courant de la vie pour se protger du changement et de la souffrance vous empche dvoluer et davancer
#Monde  Npal: Au moins 47 morts dans un accident de car: Un bus transportant une cinquantaine de passagers e...
#Monde  Npal: Au moins de 47 morts dans un accident de car: Un bus transportant une cinquantaine de passager...
#Montgeron Une personne meurt happe par un train  #Essonne #RERD
#Plante  Pollution: premires mesures de restriction de la circulation courant 2015  Paris: L'adjoint au m...
#Pollution: premires mesures de restriction de la circulation courant 2015  Paris
#Pollution: premires mesures de restriction de la circulation courant 2015  Paris | @scoopit  #Environnement
#ProuveQueTesDu224 courant est parti en pleine serie Milagro ou Marimar.
#RER D : une personne heurte par un train  #Montgeron , trafic perturb -
#RERD #KO : dessertes modifies sur l'axe Melun / Paris via Combs la Ville. Train supprim : Melun 8h / Paris 9h
#aloups Pollution: premires mesures de restriction de la circulation courant 2015  Pari
#medtaha #MIT Pollution : premires mesures de restriction de la circulation courant
#planete Pollution: premires mesures de restriction de la circulation courant 2015  Par...  @the world of stars
#planete. Pollution: premires mesures de restriction de la circulation courant 2015  Paris: L'adj...  @lemonde.
#qml a corrige des copies dans le @RERC_SNCF la copie de 8 pages est pleines de rouge
#rerd : une personne heurte par un train  #montgeron, trafic perturb  #melun
#rumeur,el1 superstar ser 1 soumise :oo je vs ti1 o courant ds l proch1 jours!
#transitionenergetique #sensibilisation 74% des sonds concerns mais 38% au courant, sondage IFOP pour @Energie_pers
1er jours j'suis en retard ! J'ai loup mon bus. En mme temps un bus  28 et l'autre  46 on comprend o je vais
20 a veut a s'eteind je gre pas.,Comme les connards l disent que le courant revient jeudi l.
20' pour faire Henri Martin -> Kennedy. Train bloqu pour "15' minimum". Officiel: RER C et moi c'est fini. @RERC_SNCF
24 novembre 1974 Accident routier meurtrier impliquant lautobus des Castors de Sherbrooke
2h de sport courir derrire un bus pour aller see sn boyfriend + 1 heure de contrle de maths + 2h de cours de bio ou la prof boude
@ABDAH942 @PiLOtAIRLiNeS @Auudreey94 @ifcktamer @ItalianMrderess @TheWifeOfBreezy tu vas partir en courant comme la dernire fois SEGPA VA
@AFlamery Nn mais dans le sens toi t'mets rien d'intressant sur Twitter ! Tu reviens vers chez oim et t'me mets pas au courant je retiens.
@AbdalMalik1 @McAbdalmalik "j aime  penser que le langage des cits sera demain le langage courant
@AdnanLaBanane si t'habitais plus prs je serais venue en courant
@Alpericube noon j'ai juste loup le bus lol j'les pris a 55 #thug mais la c'est ma dernire semaine normalement mais bon on est en retard
@AnneLaureVndm ouaissss c'est mieux ten fais pas que le jour ou il devient mon mec t'es la premire au courant
@AshtonRPGTF - dans son phone au moins il sera au courant que je veux plus tre avec lui.
@AurelioArena @LopesJr92 XPTDR ah j'tais pa au courant mais c'est cool faudrait que je le prsente  ma mere et  la marie pour les papier
@Azzertyran Plus srieusement, le jour o je viendrais en vacance en France, j'pense que celui qui ne sera pas au courant sera en train*
@Blackangelreal t'es au courant que tu sers  rien
@BreeRPGCC Ma mre est au courant, tu n'as pas ton mot a dire. Ou elle est? *avance rapidement* Kate!
@Clara_Masuri Oue jpence jver prendre les grises ou sinon jver me les personnaliser je verrai mais tu sera la 1ere au courant tqt
@Clem_i_am en plus j'ai cours le lendemain aussi , on peux partir ensemble ! et si t'es trop red pr conduire on prend le bus ! mdr
@ConanMcFly @MnFrankenstein ok ok ba ecoutez tenez moi au courant de la date du lieux sa sera un plaisir de vous rencontrer
@CynthiaRbc @MarineGuerra1 et moi a sera avec des parents courant partout  la bourre pour leurs cadeaux de Nol !!
@Cyril_Hbt Vas y ftg le mec c'est pote, je sais tout, sans Jrmy et moi personne serait au courant calmes vous les gars c'est pas la guerre
@DPEF Haha ! Je te tiendrai au courant alors (Mais je pense que ce sera rubis)
@DoLyna_ ouais mais j'aurais t au courant je serai rester avec des gens jusque 16h!
@Docteur_P_ @gregory_boyer Au courant des places offerts par @LEMET57, mais aucune actions pour les P+R vers le stade !!!! a n'existe pas !
@DucrosLouis nn jsuis pas au courant et je le serais jamais dsl
@Dupont_Damien J'ai commenc  couter ce podcast de l'after ds le RER. J'ai arrt car je commenais  avoir une rection.
@DussolAlexis La #LISTEDESUSAGERS en cours de prparation, le RER A et plusieurs autres lignes sont concernes.
@EddyWuppertal oui j'espre aussi si tu as l'occasion de venir sur Reims pour le march de nol tiens nous au courant
@EmiiliieLvs ouais psk c'tait beau mais si tu serais pas partie en courant vers le magasin j'aurais pas dit on y va
@Enzo_Mamou @Rabbi_DVD @LDJ_France Super cool pour toi alors ! Je te retiens au courant ds que je peux me librer on fait a comme a ?
@FRIENDS2613 @Amir_Officiel_ Tiens moi au courant!! J'espre que cette fois ci on le verra ensemble, que ce sera pas juste au tlphone ;)
@Fiona_Duval @JuliaGnl_ ptdr dernire au courant moi ohlala
@Flo_LPNB vers 9h30 je serai au courant
@FlorimondT @IDeviza @Ben_BBC wouuuuaaaah la vie dma mre jfai Paris Marseille en 20min en courant si on me sort a
@Florine_Robert Non mais au pire si je doit te dire sa sera pas sur twitter et t'es dj au courant
@Georgioxv3 @ModrekRue @AmbrePadilla Ca va tu geres on te tiens au courant
@GltPauline @CMignien la pauvre quand mme je compatis avec elle,elle a eu du courage de rester moi jme serais barre en courant
@GrouponFrance Bonjour ! Bien not pour une nouvelle livraison ( la bonne adresse j'espre !) ;-) Tenez moi au courant SVP.
@Hcc2300 Ouep je sait j ai eu des soucis mais je devrais stream mercredi... si je stream avant tu seras au courant par twitter ;)
@HeretiikkTV j'tais pas au courant. Merci ces fdp qui Nike bien leurs mre la chienne @Bestt_Luc tu doit te sentir rouler :/
@HyacintheVdh @LRSY_ville Coupure d'lectricit : ERDF en cours d'intervention angle rue Foch - rue Molire #lrsy
@Immelissa_kh Oui!! a serait TOP, tu me tiens au courant
@IslamTounsia elle a propos 2 livres, 1 de 150 et 1 de 70 pour ceux qui aiment pas lire,si t'aurais pas fais du crique tu serais au courant
@Its_GatesGirl - ouaip et le rer aussi mais du coup aprs le concert on viendra nous chercher!
@JeyChaslin MDRRRRRRRR il veut quoi Homer lui ahahahaha Ya contrle ? Mme pas au courant mdrrr j'tais pas la semaine dernire...
@JujuDHighlands t'tais pas au courant :) ? Ouais j'ai profit de la rduction de 100 euros. Mais du coup, je t'aurais repris le tien :(
@JulieBrrd J'espre aussi, je t'envoie un message demain matin pour te tenir au courant
@Justinrpggcb -mord sa lvre hsitante, puis se relve, courant aprs toi- hey, attends !
@JustneedTempo j'ai fait 3,5km j'avais juste un point de coter et j'me suis pas arrter j'lai est fait en courant a mon rythme
@Kanade_Ia Eteindre le courant carrement ? :ccc Quel MONSTRE FERAIT CA ?
@KerZadarian Canal+ Sport qui est gratuit pour les abonns Orange jusqu' ce soir (au cas o y'en aurait qui ne seraient pas au courant)
@Ketchuuup_: En voiture le trajet du lycee cst 20min en bus ou en train jmet 1heure frere u n e h e u r e moi c 5 min a pied
@KlgGaelle vient en courant nous rejoindre ton footing sera fait je pense nan? mdrr
@LRSY_ville @HyacintheVdh retour du courant lectrique quartier Foch - Racine - Molire depuis 30 min. Apparemment a tient.
@La_Benks Bonsoir ! Pour les parisiens ce sera courant dcembre ! #UberChristmas
@Laaura_2510 D'accord ma belle. On se tient au courant par sms d'accord ? T'en fais pas on sera souvent l je pense. Bisous bisous.
@LalaDLuffy en tous j'espre si oui tien moi au courant MM si c dans longtemps
@LaughingJack821 *gmit et sursaute courant vers un autre coin, glissant sur le sol*
@Lauralexo L'mission Fashion Bloggers sera effectivement diffuse courant 2015. On vous tient au courant pour une date plus prcise!
@LisaVgs Bah je vais essayer de voir pour venir alors et sa sera nickel :) je te tiens au courant de toute faon ;)
@LisouuFln ferme ta mere toi j'suis pas ta cousine et j'suis archi pas au courant de toi casse toi
@LnaDslv @HugoCochet hahaje me sens "perscute" merci de me prevenir j'etait pas au courant perso je me sens calmedonc ouais sur ce bye
@Lucas_JVMC Je ne sais pas l'heure justement ce sera la surprise *_*,Ah en fait, tu vas me suivre jusque chez moi en courant aussi alors x'D
@LyLiaCr bats les couilles frre, on tait en retard  cause du train et du bus aussiii
@LydiaM__RPG (t'es pas au courant ce sera plus drle comme a ;) )
@Madristovitch mmm ce soir pas sur je te tiens au courant dans la journe si a se libre !
@MailyKe t'inquite pas tu seras au courant de tout
@MatthieuFontai1 t au courant que a crer des comptes fb sous ton identite? A moins que tu aies chang de bord
@MaudCopeland Je l'ai su en cours vendredi ^^ sinon je serais toujours pas au courant :)
@MaxTBITW 18h mais avec le bus jsuis chez moi vers 18h45 donc je loupe la 1ere mi temps
@MiklOfficiel le courant passe bien entre michel et regis
@Mikl_Something Bonjour, Netflix sera disponible avec la nouvelle interface TV d'Orange, dans le courant du premier semestre 2015. ^Ian
@MouniaBelkadi1 @CamilleBonnet_ Si Wikipedia tait fiable on serait au courant
@Mounir_Maroc93 @YounsPEA7 j'suis choqu :( pk j'suis tjr la dernire  tre au courant ?
@MrLuch37 Saphir le 10/11 et pour la Wii U je verrai dans la semaine en cours/qui suit si je l'achte .Enfin , tu seras au courant hh !
@Mylene_265 sa mre ma dit qu'elle n'tait pas au courant que Marina avais une boutique etc. Elle l'a appris quand je l'ai appeler -
@Nanothemonster plus d'une semaine vraiment avec le demenagement mais la studio etc j'serai posey, vas y je te tiens au courant mec
@NanteSport44 J'espre pour toi aussi. Mais du coup, comme c'est  Chambray, la question ne se pose plus de mon ct... a sera l'EDF .
@NathanICD @symonmemmi @sambadiaw94 @SaiyanDuGame jure la vie d'ta mre j'tais pas au courant!!
@NoemieBricout ouais je suis au courant mais l'anne dernire le rglement tait le mme je crois et pourtant..
@OMissud @NicolasSarkozy des bus venant d'autres dpartements pour remplir les salles de Sarkozy. Organis par Hortefeux et ses 2 compres .
@Oelita Propositions reues, merci ! Nous te tiendrons au courant peu aprs la clture de l'appel.
@Orange_conseil quand allez vous me tenir au courant , le portable sera t'il dispo d'ici  lundi prochain ?!
@PaolaAudrey sorry la mre, le courant vient juste de revenir....Je vais checker...
@Papoulout j'tais au courant,lui et son oncle ont cr 1 compagnie de construction fictive et ont reu un contrat juteux pour paver Jrmie
@PerledEbene Okey.. C'est la premire fois que j'essaie cette marque. Mais je tiens au courant
@R4Carte_FR je serai peu tre intresser ^^ je vous tiendrai au courant
@RERA_RATP des trains qui sautent et encore des annonces en gares de mauvaise qualit... La semaine commence normalement !
@RERB Et des trains  l'heure on les rcupre OU ?
@RERC_SNCF @SNCF Deux trains  1 min prs et 15 min sans desserte... Fallait-il vraiment supprimer le train de 7h55 ?
@RERC_SNCF @freddytinyworld le train, ensuite deux facteurs font que l'arrt est plus ou moins prcis. 1) nous ne sommes pas 2/...
@RERC_SNCF Bonjour. En cette matine calme, un sujet de fond. Pourquoi les trains ne stoppent jamais au mme endroit sur le quai ? 1/2
@RERC_SNCF Vers-chantiers - annonce  8h05 pr un train prvu  8h05.
@RERC_SNCF il n'y a pas un jour sans problmes au dpart de ma gare Mais aujourd'hui pas de train direction Paris en 45 minutes de temps 1/2
@RERC_SNCF lundi matin, train Debo pr Dourdan est retard... Comme tjrs aucune annonce en gare....
@RERC_SNCF si tu pouvais arrter d'annoncer les trains avec 3 minutes de retard sur l'appli transilien je serai reconnaissante. Merci.
@RERC_SNCF train a 30 sur l'appli, j'tais  28 sur le quai et il venait de passer...
@RERD_SNCF Du coup le trafic  repris sur Montgeron direction Paris ?
@RERD_SNCF la "normale", donc ralentissements et suppression des directs ? C'est a ?,Parce que circuler "au trait" en pointe... #pasnormal
@RERE_SNCF encore un coup des distances de scurit ! On nous prend pour des ... Alors qu'on est ! Foule ressentimentale #SouchonVoulzy
@RedSharksNCY Nan mais srx j'aimerais bien m'abonner aux Red Sharks c'est l'Argentine chez vous a chaque match tiens moi au courant
@Rob_Aromatario @VinceBpme @Remi_Oettinger moment de faiblesse ? Raconte ! Pas au courant
@STTHFrance Infos en avant premire ! On tait pas au courant non plus :3
@Samirapas_: Jv a la gare j'vois ya plus de train y'a un idiot qui cs encore suicider sur les rails du RERD ptn j'en est marre
@ScottBaioSancho @Tibouland @RERC_SNCF tt le monde veut prendre le mme train  la mme heure et juste en face de ses accs ! MOI MOI MOI
@SecreetAfton @ElOoO_26 ouais on le refais ce soir! Tenez moi au courant quand et je serais la! #JoyeuxAnniversaireAyem
@SeniorBeaver01 quand la maman muette de l'autre pisode est venue en courant vers le doc, on l'a bien vu. jdis juste dommage...
@Sh0re92 je suis dj au courant depuis la nuit dernire
@Sharon_Bsh ah oui oui excuse moi t'avais mme du sortir et je suis partis en courant derrire toi
@SmileyTrains @RERC_SNCF @Tibouland S'il ni avait que a qui retarde les trains, il y a aussi de trop nombreuses pannes !
@SmileyTrains coucou si y'avait plus de trains aux heures de pointe. Bisous @Tibouland @RERC_SNCF
@Sophet_ Bah apparemment c'est son frre, donc je pense qu'il est dj au courant et/ou qu'il s'en fout.
@SophieLiet trs bien.vous pouvez me tenir au courant car en rgion parisienne les news sont rares
@SteveRzc J'espre qu'elle est au courant qu'elle est compltement dgueulasse mdrrr
@StudioLazulis Ca a l'air joli, n'hsitez pas  me tenir au courant quand ce sera fini :-)
@TEAMArpgsa2: si il y a du Larry, j'vais vous bully. vous ferez pas gens vous tiez pas au courant. Amen.
@ThFerrier @pierre_1er @jeunefrancaise @ULYSSEimmortal l'UE est un projet de vermine nazi et US pour ceux qui sont pas au courant......
@TheAkaTone Dans ce cas je te tiens au courant si je les ai parce que c'est pas encore sre. C'est Casse-Noisette en plus!
@Thomasorus C'est son frre qui devrait le rependre, je pense qu'il l'a mis au courant.
@Tibouland - de trains pour autant d'usagers, le calcul est simple @SmileyTrains @RERC_SNCF
@Tibouland @alexa1235 @R1Rail @RERC_SNCF et faudrait mettre +de voitures en tte de train !... C'est ce qu'on me rpond parfois !
@Tivauu ouais t'as vu eux ils abusent dj ! enfin mme si ils sont en photo avec leurs copines j'suis sre elles sont pas au courant ahah
@TopAchat Mdrr bien sre ^.^ On vous tiens au courant =D
@UFODISTRIBUTION @PotemkineFilms @oizo3000 Le DVD est sortie et je ne suis pas au courant ?! Je me dteste, jespre qu'il ce vend encore !
@UnVraiFrancais Une abrviation n'est pas une faute cher monsieur! C'est courant chez Twitter en 140 caractres.
@VegetaJuniorDbz J'tais en correspondance et le 1er bus avait juste 30sec de retard,Du coup c'est moi qui fais grve contre ces fdp
@VoituresVTC @lainlain75 @OlivierCadic oui mais l c'est un fait rare alors que vous c'est courant la fraude ;)
@WelChrome :DD tant mieux tant mieux, je serai tenu au courant comme a ! ^-^
@X2thaV @MaryPatrux a fait pter le chemisier transparant!!! Il est au courant @StephenCurry30 ? Il faut l'appeler loool
@Yous_La_Douille Tqt pas tu sera le 1er mis au courant ;)
@ZLCN_ j'ai loup mon bus mais j'ai perdu mon portable => peut pas prvenir ma mre => high kick vers 13h
@_Lienn si je pouvais incruster des gens tu penses pas que ma clique serait au courant? gn
@caroline_gld vers 13h-13h30 jpense j'ai un projet de groupe  finaliser  la fac avant j'te tiens au courant cowboy
@cavousf5 Qu'est ce qui vous prend d'agresser Fred Lopez ? Il nous fait rever et pleurer lui ! Est-ce si courant a la tv ? Le moment est :-(
@ciinnddyy1 bah je tai dis les mecs sa parle entre eux donc tout le monde est au courant et comme ils savent que je vais pter un cble..
@eggmmings non cet emploi l c'est le sens driv par le langage courant, mais a la base c'est juste un dmonstratif  part entire,
@eonlineFR super !!! J'ai hte, ce serait super de ns tenir au courant ds qu'une date est fixe
@foournierlaura ouais a va ma tante sera au courant demain mat mdrrrr
@fukrory tiens moi au courant ouais haha j'espre trop que a marchera tu vas adorer c'est oblig
@fxckzstyles va voir tout mes tweets et rt et tu seras au courant de tour, c trop long et j'ai pas le temps ahah
@gdset83 tes vous au courant de la runion du 26 novembre prochain ? (Espace nautique  hyres 18h.)
@geo_pocket oh du coup je fais le plan B : interco avec RER A et je finis  pied... Bientot 5 ans de pratique ;) merci, bonne formation
@gxldenparrilla j'te tiens au courant. si j'te reconnais j'vais exploser de rire
@hugsftirwin dj faudrait que mon pre soit au courant de qui tu es
@ianrpglh2 -se tourne vers toi et arrive en courant-
@ifeelsohoran euuuh pas que j'ai la flemme de prendre le train, puis le RER, puis la ligne 15 du metro mais ... x)
@inw_trust 25 en courant sans sarrter cest pas une balade pour moi cest du #trainingwaa
@jmenbatlanneau @Bxlal @PaulB00ne @3Aaaaaahhhmerde @Jnoouney @thib_blcd @j_deplanque tien moi au courant cls de bras frre
@kfi_maelys @mslmanon trop mignon mes bbs, BOOON bh jvous tiendrais au courant de toute manire<3
@laetitia_lovej Non mme pas j'tais choquer. De toute faon moi je suis tjr la dernire au courant a fait chier #MTVStars Justin Bieber
@lenoirsteven Like Paris fuckin traffic ? Allez, reviens, le RER c'est mieux.
@lequipedusoir benoit: j'ai tout mis sur l'EDF ce WE en vous coutant. Je me rend compte que a sera la dernire fois...:D merci quand meme
@letututeur En admettant qu'il survive  son accident! c'est pas gagn vu qu'il s"est pt la tronche sur le tram. @MRigalon
@liliekf Coordonnes bien reues, je vous tiens au courant. ^G
@maaya444 j'espre que shota se tient au courant et qu'il y aura droit la prochaine fois que c'est son tour
@paolorpgck -elle te suit en courant et l'autre fille crie en nous voyant, j'explose de rire-
@patricepinard es tu au courant que @SCHULLER2014 n'a pas encore rembours ses colistiers ni donn les reus de dons dfiscaliss  66%?
@pornkid Tu nous tiens au courant quand tu seras pass  l'acte ?
@refusonstous bonjour, qui est derrire ce compte, car aucun membre du collectif n'est au courant et vous affichez notre site... ?
@rerDriver (enfin sauf que l le train tait voie A et la manoeuvre par 2 bis o un RerD tait en attente)
@sandlys D'autres se seraient sauvs en courant  ma place lol,par honte,dprime ect ect,pas moi MDR,je m'en tape c la vie^^.....
@sibelga tjs le mme problme perte de courant ! Certain de mes appareils lectrique risque de brler  force de couper et pyis remettre.
@slowlysow @svintlouis je suis au courant. C'est que sur la sphre, sinon c'est calme.
@sophiel2980 @Milenaotropique Ha moi aussi mais dans ce courant je prfre Mlanie Klein et d'autres.. :-)
@stxlesweater Oui je te retiendrais au courant alors !,Dj j'essaye de faire passer a vers ma mre pour mon anniversaire MDR
@toxicarver TENEZ MOI AU COURANT a serait un plaisir de vous aidez si jamais vous avez besoin
@valaraukar28 plutt Bercy c'est pas loin du RER Franois Mitterrand, du coup je n'ai pas de changement
@williamsanama91 je sais, je serai pas la . J'ai sortie ma prof est au courant et la CPE aussi donc c'est bon .
@xdrugofniallx tlmt de trucs mon dieu, va voir tout mes tweets durant cette nuit et tu seras au courant de tout ahah :)
A la connasse qui a dit "elle est pas au courant qu'il y a un ascenseur?!", je t'emmerde, l'endroit pour rcuprer les cls tait ferm.
A la place de Charles je serais partis en courant blc l'mission elle se fou de sa gueule ptdrr
Accident  bachelard on est bloquer dans le bus
Accident de personne en gare de montgeron plus rien circule sur la ligne R, et sur le @RERD_SNCF #sncf #qml
Accident de personnes a montgeron crosne. Train arrter a Brunoy #SNCF #RERD #Retard
Accident de personnes sur #rerd, j'tais sur le quai j'ai rien vu, personne sur les voies. Moi pas comprendre #LundiMatin #qml
Ah oui ... Au cas o vous seriez pas au courant ...
Ahahaha jsuis dead, y'a une meuf elle courais pour choper le bus, et elle a vu que yavais les contrleur dans le bus alors elle a ralenti.
Apparemment je sors avec mon pote de 11 ans de plus ! J tais pas au courants, pourquoi je suis toujours la dernire au courant ???
Aprs les cours j'ai du rejoindre ma mre parce que j'avais pas de bus
Aprs mettre lever  minuit et demi et avoir fahi louper le bus, mon pre vend MON cheval sans que je puisse lui dire au revoir...
Arrter le bus en plein milieu de la nationale .. Ben a va on l'a pas louper mdr
Att je cours pour aller vers l'arrt de bus puis j'entend un bruit de bus du coup jregarde, il tait pass  l'instant
Attention ! Suite  un accident de personne, le trafic est interrompu sur la ligne #RERD entre Villeneuve et Melun #KO
Au cas o vous ne seriez pas au courant, Dragon's Dogma : Dark Arisen est une petite ppite. (Dcouvre-t-il un an plus tard)
Au cas ou tout le monde est au courant mme lui et tes copines frre
Au lyce a chaque fois qu il y'a une nouvelle fille les garons sont dj au courant tellement c st rare
Auber les chauffeurs de bus ils te mettent des coups freins frere t'assume pas
Aujourd'hui, Pascal pour vous informer en temps rel sur l'tat du trafic du #RERA. Bon voyage et bonne matine #RATP
Avant de mettre de la musique  Gare Du Nord pensez dj  mettre plus de trains! #rerb #rer
C'est la dernire fois, que je cours comme a pour avoir mon bus
C'est les soeur qui porte le voile kles keuf veulent dvisager normal les frre me tienne au courant il ce sont fait taser !
C'est pas comme si je m'tais re endormie aprs mon rveil et que j'ai carrment loup le bus
C'est plus possible enchaner les cours et aprs les guignols dans le bus
C'est une putin de galre le RER D le lundi y'a jamais de train
CAC40 : tassement vers 4.370 mais priorit aux bancaires.  $S500 $DJI $COMP $NDX $BNP $VK $BCE $TEC $EDF
Carl, t'es au courant que le chapeau de ton pre te sert pas  grand chose ?
Ce genre de gens relou qui vient se mettre en face de toi alors que ya dla place partt dans le train #RERD
Ce matin j'ai fais de chez mon pre jusqu'au lyce en courant, deja a cause d'hier soir j'tais ko bah la j'letais encore plus
Ce matin j'ai vu un couple de renoi ils s'emballait ds l'matin  7h dans le RER sans press
Ce petit moment de panique quand tu te rveilles dans le RER et que tu ne sais pas si tu as loup ton arrt
Ce que je prfre dans le bus c'est couter les conversations des gens
Colis DHL  un point relais, sauf qu'ils ont une panne de courant ... Revenez demain !,Vive la technologie
Commandez votre #PanierBio sur  et rcuprez-le  la sortie de la gare @RERB de Robinson !
Comme a ma mre est au courant! Ptn
Comme je sais que je vais louper le bus plan B mon pre m'amne
Comme par hasard y'a un sale accident qui bloque la ligne de tram, la journe commence bien j'adore
Comment emmerder la serveuse avec nos petites pices et ensuite devoirs courir dans la P pour choper le tram :'),@nerea_pengui
Confrence sur comment passer 32 trains  l'heure dans le tronon central RER B. Mme thoriquement on rame.
Coupure de courant  la con..  en colre
Coupure de courant pendant les prsentations, j'espre que a marchera pas de la matine comme ca salut!
Coupure de courant, merci  mon frre!
Courir ds le matin pour le bus c'est pas pour moi ... J'me sens pas trs bien, j'espre que a va passer putain #MTVStars Justin Bieber
Dans cinq heures pile je serais dans mon bus avec mes couteurs en train d'couter lacrim
Dans le train, arrive  Paris prvue  9h17, ensuite va falloir courir au mtro et au RER pour prendre la direction de marne la valle :D
Depuis que j'suis en pole je prend le rer , le bus tout le temps j'ai du payer 2 fois et j'me suis fais prendre 3 fois sa vaut le coup
Dernire partie de mon bo3 sur League of Legends, le jeu se charge... et bim. Coupure secteur du courant...,Merci @EDFofficiel @edf_client
Dernires nouvelles au sujet des trois chevaux  Moffet.... La SQ est au courant... Y a une personne de la...
Des gens qui serait au courant de news pour H2A ?
Donc grce  50 shades, on a une plthore de bouquins merdiques traitant du sm et du bondage, m'indiquent les lectures de femmes ds le RER.
Du gloss sur ma capuche hollister j'ai juste la haine! celui qui a crit sur la paroi du train avec son gloss moche Abrutit #sncf #RERC
EMAL65 est pass  Bures avec 1' de retard. C'est un vieux train particulirement cradingue. Merci pour nous #RERB
En attendant le tram  la mer promis par Saurel "Dernier Voyage du petit train de Palavas en 1968 film par l'ORTF) "
En plus dans le bus la gamine derrire moi elle me foutait que des coups de pieds  #lt
Essayez d aller sur Paris ... Mais un malin  t heurt par un train .... Une aventure le RER D...
Est-ce que Zemmour fera une confrence  Paris ? Ou alors je ne suis au courant de rien...
Et ma mre qui va me prendre des new balance, jlui dis comment que j'en veux pas svp elle est pas au courant que jsais qu'elle me les prend
Et moi je m'en veux comme jamais. Maldita Nerea tait  Bilbao et j'tais pas au courant. Normal pas de pub c'est complet depuis longtemps
Et si j'ai les yeux trop rouges j'enfile ma paire de lunettes, ma mre veut plus tre au courant dmes affaires de fumette
Euuh y'avais jul a Roubaix sa mre je viens de hess putin quand j'ai plus Facebook je suis au #courant des choses 10 aprs
FDP LE COURANT A COUPER ET JAI PAS SAUVEGARDER !!!!! Nique ta Putain de mre !!!!!
Fdp de bus il m'a vu pourtant inshallah tu fais un accident avec un poids lourd
Finale Coupe de France 1965 : Stade Rennais  UA Sedan-Torcy (3-1)  #edf
Grve des trains et ma mre m'a pas gard de l'argent pour le bus. Mdrrr je vais la tuer. Tant pis petit cong today.
Hillary elle m'avait un coup de pression sur le quai du RER comme un bouffon j'ai ferm ma gueule
Hsite  descendre  Havre-Cau pour prendre le RER, descend plutt  Opera pour prendre la 7 et prendre le train, mais en fait plus de train
Il a fait la chenille en courant ptn il ma fait trop rire
Il est 05:52 et le trafic est normal sur l'ensemble des lignes de RER
Il est 06:28 et le trafic est normal sur l'ensemble des lignes de RER
Il est 11:24 et le trafic est normal sur l'ensemble des lignes de RER
Il est 11:28 et le trafic est normal sur l'ensemble des lignes de RER
Il faut que j'appelle l'autre gogole avec son accident de bus meme si je m'en fiche
Il faut que ma mre me le dise j'ai envie d'tre au courant
Il serait temps. "@afpfr: Pollution:  Paris, premires mesures de restriction de circulation courant 2015  #AFP"
Il tait temps ! Enfin un trafic rgulier sur toute la ligne #RERD #OK
Ils ont remit le courant juste au dbut des reines
In sha Allah, le prof d'histoire il prend un tram, il se perd, sa reme elle l'appel pour acheter du rhoubs et comme a pas cours
Infotrafic #RERC : Trafic ralenti sur la ligne jusqu' 14h (incident de signalisation  St-Michel)
Infotrafic #RERD : Circulation interrompue entre Villeneuve-St-Georges et Melun via Combs (accident de personne)
Infotrafic #RERD : Interruption entre Villeneuve et Melun (accident de personne)
Infotrafic #RERD : Le train DICA au dpart de Melun  8h07 (Paris  9h) est supprim(trains en atelier de maintenance)
Infotrafic #RERD : Les trains au dpart de Melun  6h52 et 7h37 seront au dpart de Combs la ville  7h12 et 7h57
Infotrafic #RERD [MAJ] Perturbations sur la ligne jusqu' midi (gestion accident de personne)
Infotrafic #RERD [MAJ] Retour progressif  la normale (gestion accident de personne  Montgeron Crosne)
Infotrafic #RERD [Mise  jour] Reprise des circulations entre Villeneuve-St-Georges/Melun (gestion accident de pers)
J ai cru que mon cerveau s etait dtach pour se barrer en courant vers l inexistante infini du nant.
J viens d recevoir l'appel d ma copine qui m'annonce q son gars viens d dcder.Cause il cherchait a rtablir le courant. #Eneo j'ai ton MAL
J'adore ce temps j'espre vraiment qu'il ne vont pas couper le courant
J'adore louper mon bus pck ce dernier a dcid de ne pas s'arrter  4 arrts
J'adore tre la dernire au courant
J'ai annonc mon 8 en Bio  ma mre, je me suis vite barrer en courant. Toujours le mme discours, faut que je m'y mettre, oui tu as ps tord
J'ai crier, ma mre est entre en courant dans ma chambre et elle m'a regarde et elle m'a dit "Quesqu'il y a?Ta l'air tt contente "ya moyen
J'ai failli loup le bus sa mre
J'ai foutu 3 coups poings  l'arrire du bus pr qu'il s'arrete!!
J'ai l'impression de passer ma vie  attendre j'attends les bus, les trams, les trains, les nuits, les week ends, mon pre.
J'ai loup le bus mdr su-per
J'ai loup le bus ta mre la pute
J'ai loup les deux bus, et ma mre taff pas aujd jsuis dans la merde
J'ai pas le mme temps que le conducteur de bus je pense. Il roule toute doucement, si il ralentit encore il va s'arrter
J'ai que des mini coupures de courant sa mere
J'ai rien contre vous mais s'appeler charlotte, la ou mathieu c'est tellement courant a me ferait chier quand mme
J'allais avoir mon train mais comme par hasard fdp de rer il est la il vient tout bz !!
J'avoue que si la y'a une panne de courant avec les films d'horreur que j'ai vu je serais bien mal
J'coute des sons qui m'ambiancent de fou l j'ai chaud envie de danser mais j'suis dans le RER
J'crois tout le monde est au courant de ma petite aventure de samedi a m'fait trop rire on dirait une srie! C'est "La suite.. Prochain p"
J'espre avoir ma lettre aujourd'hui, je vous tiens au courant
J'espre ne pas devoir courir au bus demain
J'espre qu'il y a des bus je suis oblig d'aller en cours
J'espre que Pierre va pas louper le bus
J'espre que je vais louper mon bus et rester chez moi
J'espre que le bus vitalis va passer demain sinon jvais encore tre en retard en cours a va pas le faire
J'tais au tel avec Camille dans le bus et elle a russi  me faire exploser de rire du coup tout le monde s'est retourn en mme temps
J'tait dans la voiture de mon frre en attendant 14h et j'ai vu ma tutrice arriver, je suis sorti en courant mdddr.
J'viens de voir courir sur 50m aprs le bus, jamais de ma vie je ferais a !
Jaime pas courir aprs le bus sa mre
Jcourais pour avoir le RER et y'a une renoi qui m'a demand si je courais parcequ'il y avait les controleurs elle m'a tue
Je crois quand j'aurais cours avec lui je prendrais le bus qui me fait arriv  11h15 au lieu de 11h, je serais mme pas en retard
Je me demande si Twitter offre un cadeau  celui qui fera le plus de RT dans la journe et seul @Jeffpanacloc serait au courant en fait ;-)
Je rappelle que le one shot du mme nom sera disponible chez les ditions Glnat courant 2015 #manga #akiratoriyama cc @GlenatBD #dragonball
Je sais dj que lundi prochain je vais louper le bus et mardi je serais malade mdr
Je sais pas trop si je suis trs contente ou si j'ai trs le cafard je vous tiens au courant quand mon potiron sera cuit
Je serai contente que le pape vienne demain seulement si Grace a a y'a pas de tram donc une raison de pas aller en cours
Je suis la seule qui quand je vois des gens courir pour le bus espre qu'ils ne l'auront pas
Je vais dire a ma mere que j'ai louper mon bus elle va gueuler
Je vais tester le toffee nut latte chez starbucks... mais j'aime pas le caf, et je digre mal le lait. Je vous tiendrais au courant.
Je voulais tre absente aujourd'hui mais mon bus viens de passer :( du coup je serait en retard
Jme suis endormie dans le bus et jme suis reveillee psq je revais que qlq me coupait mes dents verticalement
Journe:Mal  la tte/ventreExam blancJ'ai d courir et failli me faire renverser pour avoir mon bus,Mon pre dit que N est une fille...
Jsuis dans le metro mais le temp il arrive a la gare il sera 20/25 le temp je vais jusqu'au train il sera trop tard ptin casse les couillles
Jsuis deg J'pars plus tt des cours por 1 fois et jloupe mon bus Ptn j'en ai marre de galrer
Jsuis toujours la dernire au courant de ce que font les boys, o ils sont etc..
Jv a la gare j'vois ya plus de train y'a un idiot qui cs encore suicider sur les rails du RERD ptn j'en est marre
L'application sera disponible pour les iPhone courant dcembre.  #3
L'avantage de prendre toujours le mme RER  la mme gare c'est qu'on sait o sera la porte. Du coup mon cul est pos systmatiquement !
L'inaccessible j'aime, sa me pousse a dfonc et a me faire rflchir des nouveau plan, et bientt mymy sera au courant
L'onfont de la lumire..  peine j'entre  la maison que le courant revient
La #RATP et #SNCF choisissent Ask pour les lecteurs de #Navigo  #train #RER #Paris #data
La dernire fois au tram j'ai vue un couple ils faisaient des truc cheum
La dernire fois dans le bus, j'ai vu un gars il coutait sa musique avec plein de nuds sur ses couteur  jsais pas comment il fais
La semaine commence bien : j'ai confondu le RER C avec mon train pour aller  La Dfense... Heureusement que j'ai cours dans seulement 1h30.
La vieille qui fait genre elle est bouscule qd le tram ralenti et qui pose la main sur mes couilles on en parle ou pas?
Le #RERA semble avoir quelques difficults, vu le monde  Chatelet et dans les trains
Le Mirail occup! Dernires nouvelles | Courant Communiste Revolutionnaire - NPA
Le ralenti pr les bus j'crois c'est obligatoire aussinon c'est l'acclration
Le trafic est ralenti sur l'ensemble de la ligne #T4. La frquence de passage des tramways passe  12 minutes dans les deux sens #BOF
Le trafic est toujours perturb sur la ligne #RERD #KO. Retour  la normale  8h30
Les gens qui court derrire le bus, vous m'faite pitier mdrrrrrr Perso j'prfre louper l'bus que de courir derrire comme une ksos
Les refuzniks de lUSFP prparent laprs-Zaidi Le courant Ouverture et dmocratie sera
Les refuzniks de lUSFP prparent laprs-Zaidi: Le courant Ouverture et dmocratie sera dissout, un ...  #Maroc
Leve 6h, tram, train, bus, 2me bus, marcher, galrer a trouver, puis journe d'appel Super journe
Louper un bus a passe, mais VOIR LE BUS PASSEZ DEVANT TA GUEULE SANS S'ARRTER, non a passe pas du tout
Lulu et Calixte qui arrivent vers moi en courant en criant "Anna on a trouv! Elle ressemble  Casimir" ...
Ma mere estpas encore au courant que je suis viree elle vas le savoir demain et sava faire tres mal
Ma mre elle appelle Laura pour vrifi avec qui je mange ce soir, lolo est pas au courant je reois "tu me dois des explications"
Ma mre elle dbarque en courant "on a rdv chez le dentiste j'avais zapp on y va" "ouais bah vazy" "nan mais tu viens toi aussi" "juuuure"
Ma mre elle est au courant que j'ai pas la moyenne en physique-chimie j'suis soulage MDR
Ma mre me gueule du salon " IL FAIT TOUT NOIR COUPURE DE COURANT " MAMAN JE SAIS ON HABITE DANS LA MEME MAISON QUAND MME
Ma mre pense qu'elle peut m'acheter avec des PEZ... Je sais pas si elle est au courant que j'ai plus 5ans
Ma mre qui me fais peur en me courant aprs avec une bte dans la main
Ma mre regarde conjuring, je l'ai dj vu mais a m'a pas empch de me barrer en courant dans ma chambre! Oui je suis une peureuse!
Ma mre va cbler qd je vais lui dire que jeudi je peux pas aller en cours parce que y'a pas de bus et que j'ai que 2h de cours
Maiiis que y'ai des tram ou ps a va rien changer ma mre elle va quand mm me faire aller en cours mdrr
Mais sa m'arrive souvent de louper le 1er bus en se moment
Mais vous tes au courant que se nounours la qui est cens faire rver les filles cote prs de 800.- T mm pa capable dMe payer 1menu MacDo
Manon elle m'a achev dans le bus je vous jure elle m'a fait une gamelle au ralentis mais ptn j'tait MORTE
Marre de jouet a ce jeu , qui me fait perdre mon temps de toute manire , je sais que c'est un couple fini. A la ligne c'est plus mon P..
Mdr et a envoi des snaps derrire ma gl genre jsuis pas au courant, mais le jour o je serais bien nerve faudra mme pas me demande pq
Mdr l'anne dernire j'm'etai pris un bus un matin en allant en cours
Mdr mon petit frere etait dans le bus quand il est tomb en panne du coup ma mere est all le chercher
Mdr y'a un petit dans le bus il est en 6 eme je crois on dirait il a toute la misre du monde sur son dos des cours miskin
Mdrrr Fanny a dit  sa mre qu'elle mangeait avec moi sa mre m'appelle pour vrifier moi j'tais pas au courant j'ai pas pu mentir :'(
Mercredi ma tante vient m'offrir pleins de chocolat milka hdjsvjsbsbs elle croit que je suis pas au courant mais j'ai force ma mre a me le
Meteo du #RER (#ratp) : OK () 24/11/2014 a 05:57 Trafic normal sur l'ensemble ...
Meteo du #RER (#ratp) : OK () 24/11/2014 a 11:25 Trafic normal sur l'ensemble ...
Meteo du #RER (#ratp) : OK () 24/11/2014 a 22:33 Trafic normal sur l'ensemble ...
Mieux je dors moi! Parce que quand je pense qu'en face  la nouvelle route il y a le courant..., je peux pter 1 plomb!! #BlackOutSurYaound
Mme que moi je prend pas de trains, je prend pas de bus. Non bande de petites bites, moi je prend un car TER
Moi aussi j'ai loup mon bus ce matin du coup je suis a peine dans e TER l
Mon beau pre a pt un cbl pcq il n'tait pas au courant que Amlie tait en couple
Mon bus est dans 4 min sa mre je crois je vais le louper
Mon bus est pas la ma mere non plus <<<<< Pas cours
Mon bus est quand mme tomber en panne a la gare ce matin, j'ai dut prendre le train mais a bret il avait du retard pfiou la galre
Mon chien rentre en courant dans la cuisine qui est mouille : il fait un drapage avec ses pattes arrire.....trop drle !!!
Mon frre il es trop moche quand on le prend en photo alors qu'il es pas au courant
Mon frre il va pleurer pcq il tait pas au courant qu'y avait l'avant premire de La French  Marseille et @JeanDujardinOff c'est sa vie
Mon frre n'est toujours pas au courant
Mon frre qui m'envoie des snaps vidos de lui courant dans la maison quand ma mre l'appelle pour l'engueuler jpp xDDDD
Mon lundi : RER  7h un 24/11 pour 6 heures de cours... Les 2ndes rigolos, les 6eme adorables et les 5me pertinents. Bonheur ! #VieDeProf
Mon pere me fait " tu mrites des claques " jdis que cest lui qui en merite oh jme suis barr en courant valait mieux
Mon pre en vrai il m'achte la voiture c'est bien mais enfaite je crois il tait pas au courant que j'ai pas encore mon permis .. Mdr
Mon pre est au courant..
Mon pre nous clash mon frre et moi , jsp si il est au courant qu'on est dans la pice d' ct
Mon pre qui dbarque en jupe et qui part en courant quand il voit que j'ouvre Snap
Mon pre qui m'appelle pour me dire le lyce m'a envoyer un sms comme quoi tu es pas la et j'ai rpondu je suis au courant!
Mon train qui prend feu la semaine dernire, mon bus qui prenait presque feu l. Mme  pied j'ai plus trop confiance....
Mordu du rail? Inscrivez-vous  notre #BulletinGareautrain et restez au courant en matire de #ScuritFerroviaire!
Mtro Ligne 1 En raison d'un malaise voyageur  la station Champs-lyses- Clemenceau, le trafic est ralenti sur l'ensemble d [1/2]
Mtro Ligne 11 En raison d'un incident technique, le trafic est interrompu entre les stations Arts-et-Metiers et Chatelet. Repri [1/2]
Mtro Ligne 11 En rpercussion d'un incident technique, le trafic est trs ralenti sur l'ensemble de la ligne. Trafic normal s [1/2]
Mtro Ligne 14 En raison d'un incident d'exploitation, le trafic est ralenti sur la ligne. Trafic normal sur les autres lignes de Mtro.
Mtro Ligne 14 En rpercussion d'une panne de matriel,le trafic est ralenti sur l'ensemble de la ligne. Trafic normal sur les [1/2]
Mtro Ligne 2 En rpercussion d'un malaise voyageur, le trafic est ralenti sur l'ensemble de la ligne. Trafic normal sur les au [1/2]
Mtro Ligne 3 En rpercussion d'un voyageur sur les voies, le trafic est ralenti sur l'ensemble de la ligne. Trafic normal sur [1/2]
Mtro Ligne 4 En rpercusion d'un voyageur malade,le trafic est ralenti sur l'ensemble de la ligne. Trafic normal sur les autre [1/2]
Mtro Ligne 4 En rpercussion d'un colis suspect  Mairie de Montrouge, le trafic est ralenti sur l'ensemble de la ligne.
Mtro Ligne 4 En rpercussion d'un voyageur malade,le trafic est ralenti sur l'ensemble de la ligne.
Mtro Ligne 5 En raison de divers incidents, le trafic est ralenti sur l'ensemble de la ligne. Trafic normal sur les autres lign [1/2]
Mtro Ligne 5 En rpercussion de divers incidents, le trafic est ralenti sur l'ensemble de la ligne. Trafic normal sur les autr [1/2]
Mtro Ligne 6 En raison d'une panne de signalisation, le trafic est ralenti sur l'ensemble de la ligne.
Mtro Ligne 6 En rpercussion d'une panne de signalisation, le trafic est ralenti sur l'ensemble de la ligne.
Mtro Ligne 6 En rpercussion d'une panne de signalisation, le trafic est ralenti sur l'ensemble de la ligne. Trafic normal sur [1/2]
Mtro Ligne 9 En raison d'un incident technique, le trafic est ralenti sur l'ensemble de la ligne. Trafic normal sur les autres [1/2]
Mtro Ligne 9 En raison d'un incident voyageur  Franklin Roosevelt, le trafic est ralenti sur l'ensemble de la ligne. Trafic n [1/2]
Mtro Ligne 9 En rpercussion d'un incident voyageur,le trafic est ralenti sur l'ensemble de la ligne. Trafic normal sur les au [1/2]
N'espre pas l' la regarde pas, ne rve pas d'elle. Tel un courant d'air, elle touche tout le monde, mais n'appartiens  personne.
Nantes. Un tram-train en panne  Haluchre
Ne cours pas aprs un homme ou un autobus chrie, il y en a toujours un derrire.
Nique sa mere ce temps la j'ai des coupures de courant de merde.
Non sah, si je vais au Djihad vie de ma mere je fais des vines ou j claque le grad et j pars en courant
Normal que les frres me tiennent au courant Ils se sont fait tazz #LaFouine #CDC4 #Cry #Omarion
Nouvel article Pollution : premires mesures de restriction de la circulation courant 2015  Paris...
Nouvelle information Pollution: premires mesures de restriction de la circulation courant 2015  Paris
Npal  47 morts dans un accident d'autobus -  - de @Taptu
Oh Putan le bus a fait un accident Putan Putan je l'avais prdis puaaaah marocain en force
Oh ptn je me suis endormi dans le bus du coup j'ai rat mon arrt,heureusement ma mre m'a cherch
On a eu un accident de bus il a foncer dans une voiture et la porte du bus a exploser ptddr
On arrive au village ya pas de courant pas d'eau j'ai supplier ma mre pour pas dormir la bas
Oups ! Votre Tweet fait plus de 140 caract res.N maintenant par ' dis betsak lutt d b emboutkb.nji ar mb ef an ...'at bus ku
POURQUOI ON ME PRVIENT PAS QU'ELLE EST SORTIE DE SON KEBAB voil jsuis toujours la dernire au courant :'(
PTN CEST EN TANT DANS LE BUS QUE JE REOIS UN MAIL COMME QUOI ON N'A PAS COURS MAIS VOUS FOUTEZ DE QUI LA
PTN DE SA MERE APPAREMMENT IL Y AVAIT UNE SANCE DEDICACE APRES LE CONCERT SAMEDI J'ETAIS PAS AU COURANT
Passer devant son pre et ensuite sa mre et avoir la mme rflexion"mais t'es toute ptite enfaite"oui je sais je suis dj au courant merci
Personne n'a de prise sur lui, c'est pas une lumire, il est jamais au courant de rien.
Pollution  Paris, premires mesures de restriction de circulation courant 2015, annonce l'adjoint #Paris #Nouvelles
Pollution : premires mesures de restriction de la circulation courant
Pollution : premires mesures de restriction de la circulation courant   LeMonde
Pollution : premires mesures de restriction de la circulation courant ... - Le Monde
Pollution : premires mesures de restriction de la circulation courant ... - Le Monde: Le PointPollution : pre...
Pollution : premires mesures de restriction de la circulation courant ....
Pollution:  Paris, premires mesures de restriction de circulation courant 2015
Pollution:  Paris, premires mesures de restriction de circulation courant 2015  #AFP
Pollution:  Paris, premires mesures de restriction de circulation courant 2015.
Pollution:  Paris, premires mesures de restriction de circulation courant 2015: De pr...
Pollution: premires mesures de restriction de la circulation courant 2015   Monde
Pollution: premires mesures de restriction de la circulation courant 2015  #Paris
Pollution: premires mesures de restriction de la circulation courant 2015  Paris
Pollution: premires mesures de restriction de la circulation courant 2015  Paris - le Monde | @scoopit
Pollution: premires mesures de restriction de la circulation courant 2015  Paris,
Pollution: premires mesures de restriction de la circulation courant 2015  Paris: L'adjoint au maire charg...
Pourquoi a n'est pas dans la loi que le pre doit tre tenu au courant et doit avoir un droit sur son bb aussi ? #Interventions
Pourquoi il s'excite? Apparemment je gre trop les bails. Je n'tais pas au courant !
Promis, tu seras la premire au courant
Pttttttdr tjr la dernire au courant moi bordelle
Putain, j'ai loup mon bus sa mre..
Putian j'tais pas au courant pour l'IE de DNL sa mre
Quand a sera ok , je vais le mettre au courant
Quand en arrivant dans une gare tout ce coupe dans mon RERC, clairage sur batterie, qu'on s'immobilise au bon endroit mais en silence
Quand j'coute sur la route de #Depalmas et que j'ai mon #RerD annul, a sent la bonne journe
Quand jrate un cours mn seul motif que jpx faire gober a mes renpa c'est ''rer retardes , rer supprim''
Quand jsui prt et a l'heure pour aller en cours qqun se jette sur les voies du rer d Impossible de voyager
Quand vs coutez de la musique dans le bus, si dj c dla merde mettez vos couteurs, faut arrter les dlires meufs, vacances, boissons..
RER D : une personne heurte par un train  Montgeron, trafic ... - Le Parisien
RER D : une personne heurte par un train  Montgeron, trafic perturb
RER D : une personne heurte par un train  Montgeron, trafic perturb  via @Le_Parisien
RER D : une personne heurte par un train  Montgeron, trafic perturb  via @le_Parisien
RER D : une personne heurte par un train  Montgeron, trafic perturb: Une personne a t heurte par un trai...
RER D Accident de personne  Montgeron - Crosne. Axe Paris - Melun via Combs la VilleComptez plus de 20  30 minutes supplme [1/3]
RER il s'arrete en plein milieu, ca m'fait louper le train maintenant l'autre train ile st retard
RT @1001ptsFR_CA: Un accident d'autobus fait 47 morts ()
RT @1inamilli: Vous tes au courant que quand vous regardez un truc sur votre pc ou  la tl vous tes pas oblig de nous le snap dans son entiret?
RT @Adrialbr: ya un mec il courait aprs le bus, le bus ses arrter, l'mec il a vus y'avais des contrleurs il a fait genre il faisait un footing mdrr
RT @AkuNoHanaTweet: #AKHT Trafic perturb au TEC: Le trafic des bus et trams du TEC Charleroi tait fortement pertu...  #7s7 #Belgique
RT @AliceAsilis: @FRIENDS2613 @Amir_Officiel_ Tiens moi au courant!! J'espre que cette fois ci on le verra ensemble, que ce sera pas juste au tlphone ;)
RT @Aminineteen: Jcourais pour avoir le RER et y'a une renoi qui m'a demand si je courais parcequ'il y avait les controleurs elle m'a tue
RT @AnnaVZL: Lulu et Calixte qui arrivent vers moi en courant en criant "Anna on a trouv! Elle ressemble  Casimir" ...
RT @AnthoMercier: @Clem_i_am en plus j'ai cours le lendemain aussi , on peux partir ensemble ! et si t'es trop red pr conduire on prend le bus ! mdr
RT @Assi_Yah: J'ai jamais cour a cause des bus de Belgique sa mre
RT @AssoGrandParis: #Pollution: premires mesures de restriction de la circulation courant 2015  Paris
RT @Astro_FR: #Horoscope du jour #Blier : Dynamis,par les plantes en signes de feu, vous serez port par un courant...
RT @Ayisio108: A la place de Charles je serais partis en courant blc l'mission elle se fou de sa gueule ptdrr
RT @Balt_azar_: RTsi ton daron i cour derrire le bus, ya vu y avai les controleurs i la fais genre de taper un footing mdrr
RT @BieberGomez06: Courir ds le matin pour le bus c'est pas pour moi ... J'me sens pas trs bien, j'espre que a va passer putain #MTVStars Justin Bieber
RT @BlackMoney976: Normal que les frres me tiennent au courant Ils se sont fait tazz #LaFouine #CDC4 #Cry #Omarion
RT @CIaudeFrancois: RE JE SUIS LA, DSOL DU RETARD J'AVAIS UNE PETITE COUPURE DE COURANT
RT @Cabro_: Mdr l'anne dernire j'm'etai pris un bus un matin en allant en cours
RT @Carla__Ruffo: Un petit qui dit  son cops dans le bus "Mon oncle il est vieux, il est n en 1992  l'poque des premires cartes Pokmon " PTDRR
RT @CaroLechopier: a me fait toujours mourir de rire d'couter les histoires d'amour des cassos dans le bus
RT @CeQuonVousCache: Le scandale est devenu courant -
RT @Celine_Noel_: @JulieBrrd J'espre aussi, je t'envoie un message demain matin pour te tenir au courant
RT @Chibromasseur_: j'aime le rer car : je peux couter du rap
RT @ClarisseBluteau: Passer devant son pre et ensuite sa mre et avoir la mme rflexion"mais t'es toute ptite enfaite"oui je sais je suis dj au courant merci
RT @ClichesHand: @NanteSport44 J'espre pour toi aussi. Mais du coup, comme c'est  Chambray, la question ne se pose plus de mon ct... a sera l'EDF .
RT @Coco_Canji: Louper un bus a passe, mais VOIR LE BUS PASSEZ DEVANT TA GUEULE SANS S'ARRTER, non a passe pas du tout
RT @ColineOClock: Pourquoi a n'est pas dans la loi que le pre doit tre tenu au courant et doit avoir un droit sur son bb aussi ? #Interventions
RT @Cris66menhir: @sophiel2980 @Milenaotropique Ha moi aussi mais dans ce courant je prfre Mlanie Klein et d'autres.. :-)
RT @Crushtime_: @stxlesweater Oui je te retiendrais au courant alors !,Dj j'essaye de faire passer a vers ma mre pour mon anniversaire MDR
RT @DXXMIEN: ya un mec il courait aprs le bus, le bus ses arrter, l'mec il a vus y'avais des contrleurs il a fait genre il faisait un footing mdrrrr
RT @DbraCrk__: @Sharon_Bsh ah oui oui excuse moi t'avais mme du sortir et je suis partis en courant derrire toi
RT @De_Vous_a_moii: #ProuveQueTesDu224 courant est parti en pleine serie Milagro ou Marimar.
RT @Delgadita_: Si t'tais au courant du quart de la vrit a serait pas la mme. @TrLaurana
RT @Dignolong: Les mecs, faut arrter les poils sous les aisselles. Vraiment. Vous tes au courant que c'est ce qui est responsable des odeurs?
RT @DisneyChannelFR: Tu es sur Snapchat ? Ajoute "disneychannelfr" pour rester au courant de nos dernires actualits !
RT @Djal_CRD: Non sah, si je vais au Djihad vie de ma mere je fais des vines ou j claque le grad et j pars en courant
RT @DjelassiChyfa: Isral tiens en joug la Palestine, et les palestiniens ne seraient pas au courant qu'une entit merdique l'occupe?
RT @FalloneMaelfait: @EmiiliieLvs ouais psk c'tait beau mais si tu serais pas partie en courant vers le magasin j'aurais pas dit on y va
RT @Fenouuuuil: Ma mre elle appelle Laura pour vrifi avec qui je mange ce soir, lolo est pas au courant je reois "tu me dois des explications"
RT @FlorianGfl: J'attendais tranquille et la ta Rbcca ma qui arrive en courant qui me saute dessus et juste derrire ta Axel et milien
RT @France: Pollution : premires mesures de restriction de la circulation courant ....
RT @GaudouJ: Accident de personnes sur #rerd, j'tais sur le quai j'ai rien vu, personne sur les voies. Moi pas comprendre #LundiMatin #qml
RT @GuillaumeLepley: Dumont a refait la peinture et tout mais je croit qu'il sont pas au courant que y'a une porte d'entre qui est bloqu depuis 1000 ans
RT @HugoNitaq: ya un mec il courait aprs le bus, le bus ses arrter, l'mec il a vus y'avais des contrleurs il a fait genre il faisait un footing mdrrrr
RT @Inayamusic: @Demi_Marti Tu seras mise au courant  son arrive ;)
RT @JJFoLe: Journe:Mal  la tte/ventreExam blancJ'ai d courir et failli me faire renverser pour avoir mon bus,Mon pre dit que N est une fille...
RT @Jad2Reyes: @MaelleBchr pour t'faire un vlo au cas ou tu loupes le bus cotorep.
RT @JonathanNgd: Hillary elle m'avait un coup de pression sur le quai du RER comme un bouffon j'ai ferm ma gueule
RT @JulieAnne_Gazet: je veux partir. me sauver en courant, pleurer et me remmor tout mes souvenirs
RT @Julie_Rgr: Tromperie? Tu n'es pas au courant? Embttant
RT @Juliette_Dau: Est-ce que Zemmour fera une confrence  Paris ? Ou alors je ne suis au courant de rien...
RT @KAINATV: @AbdalMalik1 @McAbdalmalik "j aime  penser que le langage des cits sera demain le langage courant
RT @LCPan: Pollution:  Paris, premires mesures de restriction de circulation courant 2015
RT @Laanie__: Ya un babtou tah harry potter dans mon Rer . Il me regarde et il rigole depuis taleur je suis sr il me fait un coup de vodou
RT @LauraChalot: Mdrrr Fanny a dit  sa mre qu'elle mangeait avec moi sa mre m'appelle pour vrifier moi j'tais pas au courant j'ai pas pu mentir :'(
RT @LeParisien_77: RER D : une personne heurte par un train  Montgeron, trafic perturb
RT @LeParisien_91: RER D : une personne heurte par un train  Montgeron, trafic perturb
RT @LeRep91: #Montgeron Une personne meurt happe par un train  #Essonne #RERD
RT @LeVraiHoroscope: Dans un film d'horreur, le #Scorpion serait celui qui sortirait en courant par la porte d'entre plutt que de monter les escaliers.
RT @Leab_27: Avant de mettre de la musique  Gare Du Nord pensez dj  mettre plus de trains! #rerb #rer
RT @MAGALI8352: Je me demande si Twitter offre un cadeau  celui qui fera le plus de RT dans la journe et seul @Jeffpanacloc serait au courant en fait ;-)
RT @MMeloou: Je suis la seule qui quand je vois des gens courir pour le bus espre qu'ils ne l'auront pas
RT @Mahtthilde: Donc grce  50 shades, on a une plthore de bouquins merdiques traitant du sm et du bondage, m'indiquent les lectures de femmes ds le RER.
RT @ManojlovicBreh:  Auber les chauffeurs de bus ils te mettent des coups freins frere t'assume pas
RT @ManonSlmt: @DoLyna_ ouais mais j'aurais t au courant je serai rester avec des gens jusque 16h!
RT @MappyCity: Attention ! Suite  un accident de personne, le trafic est interrompu sur la ligne #RERD entre Villeneuve et Melun #KO
RT @Marcohohow: Accident de personne en gare de montgeron plus rien circule sur la ligne R, et sur le @RERD_SNCF #sncf #qml
RT @Marcohohow: Suite accident de personne  montgeron, Les trains de la #ligneR sont dtourn par Corbeil #sncf #qml,Pour le @RERD_SNCF j'en sais rien
RT @MaxenceDelaps: Mdr mon petit frere etait dans le bus quand il est tomb en panne du coup ma mere est all le chercher
RT @Maxlarnaque: Vie d'ma mre y'a un truc comme ca qui arrive je sais que c'est pour moi jtape un sprint jrentre en France en courant #LPDLA2
RT @Mediarail: La #RATP et #SNCF choisissent Ask pour les lecteurs de #Navigo  #train #RER #Paris #data
RT @MinYunnah:  jardiland on regardait les lapins:Moi: Oohw j'aime trop les noirs!!,La mre de phie: On est au courant que t'aime bien les noirs!! Ahah
RT @NailaaMch: Au cas ou tout le monde est au courant mme lui et tes copines frre
RT @NatixisAM: Natixis Asset Management ouvre son compte Twitter. Suivez-nous pour tre au courant des dernires actualits #finance et #marchs !
RT @NeverThoo: Y a un mec il courait aprs le bus, il s'est arrter le mec il a vu y avait des controleurs il a fait genre il faisait un footing mdrrr
RT @NympheFleurie: J'ai l'impression de passer ma vie  attendre j'attends les bus, les mtros les trains, les nuits, les week ends, mon pre.
RT @Oussama_Elfatmi: Partie 17 : toujours  la recherche de l'autre garon , la mre et le pre au courant dcide de l'envoyer au bled , il lui prenne un billet
RT @PatchikOFFICIAL: Je gagne  Call of je crie : "C'est qui le patron ???" Ma mre teint le courant et dit: "C'est moi le patron!!!!"
RT @Pengouine: POURQUOI ON ME PRVIENT PAS QU'ELLE EST SORTIE DE SON KEBAB voil jsuis toujours la dernire au courant :'(
RT @PhBertheau: @HyacintheVdh @LRSY_ville Coupure d'lectricit : ERDF en cours d'intervention angle rue Foch - rue Molire #lrsy
RT @PhBertheau: @LRSY_ville @HyacintheVdh retour du courant lectrique quartier Foch - Racine - Molire depuis 30 min. Apparemment a tient.
RT @Philippe2307: 24 novembre 1974 Accident routier meurtrier impliquant lautobus des Castors de Sherbrooke
RT @PlaneteVerte: Pollution: premires mesures de restriction de la circulation courant 2015  #Paris
RT @PresciColling: Pq le pape vient  stras quand ya cours ptn, tu comprends pas que yen a qui vont galrer avec les trams  cause de toi???
RT @RERA_RATP: Aujourd'hui, Pascal pour vous informer en temps rel sur l'tat du trafic du #RERA. Bon voyage et bonne matine #RATP
RT @RERB: [BLOG] Chaque jeudi, rcuprez votre panier de fruits et lgumes bios en gare de #Robinson. Pour + d'infos :  #RERB
RT @RERC_SNCF: Infotrafic #RERC : Trafic ralenti sur la ligne jusqu' 14h (incident de signalisation  St-Michel)
RT @RERD_SNCF: @AbrahamBack @Samirapas_ Bonjour, le trafic est perturb mais la circulation a repris sur la ligne. Bonne journe
RT @RERD_SNCF: Infotrafic #RERD : Interruption entre Villeneuve et Melun (accident de personne)
RT @RERD_SNCF: Infotrafic #RERD : Le train DICA au dpart de Melun  8h07 (Paris  9h) est supprim(trains en atelier de maintenance)
RT @RERD_SNCF: Infotrafic #RERD : Les trains au dpart de Melun  6h52 et 7h37 seront au dpart de Combs la ville  7h12 et 7h57
RT @RERD_SNCF: Infotrafic #RERD [MAJ] Retour progressif  la normale (gestion accident de personne  Montgeron Crosne)
RT @RER_B: EMAL65 est pass  Bures avec 1' de retard. C'est un vieux train particulirement cradingue. Merci pour nous #RERB
RT @RER_B: Le #RERA semble avoir quelques difficults, vu le monde  Chatelet et dans les trains
RT @ReevZer: C'est les soeur qui porte le voile kles keuf veulent dvisager normal les frre me tienne au courant il ce sont fait taser !
RT @Senario_: @KerZadarian Canal+ Sport qui est gratuit pour les abonns Orange jusqu' ce soir (au cas o y'en aurait qui ne seraient pas au courant)
RT @Serena_Gizzle: @laetitia_lovej Non mme pas j'tais choquer. De toute faon moi je suis tjr la dernire au courant a fait chier #MTVStars Justin Bieber
RT @Simon_RdAe: Quand tu passes devant un magasin et que ta mere dit "Tiens, on la cette statue!",Elle est pas au courant qu'on la casse... @CeaumarlaPefra
RT @SmileyTrains: Vouloir tous monter au mme endroit a retarde les trains ! Rpartissez vous SVP ! "@Tibouland: @RERC_SNCF "
RT @Sohaib_WAC: les suicidaires utilisent les train du RER D pour mettre fin  leur jours, suicidez-vous dans le 77 ou en Poitou Charentes kc pas la tte
RT @SwaaggyLama: J ai cru que mon cerveau s etait dtach pour se barrer en courant vers l inexistante infini du nant.
RT @TEAMArpgsa2: si il y a du Larry, j'vais vous bully. vous ferez pas gens vous tiez pas au courant.
RT @TrucQuiMarche: Regarder des films d'horreur peut brler plus de 180 calories. Regardez le film et partez en courant, vous en brulerez encore plus !
RT @UnBaton_: Sonner aux portes et partir en courant j'le ferais mme quand j'aurais 30 ans.
RT @VIE2VOYOU: Dans cinq heures pile je serais dans mon bus avec mes couteurs en train d'couter lacrim
RT @Valoisienne: Aujourd'hui, il est moins courant d'esprer le "Grand Soir" que de redouter le petit matin blme. #JePoseaL
RT @Victoriiiine: J'avoue que si la y'a une panne de courant avec les films d'horreur que j'ai vu je serais bien mal
RT @Whatsernxme_: Han, dans le RER tout  l'heure une mamie est venue me dire que j'tais mignonne avec mes piercings. Avec un sourire tout cute. Trop choupi.
RT @Woszen: @JeyChaslin MDRRRRRRRR il veut quoi Homer lui ahahahaha Ya contrle ? Mme pas au courant mdrrr j'tais pas la semaine dernire...
RT @Yumi_Scarlet: Ah oui ... Au cas o vous seriez pas au courant ...
RT @_Marevax: PTN CEST EN TANT DANS LE BUS QUE JE REOIS UN MAIL COMME QUOI ON N'A PAS COURS MAIS VOUS FOUTEZ DE QUI LA
RT @_MarineJuana: N'espre pas l' la regarde pas, ne rve pas d'elle. Tel un courant d'air, elle touche tout le monde, mais n'appartiens  personne.
RT @_alicedefrts: Contrle surprise en allemand, 3pers au courant et y en a pas une qui ouvre sa gueule pr prvenir
RT @actualite24: Pollution:  Paris, premires mesures de restriction de circulation courant 2015.
RT @actualite24: RER D : une personne heurte par un train  Montgeron, trafic perturb
RT @afpfr: Pollution:  Paris, premires mesures de restriction de circulation courant 2015  #AFP
RT @alexandrebertho: C'est plus possible enchaner les cours et aprs les guignols dans le bus
RT @aymrcb: le chauffeur a ralentit parce qu'une beurette travers,j'lui ai dit c'est orange tu peut passer. tt l'monde m'a applaudi j'ai conduis le bus
RT @badkidrauhls: j'suis choque le bus de st farge a eu un accident, j'ai eu trop peur pour chlo et la
RT @bang_lyn: @celia220499 mdrrrrrrrrrr le btrd quand il s'nerve on dirait il va nous frapper surtt quand il vient en courant vers ns
RT @elinsuperfan: #rumeur,el1 superstar ser 1 soumise :oo je vs ti1 o courant ds l proch1 jours!
RT @floriaaaaaane: Mon bus est quand mme tomber en panne a la gare ce matin, j'ai dut prendre le train mais a bret il avait du retard pfiou la galre
RT @fried__justin: @VegetaJuniorDbz J'tais en correspondance et le 1er bus avait juste 30sec de retard,Du coup c'est moi qui fais grve contre ces fdp
RT @infosActus: Pollution:  Paris, premires mesures de restriction de circulation courant 2015 -  - leparisien
RT @laurentgallois: Confrence sur comment passer 32 trains  l'heure dans le tronon central RER B. Mme thoriquement on rame.
RT @laureverhaeghe: #transitionenergetique #sensibilisation 74% des sonds concerns mais 38% au courant, sondage IFOP pour @Energie_pers
RT @le_Parisien: RER D : une personne heurte par un train  Montgeron, trafic perturb
RT @lemondefr Pollution: premires mesures de restriction de la circulation courant 2015  Paris
RT @lemondefr Pollution: premires mesures de restriction de la circulation courant 2015  Paris #action
RT @manonaube: @SecreetAfton @ElOoO_26 ouais on le refais ce soir! Tenez moi au courant quand et je serais la! #JoyeuxAnniversaireAyem
RT @mdmohamed1: #EnCteDivoire les afferages circule trop vite , si Koffi a mougou djeneba a 12h a bingerville siriki de Bassam sera au courant  12h01
RT @moijaml: L'onfont de la lumire..  peine j'entre  la maison que le courant revient
RT @ncxjpfw: les brunes disent qu'elles slay les blondes, mais c'est rare de voir une blonde teinte en brune, et courant de voir une brune en blonde
RT @ntmwlh: ya un mec il courait aprs le bus, le bus ses arrter, l'mec il a vus y'avais des contrleurs il a fait genre il faisait un footing mdrrrr
RT @oceaneM_: Pour ceux qui ne seraient pas au courant ma meilleure amie c'est Ins!
RT @orangenewsfr: Pollution:  Paris, premires mesures de restriction de circulation courant 2015
RT @oumou_kb: chui la comre de ma classe tjr au courant tt
RT @presquilegiens: @gdset83 tes vous au courant de la runion du 26 novembre prochain ? (Espace nautique  hyres 18h.)
RT @presseocean: Nantes. Un tram-train en panne  Haluchre
RT @putirka: gt dan le bus et la ya un ga y cmes a coter de moi et la sfdp dor et comence trnkil a salonger sur mon epol,jlui mi un cou depol,il c revy
RT @rachelahm: Mon frre il va pleurer pcq il tait pas au courant qu'y avait l'avant premire de La French  Marseille et @JeanDujardinOff c'est sa vie
RT @rimfnk: @NathanICD @symonmemmi @sambadiaw94 @SaiyanDuGame jure la vie d'ta mre j'tais pas au courant!!
RT @samuellaurent: Dites, avant de vous affoler, vous tes au courant que lEtat ne peut pas dcrter le gel des salaires du priv ?
RT @shymofficiel: Salut tout le monde, me voici sur Twitter, une grande premire pour moi! Je pourrai ainsi vous tenir au courant de l'avancement de l'album!
RT @siwiLgaming: Dernire partie de mon bo3 sur League of Legends, le jeu se charge... et bim. Coupure secteur du courant...,Merci @EDFofficiel @edf_client
RT @sve83: #IDF, #RER A, au del des retards, stop a la branche de Cergy traite comme une sous branche/Poissy&Germain. Cc@vpecresse @LeParisien_95
RT @theapendaries: Ma mre me gueule du salon " IL FAIT TOUT NOIR COUPURE DE COURANT " MAMAN JE SAIS ON HABITE DANS LA MEME MAISON QUAND MME
RT @thesepunkponies: @eggmmings non cet emploi l c'est le sens driv par le langage courant, mais a la base c'est juste un dmonstratif  part entire,
RT @vchauveau4485: Le 10 dcembre 2014 va tre le dpart d un tsunami de colre contre ce courant ultra libraliste Europen. @JunckerEU
RT @vince4fun: Une nouvelle lectrice de #50nuances dans le RER qui la joue j'assume pas et cache la couv avec 1 post-it #tropmeugnon
RT @wtfljp: @xdrugofniallx tlmt de trucs mon dieu, va voir tout mes tweets durant cette nuit et tu seras au courant de tout ahah :)
RT @yvzix: Oh Putan le bus a fait un accident Putan Putan je l'avais prdis puaaaah marocain en force
Rappel: trafic ralenti sur toute la ligne #T4 jusqu' 20h. La frquence de passage des tramways passe  12 minutes dans les 2 sens #BOF
Re: Covering coque - Autres sujets techniques Re: Covering coque Tu nous tiendras au courant si tu trouves des tar...
Retard et suppression de train li a une grande frquentation ...des trains sont venus squatter la lignes, les salauds :-) @RERA_RATP @SNCF
Salut, je vais stream vers 23h30-minuit normalement, je vous tiens ou courant !
Se lever pour tre coinc sur les voies du RER E... Du coup mon bus a 3 chiffres ne va pas m'attendre... Cc @geo_pocket
Si j'avais su que j'allais louper mon bus je serai reste au lit avec B #tchioup
Si je serais en face de lui je lui aurais mise une gifle de daron et je serais parti en courant mdr
Si je tue quelqu'un et que ma mre est au courant elle ma dit qu'elle me balancerait msst !!!!
Si t'tais au courant du quart de la vrit a serait pas la mme. @TrLaurana
Smatin jt ds le bus et il freine d'un coup sec et jvoi une meuf derrire en vlo qui se mange l'arrire du bus jt ko mdrrr
Suite accident de personne  montgeron, Les trains de la #ligneR sont dtourn par Corbeil #sncf #qml,Pour le @RERD_SNCF j'en sais rien
Sur la D301 (BUS) -> A46, gros accident entre 2 PL au PK 4  11h10. 1km de bouchon et 1 voie sur 2 ferme ! Secteur  viter #ICP69
T'a pris le bus vers 15h30 un truc comme ca et t'es de...  Non mddr pourquoi ? Jter dit que j'tait pas en cours !
Tal je sors du bus en dernire le chauffeur m'a pas vu, y commence  fermer les portes, j'ai saut et j'suis pass #coup #de #pression #pelo
Tout serait tellement plus simple si on avait deux vies et qu'on tait au courant.
Traffic normal sur le #RERC, cela fait plaisir le lundi matin.
Trafic du jour: #RERD #OK
Trafic fortement perturb sur la ligne de #rerb  09:40 le 24/11 #fedlate en savoir plus sur
Trafic perturb sur la ligne de #rerb  09:00 le 24/11 #fedlate en savoir plus sur
Tramway T4 En raison de tramways immobiliss en ateliers de maintenance, le trafic est ralenti sur l'ensemble de la ligne.Compt [1/3]
Tu es Tinistas et fire de l'etre? Tu aimes notre Tini  la folie? Tu veux etre au courant de tout sur elle et...
Tu la tiens plus au courant a lui fais pter un cble,Je viens de cramer le jeu de mot entre courant et cble..ouah
Tu m'disais que t'allais partir, que j'allais m'en mordre les doigts. J'ai souris et j'me suis barre en courant sans regarder derrire.
Un accident d'autobus fait 47 morts ()
Un accident d'autobus fait 47 morts: L'accident d'un car, tomb jeudi dans une rivire ...
Un accident survenu boulevard de Lry prs de Maple Grove a fait trois blesss et entrain une panne de courant...
Un couple dans le bus en face de moi, se sont fait passer pour mes parents pour me protger d'une agression, il y a encore des gens sympas
Une heure duat, oui. Je fais la grve des "m", les espaces ont suivi le courant de la manifestation et moi je coup rs vers mon lit.
Vendredi je retourne  l'assomp faire une confrence aux 6, comme a je rcupre mon diplme du bac et aprs jprends le bus avec ma soeur
Venez dcouvrir et dmarrer de nouveaux courant d'affaires dans la filire manioc au Manioc Business Forum !!!!!!!!!!
Vie d'ma mre y'a un truc comme ca qui arrive je sais que c'est pour moi jtape un sprint jrentre en France en courant #LPDLA2
Virer des contrleurs du tram car ils n'ont pas le droit de faire de contrle quand tu es en train d'enquter dans le tram #check
Visiblement, SoFoot nest pas au courant des rglements UEFA en matire dinscription de joueurs pour la Ligue des Champions
Voici enfin la srie complte des sacs en papier kraft que nous avons srigraphi au courant des dernires...
Voila encore un probleme avc le RER D ! Le train est retarder de 20mn sa grand mere la pute.
Vouloir tous monter au mme endroit a retarde les trains ! Rpartissez vous SVP ! "@Tibouland: @RERC_SNCF "
Vous me dites tous, Jordan ne retourne pas avec.. Dj je suis pas tout seul et en plus si les sentiments ce contrlais on serais au courant
Vous n'avez pas de courant  Toronto ? Cliquez ici  pour avoir les dernires mises  jour de Toronto Hydro. #onrc
Vous serez tenu au courant de toutes les informations concernants les stages bafas qui seront agrments de photos & vidos !
Vous tes au courant que quand vous regardez un truc sur votre pc ou  la tl vous tes pas oblig de nous le snap dans son entiret?
Vous voulez rester au courant des dernires nouvelles du #sentiertc? Abonnez-vous  notre infolettre mensuelle!
Y a Conjuring a la tl, j'ai regard les 20 premires minutes, j'suis partie en courant
Y'a eu un accident  cote de mon lyce, il pleut et je vais devoir attendre le bus au moins une heure
Y'a le pape qui vient demain du coup pleins de trams ne "viennent pas" et ma mre veut ps que j'aille en ville
Y'a un mec il courait aprs le bus, le bus s'est arrter le mec il a vus qu'y avait ds contrleurs, il a fait genre qu'il faisait un footing
Y'a un mec il courait aprs le busLe bus c'est arrter,Quand il a vu les contrleurs Il a fait crary il faisait un footing
Y'as Givenchy qui passe derrire moi il prend mon bras il fait un coucou et il part en courant se vice !!!!!!!!!!!!!!!!! 8
Ya un babtou tah harry potter dans mon Rer . Il me regarde et il rigole depuis taleur je suis sr il me fait un coup de vodou
Ya un pti tlr i courait 10mn pour le bus mskne arriver vers le bus le bus i la dmarr aprs il a faire genre y avais sont shaab derire
Yaound : Les techniciens de ENEO ont travaill jour et nuit et le courant a t remis dans la plupart des quartiers
Ziyed il me fait rire a vouloir que je vienne au grec avec eux mdr, les deux ils vont entendre mon nom ils vont partir en courant
[BLOG] Chaque jeudi, rcuprez votre panier de fruits et lgumes bios en gare de #Robinson. Pour + d'infos :  #RERB
a fait 30 min que j'attends mon train qui est cens etre rapide. Y a 3 rer qui sont passs entre temps
a fait longtemps j'avais pas prit le RER pour aller en cours
a me fait toujours mourir de rire d'couter les histoires d'amour des cassos dans le bus
ahahahahah OH MY GAD l'interne enceinte tombe , mais le medecin ne panique pas en courant vers elle, normale ?! #intervention #TF1
aujourd'hui c'est l'anniversaire de ma grand-mre et personne tait au courant ma mre vient de s'en rendre compte.....,,
aussi, dans le bus camille elle a vu que noellie, elle avait niall en fond d'cran, du coup a m'a refait penser quand mon bp lui avait-
avk mn frre hier on a coup le courant ds la maison ptn j'en pouvais plus mdddr
bordel pq j'ai pris le bus au lieu de marcher ?? jvais louper mon train sa mre
c'est rare mais a arrive... Jai loup mon arrt de bus
chaque fois j'suis la dernire au courant de tout dans ma classe tout a b j'ai plus fb nvr.
de trajet sur les autres axes de la ligne D. Trafic normal sur les autres lignes de RER. [3/3]
devinez c'est qui qui vas faire une demi heure de vlo sans lumire en plaine nuit pendant une coupure de courant sous la pluie ?
et si j'loupe mon bus ce matin j'rigole, parce que toute la semaine dernire j'l'ai loup
faudra que j'coute santa tell me quand je serai dans le bus
gt dan le bus et la ya un ga y cmes a coter de moi et la sfdp dor et comence trnkil a salonger sur mon epol,jlui mi un cou depol,il c revy
j'ai faillis louper mon bus nique sa mere le coup de stress des le matin
j'ai loup mon bus, a fera qu'une fois de plus
j'espre jvais pas louper le bus mdrrrrr bon j'y vais
j'suis choque le bus de st farge a eu un accident, j'ai eu trop peur pour chlo et la
jardiland on regardait les lapins:Moi: Oohw j'aime trop les noirs!!,La mre de phie: On est au courant que t'aime bien les noirs!! Ahah
je tweets mais mon frre est o courant de mes tweets j'ai dj des espions ici ? J'ai pas qu'un seul frre hein
je veux partir. me sauver en courant, pleurer et me remmor tout mes souvenirs
jeudi matin j'ai chinois de 8a9 et aprs je reprends qu' 13h ma mre me dit "jvais dire que t'as loup le bus et t'iras qu' 13h"
jsuis sortie en courant du ds de math tlmt j'tais fire de moi
le bus est toujours en retard, du coup je pars toujours  la dernire minute, mais un jour il va me passer sous le nez je vais pas comprendr
les autres axes de la ligne D. Trafic normal sur les autres lignes de RER. [3/3]
les suicidaires utilisent les train du RER D pour mettre fin  leur jours, suicidez-vous dans le 77 ou en Poitou Charentes kc pas la tte
ma mre vient d'arriver dans ma chambre en courant pour me demander  quelle heure la nouvelle chanson de FOB sort je ne
ma sur vient de recevoir un sms de ma mre "T'es au courant des embrouilles de Thibaut?" putin c'est le dbut de la fin les gars a+
mm ma famille ignore tout sa frre ya qu'elle qu'est au courant
mn frre qui se pointe ds ma chambre en faisant le+de bruit possible en mangeant ses bonbons,et qui repart en courant..t'as dcid de mourir
moi mes potes mme quand je suis malade elles sont pas au courant mais les potes de ma mre que je connais mm pas sont au courant hun????
mon crush de seconde est en train d'admirer le plafond du bus MDRRRRRRRR POURQUOI A ME FAIT TROP RIRE
par contre j'ai jur mon beau il fait exprs jsp mais genre y'avait aps mon bus du coup j'attendais vers au bus au pif et genre comme
ptn j'ai encore louper l'arrt de bus sa mere
sans le frre  Clia on aurais loupe le bus
si il y a du Larry, j'vais vous bully. vous ferez pas gens vous tiez pas au courant.
vrai qu'il n y a tjrs pas de lumire  Mimboman ? RT @laninoche: Retour  Mimboman et toujours pas de courant...
y avait tellement de monde dans le rer et metro mme dans le train j'en pouvais pluuuus
ya un mec il courait aprs le bus, le bus ses arrter, l'mec il a vus y'avais des contrleurs il a fait genre il faisait un footing mdrrrr
