" sa mre la pute t'es trop bonne " mdr eh mec le jour o t'auras une fille en lui disant a tu me tient au courant
"@EnnaharTvFr: #Brsil : Un bus disparat dans un grand trou, la rivire l'emporte  #accident "
"@RERA_RATP: 21:48, le trafic est interrompu sur la ligne (accident grave de voyageur) #RATP #RERA" effet one direction
"CHACUN GRE SA MEUF COMME IL VEUT", mais je rve, ils sont au courant que les filles et femmes sont libres ???? #lesanges7
"Cki spass a kologn rest a kologn" flag demain midi tout le monde sera au courant de tout hahahahahaha mhm moi j'ai t clean
"Et nous luttons ainsi, barques  contre-courant, refouls sans fin vers notre pass."
"coup de foudre dans le Rer A" aha
"vous avez pas cours" "ah bah en fait si, mais on vous le dit quand le dernier bus est parti histoire de vous embter jusqu'au bout "
#Brsil : Un bus disparat dans un grand trou, la rivire l'emporte  #accident
#Dpartementales2015 un leader FN local @F3FrancheComte "on est pas au courant mais on apprendra...": en fait souvent incapables de siger!
#EdF #Espoirs - BUUUUUUUUUUUT pour la France ! Sur le coup d'envoi la France rcupre le, Benzia donne en...
#PMasculin 2 billets pour le match d'ouverture des Alouettes de Mtl seront remis au courant de la soire #cancer
#QML , le trafic est ralenti sur la ligne (accident grave de voyageur) #RATP #RERA
#RERA RALENTI : malaise voyageur :( ->>,
#RERA RALENTI POUR UNE RAISON INCONNUE :( ->>
#RERB se traine et est blind comme d'hab, heureusement les bagages des sauvageons sont bien installs #incivisme
#RERE terminus #GaredelEst pr les trains de #Tournan et #VillierssurMarne jusqu' 9h00 @RERE_SNCF
#SPOILER Dans le 5x25 Tanner sera au courant pour A et saura que les filles sont innocentes
#Trafic Ligne 11 - Accident secteur Bibliothques Universitaires - Evnement termin.
#Trafic Ligne 11. Accident secteur Bibliothques Universitaires - La ligne est dvie, dans les deux...
#Trafic Ligne B - Accident secteur Bibliothques Universitaires - Evnement termin.
#Trafic Ligne B. Accident secteur Bibliothques Universitaires - La ligne est interrompue entre les...
#Trafic Ligne B. Accident secteur Bibliothques Universitaires - MAJ 14:45 - La circulation est rtablie...
#Trafic Ligne C - Accident secteur Bibliothques Universitaires - Evnement termin.
#Trafic Ligne C. Accident secteur Bibliothques Universitaires - La ligne est interrompue entre les...
#Trafic Ligne C. Accident secteur Bibliothques Universitaires - MAJ 14:45 - La circulation est rtablie...
#danger #eaubonne intersection rue G Leclerc et acacias,Visibilit 0  la sortie acacias  cause panneaux de bus. risque d'accident mortel.
#danger #eaubonne toutes les voitures doublent au niveau de la station bus la sablire malgr la ligne blanche continue. Risque d'accident.
#qml #rera trafic ralenti sur la ligne des retards +10/15min jusqu' 21h
- Quand je me suis rveille, plus de courant. Je me suis maquille avec la lumire du flash et j'ai pas pu me lisser les cheveux...
-il avait neig de fou, genre 30cm donc le beau pre il partait en courant bc il voulais pas conduire wtf. Et on devait absolument rentrer-
.@rudivervoort courant derrire son groupe parlementaire et quelques taximens violents. @yvesgoldstein a-t-il mal boss ? @ASimHammed
1 avenue des petites haies , Creteil .Bus : 181 , Petites Haies,Train : RER D gare MAISONS ALFORTVILLE ( 10mn...
1/3On parlait avec les enfants des acronymes. Je leur explique :- TGV, c'est Train  Grande Vitesse, vous en connaissez d'autres ?,- RER !
13:55, le trafic est ralenti de Font.-Michalon vers Saint-Remy-les-Chevreuse (colis suspect) #RERB
14:05, le trafic est ralenti sur la ligne (colis suspect) #RERB
14:08, le trafic est perturb sur la ligne (colis suspect) #RERB
14:24, le trafic est perturb sur la ligne (colis suspect) #RERB
14:34, le trafic est interrompu entre Antony et Les Baconnets (colis suspect) #RERB
14:38, le trafic est interrompu entre Antony et Les Baconnets (colis suspect) #RERB
14:57, Colis suspect  Fontaine Michalon. le trafic est interrompu entre Antony et Les Baconnets . Reprise estime vers 15h20 #RERB
14:57, le trafic est interrompu entre Antony et Les Baconnets (colis suspect) #RERB
15:10, le trafic est perturb sur la ligne (colis suspect) #RERB
15:23, le trafic est perturb sur la ligne (colis suspect) #RERB
18h20 j'ai expdi ma dernire patiente et j'ai couru pour avoir le RER. J'ai pu arriver pile poil pour le dbut du cours de japonais
19:45, le trafic est ralenti sur la ligne (malaise voyageur) #RATP #RERA
20 de tram, 40 min de train et 25 min de voiture et je serai enfin chez moi !
21:48, le trafic est interrompu sur la ligne (accident grave de voyageur) #RATP #RERA
21:48, le trafic est interrompu sur la ligne (accident grave de voyageur) #RATP #RERA #Paris
22:06, le trafic est ralenti sur la ligne (accident grave de voyageur) #RATP #RERA
22:45 : Retour  un trafic rgulier sur l'ensemble de la ligne # RERA #RATP. Incident termin.
3 Chinois tus dans laccident de bus sur lle Thalandaise dePhuket
@12juillet_ @12Juillet2009 du coup Justine on va se voir pr de vrai en dehors du rer ohhhhhh
@Acidguiz @RERA_RATP en plus vous tes toujours en retard - en travaux - en grve - en trafic interrompu ptn
@AdeleTlp of course, la terre entire sera au courant mais tu auras un snap personnel !
@AlMoriiin: Fait du mal, il reviendra en courant vers toi
@AlexCrtx @LylineD mdrrrr calme toi Alex c le prnom le plus courant frre  et Aylin j aime bien mais c pas  la hauteur de OLIVIER
@AlexOsc97 @Gaby_Dwc Ouais et quand tu la fera tu ns tient au courant ! :) mdr
@Alexander_R Bonsoir Alexander, nous n'avons pas reu de mail de votre part, tenez-nous au courant ! Bonne soire :)
@Andy_Boulard Tu fais ton gros malin, mais sans moi tu serais au courant de rien du tout ouais, alors hien.
@AriboGaming ok pas de soucis re follow moi Mdddr et demain je te tiens au courant avec un pote :)
@Astroboydu86 @adoraa62 @angel_geri @cocochalon euh pas au courant  je te laisse dj le soleil fais pas ton difficile
@Atabinoo srx ?? Non ! Bah j'le ferai au bled quand y'aura une panne de courant
@Aurelie_Gascon @Profencampagne @MrsGy puis last, but not least, nous nageons  contre courant. Dans les autres matires cours magistrale
@BassiLandrine mdrrr bah tu l'aurais vue tu serais partit en courant du magasin elle tait comme ma mains t'sais
@Be_Healthy00 Super alors j'espre qu'on aura des rsultats  ( on se tiendra au courant  )
@Bebfut @ZicheuxFUT non mais tu le criques derrire le dos, donc je le mets pour qu'ils sont au courant
@BeniGuedj @Destiiny_Lollia @Modelland_ Prter tu es pas encore au courant que je te la loue
@Bilal_Rocma MDDDR au calme tiens moi au courant quand tu repasse
@C_estleprenom: Kenza c'est le prnom des meuf qui cour driere le bus mais elle le rate apres elle marche @KenzBrahim
@CallMeSH Je te tiens au courant quand j'y serais all haha. Par contre si mon tlphone  2 ans et 1 mois je pleure.
@CapucineLema mais askip c'est le frre jumeau du frre d'Alison mais j'tais mme pas au courant qu'il avait un frre jumeau
@CarotteDiscount @Cdiscount @lafourmiliere Non. C'est plus personne n'est au courant de rien ET il faut rpter 6 fois la meme chose
@CeCippe non mais moi je suis toujours au courant la dernire. Ce qui c'est passer dernirement en France je l'ai appris par une italienne
@CitoyenGenevois La mise  jour Lollipop 5 sera disponible dans le courant de la semaine prochaine. Merci de votre patience. ^LG
@Claraaaofficiel tiens moi au courant qui sait plus tard tu fera peut tre un duo avec kendji
@Conducteur_RER Le doute est qu'on a pas de confirmation du coup. D'o la preuve par l'image. Mon ct juridique...  @Velib
@CrokoM Je suis pas sr que les don fonctionnent j'ai reu un post mail tien nous au courant
@Cute4Zayn t'es au courant que cette "pute" comme tu dis c'est ta mre que c'est elle qui t'a mise au monde qui t'as port pdt 9mois -
@DDiuck >>> @Conducteur_RER: tre conducteur de train.  580273405682925568/photo/1
@DatsoE quelque part ou je peux m'arrter dj mdr je te tient au courant demain a commence  quel h flatbush
@DchSabrina y'a les berbre les kabyles les arabes les khleuch y'a plein de peuples enft hein i vienne pas du mme endroit tes au courant?
@DepuisQueJeSuis Je bosse ce we l :-/ Ms je te tiens au courant au cas o! Ce serait bien sympa irl! @Papacelibataire @Caro_2_4 @BeneBoj
@Dimitweeet @Nolwenn1506 je serai au courant depuis longtemps  puis je te rappel que c'est moi qui l'a vois tout le temps
@DoctusCum Oui, sinon je serais pas au courant. Mais je doute que a ait fait le 20 heures.
@EMaireau oui on vera genre que tu me fais une surprise ca passera crme avec ma mre, par contre faut que je regarde les bus car j'ai cours
@ElyseeMarine allez Valls au boulot ce n'est pas en courant derrire le FN que le chmage va baisser !
@EmmaLogre @Ganouche91 chre blg de st germain Morgane et moi-mme avons remarqu que tu tais toujours au courant de toutCordialement,Bg
@FRANCE24 accident repetitif de air bus demontre que l'usine a de pbleme de conseption.(prudence)!
@FabbriCarol tg TG a c'est secret top secret meme le FIB il sera jamais au courant
@FanV2N @Conducteur_RER On peut la voir depuis le train, sur la droite en quittant la gare vers Laon ou Charleville ;)
@FannyGeoffray oui j'ai t courant vu qu'une partie de la 5 avions t a l'arc avec vos conscrits j'espre qu'ils vous ferons pas les mme
@FannyMplt quand je repasse sur Neuilly je vous tien au courant
@Folishonne_ @GnChNr a sera trop facile alors, la draguer sur fb/tw puis prise de rdv dans le bus et sortir en couple #170
@Frisix_Valentin a sera bon dici quelques minutes on te tien au courant.
@FuSi056 On ne sais pas encore quel sera notre maquette officiel , on vous tiens au courant!
@GiulioTamiazzo Elle sera dploye dans le courant de l'anne 2015 ! :)
@Glerond coute moi bien petit lerond je ne savais pas que le bus mterais autant de temps d'accord !!
@Gribouille70 nope. a devrait se faire dans le courant du mois d'avril. J'avoue que depuis que j'ai repris a a t un peu la course
@GroupeRATP Bonjour, je voudrais savoir quand la ligne 6 sera quipe de nouveaux trains comme ceux de la ligne 2, 5 et 9. Merci.
@HMaverickRP en criant que c'est noel ect puis va en courant dans la chambre de son frre et saute sur lui* DEBOUUUUUUUUUT!!!DEBOUT HENRY!!
@Harry_Gasmique mme Nice ou Marseille, j'y serais all en courant
@HogwartsAddict surtout qu'ils nous disent que 3pers sont au courant de qui est A mais personnes d'autre alors comment on le trouverai
@IVXIXCVII j'espre aussi, tu nous tiens au courant
@IamBaloGouN: Je me lve pour repasser, j'attaque le fer et voil que ecg coupa le courant. Les fdp
@ImNiAlL_GiRl nan mais sa famille ne sont pas forcment au courant de tout non plus faut arrter
@InsoVia_eSport on vous tiens au courant des diffrent changement au seins du roster mais de toute faon une dcision sera prise samedi
@Justin_TW_RPG *monte les escaliers en courant comme un malade, continue de rire*
@Justinoubliable et la mre de spencer tait au courant
@KameLXV On est que 3 actif sur bfh pour l instant. On sera peut etre 5 vendredi. Je te tiens au courant. Shadz
@KealenDevis C'est pour toujours tre au courant ! :D ! Je serais en tourne dans toute la france pour mon One Man Show a partir de demain.
@Kevin29Ferrara va a la fac en courant tkt je taccroche derrire la give
@LaPravdaCa Je suis au courant.. c't'assez awesome comme reprsentation du peuple par le @LiberalQuebec
@LeaDrs_ Aupire ma mre elle appelle y'a aucun souis. En plus certaines personnes sont au courant donc il me croiront
@LeonPSNL tu serai au courant si tu te faisais un peu plus prsent au lyce mon petit
@LolaaSld juis avk mon pre cette aprm ce boufon il est pas au courant que le mercredi personne viens a la maison
@LordeadNT Ils ont dj t condamn oui. Fais pas le petit pre pas au courant va.
@Lualcest la preuve, c'est la premire fois que j'entends parler du mot misandre, pourtant j'essaie de me tenir au courant
@Ludovic_Jean @cesarjeanpaul @didier_mouly Je te parle des bus, apparemment tu connais pas les comptences du CG ! Les ter c'est la rgion
@Luucile64 @GreenCrow_ @cestviolent_ j'suis qd mm au courant que c la mere qui transmet j'vis pas ds une grotte ptn vs m'gavez
@Lxcile quand c ta premire meuf et tu veux que tout le monde soit au courant
@MDi_Leo @LucasFrgl tpeu meme pas comprendre toi tqt tu seras au courant samedi inch
@Maaarinement_ Tkt vous serais au courant avant moi mme
@Maeva_Mrt j'espre pour toi alors tu me tiens au courant en tout cas
@MaheeAhns @AyalooLorena ah ouais merde... bah on vient pas alors sa changera rien meme le CPE sera pas au courant
@MartinezYoan tu sera au courant en temp et en heure
@MaximeGandon J'espre qu'il est pas au courant que tu m'appelles comme a
@Medk66 ils sont dj au courant je suis sre en plus
@Melody_Mrt je t'en parlerais quand je serais prte seul Simon est au courant.
@MlsnNathan Ah scuse mdrr la dernire fois il semblait pas trop au courant
@MlsnNathan Jcrois jvais mettre ton pre au courant mdrr
@MorganeJDN askip ce serait le jumeau de Jason mdrrrr suis pas au courant
@Mustufuu ptdr il me restait genre 10 sec, mon frre est rentr dans ma chambre en courant j'ai niqu le fc, j'ai eu envie de l'enculer
@NAUTICALHALO: Ma mre est venue dans ma chambre, elle m'a dit "je suis au courant" elle m'a prit dans ses bras. J'y crois pas. MDR FDP
@Naniie_R Juju est au courant enfin non elle sera au courant dans pas longtemps
@Nayrash a veut dire que tu n'es pas au courant des dernires news
@Nhel_bouk @Falygangsta224 toi t'faon tu connais tt d'ma vie dc tu seras au courant
@Nicky_Lars @Nicolas_Young non tu serais le premier au courant. a ne saurait tarder l'ami
@Niewinnyy @_joeby D'accord :) tiens nous au courant quand tu as reu les information! Bisous
@NigondLouis si j'y vais en bus mon pre tait pas encore parti du coup il m'a vue et il m'a engueule mdr
@Niihan_ersoy j'ai loup le bus, je monte au lyce avec ma mre la
@OPPAlgerie bah jtai mis sur ma liste que j'ai fais y'a mme pas une heure mme ma mre est pas au courant mdrrr
@OceaneGroyer je pense que demain des 8h tu sera au courant avec tout les gens qui en parlent ....
@OliviaChocolaat suivez @labcom et vous serez tenus au courant du prochain #labcom il suffit de s'inscrire @AdrienRosier @SocialMixCity
@OliviaLeray je suis en route pour Orly. Je vois avec mes quipes. Ce serait demain au plus tt. Je vous tiens au courant
@OpaqueBlanc_ je tiendrai au courant la Terre entire parce qu'on risque d'attendre un moment avec la srie..
@POWER_POTATOES Tu es dj au courant, mais je te le redirais, God
@PaigeOUAT *Va s'assoir sur le plan de travail* Ton pre est au courant que tu apprends la magie ?
@PerrineST mais a t'on le droit de courir derrire un bus en tweetant ? #CodeDeLaRoute #ToutaTouta
@RERA_RATP aucun trafic vous voulez dire !!!!
@RERA_RATP qu'elle est la raison pour la suppression du train de Torcy de 8h50
@RERA_RATP: 19:45, le trafic est ralenti sur la ligne (malaise voyageur) #RATP #RERA Sans deconner, y a des jours o a va?!
@RERB @GroupeRATP aucun affichage ni annonce sonore, bien 10min sans train (donc quai et rame bonde)
@RERB @LePtitChimiste Alexandre, tu as ta rponse : il n'y a pas eu de train parce qu'il n'y avait pas de train. Heureux ?
@RERB Bonjour suite a l interruption du traffic je ne peux avoir mon tgv en gare du nord...:(
@RERB Excusez moi de cette erreur mais vous ne rpondez jamais a nos messages du coup on se demande des fois si...
@RERB ah bah voila le train est annonce a lheure du train dapres. Merci pour les suppressions de train deguisees
@RERB bien sur le train suivant est en retard de 2min.. ..
@RERB idem problme sur le C...temps de parcours rallong....journee noire sur le traffic. Indemnisez vous les tickets de train?
@RERB juste 30minutes dattente pour avoir 1 train, normal sur le rer b #qml
@RERB toujours pas d annonce depuis 5 minutes et pas d heure affichee pour le train vous attendez quoi???
@RERB train retarde pas d horaire annonce et pas d annonce en gare super!!!!!
@RERB vous faites chier avec vos trains qui partent en avance putain
@RERC_SNCF dans les trains. Je m'excuse au prs de la personne qui nettoyera le train pr ma canette
@RERD_SNCF @jphuchon @TUForg parce qu'avec les retards de trains sud je suis d'humeur taquine ce soir ! J'ai pris le tps de qq photos
@RERD_SNCF dans 80% des trains que je prends l'avant dernire voiture est non chauffe SVP POURQUOI doit'on MOURIR DE FROID
@RERD_SNCF dis moi comment je fais pour rcuprer Valentin 5 ans qui sera le trottoir ds 13 minutes alors que je suis bloque en banlieue?
@RERD_SNCF non je parle de l'info dans les trains. L'info en gare tait bien prsente mais vous pensez bien que l'on ne l'entendais pas
@RERD_SNCF un peu plus d'informations  bord des trains seraient les bienvenues attendre 30min sans comprendre pourquoi #chiant #rerD
@RuddyPomarede Il sera au courant.... ok, je sort ^^
@SNCF je vous invite a nettoyer les trains parce wallah sa craint dans le RER D
@SP3Ci T'inquiete des que je l'ai tu es le 1er au courant aprs il va me falloir le casque, la burn et tous c'est relou s
@SassOune_ @ChristillaTity @Meilanyiieee @LayLeSs j'ai lu une histoire de mere et fille mais pk je suis pas au courant #PerdueDansSaCompta
@SonnyDuflos ah putain bah j'espre que c'est pas grave et tiens moi au courant frre
@Steph_Rotenberg Heureusement qu'on a nos filires gastro pour se tenir au courant ;) Et que nous traversons les frontires plus facilement
@StrongxHeart et comme des connes c'est nous les dernires au courant
@TPMPofficiel @gillesverdez franchement il a eu du courage!!! moi je serai partie en courant et criant g la mme phobie
@TUForg a y est enfin une annonce  quai !! Trafic perturb sur #RERA & #lignel suite incident technique  St Lazare... Gnial
@TaborskiC Si tu y serais, j'aurais dj t au courant depuis longtemps imbcile !
@TalOfficial tu nous tiendras au courant pour les festivals hein :)  meme si c'est pas toi qui gre a
@Teenagement_ mais de quel racisme tu me parle, coute tu m'as l'air sur de toi j'habite st-ouen 93400 ligne 13 ou rer c dm moi qd t la :)
@TheHeeRoiK @gipsxu enfin le RER c'est un train heeeu un moyen de transport qui va vite. Je sais pas si tu connaks
@TheoJxmesFranco MDDDDRR bah tu seras au courant hein si il revient tu sauras que c'est grace a moi  Bref je veux un hrisson quoi ....
@Tiocart pas de richesse chez moi, si je peux t'aider je le ferais je te tiens au courant bro
@UsiganPstque Bon j'espre  tiens moi au courant...
@Valdjn je vous tiens au courant trs chre
@Vogelsong c'est courant chez les lecteurs FN de cacher leurs motivations racistes derrire le "programme"...
@VonShive haha. Ok. Mais j'hurle gauche  gauche en courant  gauche vers la gauche.
@YFEQuebec hello!! Le magazine est en route vers chez vous!! La fille m'a pas donner de code de tracking comme d'hab.. Tiens moi au courant!
@YeyeLiquini Je suis au courant oui merci je cherche pas  finir  l'arrire d'une twingo xD
@_kvndrsm: Ryn jvai lniquer billey her embrouillarima karisiyo alors que jsu au courant d rien ptdddr sal pd jmenbrouill pr toi t mm pa la
@andyrhrs mais le pre de spencer il serait au courant qu'il a fait deux gosses  l'autre non ?
@badservice_be Bonjour, nos techniciens travaillent dj sur la panne. On espre avoir rtabli le courant vers 17h15.
@bamar67 zuzanna smagiel sera au courant de ce que tu fais avec @ThomasSamarski
@barius91 @RERC_SNCF @nicolas_mathey j'ai pas dis tous les trains, j'ai dis quasiment tous les jours et je prcise sur mon trajet.
@barius91 oui mais c'tait trop facile et sans rapport avec le train, il y a la CM du RERC dans la conversation tout de mme  @RERC_SNCF
@bilodoherty ATTENDS y'a eu un accident tram/voiture  l'arrt BU donc j'pense pas que ce soit desservit faut partir + tt !!!!!!!!!!!!!!!!!
@boulanger Bonsoir, une erreur apparat quand on tente d'accder  votre site internet. Est ce normal ? Etes vous au courant ? Cordialement
@bouyguestelecom: Actuellement en ligne avec une de vos conseillre qui n'est mme pas au courant de l'offre 6go  1/mois pdt 12mois..bien
@breizhcamp c'tait pour que vous soyez au courant, comme il y a un lien vers la FAQ sur la partie CFP :). Bon courage.
@cadetshannel  si je voit ton ieps a moin de 10 m j'serais dj parti en courant tqt
@camillounetta Ds que j'ai les infos vous serez au courant !
@cega_off, au lieu d'insulter @emji et @NouvelleStar, au cas ou tu ne serais pas au courant, a s'appelle "New Media Strategy". #GoEMJI
@cherenceleheron Avec des retraits qui n'taient mme pas au courant qu'ils taient sur les listes ? Vous faites trop rire @SteeveBriois
@chloe_rcd je prfre qu'il soit au courant ! Il voit qui est Doudou en plus..
@choikvng j'tais pas au courant de ces choses ma chre
@demistick oui Jsuis en 2ndToi t en quoi ?,Vas y soit y'a grve soit y'a pas de courant frere
@denzeeyy lstb jlai rater wsh ma mre elle vien seulement d'arriver le bus y'es dj passer et ya pas de train a 15h
@draagon_noir oui oui je suis dj au courant.. Je serai l avec mes gens tkt. .
@eVasionFR Ahh je n'tais pas au courant, tu as une bannire (fond transparent)  me fournir ?
@eelvparis14 il y a du boulot encore train rerb allum tt la nuit, quai 3  Denfert allum jour et nuit pour rien! L'nergie cote pas cher!
@fcauchi alors un caf en courant vers 14h44 dans le 8eme ? CC @xcastelbajac @jeromeleleu
@gdhont Bonjour Gaetan. Je vous invite  prendre le bus prvu Bruxelles-Tirlemont et de cette gare vous trouverez un train vers Landen. ^ml
@globiin3 suis super calme et rserve au boulot, pers n'est au courant pour Adam XD. En opration, jamais de portable. Il reste dans mon
@hommemystere RT @RERA_RATP: En raison de la prsence d'une licorne sur les voies, le trafic est interrompu entre Noisy-le-Grand et Nation.
@iDBUS @FrenchAmerican9 Prend large pour la correspondance. La dernire fois que j'ai pris leur bus j'ai rat mon train !
@jeannerbn_ t'inquite non du coup on prend pas le bus c'est sa mre qui nous emmne
@justinftbenzo aprs y a moyen d'avoir pas trop chre en bus ou train
@kamelia_reg tjrs present dans les alentours j'suis o courant de tous haha
@kellinxtattoo c'est quoi la premire partie du coup bc marion jamais au courant ??
@kittycatt20 @madypricell de toute manire pour shameless et The 100 on est peu  tre d'accord j'ai l'impression de nager a contre courant
@lauramabille @ThomasGabelle @vicky_stoyanova vous tiez au courant de ce 1er SW 100% tourisme  Sophia-Antipolis ? :)
@laurentgallois bonjour  vous est ce que c'est vrai d'ici 2017 le RER B va passer  un train deux tages?
@lea_leatitia nan chui vmt serieuse j fais une crise de pleure que ma mere est arriver en courant
@livelysmilee genre tu parles avec ton prof ton pere il est au courant?
@lolfe12 Tu sais quooooi ?! Je vais te dire : je crois qu'il y a quelqu'un qui coutait l'apro du captain derrire moi dans le bus. Rigolo.
@lolitanieenblog je prfre mon pti train rapide (15min) courage  toi qui ctoie le RER bien plus que moi :)
@mamourianne @PriscaDC Tiens moi aussi je me demandais, tiens moi au courant quand tu auras trouv (j'espre que tu as compris ma phrase !)
@mardelorme tu seras la premire au courant si a marche
@marelus78 Merci, si vs pouvez me tenir au courant ce serai trs apprci. Mchante dmocratie.
@marie7888marie @RERC_SNCF @nicolas_mathey mdr, c'est pas dans tous les trains arrte un peu, en 4 sem. j'ai eu 1 train comme a le reste ok
@mec91190 @RERB En effet, c'est vague. D'autant qu'une mission vide de voyageur est pass au lieu du train prvu thoriquement
@mopourmots @AnneC_JUAN Tu peux mettre @floriantruchot au courant ? Comme a on termine la journe et on fait un goter.
@nico44z Coordonnes bien reues, je vous tiens au courant. ^G
@norabz Franchement a serait dingue! J'ai commenc  en faire ici:  N'hsitez pas  me tenir au courant du projet!
@okcthunder lanc  grande vitesse. @spurs sur courant alternatif avec penchant vers le positif. 8me chez 7me de la conf Ouest... 2h30...
@photo_xavier @RERA_RATP Pourquoi ts les trains ne desservent-ils pas en permanence ttes les stations avec des voyageurs?
@pitfallrelation @Kiri_eau Je me doute bien que tu es au courant t'en fait pas. Mais je pense que son image tait plus pour rire de celle
@pornstyless tu a activer les notifications ? Si oui des qu'on tweet pour Liam tu seras au courant t'auras plus qu' retweeter puis on en a-
@ptira28 avion bateau vlo moto quad train bus pied tramway metro rer... J'ai tout pris
@pvtistes merci c'est top! Apparement il faut que je retlcharge l'appli car j'ai un message "crash applicatif". Je vous tiens au courant
@rastababouin mdrrrrr a fais sauter le courant chez ma mre et mon pre quand on chauffe le squat on a dj essay
@rera_ratp @galeRERAfr Et organisez vous pour que le trafic #rera soit meilleur qu'hier et avant hier
@rerb pas de train Orsay avant quand?  #rerb
@roronoa_94 Non mais j'ai vu la lumire, c'est fini ca ! Et pourquoi il part ? Toi qui a l'air bien au courant
@salma865 et nik ta mere toi aussi on nes pas en cours dortographe espece d'imbecile tes au courant que ya que 140 caracteres bouffone va
@samson_aurelien @enzolarissa Frre je viens de lire l'article,on dit que le rappel profite aux croyants. Mais j'tais dj au courant.Merci
@skinsevan ben Alison elle est toujours au courant de tout donc c'est bizarre qu'elle sache pas que son frre ait un jumeau donc soit il -
@skywardcth j'te rapelle on doit se faire a courant avril pour fter ton anniv
@stm_Orange @DavuthLy je suis au metro sherbrooke, ralentissement tjrs en vigueur...
@svntigold j'espre aussi tiens moi au courant
@tiborec C'est un effet courant du film de genre et ce serait juste un clin d'il. Donc pas plus complexe que d'habitude.
@willemofficiel aujourd'hui on procrastine tu es au courant ? ton prochain single sera bas sur le bon sens et ne procrastines pas ;-))lol
@ybornick Nous vous conseillons davoir une radio  piles, ainsi vous serez sr dtre inform en cas de panne de courant.
@yhNico Parfait alors, tu tiens au courant, je serais l
@zaynmalik T'ES AU COURANT QUE LE 1ER AVRIL, C'EST PAS AUJOURD'HUI ? #AlwaysInOurHeartsZaynMalik
@zaynmalik t'es au courant que c'est pas le 1er avril ?
A 12 h javais pas de bus, heureusement que meu namorado a pu venir me rcuprer
A Lire #Liban Ammar Houry : le Courant du Futur sera  #Ammar_Houry #Hezbollah #Nagib_Mikati
A Paris ya trop de train rer de ceci de cela sa m'embrouille
Accident de Bouficha: Le chauffeur du bus buvait un caf et parlait au tlphone
Accident de tram, il manquait plus que a
Ah et comme j'ai plus de carte de bus pour aller  la salle, mon beau pre m'a suggrer d'y aller en courant  c'est quand mme loin et-
Ah et mon pre me rpte sans cesse qu'il veut voir #Hacker. Mon pre ! Qui n'est jamais au courant des sorties !
Ah oui pour vous tenir au courant, je serais de retour avec les autres nuls de l'@AllianceRainbow vers le 5 avril
Allez. Mercredi. 3 jours de suite de suppression de trains sur le #RERC
Apprendre par la radio' que Le Foll sera demain dans le Doubs on n'tait mme pas au courant. Pfffff
Aprs 8h de cours dans le rer pour voir #Stevans ! En 3 mois je n'aurai jamais fait autant de concerts. #musicislife
Aprs m'tre fait agress hier soir, la accident de bus. J'aime ma vie. Le concours de cet aprem va tre beau.
Armez-vous de patience ! Des ralentissements sont prvus jusqu'en fin de soire #RERD #BOF
Au calme, dans le froid, ppre, pas de train, pas de bus, pas de taxi. Merci la #LigneJ. Pas s'tonner si on paie plus son ticket.
Au pire je le ferai en cours ou dans le bus
Au secours mon pre veut me rajouter sur Facebook ! (Il est pas au courant de mon intrt pour les jolis garons et vaut mieux pas)
Aucun jour de la semaine je finis a 18h mais j'ai tous les jours des putain de probleme de rer de merde ! Du coup je rentre a 19h ! -'
Aucun train ne circule entre Haussmann Saint-Lazare et Magenta. Les #RERE sont au dpart et  l'arrive de la Gare de Paris Est #KO
Aujourdh'ui j'vais pas en cours, y'a pas de bus en plus j'finis  9h dnc peaace sa sers a rien
Avec @_fvckb on a pas arrter de cours pour prendre les bus c'tait trop marrant  voir
Avec ces conneries de courant d air j'ai attraper la crve sa mre la j'avais pas besoin de sa
Bcp font le parallle avec l'accident du bus polonais quand Sarko c'tait rendu sur place aussi,j'ai pas le souvenir de 48h d'infos Non-Stop
Bientt tout le monde sera au courant ...
Bon mon train de 15:39 au dpart de Roissy1 est supprim. Prochain train dans 10 minutes et omnibus  #RERB
Bon, maintenant que tout le monde est au courant, on peut arrter avec A ?,#idcaboutA
Bonjour, ici, Thierry pour vous tenir au courant de l'tat du trafic, Bonne matine aux voyageurs du #RERA. #RATP
C courant zayn assure ton avenir, filire zayn #lrt
C'est la galre putain on va prendre 4 trains diffrends, ligne J, RER C, Ligne H et RER D
C'est les autres qu'on rcuprer notre bus la
C'est ma soeur qui m'apprend ce qui ce passe chez moi, alors qu'elle habite mme pas l, je suis toujours la dernire au courant ptnnn
C'est pas 1, mais 2 train que j'ai loup. Merci le RER.
Ca fait 2h30 que je suis au courant et je commence  peine  arrter de pleurer
Ca me fait rire les gens qui cours apres leur bus mais il le rate quand meme
Cambadlis dit "On est plus proches avec le FDG que l'UMP avec l'UDI" Il est au courant que c'est pas le 1er avril ?
Cc @RERC_SNCF souvenir d'une gare aujourd'hui loin des trains mais jamais loin du cur ! #MuseeOrsay #Annees70 !
Ce matin j'ai rat mon bus , j'ai rat mon train , j'ai oubli de m'arrter a Hazebrouck , je me suis retrouve a saint omer
Ce moment o quand t'es dans le bus, tout est calme, et d'un coup, tu te mets  exploser de rire..
Ce soir #ligne4 en X mtros au ralenti et #RerD retard on est entass  mais on smile  on rentre  la maison!!!!
Certain de tes potes, t'es mme pas au courant dla moiti des choses qu'ils ont pu faire derrire ton dos
Cest finalement un Pina08 qui me ramne de Roissy1  Paris. Vu la suppression de trains, celui ci est arriv bien plein de Roissy2. #RERB
Cher usager du #RERA, pourrais-tu penser que tu n'es pas seul dans le train et ne pas laisser ton enfant dans cette p*** de poussette!! 'ci
Colis suspect dans MON wagon alors que je ne prends JAMAIS le train bordel #FontaineChatillon #RERB
Commencer la journe en pleure. Louper son rer. Louper son mtro. Ne pas avoir mang. Et oublier son parapluie dans le train. Putain.
Comptable Mandants Anglais Courant H/F #Hautsdeseine #CDI #comptabilit #finance #recrutement #FYTEJobs @FYTEasily
Courrier de lecteur : Une panne de courant  Arta : La ville dans le noir total Le 19 mars 2015, vers 03 heures...
Dcidment c'est pas mon anne. On vient d'avoir un accident du bus dans lequel je suis, avec une ambulance. Pas de blesss heureusement.
Demain j ver en gova en cour  mort g trop la fleme du bus
Demain quand on va me demander comment je vais je vais juste dire zayn bien sr personne ne sera au courant
Des travaux modifient la circulation des trains de la ligne #RERC #BOF
Des travaux modifient la circulation des trains de la ligne #RERE - axe Haussmann Saint-Lazare / Chelles Gournay #BOF
Donc, en fait, le #RerC rserve les trains longs le soir. Quand il y a moins de monde. Ce serait dommage de les proposer en heure de pointe!
Du coup ma mre elle vient me chercher direct quand je sors du bus
Du coup on est tous seuls dans le bus avec mon frere et ma sur
EMOI05 file  toute allure entre Orsay et Massy, en faisant un bruit de train  vapeur #RERB
Eh les directionners suicidez vous sur le rer si possible ! Comme ca Jpeux pas aller en cours, faites un truc bien de votre vie au moins
Elle a commenc  voler vers moi je me suis barr en courant et en criant mon pre tait mort de rire
Elle a peur dans le bus parce qu'il lui a promis d'envoyer des amis pour la dcouper et la brler.
Elle a sortit a ma mre que "le courant pass bien entre l'infirmire et moi" j'ai t 2x a l'infirmerie depuis le dbut d'anne
Elle est arrive derrire moi et ma donner un ptit coup a l'paule et elle s'est barrer en courant et rigolant
En attendant le train... #dublin #lowtide #sunnyday #RERD
En instadirect, je dois tenir des gens au courant de quand je referai des photos avec Ludivine
En raison d'un colis suspect , le trafic est perturb sur la ligne #RERB #BOF
En vrai a me saoule que la plante entire soit au courant pcq la plante entire va donner son avis et blablabla et a fait chier
En vrai mon pre pour #TopGear il ne sera au courant que quand je lui dirait.,Il va trop pter un cble putain.
Encore une trs belle performance du #RERA ce matin! Train  l'approche, non dans 15 mn, non, 4 mn, non, 10 mn...Bon bah on attend quoi...
Enfate Alaya si tu serait pas au courant on peut cre une page WIkipdia sur tout mme sur moi ...
Enfin aller acheter un pot de nutella en courant ... la caissire va me rire au nez
Enfin en vrai j'tais au courant mais je pensais pas que a se ferait aussi tt
Entre les gars chelou dans l'tram-train, la galre pour trouve mon cole, marcher 2km, et un gars qui vomi dans le car ptn j'ai t servi
Est-ce que vous savez dans quel hpital psy est gard le concepteur du (des) traces du RER C ?
Et Mallo sera la premire au courant
Et comme tous les soirs la ligne poubelle de @RERD_SNCF affiche des retards et ralentissements ... Affligeant !! #rerd #qml
Et demain on me fera "t'es au courant ?" Et je devrai seulement rpondre "ouais, c'est dommage, il avait une jolie voix"
Et voil que je loupe le bus  cause de ma mre encore,a m'nerve bien
Etale sur ma nate sous la terasse. Ya pa courant oh
Fait du mal, il reviendra en courant vers toi
Faudra mexpliquer le dlire du @RERB de rouler au ralenti depuis trois jours.
Faut que je me leve vraiment la pcq mon pere peut pas m'emmener je vais louper le bus oblig
Genre l'autre coup j'tais  l'arrt de bus je saignais du nez et a voulait pas s'arrter c'tait chiant
Hier j'etai tu exclu de cours sa mre j'tait mme pas au courant
Humeur du jour: "Car c'est ainsi que nous allons, barques luttant contre un courant qui nous ramne sans cesse vers le pass" F.S Fitzgerald
Il comprend pas zayn qu'il aura jamais une vie normal, il sera encore suivit partout on sera toujours au courant de ce qu'il fait
Il est 00:24 et le trafic est normal sur l'ensemble des lignes de RER
Il est 00:28 et le trafic est normal sur l'ensemble des lignes de RER
Ils le savent trs bien que quoi qu'ils fassent nous on sera au courant et derrire pour ragir hein, c'est pas notre putain de faute
Ils sont au courant quand mme que c'est important pour un bb dans le ventre de sa mre d'entendre les voix etc? L'utrus artificiel ???
Ils sont mort de rire a l'antenne, perso j'adorais qui, avant qu'il rentre chez eux, qu'il y est une panne de courant :p #Vinz
Ils sont srieux les bus l ?! Putain... Mon train est dans 1/4 d'heure... Je suis pas sre de l'avoir...
Incident d'exploitation. Aucun train Pontoise Paris @RERC_SNCF depuis 7:30. SNCF annonce 10mn de retard. De qui se moque t on ?
Infotrafic #RERD [MAJ] Ralentissements jusqu'en fin de soire (incident affectant la voie)
J'achterais un nouvel appareil photo dans le courant du mois d'avril!
J'adore les problmes de train #RERD
J'ai cours  8h il est 7h50 et sachant que j'ai 20 mn de bus et que je doit me prparer j'aurai cmb de minute de ,ouais all re bonne nuit!
J'ai crit une excuse, je l'ai donn  ma mre pour qu'elle la signe... J'suis partie en courant me cacher avant qu'elle la lise....
J'ai crus que j'allais louper mon rer de 19..
J'ai entendu dire qu'on avait saut toute une gnration. Mais comme d'habitude c'est pas la mienne, sinon je serais au courant. #Puceau
J'ai eu ma mre au tel, elle a pas l'air d'tre au courant XD
J'ai expliqu les histoire a mon pre comme sa il est aussi au courant.
J'ai failli loup le bus xD c'est bien la premire fois
J'ai failli rester bloqu  un rond point o yavait un accident parce que mon bus avait pas le droit de passer.. mais un pompier nous a aid
J'ai l'impression de courir derrire mon bus tous les matins alors que j'habite  5m de l'arrt
J'ai loup 2 RER  la suite quand mme
J'ai loup le bus sa mre
J'ai loup mon bus pour merville mon frre a du venir me chercher
J'ai louper mon 1er bus sm
J'ai pour habitude d'couter de la musique pendant le trajet du bus, demain ce sera pas le cas. Je veux peut pas.
J'ai rat ma premire heure de cours j'me suis pas lev j'ai rat mon bus putain
J'ai re louper mon bus la putain de sa race
J'ai t voir ma mre pour lui dire et pour la premire fois depuis qu'on es au courant j'ai pleurer
J'arrive  la gare et tous les trains pour ma ville sont soit retards soit supprims, le tout c'est de ne pas pter un cble #rerd
J'attends le bus bc Paul ce con il est pas la du coup j'peux pas rcuprer mon vlo
J'aurais pu mourir que mes parents seraient toujours pas au courant
J'entends ma mre dire "la pauvre, elle se sent seule" en parlant de moi... Je croit qu'elle est au courant pour Zayn.
J'espre que tout le monde est au courant que le carnaval du lyce c'est pas aujourd'hui en faite mdddr
J'espre sa ligne c'est pas couper
J'espre y'a le train de 13:50 parce que le bus y'en a assez merci
J'suis le genre de meuf qui ne retiens jamais rien, qui est tjrs la dernire au courant, tjrs  coter de ces pompes  En Bref un cas dspr
J'suis toujours la dernire au courant de tout mdr
J'tais tellement dter  rviser mon contrle de mana quand j'ai quitt les cours,puis dans le bus Johanna ma dit et j'ai clat en sanglot
J'vais tre au courant  la dernire minute ou mme pas mdr
Jai eut piti du type qui arrivait pas  rouler son spliff dans le rer. Du coup, jlai fait  sa place. Plus si Thug, le bonhomme.
Je cours derrire un bus mais sa veux pas dire que je vais courir derrire toi
Je cours dj pas aprs mon bus, n'espre donc pas que je courrai un jour aprs toi !
Je me lve pour repasser, j'attaque le fer et voil que ecg coupa le courant. Les fdp
Je me souviens de la fois ou j'avais rater le 1er et le 2me bus + le train et que j'tais aller a pied en cours, j'avais le seuummmm
Je me suis endormi partout ce matin dans le rer sur ma table en cours. J'assume plus les rveils  6h
Je ne serais pas sur Twitter, je ne serai mme pas au courant de l'autre con qui sait barrer de son groupe de merde
Je prpare mon nouveau billet pour le blog, a sera pour le courant de la soire!
Je reprend les dm spree ce soir . Follow moi si tu veux tre au courant . Qui sera la ?
Je serais le dernier au courant de ma propre mort, qui sait
Je suis alle sortir courir avec ma mre, elle s'est faite le mois de juillet  elle toute seule en courant en tee-shirt demi-manche
Je suis choque les petits enfants comment ils ont trait la dame du tram de grosse pute et lui ont dit nique ta mre. Ou est l'ducation ?
Je suis dans mon bus pour aller en cour pour 8h et on m'envois un message  la dernire pour me prvenir qu'on commence  9h !!
Je suis en train d'clater de rire dans le bus  cause des conneries de Nawelle. Non mais. MAIS. Matez mon #lrt.
Je suis encore en train d'attendre ma mre. Jsuis sre j'irai plus vite en bus putain
Je suis rentr chez moi ma mre a pas l'air au courant
Je suis sre en plus y'a pleins de gens qui sont pas au courant qu'elle a tout chang et qui apprennent le cours de l'anne dernire
Je suis tellement en colre, je me sens rabaiss d'avoir tais mise au courant de cette manire #1DisHalfAHeartWithoutZayn
Je vais encore galrer  me lever demain, je vais tre en retard, courir pour mon bus, voir qu'il est en retard... la routine
Journe mondiale de la Procrastination ! Sur le @RERB on n'a pas loup l'occasion pour remettre le respect des horaires  plus tard.
Jprend le bus et le train avec mon grand frre
Jsens jvais louper mon rer avec ce bus  la con qui avance trop vite putain #Humour
Jss sre ya un nv rseau social on est pas au courant
Jsuis tranquille dans le bus... Puis accident et tt le monde ce regroupe etc
Jvoie ma couz elle prend en foto une kinez ds ke rer b entrein de dormir  je lui dit cache ton phone psk elle te voie
Kenza c'est le prnom d'une meuf qui cours derrire le bus mais elle le rate aprs elle marche
Kim, si mes parents prparent un truc pour mes 20 ans j'espre que tu vas me tenir au courant.
L'AGEEFEUS tient actuellement une AG de grve. On vous tient au courant du rsultat du vote ds que l'assemble sera termine.
L'affichage en gare nous dit omnibus, l'affichage ds le train et la voix disent direct, bien, bien #LEVE32 #RERB
L'autre je lui dis ce qu'il ce passe et il me dis pourquoi tu me dis a ? Bah t'es mon pre tu doit tre au courant des chose grave comme a
L'avion est le + sr des transports en commun.. Pourtant on nous fait moins flipper aux infos avec les accidents de tram!
LES GARS SI JE SUIS PARTIE PLUS TOT DE COURS CEST PAS POUR RESTER 40MIN DANS LE RER
La SNCF qui m'oblige  prendre le bus  la place de mon train pour une raison inconnue. Elle me les fera toutes... #JPP
La conf de presse tenait en 140 caractres. "On a la bote. On analyse. On vous tient au courant. Boujou chez vous.
La ligne 6 elle est dj ralentie
La moto de mon pre est en panne donc il rentre du taff en courant sachant qu'il bosse a 40km de Joinville
La prochaine foi je ferais semblant de ne pas tre au courant pck la jlui ai cass son dlire
La vido sera en ligne a 21H00 !! Comme a la tradition je suis en retard !!
La vrit avec tous ces accidents on va tous partir au bled en bus
Le #RERA sera coup pendant un mois cet t >> cc @RERA_RATP
Le RER A coup cet t entre la Dfense et Auber, c'est magnifique. -'
Le RER A sera coup pendant un mois cet t  via @le_Parisien
Le RER arrive , c'est alors que je cours pour l'avoir J'entend des pas suivre les miens Jusque ici tout vas bien
Le Rer D sa ces une autre histoire se train
Le bus fait limite le tour de la ville parce qu'il y a un accident sur le trajet habituel j'vais arriver dans 40 ans
Le bus il c'est arrter plus loin mais trop loin on avaient la flemme de courir et arrivs au niveau Rmy il a monter son cul au chauffeur
Le bus il est pass dans ma rue pck il a du changer de parcours  cause d'un accident
Le business de la misre : les sous-traitants privs du SAMU social gagnent 11 millions d'euros par an
Le matin quand jprend le bus pour allez au lyce j'ai le ttanos la vie jsu au ralenti
Le rer e c'est le train le plus merdique du monde
Le tram-train #Nantes-Chteaubriant reoit un prix #accessibilit  via@paysdelaloire
Le tram-train Nantes-Chteaubriant reoit un prix accessibilit
Les 1D qui se sparent. a sent le retard de rer d  un "accident de voyageur" demain matin a...
Les 5 muses les plus suivis sur Twitter .Allez y en courant sans vous essoufler et vous serez poustoufl.Soufflons!
Les circulat ont repris entre Antony et Les Baconnets. Le trafic reste toutefois perturb en rpercuss du colis suspect #RERB
Les coles de la Division scolaire Valle de la Rivire Rouge sont fermes.  cause d'une panne de courant et de l'tat des routes.#rcmb
Les couloirs de bus nous ralentissent souvent(livraison,vlo,car,particulier,pousse-pousse,chevaux.?Aucun n'est libre  100% #TaxisParisiens
Les couples qui limite baise en cours ou dans dans le bus , arrter svp
Les garements du regard en train #RERB
Ligne 10 - Accident - Info dtaille :
Ligne 10 - Suite accident - Info dtaille :
Ligne 12 - Accident - Info dtaille :
Ligne 12 - Suite accident - Info dtaille :
Ligne A - Suite accident - Info dtaille :
Louise elle m'a dit un truc j'suis encore surprise.. C'est toujours moi la dernire au courant de ce genre de choses
MA MRE ETAIT DEJA AU COURANT POUR MON 1,5 DE MATHS MDR
Ma jeunesse a la couleur des trains, RER C,Pendant ltrajet jrvais de percer.
Ma mre est au courant. J'ai russi  ne pas pleurer devant elle
Ma mre est mme pas au courant que je me suis perce l'oreille, y a que mon pre et ma sur
Ma mre est pas au courant que je passais mes tpe ce matin, elle sait mme pas que j'ai une preuve de tpe pour le bac
Ma mre est venu dans ma chambre, m'a pris dans ses bras et m'a dit : je suis au courant...  #JeSuisZayn #ZaynMalik
Ma mre est venue dans ma chambre, elle m'a dit "je suis au courant" elle m'a prit dans ses bras. J'y crois pas. #AlwaysInOurHeartsZaynMalik
Ma mre m'a fais partir en courant pour un RDV dans 1h, je suis habille  la va vite, pas maquille, pas coiffe, pas douche :///
Ma mre vient de rentrer dans ma chambre en me demandant de mettre la table je croit qu'elle est pas au courant celle la #ZaynInMyHeart4Ever
Ma mre vient elle fait : " - ah tu commences a 9h? - ah non non, je viens de louper mon bus, a l'instant. " Mdrrrrrrr
Ma mre voit mon bulletin "t'es au courant t'as le bac de franais cette anne?" m.d.r
Ma sur & moi on est dj au courant , & ma mre n'en sait toujours rien .
Ma sur sort vendredi j'suis mme pas sure que ma mre soit au courant encore
Ma tte quand on m'annonce que mon train est supprim et que je me retrouve contrainte dans le RER... Pour 45 min
Mais c'tait bien parti la tourne, il a d se passer autre chose, on doit pas tre au courant de tout, ce serait trop facile "les rumeurs"
Mais du coup son pre il est au courant qu'il a eu des jumeau ???
Matin TIN TIN . Tu cours derriere les bus melni kkou rer . Pour pas rater ton DS
Mauvaise nouvelle ! Usagers du #RERD , armez-vous de patience ! Des ralentissements sont prvus jusqu'en fin de soire #BOF
Mdr je connais une fille de 6eme qui a suce un mec de 4me et il a film et ses parents sont au courant a mre va l'emmener chez le gynco!
Mdrr je cours pas pour rattraper mon bus donc c'est pas derrire toi que je vais courrir
Mdrrr frre tu me parle de maturit alors que a 21 ans t'assumes pas d'tre gay, alors qu' 15 ans moi tout le monde tait au courant fdp
Mdrrrr ma mre me parler j'tais mme pas au courant
Mdrrrrrr y'a Kanye et Kim K elle est mme pas au courant. Typiquement le genre de truc qui arriverait  ma mre.
Mec tu sera jamais normal tu es au courant que ds tu sortira tu sera photographie
Meme ma mre elle est au courant pour Zayn
Merci au RER C, grce  toi je loupe le concert de @wearetheocean :) cc @SNCF @GroupeRATP
Mes amis m'appellent "Bout en train" hummmm.. RER D. #RapCommeLaFouine
Mes parents depuis 3h du matin ils ont plus de courant  la boulange, ma mre elle a appeller edf et tout olala
Mes parents mes frres sont pas au courant encore et j'ai pas le courage de le dire moi mme
Mes potes ils vont soit se foutre de ma gueule, soit me demander si j'suis au courant. Je sais pas ce que je prfre tbh
Meteo du #RER (#ratp) : KO () 25/03/2015 a 21:33 Trafic normal sur l'ensemble ...
Meteo du #RER (#ratp) : KO () 26/03/2015 a 00:25 Trafic normal sur l'ensemble ...
Meteo du #RER (#ratp) : OK () 25/03/2015 a 01:09 Trafic normal sur l'ensemble ...
Meteo du #RER (#ratp) : OK () 25/03/2015 a 20:17 Trafic normal sur l'ensemble ...
Metro station est de retour et je sais pas si je dois rire ou pleurer en avouant que bah... J'coutais.
Mis je voulais pas y aller...Mais ma mre est partie en courant du coup je l'ai suivi. Puis elle est rentrer dans la loge au calme.
Mme pas j'tais au courant qu'ils venaient dner
Mme quand je suis pas press je cour pour ne pas louper le rer.
Moi j'cours pour avoir le bus alors que j'suis en avance .. Mais cst tllmnt rare que j'sois en avance aussi g mm pas regarder l'heure
Moi jai le seum ya pas de bus pour aller a Blc du coup ma mere m'enmene tout le temp
Moi qui a un accident de bus Lundi, ma soeur qui a un accident de bus aujourd'hui, et bah dis donc la famille! on est bien lis xD
Mon PRE est au COURANT pour mon COUPLE !!!
Mon ancien beau pre m'a envoy un lien pour me montrer que Zayn avait quitt le groupe, gros je suis au courant de tout moi
Mon copain il doit prendre le train, le bus, et tout pour aller a son cole, a me solerais de fou moi
Mon frre c'est courant d'air jamais l
Mon frre c'est trop un teub, il vit en Norvge et jlui demande s'il a vu l'clipse totale chez lui il me rpond qu'il tait pas au courant
Mon pere j'crois il est meme pas au courant que j'suis scolaris
Mon pre a fait 17 ans qu'il a une veste Versace dans son placard, j'tais mme pas au courant son existence
Mon pre est tonn d'voir que des films de cul et d'homo  la tl... Mais il est pas au courant que ya que sa dans le monde maintenant...
Mon pre est venu dans ma chambre, il m'a dit "je suis au courant", il m'a laiss le sucer. J'y crois pas. #AlwaysInOurHeartsZaynMalik
Mon pre il est mme pas au courant que c'est mon anniv
Mon pre il m'a engueuler pcq je l'ai pas appel alors que j'tais mme pas un peu au courant la de la chose
Mtro Ligne 11 En raison d'un incident d'exploitation, le trafic est interrompu entre Mairie des Lilas et Arts et Mtiers. Repr [1/2]
Mtro Ligne 11 En raison d'un incident technique, le trafic est ralenti sur l'ensemble de la ligne.Trafic normal sur les autres [1/2]
Mtro Ligne 12 En rpercussion de voyageur sur la voie, le trafic est ralenti sur l'ensemble de la ligne. Trafic normal sur les [1/2]
Mtro Ligne 2 En raison d'une panne de signalisation, le trafic est ralenti sur l'ensemble de la ligne.
Mtro Ligne 2 En raison d'une panne de signalisation, le trafic est ralenti sur l'ensemble de la ligne. Trafic normal sur les au [1/2]
Mtro Ligne 6 En raison d'une panne de signalisation, le trafic est ralenti sur l'ensemble de la ligne.
Mtro Ligne 6 En raison d'une panne de signalisation, le trafic est ralenti sur l'ensemble de la ligne. Trafic normal sur les au [1/2]
Mtro Ligne 7 En raison d'un malaise voyageur  Pyramides, le trafic est ralenti sur l'ensemble de la ligne. Trafic normal sur [1/2]
Nage bien dans le sens du courant, tu fais bien rire les crocodiles #ComprendraQuiPourra
Nouvelle halte #SNCB pour #Bruxelles en dcembre prochain  #RER #Transport #STIB #train
Oh les vieux directioner  2 balles, vs tes au courant ke 150 pers sont morte ds 1 #crashA320 et vs vs pleurez pr 1 vieux mec!!!! shame
Oh mon beau pre il est pas deter  bouger du salon il est au courant j'ai rdv en 1v1 avc un gars sur FIFA pr lui mettre la misre ou bien ?
Oh vs tes au courant il part juste ds 1D, il a perdu ni sa tante ni sa soeur ni son pre ni qui vs voulais alrs vos gueule #Les1DCestDeLeau
On a eu un accident de bus
On a eu un de ces fous rire dans le bus avec Colin, j'y repense du coup je rigole encore
On est partit apres on a refais demi tour et on leur a jet un verre d'eau a la gueule et on est repartit en courant mdr
On tait mme pas au courant que a serait leur dernier concert  5 bordel
Oups ! En raison d'un malaise voyageur , le trafic est ralenti sur la ligne #RERA #BOF
Oups ! Le trafic interrompu entre Les Baconnets et Antony, dans les deux sens.Reprise des circulations estime  15h00. #RERB #KO
Ouverture du compte GL a tous ! Vous serez tenu au courant de tout.
PINA02 s'arrte  Fontaine-Michalon, pour le cas o quelqu'un voudrait rcuprer une valise gare  #RERB
PTTTNNN!!' En plein braquage coupure de courant all ta mere
Padam, padam, padam il arrive en courant derrire moi
Pas de bol ! En raison d'un malaise voyageur , le trafic est ralenti sur la ligne #RERA #BOF
Pas de panique: les commerants sont au courant ! Mais ils ne prendront que les rand sud-africains vu que ce sera la "Journe du Rand 2015".
Pas de raison que la terre entire ne soit pas au courant : SUIS TATAAAAAAAAAAAAAAA!!!!!!!!!!!
Patience ! Des ralentissements sont prvus jusqu'en fin de soire #RERD #BOF
Patience les amis ! Le trafic est toujours perturb sur l'ensemble de la ligne #RERB #BOF
Perdre 15 min en bus tout a pour un Ptit accident avec une voiture d'auto-cole
Personne tait au courant que a serait son dernire concert, sa dernire interview, son dernier "Hi, we're one direction"
Pour aller  @EvryGamesCity en avril jai deux possibilits : 1) prendre le train pour Paris puis RER D. 1/...
Pour faire le plein de crativit et tre au courant des dernires nouveauts, c'est par ici:  cc @creapills
Pour passer le temps dans le bus j'ai droit au rglement du compte du couple derrire moi
Pourquoi tant de retards et d'annulations de trains sur le @RERC_SNCF ??
Poursuivre un rve c'est comme courir aprs son bus. Parfois, le bus ralentit et nourrit l'espoir de le rattraper.
Pq suis-je toujours la dernire au courant des dplacements de mon pre ? Genre vendredi Indonsie on m'dit R psartek les gars merci
Premire fois que je prends le bus le mercredi midi du coup il est pas comme d'hab je suis perdu !
Problmes de #RERE aujourdhui. Alala ya pas un jour o les trains que je prends fonctionnent tous en mme temps !
Prochain train dans 1h vive le RER D
Procs de l'accident #mortelA26 : le procureur rclame 2 ans de prison avec sursis pour le chauffeur du bus #Marne
Profitez d'un trafic fluide sur la ligne #RERA #OK
Prou : au moins 37 morts et 70 blesss dans un accident de bus #LINFO
Prou: au moins 37 morts et 70 blesss dans un accident de bus  via @RoundupReader
Ptdr remi il est jamais au courant dla vie on dirait
Ptdrrrrrr ma mere elle etait entrain de se laver et ya une panne de courant
Ptn j'vais louper mon bus j'suis sre
Putain de malaise voyageur de merde ! Sortez le du train et basta quoi ! On repart normal !  @RERD_SNCF
Putain j'ai loup mon bus et ma mre rpond pas!
Putin premire fois de l'anne que je suis en avance !! Genre j'ai le temps de me poser despi, mme pas oblig de courir pour avoir le bus
Quand  cause du Rer t'as loup l'clipse :(((
Quand ton train vends du rve au plafond mais pas au sol, a donne pas envie de prendre le train souvent @RERD_SNCF
Qui aura pas son bus a cause du RER et du coup rate son deuxime bus et rentre chez elle qu' 17h ?
RER A En raison d'un accident grave de voyageur, le trafic est interrompu sur l'ensemble de la ligne. Trafic normal sur les autre [1/2]
RER A En rpercussion d'un accident grave de voyageur, le trafic est ralenti sur l'ensemble de la ligne. Trafic normal sur les a [1/2]
RER A coup un mois cet t : la RATP prend les devants
RER A: accident grave de voyageur reprise du trafic vers 0h
RER B: le trafic a repris entre Antony et Les Baconnets des retards sont  prvoir jusqu' 17h30
RER B: le trafic est interrompu entre Antony et les Baconnets emprunt le bus 119 des Baconnets jusqu' bld du 1er Mai et prendre le 196 1/2
RER B: le trafic est ralenti jusqu' 17h suite aux colis suspect
RER B: le trafic va reprendre dans quelques minutes entre Antony et les Baconnets
RER B: les trains ont pour terminus Antony pour rejoindre Massy Palaiseau emprunt le bus 196 suite aux colis suspect
RER D trafic perturb. +15/30min  prvoir Motif : incident affectant la voie  Goussainville et malaise voyageur  Pierrefitte Stains. #QML
RER D: trafic perturb. +15/30min  prvoir 1 train sur 2  destination de Goussainville est terminus Villiers le Bel. #QML #RERD
RER supprim > go auchan > scher les cours > atterir  la BU de Cergy en attendant le prochain train. -_-
RT @50nuances2Gregg: Le RER arrive , c'est alors que je cours pour l'avoir J'entend des pas suivre les miens Jusque ici tout vas bien
RT @95Birdal: @_kvndrsm: Ryn jvai lniquer billey her embrouillarima karisiyo alors que jsu au courant d rien ptdddr sal pd jmenbrouill pr toi t mm pa la
RT @AFASProjects: Un #train toutes les 108 secondes sur le RER E d'ici 2022, avec son prolongement  l'ouest de #Paris #Eole @RERE_SNCF,
RT @AloisBocquet: Mon pre il est mme pas au courant que c'est mon anniv
RT @AngeGabrielOff: J'ai entendu dire qu'on avait saut toute une gnration. Mais comme d'habitude c'est pas la mienne, sinon je serais au courant. #Puceau
RT @Anne_Ju_: Elle a peur dans le bus parce qu'il lui a promis d'envoyer des amis pour la dcouper et la brler.
RT @Arthurpolettiii: Ptdr remi il est jamais au courant dla vie on dirait
RT @BDefait: #RERB se traine et est blind comme d'hab, heureusement les bagages des sauvageons sont bien installs #incivisme
RT @Basilejetable: Je cherche une chambre en colocation sur Paris (2/3/4/9/10/11) disponible courant Avril. 600/650 max. Vue sur mer apprcie. RT SI SI
RT @BellarbiMohamed: @Ludovic_Jean @cesarjeanpaul @didier_mouly Je te parle des bus, apparemment tu connais pas les comptences du CG ! Les ter c'est la rgion
RT @Bicouilles: Quand 10ans plus tard ton gars sr te remmore les thons qu'il s'est tap au collge. "J'tais mme pas au courant" .
RT @BroutinLaureen: " sa mre la pute t'es trop bonne " mdr eh mec le jour o t'auras une fille en lui disant a tu me tient au courant
RT @CLePrenom: Kenza c'est le prnom d'une meuf qui cours derrire le bus mais elle le rate aprs elle marche
RT @Calvin_938: Le rer e c'est le train le plus merdique du monde
RT @ChaputCamille: La moto de mon pre est en panne donc il rentre du taff en courant sachant qu'il bosse a 40km de Joinville
RT @Chibromasseur_: tes vous au courant que les cimetires ne sont pas des lieux de shooting pr vos horribles photos de beaufs
RT @Conducteur_RER: tre conducteur de train.
RT @CritiqueTout: Mdrrrrrr y'a Kanye et Kim K elle est mme pas au courant. Typiquement le genre de truc qui arriverait  ma mre.
RT @CyberEvents: Les couloirs de bus nous ralentissent souvent(livraison,vlo,car,particulier,pousse-pousse,chevaux.?Aucun n'est libre  100% #TaxisParisiens
RT @DDomnonos: @ElyseeMarine allez Valls au boulot ce n'est pas en courant derrire le FN que le chmage va baisser !
RT @DMSOLOWITHSTARS: Je reprend les dm spree ce soir . Follow moi si tu veux tre au courant . Qui sera la ?
RT @D_ImagesD_Mots: Le tram-train #Nantes-Chteaubriant reoit un prix #accessibilit  via@paysdelaloire
RT @DeboTris: @Dimitweeet @Nolwenn1506 je serai au courant depuis longtemps  puis je te rappel que c'est moi qui l'a vois tout le temps
RT @Denis91230: Et comme tous les soirs la ligne poubelle de @RERD_SNCF affiche des retards et ralentissements ... Affligeant !! #rerd #qml
RT @Dreyjarel: Personnellement je prfre tre au courant des conneries de mes enfants, que de penser qu'ils sont tranquilles alors que non..
RT @DussolAlexis: Le RER A sera coup pendant un mois cet t
RT @EMOI_21: Traffic Fluide sur le #RERB #RAS #qml
RT @ElliaRP: @RERD_SNCF dis moi comment je fais pour rcuprer Valentin 5 ans qui sera le trottoir ds 13 minutes alors que je suis bloque en banlieue?
RT @EnnaharTvFr: #Brsil : Un bus disparat dans un grand trou, la rivire l'emporte  #accident
RT @FlorineDuuval: @Glerond coute moi bien petit lerond je ne savais pas que le bus mterais autant de temps d'accord !!
RT @Francedz213: @RERB juste 30minutes dattente pour avoir 1 train, normal sur le rer b #qml
RT @Gaetan_Evina: @draagon_noir oui oui je suis dj au courant.. Je serai l avec mes gens tkt. .
RT @Gemeauxlife: Oui le #Gmeaux a ses moments de jalousie. Malheureusement pour vous, vous ne serez jamais au courant ;-)
RT @Gstarcrew: Train retard direction Nord #rerb #leguichet @LozeRER et aucune infos... #qml
RT @HaitiNewsNet: Un accident de bus fait 37 morts et 70 blesss au Prou - Un accident de bus a fait au moins 37 morts et 70 bless...
RT @He__Rick: Cher usager du #RERA, pourrais-tu penser que tu n'es pas seul dans le train et ne pas laisser ton enfant dans cette p*** de poussette!! 'ci
RT @HoppHopp54: @BassiLandrine mdrrr bah tu l'aurais vue tu serais partit en courant du magasin elle tait comme ma mains t'sais
RT @HortenseFch: Jss sre ya un nv rseau social on est pas au courant
RT @IneedTH_: Faut que j'arrte d'tre au courant de tout parce que quand je vois certaines choses j'ai envie de me rouler de rire par terre.
RT @Itsaintines: Quand  cause du Rer t'as loup l'clipse :(((
RT @JaberMokhfi: @CarotteDiscount @Cdiscount @lafourmiliere Non. C'est plus personne n'est au courant de rien ET il faut rpter 6 fois la meme chose
RT @JujuLaMouette: @TUForg a y est enfin une annonce  quai !! Trafic perturb sur #RERA & #lignel suite incident technique  St Lazare... Gnial
RT @Juste_pour_rire: Panne de courant pendant l'entrevue avec RBO  @enmodesalvail hier. La suite ce mercredi. Bravo  l'quipe #salvail
RT @KassimCorsaire: Ca s'voit ls vineurs s'ils gagnent 1oscar Ca va lcher des "ya que ma mre ki croyai en moi" alors kelle ntait pas au courant des perruques
RT @Kidzzy_West: En instadirect, je dois tenir des gens au courant de quand je referai des photos avec Ludivine
RT @LaurenceDenhez: @OliviaChocolaat suivez @labcom et vous serez tenus au courant du prochain #labcom il suffit de s'inscrire @AdrienRosier @SocialMixCity
RT @LauryneT_: Faut que je me leve vraiment la pcq mon pere peut pas m'emmener je vais louper le bus oblig
RT @LePrenoms: Kenza c'est le prnom des meuf qui cour driere le bus mais elle le rate apres elle marche
RT @LenaECste: Poursuivre un rve c'est comme courir aprs son bus. Parfois, le bus ralentit et nourrit l'espoir de le rattraper.
RT @Linfore: Prou : au moins 37 morts et 70 blesss dans un accident de bus #LINFO
RT @Manon_Capelle: @IVXIXCVII j'espre aussi, tu nous tiens au courant
RT @MappyCity: Aucun train ne circule entre Haussmann Saint-Lazare et Magenta. Les #RERE sont au dpart et  l'arrive de la Gare de Paris Est #KO
RT @MappyCity: Des travaux modifient la circulation des trains de la ligne #RERC #BOF
RT @MappyCity: Tout va pour le mieux, trafic fluide sur la ligne #RERC #OK
RT @MariaamBaaby: Le Rer D sa ces une autre histoire se train
RT @Marie_Marty59: Ce matin j'ai rat mon bus , j'ai rat mon train , j'ai oubli de m'arrter a Hazebrouck , je me suis retrouve a saint omer
RT @MarjorieBGrdl: C courant zayn assure ton avenir, filire zayn #lrt
RT @Mediarail: Nouvelle halte #SNCB pour #Bruxelles en dcembre prochain  #RER #Transport #STIB #train
RT @Melanie_abd: Jai prit le bus pour allrr chercher Yz ,elle est meme pas partie en cour frere on est partit pour r avec Erkaa
RT @MrBadr94: Le RER A sera coup pendant un mois cet t  via @le_Parisien
RT @NAUTICALHALO: Ma mre est venue dans ma chambre, elle m'a dit "je suis au courant" elle m'a prit dans ses bras. J'y crois pas. #AlwaysInOurHeartsZaynMalik
RT @Novagraphix: Au calme, dans le froid, ppre, pas de train, pas de bus, pas de taxi. Merci la #LigneJ. Pas s'tonner si on paie plus son ticket.
RT @Numero_50: Une mouche qui s'crase sur le par brise du train et c'est toute la circulation du RER D qui s'arrte
RT @ODee_Audrey: Les 1D qui se sparent. a sent le retard de rer d  un "accident de voyageur" demain matin a...
RT @OJaylet: @AlexCrtx @LylineD mdrrrr calme toi Alex c le prnom le plus courant frre  et Aylin j aime bien mais c pas  la hauteur de OLIVIER
RT @PROFdeLyCpro: Si un pays qui dclare la guerre tant que URSS est pas au courant celui la sera considere comme un vol et le pays sera puni et maudi,#BacPro
RT @PanosBlouet: Eh les directionners suicidez vous sur le rer si possible ! Comme ca Jpeux pas aller en cours, faites un truc bien de votre vie au moins
RT @PlSatany: Ouverture du compte GL a tous ! Vous serez tenu au courant de tout.
RT @RERA_RATP: 21:48, le trafic est interrompu sur la ligne (accident grave de voyageur) #RATP #RERA
RT @RERA_RATP: 22:06, le trafic est ralenti sur la ligne (accident grave de voyageur) #RATP #RERA
RT @RERB: 13:55, le trafic est ralenti de Font.-Michalon vers Saint-Remy-les-Chevreuse (colis suspect) #RERB
RT @RERB: 14:05, le trafic est ralenti sur la ligne (colis suspect) #RERB
RT @RERB: 14:08, le trafic est perturb sur la ligne (colis suspect) #RERB
RT @RERB: 14:24, le trafic est perturb sur la ligne (colis suspect) #RERB
RT @RERB: 14:34, le trafic est interrompu entre Antony et Les Baconnets (colis suspect) #RERB
RT @RERB: 14:38, le trafic est interrompu entre Antony et Les Baconnets (colis suspect) #RERB
RT @RERB: 14:57, Colis suspect  Fontaine Michalon. le trafic est interrompu entre Antony et Les Baconnets . Reprise estime vers 15h20 #RERB
RT @RERB: Les circulat ont repris entre Antony et Les Baconnets. Le trafic reste toutefois perturb en rpercuss du colis suspect #RERB
RT @RERB: Retour  un trafic rgulier sur l'ensemble de la ligne #RERB. Incident termin.
RT @RERC_SNCF: Avant de partir du bureau, tenez-vs informs de l'tat du trafic, coutez le dernier flash!
RT @RERD_SNCF: @QueenSaraBiatch Bonjour, le malaise a eu lieu  bord du train et nous avons des procdures de scu strictes.
RT @RERD_SNCF: Bonjour @frdgthr un malaise voyageur et un incident affectant la voie perturbent le trafic jusqu'en fin de soire
RT @RERD_SNCF: Infotrafic #RERD [MAJ] Ralentissements jusqu'en fin de soire (incident affectant la voie)
RT @RERD_SNCF: infotrafic #RERD [Mise  Jour] Ralentissements jusqu' 18h sur l'axe Paris/Orry la Ville (incident affectant la voie)
RT @Rahan45500: @KealenDevis C'est pour toujours tre au courant ! :D ! Je serais en tourne dans toute la france pour mon One Man Show a partir de demain.
RT @RavenPomme: Je suis en train d'clater de rire dans le bus  cause des conneries de Nawelle. Non mais. MAIS. Matez mon #lrt.
RT @Ritaaal_: Aujourdh'ui j'vais pas en cours, y'a pas de bus en plus j'finis  9h dnc peaace sa sers a rien
RT @Roma6633: Ah oui pour vous tenir au courant, je serais de retour avec les autres nuls de l'@AllianceRainbow vers le 5 avril
RT @SamouraiDz: @Atabinoo srx ?? Non ! Bah j'le ferai au bled quand y'aura une panne de courant
RT @SamsungFR: @badrteffahioff La mise  jour Lollipop sera effectivement dploye sur #GalaxyNote3Neo dans le courant de l'anne ! :)
RT @Shaco319: Se lever  6h pour commencer  8h, courir derrire son bus et au final voir que son train est supprim. Quelle bonne journe en prvision.
RT @Sheley_Soso: Allez. Mercredi. 3 jours de suite de suppression de trains sur le #RERC
RT @Sherine_213: @FannyMplt quand je repasse sur Neuilly je vous tien au courant
RT @TAG_Grenoble: #Trafic Ligne 11 - Accident secteur Bibliothques Universitaires - Evnement termin.
RT @TAG_Grenoble: #Trafic Ligne 11. Accident secteur Bibliothques Universitaires - La ligne est dvie, dans les deux...
RT @TAG_Grenoble: #Trafic Ligne B - Accident secteur Bibliothques Universitaires - Evnement termin.
RT @TAG_Grenoble: #Trafic Ligne B. Accident secteur Bibliothques Universitaires - La ligne est interrompue entre les...
RT @TAG_Grenoble: #Trafic Ligne C - Accident secteur Bibliothques Universitaires - Evnement termin.
RT @TAG_Grenoble: #Trafic Ligne C. Accident secteur Bibliothques Universitaires - La ligne est interrompue entre les...
RT @Tanguysuxxx: Ma mre est venue dans ma chambre, elle m'a dit "je suis au courant" elle m'a prit dans ses bras. J'y crois pas. #AlwaysInOurHeartsZaynMalik
RT @Tenderly_L: - Quand je me suis rveille, plus de courant. Je me suis maquille avec la lumire du flash et j'ai pas pu me lisser les cheveux...
RT @TomekTR: #QML , le trafic est ralenti sur la ligne (accident grave de voyageur) #RATP #RERA
RT @TomekTR: #qml #rera trafic ralenti sur la ligne des retards +10/15min jusqu' 21h
RT @TomekTR: RER D trafic perturb. +15/30min  prvoir Motif : incident affectant la voie  Goussainville et malaise voyageur  Pierrefitte Stains. #QML
RT @TomekTR: RER D: trafic perturb. +15/30min  prvoir 1 train sur 2  destination de Goussainville est terminus Villiers le Bel. #QML #RERD
RT @TransportsIDF: Le #RERA sera coup pendant un mois cet t >> cc @RERA_RATP
RT @Ukpaperplanes: avec qui louis va sortir en bote qui sera dans le bus 1 avec lui qui dira  niall comment boire une soupe miso
RT @UnAsiat_Ik: Je cours derrire un bus mais sa veux pas dire que je vais courir derrire toi
RT @Valoummln: J'ai cours  8h il est 7h50 et sachant que j'ai 20 mn de bus et que je doit me prparer j'aurai cmb de minute de ,ouais all re bonne nuit!
RT @YungSiciliano: J'ai loup 2 RER  la suite quand mme
RT @_PLLNews: #SPOILER Dans le 5x25 Tanner sera au courant pour A et saura que les filles sont innocentes
RT @adericbourg: @hommemystere RT @RERA_RATP: En raison de la prsence d'une licorne sur les voies, le trafic est interrompu entre Noisy-le-Grand et Nation.
RT @bahwesh: eh mais les one direction sans zayn a pue sa mre jsais pas si vous etes au courant
RT @batgang24: @MorganeJDN askip ce serait le jumeau de Jason mdrrrr suis pas au courant
RT @blanchard_adrn: Mon pere j'crois il est meme pas au courant que j'suis scolaris
RT @cisklaye: Les coles de la Division scolaire Valle de la Rivire Rouge sont fermes.  cause d'une panne de courant et de l'tat des routes.#rcmb
RT @courseralex: Donc, en fait, le #RerC rserve les trains longs le soir. Quand il y a moins de monde. Ce serait dommage de les prop...
RT @cyrustylinsxn: "@CLePrenom: Kenza c'est le prnom d'une meuf qui cours derrire le bus mais elle le rate aprs elle marche"@Ken_Za__ PTDRRRRR
RT @demetriauregui: @NAUTICALHALO: Ma mre est venue dans ma chambre, elle m'a dit "je suis au courant" elle m'a prit dans ses bras. J'y crois pas. MDR FDP
RT @diem_ca: Problmes de #RERE aujourdhui. Alala ya pas un jour o les trains que je prends fonctionnent tous en mme temps !
RT @doce_gpto: Y a pas eu de courant de la matine au lyce, donc pas de chauffage ni de lumire ni d'ordi, le bordel
RT @drugofxhemmings: @jeromejarre SI TU ME TWEETJE PRENDS LE RER DEGUISER EN BOB L'EPONGE DANS TOUT PARIS,ET JE FINIS PAR COURIR A LA TOUR EIFFEL A POIL
RT @faguagliata: @RERD_SNCF @jphuchon @TUForg parce qu'avec les retards de trains sud je suis d'humeur taquine ce soir ! J'ai pris le tps de qq photos
RT @fdpxayne: Toute faon je pars du principe que a fait au moins un mois qu'ils sont tous au courant. a se prend pas a la lgre une dcision comme a.
RT @fhxdl_: Si le pre de spencer est pas au courant que Jason  un jumeau a veux dire qu'il est mm pas au courant qu'il a un 2e gosse #CharlesIsA
RT @france_hockey: La conf de presse tenait en 140 caractres. "On a la bote. On analyse. On vous tient au courant. Boujou chez vous.
RT @galeRERAfr: #RERA RALENTI POUR UNE RAISON INCONNUE :( ->>
RT @galoupette215: L'affichage en gare nous dit omnibus, l'affichage ds le train et la voix disent direct, bien, bien #LEVE32 #RERB
RT @hugoLry_: @C_estleprenom: Kenza c'est le prnom des meuf qui cour driere le bus mais elle le rate apres elle marche @KenzBrahim
RT @hxnnaaa: @Cute4Zayn t'es au courant que cette "pute" comme tu dis c'est ta mre que c'est elle qui t'a mise au monde qui t'as port pdt 9mois -
RT @ilimilimoney: Ma mre est venu dans ma chambre, m'a pris dans ses bras et m'a dit : je suis au courant...  #JeSuisZayn #ZaynMalik
RT @itouchpayne: vous allez voit quand zayn il aura balanc toute sa tune pour son mariage il va revenir en courant vers les od
RT @jdrw94: ils le savaient putain ils taient au courant mais ils nous ont laisss esprer et tout se finit sur un poste fb j'peux pas y croire
RT @julialambert47: Pb d' Einstein  16 ans : peut on voir son reflet en courant  la v de la lumire?,moi  17 ans : puis je mettre 11 marmallosh ds ma bouche?
RT @kenzakraemer: Certain de tes potes, t'es mme pas au courant dla moiti des choses qu'ils ont pu faire derrire ton dos
RT @levraihoroscxpe: Dans un film d'horreur, le #Scorpion serait celui qui sortirait en courant par la porte d'entre plutt que de monter les escaliers.
RT @linuxonthefluux: "@NAUTICALHALO: Ma mre est venue dans ma chambre, elle m'a dit "je suis au courant" elle m'a prit dans ses bras. J'y crois pas. " P T D R
RT @lloyduxp: @StrongxHeart et comme des connes c'est nous les dernires au courant
RT @lovefirstharry: Et demain on me fera "t'es au courant ?" Et je devrai seulement rpondre "ouais, c'est dommage, il avait une jolie voix"
RT @lunarprlncess: Quelqu'un derrire moi mange du saucisson et l'odeur me donne envie de sortir en courant et hurlant de mon eurostar pour me jeter en dessous
RT @mariegarcia_: Du coup on est tous seuls dans le bus avec mon frere et ma sur
RT @mariettesegaud: J'ai expliqu les histoire a mon pre comme sa il est aussi au courant.
RT @marinejez: Mon PRE est au COURANT pour mon COUPLE !!!
RT @meliemeliie: 1/3On parlait avec les enfants des acronymes. Je leur explique :- TGV, c'est Train  Grande Vitesse, vous en connaissez d'autres ?,- RER !
RT @mgcliff_d: On est partit apres on a refais demi tour et on leur a jet un verre d'eau a la gueule et on est repartit en courant mdr
RT @nbaextra: @okcthunder lanc  grande vitesse. @spurs sur courant alternatif avec penchant vers le positif. 8me chez 7me de la conf Ouest... 2h30...
RT @ntrodens: tout le monde sera au courant m ca mdrrr sorry mais njsuis tellement heureuse
RT @pauline_savary: Si vous vous intressez  la Mode et souhaitez vous tenir au courant des dernires actualits, je vous invite ...
RT @paynemonfdp: Mdr je connais une fille de 6eme qui a suce un mec de 4me et il a film et ses parents sont au courant a mre va l'emmener chez le gynco!
RT @plpct: Et Mallo sera la premire au courant
RT @ratp78190: RER B: le trafic a repris entre Antony et Les Baconnets des retards sont  prvoir jusqu' 17h30
RT @scxrpion: @C_estleprenom: Kenza c le prnom des meuf qui cour driere le bus mais elle le rate apres elle marche @bananapxwer tu reconai ou tu nies?
RT @shimkmb: @IamBaloGouN: Je me lve pour repasser, j'attaque le fer et voil que ecg coupa le courant. Les fdp
RT @sincelseu: La vrit avec tous ces accidents on va tous partir au bled en bus
RT @smallest_stars: Mais c'tait bien parti la tourne, il a d se passer autre chose, on doit pas tre au courant de tout, ce serait trop facile "les rumeurs"
RT @sunofod: comme d'habitude je suis la dernire au courant je suis choqu je chiale.. #AlwaysInOurHeartsZaynMalik
RT @vivian54_: Les couples qui limite baise en cours ou dans dans le bus , arrter svp
Raaah j'ai loup mon rer d'un poil de cul
Ralentissement sur la ligne D, prochain train dans 20 min wai ok
Rappel ! Aucun train ne circule entre Haussmann Saint-Lazare et Magenta. Les #RERE sont au dpart et  l'arrive de la Gare de Paris Est #KO
Rappel ! Le trafic est perturb sur l'ensemble de la ligne #RERB #BOF
Rendu en cours ! C'est pas trop tt ! ^^,J'espre que a va pas foirer comme la dernire fois, je vous tiens au courant ! ;)
Retour  un trafic fluide sur la ligne #RERE #OK
Retour  un trafic rgulier sur l'ensemble de la ligne #RERA #RATP. Incident termin.
Retour  un trafic rgulier sur l'ensemble de la ligne #RERB. Incident termin.
Rflexion matinale de ma mre : "si tu loupe le tram c'est mort tu l'a pas ....."
Rtsi pr rire t'as dit "slt beau papa"  tn prof dhistoire il t'as rep "Ah ta mre t'as mis au courant..."
Rver de son grand frre et sentir un courant d'aire alors que tout est ferm
Ryn jvai lniquer billey her embrouillarima karisiyo alors que jsu au courant d rien
Se lever  6h pour commencer  8h, courir derrire son bus et au final voir que son train est supprim. Quelle bonne journe en prvision.
Si je loupe mon bus a sera dfinitivement une journe de merde!
Si le pre de spencer est pas au courant que Jason  un jumeau a veux dire qu'il est mm pas au courant qu'il a un 2e gosse #CharlesIsA
Si mon frre est au courant je suis dans la merde
Si vous n'tes pas encore au courant, il y a une excellente nouvelle ! Le petit Younes va pouvoir tre soign grce aux nombreux dons reus.
Si vous vous intressez  la Mode et souhaitez vous tenir au courant des dernires actualits, je vous invite ...
Sinon les cours commencent dans 9 mn et le rer de 13 est tjrs pas la vive la ratp
SolrUtils::getSolrVersion - Rcupre la version courant de l'extension Solr
Suite  l'accident grave d'un voyageur, le trafic est interrompu sur la ligne #RERA #KO
Super ! Retour  un trafic rgulier sur l'ensemble de la ligne #RERA Incident termin #OK
TRACE-TM Un bus englouti par un trou au Br&#xe9;sil - Provoqu&#xe9; par une rivi&#xe8;re en
TRACE-TM Un bus englouti par un trou au Brsil - Provoqu par une rivire en crue, l'effondrement a  peine laiss...
Tenez bon ! Usagers du #RERD , armez-vous de patience ! Des ralentissements sont prvus jusqu'en fin de soire #BOF
Terrible accident de la route au #Prou entre 3 autobus & 1 camion #Peru au moins 37 tus
That accident de tram sur le campus
Toujours la dernire au courant dans cette famille de toute faon
Toujours les premires au courant
Tout  l'heure je sors de cours et j'vais prendre le bus et je vois un gars avec une gueule de gitan venir vers moi genre wtf
Tout ce que j'ai perdu en courant je l'ai reprit en mangeant
Tout va pour le mieux, trafic fluide sur la ligne #RERC #OK
Toute faon je pars du principe que a fait au moins un mois qu'ils sont tous au courant. a se prend pas a la lgre une dcision comme a.
Traffic Fluide sur l'ensemble du #RERB
Traffic Fluide sur le #RERB #RAS #qml
Trafic ferroviaire perturb  Louvain: Des navettes de bus sont en place. Tout le trafic est pert...  @MedianextTV
Trafic ferroviaire perturb  Louvain: Des navettes de bus sont en place. Tout le trafic est perturb  cause ...
Trafic ferroviaire perturb  Louvain: Des navettes de bus sont en place. Tout le trafic est perturb...  #Belgique
Train de 7h01 supprime  Cergy Prfecture. La raison ? @RERA_RATP
Train retard direction Nord #rerb #leguichet @LozeRER et aucune infos... #qml
Tu devrais tre l'un des premiers au courant et pourtant tu seras le denier.,Moi aussi j'ai pas le sens des priorits.
Tu sais que ta vie craint quand tu demande de l' aide pour porter ta valise , que ton pre et ta soeur se regardent ...et partent en courant
Tu sais, tous ces souvenirs qu'on partageait? Je les ai pitins en courant vers le vrai bonheur.
Tunivisions, Accident routier : Tmoignage accablant d'lves blesss dans le renversement du Bus sur l'autoroute
Un accident de bus fait 37 morts et 70 blesss au Prou  via @lemondefr
Un homme vient de se faire couper par le rer A  Nanterre en tombant sur le quai... #horrible
Un mouvement social perturbe le trafic des bus dans lEst de lEssonne
Un mouvement social perturbe le trafic des bus dans lEst de lEssonne,A part les enfants pour se rendre en class...
Une chose est sur qd je serais maruer une chose est sur je mettrai de l'argent de ct mme mon mari sera pas au courant
Une mouche qui s'crase sur le par brise du train et c'est toute la circulation du RER D qui s'arrte
Une partie du RER A coupe pendant un mois cet t
Une partie du RER A coupe pendant un mois cet t  via @le_Parisien
Une partie du RERAcoupe pendant un mois, cet t
Une petite fille est tombe entre le train et le quais.. #RERA
Usagers du #RERD , armez-vous de patience ! Des ralentissements sont prvus jusqu'en fin de soire #BOF
Vivement demain 19h, je sortirai de la classe en courant. Cette matire me prend la tte !
Voil comme a mon pre il est au courant ptn.
Voila ma mere est au courant .. Elle m'a meme pas engueler
Votre sang le fera pas revenir mdr vous tes au courant qu'il y a des milliers de choses + graves? #cut4Zayn
Vous avez dit qu'apparemment Louis a pleur aussi.. Ils taient dj au courant.. a doit tre la dernire tourne.
Vous voulez mon avis ? RT @lovefirstharry: En vrai a me saoule que la plante entire soit au courant pcq la plante entire va donn...
Y a pas eu de courant de la matine au lyce, donc pas de chauffage ni de lumire ni d'ordi, le bordel
Y a un accident grave de voyageur sur la ligne a
Y'en a si on les mettaient au courant de la manire dont on enlve la fourrure aux animaux je pense qu'ils rflchiraient  deux fois -
[LA PLAGE] "Tantt, courant sur larne marine,Il poursuivait les grands oiseaux de mer,,Imaginant sentir dans...
a fait au moins une semaine qu'ils sont au courant les autres, j'suis sre
a m'a soul le train ds le matin, apres j'dois encore prendre Rer D et rer A
a me fait dj pter un cble quand les gens de ma ville sont au courant de certains trucs sur moi alors la terre entire j'imagine pas.
avec qui louis va sortir en bote qui sera dans le bus 1 avec lui qui dira  niall comment boire une soupe miso
bah je vous dis la j'tais en avance j'tais vif en msg et j'ai raliser que j'ai louper le bus, du coup mon pre va menmener
bon beh pour mon bulletin j'suis priv de phone et mon pre est pas encore au courant
c'est bte mais si je pouvais rester toute ma vie dans  bus  couter dla musique jle ferai sans hesister
ce matin j'f genre j'prend mon temps et tout aprs j'v courir derrire le bus l
chaque fois je suis la dernire au courant..
comme d'habitude je suis la dernire au courant je suis choqu je chiale.. #AlwaysInOurHeartsZaynMalik
coralie protege son frere et elle est meme pas au courant qu'il y est mort #PBLV @PBLVofficiel
courir aprs son bus dfonce et voir le chauffeur se taper un gros fou rire en ouvrant la porte.
d'ici la fin de semaine l'application #TagYourCar sera disponible sur #Android pour les versions 4.2 et 4.3. Nous vous tiendrons au courant
eh mais les one direction sans zayn a pue sa mre jsais pas si vous etes au courant
en fait charles c'est le frre d'alison, et elle est pas au courant qu'il existe, sk j'ai bien compris
en plus j'ai tais la dernire au courant c'est super
faut que j'aille manger... j'espre que ma famille est pas au courant sinon ils vont en parler et je pourrais pas me retenir de pleurer
gt en eps ce matin mais en courant jme suis fais grave mal du coup le prof il m'a dit d'arrter
ils le savaient putain ils taient au courant mais ils nous ont laisss esprer et tout se finit sur un poste fb j'peux pas y croire
infotrafic #RERD : Ralentissements jusqu' 17h sur l'axe Paris/Orry la Ville (incident affectant la voie)
infotrafic #RERD [Mise  Jour] Ralentissements jusqu' 18h sur l'axe Paris/Orry la Ville (incident affectant la voie)
j'ai hte d'avoir mon permis sa mre! Courant avril inchallah
j'ai loup le bus du coup mon grand pre m'a emmen et j'ai parl vite fait de mon histoire aux filles elles taient mode fab
j'espre que jvais pas louper mon bus cette fois
j'sais trs bien que je ne serai pas au courant MOI.
j'suis vire toute la journe de vendredi, ma mere n'est tjrs pas au courant mdr c'est genant surtout qu'elle est en arret
jdisais  mn pre de courir dans l'escalier  la caserne pr mon reportage pr faire styl sauf quen lui courant aprs jme suis casse la gul
je devais passer rcuprer mes affaires mais enft jsuis rentre psk j'avais plus de batterie.. j'aurai pas tenu dans le bus sans musique ^^
je suis partie en courant dans mon lit ma mre elle me demande pourquoi je fait a j'attend juste qu'elle allume la chemine _
je suis trop forte pour ngocier (a) j'ai pu rcuprer mon phone pour la journe sous prtexte que je prends le bus
jpeux mm pas me moucher c'est trop suspect ma mre est au courant pour Zayn marre
jss outre mm mon pre il tait au courant que zayn il avait quitt la tourne
la gare de Rosny-sous-bois tous les jours tu vois plus ce type de train que des RER
la premire solution inclut 41,80  de train en plus du billet RER.,La deuxime c'est la voiture en traversant tout le 45 ou presque... 3/
le pire a sera demain au bahut les gens qui me diront "t'es au courant pour les 1d?" mais oui putain je sais.
ma mere elle est au courant pour mes crises omg
ma mre elle tait au tel et le chats il faisait que miauler, elle lui a lch un regard il a fermer sa gueule et il c barr en courant mdr
ma mre va m'emmener  mon arrt de bus du coup
mais Zayn il est courant que mme s'il quitte le groupe il sera jamais traiter comme une personne normale ?
mdr ma soeur qui vient vers moi en courant "j'ai une nouvelle couette Violetta!!!" Ptdr dj sa chambre elle est rose rempli de a piti
mme mon pre il tait au courant que zayn avait quitt le groupe avant que je lui dise ah ok
mon frre va pouvoir l'espionner pour moi l'anne prochaine, je serai au courant de tout
mon papa il m'a fait rire  table, il est mme pas au courant pour Zayn. Je l'aime fort.
mon pre qui me sort 't'es pas au courant pour demain midi??' genre trop choqu et du pis en faite il me sort juste 'jsuis en wk' le beauf
mon pre va m'offrir un cadeau bc askip mon bulletin il est bien ah mdddr j'tais pas au courant.
nn en vrai j'espre dem1 personne de ma classe sera au courant
ok donc je viens d'apprendre via un statut fb que mon frre est all  amsterdam ET JE NE SUIS AU COURANT DE RIEN
ptn faut jglisse  ma mre "c qui qui m'accompagne au rendez vous av ma pp" mais madre est pas encore au courant
putain mais la plante entire est au courant c'est dommage que les gens ne tweetent pas plus a propos de l'cologie (moi inclue) :(
sinon demain j'ai 2 convocations et ma mre est toujours pas au courant jlui dis comment mdr???
tout le monde sera au courant m ca mdrrr sorry mais njsuis tellement heureuse
vous allez voit quand zayn il aura balanc toute sa tune pour son mariage il va revenir en courant vers les od
