"@LePrenoms: Kenza c'est le prnom des meuf qui cour driere le bus mais elle le rate apres elle marche" @NoureddineKenza
"@RERB: @KaaizokuHime en rpercussion de l'accident grave, des perturbations sont ttfois  prvoir sur le reste de la ligne" jvais pleurer
"Fast and Furious 8 faut penser  arrter" depuis le 7 ya une trilogie qu'est prvue jusqu'au 9 faites pas ceux qu'taient pas au courant..
"Le relev des notes du deuxime semestre sera distribu le 18 juin" vous tes au courant que pour la plupart on sera plus sur Grenoble ?
"Le trafic reprend mais reste perturb", c'est  dire que ton train annonc 10mn plus tt vient d'afficher "retard", au cas o. #RERB
"Ma jeunesse a la couleur des trains RER C pendant l'trajet jrvais de percer" 05 dcembre  Bercy #92i #madfinition
"Ma jeunesse a la couleur des trains, RER C pendant l'trajet j'rvais de perer" #discdor #chauffement #DUC #92i 0
"Nan mais enfaite vous tes pas au courant mais le ministre de l'intrieur il a dit on fume pas de beuh avant 26ans les gars"
"et amne ta musique aussi "euh oui EXO ? Boram ? Eric Nam ? Block B ? J't'amne ce que tu veux coute xP,Ils vont A-DO-RER
"j'enfile ma robe bleue, je passe un coup de peigne et je suis prte en une minute" = le RER arrive dans une minute. #10 mnPlusTard
#AlerteEnlevement J'espre que vous tes tous au courant ... Beaucoup de courage pour cette fille
#Colis suspect  #Cit Universitaire. Trafic #RER B perturb.
#Guaino fait rire : si le gvnmt n'avait rien dit et via une fuite on ait t au courant il aurait dit que le gvnmt nous cachait la vrit !
#InfoTrafic suite&gt;accident routier Nangis. Circulations trains &amp; bus:le ven 24 avril
#InfoTrafic suite&gt;accident routier de Nangis. Circulations trains&amp;bus le ven 24 avril
#InfoTrafic suite>accident routier Nangis. Circulations trains & bus:le ven 24 avril
#InfoTrafic suite>accident routier de Nangis. Circulations trains&bus le ven 24 avril
#Perturbation #RERA Prvoir jusqu' 30 minutes supplmentaires de trajet, dans les deux sensFin des ralentissements estime  [1/2]
#Perturbation #RERB En raison d'un accident grave de voyageur, #TraficInterrompu entre les gares Chtelet-Les Halles et Luxembou [1/2]
#Perturbation #RERB En raison d'un accident grave de voyageur, #TraficRalenti sur l'ensemble de la ligne.
#Perturbation #RERB En rpercussion d'un accident grave de voyageur, #TraficRalenti sur l'ensemble de la ligne.
#Perturbations #RERC, le train GATA en gare de EPINAY-SUR-SEINE, et  destination de MONTIGNY-BEAUCHAMP est #Retard
#Perturbations #RERC, le train GATA en gare de SAINT-GRATIEN, et  destination de MONTIGNY-BEAUCHAMP est #Retard
#Perturbations #RERC, le train MONA en gare de BOULAINVILLIERS, et  destination de MASSY-PALAISEAU est #Retard
#Perturbations #RERD, le train FACA en gare de GARE-DE-PARIS-NORD, et  destination de GOUSSAINVILLE est #Retard
#Perturbations #RERD, le train FACA en gare de MONTGERON-CROSNE, et  destination de GOUSSAINVILLE est #Supprim
#Perturbations #RERD, le train ZOPO en gare de JUVISY, et  destination de MELUN est #Retard
#QML #RERC [Mise  jour] Reprise progressive du trafic entre Pontoise et Montigny Beauchamp
#QML #RERC [Mise  jour] Trafic ralenti entre Paris et Pontoise jusqu' 21h (suite au pb lectrique)
#QML #RERD [MAJ] Trafic ralenti sur l'ensemble de la ligne jusqu' 23h (accident de pers + incident PN) :
#QML Un feu au abords des voies  Achres-Ville ne permet pas la circulation des trains entre Cergy/Poissy et Nanterre-Prfecture.#RERA
#QML le trafic est toujoues interrompu entre Chatelet-Les Halles et Luxembourg. Reprise estime  19:00. (accident grave de voyageur) #RERB
#RER B dabord terminus Laplace puis train suivant terminus Denfert.,Quand la #RATP arrtera de prendre les gens pour du btail
#RERA #RERB #RERC #RERD #RERE Trafic super instable ce soir sur la rgion parisienne
#RERA De nouveau ralenti : incident affectant la voie  Conflans Fin d'Oise. Voir dtail sur
#RERA Pourquoi ????! Annoncer un train qui ne s'arrte pas en gare !? #ML #RETARD
#RERA Ralenti de Noisiel vers l'ouest : malaise voyageur +++
#RERB #blancmesnil de nouveau arrt  quai pour rgulation du trafic.
#RERB ralenti : accident grave de voyageur  Dtail sur
#RERC RER B interrompu, je prends le RER C pour Massy. RER en retard et finalement terminus Juvisy. A Juvisy, train suivant bloqu en gare.
#RT 16:52, le trafic est interrompu entre Chatelet-Les Halles et Luxembourg. Reprise estime  19:00. (accident grave de voyageur) #RERB
#RT 17:04, le trafic est interrompu entre Chatelet-Les Halles et Luxembourg. Reprise estime  19:00. (accident grave de voyageur) #RERB
#RT 18:19, le trafic est interrompu entre Chatelet-Les Halles et Luxembourg. Reprise estime  20:00. (accident grave de voyageur) #RERB
#RT Infotrafic #RERC [Mise  jour] Trafic interrompu entre Pontoise et Montigny Beauchamp jusqu'en fin de soire
#RT Infotrafic #RERC [Mise  jour] Trafic ralenti entre Paris et Pontoise jusqu' 21h (suite au pb lectrique)
#RT Infotrafic #RERD [MAJ] Trafic ralenti sur l'ensemble de la ligne jusqu' 23h (accident de pers + incident PN) :
#Rerb incomprhensible. Coup  St Michel, mais un train vide vient de passer  Denfert sans arrt vers le sud (quai bond bien sur),
#TRAFIC #RERE les trains de 9h16, 9h46, 10h16, 10h46... de #Chelles vers #Haussman sont supprims cause travaux @RERE_SNCF >14h46
#ligneP en vrac, #RERB coup sur Accident grave de voyageurs, probleme lectrique sur le #RERC et #LIGNEH c'est un beau bordel ce soir #qml
#qml : 07:19, le trafic est ralenti de Noisiel vers Cergy/ Poissy /St-Germain-en-L. (malaise voyageur) #RATP #RERA
#qml : 14:26, le trafic est interrompu entre Denfert et Laplace (colis suspect) #RERB
#qml RER A - FORT IMPACT , le trafic est interrompu entre Maisons-Laffitte et Cergy/ Poissy (dgagement de fume) #RATP #RERA
#qml on va avoir un nouvel affichage des trains en gare des grsillons du @RERC_SNCF juste aprs la ligne de contrle \o/
#rerE #garedunord un train tous les 30min #travaux #ligne #peinture condamnant 50% largeur du quai ... Top organisation !
#rera @TUForg @quoimaligne feu de talus  Acheres-V les trains vers Cergy sont terminus Sartrouville (19h11)
*TUM DUM DUM* Un autobus en feu sur l'autoroute 720 cause un ralentissement de service. D'autres messages suivront
-fait peur  mon pre et j'suis parti de la cuisine en courant et en criant
.@IMG2ASCII Bus accident
.@RERB mais bon sang! Arrtez avec ces tweets automatiques. Mme si l'incident est termin, le trafic ne sera pas rgulier avant des heures!
.@petrosilpanda @Vertumne1 @Le_magnOo @robertMdeLyon Je suis  je me fous du courant chrtien de l' est mon frre,point.
07:13, le trafic est ralenti entre Noisiel et Cergy/ Poissy /St-Germain-en-L. (malaise voyageur) #RATP #RERA
07:19, le trafic est ralenti de Noisiel vers Cergy/ Poissy /St-Germain-en-L. (malaise voyageur) #RATP #RERA
07:19, le trafic est ralenti de Noisiel vers Cergy/ Poissy /St-Germain-en-L. (malaise voyageur) #RATP #RERA via @RERA_RATP
11:24, le trafic est interrompu entre March St Denis et GARE DE ST-DENIS RER (obstacle sur la voie) #RATP #T1
11:24, le trafic est interrompu entre March St Denis et GARE DE ST-DENIS RER (obstacle sur la voie) #RATP #T1 via @T1_RATP
11:43, le trafic est ralenti entre Cergy-Le-Haut et Nanterre-Prefecture (incident technique) #RATP #RERA
11:43, le trafic est ralenti entre Cergy-Le-Haut et Nanterre-Prefecture (incident technique) #RATP #RERA via @RERA_RATP
14:26, le trafic est interrompu entre Denfert et Laplace (colis suspect) #RERB
14:26, le trafic est interrompu entre Denfert et Laplace (colis suspect) #RERB via @RERB
15:01, le trafic est interrompu entre Laplace et Denfert (colis suspect) #RERB
15:01, le trafic est interrompu entre Laplace et Denfert (colis suspect) #RERB via @RERB
15:07, le trafic est ralenti sur la ligne (colis suspect) #RERB
15:07, le trafic est ralenti sur la ligne (colis suspect) #RERB via @RERB
16:52, le trafic est interrompu entre Chatelet-Les Halles et Luxembourg. Reprise estime  19:00. (accident grave de voyageur) #RERB
16:52, le trafic est ralenti sur la ligne (accident grave de voyageur) #RERB
16:52, le trafic est ralenti sur la ligne (accident grave de voyageur) #RERB via @RERB
17:04, le trafic est interrompu entre Chatelet-Les Halles et Luxembourg. Reprise estime  19:00. (accident grave de voyageur) #RERB
18:19, le trafic est interrompu entre Chatelet-Les Halles et Luxembourg. Reprise estime  20:00. (accident grave de voyageur) #RERB
18:53, le trafic est ralenti sur la ligne. Reprise estime  20:00. (accident grave de voyageur) #RERB
18:53, le trafic est ralenti sur la ligne. Reprise estime  20:00. (accident grave de voyageur) #RERB via @RERB
19:18, le trafic est interrompu entre Maisons-Laffitte et Cergy/ Poissy (dgagement de fume) #RATP #RERA
2015/04/23 - RER D - Bus tomb en panne sur un passage  niveaux + Personne heurte par un train => 10  30 minutes de retard
20:11, le trafic reprend progressivement entre Nanterre-Prefecture et Cergy/ Poissy (dgagement de fume) #RATP #RERA
20:11, le trafic reprend progressivement entre Nanterre-Prefecture et Cergy/ Poissy (dgagement de fume) #RATP #RERA via @RERA_RATP
20:21, le trafic est ralenti sur la ligne (dgagement de fume) #RATP #RERA
20:21, le trafic est ralenti sur la ligne (dgagement de fume) #RATP #RERA via @RERA_RATP
40 site de Minustere piraree.Le plus grave c'est que certains ministre n'taient mme pas au courant du piratage.
7h05 Je verifie les horaires sur appli SNCF. RAS Super. 7h14 arrive gare de Montgeron. Train supprim #rerd merci @RERD_SNCF @jphuchon
: L'incident  ST-Michel est toujours en cours et le trafic est toujours interrompu entre Chtelet et Luxembourg.#RERB via @RERB"
: Putin , pourquoi mon pre me rveil juste aprs que j'ai louper mes 2 bus j'aurais pue encore dormir jusque 10h00 le prochain est a 11h30
@4a8ffbcd2957436 La il y a des choses qui me son arriver que je serais incapable de redire il y a que 2 prsn qui sont au courant
@70sdevries mais enft il est pas au courant que quand on envoie des questions et qu'on lui envoie "??" Il faut qu'il Rep a la question
@AMarieDussault je doute fort de votre dernire affirmation. Ramassez-vous . Twitter n'est pas une ligne d'coute pour soigner vos nvroses
@Alex31s31 Tqt aucun spoil, si tu as vu celui de la semaine dernire tu es au courant que l'affaire avance
@Alice_Tiflette @Moipa_ nos contrleurs sont il au courant de votre situation irrgulire de titre de transport ?
@AndreaBrizions tu au courant que y'a de la ressemblance avec toi quand tu te met  chanter ? renseigne toi c'est peut tre 1 frere  toi
@AngelicaCallu @ClaireMsn certes j'espre bien . Tu me tiens au courant Clairette si tu tombes sur une vaches sympathique hein?
@AntoniaOfficiel C'est sincre! Je n'tais pas au courant que tu y serais, j'ai t agrablement surpris!
@Beri468 Manif de quoi ?? J'ss mme pas au courant
@Beyoursays Moh comme c'est mignon ! Je te tiens au courant ^^ Je vais bien finir par cder avec ces deux mois de stage qui arrivent
@Biaise tu vas rire mais ma mre a vu les photos mais n'est pas au courant de l'article :D
@BlazellLIFE Es-tu au courant de ta nomination pour le Lucky Dfi dans notre dernire vido ?
@BllmZoe ok bah je serai la 3me au courant cet aprem
@Bushi_Nina ahah tu seras bien vite au courant jpense tkt pas elle sera venir t'en parle toute seule
@C4ndyFresh wallah genre mon frre il aurait un beau cul et je suis pas au courant? C'pas POSSIBLE
@CALLOUX3 @RERB @O_Spring encore de l'argent jet en l'air, jms vu 1 seul train sur ce quai et les dlestages sauvages continuent  Laplace
@CarterPower Et puis mon pre n'tait mme pas au courant de qui c'tait, ralala...
@Caviarman25 @vittoriarisi @tuttosport @TERA1PATRICK lol ! J'tais dj au courant !
@CecileFrn Heu pourquoi j'suis toujours la dernire au courant quand il se passe un truc chez nous ?
@CharlesCHT @SaraMenai moi c'est mon frre, donc il a fallu aller a contre courant  un moment donn
@ClaireJacques_ tait-elle au courant ? Chaque sorte de bire se boit dans un verre diffrent
@Clara_Alice8 le train qui est derrire nous s'est prit un sanglier, des conducteurs ont coup le courant, du coup on pouvait plus avancer
@ClemSportLife Bien reu, merci ! Nous vous tenons au courant :)
@Clement_Stas @StanTheCoolege heureusement pas en vrais... Tu serais partit en courant tellement elle est chiante
@ClovisBouvy @Remi_Smon je suis au courant de votre pari bidon
@CmAlbn l'une de mes meilleur reccontre twitter on c'est parler 2 minutes et le courant est passer j'espre te voir un jour <333333333333333
@CopiesEleves sinon vs tes au courant que la Section d'Assaut (S.A) tait la premire arme NAZI d'Hitler
@Darchen_ Cool cool, tu me tiendras au courant, mais y a 2 semaines o je serais pas dans le coin en juin
@David_RAM0S Bonne nouvelle ! Merci de nous avoir tenus au courant. Si le problme survient  nouveau, n'hsitez pas  revenir vers nous.
@Davidovski__ si on pouvait me mettre au courant svp ce serait gentil
@DerinMateo j'espre troP mais chepo encore jte tiens au courant
@DestroyFUT @MrKaLaShHDYT juste a suivre mon twitter et tu sera au courant ta skype
@DugnyL tient au courant frr j'espre que tu l'as eu
@DylanChatelain_ c'est vrai que c'est courant de culbuter 3 filles par d'accident
@Elisadurant @kipzolie @loiccognet1 @remibaudin @CkiCmoi @NGourd vous tiens au courant...Ce sera srement une autre un peu plus grosse
@EllesfontduVelo @Velocity2015 On y sera aussi ! On vous tiendra au courant de tout en live tweet ! #vloholandais
@Empireaddict peut tre qu'elle parlait des lectrons? Parce que le courant c'est du + vers le - et les lectrons du - vers le +
@FJGG224 au courant de ? Mdr et vazi je t'envoie un MSG mtn mme sorcire
@FilleElectrique je ne suis pas sre car a tombe juste avant mes partiels, je te tiens au courant!
@FinisFrance Je suis vos comptes FR et EN donc je serai au courant, et cest avec plaisir! ;-)
@Flohapb_mine tu seras le premier au courant! Entre blond et roux... c'est nouveau a vient de sortir
@G_A_bitbol Je pense qu'il y a matire  exploiter avec le grand canyon et canon (les appareils photo)... tiens moi au courant !
@Ghysal t'es chaud?a serait pour courant septembre,j'regarde qui est chaud car faudra que je rserve
@Grabuge1er genre tu viens en soire ici et moi je suis pas au courant
@GroupeRATP @RERB @Matignon A quand les portes obligatoires sur les quais des trains, par mesure de scurit ? Comme sur la ligne 14 par ex.
@Gugustt Je serai kpin dvt la TV. gspr que #CIE ne sera pas ds le courant de ma vie. Cc @In_Chocolate @Manibella4ever @JoseyOfficiel
@HanzoIwakami Par contre quand il y'aura un forum ce sera sur ! Je tiendrai au courant.
@Helofluffy J'espre que tu trouveras ton bonheur :) Tiens moi au courant
@Her0brine225 tkt je suis au courant x)
@HosniKenza j'espre aussi tqt tu seras la premire au courant
@IsaBelle_Off @sweetheartsissi @GIRACKENDJI Faut que je supplie ma mre maintenant ,Tu me tiendra au courant :)
@IsiNice94 Vas y je pense que je vais passer je suis chez ma mre la je te tien au courant
@JJBourdin_RMC @RMCinfo c'est quoi ne pas cder  la peur ? Ne pas partir en courant ?
@JaffalMoms Nan tqt pis je t ai deja dis que si y a un bail t es le 1er au courant
@Jirayalecochon pk tu a pas prvnu que tu t a la gare de montpellier je serais venu en courant ;) :/ ;(
@JodorowskyVIII NON MAIS JODOW j'espre vraiment que a ira tient moi au courant
@Jonamaths @RERD_SNCF j'ai vu des trucs plus marrant :) genre tout les trains dans 1 min
@Juuliette Je ne sais pas encore je n'ai pas reu la convocation. Je te tiens au courant ! Merci bb
@KG_ASM Mais je t'en prie, merci  toi de lire tout a, a fera une personne de + au courant.
@Khyorie si c'tait le cas je pense que je serais au courant. xD
@KingthedarkDhn certains vnements sont en prparation et auront lieu en mai ! Vous serez bien videmment mis au courant :) A trs bientt
@KurtHummel_HD *Ferme ma valise et toune la tte vers en riant quand je te vois toujours indcis devant le dressing*T'es au courant qu'on-
@LLeffondre22 *va vers elle en courant* Qu'est ce qu'il y a !?
@LePrenoms: Kenza c'est le prnom des meuf qui cour driere le bus mais elle le rate apres elle marche @Kza_Grch
@Licorn_KingSoul Je sais, mais mon pre a pas l'air d'tre au courant... Mouton parmi les moutons ._.
@Linaaa56 C'est a.. Et puis quand tu regarde avant Paga il aurait annonc  Tonin en 1er l il est meme pas au courant de ce qui va arriver
@LittleModelMa a sera courant Mai pour Mato
@LoisyLudivine ce serait au top !! Tu me tiens au courant !
@Lorenarpgtw T'es pas srieuse ? *La regarde en carquillant un peu les yeux* J'suis mme pas au courant, Cora m'a rien dit sur son frre
@LowAn @DonMiza_ tqt prochain cours jtenverrai a! (Tqt apoline aka enillas pour les intimes ne sera au courant de rien!)
@Lyriax_ mouais du coup je verais. Tu me tiens au courant si t achte des billets de train train
@Maevaa92 mme ma mre tait au courant
@MaghrebiFeynman Mme Al Azhar considre le chiisme comme un courant de l'islam. Qui tes vous pour les exclure ? @moouds @Elotmanisaad
@Marie_Hmd pour evite les accident selon eux et sa retarde les metro aussi les gens qui tienne je croi
@Mariie_Bensetti @Al_TotaBensetti mdrr nan fin mon pre va finir par le savoir faon , dans 2s'maines il est au courant mdrrr
@Mariie_Bensetti @Al_TotaBensetti mon pre est au courant de rien mdrrrr
@Marion_MyAnh je vais essay de te trouv un beau shooter avec miami ecrit dessus ;) t'inquiete tu seras au courant de tout ;)
@Marre_motte a me fait plaisir mais j'aurais voulu avoir mon papa aux commande du train  @RERC_SNCF @CyrilouSan
@Martin_Papineau Si Cloutier est pas au courant de la magouille Bouchard lui y participe volontiers l'indpendance lui coterait de l'argent
@Marwanou_ c'est bon j'ai supp personne sera au courant , puis c'est rien  assume un peu PD
@Mataa59 tu t'en fou ta mre est au courant elle peut rien dire tant que c'est justifier
@Mathichaton L'anne dernire j'ai du rentr chez moi  pied, en plein t parce que le tram avait eu un accident, j'ai march 1h30 :/
@MikeRpgfal - elle rit- c'est vrai. - elle part teindre la lumire et reviens en courant-
@MineServCommu Le TS n'a pas encore :S merg... heureusement que twitter est la pour tre au courant des dernire info :3
@MissssFarah suite  un colis suspect e le trafic est extrmement perturb @laurentgallois #RERB
@MounaahB @78_212 @Marzouz_22 mdr vs feriez mieux de tous partir en courant avant d'vous prendre une claque de grizzli a 90km/h
@MrBackToSleep @DoctorChu_ tu serais au courant si tu lisais  on en en parl.,Mais t'as pas lu vu que tu tais au lyce.
@NALBOO_ pour certains qui ne seraient pas au courant, harclement et violation de vie prive (affichage de photos) sont punis par la loi..
@NaylaRoz tu vois la? c'est trop !!! La Mere n'est pas au courant que l'autre fils et le petit sont morts
@Ninouche2109 Awww, tu me tiendras au courant de touuuuut ! J'espre que tout ce passera :D
@OfMaximeG au cas ou tu serais pas au courant c'est pour faire passer un max dans ce genre de situation, parle pas quand tu sais pas
@OneD_TilTheEnd tu me tiens au courant j'espre trop que c'est sa
@Pauline_chz j'serais la, tu m'prviens juste vers quel date tu sera la que j'sois au courant et que j'puisse tre trkl pour sortir
@Petitbateaubleu oui en courant, pour la premire fois de ma vie
@Pipolino_90 @LRB___ Mdr toutes solidaires avc moi a fait plaisir! Trs bien je retiens! A ma premire lessive je vous tiens au courant
@PostBadCaralhoo @B_ELchz T'es au courant qu'il va pas finir sa carrire au Ral? J'ai dt 2ans parce qu'il va bouger aprs
@QueensChristine Actionner le soufflet, l'air fait place  la  la pression des doigts libre le courant d'air comme la plume 1/2
@RERA_RATP Bonjour, le trafic est interrompu pour aller  Cergy. Pouvez-vous nous en dire plus? Merci
@RERA_RATP alors maintenant vous prenez mme plus la peine de donner vos heures de passage. C'est surprise. Aucun train ne passe  l'heure !
@RERA_RATP aucune information sur le passage des trains. Plus aucune annonce. Ne soyez pas bte d'arrter le trafic aux heures habituelles!
@RERA_RATP bonjour, on nous signale un trafic ralenti en direction de mlv/Chessy  Auber
@RERA_RATP c qd que vous arrterez de mettre des trains tellement pourris pour boissy qu'ils ne dpassent pas la dfense ? Bande d'escrocs
@RERA_RATP le trafic sera t il fluide un matin? Peut on l'esprer ?
@RERA_RATP noisiel est avant Noisy le grd en direction de Paris, pas de train pd 15 min et vous dites regul de traffic !! Service de merde !
@RERA_RATP ya plus de train depuis 45mn mais c'est le dernier train qd mme et il n'arrive pas... Dans ce cas, on bosse plus tard comme nous
@RERB 18:19, le trafic est interrompu entre Chatelet-Les Halles et Luxembourg. Reprise estime  20:00. (accident grave de voyageur) #RERB
@RERB @CALLOUX3 si un train se retourne quai 3 il pourrait prendre des voyageurs vers le sud ?
@RERB Aucun train ne circule depuis Chtelet pour rejoindre la banlieue sud ?
@RERB Bonsoir, les trains circulent-ils  nouveau entre Chtelet et Luxembourg? Bon courage!
@RERB Est-ce que le trafic de Denfert Rochereau en direction du Sud est normal?
@RERB Et que voulez-vous dire prcisment par accident d'un passager ?
@RERB La reprise du trafic est prvue  quelle heure ???
@RERB Mais P***** vous venez de dire de le trafic est revenu a la normale sur l'ensemble de la ligne, c'est quoi cette blague?!!!
@RERB Merci ! Encore 2h30 dans des transports o les gens se battent, o les usagers sont traits comme du btail ! Ligne de merde !
@RERB Pour aller depuis La Plaine-ST-Denis vers Chatelet, est aussi coup?? Merci en avance
@RERB c'est plus que ralenti : aucun train en direction de Robinson et + de 20mn d attente en gare de cit universitaire pour avoir 1 rer !
@RERB depuis le sud, les trains s'arretent t'ils  Denfert Rochereau ?
@RERB donc pas de terminus gare du nord ou chtelet? Sinon ne disons pas que le trafic est rgulier et l'incident termin.
@RERB est-ce qu'il y a des trains  Denfert Rochereau qui vont  Massy Palaiseau?
@RERB est-ce que a ralentit le reste de la ligne ?
@RERB et maintenant je reois une notification de la RATP qui me confirme que tout est coup entre Chtelet et Luxembourg. Qui croire??
@RERB gnial...  faisait longtemps... J'espre que le traffic aura repris d'ici  19h30/20h...!
@RERB il n'a toujours pas repris  Chtelet Les Halles . Train stationne en gare , vide .
@RERB ils sont ou les trains  denfert direction du sud ???
@RERB je suis dans le RER en station La Courneuve. Bloque depuis 10min. Le trafic va t il reprendre sur la branche Nord? Merci
@RERB le quai a denfert est bond et vous faites passer des trains sans arrts ...
@RERB le traffic entre Gare du Nord est il ralenti ? Y a t'il des suppressions ? Mon RER part vers 18h30 vers Roissy
@RERB le train de saint Rmy est a l arrt en gare de Massy depuis 10 min. La conductrice a fini son service et il manque son collgue.reve
@RERB mettez nous un train  denfert. Vous avez l'air dpass par les vnements. A quoi sert ce 3e quai BORDEL
@RERB on peut savoir pourquoi les trains sont terminus denfert ???
@RERB pas possible de faire Gare du Nord -> Bourg la reine du coup?
@RERB si jvous comprends bien les trains rodnt entre chatelet et mitry?
@RERB tous les trains sont terminus denfert ??
@RERB votre application marque que le trafic est normal. Faut vous mettre d accord avec vous mme...
@RERC_SNCF  bord du train en effet. Merci d'avoir pris en compte. Bonne journe.
@RERC_SNCF #rerc oh ben vous embetez pas avec moi j'ai du coup t oblige de rester chez moi.....Et demain a donne quoi??
@RERC_SNCF @jfoucry @R1Rail euh  Champs de Mars les trains de 6 voitures sont en affichage train court
@RERC_SNCF @jfoucry @R1Rail on mavait dit linverse. 6 voitures = court pour que les gens naient pas  courir. Cest du bonus. @macinside
@RERC_SNCF A priori ils ont supprims les trains omnibus Bretigny-Juvisy pour allger le trafic, on nous a pas dit pourquoi en gare nn plus
@RERC_SNCF Bjr! Je crois avoir perdu mon porte-feuille ds un train entre Alma et BFM... Vs pouvez m'aider ? #oops
@RERC_SNCF Bonjour, cela explique pourquoi j'ai pas de train pendant plus de 30min  Ste Genevive ?
@RERC_SNCF bjr! Vous pouvez me rassurer en me disant que le SLOM de 8:12  bouray est bien un train SLOM et non un Sara? Merci d'avance !
@RERC_SNCF bonjour est ce qu'il y a des trains  Neuilly Porte Maillot en direction de Montigny Beauchamp ?
@RERC_SNCF ce matin aucun train ne partait de franconville...
@RERC_SNCF en fait je ne sais pas quel trajet prendre vu le trafic !
@RERC_SNCF et demain matin ce sera aussi le bazar le trafic ?!?
@RERC_SNCF et en plus la plupart des trains sont indiqus terminus ermont eaubonne vers pontoise et vs dites que ca circule
@RERC_SNCF et encore le bazar avec des trains retards  issy val. Affichage dans le dsordre de sorte que l'on ne sait pas quel train/quand
@RERC_SNCF il n'y a plus de train en direction de Neuilly Porte Maillot ?
@RERC_SNCF invalides pour issy - train a l approche puis repasse a 4mn - fonctionne bien votre systme.
@RERC_SNCF les rer et les trains roulent ils entre ermont et franconville ?
@RERC_SNCF soyez pros, precisez que le reste de la ligne ne marche pas non plus. Pas de train pdt 40 min a st gratien #qml
@RERC_SNCF: train en stationnement  juvisy sans information claire, que se passe-t-il ?
@RERD_SNCF Plus aucun train pour Gare de Luon et 0 annonces  #Juvisy ! Je comprend plus rien.
@RERD_SNCF accident sur la B et la D craque ?,A cours d'argument.
@Remi_M5 @IceRace il est ptet pas au courant
@RomagnaniMatteo Bonjour, votre hte nous ravit. Vous serez tenu au courant de nos nouveauts en temps voulu. Trs bonne journe
@RowenaSRP *La regarde, tonne* Tu sais monter  cheval toi aussi ? Je n'tais mme pas au courant ! (Vu que c'tait rare  l'poque) -
@SNCF_Direct Bonjour, est ce que c'est possible de prendre le train de Paris Gare de l'Est jusqu' Troyes ou je dois prendre le RER?
@SNCF_Direct Oui cest a (si Transilien = RER) mais du coup je prendrai le RER o ?
@Sabiha_B Je suis arrive  St Michel ND, RER arrt au dbut de la voie, flics qui ferment le quai, "accident grave de voyageur"
@Scissorisback @LeMonsieurUK @RERB mon train a saut. J'y serais pas avant 20h30 :/
@SecretStory_TFl je te tiendrais au courant !! Avec tout ce qui se passe en ce moment j'espre aussi saine et sauve
@Shinjikuja pour aller vomir dedans ! XD,Ou sinon tu aurais pu sentir les vibrations du rer percuter le loup (?) Avec ton chakra :p
@SiirFaRfan En tt cas la saison 2 ca va pter d'entre pck dgun est au courant qu'Andr il a tuer oncle Vermon mdrr
@Socratesino cest trs limit, disons que c'est un bon passe temps pour le train/rer car Ca bouffe pas la batterie. Mais 8/9 quoi
@SorianoPoulpe tu pourras pas etre au courant de truc sur les series que je suits avant moi dsl
@StaanGse Je te tiendrai au courant frre
@TAWHlD alayki salam. Wa fiki baraka allah. J'espre que a va t'aider. Tu me tiendra au courant. In sha Allah.
@TIGZIRT82 le procureur tait au courant pour les affiches PS mensongres colles aprs vendredi minuit sur les panneaux ? @AsnieresDsintox
@TarekAbsa Je trouve que c'est l'un des seuls conomistes qui osent mettre le doigt l o a fait mal sans adhrer  un quelconque courant
@Tatatand @soraya_0 aprs c est abus la meuf on dirait elle est tague comme un train de la ligne D du rer
@TcedTY Ah gars mdrr tu me tien au courant frre
@Test_osterone Salut, oui a sera pour trs bientt. Je vous tiendrai au courant sur les rseaux sociaux !
@TfaisPasKetchup  tt l'monde est au courant de a mais elle la dit en 1er genre c ecrit sur mon front
@TopAchat ah, j'espre, je suis rassur ^^. Je vous tient au courant ;)
@Toximityx elle sera publiee semqine pro. Tiens moi au courant stp. Bonne soiree
@Vavamani @ImGreatAmbition rire !! et cst courant a, vs savez de quoi moi aussi je parle !
@Vince_XXII du coup j'tais pas au courant non plus !! (Je vais pouvoir lcher Daredevil qui agit en somnifre sur moi.)
@WYN_Real_Madrid henry exagere sur ce coup l'euphorie du match il ne sait plus quoi faire et en courant il mobtre le doigt vers CR7
@WalkTheLlne_ jai mis au courant mon pre
@Wks_69 tiens c'est ce que j'ai rencontr dans le RER  Nogent (H ou F ?), sans doute suivi par coute internet : en tout cas ca fait peur
@YNOMS_Adeline Youpi on prendra le RER ensemble mdrr
@YannRJ il y a des choses dont je prfre ne pas tre au courant @Amk84000 @Parisdix
@YoYoMiss22 @Aimie__Rgr ah mierda je suis pas au courant..
@YourQueenWZ *le chat reviens vers toi et grimpe sur ton dos pendant qu'il se casse en courant mort de rire*
@Ysatis_S @Carolinement_ elle a t la premire au courant ;P
@Zakhulie euh il risque de me sauter dessus en chantant perso jte laisse rire moi jpars en courant ok?
@_Marilya_ Merci de nous avoir tenus au courant. En esprant que cette erreur ne refasse pas son apparition.
@agathe_glrm mais tkt en cas de ppin tu seras au courant
@alienxgrier au fait, teo courant que today c'est ton anniv ? ( PTDRR DSL CT POUR LA BLAGUE DE " TEO " ME RENIE PAS STP )
@alung J'espre que ton employeur est au courant. @dormiraubois
@aly_camille tu seras au courant de tout et en premire !
@anton_ricard Pas vendredi soir, ni samedi soir, je te retiens au courant Riri
@balibulle_feed votre premier ministre sera au courant des bonnes nouvelles ce soir  #Dublin......
@barcelonaise_ pas loin du stadium :) tu me tiendras au courant! je suis sre que a va aller!
@bouyguestelecom oui je le ferais et je vous tiens au courant ! Merci Stphanie
@caledosphere @vaeafrog Vous tes mchant  Caldoshre, on sait trs bien que personne n'coute RRB. Le Rump n'tait pas au courant.
@cameliahasni c'pas grave c'est juste la photo de classe et l'anne dernire c'tait la mme organisation, mme palette tait pas au courant
@curtisbastos On a payer le mtro pour rien et on a loup la dernire rame d'une minutes, du coup bus time
@cyblesoleil souverainet progresse ? Est-il au courant pourquoi le PQ s'est fait jet dehors au dernire lection ? Allo !!!!!
@damonrpgmuh (mdrrrr mais il est tar) *se relve l'air nervax et le propulse contre les casier grce au courant d'air*
@dylanrpgmuh -par en courant pour se protger ,pleure comme jamais et tremble en pensent  toi et  ses souvenirs -
@edwyplenel @franceculture tre  ce point  contre courant relve de lhrosme !
@eva_lemooine ptnnn faut jvois avec ma mre att jlji envoie un sms jte tiens au courant
@fleuredecoton_ Quand je suis venue  Paris avec mon copain on t perdu  00h35 on avait loup le dernier RER et on a prit un taxi
@fuckinkong @poneyfacile ha ouais rare dition du coup, bref tkt t'fais comme tu veux haha t'es au courant qu'il est en vente!
@galeRERAfr traffic #RERA en direction de Cergy interrompu  partir de Sartrouville pour cause de "feu de talus"
@herolien io, toi quest plutt au courant pour les RER. Si jai bien compris la dame du guichet, je devrai faire demain Troyes-Langueville
@hugxharreh Okay, moi je suis au courant de rien! x) ,Le jeudi c'est pas sre que je soie l (si je passe le vendredi)
@jacerpgsmi -elle secoua la tte en courant aprs toi, te tirant vers elle en prenant ta main, parlant sans s'en rendre compte a quelques_
@jacobement ok tu pourras me tenir au courant stp ? Ce serait mon rve d'y aller
@jfoucry @RERC_SNCF Un CIME ce matin. Mais c'est systmatique: 3 longueurs de train (4, 6 ou 8) mais 2 indications, 6 et 8 sont "longs"
@k3v_95_ @LigneH_SNCF Ns vs conseillons ds ce cas de prendre le bus 95 afin de rejoindre Montigny ds 1er tps puis train ligne H. Bon courage
@katrinarpgnohs _vent autour de toi, en courant d'un ct puis de l'autre, se cachant derrire une porte.-
@kkkyoan ta mre tait au courant que tu fumais?!!
@legouterdenanie En courant. Tu seras bien chauffe comme a.
@lucybinet61 t'inquites maintenant ds qu'il se passera quelque chose tu seras la premire au courant
@ludoriann Ce qui parait inconvenant aujourd'hui sera courant demain en France. Vous pariez?
@mariiieuh ME GUSTAAAA on fera d'une pierre deux coups entre se voir & passer une bonne soire! On se tient au courant!
@matou_mata Mdrrr orh a va ! Nan mais chez mon pre le miel c'est pas courant
@megaremdog14 j ai parler d avancement quand XD?Mais oui t en fais pas:3 tu seras au courant de tout. Mais peut tre de rien si y a rien :3
@melindiia_ ton nez il est plus long que un train long du RER D
@noixdecajouille je serais  vry,du coup c'est quel RER??
@ntmellark jte tiens au courant parce qu'on a des gens  rcuprer lol
@ntmlloyd CELUI QUI EST SUPER POTE AVEC LA MRE DE LA FILLE VIENT DE TWEETER QU'ILS TAIENT LES PREMIERS AU COURANT
@olicharpy ah mince tu ne la pas commande  lheure douverture :( ben je te ferai une petite vido pour toi :) et tiens-nous au courant
@olitremblay @rdimatin Faudra nous tenir au courant des blessures de Ciman et Hassoun. Et aussi qui sera le gardien le 29???
@ovh_support_fr bien reu, merci. Tiens-moi au courant pour le mail de confirmation du transfert STP
@princessenenou j'etais meme pas au courant depuis Abd je me suis pas renseigne pv fb ma belle je te rara
@rera_ratp si le conducteur du train bloqu  #Nanterre voulait bien faire une annonce on serait ravis.
@richie3366 @IceRace @DweEroz @Remi_M5 @MrElvilia ouais moi aussi, aprs moi je ne suis pas au courant des orientation de chacun,
@romina_brk putain je serais tellement capable la, a sonne je pars en courant
@sacrecharlemagn La description qu'il fait du pdagogo courant partout dans sa classe serait risible si elle n'tait pas pathtique...
@sarahmercadante @RERA_RATP ah ben si puisqu'ils ont dcid de rouler un train en plus contrairement a ce qu'ils disaient :)
@sexuarold c une rumeur mdr En dirait vs tes au courant de leur vi entire vous savez mme pas c quand la dernire fois y on bz arrt :/
@silankt pas ttes loin le ravisseurs a flipper il la laisser elle est partie en courant dans premire maison quel a vue
@snyderjulie Elle pourrait tre un beau sujet au Banquier 19 jrs ds le comas accidents frappr par un autobus stsm  15 ans en philo etc !
@soupa_sewedo t'imagine elle dit rien ensuite le frre dcouvre par lui-mme. Et il apprend que sa soeur tait au courant depuis.
@stefappriou Euh !!!!Tout le peuple ou les lois  la cons meurtrire ?Je radote , je sais c 'est  cause du gros mot.,C ' est pas courant
@stonesht ok mais eux ils s 'attaquent a toi au cas ou tu serais pas au courant
@stopthathuman de rien, quand il s'agit d'alcool je suis au courant mdr bye ma psy serait fire de moi
@tarzharold Bien entendu tu seras la premire au courant
@thi_loup qui sait... tant qu'ils se blessent pas , on ne sera pas au courant #cdanslair
@tite_manon Ah oui je veux bien voir sa mdr tkt elle sera pas au courant
@tresoruiz @_Miryam91 Je suis au courant tqt, une partie c'est lui et l'autre c'est son frre
@tweet_ajm @Thierry_PELTIER a ce rythme bientt tu seras seul dans ton courant de pens
@valentindaloyau Elle sera dploye sur ce modle dans le courant de l'anne ; nous n'avons pas plus d'informations pour le moment !
@vassilyOLALA ah t'es parti en courant chez ta tante mr esquiver tn pre finalement?
@voyel_ si j'ai des infos tu seras la premire au courant !
@wingsoflirry c'est pas obliger de mourir quand tu t'touffes j'espre que t'es au courant AVANT DE M'AGRESSER
@xMelMelissa Mddr eh beh demain tu les reverra sauf que la tu va tracer tout derrire dans le bus dans la sombritude
@xPrOdGz T'es au courant que toi t'insulte tout le monde (pour rire) et moi je TE le fais et tu y prend au srx?
@ydbunks c est quand mme la 2me fois que a arrive! Sauf que la 1er fois c tait plus grave pcq le train  emporter le bus sur son passage
@ydbunks le passage  niveau d Ormoy est ferm et le train est arrter mais il n y a pas de bus
@youmsito Ca marche j'pense courant semaine prochaine le temps que ma mre le fasse o/
@zoodelafleche #saisonauzoo Le meilleur moment de mes journes  J'espre tre de passage au zoo courant mai  YES !
A chaque fois cest la premire au courant
Accident de la circulation dans la priphrie de Douala. Un bus en partance pour l'Ouest #cameroun
Accident de personne  Saint-Michel + signal dalarme  la Courneuve Aubervilliers Cest la 1re fois que le RERB me fait ce combo.
Accident de personne sur le #RERB ... Les tweets des gens sur le sujet on en parle ? #individualisme #tristegens
Accident de personne sur le @RERB  #StMichelND a va coincer...,#qml
Accident du train de nangis donc mon bus plein 2 jours d'affiler de je suis laiss sur le ct, prochaine fois je fais un forcing
Accident grave de voyageur  Saint Michel. #RERB
Ah Naruto a a repris aujourd'hui j'tais mme pas au courant
Aie ! Le trafic est ralenti entre Paris et Pontoise jusqu' 21h . Courage les amis !,#RERC #OK
Aie ! Trafic interrompu entre Corbeil-Essonnes et La Fert Alais, jusqu' 20h #RERD #KO
Aie ! Trafic interrompu entre Pontoise et Montigny Beauchamp, dans les deux sens, jusqu' 18h ! #RERC #KO
Alerte ! Trafic interrompu entre Maisons-Laffitte et Cergy/ Poissy sur le #RERA #KO
Alerte enlvement en cours diffuse sur crans ligne @RERC_SNCF en le de France.
Alors l'accident de bus juste avant de passer un entretien j'avais encore jamais eu.
Apparemment accident entre tram et voiture rue de stalle donc pas de 4 ni de 97 ni de 98 #stib
Aprs avec Shana on est partie en courant et il tait toujours derrire nous a chaque fois qu'on bougeais il venait
Aprs un colis suspect , maintenant grave accident de voyageur aprs qu'est ce qu'il y aura sur la ligne du #RERB ?
Attention ! Pour cause de travaux, le courant sera coup demain matin, le 24 avril, entre 9h et 11h rue de la Sorgo
Attention ! Pour cause de travaux, le courant sera coup demain matin, le 24 avril, entre 9h et 11h rue de la Sorgo.
Attention accident sur l'A7 en direction de Marseille, 50 m avant la sortie Hpital Nord, un bus Car Treize est...
Au cas o vous ne seriez pas au courant parce que jai pas vu les infos en parler, des chercheurs ont modifi lADN dembryons humains.
Aujourd'hui j'me suis fait draguer dans le bus et dans le train starf premire fois de ma vie
Avec @J0yinKankrela et les filles je crois, j'ai rev qu'on tait en bus ou train et qu'on allait voir un truc en pleine nuit avec des gens-
BIENVENUE SUR LE RER E, LA LIGNE QUI NON SEULEMENT TE PROPOSE 1 TRAIN TOUTES LES 15 MIN MAIS S'AUTORISE DES PTITS KIFFES D'ATTENTES DE 30MIN
Bc ce matin dans le bus il a capter que a allait pas et du coup il essaye de me faire rire et tout
Beh heureusement ils parlent frre ; cst pas toi qui m'aurais mis au courant conasse
Bien ma grotte? Gintama a repris et j'tais mme pas au courant D:
Bilan actuel sur les trains / RER de la #RATP. Deux lignes particulirement dans le viseur RER A et RER B  @Slate
Bon bah je suis dans le bus coinc vu qu'on vient d'avoir un accident....
Bon ben c'est le bazar sur le #RERB : accident de Voyageur... toute la ligne est bloque cc #qml
Bon ben voil encore une fois jsuis toujours la dernire au courant
Bon je vais aller prendre mon bus a la gare avant dernire journe de cours aprs vacance :)
Bonjour @RERA_RATP, c'est normal que les pompiers soient en cours d'intervention, que le trafic soit interrompu et que vous restiez muets ?
Bonjour @RERA_RATP, tu confirmes l'interruption de trafic en pleine journe oklm entre Rueil-Malmaison et Nanterre-Prefecture ?
Bonjour, Jacques vous souhaite un bon trajet sur le #RERA, et vous informe de l'tat du trafic #RATP
Bonjour, Louiza est avec vous pour vous renseigner sur lvolution du trafic sur le #RERA. Bon trajet. #RATP
Bonsoir @RERB ! Le trafic est interrompu dans les deux sens ou seulement en direction du sud ? Merci et courage :)
Bonsoir @RERB les trains commencent a circuler a LUXEMBOURG ou denfert?
Bravo  @auroreberge qui vient de crer un nouveau courant politique avec son tweet qui mle apocalypse et #MariagePourTous: la Droite molle
Bref aprs on rentre dans le RER tout sa on arrive au Bourget le conducteur il dit "Petit accident nous devont rester stationner " #22
Bus ne veux tu pas ralentir ??!
C'est anormal de commencer un "entrainement" en courant 10 minutes sans s'arrter sous peine de recevoir 30 sec de +.
C'est quoi aujourd'hui entre #hal et #brainelecomte? #ic1737 au ralenti. Encore un bus rat  #mons. @SNCB
C'est tellement la pagaille sur la ligne A du RER qu' 1h du matin pass, il y a encore des trains  Nation.
C'est une grosse blague, deja que je devais finir  17h00 et j'ai fini  17h45 ensuite je vais prendre le rer B y avait un accident
C'soir avec les sacs la valise et tout dans l'bus et dans l'train sa va tre la galre en pls y'a qu'anna et moi
Ca me dgote le bus vivement que je rcupre la toum
Ce couple force tellement qu'ils peuvent mme pas se sparer sinon tout internet sera au courant
Chute d une ligne catenaire a pontoise aucun train pour Paris prevoir RER A
Comment sa soule d'avoir dla famille sur fb mdr il commente tout! Ma mre elle me repete tout ce que je publie comme si gt pas au courant
Con de sa mre les grves des bus,j'en n'ai marre vraiment marre demain jvais pas en cours c bon c forcing  la fin
Consultez notre dernire newsletter pour vous tenir au courant de nos nouveauts :
Courage les amis ! Le trafic est toujours perturb sur la ligne #RERD #KO
Courant d'aire n1 et 2! Des gows un peu sre #onvoitlesvrais
Courant mai on repasse sous l'aiguille
Courant. Lumire.
Dans le hall elle est arrive en courant vers moi quand elle m'a vu comme dans cet tat, a m'a tellement touch.
Demain jdois tre au lyce  9:00, j'y serais jamais jv louper le rveil et le bus terrible
Demain je devais sortir ma mre ma donne 2 pour le bus vu que je suis pauvre mais je sors pas finalement je les gardes mdrr oups
Demain jvai a Stalingrad me repercer ensuite faut que j'aille rcuprer Dan au Metro vu que je vais plus dans la cit
Demain la 1re qui sort de la tente pour faire un tour dehors, j'la rattrape en courant j'la balaye et elle rentre c'est compriiiis mdr
Des prises dans le train !
Dis M. RER, aprs toutes ces annes, tu n'as tjs pas trouv un moyen efficace de traiter les malaises sans emm... tt le monde pd 2h ?
Donc en 2015, dans la France du tiers-monde, un feu de talus interrompt dans les 2 sens le trafic de la ligne la + frquente d'europe.#rerA
Dormir moins de 6h, partir en retard, courir aprs le RER en talons... Joie et bonheur du jeudi matin !
Du coup ma mre m'emmne se matin au lyce et je rentre en bus
Du dbut  la fin je serais au courant de leur histoire  ceux ci limite jla connais mieux qu'eux meme mdrrrrr nn quand meme pas tc
Eh j'ai jurer le RER D a chaque fois que je le prend y a que des galres de train retards et tout ptn
Eh je sais pas ce qui se passe je suis entoure de fille toute grande toute maigre l je suis sre y'a un complot, je vous tiens au courant
En vrai @EloiseVasseur m'a un peu remis au courant de tout ce qu'il se passe, cette aprm
Encore : avion, bus, mtro, train, marche  pieds. Et je serai de retour chez moi.
Enfin ils ont remis le courant
Entendre du bruit dans la chambre de sa mre, aller voir, voir une gupe, partir en courant et fermer la porte
Entendu sur le @RERA_RATP : "Ce train a pour DESTINATION FINALE Saint Germain en Laye". D'aprs vous, je descends tout de suite ?
Entre le gamin qui fait des allers-retours ds l'escalier en courant du matin au soir et le pre a fait 1h qu'il essaie de dmarrer sa moto
Esske vous tes au courant j'ai dormi vers 5h du matin j'me suis rveille  08h43 la il est 10h06
Et le train court  8:04 c'est cadeau? Concrtement a lui change quoi au chauffeur de conduire un train long ou court?!  #rerE @RERE_SNCF
Excellent : "@CyrilleL12: @JacquesJPMartin Mme Pcresse rpare les trains ?,#RERA panne "
FRAJERMAN Laurent. Les frres ennemis. La Fdration de lducation nationale et son courant unitaire sous la 4eRpublique
Faire changer les gens de quai et partir sans les voyageurs merci le train SLOM a juvisy #rerc #qml
Faut arrter de s'arreter pendant 3h a hdv les bus. Ca me fait peter les plombs merci j'ai rater mon train
Faut m'expliquer pq ma mre est au courant que ya eu baston au lyce lundi et qu'elle sait la raison et tout alors que moi je savais mm pas
Finalement le train sera terminus Chtelet, ce qui me va trs bien #RERB
Fuyez mes braves... Aprs le colis suspect, c'est le combo avec l'accident grave de voyageur. Fuyez.
Genre c'tait horrible quand Jackson tait dans le bus qui venait d'exploser et que Kepner courait vers le bus en criant et que son
Genre chez mon pre y'a un jacuzzi et j'tais pas au courant.
Godbout et Tardif n'taient pas au courant que le projet serait revu. #Sherbrooke
Hey RER B! Colis suspect  laller, accident au retour.Trafic interrompu OKLM. Franchement tas tabass mon RER D like a fuckin boss.
Hier dans le RER j'ai vue a quel point mon pre tait protecteur wayee ptdr un garde du corps
ICAR02, affich WPLquelquechose en tte de train, est devenu IDIL63  Massy! #TraficNormal #RERB
Il n'y a pas de lumire  Yaound parce qu'on a coup le courant dans la centrale technique d'ENEO, pluie oblige
Il pleut et le courant est parti. A peine le vent avait-il souffl et les premires gouttes taient-elles tombes que la lumire disparut!
Il prvoit s'quil veux j'suis mme pa au courant jle sais a la dernire minute j'suis obliger d'y aller
Il s'est fait chopper par les keufs il a fait courseulles sur mer jusqu' langrune sur la plage en courant pour les semer
Il tait temps ! Retour  un trafic rgulier sur toute la ligne #RERA #OK
Incident grave entre Chatelet et Luxembourg. Trafic perturb #RERB
Infotrafic #RERC [Mise  jour] Reprise progressive du trafic entre Pontoise et Montigny Beauchamp
Infotrafic #RERC [Mise  jour] Reprise progressive du trafic entre Pontoise et Montigny Beauchamp  via @RERC_SNCF
Infotrafic #RERC [Mise  jour] Trafic interrompu entre Pontoise et Montigny Beauchamp (pb lecrique) jusqu' 18h
Infotrafic #RERC [Mise  jour] Trafic interrompu entre Pontoise et Montigny Beauchamp (pb lecrique) jusqu' 20h
Infotrafic #RERC [Mise  jour] Trafic interrompu entre Pontoise et Montigny Beauchamp jusqu'en fin de soire
Infotrafic #RERC [Mise  jour] Trafic ralenti entre Paris et Pontoise jusqu' 21h (suite au pb lectrique)
Infotrafic #RERD : Fin des ralentissements entre Paris-Melun/Corbeil (bagage abandonn)
Infotrafic #RERD : Le trafic est ralenti entre Paris-Melun/Corbeil jusqu' 17h (bagage abandonn) :
Infotrafic #RERD : Le trafic est ralenti entre Paris-Melun/Corbeil jusqu' 17h (bagage abandonn) :  via @RERD_SNCF
Infotrafic #RERD : Trafic interrompu entre Corbeil-Essonnes et La Fert Alais, ds les 2 sens, jusqu' 20h (pb PN) :
Infotrafic #RERD : Trafic ralenti Paris-Melun/Corbeil Essonnes, Paris-Orry la Ville jusqu' 21h (accident de pers) :
Infotrafic #RERD [MAJ] Trafic ralenti sur l'ensemble de la ligne jusqu' 23h (accident de pers + incident PN) :
Interruption du trafic sur #ligneH et #RERC : la circulation ne devrait pas reprendre avant 17 heures, selon la SNCF
J'ai des sacres bonnes sources moi, j'arrive tjrs  tre au courant des dernires nouvelles
J'ai dit j'ai fait une main courante  mon frre il as sortit " une mains courante, c du courant dans la main
J'ai envie de vomir, mon RER est a l'arrt et quand je regarde par la fentre Ya un cadavre de loup (?) ...
J'ai louper mon bus a cause de ma mre
J'ai pas loup le 1er bus
J'ai perdu ma carte de bus le 1er jour des vacs, je sais qui l'a, c'est bientt la fin des vacs, je l'ai tjrs pas rcupr
J'ai quand mme trouve le moyen de me prendre la tte avec une vieille en courant ce soir... #salecaractre #tourdulac #tousdescons
J'ai vu de la lumire dans la cuisine j'ai cru j'avais oublie de l'teindre j'ai vu une ombre jsui partie en courant
J'aimerais bien entendu toquer a ma porte et te voir toi, devant moi, sans que je sois au courant. Mais c'est beau de rver ...
J'annonce officiellement mon depart de chez @PulseFrench courant Juillet. Le nouveau Responsable Graphique sera annonc  ce moment ;)
J'avais pleurer de joie pendant la nuit. A 9h la fnac ouvre. Enfin. Julie rentre en premire. En courant. La dame nous demande -
J'coute eye of the tiger dans le RER, ya du soleil et je vais m'offrir un rouge  lvre pour fter mon stage. Posey
J'en ai marre de ce putain de RER C de fils de pute de merde aucun train niquez vos mres
J'espre juste qu'il est au courant et qu'il a reu mon message
J'espre que le rer D  pas d'accident comme d'habitude !
J'me suis niqu la cheville en courant mon pre a du venir me chercher en voiture
J'tais dans le RER en pleine heure de pointe et mon ventre il a gargouill de toute sa puissance, tout le train a su que j'avais faim ptn
J'tais trop gn pour dire bonjour  sa mre, j'pense qu'elle est au courant donc a m'a fait bizarre...
JCROIS mon pre il est mm pas au courant que j'achte les places demain ://
Je comprend toujours pas l'accident avec le Bus, j'suis choqu
Je cours dj pas pour mon bus, alors c'est pas pour courir derrire les gens!
Je ferais semblant de te croire quand parfois je sais que tu mens, je ne ferai mme pas d'histoires si tes ex reviennent en courant
Je galre, je m'ennuie putain #metro #ralentis #sinonconseillezmoiunjeu #jaimemepasdhashtag
Je m'ennuie  mourir dans le bus, surtout qu'on avance pas  cause de ce putain d'accident
Je prie pour : avoir un accident de bus
Je sais pas relis tes messages peut-tre tu seras au courant du pourquoi du comment.
Je sens qu'on va louper le bus si ma mre se dpche pas
Je serais au courant de tout
Je serais pas au courant du tirage avant 14h demain :| J'espre on va tomber sur "el equipo de Dios" selon Ramos. 2 matchs a domicile.
Je vais passer le week chez marie tout est prvu sauf mon pre il est pas au courant
Jsuis meme pas au courant ma mere elle m'dit rien mais moi j'abandonnerai jamais de ma vie si ma sur disparaissait
Jv pter un cble ptn il prviens du jour au le demain si nn il est au courant que j'ai une vie et que j'en ai rien a branler de lui
L'autre, c'est le neveu du mari de la cousine de mon arrire grand-mre. Il a jou 9 matchs avec l'EDF et a marqu 4 buts, avec R. Copa oui.
L'incident  ST-Michel est toujours en cours et le trafic est toujours interrompu entre Chtelet et Luxembourg.#RERB
L'incident  ST-Michel est toujours en cours et le trafic est toujours interrompu entre Chtelet et Luxembourg.#RERB via @RERB
LE.COUP DU BUS! J EN PLEURE DE RIRE MDRRRRRR
La dernire fois que j'y suis alle, ya 2 ans, j'ai du sauter d'la voiture alors qu'on tait sur la route et rentrer chez ma mre en courant
La ligne #RERE nous affiche un trafic rgulier ! #OK
La ligne 3 du tramway de Marseille reliera Castellane  Euromd. Actuellement en cours de ralisation [...] livraison prvue 1er juin 2015.
La petite fille a t retrouver pour ceux qui serait encore pas au courant, enfin une bonne new.
La premire fois je suis passe  ct de deux gars en courant et j'en avais rien  faire  #TheWeightProject
La prof et sa soeur voulaient pas se quitter, elle nous  suivi derrire le bus en voiture au moins 10min et la prof courait aux fentres
La seule meuf coince dans l'ascenseur lors d'une panne de courant c'est qui ? C'est moi bien sre !
Le #RERB c'est le train du dmon ... jamais il fonctionnera correctement une journe entire.
Le RER B est encore en vrac. Je suis force d'aller boire un coup au troquet en attendant que a remarche. Pffffffff
Le RER C il rend ouf ils peuvent mme pas afficher les trains correctement il affiche des trains fictifs wsh
Le RER D pire train qui existe
Le RER de l'angoisse, une meuf en talon vient de traverser le wagon en courant suivie 2mn + tard par un type bourr..
Le bus il est pas passer momo elle a appeler ils on renvoyer le mauvais bus du coup j'appelle mes parents pers rep on se demande  quoi
Le moteur  courant continu..
Le portail de chez moi est mort du coup oblig de prendre le bus. Je reviens 3 ans en arrire.
Le trafic est interrompu entre Chatelet-Les Halles et Luxembourg jusqu' 19h00 sur le #RERB #KO
Le trafic est ralenti sur la ligne #RERB . Reprise prvue  20h #BOF
Le trafic reprend doucement mais surement sur le #RERC #OK
Le type fonce au volant et repart, la mre arrive en courant. On est hbt on en parlera plus jamais 5/
Les accident de RER  Paris y'en a tout le temps a m'tonne pas  chaque fois on entend "suicide" "accident grave" "colis suspect" etc..
Les circulations reprennent trs progressivement entre Chtelet et Luxembourg. Le trafic reste malgr tout perturb sur l'ensemble du #RERB
Les meilleurs quand je l'coute j'ai envie de soulever des RER.
Les rapeur qui disent "tchikibra" en 2015 vous avez loup le RER de quelle heure
Lger courant. #joginbretagne
Louper son RER d'un poil de cul a cause d'un mec qui prenait 3heures a monter un escalier. Devoir attendre 20min le prochain
Ma jeunesse  la couleur des trains, RER C pendant l'trajet j'rvais de percer
Ma jeunesse a la couleur des trains, RER CPendant ltrajet jrvais de percer ,#MaDefinition
Ma motivation pour aller en cours c'est que je dois passer recharger ma carte de bus pour quand Emma sera l et je pourrai pas aprs.
Ma mre elle a achet des kinder et jsuis aps au courant ptn c quoi cette famille
Ma mre elle est mme pas au courant que c'est les vacances... Je fais quoi d'elle ??
Ma mre elle tait mme pas au courant que j'avais une soire demain
Ma mre est au courant pour mon copain mdr
Ma mre hier "imagine ton bus a un accident ou il tombe en panne" mdrr elle est plus stresse que moi elle :')
Ma pote en + d'avoir perdu son sac dans le RER  Paris, y'a aussi eu un accident grave ds le RER B, on a du prendre une autre correspondance
Mais mon train passe pas la pourquoi sa perturbe tout les autre ligne
Mdrw hier je suis rentr vers 23h car il y avait pas de tram j'ai du prendre le bus j'avais pas la force pour courir donc j'ai rat le 1erbu
Meteo du #RER (#ratp) : KO () 23/04/2015 a 09:33 Trafic normal sur l'ensemble ...
Meteo du #RER (#ratp) : OK () 23/04/2015 a 08:57 Trafic normal sur l'ensemble ...
Meteo du #RER (#ratp) : OK () 23/04/2015 a 10:33 Trafic normal sur l'ensemble ...
Meteo du #RER (#ratp) : OK () 23/04/2015 a 21:30 Trafic normal sur l'ensemble ...
Meteo du #RER (#ratp) : OK () 24/04/2015 a 00:09 Trafic normal sur l'ensemble ...
Meteo du #RER (#ratp) : OK () 24/04/2015 a 00:33 Trafic normal sur l'ensemble ...
Mon 1er tatoo j'ai attendu 3ans avant de me lancer toute ma famille tait au courant limite ils m'ont pouss  le faire tlmt j'en parlais
Mon bus est arriv avec 7min de retard, si je loupe mon autre bus je serait deg
Mon chat il m'a mordu et tout je me suis demand si il jouait, aprs il est parti en courant comme si j'avais insult sa mre..
Mon frre il laisse des mots en allemand sur le tableau... Est ce qu'il est au courant qu'il est le seul  parler allemand ou pas ?
Mon frre regarde Les Anges... Je coupe le courant quand ?
Mon pere est au courant
Mon pre j'crois quil est pas au courant qu'on a des voisins
Mon pre va me faire connatre une certaine Lola, j'viens d'tre au courant
Mon voisin dit a sa mre : "maman on a coup une coupure de courant a l cole aujourd'hui"
Mon voisin il vomit dans les escaliers cs tellement sexy.. J'espre il est au courant que cs lui qui va nettoyer
Nanterre : un adolescent tu dans un accident avec un bus  via @le_parisien repose en paix Mehdi
Non mais en vrai hein ENEO abuse avec Nkolbisson. Le courant ne peut plus faire ne serait-ce que 12h de temps dans ce quartier? Depuis 14h?
Normal que mes frere tienne le courant . Ils se sont fait tazer
Oh tiens... Accident Grave de Personne sur le #RERB comme c'est tonnant.
On a pris le bus il a fais un accident
On dirait vos RER ils se font la comptition, celui qui a le plus de problme il a gagn ! @GroupeRATP
On reoit un colis pour mon pre on est pas au courant et c'est une manette de Xbox. Euh... WTF?
Oups ! L'arrt n'est pas marqu  Cite Universitaire #RERB #KO
Oups ! Le trafic est ralenti sur les axes Paris - Melun / Corbeil Essonnes.,Paris - Orry la Ville jusqu' 21h #RERD #BOF
Oups ! Prvoir 10  15 mins supplmentaires de trajet, sur l'axe Paris - Melun / Corbeil Essonnes, dans ce sens jusqu' 17h ! #RERD #BOF
Oups ! Prvoir jusqu' 30 mins supplmentaires de trajet, dans les deux sens sur l'axe Paris/Cergy le Haut, jusqu' 14h #RERA #BOF
Pardonnez ce trait de perfidie mais des heures et des heures de galre dans la ligne 13 mrite une compensat #tweetPrcdent @Ligne13_RATP
Pas besoin d'tre une rivire pour mettre tout le monde au courant. Si j'tais un LIVRE, j'aurais mis tout le monde au Coran !
Pas de bol ! Trafic interrompu entre Pontoise et Montigny Beauchamp, dans les deux sens ! #RERC #KO
Pas de chance ! Le trafic est interrompu entre Laplace et Denfert #RERB #KO
Pas de chance ! Suite  un malaise de voyageur sur la ligne #RERA, le trafic est ralenti sur cette ligne #BOF
Pas de trains encore et encore ! #RERA
Plus rien ne perturbe le trafic sur la ligne #RERB #OK
Pontoise/Montigny : la panne lectrique paralyse le trafic du RER C et de la ligne H
Pontoise/Montigny : la panne lectrique paralyse le trafic du RER C et de la ligne H  via @le_Parisien
Pontoise/Montigny : la panne lectrique paralyse le trafic du RER C et de la ligne H,Grosse pagaille, toute la jo...
Pontoise/Montigny : la panne lectrique paralyse le trafic du RER C et de la ligne H: Grosse pagaille, toute l...
Pontoise/Montigny : la panne lectrique paralyse le trafic du RER C et de la ligneH
Possder 1 compte courant conduit  1 inclusion financire + large pour ceux actuellement exclus du systme bancaire
Prvisions de reprise de service sur le @RERC_SNCF = Script de calcul du temps restant pour une copie sous Windows
Ptn c'est mon frre qui est mme pas chez moi qui me met au courant
Ptn ce matin on a encore eu un accident de bus
Ptn pb de rer sur la ligne B... Si je loupe le dbut, je passe en mode Hulk jfwlhfnzjs
Ptn ya toujours des accidents dans le rer b
Putin mon bus il etait en retard a cause d un accident et la c est le metro qui bouge pas a cause d un incident
Quand mon beau pre lui en a parler, elle a fait genre, qu'elle tait pas au courant, et ensuite elle a dit qu'elle voyait pas comment -
Quand ont taient bloqus dans la pice et que le mec il est venu en courant vers nous j'avoue j'ai fais caca
Quand une personne te dis qu'elle te tiendras au courant.. C'est qu'elle ne le fera certainement pas.
Quel prochain train du @RERD_SNCF passera en voie 41 ? Vous avez quelques minutes !
RER A : Trafic ralenti +30min  prvoir jusqu'a 13h ~ incident affectant la voie  Conflans Fin d'Oise. #qml #RERA
RER A : trafic ralenti. +15/30min  prvoir feu aux abords des voies  Achres Ville (incident termin). #qml #RERA #lignel
RER A: des trains auront pour terminus  La Dfense suite  un incendie prs des voies  Achres Ville
RER A: le trafic est perturb entre Maison Laffite et Cergy le Haut suite  un incident technique  Conflans Fin d'Oise
RER A: le trafic interrompu entre Nanterre Prfecture et Cergy le Haut et Poissy suite  un feu prs des voies  Achres Ville
RER A: le trafic reprend progressivement entre Nanterre Prfecture et Cergy/Poissy
RER A: voil pourquoi d  l'interruption du trafic
RER B IMPACT FORT - MAJ : Luxembourg-Chtelet interrompu. accident de personne  Saint-Michel Notre Dame. Reprise vers 19h~ #qml #RERB
RER B IMPACT FORT : Denfert-Paris Nord interrompu jusqu'a 19h ~ accident de personne  Saint-Michel Notre Dame. #qml #RERB
RER B accident de personne nike bien tes morts
RER B: le trafic est extrmement perturb suite  un colis suspect en gare de Cit Universitaire les trains auront pour terminus DenfertR
RER B: le trafic est perturb suite  un colis suspect en gare de Cit Universitaire dans les 2 sens de circulation la gare est non desservi
RER B: le trafic reste perturb suite  un accident grave de voyageur  Saint-Michel Notre Dame
RER B: suite  un accident grave de voyageur  Saint-Michel Notre Dame le trafic reprend dans les 2 sens
RT #RT Infotrafic #RERC [Mise  jour] Trafic interrompu entre Pontoise et Montigny Beauchamp jusqu'en fin de soir
RT @AlexRunRun: @RERC_SNCF soyez pros, precisez que le reste de la ligne ne marche pas non plus. Pas de train pdt 40 min a st gratien #qml
RT @AmineElPhenomen: Pas besoin d'tre une rivire pour mettre tout le monde au courant
RT @AnthonyGuilbert: Et arrtez de dire "accident grave de voyageur" c'est ridicule soyez honnte et dites que c'est un suicide et voila @RERB #RERB
RT @AyoubElHamel1: Au bled c'est des niqu jsuis dans un bus de voyage ils nous repasse les matchs de l'Algrie de la coupe du monde
RT @BChrgl: Courant d'aire n1 et 2! Des gows un peu sre #onvoitlesvrais
RT @BENACHMA1: @RERB Mais P***** vous venez de dire de le trafic est revenu a la normale sur l'ensemble de la ligne, c'est quoi cette blague?!!!
RT @Banquemondiale: Possder 1 compte courant conduit  1 inclusion financire + large pour ceux actuellement exclus du systme bancaire
RT @BeignetRose: Ce couple force tellement qu'ils peuvent mme pas se sparer sinon tout internet sera au courant
RT @CarreauxB: Et le train court  8:04 c'est cadeau? Concrtement a lui change quoi au chauffeur de conduire un train long ou court?!  #rerE @RERE_SNCF
RT @Chaashouw_: Il est pas au courant cmt Ems il me protgera pas dans ce genre de situation ..
RT @ChefDuVillage01: @Gugustt Je serai kpin dvt la TV. gspr que #CIE ne sera pas ds le courant de ma vie. Cc @In_Chocolate @Manibella4ever @JoseyOfficiel
RT @Chibromasseur_: tes vous au courant que les cimetires ne sont pas des lieux de shooting pr vos horribles photos de beaufs
RT @ClemLeBaroudeur: Bonjour @RERA_RATP, tu confirmes l'interruption de trafic en pleine journe oklm entre Rueil-Malmaison et Nanterre-Prefecture ?
RT @Cpn_Audrey: @LittleModelMa a sera courant Mai pour Mato
RT @Directionersjul: @CmAlbn l'une de mes meilleur reccontre twitter on c'est parler 2 minutes et le courant est passer j'espre te voir un jour <333333333333333
RT @Elodie_Anna: On arrive  Houilles, aucune annonce  bord du train que le trafic est interrompu et que le train est terminus Sartrouville #qml #rera
RT @FBleu1071: Trafic coup entre Pontoise et Montigny sur @RERC_SNCF et @LigneH_SNCF : pas de reprise avant demain matin, bus de remplacement.
RT @FBleu1071: [Transports] Trafic interrompu RER C et ligne H au dpart de Pontoise jusqu' au moins 15h. Dfaut alimentation lectrique. Prendre Ligne J.
RT @FaresOuiCmoi: Je comprend mtn Pk Kennedy dans le son "nique sa mere" il disait "nique sa mere les contrleurs dans le bus dans le train"
RT @Fentyasmine: @LePrenoms: Kenza c'est le prnom des meuf qui cour driere le bus mais elle le rate apres elle marche @Kza_Grch
RT @Floriane__D: La petite fille a t retrouver pour ceux qui serait encore pas au courant, enfin une bonne new.
RT @FnaticYellOwStR: @Test_osterone Salut, oui a sera pour trs bientt. Je vous tiendrai au courant sur les rseaux sociaux !
RT @FoisLucas: @malikapersonne @Bmesrimes sa mre et une de nos amie, elle nous a appel , les chane ne sont pas encore au courant
RT @GambassApar: Le #RERB c'est le train du dmon ... jamais il fonctionnera correctement une journe entire.
RT @HabiibouQlf: Moi et mon ptit reuf on faisais semblant de se battre et quand notre pre il venais en courant on faisais genre y'avais rien qu'il tait fou
RT @Haby221: "J'cours pas aprs mon bus tu crois que j'vais courir aprs toi" cette phrase me soule on tape tous des sprint derrire le bus donc stop
RT @Halalbook: Le bus dune quipe marocaine de football fait un terrible accident : 2 joueurs dans le coma,
RT @Harolddicted: Ma motivation pour aller en cours c'est que je dois passer recharger ma carte de bus pour quand Emma sera l et je pourrai pas aprs.
RT @Heaven_Made_Me: Les meilleurs quand je l'coute j'ai envie de soulever des RER.
RT @HxBenjo: Le portail de chez moi est mort du coup oblig de prendre le bus. Je reviens 3 ans en arrire.
RT @InesBgc: Galriens du #RERA & #RERB, @VincentMnV rpond aux questions que vs vs tes toujours poss sur vos lignes de train
RT @InfraNicola: - Tenez, un mdicament qui aide  prvenir le rhume et la grippe.,- Non merci, je prfre qu'ils ne soient pas au courant de mon existence..
RT @IsaSenecal: Le RER B est encore en vrac. Je suis force d'aller boire un coup au troquet en attendant que a remarche. Pffffffff
RT @Issatouuu: @FJGG224 au courant de ? Mdr et vazi je t'envoie un MSG mtn mme sorcire
RT @JoyauxOlivier: Pont de louvres - rer D - les travaux de terrassement en cours ct voie Dir
RT @JujuLaMouette: Trafic fortement perturb depuis un bon 20min direction Cergy et l'appli #Transilien annonce tjs Trafic normal #LigneL #RERA @TUForg
RT @LYDIARESTA: quand y a des courant-d'aire chez toi et que les portes claquent ma mre toujours elle crit "LEEEES POOOOOORRRTES!!!"
RT @LaDameBlanche14: @zoodelafleche #saisonauzoo Le meilleur moment de mes journes  J'espre tre de passage au zoo courant mai  YES !
RT @LaPtiteElice: Fuyez mes braves... Aprs le colis suspect, c'est le combo avec l'accident grave de voyageur. Fuyez.
RT @LeParisien_95: Pontoise/Montigny : la panne lectrique paralyse le trafic du RER C et de la ligne H
RT @LePrenoms: Kenza c'est le prnom des meuf qui cour driere le bus mais elle le rate apres elle marche
RT @Le_Figaro: Lducation nationale tait au courant dune affaire de viol en Isre ds 2001,>>
RT @LeaDpres: Je comprend toujours pas l'accident avec le Bus, j'suis choqu
RT @Lulisoap: Faire changer les gens de quai et partir sans les voyageurs merci le train SLOM a juvisy #rerc #qml
RT @Manekang: Il pleut et le courant est parti. A peine le vent avait-il souffl et les premires gouttes taient-elles tombes que la lumire disparut!
RT @MappyCity: Alerte ! Trafic interrompu entre Maisons-Laffitte et Cergy/ Poissy sur le #RERA #KO
RT @MappyCity: Pas de bol ! Trafic interrompu entre Pontoise et Montigny Beauchamp, dans les deux sens ! #RERC #KO
RT @MappyCity: Usagers du #RERC prenez votre mal en patience ! Le trafic est toujours perturb sur cette ligne #KO
RT @Marjorie_Milh: @Beyoursays Moh comme c'est mignon ! Je te tiens au courant ^^ Je vais bien finir par cder avec ces deux mois de stage qui arrivent
RT @MichaelMbita: Non mais en vrai hein ENEO abuse avec Nkolbisson. Le courant ne peut plus faire ne serait-ce que 12h de temps dans ce quartier? Depuis 14h?
RT @MichelleBoitel1: Courant. Lumire.
RT @MichettiLea: @Bushi_Nina ahah tu seras bien vite au courant jpense tkt pas elle sera venir t'en parle toute seule
RT @Minidoudou501: @NALBOO_ pour certains qui ne seraient pas au courant, harclement et violation de vie prive (affichage de photos) sont punis par la loi..
RT @MonsieurBady: @RERC_SNCF: train en stationnement  juvisy sans information claire, que se passe-t-il ?
RT @Naanou1969: @JJBourdin_RMC @RMCinfo c'est quoi ne pas cder  la peur ? Ne pas partir en courant ?
RT @NellDoutreligne: Tfacon pour qu'on cours apres moi je serai chauffeur de bus
RT @Nirvanarchie: Dans le hall elle est arrive en courant vers moi quand elle m'a vu comme dans cet tat, a m'a tellement touch.
RT @NitsukaD: "et amne ta musique aussi "euh oui EXO ? Boram ? Eric Nam ? Block B ? J't'amne ce que tu veux coute xP,Ils vont A-DO-RER
RT @Ololz_: 1 fois jcourais pr choper le RER et la d1 coup ya ma bite ki s'enfui et elle s'coince entre les portes du rer, apres ya 1 meuf el m'a sucer
RT @OnMaApplaudi: Le chauffeur du bus a ralenti par ce qu'une beurette traversait, je lui ai dis azi passe c'est orange, on m'a applaudit, j'ai roul l'bus
RT @PrinsAssia: @sexuarold c une rumeur mdr En dirait vs tes au courant de leur vi entire vous savez mme pas c quand la dernire fois y on bz arrt :/
RT @RERA_RATP: 07:13, le trafic est ralenti entre Noisiel et Cergy/ Poissy /St-Germain-en-L. (malaise voyageur) #RATP #RERA
RT @RERA_RATP: 07:19, le trafic est ralenti de Noisiel vers Cergy/ Poissy /St-Germain-en-L. (malaise voyageur) #RATP #RERA
RT @RERA_RATP: 11:43, le trafic est ralenti entre Cergy-Le-Haut et Nanterre-Prefecture (incident technique) #RATP #RERA
RT @RERA_RATP: 19:18, le trafic est interrompu entre Maisons-Laffitte et Cergy/ Poissy (dgagement de fume) #RATP #RERA
RT @RERA_RATP: 20:11, le trafic reprend progressivement entre Nanterre-Prefecture et Cergy/ Poissy (dgagement de fume) #RATP #RERA
RT @RERA_RATP: 20:21, le trafic est ralenti sur la ligne (dgagement de fume) #RATP #RERA
RT @RERA_RATP: Travaux #RERA_RATP : interruption partielle de trafic entre Rueil-Malmaison et Nanterre-Prfecture le 25/04  20h30
RT @RERA_RATP: Un feu au abords des voies  Achres-Ville ne permet pas la circulation des trains entre Cergy/Poissy et Nanterre-Prfecture.#RERA #RATP
RT @RERB: 14:26, le trafic est interrompu entre Denfert et Laplace (colis suspect) #RERB
RT @RERB: 15:01, le trafic est interrompu entre Laplace et Denfert (colis suspect) #RERB
RT @RERB: 15:07, le trafic est ralenti sur la ligne (colis suspect) #RERB
RT @RERB: 16:52, le trafic est interrompu entre Chatelet-Les Halles et Luxembourg. Reprise estime  19:00. (accident grave de voyageur) #RERB
RT @RERB: 16:52, le trafic est ralenti sur la ligne (accident grave de voyageur) #RERB
RT @RERB: 17:04, le trafic est interrompu entre Chatelet-Les Halles et Luxembourg. Reprise estime  19:00. (accident grave de voyageur) #RERB
RT @RERB: 18:19, le trafic est interrompu entre Chatelet-Les Halles et Luxembourg. Reprise estime  20:00. (accident grave de voyageur) #RERB
RT @RERB: 18:53, le trafic est ralenti sur la ligne. Reprise estime  20:00. (accident grave de voyageur) #RERB
RT @RERB: L'incident  ST-Michel est toujours en cours et le trafic est toujours interrompu entre Chtelet et Luxembourg.#RERB
RT @RERB: Les circulations reprennent trs progressivement entre Chtelet et Luxembourg. Le trafic reste malgr tout perturb sur l'ensemble du #RERB
RT @RERB: Retour  un trafic rgulier sur l'ensemble de la ligne #RERB. Incident termin.
RT @RERB: [RAPPEL] En rpercussion d'un accident grave de voyageur, des allongements du temps de parcours sont  prvoir sur l'ensemble du #RERB
RT @RERC_SNCF: @k3v_95_ @LigneH_SNCF Ns vs conseillons ds ce cas de prendre le bus 95 afin de rejoindre Montigny ds 1er tps puis train ligne H. Bon courage
RT @RERC_SNCF: Infotrafic #RERC [Mise  jour] Reprise progressive du trafic entre Pontoise et Montigny Beauchamp
RT @RERC_SNCF: Infotrafic #RERC [Mise  jour] Trafic interrompu entre Pontoise et Montigny Beauchamp (pb lecrique) jusqu' 18h
RT @RERC_SNCF: Infotrafic #RERC [Mise  jour] Trafic interrompu entre Pontoise et Montigny Beauchamp (pb lecrique) jusqu' 20h
RT @RERC_SNCF: Infotrafic #RERC [Mise  jour] Trafic interrompu entre Pontoise et Montigny Beauchamp jusqu'en fin de soire
RT @RERD_SNCF: Infotrafic #RERD : Fin des ralentissements entre Paris-Melun/Corbeil (bagage abandonn)
RT @RERD_SNCF: Infotrafic #RERD : Trafic ralenti Paris-Melun/Corbeil Essonnes, Paris-Orry la Ville jusqu' 21h (accident de pers) :
RT @RERD_SNCF: Infotrafic #RERD [MAJ] Trafic ralenti sur l'ensemble de la ligne jusqu' 23h (accident de pers + incident PN) :
RT @SYBARTS: Des trains courts en heures de pointemerci @RERC_SNCF @galeRERAfr @DelarueJC
RT @Sachaohayon: Quand ont taient bloqus dans la pice et que le mec il est venu en courant vers nous j'avoue j'ai fais caca
RT @SelfishKeira: @mariiieuh ME GUSTAAAA on fera d'une pierre deux coups entre se voir & passer une bonne soire! On se tient au courant!
RT @ShendaYour: "@LePrenoms: Kenza c'est le prnom des meuf qui cour driere le bus mais elle le rate apres elle marche" @NoureddineKenza
RT @Sif_k971: Accident du train de nangis donc mon bus plein 2 jours d'affiler de je suis laiss sur le ct, prochaine fois je fais un forcing
RT @SmoothyChocolat: Une fois j'etait dans lz voiture avec ma mere au feu jusqu'a on voit une mama africaine qui vient vers la voiture en courant essoufler #1
RT @SuGe_SNCF: Accident de personne sur le @RERB  #StMichelND a va coincer...,#qml
RT @TomekTR: #QML #RERC [Mise  jour] Reprise progressive du trafic entre Pontoise et Montigny Beauchamp
RT @TomekTR: #QML Un feu au abords des voies  Achres-Ville ne permet pas la circulation des trains entre Cergy/Poissy et Nanterre-Prfecture.#RERA
RT @TomekTR: #QML le trafic est toujoues interrompu entre Chatelet-Les Halles et Luxembourg. Reprise estime  19:00. (accident grave de voyageur) #RERB
RT @TomekTR: #qml : 07:19, le trafic est ralenti de Noisiel vers Cergy/ Poissy /St-Germain-en-L. (malaise voyageur) #RATP #RERA
RT @TomekTR: #qml : 14:26, le trafic est interrompu entre Denfert et Laplace (colis suspect) #RERB
RT @TomekTR: #qml RER A - FORT IMPACT , le trafic est interrompu entre Maisons-Laffitte et Cergy/ Poissy (dgagement de fume) #RATP #RERA
RT @TomekTR: RER A : Trafic ralenti +30min  prvoir jusqu'a 13h ~ incident affectant la voie  Conflans Fin d'Oise. #qml #RERA
RT @TomekTR: RER A : trafic ralenti. +15/30min  prvoir feu aux abords des voies  Achres Ville (incident termin). #qml #RERA #lignel
RT @TomekTR: RER B IMPACT FORT - MAJ : Luxembourg-Chtelet interrompu. accident de personne  Saint-Michel Notre Dame. Reprise vers 19h~ #qml #RERB
RT @TomekTR: RER B IMPACT FORT : Denfert-Paris Nord interrompu jusqu'a 19h ~ accident de personne  Saint-Michel Notre Dame. #qml #RERB
RT @TransportsIDF: Interruption du trafic sur #ligneH et #RERC : la circulation ne devrait pas reprendre avant 17 heures, selon la SNCF
RT @TyPrimer: premier match G4G en ce moment je vous tiens au courant,pour l'instant premire map on a gagn 6-0
RT @UnMauricien: Coupure de courant sur tout la partie Est du rer A, foumagueule la RATP laa
RT @Vraitwits: "A 15ans elle est tomb enceinte par accident" C'est vrai que c'est trs courant de trbucher et de tomber les jambes cartes sur un pnis.
RT @WMyWay_Mobile: #RT Infotrafic #RERC [Mise  jour] Trafic ralenti entre Paris et Pontoise jusqu' 21h (suite au pb lectrique)
RT @WMyWay_Mobile: 07:19, le trafic est ralenti de Noisiel vers Cergy/ Poissy /St-Germain-en-L. (malaise voyageur) #RATP #RERA via @RERA_RATP
RT @WMyWay_Mobile: 20:11, le trafic reprend progressivement entre Nanterre-Prefecture et Cergy/ Poissy (dgagement de fume) #RATP #RERA via @RERA_RATP
RT @WMyWay_Mobile: Infotrafic #RERC [Mise  jour] Reprise progressive du trafic entre Pontoise et Montigny Beauchamp ....
RT @WMyWay_Mobile: Travaux #RERA_RATP : interruption partielle de trafic entre Rueil-Malmaison et Nanterre-Prfecture le 25/04  20h30
RT @WMyWay_Mobile: Un feu au abords des voies  Achres-Ville ne permet pas la circulation des trains entre Cergy/Poissy et Nanterre-Prfecture.#RERA #RATP
RT @__leonietavares: Demain la 1re qui sort de la tente pour faire un tour dehors, j'la rattrape en courant j'la balaye et elle rentre c'est compriiiis mdr
RT @adopteunerusse: Y a des fois ou je prfrerais ne pas tre au courant
RT @ambadrien: @LaTeam243 l'accident avait eu lieu du 30juin coin Mpolo a Lubumbashi, quand on bus, il est irrcuprable. Le chauffeur suit les soins
RT @anaiscby_: La confiance a se perd, j'espre que t'es au courant.
RT @aurelie64fanMP: @SecretStory_TFl je te tiendrais au courant !! Avec tout ce qui se passe en ce moment j'espre aussi saine et sauve
RT @ayoubbenmmiled: RTsi pdt la perkiz ton daron il est all scacher derrire les keuf en hurlant-C A LUI LE SHITen courant comme sa,
RT @bourgoin1996: Mec tu a vraiment cru que tu pourrais te faire ma femme sans que je sois au courant. Laisse-moi rire,je l'aime elle est tout ma vie.
RT @certauqui: Ya eu un accident de nesquick dans mon RER
RT @cessprin_dz: Bref aprs on rentre dans le RER tout sa on arrive au Bourget le conducteur il dit "Petit accident nous devont rester stationner " #22
RT @coconus98: Y'a une abeille dans ma cuisine j'ai voulu faire le bonhomme elle a vol vers ma tte jme suis calm direct et jsuis parti en courant
RT @dorinebeaugrand: @lucybinet61 t'inquites maintenant ds qu'il se passera quelque chose tu seras la premire au courant
RT @ericchavigny:  Marisol serait surprise !! tu parles , elle est au courant sinon elle est vraiment irresponsable
RT @fdruel: Bon ben c'est le bazar sur le #RERB : accident de Voyageur... toute la ligne est bloque cc #qml
RT @gag0s: @galeRERAfr traffic #RERA en direction de Cergy interrompu  partir de Sartrouville pour cause de "feu de talus"
RT @galeRERAfr: #RERA #RERB #RERC #RERD #RERE Trafic super instable ce soir sur la rgion parisienne
RT @galeRERAfr: #RERA #RERB #RERC #RERD #RERE Trafic super instable ce soir sur la rgion parisienne   http...
RT @grandmenelas: @Martin_Papineau Si Cloutier est pas au courant de la magouille Bouchard lui y participe volontiers l'indpendance lui coterait de l'argent
RT @gwadaveli: quand je vais prendre mon rer et qu'y en a pas je dois aller jusqu' gdn pour prendre le train je prend la haine comme sasuke
RT @habbygaelle: #rera @TUForg @quoimaligne feu de talus  Acheres-V les trains vers Cergy sont terminus Sartrouville (19h11)
RT @hyorimi: Qd j'fais semblant d'couter de la musique ds l'bus or j'coute les bails qui se raconte derrire
RT @infos140:  TRANSPORTS IDF Le trafic de la ligne H et du RER C est interrompu jusqu 17h entre Pontoise et Ermont-Eaubonne et Pontoise et Pont-Petit
RT @j_ligne: Chute d une ligne catenaire a pontoise aucun train pour Paris prevoir RER A
RT @jeromejarrive: @alienxgrier au fait, teo courant que today c'est ton anniv ? ( PTDRR DSL CT POUR LA BLAGUE DE " TEO " ME RENIE PAS STP )
RT @lebrasju: Du dbut  la fin je serais au courant de leur histoire  ceux ci limite jla connais mieux qu'eux meme mdrrrrr nn quand meme pas tc
RT @leprechaune21: @RERC_SNCF #rerc oh ben vous embetez pas avec moi j'ai du coup t oblige de rester chez moi.....Et demain a donne quoi??
RT @levraihoroscxpe: Dans un film d'horreur, le #Scorpion serait celui qui sortirait en courant par la porte d'entre plutt que de monter les escaliers.
RT @lou18_f: Ma cousine elle galre tellement entre son train et le bus
RT @maaathildejnc: bon aller dodo psk ca serai bte que je n'arrive pas  me lever demain et que je loupe mon bus pour le dernier jour ptdr
RT @macinside: #ligneP en vrac, #RERB coup sur Accident grave de voyageurs, probleme lectrique sur le #RERC et #LIGNEH c'est un beau bordel ce soir #qml
RT @macinside: #qml on va avoir un nouvel affichage des trains en gare des grsillons du @RERC_SNCF juste aprs la ligne de contrle \o/
RT @manonvndn: A chaque fois cest la premire au courant
RT @mariongse: @_Raatpi91 t'est au courant de rien crois moi alors sa sere a rien de dire ces pas trs gentil surtout quand tout est pas dit
RT @massycityboy: #RERC RER B interrompu, je prends le RER C pour Massy. RER en retard et finalement terminus Juvisy. A Juvisy, train...
RT @mawiecam: @RERE_SNCF inadmissible! c'est catastrophique! #nuls #raslebol #marre #coup de gueule #remboursez! #reredemerde
RT @morganebento: J'ai dit j'ai fait une main courante  mon frre il as sortit " une mains courante, c du courant dans la main
RT @neokenji01: Accident de personne  Saint-Michel + signal dalarme  la Courneuve Aubervilliers Cest la 1re fois que le RERB me fait ce combo.
RT @phiasos: Quand une personne te dis qu'elle te tiendras au courant.. C'est qu'elle ne le fera certainement pas.
RT @pierrick91: @GroupeRATP @RERB @Matignon A quand les portes obligatoires sur les quais des trains, par mesure de scurit ? Comme sur la ligne 14 par ex.
RT @rap2tessfr: Pas besoin d'tre une rivire pour mettre tout le monde au courant. Si j'tais un livre, j'aurais mis tout le monde au Coran !
RT @ratp78190: RER A: le trafic interrompu entre Nanterre Prfecture et Cergy le Haut et Poissy suite  un feu prs des voies  Achres Ville
RT @ratp78190: RER A: le trafic reprend progressivement entre Nanterre Prfecture et Cergy/Poissy
RT @ratp78190: RER A: voil pourquoi d  l'interruption du trafic
RT @srb_ilic78: @MounaahB @78_212 @Marzouz_22 mdr vs feriez mieux de tous partir en courant avant d'vous prendre une claque de grizzli a 90km/h
RT @sve83: Interruption trafic RER C&ligne H  #Pontoise. La coupe est pleine! A quoi servent les 6mds de budget du #STIF @LeParisien_95
RT @thomas_chaffaut: #RATP @RERA_RATP interruption partielle de trafic samedi 25 avril 2015 ds 20h30
RT @wsxana: Y en a marre des problmes de train sur la ligne A du RER lol
RT @zackhlali: @richie3366 @IceRace @DweEroz @Remi_M5 @MrElvilia ouais moi aussi, aprs moi je ne suis pas au courant des orientation de chacun,
RT @zion0674: 7h05 Je verifie les horaires sur appli SNCF. RAS Super. 7h14 arrive gare de Montgeron. Train supprim #rerd merci @RERD_SNCF @jphuchon
Rappel ! Le trafic est interrompu entre Chatelet-Les Halles et Luxembourg. Reprise estime  19:00 #RERB #KO
Rappel ! Trafic interrompu entre Pontoise et Montigny Beauchamp, dans les deux sens, jusqu' 18h ! #RERC #KO
Reprer les embouteillages grce  Google Trafic et descendre du tram plus tt, c'est a aussi la mobilit connecte.
Retour  un trafic rgulier sur l'ensemble de la ligne #RERA #RATP. Incident termin.
Retour  un trafic rgulier sur l'ensemble de la ligne #RERA #RATP. Incident termin. via @RERA_RATP
Retour  un trafic rgulier sur l'ensemble de la ligne #RERB. Incident termin.
Retour  un trafic rgulier sur l'ensemble de la ligne #RERB. Incident termin. via @RERB
Retour  un trafic rgulier sur la ligne #RERD #OK
Rt si toute ta vie tu t'ennui et que t'envisage de perturber la ligne b tant l'effet d'un "accident grave voyageur".
Sa me fait rire parce que je sais des choses sur lui et quand on se parlait il savait pas que j'tais au courant mme la il doit pas savoir
Salut @RERC_SNCF y'a des trains pour Etampes ce soir ?
Selon Travel On Move, mixer voyages d'affaires et tourisme serait de plus en plus courant en France... Au Baldi, c'est possible !
Si au moins tu regardais topclip sur D17 tu serais au courant qutu me manques
Si courir aprs le bus en talons hauts c du sport. Alors j'ai repris le sport
Si j'ai des goss, si jme marie jamais il sera au courant sur la vie de ma mre !!
Si le courant de la rivire est trop fort, il faut parfois renoncer  l'affronter.
Si le prochain c'est boubouille d'amour je cesse dfinitivement de lire des articles qui parlent d'exo lol,Comme a je serai pas au courant
Si seulement Barbara avait tait au courant jamais elle serait aller la voir #LesAnges7
Sinon il ya eu un accident grave de voyageur  St Michel donc armez vous de patience pour rentrer chez vous #RERB
Soulager que mon pre soit au courant pour moi et heureux qui l'accepte
TRANSPORTS IDF Le trafic de la ligne H et du RER C est interrompu jusqu 17h entre Pontoise et Ermont-Eaubonne et Pontoise et Pont-Petit
Taleur j'ai eu le dernier RER B qui passait avant l'arrt du trafic jusqu' 19h j'me sentais vraiment au-dessus
Tenez bon ! Le trafic est ralenti sur la ligne #RERB #BOF
Tfacon pour qu'on cours apres moi je serai chauffeur de bus
Toute la journe j'ai pris avion car train voiture et mon pre m'a dit que si je rentrais a Bruz c'tait en bus
Trafic coup entre Pontoise et Montigny sur @RERC_SNCF et @LigneH_SNCF : pas de reprise avant demain matin, bus de remplacement.
Trafic fortement perturb depuis un bon 20min direction Cergy et l'appli #Transilien annonce tjs Trafic normal #LigneL #RERA @TUForg
Trafic interrompu sur le RER A. JE SUIS PARTIE JUSTE A TEMPS DU BOULOT !!!
Trafic repris ou pas entre chatelet & lux? @rerb
Tss tss tss rien a voir avec Poutine il est pas au courant. comme les armes qui traverse la frontire toutes seules.
Tu veux devenir l'Homme le plus dtest ??? Deviens le conducteur du RER B wAllaye tu vas recevoir des coup de fil anonymes !
Un ICAR02 affich  Gif mais qui s'appelle WLPquelquechose en tte de train est pass 3 mn avant EMAL65.. Bizarre #RERB
Un feu au abords des voies  Achres-Ville ne permet pas la circulation des trains entre Cergy/Poissy et Nanterre-Prfecture.#RERA #RATP
Un homme se fait arrter en courant nu derrire une prostitue en plein centre-ville de Toulouse
Un train toutes les 45 minutes pour la gare la plus proche de Paris. Merci @RERC_SNCF et surtout ne changez rien
Un train toutes les demi heures au lieu de tout les quarts d'heures. Mais qu'est-ce qu'il m'a pris d'aller prendre le RER?
Une Duff j'espre ! Moe sers moi une Duff ! @JohannPaquelier: @ClaireJacques_ tait-elle au courant ? Chaque sorte
Une biche enceinte est sur le point d'accoucher. Elle trouve un champ d'herbes prs d'une rivire  fort courant....
Une fois j'etait dans lz voiture avec ma mere au feu jusqu'a on voit une mama africaine qui vient vers la voiture en courant essoufler #1
Une galre pour rentrer, pas de bus pas de train
Usagers @RERD_SNCF attention travaux sur quai en cours  la gare #MA-Alfortville
Usagers du #RERC prenez votre mal en patience ! Le trafic est toujours perturb sur cette ligne #KO
Voil le trafic est interrompu entre Denfert Rochereau et La Place Maison des Examens jusqu' 15h #RERB
Vous avez aim la premire dition ?! :D Vous n'avez pas pu venir ? :( Vous n'tiez pas au courant ?? La seconde...
Vous tes au courant qu'a partir du 5 mai , je serais en vacances jusqu'a mi septembre ?
Y a plus de courant je fais comment pour dormir sans ma lumire ?! (Oui j'ai peur du noir quand j'suis seule, oui vous pouvez rire.)
Y a que quand je prends le tram et le bus qu'il a un accident sur la ligne de tram et le bus est dvi, rsultat 2h pour rentrer
Y en a marre des problmes de train sur la ligne A du RER lol
Ya eu encore un putin d'accident sur la ligne du RER B a Saint Michel jsui rentrer chez moi a 20h sa a tu mon morale
Ya eu un accident de nesquick dans mon RER
Ya un Jordy qui m'a RT, pendant 2sec j'ai eu peur que a soit mon frre tellement ce prnom est pas courant
[RAPPEL] En rpercussion d'un accident grave de voyageur, des allongements du temps de parcours sont  prvoir sur l'ensemble du #RERB
[Transports] Trafic interrompu RER C et ligne H au dpart de Pontoise jusqu' au moins 15h. Dfaut alimentation lectrique. Prendre Ligne J.
a fait 20 min mon ordi il galre a s'teindre et pile quand je me lve pour couper le courant il s'teint ce fdp
a fait trois fois que je loupe les trois toiles  la Coupe Crossing Miroir  cause d'une carapace avant la dernire ligne d'arrive.
a mere deja si un train commence a me a sachant que je doit prendre 3 train, 1 tramway, 1 metro, 1 bus -.-
a y est on a pass un cap j'crois il voit mon pre sans que je sois au courant
ajd est un grand jour, 1re fois que je cours derrire mon bus
bad news ! Le trafic est interrompu entre Chatelet-Les Halles et Luxembourg. Reprise estime  19:00 #RERB #KO
bon aller dodo psk ca serai bte que je n'arrive pas  me lever demain et que je loupe mon bus pour le dernier jour ptdr
c la premire fois que jentends dire que jjong va  paris en 3ans et samer jsuis o courant le jour mm bah allez nvm
ce sens. Fin des ralentissements estime  17h00.Motif Bagage abandonn  Cit Universitaire sur le #RER B, impactant le #RE [2/3]
chaque jour suffit sa peine... Aprs la bche qui interrompt le trafic hier:
ctais la galre avec les trains yavais des perturbations sur la ligne c putin
du coup on a du retourner o on avait prit le RER et genre on a prit le mtro + rer D omg c'tait grave chiant
en plus a chaque fois qd j'sors du metro j'loupe le 281 sa mere
encore une fois je suis la dernire au courant
enfaite ma mre tait au courant pour demain et ce matin
enft on t dans le RER mais on est descendu au mauvais arrt du coup on est a Paris et pas a Astrix mdrrrrr
et comment j'avais pleur toute les larmes de mon corps dans le bus alors que les garons essayaient de me faire rire
gare du nord - Montparnasse j'ai payer 31 en taxi j'aurais du aller en courant sa mre
ils nous fait Coire que le pre de adiixia va refuser, tu parle il t au courant qu'il nous prenne pas pour des imbciles #LMET
j'ai oubli de prciser qu'il fallait regarder en VO mais j'suppose qu'il est au courant enfin j'espre
j'aime Harry voil salut au cas ou vous seriez pas au courant
j'espre que j'ai pas loup le bus
je plains le socialiste conseiller pr ss soins,part en courant;prfre encore gauche a la liebbig a celle de degois
je suis cense tre sa meilleure amie mis rares sont les fois ou je suis au courant de ce qui lui arrive la premire
jsais pas a quoi mon pere a jou il tait au courant d'ou j'tais ptn
mais genre la j'me sens bien alors que mon 5C il est perdu, c'est packe ma mre est pas au courant que jui sereine
merde le traffic est ralentis sur le rer a et comme par hasard j'ai des partiels on pari j'arrive en retard?
pas besoin d'tre une rivire pour mettre tout le monde au courant, si j'tais un Livre j'aurais mis tout le monde au Coran
personne n'est au courant de ce que je sais et j'compte bien le garder pour moi j'espre tellement
premier match G4G en ce moment je vous tiens au courant,pour l'instant premire map on a gagn 6-0
quand je vais prendre mon rer et qu'y en a pas je dois aller jusqu' gdn pour prendre le train je prend la haine comme sasuke
sinon y a une situation trs COCASSE (c mon nv mot prfr) mdrrr heureusement que ya que moi au courant mais franchement ya de quoi rire
toujours la dernire au courant de tout
trafic interrompu sur RER A, le 25 avril  partir de 20h30 entre Rueil-Malmaison et Nanterre-Prf dans les 2 sens
wait... luke il a retir son piercing ??? j'etais pas au courant ptn
y'a eu un accident aujourd'hui ; le RER B ne fonctionnait mm plus
