"@mrsmerfi: Les autoroutes franaises sans lumire l , mm si on a dit on economise le courant " win ct pas drole dou ya pas dlumiere
"@ziderdan: Se faire dlest puis finalement remonter dans le mme train car il dleste plus...." #RERB #qml
"Faut que tu fasse au moins 2 heures de maths par soir" ...,Vous croyez qu'il est au courant que j'ai 6 autres matires ou?....
"Je reprais les fesses  Agathu pour pouvoir me caller en courant "  #ComprendaQuiPourra
"La Warhammer App importe d'un coup toutes les nouvelles, pour vous tenir au courant des dernires sorties sur le...
"Mais CIV 5 p*tain ! " criait-il dans son RER en coutant le dernier podcast de @zqsdfr
"Mais t'a le mme prnom que Taylor Swift !" Ah ban ? J'suis pas au courant frre
"Traffic interrompu blablabla" jamais y a un jour sans problme sur ce rer de merde
"Une nette amlioration sur la ponctualit du #RERD" facile quand les trains sont affichs  quai bien avant qu'ils soient rellement la...
"les gens parlent" "on m'a dis" "jsuis au courant" A quel moment ils niquent leur mres??
#Jura : deux morts et un bless grave dans un accident entre un camion et un bus - Le Bien Public  via @lebienpublic
#LT Du coup je me tape les bus de ville je sais mme pas a quelle heure je serais au bahu -'
#LeHavre #LiA En raison d'un accident  la station "Palais de Justice", le service tram est perturb. Terminus report de "Plage"  "Gare".
#NANTES Nantes. Accident sur la ligne 3 : le tram percute un camion de planches de bois  (Presse Ocan)
#Nantes #TAN Accident sur la ligne 3 : le tram percute un camion de planches de bois #faitdivers #accident
#Nantes Accident sur la ligne 3 : le tram percute un camion de planches de bois #TAN #faitdivers #circulation
#OCTranspo News: Accident entre un autobus d'OC Transpo et un Train de Via Rail vit ce matin? - 104,1 NRJ
#RERA: Trafic ralenti sur axes #Cergy/#Poissy; prvoir des retards de 5 15mins sur #RERA jusqu' 09h30
#RERB #qml Malaise voyageur dans ma rame  Massy changement rapide de train puis rechangement de train on repart. Cocher trs ractif, merci
#RERB 25 mn d'attente pour avoir un train pour Orsay  Denfert Rochereau #qml
#Sarkozy s'est tuer" 2 mois avant Closer tait au courant de la relation JG et FH.#Taupinire  l lyse
#WTF Un bus trs accident roule comme si de rien n'tait
#WTF Un bus trs accident roule comme si de rien n'tait...
#accident de tram au #havre. Reprise du trafic tramway
#accident entre une ambulance transport sanitaire et le tramway du #havre. Trafic tram suspendu
#drones #nuclaire pt les chinois pour vendre leur laser ou Edf pour en cas d'accident d'une centrale vieillissante...ce sera faute du drone
#flash Jura: deux morts dans un accident de bus
#franchecomte Un accident entre un bus et un poids-lourd fait deux morts dans le Jura - Francetv info
#jura Un accident entre un bus et un poids-lourd fait deux morts dans le Jura - France 3 Franche-Comt
#prison Nouma 2 ans1/2  dormir par terre, poussire, nuisibles, rats, fourmis, margouillats, fils de courant dnuds. Insupportable.
#qml #RERC +10/20 min trains SLOM et KUMA suite  interv. secours  Austerlitz (voy. tomb ds un train). >
#qml : #RERA: Trafic ralenti sur axes #Cergy/#Poissy; prvoir des retards de 5 15mins sur #RERA jusqu' 09h30
#qml aux invalides c'est toujours ce perit jeu de savoir sur quel quai ton train arrivera #rerc
#rerb pourquoi le train Orsay est il toujours sacrifi ?
#sncfail #sncf_rerc tu misais sur le dernier deba? Erreur du dbutant, il ne te reste qu' te trainer en bus une fois de plus #merciLaSNCF
#telmi Jeudi, vers 13 heures, un accident de la route entre un bus et un camion a fait deux morts et un bless grave sur la dpartementale
- dit quelle avait rater son bus et du coup quelle sera pas l..
-J'ai 3 bus, donc si je loupe le 1er sa va, y en a un 2eme, si je loupe le 2eme y en a un 3eme mais si je loupe le 3eme jsuis dans le merde
05:46, le trafic est ralenti sur la ligne (incident voyageur) #RERB
14:03, le trafic est interrompu entre Etoile et Nation (colis suspect) #RATP #RERA
14:14, le trafic est interrompu entre Etoile et Nation. Retour  la normale  15:00. (colis suspect) #RATP #RERA
14:23, le trafic est ralenti sur la ligne (colis suspect) #RATP #RERA
14h la liste de DD pour la france je vais louper a je serais en sport  cet heure l #EDF
2 grvistes FGTB dans le train vers Charleroi: "quoi? mtro et bus ne roulent pas a Charleroi?". Ben quoi ils n'y ont pas droit eux aussi?
@ADanveau Un gars de JG il fait soire lundi mais tout fougres est au courant
@Aidenrptw *tourne la tte vers toi en courant toujours* {putain YA mondieur je peux pas te supporter }
@Aly_CarpeDiem ahah t'es au courant que t'es une boulette avec ta bannire twitter ?!
@BUSENSEINE rsultat : RER loup a Le Vesinet - Le Pecq ! Vous servez a quoi srieusement ?!
@BaranesAl au courant non. et meme si cela s'avre que faire de l'opinion de maintes rabbins qui se dissocie du sionisme et affirme que le 1
@BlakesOne ... petit je ne vais pas compenser le dpart de Rain, je vais le fter en courant nue dans la rue o.o
@BrchCamille Faut pas se barrer en courant bb tu le sers grv fort dans tes bras  ptn oui tlmt...
@CamRPGSalem *prend un coussin et te frappe en plein visage avec courant derrire la canape*
@Chloe_2404 j'te tiendrais au courant quand je serais en argentine
@ChristFranken je ne suis pas le producteur et pas au courant qu'il a reu de l'argent !je pensais qu'il avait fait l'mission par plaisir
@ClemGwen encore et toujours : l'ignorance... A Denfert, 10 min d'cart entre deux trains. @RERB
@Conducteur_RER La concurrence se fera au niveau des trains, pas des voies... Ou si ? Un rail public, un rail priv en parallle ?
@Conducteur_RER j'ai pas mieux que septembre 2015. Je sais que les negos sont en cours, je met @aliaslu ds la boucle ! @jogginfr
@Conducteur_RER la peur du train a existe ? ! @Conducteur_SNCF @olivedel @PeurAvion
@Conducteur_RER pareil. En heure de pointe, train bond, en US .... Zro Crdibilit. @Conducteur_SNCF @olivedel @PeurAvion
@Corine94Corine @TazMillion mdddr depuis toute petite je cours derrire les bus jsais pas c'que tu racontes
@Cssndre C'est une auberge de jeunesse gratuite en fait, mais sans que ma mre soit au courant quoi. Et a m'nerve donc voil
@CyrilouSan @RERC_SNCF @bgoss44 @ACircule je ne me suis pas amus  faire tout le train vous vrifier chaque wagon ! pas mon job
@CyrilouSan @RERC_SNCF @bgoss44 il n y a pas de chek-list dans un train comme dans un avion ?
@CyrilouSan @RERC_SNCF @bgoss44 j imagine un pilote qui oublie de sortir le train datterrissage ...oh juste un oublie
@CyrilouSan @RERC_SNCF @bgoss44 voila la solution : mettre des pdaliers dans tous les trains ...plus les usagers pdalent et plus on avance
@DacunhaRafael y'a rien t'inquite , sinon tu serai le premier au courant.
@Daniel_HVA La plante entire tait au courant (mme ma mamie). Alors ... pourquoi pas eux ? @AidonslArgent
@DankaIdol Bah tu m'tonnes putain :( Ouais, tu me tiens au courant par SMS, a sera plus pratique pour toi. Courage mec, see ya!
@Defense_92 @RERA_RATP. Il va falloir s'organiser, mais si a peut  terme aider  amliorer le trafic...
@Denislamalice91 @Asso_usagersidf @RERC_SNCF @bgoss44 oui, c'est le nombre de trains associ aux nombre d'usagers estim.
@Denislamalice91 oui, on va demander un vlo  la place du sige et train qui avance en fonction de nos performances  @RERC_SNCF @bgoss44
@DerkosIII @Ppacopac31 non c'est courant c juste qu'elle tait grosse et derrire les intestins donc j'ai bien mal mais a va aller Tkt
@Dioudlol @Haydaaaal Hum Dioud serais tu au courant de quelque chose que tout le monde ignore ? :=)
@DmrLisa tu veux que je te Porte en courant  jai rep gentil tu prend mal c'pas ma faute
@E_Collardey @FBleu1071 @RERC_SNCF Trs bien, "les usagers n'en peuvent plus". Pas compris le lien entre 1) incendie 2) manque de trains.
@EdouardSoulard Bah tu ferais bien d'en faire de mme! Tiens toi au courant de la vie politique mon garon !
@EffyRPGTSU j'serais partit en courant moi
@EvanFrz cs pas officiel psk ya sasuke RER naruto qui ont le bras coupe etc
@FRemongin @monsieurda @FBleu1071 RER C: Il faut basculer des crdits de projets LGV vers nos trains quotidiens.
@FederLilou ah bah j'tais pas au courant.. Si j'avais su je serai venu :/
@Fluorette tu peux partir. Ce n'est pas mal. Je me serais barr en courant, perso.
@FrenchFanBITW ah j'tais pas au courant de a x) elle tait sortie avec ton frre ? La blonde nan?
@GIRACKENDJI courant sincre condolances
@G_ARMY21 ouais.... J'aurais prfre mme pas tre au courant de cette convention
@GansCma qui ta dit quelle sera pas au courant
@GoAxel j'espre demain elle vont en cours, un bus les crase toute sur elle avc c'est extension en dirait des liane plien d'poux
@HarleyQ440 D'aprs mes plaies, sans doute un assassin qui ma triper le ventre, la tte, et le bassin. Tu ne serais pas au courant ?
@HarrySRPGLC Non reve pas ! *part en courant*
@HerrJapman Si j'ai bien compris, un film et deux tomes spciaux vont venir complter ce dsastre courant 2015 ?
@Hexylan J'veux dire, si c'est ta belle-mre, a va tre courant que tu la voie de temps de temps.
@HookAdrien dacc tu me tiens au courant la street zer
@ITheoI Tiens moi au courant pour la date, si mon pre peut m'emmener!
@JJKuma_ Tiens, Angie a accouch (je te mets au courant vu que tas pas FB :p), tas pas reu un faire-part de naissance ? xD
@JaredRPGOTB *Te mouille avec un fusil d'eau et part en courant vers ma cabine*
@Kiki_Elle_Meme haha... Tinkiet cherwiii... C'est pas pour acoter mais ca vien... Tu sera o courant !!!
@Klaims Ouai moyen, pdt ma dernire coupure EDF a ma cout 3L de white spirit pour allumer mon meuble Kallax
@LIGNEL_sncf A #Sartrouville on indique que la #LigneL #PSL et #RERA sont ralentis : 0 communication Tweeter ou appli #qml #EnPauseCaf ?
@LaNetscouade mais pour le coup tu ne follow pas @RERC_SNCF par plaisir. Catastrophe quotidienne cette ligne ... Encore 2 ans de galre
@LaPtiteElice @RERB si on suit la logique t'es au courant d'un incident environ 30min aprs qu'il a t rpar
@LeaPoirre En plus pour louper son RER Mddr
@LindsayTMR_RPG Et bah on va voir ca *sourit et va en courant vers un arbre*
@LossOfControl_ de toute manire tu seras videmment la premire au courant
@LuckRPGHJLA @alirpghjla si et je sais que c'est du  a mais au del de choses comme a, je rigole, je cours derrire mon bus quand j'loupe
@MGlks_ 0h et va finir vers 2h et c'est moyen parce que y a plus de bus aprs et lendemain y a cours..
@MamzelleFifi cela ne saurait tarder je pense... je te tiens au courant chre future tudiante !
@MargotMgn t'es pas au courant ? A l'escalade je pense ; j'ai mal comme quand je me suis fais ma dchirure l'anne dernire
@MaskedGekuri tiens nous au courant on est inquiet, j'espre que a va s'arranger
@McGuinnessEllie c'est la poussire au sol qui s'envole, d  la vitesse  laquelle je cours qui provoque un courant d'air
@MeenZa__ @FCO_ReeFleX peut pas se soir deso, tien au courant pour ta mre
@Meh_dou ah bon ?t'es au courant que Ibra a repris l'entrainement ? Te rappel tu de la misere que Lucas vous a mi ma gl ta la memoire courte
@MeunierLola tu te fou de moi, c'est juste pour le tram j'ai eu un lger coup de stress aussi
@MilaBion @anissa_belga @SamZirah @Trinaofficiel non je plaisante si j avais eu des infos vous auriez t les premires au courant lol
@Miss_Couette Avec plaisir <3 Parc'que Paris j'y vais trs rarement du coup j'suis pas au courant des vnements ><
@Morcade @chnafonval Il n'est pas courant de qui est la mre?
@Moussatahlplato mdr ce jour la wallah tu sera au courant ok ?
@MrHask @ZevoSan Aprs on est pas au courant des commandes prises, mais faut bien crer de l'attraction si ils ont 1 commande/semaine
@MyTheValentinus dossier en mentionnant un appel planifi pr aujourd'hui vers 17h30. tes-vs au courant ? Cdt, Alex 2/2
@NCAAFrance d'accord si tu pouvais me tenir au courant ca serait cool j'aimerai bien le voir en NBA
@Niallyrics j'suis sre t'as + et t'es mme pas au courant
@Nini_974 Je t'invite au mariage quand elle sera au courant que a fais longtemps qu'on est ensemble
@O_z_L Je ne fais que conduire vos trains. La tarification est une choses que je ne matrise pas. @RERC_SNCF @ACircule
@Oceane_Pele @FloHamel ahahha vs etes ds oufs a bel air ct toi Le bicheur<3 ! Vazy oceane on essaie de gerer ca on se tiens au courant ;)!
@Orange_conseil a  lair de mieux raccrocher pour linstant. Je verais courant de la journe. Merci de la ractivit.
@Otrct @Quentin_Rostou bah non jsuis pas au courant, jte rpte juste ce que ma mre a vu ahah
@Oupaliiinda il c'est grave ambiancer dans le bus quand les lumires se sont teintes du coup mddr
@RERA_RATP A #Sartrouville on indique que tout le #RERA et #LigneL #PSL sont ralentis : 0 communication Tweeter ou appli #qml #EnPauseCaf ?
@RERA_RATP si trafic interrompu entre toile et nation pourquoi aucun train au dpart  La Dfense vers Cergy dont train vide  quai? #bad
@RERA_RATP: Retour  un trafic rgulier sur l'ensemble de la ligne #RERA #RATP. Incident termin.,Champagne?
@RERB Merci pour cette proposition. Notre frustration est parfois grande et ce sentiment de ne pas tre cout amplifie cette frustration.
@RERB Train PIST (Dir Saint Rmy) de 13h03  cit U, dernire voiture, de la poudre partout (sige, sol, plafond, mur, ...), extincteur ?
@RERB entre temps il y a 6-7 trains pour Massy ou Saint Rmy. Et ceux qui veulent aller  Robinson, ils peuvent aller se gratter ?
@RERB merci d'avoir supprim mon train, patienter 15min dans le froid c'est toujours un plaisir...
@RERB quelles annonces ? Celles qui nous disent que le train est arrt en pleine voie, au cas o on n'aurait pas remarqu ?
@RERC_SNCF @bgoss44 @ACircule je confirme pas de chauffage ds le train qui est parti de SMSO a 9h09 .... pourquoi svp?
@RERC_SNCF @bgoss44 @ACircule je constate que ked usagers ne sont pas tous traits de la meme facon sur Tweeter
@RERC_SNCF @bgoss44 les annonces sont en panne un train sup a SLSO a 8h56 ... ca dure depuis 7h30 bien avant accident persoonne a AUSTER
@RERC_SNCF @monbocal Depuis la rentre y a eu aucun train  l'heure quoi
@RERC_SNCF Pas de train  pinay (dir. Paris) avant 9h14. Normal ? Rponse souhaite svp. #sncf
@RERC_SNCF Vous feriez mieux de dpenser le pognon a faire arriver les trains a l'heure. On s'en fout de votre actu, y'a mtro et 20 minutes
@RERC_SNCF encore un train en panne, sans incidence ttefois sur le trafic. 1 train sur 2 sur Val d'Orge, c peu ! #rerc #qml #grevedunavigo
@RERC_SNCF et encore un truc : VICK sur le train, VITY sur l'cran. Qui croire ? C un peu bricolo et bricolette #rerc #qml #grevedunavigo
@RERC_SNCF franchement c'est abus ! Mon train Kuma est encore transform en Omnibus ! Et hop 1/4h en plus et des gens entasss et nervs
@RERC_SNCF le train est marqu  quai comme allant jusqu' st quentin donc fausse alerte :) bonne journe
@RERC_SNCF oups : "je lui"
@RERD_SNCF @chloericher94 j en ai eu dans mon train ce matin #happy
@RERD_SNCF JE VOUS EMMERDE TOUJOURS LES TRAINS EN PROVENANCE DE MELUN SONT SUPPRIMS.. ET VOS WAGONS LA..DES BOITES DE CONSERVES.. ABUS..
@RERD_SNCF JE VOUS EMMERDE TOUJOURS LES TRAINS EN PROVENANCE DE MELUN SONT SUPPRIMS.. ET VOS WAGONS LA..DES BOITES DE CONSERVES.. ABUS...
@RERD_SNCF et encore un train annonc  l'approche de #Juvisy qui disparat des crans sans laisser de traces. #QML #fascinant #lol
@RERD_SNCF merci pour ce voyage riche en arrt prolong et autres ralentissements mais toujours aussi pauvre en information.
@RERD_SNCF une nouvelle fois le mme train est supprim ... Pourquoi ne pas supprimer le FACA suivant et conserver ce DICA??
@RER_B @laurentgallois la copie cran avec les horaires, tait extraite de quelle appli?
@RER_B Je viens d'arriver et du coup j'ai manqu le connard. A coup sur il en reste d'autres
@RER_B Nous lanons une alerte disparition concernant ce train. Nous vous tiendrons informs ds que possible. @RERB
@Raykaru_ @Izutsuchi " a serait bien " t'tais pas au courant ? x)
@RedRayCarter @Congaulait Mais c'est chelou que le mec tait au courant de tout a, mais il s'faisait pter btement auparavant et tout..
@Romagrid j ai russis a louper mon arrt de tram du coup je here dans Molenbeek
@S2RVNL @Le_Figaro Mme Hidalgo a peut tre raison. Si on organise les JO et il y a la grve comme c courant en Fr ce serait 1 fiasco
@SAV_Numericable Existe-t-il un moyen de me tenir au courant de l'tat d'avancement du traitement de la perturbation par Numricable ?
@SAV_Numericable J'ai t contraint de prendre un nouveau RDV. Ne vous inquitez pas, vous serez tenus au courant.
@SabrinaSaporta Hahaha, ouais on a une journe assez charge donc je sais pas o on sera  18h mais j'te tiens au courant.
@Shaton223 aah je vois alors snn tu serais dja au courant le gars il a a peu pres notre ges il trainait avc les Mot yatassaye
@SidonieDtmlle ouais ben au lieu de tapoter sur votre ordi vous feriez mieux de bosser, feignasses ! *part en courant*
@SoEyko J'espre a va s'arranger gros, tiens moi au courant
@SpanishGirl_69 @Sopraaani non mais svp un jour y'aura vraiment un souci et on sera pas au courant
@Tomlinsucette :(( tu me tiens au courant ? j'espre que a ira mieeux pour luii
@ValBld on tente le tout pour le tout ma poule ! Rdv demain au ReR apres les cours !
@_LucasBub ah bonnnn t'es sre qu'on est ds la mme classe j'tais pas au courant
@_SarahYasmine @_WhtsUp Non mais c'est pas vous, et puis je prfre tre au courant !
@ausychi @Jaime_LOM C'est trs peu probable, une telle histoire aurait fait couler beaucoup d'encre et on serait au courant...
@belmokhtarrani @ThomasMrckski Ils peuvent voir ton niveau plus que courant d'anglais Thomas. Je suis fire de toi
@cecilefou Les rer sont des trains donc roulent "a gauche" tandis que le mtro roule "a droite" comme les voitures!
@claracoullaud ah ouais chaud patate! bon jte tiens au courant et je te dis au pire on fait comme la dernire fois jviens avec vs
@cle__gl @TonyT35300 tout le lyce tait au courant! Cest pas comme la mais ca fera la meme jpense! Y aura l'arme devant chez lui ptdr
@connorrpgdtny *coute le bruit des personnes qui crient et pars en courant vers la foule et te vois au sol* CONNOR! *se prcipite sur toi*
@conseilsdejulie Arf merde... Quelle galre !! Cmt vas tu faire ? Tiens nous au courant pour que l'on soit rassur
@consultingstark Mon cours finit dans 4 min... Mais aprs j'ai le rer...
@ctaillardat Et le 11 747 vers Culmont supprim... Je te tiens au courant.
@cyrxsxv no problemo tu seras la premire mise au courant
@daniele_henkel Je vous suis reconnaissante et je vous remercie pour l'encouragement! Vous serez au courant de Miss VV bientt ;-)
@daybaze: @SayinaL tqt je tiens au courant trs prochainement titoune  Anwww j'espre et je suis sre que tu vas russir ma titoune
@dchoppin oui j'exagrais un peu ahha, en gros y'a le post sionisme qui est un courant plutt vers l'extrme gauche, qui revendique un tat
@doriane_all mais rien  voir elle sera mme pas au courant elle arrive qu' 10h
@ehightek @thomsque L'attestation couvrira toute la journe et sera mise en ligne dans le courant de la journe
@fdpstyles @bzrrueco POURQUOI J'TAIS PAS AU COURANT POUR RTR
@firekira76 puis comme dis plus haut, si le courant passe bien, @Glory4Gamers sera  notre programme! je t'ajouterai ce soir!
@francoisenm Pas encore, elle le sera dans le courant de la journe...
@gayregis C'est parce que tu es un pistonn!!! je t'assure que le RER C est une catastrophe: trains supprims, retards...
@guyxx Comme a je serai au courant si tes copains te trouvent un lien...puisque visiblement je ne sers  rien.
@herve2652 Hazac frre je vais m'en occuper de mon ct si j'ai des News je te tiens au courant Chalom et encore faut rien lcher
@igorsage @themoefty L'attestation sera disponible sur  dans le courant de la journe ! Bonne journe
@jaiRPGPAH t'es au courant..? *te sers fort*
@jordan49520 Ben imagine elle serait au courant de sa
@jphuchon @iledefrance on a dj un coup d'avance avec le rseau #rer dsastreux #qml
@justineLapee Aux infos, tu vois que le voisin, ami, fils, pre... tue un proche, c'est courant maintenant... @piekowa
@kadelch_7 je sais pas encore quand je sors je vais le savoir ajd ou demain je vous tiens au courant frere
@kolo12rach @BURKINA_RT Cause toujours ! Blaise Faso est redevenu #Burkina Faso. Tu es au courant ? #lwili T'inquite il sera libr.
@larourarchitec1 Bonjour la verrire arrivera en semaine prochaine je vous tiens au courant des que j'ai plus de nouvelles
@laurence975 @RERA_RATP le colis venait tout juste d'tre dcouvert lors de votre passage. Le trafic est maintenant interrompu.
@laurentgallois Notre tract RER C le rclame  10 fois + de voyageurs dans nos trains de banlieue que surTOUS les TGV.
@leLab_E1 #Ici c pas le Brsil ns sommes en France vs tes au courant Cambadlis,bientt en Grce a vs ramrera  vos sources gnalogiques
@looic @Conducteur_RER regardons les prix d une place de TGV enorme et en plus en 2eme classe pas de prise de courant pour son portable etc
@lxisbl mon pre est en cte d'ivoire et ma mum est pas encore au courant a fait 10min
@maaroc95 jte tiens au courant mais sa fera 120 la place mdrrr
@materielnet Ah je n'etais pas au courant, ce qui veut dire qu'il faudrait que je divise ma commande en sous commande pour avoir le relais ?
@mawion17 Par contre moi je finis  12h 30 mais peut tre qu'elle nous fera sortir plus tt , je te tiens au courant par sms demain
@melaniedsn je ngocie pour que ma mre m'emmne j'ai pas envie de prendre le train, le mtro et le bus mdrr
@millefeintes @RERD_SNCF @HeleneR05 ils sur-remplissent les trains  l'heure pour gonfler leurs stats. Pas d'audit du #STIF = complicit
@moundirofficiel comment tu vas ?  tes mon prfrer a Koh Lanta si tu gagne je fais le tour de Nice en courant a oilp
@neozecat @RERD_SNCF @RERC_SNCF @durovray @RERD_SNCF ...on va sans doute recommencer, un tract "carton rouge"  la ligne N est en cours etc.
@nrenard75 @Caro_Jer C' est trs courant comme test, on est soit positif ou ngatif.
@olivedel "Si l'on sait comment conduire une voiture, ou un train..." Ah bon ?! Vs m'expliquez ? :-) @PeurAvion cc @Conducteur_RER
@overdxnose__ j'espre aussi, tiens moi au courant
@per_sarah Pour dire que j'tais positif et savoir si il tait au courant mdrrr
@petiflo48 Je ragissais surtout  ce que dit l'article "on sait comment conduire un train", hum ?! @Conducteur_RER @olivedel @PeurAvion
@quentinsbrt: J'ai faillit louper mon bus  30 secondes prt  Putain de voiture gele  j'tais dans la mme galre
@sedlakno ok tiens-moi au courant dans la journe je ferai de mme valuant ma fatigue
@seeksanusername Bonjour la vido du cours sera en ligne d'ici une dizaine de jours. Cordialement.
@sherbyloveU C'est absolument certain que le film sera prsent sur nos crans ! :) Au courant des prochaines semaines. On a trs hte !!!
@silvada676 M. Couillard reprsente un courant de pense au Qubec d'une classe de privilgis qui mprisent le nationalisme qubcois!
@silverhandsdoll ah oui a serait bien mais je sais pas si a peut se faire, tu me tiens au courant? #vote5sos
@skateofzayn t'as un lien? ptdr jss tjrs la dernire au courant
@soon Mais le lendemain, j'ai eu 2x230 sur mon compte courant (ce qui m'a mis dans le ngatif, j'espre payer aucun frais si je vais chez..
@stekob75fr @ActusPolitiques @FN_officiel @FNJ_officiel Mais ils sont au courant! On sera justement l pour lutter contre leur "congrs"!
@sugasmic Mais quand mme a va, depuis qu'on a gueul (plusieurs fois) les gens critiquent par derrire donc on est plus au courant et
@summerisback_ @paynaking @Harry_Styles JE METS MES CHAUSSURES ET JE COURS CHOPER LE RER
@sunoflash oh t'avais ma mre qui revenais des WC et qui , j'te rappelle , n'est pas au courant que j'suis gay
@superglacer @On83CP Tu as raison ... et vous tes au courant, le 14 septembre 2023, on emmnera les premiers hommes sur ... MARS ! :D
@want_fitspo non pas au courant, fin ma mre s'en doute un peu
@xlSNKR Tu a arrter :O j'tais pas au courant
@yetiblog Cela dit, J C Juncker tait srmt au courant des magouilles financires de Sarko LEurope (vertueuse) ou la somme des marigots !
A croire les freres sont toujours au courant..
A la Une | Deux morts et un bless grave dans un accident entre un camion et un bus
A partir du moment o ta 15ans tu sors pas du lyce en courant et en gueulant comme une grosse gamine. Les gens de ma classe me dsespre...
A voir sur #TlBruxelles RT @Julie_Ent @vivacite vous tient au courant en direct des dernires infos lies  la manifestation de ce 6/11.
ALERTE AU BON PLAN! Au cas o vous ne seriez pas au courant, ETUDE HOUSE Global envoie depuis quelques temps ...
Accident de bus, Conseil des droits de l'homme et Faiza Aboul-Naga, le papier plein d'entrain du jour sur l'Egypte
Accident de bus, petit constat oklm
Accident entre autobus STO et voiture sur Montcalm/Autoroute 50. Ligne 100. Blesss mineurs. Congestion. #iciottgat
Accident entre le Vaud et marchissy. Passage impossible apparement. Bus redescendu de le Vaud sur Begnins pour...
Accident entre un autobus d'OC Transpo et un Train de Via Rail vit ce matin?
Ah ouai le coup des oreos dans lcul le monde entier sera au courant un jour
Aprs deux mois de cours il serai peut-tre temps que je comprenne a quelle heure je dois prendre le bus...
Attendez attendez, comment a "Wolverine n'est pas htro ?",POURQUOI JE SUIS LA DERNIRE PERSONNE SUR TERRE AU COURANT ?!
Au moins qql sera au courant et tout genre. #LT
Aujourd'hui j'ai eu un accident de tram ! Oklm
Aujourd'hui je fait que de courir derrire le bus matin midi et soir
Avec les retours de tremoulinas et guilavogui, l'quipe de France prpare son 2eme tour de coupe d'Isre #Edf
Avec mon frre c'est mort je vais louper le bus -'
Avoir une personne qui se fait dtester car elle ne veut pas avancer dans le couloir du train alors que d'autres sont entasss!! #RERD
Bientt quand j'aurai une mauvaise note ma mre sera au courant avant moi si a continue #EMABiggestFans1D
Bon j'ai pas la foi de rviser mon cours d'histoire, je le ferais demain matin ds le bus
Bon... On a rcuprer notre Bus mais tjs pas le chauffeur  On a fait un grand pas deja !
Bonjour  tous. Je serai heureux de vous tenir au courant de mon actualit rgulirement via Twitter.
Bonjour @RERB. Pouvez-vous nous informer sur la disparition du train suppos passer  Bures  8h12 ? Merci. #RERB
Bonjour, Denis de la #RATP est avec vous pour vous renseigner de l'volution du trafic sur le #RERA.
Bonne nouvelle! Le #RERC reprend un trafic normal #OK
Bus percut  Villeneuve-sous-Pymont : deux personnes tues: Un accident entre unbus-cole et un poids-lourd ...
Bus qui s'arrte pas, passage bloqu, dtour, accident... Ptn ca sent vrmt la soire de mierda
But spirituel du #GEmeaux dans la vie : apprendre A coop rer avec les autres
C le bazar dans les gares c pas comme si vous tiez pas au courant des 100000 pers. #sncb j'espre que vous avez prvu les retours renforcs
C'EST BON CA ROUUULE !   Aller on fait tous une Hola !  #rerC #qml @RERC_SNCF  *Hymne de la coupe du monde 98*
C'est un peu l'horreur les bus le matin en proche banlieue. Vivement que je rcupre mon vlo!
C'est vraiment rigolo les crans  Massy : sur les 5 prochains trains, aucun pour St Rmy ! #rerb
CA-94 W/B : Accident at Massachusetts Avenue -
Ca me fait rire les gens qui sortent du mtro en courant pour avoir le tram et arriver devant, le tram qui se barre
Ce matin j'arrive, premire heure, on me dit que j'ai une ie, ok j'tais pas au courant
Ce matin j'attend le RER C sur le quai ta un mec sortie de nul part qui ce rapproche de moi trs prs heureusement le train est arrive
Ce matin je loupe mon bus, ma mre loupe sont train puis le 2 me bravo
Ce midi dans les 12 coups de midi ils ont dit que si Gourcuff n'arrivait pas  s'intgrer en EDF c'est parce qu'il est trop beau mdrr
Ce putain de bus qui arrive 5 minutes en retard du coup le prof veut pas que je rentre en cours. Putain de merde je vais pter un cble.
Ceux qui ont leur bac blanc demain et qui panique pour vous dire mon bus il tait en grve du coup jles pas pass donc bonne galre
Comment aurais-je pu deviner qu'il y aurait un train de moins ce matin au dpart de Courcelle sur Yvette? 25 minutes d'attente !,#RERB
Compte-rendu des DP de lEIC : la Ligne C est au ralenti mais pas les problmes !
Courir aprs son rer car le suivant est supprim , oublier son casque; pas de @ouifm ce matin! Le Jedi n'est pas avec moi ce jeudi matin :(
Courir, louper son rer, devoir attendre 15mins. La journe commence super bien !
Cours jusqu' 18h15.. Le temps de rentrer, choper un bus, je serais chez moi  19h. #Seum
D'habitude mon chauffeur de bus il fait tt le tps des accidents et l on en a pas eu depuis lgtmps jcrois qu'il a enfin pass le permis!!!
Dans le rer ya une dernire foumas traits fin tt ca charmante mais que elle met son doigt ds le nez
Dans les coulisses du nettoyage et de la maintenance au quotidien des #Transilien #RER #OnAgit
DebooOoooout, les amis! #BXLMatin @vivacite vous tient au courant en direct des dernires infos lies  la manifestation de ce 6 novembre.
Demain je serais seule dans le bus et je pourrais mme pas couter de musique ptn
Demain y'a mme pas de train j'dois rentrer en bus c'est quoi cette galre
Des retards de 10  15 mn mais le trafic est fluide. J'aime les annonces pleines d'optmisme du #RERB. Puisqu'on vous dit que tout va bien.
Deux morts dans un accident entre un camion et un bus
Disponible en Europe courant 2015, Apple Pay sera un coup d'acclrateur pour le paiement sans contact :  #CorpMC
Domino  Puidoux-Chexbres sur la ligne S31 "Train des Vignes" du RER Vaud @ Gare de Puidoux-Chexbres
Donc #Hollande est au courant que sa cravate est sans arrt de travers et il ne fait rien pour y remdier... #DirectPR
Ecoles, commerces, administrations, bus, trains...: voici ce qui sera  l'arrt  Charleroi  via @sudpresseonline
Ecoles, commerces, administrations, bus, trains...: voici ce qui sera  l'arrt dans la rgion de Mons
Elle elle voulait arriver devant lui en courant, saut et s'arrter devant lui
Elle est pas mal celle l @RERD_SNCF @SNCF_QR faudrait revoir vous prog des afficheurs dans les trains (train vupe)
Elle m'a pas vu bourre mais elle sera vite au courant je pense..
En vrai j'ai trop peur de louper mon vol avec le RER l :(
Enchaner basket, contrle de maths et courir aprs le bus, c'est plus de mon ge
Entendu dans le RER -sur la chemin de la fac- !!!"Nan, mais franchement la socio a sert  rien",Mais, coute! c'est toi qui sers  rien!
Entre le rer qui te fait changer de train, 2 min aprs "nan en fait retourner dedans" hihi connard
Espre surtout que dans 2ans et demi,on dira @fhollande:Merci pour la France,d'avoir tenu bon,rform et t  contre courant...#DirectPR
Et c'est reparti ! Montgeron Train de 7h 26 pour GDL supprim . RERD DE M....
Et dire que la je serait encore en train d'attendre le bus, alors que je viens dd me rveiller d'une bonne sieste l
Et elle va prendre ma dfense quand mon pre sera au courant !
Et en plus tous les RER sont retards, alors du coup un p'tit tour au centre commercial
Et encore aujourd'hui des trains sont supprims en heure de pointe sur le @RERC_SNCF sans aucune info sur l'appli ou en gare.
Et mddddr ce matin j'me suis rveill en retard j'me suis dpch pour prendre le bus ce fdp il a fais un accident j'avais le seum
Et pendant ce temps,  Vera Cruz, Damien Rice sort un nouvel album. Tu tais au courant ?
Et pourquoi pas du podcast mais vous ne serez pas au courant, je ferai a en dehors de ma chaine gaming, je ne veux pas montrer ma tte
Et srement lundi si a va pas... Je serais vite au courant de toute faon..
Eva elle nous a pommer dans le quartier on est rentre dans le jardin des gens la lumire c'est allum on c'est barrer en courant  @EvaHfr
Finalement un autre train s arrt. 4eme dimension a fontaine michalon @rerb. #qml
Fougres, si tu veux faire passer un message, dis le ne serais-ce qu' une seule personne, t'es sr qu'en 2h t'as tout l'peuple au courant
Franchement je prfrais l'poque des bus y'avait jamais de retard parce que le T1 laisse tomber accidents, retard ect nique ta mre !
Francois hollande est-il au courant qu'il parle a des Franais et non a des philosophes ? Ses phrases tires de Molire
Fuck ! Premire game, je suis en 6-0 et la COUPURE DE COURANT !!!
Grandir sans pre c'est courant mais grandir sans mre c'est traumatisant. J'remercie le seigneur d'avoir protg la mienne  l'accouchement
Grosse eclate a la regulation de trafic du RER A "attrapez le pompom !"
Grrr... On est dans le mme train, c'est a @tybo ? Je ne te vois pas :-) (@ RER Arcueil  Cachan [B])
Ha ouais aujourd hui c'etait mon 1er accident en bus !
Heureusement que j'avais bien ma carte de bus, je me voyais mal faire 5 arrts  pied pour rcuprer un tram avec mon sac de 10 kg...
Hier soir on a eu un accident de tram bien sur j'tais pile l o a a tappe, voiture et tram dmonts: heureusement aucun bless !
Il est 06:08 et le trafic est normal sur l'ensemble des lignes de RER
Il est 06:21 et le trafic est normal sur l'ensemble des lignes de RER
Il est 15:39 et le trafic est normal sur l'ensemble des lignes de RER
Il est 15:43 et le trafic est normal sur l'ensemble des lignes de RER
Il faut rentrer  la maison en bus dans le froid ET re sortir en collant pour le cours de classique#Motivation,Heureusement ya @CaliCha05
Il vient de rpter 7 fois en moins de 5 minutes "je suis Prsident de la Rpublique". On est au courant vieux... #DirectPR
Ils en ont pas marre de supprimer des trains franchement ? #RERD
Imagine t'es en couple, ton mec tweet "je suis a l'hosto ca me soule" ca m'ferais chier a part toi tte la TL est au courant
Impossible de monter dedans. Je savais bien qu'il allait y avoir une merde !! @RERB trafic normal ??
Infotrafic #RERC +10/20 min trains SLOM et KUMA suite  interv. secours  Austerlitz (voy. tomb ds un train). >
J'ai bien reu le mail de rexpdition de ma commande @FreePrints_FR ! Je vous tiens au courant
J'ai couru pour rcuprer mes couteurs, j'ai russi  avoir mon bus et en rentrant dedans mes autres couteurs taient dans ma poche.
J'ai dis a ma mre pour la meuf du tram qui m'a donner un coup dans le menton suite a mon opration et elle m'a dit -
J'ai faillit avoir un accident de bus yolo
J'ai loup le Nintendo Direct d'hier soir, premire info : Majora's Mask sur 3DS. Je saute de joie comme un con dans le RER, personne capte
J'ai loup mon bus de 17h10, pourtant j'avais couru, ce qui est rare mdrr
J'ai loup un bus et deux RER aujourd'hui. C'tait pas mon jour
J'ai nettoyer comme sa ma mere ne sera pas au courant si non j'suis morte
J'aime une vido @YouTube: "SI TU REDOUBLES LE MONDE ENTIER SERA AU COURANT !"  l'adresse .
J'espre j'ai pas louper le bus pcq ya personne  mon arrt
J'espre qu'il est au courant qu'il n'y a pas de 50/50 appel  un ami ou autres! #DirectPR #Hollande
J'espre que ce mail l'Universit de Lorraine est au courant. Il vous a menez en bateau Sylvain ,et Jeremie
J'espre tre vite au courant
J'fais  Slilenger ''vient Mathieu sera pas au courant t'inquite'',On est partit trop loin.
J'me souviens une fois y'a un mec qui nous a insult genre lui etait dans le rer et nous sur le quai et un moment le train part et il nous
J'suis au courant de quand c'est envoy, quand tu reois, quand t'as lu, l'heure exacte.
J'suis sre que l il a envie de partir en courant
J'suis tomber en courant derrire Sirine et a cause de la jambe de Lucantoine !
J'tais mme pas au courant que mon pre tais partit a la Mecque le moi dernier
J'tait dans le RER A shrplus cetait quand enfin brf .... Javais vu un couple wllh le mec il a baisser sa tete psk on netai enface de lui
Jai loup le rer huhu qui c'est qui va arriver en retard
Je cours aprs personnes sauf d'arrire le bus.
Je crois que a s'ra la premire fois o j'irais chez le coiffeur en courant.
Je fais genre mais je vous jure que sava pas les gars naruto c'est fini j'ai l'impression que mes parrains sont mort dans un accident de bus
Je me demande o va l'argent que je verse ts les mois,vu que la suppression de train est en partie due  un "manque de materiel" #qml #RERB
Je n'ai vraiment pas le temps de rpondre  vos commentaires mais promis a sera fait dans le courant de la semaine prochaine
Je pense qu'ils sont pas au courant qu'on peut postuler par internet et tous a, pour eux faut encore faire  la vieille manire..
Je pense que c'est aussi bien comme a que j'ai louper mon bus aujourd'hui. Parce que je me serais pris la tte avec tout l'monde
Je pense que le boss final de Train Simulator c'est le #RERB. Cette ligne est un troll extraordinaire.
Je sais pas si mon pre il est au courant que ont pars dans 5 minutes la
Je sors des cours, lessive par cette journe je vais  l'arrt de bus et j'entends les premire chanter pendant 15 min comme des merdes
Je suis a mort en retard et je compte pas arriver au lyce pour la fin de la premire heure, je suis dtende dans le bus j'coute les Stones
Je suis inquite. Coupure de courant  la maison... J'espre que mon nas est vivant.
Je suis sre que Maya est au courant de quelque chose. Elle est louche cette fille. #The100
Je suis sre que dans 1 semaine tout le lyce va tre au courant mdrrr
Je suis sre que je vais louper Le Petit Journal  cause de ce bus de merde. C'tait ma motivation de la journe.
Je suis sur elle va louper le RER cette boloss
Je suis toujours la dernire au courant #O
Je vais chez mon pre ce week-end ils taient tous au courant sauf moi,merci de me prvenir hein
Je vous le dit comme a vous serez au courant, il fait genre 3 degrs dehors
Jprenais le train jusqu' la def et aprs le rer pour aller chez moi mais j'ai un bus direct chez moi  la celle St cloud miskine ptain
Jsuis presse qui neige comme a grve des bus pas cours mme si je prends pas le bus je m'en balek a me fera une excuse pr pas venir
Jsuis toujours la dernire au courant quand il s'agit de ma famille
Jura | Deux morts et un bless grave dans un accident entre un camion et un bus
Jura: deux morts dans un accident de bus  #FlashActu
Jura: deux morts dans un accident de bus: Deux hommes sont morts et un troisime a t grivement bless,
Jura: deux morts dans un accident debus
Kuma bloque en gare de Choisy pour fluidifier le trafic..... #RERC
L'infotrafic RER C : trafic ralenti sens Juvisy - Paris 9:00 #rerC -
La chance ! Trafic fluide sur toute la ligne #RERE #OK Bonne journe !
La dernire fois a la gare j'ai vu carlito des chtis j'ai fait : hey carlito viens ici et il est parti limite en courant
La mre a Ilona ma dpos j'ai pas pris le bus du coup
Le 10/01/2013 y a une meuf qui m'a dit "jte tiens au courant pour que tu viennes chez moi" j'espre elle va rep bientot
Le @RERA_RATP marqu sans arrt, tu restes dans la gare parce qu'il caille et qui finalement s'arrte .. tu cours, et le rates... #merciratp
Le PAPO qui s'appelle Wxxx semble maintenant tre annonc  quai comme un LEVE32. Trafic rgulier, tout va bien. #rerb
Le bordel dans le tram ce matin qd il y a eu un beug, un gars tait trop vnr il traitait le chauffeur et tout le monde tait mort de rire
Le bus a eu un accident :(
Le bus du collge il va arriver que moi je serai encore en train d'attendre lui du lyce
Le bus il arrive, je me met bien devant pour qu'il s'arrte, il met son clignotant, il ralentit et il s'arrte pas ce fdp
Le bus il va au ralenti
Le chauffeur de bus le fait exprs en fait, il va au ralenti pour qu'on caille bien
Le chauffeur de bus tait sur son phone, il regardais mme pas la rue, il roulait pas droit et au ralenti, j'avais des envies de meurtre !
Le courant semble ne pas passer avec mon fan club. Serait ce un black out anticip ?
Le daron a Eric il a pas de pied il cour derrire le bus il est tomber il a dit mm pas mal
Le fdp au micro de la gare du bourget il a os dire que le trafic fluide alors que le tps d'attente du rer c'est 20 minutes quoi
Le jours ou tu arrteras de critiquer, tiens moi au courant bouffonne
Le systme d'alarme dclench quand le train arrive blind aprs plus de 10mins d'attente en heure de pointe, c'est normal #RerB
Le trafic est interrompu entre Etoile et Nation sur la ligne #RERA #KO
Le tram juste avant le mien a eu un accident.. j'ai un p'tit pou peur
Les autoroutes franaises sans lumire l , mm si on a dit on economise le courant
Les joueurs d'accordon dans le RER quand tu coutes Greg Haines au casque < le riz au lait < Mixbeat < le dernier album de Zaz
Les meilleurs moment de ma journe sont le matin couter d'la musique dans le bus et le soir traner sur les rseau sociaux dans mon lit
Les nanas qui critiquent les maquillages d'Halloween, vous tes au courant que RIEN ne vous a forc  le fter et  regarder les tuto ?
Les nouveaux crans d'information des usagers du @RERA_RATP sont en cours d'installation en gare de Fontenay-sous-Bois.
Les souverainiste peuvent il m'expliquer combien Natalie normandeau a reu en argent . ils on l'air au courant
Les vieux qui ralent pcq le bus est lent j'ai bien envie de leur demander de quoi ils sont presss... DE CREVER ?!
Libertaland: Bus percut  Villeneuve-sous-Pymont : deux personnes tues: Un accident entre unbus-cole et un...
Light This Up (avant 1,79), super jeu de rflexion o vous devez diriger du courant vers une ampoule pour lallumer
Lundi le bus pete son pare brise et aujourd'hui il ralentit trop fort et assome en gars, demain il tue quelqu'un ?
MON FRRE C VRAIMENT UN ABRUTI IL ARRIVE DANS LE BUS SANS SON SAC SVP ALORS QU'ON VA EN COURS LA , MAIS QUEL CON
MT @Boyler33: 2ime accident de train impliquant un bus de @OC_Transpo vit de justesse  Barrhaven ce matin ?
MT @ICIEmilieB: Accident vit ce matin  Barrhaven impliquant bus d'OC Transpo? via @Boyler33 #ottawa #iciottgat
Ma carte de bus et de self tait rest dans mon manteau qui tait dans la voiture hors ma mre tait dj parti au travail du coup je suis-
Ma mre "Ouu tu peux dormir chez ton pre demain soir, mais tu vas au lyce en bus du coup-c'est du chantage?-non, de l'organisation",Ptdr
Ma mre croyait que j'tais au courant mais non mme pas, il m'en a mme pas parler qui aller appeller ou quoi
Ma mre elle va me tuer que j'ai louper le bus ouaaaah Jai Deja peur pour ce soir
Ma mre est au courant pour Quentin
Ma mre me l'as envoy courant septembre car c'est en relation avec mon sujet de mmoire, mais je ne l'avais pas encore ouvert...
Mais il est au courant de ce qu'il s'est pass ces 2 dernires annes ???? #Hollande #entrepreneur !
Mais j'espre cet hiver au moins ynaura des annulation de bus et de train
Mais sinon je viens de l'couter j'aime bien mais c'est que la premire coute dans le bus et avec un son moyen
Maissa et moi le matin on parle toujours en MSG pour traiter les gens qui vient nous soler des de le matin dans le bus
Majella, Bette, Charlotte et les autres : me voiciiiiiiiiiiiiiiiiiiiiiiiiiiii \o/ *se dsape en courant vers son lit*
Mdrr RTL9 est au courant qu'halloween c'etait la semaine dernire ?
Mdrrr le courant qui revient chez moi vers 4h du matin
Me voil donc debout entasse dans un train qui va me demander de faire 2 changements et rallonger le temps de parcours .... Vive le RERC !!
Merci au conducteur du RER ce matin pour ses blagues venues d'ailleurs..! Train QLIN #RERA 9h10 environ !
Merci au deux abonns vous serai les premiers au courant de ma chaine
Meri Annalle d'avoir desactiver mon reveil, bus loup!
Meteo du #RER (#ratp) : OK () 06/11/2014 a 01:01 Trafic normal sur l'ensemble ...
Meteo du #RER (#ratp) : OK () 06/11/2014 a 06:07 Trafic normal sur l'ensemble ...
Meteo du #RER (#ratp) : OK () 06/11/2014 a 10:41 Trafic normal sur l'ensemble ...
Meteo du #RER (#ratp) : OK () 06/11/2014 a 15:41 Trafic normal sur l'ensemble ...
Moi j'ai un nouveau jeu dans le RER, dcouvrir si aujourd'hui sera un jour "colis suspect", "malaise voyageur" ou "accident voyageur".
Moi quand je cour dans la mont pour avoir mon tram j'galre et aprs je le loupe
Mon RER il s'est arrt net tout  l'heure, genre il a pil ils ont tout coup avant chtelet et tout, j'ai flipp sur le coup
Mon frre a cru qu'aujourd'hui c'tait la runion parents-profs du coup il a pas prit son bus mais c'tait la semaine prochaine mdrrrr
Mon frre a ouvert mon cahier de math et il est partit en courant.. Quand les mauvais souvenir refont surface c'est tjr dur
Mon frre commence a 10h demain je lui propose de l'emmener a 9h vu que j'ai cours et il me sort "non j'y vais  8h en bus"
Mon frre est derrire mpi dans le bus. Je donne un coup dans la sige et il reoit un coup lel
Mon frre est tomb en courant au collge.. Au final il est aux urgences mdrr quel bouffon
Mon frre il est carrment sortie de sa chambre en courant tellement il a peur, il est trs rassurant je trouve
Mon frre il loupe tjr son bus
Mon frre il rentre dans ma chambre en courant et gueulant "battaaaille de PQ" et il me jette dessus mddddrrrrrrrrr jpp
Mon frre il va pas en cours parce que y a grve des bus puis en fait son bus est pass. Donc il a techniquement sch. Fdp.
Mon frre qui loupe le bus et qui me fais peur en me levant :@
Mon pre est au courant de rien
Mon pre il dort et comme il devais me passer de l'argent ''j'ai louper mon bus donc '' j'attends celui de 8h50/donc comme a j'ai mes tunes
Mon pre il mfai louper mon bus mon bus et il m'encule quand mme
Mon pre quand il voit qu'j'ai loup l'bus limite il s'fout plus de ma gueule qu'il ne m'engueule
Mon pre qui vient me chercher avec une nouvelle voiture sans que je sois au courant, j'ai kiff
Mon train s'appelle PNEU. La RATP a dj t plus potique. #qml #rerb
Mon tuteur qui me sort : "la semaine prochaine tu risque de venir seulement lundi je te tiens au courant" sa serait tellement bien
Mort de rire elle loup le bus
Mtro Ligne 10 En raison d'un incident technique, le trafic est ralenti sur l'ensemble de la ligne. Trafic normal sur les autres [1/2]
Mtro Ligne 13 En raison d'une panne de signalisation, le trafic est ralenti sur la ligne. Trafic normal sur les autres lignes de Mtro.
Mtro Ligne 13 En rpercussion d'une panne de signalisation, le trafic est ralenti sur la ligne. Trafic normal sur les autres l [1/2]
Mtro Ligne 5 En raison d'un malaise voyageur  la station Stalingrad, le trafic est interrompu de Rpublique  Jaurs.Repri [1/2]
Mtro Ligne 5 En raison d'une panne de signalisation, le trafic est ralenti sur la ligne. Trafic normal sur les autres lignes Mtro.
Mtro Ligne 5 En rpercussion d'un malaise voyageur  la station Stalingrad, le trafic est ralenti sur l'ensemble de la ligne. [1/2]
Mtro Ligne 6 En rpercussion d'un colis suspect  Montparnasse Bienvenue, le trafic est ralenti sur l'ensemble de la ligne.
Mu. Souci lectrique dans le tunnel  #parisnord. Un train en attente. a se rsoud vite normalement. #normalement#rerb#sncf,#qml
Nan mais srieux il est au courant que dj son cours finit  21h30, donc que je serai pas rentre avant 22h ??
Nantes. Accident sur la ligne 3 : le tram percute un camion de planches de bois
Nantes. Accident sur la ligne 3 : le tram percute un camion de planches de bois (Presse-Ocan)... #nouvelle #nantes
Nantes. Accident sur la ligne 3 : le tram percute un camion de planches de bois... #nouvelle #nantes
Nique sa mre la coupure de courant au TPE .. 2h de travail non sauvegard ..
Non mais serieux.. quelle POISSE! Accident en bus.. j'y crois mme pas! J'accumule les merdes !
Normalement ma mre elle doit recevoir des msg du bahu sa veut dire que jpeux secher quand je veux ma mere elle sera pas au courant
Nos trains sont beaux et climatiss dans les RER mama on dirait ya des niafu qui se.sont dfriser les cheveux a pue l'ammoniaque !!
Nouveau sur le #RerA : le flash info "Vos trains sont  l'heure" ! La communication... #qml
Nuit de merde + train super en retard +rer supprim+mon pote absent... C sur je me suis couche du mauvais pied ! #journeedemerde #Combo
On a trainer et vers 17h on va attendre son bus mais l'truc cst qu'il passe pas..
On a truc de scurit routire in tait pas au courant
On est au courant de touuuus les ragots maintenant l'infirmire elle nous a tout racont
Oups ! Suite  un colis suspect, le trafic est ralenti sur toute la ligne #RERA #BOF
PB DE BAIZE SUR LE RER A YA MEME PAS DE TRAIN LA
Parfait ! Accident avec le bus ! Je vais arriver en retard c'est Magnigique !
Parmi les intervenants #MediapartLive, actuellement @Enercoop_SCIC qui vient de crer sa Coop chez nous : @EnercoopMIP, soutenue par @ARPEMP
Personne ne sera au courant tu projet avant que je sois sur.
Petite surprise elle tait devant chez moi ma mre dj au courant et tout mdr
Pierre au dbut il me fait "oh ptn" et l il vois j'tais mdr du coup il explose de rire, moi j'me suis lev et jsuis parti en courant mdddr
Pour cause de colis suspect le @RERA_RATP le trafic est arrt entre #Nation et #Auber ! #PointRapFR
Pour se tenir au courant des enjeux : Vers un retour du #gazdeschiste  #polqc
Pourquoi les mtros arrivent de la gauche et les RER / trains de la droite ?
Premire fois que le bus est a l'heure, ducoup j'ai dit courir mdddr
Premire nuclaire se matin sur AW on dbloque une bombe qui explose si vous t pas au courant. Je vais essay dans faire d'autre se soir
Ps : La menace que sent Sasuke c mecra c une amorce pour la mini serie qui sortira courant 2015
Ptdrrrr j'passe devant le chteau d'eau en bus jvois quoi y a un vieux renoi en train dpisser sur le chteau d'eau derrire l'arrt de bus
Ptn j'ai loup mon bus, mon pre doit m'emmener :(
Ptn la honte d'avoir rat Ready to Run j'tais mme pas au courant !!! Mais g trop de travaille en ce moment jpp bref elle gre !!!!
Putain de Belgique sa mre la lune pour une fois que je suis dter pour aller en cours y'a ni mtro ni bus
Putain j'ai failli me bouffer la fentre du bus , un peu de pplus et y'aurai eu l'accident c'est chaud..
Putain jsuis mme pas sre d'avoir mon train  cause du bus qui mets trois heures  venir l
Putain on c'est tromper de tram du coup on a du marcher chre longtemps dans le froid
Quand certains sont au courant des choses, ils feraient mieux d'viter de m'les casser avec leurs histoires d'ados en pleine crise.
Quand je serais prsident je ferais en sorte que les voyages en bus/train soient gratuit et j'enverrais tout les contrleurs au chmage
Quelqu'un a l'adresse du Carlito.J'ai pas mal de monde a ramener moi!Jespre qu'il est au courant que a va dgenrer! ^^ #LundiChezCarlito
Qui peut m'expliquer l'utilit de mettre de la clim dans un train avec un temps pareil ?????????????? Fxcking #RERC
RER A En raison de la prsence d'un colis suspect, l'arrt n'est pas marqu  la gare d'Auber. Trafic normal sur les autres l [1/2]
RER A En raison de la prsence d'un colis suspect, le trafic est interrompu entre les gares Charles de Gaulle-Etoile et Nation s [1/2]
RER A En rpercussion de la prsence d'un colis suspect, le trafic est ralenti sur l'ensemble de la ligne. Trafic normal sur le [1/2]
RER A: trafic interrompu Etoile - Nation
RER B En raison d'un incident voyageur  Vert Galant, le trafic est interrompu en direction de Robinson et Saint-Rmy ls Chev [1/2]
RER B En rpercussion d'un incident voyageur  Vert Galant, le trafic est ralenti sur l'ensemble de la ligne. Trafic normal sur [1/2]
RT @Aguichet: Je prfre passer pour une intello et suivre #Hollande sur TF1, plutt que de n'tre au courant de rien et ne servir a rien en 2017.
RT @Alison_LKM: T'aleur dans l'bus y'avait un gars derrire moi, il avait ses couteurs et il coutait JUL  fond, j'ai cru j'allais pter un cble ptn.
RT @All_in_GCU: Donc #Hollande est au courant que sa cravate est sans arrt de travers et il ne fait rien pour y remdier... #DirectPR
RT @Amanda_Pinault: Mon frre est tomb en courant au collge.. Au final il est aux urgences mdrr quel bouffon
RT @AndreaaAloha: Le fdp au micro de la gare du bourget il a os dire que le trafic fluide alors que le tps d'attente du rer c'est 20 minutes quoi
RT @AppliSelect: Light This Up (avant 1,79), super jeu de rflexion o vous devez diriger du courant vers une ampoule pour lallumer
RT @BruceLarre: Je me demande o va l'argent que je verse ts les mois,vu que la suppression de train est en partie due  un "manque de materiel" #qml #RERB
RT @CDNtransport: #OCTranspo News: Accident entre un autobus d'OC Transpo et un Train de Via Rail vit ce mat...
RT @CIaudeFrancois: RE JE SUIS LA, DSOL DU RETARD J'AVAIS UNE PETITE COUPURE DE COURANT
RT @CabelleroDkt: Le daron a Eric il a pas de pied il cour derrire le bus il est tomber il a dit mm pas mal
RT @Cactus_Menteur: Ma mre me l'as envoy courant septembre car c'est en relation avec mon sujet de mmoire, mais je ne l'avais pas encore ouvert...
RT @Camille_lmt: Mdrr je suis trop fire de moi j'ai eu mon bus mais maintenant mon train et en panne
RT @Carotte_Cuite: Cours jusqu' 18h15.. Le temps de rentrer, choper un bus, je serais chez moi  19h. #Seum
RT @Ceauclem: Vouloir couter un bon petit Disclosure dans le bus et entendre la chanson de maitre gims  fond derrire.. envie de meurtre
RT @ChloeTshamala: Nos trains sont beaux et climatiss dans les RER mama on dirait ya des niafu qui se.sont dfriser les cheveux a pue l'ammoniaque !!
RT @ClaraAln: Le jours ou tu arrteras de critiquer, tiens moi au courant bouffonne
RT @ClemenceVzgi: Pour cause de colis suspect le @RERA_RATP le trafic est arrt entre #Nation et #Auber ! #PointRapFR
RT @Conducteur_RER: @Conducteur_SNCF On m'a dj demand plusieurs fois l'accs cabine en voquant la peur du train... @olivedel @PeurAvion
RT @Conducteur_RER: @garma77 Dans ce cas, si l'OPJ n'autorise pas la reprise des circulations, a va changer quoi? Ils auront des trains sauteurs?
RT @Conducteur_RER: Encore un vol  l'arrach dans mon train...
RT @CyrielleJardin:  Fougres, si tu veux faire passer un message, dis le ne serais-ce qu' une seule personne, t'es sr qu'en 2h t'as tout l'peuple au courant
RT @DartoisLois: Putain on c'est tromper de tram du coup on a du marcher chre longtemps dans le froid
RT @DeehCestCLEO: Je fais genre mais je vous jure que sava pas les gars naruto c'est fini j'ai l'impression que mes parrains sont mort dans un accident de bus
RT @DenisTherriault: MT @Boyler33: 2ime accident de train impliquant un bus de @OC_Transpo vit de justesse  Barrhaven ce matin ?
RT @Denislamalice91: @20Minutes @LeParisien_75 la photo du rail casse hier a St Michel notre Dame ligne C on a peur d un accident grave
RT @Ebelle_Bosso: Grandir sans pre c'est courant mais grandir sans mre c'est traumatisant. J'remercie le seigneur d'avoir protg la mienne  l'accouchement
RT @ElKingo5: Rtsi qn tu fai ls course avk ta mere arriv a la caisse el Se barre en courant en te dizan "la vie dma mre paye fdp"
RT @Elise_Gabrielle: Trop bien : notre train est "rebaptis"  Laplace donc on se fait jecter #wtf #rerb #qml
RT @Fedlate: Trafic perturb sur la ligne de #rerc  10:00 le 06/11 #fedlate en savoir plus sur
RT @FewenMadEye: Ma mre est au courant pour Quentin
RT @Flo23500: Train FACA, dpart dans 4 minutes de Melun #RERD_SNCF
RT @Flonoxx: @DerkosIII @Ppacopac31 non c'est courant c juste qu'elle tait grosse et derrire les intestins donc j'ai bien mal mais a va aller Tkt
RT @Flowters_: a y est, tout Fougres est au courant #LundiChezCarlito
RT @Francsbes: #prison Nouma 2 ans1/2  dormir par terre, poussire, nuisibles, rats, fourmis, margouillats, fils de courant dnuds. Insupportable.
RT @H0GVN: RTsi ton daron, a LasVegas il s'est cru ds le loup d'wall street il as nik toute ls conomies d'la mif 2pui t'jou de l'accordon ds l'RER
RT @HoroscopGemeaux: But spirituel du #GEmeaux dans la vie : apprendre A coop rer avec les autres
RT @Ilagee: Une folle dans le bus est en train d'argumenter toute seule et  voix haute d'une manire nerve et exagre. On dirait Twitter.
RT @Infos_RATP: Relement on fait pas grve ya juste une Grosse partouze de prvu avec les collgues mardi du coup pour les RER vous allez vous faire encul
RT @IsaSenecal: Des retards de 10  15 mn mais le trafic est fluide. J'aime les annonces pleines d'optmisme du #RERB. Puisqu'on vous dit que tout va bien.
RT @J0uanR0main: @RERA_RATP: Retour  un trafic rgulier sur l'ensemble de la ligne #RERA #RATP. Incident termin.,Champagne?
RT @JeanYvesMorio: Eneo a du recevoir un coup de fil d'Etoudi, ils ont remis le courant illico presto #6novembre #32anssansmourir
RT @JohanLANGOT: @couzelin: Arbre  vent qui gnre du courant  la Cit des Telecoms  je veux le mme dans mon jardin, possible ?
RT @Jon_Ge: Nouveau sur le #RerA : le flash info "Vos trains sont  l'heure" ! La communication... #qml
RT @Julie_Ent: DebooOoooout, les amis! #BXLMatin @vivacite vous tient au courant en direct des dernires infos lies  la manifestation de ce 6 novembre.
RT @Kader57250: Le courant passe pas avec ma femme de quoi pter un fusible #fababy
RT @Knyzer: Suis-je la dernire au courant ?? J'ai mme pas encore cout mais vos tweet me mette en haleine !! #ReadyToRun
RT @LC1805: #RERB 25 mn d'attente pour avoir un train pour Orsay  Denfert Rochereau #qml
RT @LIGNEL_sncf: #RERA: Trafic ralenti sur axes #Cergy/#Poissy; prvoir des retards de 5 15mins sur #RERA jusqu' 09h30
RT @LaPtiteElice: @ClemGwen encore et toujours : l'ignorance... A Denfert, 10 min d'cart entre deux trains. @RERB
RT @LaPtiteElice: Un aperu de ma vue dans ce putain de #RERB. Entre dix aisselles et un coude dans la gueule. MARRE. #qml
RT @LaetySbk: Et mddddr ce matin j'me suis rveill en retard j'me suis dpch pour prendre le bus ce fdp il a fais un accident j'avais le seum
RT @LauWayne_972: Qui peut m'expliquer l'utilit de mettre de la clim dans un train avec un temps pareil ?????????????? Fxcking #RERC
RT @Lauredane_Lbrnn: Le bordel dans le tram ce matin qd il y a eu un beug, un gars tait trop vnr il traitait le chauffeur et tout le monde tait mort de rire
RT @LaurenVilain: Le systme d'alarme dclench quand le train arrive blind aprs plus de 10mins d'attente en heure de pointe, c'est normal #RerB
RT @LeJugeRERB: C'est vraiment rigolo les crans  Massy : sur les 5 prochains trains, aucun pour St Rmy ! #rerb
RT @LeJugeRERB: Le PAPO qui s'appelle Wxxx semble maintenant tre annonc  quai comme un LEVE32. Trafic rgulier, tout va bien. #rerb
RT @Le_Progres: Jura | Deux morts et un bless grave dans un accident entre un camion et un bus
RT @LeaReiffers: "les gens parlent" "on m'a dis" "jsuis au courant" A quel moment ils niquent leur mres??
RT @Lebienpublic: #Jura : deux morts et un bless grave dans un accident entre un camion et un bus - Le Bien Public  via @lebienpublic
RT @Lio_38: En rserve, je prpare vos trains (raccordements et manoeuvres de rames) pour que votre voyage se droule sans encombre ce matin. #RERD
RT @Lolo92160: Finalement un autre train s arrt. 4eme dimension a fontaine michalon @rerb. #qml
RT @Lorihbrt: Et encore aujourd'hui des trains sont supprims en heure de pointe sur le @RERC_SNCF sans aucune info sur l'appli ou en gare.
RT @Lulisoap: Train SLOM terminus juvisy ... Mais l appli transilien n est pas  jour ...Encore un matin de merde #RERC #qml
RT @MP_Celiaa: Est ce que t'es au courant qu'on te soutiendra jusqu'au bout de ta carrire ? Tu es tellement important pour nous  #Pokofamily @MPOFFICIAL
RT @MYTF1News: Le #RERB est coup entre #Antony et Les Baconnets en raison de la proximit d'un homme arm retranch  son domicile
RT @MaXiia_LoveYou: bon ! Maintenant ma mre est au courant, un soucis de moins.
RT @Madgillou: Un chauffeur de bus ralenti pour laisser passer une beurette je lui ai dis "azy passe c'est orange" on m'a applaudi j'ai lever le bus en i
RT @MaixSOME: @kolo12rach @BURKINA_RT Cause toujours ! Blaise Faso est redevenu #Burkina Faso. Tu es au courant ? #lwili T'inquite il sera libr.
RT @ManonGs1: a fait rire Julie Alves de me voir courir pour ne pas louper mon bus
RT @MappyCity: Bonne nouvelle ! Le #RERC reprend un trafic normal #OK
RT @MappyCity: Oups ! Suite  un colis suspect, le trafic est ralenti sur toute la ligne #RERA #BOF
RT @MappyCity: Trafic fluide sur toute la ligne #RERA #OK
RT @MarcVictor2: #RERB #qml Malaise voyageur dans ma rame  Massy changement rapide de train puis rechangement de train on repart. Cocher trs ractif, merci
RT @MarineZerr: c'tait la premire fois ou il faisait tellement nuit en rentrant des cours avec le bus, a faisait trop bizarre, mais jkiff
RT @MassVegas: Dans le rer ya une dernire foumas traits fin tt ca charmante mais que elle met son doigt ds le nez
RT @MasterCardFR: Disponible en Europe courant 2015, Apple Pay sera un coup d'acclrateur pour le paiement sans contact :  #CorpMC
RT @MiskamKSA: #RERC train  quai  #choisyleroi. Que se passe t il ? @RERC_SNCF
RT @Mumu767: Train direct Paris #mercilechefdelaregulation #rerb
RT @NantesLive: #NANTES Nantes. Accident sur la ligne 3 : le tram percute un camion de planches de bois  (Presse Ocan)
RT @NgynM: @Oupaliiinda il c'est grave ambiancer dans le bus quand les lumires se sont teintes du coup mddr
RT @NizouTuReconnai: Se lever  6h  se prparer  courir derrire le bus  subir les odeurs dans le bus  courir pour arriver au lyce  ne pas tre accepter
RT @NotreHoroscope: RT Si oKFC derrire la queue ta cri"YA LES POULETS! YA LES POULETS!"et ta montr1aile d'poulet,Zoumana, sans papier, est parti en courant
RT @Olivia_Mazing: couter Fack dans le bus et se retenir de rire devant tout le monde
RT @OnMaApplaudit: Le chauffeur du bus a ralenti par ce qu'une beurette traversait, je lui ai dis "azi passe c'est orange" on m'a applaudit, j'ai roul l'bus
RT @Oneillcod: Toute l'aprm Lonie elle a dit "ma mre est au courant pour Quentin"  part aaaa... xD
RT @OriginalRaptor: jespre vous proposer un petit live ce soir, la co' est moisie (pour ne pas changer) pour le moment je vous tiens au courant ;)
RT @OrlaneBoue: Meri Annalle d'avoir desactiver mon reveil, bus loup!
RT @OrpheeMimi: ici la voix teignez la lumire quand vous sortez du sasc'est votre mre qui paie le courant?,#SecretStory237
RT @PeachyFanny: C'EST BON CA ROUUULE !   Aller on fait tous une Hola !  #rerC #qml @RERC_SNCF  *Hymne de la coupe du monde 98*
RT @PicrdNoa: Jsuis toujours la dernire au courant quand il s'agit de ma famille
RT @PlaylistSession: Le pre de @davidcarreira chanteur, vous tiez au courant ? #DavidCarreiraDansPlaylistSession
RT @RERA_RATP: 14:03, le trafic est interrompu entre Etoile et Nation (colis suspect) #RATP #RERA
RT @RERA_RATP: 14:14, le trafic est interrompu entre Etoile et Nation. Retour  la normale  15:00. (colis suspect) #RATP #RERA
RT @RERA_RATP: 14:23, le trafic est ralenti sur la ligne (colis suspect) #RATP #RERA
RT @RERA_RATP: Bonjour, Denis de la #RATP est avec vous pour vous renseigner de l'volution du trafic sur le #RERA.
RT @RERA_RATP: Retour  un trafic rgulier sur l'ensemble de la ligne #RERA #RATP. Incident termin.
RT @RERB: 05:46, le trafic est ralenti sur la ligne (incident voyageur) #RERB
RT @RERB: Retour  un trafic rgulier sur l'ensemble de la ligne #RERB. Incident termin.
RT @RERC_SNCF:  L'infotrafic RER C : trafic ralenti sens Juvisy - Paris 9:00 #rerC -
RT @RERC_SNCF: Infotrafic #RERC +10/20 min trains SLOM et KUMA suite  interv. secours  Austerlitz (voy. tomb ds un train). >
RT @RER_B: @RERB quelles annonces ? Celles qui nous disent que le train est arrt en pleine voie, au cas o on n'aurait pas remarqu ?
RT @RER_B: Bonjour @RERB. Pouvez-vous nous informer sur la disparition du train suppos passer  Bures  8h12 ? Merci. #RERB
RT @Red_Chili_Boy: Oh ptn ce matin le bus il est en retard de 20 min du coup je rentre chez moi le bus passe devant moi tout le monde se foutait de ma gueule
RT @Rems_Smith: Hey pour ceux qui sont pas au courant y'aura un spin-off de Naruto en printemps
RT @Ristigouche: Pour se tenir au courant des enjeux : Vers un retour du #gazdeschiste  #polqc
RT @RomualdMG: 1er Novembre, le jardin n'est pas au courant ?
RT @SNCF_infopresse: Dans les coulisses du nettoyage et de la maintenance au quotidien des #Transilien #RER #OnAgit
RT @STIBMIVB: @ehightek @thomsque L'attestation couvrira toute la journe et sera mise en ligne dans le courant de la journe
RT @STIBMIVB: @francoisenm Pas encore, elle le sera dans le courant de la journe...
RT @SamForey: Accident de bus, Conseil des droits de l'homme et Faiza Aboul-Naga, le papier plein d'entrain du jour sur l'Egypte
RT @SamsRami: @maaroc95 jte tiens au courant mais sa fera 120 la place mdrrr
RT @SayinaL: @daybaze: @SayinaL tqt je tiens au courant trs prochainement titoune  Anwww j'espre et je suis sre que tu vas russir ma titoune
RT @Shanowar: Je pense que le boss final de Train Simulator c'est le #RERB. Cette ligne est un troll extraordinaire.
RT @ShesAnnaa: @summerisback_ @paynaking @Harry_Styles JE METS MES CHAUSSURES ET JE COURS CHOPER LE RER
RT @Sniperovitch: #RERA "Vos trains sont  l'heure" Mme eux sont surpris. Ils en font une alerte. #qml
RT @SuGe_SNCF: Mu. Souci lectrique dans le tunnel  #parisnord. Un train en attente. a se rsoud vite normalement. #normalement#rerb#sncf,#qml
RT @TELEBXLofficiel: A voir sur #TlBruxelles RT @Julie_Ent @vivacite vous tient au courant en direct des dernires infos lies  la manifestation de ce 6/11.
RT @TidianeDieng300: Avec les retours de tremoulinas et guilavogui, l'quipe de France prpare son 2eme tour de coupe d'Isre #Edf
RT @TiggerLillyDG: Mon train s'appelle PNEU. La RATP a dj t plus potique. #qml #rerb
RT @TomekTR: #qml : #RERA: Trafic ralenti sur axes #Cergy/#Poissy; prvoir des retards de 5 15mins sur #RERA jusqu' 09h30
RT @Traff_algar: "@mrsmerfi: Les autoroutes franaises sans lumire l , mm si on a dit on economise le courant " win ct pas drole dou ya pas dlumiere
RT @UrbanLePharaon: Y serait temps que "fdp" rentre dans le vocabulaire courant de la langue franaise on l'sors 10x par jour sans clash les darones des gens
RT @WMyWay_Mobile: Mtro Ligne 13 En raison d'une panne de signalisation, le trafic est ralenti sur la ligne. Trafic normal sur les autres lignes de Mtro.
RT @WMyWay_Mobile: RER A En raison de la prsence d'un colis suspect, l'arrt n'est pas marqu  la gare d'Auber. Trafic normal sur les autres l [1/2]
RT @WhitneyBreezy_: "ici la voix, teignez la lumire quand vous sortez du sas.c'est votre mre qui paie le courant?",#SecretStory237
RT @William_R_T: J'espre qu'il est au courant qu'il n'y a pas de 50/50 appel  un ami ou autres! #DirectPR #Hollande
RT @XCoraliiex: J'ai dis a ma mre pour la meuf du tram qui m'a donner un coup dans le menton suite a mon opration et elle m'a dit -
RT @Zaynattitudes: Zayn il peut se faire une semaine tranquille en France et on sera au courant que 3mois plus tard mdrrrrrrr
RT @_YoshiCity_: Tout fougres est au courant #charlest'asbaislgamedessoireesfougeraises
RT @cedrichebrard: Comment aurais-je pu deviner qu'il y aurait un train de moins ce matin au dpart de Courcelle sur Yvette? 25 minutes d'attente !,#RERB
RT @chlochlodo: Pierre au dbut il me fait "oh ptn" et l il vois j'tais mdr du coup il explose de rire, moi j'me suis lev et jsuis parti en courant mdddr
RT @ckctania: #Sarkozy s'est tuer" 2 mois avant Closer tait au courant de la relation JG et FH.#Taupinire  l lyse
RT @claimeclaime: @LIGNEL_sncf A #Sartrouville on indique que la #LigneL #PSL et #RERA sont ralentis : 0 communication Tweeter ou appli #qml #EnPauseCaf ?
RT @claimeclaime: @RERA_RATP A #Sartrouville on indique que tout le #RERA et #LigneL #PSL sont ralentis : 0 communication Tweeter ou appli #qml #EnPauseCaf ?
RT @crosstest: #rerb pourquoi le train Orsay est il toujours sacrifi ?
RT @dickofluke_: a sert  rien de courir quand t'es en retard. T'es en retard, c'est pas en courant que tu le seras plus.
RT @floflocon: Me voil donc debout entasse dans un train qui va me demander de faire 2 changements et rallonger le temps de parcours .... Vive le RERC !!
RT @fratwoman: "@ziderdan: Se faire dlest puis finalement remonter dans le mme train car il dleste plus...." #RERB #qml
RT @freddytinyworld: @RERC_SNCF encore un train en panne, sans incidence ttefois sur le trafic. 1 train sur 2 sur Val d'Orge, c peu ! #rerc #qml #grevedunavigo
RT @freddytinyworld: @RERC_SNCF et encore un truc : VICK sur le train, VITY sur l'cran. Qui croire ? C un peu bricolo et bricolette #rerc #qml #grevedunavigo
RT @g_conchon: @Herve_Morin "ns sommes ici rassembls pour crer un grand courant politique comme l'tait l'UDF" #UDI #MORINUDI2014
RT @iciottgat: MT @ICIEmilieB: Accident vit ce matin  Barrhaven impliquant bus d'OC Transpo? via @Boyler33 #ottawa #iciottgat
RT @idcntgiveafuck: en vrai jparle de dantesk mais ma mere elle est au courant de rien encore elle va me mettre un cp de pression jv aller faire mes devoirs la
RT @imane_megherbi: Y m'font dlirer les gens qui cours pas pour avoir leurs bus zehma il veulent pas s'affiche tooz moi j'cour spa eu qui reoivent les retards
RT @ivanahcamiah: Des qu'il se passe quoi que se soit dans ma vie ma cousine c'est la premire au courant
RT @justfuckitman_: @moundirofficiel comment tu vas ?  tes mon prfrer a Koh Lanta si tu gagne je fais le tour de Nice en courant a oilp
RT @jzliana: wsh si a m'tait arriv j'aurais gifl le mec et j'serais partie en courant!!!
RT @laptitespagnole: "Je reprais les fesses  Agathu pour pouvoir me caller en courant "  #ComprendaQuiPourra
RT @legendeuz_A: Dites lui que y'a des trams  Paris svp on a mme des RER, des trains et 14 lignes de mtro
RT @lookmavideo: #WTF Un bus trs accident roule comme si de rien n'tait
RT @loustine: Bientt quand j'aurai une mauvaise note ma mre sera au courant avant moi si a continue #EMABiggestFans1D
RT @luigui91: @RERD_SNCF et encore un train annonc  l'approche de #Juvisy qui disparat des crans sans laisser de traces. #QML #fascinant #lol
RT @ma_maraine: #accident de tram au #havre. Reprise du trafic tramway
RT @ma_maraine: #accident entre une ambulance transport sanitaire et le tramway du #havre. Trafic tram suspendu
RT @macinside: #qml aux invalides c'est toujours ce perit jeu de savoir sur quel quai ton train arrivera #rerc
RT @margauxhegesip1: @MeunierLola tu te fou de moi, c'est juste pour le tram j'ai eu un lger coup de stress aussi
RT @marie_od37: Aprs une bagarre dans le bus, embouteillage dans tous chambray pour un accident ! Malchance
RT @mathieurenault_: Merci au conducteur du RER ce matin pour ses blagues venues d'ailleurs..! Train QLIN #RERA 9h10 environ !
RT @mrsmerfi: Les autoroutes franaises sans lumire l , mm si on a dit on economise le courant
RT @p_charlebois: Accident entre autobus STO et voiture sur Montcalm/Autoroute 50. Ligne 100. Blesss mineurs. Congestion. #iciottgat
RT @presseocean: #Nantes #TAN Accident sur la ligne 3 : le tram percute un camion de planches de bois #faitdivers #accident
RT @presseocean: #Nantes Accident sur la ligne 3 : le tram percute un camion de planches de bois #TAN #faitdivers #circulation
RT @raphael_lrp: ma mre m'envoie "si tu loupes ton bus dis le" ah merde jcomptais dormir au kiosque de la gare c con
RT @regis_edart: Parmi les intervenants #MediapartLive, actuellement @Enercoop_SCIC qui vient de crer sa Coop chez nous : @EnercoopMIP, soutenue par @ARPEMP
RT @rz_nelly: @gayregis C'est parce que tu es un pistonn!!! je t'assure que le RER C est une catastrophe: trains supprims, retards...
RT @shana_dhn: c'est bon la terre entire va tre au courant #lrt
RT @skiblucile: Y'a un mec qui vient de pter dans mon bus, l il est calmement en train d'ouvrir toutes les fentres
RT @sparrowement: D'habitude mon chauffeur de bus il fait tt le tps des accidents et l on en a pas eu depuis lgtmps jcrois qu'il a enfin pass le permis!!!
RT @spoum42: bien sur bien sur j'ai rat le train de "marge" cause difficult achat complment parcours... Et le second lui a 2min de dlais. #Rerc #Qml
RT @spoum42: dcidment on a pas de bol sur le @Rerc_sncf... Petite remarque pour le site trafic Ok et pas d'incident. #Qml
RT @spoum42: train loup parfaitement  l'heure... Train suivant +5min trop heureuse. #Rerc #Qml
RT @svaxelaire: @jphuchon @iledefrance on a dj un coup d'avance avec le rseau #rer dsastreux #qml
RT @tymaly93: @Shaton223 aah je vois alors snn tu serais dja au courant le gars il a a peu pres notre ges il trainait avc les Mot yatassaye
RT @vinyfrk: RTsi toi aussi ta rat ton premier cour ce matin parce que tavais oubli ta main droite dans le RER ta du aller la chercher  NanterreVille
RT @virsanmag: @C_Frassa @ATossand De plus en plus le snat  contre courant du GVT. prpareraient ils leurs arrires? le bateau coule? :-))
RT @vvtrafic: Visuels de la campagne d'info sur la fermeture du @RERA_RATP du 25/7 au 23/8/15>
RT @xBLK_: Le 10/01/2013 y a une meuf qui m'a dit "jte tiens au courant pour que tu viennes chez moi" j'espre elle va rep bientot
RT @xthomas76: A cause des contrleur du tram j'ai louper mon TER pour le gratin ptn
RTsi toi aussi ta rat ton premier cour ce matin parce que tavais oubli ta main droite dans le RER ta du aller la chercher  NanterreVille
Ralentis ... Prends le temps d'aimer les choses simples de la vie ...,Sans utopies ... Le courant nous brise en un moment #Indila
Rerb : trains supprims au dpart de robinson. Prochain train  9h05, soit 15-20 mn d'attente dans le froid!
Restez au courant des dernires news... abonnez vous  ma page ! Stay tuned for latest news... Follow me on my...
Retards de 10  20 mins sur le #RERC et plusieurs modifications de dessertes possibles #BOF Le trafic normal reprend vers 10h
Retour  un trafic rgulier sur l'ensemble de la ligne #RERA #RATP. Incident termin.
Retour  un trafic rgulier sur l'ensemble de la ligne #RERB. Incident termin.
Rsister au courant de la vie pour se protger du changement et de la souffrance vous empche dvoluer et davancer
Runion parent prof ... Ma mre toujours pas au courant .. Mais toute faon elle bosse alors
SAINT-DENIS Un chauffeur de bus reoit un coup de poing amricain
Sam et son pre mangent  la maison ce soir, premire nouvelle, pourquoi jsuis toujours la dernire au courant de tout ds cette maison?
Sautez dans le #RERB trafic irrprochable sur toute la ligne #OK
Se lever  6h  se prparer  courir derrire le bus  subir les odeurs dans le bus  courir pour arriver au lyce  ne pas tre accepter
Si je pouvais partir en courant chez moi je le ferais. M'crouler et hurler dans mes cousins
Si mon pere y me dit appel le kebab ji vais en courant
Sois pas jalouse toi, t'es la premire au courant et tu seras la seule
Soyez au courant des ruisseaux,des rivires et des canaux de drainage au sein de votre communaut lors de fortes pluies
Suis-je la dernire au courant ?? J'ai mme pas encore cout mais vos tweet me mette en haleine !! #ReadyToRun
Suivre le courant 6 Novembre,Nous avons cherch par la prire et la mditation  amliorer notre contact...
Super! Le trafic est #OK du ct du #RERD Bonne journe !
Sur le coup, j'aurai aim avoir un accident de bus.
T'aleur dans l'bus y'avait un gars derrire moi, il avait ses couteurs et il coutait JUL  fond, j'ai cru j'allais pter un cble ptn.
T'es galb comme une cerf-volant ds qu'ya un courant d'air on t'retrouve en terres trangres
Ta mere x1 Ta mere x2 . J'ai pas pris le bon bus j'ai pas lez bons cours. J'ai sommeil et mal au crane. fk...
Taleur avec les meufs on allaient a l'arrt de bus et on chantaient fort,un bout d'un moment ya un mec en scoot il ralentit et il nous fait
Thib dans lbus il me fait le psycopathe pervers, et en sortant il me dit"imagine qu'un psycopathe te suis en courant" euh nan jprfre pas..
Tout  l'heure, un chien est arriv en courant derrire moi,j'ai eu trop peur....,#EMABiggestFansJustinBieber #vote5sos
Tout fougres est au courant #charlest'asbaislgamedessoireesfougeraises
Toute  l'heure j'tais en pleine discussion puis d'un coup j'ai bloqu sur le bus, oceane tait morte de rire
Toute l'aprm Lonie elle a dit "ma mre est au courant pour Quentin"  part aaaa... xD
Trafic fluide sur toute la ligne #RERA #OK
Trafic fortement perturb sur la ligne de #rera  08:40 le 06/11 #fedlate en savoir plus sur
Trafic fortement perturb sur la ligne de #rera  14:00 le 06/11 #fedlate en savoir plus sur
Trafic fortement perturb sur la ligne de #rera  14:40 le 06/11 #fedlate en savoir plus sur
Trafic fortement perturb sur la ligne de #rera  15:20 le 06/11 #fedlate en savoir plus sur
Trafic fortement perturb sur la ligne de #rerb  09:20 le 06/11 #fedlate en savoir plus sur
Trafic fortement perturb sur la ligne de #rerb  19:20 le 06/11 #fedlate en savoir plus sur
Trafic interrompu entre Etoile et Nation #KO . Retour  la normal sur le #RERA prvu vers 15h
Trafic perturb sur la ligne de #rera  09:20 le 06/11 #fedlate en savoir plus sur
Trafic perturb sur la ligne de #rerb  10:00 le 06/11 #fedlate en savoir plus sur
Trafic perturb sur la ligne de #rerb  18:40 le 06/11 #fedlate en savoir plus sur
Trafic perturb sur la ligne de #rerb  20:20 le 06/11 #fedlate en savoir plus sur
Trafic perturb sur la ligne de #rerc  08:40 le 06/11 #fedlate en savoir plus sur
Trafic perturb sur la ligne de #rerc  09:20 le 06/11 #fedlate en savoir plus sur
Trafic perturb sur la ligne de #rerc  10:00 le 06/11 #fedlate en savoir plus sur
Train FACA, dpart dans 4 minutes de Melun #RERD_SNCF
Train SLOM terminus juvisy ... Mais l appli transilien n est pas  jour ...Encore un matin de merde #RERC #qml
Train direct Paris #mercilechefdelaregulation #rerb
Tram bloqu Arrte Palais de justice > Plage accident avec une Ambulance
Trop bien : notre train est "rebaptis"  Laplace donc on se fait jecter #wtf #rerb #qml
Tu peux tout perdre en courant derrire une femme et elle s'en fou.Dieu merci d'avoir enlev mon pied dans ca. Pardon d'avoir douter de toi.
Un accident entre un bus et un poids-lourd fait deux morts dans le Jura
Un aperu de ma vue dans ce putain de #RERB. Entre dix aisselles et un coude dans la gueule. MARRE. #qml
Un chauffeur de bus ralenti pour laisser passer une beurette je lui ai dis "azy passe c'est orange" on m'a applaudi j'ai lever le bus en i
Un conducteur de bus voit un usager courir vers l'arrt.a) Il l'attendb) Il acclre Votre rponse?,Cc @GroupeRATP #Bus124
Un tram-train en panne ... Quand tombera-t'il en marche ? Il est urgent de corriger l'erreur et de mettre en place la liaison TER-Fret !!
Une folle dans le bus est en train d'argumenter toute seule et  voix haute d'une manire nerve et exagre. On dirait Twitter.
Viens d'viter un accident en bus  #troppeur
Visuels de la campagne d'info sur la fermeture du @RERA_RATP du 25/7 au 23/8/15>
Vouloir couter un bon petit Disclosure dans le bus et entendre la chanson de maitre gims  fond derrire.. envie de meurtre
Vs devriez avoir honte @RERC_SNCF !,Trains supprims 3 jrs 2 suite ! Vs remboursez l'essence et les jrs perdus sur l'abonnement ? En***rs !
Wooook... 11h de cours/runions dans les pattes, mon corps tire, et je n'ai mme pas pu mettre un pied dans le @RERB ...
Wsh jsuis a achere le type il arrive pas a appuyer sur le bouton si il loupe le rer j'me tape une barre
Y'a eu un accident  villaliers le bus a tais obliger de passer par conque
Y'a un gars dans le mme train et dans le mme bus que moi, il m'fait trop penser  mon crush mais c'est perturbant j'le vois tt le tmps
Y'a un mec qui vient de pter dans mon bus, l il est calmement en train d'ouvrir toutes les fentres
Y'a un train a 10h25 mais y'a pas de bus pr la gare dans cte ville de merde et ma mre ma abandonner Jfe Cmnt sa race ?
a fait 4 jours qu'on a repris les cours, j'ai loup mon bus 2x, si a c'est pas
a me fait toujours rire quand je vois des gens courir pour avoir leur bus, a me rappelle toujours moi le matin!
a sert  rien de courir quand t'es en retard. T'es en retard, c'est pas en courant que tu le seras plus.
a y est j'embrasse un mec la terre entire est au courant non mais.
bien sur bien sur j'ai rat le train de "marge" cause difficult achat complment parcours... Et le second lui a 2min de dlais. #Rerc #Qml
bon, il serait peut-tre temps que je me comporte comme si j'tais au courant que j'avais un galop d'essai dans deux semaines et demi :))
c'est bon la terre entire va tre au courant #lrt
c'est pile le jour o je demande  ma mre de venir me chercher elle peut pas -.- du coup bah je dois prendre le bus de 16h10
c'est trop dur de pas dans sur hot nigga , genre dans le bus et dans la rue quand je l'coute j'essaye de me contrler pour pas danser mdrr
c'tait la premire fois ou il faisait tellement nuit en rentrant des cours avec le bus, a faisait trop bizarre, mais jkiff
courir aprs le bus ettt sa mfait rire
couter Fack dans le bus et se retenir de rire devant tout le monde
couter Soprano contre son gr  l'arrt de bus. Je voudrais me lacrer les organes.
couter les conversations dans le bus. Ma voisine, quadra respectable, ne comprend pas pourquoi twitter la considre comme spam. (1)
dcidment on a pas de bol sur le @Rerc_sncf... Petite remarque pour le site trafic Ok et pas d'incident. #Qml
du coup j'ai passer une journe tranquillou, demain je me lverai plus tt faut pas que je loupe mon bus une deuxime fois.
il vient me rveiller il me fait tu vas pas en cours? Je lui rep non y'as grve des trams et mtros "tu peux y aller en taxi" ahahaha allez
j'ai loup mon bus du coup ma mre m'emmne que ce midi
j'ai louper mon bus sa mere.
je me mettrais  danser et chanter la macarena en courant partout dans la maison a serait plus discret
je sens un lger courant d'air dans ma chambre je songe  sortir le k-way
jespre vous proposer un petit live ce soir, la co' est moisie (pour ne pas changer) pour le moment je vous tiens au courant ;)
jloupe mon bus, je me retrouve avec un garon de 9 ans qui l'a loup aussi, on partage son goter, la base
jsuis au courant des bays en dernire moi
justin va arrter sa pause, toutes les "beliebers" qui sont partit vont revenir en courant pour le sucer
la vido fb de l'amricain "vs savez qu'on passe 4 ans sur nos smartphones" il est pas o courant que j'passe 7 ans sur sa mere jcrois.
le bus il passe juste sous nos yeux j'commence  courir vers l'arrt il repart allez va t'faire
ma mre elle est au boulot du coup jvais devoir aller au bus a pieds mais il fait un froid pas possible dehors
ma mre m'envoie "si tu loupes ton bus dis le" ah merde jcomptais dormir au kiosque de la gare c con
ma mre m'envoie me coucher maintenant mais elle est au courant que c'est pas le vrai bac demain ?
mais c'est gnial y'a pas de lumire dans le bus du coup donc jvais pouvoir dormir trqll bye
mais ces fdp ils sont bien au courant de nos dlire de liam/niall ect.. gir et tt cqui va avec ils doivent trop rire devant leur mention
mdddddr le matin Jordan il aime bien cout la musique et tous les matins dans le bus y a Maxime il lui raconte sa vie ptdddr sa m'fait rire
mon plus grand regret (un des seuls en fait) d'avoir chang de lyce c'est qu'on coute plus Starman sur le quai du RER, en retard, le matin
mon pre il est jamais chez oim mi homme mi courant d'air le mec lel
on a faillis avoir un accident avec le bus, le chauffeur il savait pas conduire ptn
par contre mon pre tait d'accord pour pas aller en franais mais svt y est pas au courant
parce que mon bus arrivait tt et qu'ils avaient bloqu le lyce aprs coup. J'avais du escalader le mur  l'arrire en grimpant sur des
pq jss la dernire au courant
pq jsuis tjrs la dernire au courant quand une chanson sort
ptdr mais dans la classe on sera tous l j'suis sre tellement les gens ils seront pas au courant
ptdr mon pre il mdit que jsche dj si t au courant c que nn jss moins conne que a aussi ptn g pas fait exprs c tout
ptn je doit prendre le RER a jlaime pas se train olalala
reuse. Trafic normal sur les autres lignes de RER. [2/2]
si dans les pays les + pollueurs  cause des voitures on faisait une journe sans voitures (mais en gardant les bus, trains) ce serait gr8
t'es au courant que tu reprsentes rien sur cette terre? pauvre cloche
train loup parfaitement  l'heure... Train suivant +5min trop heureuse. #Rerc #Qml
ur la ligne A du RER. Retour  la normale  15h00. Trafic normal sur les autres lignes du RER. [2/2]
wsh si a m'tait arriv j'aurais gifl le mec et j'serais partie en courant!!!
y avait 1 invit g t pas au courant jui sortie  base de bonnet de douche et d'serviette autour du corps ma mre elle s'en bats les couilles
y'a eu un accident sa fait que le bus a du faire un dtour et puis a un virage il est rester coincer
