"@RERB: En raison d'un mouvement social le mardi 10 mars 2015, le trafic sera lgrement perturb sur le #RERB 1/2" #qml
"@RERB: Prvoir 4 trains sur 5 aux heures de pointe et 3 trains sur 4 aux heures creuses: (mvt social) #RERB 2/2" #qml
"@ingridashley1: Ces petites attentions " Iyeeee. Ma mre est au courant ?
"Camille est le 7e prnom le + courant dans les asiles" Je dois m'inquiter ?
"Le courant d'air - Ma femme" track from "Master Serie, Volume 2" album by Raymond Devos #nowplaying
"Vous avez aucun respect" bon bah tqt il parlera pas aux meufs jleurs parlerai pour lui aha ! Et puis tu seras au courant de rien tqt
#LesAnges7 je sais pas trop si vous tes au courant mais c'est Maeva qui va partir... (La prod est derrire bien sur)
#MappyCity vous rappelle que le trafic est fluide sur toute la ligne #RERA #OK
#ONPC La semaine dernire panne de courant,ce soir Twitter dconne,si a bug sur @ONPCofficiel la semaine prochaine je crise
#Transilien trafic normal mardi 10 sur toutes les lignes  l'exception du RERB (4 trains sur 5 en HP et 3 trains sur 4 en HC) #SNCF
100 femmes  l lyse j espre que Dsk n est pas au courant! @TPMPofficiel @Cyrilhanouna
150 euros de trains/RER pour aller a la FCO ptdrr nsm
4/5 trains RER B aux heures de pointes et 3/4 aux heures creuses le mardi 10 mars.
59.  Aprs sa mort, tu emmneras son corps par le train et le bus que tu connais bien jusqu notre plage habituelle. Daccord ?
8 km ce matin en courant et mon pre voulait encore que je marche en baie cette aprem
@AdkmNejma @Bicoricoco ment pas tes la premire a tre partie en courant ,mdr mon Mars avec sa clique
@Agrausfr @gillou97437 @TheFantasio974 je serai probablement present soit le 21 ou le 20 jte tiens au courant
@Algane_One @MATUIDIBlaise @Adriien_Rabiiot @DavidLuiz_4 @LDigne Je pense qu'ils sont au courant mais bon l'aide des joueurs serait bienvenu
@AndreaLsb Merci beaucoup mon coeur  jlai dj fter hier en famille mais samedi prochain j'ai faire un autre truc je te tien au courant
@AngeliqueLN oki  moi Jsuis dgoter pck mon train arrivera  Disney vers 11h et le temps j'arrive sur Paris ReR et tout sa craint
@Antoinelucas T'inquites, tu seras au courant en temps voulu mdr
@Assha_P ouais mais j'fais genre pcq personne doit tre au courant ca ferait trop mal a Guillaume..
@AstaldoSC2 @SandroLiveSC2 oui je vous tiendrai au courant quand j'aurai lgrement volu mdr. Je vais m'entraner en cachette lol
@Aya19th je les capturerai et lui lancerai dessus. Je te tiens au courant de sa raction quand ce sera fait
@BUSENSEINE Bonsoir, j'ai probablement gar mon titre de transport Navigo  bord d'un bus de votre rseau, comment puis-je la rcuprer?
@BaileyLeoo bah quand tu seras sr tu me tiens au courant *sourire en coin, se lve, dbarrasse la table*
@BaptisteValet dm d'histoire, et 4-5 exercices en sp maths, aprs je suis pas au courant pour les autres matires
@CDuguep @CelineBeaufils Ben ce sera sans moi ! Vous direz que je n'etais pas au courant !
@CHBOUUT se serait vraiment tres gentil de ta part. Peut tu me tenir au courant meme si c'est negatif . Merci davance bon dimanche a toi.
@Candice_Rvr @ClementBertin @ClaireLeMon0 de quoi ? T tais pas au courant ?
@Carlus7783 @CmsForCraft merci il y  pas de problme , bas tien moi au courant quand tes la sur skype je te ferait voir un truc :)
@Carmen_2305 ah ptn j'tait pa au courant !  a gre
@Celia_Blauel @C_Najdovski @Paris @leJDD rien pour lutter efficacement contre les nuisances lies au train #RATP #rer. ce plan est dcevant.
@Choco__Vanille haha et dire que ton pre n'tait pas au courant
@ChrisdeBordeaux au cas o vous seriez pas au courant, les titres de sjour expirent le jour de la fin du contrat de travail/de la formation
@Clay_Shirley tout le temps tu le louperais toi  dj que le bus tu galre alors que c'est la moiti du trajet pour prendre le train
@Conducteur_RER @conducteur_PSE ah si, plainte, et souvent pnal quand accident mortel. La responsabilit est crasante
@Conducteur_RER y'a quelques rayures aprs le passage du train, on dirait ?
@ConneriesDeVaro bah quand je me suis rappel que j'avais des suons alors que j'allais voir mon pre j'ai fait demi tour en courant
@Cube_de_Sucre @nock_ben "fille en rvolte, on se barre en courant" a t'voque quoi a premire vu?
@DariusRP_ bah tout le monde serait au courant de ce que c'tait vraiment mddr
@Death_Beer merci beaucoup :) On se refait la mme pour le @Antropofago_BDM dans le courant de l'anne :D (cc @PutridOffal )
@DecertoFrance a serait bien de nous tenir au courant pour le match
@DeprezI 1h de train c'est jouable  je regarde a de plus prs demain. Je vous tiens au courant. a me ferait plaisir de vous rencontrer
@Diegowatisoldat Ok je serai peut tre prsente je te tiendrai au courant
@Dormeur973 Mr sachez qu'en aucun cas une ambassade allemande serait au courant des agissements d'anciens nazis
@EloVgle ptn tout twitter est au courant ta mit 20 tweet pour dire que ta mre a Fb
@Ensemble2017 @Dorimene2 fait te tenir courant Poutine est le petit pre de la Tchchnie o il a mis  la tte un bouffon certes musulman
@FebvrePauline j'espre que tu vas etre au courant avant fin juin quand mme haha
@FootOlympien @TeamOMdu66 @Coc0Thomas " lessentiel c que mario fait son taf " Jai envi de rire la tye au courant tu pzrler de son frre ?
@FunnyFunMonkey jvais mourir jdois me lever  6h45 pour prendre mon train et le tram sera blind
@GaaelleP ma mre est pas au courant mdr
@GaelGarrigues et bah moi je me casserais en courant ou je ferais demi tour!
@H_arryJ non avec CelebsinParis c'est mort tout le monde sera au courant
@ImMyst_ @Punkill Un mec aurait utilis son compte pour la ligue MLG, et il serait au courant ! Mais c'est une histoire un peu chelou
@Iwant_tosmile OMG CA SERAIT ENORME QUE TU VIENNES TU ME TIENS AU COURANT SURTOUT
@JDumont06 Merci ! J'espre que votre site @Iggy_Book va vite doper vos ventes! Tenez-nous au courant :-))
@JMangematin mdr cimer, je serais au courant pour la prochaine fois
@Jacquet_Adele t'es au courant qu'une cafetire a fait aussi des chocolat chaud ?
@JeVisDHauts de toute faon t'es le plus assidu, si y'a un truc tu sera au courant ;p
@Jen2435 oui enfin la dernire fois jai t au courant un an plus tard ;)
@Joce_lvr Ptddr on va parl chinois! Mais je suis sre les intellos de la classe ils sont tous au courant ils ont tous rvis
@JulienParis86 eh ben ! Y a un truc  fter qu'on est pas au courant ????
@KarimIBZT @Fabrice_BM je crois que tout le monde est au courant, merci. Et si c'tait si simple, les seniors managers femmes seraient
@Kaya_RPGWSL *releve la tete en les entendant rire tout en courant et te regarde* a va ? ils ont fait quoi ces crtins ?
@Kendrickwz_  oui ds que je le sais tu seras la premire au courant
@Klarasrb genre ? Putain j'tais pas l, la dernire semaine j'tais pas au courant
@KurtHummel_HD chinois!Ca te va? *Regarde vers les escaliers et ris quand je vois Shadow arriver en courant* Je crois qu'il vient de se-
@KurtHummel_HD piscine!*Il sourit fire en hochant plusieurs fois de la tte*Andrea:Ok les garons on se tient au courant! Pour ma part-
@LilSteezy94 t'inquites gars si je l'ai tu sera au courant je paierai mon niak
@Liviatic_ ah super tu me tiens au courant alors c'est 11 et des bananes la place a serait grave cool omgf
@LoosGuccreen A voir si il n'y a pas une extention pour ca ( se serait parfait ! tien moi au courant au cas ou XD )
@Louis_Tomlinson au moins tu sera au courant de la date de ma mort en mme temps #lt
@LuigiPlume bonne m**** j'espre que a ira tu me tiendras au courant.
@LuunaYuuki @_Tagaku Il faut arrter, tu ne dois pas tre courant du niveau d'horreur lie  la production de viande/lait et compagnie. Pour
@Manon_Mnry si y avait un truc a savoir tu sera la premire au courant tu le sais bien
@Maoullee te plaint pas d'habitude c'est moi la dernire au courant!! Va chez Biquet y sais tjr tout lui
@Marie_Auffret2a @elol_ heureusement qu'il y a Twitter hein, sinon on serait au courant de rien
@Morcade faut arrter de pleurer, moi je me fais opprimer par les parisiens car je vis en milieu rural et j'en fait pas un courant quoique
@MrCreepps @MllexPEACH Elle ne sera pas au courant ;)
@My_demoiselle OK tiens moi au courant j'ai pas reu d appel de ta production
@Namineeyes Genre tu vas nous insult et tout et on sera pas au courant :'(
@NetaRPGCLE2 -Il se mordit la lvre infrieure en courant, entrant discrtement par la suite avant de se cacher derrire une porte jsp.-
@Origin_Of_Dream tiens nous au courant :/ j'espre que a va aller cette nuit dj :/
@PhCaseyRPHP *recule enfin, puis se relve et part en courant, est en larmes*
@PostBadDreamsCS Dac... Tiens au courant stp , le plus tt serait le mieux pour moi
@PrinceSamiUk @Amypack72 mais grave ta raison jui un gamin , t au courant que les pd comme toi on leur fai goter le trottoire fdp ?
@RERA_RATP le trafic sera normale le mardi 10 mars 2015 il y aura pas d'interconnexion  Nanterre Prfecture
@RERB dans quelque instant le train nomm EPAU va partir gare  la fermeture des portes automatiques fin incident voyageur
@RERB trafic interrompu entre Aulnay sous Bois et Aroport CDG 2 TGV suite  un malaise voyageur  Villepinte reprise vers 16h15
@RERD_SNCF bonjour mardi le trafic est il normal?
@ROCCATFrance courir derrire le bus sa donne a :'(
@RequiemBloody bah non c est cool a! Y en a plein sur ps4 mais le retro c est plus rare, tiens nous au courant !
@RomaneGuy Mais tu es au courant que sur tes cheveux auburn a fera roux marron..
@RousseauAnna se retrouvent sur les voies et percutes par un train 2/2 @Conducteur_RER
@SAV_Numericable Merci beaucoup. comment serai-je mis au courant de l'avancement de la situation ?
@SasaMelinaa Mdr , ta bannire c'est pas "Nicolas content faire avion en courant sur plage!"
@SexyRaviolis j'ai eu bcp de pb du coup je restais souvent chez moi ma mre tait au courant tqt
@Simonator977 mais t'es au courant que mon ptit frre qui existe pas il est plus drle que toi????????????
@Siphano Au courant qu une serie Zelda avec des VRAIS acteurs ets en prparation ? :)
@Slycpr tu crois vraiment que je serais au courant si on en avait un ?
@SoTiniStoessel l'intgralit de t'est journe a "t'informer" que tu ne serais pas au courant de la moiti des atrocits qui ce passe dans
@SoTiniStoessel la famille et l'entourage le sais alors non, dsoler de te dcevoir mais tu ne serais mme pas au courant
@SoumDch je suis au courant depuis aujourd'hui mais ma mre a dit si je me comporte bien et si j'ai des bonnes notes
@StyleBoubou tqt on se tient au courant frre
@T3a_RATP Thierry peut peut-tre tenir au courant les voyageurs de quand le trafic sera rtabli ? aucune info nulle part . #T3a, #ratp
@Teq_Romane Dac, ah ben je dis pas non mdrrr je verais bien si j'me lance ou pas j'te tiens au courant
@The100Frenchies parce que son Marie tait au courant du manque d'oxygne et elle voulait protger son peuple
@Tibry_HYFR @Amos_7Red Moi non plus, mais c'est sympa d'tre tenue au courant :)
@TomekTR nan mais s'il vient a cot on ira courir a BY, je connais 2 ou 3 cotes sympa que meme son @JErichot972 @Marre_motte @Conducteur_RER
@Vertumne1 @Nervia_Vestae @et_INRI @celte1er @nausicalibre Oui. Le courant cananen (en Isral) ou judo-paen (aux USA).
@Viapresse Ok :D Merci encore de votre ractivit! Je vous tiens au courant ds que je le reois. Merci  vous!
@Vivitoune j'tais pas au courant frre
@WallacePoun @KlgGaelle Ahah j'tais pas au courant, je vous redis sa :))
@Wanna_GetHigh mon frre m'a vu, il c'est barr dehors en courant Ptdrrr.
@Zam_Zonite @toni_nadine Tous les franais sont au courant que @manuelvalls et PS acclre l'islamisation de la France
@_5SOSFrance redis moi stp. Je suis au courant que du projets de Zrich moi
@_MelonRin deux valises + 1 sac a main, je redoute le train et le RER avec tout a tu vois
@_QueenOfFairy nan c'pzs possible mdrrrr je serai dj au courant
@_boana_ d'accord ba ce serait chouette de se faire un petit truc :) on se tient au courant ! Bisouus <3
@_kidraauhlment j'ai jamais lu encore, ma prof prfre un autre courant littraire :p
@_simpleyellow C'est sur que tu feras pas de La toi mdr, sinon loupe pas ton bus demain
@abiebas T'es au courant qu'on s'en bats la race de ton tweet et que Nash Grier en premier j'espre
@adorescara oh ptn la mme j'me sentais frache mme les caissires taient pas au courant
@ahmedinho97 tkt frere t pas au courant que t'es archi mignonne ?
@alxroane Ok merci beaucoup pour ta "disponibilit" en tous cas,Nous lanons un nouveau site courant avril donc ce serait vraiment ..
@alysCabello mdr arrte de secher tu serais au courant ;)
@alyssiagrn Tient moi au courant pour les rsultats bb, pour ton frre
@an_conda @Lysoceane11 Envoie une dpche  l'agence Tasse, comme a tout le monde sera au courant
@anaellebchr mais si je loupe le bus je ne serai pas en retard pour le suivant
@belhadj_souf Si j'accepte tu sera au courant
@blairrpgbpc *te remarque et vient vers toi presque en courant* Blair!
@bradleyrpgwof -arrive vers toi en courant.-
@camille_mtn BAH VIENS EN COURANT CA TE FERA FAIRE DU SPORT
@carriere_eric jolie tete de minot Eric! Pour info je serai en bourgogne debut Juillet je te tiens au courant a+
@coco39100 Vous aussi ! Allez lire notre site pour vous mettre au courant et devenir une marguerite sans frontires :
@conducteur_PSE @Conducteur_RER (loi Badinter sur la responsabilite des automobilistes en cas d'accident)
@conducteur_PSE Par contre 90% des accidents de PN ont pour cause le non respect du code de la route. @Conducteur_RER @RousseauAnna
@diamantaireboy wallaye le courant encore on peut grer.. Mais l'eau l  pfff
@edrpgdwt -ferme ses yeux et se relve se mettant en courant vers le haut de la falaise te vois avec la nappe.- ED ATTEND !-tombe a tes-
@elnikow Si le courant passe pas, comment on colle un rteau  Dieu? Baptis + 1re communion, j'ai peur qu'il me foute la pression :/
@eloise_bb @Candice_Rvr @ClaireLeMon0 Sasha est pas au courant et elle sera d'accord avec moi de tte faon
@emma_mettai au pire tu fais genre t'as loup ton bus tu t'es pas rveille comme la dernire fois mddr
@espinosalienxx NS C ON SE TIENT AU COURANT OU ON SE REDIS A MDRRRRRRRR ON DIT DU JUS D'ORANGE D'AILLEURS QD TU LDIS A ME FAIT PENS  A
@franceinfo @RER_BETAIL C'est hlas vrai. Autres incivilits en hausse: les retards, les trains annuls, bonds, courts au lieu de longs etc
@fratwoman Notre train sera donc EMME93 @RER_B @_amomentintime @laurentgallois
@gobolz Je serait peut tre dispo / dans La Grange vers 17h stu veux te chauffer un peu ! :). Je te tiens au courant
@grainsdeCel lool. C'est sur. Mais bon je suis pas sre que la grosse quipe tait au courant du pass du parrain
@hal_droid J'essayerai d'tre l, vers 17h :) (J'te tiens au courant par SMS)
@haynesthesia PARCE que mon pre m'a prive de sortie comme il voulait pas que je me tape 2h de train + le bus pour aller a Monaco seule
@hazylla Haha, j'ai hte!,Je le tweet souvent, donc tu seras au courant :3
@httbae dans le courant de la semaine je refais ma ville  zro tu voudras qqchose ventuellement ou pas
@inaxisEARTH @GregoryCaeiro @gKLuffy @Wyssmith tu me tiendras au courant si vous y etes tj vers 17H-17H30
@jordan11galtier Deux finales de suite pour Guingamp, ce gros sac de Le Graet sera content... s'il tait pas dj au courant.
@ju_rkr Srieux? Et bien sr je suis encore le dernier au courant dans ce putain de pays capitaliste
@juliette_perin oui bah a va dit le publiquement sur la toile maintenant tout le monde sera au courant merci
@kidrauuhlbizzle tu serais parti en courant je crois
@lina_oural @jeessie_nsmia t'es au courant du dossier que j'ai sur toi ? Alors  ta place je ferais profil bas
@louisehauch j'espre qu'elle va bien ! Et merci de ns tenir au courant !
@lyrusi @Alchemy_Rei non mais en fait faut que tu comprenne qu'elle parle vraiment d'un truc pas " courant " l, auquel tu aurais pas pens
@marchand_maryse @MarineC85 Oh Oui :) tu me tiens au courant si on le re fait cette aprem il faudrait avertir du monde ds maintenant :)
@mbatshuayi meme si tu me rep pas je te tiens au courant de ta progression dans ma carrire fifa mdrr, t'es a 84 mtn #CeNestQueLeDebut
@mrZorgash a marche pas de soucis ! Tiens moi au courant et surtout merci d'avoir rpondu ^^. a sera quand la prochaine ?
@niallsmilx on va me dire 'tg on est dj au courant' jsuis sre
@normacabres AAAH !!!!!!!  OH putin, je serai partie en courant  ta place !!! Ma Queen est courageuse
@nuggetsaucegaga tu seras la 1re au courant, comme d'habitude matresse
@sachatavolieri je ne dsespre pas de retrouver la source. Je te tiens au courant. @lescal11 @DHoudret
@sahyounivers est-ce que s je commande les parents de ma cousine sont au courant?? genre ils reoivent un mail ou jsp quoi???
@sebcaporal @LaMaisonDuBluff je serait partit en courant ! Les candidats ont eu du courage .
@smileofnayeul_ mddr. Sinon je sais mqs encore j'vous tient au courant dans la semaine. Mais a serait vers quelle heure?
@sofianethereal7 et oui . En gros ne dis jamais tes secret comme a tu es sure que personne ne sera au courant
@sofianlgl mais des barres pq je ragerai et tu serai en couple j'serai dj au courant t une mhyto c tout allez krikri j'ai pas ton time
@soul_ellen @CarolineMATEO a mon avis a sera courant aveil
@thatzroden parce que ma mre installait le four du coup elle a coup le courant sans prvenir en plus
@tomsapelier Tom toujours au courant  la dernire minute mdrrr
@xKayzRR ok als continue de me tenir au courant frre
A 1km d'arriver accident de bus  Je vais pleurer ptn
Alerte ! Des travaux modifient la circulation des trains de la ligne #RERC #BOF
Anne n'est plus avec ma soeur. Il peut lui arriver n'importe quoi et je serais mme pas au courant. Je vais la tuer
Aprs avoir accompagn mademoiselle; en allant  mon arrt de bus je suis rest derrire un couple de fauteuil...
Aux dernires news Horus Heresy starter box 2 joueurs pour warhammer 30K chez GW courant mai.
Avis.... par pour un premier festival dans le sud..!!!,Vous serez davantage au courant les jours qui viendront.....
Bah vasi tweet comme sa tout le monde sera au courant!
Barque  contre-courant, sans cesse ramens vers le pass
Bientot je vais me faire percer le nombril  il ne sera pas au courant
Bienvenue sur le compte twitter Pokmon Shuffle. Suivez-nous pour tre au courant des dernires nouveauts du jeu !
Bon les gens , je serai en fosse or au redtour souhaiter bonne chance pour pas que je me casse la gueule en courant mdrr
Bon, si internet est encore prsent dans mon appart, ce soir je stream :) surement vers 22h ou minuit. J'vous tiens au courant !
Bonjour, ici, Thierry de la #RATP vous informe en temps rel sur l'tat du trafic du #RERA.
Bref mon pre a ajout "Thug"  son langage courant
C'con il vient vers nous en courant il continue tout droit il perd son fut, jai crever sa mere
C'est mon frere qui m'a dit que c'tait la journe de la femme today, j'tais mme pas au courant ptn c'est abuser cette merde
C'est styl mon facebook a beug sa mre j'ai reu les messages de vendredi que maintenant du coup je suis au courant de tout! Pas du tout..
Ccile pq tu fav tout mes tweet? A croire tu es au courant que je vais aller sucer ton frere a Disney
Ce mat ma mre sort "t'auras le droit de l'inviter a ta soire pour le brevet" j'tais pas au courant que je faisais une soire MAIS BON
Ce matin je me suis rveille  7h j'croyais j'avais loup mon bus, j'ai t voir ma mre elle m'a rappel qu'on t dimanche ct le bonheur
Celui qui rame dans le sens du courant fait rire les crocodiles. ,Proverbe africain
Cette aprem jai revu mon pote ca faisait un baaail, jsuis aller vers lui en courant tlmt jetais happyyyy!
Courant 2015-2016 J'espre Drake et Big Sean il vont faire une tourne solo en Europe, et aussi la tourne Kanye West x Rihanna
Dans le RER ya un gars il fait de l'accordon & moi j'coute a fond Tuesday & j'le regarde c'est des barres j'ai l'impression c lui qui joue
Dans le tram j'ai vu une go avec un pull de JUL et il y avait les paroles derrire Ma fiert nationale a pris un coup
Dcp j'espre j'aurais le wifi chez ma coorespondante comme a je pourrai vous raconter au fur et  mesure et je serai au courant des trucs
Demain c'est la reprise des - cours - des bus blinds - des rveilles trs tt - des devoirs - des misres
Demain je malheureusement louper mon bus a sera vraiment dommage
Demain je sens jvais courir derrire mon bus
Demain matin J'prends le RER, train et pr finir le mtro
Demain pour pas changer on sera en retard au bus et on devra courir mdr les baltriiiingues
Depuis quand on dit rendre le TPE lundi? J'tais au courant nous il l'aura samedi pas le choix on reoit seulement seulement vendredi ><
Des fois ma mre elle m'affiche sur Facebook oklm pis je suis pas au courant
Direction le #BubbleEvent chez @HappyFamiliesFR un dimanche les bus fonctionnent au ralenti poke @Team_Bubblemag
Donne frigo marque whirlpool a venir rcuprer sur gonesse a 10mn du RER Villiers le bel 0629889764
Du 9 au 13 mars courant Le coup denvoi de la 4me dition du Festival de lhumour sera donn aujourdhui au...
Du coup dans le bus pour l'Italie je serais en robe je pense
Elle a dit a d'une manire tellement ... Geeenre on devais s'barrer en courant quoi.
En fait a a plus l'air d'un coup de colre qu'une dcision rflchie. Dans tout a ce serait bien qu'on soit au courant
En gros le bus vient de casser un derrire de voiture. Du coup on attend le prochain.
En raison d'un mouvement social le mardi 10 mars 2015, le trafic sera lgrement perturb sur le #RERB 1/2
En t jprfere marcher jusqu'a Paris que prendre le train le bus
Enfants de chiennes. @RERB: En raison d'un mouvement social le mardi 10 mars 2015, le trafic sera lgrement perturb sur le #RERB 1/2
Erwan Benech coupe la ligne d'arrive du 1500 m espoirs hommes en premire position, en 4'01''65 ! #CFAthl
Et sport chez moi = marche + courir derrire mon tram/bus que je rate une fois sur deux.
Euh les parisiens, y'a un marathon de prvu aujourd'hui? Parce que le RER est plein de gens en tenue pour courir Oo
Fekir c'est l'enculer qui cours dans le Rer blinder pour s'asseoir avant toi alors que tu commencer a marcher
Galre entre les bus et les trains
Hhh! Bienvenue les clasheux! Ici, vous serez LES PREMIERS  tre mis au courant de nos vidos! Donc suivez-nous, vous nous perdrez pas!
Il croit que c'est en me bloquant que je serais plus jamais au courant de rien mdr :(
Il en faut toujours un, qui n'aura pas t au courant poid les devoirs et qui va se rveiller  la dernire minutes #lrt
Il est 18:24 et le trafic est normal sur l'ensemble des lignes de RER
Il est 18:28 et le trafic est normal sur l'ensemble des lignes de RER
Il existe une journe internationale de l'homme alors faite pas chier  rler pcq vous tes mme pas au courant
Il faisait des rflexions genre "Je suppose que je ne serai pas au courant."Sur nos soires en maison mais il nous invite jamais aux siennes
Ils vont jusqu' la coupure de courant frre  #enqueteexclusive
Infotrafic #RERC : Trafic des navettes de bus interrompu entre Pont de Rungis et Aroport d'Orly, dans les 2 sens.,>
Infotrafic #RERD : Trafic interrompu entre Villeneuve et Melun (2 sens) >20h30,(choc anormal sur 1 train grandes lignes  Cesson
Infotrafic #RERD : [MAJ] Reprise entre Combs et Melun +15/20mn >21h (choc anormal sur train GL  Cesson),>
Infotrafic #RERD : [MAJ] Trafic interrompu entre Combs et Melun (2 sens) >21h (choc anormal sur 1 train grandes lignes  Cesson)
J etais meme pas au courant Mais kate elle sort avc un marocain en smoment elle la dis a sa mere hier on ete au tel sa mere la frapper
J'ai dis a mon pre ohlala j'tais trop folle pendant le match et il me dit ouais je sais, jsuis mme au courant pour la clope. Ah ok !
J'ai mis mon chat dehors pour la premire fois il a tait jusque mon mur il est revenu en courant
J'ai prvenu ma mre que j'allais louper mon controle demain, au moins elle est au courant.
J'ai rcupr mes Palladium  en attendant dans le rer je me suis prise 3 dclaration ptdrr 1 renoi 2 rebeu.
J'aurais du partir en courant la premire fois que je suis tomber amoureuse moi tient!
J'crois que y'a que mon frre qui c'est comment je suis quand je veux rendre une fille jalouse .. Et la fille aussi elle est au courant ...
J'en suis sre t'en as un mais t'es pas au courant
J'espre ne pas louper mon bus des la rentre
J'espre que demain matin je vais accidentellement louper le bus
J'espre que je vais prendre des bonnes habitudes, j'en ai marre de courir aprs le bus tous les matins
J'suis descendu en mini short , ma mre elle tait choqu Mdddr - J'suis monte en courant mettre un sarouel
J'suis l'ex de ma mre demain il va tre au courant de ma blessure de guerre, elle c'est rien garder pour elle... oush.
J'suis toujours la dernire au courant des histoires l
JAI du mettre mon paquet de clope avec ma cons dans la poubelle je le rcuprerais quand mon bus sera la omg je suis en stress total mdr
Jai fait de la trottinette avec mon frre de 6 ans. Quand on a le mme ge le courant passe tjrs bien :)
Je crois ma mre est au courant que je sors avec une fille...
Je crois que je suis une de ces rares personnes qui rvisent la veille pour le lendemain alors qu'elles sont au courant depuis longtemps
Je croyais que j'avais pas de devoirs et la je reois plein de message pour que j'envoie les rponses ! Mdrr mais j'tais ap au courant moi
Je demande pas d'tre tenue au courant minute par minute, mais on ne met pas les gens en pr-alerte sans rien faire suivre derrire.
Je disais un truc a ma mre - mec:" j'aime pas les arabes, mais t'es mon arabe prfr" mon frre "il est au courant que t'as un frre ?"
Je dois retourner  la compet'  17h du coup je ferai mieux de rviser le DS dont je n'tais absolument pas au courant qu'on avait.......
Je fte ce matin mon 2500 me  serai toujours  la pointe de l'information pour vous tenir au courant des News.Un grand merci  tous
Je m'en rappelle quand j tait petite pendant le ramadan mon pre ramener un vieux manger chez nous il est mort j t mme pas au courant
Je me balade dans le ReR avec des traces de rouge  lvres dans le cou. Bitches be locoooo
Je me tiens tellement pas au courant des news jeu vido-ludiques ces derniers temps. J'espre qu'y se passe rien d'important ! :O
Je pense que je vais tre en retard, je vais tre obliger de courir derrire le bus comme d'hab
Je suis couchee la et je repense au jour de l'accident avec le bus . Qund on est arrivee au CHU . L'HORREUR
Je suis descendue en courant et en gueulant partout ma mre elle m'fais "ptn j'aurais vrm pas du t'adopter toi",a pique comme du piment
Je suis toujours au courant  la dernire minute
Je suis toujours la 1re a savoir quand est ce qu'il voyage si je n'tais pas au courant c'est que personne ne le savait
Je vais l'appeler il va comprendre un peu que je dteste qu'on me tienne au courant  la dernire minute
Je vais mettre du mono j'espre en courant je vais bronzer
Jsp si mon pre est au courant qu'il a fais tourner la machine de linge sans le linge dedans....
Jsuis tjrs la dernire au courant
Jsuis tjrs la dernire au courant a msoule
Jvais reprendre le rer ca coute moin chere
Kharja il est venu dtermin en courant comme s'il allait librer la Palestine
L'accident de bus.
L'infotrafic RER D : Fin de lincident. Reprise progressive du trafic 21:30 #rerD
La journe de la femme c'est tous les jours hein au cas o vous seriez pas au courant
Le Twitter officiel est cre pour le site d'actualit @leblogjeuxvideo n'hsitez pas  le suivre pour tre au courant des dernires infos!
Le business de la misre : les sous-traitants privs du SAMU social gagnent 11 millions d'euros par an
Le jour o je serais poste bad girl je vous tiendrais au courant mdrr
Le matin, en semaine des vieux trains ou l'on s'entasse.. Le week-end des trains neufs  2 tages vides .... On rflchit  la #RATP #RERA
Le meilleur joueur de l'histoire pour l'instant c'est Kobe Bryant. J'espre que vous tes au courant. Et  sa retraite ca sera JAMES.
Les autobus continuent de semer la mort Un enfant a t tu, ce dimanche 8 mars, dans un accident impliquant un bus  Bouzarah .
Les fortes pluies, qui vont se renforcer dans le courant de la nuit, amnent mt...   #Tw974
Les joies du RER B et de ses trains en retard
Les vacances d'avril vont tre top, Loulou elle est la premire au courant on va organiser un truc de ouf
Lorsque je reois un message me disant que demain c'est la rentre. Merci, j'suis au courant. Merci de gcher mes dernires heures de paix.
Ls renois de mon espece on est tjr oblig de jouer en ss marin qd on gere 1 new bebe walla des q ls gens snt o courant t es grill
Ma mere elle est au courant de tout
Ma mere je lui dis que j'ai la flemme de me lever elle me fait croire que j'ai une araigne  cot de la tete pour que je parte en courant
Ma mre dans pas longtemps elle va me sortir; Ta gueule dans le bus le matin. Je vais pleurer toute les larmes de mon corps
Ma mre est au courant que je ferai plus aucun contrle d'anglais tant qu'il ne nous les rends pas
Ma mre m'a dit : T'es au courant que l'tat de ta chambre reflte l'tat dans lequel tu es dans ta tte ?,Ah bah voil, tout est dit hyn
Ma mre qui veut aller sur scolinfo, piti j'veux pas qu'elle soit au courant pour mon bac blanc de SAL...
Madame Christelle qui est ma mre coupe le courant, tout a parce qu'on veut pas aller dehors. C'est nickel ma vie..
Maintenant il s'en bat les couilles, j'tait mme pas au courant de sa dernire connerie.
Mais ma joie exulte quand je les vois partir en courant chez leur grand-mre
Mardi 10/3: mvt socialTrafic normal sur RATP et Transilien SNCF sauf #RERB (seulement 80 % en pointe, 75 % sinon),#vvtrafic
Mdddr en courant j'ai croise ma mere on s'est fait un tcheck
Mdr Arthur il me fait trop rire, jamais au courant de rien!- Tfk?,- Ba je suis chez toi! Descends! - Ah bon?! Ba je savais pas
Mdr wat ya une go Grv fraiche qu'a dormi chez moi gt pas au courant o_o la Jla vois elle sort d'la chambre d'mon frere mais wat wat wat wat
Mdrrr j'ai montrer c'que j'ai envoyer a des gens qui taient au courant et tsa ils m'ont dit "jsuis fire de toi" eh c'pas un truc de ouf
Mdrrrr j'prenais ma douche et mon frre y prend mon tlphone et y part en courant  j'tais morte
Me dire que demain  cette heure ci je serais dans le bus en rentrant des cours me donne envie de pleurer
Meteo du #RER (#ratp) : KO () 08/03/2015 a 18:25 Trafic normal sur les lignes ...
Mise au courant des dernires news
Mon frere pensait qu'ajd c'etait mon anniv, ah bn gt pas au courant
Mon frre a capter qu'il y avais un truc en plus que je sois malade mais il a pas chercher a comprendre.... Serait il dj au courant
Mon pere et ma mre qui parlent et qui font "Elisa parle avec son copain" mdr j'suis pas au courant, j'aimerais bien le rencontrer
Mon pere etais meme pas au courant
Mon pre  coup le courant de ma chambre parce que je mettais la musique trop forte sur mon enceinte
Mon pre a un nouveau hobbie: couper le courant quand on va au toilettes
Mon pre il est tellement au courant d'ma vie qu'il m'a demand si je pensais avoir mon bac  la fin de l'anne
Mon pre il se tient trop au courant de l'avancement de mes recherches. Je suis trop surpris !!
Mon pre qui rentre dans ma chambre pour me dire de dormir, car j'ai cours demain. OUI je suis au courant.
Mon pre veux pas me conduire en cours donc demain 8h18, la routine du tram . Super.
Monde Histoire actualit: Encore fallait-il tre au courant...  que c'est bon de rire...
N empche qu'il m'a fait bien rire  faire ca Tho, surtout quand il se barre en courant dehors
Nique sa grand mre la pute le courant est parti..gvai couler la sueur comme un chien maintenant
OMG mais Mathilde elle est au courant meme son frere y passe dans a l
On a pas encore repris les cours que Charlot s'inquite dj que je loupe mon bus
On aurait t au courant on serait venu en fait
On est 1er on le reste est ce que vous tes au courant
On est aussi au courant que tes projets c'est devenir son plan cul quand tu seras indpendant.
On s'est embrouilles avec ma mre du coup elle veut pas m'emmener  l'arrt de bus et mardi j'ai pas cours du coup 4 jours de week-end !
On se prpare mentalement  courir derrire le bus demain matin ..
Paris Saint-Germain - Chelsea: le bus des Blues accident aprs avoir rat son virage: FOOTBALL - Ce n'es...  #PSG
Pat est l pour vous tenir au courant sur l'tat du trafic. Bonne matine aux voyageurs du #RERA #RATP
Per pale argent and azure, a dragon courant counterchanged
Plus de 15 km/h de moyenne sur 20 km pour Diniz en marchant. On est nombreux  en rver en courant #admiration
Plus rien ne perturbe le trafic sur la ligne #RERD #OK
Pour ceux qui ne seraient pas au courant, je n'ai plus aucun lien avec la Capsule Esport, elle  t vendu  @matis2555 qui est le new Pr.
Pour ceux qui ne sont pas au courant caro a reu des fleurs . @caroline_ptby
Pour le coup, a devrait mieux marcher pour faire ses relevs RER/Transilien sur #Marie maintenant :)
Pourquoi je suis toujours la dernire des connes  apprendre qu'il y a cours demain quand tout le reste de la promo est dj au courant ?...
Pourquoi vous courez et aujourd'hui es hui c'tait de classe la journe aprs le bus il a failli faire un accident mddddr
Pq la vie ? Je vais pter un cableeee punaise 3h que je suis sur cet expos et puis boom panne de courant et tt mes docs supprims -_-
Profitez d'un trafic fluide sur la ligne #RERA #OK
Prvoir 4 trains sur 5 aux heures de pointe et 3 trains sur 4 aux heures creuses :  (mvt social) #RERB 2/2
Ptdr Jsuis sur internet jvois les 15 prnoms de femmes les plus courant dans les asiles jclique le 1er prnom c'est Mlissa pq tant de N
Ptdrrrr le tifo de fener sera fait par une socit  mme eux sont pas au courant du tifo ahha equipe de merde
Ptn demain on reprend les bne routines du bahut. P'tit Dej bus clope cours clope REPAS clope cours bus manger dodo. SUPER
Ptnnn les gens se plaignent de leurs bus alors que moi je serais en cours
Putain dans le bus y'avait un ptit gamin qui dormait, tout d'un coup sa mere sans le regarder le frappe 4 fois et lui balance "AVANCE"
Putain j'suis terrorise et en mme temps morte de rire. J'suis partage entre l'envie d'clater de rire et de partir en courant
Putain les gars faudrai que je prenne le RER pr aller en cours mais tt les jours les appels de ma voiture sont trop forts et jcraque
Qui est ce qui s'y prend encore  la dernire minute pour son commentaire ? Bibi mdr et j'tais mme pas au courant ....
RER B : trafic lgrement perturb mardi 10 mars
RER B Mouvement social  mardi 10 mars 2015Le trafic sera lgrement perturb sur la ligne B du RERPrvoir 4 trains sur 5 au [1/2]
RER D Trafic interrompu entre Combs la Ville et Melun, dans les deux sens Reprise des circulations estime  21h00. Motif app [1/2]
RT @4bisdz: J etais meme pas au courant Mais kate elle sort avc un marocain en smoment elle la dis a sa mere hier on ete au tel sa mere la frapper
RT @74JailBreaker: Dans le tram j'ai vu une go avec un pull de JUL et il y avait les paroles derrire Ma fiert nationale a pris un coup
RT @AmarHaragaa: Fekir c'est l'enculer qui cours dans le Rer blinder pour s'asseoir avant toi alors que tu commencer a marcher
RT @Ambrehrn: mdr ah bhe gt pas au courant j'espre j'ai passer une bonne soire au moins mdr
RT @Aurianaaaaa: Ya un mec dans le rer l a les ongles plus que moi faut pas abuser frre va les couper
RT @BeMySuperHuman: Thibaut c'est le mec il est jamais au courant de rien il me fait trop rire mdr #LesAnges7
RT @BreizhGh: #Transilien trafic normal mardi 10 sur toutes les lignes  l'exception du RERB (4 trains sur 5 en HP et 3 trains sur 4 en HC) #SNCF
RT @Calemaaas: @Choco__Vanille haha et dire que ton pre n'tait pas au courant
RT @CamaradeBerter: @Morcade faut arrter de pleurer, moi je me fais opprimer par les parisiens car je vis en milieu rural et j'en fait pas un courant quoique
RT @Camille_ltc: Je suis descendue en courant et en gueulant partout ma mre elle m'fais "ptn j'aurais vrm pas du t'adopter toi",a pique comme du piment
RT @Chibromasseur_: tes vous au courant que les cimetires ne sont pas des lieux de shooting pr vos horribles photos de beaufs
RT @ClementSalviani: 4/5 trains RER B aux heures de pointes et 3/4 aux heures creuses le mardi 10 mars.
RT @CoeurPanda: Ma mre qui veut aller sur scolinfo, piti j'veux pas qu'elle soit au courant pour mon bac blanc de SAL...
RT @CynthiaMnr_: @AndreaLsb Merci beaucoup mon coeur  jlai dj fter hier en famille mais samedi prochain j'ai faire un autre truc je te tien au courant
RT @DjaloYunussa: les gens ki vienne me casser les couille a 8h dans le bus svp arrter vous savez trs bien ke je veux juste couter ma musique bordel
RT @EVOLTION__: @diplonot @c_capdevielle @RichardFerrand @FtcAvocats parce q justement je sais q je n ai ps 19000/ mois. Je serai au courant je pense
RT @EmelineLcy: La journe de la femme c'est tous les jours hein au cas o vous seriez pas au courant
RT @Eulalibellule: Mon pre a un nouveau hobbie: couper le courant quand on va au toilettes
RT @FFAthletisme: Erwan Benech coupe la ligne d'arrive du 1500 m espoirs hommes en premire position, en 4'01''65 ! #CFAthl
RT @FabiolaGaba: @diamantaireboy wallaye le courant encore on peut grer.. Mais l'eau l  pfff
RT @FloreDSV: N empche qu'il m'a fait bien rire  faire ca Tho, surtout quand il se barre en courant dehors
RT @FreakyFrip: Quand tu piques du nez 3min dans le RER et que loupes ton arrt
RT @GuirriBoss_: Tlr dans le RER ya un daron renoi il croise sa fille dans l'train par hasard & quand il la vu il a dit "donc toi tu colorie tes levres mtn?"
RT @GwladysEY: Il existe une journe internationale de l'homme alors faite pas chier  rler pcq vous tes mme pas au courant
RT @H0GVN: Dans le RER ya un gars il fait de l'accordon & moi j'coute a fond Tuesday & j'le regarde c'est des barres j'ai l'impression c lui qui joue
RT @Isabelluxe: Tout les ga la qui joue avec les femmes. Si seulement vos mres els taient au courant , els seraient tellement du de vous
RT @JenPortal: J'aurais du partir en courant la premire fois que je suis tomber amoureuse moi tient!
RT @JoseDiasRafael: le chauffeur a ralentit parce qu'une beurette travers,j'lui ai dit c'est orange tu peut passer. tt l'monde m'a applaudi j'ai conduis le bus
RT @KassimCorsaire: Ca s'voit ls vineurs s'ils gagnent 1oscar Ca va lcher des "ya que ma mre ki croyai en moi" alors kelle ntait pas au courant des perruques
RT @KatandeObed: Un STMG Drague une fille dans le RER-Slt beaut tu va o ?- La Dfense et toi?,- l'attaque Mskn le train la tacler dans la surface
RT @LaurineBourdin: Il en faut toujours un, qui n'aura pas t au courant poid les devoirs et qui va se rveiller  la dernire minutes #lrt
RT @LbeLisa_: Demain pour pas changer on sera en retard au bus et on devra courir mdr les baltriiiingues
RT @LisaZrb: Mise au courant des dernires news
RT @Louane__C: Des fois ma mre elle m'affiche sur Facebook oklm pis je suis pas au courant
RT @MappyCity: Alerte ! Des travaux modifient la circulation des trains de la ligne #RERC #BOF
RT @MappyCity: Trafic des navettes de bus interrompu entre Pont de Rungis et Aroport d'Orly, dans les deux sens #RERC #KO
RT @MarieGrand2: A 1km d'arriver accident de bus  Je vais pleurer ptn
RT @Melyssa_Baleine: Ya un couple dans le rer ils font trop les enlov
RT @Nicocola92: @sebcaporal @LaMaisonDuBluff je serait partit en courant ! Les candidats ont eu du courage .
RT @Nolarhlt: Y'avait pas de lumires ptdrrrrr boug aw pani courant, j'ai mis la luminosit tout a mais rien a faire
RT @Oliver_Maiden: Le matin, en semaine des vieux trains ou l'on s'entasse.. Le week-end des trains neufs  2 tages vides .... On rflchit  la #RATP #RERA
RT @OzoneGamingFR: L'Ozone Strike Battle sera disponible, en France, dans le courant du mois de Mars 2015.
RT @PokeShuffleFR: Bienvenue sur le compte twitter Pokmon Shuffle. Suivez-nous pour tre au courant des dernires nouveauts du jeu !
RT @RERA_RATP: Bonjour, ici, Thierry de la #RATP vous informe en temps rel sur l'tat du trafic du #RERA.
RT @RERA_RATP: Pat est l pour vous tenir au courant sur l'tat du trafic. Bonne matine aux voyageurs du #RERA #RATP
RT @RERB: En raison d'un mouvement social le mardi 10 mars 2015, le trafic sera lgrement perturb sur le #RERB 1/2
RT @RERB: Prvoir 4 trains sur 5 aux heures de pointe et 3 trains sur 4 aux heures creuses :  (mvt social) #RERB 2/2
RT @RERC_SNCF: Infotrafic #RERC : Trafic des navettes de bus interrompu entre Pont de Rungis et Aroport d'Orly, dans les 2 sens.,> h...
RT @RERD_SNCF: Infotrafic #RERD : Trafic interrompu entre Villeneuve et Melun (2 sens) >20h30,(choc anormal sur 1 train grandes lignes  Cesson
RT @RERD_SNCF: Infotrafic #RERD : [MAJ] Trafic interrompu entre Combs et Melun (2 sens) >21h (choc anormal sur 1 train grandes lignes  Cesson)
RT @RomaneDartois:  l'ISL il se passe un truc t'es sre que l'heure d'aprs tout le monde est au courant et regarde la personne en question comme a
RT @SansVoile: @coco39100 Vous aussi ! Allez lire notre site pour vous mettre au courant et devenir une marguerite sans frontires :
RT @Serianox_: a a pas dur longtemps l'interdiction de fumer sur les quais du RER ; Du coup je m'entrane  nouveau  simuler une bronchite foudroyante.
RT @Shegueyn0ep: mon pere jle vois il cour pr pas loup l'bus, le fdp d'bus il par et genr mn pr lui il continu a courrir fair style il lprend pas lbus mdddr
RT @ThFerrier: @Vertumne1 @Nervia_Vestae @et_INRI @celte1er @nausicalibre Oui. Le courant cananen (en Isral) ou judo-paen (aux USA).
RT @The_Economiss: Est ce que t'es au courant que dans ton entourage il y a peut tre une fille qui se fait pter la gueule le soir par son mec.
RT @UneSacreGarce: Mes parents et mon frre ils rpondent jamais au tlphone, il m'arrive un truc seront jamais au courant ils s'en battent les couille
RT @VSmteY: @lina_oural @jeessie_nsmia t'es au courant du dossier que j'ai sur toi ? Alors  ta place je ferais profil bas
RT @ValJules: Les gens qui peuvent pas se retenir de fumer ds le train vous avez vraiment aucun respect c'est  cause de vous que la socit va mal #RERD
RT @_Angelaa_C: Y a un moment ou faut juste arrter de me prendre pour une conne et faire comme si je voyais rien et j'tais au courant de rien.
RT @_Never_Hide: Par contre frler la mort au retour  cause de l'accident de bus c'tait moins cool...
RT @chakib_Ihsane: @Kendrickwz_  oui ds que je le sais tu seras la premire au courant
RT @chloelntr__: J'ai dis a mon pre ohlala j'tais trop folle pendant le match et il me dit ouais je sais, jsuis mme au courant pour la clope. Ah ok !
RT @coeuraguicheur: Tout ce qui se trame derrire notre dos me....AHAHAHAHAH JE SUIS AU COURANT.
RT @drugxfharry: et mais enft si je meurs personne sera au courant sur twitter, mes rencontres penserons tjrs que j'aurais tout abandonne
RT @duepintheva139: Une passagre blesse dans l'accident d'un bus du #RTC
RT @elisa__pers: @Lola30031 je te tiens au courant bb
RT @elisaremi: Mon pere et ma mre qui parlent et qui font "Elisa parle avec son copain" mdr j'suis pas au courant, j'aimerais bien le rencontrer
RT @ffx_SoOphia: @belhadj_souf Si j'accepte tu sera au courant
RT @fratwoman: "@RERB: En raison d'un mouvement social le mardi 10 mars 2015, le trafic sera lgrement perturb sur le #RERB 1/2" #qml
RT @haramest: Ma mre elle m'a envoy a mdr j'crois elle est pas au courant du nombre de bite que j'ai suc
RT @idvlly: a sent la couille a je suis sre il est au courant de la manigance son frre allez salut  #GuillaumeRadio
RT @jeytos: Le Twitter officiel est cre pour le site d'actualit @leblogjeuxvideo n'hsitez pas  le suivre pour tre au courant des dernires infos!
RT @kaotoxinrecords: @Death_Beer merci beaucoup :) On se refait la mme pour le @Antropofago_BDM dans le courant de l'anne :D (cc @PutridOffal )
RT @kelloggslunaire: Vu le peu de fois o elle fait la dmarche de m'appeler je pense que je pourrais mourir qu'elle ne serait pas au courant.
RT @kevindooh: Vous aimez vs crer des restrictions genre je frquente pas tel ou tel lieu. Vous tes au courant qu' la morgue, il y'a pas de casier VIP?
RT @laurene_quiros: #LesAnges7 je sais pas trop si vous tes au courant mais c'est Maeva qui va partir... (La prod est derrire bien sur)
RT @maeevaa_: Mdrrr j'ai montrer c'que j'ai envoyer a des gens qui taient au courant et tsa ils m'ont dit "jsuis fire de toi" eh c'pas un truc de ouf
RT @marjomamansolo: Direction le #BubbleEvent chez @HappyFamiliesFR un dimanche les bus fonctionnent au ralenti poke @Team_Bubblemag
RT @miaptk_: Mon pre  coup le courant de ma chambre parce que je mettais la musique trop forte sur mon enceinte
RT @milielp: ca va etre trop horrible la periode ou il fera vla chaud et qu'on sera entasss dans le bus pr rentrer chez nous apres les cours
RT @mxrineazf: Demain c'est la reprise des - cours - des bus blinds - des rveilles trs tt - des devoirs - des misres
RT @nellykimberley: Vos couple Tumblr de merde le ga bg sur les photo en vrai corps de lche on dirais que le RER l'as lcher faut arrter
RT @niallmydrugz: On s'est embrouilles avec ma mre du coup elle veut pas m'emmener  l'arrt de bus et mardi j'ai pas cours du coup 4 jours de week-end !
RT @palesence: maintenant j'ai peur que les autres soient tous comme toi, qu'ils me fassent esprer et se barre en courant aprs.
RT @pierreleck94: Jvais reprendre le rer ca coute moin chere
RT @ptiitc0eur: A babi facon on es rapide dans rumeurs on seras au courant du retour de Jesus avant tt le mnde , on vas aller l'acceuillir a l'aeroport
RT @ratp78190: @RERB fin incident de voyageur en gare d'Antony le trafic revient  la normale
RT @ratp78190: @RERB suite  un incident de voyageur en gare d'Antony le trafic est perturb dans les 2 sens de circulation
RT @rockofdomi: 11 491 tweets sur #riplaurelyne , merci  tous, j'espre que sa famille sera au courant de ce grand hommage
RT @safoulseum_: Mdr wat ya une go Grv fraiche qu'a dormi chez moi gt pas au courant o_o la Jla vois elle sort d'la chambre d'mon frere mais wat wat wat wat
RT @stephdupond80: @grainsdeCel lool. C'est sur. Mais bon je suis pas sre que la grosse quipe tait au courant du pass du parrain
RT @swag_riri: Cst Pas Ma Faute si je traumatise  @Iam_PatrickAdon Il est Au Courant Meme De sa
RT @sxtan_: On a galr a trouver une place dans le RER pour au final sortir en courant pour en choper un plus confortable msk jsuis KO
RT @tattooxfcalum: @niallsmilx on va me dire 'tg on est dj au courant' jsuis sre
RT @tota_bensetti_7: Bon les gens , je serai en fosse or au redtour souhaiter bonne chance pour pas que je me casse la gueule en courant mdrr
RT @tweet_en_or: 15 ans et tomb enceinte par accident,,C'est vrai que c'est trs courant de trbucher et de tomber les jambes cartes sur un penis sauvage.
RT @vally67340: Demain je malheureusement louper mon bus a sera vraiment dommage
RT @voicexfmalik: ce moment o tu rates ton bus, tu te dis "cool jvais pas en cours, jvais me recoucher" et l ta mre te dit "allez je t'emmne"
RT @vvtrafic: Mardi 10/3: mvt socialTrafic normal sur RATP et Transilien SNCF sauf #RERB (seulement 80 % en pointe, 75 % sinon),#vvtrafic
RT @wagtalal:   se laisser emporter par le courant  se laisser emporter par la colre,   #_
RT @weeklouis: @thatzroden parce que ma mre installait le four du coup elle a coup le courant sans prvenir en plus
RT @wsztn: Jsuis tjrs la dernire au courant
RT @wutangbang: Ccile pq tu fav tout mes tweet? A croire tu es au courant que je vais aller sucer ton frere a Disney
RT @ycuruiz: Mon vernissage  Paris,  la lumire des chandelles  cause d'une panne de courant. Une atmosphre intime,...
Rama Yade propose un service civique obligatoire pour tous les retraits.Pas le courant  tous les tages elle aussi
Sa fais 7 mois je prend le RER aucun contrleur est monte dans le train et la 1 semaine 2 contrle dans les train
Si g 10e jmen vais pcho mon soper de pillon tu seras mme pas au courant @WalidMeftahi
Si ils avaient coup le courant au moment ou j'avais dj commencer mon projet je serais en garde a vu a l'heur qu'il est
Si j'avais t au courant peut tre que a ne se serait pas pass comme a , mais a fait parti de la vie , on apprend
Si jamais vous voulez tre au courant de mon dernier article ou de ma dernire vido envoyez moi un
Si ma mre me dit de baisser je lui rpond "soit tu coutes soit tu prends le Bus"
Si on serait pays pour aller en cours j'irais en courant y'a pas de problme.
Si quelque pouvait me tenir au courant des scores des matchs des qualifs US ca serait sympa , merci d'avance
Srieux #LMDB5  repris j'tais mme pas au courant !! h merde j'ai rat quoi ?
T'a voulue t'en rouler un petit dans le tierquar, le bolid du grand frre est passer , Meme la boulette s'est sauver en courant
TAleur quand je suis arrive j'ai vu mon gars sure il s'est arrete m'a regarde m'a sourit puis il a vu mon pere et s'est casse en courant
Thibaut c'est le mec il est jamais au courant de rien il me fait trop rire mdr #LesAnges7
Tout ce qui se trame derrire notre dos me....AHAHAHAHAH JE SUIS AU COURANT.
Tout le monde le tolre parce que cest courant, ordinaire. On tolre a  nimporte quelle heure du jour et de la nuit. #2
Trafic des navettes de bus interrompu entre Pont de Rungis et Aroport d'Orly, dans les deux sens #RERC #KO
Traner sur #Lovoo -> Tomber sur ta crush d'il y a 5 ans -> Paniquer (dans tous les sens du terme) -> Partir en courant
Tristesse en moi..  j'ai oubli mes couteurs dans le mini bus, je l'ai rcupre que mercredi !
Une passagre blesse dans l'accident d'un bus du #RTC
Vos couple Tumblr de merde le ga bg sur les photo en vrai corps de lche on dirais que le RER l'as lcher faut arrter
Vous aimez vs crer des restrictions genre je frquente pas tel ou tel lieu. Vous tes au courant qu' la morgue, il y'a pas de casier VIP?
Vous serez tenu au courant du prochain programme des livetweets.,Merci de nous avoir suivi ! C'tait @Bastoune91 ! Bonne soire  vous !
Vous tes au courant qu'on sera 30 milles au stade de France contre Paris mdr @PierreMenes #SCBOGCN #SCBPSG
Vrino 10/10  reservation sur conseil , une crise de rire de 1h30 .allez y en courant!!
Vu le peu de fois o elle fait la dmarche de m'appeler je pense que je pourrais mourir qu'elle ne serait pas au courant.
Watt ?! Etes vous au courant que c'est un jeu branch ?, Ampre t'il son sens de jeu alternatif ?
Why I am not surprised? @RERB: En raison d'un mouvement social le mardi 10 mars 2015, le trafic sera lgrement perturb sur le #RERB 1/2
Y a un moment ou faut juste arrter de me prendre pour une conne et faire comme si je voyais rien et j'tais au courant de rien.
Y aura que loanne qui sera au courant
Y'a un couple qui se gobe la bouche dans le rer depuis tout  l'heure c'est dgueu srieux
Y'a un mec il courait aprs le bus, il s'est arrter le mec il a vu qu'y avait des contrleurs, il a fait genre qu'il faisait un footing mdr
Y'avait pas de lumires ptdrrrrr boug aw pani courant, j'ai mis la luminosit tout a mais rien a faire
Ya Pascal le grand frre ?! Jurer jsuis pas au courant
Ya un couple dans le rer ils font trop les enlov
Ya un mec dans le rer l a les ongles plus que moi faut pas abuser frre va les couper
Yo mes frres togolais, vous avez le courant  Lom? Je veux pas gacher mes vacances d'une semaine dans le noir de cotonou.
[Forum] Source de courant pour chaudire. ( joca )
a a pas dur longtemps l'interdiction de fumer sur les quais du RER ; Du coup je m'entrane  nouveau  simuler une bronchite foudroyante.
a me fera toujours marrer les gens qui prennent des photos et ils font style qu'ils sont pas au courant ils baissent les yeux et tout
a sent la couille a je suis sre il est au courant de la manigance son frre allez salut  #GuillaumeRadio
accident de bus l, on est bloqu  Marcq
c sincre qu'on est chang d'heure jui mm pas au courant
c'est drle parce que ma mre s'tait la premire au courant
c'est la journe de la femme, sa serait pas mal que CERTAINS soient au courant
ca va etre trop horrible la periode ou il fera vla chaud et qu'on sera entasss dans le bus pr rentrer chez nous apres les cours
ce moment o tu rates ton bus, tu te dis "cool jvais pas en cours, jvais me recoucher" et l ta mre te dit "allez je t'emmne"
ds fois mon pre croit que je pleure alors que non du coup il arrive en courant en me disant "pk tu pleure??" c l'intention qui compte.....
et mais enft si je meurs personne sera au courant sur twitter, mes rencontres penserons tjrs que j'aurais tout abandonne
et on a repris le tram pour aller  la gare et reprendre notre train
j'ai le don d'tre dans les bus o y'a un accident par la suite moi pt
j'aime bien, les gens dans mon immeuble tu les vois jamais, puis qd y'a une coupure de courant, tu vois une horde de geeks pleurer leur mre
j'espre juste que je vais pas louper mon bus
j'espre que lea elle est pas au courant mdr ptn
j'espre surtout que je vais pas louper mon bus, bc la semaine avant les vacances, j'ai faillis le louper 3fois et me sens pas a courir la
j'spre vrmt qui loupera son bus ce con
jspr demain jvais pas louper mon bus comme la dernire fois
jt o telephone ac mon meilleur pote virtuel et la g entendu sa pote dire " c ta copine " et il a rep " ouais " jt pas o courant
la mre de quentin tait pas au courant que j'dormais chez lui mdr, trop cool
les gens qui mettent des coups derrire ton sige dans le bus putain crevez
ma mre quand elle m'appelle, elle me pose une question et tout de suite aprs elle me traite pasque chui au courant de rien
maintenant j'ai peur que les autres soient tous comme toi, qu'ils me fassent esprer et se barre en courant aprs.
mais jcrois mon pre et mon autre frre sont pas au courant et tant mieux
mdr ah bhe gt pas au courant j'espre j'ai passer une bonne soire au moins mdr
mes gp sont venus pour le goter j'tais mme pas au courant mdr
mon pere jle vois il cour pr pas loup l'bus, le fdp d'bus il par et genr mn pr lui il continu a courrir fair style il lprend pas lbus mdddr
putain ma mre et mon beau-pre ils viennent de se barrer en voyage d'affaire mes frres et moi ont taient mme pas au courant
tion entre Noisy le Sec et Pantin . Trafic normal sur les autres lignes de RER. [3/3]
vous tes au courant qu'on peut crer l'inattendu en prvenant l'attendu de manire inattendue?
wsh vous tes sincres l j'ai flipp ptn, Eminem il peut pas mourir sans que je sois au courant immdiatement #RipEminem
x heures de pointe et 3 trains sur 4 aux heures creuses Trafic normal sur les autres lignes de RER. [2/2]
