"Ce train est climatise merci de garder les fenetres fermees" Mais ya tjs des tocards pour les ouvrir qq il fait chaud #Ratp @RERA_RATP
"En raison d'un incident voyageur, traffic ralenti sur la ligne 10",Ralenti. ligne 10. Je n'ose imaginer.
"Laura t'aura la Wii U a Noel mais t'es pas au courant OK?? Pas envie de me faire engueuler par ton pere" OK maman
"Y a des choses que je ne suis pas prte  partager, des choses qui te feraient partir en courant"
#FootInternational SERIE A / LAZIO ROME - Lazio Rome : Ederson file  Flamengo: Malgr un contrat courant jusq...
#KeepInMind ! Trafic ralenti sur l'ensemble de la ligne #RERD ! #BOF
#RATP Du 25/07 au 23/08, renouvellement des voies #RERA, trafic interrompu entre La Defense et Auber. En savoir +
#RERA ! Incident affectant la voie a Maisons Laffitte, le trafic est ralenti sur l'axe La Defense-Cergy #BOF
#RERA il y a des jours sans probleme ? Hier 6 trains pour Saint Germain pour 1 pour Cergy... Certains sont tres privilegies.
#RERA train bloque a Auber. Signal d'alarme actionne dans le train devant nous
#RT Trafic #ligne L #RERA : incident affectant la voie  Acheres toujours en cours : #RERA au dpart de #Cergy sont dvis par #Poissy.
#SerieA SERIE A / LAZIO ROME - Lazio Rome : Le contrat d'Ederson rsili: Malgr un contrat courant ...  #football
#SummerSlam | Soyez au courant de tout  la seconde ! Tous les matchs, toutes les dernires informations et...
#WelcomeSalman : amis de Vallauris, venez uriner dans la mer  ct de la plage privatise. Le courant s'assurera de faire passer le message
#jeuxdelete #RERD #maisonsalfort 6h50 ce matin: quel est ce train ? C'est deja le bazar et l'affichage n'arrange rien
#rera Direction Cergy Le Haut. Pour moi au menu ce sera ... sardine ... normal vu la frequence des trains vers cette destination @jphuchon
#rerd probleme de train prevoir 30 minutes de plus
+9 au depart de GDL, +12 a Montgeron. Et trafic normal pour @RERD_SNCF ... #escrocs #fumistes #incompetents #qml #rerd
-Frere ramene nous y a plus de bus-Couz t'as deja Abdel Theophile et Julio,-Tqt ca va passer creme
/!\ premiere fois de ma vie que je vois les controleurs entrer dans le train a Aulnay en direction de Paris #RERB
00:35, le trafic est ralenti entre Torcy et Marne-la-Vallee Chessy (incident voyageur) #RATP #RERA
00:35, le trafic est ralenti entre Torcy et Marne-la-Vallee Chessy (incident voyageur) #RATP #RERA via @RERA_RATP
07:02, le trafic est ralenti de La Defense (Grande Arche) vers Cergy-Le-Haut (incident technique) #RATP #RERA
07:02, le trafic est ralenti de La Defense (Grande Arche) vers Cergy-Le-Haut (incident technique) #RATP #RERA via @RERA_RATP
07:32, le trafic est ralenti entre La Defense (Grande Arche) et Cergy-Le-Haut (incident technique) #RATP #RERA
07:32, le trafic est ralenti entre La Defense (Grande Arche) et Cergy-Le-Haut (incident technique) #RATP #RERA via @RERA_RATP
12:29, le trafic reprend progressivement (colis suspect) #RERB
12:29, le trafic reprend progressivement (colis suspect) #RERB via @RERB
20 min d'change sans que je sois au courant. J'espre au moins que c'est bon signe  Ines je compte sur toi !!!!
25minutes de retard, trains bondes, zero info et controleurs a l'arrivee, c'est operation seduction de la #ratp sur le #RERA ?
2emefois qu'il y a une coupure de courant au #Snat. Merci! Y aura-t-il 1 3me fois ? Qqn sera-t-il coinc ds ascenseur? @po0kie85
2mois avant les presidentielles ne prenez pas de metro RER et train, ne faites pas de reunion car un Big-bang sera concocte par 1candidant
@209Nights ca depend, ca me gave qu'elle fasse za idk... Mon pere est pas encore au courant...
@Adil93_ Je peux pas tre Charlie parcque les frres Kouachi c'est de ma miiiiiif jetais au courant de l'attentat ect ! Vive les Kouachi
@AlisoonFreitaas bah oui  sa serait archi bien  tu me tiens au courant
@AlphaIex @xeri0s @_Frixi TENEZ MOI AU COURANT DES RSULTATS
@Amsy___ Si elle marche si on la (et encore pas tout les trains!) @Conducteur_RER @RERD_SNCF
@Anaiis_Prs si tu veux que je te rassure la premire fois que je vais venir tu seras au courant
@Animeland_mag cc @Pixelle__ Oui je suis au courant pour le film voil le casting. Jespre le tome 5 cette anne chez nous :D
@Anne_Hidalgo cest tres bien dommage quactuellement nous ne puissions pas avoir des trains RER ou SNCF qui fonctionnent correctement.
@Anthonyaide27 @AxelHAZOUME mdrrr tfacon qu'il fasse qu'il veut j'serai jamais au courant donc toz
@Asso_SaDur @RERD_SNCF je pense que c'est la panne du train sur la #LigneR en gare de Melun qui met le bazar, mais raison non officielle.
@AurelRegard Je suis au dernier boss de Penelope, je crois. Es-tu au courant de tous les problmes que sa cause pser sur pause?
@Ax_OOO T'inquite tu sera bientt au courant, tu fait partis des mecs aussi
@BOUUUULBI @Rainnzila Moi sa sera plus tard de toute faons, on se tiens au courant
@BilelAffelay @julito94000 Ouais mais aucuns journalistes ni grand supporter ne le follow et puis le club serait au courant je pense
@BoyeShakur t'es au courant qu' chaque fois que je regarde ta pp je pleure de rire
@CDemouge mdrr mais non si c'tait  Belfort tout le monde serai dj au courant mdrr je suis  Paris l
@CakeLikeDylan elle aurait pu partir en courant taleur quand il a tirait en l'air, non elle c'est arrter net
@CamerLive Est ce que le gars sait dj qu'il sera le bonami puis ton mari? il est au courant ?
@Cissouilleng mdrrr ma mre elle est au courant emdrr jlui cache nada
@CitrusFr Ok, n'avez donc pas encore reu la sim ? Depuis quand attendez vous ? Tenez nous au courant !
@ClientsRATP Dans Roissybus 4952, avez-vous un accidente, apres un heure nous attendons un autre bus... compensation pour vos clients?
@Cloud8_ Victoire vient ce soir vers 21h sinon demain ? On se tiendra au courant de toute faon
@Conducteur_RER @AgentSncfLigneJ @lagazette95 si les trains etaient a a l'heure y'aurait moins d'annonces
@Conducteur_RER Deja que les trains sont trop larges, alors si en plus les voies se deforment:-)
@Conducteur_RER On emerge doucement en attendant les premiers trains :D
@Conducteur_RER aujourd'hui oui. Mon train est l'international Barcelone - Perpignan. Chez "Renfe Mercancas".
@Conducteur_RER c'etait toi? Une chance que tu etais a l'arret. C'est un coup a se retrouver avec du ballast entre les dents.
@Conducteur_RER du coup il va encore y avoir des greves?
@Conducteur_RER j'espere que vous aurez la meme com quand il y aura des trains en retard et que vous laissez les gens comme ca ds la merde
@Conducteur_SNCF @Conducteur_RER JE NE LEGITIME RIEN contrairement a vous qui en faisant un coup du com fait le jeu du FN et des racistes.
@Cyril_Mrg pas toute suite mais normalement la semaine prochaine tous le monde sera au courant :)
@Diana_Olvr je peut pas ma mere vient pas manger du coup Et mon bus passe pas la journee
@DirectEnergie oh mais se serait bien sympa a merci pour ce cadeau je tente le coup  merci
@DocRider75 Hello, lorsqu'on Android L sera disponible :) Nous vous tiendrons au courant. Merci de votre patience :) Bonne journe, Nathan
@DoflaYT J'te mets au courant ds que j'le reois
@ERG_RemarKz @Archivs_FA @Prism_Azteck @SyKoh_FA ahahhaha la premiere fois yer parti en courant ahahah
@Emily_twrpg Hum.. *lger sourire crisp* Mais non.. C'est juste que.. C'est pas vraiment courant ce genre d'histoire tu vois..
@EmmaLaplace @RERA_RATP @GroupeRATP pire qd il n'y a aucune info au cours du trajet, stationner 15 min sans info, normal ?
@Err0rSystem ah, du coup ca devrait etre jouable. Tu fais ca en metro ? Voiture ? (Je peux venir a plusieurs)
@Ethaans @EpeeForte J'ai invoqu quelqu'un de pokbip, si lui vient pas, pikachu ne sera jamais au courant non plus *BADUMTSS*
@Etthaaz merci bien reu :) je vous tiens informe dans le courant de la semaine. Belle aprs-midi
@GKNoon Je te tiens au courant vu ton fav sur mon prcdent tweet. C'est parfait, l'accs au forum premium (re)fonctionne ! GG !
@Gaia_Greyback E: *tourne la tte vers M* Tu es un idiot. Bref. Promets tu de la tenir au courant de TOUTES tes missions? Je le jure.
@GroupeRATP & @RERA_RATP : aucun train a Rueil depuis 15 min mais 2 trains sans voyageurs. C'est ca votre idee de la fluidite ?
@GuillaumeDaudin @renaudpila on espre aussi, et on vous tient au courant surtout !!
@Hook_Rpg @Emma_RPOUAT *reccupre une botte et fuit en courant*
@IAmJustBlandine OhNoBlandine  tu sera tout de mme me tenir au courant pour aot ? + Les questions  xx
@Im_a_BadBitch @LesFessesDeBill SI j'habitais pas  6h en voiture de Cannes, J'Y SERAI ALLER EN COURANT PUTAISQNSDGH?J?J?JQXSFEGHUT
@JecyT @impactmontreal Resemble de plus en plus a,Joey: Tu sais DD, nous on serait interess a t'avoir avec #IMFC. Tiens nous au courant Bye
@JellyLaQueen Je sais pas.. *hausse les paules* Je suis partit en courant, j'tais en colre.
@JeremyPgt @LIGNEL_sncf @RERA_RATP le compte Ligne L se charge du trafic RER A cote SNCF car il n'y a pas de compte dedie (evidemment...)
@Jilly_mtl mais ds que je peux. Tu seras la premire au courant ;) Mais j'espre que tout va bien pour toi du coup
@JuanjoCrj @herolien @NannieMelba @RERA_RATP je dois pouvoir prendre le train pendant les heures d'ouverture, or c'est ferme a 22h, et le wk
@Juventus_Fr ha oui j'avais oubli les Portugais en matire de gourmandise!! ils sont au courant qu'il est en fin de CT l'anne pro.?
@KAYNASAMET J'cris tout a et je reviens vers toi Kayna pour te tenir au courant si on peut se caler le tournage etc
@KJamesPronosFB si c'tait "courant" on serait pas en crise  mais on s'en fou black card un peu partout
@Koopamax Je suis sre elle est mme pas au courant encore tellement elle s'en fou stp mdrr
@LeCoindAudrey Bonjour, on a bien reu ton email pour les cadeaux Minions de notre concours, merci !,Ton lot part courant de semaine pro :-)
@LeMarquis1er je suis d'accord avec toi si on veut tre rigoureux, mais dans le langage courant CEO c'est pour directeur Gnral de l'E
@Lejugemalgache C'est une bonne question. Nous vous tiendrons au courant lorsqu'elle sera disponible.
@LilMissJumble apparemment ils restent cette nuit et demain. J'y bosse vers 10.00 je peux te tenir au courant si besoin
@MargaudLiseuse pour fter les 20 000 abonns a serait sympa une FAQ. J'espre que tu nous tiendras au courant.
@MargauxAndrade la dernire fois je pouvais pas bah jte tiens au courant
@MarieMay08 wiii, on sera srement vers chez Vigrou/Trs le centre ville, on se tient au courant :3
@McCaScott *te regarde* c'est ta mre qui ma parler de toi, et je suis au courant de tous aussi.
@Mi_miee ba j'en ai refait un nouveau marre d'etre au courant de rien lol
@Midnightstrolls wa ple le sommeil il est partie sans moi le prochain bus est a 2h20 sa mere je l'ai louper de peu
@Mikustuke T'es au courant que il y aura que une seul personne qui sera heureuse de vivre dans le lot ?,Tu es au courant que je continuerai
@MmeDejantee Je suis ais ? Premire nouvelle, j'tais pas au courant.( et elle aurait pu se soigner...)
@Mobirelanders j'ai trop souvent essay de rsister a finira pas cder mais vous serez au courant pas mal de mois aprs
@MouryaNumeric Ok fais moi signe quand tu auras rappris  t'exprimer avec le langage courant ma trs chre enfant
@Nashsminstyles TU SERAS LA PREMIERE AU COURANT ELECTRIQUE LDKRNJ
@NazeRFTW @BurpyVexx je ne pouvais pas coupure de courant comme la dernire fois
@Neo_1805 @RERA_RATP on est dans le meme train ^^
@News_1DFrance si moi ! Je suis au courant pour le pauvre Tyler j'espre qu'il va bien aller! #WeAreHereForYouTyler
@NicoGueudrez Ouais j'espre pour toi que a ira frero tu me tiens au courant
@NiluNini j'espre que c'est pas grave tiens moi au courant
@NinaRatzel si je vais en Sicile tu seras la premire au courant tqt pas
@PierroLeBibou en effet je comprend mieux de cette manire. Quoique des primes de 20 000  a doit tre bien plus courant que je ne le pense
@PopiGames tu met un frelon dans ma chambre si il vient vers moi j'essaie de le taper et si je le manque je me bare de ma chambre en courant
@Poulain_L ahhh, je prfre! tiens moi au courant!
@RERA_RATP #RERA Meme pas capable d'assurer vos 3 trains par heure. #galere #quotidien
@RERA_RATP Ah bon traffic fluide?! Je suis certain du contraire puisque coince entre Charles de Gaulle et Auber ss informations...#RERA_RATP
@RERA_RATP SVP POUVEZ VOUS FAIRE QQCHOSE POUR L'HORRIBLE ODEUR QU'IL Y A A VAL DE FONTENAY. ON SENT UNE ODEUR ATROCE DS LE TRAIN
@RERA_RATP dis moi Henri, Quand est ce que les travaux du Soir arreteront de gener le trafic du Matin ?
@RERA_RATP encore gros bordel vous etes incapable de faire un affichage correct de vous train depart Poissy
@RERA_RATP il faut demande pourquoi vous montre les horaires du train parce que vous respectez 1 fois sur 5
@RERA_RATP il n est pas ralenti mais Interrompu!!!prochain train dans 40min au depart de Cergy!! C etait pareil hier
@RERA_RATP ils sont ou vos trains ppur Cergy ???? Bordel !
@RERA_RATP les trains vers Cergy terminus la defense on en parle ou pas ? Pas capable de faire rouler 3 trains par heure...
@RERA_RATP on se fou royalement des usagers c'est le bordel tous les matins! Hier le train de Cergy passait par POISSY! avant La Defense....
@RERA_RATP trafic toujours ralenti, 2h plus tard. Aucune info, aucune excuse, aucune competence #qml prenez les transports qu'y disaient
@RERA_RATP y aura t'il des trains direction cergy ce matin?
@RERB CDG 1: trains supprimes ?! Trains retardes ?! Peut on avoir des explications ?! #bored #ratp
@RERB dir saint-Remy/Robinson, le premier ecran en tete de train
@RERB pkoi, qd le trafic est moindre et les temperatures elevees, les trains ne sont pas tous composes de wagons climatises ? #REB #alloquoi
@RERC_SNCF merci de ne pas faire partir des trains 5min avant l'heure prevue. Deja qu'il n'y en a que 2/h et que vs ns aviez jamais prevenu
@RERC_SNCF ne gaspillez par l'argent avec un truc que personne regarde mais investissez dans des trains a l'heure!
@RERC_SNCF pq le train de 19h16 a ete supprime sans au une explication alors qu'il etait affiche et a quai???
@RERD_SNCF 55 min sans train sur la branche Combs la ville. Vous continuez a etre fier de votre gestion de ligne ?
@RERD_SNCF @Asso_SaDur il se passe quoi sur le Sud de la ligne en ce moment. C'est quoi ce train terminus Juvisy ?
@RERD_SNCF @Asso_SaDur ils sont precise dans mon premier tweet. Train dir Paris en horraire theorique a Grigny hier 7h46 aujourd'hui 7h16
@RERD_SNCF @Asso_SaDur pourquoi la suppression des trains ne s'affiche plus sur l'application (hier 7h46 aujourd'hui 7h16 a Grigny centre )?
@RERD_SNCF Avec un train toutes les 15 min vous arrivez a avoir 5 min de retard au depart, j'imagine meme pas a l'arrivee. Nuls.
@RERD_SNCF Bjr peut on savoir pourquoi le train ZICO de 18h42 est retarde svp?
@RERD_SNCF Comme d'habitude a Viry on va voir passer des trains sans arret et attendre un omnibus...
@RERD_SNCF a Corbeil-Essonnes, infos contradictoires et incomprehensibles. Merci de nous faire preferer le train.
@RERD_SNCF de plus le train est indique supprime au niveau des voies souterraines mais pas en surface!?
@RERD_SNCF et bravo au conducteur qui a vu son train pris d'assaut a peine arrive en gare et qui a renseigne gentiment les voyageurs
@RERD_SNCF explication ? Accident vers Grigny sur le plateau ! Pourquoi seulement des problemes sur les trains de la vallee (LOVA, ROVO...)
@RERD_SNCF il y a un homme ivre en tres salle etat dans le train direction Melun via combs la ville... Que faire ?
@RERD_SNCF j'en peux plus des trains non climatises ( cc @Conducteur_RER @rerDriver )
@RERD_SNCF je comprends que j'aurai du prendre un train mission VUPE pour me rendre a la station "evry - grand bourg" (vallee), aucune info
@RERD_SNCF le trafic est normal sur la ligne D ? ZICOs ou retardes ou supprimes, ZACOs en retard ... Zero info!,@Asso_SaDur #rerd #qml
@RERD_SNCF les travaux "inopines" a Villeneuve cette nuit on pourrait avoir plus d'infos ? Il y aura des trains ?
@RERD_SNCF probleme de train prevoir 30 minutes de plus et bien sur les clients sont prevenue a la derniere minutes
@RERD_SNCF rassurez-nous, ce n'est pas de la faute du train de travaux qui a deraille il y a 10 jours ?
@RERD_SNCF train zaco de 16h50 a GDL supprime le suivant 10 min de retard, pas de train depuis 45 min bordel de merde !
@RERE_SNCF 1 train sur 2 direction Villiers/M aux heures de pointe + les pseudo travaux des escaliers de la Gare Nogent Le Perreux...
@RERE_SNCF 2 trains supprimes 6h20 et 35 en direction de Haussmann. Prochain 6h43 ...
@RERE_SNCF On ne sait meme pas pourquoi les trains sont supprimes.
@RIPJohnny074 Bjr, ce dfaut sera rsolu courant le mois de juillet/aot. Nous vous tiendrons informe ds que la date nous sera communique
@RPGarrettTW *sms* bientt ! T'inquite pas, tu seras le premier tenu au courant
@Rayane0504 @Tornnat90 @didinezych1 Tu as l'air au courant de ce qu'elle fait, ce ne serait pas toi la victime du fouet par hasard ?
@RezuS_et_TebouL Du coup j'ai mime mes meilleurs blagues twitter dans le RER, ben dans la vraie vie elles fonctionnent pas du tout.
@RhaenysTargary1 tu m'tonnes, je me demande si tout le monde est bien au courant de la manire dont elle s'est faite connatre
@RidleyHawai @RERA_RATP @Ligne6_RATP c'est reparti 1 train sur 5 !!
@Rnkooooooo @SeiYa_EU @SnitramEU @sylvio956 @Evoxf vazy tiens moi au courant du score frre, c'est le first round?
@RomaiinHsn super tu gres trop! N'hsite pas  cliquer sur suivre sur Twitch pr etre au courant de mes prochains lives ! ! ! :)
@SFR_SAV Depuis le re-branchement, aucun probleme na ete rencontre. Merci, je vous tiens au courant. :)
@SNCF Aller vous faire enculer avec vos trains de marchandises qui retardent mon train le #RERD est pas climatise je vous rappelle
@SNCF c'est gentil de les prevenir mais je pense qu'ils sont au courant... et puis les travaux sont en zone SNCF vous savez... @RERA_RATP
@Sakura972 Il devrait normalement sortir courant 2017, ce qui me fait penser de finir l'excellent 1er sur ma 360 #TweetPrecedent
@SamuelLaurent_1 @lescherubins57 @GG_RMC Eux des Grandes Gueules... Laissez moi rire! Des gauchos qui naviguent tjours bien dans le courant
@SanchezLucille ba elle est pas au courant mais mon pre et jason et tout viennent chercher les lits et tout pour qu'on dorme  mesves
@SarahLrt je sais pas mon p'tit, c'est vrai que a fait un bail Promis tu seras la premire au courant
@Scud_76 @SNCF @GroupeRATP @RERA_RATP @galeRERAfr A RT sans modration et mettre @PierreSerne et @jphuchon en copie ces 2 politicards
@SebBarbey difficilement justifiable car dune sance  lautre en mer la situation est diffrente! Vent, courant, houle
@Seif75012 J'suis au courant ta mere jlui est enfoncer les portes bagage dans la chatte ce jour on parlait plus du ramadan
@SeriesUpdatesFR merci ps : vtre compte gere vs etes tjr au courant de ts
@SeverusRogue_71 j'espre que @ElenaSerpentard est au courant de tes pratique
@ShegueeyOP je pense que je serais au courant si j'tais avec Sacha mdr
@ShotaconPV ALORS COMME CA TU CHANGES DE COMPTE SANS ME PRVENIR ? EST CE QUE TA MERE EST AU COURANT AU MOINS ?
@So_brisson bah faut pas, tu sais trs bien que si il m'arrivais un truc tu serais au courant tqt pas
@StarsConcours_ je vois avec ma mre tout a l'heure je vous tiens au courant'
@Stilesrpg *en profite pour partir en courant vers la sortie, se fait attraper par un officier, se met a hurl* LCHE MOI !!
@TRTWBH *tourne la tte vers toi en courant toujours* Hey!
@TaGenitrice Ah mais aussi le Metro,Rer,Train 0 respect aussi pour personne la loi de la jungle, mais dans d'autre situation privilege ?
@ThisisKiyemis merci ma belle! Et tu as un lien vers cette convo? Je suis pas au courant
@Valou_86 t'es fou ! Le jour o se sera le cas, le monde aussi sera au courant mddddr
@WatiBoutique @EnzoAusilio10 oui je sais que vous n'avez rien dit on sera au courant bientt j'espre et que sa va se faire
@YepaRemo @LeBonNob Y a UNE phrase o je me plante toujours:la route n'est pas dessine mais je ne suis pas au courant, mais je persvre!
@_Blvck_Gold haha tu verras mais tqt pas tu seras le premier au courant
@_DavidThomson Sinon, selon la vid, Abu Omar serait un ancien mili offic de l'arme gypt. C'est assez courant dans les rangs jihadistes.
@_Mini_Boy_21 Je te tiendrais au courant, ne t'en fais pas !,Je ne sais pas quand je vais finir le repas et avoir un train !
@_NoemieP Ah'Merci tqt ma soce, Oei j'espre on s'voit aprs j'te ruen au courant Tqt
@_S0m_S Lol...Seul problme...Si la prise de courant mouille,tu pntreras pas longtemps,a va faire des flammches! Lol
@_SkyBlu_ Je l'ai pas encore, je monte sur Paris voir a avec mon pre je te tiens au courant tqt :)
@__Hutcher Oui c'est que a ne sera pas courant mais moi je trouve a jolie comme nom
@_alexisfio Pour les cheminots "de base" un train est un train que ce soit fret, TGV, TER, RER, ou Transilien.
@_xb4tm4n sinon le pre nol existe pas Jsais pas si t'es au courant
@albanetny2 @Sarah_Le_Gall j'tais la premire au courant
@andrewrpgsih -il te regarde apeur et pars en courant vers l'tage
@arthurbouquet Bonjour, le paiement sans contact sera propose courant 2016, nos clients pourront l'activer ou non. Bonne journee.
@assimparciparla t'inquiteee tu sera au courant quand tu recevra l'invitation
@aternel_ @BalthyPeluche @PokemonTrash @Pokebip vous tes au courant que c'tait pour rire ? XD c'est brybry qui a dit de faire a XD
@aurvne jsui pret a graver ton image  l'encre noire sou mes paupires pr te voir mm ds un sommeil ternel t o courant??
@bays_purplemind ta daronne elle par contre cte pute elle est experte en la matire demande a paris et ses banlieues tt lmonde est o courant
@bieberjustinmac @wickedcomes bh coute je vais demander  ton pre jte tiens au courant
@bohofoxx ouais ou du moins si y a pas de preuve video pour simon toute faon on sera vite au courant si c'est finalement vrai ou non
@bradmoses_ je pense plutt c'tait hier psq j'tais en plein courant d'air sur le bord de mer toute la soiree
@capcom_france Dsl, vs devez etre harcele en ce moment ^^ Quand es qu'on sera au courant et comment si on a ete retenue pour la beta ps4? :p
@chacerpgnacs *marche vers la mer et elle te fait un croche patte avant de partir en courant dans l'eau*
@cic je voudrais avoir une preuve que la personne titulaire du cheque est bien au courant qu'elle sera dbiter de 620 euros.
@delateuranonyme ns ne gerons que le trafic des IC et des TGV, je mets @RERA_RATP dans la boucle
@deshearte_ les filles demain matin et je te tiens au courant si on a pas reu pour que je puisse prendre ton mail en cas pour t'envoyer un
@dragolord14 ta de la chance moi j'ai reu la facture edf j'ai envie me couper les veine
@enoravllgs choisis celui que tu prfre, j'aime les deux autant Tiens moi au courant :)
@fearsofstyles bah... Oui..... Mdrrrrrr vous seriez au courant je crois. Depuis un moment
@framasky Un mec c'est fais arrter aux UK pour vole de courant dans un train ! (Rechargement de smartphone) on est bien en France ;-)
@francescazimut @ta_malou Pas au courant : Il attend 1 rapport d'experts pr mercredi. Souvenir : avait t le 1er  "sentir" le retournement
@gadelmaleh fte nationale en Belgique, si t es encore chez nous, je t offre une bire, tiens moi au courant !!!
@galeRERAfr @RERA_RATP le train de Cergy pour Paris s'arrete a Poissy mais c'est une blague ! Fuck la #sncf @jphuchon
@great_zoltar Ah passage, donc pas en TER, donc pas dans mes trains :-( vous voyez ;-) !@FanV2N @Conducteur_RER
@great_zoltar Vous vous ne venez jamais dans mes trains hein ?.... Aller, avouez ca ce sent d'ici vu vos dires @FanV2N @Conducteur_RER
@herolien @RERA_RATP En plus, on est penalise, on paye un service qu'on a pas, pas de rer ni de train les weeks ends... on fait comment???
@herolien @RERA_RATP Et quand tu habites Cergy le haut, ou tu n'as que le rer a, car pas de train (vacances) on fait comment?
@herolien @RERA_RATP Je comprends, pourtant avec Navigo, suffirait (vu qu'on est deja trace) de savoir qui bippe son pass sur le rer a!
@hlo_realmadrid Qu'on parle du montant de la PAC vers chaque anne, tout le monde n'est pas au courant, c'est pourtant consquent
@hoss3in mec si c'tait le cas, crois moi que je serai au courant. Tu as que deux services de transfert ok pour l'adulte : Payoneer et Paxum
@hurtbenzo tu me tiendras au courant, j'espre que tout iras bien
@indis_la_grande @leitiky Ouais, c'est pour ca que je me dplace 2/3 jours sur Paris courant semaine pro, parce qu'en aot ca se libre
@jaduscdlm a me ferait plaisir  moi aussi Jadou, on se tient au courant!
@jhrenauld viens, on va crer un collectif contre les coupures de courant et faire une ptition.
@jorge__rugg Y a de ces nouvelles est je suis la dernire au courant  Merci
@kehbariana non mdr je ne suis pas enceinte je serais au courant de a quand mme, c'est autre chose chat
@kelly27ans j'espre pas XD,Je vais te tenir au courant ^^
@laurabrbs a me fait rire pcq jsuis au courant de rien mdr mais jsais juste q c tomb  l'eau
@lennonaskate @cxluminium tu seras la premire a tre au courant ;))
@lwtmyjack @wifexofdallas pk tt le monde parle de verit  bah dites la quon en finisse je suis fatiguer mdr personne n au courant de rien
@maektuan j'ai pas vraiment t au courant de ce qu'il fallait faire mais la prochaine fois je serai surement  75 dans l'chelle du stan -
@mamacithazza @AmandineSwiss1D On se tient au courant alors, ca serait cool de se revoir :)
@marcelperdant @WarrenBarguil @GeraintThomas86 @letour Aux dernires nouvelles non, mais promis on vous tient au courant ;)
@mendestamara_ tiens moi au courant si a repasse un jour.
@mozartienne1756 je suis sure que a se fera un jour !! J'adore la Bretagne !!  je te tiendrai au courant !! Gros bisous !!
@nixial d'accord mdrr comme a elle est au courant, faut pas s'inquiter je suis en vie quand mme dans ces cas l..
@oriane_ltd je devrais arrter de te parler alors en ce moment, t'es au courant de trop de choses
@orka06 @VipFMB Vous n'tes pas le seul  esprer sa victoire :) N'hsitez pas  nous suivre pour tre au courant de son actu :p
@ourblackcloud_ elle hurlait d'arrter x) les flics sont arriv en courant un peu aprs mais elle a bien hurl pendant 3/4 minutes
@ozgurinho07 ptdrrr yen a qui font hein mdrr,Abim il m'a jamais pris des cours, mon taxi c'tait soit le bus scolaire soit ma mre mdrr
@paulbartelperso tu nous tiens au courant quand tu es  Marseille, j'y suis la premire semaine d'aot j'espre te croiser une petite fois
@petiflo48 @RERC_SNCF un choc anormal, ca peut etre tout et n'importe quoi. Un choc au train, a la voie, la catenaire
@philae_hollande @chipo11290 Rectificatif : je vous propose de venir  MON BUREAU me serrer la main... qd je serai au courant ! j'ai peur !
@poitoucharentes Bjr, on ne peux plus accder au portail Web de la rgion ? Vous tes au courant d'un problme ?
@reda2306 @bygmillion je cautionne aucunement car je suis au au courant de rien
@rerDriver @Conducteur_RER pauvre de nous.. Et nous sommes la seule ligne ou ( je crois ) les trains sont pas climatises..
@saintemew Mais sinon, c'est surtout courant  certaines heures. Me souviens de notre premire sortie sur Paris quand on tait au lyce.
@samyalami67 Azi je te tiens au courant alors frre
@sandraah_m non je t'assure mdrr je tient a lui mais je suis pas amoureuse sinon tu serais au courant
@shaoniu @hypza_domen le courant c'est pas en Hz mdrr c'est en volt ou en ampres
@smoakinghot pour la peine tu seras la premire au courant du rsultat mdrrr
@sncf il est 23:46 bloquee a Creteil la SNCF responsable et ayant connaissance des perturbations envoie un bus en remplacement d'un train
@souffle_reve chui au courant et vous tes pas les seuls en vrai suffit de voir Matteo ...
@tabanquiere tu remonte les rivires  contre courant aussi ?
@teigne_la Bonsoir Raphalle .Comment vas-tu? L'intolrance de certains m'exaspre.Accrochage cet AM .T'es au courant ..Bonne nuit .Bisous
@thomasverch si tu ne t'intresse pas  l'astronomie, qu'importe ta filire, t'es pas forcment au courant de cette l'actualit
@toxinou t'es pas au courant? Un cran a protge la personne qui est derrire donc tu peux critiquer en paix et a ne touchera pas l'autre
@tu n'as pas tord @CroustyBap . S'il aurait perdu rien que 2kg la plante basket serait au courant. @Alexx_R2 @celticsfr
@vicelarde Bah au final non parce que a deviendrait courant. Ce serait pas plus perturbant que de petits seins. ;) @MarineSprvl
@xAndreaMG @DevonGravesFans ce serait avec grand plaisir, Andra !! Je te tiendrai au courant si je reviens dans la rgion  gros bisous !!
@yasdiar reveille esh moi yaura deja toutes la france qui serais au courant
Accident de bus sur la pp d'Emile
Accident mortel, ce soir 23h, sur la route de #Tantan. Bus transportant des enfants. Bilan provisoire.
Actuellement dans un train pour Paris qui change de destination pour poissy et fini par prendre la direction de Cergy #Merci ! @RERA_RATP
Agression d'un contrleur de train : #info ou #intox l'agresseur serait un joueur de l'EDF de volley, dont je ne citerai pas le nom !
Alerte ! Des trains sont avances de 2 minutes au depart d'Haussmann Saint-Lazare et d' 1 minute au depart de Magenta, sur le #RERE #BOF
Alors, je dois aller au code mais les trams ne roulent pas suite a un accident ! Je suis sr que j'vais me taper la moitie du trajet a pieds
Attention ! Des trains sont avances de 2 minutes au depart d'Haussmann Saint-Lazare et d' 1 minute au depart de Magenta, sur le #RERE #BOF
Attention ! Trafic ralenti sur l'ensemble de la ligne #RERD jusqu'a 20h30 ! #BOF
Aucun rer A a Auber direction Boissy depuis 20min, trafic normal ?? #qml #RERA
Aucun train entre La Defense et Auber. Debut le 25 juillet. J-4 #rerA
Avant de demander du wifi dans le train, j'aimerai que les prises dans le TGV dlivrent du courant. Les TER y arrivent, pourquoi pas le TGV?
Avec le #RERC et le T3a coups, c'est compliqu de se rendre au boulot ce matin... Quelqu'un a une voiture et passe devant Pte d'Orlans? :)
Bac 2015 Section S Epreuve Math: representer la courbe exponentielle des accidents/incidents sur le @RERA_RATP @SNCF en juillet! Mediocre.
Bannire/ cheval noir magnifique et beau courant sur la plage... libert.
Bienvenue ClashofClans GemHack! Reste connect sur pour tre tenu au courant des dernires informations du serveur!
Bjr @RERB, pourquoi aucun train n'est affiche en gare de Saint-Michel ?
Bon encore une panne qui s'en viens...on perds le cble par satellite ensuite sa sera le courant...et dans mon...
Bon les filles, faut arrter .... Vous tes au courant que quand vous faites vos bouches en cul de poule vous ressemblez  lipoutou ?
Bonjour, Cyrille, vous informe sur l'etat du trafic sur le #RERA. #RATP
Brillante cette nouvelle campagne de @annsummers  #moregasm #com #pub #sexe #couple #plaisir
Bus et Rer a 21h... les deux combines croyez moi mes narines elles en prennent un sale coup
Ca fait trop chelou quand tu mets au courant ta mre de choses importantes qu'elle ne savait pas
Ca y est je me tape l'enparfumee de la journee qui a cru bon de se vider sa bouteille sur le corps au secours ca pique les yeux ! #rerb
Cergy par Poissy..ralentissement puiq terminus La defense. Heureusemenr je taff la-bas. #RERA #itsonlythegebiggning
Certains cassent des plateaux teles, d'autres, c'est la gueule de controleurs de trains. #Valeurs
Ces encules au lieu de renover les trains retirer des places... C'est la clim qu'il fallait mettre bande de FDP #RerD
Cet aprem ma mre m'a pris rendez vous chez la .. "Micro-kin"... Je vous tiendrais au courant de mon exprience extraordinaire, (ou pas).
Chargeurs aux arrets de bus c'est bien mais des chargeurs dans les trains ou bus ce serait mieux
Chef comptable groupe anglais courant: rattach(e)  la directrice financire, vous produisez et super...  #emploi
Christophe Adam (Qui sera le prochain grand ptissier ?) :  S'il y a une saison 4, j'irais en courant !
Cliquez sur la mention " j'aime" de notre page facebook pour rester au courant des dernires actualits .,L'quipe ADJEMIN
Command la semaine dernire comment vous tes au courant ?
Compte  suivre @intrants pour tre au courant des dernires nouveauts en agriculture : #machinisme, #semences, #engrais, #phytos rt
Conducteur De Train, @conducteur_rer est desormais une tendance dans France
Conducteur De Train, conducteur_rer est desormais une tendance dans France
Coup de bol ce matin, j'ai differe mon depart de 15 Mn ! Heureusement, car le train d'avant a semble-t-il ete supprime @RERE_SNCF #veinard
Coupure de courant au Sngal, a ne va JAMAIS s'arrter
D'aprs ma mre j'suis un courant d'air
Des travaux sur les voies entre Nanterre-Prefecture et Cergy-Le-Haut/Poissy perturbent le trafic jusqu'au 28/08 #RERA #BOF
Devinez qui a eu le privilege de voir l'homme araignee monter dans son train? #RERC #spiderman
Dj que la dernire fois il y a eut une coupure de courant voil quoi
Donc avec un Livret A plein (le rve), je peux esprer gagner 172/an d'intrts, juste de quoi payer les frais bancaires du compte courant
Elle n est pas technique ,  si a continu ma mre sera au courant.
En ce moment y'a les keufs partout dans les gars et dans les trains et RER, c'est ouf
En plus je rentre tard oblige ca va etre encore un coup a ce que je trouve pas de rer et jvais dormir a l'aeroport
En raison d'un incident affectant la voie a Maisons Laffitte, le trafic est ralenti sur l'axe La Defense-Cergy. #RERA #RATP
Et comme dhab. linfo du matin : #rerA traffic ralenti
Et donc je parlais oklm angle Zerktouni et rue Sebta, un ado flaire l'hmza et me chope le tlphone et s'en va en courant vers 20 aot.
Et hier on est all  la rivire c'tait trop lourd avec le courant et les palmes et tout
Et je criais tout en courant derrire le voleur : "ach biti dir bih ? Leuuuuskh ?" Et le voleur se transforma en pentaquarks.
Et je rve d'un courant d'air d'un espace clos avec vue sur la mer
Et on a referm au nez des autres voitures derrire et ont est partis en courant
Et proche de #Cahuzac le pere #Gayet! sur q #Hollande est au courant #Cahuzac le fric cache!
Et sinon @RERB les trains en retard c'est chiant, mais les trains en avance c'est pas mieux! Le 9h03 qui se barre a 9h00 merci!!!
Fantastique ! Le trafic est retabli sur l'ensemble de la ligne #RERD #BOF
Fantastique ! Le trafic est retabli sur l'ensemble de la ligne #RERD #OK
Faudra pas je loupe mon bus ca serait ballot
G fait le coup de Dobby est libre  ma mre, jsuis sortie de chez moi en courant mais jlai entendue crier au loin "t pas oblige de revenir"
Giroud a dj prolong officiellement courant octobre. Je ne vois pas pourquoi moins d'un an aprs il re prolongerait -'
Hey venez les gens on se liquifie tous dans le RER ca va etre trop fun ! #Youpi
Hier on a assiste a un accident de bus a la gare
Hier soir, plus de train apres 22h. Ok. Mais pk devoir attendre 45 min les chauffeurs entre Sartrouville et Maisons Laffitte!! @RERA_RATP
Il pourrait au moins prevenir que les trains passent par Poissy au lieu de nous dire ca que a Acheres ! @SNCF @RERA_RATP
Il tait tout en haut des escaliers du lotissement et est sorti en courant vers moi
Ils sont en couple pdt les jours ferie les jours de greve (RER D) et une semaine sur 2 pdt les vacances comme la garde d'un enfant
Infotrafic #RERC : Trafic interrompu entre Bretigny-sur-Orge et St-Martin d'Etampes, dans les 2 sens, jusqu'a 15h
Infotrafic #RERD : Trafic ralenti sur l'ensemble de la ligne jusqu'a 20h30 (actes de malveillance)
Infotrafic #RERD : Trafic ralenti sur l'ensemble de la ligne jusqu'a 20h30 (actes de malveillance)  via @RERD_SNCF
Infotrafic #RERD [MAJ] Fin des ralentissements suite a des actes de malveillance.
Infotrafic #RERE [Rappel] Haussmann St Lazare/Tournan:horaires avances(tvx necessitant limitation vitesse des trains)
Inscrivez-vous a notre newsletter !Vous serez au courant de toutes les nouveautes, promotions et tendances.
J'adore je reois un snap "fais attention  toi en Turquie avec l'attentat" mdr j'tais mme pas au courant
J'ai croise mon p'tit couz entrain de frode le metro j'ai fais semblant d'appeler son grand frere y'etais en panique TOTALE mdrr
J'ai le genre de frre qui ouvre ma porte  minuit quarante quatre du matin, qui saute en ptant, puis qui s'en va en courant et en criant
J'ai prsent Ren  Charles et le courant est mal pass
J'ai t rincer mon bol, t'as Charly qui vient en courant pour boire l'eau verse dedans.,Il est tellement con ce roux...
J'aime une video @YouTube de @emmymakeuppro- Accident de bus avec Horia + Aperotube [episode 43]
J'avais dormi 4h la vieille et j'ai passe 1h dans le rer matin et soir +1h30 de train j'ai apprecie... #lt
J'crois si je serais tomber je serais partie en courant en me cachant le visage ptdr
J'demande a ma mre il est ou mon pre, elle me dit dans le sud.. Mdr j'tais mme pas au courant tellement j'vis chez tib
J'espre que je vais pas me faire encore une fois mal  ma cheville en courant.
J'etais la pose dans le rer quand d'un coup une envie pressante me pris du coup pour assouvir cette pulsion ...
J'peux voir mes pieds mais mdr les tenir en courant moi ca me fait pas rire ca me fait mal :(
J'tais mme pas au courant que c'tait l'anniversaire de mon beau pre
Jade elle s'est faite oprer du coeur ptn et j'tais mme pas au courant
Jai refais la route contraire en courant ma grand mere jetai usain bolt pendant quelque seconde
Jai refais la route contraire en courant ma grand mre jetai usain bolt pendant quelque seconde
Jaime pas me mler des affaires des autres ca m'intresse pas c'est pour ca jsuis tj la dernire au courant de tout
Je lui ai toujours dis que a sera elle la premire au courant
Je m'endors et j'me rveille ma mre est partie travailler heu ouais j'tais mme pas au courant mdr
Je suis allee acheter des tickets du coup comptee 2 fois... #rerb
Je suis le genre de fille qui roule avec la voiture de sa mre sans qu'elle soit au courant mdr
Je vais aller jusqu'au cheval en courant, comme a je rcupre mon vlo et je reviens
Je vais brancher mon iPhone sur le sable, avec le courant il devrais charger. (Le courant, de la mer...) rigolez svp.
Je vais commencer a arrter de me confier aux gens. Tu racontes un truc un une personne mais une autre est dj au courant
Je vais louper mon TGV parce que le premier RER E de la journee est en retard. Il se passe quoi quand a cause de la @SNCF on loupe son TGV ?
Je viens d'entendre un enfant passer en courant et en criant "Tous aux abris" devrais je m'inquiter
Jetai a Porte Maillot avq mes couz, jattendais le Rer C. Javai mon tel dns les mains
Jmen irai srement sur les mers avec mes frres et soeurs sans regard derrire moi, en mdisant que les courant m'emporte
Jsuis trren en courant tout  l'heure un gars deter
L'ete, moins de trains sur #rerd, donc au final, toujours aussi blindes. #injuste #montgeron @RERD_SNCF
L'pire c qd tu sort des cours t'prend le bus t eclater et ta tjrs des gros deuhmen qui crie dans le bus en mode " c'est le bus a mon pere"
La Ligne d'Urgence  0596.63.31.31.,Si vous avez un scoop, en cas d'accident, embouteillage ou autres vnements...
La dernire fois j'ai vu Alicia elle tait en voiture elle a fait arrter la voiture et descendu en courant a sauter ds ms bras et a pleurer
La dernire fois y'a une meuf elle m'a dit c'tait fini entre elle et moi mais j'tait pas son mec enfin j'tait pas au courant :)
La lumire tait allumer on est aller voir elle s'est teinte quand on tait devant on c'est barrer en courant comme des connes
La magie en gare d'Evry. Suppression du train : ca fait 20min a rester planter en gare. Trop bien @RERD_SNCF #pigeon #rerd
La meuf de qui j'suis amoureux la actuellement y en a aucune qui lui arrive a la cheville. J'espre vous tes au courant
La meuf qui a une seule station de RER a faire mais qui est tellement claquee de sa journee qu'elle le loupe, c'est moi !
La premiere video Gaming de la chaine sera surement sur  en session prive avec vous les abonne(e)s je vous tiens au courant.
La vie n'est qu'une ligne de RER A dont les trains ont arrete de circuler de 22h jusqu'a la fin de service sur les axes Cergy/Poissy.
Le RER A ou la ligne ou il n'y a jamais de train a destination de ton lieu de travail a l'heure...
Le RER D la pire galere au monde le train il se permet de se faire des pauses pipi ptn jpp jsuis au bout de ma vie la
Le Rer C jsai pas i zon koi avc leur train decor moyen age la ptdr i zimpressione personne
Le conducteur dk bus sont des bouffon sa cote quoi de re ouvrir la porte ptn
Le couple en plein ebat sexuel dans un bus a Liege identifie: la femme aux seins nus mariee, mere de famille et
Le courant passe plus avec ma femme de quoi pter un fusible.
Le gars a couru 25min ca y est quoi... C'est le temps que je cours chaque jour apres le bus et pour attraper mon RER svp cc @LeotureJessy
Le gaspillage programme d achat des trains TET politique du tout ou rien porte un handicap de plus pour les Rer du #grandparis @DelarueJC
Le jour o je tomberai vraiment personnes ne sera au courant.
Le trafic est deja ralenti, incident de circulation avec seulement 3 rer par heure et aucun train pr st lazare, re lol @galeRERAfr
Les filles seraient capables de dbarquer chez moi vu qu'elles sont au courant
Les moments Dinally tait tellement rare avant mais maintenant ils sont de plus en plus courant.
Les navettes les mieux pensees au monde @sncf #rera elles arrivent 1min apres le depart du train... attente 20min... #intelligent #debile
Les vieux chiens qui ralentissent quand ils passent devant l'arret de bus, j'ai envie de leur en claquer une
Ligne 12 - Accident - Info dtaille :
Ligne 6 - Accident - Info dtaille :
MDRRRR ma mre qui s'endort sur le canap, jlui fait que ya quelqu'un qui arrive, elle s'est lever en courant elle est partie dans sa chambre
Ma coupe de cheveux la ? critique jressemble au rer d
Ma mere elle envoye encore des messages  mes potes tout le temps au courant  la dernire minutes "j'ai envoyer un message a ..." en disant
Ma mre a bousiller la prise de courant  ct de mon lit ptn
Ma mre elle a ferm la porte de ma chambre pour que je dorme mais elle est au courant que je dois me lever dans pas longtemps
Ma mre est pas encore au courant que je rentre vendredi faudrait ptete que je lui dise aussi
Ma mre me dis samedi te lve pas tard, on fte ton anniversaire en famille, j'tais mme pas au courant mdr
Ma mre n'tait mme pas au courant que je n'tais pas sorti aujourd'hui
Ma porte s'est ouverte tte seule cte nuit et ma mre qui dit "c'est le courant d'air", l'air elle sort de mon coussin ?
Mais Jordan tu es dans le noir tu ne seras jamais s'il coupe le courant .. Bien sur que oui, je vois la lumire de la clim
Mais comment j'tais pas au courant de la dark per gurbetqar organis par labi
Mais en vrai jsuis vraiment trop gentille ! Jle souviens une meuf on CT battu et tt, un jour on a eu un accident en bus, elle CT retrouve -
Mais mon frre est parfaitement au courant que j'aime le yaoi. Je l'ai mme converti.,Le problme c'est qu'il a une grande gueule CE CON
Mdr juste continue  croire que j suis au courant de rien a m fait rire
Mdrrrr je sors comme a "le Ponch c'est tratre" & la mon pre"ouai t'en sais quelque chose toi.." lol au courant de quelque chose lui
Me semble que je ferais une sieste en plug et prise de courant.. Jdis pas en cuillre parce quil ny a pas de pntration entre cuillres
Meme l'abri de bus du coin du coup ce sera chaud pour trouver un gif precis est de me rappeler sa position parmis les autres...
Merci #SNCF pour la bonne gestion du #RERA ce matin... trains supprimes, mauvaises informations, trains devies sans raisons... Incompetence!
Mes frres st des cas net on coupe le courant j'entends les moto dmarrer.
Mes parents sont au courant pour ma copine et moi. Ils ont rien dit, ils acceptent, je suis fire
Meteo du #RER (#ratp) : OK () 21/07/2015 a 01:09 Trafic normal sur l'ensemble ...
Meteo du #RER (#ratp) : OK () 21/07/2015 a 04:25 Trafic normal sur l'ensemble ...
Meteo du #RER (#ratp) : OK () 21/07/2015 a 13:09 Trafic normal sur les lignes ...
Meteo du #RER (#ratp) : OK () 21/07/2015 a 14:33 Trafic normal sur les lignes ...
Meteo du #RER (#ratp) : OK () 21/07/2015 a 16:57 Trafic normal sur les lignes ...
Meteo du #RER (#ratp) : OK () 21/07/2015 a 18:49 Trafic normal sur les lignes ...
Moi tant que le courant reviens pas je serais pas trql
Mon frere a cru que il y avait encore de la lumire il a pas compris c'tait quoi une panne de courant j'croit
Mon frere qui rentre en courant dans ma chambre : " met la 3 il y a l'euro petanque" Omg jpp de lui x)
Mon frre il me met au courant de tout pour Grego
Mon frre qui se barre en courant dans sa chambre quand ma mre lui demande de faire la vaisselle, a je vous ai pas dit il a 20ans...
Mon pere est-il au courant que je me barre  13h
Mon pere qui dit tjr "je suis pas sur fb rien moi .." Jpense il est pas au courant de l'existence de cette photos
Mon pre il est toujours pas au courant pour mon tel
Mon pre il me dit des trucs a fait 1 semaine je suis au courant
Mon pre mme il est au courant de touuuut en ce qui concerne les sries , il sait quand le truc a fonctionner ou pas
N'oubliez pas ! Des trains sont avances de 2 mins au depart d'Haussmann Saint-Lazare et d' 1 minute au depart de Magenta, sur le #RERE #BOF
N'oubliez pas ! Tous les jours le trafic est interrompu entre LES COURTILLES et GARE DE ST-DENIS RER sur le #T1 jusqu'au 24/08/15 ! #KO
Neuer pour celui de l'anne dernire ... Aprs, un ballon d'or pour un gardien, c'est pas trs courant, m'enfin
Nous, on recalcule la taxe qui serait de 34,06% sur la facture de gaz et d'lectricitVous tes au courant ?,@ledauphine
Oceane elle est pas au courant que si elle fait la ouf jvai lui sortir une de ses derniere foto sur twitter elle sera pas prette
Oups ! #RERA : le trafic est ralenti entre La Defense (Grande Arche) et Cergy-Le-Haut (incident technique) #BOF
Parce que je suis #yolo, je me fais les ongles aprs la tombe de la nuit,  la merci de la premire coupure de courant.
Paul c'est un gros porc la dernire fois il m'a frl en courant il m'a fais reculer de 5paq
Peeeee un accident dde bus et fallait que ca soit le mien. J'ai la poisse ici, c'est abuseeeee
Penser a interdire le sport professionnel si jamais je fais un coup d'Etat un jour.
Photo: Comme un jet deau  MichelLeutcha Comme un jet deau courant vers une valle de rve je vais...
Pour tre au courant de toutes les infos sur le #FPSLille, rejoignez la page France Poker Series sur Facebook !
Pourquoi il y a toujours de probleme de train sur le RER D ?
Pourquoi mon frre me dit quon prend le bateau dans 5 jours wshhhhhh je suis au courant de rien j'en ai marreeeeeeee
Premire soire le respect est parti en courant mdrrr
Prendre le RER avec 30 degres c'est grave naze. Tu ressembles a une soupe au potage mais tout vas bien..
Prenez note ! #RERA : le trafic est ralenti entre La Defense (Grande Arche) et Cergy-Le-Haut (incident technique) #BOF
Prenez note ! Des travaux sur les voies entre Nanterre-Prefecture et Cergy-Le-Haut/Poissy perturbent le trafic jusqu'au 28/08 #RERA #BOF
Prenez note ! Tous les jours le trafic est interrompu entre LES COURTILLES et GARE DE ST-DENIS RER sur le #T1 jusqu'au 24/08/15 ! #KO
Probleme de trains sur #LigneP obligee de passer par chessy pour recuperer #RERE #RERA c'est la poisse aujourd'hui ...
Problems de preparation des train aujourd'hui, meme chose hier. Euh juste anticiper ces problems c possible? #rerd
Profitons, dans quelques temps a sera courant #starwillborn @supra77 @MotardConnard
Promis ds qu'on en sait plus vous serez les premires au courant ;)
Ptn ma mre tt les soirs elle veut fr un courant d'air en ouvrant MA fentre ce qui veit dire que ma chambre est un nid  papillons dnuit
Ptn un de c accident dvt le bus je suis choquee y'a une moto coincee en dessous d'un camion
Quand il pleut et que tu dois courir pour avoir ton bus/rer et apres tu as de la buee pendant 3jours sur les verres.. #GrowingUpWithGlasses
Quand je repense que tout  l'heure Elle est partis en courant quand j'ai commencer  l'embrouiller ca me fais rire
Quelqu'un sait combien ca cote un ticket de rer pour aller a Evry?
Quelqu'un serait au courant de concours sur la convention de #PLL a loin que je devienne riche avant Nol ?
Qui n'a plus de courant en plein REC de Batman Arkham Knight sur PS4 ?
RT @AGaffez: Et on a referm au nez des autres voitures derrire et ont est partis en courant
RT @Alexis_Malimp57: #rtsi ton daron y vient te biffle la nuit et y rpart en courant dans sa chambre en criant 'c'est ce que je fais a ta mre fdp' il sen balec
RT @Amsy___: @RERD_SNCF j'en peux plus des trains non climatiss  ( cc @Conducteur_RER @rerDriver )
RT @Amsy___: @rerDriver @Conducteur_RER pauvre de nous.. Et nous sommes la seule ligne o ( je crois ) les trains sont pas climatiss..
RT @Asso_SaDur: Record: 41,9% de trains en retard au mois de juin sur le #RERD, 29 trains supprims en moy. par jour @LeParisien_77
RT @Asso_SaDur: Record: 41,9% de trains en retard au mois de juin sur le #RERD, 29 trains supprims en moy. par jour @LeParisien_91 @LeRep91 @LeParisien_77
RT @AudreyBoschat: @galeRERAfr @RERA_RATP le train de Cergy pour Paris s'arrte  Poissy mais c'est une blague ! Fuck la #sncf @jphuchon
RT @AuroreOuhb: mon frre et moi en ville c'est un sketch, on c'est tromp 2 fois de bus, du coup pour rentrer on a pris 1h30 pour  peine 10km
RT @B_Axeellee: Moi tant que le courant reviens pas je serais pas trql
RT @BastienGls: Quand ma porte se ferme d'un coup  cause d'un courant d'air je me dis toujours dans un coin de ma tte que a peut tre un esprit vnre
RT @Brunozzz1: @francescazimut @ta_malou Pas au courant : Il attend 1 rapport d'experts pr mercredi. Souvenir : avait t le 1er  "sentir" le retournement
RT @Brunozzz1: @philae_hollande @chipo11290 Rectificatif : je vous propose de venir  MON BUREAU me serrer la main... qd je serai au courant ! j'ai peur !
RT @CIaudeFrancois: RE JE SUIS LA, DESOLE DU RETARD J'AVAIS UNE PETITE COUPURE DE COURANT
RT @CIaudeFrancois: RE JE SUIS LA, DSOL DU RETARD J'AVAIS UNE PETITE COUPURE DE COURANT
RT @CamilleSuu: je serai adulte quand j'arreterai de rire en voyant les gens courir pour avoir le tram/bus et finalement le manquer a une seconde pres
RT @CamilleSuu: je serai adulte quand j'arrterai de rire en voyant les gens courir pour avoir le tram/bus et finalement le manquer  une seconde prs
RT @Chakeup_: La meuf qui a une seule station de RER  faire mais qui est tellement claque de sa journe qu'elle le loupe, c'est moi  !
RT @Chakirtalal:  Accident mortel, ce soir 23h, sur la route de #Tantan. Bus transportant des enfants. Bilan provisoire.
RT @CheickKhonte: @_NoemieP Ah'Merci tqt ma soce, Oei j'espre on s'voit aprs j'te ruen au courant Tqt
RT @ChocoBoyFr: Actuellement dans un train pour Paris qui change de destination pour poissy et fini par prendre la direction de Cergy #Merci ! @RERA_RATP
RT @ChrisMartinezHL: Wsh c quoi l'vnement  Colline la semaine pro la j'suis pas au courant j'espre c bourbier
RT @CieMassala: Attention ! Si vous venez @Ciedelagare par @RERC_SNCF, sachez qu'il est coup entre Javel et Austerlitz ! + d'infos :
RT @DacteuuDhood: Ils sont en couple pdt les jours fri les jours de grve (RER D) et une semaine sur 2 pdt les vacances comme la garde d'un enfant
RT @Dany_cams: Le Rer C jsai pas i zon koi avc leur train dcor moyen ge la ptdr i zimpressione personne
RT @Denis91230: +9 au dpart de GDL, +12  Montgeron. Et trafic normal pour @RERD_SNCF ... #escrocs #fumistes #incompetents #qml #rerd
RT @Denis91230: @RERD_SNCF le trafic est normal sur la ligne D ? ZICOs ou retards ou supprims, ZACOs en retard ... Zro info!,@Asso_SaDur #rerd #qml
RT @DevonGravesOFF: @mozartienne1756 je suis sure que a se fera un jour !! J'adore la Bretagne !!  je te tiendrai au courant !! Gros bisous !!
RT @Djnb_S: Dans le RER D. Y'a un gas il a viol une meuf dans le train et y'avais du monde mes personne a bouger j'suis choqu...
RT @Drug4Kids: Un jour g voulu draguer 1meuf J'lui ai dit "tu sens le courant entre ns ?" Elle m'a rep "o le courant d'air" j'tais choqu pdt 3semaines
RT @E_picure: Et je criais tout en courant derrire le voleur : "ach biti dir bih ? Leuuuuskh ?" Et le voleur se transforma en pentaquarks.
RT @Elisa_msnge: Rappel : a porte malheur de passer sous une aisselle. Surtout dans un train ou RER.
RT @ElodieVlut: Tu veux grer plein de meufs en mme temps? Tu fais comment quand elles sont au courant de ton jeu? T'as voulu jouer mais tu gagneras pas.
RT @Gaelle_Beaute: moi j'suis la dernire au courant, comme d'hab
RT @GraveDrole: G fait le coup de Dobby est libre  ma mre, jsuis sortie de chez moi en courant mais jlai entendue crier au loin "t pas oblige de revenir"
RT @Gregouz972: Oceane elle est pas au courant que si elle fait la ouf jvai lui sortir une de ses derniere foto sur twitter elle sera pas prette
RT @Hoshiico: #growingupwithdivorcedparents tu compare la cuisine de ton pere a celle de ta mere... et tu veux rentrer en courant
RT @HxrryLoxis: @Anaiis_Prs si tu veux que je te rassure la premire fois que je vais venir tu seras au courant
RT @HyenoShow: Avec le #RERC et le T3a coups, c'est compliqu de se rendre au boulot ce matin... Quelqu'un a une voiture et passe de...
RT @ImaneAfiniss: Pourquoi tt le monde me dis j'vais me faire violer dans le RER D lorsque j'irai en cours?
RT @JujuLaMouette: Trafic encore perturb sur le #RERA Cergy/Paris dans les 2 sens...   @TUForg #sncf
RT @JuniorSteeve: Coupure de courant au Sngal, a ne va JAMAIS s'arrter
RT @KillaLuv: @BoyeShakur t'es au courant qu' chaque fois que je regarde ta pp je pleure de rire
RT @Kiripowa: @RERA_RATP trafic toujours ralenti, 2h plus tard. Aucune info, aucune excuse, aucune comptence #qml prenez les transports qu'y disaient
RT @LIGNEL_sncf: Trafic #RERA fin incident affectant la voie  #Achres. #RERA circulent normalement, fin des dviations par #Poissy
RT @LIGNEL_sncf: Trafic #ligne L #RERA : incident affectant la voie  Acheres toujours en cours : #RERA au dpart de #Cergy sont dvis par #Poissy.
RT @L_A_S_59: Bon les filles, faut arrter .... Vous tes au courant que quand vous faites vos bouches en cul de poule vous ressemblez  lipoutou ?
RT @Laaurinebigup: Sayez ma mre est au courant que je fume, c'est calme
RT @LauretteChateau: RerA: train Cergy detourne par Poissy et ils annoncent ca une fois la correspondance avec Saint Lazare passee : ya pas a dire #rerAassure:(
RT @LeMarquis1er: Mon frre, dis dans "TON" langage courant, celui du bar ou des ignares de TT237.,En E'se, c'est pas du tout a.
RT @LudovicRossi: Quand il pleut et que tu dois courir pour avoir ton bus/rer et aprs tu as de la bue pendant 3jours sur les verres.. #GrowingUpWithGlasses
RT @MappyCity: Des travaux sur les voies entre Nanterre-Prfecture et Cergy-Le-Haut/Poissy perturbent le trafic jusqu'au 28/08 #RERA #BOF
RT @MappyCity: Oups ! #RERA : le trafic est ralenti entre La Defense (Grande Arche) et Cergy-Le-Haut (incident technique) #BOF
RT @MappyCity: Prenez note ! Des travaux sur les voies entre Nanterre-Prfecture et Cergy-Le-Haut/Poissy perturbent le trafic jusqu'au 28/08 #RERA #BOF
RT @MappyCity: Rappel ! Des travaux sur les voies entre Nanterre-Prfecture et Cergy-Le-Haut/Poissy perturbent le trafic jusqu'au 28/08 #RERA #BOF
RT @MappyCity: Reminder ! Des travaux sur les voies entre Nanterre-Prfecture et Cergy-Le-Haut/Poissy perturbent le trafic jusqu'au 28/08 #RERA #BOF
RT @MathieuAland: Il pourrait au moins prvenir que les trains passent par Poissy au lieu de nous dire a que  Achres ! @SNCF @RERA_RATP
RT @MeliyneWinslet: "C'est ainsi que nous avanons, barques contre courant, sans cesse ramen vers le pass" #Gatsby
RT @Neo_1805: @RERA_RATP on se fou royalement des usagers c'est le bordel tous les matins! Hier le train de Cergy passait par POISSY! avant La Dfense....
RT @NoemieDbella: je m'en rapplerai toute ma vie une fois mohamed es venu devant chez moi il a vu mon chien il es parti en courant
RT @Nuget_char: La vie n'est qu'une ligne de RER A dont les trains ont arrt de circuler de 22h jusqu' la fin de service sur les axes Cergy/Poissy.
RT @OnMaApplaudit: Le chauffeur du bus a ralenti par ce qu'une beurette traversait, je lui ai dis "azi passe c'est orange" on m'a applaudit, j'ai roul l'bus
RT @OnMa_Applaudi: Le chauffeur du bus a ralenti par ce qu'une beurette traversait, je lui ai dis "azi passe c'est orange" on m'a applaudit, j'ai roul l'bus
RT @OnMa_Applaudit: Le chauffeur du bus a ralenti par ce qu'une beurette traversait, je lui ai dis "azi passe c'est orange" on m'a applaudit, j'ai roul l'bus
RT @OthersAreBlind: "Courant aprs une lumire qui ne cesse de nous fuir.."
RT @Pat__Mustard: Penser  interdire le sport professionnel si jamais je fais un coup d'tat un jour.
RT @PokerStarsFR: Pour tre au courant de toutes les infos sur le #FPSLille, rejoignez la page France Poker Series sur Facebook !
RT @RERA_RATP En raison d'un incident affectant la voie  Maisons Laffitte, le trafic est ralenti sur l'axe La Dfense-Cergy. #RERA #RATP
RT @RERA_RATP: #RATP Du 25/07 au 23/08, renouvellement des voies #RERA, trafic interrompu entre La Dfense et Auber. En savoir +
RT @RERA_RATP: 00:35, le trafic est ralenti entre Torcy et Marne-la-Vallee Chessy (incident voyageur) #RATP #RERA
RT @RERA_RATP: 07:02, le trafic est ralenti de La Defense (Grande Arche) vers Cergy-Le-Haut (incident technique) #RATP #RERA
RT @RERA_RATP: 07:32, le trafic est ralenti entre La Defense (Grande Arche) et Cergy-Le-Haut (incident technique) #RATP #RERA
RT @RERA_RATP: En raison d'un incident affectant la voie  Maisons Laffitte, le trafic est ralenti sur l'axe La Dfense-Cergy. #RERA #RATP
RT @RERA_RATP: Retour  un trafic rgulier sur l'ensemble de la ligne #RERA #RATP. Incident termin.
RT @RERA_RATP: incident affectant la voie  Maisons Laffitte, le trafic est ralenti sur l'axe La Dfense-Cergy. #RERA #RATP @elcp72
RT @RERB: 12:29, le trafic reprend progressivement (colis suspect) #RERB
RT @RERB: Retour  un trafic rgulier sur l'ensemble de la ligne #RERB. Incident termin.
RT @RERC_SNCF: #CFridayNewsLa clim  bord des trains #RERC:1sujet chaud!,1peu de pdagogie en cliquant ici:
RT @RERC_SNCF: Infotrafic #RERC : Trafic interrompu entre Brtigny-sur-Orge et St-Martin d'Etampes, dans les 2 sens, jusqu' 15h
RT @RERD_SNCF: Infotrafic #RERD : Trafic ralenti sur l'ensemble de la ligne jusqu' 20h30 (actes de malveillance)
RT @RERD_SNCF: Infotrafic #RERD [MAJ] Fin des ralentissements suite  des actes de malveillance.
RT @Ras_Madjik: #RERA il y a des jours sans problme ? Hier 6 trains pour Saint Germain pour 1 pour Cergy... Certains sont trs privilgis.
RT @Rbn192: #TesPasDu91 si t'es pas au courant des accidents de train de Bretigny
RT @Real_Slimane: J'ai croise mon p'tit couz entrain de frode le metro j'ai fais semblant d'appeler son grand frere y'etais en panique TOTALE mdrr
RT @RezuS_et_TebouL: @RezuS_et_TebouL Du coup j'ai mim mes meilleurs blagues twitter dans le RER, ben dans la vraie vie elles fonctionnent pas du tout.
RT @Ryan_Bad_Wolf: @Nashsminstyles TU SERAS LA PREMIERE AU COURANT ELECTRIQUE LDKRNJ
RT @SRZ_Y: @ISLAMOO92 @douglanight eske t'es au courant que ta mere c'est la reine des cochonnes
RT @SaiyanGoten_: @aurvne jsui pret a graver ton image  l'encre noire sou mes paupires pr te voir mm ds un sommeil ternel t o courant??
RT @Serie_Al_Killer: Eh @BaballFR tu sais que tu me manques ? T'es au courant hein ? Ba maintenant tu le sais !
RT @TWDemetria5H: Les moments Dinally tait tellement rare avant mais maintenant ils sont de plus en plus courant.
RT @TattooMyStory: @deshearte_ les filles demain matin et je te tiens au courant si on a pas reu pour que je puisse prendre ton mail en cas pour t'envoyer un
RT @ThKrys: Vos "zinfluences" sur les zinternets touchent seulement 1.300.000 personnes... 18.700.000 ne st pas au courant de vs!,
RT @Volstnqnt: mdr mon pre qui me crie dessus pour sortir la poubelle quand je part j'ai du courir pour pas rater le rer
RT @WMyWay_Mobile: #RT Trafic #ligne L #RERA : incident affectant la voie  Acheres toujours en cours : #RERA au dpart de #Cergy sont dvis par #Poissy.
RT @WMyWay_Mobile: Trafic #RERA fin incident affectant la voie  #Achres. #RERA circulent normalement, fin des dviations par #Poissy via @LIGNEL_sncf
RT @_KittenLouis: Jdis  mon frre "T'es au courant qu'askip Louis il va tre pre ?" Il m'a rpondu "Cqui la mre ? Harry ?" MDRRRRR PTN #OhNoLouis
RT @_Maelysss: " 15ans, elle est tomb enceinte par accident.". C'est vrai, c'est trs courant de trbucher et de tomber les jambes cartes sur un pnis.
RT @_Skeeskee: Et donc je parlais oklm angle Zerktouni et rue Sebta, un ado flaire l'hmza et me chope le tlphone et s'en va en courant vers 20 aot.
RT @_TweetsDeFilles: " 15ans, elle est tomb enceinte par accident.". C'est vrai, c'est trs courant de trbucher et de tomber les jambes cartes sur un pnis.
RT @_jcontroletavie: car il faut RA-TTRA-PER, gt pas o courant moi jpensais jdevais juste faire un billet d'absence jaune la comme a l'cole
RT @alyssafulrad: Tout le monde est au courant de l'ge de @Leris_Luketo mais moi j'tais pas sur Twitter j'ai tout rate je suis dgote
RT @aradica911: @_DavidThomson Sinon, selon la vid, Abu Omar serait un ancien mili offic de l'arme gypt. C'est assez courant dans les rangs jihadistes.
RT @blackalphaa: MDRRRR ma mre qui s'endort sur le canap, jlui fait que ya quelqu'un qui arrive, elle s'est lever en courant elle est partie dans sa chambre
RT @cellequidit: @SamuelLaurent_1 @lescherubins57 @GG_RMC Eux des Grandes Gueules... Laissez moi rire! Des gauchos qui naviguent tjours bien dans le courant
RT @datsbxnzo: @smoakinghot pour la peine tu seras la premire au courant du rsultat mdrrr
RT @eleonore_db: @Cissouilleng mdrrr ma mre elle est au courant emdrr jlui cache nada
RT @emalauret: @ShegueeyOP je pense que je serais au courant si j'tais avec Sacha mdr
RT @emmafornieles: Premire soire le respect est parti en courant mdrrr
RT @fr_oldmagcon: Promis ds qu'on en sait plus vous serez les premires au courant ;)
RT @framasky: Avant de demander du wifi dans le train, j'aimerai que les prises dans le TGV dlivrent du courant. Les TER y arrivent, pourquoi pas le TGV?
RT @gmarquie: Et comme dhab. linfo du matin : #rerA traffic ralenti
RT @hopeofausty: sa se dit potes, mais sa prend tellement pas de nouvelle que je pourrais me retrouver a l'hpital que sa serais mme pas au courant ptdr
RT @hrbsasa: ma mre qui s'est fait un snap la blague j'tais mme pas au courant
RT @just_Tress: Cergy par Poissy..ralentissement puiq terminus La dfense. Heureusemenr je taff l-bas. #RERA #itsonlythegebiggning
RT @kalista771: Aucun rer A  Auber direction Boissy depuis 20min, trafic normal ?? #qml #RERA
RT @katiamirat: Bus et Rer  21h... les deux combins croyez moi mes narines elles en prennent un sale coup
RT @lefoliv: @Anne_Hidalgo cest trs bien dommage quactuellement nous ne puissions pas avoir des trains RER ou SNCF qui fonctionnent correctement.
RT @likevansel: @AlisoonFreitaas bah oui  sa serait archi bien  tu me tiens au courant
RT @linadaubignard1: @So_brisson bah faut pas, tu sais trs bien que si il m'arrivais un truc tu serais au courant tqt pas
RT @linednd: @Valou_86 t'es fou ! Le jour o se sera le cas, le monde aussi sera au courant mddddr
RT @matthias31000: @Destimed #EDF ferait mieux d'y intgrer #Nexcis au lieu de fermer cette bote du #photovoltaque !  | #cop21 #solaire
RT @maumaulananas: faudrait juste que je loupe pas le bus comme la dernire fois mdddr
RT @ntwolfmother: Et proche de #Cahuzac le pere #Gayet! sur q #Hollande est au courant #Cahuzac le fric cache!
RT @salenko1er: Mme dans un pays dvelopp tel que la France,  cause de chaleur y'a coupure de courant. Now, je comprends un peu la Nigelec !,#Fakarey
RT @sergedu78300: @RERA_RATP encore gros bordel vous tes incapable de faire un affichage correct de vous train dpart Poissy
RT @smalog78: @RERA_RATP #RERA Mme pas capable d'assurer vos 3 trains par heure. #galre #quotidien
RT @stradivarius: Inscrivez-vous a notre newsletter !Vous serez au courant de toutes les nouveautes, promotions et tendances.
RT @toutelatele: Christophe Adam (Qui sera le prochain grand ptissier ?) :  S'il y a une saison 4, j'irais en courant !
RT @twterdsleturfu: y'as un mec il courait aprs le bus, le bus c'est arrter, le mec il a vu y' avait des contrleurs, il a fait genre il faisait un footing
RT @yasEEn_8: Vent degn ko vent. Lea dafko mbiiiiiwwwww , accident de courant d'air
RT @yasEEn_8: Vent dgn ko vent. La dafko mbiiiiiwwwww , accident de courant d'air
Rappel ! Des trains sont avances de 2 minutes au depart d'Haussmann Saint-Lazare et d' 1 minute au depart de Magenta. #RERE #BOF
Rappel ! Des travaux modifient la circulation des trains sur l'axe Juvisy-Corbeil Malesherbes / Melun du 06/07 au 04/09 #RERD #OK
Rappel ! Des travaux sur les voies entre Nanterre-Prefecture et Cergy-Le-Haut/Poissy perturbent le trafic jusqu'au 28/08 #RERA #BOF
Rappel ! Tous les jours le trafic est interrompu entre LES COURTILLES et GARE DE ST-DENIS RER sur le #T1 jusqu'au 24/08/15 ! #KO
Rappel : ca porte malheur de passer sous une aisselle. Surtout dans un train ou RER.
Reminder ! Des trains sont avances de 2 minutes au depart d'Haussmann Saint-Lazare et d' 1 minute au depart de Magenta, sur le #RERE #BOF
Reminder ! Des travaux modifient la circulation des trains sur l'axe Juvisy-Corbeil Malesherbes / Melun du 06/07 au 04/09 #RERD #OK
Reminder ! Des travaux sur les voies entre Nanterre-Prefecture et Cergy-Le-Haut/Poissy perturbent le trafic jusqu'au 28/08 #RERA #BOF
Rendu de l'pisode 6 d'Oblivion en cours, il sera post dans le courant de la journe :3
RerA: train Cergy detourne par Poissy et ils annoncent ca une fois la correspondance avec Saint Lazare passee : ya pas a dire #rerAassure:(
Retour a un trafic regulier sur l'ensemble de la ligne #RERA #RATP. Incident termine.
Retour a un trafic regulier sur l'ensemble de la ligne #RERA #RATP. Incident termine. via @RERA_RATP
Retour a un trafic regulier sur l'ensemble de la ligne #RERB #OK
Retour a un trafic regulier sur l'ensemble de la ligne #RERB. Incident termine.
Retour a un trafic regulier sur l'ensemble de la ligne #RERB. Incident termine. via @RERB
Retour au trafic normal sur l'ensemble de la ligne #RERB #OK
SERIE A / LAZIO ROME - Lazio Rome : Le contrat d'Ederson rsili: Malgr un contrat courant jusqu'en juin 2017...
Sans rire pour une fois qu'en vacances un bus est a l'heure et se traine pas le cul.
Sayez ma mre est au courant que je fume, c'est calme
Selon le bilan de 16 heures d'@hydroquebec, 131 clients de #Lanaudire sont actuellement privs de courant. #orages #pannes
Serais-tu au courant de quelque chose que je ne sais pas? Longtemps pour moi c'est genre 10-12 mois
Si je disais a sur mon autre compte je me ferai tellement trucider mais au moins ma pote serait au courant
Sinon aujourd'hui j'ai pris le bus, le rer, le train, l'avion, encore le rer, encore le train et la voiture
Super ! Le trafic est #OK sur l'ensemble de la ligne #RERB
TA MRE, LA MICRO-COUPURE DE COURANT DE MME PAS DIX SECONDES !!! ~
Toi mme tu seras pas au courant
Tous les jours le trafic est interrompu entre LES COURTILLES et GARE DE ST-DENIS RER sur le #T1 jusqu'au 24/08/15 ! #KO
Tout mon portefeuille viens de se vider par terre, je coure apres les pieces dans le bus,Ca aura le merite d avoir fait rire les gens
Toute la terre entire va tre au courant
Trafic #RERA fin incident affectant la voie a #Acheres. #RERA circulent normalement, fin des deviations par #Poissy
Trafic #RERA fin incident affectant la voie a #Acheres. #RERA circulent normalement, fin des deviations par #Poissy via @LIGNEL_sncf
Trafic #ligne L #RERA : incident affectant la voie a Acheres V., RER au depart de #Cergy sont devies par #Poissy jusqu'a 9h
Trafic #ligne L #RERA : incident affectant la voie a Acheres toujours en cours : #RERA au depart de #Cergy sont devies par #Poissy.
Trafic encore perturbe sur le #RERA Cergy/Paris dans les 2 sens... @TUForg #sncf
Trafic interrompu entre Bretigny-sur-Orge et St-Martin d'Etampes, dans les deux sens. Reprise des circulations estimee a 15h00. #RERC #KO
Un jour g voulu draguer 1meuf J'lui ai dit "tu sens le courant entre ns ?" Elle m'a rep "o le courant d'air" j'tais choqu pdt 3semaines
Usagers du #RERE ! Des trains sont avances de 2 minutes au depart d'Haussmann Saint-Lazare et d' 1 minute au depart de Magenta. #BOF
VA Y AVOIR UN MEURTRE ! Ma mere ""range"" ma chambre, du coup j'trouve plus ma carte de bus, et elle reponds pas au tel, j'ai loupe 4 bus
Vent dgn ko vent. La dafko mbiiiiiwwwww , accident de courant d'air
Vers l'herbe ET J'VOIS UN PUTAIN D'GROS RAT D'SMLP CMT G EU REUUUP, j'ss partie en courant telle une merde (3)
Viens la @SNCF te fais preferer le train ... Ou pas ! #oscours #RERA
Vivement que je reprenne le train, j'ai pas avance dans mon livre. Au moins ca m'occuperas pendant 1h matin et soir. #APHP #Paris #RERC
Vos "zinfluences" sur les zinternets touchent seulement 1.300.000 personnes... 18.700.000 ne st pas au courant de vs!,
Vraiment la #polygamie c'est pas pr moi j'aime pas partager...je prfre mm des partages officieux dnt je suis pas au courant
Wesh j'ai eu une coupure de courant sa mere jme suis fais chier toute la journe
Wsh c quoi l'vnement  Colline la semaine pro la j'suis pas au courant j'espre c bourbier
Y'a deux trains par heure sur ma ligne, les gars reussissent quand meme a etre en retard ! #RERA
Y'a un encule dans le RER qui m'a poussee pour sortir en first, j'me suis cassee la gueule dans le trou entre le quai et le train.
Ye ralenti le metro ou arrete?? C'est pas la meme chose.. C'est jampack a berri uqam! @stminfo
Yep ! Plus de ralentissements sur la ligne #RERD #OK
a fais potier l'histoire est finie depuis 1mois et lui il continue faut qu'il ce mettent au courant
a prvoit des soire dans MA mais moi j'suis la dernire au courant c'est sa l'amiti ?
a va le courant marche c'est juste la lumire qui est morte mdrr
chacun d'eux avait trouv son propre courant karmique ascendant et avait regard l'autre glisser vers une destine diffrente.
dans le metro y'av un couple de beaufs qui s'embrouillait devant moi gt mort de rire sous mon pull
elle va mdire ton pere il est au courant ? jv dire nan elle va dire ok dis moi a quel heure il atterit ton avion xptdrrrrrr
enfaite j'ai dis j'allais venir, mais ma mere est pas au courant, et faut qu'elle me donne des sous, et qu'elle memmene au bus
entre l'avion le rer et le train en retard d'1heure j'croyais que ma journee elle allait jamais se terminer
euhhh? Pq jsuis pas au courant que chasing life avait reprit
je sais mme pas cmt elle a dbut la carrire  Taylor mais la vie y'aurait du avoir une panne de courant ce jour la
je serai adulte quand j'arreterai de rire en voyant les gens courir pour avoir le tram/bus et finalement le manquer a une seconde pres
je suis sur sa mre est pas au courant de tout sa
je vais me d'emmerder tt seul je vais faire mon truc dans mon coin personne sera au courant
ma mre elle dit tj qu'elle est au courant de rien alors que la prvient toujours, je dois parler aux murs dans cette maison
ma mre qui s'est fait un snap la blague j'tais mme pas au courant
ma soeur c tellement une trouillarde que ma mere doit l'accompagner jusqu'a l'arret de tram mdrrr et apres ce ma traite de fragile oe oe
mais mon pre a dit que je serai la premire au courant quand il se rveillera
mdr mon pere qui me crie dessus pour sortir la poubelle quand je part j'ai du courir pour pas rater le rer
mdrr j'suis mort le rer A c'est le train de satan faut le boycott cet ete
mme mon pre tait au courant
moi j'suis la dernire au courant, comme d'hab
mon frere et moi en ville c'est un sketch, on c'est trompe 2 fois de bus, du coup pour rentrer on a pris 1h30 pour a peine 10km
mon frre il est pas au courant que c'est mon anniversaire, sahaaa la fraternit
ok jvais dans la mer je voulais nager jtombe sur une mini mduse au bout de 2min mdr c mort jsuis sortit en courant
pareil pour @RERA_RATP? plus de 40 minutes d'attente pour les trains pour Cergy aux heures de pointe. Sans prevenir!
pour rentrer jvais devoir prendre SEULE le taxi, le train, le metro, le rer, le train de nouveau et le bus..j'arriverais jamais a rentrer
reprise est estimee vers 18h30. Le trafic est normal sur les autres lignes de Metro [2/2]
toujours des probleme avec ses putain train rer c pour sa j'aime pas l'ete
tre au courant la dernire a fait mal.
vos mres elles comptent aussi vous tes au courant pour a,a aide pas trop
vs trouvez a classe de rajouter "le/la gitane" derrire votre prnom ? c juste une ptite qs comme a pour tre au courant des tendances
