"@DionJack2: RT "@smykos: Grce: le gouvernement relvera le salaire minimum de 586  654 euros mensuels par voie lgislatif courant mars."
"@RERA_RATP: Retour  un trafic rgulier sur l'ensemble de la ligne. #RATP #RERA"...a n'est qu'un retour..attention  l'aller.des lundi !!
"@RERB: 07:53, le trafic est ralenti sur la ligne (incident technique) #RERB" #qml
"@RERB: En rpercussion d'un dfaut dalimentation lectrique  #GareDuNord, le trafic est perturb en direction du sud de la ligne #RERB"
"@WilliamNguanza: Sinon dans le RER il y avait un couple devant moi, la nana me tapait des sourires suspects..." Mais arrte un peu...
"Bonjour, ici Thierry de la RATP pour vous informer en temps rel sur l'tat du trafic sur votre #RERA." Ah la vieille noblesse de France
"Galre" "hte de repartir" ... apparemment certains vacanciers n'taient pas au courant qu'il neige en montagne l'hiver...
"Mme les trains de banlieue se moquent de moi, se moquent de toi..." #gerardLenormand @Asso_SaDur @RERD_SNCF @iledefrance
"Vous voulez voir mon cousin ? Il a reu le prix du meilleur chauffeur de bus RATP donn par les usagers, du coup il y a une vido sur lui."
"notre train va pouvoir repartir" O...kayyyy #qml #rera
"pq tu ferais pas un kebab avec lui?" nn dsl jvais le dgouter il va partir en courant mdrrrrrr
#Alsace #Mulhouse Le trafic de trams perturb sur les lignes 2 et 3 par une panne -
#Collision de trains : le RER n'a pas respect un signal - Le Matin Online
#INFO: Cathy nous tiens au courant pour me confirmer le vrai compte de Maud sur Twitter ! Je vous ferais parvenir tout ceci  bonne soire
#Job Accompagnement Comptable et Financier- Senior Chinois courant Paris H/F: Mazars fdre les comp...  #Finance
#QML #RERD [MAJ] Trafic interrompu de Villiers le Bel en direction de Gare du Nord jusqu' 7h (pb lectrique) "
#QML #RERD [MAJ]Le trafic reprend progressivement entre Villiers le Bel/Paris Nord (rsolution du pb lectrique)
#RERA Le trafic est ralenti de Etoile vers l'ouest en raison d'une panne de matriel
#RERA Trafic ralenti de Champigny vers St-Germain-en-L. en raison d'un malaise
#RERA incident d'exploitation sous le tunnel entre auber et cdg. Trafic interrompu pour le moment vers cergy poissy st germain
#RERA incident termin reprise du trafic. Prvoir retard et ralentissements
#RERA train bloque le quai. Trafic interrompu a auber dir cergy poissy st germain
#RERD Le trafic est interrompu dans les deux sens, avec un report des circulations sur l'axe Corbeil
#TERpicardie en grve, panne de courant a GDN sur le #RERB, et arrive hyper a l'heure, peut-tre mme record battu ! Etrange vendredi.
#TribunedeGenve  Collision de trains: le RER n'a pas respect un signal: L'accident de train  Rafz (ZH) qui...
#qml 06:30, le trafic est ralenti de Aeroport CdG 2 / Mitry - Claye vers St-Remy / Robinson (incident technique) #RERB
#qml En rpercussion d'un dfaut dalimentation lectrique  #GareDuNord, le trafic est perturb en direction du sud de la ligne #RERB"
#rerE : Faudrait peut-tre songer  nettoyer les trains... #qml
#rera Ralenti de louest vers l'Est: incident voyageur,
#rere itinraire bis emprunt car principale HS. On galre dans les tunnels et sur les voies en regardant d'autres trains nous dbler. #qml
#rere notre chauffeur semble tre descendu des voies pour mater le trafic. Le pauvre.
#rere un mec en gilet SNCF sur les voies avec une feuille dans la main a l'air semble faire la circulation des trains #incroyable #qml
#theatre DBRIS - Vendredi 27 fvrier 2015 - 20:00: Un gros accident, une collision entre un autobus bond et un
- Faire le con avec un caddie du super march- L'explos,- Fuire avec ses 5 packs de bires en courant ...
-aller au pony games -couper la queue d Idaho -m occuper d aribo -amener mon frre au bus -aller chez mon chri -aller au ski
.@RERC_SNCF je suis meurtri. Vous venez de m'achever. "Plus facile". Prparez vous au RER C Train Boycott 2015
06:30, le trafic est ralenti de Aeroport CdG 2 / Mitry - Claye vers St-Remy / Robinson (incident technique) #RERB
07:53, le trafic est ralenti sur la ligne (incident technique) #RERB
09:53, le trafic est ralenti de Cergy/ Poissy /St-Germain-en-L. vers Boissy/ Marne-la-Vallee (incident voyageur) #RATP #RERA
12:35, le trafic est ralenti de Vincennes vers Boissy/ Marne-la-Vallee (intervention des quipes techniques) #RATP #RERA
14:29, le trafic est ralenti de Champigny vers St-Germain-en-L. (malaise voyageur) #RATP #RERA
17:50, le trafic est ralenti de Etoile vers Cergy/ Poissy /St-Germain-en-L. (panne de matriel) #RATP #RERA
28% si j'ai plus de batterie et qu'ils ne rtablissent pas le courant, je serai comme une dbile dans la kay
@210_0415 vois le bon cts au moin ta pas louper ton rer
@99stvles ouais bah la dernire semaine de cours je les avais plus non plus ptn dans le bus c'est horrible bye
@AFarouille: Ma sur elle a de gros pb mentaux msk: elle arrive en courant vers moi, dans le noir& toi tu crois que jsuis un lapin gant
@Al_tefkat Bah tu seras remis au courant si tu auras win ou non tkt
@AlexanePe oui si tu viens je serais l  coup sr, je prendrais le bus le matin et j'arriverai vers midi :)
@Alexiaa___aha je n'tais mme pas au courant^^, mais tqt pas ds que je fais un petit avant tu seras la premire invite
@Allan_AFT ah ouais d'acc, tu me tiens au courant, a serait cool que l'on se capte avant que je parte !
@AmaylieK mdrrr oui tu seras au courant rapidement
@AntoineRAGUIN Bonjour Antoine, dans le courant de la semaine prochaine, tout sera rentr dans l'ordre ! Bien  vous
@ArcConvention @Mathilde_Felton comment a se fait que je suis pas au courant alors que c'est dans mon pays!!! En tout cas, j'y serais.
@Auudrey77 alors rserve ton vendredi aprs midi, @Camille__Pgnl tiens au courant, et @Gege_LGD sera hyper content :D et nous aussi :D
@Baaatmaan @nrjhitslachaine Je t'en remercie psk sans toi je ne serai mme pas au courant de la journe de demain
@BeNlsn tiens moi au courant quand a sera fait ;)
@BenjaminFD sans rire? Je fais mes stages en librairie depuis le collge, je suis au courant
@CamilleRPGG *te regarde une dernire fois avant de disparaitre en laissant un courant d'air derrire lui*
@CarolineJpn Masculin encore heureux mdrrr! Allez met les critres et tu me tiens au courant
@CavalliQ si sa passe tu seras le premier au courant
@Cdiscount donc lundi j'espre trs bien, je vous tien au courant dans les jours  suivre via la suite de cette conversation merci  vous
@CharlottePytel Bonjour, l'offre de 80 euros est rserve  une premire ouverture de compte courant chez ING Direct.1/2
@CherCherjournal un courant qui derrire le terme femmes voiles voit juste "voiles" et oublie "femmes"...
@ChloeGrn_ j'espre tes au courant qu'il se foute de votre geule mdrr
@ClarisseDev ah bah c'est fin bien!! J'ai reu une convoc aussi j'tais mm pas au courant
@Conducteur_RER Et du coup tu as fais comment? ( je bosse les avances en ce moment  ) la connaissance de ligne ou des arrets [c] [s] ?
@Conducteur_RER Rcuprer pratiquement 10'  l'heure, c'est une performance ! #Champion
@Conducteur_RER Tu t'es fi  m.reg sur ta fiche train j'imagine? ^^ joli coup en tout cas!
@Conducteur_RER et qu'on vienne pas dire "digital" ,Un simple coup de fil avec tlphone, mme ag, ferait l'affaire :)
@Conducteur_RER l, pour le coup, le digital pourrait aider. C'est puissant pour une prod efficace. @YvesTyrode
@CorgnetRomane DONC si tu me gere pas un pass il risque d'etre au courant ...
@DMquotidienHES j'tais pas au courant  je vais essayer de voir, je crois qu'une amie y va aussi, t'y seras ?
@Dawla_oui vous mme cher frre,vous ignorez qui est derrire cette fameuse dawla!!!! ils vont pas tout de mme vous mettre au courant.
@DenZ_TM @RERA_RATP Nous informer sur le trafic en direct!
@Dolce_Muslimaa ET POURQUOI J'TAIS APS LA 1ER EN COURANT HEIIIIN ? Hshdusoqhdhhdksjshdhhdksjs
@DormignyC c'est ce que j'ai fait, mais IRL je pense que tout le monde ne sera pas au courant
@DrcCamille Quand j'en aurais trouv tu seras la premire au courant ne t'inquite pas
@DreamChaserTeko Peut-tre l'aprs-midi.. :$ on fte l'anniversaire de ma mre, je te tiens au courant !
@DrissiMona @AmirDesic en mp que sa finisse pas comme la dernire discussion o tour le monde tait au courant
@EddouhMlinda Le cpe il est aussi au courant ma mre tait le voir se matin; et j'espre aussi..
@Ehsan_TeamOM Ok frere je te tiens au courant ;)
@ElCSPHENOMENO @lilkay06 @NakuTakaPiya il dit a alors que le gars prend 3 bus et 1 train pour aller  Paris, je prends le RER c'est fini
@EliseMscrd ouuuuuais normalement fin cst quasi sre j'te tiens au courant
@Espace_Amelie @MaudVerdeyenOff mais je gre pas ce compte c est sur je pense fake je te tiens au courant
@Farrvh_elk MDDDR tu tailles en plus :( dj personne ta khtob jaurais t la premire au courant
@Flofloesthype j'espre a va aller mieux, tu as quoi au fait? Tiens moi au courant si tu as un bon plan de prvu je veux bouger demain :(
@Francle84 xD le mec derrire toi m'a un peu fixe aussi quand je suis sortie du RER....oups...Mais bon...tes joues (au moins) le mritaient
@FreshStuff7060 tiens nous au courant de quand il sera en ligne :-)
@GODRyzzor Je sais pas. J'espre bientt. Je te tiens au courant.
@Gotohale_ tkt j'te tiens au courant mdrr j'espere j'vais trouver a serait parfait
@GrdJournal vous avez reu hugh jackman pour son film chappie trop dgot je n'tais pas au courant :-(
@Gregory_Kozak95 Bonjour, oui les RER circulent cependant le trafic est ralenti jusqu' 9h environ.
@Gregory_Kozak95 ben heu, faire signe  un conducteur de train lorsqu'on est pas cheminot... bofbof. L'avis de @RERD_SNCF ?
@GroupeRATP Augmentez-vous la frquence des trains L pour et de St-Lazare pendant les #travaux d't du @RERA_RATP ? #qml
@GroupeRATP est-il normal qu'un chauffeur  6h40 du matin conduise son bus "plein" en coutant ostensiblement ses prires de Fajr ? #BUS171
@Gwenlastennet ewwww non mdrrrrr en bus comme d'hab bc ma mre travaille mdrrrr dj je vais prendre mes cours de conduite et on verra aprs
@Hanounarmy Ah tu vois ! Pourtant j'ai vraiment essay de les rattraper en courant derrire eux ! Mais... Peine perdue...
@Haris_Uchiwa si t'arrives  rsoudre ce mystre tiens moi au courant
@HarryRPGUPC *se relve et se barre en courant sans rien dire*
@Hazem75_h Bielsa ne sait pas faire. Tu gares le bus, et la faiblesse technique L1 te permet de rcuprer les ballons sans rien faire.
@JeanDornac @gallet81127917 Et lorsque tomberont leurs osDans le courant des froides eaux,,Je traverserai la lumire. - Chakalnikov -
@Julienbrk @Layz726 nan mon frre la regard sur le mme cran que moi , il tait pas au courant du truk il ma dit noir et or
@Kaamoulox honntement c'est soft , les trains prennent 5 minutes pour l'instant mais @RERC_SNCF devra modifier son plan de transport ....
@Karim_shadow @ZerAxeeI @GRADIDUR BAHHAHAA et c'est une raison pour l'insulter?,t'es au courant que c'est impossible un "remde" pr a ?
@LIGNEL_sncf Bonjour, augmentez-vous la frquence des trains L pour et de St-Lazare pendant les #travaux d't du @RERA_RATP ? #qml
@LaetitiaDronet T'inquietes pas, c'est pas grave ! Je te tiens au courant oui, mais tu sera comme meme avec moi la bas dans mon coeur ! ;-)
@LeChrisMarques peut tu montrer a a @BensettiRayane quand vous serez dans le bus ou le train ?
@LeaGnle @unnoticedmind vous serez les premiers au courant de ma venue promis
@LenoirKE mdrr mercii j espre vivement qu ils vont pas faire inhh...ma vie sans courant *i can't*
@Lisa_roulet ah bah a serait pas mal de nous mettre au courant. Reste mme pas un mois de cours ><
@LouMollet Lool Bah tiens au courant quand tu passes la frontire alors !
@LouisMarciniak @Annalligator Koves est toujours tellement  la trane. C'est la dernire  tre au courant au bahut aussi
@Lucas2001Roxo @drugxzaynx toi j'tais au courant (dsl zo) mais mon pre jsavais pas
@LucieLgs_ J'suis au courant mongole mais dans 22jours tu seras comme moi aujourd'hui
@LucieTyleer On se tient au courant, ce serait chouette !
@LucienBONY ma mre est au courant c'est bon
@LukeRPGFSOC - frissonne passant sa main dans tes cheveux, Llewin arrive aboyant courant content vers toi mordillant le bas de ton jean-
@LunaSparksRPG Je serais partit en courant a sa place. *rit puis croque dans le cookie*
@MalisoonHEY C'est triste, mais je comprends ;) J'imagine que tu vas nous tenir au courant quand la vido sera en ligne :)
@MamieXIV La livraison se fera courant mars. Nous ne pouvons pas encore vous indiquer une date prcise pour l'instant. Bonne journe !
@ManuelaAudrey @Bibouuille lol qui ta dit a ???? garon c'est comme poisson fum tu n'es pas au courant garon ai pareil meme pere meme mer
@MarineDby le plus tt sera le mieux (si j'suis la dernire au courant j'te COUIC)
@MarineM26 @MathildeLoyez ca me doit Mathilde Gossip que tu es !!! T'aurais du etre la premire au courant
@MathieuLeandro bh bien-sr comme sa si il recommence mon pre est au courant de tout
@Mathis_Gs @eugeniersn Moi aussi j'ai trouv a bizarre. Je me suis dit Christine Bravo a du crer une mission et je ne suis pas au courant
@MelissaAda Traffic du RER D interrompu. Je ne force mme pas! Je vais capter Lulu la Bricole
@Mikofficiel merci du rveille a 12h, ma mre viens en courant dans ma chambre car elle est contente de sa connerie sur ton t-shirt, bravo
@MissBlo0dy Mais non tu ne souffrira pas, tu veras! En tous cas tiens moi au courant quand il seras fini!
@Morganeappel parce que t'es toujours la premire au courant de tout sur akl
@MoucheMagique Oui il faut, a mvitera de la commander ds le 1er jour  Ha ok, cest pas courant
@Mrques_TA Mdrrr, par contre tu sera pas au courant du quel c'est pg @Ereba59 ?
@NaomieNappy naaaan t'inquite premire au courant
@Nawel_Hadj tous les jours c'est moi qui te ferras couter de la musique dans l'bus comme a tu seras pas prte
@Nberraho Bh si t'envoyais des msgs tu serais au courant. Meme so est pass
@NeiiilaA Si c'est autant le bordel que sur Twitter je prfre pas imaginer, ils vont partir en courant mdr
@NicolasAugereau Sil est courant dtre, par facilit trop  gentille ,  mon sens il est rare trop mignonne. ;-),
@Not_Only_One_ j'tais au courant ;) mais merci et je compte regarder les pisodes o elle sera prsente ^^
@OfficialSab ah car maintenant le frre de tini s'appelle leon? J'tais pas au courant...
@OnlyMoreYou @BabyStyles_94 Mel sera la premire au courant je pense ^^
@OtaKOVAL oui j'ai cout 5 morceaux dans le RER ils taient trs varis
@PKellou Mdrrr han trop bien je veux des photos en avant premire *__* !! Han vivement ce grand jour, oublies pas de me tenir au courant :p
@PSantu11 Je ne ferais aucun commentaire, juste tien moi au courant...
@PajotElise je taffe le matin on se tient au courant mais genre je pourrais plutot vers 16h
@PeacefullDream Johana si tu sens y'a un courant d'air frais vers toi l tu peux paniquer sinon trkl
@Perrie_RPGHS Je serais parti en courant. *sourit*
@PhilippeSANTET #CSOJ l'opinion publique a le droit d'tre informe, ce serait pas le cas si seule la justice est au courant, car pb secret
@PrigentAdrien je suis pas au courant de la semaine dernire mais la pour l'instant on a rien du tout...
@RERA_RATP "trafic rgulier" donc poireauter 10 mn  Auber sans raison c'est normal? Putaing j'en peux plus.
@RERA_RATP 3ieme train en direction de Marne la valle qui ne s'arrte pas  noisiel, le prochain toujours pas, bloqu a Noisy champs...
@RERA_RATP De + est-ce qu'un jour vs ameliorerez info trafic en gare? (Wifi local, ou autre)
@RERA_RATP Le trafic n'est pas rgulier (et ralenti) actuellement et 0 notif.. 0 infos..
@RERA_RATP alors a quoi on doit les ralentissements de ce matin ?
@RERB @Asso_usagersidf Bjr ...c est ralenti de combien svp merci Jai un avion a prendre Merci
@RERB @Asso_usagersidf c est tj ralenti  8h11 ? merci pour votre reponse .
@RERD_SNCF FUCK YOU ! TOUJOURS LES MMES TRAINS !
@RERD_SNCF Pr PIVIF Gou : rien ne sert d'annoncer le 1er train Melun, dites le 1er train pour Paris !
@RERD_SNCF comment un incident #GareDuNord peut engendrer des suppressions de train terminus #Juvisy venant du Sud de la ligne #qml
@RERD_SNCF vottre application ne dit rien sur les suppressions de train... Clap clap clap.
@RERE_SNCF Bjr tous les trains qui arrivaient avec 6/7 minutes de retard hier soir vers 20h a Magenta vers Hausmann, avec cette annonce.
@RERE_SNCF a serait bien de communiquer dans le train sur la dure si vous voulez viter les ouvertures intempestives. #casenerve #conseil
@RERE_SNCF aujourd'hui, hiva qui arrive vers 8h55-9h  hsl, la voiture qui se trouvait pile au niveau du panneau "avant train court"  hsl
@RERE_SNCF du coup c'est pas terrible pour les gens aces des poussettes ou  mobilit rduite
@RERE_SNCF qu'est-ce qui passe avec votre service ce soir, je suis  bondy depuis 7:05... Le service sera ralenti vers quand??
@Reaaly_ t'es con ou quoi la vie d'ma mre! Je peux pas deviner quand on va me l'acheter, putain le bus a laiss des traces apparement
@Red_Campbell @delaunaysteven @_Ingrid_974 j'espre qu'ils sont au courant, c'est leur jeux quand mme ^^
@RihannaRPGMHA _dirige vers toi courant  moiti.-
@RinLipop_ @Yoseobismine_ quand tout sera ok tu sera au courant tqt
@SNCF Paris Noyelles payer 60 pour un train qui ressemble a Rer alors qu'il y a qq annes c'etait beaucoup moins pour un "vrai" train...
@SNCF_infopresse @SamanthaAsn @RERE_SNCF commencez par mettre plus de trains en direction de Tournan putain de bordel.
@Sachaohayon che mon reup zer jcrois demain ya personne che moi si chu la jte tient au courant
@ShaunaRPGD *Hausse les paules* Ok. Sam est dj au courant de toute manire. J'imagine que de ton ct, y en a qui le savent aussi.
@Snaptrox Je sais pas si tu es au courant mais l'upload de ta vido de samedi a crash je viens de voir, faudra que tu le refasses
@So_Bnfd tu sera le premier a etre au courant quand sa ->  Sa arrivera tqt promis
@SosoBartoletti j'espre que tu me tiendras au courant
@SushiiMakii @ririlol11 J'espre. J'tais pas au courant qu'il avais fini  l'hpital.
@Tiff_Malik c'est reloue.. en plus de a ma mre devra garder ma petite soeur car elle arrive en avril du coup je prendrais le bus.. .__.
@Tiphaine_Ogez Tu serais au courant
@Willy_Rovelli @Conducteur_RER je ne comprend pas cette fascination des dpressifs pour les trains.
@YaelZtn moi aussi c'est parti de ma mere et aussi de mon frere pr les tenir au courant d'un voyage de 11 pays en Europe de l'Est en 2009 ^^
@Zaakie Bele3 fomok si tu vas pas en cours jprends la ligne J St Laz Ligne 13 St Denis Un. Bus et je viens te rduire en poussire
@ZombiesFaktory Yoda je sais pas si tu es au courant mais maintenant depuis la mise a jours tu peux accder a ton coffre n'importe ou 1/2
@_Brgt haha dacc :) tu seras la premiere au courant quand le premier chapitre sera sur internet ;)
@_ValSz j'espre que tu vas le rcuprer avec la compagnie de bus
@_burnwithyou de toute faon tu seras l'une des premires au courant mdrrr
@ahajaok Et mon petit frere alors ? mdddr oui c'est vrai que mon mixage il n'est pas courant
@antoine_rapp1 moi ouais j'suis privilgie!,Oh que oui a mon avis! J'espre hein, j'te tiendrai au courant du rsultat!!
@apfdr Et p'tet pas forcment plus chre si je calcul mon coup et que je pars avec Airbnb et un bus...
@bySankah @FeedzOfficiel Fin breff le moment sera venue ou tout le monde sera au courant que tu n'as jamais trouve de glitch la tour toune
@cWilly4 parmi les Gugus il a aussi des UMP.,Sarkozy les critique mais derrire il tait au courant et les couvre mais il ne l'avouera pas
@ca_res_publica elle est au courant de mon ... absence de finesse
@charlesdecant Oui ma mre la voit or et blanche alors qu'elle tait pas au courant de l'histoire, Idem mon pre
@chervogues bah oui mais ma mere elle la vois dore et elle est pas au courant
@claudarnaud @danypriou14 ils ne sont jamais au courant quand a les arrange ! pas la premire fois !!
@cliffordamn @Poxxleitner omggg merci les filles j'tais pas au courant  j'espre qu'il reste des places !
@copi35 Bah sinon le peuple serait ravi d'avoir un scandale de sextape :) c'est pas courant :)
@doloresbakela @barbpanther entirement d'accord ,mais il faudrait couter mon dernier projet frre #1PourLaFamille est  contre courant
@dramadiffusion @BlastAndCo J'ai du mettre le mien sur une prise de courant o j'ai retir la terre. Sinon, sifflement.
@dylannblcr d'acc tiens moi au courant stp  deja que la dernire fois mes parents on pas voulu que j'aille la rencontrer personnellement
@elfiniall: 50 QUESTIONS ABOUT MUSIC 20. Tu prfres couter de la musique  quel moment de ta journe? qd jui dans le bus
@ennemi_ mm moi mais bon moi jatt y en a une elle fzit la maline tt le 93 sera au courant
@eokomishi peut tre courant mai enfin j'espre et encore a va tre jap je suis sre (bien que a ne me gne pas)
@galeRERAfr Si on coute #RERA, la moiti de Paris est en hypoglicmie. Perso je prends le RER depuis 5 ans, j'en ai jamais vu un.
@hmsuchier Heu pas chez moi (je recule rarement pour y aller mais ensuite je m'ennuie en courant...)
@hxranlxst j'espre qu'il va bien, tiens moi au courant
@kidrauuhlbizzle Je serais parti en courant
@lolablr @Carlagvn vous serez fort aimable de me tenir au courant car mme moi je c aps tant apparament je principle concerner
@louvelalexis9 Ce sera peut tre moi qui ira au tirage je te retiendrais au courant ;)
@luwiik_ j'y pensais ouais et faire des vlogs aussi (sans montrer ma tte )!,Je te tiendrais au courant wifey  mais ce sera avec plaisir!
@mamanwhatelse Tu nous tiens au courant ? j'ai une yaourtire classique mais ce truc me tente ;-)
@mileyjuxna JE SAIS mais j'ai trop de trucs  faire?????Je te tiens au courant si y a un truc qui se libre ptdr
@momsenstyles @z1malikpng le yin yang ma mre a mis du temps avant d'accepter et pour l'ancre elle est pas au courant ptdrrr
@monot_l ouais mdr je serais partie en courant
@nicolasdavi Ok, tiens-moi au courant ! Il repasse pas dans la nouvelle salle cette semaine par contre
@nolwn_dgl j'espre ! On se tient au courant
@nosmok12345 oui heureusement j'ai mes parents qui sont au courant sinon sa serait la merde!
@olivierbiehler c'est bien l qu'il y avait eu cette accident de bus il y a qlq annes?@07Marianne @FranckFerrand @marstaxi @MeMagnan
@orsuccil mdrrr mme ton pre est au courant maintenant
@powoua bah je sais, si je balanais des cailloux je serais un minimum au courant
@roust__ @lpenou @monsieurtino @aeris22 panne de courant, galre de grer / tenir  jour l'antispam, se fondre dans la masse ct metadata..
@rozz_ii mdrrr c'est sre et certain, jtz tiens au courant ^^
@shevalite @UnhommeNoir Mais Olivier n'tait pas au courant que Roberto a mbanfui sa mre. En plus ils ont rompu et Roberto est back
@smileofhoranx Yep j'ai not ceux qu'ils ont rt je ferai ca ce soir ou demain  je te tiens au courant
@stelly1234katy Ah car ils n'taient pas au courant? J'espre pour toi qu'ils diront oui
@storm_3030 @coldxxs y'a personne au courant juste Clara parce que y'a rien de sre trou du cul
@thalys_fr merci ! Est ce qu'on peut arrter de couper le courant toutes les 3 minutes ? Mon Pc s'teint  chaque fois (vieille machine)
@tomlinsxox je sais pas ma mre a oubli de prendre rdv pour cette semaine donc la semaine pro je te tiens au courant
@tournem tu me tient au courant quand tu sera morte tu m'envoie un snap de toi morte
@valerieboyer13 Bonjour,Pourriez vous me dire quand la question sera pose ou/et me tenir au courant de la reponse.,Merci
@wzhrg mais tkt des que j'en aurais tu seras le premier au courant
A 30sec prs et je loupais mon bus bc j'ai gratt au DS, faut vraiment que je me rachte une montre pour grer mon temps mdrrrr
A chaque fois probleme de bus, elle le loupe, accident. Bientot greve en ptit impro
A force de concder des occase on va en prendre un je sais pas si vous tes au courant en faite !
A la fin une petite touche de douceur quand mme et ma mere qui me sort: c'est pas bien comme si elle tait au courant
Accident de bus ! C'est cool :/
Accident mortel en nov. entre une voiture et un autobus (CTT): conducteur de la voiture accus
Ah excellent le compte salopeparisest a repris  c'est cool sa, on va pouvoir tre au courant des nouvelles actualits des salopes
Ah oui certains ne sont pas au courant que mon frre a 19 ans mdr voil je vous laisse sur a
Alerte ! Le trafic est perturb en direction du sud de la ligne #RERB #BOF
Andr Ayew est rentr en courant dans le vestiaire a la fin du match. Il aurait pt les plombs et serait nerv de ce genre de match.
Apparemment @Cjosseofficiel n'est pas au courant que @Fsaad04 a jou lors de la dernire journe et a t dans l'quipe type.... #OMSMC
Apparemment tout le monde n'est pas au courant qu'on peut refaire le tour d'un rond point, en tmoigne ce monsieur qui fait marche arrire.
Askip j'dois aller au cinma avec mon frre et mes deux cousins cette aprm. J'tais mme pas au courant. Ma mre vient de me l'apprendre
Atention ! Trafic ralenti sur l'axe Paris-Chelles #RERE #BOF
Attention ! Trafic interrompu sur l'axe Massy Palaiseau - St Quentin en Yvelines jusqu' 18h #RERC #KO. Courage les amis !
Attention Ralentissements en approche d'Orsay Ville aucune explication de la part des chauffeurs! Cc @RERB #RERB
Au moins on sera au courant que le prfou n'est pas ouvert le jeudi soir :(
Au moins tout le monde sera au courant
Aujourd'hui mes bus passaient pas j'aurais pu ne pas aller en cours. Malheureusement ma mre a trouv une solution pour que j'y aille
Avec WATER LIGHT GRAFFITI,Un coup de pinceau et la lumire rvle nos dessins  l'expo #streetart  @Fondation_EDF ;)
BELGIQUE : un accident de bus a fait 40 morts : 20 dans l'accident, et 20 dans la reconstitution...
Bon bref j'avais rater le bus et le RER du coup j'ai laisser tomber
Bon comme dhab cest le bordel 18 minutes dattente  Chtelet pour avoir un 1er train #RERB
Bon trajet aux passegers du #RERC Trafic impec sur la ligne, on croise les doigts #OK
Bon, je viens de montrer mon blog  mon pre. Finalement je m'en fiche s'il est au courant pour mon blog ou mon Twitter.
Bonjour, @HorellouTurlan @Duclos2Guy, notre 1re demande a t rejete. La 2nde demande est en cours de traitement par ErDF. (1/2)
Bonjour, ici Thierry de la #RATP pour vous informer en temps rel sur l'tat du trafic sur votre #RERA.
Bonjour, le 2m pisode sur la Session Multi d'AC4 est en cours de publication, il sera en ligne d'ici peu de temps.
Bravo  @sneakers_actus, un site de qualit pour tre au courant des dernires nouveauts sneakers !
Bus rservs qui se suivent, bloquent le trafic. Ca leur ferait du bien un peu de mixit sociale et culturelle  ces ados "europens" ! ;D
C fini de courir derrire le bus en 2015
C lacrizeomic la daronne m a coupe le courant va falloir trouver un appart ca mre
C'est la St enora demain, du coup je lui ait fter ajd, elle tait pas au courant ^^
C'est le dawa dans le @RERA_RATP . M'en fous j'coute jjg.
C'est pour ca que j'aime pas prendre le rer toute seule. Il me faut un garde du corp mdrr  Il y a tjrs ds gens chelou ...
Ce soir passage du balai ^^ dernier train pour Cergy ! #RERA
Chevreuse. Trafic normal sur les autres lignes de RER. [2/2]
Chri, rallume la lumire! Problme d'alimentation, coupures de courant dans 5 arrondissements de #Paris cette nuit. Info @FBleu1071
Collision de trains  Rafz : le RER n'a pas respect un signal
Collision de trains : le RER n'a pas respect un signal
Collision de trains : le RER n'a pas respect un signal - L'accident de train  Rafz (ZH) qui a fait 6 blesss a ...
Collision de trains : le RER n'a pas respect un signal: L'accident de train  Rafz (ZH) qui a fait 6 blesss ...
Collision de trains: le RER n'a pas respect un signal
Collision de trains: le RER n'a pas respect un signal - L'accident de train  Rafz (ZH) qui a fait 6 blesss a t...
Collision de trains: le RER n'a pas respect un signal: L'accident de train  Rafz (ZH) qui a fait 6 blesss a...
Collision entre deux trains  Rafz (ZH): le RER n'a pas respect un signal, selon les CFF.
Coupure de courant, a sort les bougies la maison c'est la Cathdrale de Reims sa mre
Culture et patrimoine : le projet Lascaux 4 reoit un coup de pouce de la @Fondation_EDF  via @sudouest
D.Blaat renie son basket avec ce jeu en isolation  outrance. Il est a contre courant de la mode Spurs et du partage du ballon #NBAextra
DERNIRE HEURE - L'ex-chauffeur d'autobus Jacques Roberge, qui a conduit des lves avec les facults affaiblies, cope de 24 mois de prison
Damien cet imbcile il  loup son bus du coup il est all jusqu' beaub pour aller chez sa grand-mre
Dans @LeDL_Grenoble en kiosques aujourd'hui,enqute sur l'augmentation de la dlinquance en #Isre  contre-courant de nombreux dpartements
Dbut du live vers 20h30, a vous va ? Je vous tiens au courant de tout de faon :)
De mettre leurs capuche et partir limite en courant Il tais tous en ligne ptn i mon fait rire
Demain mon pre me ramne en cours, je supporte plus le bus ca me soul
Des handballeuses sortent indemnes dun accident au rond-point de la Patte dOie: Deux bus sont entrs en...
Des travaux modifient la circulation des trains sur la ligne #RERC axes Invalides - Saint-Martin d'Etampes et Invalides - Dourdan #BOF
Deux lamas ont repris leur destin en main, courant vers la libert. C'est notre vido du jour.
Dimanche jvais chez ma mre, j'espre qu'elle me cherche sinon je vais denouveau avoir trois heures de train et bus .....
Ds les premires secondes tu sens si le courant passe ou pas
En l'espace d'une journe j'aurais pris : tram, mtro, bus, train. C'est pas vident  grer pour une campagnarde comme moi.
En rpercussion d'un dfaut dalimentation lectrique  #GareDuNord, le trafic est perturb en direction du sud de la ligne #RERB
En sport on va faire relais m'en balek j'simule j'suis vnu en cour pour tudier et pas courir pour rien dj que je cours aprs le bus c'bon
Encore un gamin de 3/4 ans qui est tomb entre le train et le quai au moment de descendre du RER  Chessy, terminus du train.
Est-ce que quelqu'un peut me tenir au courant pour le relais? Je suis  l'univ' et la wifi ne me permet pas d'ouvrir un stream.. #Falun2015
Et mon frre et ma demie-sur me suivent en courant
Fallait vrm mettre o courant mes parents de mes tweets trs douteux il y a quelque annes ma mre elle croyait j'tais encore sur ma bimbo
Faudrait dire  Ryan Gosling d'arrter de spammer avec son nouveau film. Le monde entier est dj au courant.
Faut mme pas mon frre il sois au courant
Faut que je charge mon portable parcq a 19h jparte rcuprer GTA A Delaune et que je prenne mon bus a 19:51
Finir dbarqu  Epinay car problme de portes sur la rame. Pas tonnant vu la vtust des trains du #rerc #qml
Fireflies informe son aimable clientle que Fireflies sera ferm ce jour suite  des coupures de courant depuis...
Grce: le gouvernement relvera le salaire minimum de 586  654 euros mensuels par voie lgislatif courant mars.
Gros dgagement de fume du @RERD_SNCF mais le train prend quand mme des voyageurs. En plus c'est un train (TRS) court #conspiration
Grosse dfense des Reds qui rcuprent le ballon sur leur ligne d'essai. Mle pour eux  5m. #HIGvRED 9-3 #SuperRugby
Hahaha j'ai rencontr ton sosie capillaire dans le RER @Iris_Queens xD c'tait ta coupe et ta couleur j'ai bugu !
Hallucinant... Assister  deux disputes de couples en simultane. Le RER, une scne ouverte ! PopCorn s'il vous plais !
Hey les @enfoires quand on s'est foutu dans une galre c'est normal de ramer contre le courant mais l a fait un poil radeau de la mduse !
Hier j'allais pas bien , elle m'a appel a 22h pour venir . Jai pris le train RER D j'avais tellement peur
INCENDIE 91 Un entrept dsaffect ravag par les flammes  Ris-Orangis. Trafic RER D interrompu
Il est 10:28 et le trafic est normal sur l'ensemble des lignes de RER
Il est 10:39 et le trafic est normal sur l'ensemble des lignes de RER
Il est 13:08 et le trafic est normal sur l'ensemble des lignes de RER
Il est 13:28 et le trafic est normal sur l'ensemble des lignes de RER
Il est 16:52 et le trafic est normal sur l'ensemble des lignes de RER
Il est 17:28 et le trafic est normal sur l'ensemble des lignes de RER
Il est 19:39 et le trafic est normal sur l'ensemble des lignes de RER
Il est 19:43 et le trafic est normal sur l'ensemble des lignes de RER
Il y a sortie mardi apparement mais frre je ne suis pas au courant .. En plus c'est payant ? M D R
Il y a un accident, mon bus est bloqu.
Ils sont au courant les guingampais que c'est carrment le ministre qui leur a dconseill de se rendre dans un pays en guerre ?
Incendie en cours dans un entrept  Ris-Orangis (91) : un important dgagement de fume noire constat dans le secteur. RER D interrompu.
Incendie en cours depuis 12h vers CAES prs des voies @RERD_SNCF. Circulation RER D et Pont de Draveil COUPES.
Infotrafic #RERD : Trafic interrompu (2 sens) axe Corbeil-Viry via Ris jusqu' 15h (incendie proche voies  Ris),>
Infotrafic #RERD : Trafic interrompu de Stade de France en direction de Paris Gare du Nord jusqu' 7h (pb lectrique)
Infotrafic #RERD : Un incendie prs de la gare de #Ris-Orangis dtourne la circulation des trains sur le plateau jusqu' nouvel avis.
Infotrafic #RERD : [MAJ] Reprise progressive du trafic axe Corbeil-Viry via Ris (incendie  Ris) >
Infotrafic #RERD : [MAJ] Trafic interrompu (2 sens) axe Corbeil-Viry via Ris > 16h (incendie proche voies  Ris) >
Infotrafic #RERD [MAJ] Trafic interrompu de Villiers le Bel en direction de Gare du Nord jusqu' 7h (pb lectrique)
Infotrafic #RERD [MAJ]Le trafic reprend progressivement entre Villiers le Bel/Paris Nord (rsolution du pb lectrique)
J'adore les trajets en bus de 4 heures pour arriver  Paris. Je prfre a que de prendre le train et d'arriver un peu plus d'1 h aprs...
J'ai carrment reu un message sur la robe...ahah j'tais au courant avant tu me la feras pas lel
J'ai loup le 1er bus
J'ai monter deux tages en courant pr rcuprer mes gteaux jui moorte
J'ai pas pu finir mon contrle bc j'allais louper mon bus et traner vers le collge quand il fait va vers nuit c pas top
J'ai reu un mail de McDonald's pour promouvoir la commande en ligne. Oh j'tais pas du tout mais alors pas du tout au courant que a existe
J'ai suivi le trafic de loin, et je ne peux que constater que vous avez t gts par ce cher #RERB
J'ai travers la cour en courant pour aller me laver chez Chlo bc mon pre voulait pas me laisser rentrer dans la salle de bain
J'ai vu @lerirejaune et @Henrirejaune  place des vosges, ma mre elle  du me prendre pour un fou je suis parti en courant
J'ai vu un vine d'Harry du coup j'ai pouss un cri et mon frre est venu en courant mdrrrrrr jpp
J'aime pas quand ma mre chuchote quand elle parle de ma soeur, je suis bien assez proche et grande pour tre au courant ..
J'avais promis  Laura d'arrter si rien ne changeait courant mars, mais j'pense que la, j'pense que la c'est mort! Next..
J'coute tellement fort la musique que si il y avait une alarme incendie ou un truc dans le genre, je ne serais mme pas au courant
J'espre que je vais pas louper mon bus pour rien en voyant la prog' d'Art Rock :)))))
Je courais derrire le bus et il ne s'est mme pas arrt?! Le monde est peupl de fdp bordel
Je croyais tre en retard du coup j'ai pris le bus, finalement je suis quand mme la premire
Je dors trq et la mon petit frre vient en courant ce cacher dans ma chambre. Sale gosse il me ramne des problmes mdrrr
Je me presse pour rien des fois. Le bus a attendu  un arrt sans raison apparente, du coup j'ai rat un RER, et le suivant est supprim
Je me suis casser la gueule en courant par ce que d'un coup il a grler j'ai glisser
Je mets l'opening de Gravity Falls et mon frre arrive en courant dans ma chambre et crie "SOUVENIRS DE GRAVITY FALLS????????"
Je suis rentre chez moi direct J'ai vu la voiture a mon frere je suis rentre limite en courant
Je suis une espce rare du public de @Mathieu_Sommet une femelle de 15 ans fan de SLG apparemment c'est pas courant :3
Je vais louper le RER
Je viens de croiser mon chauffeur de bus, jsp mais a m'a fait rire.. De penser que je suis pas en cours xD
Jsuis coincee dans le RER avec un couple en face de moi qui ont lu les livres de got a sent le spoil involontaire mais hard core
Jsuis toujours la dernire  tre au courant de tout oim c chiant
L'Ozone Strike Battle sera disponible, en France, dans le courant du mois de Mars 2015.
L'image insolite du jour : les sdf qui font la manche dans le rer se battent pour avoir leurs trains . L'autre il attend le prochain. ?
La cochre nous informe quun signal dalarme  t actionn sur le train prcdent  la Courneuve. #RERB
La gare de Charles de Gaulle, son photomaton plant, ses siges arrachs, ses prises sans courant, 2 sandwicheries hors de prix, le RER B...
La vie de ma mre j'en ai marre de courir aprs le bus tout les matins! Je suis n pour courir aprs un bus...
Le bus va faire par Volga psk ya un gros accident  Ste Thrse -"
Le chauffeur du bus avant de prendre sa relve il finit sa clope oklm il a pas compris que j'avais un train  prendre
Le gvt grec relvera le salaire minimum de 586  654 euros mensuels par voie lgislative courant mars. #Greece
Le mec avec qui je devais all il est pas au courant MDRR au final vaut mieux puisqu'il s'avre que la critique H24 chez lui fait 1 -"
Le monde qui traverse la rue en courant en pingouin me font rire hahaha
Le mystre de la robe persiste, le cours est nul ET le prof est carrment a contre courant. Donc je pars sur RimWorld. #TheDress
Le non-respect d'un signal par le train RER a engendr la collision de #rafz vendredi dernier, indiquent les #Cff #sbb. @RTSinfo
Le trafic de trams perturb sur les lignes 2 et 3 par une panne  #Tram-Train #Incidents
Le trafic est de nouveau fluide sur la ligne #RERB #OK
Le trafic est perturb en direction du sud de la ligne #RERB #BOF
Le trafic est ralenti de Aeroport CdG 2 / Mitry - Claye vers St-Remy / Robinson  cause d'un incident technique #RERB #BOF
Le trafic est ralenti sur la ligne #RERB  cause d'un incident technique #BOF
Les guerres en Afrique les mre et filles qui se font violer .. Sa fait mal au cur , tout le monde est au courant mais on en parle pas ..
Les joies du RER B. Des wesh wesh qui fument, un couple de soulards qui se dispute, des nyafou qui dansent et crient et moi qui en mode.....
Lignes de bus dvies en raison d'un accident
Loi Sant, mauvaise loi? Contre-intuitif mais vrai!,Les mdecins trs au courant sont des repres clairs pour vous informer de ses dangers
MDR MON FRRE IL EST FOUIL A PASS 10 MINUTES A EMBTER UN PTIT CHIEN SUR LA ROUTE EN LUI COURANT APRS
Ma mre elle m'annonce qu'une de mes cousines a accouch mais j'tais mme pas au courant qu'elle tait enceinte mdr
Ma mre qui crie aprs mon chien parce que elle l'a voit pas, je pense que elle est pas au courant que elle parle pas pr lui rpondre
Ma mre qui dit : ma fille qui a des problmes avec son petit ami ! Heu stop j'ai un petit ami il est ou putain j'tais pas au courant !
Ma prof appelle ma mre pour la tenir au courant de mes notes et ma mre va en parler a mon pre..,#payestonwkdemerdequicommence
Ma sur elle a de gros pb mentaux msk: elle arrive en courant vers moi, dans le noir
Matt il a pris une selfie pareil son frre est mme pas au courant
Mdr y'a un homme qui se coupe les ongles de main et de pieds dans le RER, y'a de plus de respect
Mdrr ma mre a acheter un crabe pour manger et qd elle la sorti on est tous parti en courant ptdrr, mme ma soeur elle a pleurer
Mdrrr ah bon jcrois que ma mre elle tait ps au courant pr me lever  7h et dmi @niallshlag
Mdrrr elle aime trp mon frre ms mon frre n'est mm pas au courant de son existence
Mdrrrr elle fait rire cette christie. Comment elle provoque! Bon t'es au courant je crois @Langue2puteBack #NanaLaRacaille #MaisMdr #LeMag
Mdrrrrr les meufs me feront toujours rire cest ouf! Tu lui demande tfquoi? a te rep "GOVA je rentre" mais jamais "train rer B je rentre"
Mes parents font des complots pour me faire comprendre que je suis sur la dernire ligne droite, comme si j'tais pas au courant
Mes parents sont au courant, mon frre nous a cram @maoulquiraboul ...
Meteo du #RER (#ratp) : KO () 27/02/2015 a 06:33 Trafic normal sur l'ensemble ...
Meteo du #RER (#ratp) : KO () 27/02/2015 a 21:17 Trafic normal sur l'ensemble ...
Meteo du #RER (#ratp) : OK () 27/02/2015 a 01:09 Trafic normal sur l'ensemble ...
Meteo du #RER (#ratp) : OK () 27/02/2015 a 10:33 Trafic normal sur l'ensemble ...
Meteo du #RER (#ratp) : OK () 27/02/2015 a 13:09 Trafic normal sur l'ensemble ...
Meteo du #RER (#ratp) : OK () 27/02/2015 a 16:49 Trafic normal sur l'ensemble ...
Meteo du #RER (#ratp) : OK () 27/02/2015 a 19:39 Trafic normal sur l'ensemble ...
Mon bus a fait un accident ce matin ptn
Mon parapluie s'est fracass du coup j'ai rat le bus, je vais arriver en retard en cours et me faire tuer par ma mre
Mona qui vient me dire "j'ai remis du courant partout sauf chez toi" merci Mona
Mot Mystre.... Quel mot courant a une seule consonne, et cinq voyelles toutes diffrentes ?
Mtro Ligne 1 En rpercussion d'une panne de matriel  Brault, le trafic est ralenti sur l'ensemble de la ligne. Trafic no [1/2]
Mtro Ligne 4 En rpercussion d'un malaise voyageur  Gare du Nord, le trafic est ralenti sur l'ensemble de la ligne. Trafic n [1/2]
Mtro Ligne 5 En raison d'un incident technique, le trafic est ralenti sur la ligne. Trafic normal sur les autres lignes de Mtro.
Mtro Ligne 7 En raison d'un malaise voyageur dans la rame  Censier Daubenton, le trafic est ralenti en direction de La Courne [1/2]
Mulhouse: Le trafic de trams perturb sur la ligne 2 par une panne
Nn y a une go dans le RER E, elle sait mme pas comment crire "m'coute",D'abord elle met "me couter" 1/2
Non vous forcez de ouf vous avez fait des bannires #JeSuisRobeBleue et #JeSuisRobeBlanche sur le courant d'EDF vous allez trop loin
Nous sommes ferms ce midi suite  une panne de courant lectrique! Zut :( On vous redirige vers @BarCommerce et leur super menu #lunch!
Nouveau foutage de gueule par @RERB train #cdg devenu terminus Aulnay et merde aux voyageurs avec bagages ou non francophones
Nouvelles conditions abo PSG 2015/16 Une belle carotte aprs celle de l'anne dernire au courant @Pierre_B_y ?
Nouvelles de Toronto : Un homme est accus aprs un accident mortel impliquant un autobus de la CTT
Nouvelles voies bus et taxis vers Roissy, coup bas au projet de CDG Express? @Mobili6T
Ok mon pre il tait mme pas au courant que j'avais les yeux verts ok
Ol un accident dans le bus, rsultat, j'ai reu des bris de verre et j'ai le bras douloureux D:
On a ramener de la bouffe du coup on a dit au prof qu'on fessais un goter mdr il tait pas au courant
On est tous partit en courant au cimetire..
On est trs ralentis juste aprs stade de France vers Roissy. #RERB
On finis a 12h les cours et on tombe sur un accident avec le bus super on va pas arriver avant 13h15
On m'a incruste a un truc et je suis la dernire au courant que j'y vais
On parle de la coupure de courant alors que je regarde une serie
On peut supposer que @Pebble tait au courant quApple ferait lannonce de la keynote Apple Watch hier
On s'accroche au RER, la vie dfile  toute vitesse, courir, grandir, j'me sens libre dans l'ivresse
Ouiiiiiiiiii ya re internet ptnn j'tait au bout dma vie yavat une coupure de courant tt mon carti tait sans lctrcit #blcfrre mdr
Oups ! Le trafic est ralenti de Vincennes vers Boissy/ Marne-la-Vallee suite  une intervention des quipes techniques #RERA #BOF
Oups ! Trafic interrompu dans les deux sens sur l'axe Corbeil Essonnes - Viry Chtillon via Ris Orangis jusqu' 15h, courage #RERD #KO
PHOTOS | Essonne : spectaculaire incendie  Ris-Orangis, trafic interrompu sur le RER D
Pdt ce tps MR-NVA : -2% en Be Voleurs! #index Grce: le gouvernement relvera le salaire minimum de 586  654 euros mensuels courant mars
Petit capuccino en attendant le bus avec des opening, comme finir la dernire semaine de cours tranquille *w*
Photo: Sil est courant dtre, par facilit trop  gentille ,  mon sens il est rare trop mignonne....
Poser dans le Rer , a parler nous trois, de ton couple avec tu sais qui, tu tais heureuse, sa se voyait dans tes yeux" (2)
Pour finir la journe @RERE_SNCF s'amuse  te faire faire du yoyo entre les trains ! Voie 34..32..34...32...34 :-)
Prenez votre mal en patience ! Le trafic est ralenti de Etoile vers Cergy/ Poissy /St-Germain-en-L. (panne de matriel) #RERA #BOF
Profitez d'un trafic fluide sur la ligne #RERA #OK
Psk c'est sre que j'aurais des plantes psk j'aime trop...mais si je vois une araigne je pars en courant
Ptdrrrr ma mre elle veut pas m'emmener  l'cole sois disant j'ai fais exprs de louper mon bus
Putain c'est fou je fais voir la robe  mon pre et il me sort "or et blanc" Alors qu'il tait mme pas au courant de l'histoire de la robe
Putain je suis toujours au courant de tout la dernire de ce qui passe dans ce monde
Putain je voit quoi a ma fenetre : mon frere qui sort a poil en courant dans le jardin ,J'en peux plus de cette famille de segpa
Putain, j'ai du dsinfecter mon piercing avec pour seule lumire celle de mon portable  cause des pannes de courant
Putin il y a un vieux dans le rer il m'a fix de Mennecy  Juvisy. Du coup ca a t treeeees long croyez moi !
Quand est ce que les gens cesseront de se taper dessus chaque fois que le train est bond... #rerb
Que des trains retards pour le #RERB ce matin
Quelques ralentissements a l'arrive  Bourg La Reine sinon trafic normal! #RERB
RAPPEL ESSENTIEL ! Pour ceux qui ne sont pas au courant... #GuerreDuCameroun #Kamerun
RER A En raison d'une intervention des quipes techniques, le trafic est ralenti de Vincennes vers Boissy-Saint-Lger / Marne-l [1/2]
RER A En rpercussion d'un incident voyageur  Chtelet, le trafic est ralenti en direction de Boissy-Saint-Lger. Trafic nor [1/2]
RER A En rpercussion d'un malaise voyageur, le trafic est ralenti en direction de Saint-Germain en Laye.
RER B En raison d'un incident technique  Gare du Nord, le trafic est trs ralenti en direction de Robinson et Saint-Rmy ls [1/2]
RER B En rpercussion d'un incident technique  Gare du Nord, le trafic est ralenti en direction de Robinson et Saint-Rmy l [1/2]
RER B En rpercussion d'un incident technique  Gare du Nord, le trafic est ralenti sur l'ensemble de la ligne. Trafic normal s [1/2]
RER D Corbeil Essonnes - Viry Chtillon via Ris Orangis Le trafic est interrompu dans les deux sens entre les gares de Viry Ch [1/3]
RER D Corbeil Essonnes - Viry Chtillon via Ris Orangis. Le trafic est interrompu dans les deux sens, avec un report des circula [1/3]
RER E Motif incident affectant la voie  Pantin.Haussmann St-Lazare-Chelles Gournay. Trafic interrompu entre Haussmann Saint-La [1/3]
RER E Reprise progressive du trafic entre Haussmann Saint-Lazare et Chelles Gournay, dans les deux sens.Prvoir 20  30 minute [1/2]
RT "@smykos: Grce: le gouvernement relvera le salaire minimum de 586  654 euros mensuels par voie lgislatif courant mars.
RT @20minutesOnline: Collision entre deux trains  Rafz (ZH): le RER n'a pas respect un signal, selon les CFF.
RT @91Skiileer: Les guerres en Afrique les mre et filles qui se font violer .. Sa fait mal au cur , tout le monde est au courant mais on en parle pas ..
RT @AFarouille: Ma sur elle a de gros pb mentaux msk: elle arrive en courant vers moi, dans le noir
RT @Add__elle: Quand est ce que les gens cesseront de se taper dessus chaque fois que le train est bond... #rerb
RT @Adelinouu_: Le vendredi avant les vacances le bus 2 est pas pass ma mre elle est deter  croire que j'suis pas alle en cours ce jour l.
RT @Alidoudoux: Ah excellent le compte salopeparisest a repris  c'est cool sa, on va pouvoir tre au courant des nouvelles actualits des salopes
RT @AllezBrestcom: Ils sont au courant les guingampais que c'est carrment le ministre qui leur a dconseill de se rendre dans un pays en guerre ?
RT @AmynaBee: #rere itinraire bis emprunt car principale HS. On galre dans les tunnels et sur les voies en regardant d'autres trains nous dbler. #qml
RT @AmynaBee: #rere un mec en gilet SNCF sur les voies avec une feuille dans la main a l'air semble faire la circulation des trains #incroyable #qml
RT @AnaisContreras7: @MathieuLeandro bh bien-sr comme sa si il recommence mon pre est au courant de tout
RT @Asso_SaDur: VUPE de 7h03 supprim 4 fois sur 5 cette semaine ! Ce n'est plus un train, c'est l'Arlsienne #RERD
RT @Assourita_K: Un jour j'avais twitter que j'voulais vomir aprs ya luk quo m'a rep quand tu vomi tu m'tien au courant aprs
RT @AudreyKucinskas: Deux lamas ont repris leur destin en main, courant vers la libert. C'est notre vido du jour.
RT @Aziadonis: Ds les premires secondes tu sens si le courant passe ou pas
RT @AzoulayDylan: Il y a un mec il courait aprs le bus , le bus s'est arrter, l'mec il a vu y'avais des contrleurs il a fait genre il faisait un footing
RT @BTEMB: @claudarnaud @danypriou14 ils ne sont jamais au courant quand a les arrange ! pas la premire fois !!
RT @Barytondam: @GroupeRATP Augmentez-vous la frquence des trains L pour et de St-Lazare pendant les #travaux d't du @RERA_RATP ? #qml
RT @Barytondam: @LIGNEL_sncf Bonjour, augmentez-vous la frquence des trains L pour et de St-Lazare pendant les #travaux d't du @RERA_RATP ? #qml
RT @Benzaie_tgwtg: La gare de Charles de Gaulle, son photomaton plant, ses siges arrachs, ses prises sans courant, 2 sandwicheries hors de prix, le RER B...
RT @CAkkor: @LeaGnle @unnoticedmind vous serez les premiers au courant de ma venue promis
RT @CIaudeFrancois: RE JE SUIS LA, DSOL DU RETARD J'AVAIS UNE PETITE COUPURE DE COURANT
RT @Cana_Bitch: On s'accroche au RER, la vie dfile  toute vitesse, courir, grandir, j'me sens libre dans l'ivresse
RT @Cbm_Brown: Le chauffeur a ralentit parce qu'une beurette travers,j'lui ai dit c'est orange tu peut passer. Tt l'monde m'a applaudi j'ai conduis le bus
RT @CeQuonVousCache: Le scandale est devenu courant -
RT @ChWilmart: Finir dbarqu  Epinay car problme de portes sur la rame. Pas tonnant vu la vtust des trains du #rerc #qml
RT @ChloTronel: Taleur j'ai louper mon bus tout a pour deux pauvres meufs qui se sont crper le chignon 1 min j'avais le seum
RT @ChloeBnsdi: @PeacefullDream Johana si tu sens y'a un courant d'air frais vers toi l tu peux paniquer sinon trkl
RT @Cirritooo: Mdr y'a un homme qui se coupe les ongles de main et de pieds dans le RER, y'a de plus de respect
RT @Conducteur_RER: Dpart de mon train prvu dans 5' et le permanent n'est mme pas au courant que la rame est toujours au dpt. #LaCommunication
RT @DXXMIEN: ya un mec il courait aprs le bus, le bus ses arrter, l'mec il a vus y'avais des contrleurs il a fait genre il faisait un footing mdrrrr
RT @D_WeezyW: Moi la question que je me pose c'est comment les gens sont au courant qu'elle as refait une vido ? Vous vous buttez a Jacquie et Michel !!
RT @DenisMasliah: Dans @LeDL_Grenoble en kiosques aujourd'hui,enqute sur l'augmentation de la dlinquance en #Isre  contre-courant de nombreux dpartements
RT @DionJack2: RT "@smykos: Grce: le gouvernement relvera le salaire minimum de 586  654 euros mensuels par voie lgislatif courant mars.
RT @DumLD: @Allan_AFT ah ouais d'acc, tu me tiens au courant, a serait cool que l'on se capte avant que je parte !
RT @EDFofficiel: Culture et patrimoine : le projet Lascaux 4 reoit un coup de pouce de la @Fondation_EDF  via @sudouest
RT @EMOI_21: "@RERB: En rpercussion d'un dfaut dalimentation lectrique  #GareDuNord, le trafic est perturb en direction du sud de la ligne #RERB"
RT @EMOI_21: Quelques ralentissements a l'arrive  Bourg La Reine sinon trafic normal! #RERB
RT @EMOI_21: Tout a l'air d'aller pour le mieux ce soir tous les trains avancent! Aucun retard notable! #RERB
RT @Elodiee_Avl: Mdr Tom il a de la chance qu'il est au courant que c'est mon frre parce qu'il peterait un plomb
RT @Elodiii_e: Que des trains retards pour le #RERB ce matin
RT @Ely_Durot: J'coute tellement fort la musique que si il y avait une alarme incendie ou un truc dans le genre, je ne serais mme pas au courant
RT @EmpressDeboh: Non vous forcez de ouf vous avez fait des bannires #JeSuisRobeBleue et #JeSuisRobeBlanche sur le courant d'EDF vous allez trop loin
RT @FCalmel: Chri, rallume la lumire! Problme d'alimentation, coupures de courant dans 5 arrondissements de #Paris cette nuit. Info @FBleu1071
RT @FabriceBoutard: Incendie en cours depuis 12h vers CAES prs des voies @RERD_SNCF. Circulation RER D et Pont de Draveil COUPES.
RT @FabriceBoutard: norme incendie en cours  Ris-Orangis #Essonne,Calme plat. Pas une sirne. Pas un bruit. @RERD_SNCF circule.
RT @FanV2N: @Conducteur_RER et qu'on vienne pas dire "digital" ,Un simple coup de fil avec tlphone, mme ag, ferait l'affaire :)
RT @FelipeVK_CNE: Pdt ce tps MR-NVA : -2% en Be Voleurs! #index Grce: le gouvernement relvera le salaire minimum de 586  654 euros mensuels courant mars
RT @FeoMelissa: Le chauffeur de bus a ralenti par ce qu'une beurette traversait,j'lui ai dis azi passe c'est une orange,on m'a applaudit, j'ai conduit l'bus
RT @Gentilchanoir: Encore un gamin de 3/4 ans qui est tomb entre le train et le quai au moment de descendre du RER  Chessy, terminus du train.
RT @GoWith_theBlog: Toute 1re photo de #EddieRedmayne dans le film #TheDanishGirl ralis par Tom Hooper, sortie courant 2016.
RT @GoWith_theBlog: Voici la toute 1re image officielle du film (oui, film !) JEM ET LES HOLOGRAMMES !,Sortie courant 2015. @UniversalFR
RT @GuirriBoss_: Tlr dans le RER ya un daron renoi il croise sa fille dans l'train par hasard & quand il la vu il a dit "donc toi tu colorie tes levres mtn?"
RT @Hexatrone: "@DionJack2: RT "@smykos: Grce: le gouvernement relvera le salaire minimum de 586  654 euros mensuels par voie lgislatif courant mars."
RT @IXfingers: Y a un type si trimballe une norme valise qui a l'air hyper lourde dans le #rerc. Je le souponne de dplacer un cadavre...
RT @ItsKeezle: Le RER C il abuse avec leur problme de train vivement je me barre de paname
RT @KenBogard: Y aura que le top 3 du team 2v2 qui sera steam les gens :-) ! C'est pour a je vais essayer de vous tenir au courant mais pas de Wi-Fi in :/
RT @LeMarquis1er: @Weezy_Sneakers @Le_Psychopath Mdrr, il s'est pass koi hier? Jsuis pas au courant!!,
RT @Lematinch: Collision de trains  Rafz : le RER n'a pas respect un signal
RT @Lulisoap: Train SLOM de 8h30 a juvisy supprime ??? Et pourquoi ? Trop de soleil ? #rerc #qml
RT @M24_officiel: @doloresbakela @barbpanther entirement d'accord ,mais il faudrait couter mon dernier projet frre #1PourLaFamille est  contre courant
RT @Magid_Belhandaa: Mercii y a quand mme eu une coupure de courant avant en plein entrainement les lumires ce sont teinte  #HoenheimCity
RT @MalaurieV: @MarineM26 @MathildeLoyez ca me doit Mathilde Gossip que tu es !!! T'aurais du etre la premire au courant
RT @Manon_Lhellez: S'endormir dans le rer et louper son arrt ... Bravo Manon
RT @MappyCity: Attention ! Trafic interrompu sur l'axe Massy Palaiseau - St Quentin en Yvelines jusqu' 18h #RERC #KO. Courage les amis !
RT @MappyCity: Bon trajet aux passegers du #RERC Trafic impec sur la ligne, on croise les doigts #OK
RT @MappyCity: Prenez votre mal en patience ! Le trafic est ralenti de Etoile vers Cergy/ Poissy /St-Germain-en-L. (panne de matriel) #RERA #BOF
RT @MappyCity: Suite  l'incident d'un voyageur, le trafic est ralenti de Cergy/ Poissy /St-Germain-en-L. vers Boissy/ Marne-la-Vallee #RERA #BOF
RT @MargauxTotaa: Matt il a pris une selfie pareil son frre est mme pas au courant
RT @Mayllaaaaaa: Ma mre elle m'annonce qu'une de mes cousines a accouch mais j'tais mme pas au courant qu'elle tait enceinte mdr
RT @Meriadeck: RT @RERB: 07:53, le trafic est ralenti sur la ligne (dispute d'usagers sur une couleur de robe blanche et dore) #RERB
RT @NC_MMMMM: Hahaha j'ai rencontr ton sosie capillaire dans le RER @Iris_Queens xD c'tait ta coupe et ta couleur j'ai bugu !
RT @Nico___Kstn: A chaque fois probleme de bus, elle le loupe, accident. Bientot greve en ptit impro
RT @OnMaApplaudi: Le chauffeur du bus a ralenti par ce qu'une beurette traversait, je lui ai dis azi passe c'est orange, on m'a applaudit, j'ai roul l'bus
RT @OnMaApplaudit: Le chauffeur du bus a ralenti par ce qu'une beurette traversait, je lui ai dis "azi passe c'est orange" on m'a applaudit, j'ai roul l'bus
RT @ParisWalkWays: La world cup au Qatar sera en hiver, courant dcembre? ils vont arrter le championnant pendant cette priode? hmhm
RT @PatriceJapon: Un #cochon sur un nuage dj pas courant et lorsque celui-ci pche  la ligne  Dernire #Tshirt
RT @QBrongniart: @Tiphaine_Ogez Tu serais au courant
RT @RERA_RATP: 09:53, le trafic est ralenti de Cergy/ Poissy /St-Germain-en-L. vers Boissy/ Marne-la-Vallee (incident voyageur) #RATP #RERA
RT @RERA_RATP: 12:35, le trafic est ralenti de Vincennes vers Boissy/ Marne-la-Vallee (intervention des quipes techniques) #RATP #RERA
RT @RERA_RATP: 14:29, le trafic est ralenti de Champigny vers St-Germain-en-L. (malaise voyageur) #RATP #RERA
RT @RERA_RATP: 17:50, le trafic est ralenti de Etoile vers Cergy/ Poissy /St-Germain-en-L. (panne de matriel) #RATP #RERA
RT @RERA_RATP: Bonjour, ici Thierry de la #RATP pour vous informer en temps rel sur l'tat du trafic sur votre #RERA.
RT @RERA_RATP: Retour  un trafic rgulier sur l'ensemble de la ligne #RERA #RATP. Incident termin.
RT @RERA_RATP: Retour  un trafic rgulier sur l'ensemble de la ligne. #RATP #RERA
RT @RERA_RATP: Retour  un trafic rgulier sur la ligne. #RERA #RATP
RT @RERB: 06:30, le trafic est ralenti de Aeroport CdG 2 / Mitry - Claye vers St-Remy / Robinson (incident technique) #RERB
RT @RERB: 07:53, le trafic est ralenti sur la ligne (dispute d'usagers sur une couleur de robe blanche et dore) #RERB
RT @RERB: 07:53, le trafic est ralenti sur la ligne (incident technique) #RERB
RT @RERB: En rpercussion d'un dfaut dalimentation lectrique  #GareDuNord, le trafic est perturb en direction du sud de la ligne #RERB
RT @RERB: Retour  un trafic rgulier sur l'ensemble de la ligne #RERB. Incident termin.
RT @RERD_SNCF: Infotrafic #RERD : Trafic interrompu (2 sens) axe Corbeil-Viry via Ris jusqu' 15h (incendie proche voies  Ris),>
RT @RERD_SNCF: Infotrafic #RERD : Trafic interrompu de Stade de France en direction de Paris Gare du Nord jusqu' 7h (pb lectrique)
RT @RERD_SNCF: Infotrafic #RERD : Un incendie prs de la gare de #Ris-Orangis dtourne la circulation des trains sur le plateau jusqu' nouvel avis.
RT @RERD_SNCF: Infotrafic #RERD : [MAJ] Reprise progressive du trafic axe Corbeil-Viry via Ris (incendie  Ris) >
RT @RERD_SNCF: Infotrafic #RERD : [MAJ] Trafic interrompu (2 sens) axe Corbeil-Viry via Ris > 16h (incendie proche voies  Ris) >
RT @RERD_SNCF: Infotrafic #RERD [MAJ] Trafic interrompu de Villiers le Bel en direction de Gare du Nord jusqu' 7h (pb lectrique)
RT @RERD_SNCF: Infotrafic #RERD [MAJ]Le trafic reprend progressivement entre Villiers le Bel/Paris Nord (rsolution du pb lectrique)
RT @RER_B: J'ai suivi le trafic de loin, et je ne peux que constater que vous avez t gts par ce cher #RERB
RT @SafeGaming_: Une annonce sera faite dans le courant du weekend concernant notre nouvelle et premire quipe PC ! Sur quel jeu d'aprs vous?
RT @SolySparky: Ol un accident dans le bus, rsultat, j'ai reu des bris de verre et j'ai le bras douloureux D:
RT @TeamOMdu66: Andr Ayew est rentr en courant dans le vestiaire a la fin du match. Il aurait pt les plombs et serait nerv de ce genre de match.
RT @TheNewMarvellou: #TERpicardie en grve, panne de courant a GDN sur le #RERB, et arrive hyper a l'heure, peut-tre mme record battu ! Etrange vendredi.
RT @Thingsandco: @Karim_shadow @ZerAxeeI @GRADIDUR BAHHAHAA et c'est une raison pour l'insulter?,t'es au courant que c'est impossible un "remde" pr a ?
RT @TomekTR: #qml 06:30, le trafic est ralenti de Aeroport CdG 2 / Mitry - Claye vers St-Remy / Robinson (incident technique) #RERB
RT @TomekTR: #qml En rpercussion d'un dfaut dalimentation lectrique  #GareDuNord, le trafic est perturb en direction du sud de la ligne #RERB"
RT @TomekTR: Ce soir passage du balai ^^ dernier train pour Cergy ! #RERA
RT @TouunsiMoha: Y'a un mec il courait aprs le bus , le bus c'est arrter, le mec il a vu y'avait des contrleurs , il a fait genre il fesait un footing
RT @WASSENSEI: @louvelalexis9 Ce sera peut tre moi qui ira au tirage je te retiendrais au courant ;)
RT @ZANKOCCharlene: Et mon frre et ma demie-sur me suivent en courant
RT @ZeroHuitZero: @NaomieNappy naaaan t'inquite premire au courant
RT @_VicenteAde_: @Theolmr19 c'est tshi tu seras dj au courant mdrr
RT @afpfr: #AfriqueduSud Spectaculaire accident de bus  Johannesburg, pas de victime. Photo @SafodienMujahid.  #AFP
RT @almanarFrench:  Huit hlicoptres Black Hawk livrs  la Tunisie courant 2015
RT @bvngerz_: je suis SRE que Ariana elle est mme pas au courant qu'elle a un duo avec Kendji
RT @camillehlbrt: "pq tu ferais pas un kebab avec lui?" nn dsl jvais le dgouter il va partir en courant mdrrrrrr
RT @carmesparis: Pour ceux qui ne seraient pas encore au courant: une info de taille pour les amis de Mariam!,
RT @carole_cornu: Loi Sant, mauvaise loi? Contre-intuitif mais vrai!,Les mdecins trs au courant sont des repres clairs pour vous informer de ses dangers
RT @cathymoreno6: @Espace_Amelie @MaudVerdeyenOff mais je gre pas ce compte c est sur je pense fake je te tiens au courant
RT @clemchr: Au moins on sera au courant que le prfou n'est pas ouvert le jeudi soir :(
RT @coeurdechirer: tu t'en vas  la drivesur la rivire du souvenir et moi, courant sur la rive,je te crie de revenir.
RT @djo_Suara: Mdrrrrr les meufs me feront toujours rire cest ouf! Tu lui demande tfquoi? a te rep "GOVA je rentre" mais jamais "train rer B je rentre"
RT @ericinfrance: Bon comme dhab cest le bordel 18 minutes dattente  Chtelet pour avoir un 1er train #RERB
RT @ericinfrance: La cochre nous informe quun signal dalarme  t actionn sur le train prcdent  la Courneuve. #RERB
RT @ericinfrance: On est trs ralentis juste aprs stade de France vers Roissy. #RERB
RT @estherzugas1: @evaaaa91 Pire ya des truc on sur nous on est meme pas au courant frre
RT @franceinfo: RT @rftrafic: Incendie dans un entrept  Ris-Orangis (91) : important dgagement de fume constat dans le secteur. RER D interrompu.
RT @fratwoman:  "@RERB: 07:53, le trafic est ralenti sur la ligne (incident technique) #RERB" #qml
RT @galeRERAfr: #RERA Ralenti : plus besoin de raison ->>
RT @guefine: "notre train va pouvoir repartir" O...kayyyy #qml #rera
RT @hp_alexis96: C lacrizeomic la daronne m a coupe le courant va falloir trouver un appart ca mre
RT @ilDuceSo: "@WilliamNguanza: Sinon dans le RER il y avait un couple devant moi, la nana me tapait des sourires suspects..." Mais arrte un peu...
RT @infos140: INCENDIE 91 Un entrept dsaffect ravag par les flammes  Ris-Orangis. Trafic RER D interrompu
RT @jayxmylife: @AFarouille: Ma sur elle a de gros pb mentaux msk: elle arrive en courant vers moi, dans le noir& toi tu crois que jsuis un lapin gant
RT @lt_samantha: On finis a 12h les cours et on tombe sur un accident avec le bus super on va pas arriver avant 13h15
RT @luigui91: @RERD_SNCF comment un incident #GareDuNord peut engendrer des suppressions de train terminus #Juvisy venant du Sud de la ligne #qml
RT @notaure: "@RERA_RATP: Retour  un trafic rgulier sur l'ensemble de la ligne. #RATP #RERA"...a n'est qu'un retour..attention  l'aller.des lundi !!
RT @phrasedroles1: Le chauffeur du bus a ralenti par ce qu'une beurette traversait, je lui ai dis azi passe c'est orange, on m'a applaudit, j'ai conduit l'bus
RT @poupedjiizup: Le bus va faire par Volga psk ya un gros accident  Ste Thrse -"
RT @rerDriver: Trains dtourns par Evry-Courcouronnes #RERD @clementzampa: Spectaculaire incendie d'un entrept dsaffect  Ris
RT @rftrafic: Incendie dans un entrept  Ris-Orangis (91) : important dgagement de fume constat dans le secteur. RER D interrompu.
RT @rgueissaz: Le non-respect d'un signal par le train RER a engendr la collision de #rafz vendredi dernier, indiquent les #Cff #sbb. @RTSinfo
RT @samiasoultani: Si "personne" n'tait au courant ni vu 4 parlementaires traverser la douane pour la Syrie, dois-je m'inquiter pour la scurit de mon pays?
RT @samuelsebban: Baguette en cours. Il restera du rglage au lor'axe. #rerc #catnaire
RT @shataiw: j'ai montr la robe  ma pote qu'tait pas au courant de l'histoire l, elle mdit "c'est bleu et marron" jvous jure jcommence  m'inquiter
RT @slinkyhoran: Ma mre elle me parle de pipe je suis partie en courant
RT @smykos: Grce: le gouvernement relvera le salaire minimum de 586  654 euros mensuels par voie lgislatif courant mars.
RT @sxmewhere_: je vais couter fauve dans le bus pour aller  ma mer
RT @theavyre: PTDRRRGRRRRR ON COURAIT POUR AVOIR NOS RER JE VHAILE @jaizonmyfeet_
RT @transportshaker: Tout le monde prfre le train au bus. Mais au fait, pourquoi ?
RT @uber_pangolin: #RERA incident d'exploitation sous le tunnel entre auber et cdg. Trafic interrompu pour le moment vers cergy poissy st germain
RT @uber_pangolin: #RERA incident termin reprise du trafic. Prvoir retard et ralentissements
RT @uber_pangolin: #RERA train bloque le quai. Trafic interrompu a auber dir cergy poissy st germain
RT @xajts: Le RER C, quand tu le prends tu remets tes chances d'arriver  l'heure en cours entre les mains de Dieu
RT samiasoultani: Si "personne" n'tait au courant ni vu 4 parlementaires traverser la douane pour la Syrie, dois-je m'inquiter pour la s
Rappel : Trafic interrompu de Villiers le Bel en direction de Gare du Nord jusqu' 8h  cause d'un pb lectrique #RERD #KO
Rappelons que le trafic est interrompu de Villiers le Bel en direction de Gare du Nord jusqu' 8h  cause d'un pb lectrique #RERD #KO
Rappelons que les travaux modifient toujours le trafic sur les axes Invalides -Saint-Martin d'Etampes et Invalides - Dourdan #RERC #BOF
Retour  un trafic impec sur l'ensemble de la ligne #RERD #OK
Retour  un trafic rgulier sur l'ensemble de la ligne #RERA #RATP. Incident termin.
Retour  un trafic rgulier sur l'ensemble de la ligne #RERB. Incident termin.
Retour  un trafic rgulier sur l'ensemble de la ligne. #RATP #RERA
Retour  un trafic rgulier sur la ligne. #RERA #RATP
Rt si t'coutes j'ai oubli de vivre de Johnny a fond dans le rer
S'endormir dans le rer et louper son arrt ... Bravo Manon
Sacher que parler derrire le dos des gens c'est mal mes tout ce c'est aprs la personne concerne et au courant
Samedi c'est un bal a poudrire ... J'tais pas au courant je suis deg
Samedi je suis sortie avec des ami(e)s, mon frre tait pas au courant, ses potes m'ont vue et lui on direct dit ! Ils ont que a  foutre ?
Sayer ma mre est enfin au courant
Se dpcher pour le ReR courir mme pour pas tre en retard et la paf il passe avec 9min plus tard que d'hab j'aurais pus dodo #Paris #RATP
Si "personne" n'tait au courant ni vu 4 parlementaires traverser la douane pour la Syrie, dois-je m'inquiter pour la scurit de mon pays?
Si il avait t au courant de tout a .. rien ne se serait droul de cette manire de toute faon ..
Si le mec qui coute Kendji  fond dans le tram pouvait se jeter d'une falaise ce serait bien
Si mon chien savais parler ... Mes parents serais au courant de trop de choses
Sinon dans le RER il y avait un couple devant moi, la nana me tapait des sourires suspects...
Sinon jsp si vous tes au courant mais Justin il a refait blond.
Suite  l'incident d'un voyageur, le trafic est ralenti de Cergy/ Poissy /St-Germain-en-L. vers Boissy/ Marne-la-Vallee #RERA #BOF
Super ! Le trafic est #OK du ct du #RERD
Super ! Retour  un trafic rgulier sur l'ensemble de la ligne #RERB Incident termin #OK
Ta l'heure avec Kentin on cours pour choper le rer on tait dans les tapis roulant et la j'entend un gros BOUM je me retourne ya un mec (1)
Taleur j'ai louper mon bus tout a pour deux pauvres meufs qui se sont crper le chignon 1 min j'avais le seum
Tout a l'air d'aller pour le mieux ce soir tous les trains avancent! Aucun retard notable! #RERB
Tout le monde prfre le train au bus. Mais au fait, pourquoi ?
Tout va pour le mieux, trafic fluide sur le #RERA #OK
Toute 1re photo de #EddieRedmayne dans le film #TheDanishGirl ralis par Tom Hooper, sortie courant 2016.
Trafic interrompu de Villiers le Bel en direction de Gare du Nord jusqu' 7h  cause d'un pb lectrique #RERD #KO
Train SLOM de 8h30 a juvisy supprime ??? Et pourquoi ? Trop de soleil ? #rerc #qml
Train avec du retard ... C'est un 5 sur 5 pour moi cette semaine pour le @RERB #regularite #felicitation
Trains dtourns par Evry-Courcouronnes #RERD @clementzampa: Spectaculaire incendie d'un entrept dsaffect  Ris
Tu veux jouer on va jouer, fais attention, ton pre il est courant que tu tait la le 6 dcembre ? (Photos a l'appuie) ou alors
Un jour j'avais twitter que j'voulais vomir aprs ya luk quo m'a rep quand tu vomi tu m'tien au courant aprs
Un pas de plus vers le #documentaire. La prise de contact avec les intervenants avance ! On vous tient au courant ! #handicap #media
Un trajet en RER accompagne parfaitement une coute de l'album Illmatic de Nas.
Une coupure de courant dans une #ESN = "J'espre que t'as sauvegard"
VUPE de 7h03 supprim 4 fois sur 5 cette semaine ! Ce n'est plus un train, c'est l'Arlsienne #RERD
Vie de ma mre y'a une tte a claque dans le bus que elle me regarde ta envie de lui rentrer un coup de tte
Voici la toute 1re image officielle du film (oui, film !) JEM ET LES HOLOGRAMMES !,Sortie courant 2015. @UniversalFR
Vous connaissez le fdp de cycliste qui ralentit le bus
Vous tes au courant que twitter le soir du 8 mars sera en feu?
Vro n'est apparemment pas au courant que je serai en vacances pendant 2 semaines  partir de lundi soir.
Y a un type si trimballe une norme valise qui a l'air hyper lourde dans le #rerc. Je le souponne de dplacer un cadavre...
Y aura que le top 3 du team 2v2 qui sera steam les gens :-) ! C'est pour a je vais essayer de vous tenir au courant mais pas de Wi-Fi in :/
Y'a eu un accident entre 3 bus a Pontault c'tait chaud
Yavait un pelo dans le bus il coutait les mme zik que moi itout,Il avait the pink print de nicki minaj et tout chre cool
[PUB] Voici une page sur le drama Kill Me, Heal Me. Si vous souhaitez tre au courant des dernires actus ce...
a-Valle - Chessy. Trafic normal sur les autres lignes de RER. [2/2]
ah apparemment on peut pas revenir en arrire j'tais pas eu courant
bon du coup demain je doit prendre le bus pour y aller mais normalement louise y seras dj
c'est cool bc on pourra sortir et tout personne sera au courant mdrr
ce midi avec Chlo on a fait rep jusqu' notre collge en courant en  peine 10 min car sinon on allait tre en retard on en pouvait plus
ce qui suppose qu'elle n'tait pas au courant, puisqu'elle se penche vers Pam avec une expression de choc. Je pensais qu'elle l'tait #LT
ce soir ma mre m'emmne a un concert, j'tais pas au courant
cette allure l, dans 1mois la terre entire sera au courant
et j'y ai trouv le saint graal... Bordel j'tais mme pas au courant que @josephcapriati ferai un fabric
et ma mere est pas au courant
j'ai montr la robe  ma pote qu'tait pas au courant de l'histoire l, elle mdit "c'est bleu et marron" jvous jure jcommence  m'inquiter
j'ai pas ete au volley ma mere ma envoyer un sms et voila quoi, bref j'ai courri j'ai louper mon bus
j'espre les gens dans la salle sont au courant #StarsSousHypnose
j'espre vous tes au courant que vous portez du renard tu autour de vos cous
j'etai mm pas au courant c kan je rentre mon pre y mdi ya coiffeur mercredi jai fait tes sincere la! j'etai pas prete !
je crois que soizic elle reoit une alerte qd je tweete pcq  chaque fois que je lche un truc elle rapplique en courant
je vais couter fauve dans le bus pour aller  ma mer
la honte moi je serais partit en courant
la mre de Camille elle est plus au courant de mes histoire d'amour que ma mre mdrrr
ma mre je lui dis un truc, toutes les voisines sont au courant.
ma sur elle a pas cour et mon frre prend a 10h rsultats je vais au bus solo
manger Re ~2h + ~1h de RER rofl oui NEIN J'AI LOUPE SUR SKYPE NOOOOOOOOOOOOOOOOOOOPFJEZP stp Lolita
mdrr visiblement jsuis la seule qui tais pas au courant que le frre de kev Adam travaille au nike de beaugrenelle
mdrrrrrr JVIENS de me rappeler qnd j'avais peur des cin j'tais partie en courant dns la chambre d'ma mere j'avais crier "OKU BANA OKU ANNE"
mm ma mre elle se met  lui couper le courant tlmt y'a plus d'solutions pr cet iimbecile
mon frre il me casse les couilles jsp ce qui fait mais on a plus de courant
norme incendie en cours  Ris-Orangis #Essonne,Calme plat. Pas une sirne. Pas un bruit. @RERD_SNCF circule.
ok il m'a dit qu'il me tenait au courant pour sortir aprs le dner. Il est 22h30 presque. Je n'ai toujours PAS DE NOUVELLES. RAAAAAAAH
on a eu un accident de bus mdrrrrr au dbut on flippait tous mais aprs c'tait le groooos bordel
on s'accroche au RER, la vie dfile  toute vitesse, courir, grandir, j'me sens libre dans l'ivresse
premire vido de ma chaine @YouTube en train d'tre importe sur @YouTube. je vous tien au courant quand elle sera en ligne. peace :D
putain Chacha stop va te coucher sinon tu vas louper le #RERD demain #Kappa
qund tu sors du coiffeur t'as tjrs un gros courant d'air qui passe  l'arrire du crane c grave chiant
rise des circulations vers 16h00. Motif incendie proche des voies  Ris Orangis .Trafic normal sur les lignes de RER. [3/3]
s Chevreuse. Trafic normal sur les autres lignes de RER. [2/2]
s supplmentaires de trajet.Fin des ralentissements estime  20h00. Trafic normal sur les autres lignes de RER. [2/2]
tu t'en vas  la drivesur la rivire du souvenir et moi, courant sur la rive,je te crie de revenir.
wsh ma mre elle s'est achet un iPad j'tais mm pas au courant
y a eu une coupure de courant, je me suis retrouv dans le noir complet en plein dans les escalier, la grosse galre
