"@Joel_Yvan: "@EffetBABA_BOOM: @Joel_Yvan @agnesbitome @Aailane ton frre c la prise?"oui norh tu savais pas?"le courant est lents
"@drugsloueh: Mon pre coupe le courant a toute" mon pere faisait idem
"C'est ainsi que nous avanons, barques contre courant, sans cesse ramener vers le pass."
"Toujours ton ex? Avec ce qu'il t'as fait la dernire fois?" TU CROIS QUE JE SUIS PAS AU COURANT QUE JE SUIS CONNE?
"Tu ne nous refais pas le coup du malaise dans le RER hein?" Euuuuuuh je promets rien...
#Plottwist d'Exodus, la Mer Rouge s'carte. Parce que c'est la mare hein. Y a du courant. Et une raction chimique avec l'pe de Mose.
#RTsi dans le bus tu te rends compte que t'as oubli ton chargeur, t'as dit au chauffeur de faire demi tour pour aller le rcuprer.
'tain j'ai failli louper mon rer pcq'il s'est gar comme une ptite pute sur le mauvais quai !
- "harryyyyyyy !!!" mais je ne le voyais plus nul part alors je pleurais en courant. Puis je me suis reveillee tjs dans mon reve et j ai -
06:03, le trafic est interrompu entre March St Denis et GARE DE ST-DENIS RER (accident entre tiers sur la voie publique) #RATP #T1
: moi quand j'vois qu'avec ma crush c'est impossible  ta mere elle est au courant d'tt ca ?
@04Lolot3 vers 9h ?! Ouah a fait tt ! Du coup je pense que je vais prendre mon bus  9h
@534James Mddrr oui maintenant je cours derrire les bus
@54Mart @AmbrineTourche la dernires fois ta tirer un coup franc tu t'es cass la hanche alors TG la salope bref  plus dans le bus
@5Bridenne @chloedelcuse sa me dsespre Cloclo tu prend ps le bus ou on peut pas mettre les valises sinn on va encore galre et le loup
@5sos_meetup_Tls @JayBiedrauhl Moi je ne sais pas si je serai l car je suis  Nice pour mon cole de Make Up Artist je vs tien au courant
@AccioWesteros han et je serais mme pas au courant a voudrait dire!!!!!
@AdelaideMnr Je suis pas au courant :/ elle ferais une interro sur quoi ?
@Alyssa_JZ MDR allez elle est dans un sommeil profond entrain de rver d'elle & sylvie courant main dans la main dans un champ de fleurs
@Ambrelg Merde. Maintenant mme @Rennes24 est au courant de la mort de ton poisson... :D
@AnaWodlii t'en fais pas tu seras une des premires au courant ahah
@AnthonyBeyMusic J'ai reu une notif, j'tais au courant aha
@ArianeGllt Pq tu fait la folle la dernire fois t partit en courant
@AshtonRPGTF *se relve directement se mordant la lvre fortement en souriant mchamment puis te cours aprs courant le plus vite possible*
@AurelBaillon @e_niort @NiortCensemble effectivement ! Bon courage ! Et selon edf le courant ne sera pas rtabli avant 17h..
@BanaLight J'espre que c'est pas trop grave... Tiens moi au courant stp <3
@BensettiRayane Oh my gode !!! Je sais pas comment tu fais je serai dj parti en courant moi mdrr  gros bisous t le meilleur change rien
@BensettiRayane moi je me serait casser en courant lol
@BobElectrogen @ArtBen JE SUIS MORT DE RIRE, je n'tais pas au courant de ces fuites <3
@Boundach Oki j'y ferai un tour au courant de la semaine; mais toujours Respect! T'es trop fort
@BrunetteRoyalty Toujours  contre-courant trs chre !
@Ch0c0dream Euh ouais nan Mdrr! Surtout pas! Sinon c'est le monde entier qui sera au courant
@ChanelementYang deja si j'arrive  ne pas louper le bus je serai content
@ChrisNNYY *rcupre son herbe et descend du bus*
@Cindy_Cinnamon salut cindy enfin un courant jet froid du Nord de l'Ontario VERS les USA pas sur que ici-mme  Montral 3 centimtres
@Coralie_Lms Ok, maintenant tu seras au courant ^^
@Coralie_Lms Ton pre est au courant?
@Damientos elles sont au bon endroit :),L'iPad reoit le courant mais essaie de boot au lieu de charger
@DanEbisset mais t au courant du nombre de personne que ta tordu de rire la avec ce tweet ... Moi tu ma dead j'en pouvais plus
@Delphine_D @stevendutartre @Timeo_Danaos c'est un courant de pense o l'tat doit crer les conditions optimales de concurrence.
@DocSpeculos merci pour ttes ces explications! j reviendrai vers toi courant janvier avec mes questions-pas-dbiles! bonne nuit! (de garde?)
@DoraTnks Ahah ! *part en courant vers les cuisines et rit*
@DreamOfCandies bpn si vous etesbpas au courant cest que jai reve
@DylanLbl tu seras le premier au courant, j'ai screen pour plus de scurit au cas o tu oublierais mes 5
@ELEO1999 @fulconis_manon carrment, et ton cousin il est au courant de tout ce qu'elle fait sa mre, quelle empche de voir son pre ?!
@Elena_RPG2 pas de souci a la prochaine. *te regarde* Une dernire chose. *montre sa poitrine en soutif.* Ici, c'est courant. * *
@Enjoy_KA_ je reviens et si kev tweet je serais au courant t'inquite
@Enzoh14 Ce serait pas mal qu'on soit tenu au courant un peu...
@Eriilynn @DrColombophile (sem) *part en courant avec un rire dmoniaque digne de la VF de Ken le survivant*
@Err0rSystem ha x),bah c'est ce que j'ai mang le 31 quoi... (et a a fait sauter le courant :D)
@EscapeOfArmelle videmment tu sera la premire au courant ;)
@Espoir_Blues ah merde ! Bah moi je vais aux deux  mais ma mre est pas au courant pour om&m, parce qu'elle voulait bien que j'y aille mais
@EthekidOP @diamantlefou JE SUIS DESOLEE *part en courant sans un regard en arrire*
@EveryonelsGay es au courant que si je te connaissais pas un minimum ce genre de compliment ferait extrme y peur,je trouve a super gentil
@FaZe_France vous nous tiendrez au courant si vous trouver une autre maison j'espre ?,Parceque tout les live ensemble manque le soir ..
@Fatie_elk et venir vers moi en courant av ton guene c'est quoi
@FibreTigre Le GPS est un systme passif. Il faut une connexion vers internet pour qu'un organisme soit au courant de l'excs de vitesse.
@GuillaumeRozier Donc possible en effet jetais pas au courant, mais dans ce cas l 8.2 sortirait vers le 11 fvrier ? Ce qui serait plus
@GuirecGuirec Si, j'veux aller l, mais faut que je me renseigne, j'te tiens au courant, j'crois ma mre appelle la mairie lundi
@Gwenola_R  oui c sur.. surtout que en courant la dernire fois ta eus mle quand mme. ..
@Hemmings_Paynee Moi je suis jamais au courant des trucs intressant  Oh oui ce serait juste parfait
@Hugue_hure mdr merci je suis au courant aprs 17 ans d'existence, demande a riri tu verras il te renseignera
@Insanity_neephA Putain mais tu sera l !! C'est bon tkt !! Tient moi au courant par message !!
@Inspi_Chu de rien, tient moi au courant quand tu reois ;)
@Islamatou Tu es dans le train ou dans le RER ? je ne te suis plus
@J_Fillette @Mgl_Mrln Je vais faire une TC pour tout raconter, comme a elle sera au courant
@JackRPGHA2 -sort une des ingrdients pour te prparer un sandwich- nop, personne, mais t'inquite tu sera le premier au courant !
@JaneRPGTDI Meilleure amie ? Aliyah a un enfant mes personnes a part son management et tout sont au courant, meme pas le pere, Zayn !
@JokoSheguey10 ptdrrrrr bon vasy je vais essayer de voler des places de cin  mon pre je te tiens au courant mdrr
@Jordan_tlld @alex_deltacca au cas o elle ne serait pas au courant
@JoyRPGSCS -est derrire le canap, renverse toute l'eau sur toi et part se cahcer en courant.-
@Julie_mlr: 88. Votre plus grosse honte? Quand je me suis barre en courant de chez moi pieds nus et que mon frre il ma engueule
@Kaliiilou93 oui, j'essaierai de passer quelques jours sur Paris vers le mois de fvrier, je te tiens au courant :-)
@LCPan Un patron d'une entreprise est parfaitement au courant de toutes les manipulations financires mme illgal, il est donneur d'ordres.
@LL0uuu c'est bien personne ne sera au courant :p
@LMFrenchArmy yep comme a elle sera au courant que les filles qui ragent sont rien compares aux Mixers :)
@LaughingJack821 c'est toi le vilain!*grogne courant vers toi et te saute dessus*
@LeaaDelonzo Bh Psq j'ai mon bus qui repasse juste devant chez moi et puis psq si je le loupe J'prends la voiture :)))
@Lisaa_hnn a marche je vais faire pareil avec mon pre mddddr, on se tient au courant !
@Lolotte_Series Lundi je ne sais pas .. mais courant de la semaine oui, sa serait cool :) Des photos tournage entre Stephen/Emily
@LouisWitter a fera plus de gens au courant de ce genre de saloperies
@LovFellemi Mdrr je relis mon cours genre 5 min avant le cours si j'ai le temps sinon je fou rien xDD j'ai fait un graphique dans le bus stp
@Lyly_Rpgtw *te sourit doucement gn* {j'espre qu'elle n'est pas au courant}
@Maramarrono est ce que tu va courir comme qd ta essay d'avoir ton bus l dernire fois Mddr lev de genou
@MargotSnckdt il a dit : ahahah lea ! On verra si ta mere est au courant de tt ;)
@Marilynth Serai avec toi (on courra pe etr en mme tps!). Tiens-ns au courant. Bisous @fee_carole @mat_cha_co @StCyrre @nixul50
@MarionJund @LVosdoganis normal.. C'est galre  mort, on est au courant de rien
@Matt_Is_Alive @frsoufflegirl @Ilan_Ar @Zickmafr Okay j'espre bah tu nous tiens au courant
@MaximCoo mais faut bien que je parte maintenant pour arriver  midi et demi l o je dois aller ! Mon frre me tient au courant pour nc :3
@MezzogoriSandra ouais je comprend bien.. grave a serai bien en vrai ! Rappel lundi et tiens moi au courant srx
@MickaOfGod bonne question jte demande,j'vois tout le monde va a l'glise aujourd'hui j'espre rien rater psq je suis au courant de rien :(
@Noobe_ quand tu seras au courant de ce qu'il y a faire dis moi stp
@Novaaish @JossMathers Tqt elle sera au courant avant qu'el'e le dcouvre ;)
@OLTBK en vacances vers 3; en cours 22h ( bus  6h du matin ptn :'( )
@OnlyRayen tu me tien au courant si quelqu'un donne plus que 500  Parce que je vais arrter de regarder le live pour ce soir !
@OueBb_ @JuiMleh @Inesongz_ ptdrrrr j'sais pas si t'es au courant mais t'habite en Normandie sale grosse pute de vache laitire
@OuestFrance Merci mais la tablette est indisponible. J'espre que le problme se rglera. Merci de m'avoir tenu au courant.
@ParisNoLimit Et personne ne met au courant l'entraineur ?? Qui gre le club??
@Pichouinsportif Ludo tu descends quand tu vois 2 types courir comme des dingues en doublant ton RER mdr   @Gregohrit @LondsRunner
@Pikachu_Bleu Ouais je te redirai a! Ce serait cool, au pire on se verra au concert le soir ! J'ai ton numro donc on se teindra au courant
@RDVETI @FranceOtv Des Nenets en Laponie? J'tais pas vraiment au courant ! Ce serait pas plutt en Sibrie?
@RERC_SNCF Je ai t vraiment choqu en tant que citoyen du Royaume-Uni pour voir l'tat de la mauvaise hygine  bord du train.
@RERC_SNCF Le train de 9h09  St-Gratien a t supprim 5 minutes aprs lheure de passage affich. Il ne sest pas rveill le mcano ?
@RERD_SNCF Je ai t vraiment choqu en tant que citoyen du Royaume-Uni pour voir l'tat de la mauvaise hygine  bord du train.
@RRSecteurHache en plus avec vps trains vos rer jcomprend tchi c frustrant
@Raijiiiin le courant  re-saut avant qu'il finisse son tweet :/
@Remi_M5 @Pib4me @TheBeastwalker Tiens moi au courant, j'veux en tre ;)
@RubSlama t'est au courant frere
@Shouka_Pic @SkateurZeD @Zeurrs @Staaix shouka tu sera au courant bien assez tt
@SnapyMonkey oui ... Mme pour le changement de nom, perso si ma cousine m'avais rien dit je serai pas au courant ...
@SoGyz mon leader a tricher pour finir 1er ( il a mme pas russi ce chokeur) et donc on c'est tous fait ban.. j'tais au courant de rien..
@StellaRPGLH -lui donne un coup de poing avant de le laisser s'en aller en courant, se retourne vers toi- tu vas bien?
@StevenBarreiros tu me tiendras au courant j'espre bien !
@TanguyDurant balekouille frre y'a que toi au courant donc les autres ils auront rien :D
@TeamEvenzia @CreaTruth J'aime me prendre des choses par derrire, effectivement <3,Plus srieusement, on est au courant, mais peace&luv bro
@TeresaAmnell *l'entend a peine. Marche vers le deuxime etage en trottinant et fini enfin par arriv, en courant* maman ?
@Tha_Smiler: Mais Jess'zer c est une fille que j aime bien hein .Le courant passe un genre l ahah..,Toi tu es adorable je t'assure
@ThomasRPGLH -grimace en entendant le nombre de mort dans un accident de bus-
@Tiiiiiisteba je veux tre la premire au courant
@ValiiYomba ta vido on l'avait cout dans le bus non? Elle greoublie pas que j'ai t ta first fan hein!
@WMyWay_Mobile @rapt13 Le trafic est ralenti sur la ligne ... Ouais sur la ligne 13 c'est un trafic normal ca !
@Yowii_Kush essaye de pas appeler ta grand mre cette fois si part pas en courant
@_DreyAu_ info de boulot j'en serai plus quand je serai de retour en France et je vous tiens au courant
@aaronrpgscs *essaie de se contrler mais lche sa tasse parterre, la regardant s'craser sur le sol puis s' en va en courant*
@alxterieur Juste siuu nous aimes pas tj devrais etre au courant car cetait un ht de haters. J'espre que tu nous verras souvent si tu -
@amlhostis @mompontet  suis grand-mre,ex 68 arde et  me tiens au courant.C'est vrai que je vote comme d'hab.A gauche 1
@audrey_cosplay Non pas encore on serais avant fin janvier on te tiens au courant
@batburl @Nicoconutt Mdrrr c'est la premire fois je suis au courant j'en parle a mes parents apres
@bipxcensure Tu me tiens au courant hein :D :D Ce serait cool de faire Disney + Lige :D hh
@capuute j'espre qu'IL est au courant
@chriiiistelle01 Au loft donc c'est sur tout le monde sera au courant,on m'a dj envoy des messages a propos de a :/
@diegoccrpg *fronce lgrement les sourcils en sentant un lger courant d'air lol, toujours endormie.*
@dylias973 mdr et "rare" je l'espere mais ca comment a devenir courant c'est conneries
@edf_client Bonjour, une coupure de courant depuis 30 minutes  Asnires (92600). Des informations sur le rtablissement ?
@elenarpgscs -tourne la tte vers toi puis te vois partir en courant.- el..elena?!
@empireofperrie j'espre mddddr tu me tiens au courant
@enjoyphoenix Trop mignon tout les 2! @WaRTeK & #JellyTouteMimie!  J'espre que le courant est revenu!  Kiss
@enjoyphoenix c chou. Mais j'espre pour toi que le courant va tre rtabli!
@fa_ndv Il ne doit pas habiter rue Samuel de Champlain, sinon il serait au courant du communautarisme et de l'inscurit qui y rgnent ..
@flopogo L'anne dernire, j'tais au courant. L, je viens de voir a sur ma TL @JrmMaz
@freakris ta mre n'est pas au courant ?
@gautoz Je serai content d'en reparler courant 2015, ils annoncent beaucoup de choses pour cette anne.
@girl_n_da_hood mdrrrrrrrr tu sera la premiere au courant qd jarreterais le myster ok ?
@gxmjk ben g vu a sur fb et les gens auraient ers au courant quand mme
@halatoune ils sont trs trs bons. Mais je te prviens, tu vas devoir te contrler au magasin. Rentre prends le crayon casse toi en courant
@hearlarry Mais ds que je trouve t'es la premire au courant!
@heuoyh si tu t'en foutais tu serai pas au courant de a sale pute
@i24news_FR @Supamike ils ne sont jamais responsables, c'est magique, quoique s'ils l'etaient, on serait au courant
@izel_rsln non non tqt pas sinon tu serais dj au courant
@jadenRPGMW -vient en courant vers toi mais se casse la gueule sur toi-
@jeannemarierm ouais,mais bon a me ferait qd mme chier qu'elle soit au courant quoi
@laetitia_dp tqt mon coeur tu sera la premire au courant si a va pas
@laura_lesieux Pas de soucis, quand j'aurai du nouveau tu seras la premire au courant ! aha
@leeyumvx Mais t'es sre de a ? Enfin on sait pas vraiment la vie prive d'Harry il est srement au courant si Nadine est paye pour...
@lisemariegrd Jespere j'espre alors.. Tes pas au courant javais plus de tel je le recup ce soir
@londnkings Et bien trs chre tu apprendras avec le temps que je suis UNIQUE. Je te tiens au courant de ma trouvaille t'es trop chouww
@lovatisime j'espre t'es la seule au courant sinon c chaud
@majdouXai je prfre que tu sois au courant mdrrrrr
@mamandine9 j'espre que sa ira tu me tiens au courant
@marionette35 Appelez votre service client au 611 depuis un mobile Bouygues ou au 1061 pour rgler directement et rcuprer votre ligne 1/2
@may_ssn si tu suivais l'actualit tu serais au courant que l'academie francaise a reconnu "croivent" comme n'etant plus une faute. Merci
@melometh mddr, mais il a vomis qu'une fois?!,Jspa comment tu fais j'serais partit en courant limite j'aurais pleur pour du vomis
@navieavy @NoodjFromSweden Heureusement ouais parce que tout le monde serait dj au courant puisque je suis une grosse balance. :-)
@niallslayhxran coupure de courant on faisait la ola avk le prof, c'tait la dernire heure de la semaine, comprenez nous x)
@odthings @FlipHairQueen mercii pour l'info  depuis que ma mre ma enlever mon tel je suis au courant de rien
@pardxicaleulogy a marche je te tiens au courant. Si je m'y tiens et que j'ai des rsultats je ferai un avant/aprs.
@pleazleblog Bonjour, je n'ai pas encore reu mon gain (caviar) vous disiez 15 jours maximum? pourriez vous me tenir au courant? merci
@rsrblak si t'as peur, pour pas faire face vas y en arrire, en courant stu veux mais en arrire
@ruthrpgse *sourit amus puis se dirige vers la cuisine en courant*
@s_meday Ah ? Ca a encore chang ? S'ils font comme SM, on sera au courant 10 jours avant la sortie Lol
@shMalefoy @AlbusPotterRPG @Le_Harry_Potter Une rbellion alors que vous nous avez mis au courant de vos intentions.. Laissez moi rire.
@soleilfrance1 hey bein t'es au courant de tout et il y a aussi la nouvelle serie de Lyndsy dans Agent Carter pour debut janvier
@sunofdemi Cest trs trs chaud ptddr ils vont remmetre le courant vers 1h du matin la EDF ils croient trop on blague avec eux
@sunofdemi La dernire fois ils ont fait a , j'attendais et tout et c'est quand jsui aller dormir jvois ils remettent le courant ces Fdp
@tcmth en fait oui tu sais c'est vers cent francs (au courant depuis le dbut)
@team_maude @Maude_Official Tkt elle sera au courant ce jour l :p
@transarry MDRRR non sinon tout Twitter serait au courant haha et a serait trop beau pour tre vrai
@turnmylovato @sweetxdemi @PokoraInfos non il va juste partir en courant et arrter sa carrire
@victorleviril @ChristCpt au cas ou si tu retrouve le chat de la mre Michel tient moi au courant
@weidash tout le monde me regarder qd je courais au tram normal c'est rare de voir une amricaine courir avec une barbe a papa
@woodleyes ah a c est sre on est au courant de tout! Son pauvre mari si je le croise un jour alala^^
A l'coute avc "Nuevo Cinco" pr mn anniv ds @OR_FRERES200 sa met l'embuance bus
Ah bon mon pre coute du Kid Cudi j'tais pas au courant mdrr
Ah mn petit frre ptn jme rapl quand il est n gt en cm1 mn pre et venu pendant la rcr j'ai escalad le mur jusqu' l'hpital en courant
Ah oui ma mre faudrait peut tre que je monte qu'elle soi tu courant que je suis rentre je vois elle m'appelle sur mon tel
Anthony il a taper la dernire des chutes en courant pour le bus
Au calme mon chauffeur de bus il est au tlphone, si on a un accident a sera de ta faute vieux
Audel a la fin du match on sera au courant de toute sa vie si a continue. #FCNCF
BWO: assistante polyvalente anglais courant (ref : DESI (Paris 12e, 0, France)
Ben prends le taxi gros snob ! RT"@XKusnierz: Ce train est un scandale! Cette entreprise est une blague! #SNCF #RerD"
Bombur qui dpasse tous les nains en courant mais MDRRRRR CA ME FERA TJRS RIRE
Bon bah au moins ma mre est au courant.. Plus qu' prendre une dcision...
Bon j'espre avoir mon tlphone dans le courant de la semaine et en blanc surtout.
Bonjour, ici Sylvie avec vous jusqu' 21h pour vous renseigner sur l'tat du trafic #RERA #RATP
C est ainsi que nous avanons , barque a contre courant , sans cesse ramen vers le pass
C'est ainsi que nous nous dbattons, comme des barques  contre courant, sans cesse repousss vers le pass
C'est dans une mission les cm ils appellent les proches des membres et junsu ils appellent son frre qui lui est pas au courant
C'est la 1re personne qui doit tre au courant mais elle n'en saura rien
C'est normal k les freres me tiennent au courant ils c snt fait tass
Ce train est un scandale! Cette entreprise est une blague! #SNCF #RerD
Cet aprem surement le 1er Stream de Pokefion nuclaire avec un Pokenoob sur @Sekitown jvous tiens au courant bande de salopes <3
Comment a sent bon tout a, on ne m'arrtera plu @Itsmaximek hum hum t'es bien au courant
Dans un bus de la banlieue d'Alger, un soir du 31 dcembre (TMOIGNAGE): Le train qui m'emmne vers ma banli...
Depuis la 3me toute faon c'est ce que je prfre dans le fait d'aller en cours, prendre le bus
Dis moi, ton pre est pas lectricien parce j'ai l'impression que le courant passe bien ;-P
Donc mon pre n'est pas au courant que son anniversaire c'est aujourd'hui..... MAIS SUR QUELLE PLANTE IL VIE CELUI-L PUTAIN !
Donc nous on serait au courant de tout mais pas Harry quoi. Harry serait un aveugle, naf.
Du coup j'suis chez mon pre tout ca et la j'vois ya mon bus qui repasse juste devant chez moi j'suis trop contente
EDF et l'abandon du projet South Stream par la Russie. #EDF EDF va rcuprer sa mise dans le projet controvers...
East Angus, c'est au courant de la semaine du 5 janvier qu'on fera la collecte des sapins de Nol.
En fait finalement non, l'Apple Watch ne sera pas disponible "dbut 2015" en Europe, mais bien "courant 2015".
En mme temps c'est sa femme je pense que le 31 dcembre elle tait au courant qu'il allait lcher un son le 1er janvier....
En vrai y'a les 3/4 de ma classe j'ai pas eu de nouvelles d'eux pendant les vacances pourrait y'avoir des morts je serai mme pas au courant
En vrai, j'suis sre, y'a des gens ils vont sur mon profile et ds qu'ils voient "#Directioner", ils s'enfuient en courant ptddr.
Et ces trains sans affichage... Pfff. #SNCF #RerD
Et si je croise mon crush je crois que soit je me cache derrire un mur ou alors je m'enfuis en courant,  voir
Et tout  coup la mre de mahi arrive en courant vers la voiture et momo ouvre la voiture et dit a sa mre regarde maman se qu'il font
Fabrice Courant a cambrioler la maison de mon pre. Il a t crou x2 . Il est proche de Pierre Poulichet
Faudrait qu'ils arrte de faire payer le Bus et le Train, la vie de ma mre c'est grave !
Gael il a prit chre en Nutella pendant la soire , j'tais pas au courant
Genre je suis au courant que les potes de mon frre fumes et y'a Akhima chez moi... qui me demande si son fils fume c'est abuser.
Hahahhaha j'coutais a dans le bus le matin l'anne dernire
Hart of Dixie a repris. PQ J ETAIS PAS AU COURANT OMG #HoD
Hier y'a un gars il courait  la gare il a voulu escalad une barrire en courant son pieds il est rest bloqu il s'est marave j'tais mdrr
Hum bon je commence a m'ennuyer sans lumire sans courant
Il a failli m'arriver le mme accident qu' ma mre dans le bus (foncer dans un panneau en verre suite  un freinage violent)
Il est 00:01 et le trafic est normal sur l'ensemble des lignes de RER
Il est 23:58 et le trafic est normal sur l'ensemble des lignes de RER
Il est au courant que les affaires scolaires sa cote chre  #lrt
Il est pas encore au courant mais j'v grer mdddr
Il m'a dit "ma mre a dit oui si tes parents sont au courant"
Il m'a dit hier qu'il m'achterai un livre pour savoir quoi manger en protine, a fait quand mme 6mois mtn je devrais tre au courant
Il serait peut tre temps que je me prpare si je veux pas louper mon bus
Il va tre tonn auand il vera que je suis au courant qu'il passe son temp a snaper avec elle!
Il vient de se prendre un coup de pelle en courant, salto arrire dans l'lan mon gars
Ils sortent fumer une clope, mon frre monte pour ps4 il revient en courant "y a plus la voiture dehors ni dans le garage !!!" 1/2
Imagin dimanche soir il neige, du coup les bus passent pas et on est en vacance 1 semaine de plus!#c'estbeauderver
J'adore tre la dernire a tre au courant de choses importante.
J'ai bus de l'eau a fond commeca jme lve vers les coup de 8h32
J'ai eu une panne de courant, du coup j'ai boss  la lumire des bougies pendant une heure !
J'ai l'impression toute ma vie j'suis la dernire au courant, au niveau des cours en tout cas
J'ai loup mon bus du coup je me retrouve dans un bus on dirait le 18me arrondissement frre
J'ai toujours pas de courant, je suis  20% de batterie. Et Mon frre devient fou..
J'ai un bus  prendre  15h20 mais j'ai la flemme du coup je ferais du stop.
J'aimerais qu'il y ait une grve du RER D lundi. Comme a je vais pas en cours.
J'attendais  l'arrt de bus, y'a un pote  mon frre qui m'a ramen du coup
J'avais quasi fini le truc d'histoire  l'ordi aprs + d'1h de galre et l : coupure de courant. Ma vie c'est d'la merde
J'espre le bus va tracer, le zdar m'attend
J'espre lundi il neige comme sa y'a plus de bus ni de train
J'espre ne pas louper le bus wa
J'espre que je vais louper mon bus lundi matin
J'ferais deux fois plus de bus que de cours
J'mexplose la face contre la fenetre en courant et lui ca l'fais rire ce con. Ptdddr j'avoue c'tait drle quand mme.
J'suis la dernire au courant
J'tais au champs du coups j'ai du me trimballer l'norme sac bel aire dans le RER et dans le mtro
J'tais pas au courant ptn mddr je revis un peu
JE FERAIS SEMBLANT DE TE CROIRE QUAND PARFOIS JE SAIS QUE TU MENTS JE NE FERAIS MEME PAS DHISTOIRE SI TON EX REVIENT EN COURANT
Jcrois qu'il est pas au courant que je viens a peine de passer mon 1er trimestre au lyce  il est dans futur carrment
Je crois vraiment que mon pre n'est pas au courant que je vais  l'cole et il a pas le sens des vacances il s'en blc cst fou !!
Je me rveille  peine et ma mre me dit que je dois lire. Heu, ta gueule? J'suis au courant merci.
Je pensais que j'aurai t la premire  tre au courant. Bon tant pis ... Je ne suis pas rancunire, mais juste surprise.
Je suis incertain. Vais-je ou non louper ce train...? J'ose esprer qu'il ne va pas rouler  2km/h, le chauffeur du bus.
Je suis pas sr que Tt le monde soit au courant mais l'@AngersBC est reprsent par @GCurierBball au #AllStarGameLNB .#remplaant #JetmQm
Je suis sr que lundi y a un bolosse qui sera pas au courant qu'on a pas cours et qui va se pointer au lyce tout seul
Je vais chercher ma grand mre, elle est dans le noir il y a une coupure de courant... Vive provins
Je vais louper le bus sa mere
Je viens de prendre ma place pour OM&M. Le souci c'est que ma mre est pas encore au courant. ,J'espre qu'elle voudra bien me rembourser.
Jsuis de nouveau la dernire au courant mdr
La @TYNasbl vous invite  aimer sa page Facebook pour tre tenu au courant des dernires activits =>  #Jeunesse #TYN
La copine a ma mre elle invite sa go chez moi alors que ma mre elle est mme pas au courant
La dernire fois dans le RER y'a eu meuf elle a faillit le louper elle courrait et elle a laisser sa chaussure sur le quai
La dernire fois pour le macab suicidaire j'avais attendu 3h dans le train pour me taper le mme en bus derrire
La meuf elle a pas de vie elle parle derrire mon dos et elle a cru j'etais pas au courant aller casse toi sale chienne
La neige peut pas tomber lundi vers 4h du matin svp comme a pas de bus = pas cours
La premire au courant haha, j'suis mignonne j'trouve
La suite des ADM sera tellement terrible eux mme ne sont pas au courant ces mbwa !
Le charme d'Orlans ralenti par ses tramways et les feux tricolores tous les 100 mtres
Le courant d'air  l'arrire du crane quand tu viens de te couper les cheveux
Le matin ? Cette chose ignoble qui nous emmerde,Ma mre dit qu'je suis mi-homme, mi-courant d'air
Le mec il galre je lui dis je descend une meuf lui dis vien chez moi y part en courant
Le mec il mytho trop. Il a cru je serai jamais au courant, abruti !
Le mois du bus est enfin fait ,C'est la galre pendant les vacs car on a la flemme et pendant les cours, on a cours
Le prnom a ma mre il est pas courant je l'entend jamais
Le renoi il est parti en courant, c'tait  mourir de rire
Les meuf avc d poussete ds le bus comen vs pouve songe a concevoir 1 enfan sans avoir mme 1 vhicule sa s voi c des accident vos gosses
Lundi 7h  le froidgalre du tram revoir leurs gueules  recommencer les coursvouloir dormirtre au bout de sa viemourir
Lundi jvai courir aprs le RER cst sur
MAINTENANT QUE TOUT LE MONDE EST AU COURANT JE VOUS AVOUE QUE JE SUIS LA MRE DE L'ENFANT MDRR  #congratsonthebabyniall
Ma grand mere taleur : "t'as des boutons ohlala" NON SANS DECONNER J'TAIS PAS AU COURANT  -"
Ma mere est arriv vers moi en courant et en criant "Anna anna j'ai oubli un de tes cadeaux de Nol" .... c'etait un poubelle
Ma mre avait la flemme de m'emmener du coup c'est mon pre je suis max j'aurai pas a prendre le train et le bus
Ma mre elle est mme pas au courant que j'dort chez ibo
Ma mre elle tait dans mon lit je les tire par les pieds jusqu'au salon aprs elle est repartir en courant dans ma chambre
Ma mre qui m'a sorti "Si t'irais pas en soire tu serais moins fatigu!" Je crois qu'elle est pas au courant que je vais pas en soire
Mais Jess'zer c est une fille que j aime bien hein .Le courant passe un genre l ahah..
Mais lundi, je vais me reveiller  7h jvais enfiler mon pijama, manger un bail qui traine, me brosser les dents et me maquiller dans le rer.
Mais mdrrrrr Marion je lui dis un truc a pas rpter aujourd'hui tous les gens de la soire sont au courant pq pq pq
Mddr mon frre travaille la bas, il tait mme pas au courant #Lrt
Mes ex reviennent en courant manient ma bite comme un relais
Meteo du #RER (#ratp) : OK () 03/01/2015 a 23:57 Trafic normal sur l'ensemble ...
Moi je connaissais pas #yamado avant le nouvel ans mme keri hilson est plus au courant que moi , Congoloniseee moiiii ,
Moi on fais des trcs derrire mon dos jsui au courant
Mon cousin qui teint la tl pcq mon frre me rpond pas,mon frre lui fais un doight,mon cousin qui se lve,l'autre il part en courant mdr
Mon frere il est aller acheter du Chiken spot vue que on peut pas se faire d'la bouffe vue que ces pd on couper le courant dans la cit
Mon frre qui arrive en courant dans ma chambre et me saute dessus j'tais pas mret
Mon pre coupe le courant a toute
Mon pre coupe le courant quand je met du vernis
Mon pre hier qui me fait "toute faon quand tu mens on est toujours au courant aprs donc dit la vrit "
Mon pre il est au courant de tout mdddr
Mon ptit sache une choses, L'Homme qui rentre dans le sens du courant fait rire les crocodiles Mdrr
Mtro Ligne 13 En raison de divers incidents, le trafic est ralenti sur l'ensemble de la ligne. Trafic normal sur les autres lig [1/2]
Mtro Ligne 14 En raison d'une panne de matriel, le trafic est ralenti sur l'ensemble de la ligne.
Nike sa mre! PK c toujours moi celle pas au courant??
OK bonne nouvelle pour les personnes qui ont aim le livre damns !! Le 1er tome sort au cinma courant 2015 !!!
Okee jdois attendre mon frere pour prendre le bus faudra courir -'
On fait une surprise  la famille de France, personne n'est au courant appart maCousine&monFrre. Obliger i vont pleurer comme d'habitude.
On va reprendre notre routine , bus , cours , repas , cours , bus .
Ou dans le bus aussi un jour j'ai fais un accident et y'a un vieux il s'est pt le crne a pissait le sang g cru qu'il avait perdu un il
Pas de bol ! Trafic interrompu sur la ligne #T1 entre March St Denis et Gare de St Denis RER #KO
Pas grave, c'est samedi! Le temps passe suffisamment vite! Sacre Pascal  pas remis du rveillon #RATP #Metro #Boulot
Pour aller au #31c3, je prenais le train (RER en gros), le truc c'est que tu peux prendre un billet pour 5 personnes.
Pour aller de chez moi a mon stage , je fais bus , train , bus ; je fais Pkin Express sa mre
Pourquoi je suis la dernire au courant dans cette famille ?
Profitez d'un trafic fluide sur la ligne #RERA #OK
Profitez du trafic fluide sur toute la ligne #RERC #OK
Ptdr mn frere est anormal! Haha jdis "ah pkoi ils ont coup courant mm?!" Il me dit "c pr montrer q Dieu existe"! Je lui demande "cmt ca?" 1
Ptn de la neige sa serait le paradis pas de bus lundi donc pas cours
Putain jviens de me choquer la j'etais pas au courant que on etais deja Samedi moi..putain nique sa mere c'est passer aussi vite qu'1 vine!!
Qd je suis assez proche d'un gar mme si c'est pas mon djo aprs il mets des filles en pp je peux arrter le courant.
Quel est le mensonge le plus courant que les gens se disent ?  "Je serais toujours l pour toi"
RER A En rpercussion d'un acte de malveillance  Nanterre Universit, le trafic est ralenti en direction de Chessy Marne La V [1/2]
RERC: trafic perturb par un panneau souffl par le vent
RT @Alexia_Fraga: Lundi 7h  le froidgalre du tram revoir leurs gueules  recommencer les coursvouloir dormirtre au bout de sa viemourir
RT @AliceJard: Ah oui ma mre faudrait peut tre que je monte qu'elle soi tu courant que je suis rentre je vois elle m'appelle sur mon tel
RT @Alminouuu: tqt tu seras la premire au courant ahah
RT @Anne_Gdn: @AurelBaillon @e_niort @NiortCensemble effectivement ! Bon courage ! Et selon edf le courant ne sera pas rtabli avant 17h..
RT @BobinioOfficiel: @Wass___ t'es au courant du nouveaux gang qu'on n'a crer
RT @CCRD4E: On va reprendre notre routine , bus , cours , repas , cours , bus .
RT @CIaudeFrancois: RE JE SUIS LA, DSOL DU RETARD J'AVAIS UNE PETITE COUPURE DE COURANT
RT @CabasMillian: @laura_lesieux Pas de soucis, quand j'aurai du nouveau tu seras la premire au courant ! aha
RT @Chloe_bnr: Mais mdrrrrr Marion je lui dis un truc a pas rpter aujourd'hui tous les gens de la soire sont au courant pq pq pq
RT @CorsoPierre: Ouhai bin on etait au courant delanus
RT @Cwam69: Pas grave, c'est samedi! Le temps passe suffisamment vite! Sacre Pascal  pas remis du rveillon #RATP #Metro #Boulot
RT @Dln_curtolo: Pour aller de chez moi a mon stage , je fais bus , train , bus ; je fais Pkin Express sa mre
RT @Dmotscritiques: "Car c'est ainsi que nous allons, barques luttant contre un courant qui nous ramne sans cesse vers le pass." @FrancisScottF
RT @DschDeborah: @5Bridenne @chloedelcuse sa me dsespre Cloclo tu prend ps le bus ou on peut pas mettre les valises sinn on va encore galre et le loup
RT @DylanMalainho: Mdr c'est abuser y'avais un gars il jouer a la play , y'a le courant qui saute 5 min , quand la lumire est revenue , plus de play
RT @EELV_crIdF: Un million de voyageurs dans les Tramways franciliens par jour, c'est l'quivalent du trafic d'un #RER @PierreSerne
RT @EffetBABA_BOOM: "@Joel_Yvan: "@EffetBABA_BOOM: @Joel_Yvan @agnesbitome @Aailane ton frre c la prise?"oui norh tu savais pas?"le courant est lents
RT @FayssalBechar: @Maramarrono est ce que tu va courir comme qd ta essay d'avoir ton bus l dernire fois Mddr lev de genou
RT @FotsoFred: #RTsi dans le bus tu te rends compte que t'as oubli ton chargeur, t'as dit au chauffeur de faire demi tour pour aller le rcuprer.
RT @Fun8Max: Ptn de la neige sa serait le paradis pas de bus lundi donc pas cours
RT @HG_Ludovic: Mon ptit sache une choses, L'Homme qui rentre dans le sens du courant fait rire les crocodiles Mdrr
RT @Hayem_Slimani: au cas-ou tu ne serais pas au courant ce n'tait pas pr toi
RT @IAmMohamad: Le courant d'air  l'arrire du crane quand tu viens de te couper les cheveux
RT @JessLeWa: @Tha_Smiler: Mais Jess'zer c est une fille que j aime bien hein .Le courant passe un genre l ahah..,Toi tu es adorable je t'assure
RT @JimsDrake: @WMyWay_Mobile @rapt13 Le trafic est ralenti sur la ligne ... Ouais sur la ligne 13 c'est un trafic normal ca !
RT @KppDatCuteNigga: clip annul j'ai l'seum.. on vous tient trs vite au courant ceux qui venaient! vous inquitez pas le rsultat sera violent
RT @LE__SILENCIEUX: Ah mn petit frre ptn jme rapl quand il est n gt en cm1 mn pre et venu pendant la rcr j'ai escalad le mur jusqu' l'hpital en courant
RT @LarryUpdatesFR: Donc nous on serait au courant de tout mais pas Harry quoi. Harry serait un aveugle, naf.
RT @LeVraiHoroscope: Dans un film d'horreur, le #Scorpion serait celui qui sortirait en courant par la porte d'entre plutt que de monter les escaliers.
RT @Louvegrise32: @s_meday Ah ? Ca a encore chang ? S'ils font comme SM, on sera au courant 10 jours avant la sortie Lol
RT @MAES_Guillaume: Je te montrerai que l'amour est Effet mer Ne pars pas dans le courant J'arrive Les voiles de mon bateau Sont juste dchirs
RT @MappyCity: Profitez d'un trafic fluide sur la ligne #RERA #OK
RT @MappyCity: Profitez du trafic fluide sur toute la ligne #RERC #OK
RT @MariieTHatDay: Je viens de prendre ma place pour OM&M. Le souci c'est que ma mre est pas encore au courant. ,J'espre qu'elle voudra bien me rembourser.
RT @MathouDaSilva: On fait des plans avec Megane, Alexis sera pas au courant, c'est la surprise mdrrrr
RT @MeelanieLombard: J'tais pas au courant ptn mddr je revis un peu
RT @MrsMauraneL: @sunofdemi Cest trs trs chaud ptddr ils vont remmetre le courant vers 1h du matin la EDF ils croient trop on blague avec eux
RT @MrsMauraneL: @sunofdemi La dernire fois ils ont fait a , j'attendais et tout et c'est quand jsui aller dormir jvois ils remettent le courant ces Fdp
RT @Nebso93: Ta re-pu tu bicrave tro de bolosse ki s'daye jsuis o courant du blaze jappuie sur la gachette
RT @NicooVH: En vrai y'a les 3/4 de ma classe j'ai pas eu de nouvelles d'eux pendant les vacances pourrait y'avoir des morts je serai mme pas au courant
RT @NourEddine_F: Train @RERC_SNCF LARA 14h10 a brtigny annonc long.. est court! Pratique pr les bigleux qui utilisent l'app transilien! #qml #Accessibilit
RT @NousLesFiIIes: ya un mec il courait aprs le bus, le bus ses arrter, l'mec il a vus y'avais des contrleurs il a fait genre il faisait un footing mdrrrr
RT @Olistolse: Robine elle gre que des asiats h24 , moi meme un arbre part en courant
RT @OnMaApplaudi: Le chauffeur du bus a ralenti par ce qu'une beurette traversait, je lui ai dis azi passe c'est orange, on m'a applaudit, j'ai roul l'bus
RT @OussRiane: A l'coute avc "Nuevo Cinco" pr mn anniv ds @OR_FRERES200 sa met l'embuance bus
RT @PriscaShanyz: Le son Ya Mado,Mddr il part en couille jusqu' dans le rer ils sont l  ambiance tout le train Nous les Z toujours dans l'abus
RT @RERA_RATP: Bonjour, ici Sylvie avec vous jusqu' 21h pour vous renseigner sur l'tat du trafic #RERA #RATP
RT @RasheedaDjibo: Kand je regarde les snaps de @WorkHardPlay_H, je ris tellement fort ke ma mre sort de sa chambre en courant, pensant kon ma frapper
RT @Rulieng: @freakris ta mre n'est pas au courant ?
RT @Shoupeen: #ChezLesHaitiens des que tu vois une pote  ta mre ds la rue .. Tes mm pas encore rentrer que ta mre est dj au courant..
RT @Sicouille: Nike sa mre! PK c toujours moi celle pas au courant??
RT @SidoniePapillon: @Coralie_Lms Ok, maintenant tu seras au courant ^^
RT @South_bulding: vos mres sont au courant quand vous prenez leur perruque pour faire des vines juste pour faire rire des blancs du 27 ?
RT @SuLoVlb: J'espre lundi il neige comme sa y'a plus de bus ni de train
RT @T1_RATP: 06:03, le trafic est interrompu entre March St Denis et GARE DE ST-DENIS RER (accident entre tiers sur la voie publique) #RATP #T1
RT @TYNasbl: La @TYNasbl vous invite  aimer sa page Facebook pour tre tenu au courant des dernires activits =>  #Jeunesse #TYN
RT @Tanguylry: Imagin dimanche soir il neige, du coup les bus passent pas et on est en vacance 1 semaine de plus!#c'estbeauderver
RT @Tha_Smiler: Mais Jess'zer c est une fille que j aime bien hein .Le courant passe un genre l ahah..
RT @TheoGaucho9: C'est quoi cette histoire comme quoi faut pas parler du Pere Noel qui existe pas sur twitter parce que les STMG sont pas au courant
RT @Thief2404: @KrazySushii @chebeuh bah non, j'tais juste pas au courant pck j'tais pas l la dernire semaine
RT @ThomasChavarox: @victorleviril @ChristCpt au cas ou si tu retrouve le chat de la mre Michel tient moi au courant
RT @TzClm_: Si ma mere elle dit oui j'danse tous le trajet dans le train, a la gare, dans le metro, j'men bats les couilles moi
RT @UneSacreGarce: Tout ce que vous me dites  un moment donner ma meilleure sera au courant mdrr
RT @VansOfKev: @Enjoy_KA_ je reviens et si kev tweet je serais au courant t'inquite
RT @WMyWay_Mobile: Mtro Ligne 13 En raison de divers incidents, le trafic est ralenti sur l'ensemble de la ligne. Trafic normal sur les autres lig [1/2]
RT @WaniseAlpach: @Yowii_Kush essaye de pas appeler ta grand mre cette fois si part pas en courant
RT @ZaynRPGNNYY: @ChrisNNYY *rcupre son herbe et descend du bus*
RT @_Vitho: a se trouve mon lyce a brler et je suis pas encore au courant
RT @badddygirl: un couple normal quoi, et d'un coup j'vois le gars il change d'humeur il commence  tre vnre, et ils commencent a crier fort dans l'metro
RT @convertie_islam: Ma reconversion fut le plus beau jour de ma vie, j'ai appris, je gre ac ma famille (qui nest pas au courant)
RT @cutebutpsychx: Sur le courant de la mer c vr
RT @dfieyds: Axelle j'sais pas si t'es au courant mais jtes rep a ton msg avc IMESSAG donc
RT @djouker59: @may_ssn si tu suivais l'actualit tu serais au courant que l'academie francaise a reconnu "croivent" comme n'etant plus une faute. Merci
RT @elie889: @RubSlama t'est au courant frere
RT @empunk37K: Cet aprem surement le 1er Stream de Pokefion nuclaire avec un Pokenoob sur @Sekitown jvous tiens au courant bande de salopes <3
RT @gillesverdez: J'enquete sur le RER D la et je soupconne l'arnaque: pretendre que des trains sont supprimes alors qu'ils n'ont jamais ete prevus
RT @hiitt_ler: Wallah l'album de Gradur j'lattends plu, un coup c'est fin novembre, un coup c'est janvier 2015, un coup c courant 2015 azi baiz ta tante
RT @hugosinibaldi: @54Mart @AmbrineTourche la dernires fois ta tirer un coup franc tu t'es cass la hanche alors TG la salope bref  plus dans le bus
RT @julienbestron: Je suis pas sr que Tt le monde soit au courant mais l'@AngersBC est reprsent par @GCurierBball au #AllStarGameLNB .#remplaant #JetmQm
RT @kenza_dbrs: Lundi a va tre la merde : Rveil pire que difficile Bus bruyant cours de merde repas degueulasse cours de merde Devoirs,
RT @kitkatweedy: #En2015DansLaKpop tout le monde sera au courant que je suis en couple avec jimin Insha'Allah mdrr et qu'on a 12 enfants mashallah
RT @likebluejade: Elle a pas de culotte ??!??!??!!!! groce pute jespere ton pre il sera jamais au courant
RT @londnkings: @_CKZ114 t'inquite pas tu seras la seule au courant ;)
RT @margauxrs: Mon frre est arriv en courant pour que je dise  cha qu'il y a black m  la tl mdrr
RT @nicey94: Ben prends le taxi gros snob ! RT"@XKusnierz: Ce train est un scandale! Cette entreprise est une blague! #SNCF #RerD"
RT @oceana81love: @laetitia_dp tqt mon coeur tu sera la premire au courant si a va pas
RT @paul_fillon: Gael il a prit chre en Nutella pendant la soire , j'tais pas au courant
RT @rocknhipster: att mon frre ds fois il ouvre ma porte, pte, referme et se barre en courant
RT @taylorlsbg: J'ai vu 20 fois "On est le 1er Septembre" Nan ? On est pas le 68 Janvier ? J'suis pas au courant
RT @theywillbefree: La neige peut pas tomber lundi vers 4h du matin svp comme a pas de bus = pas cours
RT @tif20001: @ValiiYomba ta vido on l'avait cout dans le bus non? Elle greoublie pas que j'ai t ta first fan hein!
RT @valentine_frn: Ce moment ou ta mre dit devant la famille : "encore heureuse que ma fille fume pas !" Je fume depuis la 3me et toujours pas au courant
RT @wzards: @Nathandezpastro: moi quand j'vois qu'avec ma crush c'est impossible  ta mere elle est au courant d'tt ca ?
RT @zjmlh: @weidash tout le monde me regarder qd je courais au tram normal c'est rare de voir une amricaine courir avec une barbe a papa
Ramer dans le sens du courant fait rire les crocodiles.
Revue boursire : reprise en douceur: Les marchs boursiers ont repris sagement le courant normal des affaires...
Revue boursire : reprise en douceur: Les marchs boursiers ont repris sagement le courant normal...  @MedianextTV
Robine elle gre que des asiats h24 , moi meme un arbre part en courant
Sans surprise, le trafic est rgulier sur toute la ligne #RERE #OK
Si Camron n'est pas au courant je le redis : J'ai chop un Goupix shiny
Si j'tais riche je m'acheterais un appart dans chaque ville. Comme sa pas de galre si je rate un train ou un bus
Si ma mere elle dit oui j'danse tous le trajet dans le train, a la gare, dans le metro, j'men bats les couilles moi
Sinon Safaa elle identifie toujours Perrie sur insta et son frre elle met juste "Zayn" elle est au courant qu'il a insta?
Sinon, Lundi j'vais re galrer tout les matins  courir aprs le bus
Sur le courant de la mer c vr
Talhr ya eu un accident a Gouss y'avais plus de bus
Tout va pour le mieux, trafic fluide sur la ligne #RERE #OK
Train @RERC_SNCF LARA 14h10 a brtigny annonc long.. est court! Pratique pr les bigleux qui utilisent l'app transilien! #qml #Accessibilit
Tu est SUPER Emy ;) je vous tien au courant pour un retour ....Mon frre demain il ...,
Un petit coup d'oeil dans le rtro avant de regarder devant : RT@SchnockRevue Vintage RER.#Schnock,
Vasy j'fais un match en ligne sur NBA, j'gagne de 7 points, il reste 1min30 et l coupure de courant, bah nique bien ta grosse mere
Vous tes au courant des projets europens ?!! :) c'e...  Si quelqu'un a un lien qui reprend a? Parce que pers...
Vzy flemme du train et du RER B je vais prendre le 20
Wouaaa y a des prises lectriques dans le train. Mange a l SNCF et ton vieux RER tout perrave
Y'a que mon bb Clem qui sera au courant du jour tout a tout a, c'est trop excitant
a se trouve mon lyce a brler et je suis pas encore au courant
alle / Boissy St-Lger. Trafic normal sur les autres lignes de RER. [2/2]
attend 3 semaines de cours 3 semaines de stage aprs c rere vacances ! a va au calme!!
au cas-ou tu ne serais pas au courant ce n'tait pas pr toi
clip annul j'ai l'seum.. on vous tient trs vite au courant ceux qui venaient! vous inquitez pas le rsultat sera violent
couter Electric Lady de Janelle Monae et ranger son regard mchant de la sorcire du bus.
dans le bus je me suis rappel que lundi vers 8h10 je serai en cours
en plus dans le mtro, ma premire bft m'a vu sans me mettre au courant cettz pute mdr
epoustoufle et ravie; je vous remerie et vous tient au courant de la suite, oui i...,
genre qd j'y serai ca ira mais y aller a m'blase 3h de train du bus d'la marche jvais galerer
haha alex sera pas au courant mais c'pas grv il sen fout des trucs comme a
j'ai mis Tairo Bonne Weed et l y a ma mre qu'arrive en courant dans ma chambre pour chanter "j'aurai de la bonne weed ce soir" et repart
j0tifa: rrado3: BEAUCOUP DE COUPLES SE DISENT "FOREVER" MAIS QUI FINISSENT EN MODE "GAME OVER">Nenareu ngamb zan,/netsik we f ts za rer.
je dteste le RER c'est la pire chose au monde j'attends un train depuis 10 minutes ughhhhh
je voulais la faire quand y'aurait juste mes frres et soeur sauf que j'tais pas au courant que mon pre tait en vac cette semaine
jsuis toujours la dernire au courant des trucs moi ptdr
les coupures de courant depuis ce matin faut peut tre arrter l
les gars vous tes au courant que ma mre est prof d'ses et que j'ai 18 de moyenne en ses ??
ma mre ce matin  11h elle me reveille elle me dit "sarah vite on as rdv chez le medecin dans 40min" j'tais pas au courant
ma mre elle est pas au courant encore que demain je vais  calais...
mais aller yaaaaaas t ou? aprs tu vas rler pcq tu seras pas au courant
mon pre il a dit "si t'arrives qq part et qu'on te vois pas bien moi jte dis les gens ils vont partir en courant" bah merci
mon pre il me parle allemand puis espagnol mdr il est au courant que je comprends rien
mon pre veut m'emmener  ma JAPD en moto, cest a une heure de route de chez moi ... PAPA T'ES AU COURANT QU'IL FAIT -1938102 DEHORS?
n'empche le 1er quand je suis partie et que tout le monde est venu me dire au revoir en courant devant l'ascenseur jme suis sentie famous
on est en face d'un couple trop chelou dans le rer mdrrrr jpp
pq jss tjrs la dernire au courant..?
rrado3: BEAUCOUP DE COUPLES SE DISENT "FOREVER" MAIS QUI FINISSENT EN MODE "GAME OVER">Nenareu ngamb zan,/netsik we f ts za rer>netsik a ...
sa mere j'ai loup mon bus
si jamais a arrive seul Dieu sera au courant de mon sort
tal heure ma mre elle me dit "tu vx que je t'achetes le livre que tout le monde parle l, after? ben ouais jsuis au courant des news hein"
teindre toute les lumires et partir en courant dans sont lit pour pas que quelqu'un nous tue on va pas se mentir on la pus dj fait mdr
tqt tu seras la premire au courant ahah
tre la dernire au courant de tout
un couple normal quoi, et d'un coup j'vois le gars il change d'humeur il commence  tre vnre, et ils commencent a crier fort dans l'metro
xxptdrrr jtais pas au courant que d'aprs Valls nous somme tous juifs, cest un fou hada ta mre la feuj o
