" c'est toi qui les lvera ... " Mais PART EN COURANT fils
"@couscousmalik:  QUESTION ABOUT BFT  17. SA FAMILLE EST AU COURANT QUE VOUS TES BFT ?" sa mere oui
"Conseillre trs  lcoute. Petit +, elle nous tient au courant de lvolution des dossiers." :  #avisclients
"J'te tiens au courant pour les 2/3 jours  la mer" mon boul ouais
"si on la reois aujourdhui on va rflchir o la mettre, bon je te tient au courant mais il me la faut pour le 10" WAAAAAAAAAAATH
#ASKunpandaMoqueur t'est parents sont t'-ils au courant que tu fais le " buzz " sur youtube ? si oui comment ragissent t'-ils ? tu gre!!
#Boutih auditionne un mec mis en examen pour atteinte  la sret de l'tat sans tre au courant ???,#rapportBoutih
#Canicule. Trains et RER : le manque de clim jette un froid
#Canicule. Trains et RER : le manque de clim jette un froid. A voir ici
#QML #RERC Reprise progressive entre Pontoise et Montigny (feu a proximite des voies a St Ouen: les consequences trafic se terminent)
#RER et #Transilien, le point sur les trains climatises @GroupeRATP @SNCF @le_Parisien >>
#RERB, presence de personnes sur les voies en gare de Mitry... Trafic interrompu sur la branche Mitry Aulnay... #qml #traficnormal #qmlinfo
#RERC : la double peine : vous suez et en plus il y a des ralentissements ! #BOF #Canicule2015
#RERC : trafic est interrompu entre Pontoise et Montigny Beauchamp, dans les 2 sens jusqu'a 11h30 #KO feu a proximite des voies a St Ouen
#RERC : trafic est interrompu entre Pontoise et Montigny Beauchamp, dans les 2 sens jusqu'a 11h30 #KO feu a proximite des voies a St Ouen.
#RT 19:08, le trafic reprend progressivement entre GARE DE ST-DENIS RER et MAIRIE DE VILLENEUVE-LA GARENNE (acte de malveillance) #RATP #T1
#RT Infotrafic #RERD : Trafic ralenti sur axes Paris/Goussainville et Paris/Melun via Combs jusqu'en fin de soire
#RerD ligne la + longue D'ile de France et avec les distances inter-arrets les + longues. Malgre cela 0% de trains climatises @Asso_SaDur
#SNCF_P #BOF : trafic ralenti sur l'axe Meaux/La Ferte Milon jusqu'a 21h00 ! Trains remplaces par des bus entre Lizy sur Ourcq et La Ferte
#sncf rer d la temperature doit etre de 45o a quand des trains climatises ???
#telmi Cette semaine, un aller Paris-Tokyo cote le prix d'un ticket de RER. La Japan Expo a ouvert ses portes pour 5 jour et fait honneur
#valdemarne Sucy : la prise de courant met le feu  lappartement: Vers 21 h 30, jeudi, un violent incendie s...
#virginradioActu nantes, nuit de l'erdre, tram train jusqu' 3.00 du mat pour rentrer. forfait 20 pour 5 pers max
& mon b-pere est meme pas au courant qu'on a achete mon iPhone, il va le voir et dire "bha qu'est c'que c'est qu'ce bordel la?" comme d'hab
- Trains et RER : le manque de clim jette un froid: Ils sentent la transpiration, lamertume et ...
0 train, 0 DFV, 0 ProctectionC =nuit calme. Fin de service a 5h... Bon courage a ceux qui bossent ! #sncf #RERA #qml
19:03, le trafic est interrompu entre GARE DE ST-DENIS RER et MAIRIE DE VILLENEUVE-LA GARENNE (acte de malveillance) #RATP #T1
19:03, le trafic est interrompu entre GARE DE ST-DENIS RER et MAIRIE DE VILLENEUVE-LA GARENNE (acte de malveillance) #RATP #T1 via @T1_RATP
19:08, le trafic reprend progressivement entre GARE DE ST-DENIS RER et MAIRIE DE VILLENEUVE-LA GARENNE (acte de malveillance) #RATP #T1
28c on va dormir les fentres ouvertes sur la terrasse :p a fera peut tre un courant dair , tout a est pnible.
2h du mat, plus de metro, plus de @Djump_in j'ai repris un taxi comme autant de la Prehistoire et ca m'a cote le double ! #StopInnovation
3 trams-trains supplementaires de Nort-sur-Erdre vers @nantesfr pour la @LaNuitdelErdre
@0ctober_21 Faut qu'on prenne le RER alors autant faire d'une pierre deux coups.
@17things_ tu seras la first au courant <3
@ACMeslin comment dire ? Ca dgouline... la quinzaine de l'outre-mer, l'humidit en moins et personne au courant quoi !
@AM_petitesouris Je n'ai pas encore de date parce que je galre  trouver du temps pour crire mais dans le courant du mois de juillet.
@Afakha @Rabbi_d1er appeller l'Eternel mon pere est courant dans les prieres juives. Yechiva ? Je devrais dire ecole talmudique .
@Al_Cofribas ca cote combien le RER ?
@AlexVause_Piper ouais c'est vrai. Apres est ce que Lolly l'aurait defendu ou serait partie en courant ?
@AlieZarin Bah c'est ca mon train emprunte le reseau du rer c... N'importe quoi leur delire !
@AlphaNerd_ On essaye de faire des trucs, genre ouvrir toutes les fentres pour crer un courant d'air #LesVraiesStrats
@Amelia_Mds Ah ouais ? Niquel alors ! Pas de soucis tu me retiens au courant ou Quentin me le rediras ! ;)
@ArkanaEdits ouais il m'a dit mais je te tiens au courant frre
@ArthurCrbz toujours au courant des dernires publicits alimentaires toi
@AspeRiia j'ai des choses a faire, je te tiens au courant quand je serai dispo
@BeRbAtOv69 @Franz_ola Ne t'inquite pas JMA sera au courant
@BertinMegan olala oui j'espre que l'assurance va prendre en charge les frais ! Tu me tiens au courant, bon courage
@CMBretagne je vous tiendrais au courant si j'ai un retour. J'espre juste du srieux et un peu de consideration #motiv #cmb.
@Chandleyr Peins toi en jaune et gueule "BANANAAAA !!!" en courant dans la rue. a ce serait drle ! ^^
@Chani_Bayle @dseux @sylviazappi CT eux ou les centristes de To Potmi. Tu es au courant des dernires dclarations de To Potmi ? (horreur)
@ChocCordage4 il faut la strat : ouvrir des fentres, crer un courant d'air, et a devient  peu prs supportable :/
@ChristineATQ59 Il n'y a pas d'infos  ce sujet pour le moment ; mais suivez nous pour tre au courant ds qu'une annonce sera publie ;)
@Claire__prevot j'ai refais toute la route en courant pour voir si tu tait bien rentr donc a ne compte pas
@ClotildeRoux un goter glac alors  courant aot ?
@Conducteur_RER @EmmaRoseHenry @MaLigneCDeLaM Le cot? Idem pour l'Expo, et pour GPExpress Si on fait tout ca, plus rien pour nos trains.
@Conducteur_RER @PatouStVictor et dire que je l'ai pris pendant 35 ans + train corail + voiture il faut avoir faim
@Conducteur_RER @SNCF c'est sur, mais du coup d'apres l'article les rames attendent sur des voies de garages. c'est pas tres utile
@Conducteur_RER aller un peu de reconfort du coup
@Conducteur_RER bon courage car vu l'etat du reseau et les temperatures annoncees ca va ralentir ce week-end !!!
@Conducteur_RER chapeau car certain passager ne savent pas que vous etes vous aussi autant embeter que nous lors de ralentissement !!!!
@Conducteur_RER et du coup vois agresse verbalement voir physiquement malheureusement
@Conducteur_RER il est pour qui le pipi dans le train en live ?
@Conducteur_RER j ai pris ligne A dimanche dernier et il y a la clim et train a l heure entre MLV et GDL
@Conducteur_RER j'ai UN t-shirt qui m'a coter des points ! Et j'aie je reserve pour ce type de machines @cypcyp77 @ADCTR1
@DaShoushky Ouai chaud mme le soir tu as pas un courant d'air.......Heureusement que tu as pas organis le dner cette semaine haha
@DamMich_79 la jambe de mon pre ? Je suis pas au courant mdr et maman non pas trop mais elle passe son expertise le 9 et toi ta jambe ? :)
@Diderot_Modern abon ? J'tais pas au courant je sais juste que il fera une dernire saison avec la juve avant d'aller au barca
@Douflou @Conducteur_SNCF copieur Et puis pas de bol c'est le seul materiel RER de la regie qui n'est pas bi-courant 1/2
@DramasFanGirl @Naomi_tomo_vip8 @JeyZ_xxx T es au courant pour ton rire XDT es unique moi j adoreJe l entends je me dis,Ah! C est Sourour
@EmilieLiquet @Morgane_Ca mdrrrrr je rigole sava pas elle serai venu en courant de Savoie pour me tabass
@EmilienHlr oh putain je serais parti en courant moi
@Estelle_Kimi oui, on sera oblige de payer quand on prendra le bus alors qu'il y a pas cours
@FeaRoFDerbi mais toi t'es toujours  l'afft de ce genre de chane bizarrement, tu seras le 1er au courant quand elles auront pass le cap
@FlipHairQueen Nina juste ya Devious Maids je sais pas si t'as repris ou pas.. ou meme si t'etais au courant MDRR mais jte le dis vouala
@Flo77Flo @RERB @DelarueJC Je n'ai pas eu de pbs ce matin apres l'affichage du #rerb ne traduit souvent pas l'etat du VRAI trafic
@FlooJoy J'espre mdrrr tu me tient au courant si tu l'as
@FnyBby  avec qui mddr et pourquoi je suis la dernire au courant moi encore ? je l'ai dit mddr
@GigiVireosJG Il se mit  rire  son geste avant de repartir en courant.,Emily sourit  leur vue.
@GuillaumeDucarn @ValentinDublicq @FHP_ @SEMArtin_ il ne manque plus que vos enchres avant de lancer l'tape suivante, tenez moi au courant
@Jaloux13 @Marsiglia1899 ah donc on joue au badminton  Monaco?,T'es au courant que vous avez fini derrire une quipe de badminton ?
@Jauny tes pas au courant quils vont arrter lmission ?
@JennyMdeC Ah merde... Tu me tiens au courant. Et l'autre tu as pu la rcuprer ?
@Kreyf_ je serai au courant pour les prochains lcs
@LMessi216 @hhammoudi63 mais laisser moi jvais grandir juste mon Corp est en pas un courant j'ai l'ge la mdr mes frres sont plus grand x)
@LUXBIEBXR ma grand mre m'a dit que j'avais pris un courant d'air donc mon il  coller aprs donc c normal mais cz me brle
@LcYvn vous avez l'air bien au courant... Un lien ? J'espre que vous ne vous fiez pas au journaux... @EnfantsdeMedj
@Loudophile metro ferme, du coup train loupe, une heure d'attente a la gare, je me suis fait niquer par ma mere, et je crois que c tout
@Lucretius4 tu es au courant de ce vol politique au Qubec? Arthur #Porter il serait dcd au #Panama . Nous ne croyons pas  a! @StBeni
@Mada2Fois la vie dma mere ke g pas tricher moi mtn si on ta di qlq chose jsui pa o courant zebi psq jmen balekouye c qu'un clash jmamuz moi
@MagconFrance pas moi mes parents sont pas au courant qu'ils viennent et je sais que sa sera un non phnomnal....
@Marina_SLB ptdrrr ils veulent tous la dernires ppites de l'ICL . Comment Anthony est au courant ?
@Mdk135 Vargas ou Medel inutile? T'es au courant qu'on galre  avoir quipe type alors imagine le banc
@MeAdlle c'est courant que @Courdecassation tweete en anglais ou c'est pour les socits de mres porteuses ? #nogpa
@MirageVSPR @MirageINKK @MsYKex Je serais pas l ce soir mais peut tre dispo pour Skype je vous tiens au courant
@MisaJack genre ds qu'on a un problme elles sont au courant la minute d'aprs mdrrrr Mais a sera  prendre ou  laisser hein
@MlleSelena16 ok tu me tiendra au courant moi je serai avec @SkillW33L
@MoMoC1994 Ah je n'tais pas au courant ! Bah perso je pense que a peut tre mieux mais a sera pas au niveau de la 1re saison selon moi.
@Monsieur000 Comme elle fonctionne a fond dans les trains de la ligne H, ils font des economies sur les RER (#MerciSNCF pour la sinusite)
@Morphouine "En raison d'un malaise voyageur, le trafic est interrompu sur la ligne B du RER" AH BAH MERCI MORGANE
@MrTheNeoZ C'est con. T'as mere est courant depuis longtemps pour la JE ?
@Mr_L_Styles ouais mais c est pour mon bon sa serait bien que je sois au courant *se leve et decroche*
@Mrine_R oui j'avais trop de galeres avec l'autre et le proprio etait un arnaqueur du coup je suis vers l'arret de bus emile zola maintenant
@Naaz1i mdrrr tu m'etonnes ! J'ai dit a mon frere il me disait "mais pourquoi le bus ? J'ai cru vous etiez dans le train ?" #bledard
@NazexStudios Dans 1 mois + ou -.,Restez aux abords de Twitter pour tre les 1ers au courant.
@NeillaHRpg *Lve ses sourcils, touffe un lger rire* assez oui, c'est peu courant.
@NiGmaSwyk Bien sur Fils je suis au courant sans moi tu sera meme pas ne
@NicolasNet je te remercie pour les informations confidentielles destines au courant si vous avez reu ce message d'origine objet votre
@Nikobalotello Jvais commencer le taff la pre peut-etre en aout je te tiens au courant :)
@NounWassim bouges a part s'tapper le train le bus et marcher dans Etampes on a R fait c'mon gd frere lui mr j'me balade les cuisses a l'air
@Off_Twister Il avait trop bus de whisky, et il a eu un accident de voiture...
@OlinuxX @RERC_SNCF bonjour , apres recherche il y a effectivement eu une erreur: ce train recoit une coupe a quai, c.-a-d.qu'il est divise
@OlinuxX @RERC_SNCF en 2, une partie du train part au centre de Trappes sans voyageur, l'autre assure la desserte du ELBA, sur la voie B.
@OlinuxX @RERC_SNCF le systeme info gare n'a pas percu la coupe et a indique le quai d'origine commettant  transmets immediatement
@OnwardsGaming @RykenOKLM Je veus etre au courant des qu'ils sont disponible :D svp fire d'etre Onwards B-p
@Paganeuronbros est ce ke sa serait possible que tu vienne a poitiers un jour avec la team marseillais retiend moi au courant bsx a adixia
@PariisToms on serait dj au courant pour le FPF on aurait dj tout boucl :(
@PauAlabajos ara en memria de les victimes de l'accident de metro de VLC...ara...
@PaulineLeGall__ bah tu mets un petit tweet comme a je serais au courant
@PgnManon tu sera oblige de me raconter t'es au courant !
@Pierreliz Ahah, tu seras le premier au courant si je coupe du bois ! (Jrme en coupe pas mal en ce moment ahah)
@PostDjazair @_SamiaIhame ma sha Allah elle elle est trop belle elle habiterais dans ma ville je serais allez voir son papa en courant
@PtiDragibusNoir nan mais il se persiste a rester travailler il va faire un malaise je serai pas au courant hein surtout que sa
@QRainbowneko @Istya_Hem @Phenix_Hem Je refais un peki cette aprem, donc je vous tient tous au courant :)
@QltureConfiture du coup la j'essaie de me calmer dans le RER en priant pour pas etre en retard mais hhhhhhh
@RERA_RATP Bcp les ouvrent en croyant bien faire.. merci de le preciser par de multiples annonces dans les trains et sur les quais
@RERA_RATP bjr, quel est l'etat du trafic entre chatelet et Rueil ?
@RERA_RATP cest un four le train.
@RERA_RATP colis suspect a #vincennes , train evacue -> Bordel sans nom avec risque malaise vu #canicule. Vous annoncez rien ?! #qml #ratp
@RERA_RATP deja quel abruti a eu l'idee de mettre des fenetres qui s'ouvrent dans des trains climatises hein ? (cc @balbinus)
@RERA_RATP le trafic semble ralenti sur la branche mlv direction Paris. Y a t il une raison ?
@RERA_RATP rajoutez des trains a Bry sur Marne ... 30 minutes pour attendre un RER est inadmissible !
@RERB Donc c'est vendredi soir,c'est la capitale,et les RER sont des trains court.. .Prenez les transports qu'ils disent @GroupeRATP #bonde
@RERB Pendant ce temps-la le trafic est interrompu
@RERB Que se passe t il encore sur la ligne comme probleme ? Car comme a son habitude en plus des trains, il y a un cruel manque de com.
@RERB bonjour. La clim dans vos wagons ne serait vraiment pas en trop. Je sais pas si vous la savez mais vos trains sont de veritables fours
@RERB pourquoi les clims des trains renoves (que tout le monde paie chaque jour) ne fonctionnent pas ? Merci
@RERC_SNCF @Abdelkarim_Mo de toute facon les annonces sont inaudibles a bord des trains
@RERC_SNCF DEBA19:49 Epinay/orge. Plus chaud dans le train que dehors. Trop bien. #qml
@RERC_SNCF Et comme par hasard le train ne tombera pas en panne pour une operation de com ;)
@RERC_SNCF Justement, pq le RER C met-il un temps fou a sarreter en gare de SQY, contrairement aux autres trains ?
@RERC_SNCF Scandaleux et inhumain de nous faire voyager dans de telles conditions ! C moyenageux! Des trains sans clim... ! HONTEUX !
@RERC_SNCF alors le trafic est il normal ou la gare de BFM doit ouvrir un cafe pour faire patienter le monde agglutine sur le quai?
@RERC_SNCF bonjour je dois prendre la ligne C pour un entretien mais j'ai cru comprendre que la ligne est ralentie ? A quel point ? Merci :)
@RERC_SNCF bonjour je suis abonne aux alertes rerc. Pourquoi n'y a t il pas d alerte alors que des trains sont supprimes cf cime a Massy.
@RERC_SNCF bonjour, il s'agit du train elba, 20:40 annonce voie A, arrive avec 10 mins de retard.
@RERC_SNCF ca vous amuse de faire passer 3 trains qui :1) ne s'arretent pas a Javel2) sont suivis,3) et espaces de 10 minutes ?
@RERC_SNCF ce coup ci oui, ce sont bien les trains du #14juillet qui arrivent a Bretigny sur Orge. Ils repartent les 16 et 17 juillet
@RERC_SNCF chgt de quai pr le B (autre train), et depart a 21h du train initial sur le A, avec les personnes qui n'ont pas entendu l'annonce
@RERC_SNCF les nouveaux trains (sieges multicolores) ne sont pas equipes de la clim ?
@RERC_SNCF non mais la bonne solution est de mettre un train long !!!
@RERC_SNCF on a deja eu un train 8V qui c est arrete en 4V a SMSO .....arrive plusieurs fois
@RERC_SNCF quel est le pb avec le train arrete depuis 20 mins a Savigny?
@RERD_SNCF @Denis91230 traduction, train pas entretenu.
@RERD_SNCF comme d'habitude le trafic est ralenti sur la ligne d @durovray
@RERD_SNCF vous me faites perdre mon temps. C koi ces trains avec des fenetres d un seul cote. C..........d
@RERE_SNCF c'est vraiment HONTEUX tous ces trains courts en pleine canicule !
@RERE_SNCF train supprime et le suivant est court, par temps de canicule. Vous m'epatez chaque jour un peu plus...
@RERE_SNCF vous etes vraiment des minables. Vendre l'eau 1 et mettre des trains courts 16h21 magenta tournan. Des ordures meme
@RER_BETAIL @Flo77Flo @RERB C'est vrai! Enfin, que ce "sentiment" de trains qui roulent continue!
@RSCLdaniel @servaisjulien1 @Pix_Len Tu nous tiendras au courant ??? Je serais hyper triste qu'elle parte...
@RatibaDadoukani en attendant ils ont rat les frres kouachi&co .ou ils taient au courant
@Reda_Jacks bn je m'y met, T'inquite je te tiens au courant du rsultat final!!
@Remi_Duhamel @Aurel_Wo t au courant que si tu le mentionne pas j'vais pas le voir trou duc  bah a s'fait po Parce que j'suis solo moi
@RmiVnb @NathannFournier Mdddr je joue la maman l  j'en suis sre tes parents ne sont pas au courant
@SebleoufWP @Erdrokan @PLeClown @Agamitsudo Sinon ya l'option train vers Part-Dieu  Jean Mace ; Metro B Jean Mace  Stade de Gerland :D
@SimonDml1 @djsnake haha j'imagine ! :D Ouiii grave, a serait cool! On se tient au courant! :)
@SkyMakerz L'anne dernire c'tait le 4 , le 2 j'etais au courant que j'avais pas mon bts
@SofianeBoud il sera encore plus bless!il est pas au courant de la nature violente de notre championnat @DZairFoot
@Sowanee @Chrhvne c'est un groupe d'encule ! Le RER A est le train le plus utilise au monde et ils ne font rien pour le rendre fluide
@Steffanyie cool! Tiens moi au courant alors, j'ai vraiment hte d'aller re-djeuner chez Rgine ahah :)
@Tairo_Love une signification particulire a me dgoute les gens qui se tatouent juste pour tre  la mode, sont-ils au courant que
@TeamLilianR j'espre vraiment, ce serait super. Tu nous tiens au courant?
@Telerama Toujours a contre courant Telerama! Les Guignols font toujours rire meme si cela vous deplait !
@TheHisokaH @Luna240681 @KeydeeGamerBoy nope, pas dispo et avec le trafic du rer D le samedi soir, j'vais eviter les taxis.
@TheShloka Tiens-moi au courant pour ton site. Ta remarque sera trs intressante et pertinente pour les autres. Je la rajouterai  la FAQ.
@TiBoX22Gaming @paul_mft @YoMax38 J'espre qu'il est au courant que vous arnaquier des gens, enfin il aura plus de sous pour les packs op
@Toomuchluv_ aller ma belle tu vas grer !tiens moi au courant
@Train_SNCF Jolies photos, elles sont beaucoup mieux que les miennes ! ;-) @RERC_SNCF
@TransportsIDF @Conducteur_RER oui enfin sur le #RERB la ventilation refrigeree en realite sur un train s/ 3, s/ les autres c'est en panne
@TransportsIDF Actuellement dans le #RERC et pas une goutte de clim, il y a meme pas de materiel climatise dans mon train.....
@UNGENJUTSU on en revient toujours aux croyances. Si personne n'avait dit que Dieu veut a et a, tre htro ne serait pas courant qui sait
@UnDruide Nan. Pas en courant. a ferait une prise au vent, a me freinerait et je risquerais de perdre l'preuve de vitesse
@VincentCourtade Courir en talon pour attraper un metro a l'arret n'est pas comparable a une meuf en talon courant plus vite qu'un T-Rex ;)
@Wilkens45 oh yeah? M ret kw tout bay ap byen pase. Tiens moi au courant love. Du calme et sois fort pour elle
@Wks_69 @LePoint @Eberretta elle prfre couter NS ! Bien qu'elle ne soit au courant de rien ! MDR
@YummyChantilly coucou merci de la proposition avec plaisir je te tiens au courant pour la date mais du 11 au 23 a sera pas possible :/
@ZHNLL_1D_14 mdrrrr tqt frre jattends, jte tiendrai au courant mme stv
@Zeref54 tg a me casse les couilles ma mre laisse les fenetres ouvertes pour avoir "des courant d'air" mais a 35 degrs a sert  rien ptn
@_AirOne_ J'vais gerer mon emploi du temps, et j'te tiens au courant de toute faon
@aaronzkeiy @ishiorenn Ouais c'est ca, ca s'voit t'as jamais eu ca en plein cours ou dans le rer A
@ad_ictive bonjour Adle, on espre que tu vas tre prise et tiens nous au courant, tu es la bienvenue dans notre bilicence :)
@aeliasng des gens ont tir sur une terrasse o y avait des noirs, aprs ils se sont tap avec des barres de fer ms jsuis partis en courant
@ah_frere ohhh excuse j'avais mme pas vu semaine pro je vais retourner je te tiendrais au courant si tu veux
@ah_frere oui je te tiens au courant pour la semaine pro tqt
@akounaudrey J'ai commenc ma carrire de prof en G-B et le Mindmap tait dj courant comme pratique pda. La France a tjs du retard...
@angelo_592 Ptdddddr wallah le pire c'est l'autre il lui disait " Sur la vie de ma mre je vais te tuer et apre sa par en courant Udain!! "
@anissa13004 xptrrr 1 foi j'etai avc mon daron il nous ai arriver la mme scene sauf que moi j'me sui barrer en courant sa mere
@antoine_Slvn a-t-il survecu au train de nuit sans couchette + RER ?
@azarola_ moi des le dpart je serais partie en courant x)
@bismatog Cela dit, reste problmes agents aux frontires ou compagnies ariennes pas forcment au courant ! #prcaution @Merle_teigneux
@canal32 hier ver 17h00 une conductrice tcat ligne 6 chapelle saint luc chartreux a eux un coup de chaud ,les contrleurs intervenu .
@caniche Bonjour,si vous prenez le bb dans les bras  l'arrire vous devriez y arriver! Tenez-nous au courant! (avec photo ;-) !)
@cashglas JE SERAIS PARTIE EN COURANT ET PLUS REMONTER PENDANT 3 MOIS MDRRR
@celiailyana Oui c'est sr. C'est la 1re qui est alle voir ses "partenaires de pacte" pour les mettre au courant de cette histoire...
@chacharugby Vous serez tenue au courant par mail du meilleur prix trouv chaque jour pour cette destination,afin de rserver ;) 2/2
@ckdu92 ouais mais c'est pas pour dormir, par contre y'a pas le courant, mais c'est sympa de peindre dans le noir, tu fera un monochromes ^^
@claraskii @LivioTPMPDLP mais c'est en prive personne ne sait que t'es au courant de tout a, je vois pas pourquoi tu serai ml  a
@dalaen @xbeaudouin @RERA_RATP @balbinus Car la clim ne marche pas tout le temps ? Trains equipes, mais pas forcement fonctionnel.
@ddlovatouat je le poste dans 20 minutes pour attendre quil sorte follow nous et tu seras au courant :')
@devaux_anais on a dj t l'anne dernire donc je sais pas si mes parents vont vouloir y retourner mais je te tiens au courant
@didhools Quitte  avoir des coupures de courant, je prfrerais que ce soit  cause des orages. Au moins il ferait un peu moins chaud
@evdifnja @MaitreBobby et ce serait quand? Je te tiens au courant tqt
@featstyIes d'accord j'espre qu'ils seront convaincu tient moi au courant
@fiona_btb j'tais mme pas au courant qu'on devait aller boire un coup pour fter le bac mdr
@frugovan Comme s'hydrater mme la nuit, placer 1 linge humide devant ses fentres et crer des courant d'air, se mouiller rgulirement.
@galeRERAfr #RERD GdL vers le sud ... retard et ralenti
@ginshirazu en train apres je prends le rer jcrois
@hrpgtwi euh, bah oui, je suis chasseuse au cas ou tu ne serais pas au courant ?
@htrock @actualite24 oui mais les pannes de trains et RER en ile de France sont largement minimises, c la cata ! Bcq prennent vehicule prive
@itsJeremyyy_  toi mtnt. Tu suis un club t'tais meme pas au courant de sa laisse moi rire
@itsxlly nn ils ont appel mon pre et du coup comme il est au courant de rien bah ils ont donn ma place
@jdehornoy Il va peut etre falloir aller prendre des cours chez les espagnols. Leurs Rer roulent ac les memes T ! @Asso_SaDur
@jdehornoy dica 7h25 a montgeron supprime, merci @RERD_SNCF !!,#rerd #qml si vous ne voulez pas faire rouler vos trains changez de metier!!
@jeanmarcSIRY @SimonAurore @RERC_SNCF @ACircule Il faudrait plus de trains a deux etages. Mais c'est une denree rare et chere.
@jeanmarcSIRY @bgoss44 @SimonAurore @RERC_SNCF @ACircule les rames recentes etant bi-courant on peut penser qu'il est plus logique qu' 1/3
@jeanneejp Mais tu es la dernire au courant
@jsherpin @francescuG @_Gerome @Phdesaint @vcsctti FM au courant de quelque chose ? Ce serait bien la premire fois !
@juliebensoussan @Alkanz Hahahaha votre doyen sera quan meme contacte et au courant dvos tweets sur haine de l islam
@julisange oui dans le RER :-) ca risque de couper :-(
@katiaely sers-toi de l'argument cologique. Porte ouverte, a va consommer bcp plus de courant :)
@kendjigiracmfr @Eloise_Girac si on en pas pas personne sera au courant
@kvdaIine oui c'est mon rpg mddddr, j'espre que t'aimeras et que tu vas pas fuir en courant
@l_bms je te tiendrais au courant si tu veux,on sait pas du tout pour quand sera l'accouchement mais le pb c'est que la chatte est encore
@lemaitre55 @flashboy2397 @hikennosarah Tu seras au courant de tout tqt pas !
@len_slo h mec j'ai mme pas reu d'invitation, j'tais chez mon oncle quand ma tante l'a reu c'est comme a que je suis au courant
@likrauhl @catwingzx c'est possible que je bosse pas la semaine prochaine ! Je serai demain !! Jte tiens au courant :)
@lordbknows @kyliebabesss la 1re fois j'avais dsac et la 2me fois j'tais pas au courant j'avais pas vu ta story
@louisupras merci babe, tu seras la premire au courant
@lpenou @dascritch et ceci confre moins de droit  celui qui devrait tre le plus au courant. Trs intressant comme modle de stupidit
@ltpkorp @RERB j'ai eu plusieurs fois des trains climatises cette semaine. Si deja les fenetres etaient fermees ca serait un grand pas
@lune_rer Bonjour et merci pour ce retour positif. Pouvez-vous m'indiquer le train concerne afin de lui transmettre vos remerciements ? ^C
@maaaaaaaaargot XPTDR et moi j'ferai du bruit avec mes pieds en courant
@makaveliRoss frre 12 milliard je me laisse remplir le cul et je supprime tout le monde qui est au courant aprs
@meryemmarzouki En tout cas, dans le langage courant Turc, dire "Mayna" a veut dire abandonner :) Langage marin, librer la drisse pour 1/2
@mralex3392 OUAIIIIIS ON SERA 2 au courant toi et moi youhouuuuuu ^^
@mylanworld @jtmansel sauter une ligne 6 , mettre un trais 5 et un espace i reste que 4 caractres cmnt tu forces
@neornis entre autres parce que notre petition de 2008 a permis l'achat de trains neufs sur le RER A. Le RER D a des trains des annees 80.
@obalmasker bon tg j'te fous un escargot devant toi tu pars en courant pour demander au fbi de l'arrter alors dont judge the ozer
@ornellabanana ptddrrrr mais grave j'aurais balance a la police et je serais morte! Ah mais ca y est la police est au courant d'ailleurs
@porcum le dernier message n'est pas 2 vous mais copie du tweet de @SimonAurore 1ere version, sa seconde photos floutee @RERC_SNCF @bgoss44
@queensurvivors (t'inquite, l'anne prochaine peut tre (mais je te rappelle que personne sera au courant))
@raphiAgel si tu suis mes lives tu serais au courant, sinon vas sur la chaine de @moonze67 ici :  est expliqu
@reseauastuce : Bus 3205 de 15h15 Place Saint Sever => Accident evite, le conducteur ne s'arrete pas au passage pieton, j'ai recule a temps
@ryadflament si ma mre est pas la, il le fait pas il est pas encore au courant
@sdeschiens Bonjour est ce que Valerie prevoie un changement des trains des RER metro bus ?
@sebchabal une fillette  barbe... -prend son Twitter -part en courant,-regarde derrire lui au cas ou On t'aime Seb!
@shrimp_polish @LostSaga @Nausicaa_Npa 2/2  ce compte l pq s'arrter aux matresses,on ctoie un tas de professionels au courant d'1 anne
@shrimp_polish @LostSaga @Nausicaa_Npa haha ^^ (tu es au courant pour le pre Nol ? ^^)
@skylinsun okay je vois avec ma mre en fct de ce qu'on fait et tout jte tiens au courant !!
@stephane_225 ptttttttdr tu sera la premire personne au courant quand je sortirais et je t'expliquerai un truc aussi ! Tu connais pas tous!
@thalys_fr merci de me tenir au courant car pour la Belgique ca serai genial de Nice Ville
@thatzmiley ok Colton en sera au courant
@tinywesley j'taurais bien dit viens a marly vers les coups de 17h mais les bus chez toi laaaa
@toine762 Les transports en commun ne sont que des choix politiques. Refaire la totalite des RER coterait 10x - que le Grand Paris Express
@tparigo la canicule rend la marche difficile, fait peter les RER-trains. si en + les voitures st limitees, on n'aura plus bcp de mobilites
@valaraukar28 @Lewotine ok ben on verra en arrivant (genre s'ils annoncent des RER bloques ou quoi) et on vous tient au courant :)
@valvert ok tiens moi au courant si c'est dans un court dlai. Sinon, je ferai difframment.
@w0rder Oui ALAC, mais le format n'est pas courant. Je DL en FLAC et passe l'album sur XLD, c'est tellement pratique. x)
@wolffclara mais qu'il est mignon mais en mme temps naf heureusement pour toi d'ailleurs sinon toute ta famille serait au courant
@wouamai @Pierre_Costals @VonBabatus @Coemushi @ZettaifortheWin @Kyonata accident voyageur 9 du coup j'ai pris le tram fear le b a cite u
@xiaofengpinku Je serais partir en courant.. En plus il essaye de faire des bbs
Actuellement en train d'attendre le RER
Ah non moi la belle mre elle me fait manger un poussin j'me barre en courant  #QVEMF
Ah oui d'ailleurs la scne o le raptor dbarque en courant au ralenti m'a tu, c'tait tellement clich, je sais pas si c'tait parodique??
Ah sinon, pour celles et ceux qui ne seraient pas au courant, #ToutVaBien #TouchePasAuxGuignols
Allez on rigole un coup. Puis on va prendre successivement ma 7 et le rer A. #ratp #sncf
Alors ma niece elle sait faite oprer aujourd'hui je suis meme ps au courant? Sisi la famille
Alors moi je sors de chez Louise en courant pour partir avec mon pre pour acheter  manger mais j'oublie mes sous
Apparemment j'aurai dis  Anthony de venir chez moi pour bz. Ok, j'tais pas au courant. Il va d'abord niquer sa mre au lieu de parler.
Apres avoir accroche mon retro alors que j'etais a l'arret, un chauffeur de bus #Tisseo se vente d'avoir eu 22 accidents en 15ans!!
Apres avoir accroche mon retro alors que j'etais a l'arret, un chauffeur de bus @Tisseo se vente d'avoir eu 22 accidents en 15ans!!
Apres les RER hier, aujourd'hui le train qui ne veut pas partir, je vais finir par croire que je suis maudit pour les transports en commun.
Apres un bus, un rer, un metro, un train et de la marche (et tout ca en 1h25) je suis arrivee au bureau ! #Taff #Victoire
Aprs le gars il m'a sortis tes srx la et j'ai vu ils venaient vers moi j'sui partis a coter de mon pre en courant
Au cas o vous seriez pas au courant.
Au courant la dernire comme d'hab
Aux voyageurs sur Paris, attention le trafic de la ligne 9 est interrompu entre Nation et Havre Caumartin #RERA
Bernard : Un peu d'impatience sur cette1re course #tourvoile il va falloir faire attention au courant aujourd'hui
Bilan ce vendredi : 0pb train rempli mais pas blinde a lh matin et soir ... Donc @LaPtiteElice je te somme de plus prendre le #rerb svp ! :)
Bjr @RERB, 4eme jour a + de 35 et tjs pas d'air "refrigere" dans les trains, quand comptez-vous le faire activer? Le 25/12? thx #RERB #QML
Bloquee depuis cent ans dans un train sans clim, sans eau, sans bouffe, subissant mes regles, et en plein soleil. \_()_/ #RERC
Bon Alexandre est pd comme un phoque, et il n'y a que sa mre qui ne soit pas au courant ! #QVEMF
Bon a serait bien si le courant pouvait revenir
Bon une heure aprs, a serait cool de remettre le courant  Binche contre ... je croyais que le Black-out, c' tait en hiver moi ...
Bonjour, ce matin Denis vous renseigne sur l'etat du trafic #RERA #RATP.
Bordel monstre sur la ligne 9 depuis 17h30. Selon l'expression consacree : accident grave de voyageur #metro
Breaking News: Bientot des trains kawaii-OnePiece sur votre ligne #Decredibilisation #RERBKikooDensha #LaClimBordel
C chaud l'accident de bus la
C'est deja bien que le president de l'assemblee nationale #Bartolone soit au courant de l'existence du RER !
C'etait quoi ces pb de transports ?? Putain. Moi je suis dans mon RER A je suis meme au courant de toutes ces foutaises
Ce soir il y a un repas de famille et jsuis mme pas au courant, j'adore
Ce soir j'ai eu droit a 1 #rerc elba pas climatise qui fait des arrets hors gare alors que les gentils #ter passent sans soucis. Youpi. #qml
Ce soir on sort apparemment le pre de Paul m'a mise au courant mais Paul lui m'a rien dit
Ceux qui ralent de la femme de #JurassicWorld courant en talons devant un T-Rex, je viens de voir la meme course pour rattraper un metro.
Chez moi i ont remis le courant #On
Cliquez sur la mention " j'aime" de notre page facebook pour rester au courant des dernires actualits .,L'quipe ADJEMIN
Compte courant : le Crdit Agricole veut  Facilit'er  le changement de rgion
Conducteur: "Attention, ce train est terminus Roissy 1.",Ca sent la mecomprehension touristique. #RERB
Contre Courant on l'a gerait avant.. plus maintenant, on va train hard cet map coute, bien oblig
Coup de gueule Je trouve Cela Inadmissible que par cette chaleur il n'y ai pas ma clim dans les Rer & dans les bus #Honte @GroupeRATP @SNCF
D'o le #courant s'est coup puis s'est tout de suite remis en marche ? Pendant 2 secondes, on nous a prsent Ray Charles Simulator 2015.
Dans le RER B direction @japanexpo j'etais pas sur d'etre dans le non train puis j'ai vu 2 Sephirot et 3 Lolita. C'est bon, c'est safe.
Dans le train vers La Defense puis RER B -> Japan Expo
Dans les coulisses du PCC de la ligne A du RER  #qml
Des que ya eu le feu d'artifesses mon chat il s'est barr en courant frre MDR
Donc le @RERB n'est pas climatise alors que c'est un train tout neuf ... je suis entrain de mourir de chaud
Ds le rerB gt en train dmourir jcrois vs savez pas
Du coup ma mere elle m'oblige a partir en tram ptn
Ducoup je me suis barr en courant, sauf que j'ai oubli d'teindre les lumires.. Je suis au bout de ma vie..
EMAL97 Fortment ralentit a son arrivee a Bourg La Reine #RERB
Elle m'a fait traverser toute la rep en courant ..........
Et apres ma mere me dit oui ba samedi on sort et on revient a la maison apres ! Ptn j etais pas au courant moi , comment je vais faire :(
Et ce matin je voulais recup un truc dans mon sac et  ct y'avait une NORME araigne omg mme ma mre est partie en courant
Et maintenant apres du RER B, du metro et du train le tout a 35 degres -> Douche + Pizza + Coca
Et re coupure de courant :-/
Et si il y a un pas beaucoup de feu rouge y a toujours un fdp de camion qui ralenti devant ton bus #LT
Et sinon @rerb pourquoi vous obstinez-vous a faire rouler des trains mixtes (renove / non renove) ? SOSI60
Et vzi l'metro il est arrive a Ranelagh trafic toujours perturbe tt l'monde est descendu on a tous pete l'bus mdrrrr
Faire Cervens-Rzier a 1h00 du mat en courant avec @estelle_tvra et Agathe, qu'est ce qu'on ferait pas pour Lucas
Fais pas comme si tu savais pas ce qui se passe si mo...  Pourquoi je serais au courant ? Moi mme je ne suis p...
Fait la faux-cul derrire et la gentille devant. Sache que tout s'que tu dit derrire j'suis au courant :)
Faudrait faire des train decapotable psk la la chaleur c'est insupportable surtout le RER B y'a meme pas la clim
Grosse panne de courant jeudi en fin de journe dans l'est du Brabant wallon by  via RTBF Info - Dernire m
H mais j'tais pas au courant qu'il fallait s'arrter au bout d'un moment quand on mange un pot de glace j'le finis tout les temps
Heureusement mon pre il es au courant de rien psq a c't'heure ci j'serais dj morte
Hey @RERA_RATP ca sert a quoi d'avoir des trains climatises si vous ne les mettez pas les jours de canicule?
Hier j'ai croisee Neria au RER du coup on a fait le trajet ensmble
Il commence  avoir un lger courant d'air, a fait vraiment du bien
Il y a 1h j'avais plus d'eau et l j'ai plus de courant j'ai plus de wifi/tl et lumire -' Idk il se passe quo i
Il y a de l'orage j'espre il y aura pas une coupure de courant sinon je peux plus rien faire chez moi.. Vive la domotique
Il y a eu un accident de metro sur lz ligne 9
Ils ont dj retir un couille  Hollande il est mme pas encore au courant. Tu bavardes pour rien .
Ils vont vers la pompe et vu qu'ils peuvent pas nager  contre courant ils se laissent flotter xD
Infotrafic #RERC Le trafic est interrompu entre Pontoise et Montigny Beauchamp, plus d'infos a venir
Infotrafic #RERC Reprise progressive entre Pontoise et Montigny (feu a proximite des voies a St Ouen: les consequences trafic se terminent)
Infotrafic #RERC [MAJ] Les trains DUFY a destination de Dourdan sont depart de Paris Austerlitz G L jusqu'a 20h
Infotrafic #RERC [MAJ] Les trains KAMA  destination de Chaville Vlizy sont supprims jusqu' 20h
Infotrafic #RERD : Trafic ralenti sur axes Paris/Goussainville et Paris/Melun via Combs jusqu'en fin de soiree
Inutile de vous en faire, le #RERD continue d'afficher un trafic #OK
It's Okey That's Love: et voil, c'est dit, la mre est au courant. Ambiance de merde~
J'ai commenc brivement  croquer Natsuki. L'illu sera p-e finie dans le w-e, sinon courant semaine prochaine ;)
J'ai louper mon bus ma mere a du venir me chercher..
J'ai mm pas envie de batailler avc elle mddr j'forcerais pas nsm je serais au courant des congossa slmnt
J'ai teste pour vous : Accident voyageurs dans le metro en pleine canicule. L'enfer est proche.
J'appartiens  personne, jprfre que tu sois au courant
J'aurai pu finir a 16h30 mais j'ai bus ni train, alors je dois attendre que ma mere vienne me chercher a 17h45
J'aurais pas d prendre de despe. Dormi 3h30, 1h de voiture, 3h de train, 1h de rer + plus la journee avec la chaleur, elle m'a eu jcrois xD
J'aurais vue a je serais partie en courant la vie dma mre #QVEMF
J'avais un ventilo avant ma mre l'a jet en disant "tu le laisse allum toute la nuit, c'est toi qui paye le courant?" Depuis c la merde
J'en peux plus, une folle est venu engueuler le RER... OUI LE TRAIN LUI MEME, elle parlait au wagon.
J'espre j'tait pas le seul a avoir eu une coupure de courant
J'espre j'tait pas le seul a avoir une couper de courant
J'espre qu'ils vont pas couper le courant aujourd'hui !
J'essaierai de vous faire une Twitcam vers 20h dans la semaine prochaine. :) je vous tiens au courant
J'tais mme pas au courant que mon frre tait parti a Orlans
J'vais m'installer chez elle mais elle sera mme pas au courant tellement c'est grand
JE SUIS COUCH PAR TERRE A LA FENETRE PRES DE MON PERE POUR AVOIR UN COURANT D'AIR FRAIS PTDDDDRRR
Je crois qu'il c'est passer un truc chelou vers chez moi.. Dj j'entends des cris chelou la ya un mec qui par en courant ..
Je le dirai pas a mon pre car il porte la poisse et je peux tre sre que dans les 2seconde tte ma famille sera au courant...
Je me suis lever Ya pas longtemps videmment Ya plus de courant je sens que e vais traner en pyjama encore longtemps
Je parie que je suis encore la dernire au courant
Je regarde bus palladium avec mon frere de 10ans oups
Je suis face a la ptite conne a qui j'ai mis un coup de coude ya 2 semaines, elle voulait pas ouvrir la fenetre #RERE,Battle de regards
Je suis tellement soulagee d'etre enfin sortie du metro que j'ecoute "Liberee Delivree" a fond en courant vers le rayon frais du Franprix
Je viens de faire 4h de train, 30min de rer+bus, j'ai pas mange ce midi, il fait 35 degres eeeet j'ai pas mes cles
Je vois la mere, son contour des levres au crayon fonce, le chien et l'appart, je pars en courant direct ! #QVEMF
Je vous tiendrai au courant quand je ferai ma 1re vido ! :p
Jo vient de se faire couper le courant en pleine partie, j'pense qu'il va pter un cble
Jsais pas si ils sont au courant quils peuvent pas rtourner en arrire aprs faut vrmt aimer tre moche pour faire a
Jsuis sre qu'il va pas se gner pour mettre tout le monde au courant
L'Encyclopdie de RRI/Le peintre Victor Brauner Un des reprsentants les plus importants du courant surraliste...
La Japan expo, c'est un peu mon moment pokemon, dans le rer.. A grand coup de pokedex pour reconnaitre les cosplay...
La Ligne d'Urgence  0596.63.31.31.,Si vous avez un scoop, en cas d'accident, embouteillage ou autres vnements...
La STIB retire ses trams 2000 pour l'ete car il ne sont pas raffraichis. La @SNCB ne ferait-elle pas de meme avec ses trains non-climatises?
La je peux mourrir demain wallaye personne sera au courant
La nuit dernire je vous ai pas dit mais vers 5h il faisait bon, y'avait moyen de faire un petit courant d'air. Je vous dirai cette nuit.
La ponctualite chez @RERA_RATP c'est d'annoncer un train a 8:33 pour qu'il n'arrive pas avant 8:43, bravo,tous les jours un service merdique
Le RER B c'est une galere. Traffic interrompue car il y a des gens sur les rails.c'est quoi vos bailles a vous ?
Le RER D dans un train d'enfer
Le Wi-Fi gratuit pour ts les trains @SNCF d'ici 18 mois ; manque plus que la clim ds le @RERA_RATP !  via @twandroid
Le bus qui vient de me faire courir de ce temps la nique bien ta mere !
Le bus s'est blinde d'un coup ils puent tous l'eau de mer ses cons
Le courant passe bien j'espre qui restera du jus
Le manager des jacks fait des dates les jacks sont mme pas au courant je suis sre
Le metro a faillit faire un accident, il a freiner d'un coup, j'ai eu le temps de voir toute ma vie defiler
Le petit courant d'air en sortant du RER c'est jouissif
Le rer A il y a la clim que dans les train blanc sinon dans les autres ya 30% de fraicheur
Le singe  disney on a du prendre un selfie en courant a ct, il voulait pas s'arrter le con
Les accidents graves de voyageur s'enchainent dans le metro ...
Les bus et les trains avec cette chaleur c'est devenu des four frere
Les conducteurs de transports la putain de vos grands mres vous tes au courant que yen  qui sont en retard ?
Les gars si il y a la clim dans les trains ca sert a rien d'ouvrir les fenetres -' #Paris #RATP #RER
Les gens vu ce temps faut prendre des douches serieux... #rerc #Train #SNCF #Canicule2015
Les lumires , courant de penss dont montesquieux , Diderot et d'alembert , Rousseau et Voltaire faisait partit
Ligne 9 a l'arret accident de voyageur, c'est le moment #uberpool merci !
Ma belle mre elle me sert un poussin a table je me casse en courant c'est des ouf les chinois #QVEMF
Ma darrone aurai pas couper le courant quand mon pre lui a dit on serai tous dead lectrocuter oklm
Ma mere: les coupes de cheveux longs dessus, rasees sur les cotes me font penser a une epilation du maillot ticket de metro.
Ma mission c'est de pas louper le bus ce serait con
Ma mre elle vient me chercher en courant pour me montrer son brumisateur de terrasse, c'est de la frappe
Ma mre me casse les couilles  m'avoir renie je suis au courant de rien l. ):
Ma mre, elle est au courant de rien de ce qu'il se passe ds ma vie elle m'appelle elle me fait t'es dj rveiller ? Tu fais quoi demain ?
Ma nouvelle intro juste ENORME sera publie aujourd'hui sur YouTube ! Restez au courant ;),
Mais quoi qu'il arrive je serais pas au courant
Malheur ! Le trafic du #T1 est interrompu entre GARE DE ST-DENIS RER et MAIRIE DE VILLENEUVE-LA GARENNE (acte de malveillance) #KO
Mdr mon frre il imiter le cris de la lionne quand elle appelle ses petits et mon chat il c'est ramener en courant
Mdrrr ta lheure lea elle a dit et si on est pas la demain et la sa mere elle a dit bah tes ou demain elle est pas au courant elle va a paris
Mdrrrrr depuis la soire de 70 personnes chez Mevou ou ses parents taient pas au courant et que mon pere a gaffer, il veut vrifier mnt
Merci @RERA_RATP pour tes trains climatises, comment va-t-on faire pendant 1 mois cet ete ??
Merci la #Canicule qui ralentit le RER ,,Et merci au RER B Qui confond clim et chauffage
Merde la semaine derniere j'ai dis a Sirine que je la rappelait quand je serais sorti du metro, ben pour elle je ne suis jamais sortie, oups
Mesdames messieurs, le trafic du #RERA est fortement perturbe pour cause de pon...
Meteo du #RER (#ratp) : KO () 03/07/2015 a 08:46 Trafic normal sur l'ensemble ...
Meteo du #RER (#ratp) : OK () 03/07/2015 a 09:41 Trafic normal sur l'ensemble ...
Mme si je suis raide dingue du mec, s'il a une mre comme celle de Michael , je pars en courant et sans me retourner #QVEMF
Mon frre il arrive ce matin  7h30 en courant dans ma chambre et il se met  sauter sur mon lit en disant "c'est le dernier jour!!!!"
Mon frre vient de courir a ct de moi sa m'a fait un courant d'air ommgg sa fait du bien
Mon petit frre qui est arriv en courant et me disant " rveill !! " en me sautant dessus. J'peux pas avoir de meilleur rveille.
Mon petit frre se prend pour un cavalier du moyen ge en courant avec le parasol entre les jambes ptdrr j'en ai marre
Mon pre me tient pas au courant pour l'annif de Camille.
N'abandonnez pas votre ventilateur parce que tant que le courant passe il sera toujours l
Nan les transport odj c trop dja la ligne 9 accident a Rpublique sa a ralenti toute la ligne
Nan mais vous tes au courant que les fontaines  Armentires c'est pas des piscines ?
Nomie a dit "Je t'emmnerai au cheval tqt quand ta mre sera au courant" COOOOL
Nomie elle me fait "tu viens avec moi au cheval ?" je lui ai dit "oui srieux?" elle me dit "Mais ta mre est pas au courant"
Nous on prvoit de sortir aujourd'hui mais ma mre elle est grave pas au courant
Nous sommes dsormais sur Instagram ! Suivez nous pour tre tenu au courant des dernires actualits....
OH LA PUTAIN DSA MERE JE TELECHARGAIS REVENGE 3x16 PLUS DE COURANT DONC PLUS DE WIFI DONC PLUS D'PISODES SA MERE LA PUUUUTE
Oh lbatard mon frere il a fermer ma porte ya plus de courant dair
Ohh je viens de voir qu'il y allait avoir un pirates des carabes 5, j'suis sre tout le monde est au courant sauf moi comme d'hab
Ok donc ma mere me propose de plutot prendre le train + metro. Bon par contre ca cotera plus cher. (g di ui)
Ok j'serais au courant
Ok, mon pre m'a pas tenu au courant. Blc j'irai quand mme.
On dirait qu'il y a une multiplication des trains non climatises depuis qu'il fait chaud #RERA #merciRERA
Ou sont les controleurs du @RERB toujours prets a ralentir le monde? Il y a de l'amende a faire avec les petits malins de japan expo
PTN MA MRE EST AU COURANT! JE SAIS PAS QUI A BALANCE J'VAIS M'ENERV LA
Panne de courant a suresnes. Ambiance apocalypse. Les Zers en larmes checkent leur niveau de batterie.
Panne de refrigeration sur la remorque de queue de ma Z20900 de mon train du @RERC_SNCF Fuyons #qml #sncf #rerc
Par accident jai bus du lait tourner je soufre ma race !
Par contre, j'espre qu'il ne lira pas ma lettre devant moi. Sinon il est fort probable que je parte en courant
Parrait-il jsui un loveur j'tais mme pas au courant sa mre
Parrish il est courageux moi j'entends du bruit derrire un mur jme casse en courant #teenwolffr
Pour ceux qui ne sont pas au courant, ma dernire vido est sortie hier ! 1000 Abonns !  via @YouTube
Pour les colis voici ce que nous savons! Ainsi tout le monde sera au courant ... 36h qu ils sont en France mais...
Pour une fois dans le train climatise personne a ouvert les fenetres! Ils ont enfin compris? ?? #RERA
Pour une fois j'etait a l'heur! Le rer etait en retard et j'ai louper le bus Roh
Prsn n'est au courant pour mon beau pre. En faite personne ne connat ma vie  pars certaine d'entre vous a qui j'ai vrmnt tt racont
Ptn j'ai fait gro courant dair chez moi plus ventilo j'ai froid sa mere AHHAHAHA y'a plus de vent que dans la chatte a capucine @Cartilagee
Punition solaire : etre reste jusqu'a present a demi nu sous un ventilateur, et devoir desormais enchainer ligne 5/ligne 4/RER A/train.
Putain a cause de mon frere on a loupe le bus
Putain on se traine et le train broute comme une vieille voiture...En plus fait plus de 50 dans le wagon...je vais clamser @RERC_SNCF #rerc
Putin 20 min que j'attends, je pense que leur grosse pute de mere est en train d'accoucher ce fils de pute de bus
Quand j'etais metite ma grand mere elle ma toujours dis " ya deux choses pour lesquelle on ne cours pas : un bus et un mec"
Quand ma mere gueule, c'est simple, toute ma rue est limite au courant.
Quand tu valides ton ticket et que 10sec apres on annonce qu'un accident bloque tout les trams bah tu te dis que t'as paye pour marcher quoi
Quand un mec te regarde dans le train ou dans le bus pendant tout le trajet je n'ai qu'un mot a dire a ce sujet ENCULE TA MERE.
Quand vous supprimez des trains, faites arreter le suivant a tous les arrets !!! @RERA_RATP #NeuillyPlaisanceStationDeMerde
Quel genre de boulets les gens... Ouvrir la fenetre d'un train climatise... #rerc
Quelqu'un a lacher une odeur dans le rer B et pour le coup, j'y suis pour rien ....
Quelqu'un sait comment rcuprer une vido de fraps suite  une coupure de courant ? Je peux la lire avec vlc mais rien avec mdia player
Quemigny-sur-Seine : un bless grave dans l'accident d'un bus scolaire
REF/LU6721 ARRIVAGE COURANT DE L ETE
RER B : trafic perturbe - presence de personnes aux abords des voies a Mitry Claye (incident termine) #QML #RERB
RER B: le trafic sera ralenti toute la journee suite aux conditions climatiques (fortes chaleurs) donc risque de dilatation du rail
RT @237online: Cameroun-France - Diplomatie: Le courant passe: Les deux pays se concertent de manire permanente sur les sujets
RT @94HBLUELOUEH: Mon frre vient de courir a ct de moi sa m'a fait un courant d'air ommgg sa fait du bien
RT @ACouvois: @jo_ninio j'espre que Fabien est au courant
RT @Adilooou: @TransportsIDF Actuellement dans le #RERC et pas une goutte de clim, il y a mme pas de matriel climatis dans mon train.....
RT @Alain_Dmb: Les conducteurs de transports la putain de vos grands mres vous tes au courant que yen  qui sont en retard ?
RT @AlexdeRavel: Pour ceux qui ne sont pas au courant, ma dernire vido est sortie hier ! 1000 Abonns !  via @YouTube
RT @AnnaLange_: Le singe  disney on a du prendre un selfie en courant a ct, il voulait pas s'arrter le con
RT @AnnaSevani: H mais j'tais pas au courant qu'il fallait s'arrter au bout d'un moment quand on mange un pot de glace j'le finis tout les temps
RT @Anti_RERB: Sur le quai du @RERB des anglais rigolent  la lecture de "train retarded" (train dficient intellectuel) :D
RT @Antillaise__: le courant chez moi toute les 10 min il ce coupe ptn de ta grosse mere la grosse pute la ! heuresement j'ai du credit la
RT @Asso_usagersidf: @neornis entre autres parce que notre ptition de 2008 a permis l'achat de trains neufs sur le RER A. Le RER D a des trains des annes 80.
RT @AypierreMc: Hey @Fuuukano ta vu @m6 a repris notre serie ! Tetais au courant toi ? Et @shellgratuit tu savais aussi ?
RT @BRISEMARINE1: Annonc hier par le clbre chantier Fountaine Pajot, voici de dernier multicoque qui fera son entre courant...
RT @BsrtDeborah: @maaaaaaaaargot XPTDR et moi j'ferai du bruit avec mes pieds en courant
RT @CIaudeFrancois: RE JE SUIS LA, DSOL DU RETARD J'AVAIS UNE PETITE COUPURE DE COURANT
RT @Cara_StGermain: Mes chris je ne serai pas en show cam ce soir , plus de courant ! Je pense a vous ....RT si vous aller penser a moi
RT @CarolineFley: Je suis tellement soulage d'tre enfin sortie du mtro que j'coute "Libre Dlivre"  fond en courant vers le rayon frais du Franprix
RT @CheyenneEthan: j'ai voulu casser un uf sur la tte de mon beau-frre comme il a eu son BTS, sauf qui c'est barr en courant la tapette
RT @Chocolatine_tan: Avis aux utilisateurs du @RERB : ouvrir les fentres d'un train climatis a pour seul effet que de faire entrer de l'air chaud #effetinverse
RT @Conducteur_RER: Fausse polmique des rames trop hautes :
RT @Conducteur_RER: Tiens @Nice_Matin, a devrait t'intresser.
RT @CritiqueTout: Mdrrrrrr y'a Kanye et Kim K elle est mme pas au courant. Typiquement le genre de truc qui arriverait  ma mre.
RT @DSTRYR777: @tiedocisse16 vous courrez vers chez vous en courant  1h du mat?
RT @Denis91230: @jdehornoy dica 7h25 a montgeron supprime, merci @RERD_SNCF !!,#rerd #qml si vous ne voulez pas faire rouler vos trains changez de metier!!
RT @Diananouw: @stephane_225 ptttttttdr tu sera la premire personne au courant quand je sortirais et je t'expliquerai un truc aussi ! Tu connais pas tous!
RT @EBlasiak: Mesdames messieurs, le trafic du #RERA est fortement perturb pour cause de poneys sur la voie #OnAuraToutVu
RT @Enercoop_SCIC: 28:40 > Enercoop, acteur solidaire dans la lutte contre le #changementclimatique ! @GERES_fr #COP21 #climat
RT @Eveee_P: Parrish il est courageux moi j'entends du bruit derrire un mur jme casse en courant #teenwolffr
RT @FansBretagne: La mer & le ciel en #Bretagne sont au courant
RT @Freedite: Quand un mec te regarde dans le train ou dans le bus pendant tout le trajet je n'ai qu'un mot  dire  ce sujet ENCULE TA MERE.
RT @HilSou: Yacine il va clams personne sera au courant il dors tte sa vie et il fait des ptite aparition et a 6h il te dit vien on sort nan ?
RT @Itsaintjoie: Tout les matins un train est supprim. Foutu RER E la
RT @JVCom: @ChocCordage4 il faut la strat : ouvrir des fentres, crer un courant d'air, et a devient  peu prs supportable :/
RT @JadeStey: Si un jours je croise les frres bogdanov mais je part en courant
RT @Jason_Rld: Les gars si il y a la clim dans les trains a sert a rien d'ouvrir les fentres -' #Paris #RATP #RER
RT @Jordan_6693: @kikifourmy97 ouaiii *_* bahh tkt pas on se dit au courant mon frre <3
RT @KLAIMANCE: Je vois la mere, son contour des levres au crayon fonce, le chien et l'appart, je pars en courant direct ! #QVEMF
RT @KassimCorsaire: Ca s'voit ls vineurs s'ils gagnent 1oscar Ca va lcher des "ya que ma mre ki croyai en moi" alors kelle ntait pas au courant des perruques
RT @KatandeObed: Un STMG Drague une fille dans le RER-Slt beaut tu va o ?- La Dfense et toi?,- l'attaque Mskn le train la tacler dans la surface
RT @KetchABHAY: Si @claudebartolone lchait un peu sa voiture de fonction pour prendre le RER, il connatrait un peu mieux la rgion
RT @Kookie_Cute: mon son tait  fond ma mre est arrive en courant,elle pensait que mon pre s'tait fait mal ptdrrr
RT @LaFaarah: @Wilkens45 oh yeah? M ret kw tout bay ap byen pase. Tiens moi au courant love. Du calme et sois fort pour elle
RT @LaurentCREPET: @RERC_SNCF DEBA19:49 pinay/orge. Plus chaud dans le train que dehors. Trop bien. #qml
RT @LeMOGABO: Nous avons reu plusieurs messages demandant la position du #MOGABO suite  la cration de "hritage et modernit" un courant au sein du PDG
RT @LeParisienInfog: #RER et #Transilien, le point sur les trains climatiss @GroupeRATP @SNCF @le_Parisien >>
RT @LeParisienInfog: Tous les travaux et perturbations prvus en IDF trains, mtro, RER @GroupeRATP @le_Parisien >>
RT @LePrenoms: Kenza c'est le prnom des meuf qui cour driere le bus mais elle le rate apres elle marche
RT @Linformatrice: Combien de franais sont au courant que le pre de Mohamed Merah a touch de l'argent de la DGSI pr ne pas dvoiler les vidos de son fils ?
RT @Lucaschlck: @obalmasker bon tg j'te fous un escargot devant toi tu pars en courant pour demander au fbi de l'arrter alors dont judge the ozer
RT @Lucretius4: @Teiram67 grce  vous je suis plus ou moins au courant mais c'est la premire fois que j'entends parler de cette histoire @StBeni
RT @M_AZF: @RmiVnb @NathannFournier Mdddr je joue la maman l  j'en suis sre tes parents ne sont pas au courant
RT @MaLigneCDeLaM: RT @Adilooou: @TransportsIDF Actuellement dans le #RERC et pas une goutte de clim, il y a mme pas de matriel climatis dans mon train.....
RT @MappyCity: #RERC : la double peine : vous suez et en plus il y a des ralentissements ! #BOF #Canicule2015
RT @MappyCity: #RERC : trafic est interrompu entre Pontoise et Montigny Beauchamp, dans les 2 sens jusqu' 11h30 #KO feu  proximit ...
RT @MappyCity: Tenez-bon ! Le trafic est ralenti sur l'ensemble de la ligne #RERC ! La gare de Dourdan La Fort n'est pas desservie #BOF
RT @MappyCity: Tenez-bon ! Trafic ralenti sur l'ensemble de la ligne #RERC #BOF
RT @MarionDuvernois: C chaud l'accident de bus la
RT @MarvinhoPakinho: On reoit un cours de la vie dans le bus d'un tonton africain. C'est trs enrichissant et comique @KiD_RuDy @Bodj94 @Adouuuu @YoannArsenal
RT @MathildeL5: Ma belle mre elle me sert un poussin a table je me casse en courant c'est des ouf les chinois #QVEMF
RT @MathitaDwr: Porter le voile, obissez  Allah et vous serez heureuse, c'est pas en courant vers les hommes que vous serez heureuse .
RT @Matt_Calafiore: @UnDruide Nan. Pas en courant. a ferait une prise au vent, a me freinerait et je risquerais de perdre l'preuve de vitesse
RT @McGarden_8: Au cas o vous seriez pas au courant.
RT @Meeysha972: Il lui fais essayer une robe de marier j'serais partit en courant wsh
RT @Melimellow90: @galeRERAfr #RERD GdL vers le sud ... retard et ralenti
RT @Miss_KEmma: On dirait qu'il y a une multiplication des trains non climatiss depuis qu'il fait chaud #RERA #merciRERA
RT @MohaOnizuka: @makaveliRoss frre 12 milliard je me laisse remplir le cul et je supprime tout le monde qui est au courant aprs
RT @Momsy_: le programme il a commenc j'suis meme pas au courant les freres
RT @MorganeRabiller: "si on la reois aujourdhui on va rflchir o la mettre, bon je te tient au courant mais il me la faut pour le 10" WAAAAAAAAAAATH
RT @Mr_H_Tomlinson: @Mr_L_Styles ouais mais c est pour mon bon sa serait bien que je sois au courant *se leve et decroche*
RT @MyriamGandega: Uranie el part en voyage aec sn gars sn daron il a dis oui oklm frre dj moi si j'ai un gars est ce que mn daron i sra au courant mm
RT @Nialliament: @wolffclara mais qu'il est mignon mais en mme temps naf heureusement pour toi d'ailleurs sinon toute ta famille serait au courant
RT @Nikita_inesniki: Si @claudebartolone lchait un peu sa voiture de fonction pour prendre le RER, il connatrait un peu mieux la rgion
RT @OnMaApplaudit: Le chauffeur du bus a ralenti par ce qu'une beurette traversait, je lui ai dis "azi passe c'est orange" on m'a applaudit, j'ai roul l'bus
RT @OnMaApplaudit__: Le chauffeur du bus a ralenti par ce qu'une beurette traversait, je lui ai dis azi passe c'est orange, on m'a applaudit, j'ai roul l'bus
RT @PervEonni: J'aurais pas d prendre de despe. Dormi 3h30, 1h de voiture, 3h de train, 1h de rer + plus la journe avec la chaleur, elle m'a eu jcrois xD
RT @PillsNPotixns: Les bus et les trains avec cette chaleur c'est devenu des four frre
RT @PronoOuf: " c'est toi qui les lvera ... " Mais PART EN COURANT fils
RT @RERA_RATP: Bonjour, ce matin Denis vous renseigne sur l'tat du trafic #RERA #RATP.
RT @RERA_RATP: Dcouvrez les coulisses du Poste de Commandes et de contrles Centraliss (PCC) du #RERA sur #RATPScope
RT @RERA_RATP: Decouvrez les coulisses du Poste de Commandes et de controles Centralises (PCC) du #RERA sur #RATPScope
RT @RERA_RATP: [#Canicule] Louverture des fentres sur les rames  deux niveaux climatises annule les effets dsirs (50% des trains sont climatiss)
RT @RERC_SNCF: @izak00225 @SNCF bjr, ds quel train est-ce svp?
RT @RERC_SNCF: Infotrafic #RERC Le trafic est interrompu entre Pontoise et Montigny Beauchamp, plus d'infos  venir
RT @RERC_SNCF: Infotrafic #RERC [MAJ] Les trains KAMA  destination de Chaville Vlizy sont supprims jusqu' 20h
RT @RERD_SNCF: Infotrafic #RERD : Trafic ralenti sur axes Paris/Goussainville et Paris/Melun via Combs jusqu'en fin de soire
RT @RainSnoopy: Voyager debout dans un train non climatis, et manquer de le rater parce qu'il quitte BFM en avance. Les joies du #RERC
RT @SCHIZOZAYN: JE SUIS COUCH PAR TERRE A LA FENETRE PRES DE MON PERE POUR AVOIR UN COURANT D'AIR FRAIS PTDDDDRRR
RT @SameOldShiit: On est en 2015 et il y a encore des problemes de trains et RER li a la chaleur ? il faudra m'expliquer @SNCF
RT @SheikOnFire: @OnwardsGaming @RykenOKLM Je veus etre au courant des qu'ils sont disponible :D svp fire d'etre Onwards B-p
RT @T1_RATP: 19:03, le trafic est interrompu entre GARE DE ST-DENIS RER et MAIRIE DE VILLENEUVE-LA GARENNE (acte de malveillance) #RATP #T1
RT @T1_RATP: 19:08, le trafic reprend progressivement entre GARE DE ST-DENIS RER et MAIRIE DE VILLENEUVE-LA GARENNE (acte de malveillance) #RATP #T1
RT @The_Real_Cyrano: Chi mort j'ai vraiment l'impression que ma mre elle croit qu'on a tous un compte courant "hassanats" au dessus de nos ttes
RT @TomekTR: #QML #RERC Reprise progressive entre Pontoise et Montigny (feu  proximit des voies  St Ouen: les consquences trafic se terminent)
RT @TomekTR: RER B : trafic perturb - prsence de personnes aux abords des voies  Mitry Claye (incident termin) #QML #RERB
RT @Train_SNCF: Au sud de la ligne C @RERC_SNCF #RERC
RT @VincentCourtade: Ceux qui rlent de la femme de #JurassicWorld courant en talons devant un T-Rex, je viens de voir la mme course pour rattraper un mtro.
RT @Zafinho: La nuit dernire je vous ai pas dit mais vers 5h il faisait bon, y'avait moyen de faire un petit courant d'air. Je vous dirai cette nuit.
RT @Ziizou_Habibi: @PostDjazair @_SamiaIhame ma sha Allah elle elle est trop belle elle habiterais dans ma ville je serais allez voir son papa en courant
RT @Zogzork: La Japan expo, c'est un peu mon moment pokemon, dans le rer.. A grand coup de pokedex pour reconnaitre les cosplay...
RT @_BRICE_A: Suivre Jesus ce n'est pas d'adhrer  une religion quelconque ou  un courant de pense bizarre !!
RT @__JSit__: Avant de prendre un #taxi je prefere : - #UberPop - Metro - RER- Tramway- Bus - Velo- Courir (1er en vrai)- Marcher,- Ramper...
RT @__diwk: moi aussi je veux fuir un t-rex en courant avec des talons
RT @_congoliana: Nous on prvoit de sortir aujourd'hui mais ma mre elle est grave pas au courant
RT @arivniall: et j'ai accompagn mon frre chez ma mamie et la je rente en courant
RT @aurelien_veron: C'est deja bien que le president de l'assemblee nationale #Bartolone soit au courant de l'existence du RER !
RT @aurelien_veron: C'est dj bien que le prsident de l'assemble nationale #Bartolone soit au courant de l'existence du RER !
RT @azeline_h: @aeliasng des gens ont tir sur une terrasse o y avait des noirs, aprs ils se sont tap avec des barres de fer ms jsuis partis en courant
RT @camillehrdd: Elle m'a fait traverser toute la rep en courant ..........
RT @claudebartolone: Oups... Mon obsession de la Seine-Saint-Denis, je pense #Auber et je dis #Aubervilliers ;) #RERA @JFAchilli @franceinfo
RT @dayanaidre: ma mre m'a pos  un endroit et m'a dit "je vais me chercher un sandwich attends moi ici" elle est jamais revenue du coup j'attends le bus
RT @duboscqn: Jme rappelle avant qnd j'coutais nekfeu tt lmonde me disait c qui ouaaa maintenant il est affich dans le rer
RT @eauber: @RERA_RATP colis suspect  #vincennes , train vacu -> Bordel sans nom avec risque malaise vu #canicule. Vous annoncez rien ?! #qml #ratp
RT @fwgilinsky_: Le manager des jacks fait des dates les jacks sont mme pas au courant je suis sre
RT @gnaath__: @FnyBby  avec qui mddr et pourquoi je suis la dernire au courant moi encore ? je l'ai dit mddr
RT @hologram_lo: #NP Nekfeu - "Des Astres" (prod. Hologram Lo') sur "FEU" 1er album de @nekfeu t'facon vous etes au courant
RT @ianacked: RT si tu trouve a chelou le fait que les ado ds les series peuvent sortir mme quand les parents sont au courant du danger qu'ils encourent
RT @intermodalite: Trains et RER : le manque de clim jette un froid
RT @jeromehuet: #RERB, prsence de personnes sur les voies en gare de Mitry... Trafic interrompu sur la branche Mitry Aulnay... #qml #traficnormal #qmlinfo
RT @jlnroche: #JeDisPasQuilFaitChaudMais le trafic sur le @RERB est interrompu suite  une collision avec un chameau
RT @kingueloic: ~ j'ai ya que ENEO a dcid d"aller en vacance et d"arrter leur jeu de lumire avec les coupures de courant... mais #CestJusteUneRumeur
RT @konichiwak: je suis sre shake il tait mme pas au courant d'avoir une grand-mre
RT @lilou_1004: Hier j'ai croise Neria au RER du coup on a fait le trajet ensmble
RT @ltpkorp: Bjr @RERB, 4me jour  + de 35 et tjs pas d'air "rfrigr" dans les trains, quand comptez-vous le faire activer? Le 25/12? thx #RERB #QML
RT @macinside: Panne de rfrigration sur la remorque de queue de ma Z20900 de mon train du @RERC_SNCF Fuyons #qml #sncf #rerc
RT @marieperdriau79: Il y a de l'orage j'espre il y aura pas une coupure de courant sinon je peux plus rien faire chez moi.. Vive la domotique
RT @naiim75012: #Boutih auditionne un mec mis en examen pour atteinte  la sret de l'tat sans tre au courant ???,#rapportBoutih
RT @niallourt: "@couscousmalik:  QUESTION ABOUT BFT  17. SA FAMILLE EST AU COURANT QUE VOUS TES BFT ?" sa mere oui
RT @olimrti: Le rer c c'est quand mme le SEUL ou le trafic est ralenti  cause de la chaleur et de la "dilatation des rails"
RT @pauline_pnr: a dit "je serai toujours la pour toi" mais ds le premier problme a part en courant
RT @paysdelaloire: 3 trams-trains supplmentaires de Nort-sur-Erdre vers @nantesfr pour la @LaNuitdelErdre
RT @porcum: @RERC_SNCF @Abdelkarim_Mo de toute facon les annonces sont inaudibles a bord des trains
RT @ratp78190: RER B: le trafic sera ralenti toute la journe suite aux conditions climatiques (fortes chaleurs) donc risque de dilatation du rail
RT @sirators: Deux heures de galre pour un train, au final on s'est retrouve dans un bus  arriver  23h la
RT @sovietsuprem25: Bon Alexandre est pd comme un phoque, et il n'y a que sa mre qui ne soit pas au courant ! #QVEMF
RT @spoum42: Ce soir j'ai eu droit  1 #rerc elba pas climatis qui fait des arrts hors gare alors que les gentils #ter passent sans soucis. Youpi. #qml
RT @swissgridag: Test concluant pour une #capacit dimportation de #courant accrue  la frontire nord -  - #communiquepresse
RT @to_michael_: @RERB pourquoi les clims des trains renoves (que tout le monde paie chaque jour) ne fonctionnent pas ? Merci
RT @vesnabejic: @DelarueJC @francetvinfo @SNCFvamtuer handicap prenant le rer  noisy le sec. Enorme galre. Train surlev par rapport au quai.
RT @wsc_gamific: Sortir d'un train de la @LigneH_SNCF climatis pour le @RERC_SNCF qui est une tuve #modernit #aNousDeVousFairePrefererUber
Reprise du trafic LS - GE prevue a 9h50. Regioexpress circulent GE - Rolle et LS - Morges. RER circulent entre Lausanne St-Prex
Sa m'nerve parce que j'tais pas au courant sinon je me serais inscrite  mais bon
Salut  tous. Dans la semaine je sortirais ma 1er vido. Je vous tiendrais au courant. Suivez-moi.
Si seulement ils pouvaient s'acclrer a remettre le courant
Si tu serait au courant de tout tu pterai un cble
Sinon bonjour  j'dois faire pleins de trucs aujourd'hui, ma mre elle est au courant que d'la moiti mdrrr c'est con
Soiree entre soeurs!En terasse ! Un petit courant d'air...Mojito!
Sortir d'un train de la @LigneH_SNCF climatise pour le @RERC_SNCF qui est une etuve #modernite #aNousDeVousFairePrefererUber
Sucy : la prise de courant met le feu  lappartement: Vers 21 h 30, jeudi, un violent incendie sest dclar ...
Suivre Jesus ce n'est pas d'adhrer  une religion quelconque ou  un courant de pense bizarre !!
Taleur dans le RER A, les controleurs avaient a peine mit un pied dans le train, tous les renoi ont couru tout au fond du RER
Tangentielle ouest phase 1 (St-Cyr Rer / St-Germain RER): cot reevalue a 300 M (au lieu de 220). Debut travaux fin 2016 si financement OK
Tenez-bon ! Le trafic est ralenti sur l'ensemble de la ligne #RERC ! La gare de Dourdan La Foret n'est pas desservie #BOF
Tenez-bon ! Trafic ralenti sur l'ensemble de la ligne #RERC #BOF
Test concluant pour une #capacit dimportation de #courant accrue  la frontire nord -  - #communiquepresse
Tous ce sait tu parles sur mon dos t'inquietes je serais au courant
Tous les travaux et perturbations prevus en IDF trains, metro, RER @GroupeRATP @le_Parisien >>
Tous les travaux et perturbations prevus en IDF trains, metro, rer >>
Tout le monde a appeler pour avoir leur rsultat, sauf moi.. j'tais pas au courant sa mre
Tout les matins un train est supprime. Foutu RER E la
Toute a l'heure je pend le bus, j'aimerais tellement qu'il fasse un ptn d'accident
Trafic #OK sur toute la ligne #RERD. Pensez a vous hydrater !
Trafic du #SNCF_P ralenti sur l'axe Meaux/La Ferte Milon jusqu'a 21h00 ! Trains remplaces par des bus entre Lizy sur Ourcq et La Ferte #BOF
Trafic du #SNCF_P ralenti sur l'axe Meaux/La Ferte Milon jusqu'a 21h00 ! Trains remplaces par des bus entre Lizy sur Ourcq et La Ferte! #BOF
Trafic du #SNCF_P ralenti sur l'axe Meaux/La Ferte Milon jusqu'a 21h00 ! Trains remplaces par des bus entre Lizy sur Ourcq et La Ferte; #BOF
Train, metro, RER je meurt il fais trop chaud a Paris
Trains et RER : le manque de clim jette un froid
Trains et RER : le manque de clim jette un froid  via @le_Parisien
Trains et RER : le manque de clim jette un froid  via @le_parisien Inadmissible Votons @vpecresse @gerard_larcher
Trop despi pour ces trous du cul j'ralentie avant la ligne d'arrive
Un aller-retour Paris-Sceaux en prenant le RER B et pas une trace de sueur. Victoire personnelle contre la canicule..
Un demi dieu vient litteralement de se jeter sur moi ds le metro. Bonne nouvelle : il ne s'est pas fait mal. Mauvaise : c'etait un accident.
Uranie el part en voyage aec sn gars sn daron il a dis oui oklm frre dj moi si j'ai un gars est ce que mn daron i sra au courant mm
Vazi en rentrant yavais des bouchons psk ya eu un accident il faisait trop chaud dans le bus
Vous pouvez eviter de stagner dans votre trajet de carrire en restant au courant des possibilits. Soumission de CV:
Vous savez srement ce qu'est un #mastre spcialis et ce qu'est l'#alternance, mais tes-vous au courant qu'il...
Vous y serez ce dimanche? 21h ! Projection gratuite du film The Human Scale au Pied du Courant
Voyager debout dans un train non climatise, et manquer de le rater parce qu'il quitte BFM en avance. Les joies du #RERC
Vus que ma mre elle est au courant j'ai envie de le dire a mon pre
Waaa c'est une blague quand j'ai un ventilateur pour la premire fois et qu'il y a une coupure de courant dans tout le quartier ?! #VDM
Wagon avec vestige 1ere classe train de banlieue @ Rer C
Weebisme intensifies j'admets pour le coup (ecoute les conversations dans le RER
Wifi gratuit dans les trains dans 18 mois j'en connais il vont fuger dans le RER D
Wokay, gars torse poil dans le RER qui s'eponge le corps.
Y'a un un gars il a gere a l'arret de bus, du coup ils ont loupe le bus de 1 sec, elle s'est vnr elle a pris un taxi solo ahah aha
Ya eu un courant d'air chez moi j'ai revis
Ya eu un courant d'air. Un GROS courant d'air. J'ai entendu des gens s'esclaffer de ts les cts et un renoi partir en rire aigu, top <3
Yvette fidle  elle meme , moi je partirai en courant serieux #QVEMF .La mere est affreuse
a a pter un cble chez moi ce matin...putain de coupure de courant a se remettait 15 fois pour s'enlever
a dit "je serai toujours la pour toi" mais ds le premier problme a part en courant
a serait cool de passer le message par hauts parleurs dans les trains pour qu'on soit au courant du retard @presse_CFF #CFF
alors mon frre veut s'engager et j'suis pas au courant?!??
apres les trains trop larges, les trains trop grands :  cc @Conducteur_RER @sncf
chez moi y'a des voitures qui rentrent, qui sortent, on n'est jamais au courant bc mon pre nous prvient pas toujours mais a surprend
dans tout les cas quoi qu'il se passe il sera au courant un jour ou l'autre
du coup jvais au rer a pied flemme
du coup on repart aussi vite parce que je suis aps bien on se dirige vers le bus et on l'a rate
et comme par hasard ya un accident de metro a Pigalle cetait chaud
et j'ai accompagn mon frre chez ma mamie et la je rente en courant
faut que j'arrte de m'nerver sur Twitter pcq un jour ils seront tous au courant et moi j'serais lgrement dans la merde
fo attendre 4h du mat pour esprer un courant d'air ou
hier j'ai eu une coupure de courant sa mre :| j'ai eu trop peur mdrr
hier le gitan il m'a tu, j'le vois arriv en courant enft il tait partie avec ces potes ds les champs jvois il cris " y'a une panthre" -1
il mfait "j'avais tatie au tel et elle m'as demand si t'avais un copain elle tait sre que oui blablabla"mdr mm moi j'tais pas au courant
il supporte pas que pour une fois je puisse avoir raison !,m'enfin bref...sa devient tellement courant que maintenant il me fait bien rire !
ils sortent d'ou les chiffres du rerA ?!! WTF ! Trains et RER : le manque de clim jette un froid  via @le_Parisien
j'ai voulu casser un uf sur la tte de mon beau-frre comme il a eu son BTS, sauf qui c'est barr en courant la tapette
je la prend pour aller a la mer et elle me dit core qu'elle a louper son bus -'
je ne relis jamais que bien des annees plus tard, ce que j'ecris dans les trains, metros ou dans les bars.
je sais pas si t'es au courant que tu sers  rien :/
je suis sre shake il tait mme pas au courant d'avoir une grand-mre
je vais suivre @JLMelenchon comme a je serais au courant de ce que fait la gauche o lextrme gauche qui vote  gauche
jpp mdrr y a une coupure de courant dans ma rue donc mon frre va se laver et il prend la radio.. tu vas la brancher cmt ta radio
jvoulais prendre un train pr pas deranger mon pere, arrive a cote de chez moi et prendre un bus mais bien sur le train va pas a rombas
l'EDF nous a fait rever pendant cette coupe du monde, tous les francais sont fiers de vous! @ClaireLavogez14 @laureboulleau @equipedefrance
la #canicule peut aussi provoquer des accidents industriels ! #nuclaire #EDF  via @lemondefr @sdnfr @plutonyck
le courant chez moi toute les 10 min il ce coupe ptn de ta grosse mere la grosse pute la ! heuresement j'ai du credit la
le programme il a commenc j'suis meme pas au courant les freres
le rer d c'est le train qui t'emmene direct chez satan
le rerb en ete on dirait un train pour auschwitz.
le_Parisien: RT LeParisienInfog: Tous les travaux et perturbations prvus en IDF trains, mtro, RER GroupeRATP le_
ma mere m'a pose a un endroit et m'a dit "je vais me chercher un sandwich attends moi ici" elle est jamais revenue du coup j'attends le bus
mh ok ma mre s'est achete une bagnole j'tais meme pas au courant
moi aussi je veux fuir un t-rex en courant avec des talons
mon frre n'est mme pas au courant de mon existence, c triste...
mon pere il raconte sa vie a ses amis jsuis off ils sont au courant de tout
mon son tait  fond ma mre est arrive en courant,elle pensait que mon pre s'tait fait mal ptdrrr
omg big big courant d'air a fait tellement de bien ptdr wow je revis
plus jamais je prend le bus qui va jusqu'a Charly's Gare en train je serais aller plus vite
ptn ils font un truc avec le courant chez ma mamie du coup j'galre pour charger mon tel/ordi
quand Bilboquet part en courant avec le contrat qui vole derrire lui. c'est l que tout commence
si mon pre pouvait ouvrir une fentre  l'autre bout de l'appart pour faire un mega courant d'air a serait cool et pas trop con
vous inquieter ! :-P (envoyez moi toutes vos ondes positives pour que je survive a cette chaleur dans les trains et RER, d'avance merci ^^)
ya que mes go sres qui sont au courant le reste que dall
ya un insecte a coter d'moi dans l'bus i fait au moins 10 cm omgsi j'cours j'serais pas credible,si j'cahnge de place nn plus lol ptn
