"#Infotrafic Ligne tram (suite accident) : reprise du service Tramway  16h29. #timp" via @filbleu #timp #37
"Peut-tre que ce ne sera pas le choix de la population, encore faut-il qu'elle soit au courant que nous avons le...
"Tu peux rester immobile dans le courant dune rivire mais pas dans le monde des hommes." Proverbe japonais #taubira #respect #justice
#Contrleurs  chtelet les halles en haut de l'escalator en tte de train du #RERB direction CDG #QML @ControleurRATP
#DPDA question sur le centre islamique est ce que les bordelais sont au courant concernant les frres musulmans quels sont vos liens
#Infotrafic Ligne A (accident) : la ligne de Tramway est momentanment interrompue. #timp
#Infotrafic Ligne tram (suite accident) : reprise du service Tramway  16h29. #timp
#Infotrafic_TAG En raison d'un accident secteur Echirolles, certains tramways de la ligne A ont du retard. Merci de patienter.
#LigneL/#RERA: Panne d'1 train  #NanterreP: prvoir retards 10/20mns, modifs dessertes et suppressions axes #Nanterre/#Cergy jusqu' 19h30
#QML #RERD : Le trafic est perturb entre #Melun et Paris (panne train  Bercy prs des garages des rames). >
#RERA : trafic ralenti jusqu' 19h30,Panne d'un train #RER A
#RERD "Un train en panne  la sortie des ateliers de maintenance  Melun" Ils l'ont rpar ou mis en panne?
#RERD Il y avait un daron  coter de moi il pue tellement qu'il a fallut que je change de train.
#dpda Juppe qui n'est pas au courant du dbut de la crise financire ! Woaou
&&&& , le truc de ' Ppre ' , ' Chiiips ' & Patiti & Pataata , enfaite j'etais pas au courant hein :/
'Taing un con en voiture a dfonc la barrire de la gare de Lardenne donc pas de circulation de train genre ligne C... #toulouse
(Dernires Nouvelles d'Alsace) : #Voiture contre un bus : deux morts et deux blesss: Un dramatique accident de la
*part en courant chercher des bires* #lrt
- de tram (avec grand peine) et je vois que y'a eu un accident et que les stations ne sont plus desservies. Donc je dois marcher pendant 2km
- sur ma vie personnelle... Tu tais au courant?" bon je lui ai dit que oui du coup elle m'a expliqu que son copain voulait un prnom rare-
10 minutes aprs il y a sa mre qui est arriv en courant et criant son prnom la petite n'a eu aucune raction
11:09, le trafic reprend progressivement de Nation vers Boissy/ Marne-la-Vallee (colis suspect) #RATP #RERA
17:11, le trafic est interrompu entre GARGES-SARCELLES RER et LES CHOLETTES (accident entre tiers sur la voie publique) #RATP #T5
18:22, le trafic est ralenti de La Defense (Grande Arche) vers Cergy/ Poissy /St-Germain-en-L. (malaise voyageur) #RATP #RERA
19:34, le trafic est ralenti sur la ligne (panne de signalisation) #RATP #RERA
2eme train que je prends a 19h28 aux gresillons archi blind meme pas de place assise Merci le #rerc
2me accident, c'est une blague ou quoi? Encore bloqu dans le tram!
30 minutes pour sortir quelqu'un de voies.. On en parle #RERC ? J'ai un cours de Gestion d'incidents, il y a surement moyen d'amliorer ca..
3eme accident (dont je suis au courant) caus par ces jboura de taxis collectifs. Il faut absolument leur...
@38549_SPV styl a mort ! Tu me tiens au courant pour la premire
@ABoumazza Tu serais au courant si je les avais :-)
@AlexandreCadu non tellement pas !  mais je lynche le prochain qui a un accident de voiture avec le tram et qui m'empche d'aller au yoga
@AlexieBreton qui a dit que tu serais au courant?
@AlthardKross Non mais srieux, ce mec est au courant de rien. Il doit mme pas savoir qu'il est gay.,Y avait une Axelle dans l'autre 1reL.
@AmelieDeclee Toujours ! Nan en vrai je me barre en courant dans les bras de ma mere ..
@Angele_twitt @jollyjoylavraie lol;) pareil, le jour ou on arrtera de penser on aura peut tre plus de d'eau et de courant aussi ;)
@AnoukAttal du coup pour la philo tu discuteras avec une vieille dame inconnue dans le bus, a fera l'affaire !
@Antoine_Cap4 Pourquoi je suis toujours la dernire au courant? Moi, ta cousine prfre.
@ArthurA___ ah oui c'est vrai mdr!!!!! Tqt tu seras le premier au courant!!
@Benoit94430 Oh j'tais pas au courant, j'espre que a va !
@CTrivalle Je suis bien au courant... mais je serais pein que vous pensiez que c'est l'tat de l'art dans le domaine ;)
@CamilleTerry05 Tu seras la premire au courant
@Catln_ Demande dj a ta Mere si elle est au courant MDR :')<3
@CedriCommeLaBD envie d'info? Follow @A_PirasQuilici pour rester au courant des dernires actualits!
@Chloe_xa ouais sa fait chier comme tu dis !!! Je vais voir avec mon frre s'i, en a pas un autre je te tiens au courant
@ClaireDeJonghe ohh ma chrie ,Ds que je peux je viens et tu seras la premire au courant
@ClarisseHardy Je vais tout faire pour russir ! ,Oui tu sera la premire au courant ma belle
@Conducteur_RER Les heures sup' sont elles rcupres ?
@Conducteur_RER pendant les grves, entre autre, on a vu (presque) pire sur la B... A la mode trains en Inde !
@Conducteur_tram oui circulez y'a rien  voir. Fin de l'interruption du trafic. Ca roule bien vers l'Iboat ou vers arrt Chartrons Je veille
@Cyrille_92i Azy frere on se tien au courant pour demain soir parce que JAI hand et apres je tenvoi un sms pour bouge !
@ELFishy900320 Au fait, est-ce que Se Jong est au courant que Ah Ra est l'origine de son accident. Je sais que l'on avait dit pour la caste
@EmeMms Ha ouais merde j'me suis dis : Ha a se trouve elle prends le RER  et elle fait des courses  Val d'eu du coup j'peux la capter
@EnigmaticLover_ envie d'info? Follow @A_PirasQuilici pour rester au courant des dernires actualits!
@EvaBellart #TPMP Tout est l... faut se tenir au courant ma vieille et arrter d'aller  la plage tous les soirs !
@FannyBouisson Ouais mais comme a elle serait au courant de mes notes et tout
@Feltonmormon @chkaki Oui mais les bus non ahah. Et a la fac, j'imagine, mais c'est la 1re fois que j'ai des cours aussi mal foutu
@FilmsdeLover ce sera certainement disponible par la suite en ligne. Je te tiens au courant !
@Florine_KA @bchameroy c'est comprhensible.  sa place, je serais aussi partie en courant mdrr
@GameJi_ Je le follow sur twiiter, je pense que je serai mise au courant =P
@Heather_RPGTW ami d'enfance et on c'est retrouv a BH par hasard ? :) (tu seras au courant dans le rp que les loups existent etc?)
@IAmMarine QUAND J'AURAIS LE FOLLOW DE MIKE TQT SUR MA VIE TU SERA AU COURANT
@IceShujin Tu en as parl  ta mre ? *au courant de rien :(*
@ImWhiskeykiss @Conducteur_RER Fais faire dmarrer le train :youhou:
@InVirgoVeritas tres! en meme tps les trains et rer etaient deja tellement moches qu'il fallait bien trouver qqc pour le cacher. c'est rat!
@Itsmaxou Je suis toujours la dernire au courant je sais pas ce que c'est...
@JLOLGArtPop29 @Aaliyah_Lsa mais j'espre que t'es conscient que vs avant 2002 personne tait au courant de votre existence
@JeremyBrnd pas besoin de le rpter j'tais au courant
@Jetlag_Funk nous sommes dsols, un accident avec une voiture perturbe la ligne de tram
@Jordanosaure_ OUI TU SERAS AU COURANT PTDDR CA C CLAIR
@Joy8Lemeunier gnial..** salut moi c'est La et jsuis toujours la dernire au courant
@Jul_Levrai je suis en cours je peux meme pas mais dans le bus a sera fait!!! #racontagedeviemiskinoush
@Katshaw_Powa lol, tu as la mmoire courte ... tu oublies l'air dpit de celles que leur pre a oubli de rcuprer  l'arrt de bus
@Kns_smr envie d'info? Follow @A_PirasQuilici pour rester au courant des dernires actualits!
@KowzeTV @theoxmc Ok parfait si vous avez des soucis de Modo je serai la tient moi au courant ^^
@LDLC Oui j'espre aussi. Mon pc me manque beaucoup ^^. Merci quand mme de m'couter m'apitoyer sur mon sort. Je vous tiens au courant.
@LeaPlusse et mademoiselle t'etais au courant que mon frere est en classe avec ta soeur
@Leilableue @Leila___SS8 @LauraSierac @LeilaSecret8 lis Twitter tu seras au courant de tty'aura le replaysi Aymeric est l tu le sauras
@LeoRmbd @Flav500 il ta dit parrain gendarme et crois moi que les shtarre son dj au courant c'est sre tqt
@LesFessesDeBill hmmmmmm, on voit clairement qu'il est entrain de se remmorer sa folle soire avec Bill... (Et Gustav qui n'est au courant
@LigneH_SNCF Ce matin j'ai pas trouv mon lit en tte de train.. Mais je vous en veut pas, la ligne est agrable  prendre. compar au RERD
@LilyWatkins tu sera la premire au courant !! :D
@LingerieOhlala il est trs bien en effet :) on vous tiendra au courant quand notre plateforme mcommerce sera en ligne ;)
@LucMatte9 J'espre qu'elle est au courant que son rouge  lvre est fait  partir d'un driv ptrolier!!
@Lucky_80s Oh ! J'espre que c'est sans gravit Stph...! Tiens nous au courant...^^ bon courage ;-*
@Lullabyjdb j'espre tellement, je te tiens au courant
@Lyneki Si j'avais t au courant de quoique ce soit, tu serais l'une des premires  le savoir. Alors stop stresser avec tes questions. <3
@Lysiere accident avec le tram c'est pour a, sous mdoc j'tais trs frais
@MaggyBlondy Oh merde j'ai t la dernire au courant quoi MDR
@Marie_F08 tu ma tue ce matin avec ton :" j'ai loupe mon bus" franchement toi tu sais me faire rire des le matin ah lala marre de toi
@MasonRPGPAL2 *rire* Bon, premier cadeau.. *appelle Harley qui arrive en courant et qui saute sur le lit*
@MatLetellier Patience l'ami ! La reprise du trafic du #RERC est prvu pour midi. Un petit caf en terrasse pour dcompresser peut-tre ?
@Maude_Official J'ai failli tomber dans le bus,  je mettais mon haut dans mon jeans et le chauffeur il a ralenti
@Mawiinette minwii j'espre tre au courant en temps et en heure dans ce cas
@MaximilienBravo @matthieudsd Il serait temps que tu sois au courant max ..
@Meil21 mais pareille ou je serais partie en courant tellement j'aurais honte
@MelyssaaaG LA BLAGUE tu es la premire au courant de tout et tu me dis ca ? Mdr
@Miiles_Blet C'est la magie de Dominique. Elle brlera tout en courant aprs de la bouffe.
@MyleneMG je met les thunes qu'il faut putain !! Je serais aux premires loges Mais on se tient au courant ;)
@NMerindol envie d'info? Follow @A_PirasQuilici pour rester au courant des dernires actualits!
@NoruDaTheRetard Oh. Bon bah j'espre que a marchera alors ! J'devrais recevoir le jeu demain, j'te tiendrais au courant (car oui) :')
@Nynotna @Romainv76Mc @Zelmax89 @Nero622 @TrAsHxKennedy @lorisaudy D'ici l je pense que ma connexion sera stable. Je te tiens au courant ^^
@PerronValentin Ta gueule conar ,Attend demain quand ta mere va etre au courant des notes, tu te seras fais bais en 10 min par les profs
@Prescillou_ Je sais pas j'ai vue des tweets comme moi il y avait un accident avec un bus ou je sais pas quoi
@Prouzel2 @patrickleguillo @MaruTheCat Bcp de gens sont au courant, il faut dire qu'elle a pas fait a dans la discrtion. Sa 1re copine a
@PtdArcole En plus MarisolTouraine annonce qu'elle est au courant de l'abus et des filires que le budget ME a explos en 2013!!
@RAJIMILAN je te tiendrai au courant faut que je vois avec mon pre!
@RERA_RATP #RATP #RERA La bonne blague... Trafic rgulier = fin de desserte pour Cergy  21:40...
@RERA_RATP @RER_B RER B pire train du monde
@RERA_RATP Absolument n'importe quoi cette gestion des travaux. Aucune communication pour ce soir de gros loups & 200 personnes en galre !
@RERA_RATP All. Ils sont ou les trains direction #Poissy #rerA !
@RERA_RATP c'est une blague !!!! comme d'hab en fait !!! y aura des trains un jour ??
@RERA_RATP donc le trafic reprend ? L'incident est termin ?
@RERA_RATP pourriez-vous prvenir des incidents et ralentissements 35 min pour toile Sartrouville ? a serait + utile...
@RERB Le train de 8h24  Lozre (direction Paris). J'ai indiqu le code du wagon. Il doit tre unique sur l'ensemble de la ligne.
@RERB Srieusement ? Vous faites un train direct Paris au dpart de CDG 2, aucun affichage, aucune annonce du conducteur ? Bravo.
@RERC_SNCF Un train annonc  8h12 sur le site transilien, 8h11 sur les affiches-horaires en gare, parti  8h06. #fail et retard pour moi
@RERC_SNCF a arrive souvent qu'un conducteur de train se trompe d'arrt ?,Le dernier train Vity n'a pas desservi la gare de Vitry ...
@RERC_SNCF il s'agit d'un train au dpart de Saint Martin d'Etampes. Un Slom il me semble. Il y a t-il une diffrence entre site et appli?
@RERC_SNCF on s'en fout du train vous allez rien faire. Juste que a me donne mal  la tte l'odeur l
@RERC_SNCF oui,je descendais du train et je le dirigeais vers la sortie !!
@RERC_SNCF super des fumeurs de joints dans mon train
@RERD_SNCF OK mais comme rer supprim les voies sont libres et les rames de ces trains sont peu remplies par rapport au D @durovray
@RERD_SNCF mais du coup vu qu'il circule qu'est-ce qui l'empche se s'arrter pour prendre des voyageurs ?
@RER_B courir dans le bus a ne sert pas  grand chose en mme temps  @o4karr @jules_caron @ClemGwen
@RER_BETAIL Elles ne sont ni rcupres, ni assujettis au volontariat. @Conducteur_RER
@RaphaelleMlnr_ Dsol meuf c'est entre les Elsa ! #tropdebails  tu seras tenu au courant en temps voulut ..
@RemiBertata Pour SC ? Bah je vais essayer de passer. Je vous tiens au courant ;) (s'il y a toute la MRQ a serait cool)
@RomainSchaller mais tkt quand mon CD sortira tu seras le premier au courant ^^
@Sachafgt putin cest chaud gros, j'espere que ca ira tiens moi au courant frere
@Sanae68 Aaw la pauvre! :( J'espre que a ira! :( Tu me tiendras au courant uh?
@Skyyart J'espre qu'ils sont au courant parce que nous nan xD
@So_desertfox @MezahiMaher et Si Deschamps le convoque faut pas rver il ira en courant
@StarkOfValyrian Pareil. :/ Ds que tu rcupres un portable tu me tiens au courant. :)
@SuperMCraft @Somniia C'est clair :DTu en as pour 20 en train+tram, je pense.,+ 9  l'entre, + le repas.
@THayleey je suis partis en courant l'annoncer a ma mre avec la larme  l'il merde quoi!! Merci bravo a toi aussi trop contente !! Ahah
@TelleChris972 Il est quelle heure chez toi ? Tu me tiens au courant du numro, j'en ferais pas avant ce soir
@ThatsMalak Tu serais au courant nan ?
@Tunisie_haine fou toi encore dma gueule jte met la tete dans le rer direction paris et jlaisse le reste de ton corp a melun
@UstedEsCelosa si tu dis un truc sensible professionnels ou projet dont pers ne doit tre au  peut faire dgt financiers,etc.
@Virginie__G c'est pas ma faute si je suis toujours la dernire  tre mise au courant .. Ok
@Woooodle C'est ce que j'ai entendu ! Ah pareil hein ! Dj hier matin j'ai pas pu aller en cours RER bloqu -'
@Yan__EL je crois qu'il voulait rire, je pense que c'est une blague. Ou alors il n'est vraiment pas au courant des conditions de travail
@YasmineSmll  vasy hein tu me tiendras au courant de ta note  j'espre qu'elle sera pas trop mauvaise
@_SheepNiam je sais pas si c'est un courant artistique mais j'suis sre que c'est pendant la renaissance
@abbegrosjean c drle ...ds qu'un(e) homo s'inscrit  contre-courant, les racs intgristes les mettent en lumire @Philippearino #MJBonnet
@aurelienmaup je me dois de te tenir au courant de l'volution de notre classe, d'ailleurs que devient Mister Perez ?
@bchameroy je te comprends tellement ! Je me serai barrer en courant  ta place !!!
@bieberisfood bh c pour a que ma mere veut pas que je reste dehors tu voit... en plus je prend metro et train donc c'est chaud..
@biebsftjepsen @ErwanBlaszka Il l'a dit mais je prfre me renseigne avant je vais supprim, je vous tiens au courant :)
@cassandra_17v envie d'info? Follow @A_PirasQuilici pour rester au courant des dernires actualits!
@chefdebord et idem pour les voy :) ! COP de Pno envoie dsormais des SMS d'info conjoncturel depuis ~1 an ! norme + !!,@Conducteur_RER
@chloedrasdo bon a dpendra de l'heure, tu devras me tenir au courant en temps voulu sans quoi je ne serai pas l
@choupi_qc Le RTC ne tolre pas cette situation. Les employs en ont t aviss. Merci de nous transmettre les numros de bus concerns.
@dadouchat justement, avec les bouchons la route ne dbite plus, l'coulement est ralenti, y a de la rsistence=> pas de courant #ModeSieste
@daralbb Hm.. Ce n'est rien. Et n'oublie pas l'adresse de ta mre pour ta lettre. Courage a toi et.. Tiens moi au courant si tu peux..
@datshawa Jsais pas, mais tqt ds que je prends l'avion tu seras la premire  tre au courant
@eN_Drop Tiens-moi au courant si jamais y'a pas le shooter avec, j'en achterai une bouteille de mon ct.
@edf_client bonjour nous avons rcupr le courant vers midi au lieu des 11h annonces .,3 eme coupure cette anne. Groupe lectrogne ?
@eyesofmatt @Humanoid_dream j'filmerai Agathe courant vers moi et tombant comme une merde ouais
@florencedesruol Je pense que nous sommes nombreux  l'esprer. J'ai pos la question et continue mes recherches. Je te tiens au courant.
@girard_mathis fan de sries, envie d'info? Follow @A_PirasQuilici pour rester au courant des dernires actualits!
@harrystylesmdp: J'ai l'impression d'tre plus au courant de rien de la vie des boys depuis que les cours ont repris..same
@hecksotic j'aurais eu peur et je serais partie en courant. regrettant d'avoir fait euro
@hipstalloyd ton pre est au courant?
@ihaveIrwin je serais au courant je crois :p
@imchachou mdddr elle est pas encore au courant donc j'espre qu'elle va le voir
@itsmelx :( j'avoue :( j'vous tiens au courant ce soir, tu y seras  quelle heure toi?
@jegoun il va essayer d'arranger a. Il boit o @jegoun demain? Il serait prt  boire un coup qq. part sur la ligne 6 ? Cambronne?La motte?
@jogroheu @ElyseeMarine @le_Parisien Pour moi, c'est vident+++ de mme qu si on tourne ls yeux vers la gauche, tt le monde tait au courant
@keyshou2000 tu seras la premiere au courant
@l_marie76 L'bauche a sera pas pour tout de suite mais ds que j'ai dblay la chose je te tiens au courant
@libreoffice sera dploy sur les postes de la rgion @rhonealpes courant novembre. #logiciellibre #opensource @LibreOffice_FR
@lilouben97 @flOweRr418 @LauraH_Os Vous avez pensez  tout . Dommage qu'anais ne soit pas au courant, on aurait pu bien rire
@lilthyf tu seras la premire au courant
@llliron il me dit quand tu lui fais peur mdrrr mais mais mme je serais au courant avec mon frre
@madflo Yes. Quentin fera suite, je serai au Qubec la semaine pro. Il me tiendra au courant. :-)
@maliahale_ (://///) *SMS: Mais personne ne sera au courant.........*
@mariemrqt envie d'info? Follow @A_PirasQuilici pour rester au courant des dernires actualits!
@morganedevito @psychedechu @Florent_re_off ah bah tu n'es pas au courant dj la fanatique
@navyjulien envie d'info? Follow @A_PirasQuilici pour rester au courant des dernires actualits! Je suis un ami qui te veux du bien!
@nelay63 Parce que sans moi tu serais au courant de rien ... :p  Et @LaCaillote dsole tu auras pas le scoop ! ^^
@neozecat @durovray les trains de la ligne R ne circulent pas sur les voies RERD, donc ce ne sont pas les mmes sillons.
@pauline_drrt Ouais ce serait gnial! Tu me tiens au courant!
@pixeh_ j'suis pas  Paris ma poule sinon tu serais au courant
@presdl non, je dclare forfait. Impossible de m'endormir l ou je suis, vais  encore 1/2 et me trainer Chez moi au 1er metro... Pffff...
@priceminister Si seulement je pouvais je serais venu en courant :/
@quentindchd PTDR taleur quant on ses barre en courant comme des Conrad j'tais explos sa mre!!
@raw112010 Ouai, enfin il faut que je vois si j'ai le temps demain aprm vers 14h. Mais a devrait tre possible. Je te tiens au courant.
@renaudpila @OFrancois60200 Il n'y a pas de fume ss feu et comme par hasard ce serait le seul  ne pas tre au courant Balivernes.....
@rifinordine envie d'info? Follow @A_PirasQuilici pour rester au courant des dernires actualits!
@sandtrooper7 @JacquesFush 1er: Vendre sa TV. 2e: se brancher sur twitter,3e: tre mieux au courant de l'info
@seb_mail on opre de grands changements depuis 5 mois au niveau du service ducation un peu de patience a arrivera courant 2015.
@sebcrb @MorganeSK Le public mme au Prou ils sont au courant que c'est pas folichon. L'arbitrage, faut dire ce qui est, c'est la misre.
@smileofshailene Train ou RER je vais voir et toi ?
@soundzjustin grave mais moi jsuis rentree bc ma mere m'avait dit de rentree a 19h et mon pere etait mm pas au courant
@tr13ze mon 1er rflexe serait de te dire non, aprs cest possible que a soit le cas et que je sois pas au courant.
@tteladomotique si cela continue tu seras au courant de la diffusion avant moi ! ;-) merci
@tvoialubov envie d'info? Follow @A_PirasQuilici pour rester au courant des dernires actualits!
@typique_STIB: Devinette : Comment appelle-t-on un bus de la STIB qui arrive  l'heure ? Un accident.
@xopyam mdr jte vois avec ta tete piloter le bus et avoir un accident
@zainftharoId du coup elle est alle devant mais wsh jsuis arrive en 1er dans le bus elle a cru j'allais bouger comme ce
@zainsweird @_jesskill oui c'est elle ! J'espre que tu pourras les avoir, tiens moi au courant !
A cause de la coupure de courant le portail ne pouvait plus s'ouvrir du coup ma mre tait bloque.. Et je l'ai sauv ! Chachatte l'hrone
A partir du moment ou j'cour aprs le bus je considre que j'ai fait mon sport de la journe.
Accident  Haguenau. Une voiture avec 4 jeunes  bord, qui faisaient du rodo, a heurt un bus vide. Bilan: 2 morts et 2 blesss graves.
Accident de bus sa grand mre des barres !!!!!
Accident de bus>Retard>Pas histoire! :D
Adrian cst un bete de bls!Un pigeon a fonce sur lui mais il preferer me pousser vers le pigeon . Jai crier comme une shlag en courant
Ahaha norme ! Le mec tellement press de ne pas louper le Rer, laisse sa meuf sur le quai. J'en connais un qui va dormir sur le canap
Alors la #RATP n'envoi plus de trains vers #Poissy sans raison. #rerA
Alphone Areola : "On est au courant de ltat du terrain, ce nest pas la premire fois. Mais quoi quil arrive, nous sommes prts." #SCBFCL
Aprs une journe comme celle l j'ai qu'une envie c'est rentrer...donc louper son rer  2sec prs j'vous dit pas comment je l'ai mauvaise
Aprs une longue nuit de travaux le trafic est normal ce matin sur la ligne du #RERA #OK
Attendre 20 minutes un RER sur le quai de la gare... J'espre que je serais pas en retard en cours. #RERA
Attention ! Des travaux de maintenance des voies  Ermont Eaubonne interrompent la circulation de certains trains du #RERC  22h30 #BOF
Au cas o tu ne serait pas au courant: bar open le 24. #yolo
Au temps pour moi #RERC vous grez bien les incidents :) annuler un train en retard de 35 minutes sur son horaire, c'est une logique..
Aucun train de 20h45  21h35... Merci la #sncf #RERA @villedecergy
Aucuns trains ne circulent sur le quai B en gare Paris Austerlitz @RERC_SNCF Et bien sur : aucunes informations !
Avant de sortir j'me suis dit "j'part en avance parce que imagine y'a un accident sur la voie du tram toussa" #1
Ayaaah jpense deja a ce soir 20h30 qd je serai en train flipp solo ds le rer
Bloqu dans le tram a cause d'un accident
Bloqu sans aucun train pour #Poissy. La #RATP affiche que dalle sauf des terminus La dfense. #rerA
Bon j'attend la t'es au courant ce serait cool que tu me tiennes au courant et vite je vais pas rester jusqu'a minuit a attendre tu sais
Bon sinon cette nuit j'ai rver que ma cousine qui a 24 ans tait enceinte et que j'tais la seul au courant.
Bonjour @RERE_SNCF . Le train de 8h47  Pantin a-t-il t supprim ?
Bonjour @groupekeolis a vous dirait de foutre un panneau de direction du bus DERRIRE le bus qu'on puisse courir aprs si on le loupe ?
Bonne nouvelle ! Retour  un trafic rgulier sur l'ensemble du #RERA #OK
Bref j'prend mon tram toussa et la communiquer general: "Accident sur la voie du tram veuillez patientez svp",#2
Bref ma mre est au courant ce soir le Portugal le sera aussi et demain ca sera tout Cap mdrrrr -'
C'est la misre le bus au vieux pr, j'ai failli le loup j'le trouvais pas au dbut
C'est pratique ce rseau de trains sous-terrain, je comprends ce succs, mais pas mon do qui m'a lch ds la premire station... #metro
C'est sur #R8 il va sortir personne ne sera au courant tellement la gow s'en balek des promos ichhh .
C'est tout moi sa, je cours jamais pour un train ni un bus,je suis trop au ralentit comme mec
C'est trop dommage que ce weekend j'sois chez mon pre sinon je serai venu en courant chez elle #josie
C'est trop mleh d'tre chez soi poser sous la couette se rveillez doucement sans courir derrire le bus.
Ce genre de mec dans le rer trop mignon, avec un super style qui coute du Led Zeppelin mais que tu reverras jamais x)
Ce matin j'ai rate mon bus je suis arriver en retard au lyce !! En plus j'ai pris un autre bus mais y'avais un accident ...
Ce mec qui dort dans ce bus un bon coup de frein sera son rveil choc #aiebobo
Ce rire gnant face au couple d'ados qui s'embrassaient dans le bus et qui se sont clats les dents quand le conducteur a pil
Cest la deuxieme fois que je cours dans un rer a quai cest POSEI
Cest rare pour moi de prendre le bus a l'heure sans lui courir apres
Chaque fois que je fais une connerie mon pere mappelle alors quil est pas au courant alors que d'habitude il m'appelle jamais. Cst stressant
Cher @RERC_SNCF pourrais-tu ENFIN remettre le train de 18h27 en partance de @mairieivry ? Atrendre 30 min est INACCEPTABLE, bordel de dieu.
Colis suspect dans le mtro, trafic ralenti ligne 1. #asenvaetarevient
Comme a elle sera au courant au moins mddr
Comment refaire l'instalation de sa chambre: dire  sa mre qu'on dort sur le matelas d'inviter pour avoir une prise de courant.
Commerce Street : Accident at 4th Avenue -
Complimente qq la personne concerne ne le saura jamais par contre critique la et tout le monde sera au courant, mme TF1 je suis sre
Conflans > toile, 25 mn en RER A, mais 25 mn debout, serrs dans un train trop chaud. Respect  ceux qui font a 2 fois / jour #railreport
Courir aprs le tram puis courir aprs le bus, je ferais pas a tous les jours ptn
Courir aprs un RER, l'avoir, mettre 3 stations  s'en remettre. Je ne vais paq assez  l'entranement.
Courir pour chopper le bus, courir chez le kin, courir prcq t'as pas ta carte vitale, re-courir chez le kin, je suis au bout de ma vie ptn
Dans le RER j'tais  ct du madame qui lisait le coran.....moi j'coutais Rihanna la reine des biatch mdrrrr
Dans le bus 474 vers l'aroport. Traffic.
Dans le tram j'ai vu une fille dma classe du coup jsuis alle vers elle, elle est gentille en vrai
Dans mon lyce y a une photo de moi pendant le flashmob de Prisme l'anne dernire et j'tais mme pas au courant
Deja j'ai vue Onur et elise a la gare entrain de s'enjailler avec des bisous sur le cou Mddrr jetais mort ma mere dans le tram a cru
Demain je cours 5 borne jusqu' la piscine 1h de nage retour en courant donc 10 bornes en tout plus 1h de crossfit Jvais pter tte de moi
Depuis la semaine dernire le trafic est ralentit sur la ligne 8 bc y'a des colis suspect et que c'est une ligne sujette au terrorisme
Depuis que j'coute de la musique dans le tram je redcouvre certaines chansons que j'ai sur mon tlphone
Dernire fois que je prends ce bus pour aller en cours si Dieu veut
Des applis, des informations, des livres, des p'tits dj, mais PAS DE TRAINS. Bienvenue  la sncf! @RERA_RATP @LIGNEJ_SNCF @AgentSncfLigneJ
Des photos des bbs sur ma page fb, venez nous y rejoindre pour etre au courant des dernires nouvelles; Pour...
Des travaux programms du 13 au 7 novembre 2014, n'influencent pas le trafic rgulier de la ligne du #RERB #OK
Des travaux sur le @RERE_SNCF perturbent la circulation des trains ce matin - plus d'info sur @77_fm
Deuxime coupure de courant, ma mre a allumer les bougies et tout on se croirait au moyen ge mdrr
Devinette : Comment appelle-t-on un bus de la STIB qui arrive  l'heure ? Un accident.
Devoir laisser sa place dans le rerA et faire 40 minutes debout.... C'est pas comme a que je vais rcuprer. #transports
Dirigeants de la banque mondiale ont reu des primes pour "comptence exceptionnelle". Einstein est-il au courant?
Donc en fait dans le RER le conducteur a trs sournoisement dit : "Merci de ne pas bloquer les portes si vous voulez que le train roule"
Dtails sur les specs du futur HTC Ville: Le petit frre du HTC One S pourrait bientt voir le jour (courant 2...
Du coup je pense prendre mon bus normal, comme ils vont arriver vers la mme heure en fait limite.
Du coup jme prpare et arriv l ma mre elle mfait "il pleut jtemmne  ton arret de bus" tous ces efforts pour rien  #lt
Du coup un bus relai tais devant le mtro pour conduire les lves au lyce
Du coup, tu ne me fais pas faux bond aujourd'hui @RERC_SNCF ! Je compte sur toi pour venir sur Paris ! :D
EDF manuvre pour rcuprer ses versements au #FSL #nergie -
EN ECJS Y AVAIT UNE QUESTION "quel courant  inspir..." JME RETOURNE VERS BAPTISTE POUR LUI DEMANDER IL ME REP "le courant d'air" JPLEURAIS
Elle a t slectionne pr venir faire du buzz? J'espre que @BFMTV et @itele sont au courant ainsi ils reprendront a tte la jrnee #DPDA
Elle est au courant qu'elle fera pas Sciences Po Paris?
Elle est en premire S, demain elle a 3h de cours OKLMUS DANS L'BUS
En France ya rien de plus gangsta que les RER, tu peux croiser que des cas particuliers dans ces trains l.
En admettant qu'il n'tait pas au courant, comment faire confiance  qq'un qui ne sait pas grer un parti pour grer un pays ? #Bygmalion
En plus de a, je reviens de Trousseau, accident donc arrt des trams, je suis rentrer chez moi  pied pck j'allais chez le mdecin
En rentrant des cours y'a un ptit dans le bus il c'est mt  pleurer et pter un plomb on sait pas pourquoi !
Entre ce matin ou j'ai du courir derrire le bus et ce soir ou je me suis endormie dedans et que je faillit rater mon arrt, bravo Lara
Et ce soir il a lancer un cailloux vers un surveillent le surge c'est retourn le gars il lui dit "je suis revenu" et il part en courant..
Et genre aujourd'hui je suis alle a la banque pour un prt, ma mre est au courant, mais pas une question.
Et ils insistent..RT @RERA_RATP: Retour  un trafic rgulier sur l'ensemble du #RERA #RATP. Incident termin,#qml
Et quand je sors du bus pour prendre le tram j'avais plus ma carte de bus j'tais trop en stresse du coup ma mre  appeler "citura"... #LT
Et voil ! Incident termin et retour  un trafic rgulier sur l'ensemble de la ligne #RERA #OK
Euh le train de 11:12 direction villiers sur Marne il est ou !!? #RERE
Euh, Jallet en EdF? Je crois que Deschamps est en train d'insulter nos mres de faon dtourner, je ne suis pas sr.
FAKING IT SA A REPRIS ??? MAIS PUTAIN!! J'ETAIS PAS AU COURANT
FL-924 E/B : Accident at Le Jeune Road -
Face  moi, une pub twittophile pour le transilien. (Un coup du @Conducteur_RER ou de @Gentilchanoir?) #RDS 3
Faillit avoir un accident de bus, sa comment bien des le matin hm.
Fallait jener ajd tt lmonde est au courant
Faudra que j'aille la rcuprer  la gare pour qu'elle ne se trompe pas de bus. Errf !
Faut qu'elle redescende elle , Je cours pas aprs les geens :) #TeamTropdefierte Mme derrire un bus on court pas ;)
Faut que je demande  mon pre pour le 11 en fait, il est toujours pas au courant
Faute de profs, je suis rentr 2h en avance et ma mre est pas au courant. J'ai hte qu'elle rentre xD
Genre j'ai pris le bus pour aller rcuprer des affaires que j'avais oubli dans une base militaire-
Gignac va chauffer le banc arrter de rver ! EDF ou bien courir pour mincir ! #GignacEnEDF #grosporc
Gros coup de pression des contrleurs dans le @RERB sur un mec qui met ses pieds sur les siges. Menaces de 60 d'amende LOL!
Gros ralentissement entre Parc de Sceaux et Croix de Berny. #RERB
HE LA DERNIERE FOIS J'AI DIT A FARAH "AU PIED" ET ELLE A DIT "J'ARRIVE" EN COURANT VERS MOI MDDDDDDDDDDDDDR
Heeeee affaire, la CIE a repris son courant matin l.
Heureusement que j'ai des couteur pour ne pas couter les histoires de merde des gens dans le RER
Hey pour le trajet en bus ce sera @manudansle69 que j'coute ce matin :D
Hier au concert des boys  Atlanta, un mec  demand sa copine en mariage et askip Harry tait au courant. Wow !
INCROYABLE! Un autobus scolaire s'aventure dans une rivire qui coule  flots, se rendra-t-il de l'autre ct???
Ici Pascal pour vous tenir au courant sur l'tat du trafic. Bon voyage aux voyageurs du #RERA #RATP
Il est venu chez moi rek, courant coup
Il faut pas tre press dans le RER hein. Le chauffeur il roule au ralenti, on dirait il nous fait une visite guide du 93. Grrrr
Ils sont au courant  la SPA que femmes enceintes et chats font rarement bon mnage ??! #fail
Ils sont insupportables ces fdp qui viennent s'asseoir en face de toi dans le train/RER alors qu'il y a de la place partout
Infotrafic #RERD : Le trafic est perturb entre #Melun et Paris (panne train  Bercy prs des garages des rames). >
J espre que le courant va se rtablir !
J'adore rentrer de la gym pour que mon pre me dise que GDF s'est tromp de compteur et nous on coupait l'eau chaude  la place du voisin
J'ai attendu mon pre 15 min  l'arrt du bus pour qu'il vienne me rcuprer et son excuse  t : "je regardais le quikpro sur l'ordi"
J'ai beau courir pour tre la premire dans le bus, j'me ferais toujours craser
J'ai courru pour mon bus mais je l'ai quand mme loup, ma mre va me tuer appart a ma vie est cool
J'ai enfin reu ma robe, je m'apprte a ouvrir le paquet histoire de pleurer de joie. Ma mre me l'arrache des mains et s'enfuie en courant.
J'ai l'impression d'tre plus au courant de rien de la vie des boys depuis que les cours ont repris..
J'ai loup mon arrt de bus rt si j'suis un blairow mais pk personne a appuy aussi l #CheapVnre
J'ai louper le bus et ma mre la elle dit quee j'ai fait exprs, mais oui j'ai que a  faire louper le bus.
J'ai louper mon bus Ohlolo cmt elle tait vnre ma mre
J'ai oublier mon sac de sport dans le bus . Heureusement colline la rcuprer
J'ai pris le rer  12h08 si j'arrive  ne pas tre retard pour le cours de 13h un nouveau record sera tabli...
J'ai regard #BobLponge avec mon p'tit frre, du coup j'ai rat mon bus, du coup, je me suis pris des pompes (beaucoup de pompes)
J'ai termin mes traductions hier soir vers 1h du matin pour, au final, ne pas allez en cours de thme (traduction F  E)  cause du bus x)
J'ai toujours ador les prises de position  contre courant des 1res dames. #Dur de vivre dans l'#ombre
J'ai trop de fiert pour courir derrire un bus
J'ai un train et metro pour y aller j'espre pas me perdre mdr
J'avais vu une fille dans le RER B , elle etait pose , et d'un couo grande grimace devant son smartphone... j'ai sursaut. Faites pas a
J'en peux plus des trangers dans le rer. Ils ont pris du temps pour sortir du train et du coup ils ont rat leur arrt.
J'espre pour elle qu'elle est au courant..
J'espre qu'il va pas tre au courant de a
J'espre que j'aurais direct un bus, pcq  l'heure o arrive mon train...............
J'suis la dernire au courant alors que je devrais tre la premire
J'tais dans le bus j'allais appuyer sur STOP et il a ralenti sa mre j'ai failli me pter les dents.
J'tais entrain de me brosser les dents j'ai couru dans ma chambre pr rep a louise,mon pre il arrive en courant il glisse sur du dentifrice
J'tais partit en cours, puis le poma tait en arret, alors j'ai repris le bus et j'suis retourne chez moi
J'tais pas au courant qu'il y avait des nouveau billet de dix jusqu' il y a 5 minutes quand j'ai retir de l'argent ^^
Jcommence a connaitre la galere des trains et ce ptn d'encul d'RER C nike la sncf bande de fdp !!!!!!
Je crois que mon frre est con genre il est venu vers moi en courant et ma jet une serviette de bain en criant "taureau taureau"
Je dis un truc a quelqu'un de ma famille en moins d'une heure y'a ma famille entire qui est au courant.
Je dteste courir derrire le bus pour l'avoir
Je m'tais trop motive pour aller au yoga mais y'a plus de tram ni de VCUB je suis coince  l'IEP. Sympa pour le 1er cours de l'anne...
Je n'tais pas au courant que Volt.aire tait avec Ampre. Vous l'avez ? #Calembour
Je relis le cours de management demain dans le bus, j'ai trop la flemme la
Je sens demain y aura un controle ou je serais pas au courant
Je suis au courant de vraiment trop de chose, mais le jour ou a va pter beaucoup vont regretter.
Je suis au courant pr le #psn mais j'aimerais bien voir un tweet annonant le redmarrage du service pr que je puisse jouer  #Destiny today
Je suis bientt au lyce ,Stp le bus ralenti au max la...
Je suis la plus heureuse depuis que je suis au courant pour ma mre
Je vais bientt reprendre les cours et qu'elle sera certainement dans le bus tout les matins si elle me laisse ce week..
Je vais en cours je sens que je vais devoir courir derrire le bus la
Je viens de loupe le tram putain de sa mere la
Je vous aime les bbs, ne m'unfollowez pas  Mais j'espre que vous tes au courant que MAN PA GINYIN AN PATATE FIFA 15
Jeudi 2 octobre 2014. Il va falloir crer un troisime courant politique dmocratique pour carter du pouvoir...
Joder j'ai 40min de trajet et faut qu'il y est un accident pile maintenant .. Tram arrt...
Jui en deuil les gens ma batterie a t assassine par le retour du courant alors un peu de compassion me fera du bien
Jvais devoir courir pour le bus sa mere
L'autre bus de seltz arriv pas  dmarr donc on les rcupre..
L'inconscient est balaise, je suis au courant, mais au point de diriger ton regard vers un endroit que tu essaies d'viter, c'est ouf!
La Mridionale, premire compagnie  passer au courant de quai en France
La bonne blague !RT @RERA_RATP: Retour  un trafic rgulier sur l'ensemble du #RERA #RATP. Incident termin.
La ligne A du RER, c'est un train prvu a 20 mais qui vient a 35 en toute normalit.
La pr le coup mon RER C me manque... Et a Villeneuve cava tre le zoo videment
La prochaine fois j'vient en vlo en cours a ira beaucoup plus vite qu'avec le bus et en plus a me fera un peu de sport
Le " train a l'approche " dans les RER c'est le plus grand mensonge de l'humanit
Le #RERA est tellement lent !! Je crois qu' pied, on le doublerait sans problme, c'est pour dire ! #soupir
Le RER D non ce train laisse tomber
Le bus il est pass en retard du coup ma mre elle nous amne je suis avec mon bro et ses potes putain qu'est-ce qu'ils sont cons
Le chauffeur de bus il est vnet, a chaque fois que quelqu'un appuye sur le bouton pour s'arrter, il soupir comme un fdp
Le chauffeur du bus a ralenti par ce qu'une beurette traversait, je lui ai dis "azi passe c'est orange" on m'a applaudit, j'ai roul l'bus
Le chauffeur du bus a ralenti par ce qu'une beurette traversait, je lui ai dis azi passe c'est orange, on m'a applaudit, j'ai roul l'bus"
Le chauffeur du bus a ralenti pcq une beurette traversait, je lui ai dis vazi passe c'est orange, on m'a applaudi, jai conduit le bus
Le chauffeur du bus il a vu qu'on tait en retard avec Oce, du coup il s'est arrter plus en bas pour qu'on ai pas a tout monter!
Le chauffeur du bus il se croit dans un rallye y '  dj faillir avoir 2 accidents a fait mme pas 5 min que je suis dedans
Le conducteur du #RERA #XOUD devrait reprendre des cours de freinage ...#RATP
Le courant passe TRS bien entre @PatrickBruelOff & Sophie Marceau,duo de charme de #TuVeuxOuTuVeuxPas, avec des thrapies  mourir de rire
Le cours commence  30 il est 35 et j'ai mme encore pris mon RER
Le dernier n des Studio Ghibli, When Marnie Was Here devrait arriver en France courant 2015, sa critique est...
Le mec qui a demand sa copine en mariage au concert des boys il a quand meme fait arrter le concert et Harry tait au courant!
Le petit accident de tram juste devant moi... Voiture bloque donc pas d'entranement aha
Le serveur Teamspeak est inaccessible  partir d'aujourd'hui et sera disponible d'ici 1  3 jours au grand max. On vous met au courant !
Le trafic est perturb entre Melun et Paris sur la ligne du #RERD  cause d'une panne d'un train #BOF
Les gens a O7H3O ils sont dtre a courir aprs leur bus, moi il passe il passe je rentre chez moi.
Les gens qui me disent "tu rep jamais aux sms" chez pas si ils sont au courant que j'ai une vie que d'tre sur mon tlphone
Les gens sur Twitter sont obliger de prcis qui ont un Iphone, perso mon pre a l'Iphone 6 plus limite il est mme pas au courant
Les payous avec leur musique a fond dans le bus sachez que nous n'avons pas tous envie d'couter du Jul donc niquez bien vos mres !
Les voix? Des gens crient,ca bloque tout? RT @Gstarcrew: Suspicion de personnes sur les voix #rerb  Mitry. Trafic vers le nord ralenti #qml
Lol accident de bus. Putain. Je vais tre en retard.
Louper le bus, courir jusqu' l'arrt suivant pour le rcuprer, russir. Check !
MAIS L'AUTRE ELLE NOUS FAIT UN DS ON EST MME PAS AU COURANT ALLER TA MRE
MDRRRRRRR la mme j redoubler ya 2 ans il est tjrs paa au courant mon pre  #LRT
Ma mre a trouver un vers dans sa salade, JE SUIS PARTIE EN COURANT EN CRACHANT TOUT PAR TERRE ET JE ME SUIS RINCER LA BOUCHE PUTAIN
Ma mre c'est faite anesthsi aujourd'hui elle vient de m'appeler j'etais pas au courant... Le pire est pass
Ma mre elle a tellement peur que j'arrive en retard ou que je loupe le bus qu'elle viens me rveiller AVANT mon rveil mdrrr
Ma mre elle m'a dit qu'elle m'avait attendu  l'arrt de bus mais le bus il pris du temps  venir du coup elle est partie
Ma mre elle m'a donn des conseils pour tous mes problmes alors que yavait que Dieu qui etait au courant mane d warou na
Ma mre elle m'a engueuler psk je voulais pas mettre la musique moins fort et elle m'sort tu veux que je coupe le courant? Elle a fumer.
Ma mre est au courant j'ai du rompre avec La...
Ma mre qui veut se marier, putain, pourquoi je suis toujours la dernire mise au courant?
Ma vie c'est courir derrire les RER a race
Maintenant que @Mr_Sam10 prend le bus et le train tout les jours avec ma mre, ils va devenir reloooouuuuu !!!!
Mdrr ma mre veut pas me payer ma carte de bus ah ouais bah coute si je reviens avec une amande de 50 tu te demerde
Mdrrr genre sur la ligne de tram y'avait une mre en vlo et sa fille elle courait a coter avec son cartable
Mdrrrrrrr "le monde sera a toi qd t'auras coup ma tte" dis le mouton en courant
Meteo du #RER (#ratp) : KO () 02/10/2014 a 21:39 Trafic normal sur l'ensemble ...
Meteo du #RER (#ratp) : OK () 02/10/2014 a 01:09 Trafic normal sur toutes les ...
Meteo du #RER (#ratp) : OK () 02/10/2014 a 07:57 Trafic normal sur l'ensemble ...
Meteo du #RER (#ratp) : OK () 02/10/2014 a 12:41 Trafic normal sur l'ensemble ...
Meteo du #RER (#ratp) : OK () 02/10/2014 a 19:17 Trafic normal sur l'ensemble ...
Meteo du #RER (#ratp) : OK () 02/10/2014 a 20:25 Trafic normal sur l'ensemble ...
Mickal il allait louper le bus alors il a couru j'tais morte de rire
Mon ex a gueuler a une amie "RETOURNE CHEZ TON PERE" mais pourtant il tait au courant que son pre s'est suicider,Quel batard !!!!
Mon frre ce guignol commence  8h30 il a  disposition le bus scolaire  8h10 et bah non il prend le train  7h40. Foutage de gueule
Mon frre il est venu pour la tuer, il l'a rat, elle est venue vers moi, j'ai fait 10x le tour de la maison en courant et en criant
Mon frre il me traite pcq mon bus il est pas  l'heure  l'arrt  croire c'est moi qui roule le bus
Mon papa, ma sur et mon beau frre sont au courant de ma moyenne ils sont trop fire surtout mon papa, il manque plus que ma maman !
Mon pere est au courant ; j'mattend a qu'il debarque au lycee
Mon petit frre dort partout hahahaha sur les bancs de la gare, dans le train et mntn dans le tram  j'espre qu'il ne dort pas  l'cole
Mon pre est pas rentr du coup je dois aller chez le kin seule en tram
Mon pre il travaille trop loin du coup il rentre pas encore ce soir je suis oblige de venir avec le bus  8h demain pouuuu
Nan parce que au cas o vous seriez pas au courant c'est ridicule en fait.... #LT
Nous somme entrain de crer un serveur AltisLife qui est en dev. Nous ferons une fois par semaine une vido pour vous tenir au courant :)
Ok bah ma mre est au courant grace  Chlo, super
Ok mon train est a 15h48 demain donc je vais sortir en courant du lyce et je vais courir a la gare pour tre sre de l'avoir
Okok je me prpare j'arrive  tre a l'heure j'arrive au mtro j'entend "accident technique sur la ligne 2 attente de 40min" #mercitranspole
On a tous dj dis/entendu la phase  je suis sre quil y a des gens sur toi tu nai pas au courant
Parc.. pi la y'avais pas le bus garer devant notre porte, le prof' il part au ralentit pour appeler le chauffeur itout itout apres avoir
Pas de @RERA_RATP car #travaux direction #garestlazare train 45 min d'attente INADMISSIBLE #transilien retour chez moi via #taxi ;(((
Pire ! Je me suis leve du banc pour allais vers le bus et j'avais les Fourmies dans les jambes. Du coup je suis rester bloquer debout mdrr
Pour la premire fois je suis en avance et je loupe mon bus -'.
Pour te tenir au courant des dernires news,podcasts,photos,vidos du RexClub inscrits toi  la newsletter !
Pourquoi je tombe toujours dans les bus en galre qui font des accidents et tout aaaaaa ?!
Premire fois de l'anne que je loupe mon rer si brillamment
Premire fois j'cours pour prendre le bus pour aller en cours et c'est la dernire fois hein ! Y a des conducteurs c'est des gros connard XD
Premire fois que je cours apres mon bus
Pt1 d'accident de bus sur Haguenau Route de Wintershouse,ils ont barres la routes les hlico,les pompiers,polices,ambulances c'est blind.
Ptn jviens de louper mon bus sa mre la pute
Putain  la place de Mokhtar je serais dj parti en courant pour le niquer !!!! #TPMPublic
Putain avec j'vais en cour et genre il y avait un bus et derrire le bus l'affiche w la poupe anabelle j'ai crus j'allais pleurer ptn
Putain je unis deg qui nous es laisser sortir que vers 40 car j'ai louper le trams de 42 qui tait parfait x)
Putain mais les coupures de courant allez niquer vos mre au lieu de me faire chier svp
Putain y'a personne  l'arrt j'espre j'ai pas loup mon bus
Putains y a un fils de pute qui coute jul  l'arrire du bus des le matin..
Quand T Ou Au Courant De Tous Les Bail Sa Claque Sa Mere Mdrr.
Quel bad tout ces billets de mme taille, je viens de payer mon bus 7$ au lieu de 3... A ce prix la je m'envoie qq bires et je cours !
RERB en carafe ce matin. Le direct Massy Antony avance au ralenti et cumule dj les minutes de retard. Trafic normal selon @RERB
RT @AlainJupepe: Bon, j'espre que tout le monde est bien au courant de mon entrevue secrte avec Michel #Denisot...
RT @AlixiaAds: Mon pere il me dit de ramener personne a la casa mais il est tjr pas au courant que toute l'le de France elle va camper ds mon jardin mskn
RT @AmbreMeulins: j'espre que demain je louperais pas le bus, j'habite en ville et j'arrive encore  tre en retard mdr
RT @AmelieDeclee: J'ai oublier mon sac de sport dans le bus . Heureusement colline la rcuprer
RT @Aro_Baze: Le chauffeur du bus a ralenti par ce qu'une beurette traversait, je lui ai dis azi passe c'est orange, on m'a applaudit, j'ai roul l'bus
RT @BennyLunatiC: Quand T Ou Au Courant De Tous Les Bail Sa Claque Sa Mere Mdrr.
RT @BrahimChahid: Train city qui s'arrte pas  vitry, c'est pas cool a #RERC
RT @CIaudeFrancois: RE JE SUIS LA, DSOL DU RETARD J'AVAIS UNE PETITE COUPURE DE COURANT
RT @CamilleLme: Vazi la dernire au courant a fais plaisir
RT @ChWilmart: l'appli transilien me ment, celle de la RATP aussi, train blind et omnibus vs. direct prvu, je suis en retard de 15mn. Merci #rerc #qml
RT @Chloe__Bry: Les gens qui me disent "tu rep jamais aux sms" chez pas si ils sont au courant que j'ai une vie que d'tre sur mon tlphone
RT @Conducteur_RER: Panne d'un train + incident de signalisation vers Moret = #LigneR en vrac.
RT @CraaziyK: S'matin l'conducteur du 15 il s'moquait (au tel) d'une dame qui a eu un accident avec un bus
RT @CyrilouSan: Octobre, les feuilles vont bientt tomber par gros paquets, et les trains un peu enrayer  mais on va assurer! #rerc
RT @Dadoumwk: faut j'retlcharge des musiks psk j'coute toujours les mm sons dans l'bus et sa mfatigue
RT @EmmaLaplace: Le #RERA est tellement lent !! Je crois qu' pied, on le doublerait sans problme, c'est pour dire ! #soupir
RT @F3Alsace: Accident  Haguenau. Une voiture avec 4 jeunes  bord, qui faisaient du rodo, a heurt un bus vide. Bilan: 2 morts et 2 blesss graves.
RT @FabriceGoyi: Euh, Jallet en EdF? Je crois que Deschamps est en train d'insulter nos mres de faon dtourner, je ne suis pas sr.
RT @Fedlate: Trafic fortement perturb sur la ligne de #rerc  12:20 le 02/10 #fedlate en savoir plus sur
RT @Feucherolles: Le conducteur du #RERA #XOUD devrait reprendre des cours de freinage ...#RATP
RT @IDK_WhatImDoing: Ce rire gnant face au couple d'ados qui s'embrassaient dans le bus et qui se sont clats les dents quand le conducteur a pil
RT @JMST51: @sandtrooper7 @JacquesFush 1er: Vendre sa TV. 2e: se brancher sur twitter,3e: tre mieux au courant de l'info
RT @J_NiicoLas: @Cyrille_92i Azy frere on se tien au courant pour demain soir parce que JAI hand et apres je tenvoi un sms pour bouge !
RT @JalilouBlh: @Tunisie_haine fou toi encore dma gueule jte met la tete dans le rer direction paris et jlaisse le reste de ton corp a melun
RT @JardimLand: @sebcrb @MorganeSK Le public mme au Prou ils sont au courant que c'est pas folichon. L'arbitrage, faut dire ce qui est, c'est la misre.
RT @JohanTrinita: Le chauffeur a ralentit parce qu'une beurette traverse, j'luis et dit ces orange tu pe y aller tt l'monde ma applaudis et jai conduis le bus
RT @KatyPerryFrance: Le Calendrier 2015 officiel de Katy Perry sera disponible prochainement. On vous tient bien videmment au courant.
RT @KeenvOfficiel: Restez connect car le clip de #JmeBatsPourToi sera dispo courant de semaine prochaine... Merci Mr @yukamei ;)
RT @LIGNEL_sncf: #LigneL/#RERA: Panne d'1 train  #NanterreP: prvoir retards 10/20mns, modifs dessertes et suppressions axes #Nanterre/#Cergy jusqu' 19h30
RT @Laure0226: Elle a t slectionne pr venir faire du buzz? J'espre que @BFMTV et @itele sont au courant ainsi ils reprendront a tte la jrnee #DPDA
RT @LeCheri45: @ClarisseHardy Je vais tout faire pour russir ! ,Oui tu sera la premire au courant ma belle
RT @Levontchik: #Contrleurs  chtelet les halles en haut de l'escalator en tte de train du #RERB direction CDG #QML @ControleurRATP
RT @Liliandu32: Bonjour @groupekeolis a vous dirait de foutre un panneau de direction du bus DERRIRE le bus qu'on puisse courir aprs si on le loupe ?
RT @LinksTheSun: Point Octobre mont, export en cours, il sera disponible dans le courant de la nuit ou demain.
RT @LoSmiile: Je vous aime les bbs, ne m'unfollowez pas  Mais j'espre que vous tes au courant que MAN PA GINYIN AN PATATE FIFA 15
RT @LucBentz: Face  moi, une pub twittophile pour le transilien. (Un coup du @Conducteur_RER ou de @Gentilchanoir?) #RDS 3
RT @Ludivine_stone: @CamilleTerry05 Tu seras la premire au courant
RT @Maaamco: Vous etes au courant que demain ca fera un an le coup du "je vous surveille" mais OH  Le temps file
RT @MaaevaHV: j'avais fais mes boucle bien et tout, la du j'ai courir jusque l'arrt de bus pour donner les clopes  mon frre abus plus de boucle
RT @MalcolmPascault: Elle est en premire S, demain elle a 3h de cours OKLMUS DANS L'BUS
RT @Manonbcher: J'ai courru pour mon bus mais je l'ai quand mme loup, ma mre va me tuer appart a ma vie est cool
RT @MehdiTFenty: Rogue pour homme il est sorti pers tait au courant mdrr Rihanna elle s'en bas les couilles elle fait mme pas la promo #ROGUEMAN
RT @MorganeRvr: Je suis miss pas de chance! Le tram qui a un accident, le bus de secours qui passe pas aux bons arrts.. 2h pour rentrer, c'est pas mal
RT @NotreHoroscope: RT Si oKFC derrire la queue ta cri"YA LES POULETS! YA LES POULETS!"et ta montr1aile d'poulet,Zoumana, sans papier, est parti en courant
RT @NotreHoroscope: RT Si vers minuit tu pissais contre un mur ds lnoir total.. un renoi a cri"-Eh c qui le fdp qui mjette de l'eau la?!",Tes parti en courant
RT @NotreHoroscope: RTsi t'tai dans le RER ta dis a une meuf-T'vas ou?-la dfense et toi?-A l'attaquexD,Des contrleurs t'ont ject du train en pleine voie
RT @ON_MA_APPLAUDIT: Le chauffeur du bus a ralenti par ce qu'une beurette traversait, je lui ai dis azi passe c'est orange, on m'a applaudit, j'ai roul l'bus
RT @OnMaApplaudit: Le chauffeur du bus a ralenti par ce qu'une beurette traversait, je lui ai dis "azi passe c'est orange" on m'a applaudit, j'ai roul l'bus
RT @OnMaApplaudit: Le chauffeur du bus a ralenti par ce qu'une beurette traversait, je lui ai dis azi passe c'est orange, on m'a applaudit, j'ai roul l'bus
RT @PA_Julien: @LucMatte9 J'espre qu'elle est au courant que son rouge  lvre est fait  partir d'un driv ptrolier!!
RT @Paterne_F: Il est venu chez moi rek, courant coup
RT @RERA_RATP: 11:09, le trafic reprend progressivement de Nation vers Boissy/ Marne-la-Vallee (colis suspect) #RATP #RERA
RT @RERA_RATP: 18:22, le trafic est ralenti de La Defense (Grande Arche) vers Cergy/ Poissy /St-Germain-en-L. (malaise voyageur) #RATP #RERA
RT @RERA_RATP: 19:34, le trafic est ralenti sur la ligne (panne de signalisation) #RATP #RERA
RT @RERA_RATP: Ici Pascal pour vous tenir au courant sur l'tat du trafic. Bon voyage aux voyageurs du #RERA #RATP
RT @RERA_RATP: Retour  un trafic rgulier sur l'ensemble de la ligne #RERA #RATP. Incident termin.
RT @RERA_RATP: Retour  un trafic rgulier sur l'ensemble du #RERA #RATP. Incident termin
RT @RERA_RATP: Retour  un trafic rgulier sur l'ensemble du #RERA #RATP. Incident termin.
RT @RERA_RATP: Travaux prvus sur la ligne #RERA du 02/10/2014 au 04/10/2014. Pour plus dinformations, .
RT @RERA_RATP: Travaux prvus sur la ligne #RERA du 03/10/2014 au 04/10/2014. Pour plus dinformations, .
RT @RERA_RATP: Travaux prvus sur la ligne #RERA du 05/10/2014 au 06/10/2014. Pour plus dinformations, .
RT @RERD_SNCF: Infotrafic #RERD : Le trafic est perturb entre #Melun et Paris (panne train  Bercy prs des garages des rames). >
RT @RER_B: Gros ralentissement entre Parc de Sceaux et Croix de Berny. #RERB
RT @RER_B: Totale dsorganisation des trains vers le sud sur le #RERB. Retards, trains supprims... CC @RERB
RT @Rajive_ND: En admettant qu'il n'tait pas au courant, comment faire confiance  qq'un qui ne sait pas grer un parti pour grer un pays ? #Bygmalion
RT @RomainOllive: Maintenant que @Mr_Sam10 prend le bus et le train tout les jours avec ma mre, ils va devenir reloooouuuuu !!!!
RT @RomaneetOphelie: Le chauffeur du bus il a vu qu'on tait en retard avec Oce, du coup il s'est arrter plus en bas pour qu'on ai pas a tout monter!
RT @SChesnel: Conflans > toile, 25 mn en RER A, mais 25 mn debout, serrs dans un train trop chaud. Respect  ceux qui font a 2 fois / jour #railreport
RT @Sassa_smile: Vous animalisez trop les noirs, certe on fait du Bruit mais vous nous verrez jamais nous jetter du RER B pour bloqu tous les trains pdnt 2h
RT @Segosh_: Dans le RER j'tais  ct du madame qui lisait le coran.....moi j'coutais Rihanna la reine des biatch mdrrrr
RT @Sim_Goose: @AmelieDeclee Toujours ! Nan en vrai je me barre en courant dans les bras de ma mere ..
RT @SolenneDbrd: Courir aprs le tram puis courir aprs le bus, je ferais pas a tous les jours ptn
RT @StarkOfValyrian: @LilyWatkins tu sera la premire au courant !! :D
RT @SteveCarell62: @Kns_smr envie d'info? Follow @A_PirasQuilici pour rester au courant des dernires actualits!
RT @T5_RATP: 17:11, le trafic est interrompu entre GARGES-SARCELLES RER et LES CHOLETTES (accident entre tiers sur la voie publique) #RATP #T5
RT @TAG_Grenoble: #Infotrafic_TAG En raison d'un accident secteur Echirolles, certains tramways de la ligne A ont du retard. Merci de patienter.
RT @TAymeila: @Leilableue @Leila___SS8 @LauraSierac @LeilaSecret8 lis Twitter tu seras au courant de tty'aura le replaysi Aymeric est l tu le sauras
RT @ThatsNoelleC: Ma mre c'est faite anesthsi aujourd'hui elle vient de m'appeler j'etais pas au courant... Le pire est pass
RT @TheoPattyn: @PerronValentin Ta gueule conar ,Attend demain quand ta mere va etre au courant des notes, tu te seras fais bais en 10 min par les profs
RT @ThomasVequaud: Aucun train de 20h45  21h35... Merci la #sncf #RERA @villedecergy
RT @Tibmeng: Au temps pour moi #RERC vous grez bien les incidents :) annuler un train en retard de 35 minutes sur son horaire, c'est...
RT @Tiishou_05: &&&& , le truc de ' Ppre ' , ' Chiiips ' & Patiti & Pataata , enfaite j'etais pas au courant hein :/
RT @Tikitoq: Les gens qui en ont marre du train-train quotidien, vous prfrez le bus bus hebdomadaire?
RT @TomekTR: #QML #RERD : Le trafic est perturb entre #Melun et Paris (panne train  Bercy prs des garages des rames). >
RT @VieuxSoninke: #RERD Il y avait un daron  coter de moi il pue tellement qu'il a fallut que je change de train.
RT @VpVuong: Jtais dan le bus un roumain ma demand de l'argent jai dis "pas de bras pas de chocolat" le chauffeur a applaudit on a eu un accident
RT @Xaavsindt: La prochaine fois j'vient en vlo en cours a ira beaucoup plus vite qu'avec le bus et en plus a me fera un peu de sport
RT @YannisFoolek: C'est trop mleh d'tre chez soi poser sous la couette se rveillez doucement sans courir derrire le bus.
RT @_Morganelrt: @InfosExclusives: Des Australiens soulvent un train pour librer un voyageur coinc.  le RER B tous les matins
RT @_No3mie: Attendre 20 minutes un RER sur le quai de la gare... J'espre que je serais pas en retard en cours. #RERA
RT @adrientcho: La bonne blague !RT @RERA_RATP: Retour  un trafic rgulier sur l'ensemble du #RERA #RATP. Incident termin.
RT @adrientcho: Srieusement quand est ce que @Gentilchanoir devient CM ? @RERA_RATP: Retour  un trafic rgulier sur l'ensemble du #RERA #Qml
RT @arnaudblesse: Encore un accident  Glacire Arago. Un carrefour et le parcours bus 83  revoir, demande du #CQ1 @mairiedu13
RT @aymrcb: le chauffeur a ralentit parce qu'une beurette travers,j'lui ai dit c'est orange tu peut passer. tt l'monde m'a applaudi j'ai conduis le bus
RT @benanegatif: Colis suspect dans le mtro, trafic ralenti ligne 1. #asenvaetarevient
RT @berkaydu67: Pt1 d'accident de bus sur Haguenau Route de Wintershouse,ils ont barres la routes les hlico,les pompiers,polices,ambulances c'est blind.
RT @chloeledoux3: 2 accidents de bus en 2 semaine c'est chaud !
RT @elise62100: #TuViensDeCalaisSi tu prfres encore traverser toute la ville  pied que de te taper le bus avec son odeur  te couper le souffle.
RT @emmapetit8: C'est trop dommage que ce weekend j'sois chez mon pre sinon je serai venu en courant chez elle #josie
RT @estelle8154: @morganedevito @psychedechu @Florent_re_off ah bah tu n'es pas au courant dj la fanatique
RT @fentyrox: C'est sur #R8 il va sortir personne ne sera au courant tellement la gow s'en balek des promos ichhh .
RT @filbleu: #Infotrafic Ligne A (accident) : la ligne de Tramway est momentanment interrompue. #timp
RT @galeRERAfr: #RERA : trafic ralenti jusqu' 19h30,Panne d'un train #RER A
RT @ggarnotel: Train retenu pour un problme de fermeture de porte #innovation #sncf #rera
RT @glendasnp: J'ai beau courir pour tre la premire dans le bus, j'me ferais toujours craser
RT @graphiline: Colre au Monde : pas de courant, pas de journal
RT @harrystylesmdp: J'ai l'impression d'tre plus au courant de rien de la vie des boys depuis que les cours ont repris..
RT @janosdick: @zainsweird @_jesskill oui c'est elle ! J'espre que tu pourras les avoir, tiens moi au courant !
RT @jmchosson: @libreoffice sera dploy sur les postes de la rgion @rhonealpes courant novembre. #logiciellibre #opensource @LibreOffice_FR
RT @johnduffmyhoney: Les voix? Des gens crient,ca bloque tout? RT @Gstarcrew: Suspicion de personnes sur les voix #rerb  Mitry. Trafic vers le nord ralenti #qml
RT @lautrecon_: Ahaha norme ! Le mec tellement press de ne pas louper le Rer, laisse sa meuf sur le quai. J'en connais un qui va dormir sur le canap
RT @lealoridan: omg dans mon bus vu que j'ai "loup" le premier y'a le mec chelou qui me suivait l'anne dernire mdr quel psychopathe
RT @lesdessinsdejap: #Bygmaliongate la dfense de Cop : "ni moi ni sarkozy tions au courant... " Tu parles on va te croire!
RT @marion_storan: Mon ex a gueuler a une amie "RETOURNE CHEZ TON PERE" mais pourtant il tait au courant que son pre s'est suicider,Quel batard !!!!
RT @maxence_van: Ma mere a vu que j'avais eu un 6 mais si elle etait au courant pour le 1 et le 3 je crois que je serai deja mort
RT @nashmpoulegrier: #CampagneProblems Si tu loupe ton bus tu doit -rveiller ta mre:elle te dfonce,-rveiller ton pre:tu signe ton arrt de mort
RT @noemie_bct: @llliron il me dit quand tu lui fais peur mdrrr mais mais mme je serais au courant avec mon frre
RT @peterDeMoquet: @LeaPlusse et mademoiselle t'etais au courant que mon frere est en classe avec ta soeur
RT @philippoux: #rera train en panne a nanterre prfecture. Changement de destination a la fefense on pasde de cergy a poissy
RT @rckngzniall: @soxchanel @smilxxfharry tqt tu sera trs vite au courant je pense mdrrr
RT @sKCommunity: Le serveur Teamspeak est inaccessible  partir d'aujourd'hui et sera disponible d'ici 1  3 jours au grand max. On vous met au courant !
RT @shafitzing: @eyesofmatt @Humanoid_dream j'filmerai Agathe courant vers moi et tombant comme une merde ouais
RT @vanestha: Encore 40min de metro jusqu au boulot. Je go moi terminer mon reve d appuyage du cou de ce faineant!!!!
RT @vpecresse: Attention  la scurit des transports en commun en "bout de ligne" de train et de RER face au dploiement de moyens antiterroristes  Paris
RT @xFlorent_: Le chauffeur a ralentit parce qu'une beurette travers,j'lui ai dit c'est orange tu peut passer tt l'monde m'a applaudi j'ai conduis le bus
RT @zeubeubeu: 'Taing un con en voiture a dfonc la barrire de la gare de Lardenne donc pas de circulation de train genre ligne C... #toulouse
Ramer dans le sens du courant fait rire les crocodiles.,@QuoteProverb _africains.
Rappel: les travaux modifient la circulation des trains sur l'axe Haussmann Saint-Lazare - Villiers sur Marne de 8h30  16h #RERE #BOF
Retour  un trafic rgulier sur l'ensemble de la ligne #RERA #RATP. Incident termin.
Retour  un trafic rgulier sur l'ensemble du #RERA #RATP. Incident termin
Rien  dire, on aime tellement! Les couleurs, le toucher... On attend les premires dans le courant du mois!
Rogue pour homme il est sorti pers tait au courant mdrr Rihanna elle s'en bas les couilles elle fait mme pas la promo #ROGUEMAN
S'matin l'conducteur du 15 il s'moquait (au tel) d'une dame qui a eu un accident avec un bus
SNCF Ligne RER C,INFO TRAFIC - PERTURBATION SUR LA LIGNE C DU 1 OCTOBRE Les explications de la SNCF : "Chaque...
Sa mre la puta j'crois bien j'ai louper le bus
Salut @charlotte__62 :),envie d'info? Follow @A_PirasQuilici pour rester au courant des dernires actualits!
Selon l'ambassadeur d'Espagne, j'aurait dj fait ma journe d'appel le 8/03. J'tais pas au courant..dnc je me ferai pas chier a y aller
Serais-je en train d'aller  l'arrt de bus sans courir ce matin
Si je bouge demain faut que ma mre soit au courant psq la deniers fois elle ma chercher dans tn Beauvais ptn
Smatin yavais un accident en ville sm jai eu 30min de rtard tram de merde
Srieusement quand est ce que @Gentilchanoir devient CM ? @RERA_RATP: Retour  un trafic rgulier sur l'ensemble du #RERA #Qml
Staprem on allez en cour avec Lola & on & dans le RER nrml & puis
Suppression des trains... Modification des horaires... O sont les informations ??? @RERE_SNCF
Tfaon si ma mre est au courant que y'a des souris dans la maison elle va devenir folle donc a va tre facile de forcer pour un nv chaton
Totale dsorganisation des trains vers le sud sur le #RERB. Retards, trains supprims... CC @RERB
Toujours j'loupe le bus la putain dsa mre
Toujours la dernire au courant moi j'abandonne
Toulouse. Avec le RER du Nord toulousain, le trafic passera de 6.000  20.000 voyageurs-jour en 2024 [VIDEO]
Tout  l'heure sur la ligne 14 j'entends quoi : suite  un voyageur malade sur la ligne 7 le trafic sur la ligne 14 est perturb " :/
Tout a l'heure j'ai assist  un accident de tram, chaud
Tout le monde fait la gueule dans le RER sauf moi...1) je suis provincial?,2) j'coute les podcasts de @zappette 3) les 2?
Tout les matins je vois mon frre courir pour avoir le bus or l'arret est juste devant chez moi
Tout prparer pour prendre le bus de lever avant pour tre sur de pas le louper tre dtere arrive ''en retard '' et se rendre compte
Trafic fortement perturb sur la ligne de #rera  11:40 le 02/10 #fedlate en savoir plus sur
Trafic fortement perturb sur la ligne de #rera  18:40 le 02/10 #fedlate en savoir plus sur
Trafic fortement perturb sur la ligne de #rera  19:20 le 02/10 #fedlate en savoir plus sur
Trafic fortement perturb sur la ligne de #rera  20:00 le 02/10 #fedlate en savoir plus sur
Trafic fortement perturb sur la ligne de #rera  20:40 le 02/10 #fedlate en savoir plus sur
Trafic fortement perturb sur la ligne de #rerc  12:20 le 02/10 #fedlate en savoir plus sur
Trafic perturb sur la ligne de #rerb  17:20 le 02/10 #fedlate en savoir plus sur
Train city qui s'arrte pas  vitry, c'est pas cool a #RERC
Train retenu pour un problme de fermeture de porte #innovation #sncf #rera
Tram bonde et en retard, bus au ralenti, voiture a l'arret. Merci clermontfd
Travaux prvus sur la ligne #RERA du 02/10/2014 au 04/10/2014. Pour plus dinformations, .
Travaux prvus sur la ligne #RERA du 03/10/2014 au 04/10/2014. Pour plus dinformations, .
Travaux prvus sur la ligne #RERA du 05/10/2014 au 06/10/2014. Pour plus dinformations, .
UN candidat, ex Prsident qui voulait tout grer mais pas mis au courant ? Bizarre ! comme c'est bizarre ! Qui vivra verra !
Un bon courant d'air me ferait du bien
Un mec il est arriv en courant et bim coups de ceintures svre
Un rer vide vient de s' arrter  la plaine. 'Dpart dans 6min' Euh ok. Il y a un truc que j'ai d loup....
Une entreprise qui se dveloppe. COMPIGNE La Jonchre sur un courant ascendant
Vas y ma mre c'est une ouf elle veut qu'on sort tous les WE. Elle est au courant que j'ai un bac en juin ?
Vasy je suis soler la!!!! A cause de ce bus de merde je suis hyper en retard et du coup je peux pas aller en cours !!
Vazi la dernire au courant a fais plaisir
Voil pour faire plaisir  ma mre, on climatisait toute la maison bin rsultat plus de 500 d'EDF lol un sacr coup de chaud je dirais
Voir @arualthvt courir vers son bus. C'est DROLE ! :S
Vous tes au courant que c'est juste de la musique mais chante dans une langue trangre hein mdr
Vous tes au courant que c'est la rvolution en #Chine ? C'est la 2me fois qu'ils essayent de se librer du parti, tt le mnde sen tap c l.
Vous voulez connaitre la date de Booba ? Elle arrive ! Sur la page du baia vous serez les premiers au courant...
Vu que demain il sera au courant ptdrrr
Wallaye sa quand D.Rose sera au courant il vas faire mal mme
Woh vous tiez au courant pour a les mecs ?? On peut rduire les vidos en balayant vers le bas
Y A UNE NOUVELLE SERIE AVEC MAGGIE Q ET J'ETAIS PAS AU COURANT
Y a des gens je pourrais tre entrain de mourir ils seraient mme pas au courant
Y avait des bus relais mais a me faisait quand mme arriver super  la bourre en cours... du coup demi tour
Y'a grave un mec qui se coupe les ongles dans le rer..
a y est, Tho recommence  louper le bus tout le temps, il prend ma relve le gamin!
arrtez de vous asseoir  ct de moi dans le bus aprs je suis oblige de vous parler alors que je prfre couter ma musique
bon bah askip ya eu un accident a hett g pas pris le bus donc ca va
bus accident
ce matin y'a eu un accident de tram du coup j'ai ete de chez moi jusqu' l'cole  pied yeaaaah 30min a pied gnial
ce serait encore plus cool si on tait au courant  l'avance, qu'on vienne pas a 8h pour rien
dans le bus Enzo il etaiy derrire et d'un coup j'entends il chante la chanson bonne anniversaire en arabe
du coup j'ai eu le temps de rflchir dans le RER
en prenant le tram j'ai cru qu'il etait 30 enfaite il etait 15 sa mere du coup jattend masta
en vrai je serai  l'hpital mme pas elle serait au courant
enfin bref ma soeur est au courant et je vais le dire  ma mre ds qu'elle rentre
etreintefroissee: 21 mai//14. jai envie dpartir  la mer. avec lcourant dair violent dans les cheveux,...
faut j'retlcharge des musiks psk j'coute toujours les mm sons dans l'bus et sa mfatigue
genre vu que j'ai plus de tel g l'impression qu'il va se passer des trucs fous et que je serais mm pas au courant :( a me stress trop
j'ai loupe mon bus , j'tais vnere
j'ai une pote qui m'a vu dire bonjour  lilian, au dbut elle a cru que c'tait mon ex crush,elle est arriver en courant vers moi mdrr
j'arrive en retard en fr je me faufile derrire la prof, je me baisse en courant  ma place,je m'assois,je rponds prsente  l'appel
j'avais fais mes boucle bien et tout, la du j'ai courir jusque l'arrt de bus pour donner les clopes  mon frre abus plus de boucle
j'espre que demain je louperais pas le bus, j'habite en ville et j'arrive encore  tre en retard mdr
je suis grave prsente dans la vie de mes petits frres, je suis toujours au courant de tout, j'assiste toujours  leurs entranements
jviens d'apprendre un truc jsuis la premire concerne mais la dernire au courant
l'appli transilien me ment, celle de la RATP aussi, train blind et omnibus vs. direct prvu, je suis en retard de 15mn. Merci #rerc #qml
la mamie elle sfait de l'aire elle soupir elle a dit sa pue  vie dma mere vs msouler ds le rer D
le "lger" courant lectrique quand je parle de choses triste avec em
ligne 1 4 canton aussi ralentissement,ligne 2 encore 1h30 d attente bus en place
mes frres sont toujours au courant de tous ce que je fais surtout quand j'ai des soires!
moi si j'avais un crush sur l'un d'entre vous vous seriez dj au courant ptdr
mon bus il vient de faire un accident
omg dans mon bus vu que j'ai "loup" le premier y'a le mec chelou qui me suivait l'anne dernire mdr quel psychopathe
premire fois que je ne cours pas des le matin pour le bus
tous les matins dans l'bus j'ai tjr les 2 mmes personnes devant moi, soit 2 dindes qui font que rire soit un couple qui fait que se plotter
y a un moment l'anne dernire o on tait assez proche et pourtant j'ai pas le droit d'tre mise au courant ??? J'avais des doutes les-
