#Anges7 thibault et sa confrrie un peu fautif du dpart d'Amelie, il aurait d la mettre au courant elle serait peut tre pas parti.
#Montpellier : accident de #tram impliquant une cycliste d'une trentaine d'annes, transporte  lhpital dans un tat non critique.
#Perturbations #RERC, le train ELBA en gare de ISSY, et  destination de SAINT-MARTIN-D'ETAMPES est #Supprim
#Perturbations #RERC, le train GOTA en gare de CHOISY-LE-ROI, et  destination de MONTIGNY-BEAUCHAMP est #Supprim
#Perturbations #RERD, le train ROVO en gare de CHATELET-LES-HALLES, et  destination de CORBEIL-ESSONNES est #Retard
#Puteaux Interruption du trafic du RER A le 25 avril: Le trafic du RER A sera interrompu le 25 avril  partir ...
#RERA En rpercussion de divers incidents, le trafic est ralenti sur lensemble de la ligne.,
#RERB au ralenti avant Stade de France... a sent pas bon a...
#RERB bien ralentie au nord...
#RERC_transilien Train supprim  St Chron pour cause de "forte odeur de poulet dans la cabine", je n'ai jamais vu a !
#RerC il manque des infos sur les trains  quai: crans pas  jour. Marqu KUMA en approche, NORA  quai, voie 2b Choisy-le-Roi.
#RerE train court pour commencer la semaine. #qml
#SonyOnVeutCherLloydEnFrance mme si elle passe  Paris ma mre sera au courant avant moi pour les places mdrrrrrrrr je l'aime
#gtavInfinitySetup Bon, ce n'est pas ce soir que je jouerai. Mais normalement demain matin ce sera bon ! Je vous tiens au courant !
#lucky Tram T3 s'arrte  Porte de Vanves suite  accident... a tombe bien c'est la ou je vais :-)
*arrive en courant derrire @AmBlackRp lui donne une grosse claque sur les fesses* Hello
-Incendie d'un entrept:A86coupe, bouchons au nord de Paris, leRERreprend ... LesRERont recommenc  circuler.
. @RERC_SNCF pas d'info sur les suppressions de trains en soire ? Infos en ligne non mise  jour !
08:44, le trafic est ralenti de Etoile vers Cergy/ Poissy /St-Germain-en-L. (incident technique) #RATP #RERA
08:44, le trafic est ralenti de Etoile vers Cergy/ Poissy /St-Germain-en-L. (incident technique) #RATP #RERA via @RERA_RATP
08:57 h, le trafic est ralenti sur la ligne (incident technique) #RATP #RERA (chanceux je ne prend jamais le RER habitant dans Paris)
08:57, le trafic est ralenti sur la ligne (incident technique) #RATP #RERA
08:57, le trafic est ralenti sur la ligne (incident technique) #RATP #RERA via @RERA_RATP
1er fois que je ne loupe pas mon bus le lundi matin
@ Train_SNCF: Le RER ou le metro ?
@28Monicka j'etais avec mon copain et je voyais deux petites filles mortes derrire lui donc jpars en courant puis je vois des gens morts-
@2clo934 t'insulte trop ma mre mais elle va bientt tre au courant
@APteam_of_Life @DompeCL184 @khanamirian1 @BreakingThor @robertMdeLyon Vous tes au courant qu'il y a des entres rgulires dans le pays ?
@AgoraPulseFR Pas eu le temps, mais je vous tiendrai au courant lorsque cela sera fait ;)
@Amelouu0 ah donc il sera mme pas au courant?
@AwaWawafun j'espre !! je te tiens au courant de toute faon
@AxelCapard aprs j vois une franaise j pars en courant on dirait des portugaise avec leurs caractre
@AzZoeaz j'ai faillit Pcq le bus il a acclrer et apres y avais le feux rouge du coup il a freiner d'un coup et j'ai faillit tomber mdr
@BarbaraRPGSMI oh.. j'tais pas au courant de a. je suis dsole, tu vis ave ta mre ou ton pre ?
@BernieDivilment Bus accident :-(
@Birginino je te le souhaite apres la folle semaine dernire niveaux gains on va rmettre ca tu me tient au courant :)
@Blandine_MC tu aurais t l'une des premires au courant!
@Boordaf Au cas o tu ne serai pas au courant :P
@ChauveauPierre surtout que j'tais pas au courant que les rsultats tombaient ajd^^ j'espre que a nous russira  tous les deux ;)
@CoralieeCo mdr tu serais la premire au courant eh
@Cyriiil_M ah j'espre pas tien au courant rhey
@DBernatets Coordonnes bien reues, je vous tiens au courant. ^G
@DamiienYz87 Tiens moi au courant  ! Tu vas gerer, allezzzz
@DeeZInfos bon je verais se soir je te tien au courant
@DocKellogs ah?? Et ben premire nvelle a....putain toujrs la premire concerne  tre la dernire au courant.
@DylanVln je te tiens au courant je prfre
@Elody_C je reois un appel ce soir mais ils avaient pas l'air d'tre au courant du pb ils me disent de restaurer tu l'as fait ?
@Elsinouille T'es au courant qu'on a repris les cours ?
@EmyRizzo J'espre! Tiens au courant
@Flute_Enchantee Ouais ! Tu salirais le bus et ralentirai la circulation alors vite :( #Salow
@GNorel le hip-hop est comme le rock il y a plusieurs courant. Si VOUS aimez Iam c bien. Certain prfre les Stones d'autre Johnny Hallyday
@GaudenziMarie1 naaaaaaan ?  Je suis toujours au courant  la dernire minute ptn
@HarrietBenard attends elle vont o Lou et Lu ? Pourquoi jsuis tjr la dernire au courant
@Houlemata_S @RcR_223 Mdddr je suis pas au courant pour les Kinder moi
@InghelandtOli ce serait avec plaisir !!  Je te tiendrai au courant si je viens da la rgion !! Bises !!
@Jeremy_ADE elle sera au courant?
@Jumtiti tu me tiens au courant  a serait sympa si on se voit
@KaylaThe100Rpg *rire ironique* Okay.. donc je suis au courant de rien.. Il compte partir, il se passe un truc avec Clarke... quoi dautre?
@Kidrauhlable cette nouvelle fiction, tu seras rellement parmi les premires au courant!
@Kiyow_ Quand tu seras dans ton bus le matin pour aller en cours, pense  moi, qui va passer sa journe au soleil
@LMDMarion @apclypsz mais tu ne seras pas au courant car je paierai Aurore et les garons
@LN_Yamato sauf que bien sur cette approche market est totalement  contre courant de la culture web des 30 dernires annes
@LaFolleDuO3 j espre que sa ira  tiens moi au courant
@LauraRhie Plus on sera nombreux(ses), mieux ce sera!!! N'hsitez pas  RT aussi et  expliquer  d'autres pour celles qui sont au courant!
@LexxiFranceCOM je vais en ville dans le courant de cette semaine ce sera bon?
@LouiseHoerter Oui, elle sera trs vite en ligne. On vous tient au courant :)
@LouulaR Courage on se tien au courant ds que c est fini , on avait gere l anne dernire donc tu vas gere encore
@LucarneOpposee pas si courant ces 10 dernires annes que les deux soient en haut du classement...
@Lucas__Herbert il tais pas au courant sinon oblig il serai en train d'le chercher mdrrr
@MFBkr mdrrrr chrer pas boursier je serai meme pas au courant cest les partiel demain mdrr
@MaliaRPG_AuTop *arrive derrire toi en courant*
@Manooon_Styles Alors moi j'me serais kc en courant tsais ou jlaurais ecras !
@ManueVdp srx ?? Jetait pas au courant !!! J'y serai tkt ;)
@Mari_MaiB_Dance Ne t'inquite pas j'tais au courant que tu ne serai pas active
@MarionMsl Salut, il parat que tu serais intresse par une place pour le concert des 5sos  paris. Tiens moi au courant ;)
@Metrokun dans le mtro je sais pas mais dans le RER C c'est monnaie COURANTE :3
@Mopatissier ds que je peux jouer tu sera le premier au courant
@Morganevolley Ah d'accord mais t'es au courant que c"est la priode volleyades,ta soeur ne sera peut tre pas l
@MstarCDNfr Esprons que le problme sera (finalement) rgl. ;-) Je vous tiendrai au courant. Merci!
@Mvrgot_ Pourquoi tu le dis alors que la mre est mme pas au courant :/ TU viens de tout gcher
@Mystraht a serait pas plutt le chauffeur du bus qui est all boire un coup au bistrot du coin en oubliant de mettre le frein  main ?
@Naabla en bus aprs les cours parce que sinon si on y va le soir a va tre galre de trouver qui emmne ramne et tout
@Nekotakuu T'as genre des les 3 premieres secondes du 1er epi Gintoki qui se barre en courant comme une tapette a annonce le truc direct xD
@Nemes1sHD @mani_tout le jour o sa t'arrive je veux tre la premire au courant !
@NerooooX vers 18 h je pense parce que on a joueur qui n'est pas en vacance encore je te tien au courant
@NicoLink_ @edgard22360 je l'espre pour vous  Tenez nous au courant que vous puissiez nous donner votre avis
@NobleMissBennet @avocatimini @palais_au Attends je cherche sur gogole si par hasard Colin ou Jol le serait...je te tiens au courant...
@NormanDesVideos Ahah perso si ma grand mre me sort a je pars en courant
@NxIRISHistible -OU JE VAIS EN VACANCES DU COUP COMME SA MERE ET AU COURANT PR TWITTER ET TT BAH ON VA PASSER LA JOURNEE ENSEMBLE
@Onee_saan @YamiManu @AieDan_ C'est toi qui dis a ?J'sais pas si t'es au,courant, mais beaucoup de gens seraient content que tu dsactives.
@Orel_san Pourquoi personne ne me dit que les CF tournent un film? Je suis toujours la dernire au courant, moi.
@Ovnize Je me tiens au courant. Au cas o a dgnre.
@PostBadMarocain @MoroccanBoy_ merci frere ces tres aimable de ta part parce qu'elle est pas au courant encr mais bientot jvais lui annonce
@RERA_RATP Traffic ralenti mais les trains ne s'arretent pas en gare... Vous nous prenez vraiment pour des cons ! Go to hell
@RERA_RATP et sinon 3 RER A de suite qui zappent Noisiel et Lognes en heures de pointe alors que le trafic est perturb ?
@RERA_RATP on prfrerait avoir des trains qui fonctionnent ...
@RERA_RATP train a St Germain a 15 Mb de retard La semaine dmarre fort. Pas d'information sur ce retard.
@RERB Ca ne sert  rien ! Mettez plus de trains allant vers Antony et on se bousculera moins !
@RERB pourquoi les trains ne marquent pas d'arrt  parc des expos ? Dj problme vendredi matin puis aprs midi cela fait beaucoup!
@RERC_SNCF @bgoss44 @ACircule @Asso_usagersidf Train arrete en pleine voie depuis 20 mn c est plus qu un ralentissement non ?
@RERC_SNCF @bgoss44 @ACircule @Asso_usagersidf aussi un ELBA SYP a SMND ... ca fait deja 3 trains sup ...
@RERC_SNCF ce serait trop demand que l'affichage des trains s'accordent avec leur destination? Vive les directs Choisy qui s'arrtent pas..
@RERC_SNCF sac vert fonc oubli  BFM. Annonce sonore en boucle pr rcupration avant intervention force de police et interruption circul.
@RERC_SNCF toujours sans info. #lara essaye d'avancer (par a coups). Second train qui nous depasse #qml. Arrt, plus de clim..
@RERC_SNCF un train Dufy qui ne s'arrte pas  Choisy le roi et ne l'annonce mme pas, normal ?
@RERD merci de couper la clim sous les pieds la. Je peux plus bouger mes orteils congels
@RERD_SNCF Pourquoi il n'y a pas de train  11h40 de boutigny direction Paris ?
@RERE_SNCF @nenadcetkovic il y aura t il un jour plus de train pour villiers sur marne ? Un train toutes les 20 min c trop peu
@RERE_SNCF Pas  l'instant car une vie entre les attentes sur les quais... Mais listez la semaine coule et ce matin #quedaventures ;)
@RERE_SNCF pk des trains toutes les 1/2h  partir de 9h depuis une semaine? C'est bien pnible
@RMCinfo @SLeFoll @gouvernementFR @BFMTV Quelles frontires ? a n'existe plus est-il au courant ce ministre ?
@RanTuHimself @momotbk t'es peux tre pas au courant mais tu peux t'arrter au M1 jdis ca jdis rien
@RaphaelDesAnges l'horaire sera bientt communiqu. On vous tient au courant
@SFR_SAV je vais essayer de redmarrer. Ok. Je vous tiens au courant.
@SaayakaHaaruka @ryansfrenchgirl ben l'anne dernire personne n'tait au courant qu'elles allaient faire un photoshoot, on sait jamais
@Shestfr personne ne sera au courant! Ce tweet passera inaperu! Termin
@Shikonoha @Borvto ton arriere grand mere jlui ai dja rentrer dedans, mais a tu n'es pas au courant
@Si_Riz_Le Je sais pas encore doudou ! Je te tiendrai au courant, mais de toutes faons si je reviens, ce sera avec Matt
@Snowxfalls Euuuuh j'ai mal compris ou la mre d'Oliver est au courant pour arrow?
@Solenne_F bah oui! Aussi non je ne serai pas au courant!
@StessyCenier serieux?? Moi si mdr, ma mre a dit au lyce "elle devait pas tre au courant et puis c'est qu'une heure" bon
@TheAmazingForUs au niveau du Lumia, plutt que se faire crter son courant par le cble  cause de la norme "si data, alors max 500 mA"
@TheAmazingForUs pins data du cble. Enfin : le lumia lui crte le courant reu. Il ne prendra pas plus que ce qu'il peut recevoir, donc
@Thyrsette @Alodis effectivement puis ya des trucs pas courant comme les fiches etc !!! Apres a tu seras rode pour nous faire un design AD
@TiizTiiz_M mdrrrrr moi je me serais roule par terre j'aurais fait la comdie pour pas porter a limite j'me serais barre en courant
@Tofkrys En fait comme il court trs vite elle tait dans son jardin tranquille, elle l'appelle, il arrive en courant vers elle et vu qu'il
@Vanillova Tsuki: a moment donn elle sera au courant...est je veut pas quelle te fasse du mal...*pleure*
@VynsC ptdr t littralement le seul gars  penser direct  a.. t'es au courant j'espre ??
@Wittelsgoths nan nan je vais lui dire "jsuppose ta mre est au courant a doit pas te dranger que j'en parle avec elle autour d'un th"
@Work_FH_Films ok LA.D XenonrecordS vous tien au courant des tournage des clp a prevore. .XENONRECORDS
@YassinGronie OH PUTAIN FRERE ! J'ETAIS MME PAS AU COURANT D'UN TRUC DU GENRE !
@Yooroshima   dacc tien moi au courant , mais cette semaine je ne serai pas sur paname ..
@ZnthSilva Vendredi soir je pense mais vous serez tenu au courant sur le Twitter.
@_CrewHarry Je vais vers la meuf la tape puis par en courant
@_Pi_R Pas au courant pour Cannes . Vu projet Cinma Cagnes sur Mer inclus ds new Centre Commercial #PolygoneRiviera
@_Vallor_ Ca le fait pas, surtout que ma mre est au courant. Surtout qu'il me verrait mal y aller avec d'autres que Yam et un autre.
@__kuronyan oh, tiens moi au courant! depuis le temps qu'on se connait il serait peut etre temps qu'on se rencontre enfin
@_wonderfuul elle est sous ta serviette et toi tu es encore dessus ? J'crois que je serai partie en courant mdr
@amidvla oui, j'espre qu'on s'y verra! Tiens moi au courant si tu viens ou pas. :-)
@arial666 Lche la! *courant vers lui* BULIAAA!!! *lui sautant dessus*
@autourdu1ermai oui on est au courant on y sera
@aykutmalak Elle sera mise en ligne sur  dans le courant de la journe de mercredi :-) ^ae
@b00bzy non non tqt tu serais l'une des premires au courant pour a
@bluxte @octalmind pas encore. Je vais voir comment procder. Je vous tiens au courant. Ce ne sont pas des transparents verbeux :/
@brs_corxlie elle m'a propos mais on sait pas bc elle prend le bus/pas de parents et idk si on peut nous rcuprer
@chloe_htzn questions pieges comme d'hab mais jlui ai dit clairement et tfacon ma mere etait au courant donc
@chrislokomia je sais depuis mon tweet je suis ai courant si tu prfre
@clem_zer il fallait que le monde soit au courant...
@dreamftzayn J'AI REU AJD LE COLLIS DE MA MRV CLSKDLZ ET J'ETAIS PAS AU COURANT C POUR MON ANNIV (dc dimanche) et j'peux pas l'ouvrir :)))
@elmoromourad le bus du CAK a fait un accident grave
@evanRPGWOF -sourit vaguement sans te rpondre et regarde les gens qui sortent en criant, courant et se mettent  rire aprs-
@galeRERAfr Les vacances commencent pour le #rera : arrt pleine voie direction La Varenne. Avant Fontenay. Signal dalarme train devant
@iDTGV j'ai loup le train  cause du pb de vendredi sur le RER B et la ligne 14...
@illstz mdr reponds encore une fois comme a et j't'envoi le petit frre de Manu , tiens moi au courant et obtiens ton bac
@jmeyran j'suis pas fan.. Je prfre qu'on me voit en vrai :-P *se barre en courant * @cdorotheee
@jocuisine Coucou Josianne.. Je viens de lire qu'il serait question d'liminer le FN !?!?!? Tu es au courant stp !?!?
@kayarpgcoac gnial, mais il a du dsactiv et il m'a promis que je serai la premire personne au courant s'il revenait sur Twitter mais je
@kilosenmoins Je te conseille d'arrter de grignoter mme si je pense que t'es dj au courant mais fais le avant que a parte en -
@lamzone boy courant niakj na soutoura heureusement mane rek ma nekone
@languesdefeu Dans le rer, j'avais 18 ans un mec m'a soulev brusquement ma robe en me plaquant contre le tourniquet Il est parti en courant
@lea_ness je suis sre qu'il s'est pass des trucs dont on est mme pas au courant
@lebnett @w0rder ben tu as un super compte titre associ et bien rempli car sinon impossible avec un compte courant :)
@lejoncourb nop, du boulet mais sinon a l'a fait ! AHAH t'faon je compte venir y vivre courant anne prochaine j'espre :p
@lemonnier0901 No est au courant mais pas moi... Y'a juste un lger malaise l mais on va faire comme si de rien n'tait :D
@malzfoy okay bah j'espre que tu vas y arriver,vraiment! Tu me tiens au courant?
@meganaze j'espre que t'es au courant que les 4 premiers pisodes sont sortis depuis la premire semaine ou ca a reprit >.<
@meganldo @Liz94LDO @RoiArthur_Off @Littlejeannou je suis en ngociation avec ma mre mdr je te tiens au courant!
@melcuuuu @_Megxne les mec dernire sont mort si t'es pas au courant
@mickacraft77 Coordonnes bien reues, je vous tiens au courant. ^G
@moxnia oe mais tu m'tiens o courant bb pcq ce serait vrmt dar
@musiquedumetro @DevonGravesFans hihi c'est vrai !! J'ai hte !!  je vous tiendrai au courant d'o je serai et quand !!
@mvttyou @Faaz_91 j'ai rien dit moi je parle mme pas de a parce que je suis au courant de rien du tout j'ai juste rigole frre mdrrrr
@needzniall_ tu devrais mettre quand mme au courant sa mre pcq sa aurait t ta soeur ou qqn d'autre la voleuse doit se faire punir
@ninisoo Si c'tait juste l'app qui s'arrtait... mais c'est vrai que si a provoque le redmarrage, c'est bizarre. Tiens moi au courant.
@oneandonlylxuis chaque personne qui le sait que je l'ai pas eu. Si a peut rassurer, y'a que mes parents au courant. Pas mon frre, pas ma-
@onpliebagage Ah ouais, ce serait bien !!! Tenez moi au courant
@plu2tune et faire le point avec vous. N'hsitez pas  revenir vers moi pour me tenir au courant. Bonne journe, ^TR 3/3
@rwzeen tu crois que je suis ps au courant de ce qui se passe a Angou, genre ce que ta mre a raconter a paloma srx
@seb_ltd @DylanCsti si Fanny est au courant ca sera pas de ma faute
@sheeratson t'inquites tu seras la premire au courant haha
@tajsoundous mdr je serai au courant de tout demain alors
@teteenyon lolll yako pour moi.tenez moi au courant je serai l,@KellyGeek
@thisis4rleeeend Une dasme coup-dcal/valle, ce serait lourd !! Je vais en parler  mon pre, je te tiens au courant pour la date !
@ultracosmique ouais un trs gros mme... j'me barrerais en courant si j'tais devant lui...,ouais bha ils feraient trs bien la paire
@vintvgeloser j'ai mes finales vers 17h15-17h30 mais t'faon si je viens c'est en bus so j'vais devoir attendre la fin de la comptition
@violetRPTW Hum d'accord *arrive en courant vers le terrain de basket puis la regarde faire*
@wecazefrance sera bientt disponible  Marseille et Toulouse courant septembre 2015 ;)
@wtfahd yassss je serai encore en vacances alors je vais essayer ! Je te tiens au courant !
@xloiick10 @mathildegeorgel aha c'est normal, iui j'espre  tu me tiens au courant
@yammhoran bah jsais mdrrr jsuis la premire au courant
@yammhoran la seule solution a serait que j'y aille en bus avec deux amies et que ma mre vienne me rcuprer mais elle ne voudra pas
A val d'Europe le @RERA_RATP est annonc "a quai" alors qu'il n'y a pas de train en gare. Puis il disparat de l'cran... #marre #qml
A votre avis son daron il est au courant que sa femme l'a tromp ou pas ?
Accident de route du bus du CAK (Chabab Atlas Khenifra) prs de Mrirt tt ce matin !!!,Les 2 gardiens en coma et...
Accident de tram ce matin. J'ai donc fait le plein de particules fines en @Velib !
Accident du Bus du CAK....Les images
Accidents de la circulation. En Algrie, maintenant, les bus se mettent mme  renverser les pilotes d'avion sur les tarmac d'aroports!
Ae ! Des travaux de maintenance modifient la circulation des trains du #RERE entre 08h40 et 16h15 #BOF Certains trains sont supprims
Ah cause est je m'en rappelle!!!! On courait pour avoir le bus mdrrrr momo et moi on tait mortes de rire x1000000
Alerte ! Des travaux de maintenance modifient la circulation des trains du #RERE entre 08h40 et 16h15 #BOF Certains trains sont supprims
Alors moi je regarde parce que bon mme si c'est faux on ne sait jamais & l les filles viennent vers moi en courant
Aprs 12 heures de transports (1h de train belge, 10 heures de Thalys et 1h de Rer) je rentre enfin chez moi, ouf!
Aprs 2h de trains , mtro et RER on et enfin la !  @SweetieYTB @Horia_Youtube @jenesuispasjoli
Askip demain on a une preuve de bio frree j'suis mme pas au courant
Attention sur le @RERE_SNCF a va ralentir, jets d'objets sur la voie depuis un pont. #qml
Au moins tout Limoges sera au courant qu'en GEA on a partiel de fisca demain x)
Au moment ou le @RERC_SNCF #lara mets les watts pour dmarrer, la ventilation rfrigre se coupe... #qml
Aucun ralentissement dinternet quand vous allumez la tl tes-vous au courant que jai pas le cble ? #videotron
Bientt ya le train qui vas passer  ct de chez moi, plus de galre de bus
Bon rtablissement aux joueurs de l'quipe #CAK suite  l'accident de leur bus et esprant que le gardien de but puisse bien rcuprer!!
Bonjour a tous petite news pour prvenir que le stream sera trs perturber cette semaine. Je vous tiens au courant quand je streamerai
Bonjour, Thierry pour vous informer de l'tat du trafic du #RERA. Bonne matine, bon trajet #RATP.
Bonne nouvelle ! Trafic  nouveau normal sur la ligne #RERC #OK
Brigitte c'est toujours la dernire au courant aha
C bon j'ai d faire ma B.A. De la journe : j'ai fais taper un fou rire  tout le monde dans le bus en lui courant aprs Mnt niquez vous
C'est blasant, d'tre toujours la dernire au courant de tout.
C'est quoi cette rsidence de commres mon frre tt le monde est au courant ya quelqu'un qui bibi bande de fdp de vieux
Ce matin panne sur le #RERE : ca arrive. "5/10min de retard jusqu' 9h30"-> aprs 1 station le train de 9h38 avait dj plus 10min...
Ces gens qui courent pour avoir le bus et le ralentisse donc de 30mn, j'ai comme une envie de les frapper.
Cet aprs midi, Laurent de la #RATP est l, pour vous informer en temps rel du trafic sur le #RERA.
Cet aprs midi, Laurent de la #RATP est l, pour vous informer en temps rel du trafic sur le #RERA. via @RERA_RATP
Chez moi ils sont au courant que je suis de bonne humeur , j'en ai rveiller ma mre
Chez moi sa sent le cramer de fou ma mre elle est venu en courant dans ma chambre voir s'y yavais pas le feu
Confirmation, les concepts de la civilisation et du savoir vivre s'arrtent aux portes du train #rerc
Consultez notre dernire newsletter pour vous tenir au courant de nos offres les plus rcentes !
Courir derrire le bus c'est devenue une mission impossible pour moi donc tu croie c'est aprs les gens je vais courir ?
Dans l'bus alors que j'ai cours depuis 8h mais nique sa mre courir pour tre  l'heure en cours
Dans mon lyce c'est des ouf quand je suis exclu avant mme d'arriver dans le bureau de la cpe mon pre reoit un mail et il est au courant
Depuis la dernire MAJ de YouTube impossible d'couter de la musique quand je suis en 3g, alors super le trajet en bus ce matin
Des travaux de maintenance modifient la circulation des trains du #RERE entre 08h40 et 16h15 #BOF Certains trains sont supprims
Devinez quelle ligne a encore des problmes ce matin ??? Et oui le #RERA ... Pourtant c'est si rare a les couter !!! Bravo la #RATP
Ds l'instant o j'ai loup mon bus ce matin, j'ai compris que ma journe serai prouvante
Du coup faut que je dorme, fasse mon linge, voir mon copain, voir ma mre prendre le train, metro, train voiture voiture. Jpp mais bon *-*
EMOI21 se traine lamentablement avant d'arriver  Massy #RERB ^G
ERDF nous signale que dans le cadre de travaux sur le rseau, une coupure de courant se fera le MARDI 28 AVRIL...
Elle, au moins, sera au courant de sa surveillance !,Elle n'a donc aucune raison de dplorer une loi liberticide !
En plus mon pere est pas au courant pour mon bulletin et il croit tjr que je pars en Ecosse
Et srx si je serai morte la ,  part chez moi normal , y'aurai personne qui serait au courant hein,on voit qui se soucie de toi hein
Et ta ma sur qui m'a dis de prendre le train pour les rejoindre le truc c'est que j'aimerai bien mais je galre deja a prendre le bus
Excellente nouvelle ! Retour  un trafic rgulier sur l'ensemble de la ligne #RERA #OK
F. Dompietrini : "Sur 10 pers du comit de direction, 5 taient dans ce cas l. La Chambre tait au courant."
Fanny elle me sort "viens grosse on est sur les bancs." J'lui rep "j'suis dans mon bus meuf" et cette conne me sort "bah cours"
Faut toujours que cela sois la merde dans mon train  @RERC_SNCF
G le seum ma mre par au bled el ne paye pas le courant mtn on se retrouve san lectricit
Genial, @couplelibere .... La dernire fois, a 50 ils se sont barrs comme des cons en courant devant 2 mecs...
Ha tiens on ne commence qu'a 14h... Si on pouvait tre au courant avant d'tre gar ce serait gentil #OrganisationDeMerde
Il cotise pour offrir une voiture de 100 millions  son marabout et 2 jours aprs le courant est coup chez sa mre pour 40.000FCFA. #kebetu
Ils sont au courant qu'il faudra quand mme jouer  11 pour l'anne prochaine j'espre
Infotrafic #RERC : Fin des ralentissements sur l'axe Paris/Saint Quentin en Yvelines suite au feu aux abords des voies
Infotrafic #RERC : Fin des ralentissements sur l'axe Paris/Saint Quentin en Yvelines suite au feu aux abords des voies via @RERC_SNCF
Infotrafic #RERC : Trafic ralenti sur l'axe Paris/Saint Quentin en Yvelines jusqu' 19h30 (feu aux abords des voies)
Infotrafic #RERE : Trafic ralenti sur l'axe Paris/Tournan jusqu' 14h15 (obstacle sur la voie  Villiers sur Marne)
Insupportable RT @nenadcetkovic: Un jour le trafic du @RERE_SNCF reviendra a la normale...Un jour mais pas aujourd'hui #panne #perturbation
J'AI LOUP MOM RER UFCJAJVJD
J'ai dcid d'arrter ma chaine, mais juste celle ci, a ne veut pas dire que je ne vais plus rien faire ^^ Je vous tiendrais au courant !
J'ai encore louper mon bus  cause de mon frre il m'nerve celui la
J'ai fait bon Mehdi je te laisse aller et jme suis barre en courant mdrr j'espre qu'il m'a pas vu Hicham
J'ai loup mon bus ce matin, c'est la premire fois que a m'arrive.
J'ai louper mon bus a mre
J'ai louper mon bus donc je part en mob et qui je vois derrire moi ?
J'ai pas eu mon bus du coup ma mre me dit bah reste l si ta pas de bus pour revenir ta l'air con du coup tranquille je suis chez moi
J'ai pas loup mon bus ! Je suis trop fire de moi
J'ai peur de sortir de ma chambre ma mre jcrois elle est pas au courant que jsuis pas aller en sport
J'ai peut qu'il ai un accident de bus
J'ai pter mon cble, j'ai pris mon sac et je me suis barrer en courant pour pas qu'elle me rattrape ptdddr
J'ai rat mon bus du coup ma mre m'amne mdrr....
J'ai rver que j'avais louper mon bus et que mon pre me prter sa voiture pour aller au lyce
J'coute @Romain_Ughetto dans le bus en rentrant ac mon frre et sa copine. sa mavais manquer. faire connaitre Rom a la copine de mon frre
J'coute les convos des gens derrire dans le tram
J'espre il sera au courant..
J'espre il vont pas couper le courant ce soir hein
J'espre qu'il va pas y avoir une coupure de courant bc la dernire fois qu'on a regard un film d'horreur y'avait plus d'lectricit ptdr
J'espre que mon bus ne va pas me faire un coup de pute !
J'me suis toujours promis que plus tard j'pourrirai le mariage de riri Quoi que quand son mari va la voir en robe il va s'barrer en courant
J'passe la soire chez ma cherie, mon pere pas au courant rentre a 22h30. J'pars a 22h d'orry a pieds, un renoi m'prend et m'amene a vineuil
J'suis toujours la dernire au courant de tout
J'tais pas au courant du "rassemblement" pour le mettre en tt. Ce serait vraiment vraiment vraiment cool #StarWarsCelebrationInFrance
Jai partiel a 30 et il y a un connard qui a fait un accident pour bloquer le tram...
Jai pas dormir j'espre rcuprer ma nuit dans le bus lol
Je compte sur vous pour me tenir au courant du 1er message que Mollo va poster sur Instagram aprs ce match. Quel talent...
Je cours dj pas derrire mon bus, tu crois que je vais te courrir aprs ?
Je crois que mon pre il est pas au courant que je fais sp maths, c'est inquitant quand mme
Je garde tout pour moi maintenant que mes frres qui seront au courant
Je me suis fait controler dans le RER alors que j'coutais Robyn trs fort dans mes oreilles
Je montais les escaliers en courant et je me suis bouffe la barrire pour bb, je suis plus habitue  ce genre de trucs moi
Je passe mon temps  courir derrire les bus et les tram de cette ville. Je pense pouvoir faire le marathon  la fin de l'anne.
Je prfre vous mettre au courant, pareil que l'anne dernire... Rester devant vos cran le 21 juin, un de plus
Je regard les story paisiblement & qui vois-je ? Moi mddddr mais pourquoi jui toujours la dernire au courant  jui percher
Je rentre ce matin chez moi et mon frre il me demande ce que je fais la , il tait mme pas au courant que j'tais en vacances
Je reois audio images alors que je n'tais mme pas au courant du buzz..
Je sais pas si l'UE est au courant, mais laisser les migrants se noyer dans la mditerrane, a risque de crer un pont pour les prochains.
Je suis cense expliquer la phrase : "Le rve chemine linairement oubliant son chemin en courant. La rverie travaille en toile." Help?
Je suis sre que ds le milieu de la semaine, tout le monde tait au courant, et moi je voyait absolument rien
Je suis toujours la dernire au courant..
Je vais faire un tour. Si en rentrant y'a toujours pas de courant, j'serai oblig de me coucher  21h s'il vous plat.
Je viens de courir sous la pluie aprs un bus pendant 45 minutes pour rcuprer mon sac
Je viens de rentr ma mre pouvait pas venir nous cherch du coup je me suis taper 3/4h de bus
Jmen rappelle quand on tai ptit moi et mon frre on sortai du bain tout nue en courant et on criais "Maman t'es moche" elle devenais ouf
Jsp si les gens de ma classe sont au courant c'est le pre de ma corres qui vient de me le dire
Jsui dans le RER , j'coute la musique mais j'entends toujours une femme qui parle alors de j'ai le son a fond ...
Jsuis tellement morte que Cest mon frre Quia rveill en courant partout dans la maison je croyai qu'il avait scher la journe mdrrr
Jv plus l-bas pour des personne commesa ticket de bus train cbon nikez vos meres
L'autobus de Twin Shadow impliqu dans un accident. Douze personnes hospitalises. Deux dans un tat critique.
L'tat islamique  pour germe diffrent courant dont les frres musulmans. Hahahahahahahahaha quel Fassad menteur sans honte
La liste compltes es invits du @festivaltvmc sera donne courant mai
Le RER du train est arriver  la gare
Le bus du CAK a fait un accident ce matin.29 blesses et 2 goals dans le coma,moins de deux semaines apres tantan!ils ont pas appris la lecon
Le jour ou je serais capable de voir une araigne et ne pas partir en courant et hurlant j'aurais franchit un sacr cap
Le mpris des banlieues... Pour rentrer en banlieue tard, en RER, c'est 1 train toutes les heures. Et je ne parle mme pas aprs minuit.
Le trafic du #RERA est ralenti de Etoile vers Cergy/ Poissy /St-Germain-en-L suite  un incident technique #BOF
Le trafic du #RERA sera interrompu le 25/04  20h30 entre Rueil-Malmaison et Nanterre-Prfecture dans les deux sens.
Le trafic est ralenti sur la ligne #RERA suite  un incident technique #BOF
Les Loups Garous en ligne c'est pas mal mais c'est  des annes lumire d'une partie IRL.
Les huissiers vont percevoir les amendes judiciaires en Belgique: Le systme sera implant dans le courant du ...
Les oprations pour rcuprer les dbris de lavion de Germanwings ont
Lgislations | Re: heure de nuit: de rien, tenez nous au courant !
MDR s'il tait au courant de mes penses, il me prendrait pour une folle x) Ce serait l'incomprhension XD
Ma grand-mre a appel EDF le courant va peut-tre revenir vers 17h
Ma mre a tourn la tte du coup je suis parti en courant dans la cuisine, j'ai pris un paquet de chips, j'ai mang et je suis revenu -
Ma mre elle arrive en courant dans ma chambre "RVEILLE TOI Y'A MA CLIENTE" bah cool je m'en bat les couilles
Ma mre me dit qu'elle ne sait pas si elle veut bien que je bouge ce soir, ben il faudrait que je sois au courant en faite !
Ma mre me parle en anglais je sais pas si elle est au courant que je comprend rien
Mais aprs je dois aussi me dpcher pour prendre un train et me faire chier a rentrer chez moi en bus parce que ma mre veut pas me dposer
Mais je le reois que dans le courant du mois de mai
Mais la dernire fois j'ai fait une sorte d'oral blanc sans tre au courant -mdr- et j'ai eu 14 alors franchement... Je gre
Mais pr "sa dfense" elle tait pas au courant que C' ne savait plus faire de mal aux gens , elle (Emma) voulait juste protger Henry #OUAT
Mais vous etes au courant qd meme que chahid est venu devant chez moi pour me gratter une clope? Il me sidre ce gars
Mama teasipping affiche meme les gens qui prte les habits, la persoe qui la ke cpte la chapo large bord , mme si tu chi on sera au courant
Manque plus que ma mre soit au courant , et direct l'anne prochaine on m'enlve tout , je pars
Marisol serait surprise !! tu parles , elle est au courant sinon elle est vraiment irresponsable
MarocTopNews: Accident du bus marocain, en savoir plus :   #TeamMaroc #Twittoma
Mdr mme ma mre est plus au courant sur moi miskine
Mdr mon pre qui m'appelle pcqu'il a retrouv mon portefeuille dans sa bote un lettres, jt mm pas au courant que je l'avais perdu
Mdr on m'envoie une photo o mon frre va  la plage, normiche, j'suis pas au courant
Mdrrrr mon petit frre s'est barr de l'cole en courant, il a mis une vitesse a sa matresse elle a galr a le rattraper
Mel spcialit courir derrire le bus
Mes parents ne serai pas au courant
Meteo du #RER (#ratp) : OK () 20/04/2015 a 05:33 Trafic normal sur l'ensemble ...
Meteo du #RER (#ratp) : OK () 20/04/2015 a 10:57 Trafic normal sur l'ensemble ...
Meteo du #RER (#ratp) : OK () 20/04/2015 a 13:57 Trafic normal sur l'ensemble ...
Mme flo est au courant pour le gars de la semaine dernire  Leroy merlin elle m'a dit t'es une thug
Moi et mon ptit reuf on faisais semblant de se battre et quand notre pre il venais en courant on faisais genre y'avais rien qu'il tait fou
Mon beau-pre dit j'ai plus de courant alors de dire j'ai plus de batterie, j'avoue qu'il m'impressionne^^
Mon chauffeur de bus c'est un malade  je lui ai dit que j'allais tre en retard il a trac sa mere on est a 90 en ville haha
Mon frre c'est tellement un crasseux que les rares fois o il se brosse les dents il est tellement fire que tout le village est au courant
Mon frre est rentr dans ma chambre en courant, il a t se mettre devant le miroir et s'est mis  twerker ....
Mon frre il est pas au courant encore mais je revise le brevet pour lui mdrrr
Mon frre viens de m'annoncer m'avoir fait une balayette au lyce et tre parti en courant mais... c'tait pas moi..
Mon pere chaque soir il me dit que j'ai bac dans 2 mois, tranquille gamin jsuis au courant
Mon plus grand reve c'est d'etre mari et de bon matin j'donne un ptn de steck a mon marie et jme barre en courant le way
Mon pre qui t pas au courant.. Je crois qu'il est vnre maintenant
Mon rer c'est la seule ligne a avoir encore des trains des annes 60 xD
ON A RCUPR LE CHIEN  "Il sera un peu fatigu hein" *arrive en courant et sautant dans tous les sens*
Ok, le courant est revenu dans la maison, sauf dans ma chambre :) en plein braquage, j'espre a va pas niquer ma ps4
On va fter l'anniversaire de Julie dans le bus du coup.
Ouais je m'enjaille en coutant Cline Dion dans le Rer. #TuEsQuiPourMeJuger
Oui parce que bon pour ceux pas au courant mon ternuement serait similaire  un jouissement selon toutes les personnes que je connais...
Oui pour ceux qui ne serait pas au courant, durant le processus de recherche pour Zelda U, l'quipe a upgrade TP, SS et WW en hd
Oui y'avais plus de courant chez moi du coup on n'est allez voir Isa et ta mre
Oups ! Des travaux de maintenance modifient la circulation des trains du #RERE entre 08h40 et 16h15 #BOF Certains trains sont supprims
Oups ! Des travaux modifient la circulation des trains de la ligne #RERC - axe Chaville Vlizy - Dourdan, de 16h14  19h34 ! #BOF
Oups ! La gare de Paris Austerlitz n'est plus desservie jusqu' 19h sur la ligne #RERC #KO
Padam...padam...padam... Il arrive en courant derrire moi
Pas besoin d'tre une rivire pour mettre tout le monde au courant. Si j'tais un livre, j'aurais mis tout le monde au Coran !
Pas besoin d'tre une rivire pour mettre tout le monde au courant. Si j'tais un livre, j'aurais mis tout le monde au Coran .
Passez sa soire  aiguiller des trains, n'oublier aucun mecano pour se retrouver sch sur le viaduc de Nanterre ... #lecomble  #RERA
Patience ! Des travaux de maintenance modifient la circulation des trains du #RERE entre 08h40 et 16h15 #BOF Certains trains sont supprims
Paula elle est arrive en courant avant ver moi clin bisous et aprs elle a encore plus couru pour prendre son bus Ahah
Pourquoi je suis toujours la dernire au courant moi hein ??
Pourquoi la virgule petit pont de Thauvin n'a pas tourner sur Twitter? Si c'tais Pastore mme sur Mars ils seraient au courant
Problme  Fontenay sous Bois trafic ralenti sur le #RERA #qml
Psq sa serait qql d'autre qui aurait la montre est ce que on serait au courant mme
Ptdrrrrr j'v te niquer Antho j'suis super toucher j'suis brotherzoner partout mais j'suis la dernire au courant
Ptn pis je loupe mon bus la nique sa mere
Putain les pakpak qui sont a coter de moi dans le train ils ont cru c'etais le rer  ramener toute la famille la
Putain ma tante elle a fait un accident avec un bus ...!
Putain mme ma mre est au courant merci booboo.......
Putain mon steak il a prit feu j'ai failli faire brler toute la maison Mdrrr ma mre mon oncle et tt ils sont arriver en courant
Qu'est que ca va etre a magaluf, tout le monde sera au courant de ce que je fais
Quand ils sont vacus et que ceux de Marseille sortent en courant pour aller les chercher avec des barrires
Quand ton bus ne passe pas  l'heure Que du coup tu rate le rer habituel,Du coup du rate le metro prvus Et que t'arrive 15mn en retard
Quand tu coutes de la musique tu t'imagines  LA. Alors qu'en fait tu es juste  une bte station de bus rempli de dreri.
Qui sera donc  la Palmyre et je vous tiendrais au courant sur snapchat de tout a mais je n'aurais pas trop internet l bas donc
RER A: le trafic est ralenti jusqu' 12h entre CDG toile / Cergy et Poissy suite  une panne de signalisation entre toile et la Dfense
RER A: le trafic est ralenti suite  un incident technique entre la Dfense et Nanterre Prfecture
RT @1berreg: @RERC_SNCF toujours sans info. #lara essaye d'avancer (par a coups). Second train qui nous depasse #qml. Arrt, plus de clim..
RT @1berreg: Au moment ou le @RERC_SNCF #lara mets les watts pour dmarrer, la ventilation rfrigre se coupe... #qml
RT @Achelhi_: nan mais j'fais le malin  insulter la mre d'Enzo ouvertement , mais le lendemain c moi qui fait l'tour du lyce en courant
RT @AdeleTual: Mdr on m'envoie une photo o mon frre va  la plage, normiche, j'suis pas au courant
RT @Al2siarna: Ptdrrrrr j'v te niquer Antho j'suis super toucher j'suis brotherzoner partout mais j'suis la dernire au courant
RT @Alexi_Pllt: Mdrrrr mon petit frre s'est barr de l'cole en courant, il a mis une vitesse a sa matresse elle a galr a le rattraper
RT @AntillaiseBoss: J'espre il sera au courant..
RT @BSTKAB: @thisis4rleeeend Une dasme coup-dcal/valle, ce serait lourd !! Je vais en parler  mon pre, je te tiens au courant pour la date !
RT @Banquemondiale: Possder 1 compte courant conduit  1 inclusion financire + large pour ceux actuellement exclus du systme bancaire
RT @CIaudeFrancois: RE JE SUIS LA, DSOL DU RETARD J'AVAIS UNE PETITE COUPURE DE COURANT
RT @CLePrenom: Kenza c'est le prnom d'une meuf qui cours derrire le bus mais elle le rate aprs elle marche
RT @CitationsFB: Je cours dj pas aprs mon bus, je vois pas pourquoi je le ferai pour un mec.
RT @Clarissegtr: @b00bzy non non tqt tu serais l'une des premires au courant pour a
RT @CritiqueTout: Mdrrrrrr y'a Kanye et Kim K elle est mme pas au courant. Typiquement le genre de truc qui arriverait  ma mre.
RT @Damien_Nivon: Article instructif sur la gestion d'un accident de personne et ses rpercussions @RERD_SNCF #RERD #accident #retards
RT @DavidLaMars: F. Dompietrini : "Sur 10 pers du comit de direction, 5 taient dans ce cas l. La Chambre tait au courant."
RT @DevonGravesOFF: @InghelandtOli ce serait avec plaisir !!  Je te tiendrai au courant si je viens da la rgion !! Bises !!
RT @DevonGravesOFF: @musiquedumetro @DevonGravesFans hihi c'est vrai !! J'ai hte !!  je vous tiendrai au courant d'o je serai et quand !!
RT @Dj0Nekst: A votre avis son daron il est au courant que sa femme l'a tromp ou pas ?
RT @DydouuB: @Elsinouille T'es au courant qu'on a repris les cours ?
RT @Emeline_Dupuis: Rafou est cense venir demain mais ma mre est toujours pas au courant
RT @FBOcom: #RerE train court pour commencer la semaine. #qml
RT @FaresOuiCmoi: Je comprend mtn Pk Kennedy dans le son "nique sa mere" il disait "nique sa mere les contrleurs dans le bus dans le train"
RT @Fenixnooby: Pas besoin d'tre une rivire pour mettre tout le monde au courant. Si j'tais un livre, j'aurais mis tout le monde au Coran !
RT @Fvnta: Courir derrire le bus c'est devenue une mission impossible pour moi donc tu croie c'est aprs les gens je vais courir ?
RT @GBayekula: @ManueVdp srx ?? Jetait pas au courant !!! J'y serai tkt ;)
RT @HabiibouQlf: Jmen rappelle quand on tai ptit moi et mon frre on sortai du bain tout nue en courant et on criais "Maman t'es moche" elle devenais ouf
RT @HabiibouQlf: Moi et mon ptit reuf on faisais semblant de se battre et quand notre pre il venais en courant on faisais genre y'avais rien qu'il tait fou
RT @Helene_Courant: #CanariPlay suite  cette victoire face  lOM, peut on esprer (re)voir un FCN faire le jeu plutt que contrer celui de son adversaire ?
RT @HeyHyHey: @kilosenmoins Je te conseille d'arrter de grignoter mme si je pense que t'es dj au courant mais fais le avant que a parte en -
RT @Inesewa98: Arthur il s'est qd mme barr avec la serpillre de Paul en courant ...nul ne sait pourquoi
RT @Irwinsxsmile_: @MarionMsl Salut, il parat que tu serais intresse par une place pour le concert des 5sos  paris. Tiens moi au courant ;)
RT @JeanneCzlt: Il va falloir arrter de se foutre de ma gueule parce que je ne bronze pas, ma peau d'anglaises et moi sommes au courant
RT @Jsn_Drk94: @Houlemata_S @RcR_223 Mdddr je suis pas au courant pour les Kinder moi
RT @Juliendelabaca: Mobilit et cycles - Boom du car, retour du bus () - Aprs demain sera peut tre le retour du train, autrement !
RT @JuliyeES: Vous croyez que le fils de @Amelie_Officiel il est au courant qu'il a une mre ?
RT @KatandeObed: Un STMG Drague une fille dans le RER-Slt beaut tu va o ?- La Dfense et toi?,- l'attaque Mskn le train la tacler dans la surface
RT @KhalidBerrada10: Le bus du CAK a fait un accident ce matin.29 blesses et 2 goals dans le coma,moins de deux semaines apres tantan!ils ont pas appris la lecon
RT @Kinoo: A val d'Europe le @RERA_RATP est annonc "a quai" alors qu'il n'y a pas de train en gare. Puis il disparat de l'cran... #marre #qml
RT @LePrenoms: Kenza c'est le prnom des meuf qui cour driere le bus mais elle le rate apres elle marche
RT @LumoxNox: a serait bien que l'administration nous envoie les dates d'exam. Juste pour qu'on soit au courant
RT @MappyCity: Bonne nouvelle ! Trafic  nouveau normal sur la ligne #RERC #OK
RT @MappyCity: Le trafic du #RERA est ralenti de Etoile vers Cergy/ Poissy /St-Germain-en-L suite  un incident technique #BOF
RT @MelissaLgd_: Vous tes au courant qu'a Langevin les infirmires sont en rupture de stock de pilules du lendemain ? Et c'est les 2nd qui ont tt utiliss
RT @MemphisCPau: Vous pourrez bientt dguster votre repas sur une terrasse typique des diners Amricains ,On vous tiens trs vite au courant !
RT @Moata91: Wallah y'a trop de mort en ce moment ... / LYCE AU KENYA / ACCIDENT DE BUS AU MAROC / PALESTINE N'EN PARLONS PAS  ALLAH O AKBAR
RT @Mwankan3: Thaleur on sprpars a courrir on a rat un rer , aprs on l'a refait et on a encore rat le train...
RT @MzeMoha: Si je me marie moi a va tre tellement discret fiou mme ma femme sera pas au courant
RT @OnMaApplaudi: Le chauffeur du bus a ralenti par ce qu'une beurette traversait, je lui ai dis azi passe c'est orange, on m'a applaudit, j'ai roul l'bus
RT @OnMaApplaudit: Le chauffeur du bus a ralenti par ce qu'une beurette traversait, je lui ai dis "azi passe c'est orange" on m'a applaudit, j'ai roul l'bus
RT @Ptitcycliste: @galeRERAfr Les vacances commencent pour le #rera : arrt pleine voie direction La Varenne. Avant Fontenay. Signal dalarme train devant
RT @RERA_RATP: 08:44, le trafic est ralenti de Etoile vers Cergy/ Poissy /St-Germain-en-L. (incident technique) #RATP #RERA
RT @RERA_RATP: 08:57, le trafic est ralenti sur la ligne (incident technique) #RATP #RERA
RT @RERA_RATP: Bonjour, Thierry pour vous informer de l'tat du trafic du #RERA. Bonne matine, bon trajet #RATP.
RT @RERA_RATP: Cet aprs midi, Laurent de la #RATP est l, pour vous informer en temps rel du trafic sur le #RERA.
RT @RERA_RATP: Travaux #RERA_RATP : interruption partielle de trafic entre Rueil-Malmaison et Nanterre-Prfecture le 25/04  20h30
RT @RERC_SNCF: @karybean9178 Bonjour, vous tes dans un train arrt  Choisy le Roi? Quelle est votre destination?
RT @RERC_SNCF: Infotrafic #RERC : Fin des ralentissements sur l'axe Paris/Saint Quentin en Yvelines suite au feu aux abords des voies
RT @RERC_SNCF: Infotrafic #RERC : Trafic ralenti sur l'axe Paris/Saint Quentin en Yvelines jusqu' 19h30 (feu aux abords des voies)
RT @RERE_SNCF: Infotrafic #RERE : Trafic ralenti sur l'axe Paris/Tournan jusqu' 14h15 (obstacle sur la voie  Villiers sur Marne)
RT @RMyQueen: Un jour y'a un pre il a voulu me giffler et ma courir aprs juste parce que j'avais sonn chez lui et j'me suis barr en courant mdrrrrrr
RT @RoroGameR13: Pourquoi la virgule petit pont de Thauvin n'a pas tourner sur Twitter? Si c'tais Pastore mme sur Mars ils seraient au courant
RT @RoroGromerdier: Je compte sur vous pour me tenir au courant du 1er message que Mollo va poster sur Instagram aprs ce match. Quel talent...
RT @SYBARTS: Travaux en cours sur la ligne @RERC_SNCF @SNCF @Mati_lou @DelarueJC @galeRERAfr
RT @SaintHubert_: Je sais pas si l'UE est au courant, mais laisser les migrants se noyer dans la mditerrane, a risque de crer un pont pour les prochains.
RT @Somaya3177: #France2 qui reoit Bachar Al #Assad. Vous tes au courant qd mme que c'est lui qui a command de tuer Gilles Jacquier, votre journaliste.?
RT @SophieMaugas: Mdr mon pre qui m'appelle pcqu'il a retrouv mon portefeuille dans sa bote un lettres, jt mm pas au courant que je l'avais perdu
RT @Soumiiarabia: Elle me taille tous les jours derrire mon dos et elle croit que je suis au courant de rien .. Je lui dis ou pas ?
RT @SuGe_SNCF: Attention sur le @RERE_SNCF a va ralentir, jets d'objets sur la voie depuis un pont. #qml
RT @TPedrajas: Ils sont au courant qu'il faudra quand mme jouer  11 pour l'anne prochaine j'espre
RT @Thelastwings: @Onee_saan @YamiManu @AieDan_ C'est toi qui dis a ?J'sais pas si t'es au,courant, mais beaucoup de gens seraient content que tu dsactives.
RT @TouunsiMoha: Y'a un mec il courait aprs le bus , le bus c'est arrter, le mec il a vu y'avait des contrleurs , il a fait genre il fesait un footing
RT @UltranusAbitbol: C'est la premire fois que j'ai une place assise dans le rer A un matin, du coup je vais jusqu'au terminus, c'est trop grisant
RT @UnPandaViolet: Oui parce que bon pour ceux pas au courant mon ternuement serait similaire  un jouissement selon toutes les personnes que je connais...
RT @ValentaynL: @DamiienYz87 Tiens moi au courant  ! Tu vas gerer, allezzzz
RT @WMyWay_Mobile: #Perturbations #RERC, le train ELBA en gare de ISSY, et  destination de SAINT-MARTIN-D'ETAMPES est #Supprim http...
RT @WMyWay_Mobile: #Perturbations #RERC, le train GOTA en gare de CHOISY-LE-ROI, et  destination de MONTIGNY-BEAUCHAMP est #Supprim
RT @WMyWay_Mobile: 08:44, le trafic est ralenti de Etoile vers Cergy/ Poissy /St-Germain-en-L. (incident technique) #RATP #RERA via @RERA_RATP
RT @WMyWay_Mobile: Infotrafic #RERC : Trafic ralenti sur l'axe Paris/Saint Quentin en Yvelines jusqu' 19h30 (feu aux abords des voies)
RT @adopteunerusse: Y a des fois ou je prfrerais ne pas tre au courant
RT @ahoeokdacc: EH LA VIE DMA MRE J'TAIS MME PAS AU COURANT
RT @akisadora: @RERC_SNCF ce serait trop demand que l'affichage des trains s'accordent avec leur destination? Vive les directs Choisy qui s'arrtent pas..
RT @aliamsi: Il cotise pour offrir une voiture de 100 millions  son marabout et 2 jours aprs le courant est coup chez sa mre pour 40.000FCFA. #kebetu
RT @alixoute_: Aprs 2h de trains , mtro et RER on et enfin la !  @SweetieYTB @Horia_Youtube @jenesuispasjoli
RT @badasstilinski_: jsuis sre dylan il va pas jouer dans after psq dj les gens pensait trop qu'il allait jouer spidey alors que lui-mme tait pas au courant
RT @benmoussakarim1: Accident de route du bus du CAK (Chabab Atlas Khenifra) prs de Mrirt tt ce matin !!!,Les 2 gardiens en coma et...
RT @ceciestmontweet: J'ai essay de vivre chaque minute comme si c'tait la dernire, au bout de 4 heures  hurler en courant dans tous les sens je suis crev.
RT @clanche_julie: le p2 ils ont grer avec leurs coupures de courant je ne sais combien de fois
RT @clara_badie: Mais vous etes au courant qd meme que chahid est venu devant chez moi pour me gratter une clope? Il me sidre ce gars
RT @claramstc: donc askip vous parlez sur moi ptn mais mettez moi au courant quand jvous lch des rumeurs sur moi jveux rire avc vous les amies
RT @clbme_: Mon frre viens de m'annoncer m'avoir fait une balayette au lyce et tre parti en courant mais... c'tait pas moi..
RT @dafrd: Problme  Fontenay sous Bois trafic ralenti sur le #RERA #qml
RT @ericchavigny:  Marisol serait surprise !! tu parles , elle est au courant sinon elle est vraiment irresponsable
RT @eventwtf: @RaphaelDesAnges l'horaire sera bientt communiqu. On vous tient au courant
RT @feudeymon: J'tais pas au courant du "rassemblement" pour le mettre en tt. Ce serait vraiment vraiment vraiment cool #StarWarsCelebrationInFrance
RT @franceinfo: Trafic #RERB / incendie La Courneuve : Alain Krakovitch, directeur de SNCF Transilien, invite les voyageurs  "reporter leur voyage".
RT @galeRERAfr: #RERA En rpercussion de divers incidents, le trafic est ralenti sur lensemble de la ligne.,
RT @gallais19: Mon pere chaque soir il me dit que j'ai bac dans 2 mois, tranquille gamin jsuis au courant
RT @hakimlaalam: Accidents de la circulation. En Algrie, maintenant, les bus se mettent mme  renverser les pilotes d'avion sur les tarmac d'aroports!
RT @harryisasavior: On va fter l'anniversaire de Julie dans le bus du coup.
RT @hyorimi: Qd j'fais semblant d'couter de la musique ds l'bus or j'coute les bails qui se raconte derrire
RT @il_leger: Pis on rigoler tellement quelle a dit quelle all appeler nos parents elle est ouf cte meuf, de tt facon ma mere et au courant et elle a
RT @ishiorenn: Rt somalien si ton pere est mort d'un courant d'air et ton grand pere est mort d'un eternumant
RT @jlbrac: Le mpris des banlieues... Pour rentrer en banlieue tard, en RER, c'est 1 train toutes les heures. Et je ne parle mme pas aprs minuit.
RT @ldbnl3690: @MAUREENANGOT Alright Maureen! I am with you. Juste mettez-moi au courant de votre venue et je serai l pour vous supporter ou soutenir.
RT @lealarzul: @MarieSvni @MaurineLarzul @_cindaille @Hugo_Brunet @Learn_Things ca serait la premire fois qu'on arriverait en cours en courant dis donc!
RT @lemondefr: Incendie  la Courneuve : le RER B et l'A86 coups dans les deux sens
RT @marion1596: @Nemes1sHD @mani_tout le jour o sa t'arrive je veux tre la premire au courant !
RT @miislaura1: Jai pas dormir j'espre rcuprer ma nuit dans le bus lol
RT @oziuse_: Notre deuxime projet sera payant, il comportera 7 titres, les gens qui sont dj au courant du systme du projet a 1e , sinon restez co
RT @pasletime: Les gens qui font encore des blagues par rapport au 1er Avril.. vous tes au courant que c'est cram a 35355 km et que c'est pas drle?
RT @rap2tessfr: Pas besoin d'tre une rivire pour mettre tout le monde au courant. Si j'tais un livre, j'aurais mis tout le monde au Coran !
RT @ratp78190: RER A: le trafic est ralenti jusqu' 12h entre CDG toile / Cergy et Poissy suite  une panne de signalisation entre toile et la Dfense
RT @robrxsey: @sheeratson t'inquites tu seras la premire au courant haha
RT @rorolb: Tout a l'heure avec jade on a eu une panne de courant dans le Stargate on faisait pas les fires mdr
RT @soIdatdearobaz: @Spxtsnaz ptin jlui aurait sorti l double Python il serait parti en courant
RT @sonykwl: @LisaHenner tu nous tiens au courant quand tu seras l bas hein ahaha franchement t'es trop forte t'as gr tu dois tre fire
RT @tinycherbear: #SonyOnVeutCherLloydEnFrance mme si elle passe  Paris ma mre sera au courant avant moi pour les places mdrrrrrrrr je l'aime
RT @vausemiIIs: rt si t'es au courant que jayma c'est ma premire idole et que c'est la meuf aux gros yeux rouquine de glee ???
RT @villedeputeaux: Le trafic du #RERA sera interrompu le 25/04  20h30 entre Rueil-Malmaison et Nanterre-Prfecture dans les deux sens.
RT @vnxxxx: @CoralieeCo mdr tu serais la premire au courant eh
RT: AlexisMeillan: Dernire ligne droite avant le projet final. Bonne coute ! :) #rock #pop #folk #alterna
Rafou est cense venir demain mais ma mre est toujours pas au courant
Rappel ! Des travaux de maintenance modifient la circulation des trains du #RERE entre 08h40 et 16h15 #BOF Certains trains sont supprims
Retour  un trafic rgulier sur l'ensemble de la ligne #RERA #RATP. Incident termin.
Retour  un trafic rgulier sur l'ensemble de la ligne #RERA #RATP. Incident termin. via @RERA_RATP
Sa mre j'ai louper mon bus.
Salut  tous le garage sera fermer pendant 15 jours pour cause personnel nous vous tiendront au courant de la...
Sauf que la mienne a vritablement paniqu et voyant que je n'arrivais pas, a refait TOUT le trajet dj fait en courant
Serait-il possible de leur dire, @BureauTaxi, que les feux jaunes d'un autobus = ralentir & s'arrter, PAS SE DPCHER DE DPASSER? Merci.
Si je me marie moi a va tre tellement discret fiou mme ma femme sera pas au courant
Si le courant de la rivire est trop fort, il faut parfois renoncer  laffronter.
Si ya un problme sur mon train, le mtro ou le RER C je me tire une balle :/
T'as 2 cons  l'arret de tram qui coute ( fond videmment hein sinon ce serait pas drle) du rap pourris.
T'es au courant @DanielRiolo de l'annulation du boycott du PSG et de l' OM? Ce serait suite  la rduction des sanctions ?
Talhr j'ai appeler ma couz fatou pour lui demand c'est quel rer pour aller a Clichy pour jj
Thaleur on sprpars a courrir on a rat un rer , aprs on l'a refait et on a encore rat le train...
Tous les jours je vais rejoindre mon pre a son travail en courant sa me fait un bien fous !!
Tous les soirs je fais 8kms avec ma mre en courant
Tous les soirs vers minuit-1h on fais des fifa en ligne a 2 moi et Hakim en saison Coop on encule tous le monde
Tout a l'heure avec jade on a eu une panne de courant dans le Stargate on faisait pas les fires mdr
Tout le monde est pas encore au courant. On le vend ni vu ni connu et on en refait un moins moche ! #PhrasesDeParents
Train @iDTGV rat pour cause d'annulation de plusieurs @RERA_RATP. Aucun replacement propos : 170 euros + 94 euros. C'est dgueulasse !
Train prvu  8h23... 8h30 toujours rien ! Bonnes vacances la @SNCF #rerb #lignek #115eurospourca @Tinosor
Travaux #RERA_RATP : interruption partielle de trafic entre Rueil-Malmaison et Nanterre-Prfecture le 25/04  20h30
Tshiip qu'es qu'ils ont les conducteurs des trains et RER depuis 21h23 ?! Je suis pas encore chez moi  cause des blocages de ces transports
Tu parle sur mon dos, t'inquite on sera au courant
Un bus accident en pleine circulation  #buzz, #fun, #lol, #wtf, #mdr
Un jour le trafic du @RERE_SNCF reviendra a la normale... Un jour mais pas aujourd'hui #panne #perturbation #encore
Un jour y'a un pre il a voulu me giffler et ma courir aprs juste parce que j'avais sonn chez lui et j'me suis barr en courant mdrrrrrr
Une biche enceinte est sur le point d'accoucher. Elle trouve un champ d'herbes prs d'une rivire  fort courant....
Une journe sans problme sur le #RERC cest possible ? Bloqu dans le train depuis 10 minutes et apparemment pendant encore 15 minutes
Update n1563839050872620: 4h plus tard, toujours pas de courant dans le quartier. Je vais pter un cble, c'te journe de merde ptain.
Vigilance ! Des travaux de maintenance modifient la circulation des trains du #RERE entre 08h40 et 16h15 #BOF Certains trains sont supprims
Vous pourrez bientt dguster votre repas sur une terrasse typique des diners Amricains ,On vous tiens trs vite au courant !
Vs allez vs portez l'il tchip, moi moins on n'st au courant mieux j'me porte pas besoin de criez devant la France entire le nom dmon gars
Xboxlive : L'pisode 3 de Life is Strange sera disponible courant mai 2015 #Xbox360 #XboxOne
Y a des fois ou je prfrerais ne pas tre au courant
Y a un Max de courant d'air sa mre
Y'a eu un accident de baiser  brancion sur la voie du tram
Ya une gow dans le Rer elle ma mit un coup sur l'osgood j'assume pas
[INFO SURPRISE]= Pour ceux qui ne sont pas au courant @TalOfficial a prter son image pour la pub de sweat TEX! Qui va en acheter? perso:oui
[VIDEO]Chauffeur de bus levee dans un accident..
a serait bien que l'administration nous envoie les dates d'exam. Juste pour qu'on soit au courant
a y est c'est les "vacances" du coup on supprime des RER quand on veut pendant que d'autres arrivent en retard au boulot a le fait.
c'est ainsi que nous nous dbattons, comme des barques  contre courant sans cesse repousss vers le pass
cause d'un trou sur le trottoir, en roller, en courant derrire le bus, des vieilles chutes qui mreveille msk
couter #virgintonic et ne pas arrive  retenir un fou rire dans le tram merci #virginradio #momentdesolitude
demain jvais louper mon bus et ce sera la merdouille
donc askip vous parlez sur moi ptn mais mettez moi au courant quand jvous lch des rumeurs sur moi jveux rire avc vous les amies
hier on c'est lev a 8:00 on a galr entre bus/rer/taxi, il a faillit rater son train et moi mn rdv sur paris, une galre, on a couru
il m'avait dit que je serai la premire personne au courant.
ils devraient crer des prises lectriques dans le train dans la voiture et dans le bus wsh
jdois prendre le bus jusqu'au terminus qui est pcb et apres jdois prendre le train pr roissy ensuite faut j'marche jusqu' la renardire
je cours pas derrire mon bus, c'est pas pour courir derrire toi.
jsuis sre dylan il va pas jouer dans after psq dj les gens pensait trop qu'il allait jouer spidey alors que lui-mme tait pas au courant
le couple devant moi dans l'bus, ils parlaient niaisement. j'ai pouff de rire, le mec m'a lanc un regard  la voldmort. terreur de ma vie.
le petit accident de bus gentil
ma mere est tjrs pas au courant, jsui biennnn
ma mre elle devait dire que je venais pas ce matin pour raison personnelle eft elle a dit que j'ai loup le bus mddrrr
ma mre est enfin au courant
mais bon au moins je serais au courant de tout en avance du coup , c'cool de bosser qd mme  la mairie
moi je suis au courant des bails la dernire  l'internat
mon pre ma mre mes frres et mes surs font leur vies personne me tient au courant jsuis tjr solo
nan mais j'fais le malin  insulter la mre d'Enzo ouvertement , mais le lendemain c moi qui fait l'tour du lyce en courant
normal que les frere me tiennent au courant, il se sont fais tazer
petite cuillre s'ils s'approchent trop prs de la basse de mon frre mdrrrrr ils vont partir en courant x
qd je russi mon trait d'eye liner vs pouvez tres sres que laulau est au courant
tiez vous au courant que @CanteloupOff travaillait votre voix @MGrossiord #GrossiordLive Et comment avez vous ragi  la 1re coute ?
toujours plus ou moins centre sur un objet. Le rve chemine linairement, oubliant son chemin en courant. La rverie travaille en toile.
y a des gens quand le metro sonne pour fermer les portes, y tapent des ralentis zarm cest un ancien il connait le timing lui ..fdp
