"-j'ai jur y'a que des photos de cul dans ma tl,- Mara t'es au courant qui a ma mre?" ptddddrrr
"@JqmPereira: J'ai pris 1 train 1 mtro 1 RER 5 bus." tout a pour faire les boutiques , des vraies filles w/ @odenwg
"@LauraZiehi: On baise ta go tes mm pas au courant frre cs a l'secret professionnel."
"@prototype2222: Ma j'ai trs mal au dos mouaaaa!Toujours la dernire au courant!  ai trouv ma vocation
"Bros before Genius" est un clbre adage du courant flexiste, prononc pr la premire fois par Tommyflex le Juteux en critique au roi Stunt
"elle tait archi pas vierge" je regrette de pas avoir pris mon iPod pour pas couter les gens dans le RER...
#Facebook largi son cosystme  2015 (). Une #tendance  contre courant  lre de la rationalisation #SocialMedia
#GMC #BlendWebMix Linternaute sera tenu au courant de chaque nouveau contenu  travers une appli  - @IngridFranchi
#JSCP profilage @vanessavalence1 @PhilippeBas @FerretRaphael Pour ceux qui ne seraient pas au courant,CE SOIR C'EST PROFILAGE
#Mali rapport du BVG: bret  9.000 frs CFA, paire de chaussettes  10.000... Et IBK n'est pas au courant: appelez moi con dans ce cas!!!!
#RERA :Trafic ralenti jusqu' 20h00 en raison d'un incident affectant la signalisation  Maisons Laffitte.
#RERA en raison d'une panne de train  conflans, trains omnibus jusqu' cergy. Prvoir 10  20 min de retard
#RERA train en panne a conflans. Trafic fortement perturb
#SNCF #RATP Octobre noir sur le RER C entre retards et suppressions de train  (via @20minutesparis)
#SiDemainJeVoisUnClownJe fais pas ma maligne,jme barre en courant wllh vs etes des ouf vs arrter de faire les malins pq vs allez rien faire
#SiDemainJeVoisUnClownJe gueule tellement fort que se sera lui qui partira en courant
#SiDemainJeVoisUnClownJe lui insulte sa mere la pute.... non j'rigole j'pars en courant
#SiDemainJeVoisUnClownJe ptdr arrtez de mentir vous allez tous partir en courant vous allez mme laisser votre pote en chien derrire toi
#SiDemainJeVoixUnClownJe le dfonce sa mre  Non, je part tout simplement en courant, normal
#Vaud  Lausanne: Collision entre un bus des TL et une voiture: Un accident s'est produit ce matin vers 11h da...
#m6 moi je serais Emmanuelle je me barrerais en courant et vite!!!
#qml #RERE : [M.  jour] +10/20mn sur l'axe Haussmann-Tournan prolong jusqu' 20h (panne d'1 train)
#tweetunjeudi @RERA_RATP: Aujourd'hui, Pascal vous informe de l'tat du trafic de la #RERA , bon trajet et bon mercredi #RATP
#wikipedia 1- Le fminisme radical est un courant du fminisme qui considre qu'il existe une oppression spcifique des femmes au bnfice
*pars en courant vers le chteau, accompagne de quelques lves restant*
-roulant miskina et aprs jetais vers l'infirmerie du znith puis j'ai entendu billet facile alors j'me suis barrer en courant dans la-
-vers la pelouse orange, j'ai remontrer mon billet, j'ai encore descendu les escaliers en courant et j'tais dans la pelouse, des gars de-
. prcision @m6 #clowns ne dit pas qu'elle "dprogramme" : 1 pas au courant 2 n'achtera pas 3 ne diffusera pas ...
10:07, le trafic est ralenti sur la ligne (panne de signalisation) #RERB
2 cycle de #RERB sans train pour Orsay, et les direct saint Rmy qui ne se transforment pas en omnibus, c'est normal @RERB ? 30mn d'attente?
3 Novembre : du nouveau pour @Montgeron91 ! La ligne P se dveloppe : 1 bus  chaque train de 6h  22h30 !
: Paris : Octobre noir sur le RER C entre retards et suppressions de train
@1047_FM donc sa va cout plus chre encore pour le mauvais service et en plus les autobus vont roul plus lentement #STOFAIL
@AccioPoutina @MuthaCorpse @BobKlepto j'suis sre tu serais pas au courant si il y avait une troisime guerre mondiale
@AlainZouvi M. Zouvi. tes-vous au courant si Interstellar sera doubl au QC? La bande-annonce en franais m'inquite beaucoup..
@AlayCleo c'tait chez Solene, je pensais que tu serais mis au courant :(
@AlexieRPTMR *entre derrire en courant*
@Aliciagnnd j'espre ! Oui, tu me tiens au courant
@AlineChatel J'aurais ete au courant je serais passe vous voir...
@AlmCatarina vers 14h15-20 je pense on te tiendra au courant ;)
@Alois_Nav Ben je sais pas je ne fais que me rfrer aux clichs dominant le courant de pense proltaire
@Amazing_Postit @AlexandreCaIame Mais je vais voir ce que jpeux faire pour vous et je reviendrais vers vous courant juin si je suis d'humeur
@AmellyaDeGray @louisadochez oui o tu seras parti en courant avant qu il t approche lol
@AngieRPGUONH *arrive en courant vers toi et s'accroupie  ct de toi* dcidment, tu tombes tout le temps toi.
@AnneEsther_ ptdddddr et ben putain je serais agent edf wallah je te coupe l'lectricit
@AureTalMonAnge j'ai besoin de savoir si tu feras la vido ou pas, tiens moi au courant le plus vite possible
@AzlChloe bah ma mre et sakina taient pas au courant non plus visiblement mdrr
@BEHINDpleasure a serait trop coooool! on se tient au courant alors j'espre trop qu'il y aura une avp dj mdrr :(((
@BarbaraRPGITR2 *se pete un gros fou rire, se leve et part en courant*
@BelleCuddy je pense venir vers 13h donne ton 06 en mp, on se tient au courant, je pars qu' 22h demain de toute faon
@Bendiix_ @evaskies jvai tout dire a berry hamda jvai te niqu ta reputation et jvai le dire a ta mre elle va etre au courant pas comme c.
@BxssDrvgged On a fait des reprages on y entrera bientot on te tient au courant
@CRAZYM0F0SS oui je te tiens au courant j'espre que je vais pouvoir y aller..
@CharlineBoehm courant de Fvrier d'aprs les 1er retour :) mais les docks peuvent dj tre pr commander
@ColeRPGGNG *s'arrte de rire d'un coup* je dois partir en courant ou pas?
@Conducteur_RER Pas de soucis. On se tient au courant de nos prochaines dispos ;-)
@Conducteur_tram oui j'ai de nouveau twitt pour le dire. Mais la il y a les pompiers sous mes fenetres donc ligne coupe vers quinconces.
@Coralie_Yaalos ma mre oui, mon pre ne sera jamais au courant
@DCrivey a. *lui lance une tarte avec de la meringue sur le visage et par en courant, morte de rire*
@DJSeade Je vous invite a vous rendre au Tropic snack . Juvisy a cote de la gare (rer C)
@David_Fasola @Appy_Geek Elle doit arriver courant novembre sur WP la MAJ. Elle sera identique a la nouvelle version de News Republic ;)
@DelarueJC @Willy_Colin Notre association est partante pour rejoindre une coodination des usagers des trains au quotidien (TER, RER et TGV)
@DourlensCamille oui tu seras vite au courant :) merci
@ECiotti @deuxiemetour le mieux, c'est de la mettre en copie @ChTaubira ,l, elle sera au courant ainsi..
@Effyrpgsalem mdrrrrr jsuis arrive dans le salon mon frre il me fait "regarde ta copine" msk je suis partie en courant
@Effyrpgsalem oh.. *cre un petit courant d'aire vers tes jambes*
@ElijahRPGTVD Merci.. On fera a en fin de soire, et n'oubliez pas elle n'est pas au courant et elle ne doit se douter de rien !
@EliseGABBAI je te prviendrai plus rgulirement pour mes repas tqt tu sera au courant avant Twitter
@ElkAiN @qivivo non l'abonnement n'est pas obligatoire, si tu as une coupure de courant de toute faon ta chaudire ne sera pas alimente
@EnoolaaBzrdd tu vas faire quoi ? Jte tiens au courant ma mere elle va apler le mdecin la
@Fab_Elliott Je ne sais pas si ce sera disponible. Je vous tiendrai au courant!
@FaneLouisDelort Je trouve a bizarre depuis que mon pre est au courant pr LDTS il n a pas encore donn son avis dessus.. #trange
@FinalDylan j'tais mme pa au courant de ce projet et je serai pas venu c runion d'hypocrite c pa pour moi
@FleurAfonso Ohhh :( Je suis dsol. Rcupre et assure ta rduc, a va aller. Prends soin de toi, en tout cas, tiens moi au courant ;)
@Franckm22 impeccable! Tiens moi au courant je serai l normalement :)
@Frankie6333 @Canalblog Je n'tais pas au courant, merci de me prvenir. 1 problme de plus qu'il serait bon de rsoudre !
@GKowene OK Good. Tenez-nous au courant. Ma prire est que l'arme va protger le peuple, pas chercher a tre au pouvoir !
@Gaos_Blacks T'as taper une derniere chute putain de merde ! Mais calme on est tous passer par l quand on cour apres le RER
@GossipRPGPAH pour le verit, tout le monde est donc au courant?
@HarryRPGPB -marche  tes cts en courant vers ta voiture, souriant lgrement en coin.-
@Harry_Styles Je voudrais tellement me rveiller le matin le sourire aux lvres car tu seras au courant de mon existance mais a n'arrivera-
@IndignesFN_Nice @kakalutoo @Toka_rev @SOS_Racisme @Slatefr Mdrrr ils ont ton fion ils sont partis en courant c'est a ? Espce de mytho !
@Irfaaane mdr mais flemme de payer pour des train tout le temps en retard (RER A B C D E)
@Izutsuchi je suis au courant de tt!Mais a serait naze qu'on le voit pas kage!! Meme si il a fait la promesse que kakashi le serait  obito
@JES_116 dans le RER ca coupe salope
@JanouuuuAB pardooon? Ma rivale rare? Moi jlui ressemble ? Qui a dis sa jsui pas au courant mdrrrrr
@Jennie_Ruh On se tient au courant comme la dernire fois hein ? mdr
@JoshRPGGNG (jsp je rigole c pas credible msk) *carquille les yeux en courant vers la porte, enclenche la poignet et te rentre dedans*
@Julien_Sabin Attends avant d'appeler, je doit y aller demain avec mon pre parce que a me parait bizarre je te tiendrais au courant
@June_R1 mais j'tais pas au courant moi, c'est une fille qui tait de l'autre groupe l'anne dernire qui me l'a dit O_o
@JustinRPGAS2 (msk Justin il est au courant qu'elle avait eu un accident de voiture?)
@JvlienG si un jour je sort un morceau tu sera au courant, au faite, a fait combien de tmps que tu collectionne des CDs ?
@KIuzik @steinheldlucasTu es au courant de Kluzik est mineur?,(Et je parle pas de sa carrire dans FL)
@KellyGrdx il ya du vrai mais apparemment des choses auraient t retir de la bible tu es au courant de la dcouverte d'une bible
@KellyVanhabost ah merde j'espre que a va passer et que c'est pas trop grave tu me tiens au courant ? Courage ma poule
@Kmeron tiens moi au courant pour Ed Sheeran en tout cas, a serait sympa de s'y croiser
@KrumNirina *attrape sa main puis l'entrane en courant, la baguette tendue* Qui est ton frre? *lance des stupfix*
@Kuraiba_ @dzraj_ bah si justement je suis d'accord finalement. Une mini-jupe c'est courant en France, tu considres a comme une tenue-
@Kuraiba_ @dzraj_ non, si quelqu'un a le choix entre metro et voiture au moment de sortir et qu'il choisit la voiture, s'il a un accident-
@LaToileDuSpider @ConanMcFly j'espre que c'est pas que le costume *part en courant*
@Lactimelle Mon Dieu mais a y est en ce moment a !? *part en courant vers la cathdrale de CF* @Brilliant_Ads
@Lau_DanPaludi J'espre pour toi que se sera positif ! Tiens nous au courant cocotte
@LauraZiehi: On baise ta go tes mm pas au courant frre cs a l'secret professionnel.
@LauraaDi @OlympeMusic d'autres personne seraient venu mais il y a que toi et tes cops au courant ! Une explication ?
@LeaBsl oh oui nan c'est grave une bouteille entire dans 2jours je te tiens au courant de leurs tats
@Ligne4_RATP @RER_B Bonjour, les prvisions de trafic de mardi prochain seront-elles disponibles avant ce week-end ?,Merci !
@Linda_anges6off si le burguer Cofee est a ton frere . J'irai avec ma famille  moi je n'etai pas au courant pour ta seance dedi
@Lindy_1D @Scorpion__Astro "quand il es amoureux" or, je ne le suis pas  tu serais dj au courant
@Loony_Is_Here @averyrowle *arrive en courant avec @lavande_brown et crie* Luna ! *pointe sa baguette sur Avery*
@Lucsensei @Frost_Line @BaNa_TL pour moi sa ne sera pas de suite. Cette aprem jvais a Gaillac. Jte tiens au courant quand je rentre ;)
@LylyChaotic ma mre elle est au courant mdrrrr
@M_Dacostaaa pouaaaaaah  elle est pas au courant t sincre la tu ma dead Ayebi tse hein
@MarieChretien je te tiendrai au courant de comment cela se sera pass
@MarieTheAnt Quand tu te barres en courant devant elle ? J'en suis pas sre ! lol
@MathildeVoinson ben oui c'est clair, mais bon peut tre que a se prvoit  la dernire minute et que la Fnac n'est encore pas au courant
@Meitantei62 (en attendant, ce serait bien de pas spoiler ceux qui sont pas au courant non plus, take care _ )
@Melii0405 j'te tiens au courant mdrrrr ! Si tu me vois plus tu auras compris.  j'veux pas que mon pre voit toutes mes conneries ici
@Meulick tkt t mon gars sur tu sera tenu au courant tkt mem passs sooon yagatoul
@MiniBote c'est de la basse tension, il ne vous arrivera rien, mais oui c'est moche :/ Quel train pour signaler  @RERD_SNCF ?
@MonstersHeart c'est ton frre qui prend trop de courant xD
@Myms_lils13 @OM_TeamOff @Ehliminateur C'est pas mchant mais si tu meurs je serais pas au courant et mme si c'tait le cas je....
@OLPromoGirl @leroymerlinfr @OL @laradickenmann merdouille pas au courant sinon on y serait all.
@OceaneeeM a mooort et nous qui se barre en courant morte de rire l'aire de rien
@Ohdeerlily bb sera sponso (tiens moi au courant de si elle confirme l'info )
@Orange_conseil d'accord je vous tiendrai au courant lorsque j'aurais fait le redmarrage ! Et sinon il y a aussi un souci de batterie 1/2
@POopiieMOorre @legrekarl1 Mdddr je sais je suis au courant de tout ! En plus de gater tout il bote les vieu per la encore krkrkr he Sopim
@PlayStationFR Bonjour, tes vous au courant des problmes de redmarrages de la PS4 en mode repos ? ex :
@PoirkiKev ah bah tu me tiendras au courant ! J'espre que a va le faire pour toi !
@QuentinAouidj C'est en cours, SPORT+ sera en HD courant le 1er trimestre 2015 !
@RBonnat des qu'il sort tu seras le premier au courant !
@RERB et bien sur aucunes annonces pour la destination des trains !
@RERC_SNCF @ControleurPM733 OK Merci, cela me confirme au moins que le trafic sera perturb...
@RERD_SNCF  part supprimer des trains vous faites quoi en ce moment? Pouvez vous supprimer mes prlvements aussi? @jphuchon
@RERD_SNCF c quoi ce bordel en ce moment ? Normalement j'attends 5 mn pr un train. Ce matin 14 mn et ce soir 16 !
@RERD_SNCF merci au gar de la maintenance pour avoir supprimer le train dica 30 min sans train c est a qu on aime quand on prend le rer D
@RERD_SNCF vs testez un peu vos trains? Voir comment vous traitez votre "btail"? Et comme vous ne gerez pas la scurit ds les rames?
@RERE_SNCF Bon ok je me suis fait avoir sur ce coup... Mea culpa @RERE_SNCF Mais avouez que c'est rageant quand mme :-)
@RERE_SNCF train ne marque pas l'arrt assez longtemps  fontenay. 23h20 prvu vers villiers, repartie  23h19 en avance !
@RaiponceRP /Oh vous n'tes pas au courant alors... *se refroidit lgrement* Mon pre est mort il y a un an d'un accident./ Un accident.. ?
@Rakib_Bolt lool je peux pas changer de TN mdr on fera comme ci jetais pas au courant !
@Renaud_B le rer y a mec ils lit de pages de n'importe quoi a haute voix dans le train oklm....
@RomainB13 ouais faut qu'on calle ou quoi je te tient au courant frre!!
@SNCFvamtuer @LilouChou60 du coup je vais peut tre l'avoir, vu que le RER-B est aussi en attente de quelque chose.
@SabrinaRlp j'espre aussi ! On se tient au courant t'faon
@SeanMcGoRP *rcupre la lettre, perplexe* Euh..bah ce matin, mais tu l'as signe, t'tais pas au courant?
@Serie_Al_Killer Ouais je suis au courant pour Djow, mais ouais c'est a en vrai.. a attire des boulets mais vraiment :(
@Signez @Capet_Ier et du coup tu as a nouveau a faire ton CO a chaque fois que quelqu'un qui n'est pas au courant se rapproche de toi
@Skyneo_ Hmm non, parce qu'elle est pas tout  fait d'accord et que mon pre n'est pas au courant xD
@SlapsGiver Bonjour Adrien, encore un peu de patience. Netflix sera disponible chez Bouygues Telecom courant novembre :) Bonne journe.
@SwaggyMinnie @kaldu57, personne n'a pu voir si @Justine_FTNRJ12, on ne sera au courant que demain #FriendsTrip
@Ta_Mere_elle tiens moi au courant, tv ferme ici!! Et fait pas de bruit, il y a 2 enfants qui dorment au 2e tage. Rappelle toi! :)
@TheRealSome1 Si a l'tait tu serais au courant (comme Cloclo).
@The_LasTech @Noob_la_serie merci je n'tait pas au courant
@Thzmw_ a merde mdrrrr t pas au courant enft g niquer ta mere sans faire expres dnc ta une ptite que jai elle meme enculer par la suite dsl
@TomRiddleFr *hoche doucement la tte en le regardant partir* Je vais essayer. Au revoir Tom. *relve sa baguette puis repart en courant*
@TonyMingori ok bin on se tient au courant  si tu prfres mdr :P
@Tounky143 @fthwitt68 @meh_witt mdr mais Mehmet c le plus con wlh il voit 50 gars arme j'meha il va main nu en courant vers eux !!! Mdrrrrr
@Tygrisica *reviens* par contre y'a de ces noms bizarres o__o *re pars en courant*
@Voster_ Nous sommes au courant nous voulions seulement tre les 1ER  VOUS LE DIRE :)
@WalkerxStalker le bus va avoir un accident, aprs j'en sais pas plus
@WhiteMerry27 Tu me tiens au courant si tu arrives  le rcuprer avant que tu ne tombes de fatigue, haha ^^
@Wondeer_Girl @bvstian J'en suis sre tu lui montre un couteau il part en courant voir sa mre mdr
@Wxcafe @Capet_Ier Non. Tu le fais une fois, et ensuite, tu dis  t'tais pas au courant ? . Si a les intressent, ils le sauraient.
@XVIIIXI toi sur le courant d'la mer jv tniquer ta race
@XboxFR Comment pouvons nous possder un code ? SVP je n'tais pas au courant
@Xenou84 'kay j'te tiens au courant (pas pour moi au cas ou, mais mon pre a son tel' qui bug donc bon ... )
@YeAuldeBadger Pas de soucis, tiens moi au courant, et si t'as le temps de jeter un coup d'oeil aux rgles/crer un perso. Au pire autre foi
@YoPauline_ Je suis en Premire j'ai encore une anne pour les mettre au courant :') Pourquoi il veut pas toi? :(
@Yuulie_D je suis pas trop au courant mais je crois que c'est un gars qui a reu une balle
@ZaynRPGAMS -Gifle la fille puis revient en courant vers toi-
@ZaynRPGAMS -sort du parc et marche vers un htel- tu me tiendras au courant videmment.
@_Bebechat Pleins de courage  toi!  Et j'espre que a vas se rgler cette fois si! Tiens moi au courant!
@_BuffyMars ton article est poignant. Le coup du RER et du short avec le mec qui te FORCE  dire merci, mais merde quel abruti !!!!
@_Grangerlicious ouais, c'est hyper bizarre ! courant dcembre, je pense vers le 21 vu que c'est le solstice d'hiver  la base !
@_MC243 quel bus mon frre le train a attendu le dluge a cesson et aprs il a encore attendu au me ptn j'tais yomb
@_emydbrv avion train rer mtro voiture
@_laughofmalik Same. Ma mre s'en fout. Faut juste pas mettre mon padre au courant. C'est EASY de s'en aller.
@alxandradbg laisse moi rire, si tu le croise tu vas partir en courant mdr
@asma_dzz mddddrrrr moi j'y connait riiiien en train j'connais que le rer D
@boobsofniall AWWWWW OUI JE SHIP A 7465876877348 POURCENTS, oui omg a serait perf j'tais mme pas au courant qu'ils en faisaient  tlse
@bozze_ moi je facture mes replies sur twitter. Je te tiens au courant (tu prfres chque ou virement ?).
@caluminiall @espinosapristi @primanistyles JE GALRE J'AI PLUS DE BUS DU COUP JE SUSI AU RER MAIS A CRAINT J'AI PEUR mais je vous parle
@chl_hlt t'inquite ma Groose tu sera au courant
@clemyski moi je prend les bus mais y'en a ps bcp. En voiture ce serait mieux mais je viens en train donc... Les bus :(
@cmxmn genre c'tait un cours metrage d'une femme qui se fait violer dans le RER et personne n'intervient genre
@couissedepoulet mdrrrr toi aussi tu dis a a la dernire personne qui faut mettre au courant sur ca ... je vais devoir te tailler :/
@cyrusxvancamp c'est pour l'adrnaline XXXDD franchement je l'aurait vue j'me serait barre en courant comme une folle
@eleamalik pourquoi tu ne regardes pas directement sur les sites ? Aprs tu peux toujours appel mais ils serait srement pas au courant :)
@elisegerrer a roule, tu seras tenue au courant de l'volution de ma coupe
@emmanuelbourcet La RATP utilise des trains aspirateur. @RERE_SNCF pourra peut-tre nous en dire plus pour la Sncf.
@escp710 tant de haine.. Vasy msk t'es toujours la dernire au courant
@floore_p ouiii c'est degueulasse, j'espere que si il vient personne sera au courant mdrr lol
@geo_pocket Dans un cinma sans courant, je ferais l'amour. Pas  la camra, ni  moi-mme mais  lui l-bas dans le noir.
@gfofzarry J'TAIS PAS AU COURANT PTDDR TU VIENS DE ME LE DIRE, FAUT QUE JE VOIS AVEC MA MRE, C'EST  PARIS O? AU TROCADRO?
@glaforge ah si je veux bien, je passe demain en courant vers chez toi d'ailleurs :-)
@guillaumeduhan Ok ! Aprs, faut que j'ai l'argent ! Je verrai avec ma mre, enfin, je t'en dirai plus, plus tard ! Je te tiens au courant !
@hazzabruti Ta vido est magnifique et j'espre sincrement que tu gagneras. Tiens moi au courant pour le concours, d'accord?
@ikekill mmmm tiens nous au courant pour les CoD, infos sont rares :(
@imcekilz je te tiens au courant mais je pense que ce sera un weekend PTDR
@jamesro67345817 Pas encore, mais tu seras le 1er au courant. T'as quel budget?
@jgicquel Bien reu, tenez-moi au courant;)
@jonathanmarsaud J'espre pouvoir vous tenir au courant pendant l'vnement ! Sinon, RDV demain midi pour le live japonais sur YouTube !
@joordaliss mdddr mais Laura el a vraimnt dis a sa mere et Ahmat et o courant que ls hypocrite snt natou et moi sa cst vrai.
@julie_rabillon c'est parfait alors, j'espre t'avoir aid en tout cas, viens en DM ce soir pour me tenir au courant :)
@kamelia_reg je te tiens au courant
@khaalifa69 je sais mais jpensais il serait parti en courant tu vois
@kikihstg je les ai regard, j'ai vue le fils du pote de mon pre me regarder je suis remonte en courant :')
@la_nyan je l'ai appris en mme temps! Ma grand-mre est plus au courant que moi xD
@lauregvl mdrr mon pre il a fait a sans m'en parler j'tait mme pas au courant
@lenaamell MAIS GRAVE C'EST SON PERE PUTAIN, IL CONTINUE A L'APPELER ETC MAIS IL EST PAS AU COURANT I QUIT
@lilipucehyene alors, c'est le frre jumeau de Cane. il se fait passer pour le fantme de Cane. le mari de Jill est au courant.
@lleidens mais att t'as mre est au courant pour toi?
@lollies j'espre qu'on peut quand mme esprer une bonne nouvelle... Bon courage, et tiens moi au courant.
@losvivi06 @Jonathanweelink les nanas du service sont pas au courant, j'espre que c'est pas une fausse joie...
@lou4_pnd t'es au courant pour demain soir? mon pre veut pas que je vous invite
@loveIymcvey mdrdmrrdrdr t'es tjrs la dernire au courant je pleure pour toi
@lvmlyd si tu te sens capable de la laisser ne serait-ce qu'un jour ou deux, ils seront au courant donc je pense que a peut tre pas mal..
@meersak C'est quand que tu nous refait un nouveau sons histoire qu'on sois un peut au courant, vue que tu dit presque plus rien.. #TeamMRK
@melaniiemendes @dady330 Ave maria j'tais pas au courant que c'tait mon frre..
@morandiniblog moi a me fait rire je prend a comme un divertissement j suis sre elle est au courant mais c est potache
@nightrayys ouais ouais t'inquite! je te tiendrai au courant. quand j'arrterai de trembler ma manette en main owo''
@ntmalikz concert 13 juin. J'espre que t'y arriveras ! Je vais me coucher mais tiens moi au courant demain stp
@odsunshine_ non bc ma mere est pas au courant de mon projet mdrr
@onedfxcker C'est pass  la tl, mon frre il est venu me voir en courant "Sofia !!! Tape Daniel Radcliffe sur YouTube, tu va serrer !"aha
@oscarlemaire j'y serai courant de la matine jusqu'au dbut dap je pense, aprs je passe faire un coucou  @Gamekult ^^
@othdrewod moi jme serais quand meme casse en courant t'es pas grande en plus t'as eu du courage MDRR
@ouestfrance35 on apprend par OF que Rs-Mtro va mettre en place la red. incitative. Bel ex. de non-information. Personne n'est au courant
@pennvworth oe comme sur mon icon mais STP ESTEBANN jsais jsuis moche ok jsuis au courant donc pas besoin de me le repeter ce serait gentil
@quentinvillla57 ouep mais t'inquites vous serez au courant
@rerDriver @RERD_SNCF il s'agit du train d'hier soir qui est arriv  18h30  Melun.
@rodenvious que j'espre que niall t'as mis au courant a propos de la relation qu'on entretenait
@sandcorsica oui j'ai vu. Pour la vido je pense que d'ici demain elle sera sur Youtube. Afin je crois. Je te tiendrai au courant
@sarahbekhti tu me tiens au courant, ah j'espre grave a va marche
@sorayaofficiel Le bras de mon frre a va mieux au fait ! Je t'avais dit au tlphone que je te tiendrai au courant ! :)
@stephanieessoh Flemme j'ai pris le train j'voulais aller vite.Meuf j'ai pass 2 H E U R E S en transport.En bus j'serais arrive plus vite
@stylahs pq jsuis tjrs la dernire au courant
@sunsetrouble mon pere est au courant il a rien dit hamdoullilleh
@thvnx C'est pas trs courant le rabbitsitting au dernires nouvelles aha
@ump @FrancoisFillon @alainjuppe @Bruno_LeMaire Sans polmiquer, au courant ou pas, NS sera forcment condamn pour recel et faux. Gnant
@urbxngirl c'est bien lisa, j'espre que Philippe n'est pas au courant..
@zecalvin @sadlig370 Invitation bien reue galement aussi : je regarde demain et je te tiens au courant... Grand merci en attendant!
A bures d'aprs les affichages, on aura perdu un train, celui de 9h47.,Epaf61 devrait arriver pour 10h02 @RERB vous confirmez ?
A chaque fois on me demande pourquoi je sers mes poings mais en faite j'suis pas au courant quand je le fais mdr
Accident a Douala. un mini bus couramment appel "cargo" a douala et qui assure le transport des personnes fini...
Ah et @Poolpess j'espre que t'tais au courant ...
Ah we aussi on a donne toute notre vie pour courir DERRIRE UN BUS
Alerte : Des travaux interrompent la circulation des trains sur la ligne #RERC entre Brtigny et Etampes / Dourdan #BOF
Aprs 6h de voyage, arriver sur Paris et voir trains annuls sur le RER A...
Aprs mon but je vais le clbrer dans ma citer en courant et criant "Yeaah " et "ahahaha" et tout les supporters l'on clbrer avc moi !!
Attention, perturbations sur le RER E branches Villiers et Tournan. Retards suite  une panne d'un train entre Villiers et Les Boullereaux.
Aujourd'hui, Pascal vous informe de l'tat du trafic de la #RERA , bon trajet et bon mercredi #RATP
Avec #RATP,on peut te faire descendre d'un train pour monter dans un autre pour en redescendre pour monter dans un 3e. Ca c'est gr. #RERA
Avec @Elsadorable_ avant les concerts on va courir dans Vienne  4h du mat, on passe  ct du bus de la crew et on fait rire les vigiles
Avec Sarah on tait pose il y a des gars ils viennent nous voir ils disent 'regardait derrire vous' je suis partit en courant
Avec ma soeur on s'frappait pour rire et j'ai voulu lui mettre un dernier coups et partir en courant la haut mais je me suis taper le genou-
Bilan des courses pour EBRE09 ce matin : deux petites minutes de retard  Denfert tout comme au dpart de Massy #RERB #qml #traficrgulier
Bon ; hier ma mre ma griller, du coup j'ai du lui dire la vrit ; je suis soulag qu'elle soit au courant
Bon bah ma grand mre elle est au courant
Bon mon tat s'amliore mais pas assez vite, je ne serais probablement pas remis  temps pour la PGW :c J'vous tiens tout de mme au courant
Bonjour @RERB,Pourriez vous expliquer le vocabulaire utilis ?,Si des RER SONT supprims, considrez vous que le trafic est ralenti ?
Bonne nouvelle ! Un trafic rgulier sur l'ensemble de la ligne #RERB #OK
Bordel de merde ma mre est tombe des escaliers a m'a reveill en sursaut jsuis alle voir en courant mon beau pre m'a vir
C est bon j'ai mis ma lere au courant
C'est bon on a remis le courant .
C'est l'une des premires fois o le courant passe aussi bien avec quelqu'un oh
C'est normal les gens se sucident  Chtelet, a fait des quais RER A/RER B mais impossible d'attraper le train que tu veux...nique la RATP
C'est un RER-cole ou bien? Acclre mon petit machiniste. On se traine #rera #qml
Ca de la musique a fond dans la vie c'est de la musique a fond dans la tete et la il me dit qu'il a t la premire partie en courant et le
Cest ainsi que nous avanons, barques  contre-courant, sans cesse ramens vers le pass.  Gatsby le Magnifique.
Cette aprem j'ai essayer un masque dans un magasin , ya une petite elle s'est mise  pleurer en courant vers sa mre . J'tait mort
Colorado Avenue : Accident at Commerce Street -
Comment vais-je annoncer  ma mre que quoiqu'elle dise le week-end prochain je suis pas la.... heureusement que mon pre est au courant
Conseiller de Vente Cosmtique Anglais Courant H/F #Paris #commercial #marketing #recrutement #emploi #job
Contrleurs RER C  Choisy le Roi dans train MONA direction MassyP - 17:01.
Cool pe courant refait surface
Courir des 5h45 pour avoir le RER c'est put de mon ge
Dans le RER on a galrer pendant 1h45 parce que y'avait une meuf qu'avait perdu son tlphone et du coup ils se sont arrter vers Vincennes
Dernires rptitions pour le concert  la cathdrale lundi soir .... :-) (@ Courant D Art)
Des travaux dmodifient la circulation des trains sur la ligne #RERC l'axe Pontoise / Pont de Rungis #BOF
Des travaux interrompent la circulation des trains sur la ligne #RERC entre Brtigny et Etampes / Dourdan #BOF
Des travaux modifient la circulation des trains sur la ligne #RERE entre Haussmann Saint-Lazare et Tournan #BOF
Deux arabes en face, un couple de blancs  ma droite, je suis dans une skysophrenie  suivre deux conversations en diffrentes langues #RerA
Dis #rerc, elle ne pourrait pas crier un peu moins fort la dame qui annonce les stations dans les (trs) vieilles rames de ton train
Docu-fiction sur France 4, flippant. Coupure de courant pendant 10 jours, quand les autorits ne pourraient plus rien contrler
Douala | Encore un accident: Un bus taxi plonge dans un fleuve avec ses passagers via
Du coup faut qu'on prenne un bus vers 9:30
Elle a toujours t au courant de tous mes problmes, elle a t l quand personne ne l'tait et ma mre me sort des choses horribles sur -
En faite le RER B direction #CDG quand il est "direct" c'est le petit train de Disney Land ! :)
En plus on est en rgionaux mais on est les plus nuls du coup a va tre srie 1 ligne 8, dernires tout le temps, plutt cool..
En vrai ds ma classe jsuis vrmnt la meuf perdue x1000 mdr tjrs jsuis au courant des bails a la dernire minute
En vrai je part pour 3jours, je suis mme pas sur que mon pere soit au courant x)
Encore une suppression de train sur le #RERD le prochain tant dans 25 min. Je remercie #transilien et #sncf pour mon retard quotidien !
Enfin bref, vous serez bien au courant
Et c'est encore qui la dernire au courant?
Et genre a la dernire pice yavais un mec avec une trononneuse j'ai lcher Marie je l'ai laisser toute seule j'suis partie en courant
Et ma mre qui est arrive en courant limite mdrr
Extrait de 15 pages de mon livre sur les chats qui sera en ventre courant novembre au prix de 45 :...
Fed Office: ASSISTANT-ASSISTANTE PERSONNEL(LE) ANGLAIS COURANT (La Seyne-sur-Mer, 0, France)
Fin d'incident, trafic normal sur l'ensemble de la ligne #RERB #OK
Fin d'incident, trafic normal sur l'ensemble du #RERB.
Franchement a fait peur ce qu'il passe dans les RER les trains, des meufs se font agresser normal et personnes ne fait rien
Franchement chez pas vous en penser quoi mais l..,Je serais Louis je pars en courant PTDRRR #EMABiggestFans1D
Hello,,pour ceux qui navaient rien compris, voici un avant-gout de "une grand-mre un courant d'air, un qui...
Hey faut arreter la, jusqu'a meme ma mere elle est au courant pour les clown !
Hier, on m'a trait de "feuj" dans le RER. J'tais sidre.
Il est 00:01 et le trafic est normal sur l'ensemble des lignes de RER
Il est 00:21 et le trafic est normal sur l'ensemble des lignes de RER
Il m'a dit il en parle a ma belle mre et il me tient au courant comme ils ont rdv demain
Il pourrait tre mort que je serais mme pas au courant
Infotrafic #RERE : +10/15mn sur l'axe Haussmann-Tournan > 19h (panne d'1 train entre Villiers et les Boullereaux,>
Infotrafic #RERE : [M.  jour] +10/20mn sur l'axe Haussmann-Tournan prolong jusqu' 20h (panne d'1 train)
Inscrivez-vous  lvnement Facebook pour dcouvrir le programme du Gaillac Primeur 2014 et vous tenir au courant des dernires actualits!
J'AVAIS PAS MIS MON PRE AU COURANT POUR LES PLACES ET LE PACK ET TOUT ET CMATIN EN VITESSE JLUI DIT IL ME FAIT " ah ok courage alors " MAIS
J'ai peur de rentrer seule dans le noir donc j'ai demand  mon pre de venir me chercher  l'arrt de bus mdr il va me traiter
J'aime bien quand a parle de moi et que je suis la dernire au courant, alors que je suis la premire concerne
J'aime pas courir derrire les bus
J'aime pas tre solo dans le train j'prfre tre solo dans le bus.
J'arrive  l'arret de bus en avance pour une fois trop fire de moi et l'autre dbile elle m'appelle pour me dire qu'elle l'a loup c triste
J'arrive en courant dans le salon en gueulant "maman elle a dit oui pour mon concert!" mon pre il fait "ah c'est bien" mdrrr cache ta joie
J'avais bien attendu avant de redmarrer mon Pc. Genre vraiment. Et au moment o je l'allume, le courant se coupe pour deux secondes
J'conduirais un bus plein, j'ralentirais meme pas dans les dos d'ane
J'en ai vu des vendeuses "agressives" mais rarement comme chez @FranceLoisirs . J'tais  deux doigts de partir en courant :/
J'espre il va pas partir en courant quand il va me voir jouer mdrrr
J'espre juste qu'elle est au courant que si elle fait un pas de travers elle est dans la merde !
J'espre que mes parents vont arrivs a l'heure .. Sinon je vais encore louper le bus
J'lui dit Ok mais mas beaucoup c'est mon dernier, son pote arrive j'm'apprte a rcuprer mon bien qd les 2 connards se barrent en courant
J'suis en train d'aider mon pre pour son iPhone et l, j'me prend un bus sur inazuma.
J'suis sur ma mre je lui dit viens avec moi voir les @5sos elle y va en courant en mode Punk Mom x)
J'tais mme pas grosse gt juste une meuf chelou mais j'ai quand mme russi  perdre de ouf ma mre n'tant pas au courant tait chok lol
Je n'apprcie jamais autant le rer que quand je retourne chez la famille et que je loupe le seul train avant une heure... allez, a PIEDS
Je pense que Dieudonn est derrire la coupure de courant de mon appart. Il ne voulait pas que @Boncourre_N regarde la liste de Schindler.
Je serai partis en courant perso  #GuillaumeRadio #ParanormaleChezGuillaume
Je sort de 3 h de cours, et de presque 2h de colle svppp les black qui gueule et qui chante en langue non franaise dans le bus arrter !!!
Je suggre  EDF d'embaucher des chasseurs, ils sauront traiter ces drones d'oisaux ;)
Je suis aussi sur facebook , alors viens par la et aime la page pour tre au courant de la sortie de mes dernires vidos !
Je suis puni d'ordi ah j'tais mme pas au courant ! Et a vient mme pas de mon pre mh
Je suis seumer free ils ont couper ma ligne c la merde que je vois des msg je peux pas rep
Je suis toujours la dernire au courant c'est grave chiant
Je tiendrais ta mre au courant  #lrt
Je vous en supplie ce serai un super cadeau j'irai en courant avec lui si il le faut #OMGSERV
Jou aux jeux de socit avec son frre et sa soeur et les voirs partir en courant car ils sont entrain de perdre Mdrr
Jsais pas si elle est au courant que jsuis pas sa pote et que mtn c'est juste une sale merde  mes yeux et que a va finir par pter
Jsuis dg je suis toujours au courant en dernire mdr
Jsuis fou sur leurs vieux trains rer d de merde
Juste au cas o certains ne seraient tjs po au courant. #LRT
Jvais attendre le bus aprs les cours il fera nuit
L'invit mystre de ce soir est Lulu qui a mont le #Ventoux en courant en arrire. Interview maintenant sur #bleuvaucluse
La femme en face de moi dans le rer coute de la musique avec Zoom H6 Like a boss.
La mamie qui se coupe les ongles dans le rer c'est abus ...
La premire voiture volante sera commercialis courant 2015 ! #news #clickimmo #technologie
Le "Je vend pas ma poudre" si t'es pas au courant que c'est une sorcire tu crois qu'elle parle de Coke WESH  #Paranormalechezguillaume
Le #Cloud d'IBM est aussi sur #Twitter ! Suivez @IBMCloudFr pour tre au courant des dernires nouveauts !
Le #RERA a circul sans encombre aujourd'hui. Aucun colis suspect ni accident grave de voyageur ni panne de signalisation...,#ChatsEcrass
Le #RERD d'avant tant en retard, j'ai pu l'avoir en courant un peu. Sauf, qu'il tait plein, alors je suis descendue. #FausseJoie #qml
Le 20 heures de la #RTNC,rien n'est dit sur la situation au Burkinafaso.Officiellement donc, les congolais ne sont pas au courant... Rires!
Le Cloud d'IBM est aussi sur #Twitter ! Suivez @IBMCloudFr pour tre au courant des dernires nouveauts !
Le Stream Singstar sera peux tre courant novembre sinon comme prvu mi/fin decembre @LilyMcCormick @_Birdkiller_ @peb258 @hokageyakuza
Le bus 32 il a ft un accident devant chez moi
Le chauffeur  ralentit parce qu'une beurette travers,j'lui est dit c'est orange t'peut passer. tt l'monde ma applaudit j'ai conduis le bus
Le courant dla mer........
Le gouvernement dcide de "rsilier" son contrat avec Ecomouv. On espre que cette fois-ci ils n'oublieront pas de les tenir au courant.
Le ministre des transport n'a t au courant de l'accident de Biyemassi que le lendemain #CamerounOyeahhhhhhh. !!!
Le suicide d'un homme perturbe e trafic du RER D - Le Parisien
Le suicide d'un homme perturbe e trafic du RERD
Le trafic est ralenti sur la ligne #RERB aprs une panne de signalisation #BOF
Le train a pu se dpanner... Reprise progressive a priori. 1 #rera + 1 #lignel supprims. Y'a du monde #qml
Les Directioners seraient capable de risquer leur vie...  Alors oui certaines risque leur vie en courant derri...
Les portes du #rer sonne , il rentre en courant , il est essouffle , il souffle dans ma geul ->
MDR. Mon beau pre qui veux faire un "vrai" mojito avec du 7up mojito ptdr il est au courant que a va pas tre un vrai et pas tre bon?????
MN-13 W/B : Accident at Nicollet Avenue -
Ma jeunesse  la couleur des trains, Rer c pendant le trajet je rvais de percer !
Ma mre elle est toujours pas au courant que je vais au OTRAT mdr. Mon pre lui le sait
Ma mre en c'moment elle aime trop m'dire '' t'es au courant que tu reprends lundi quand mme ? ''
Ma mre pense que mes copines sont de gentilles petites filles trs sages ... Faudrait peut-tre que la mette au courant ...
Ma sur n'a pas dit  ma mre qu'elle avait sa runion parents/prof  la rentre..mais je sais pas pq je sens qu'elle va tre au courant.
Maaaaais nan mtn sa mre est au courant ptdddddr
Mais ne vous inquitez pas, #SuperJomaa gre ! "#BCT: Poursuite de llargissement du dficit courant" #MFM
Mdr je suis plus vierge? trange quand mme, j'tais pas au courant.. MMDRRR NIQUER VOS MRE.
Mdrr Hind c'est vers chez elle et elle est mme pas au courant pour lemeute
Mdrr j'espre que demain il n'y auras pas de clowb qui toqueras chez moi, sinon je me barre en courant mdrr
Meme s'il est pas au courant il va s'en rendre compte a ma premire prise de parole
Merci  d'avoir omis de me dire qu'aprs 20h20 plus de train pour Dourdan sans une pause de 15mn  Brtigny #qml #rerc
Merci le #rerb  Massy. On est sur le quai, le train est petit donc on doit avancer sur 50m et arriv  sa hauteur il repart. #noBrain #ratp
Merci les prises de courant dans le TER!
Mes sms c'est pas des messages mignons mdr c'est mes tantes " tu vas ou / ah ta mre est au courant ? / pdt combien de temps?/ Avec qui? "
Meteo du #RER (#ratp) : KO () 30/10/2014 a 17:57 Trafic normal sur l'ensemble ...
Meteo du #RER (#ratp) : KO () 30/10/2014 a 18:01 Trafic normal sur l'ensemble ...
Meteo du #RER (#ratp) : KO () 30/10/2014 a 18:41 Trafic normal sur l'ensemble ...
Meteo du #RER (#ratp) : OK () 30/10/2014 a 19:09 Trafic normal sur l'ensemble ...
Meteo du #RER (#ratp) : OK () 31/10/2014 a 00:01 Trafic normal sur l'ensemble ...
Mme il serait partis en courant
Mme mon pre jcroit il est pas au courant
Mon bus a fait un accident #Formidable
Mon frre il a vu @enjoyphoenix mais il pouvais pas l'atteindre, elle est partie en courant
Mon frre il est au courant
Mon frre n'est pas au courant des annonces Marvel. Mais dans quel monde vit-il ?
Mon frre qui stress de louper le bus alors qu'on est a l'arrt , il me fou la honte
Mon g.frere quand il a entendu le gnrique de oth il est venu en courant dans ma chambre mdrrrr
Mon pre ds qu'il m'a vu il m'a dit "j'ai eu une trop fille, j'tais pas au courant" mdddr
Mon pre il va voir un match de basket mercredi a Bourges,j'tais pas au courant mdr
Mtro Ligne 1 En raison d'un incident technique, le trafic est ralenti sur l'ensemble de la ligne. Trafic normal sur les autres [1/2]
Mtro Ligne 12 En raison d'une panne de matriel, le trafic est ralenti sur la ligne En raison d'un incident technique, le tra [1/2]
Mtro Ligne 12 En raison d'une panne de matriel, le trafic est ralenti sur la ligne En rpercussion d'un incident technique, [1/2]
Mtro Ligne 4 En raison de divers incidents, le trafic est ralenti sur l'ensemble de la ligne. Trafic normal sur les autres lignes Mtro.
Mtro Ligne 4 En raison de la prsence d'un colis suspect, le trafic est ralenti sur l'ensemble de la ligne. Trafic normal sur [1/2]
Mtro Ligne 4 En raison de la prsence d'un colis suspect, le trafic est ralenti sur la ligne. Trafic normal sur les autres lig [1/2]
Mtro Ligne 7 En rpercussion d'une fin tardive de chantier, le trafic est ralenti sur l'ensemble de la ligne. Trafic normal su [1/2]
N'hsitez pas a rejoindre la page "F1 Simu Tv" sur "Google +" pour tre au courant des dernires actus de la Chaine
Notre #police est autant responsable de cet accident que le chauffeur de cet autobus #Kondi
Notre webdoc #UnEtatDuMonde sera en ligne ds le 3 novembre... On vous tient au courant !
Nouvelle bande-annonce pour Avengers : Lre dUltron !: Vous tes probablement dj au courant, mais les ann...
OHH MON COEUR JAI OUVERT LA PORTE DENTREE A MA MERE YAVAIS UN CHATON DANS LES ESCALIERS IL EST RENTRER EN COURANT DANS LAPPART on le cherche
Octobre noir sur le #RERC entre retards et suppressions de trains -  via @20minutes
Octobre noir sur le RER C entre retards et suppressions de train
Octobre noir sur le RER C entre retards et suppressions de train ()... #Paris #Nouvelles
Octobre noir sur le RER C entre retards et suppressions de trains -
Oh mais non sa mre est au courant aussi mddr
Ok coupure de courant de 3mili sec sa a niker la teloch sa mere la pute
Ok ouais du 16au22decembre ont seras plonger dans la nuit complte pendant 6jours la nazza a dit mais es qu'il sont au courant que j'ai (1)
Ok. Y a quand mme des gens au rer qui font le train.... Genre ils se mettent les uns derrires les autres et ils font tchoutchou sauvez moi
On a rat le bus avc Carla on courais ce fdp y c'est pas arrt les gars du quartier y tait mort de rire rien qui nous chambrai lehchouuuma
On est trs ralentis  l'approche du #tunnel32 #rerb
Ou une sextape piger genre la meuf tait pas au courant
PUTAIN ILS VON COUPER LE COURANT DE 12h A 17h POUR MUR TRAVAUX DE LEURS GRAND MERE LA REINE DES PUTES !!! J'VAI FAIRE QUOI SANS RIEN FDP
Padam, padam, padamIl arrive en courant derrire moiPadam, padam, padam,Il me fait le coup du souviens-toi
Panne de train a conflans fin d'Oise #qml #rera
Par contre quand toi tu cours derrire le bus il s'arrte pas c'tarba.
Parce que je suis dans le RER sur le retour pck j'ai raccompagn Lonie et Damien et mon train passe par Chatelet
Paris : Octobre noir sur le RER C entre retards et suppressions de train
Paris : Octobre noir sur le RER C entre retards et suppressions de train #france
Paris : Octobre noir sur le RER C entre retards et suppressions de train: TRANSPORT - Lincendie du poste dai...
Pas mal sur France 4 : American Black Out. Une cyber attaque plonge les USA dans une coupure de courant, c'est film faon REC, pas mal.
Personne tait au courant pour le 15 sauf lui il ma tu d'rire mdrrrr
Petit matin sur le #rerc ! @RERC_SNCF #qml #IledeFrance #train #transilien
Plus de 2 semaines pour une enqute qui n'est pas encore achev Je ne suis pas prs de rcuprer ma ligne C'est laborieux @LALIGNEDEFREE
Possd par le dmon, un gamin vient de vomir dans toute la trave centrale et son pre a gliss dedans en lui courant aprs.
Pour ceux qui ne seraient pas au courant, il y a un nouveau concours twitter spcial Halloween par ici  ! :)
Pr clbrer le lancement de l'appli courant novembre, voici notre nouvelle vido!  #video #youtube #retro #stopmotion
Prendre le rer D c'est un coups  devenir fou
Ptdrr mon pre il reste devant le frigo jlui demande ce qu'il fait il me regarde, bouge plus et se taille en courant avec ma tablette Milka
Ptn tu te fais niquer quand y'a plus de courant dans le bt , tu te dis que rien marche sans lectricit et tu galre bien comme il faut
Putain J'viens de rouf  cause d'un chien, il arrive en courant vers moi alors que j'suis dans un petit chemin tout seul dans le noir
Quand je tweet dans le RER A, on me suit  la trace, je tweet dans chaque vill
Quand tu es la plus grande partie en courant pour les mecs de la musique de ma classe dans les annes  la maison et de son pre est pas la
RER A : trafic ralenti jusqu' 20h00 retards jusqu' 20min Incident affectant la signalisation  Maisons Laffitte #qml #rera
RER B En raison d'un incident, le trafic est ralenti entre Gif sur Yvette et Courcelle sur Yvette. Trafic normal sur les autres [1/2]
RER D : Paris - Orry la Ville ralenti jusqu' 21h30,Le 30 octobre 2014 de 20:50  21:30 En cours Dernire mise...
RER E : trafic perturb axe Tournan. Panne d'un train
RT @02h33: si demain jvois un clown m'en blc jme casse en courant avec mon balais de sorcire ptdr
RT @20minutesparis: Octobre noir sur le RER C entre retards et suppressions de train
RT @6Maigrir: Ma meilleure amie est au courant de mon rgime donc elle va faire attention pour les repas
RT @AliceGlld: J'etais en talons aujourd'hui, et j'ai du courir pour avoir mon rer, j'etais une vraie blague ptn
RT @AloiseLaurent: Mon frre qui stress de louper le bus alors qu'on est a l'arrt , il me fou la honte
RT @Alsyna_Tmb: T'es pas au courant du dernire dcret de loi du gouvernement : "Si une fille fait le bonhomme avec un gars, il peut la tapper comme tel"
RT @AngeleGuilbert: Toujours autant n'importe quoi les trains #qml (@ RER Saint-Rmy-ls-Chevreuse [B])
RT @Aro_Baze: Le chauffeur du bus a ralenti par ce qu'une beurette traversait, je lui ai dis azi passe c'est orange, on m'a applaudit, j'ai roul l'bus
RT @Bernie_0584: RER E : trafic perturb axe Tournan. Panne d'un train
RT @Blacoxp: #tweetunjeudi @RERA_RATP: Aujourd'hui, Pascal vous informe de l'tat du trafic de la #RERA , bon trajet et bon mercredi #RATP
RT @CHardjani: "-j'ai jur y'a que des photos de cul dans ma tl,- Mara t'es au courant qui a ma mre?" ptddddrrr
RT @CIaudeFrancois: RE JE SUIS LA, DSOL DU RETARD J'AVAIS UNE PETITE COUPURE DE COURANT
RT @CallMeGreaZ: Si quelque peut me tenir au courant du match BasiC vs Insayed sa serait cool
RT @Carlitover: MDR. Mon beau pre qui veux faire un "vrai" mojito avec du 7up mojito ptdr il est au courant que a va pas tre un vrai et pas tre bon?????
RT @CarteplayFR: Samsung devrait lancer sa gamme Galaxy A courant novembre: Les Galaxy A ne sont-ils donc pas une chimre ? Sel...
RT @Chlo_Guy: @YoPauline_ Je suis en Premire j'ai encore une anne pour les mettre au courant :') Pourquoi il veut pas toi? :(
RT @ChrisRadena: coute dans le RER : 0, coute nocturne : +1000. #redcouverte
RT @Clairobscur__: @othdrewod moi jme serais quand meme casse en courant t'es pas grande en plus t'as eu du courage MDRR
RT @Clothetome: Pr clbrer le lancement de l'appli courant novembre, voici notre nouvelle vido!  #video #youtube #retro #stopmotion
RT @Conducteur_RER: #RERD : Interruption trafic au Nord suite  la dcouverte d'un corps  hauteur de Garges. Police sur place, enqute en cours.
RT @Conducteur_RER: C'est de saison!Sur votre train :Lampe bleue allume => Ventilation/Climatisation/Chauffage HS.,#SachezLe #qml
RT @Conducteur_RER: Les cureuils en pleine action... (Ici a roule  160km/h, 1train/3min).,#SNCF
RT @Coraalie_Mendes: @melaniiemendes @dady330 Ave maria j'tais pas au courant que c'tait mon frre..
RT @Coutiinho3ks: Aprs mon but je vais le clbrer dans ma citer en courant et criant "Yeaah " et "ahahaha" et tout les supporters l'on clbrer avc moi !!
RT @CrbtChloe: Vous faites les thugs  dire que si un clown vient vers vous vous allez le niquer mais en vrai vous allez partir en courant
RT @Crystalbleu96: #JSCP profilage @vanessavalence1 @PhilippeBas @FerretRaphael Pour ceux qui ne seraient pas au courant,CE SOIR C'EST PROFILAGE
RT @DroleDePacours: J'tais dans le bus , le chauffeur a ralenti une beurette traversait la route, jlui est dit: passe c'est orange!  jsuis devenu chauffeur
RT @Eithlenn: Possd par le dmon, un gamin vient de vomir dans toute la trave centrale et son pre a gliss dedans en lui courant aprs.
RT @El_Tuurko: @Bendiix_ @evaskies jvai tout dire a berry hamda jvai te niqu ta reputation et jvai le dire a ta mre elle va etre au courant pas comme c.
RT @F1_Simu: N'hsitez pas a rejoindre la page "F1 Simu Tv" sur "Google +" pour tre au courant des dernires actus de la Chaine
RT @Fengfully: @XVIIIXI toi sur le courant d'la mer jv tniquer ta race
RT @FifiRoz: Deux arabes en face, un couple de blancs  ma droite, je suis dans une skysophrenie  suivre deux conversations en diffrentes langues #RerA
RT @Fuuukano: tu tait au courant que les rgions de pokmon reprs...  Oui oui, Kanto, Johto, Hoenn et Sinnoh reprsentent (...
RT @GhlouciSofia: La dernire fois ya quelqu'un qui m'a dit que j'tais la meuf a Kenoox moi mme j'tais pas au courant
RT @Gwadaa97_1: Devoir prendre le rer D la ce ptn de train mddrrrrrrr
RT @GwenMetalfly: #SNCF #RATP Octobre noir sur le RER C entre retards et suppressions de train  (via @20minutesparis)
RT @HabyMayers: J'allais demander a ma mere pour Waca rek le courant s'est coupe. Et je sais que quand ca se couper elle s'enerve donc je suis repartie oklm
RT @HeloiserHeloise: Prendre le rer D c'est un coups  devenir fou
RT @Hibaa_Djazairia: WAllah j'ai entendue du bruit dans ma chambre j'suis partie en courant .. J'ai laisse la lumire allume m'en fou
RT @IndieGift: Pour ceux qui ne seraient pas au courant, il y a un nouveau concours twitter spcial Halloween par ici  ! :)
RT @JaaChab: @stephanieessoh Flemme j'ai pris le train j'voulais aller vite.Meuf j'ai pass 2 H E U R E S en transport.En bus j'serais arrive plus vite
RT @JasonJournalist: Paris : Octobre noir sur le RER C entre retards et suppressions de train #france
RT @JustleaLd: Le "Je vend pas ma poudre" si t'es pas au courant que c'est une sorcire tu crois qu'elle parle de Coke WESH  #Paranormalechezguillaume
RT @King_Reez: a serait lourd si on pouvais se balader dans paris en courant partout comme les ni jas , quand on se tape on fait des jutsu toussa
RT @Kmi_1220: ahah ensuite il est repartit au bus et il a repris sa trottinette je lui ai demand si je pouvais en faire du coup il l'a prend #8
RT @LaCuenta_: J'aime pas courir derrire les bus
RT @Lalou_Minaj: @LauraZiehi: On baise ta go tes mm pas au courant frre cs a l'secret professionnel.
RT @LauraZiehi: On baise ta go tes mm pas au courant frre cs a l'secret professionnel.
RT @Lauraa_mrtn: @OceaneeeM a mooort et nous qui se barre en courant morte de rire l'aire de rien
RT @LauuraDrz: @Wondeer_Girl @bvstian J'en suis sre tu lui montre un couteau il part en courant voir sa mre mdr
RT @LeParisien_92: Un piton heurt par un bus: Un homme a t bless, hier, dans un accident de la circulation, Nanterre. Vers...
RT @LesWaysNdole: Douala | Encore un accident: Un bus taxi plonge dans un fleuve avec ses passagers via
RT @LilKriz_: -tho regarde si on remis le courant stp-lequel pre le courrant littraire du xvIII sicle-...,#BlagueDeL
RT @Lio_38: Au dpart de Juvisy, je vous emmne  Melun  bord du train ZOPO. #RERD
RT @Loup2LaClasse: ta daronne elle vend des air max dans le mtro  ta darone elle fait l'adhan dans le rer D
RT @Maaoui_: @SabrinaRlp j'espre aussi ! On se tient au courant t'faon
RT @MappyCity: Alerte : Des travaux interrompent la circulation des trains sur la ligne #RERC entre Brtigny et Etampes / Dourdan #BOF
RT @MappyCity: Bonne nouvelle ! Un trafic rgulier sur l'ensemble de la ligne #RERB #OK
RT @MappyCity: Des travaux dmodifient la circulation des trains sur la ligne #RERC l'axe Pontoise / Pont de Rungis #BOF
RT @MappyCity: Des travaux interrompent la circulation des trains sur la ligne #RERC entre Brtigny et Etampes / Dourdan #BOF
RT @MappyCity: Trafic impeccable sur toute la ligne #RERA #OK !
RT @MappyCity: Trafic impeccable sur toute la ligne #RERE #OK !
RT @Milro971: C'est un RER-cole ou bien? Acclre mon petit machiniste. On se traine #rera #qml
RT @MinimalEvaBee: @_BuffyMars ton article est poignant. Le coup du RER et du short avec le mec qui te FORCE  dire merci, mais merde quel abruti !!!!
RT @Mosedzn: Train en retard un jour, en avance l'autre jour... @RERD_SNCF un service en carton et des prix qui augmente chaque anne #shame
RT @NathouDs_: @Gaos_Blacks T'as taper une derniere chute putain de merde ! Mais calme on est tous passer par l quand on cour apres le RER
RT @News_1DFrance: Les Directioners seraient capable de risquer leur vie...  Alors oui certaines risque leur vie en courant derri...
RT @Nolwenn_Monpas: L'hypocrisie, un trait de caractre de plus en plus courant
RT @OnMaApplaudit: Le chauffeur du bus a ralenti par ce qu'une beurette traversait, je lui ai dis "azi passe c'est orange" on m'a applaudit, j'ai roul l'bus
RT @Papyfab: "@prototype2222: Ma j'ai trs mal au dos mouaaaa!Toujours la dernire au courant!  ai trouv ma vocation
RT @PerineV1D: @CRAZYM0F0SS oui je te tiens au courant j'espre que je vais pouvoir y aller..
RT @RERA_RATP: Aujourd'hui, Pascal vous informe de l'tat du trafic de la #RERA , bon trajet et bon mercredi #RATP
RT @RERB: 10:07, le trafic est ralenti sur la ligne (panne de signalisation) #RERB
RT @RERB: Fin d'incident, trafic normal sur l'ensemble du #RERB.
RT @RERB: Retour  un trafic rgulier sur l'ensemble de la ligne #RERB. Incident termin.
RT @RERE_SNCF: Infotrafic #RERE : +10/15mn sur l'axe Haussmann-Tournan > 19h (panne d'1 train entre Villiers et les Boullereaux,>
RT @RebTison: Le #Cloud d'IBM est aussi sur #Twitter ! Suivez @IBMCloudFr pour tre au courant des dernires nouveauts !
RT @ReseauBusSTRAV: 3 Novembre : du nouveau pour @Montgeron91 ! La ligne P se dveloppe : 1 bus  chaque train de 6h  22h30 !
RT @RispalYoann: Attention, perturbations sur le RER E branches Villiers et Tournan. Retards suite  une panne d'un train entre Villiers et Les Boullereaux.
RT @RyanOufDeLyon: @OLPromoGirl @leroymerlinfr @OL @laradickenmann merdouille pas au courant sinon on y serait all.
RT @ShanonMuller: @CamilleMeaudre Tkt quand je les aurai tous pouser tu sera la 1re au courant
RT @SofianeMkvl: Elle me rpond "Elle est parti faire des courses pour la fte" Et jlui rep "Ah tranquille y'a une fte et j'suis pas au courant" #11
RT @SonelAes: Nous avons reu des lettres qu'on doit couper le courant au nord . Donc l'tat pensent qu'ils sont peur de boko Haram seul ? Nous aussi.
RT @TANinfos: | CAILLASSAGE #Nantes La LIGNE 1 sera COUPE  partir de CROIX BONNEAU ds 19 h ce jour jusqu' demain matin...
RT @TGVTOURSPARIS: @DelarueJC @Willy_Colin Notre association est partante pour rejoindre une coodination des usagers des trains au quotidien (TER, RER et TGV)
RT @TMIParis: Vous cherchez un emploi  #Paris? Suivez-nous pour rester au courant de nos dernires offres :
RT @Tachou_230: @EnoolaaBzrdd tu vas faire quoi ? Jte tiens au courant ma mere elle va apler le mdecin la
RT @ThaisBdrn: Avec Sarah on tait pose il y a des gars ils viennent nous voir ils disent 'regardait derrire vous' je suis partit en courant
RT @TheJxcker: #SiDemainJeVoisUnClownJe ptdr arrtez de mentir vous allez tous partir en courant vous allez mme laisser votre pote en chien derrire toi
RT @TheiReptilian: Hey faut arreter la, jusqu'a meme ma mere elle est au courant pour les clown !
RT @ThiboAvcUnD: Je tiendrais ta mre au courant  #lrt
RT @TomekTR: #qml #RERE : [M.  jour] +10/20mn sur l'axe Haussmann-Tournan prolong jusqu' 20h (panne d'1 train)
RT @TomekTR: Ligne H : trafic interrompu Pontoise - Ermont Actes de malveillance ( jets de pierres )  St-ouen l'Aumone #rerc #ligneh #qml
RT @TomekTR: RER A : trafic ralenti jusqu' 20h00 retards jusqu' 20min Incident affectant la signalisation  Maisons Laffitte #qml #rera
RT @TwilitiLiti: Le #RERD d'avant tant en retard, j'ai pu l'avoir en courant un peu. Sauf, qu'il tait plein, alors je suis descendue. #FausseJoie #qml
RT @UnPxrisien: J'allume la lumire un seul fois je vois a j'allume pas une deuxime fois je barre en courant
RT @UneItalienne___: cpa nini ouela a dim alla ek ba sur le courant dere  Ptdr tai toi
RT @UneMeneuse: @joordaliss mdddr mais Laura el a vraimnt dis a sa mere et Ahmat et o courant que ls hypocrite snt natou et moi sa cst vrai.
RT @VR_Belfort: Trafic des bus #optymo perturb demain  #Belfort. pravis de grve de SUD et CGT. les prvisions de trafic sur
RT @Victime_RERB: @mourouvin @TUForg tait-ce indiqu que c'tait un train court sur les panneaux d'affichage ?
RT @YassineBaggary: Le chauffeur  ralentit parce qu'une beurette travers,j'lui est dit c'est orange t'peut passer. tt l'monde ma applaudit j'ai conduis le bus
RT @YionaRazmo: Rer D c'est trop chiant ces trains l, de 22h  01h on taient bloquer  Paris
RT @Yo_Steeven: Un Segpa dans le RER drague une fille- T'vas ou?-  la dfense et toi?,-  l'attaque mddr "Mme Le train t Mort De Rire"
RT @Zoile_XXI: @thvnx C'est pas trs courant le rabbitsitting au dernires nouvelles aha
RT @_Anaais: @MathildeVoinson ben oui c'est clair, mais bon peut tre que a se prvoit  la dernire minute et que la Fnac n'est encore pas au courant
RT @_Khalite: le chauffeur a ralentit parce qu'une beurette travers,j'lui ai dit c'est orange tu peut passer. tt l'monde m'a applaudi j'ai conduis le bus
RT @_L_L_Z_H_N_: @otrat_belgium Je crois rver la mais mdrrrr. Vous tes au courant que BELGIQUE VEUT DIRE BELGES. ALORS VENEZ PAS FAIRE CHIEZ AVEC VOS-
RT @_LauraOlvr: "@JqmPereira: J'ai pris 1 train 1 mtro 1 RER 5 bus." tout a pour faire les boutiques , des vraies filles w/ @odenwg
RT @_LesCitations:  Et nous avanons ainsi, comme des barques luttant contre le courant qui ne cesse de nous ramener vers notre pass.  Francis Fitzgerald
RT @_Suubliminal: @couissedepoulet mdrrrr toi aussi tu dis a a la dernire personne qui faut mettre au courant sur ca ... je vais devoir te tailler :/
RT @_propone: J'en ai vu des vendeuses "agressives" mais rarement comme chez @FranceLoisirs . J'tais  deux doigts de partir en courant :/
RT @_valouuuu: c'est trop marrant pcq avec bere on fait toujours nos truc solo du coup a fait un bordel mddr personne est au courant de rien sauf nous
RT @an_stone: Pas mal sur France 4 : American Black Out. Une cyber attaque plonge les USA dans une coupure de courant, c'est film faon REC, pas mal.
RT @annaelle170502: @hazzabruti Ta vido est magnifique et j'espre sincrement que tu gagneras. Tiens moi au courant pour le concours, d'accord?
RT @arnaud_thurudev: Je suggre  EDF d'embaucher des chasseurs, ils sauront traiter ces drones d'oisaux ;)
RT @augustunt: "Bros before Genius" est un clbre adage du courant flexiste, prononc pr la premire fois par Tommyflex le Juteux en critique au roi Stunt
RT @awkxins: dans le bus jme rappelle quand j'avais pleurer  la fin de l'anne dernire, j'coutais You & I et bim, jme suis effondre comme a
RT @aymrcb: le chauffeur a ralentit parce qu'une beurette travers,j'lui ai dit c'est orange tu peut passer. tt l'monde m'a applaudi j'ai conduis le bus
RT @benjisop: #RERB c'est trs lent ce soir. Dj 7' de retard pour IDUR81  Bagneux, au ralenti voire  l'arrt entre Fontaine-M. et Bagneux.
RT @blogdocs: RT @forumdesimages Notre webdoc #UnEtatDuMonde sera en ligne ds le 3 novembre... On vous tient au courant !
RT @claireticdc: @Jennie_Ruh On se tient au courant comme la dernire fois hein ? mdr
RT @cypcyp77: Petit matin sur le #rerc ! @RERC_SNCF #qml #IledeFrance #train #transilien
RT @dallxichx: #RajouteGayDansUnNomDeGroupe Les gens ils mettent tous "One Direction" oh mais les gars on est au courant bc on est les 1re  le dire mdrr
RT @deeper_faster: Avec @Elsadorable_ avant les concerts on va courir dans Vienne  4h du mat, on passe  ct du bus de la crew et on fait rire les vigiles
RT @ericinfrance: On est trs ralentis  l'approche du #tunnel32 #rerb
RT @fanny_pcr: #SiDemainJeVoisUnClownJe gueule tellement fort que se sera lui qui partira en courant
RT @forumdesimages Notre webdoc #UnEtatDuMonde sera en ligne ds le 3 novembre... On vous tient au courant !
RT @forumdesimages: Notre webdoc #UnEtatDuMonde sera en ligne ds le 3 novembre... On vous tient au courant !
RT @fratwoman: Bilan des courses pour EBRE09 ce matin : deux petites minutes de retard  Denfert tout comme au dpart de Massy #RERB #qml #traficrgulier
RT @galeRERAfr: #RERA :Trafic ralenti jusqu' 20h00 en raison d'un incident affectant la signalisation  Maisons Laffitte.
RT @guefine: Le train a pu se dpanner... Reprise progressive a priori. 1 #rera + 1 #lignel supprims. Y'a du monde #qml
RT @guefine: Panne de train a conflans fin d'Oise #qml #rera
RT @harryzair: Ma mre elle est toujours pas au courant que je vais au OTRAT mdr. Mon pre lui le sait
RT @heylours: Hey twitter, au cas o tu ne serais pas au courant, le pixel est mort. Si si, je t'assure !
RT @hichamgti: #SiDemainJeVoisUnClownJe lui insulte sa mere la pute.... non j'rigole j'pars en courant
RT @homieinparis: Le courant dla mer........
RT @igodmezselena: @pennvworth oe comme sur mon icon mais STP ESTEBANN jsais jsuis moche ok jsuis au courant donc pas besoin de me le repeter ce serait gentil
RT @infos140:  RER D Trafic interrompu entre Saint-Denis et Villiers-le-Bel aprs la dcouverte d'un corps prs des voies  Sarcelles. (@FBleu1071)
RT @infosreg: Un bus et deux fourgonnettes impliqus dans un accident
RT @isyara: le #rerE de 8h23  #bondy est supprim incident matriel (sur un train court qui devait tre long) trange ! #SNCF #qml
RT @jereemm92: Ta mre elle et partit o cassino pour dire bonjours au serveur aprs elle et resortit en courant endirait elle avait bola #TweetCommeRaouf
RT @leo_omej: Et genre a la dernire pice yavais un mec avec une trononneuse j'ai lcher Marie je l'ai laisser toute seule j'suis partie en courant
RT @louise_8936: Ma mre pense que mes copines sont de gentilles petites filles trs sages ... Faudrait peut-tre que la mette au courant ...
RT @ludivinedanet: Ptn tu te fais niquer quand y'a plus de courant dans le bt , tu te dis que rien marche sans lectricit et tu galre bien comme il faut
RT @mariebrsb: donc dj aucun des trois ne va mourir dans l'accident de bus ou alors ce sera plus tard ou j'sais pas mais sfvkgehfkcbkjhd ptn
RT @mourouvin: Merci le #rerb  Massy. On est sur le quai, le train est petit donc on doit avancer sur 50m et arriv  sa hauteur il repart. #noBrain #ratp
RT @oceaneemt: Steph elle est entrain de faire un complot avec ma mre j'aime pas  jsuis pas au courant
RT @pimpomi: @SwaggyMinnie @kaldu57, personne n'a pu voir si @Justine_FTNRJ12, on ne sera au courant que demain #FriendsTrip
RT @potterhemily: @TomRiddleFr *hoche doucement la tte en le regardant partir* Je vais essayer. Au revoir Tom. *relve sa baguette puis repart en courant*
RT @prieur_hugo: @Yuulie_D je suis pas trop au courant mais je crois que c'est un gars qui a reu une balle
RT @remyngol: Le 20 heures de la #RTNC,rien n'est dit sur la situation au Burkinafaso.Officiellement donc, les congolais ne sont pas au courant... Rires!
RT @supplicium: clment au lieu d'couter ta musique dans le bus quand t'tais en 3e t'aurais mieux fais d'couter mes blagues #dommage #rires #perdus
RT @uber_pangolin: #RERA en raison d'une panne de train  conflans, trains omnibus jusqu' cergy. Prvoir 10  20 min de retard
RT @uber_pangolin: #RERA train en panne a conflans. Trafic fortement perturb
RT @unpetiteffort: Le #RERA a circul sans encombre aujourd'hui. Aucun colis suspect ni accident grave de voyageur ni panne de signalisation...,#ChatsEcrass
RT @veltiennebn: Salut :) Au cas o vous ne soyez pas au courant je serais  la paris games week samedi.tchao !,#ParisGamesWeek
RT @vincegastellier: Train court ce soir et 30 degrs dans le wagon pas assis. Le rerb invente la triple peine ! #rerb
RT @wildhvna: Si vous seriez au courant de certaines choses y en aurait qui verrait certaines personnes d'une autre faon :))))))
RT @yanouskovic: Avec #RATP,on peut te faire descendre d'un train pour monter dans un autre pour en redescendre pour monter dans un 3e. Ca c'est gr. #RERA
RT @yepsmalik: @boobsofniall AWWWWW OUI JE SHIP A 7465876877348 POURCENTS, oui omg a serait perf j'tais mme pas au courant qu'ils en faisaient  tlse
Rene Bourque le courageux qui sacre, Lars Eller le courant dair qui fuit
Rer D c'est trop chiant ces trains l, de 22h  01h on taient bloquer  Paris
Retour  un trafic rgulier sur l'ensemble de la ligne #RERB Incident termin #OK
Retour  un trafic rgulier sur l'ensemble de la ligne #RERB. Incident termin.
Salut ! Premier tweet historique du compte notetasocit :) Le site sera bientt dispo, on vous tient au courant :D #nts #comingsoon
Salut :) Au cas o vous ne soyez pas au courant je serais  la paris games week samedi.tchao !,#ParisGamesWeek
Samsung devrait lancer sa gamme Galaxy A courant novembre: Les Galaxy A ne sont-ils donc pas une chimre ? Sel...
Se faire traite de salope et se prendre un doigt d'honneur en plus d'un coup de pied en sortant du RER a c'est fait....
Si je vais a Bikok maintenant je suis sr que personne serait au courant de ce qui se passe au burkina.
Si quelque peut me tenir au courant du match BasiC vs Insayed sa serait cool
Si vous seriez au courant de certaines choses y en aurait qui verrait certaines personnes d'une autre faon :))))))
Steph elle est entrain de faire un complot avec ma mre j'aime pas  jsuis pas au courant
T'es pas au courant du dernire dcret de loi du gouvernement : "Si une fille fait le bonhomme avec un gars, il peut la tapper comme tel"
T'es passer de l'ombre et t'as trouver la lumire mais enfaite c'est EDF ils ont couper llectricit #ProverbeChinois
Tout le temps je loupe mon bus j'en ai marre putain a me vnre
Trafic des bus #optymo perturb demain  #Belfort. pravis de grve de SUD et CGT. les prvisions de trafic sur
Trafic divis par + de 2 durant les travaux du #RERD, pourquoi #transilien #sncf n'est pas capable d'assurer le peu prvu ?!? #inadmissible
Trafic fortement perturb sur la ligne de #rera  18:20 le 30/10 #fedlate en savoir plus sur
Trafic fortement perturb sur la ligne de #rerb  10:40 le 30/10 #fedlate en savoir plus sur
Trafic fortement perturb sur la ligne de #rerb  11:20 le 30/10 #fedlate en savoir plus sur
Trafic impeccable sur toute la ligne #RERA #OK !
Trafic impeccable sur toute la ligne #RERE #OK !
Trafic perturb suite  une panne de signalisation  st Rmy.,Merci pour l'info @RERB
Trafic perturb sur la ligne de #rera  10:00 le 30/10 #fedlate en savoir plus sur
Trafic perturb sur la ligne de #rera  19:20 le 30/10 #fedlate en savoir plus sur
Train court ce soir et 30 degrs dans le wagon pas assis. Le rerb invente la triple peine ! #rerb
Train en retard un jour, en avance l'autre jour... @RERD_SNCF un service en carton et des prix qui augmente chaque anne #shame
Train vide!! Trop de places, trop de choix. #RER A
Ts la lumire jss le courant Je fourni cst toi qui vend
Un bus et deux fourgonnettes impliqus dans un accident
Un jour , j'avais terminer les cours j'attend le RER et je vois je croise ma shab elle et voil , et pre on n'a fais le trajet ensemble
Un piton heurt par un bus: Un homme a t bless, hier, dans un accident de la circulation, Nanterre. Vers...
Une fois un gars m'a dit "tu fais du volley donc t'es une voleuse" jsuis partie en courant jsavais pas si il fallait rire ou se moquer..
Voil j'essaie de la cagoule charpe Marie Jean Louis j'espre que a t'aidera tient moi au courant.
Voila tes cousines rek elles sont au courant de toute ta vie a distance a 8000km elle peuvent crammer avec qui tu text.
Vous cherchez un emploi  #Paris? Suivez-nous pour rester au courant de nos dernires offres :
Vous tes pas au courant si Daniel Sharman a sign pour la dernire saison de tw ?!?? omg mon amr
WAllah j'ai entendue du bruit dans ma chambre j'suis partie en courant .. J'ai laisse la lumire allume m'en fou
WE! Via couloirs RER/mtro. Similitude avec #Templiers : ralentissement, virage, acclration, pardon, merci, et 1 fois par an c'est assez !
Y'a gars devant chez moi il voulait gaz des gens en courant, avec le vent c revenue vers lui mddddr
[#JOB] #Accenture Dublin recrute un(e) franais(e) + anglais courant pour intgrer une team Media pour un projet IT Marketing. + d'infos PM.
[20 Min CH] Lausanne: Collision entre un bus des TL et une voiture: Un accident s'est produit ce ...  #Actualits
a partir de maintenant j'dis plus rien  personne sur ma vie sentimentale zehma y'a que ma soeur qui seras au courant basta
a serait cool de me mettre au courant
ahah ensuite il est repartit au bus et il a repris sa trottinette je lui ai demand si je pouvais en faire du coup il l'a prend #8
clment au lieu d'couter ta musique dans le bus quand t'tais en 3e t'aurais mieux fais d'couter mes blagues #dommage #rires #perdus
cpa nini ouela a dim alla ek ba sur le courant dere  Ptdr tai toi
dbut novembre jvous lche la cover d'mon prochain remix qui sera dispo courant novembre
donc dj aucun des trois ne va mourir dans l'accident de bus ou alors ce sera plus tard ou j'sais pas mais sfvkgehfkcbkjhd ptn
heu mais t'es au courant que l'eye liner c'est pas du fard a paupire........... ?
ils ont vu un clown dans le rer c a egly cmt demain jprend pas le train en plus jhabite au terminuse dnc a partir de ses gare la c vide
j'ai jur, maintenant tu seras au courant de tous et n'importe quoi seulement par l'intermdiaire des autres. j'veux plus rien te dire
j'considre tout comme tant un courant d'air; y'a qu'les vieux arbres qui ne bougent pas.
j'leurs ouvrent la porte et quand i mon vu sortir la barre en fer, i se sont barrer tout courant
jcrois que ma mre est au courant que j'ai peur des araignes vu comment j'ai cri
je recommence  tre malade et je suis sre que c'est  cause des courant d'air du mtro
le #rerE de 8h23  #bondy est supprim incident matriel (sur un train court qui devait tre long) trange ! #SNCF #qml
le courant a eu normment de mal a passer entre elle et moi, a a t difficile d'entretenir une relation beau fils/belle mre
les transport toujours et encor en meme temps c'est une mission d'aller chez mere 2 bus 1 train 2 metros oh calme #banlieuEst->#banlieuSud
ma mre elle a menac de couper le courant....pourquoi
ma mre elle vend la maison, sa fait un an qu'elle est en vente j'tais mme pas au courant
miley elle a fait un red carpet jetais pas au courant elle me dit pas
mme dans mes rves Laura elle est la premire au courant :(
oh merde ma soeur vient de se casser en courant de la maison mon pre la poursuit dans la rue je sais pas ce qui se passe
si demain jvois un clown m'en blc jme casse en courant avec mon balais de sorcire ptdr
si tu savais, mon pauvre @Winner75016, tu partirais en courant! En attendant, tu me fais bien rire! @KillYourMama
tante m'appelle pour me dire de descendre  l'arrt du bus pour rcuprer la tlcommande elle a embarqu sans faire exprs les noirs....
tu tait au courant que les rgions de pokmon reprs...  Oui oui, Kanto, Johto, Hoenn et Sinnoh reprsentent (...
ya 1h j courais comme un chien derrire le bus, l j suis pos j vais rentrer chez le chef ! Le temps passe..
| CAILLASSAGE #Nantes La LIGNE 1 sera COUPE  partir de CROIX BONNEAU ds 19 h ce jour jusqu' demain matin...
