" Pourquoi t'allumes pas tes feux comme les autres ? ". Attention rponse de mon pre : " le courant y cote cher "
"Hey la miss!",Hey ta gueule. Tu me vois courir vers le RER. Tu crois que je vais m'arrter pour ta pomme?
"Prsident Snow ? On a plus du tout de courant, les rebelles se sont pris pour des Ents, ils ont fait pter le barrage et noy l'Isengard !"
"Rponse a : je passe en courant"  j'arrterai jamais d'rire
"je ne veux pas bouger si je ne suis pas sre qu'Augustin est au courant. Pas mon mari, Augustin.",Augustin, le jardinier de l'EHPAD. #ok
#Cool ! Trafic rtabli sur la ligne #RERD #OK
#JeSuisDuGenre  partir de chez moi puis revenir en courant, pour vrifier si j'ai teint les lumires et dbrancher mon lisseur.
#Perturbation #RERD Fin des ralentissements estime  20h00. #TraficNormal sur les autres lignes #RER.
#Perturbations #RERD, le train AOLU en gare de GARGES-SARCELLES, et  destination de PARIS-NORD est #Retard
#Perturbations #RERD, le train EOPA en gare de CRETEIL-POMPADOUR, et  destination de SAINT-DENIS est #Retard
#RERA De nouveau ralenti : cette fois-ci d'une panne de signalisation,
#RERA ralenti : malaise voyageur
#VeloExtra combien de temps peut se permettre de perdre Contador sur la ligne d arriv pour tre sur de pouvoir rcuprer le maillot rose
#alcegeprdl Le top5 de la #cohorte2013 1/5 shoutout aux lgers exams de courant! #enluminures
#rendezlespetitssinges J'avais prvu d'y aller courant juin..J'espre de tout coeur ne pas voir des cages vides .POURVU QU'ON LES RETROUVE
'J'ai fais un penta j'suis mme pas au courant' @HeyImNono n'a pas la lumire  tout les tages (cette jk de merde omfg)
,#Chine: 35 personnes sont mortes dans un accident de bus  Shaanxi. 200 000 personnes meurent sur les routes chaque anne en Chine (OMS)
00:44, le trafic est ralenti de Torcy vers St-Germain-en-L. (divers incidents) #RATP #RERA
05:26, le trafic est ralenti entre Bourg-la-Reine et Robinson (panne de signalisation) #RERB
12:08, le trafic est ralenti de Gare du Nord vers St-Remy / Robinson (panne lectrique) #RERB
12:08, le trafic est ralenti de Gare du Nord vers St-Remy / Robinson (panne lectrique) #RERB via @RERB
12:33, le trafic est ralenti sur la ligne (malaise voyageur) #RATP #RERA
12:33, le trafic est ralenti sur la ligne (malaise voyageur) #RATP #RERA via @RERA_RATP
14:27, le trafic est ralenti sur la ligne (panne de signalisation) #RATP #RERA
14:27, le trafic est ralenti sur la ligne (panne de signalisation) #RATP #RERA via @RERA_RATP
15:15 , Le trafic est ralenti jusqu' 17h30 environ. # RATP #RERA
15:15 , Le trafic est ralenti jusqu' 17h30 environ. # RATP #RERA via @RERA_RATP
1re nouvelle. Quelqu'un est au courant ? Mme le courrier n'en parle pas. @49Cisco @passionsco49 @Thescoismagic
@5sxcsofmuke oui  jss pas sre que tt le monde est au courant...
@A_Mtr_ MDRRRR DJ TU M'AURAIT RIEN DIT YA BIEN 20 PERSONNES QUI SERAIENT PAS AU COURANT
@A_wayFWI jette a sur le RER C.... Ah non merde PANI FUCKING TRAINS
@Aly_ThePrynce Palace il tait pas au courant qu'il fallait laisser Liverpool gagner pour la dernire de Gerrard ROLALALALA !
@Antigone_Red Du coup je peux te tenir au courant le jour-mme ? #tlc
@AureliaHrv t'es au courant que les menus sont pas deja pret et que jveux pas manger des steaks congels?,Au fait comment va ton beau frre?
@Azy_Master @Volstnqnt t'es au courant que c'est sa mre qui a dit a ?
@Beautiful_Law Oulala ma pauvre ! Tiens nous au courant ! J'espre que c'est pas la gale :/
@BerengereWonder Ce serait vraiment cool  Je ne manquerais pas de tenir au courant !!! Hiiiiii
@BestVine_FR @MerylCaiada ptdr nan mais zink a me fait trop rire imagine tu te barres en courant comme a
@Carolinabricot Tu me tiens au courant hein, j'espre que a ira !
@CharliRose3 si a arrive 1 jour, tu seras la 1re au courant
@Clogalt3au j'reste sereine parce-que je sais qu'elle passera pas la poutre... Sinon j'me serai deja enfuie en courant
@CyrilouSan pour les causes je voulais dire qu'il peut y avoir un incident retardant le traffic en amont @LaCybele @RERC_SNCF @RERD_SNCF
@Debo_Rat ok on y sera plus tard nous!! On se tient au courant
@Denitsa_Rayane @BensettIkonomov et sont au courant, ils ne seraient plus crdibles en disant non et en ne parlant que d'amiti ^^
@DoussaudNoelie oh ce serait super !! Attend j'en vend peut tre une mais je le serais que dans 2 jours je te tiens au courant !
@Ecila_b @TSwiftFranceFan Je sais pas elle etait peut tre pas au courant ou alors elle a chang d'avis  la dernire minute idk
@Emmabourdel04 mes parents n'taient pas au courant que j'allais  Paris et ya une de mes "mrv" qui a appeler ma mre et elle lui a dis..
@FVarletS Honntement je suis pas encore au courant de tout on va tout nous dire je te redirai ;D
@GRADIDUR @antoine_vdn courant septembre a veut dire janvier les frres mdr
@GaetanLemaistre j'ai commenc oui mais ma mere est pas au courant mdddr
@GeeksandCom Tenez moi au courant de la suite dans quelques jours / semaines concernant les retours. En tout cas moi je prfre a.
@GeoffreyDorne Haha, ma fiance est infirmire. Bizarrement elle n'est pas partie en courant que je lui ai dit que j'tais designer. ;)
@Gillowel hey Gillo sa va ?? Dit tu me tiendra au courant quand tu sera pass voir ma vid bien sr quand taura le temps :)
@Grierrapee depuis qd le lyce font des repas de Nol ? Je suis pas au courant moi mdrrr
@Gryve14123 Moi j'vois ca comme du focus : en courant j'ai fait exprs d'aller vers d'autres joueurs, t'es pass  ct d'eux ...
@HarebourgInd @Remi_Yep Chanceux dans le sens o il y aura pas de courant dair dans les pattes cet hiver oui
@Hayem_Slimani j'espre a ira mieux tu me tiendras au courant
@Haykira_ Du coup j'vais crire toutes mes rpliques et les anim' elles sont pas au courant elle vont pter un cble
@JainaGeek Merci beaucoup, je te tiens au courant lorsque je les aurai reu :)
@Joris_Jgu Mdrrrrr j'en peux plus, j'espre que je l'ai pas oubli dans le bus pour rentrer de la compte ou autre inshallah :'(
@JulienTellouck Ils doivent vraiment tre dsesprer pour prendre une dcision  contre-courant de ce qui a t leur politique pendant...
@Juliette_Dau @YannMerkado Et sinon comment t'as t la 1re au courant toi ma cochonne? ;-)
@Kamidh Dans lattente de la mme Montre, pour courant juin galement, jespre que la date va saffiner prochainement
@KarakoElisabeth : tiens moi au courant! Je ferai le dplacement pour les photos!!!
@LaCybele oui pour cela faudrait connatre les causes et savoir si des trains supplmentaires taient prvus @RERC_SNCF @RERD_SNCF
@LauGrn Voui tu sera une des premires au courant de toute faon ! <3
@LaughingJack821 *te tiens la mains pour t'viter toute chute, courant aussi vite, le monstre courant  nouveau vers nous* REVENEZ!!!!
@LouiseChpp kes ,Mais ma mre n'est pas au courant mdr
@LounaTheFox En fait*tout en courant*J'aimerais aller  notre endroit prfr,l ou Levenloze et moi avons passer la premire nuit depuis...
@MPdrno C'est bientot, tenez moi au courant de l'endroit o vous serez. Si il a pas trop de travail je motiverais Antoine pour venir
@Margot_GT je finis le taff  20h30 on se retrouve vers 21h  commerce. D'acc tiens moi au courant :)
@MarionBIIy @EmmanuelleL9 Dommage. Tenez-nous au courant le jour o vous ferez le test, histoire qu'on envoie une quipe ! ^^ #Science
@MasterSnakou @LeBledArt1 @MrPanormal Anas, ton frre, il est au courant qu'il a une loutre sur la tte?
@Mer_Oubliee d'accord, tiens moi au courant
@MetairieJacques @cacahew @chrisdel444 @Nanette_Rebell On tait au courant mais on a tout de mme vot hollande pour le personnage. (Rire)
@MsieurF @JaguarundiProd et l'assoc ne serait pas au courant ? vous n'tes pas crdible une seule seconde, pauvre troll que vous tes...
@Nicki__Chyna tu seras la 1er o courant
@Ninidreezy Mdddr Tyer pas un bon pote aparament hein sinon tu serais au courant
@Noob_la_serie @jbxrda @PetuliaRda Bravo  vous! (Excusez-moi j'tais pas au courant de a D':) Mais j'suis contente! :D
@PEdouard85 c est tjrs comme a Tkt pas dans 1h tu va apprendre que y a un truc de prvu et tu sera pas au courant :)
@Poliamroid_ allez pas de soucis on se fera a. On se tient au courant
@PowA_Tequilaz referais vous un mods avec la tram powa comme attaque du train ou autre chose
@PtdArcole @Luciole757828 comme Marie-Antoinette elle perd la tte Je n'tais pas au courant, quand le peuple se soulvera!! dixit le BPR
@RERA_RATP les statuts automatiques, #caylemal : y'a encore du trafic  cette heure ?
@RERB : manque de propret dans les trains ce weekend encore !
@RERC_SNCF bonjour,  quand le rtablissement complet du trafic sur la ligne ?
@RERC_SNCF la porte ne se fermait pas completement, je l'ai juste ferme  la main en passant, rien ne bloquait, le train a pu repartir 2/2
@RERC_SNCF y'a un traffic normal entre Savigny et BFM ? le site bug.
@RomsRoyce kestu pense de "Salut dsl mais TN pre c pas un lectricien psq le courant passe bien entre ns" ???
@RostatAlberto @regis_alenda @lhomosapiens2 transparent et l'enfant est assez vite mis au courant. Pour qu'il n'y ait pas de tabou.
@SNCF a sert  quoi d'avoir des prises en 1re classe si t'as pas le courant dedans ? #fail #train #useless #depensedelargentpourrien
@ShanelLBabyDoll tu seras la 1ere au courant
@Sheyraiko de nos jours Alalala certaine personne prfre partir en courant tu sais ! ^^
@ShokoTeam Alors n'hsitez pas  nous follow et tout ! Comme a vous serez mis au courant !
@ShutTheDooor J'espre ouiiii ! Je te tiens au courant si jamais !
@SimoneRovera @matfaure Il se termine en Juin 2017 dc  rengocier courant de la saison prochaine. Tu crois en lui ?
@SkanderCsl tous les 1ers  tre au courant 2/2
@Skridrauhl J'aurais aim voir un saison entire ou Arthur est au courant pour les pouvoirs de Merlin
@SmileyTrains @elpitch Merci ! Bon pour aller sur la PC via le #RERC pour un train spcial
@Sofiiaa_dz a quel moment t'es calme stp juste prvient moi comme sa je serais au courant
@SonOfL1berty Tenez moi au courant  meme si ici il sera 2h du mat, ya quelques de maillots Parisien qui se baladent ici
@Spartitude D'o est partie, comme tout le monde le sait, le fameux courant rvolutionnaire durant l'poque des lumires ... !
@Subtaf c'est pas un truc super courant a la base. Et la version premire c'tait les nourrices, pas super progressiste
@Tamara_Putra ma mre m'a dit qu'elle te tiendra au courant et que ds qu'elle vient me voir elle t'emmnera si tu peux
@Thomas_Pcf "Marie je sais que Thomas dort mais c'tait juste pour rcuprer ses crampons il est au courant Tqt pas :)"
@UnTounns38_Y @RihabTns @RaptorEnI Soit ce soir,soit demain soit dans la semaine vous serez au courant
@Vanillova *te regarde  nouveau, impressionn et se lve en vitesse, courant vers la sortie et regarde les colonnes, grimpant dessus avec-
@VenteJB Ok tiens moi au courant peut tre que je l'achterais (J'ai bien dit Maybe) :)
@WipSh_ j'espere pas sur mon train, j'ai 5h de tgv, 1h de metro / RER pour rentrer
@XanthopoulosJ @allain_nicolas j'espre que vous apprcierez. Tenez moi au courant !
@Yann_GAUTIER @Biancalibs mre Thrsa du courant d'air
@Yoan_sd trop marre le jour o tu lui enverras des nudes je serais au courant
@YounessNgl et oui normal !! Tu seras l'un des premiers au courant si j'ai mon bac, comme a direct tu peux me les acheter
@YusaNii_ ma mre, mon pre est pas au courant, si mon pre viens  l'apprendre elle refuse toute responsabilit ^^
@_Guadeloupeenne sinon je serais au courant
@_Guadeloupeenne tqt mme pas que le jour ou tu va pecho je serai la premire au courant
@_Iyashi les caractres du bas... Ils peuvent pas crire en anglais courant?
@_Samy57_ @Lorys_9 un gars a attendu Lo derrire la porte il lui a mt une patate et il est parti en courant
@__Beatrix__ Une fois dans le RER j'coutais deux mecs parler... "Wesh, les meufs elles aiment pas les mecs en jogging l, viens chez moi-
@_hopejolt ha bon j tais mme pas au courant je suis dgoter :( est il y a un lien ?
@_mamady77 @FloraLeca_ mmmdr votre ville sans train rer ya que les grandes lignes qui passe chez vous
@_quadrifoglio tu me tien au courant! On se fera quelques games  l'occas
@alexprne @LebrunColyne dans 10 elle viendra nous voir en courant trop fire d'elle mdrr
@apollinerd @keninette @quidnoviPDC @MusicaduMN dans tous les cas tenez moi au courant pour l'heure, peut tre que je serais dispo.
@arianelefebvre Considrant que je ne suis plus dans la sphre militante du PQ, je n'tais pas au courant! ;) @Denissslamalice @TaniaLongpre
@arzy_dovahking Si Merlin etait un roi tout le monde serais au courant et il percerais plus facilement
@christiandupuy voie ferre, depuis ND de la Salette, en direction du Tram. Un petit coup d'lagage ne serait pas du luxe :) Bon week-end
@cxolkids booow a risque pas, sinon j'demandrai  ma mre de te tenir au courant tqt
@cypcyp77 @RERC_SNCF Si c'est pas les travaux c'est des trains supprims sans raison (2/2)
@deby225_perez Ah haaan et dnc j'suis pas au courant ?
@dmonniaux le lgislateur n'est pas un informaticien, sinon on serait au courant cc @pbeyssac
@dorkhstyles tu seras la premiere au courant
@dream_stylinson je les sais ( je suis "grante" ) mais c'tait pour tre sre que tu tait au courant des vrais projets :)
@drugxfstyles mais pourtant tu tais  moiti au courant, tu sais ce que reprsente Cora pour moi, donc a parat un peu vident..
@edmelissa_ t'es pas au courant des dernires
@fdpniall De rien, j'espre que tu vas en aimer un peu mdddddr, tiens moi au courant :)
@feelsofkian mes parents taient pas au courant que j'allais sur Paris puis une de mes "mrv" a appeler ma mre pour lui dire..
@fortuneo Bonjour, l'encours de 5000 pour l'ouverture d'un compte + obtention d'une CB peut-il tre transfrer sur le compte courant ?
@freddevaux il essaye pas de mettre un pain AMHA. Je trouve les images assez claires. Sinon il se serait rapproch en courant, main haute
@hannarpgrtc -il se retourna brusquemment en entendant ton rire, courant jusqu'a toi pour venir attraper tes jambes et te faire_
@harrystylesmdp ptn ndiehghe mais moi je serai partie en courant mdr
@horanvsmile pck partout y'avais des trc avec ecris paris et genre a la gare y'a un train ki allait vers paris et oci y'avait un bus comment
@iClemB @leoxymoron pour a que j'ai jamais os, en + du fait que je veux pas que ma mre puisse tre au courant.
@ichthyophobe Aaah.... Bah je sais pas o je serai pendant cette priode je te tiendrai au courant ! Bc mi Aot y'a les ftes de Dax
@ilhem_h No prob :) admire la capture d'cran retouche sur Paint, je suis tellement au courant des dernires technologies \o/
@inkspayne un truc du genre : les effets d'tre ami avec moi seront que tu seras au courant de ce qui ce passe dans des sries dont tu
@jadamih J' ai appel un service interne. Si a a pu acclrer la procdure tant mieux. Vous me tenez au courant. Lisa
@jhenezus mdr personne n'est au courant jss sur y'a que sa mre ki la matter.mais elle a dj pas quitter disney???
@jmenblk tu n'es pas bien au courant, les nudes c'est moi qui les reoit
@joesngg ce serait dingue!! tu me tiendras au courant!
@josse_charlotte Dans le langage courant, le mot "mec" n'est pas adquate ici. Je pense que "FDP" sera plus explicite.
@juliconoclaste Nice ! Bon quand a sera un peu plus visible, je veux bien tre tenu au courant (comme a parle caf ;-) ).
@jwoitt @RERC_SNCF #RAV #RVB en cours  JUVISY : voie 7 sera toute neuve dans 28 heures !
@lylaslay Tu serais partie en courant mdr
@maevaglln @CloeBt mais les gars comment vous galerez! Wallah si j'habitais saint rom je serais venu en courant la vien
@melouille mdrrrrrr je viens d'avoir un fou rire sur le "je vais partir en courant"
@noemie_prevost les miracles arrivent  t'as intrt  grer de ton ct aussi on se tient au courant
@prisca_mp Mais Pire ! Je vois sa avec ma mre et je te tien au courant ;)
@puissance12v tu seras une des premires au courant tqt mme pas
@reda_bryant ah bien bien mon sheguey tu nous tiendra au courant
@rerb #rerb peux tu crer une application pour savoir o sont les trains qui grattent? #sante #pollution #RERB
@runnindoum merci  toi :) On a deux autres 100 Km cette anne, je pense que a se fera sur l'un d'eux ;) On se tient au courant.
@seigneursith1 prend le RER D fais comme les vrai parigo sort la voiture que le week-end en semaine train
@sharkvio bien sr tu vas prtendre n'y tre pour rien et ne pas tre au courant de la pub que je reois . Merci e1
@sncf vous tes chiant  supprim le rer c,on attend longtemps pour un train bomb! Ma maman elle va me cri dessus pck jui pas  l'h aprs
@tony_2b on se tiendra au courant, j'ai des chances d'tre a Nice donc au pire on les fera ensemble !
@wdrshad_ RER B direction Charles de Gaule, faudrait vrifier s'il fait ttes les stations prck des fois c'est un train direct
@wonderlIoyd oui je l'ai vu entre temps, tient toi au courant des dernires news un peu c fou a -"""" tu l'as fait toi??
@zieta_n et la blague c'tait courant,le courant d'une rivire,donc on le remonte a contre-courant quoi
A contre-courant. Le matin il y a ceux qui marchent vers le Palais pour un film et les feignasses qui
Accident de la circulation  Yverdon: issue fatale - Vendredi 15 mai, vers 9h, un bus des transports publics a ren...
Accident de la circulation  Yverdon: issue fatale: Vendredi 15 mai, vers 9h, un bus des transports publics a ...
Ah enft mon beau-frre il est pas au courant du sexe du bb il veut pas savoir
Ah ouaaaais j'me rappel l'anne dernire quand le staff marseillais avais frapper les sup lillois Mdrrr les mecs taient parti en courant
Attention ! Le trafic est ralenti au niveau de la ligne #RERA #BOF
Aujourd'hui fail monumental des transports en commun. D'habitude,  peine arrive  l'arrt, un bus se prcipite pour me rcuprer.
Avec les metros les RER les bus le train et tout dans Paris j'ai russi  aller  TF1 sans pb j'tais fier mdr
Avec ma mre tout le monde est au courant
Avec mon demi frre on n'a vu un chauve on l'a regard et on a cri chauve qui peut en courant comme des mongoles
BRF APRES ILS REVIENNENT ET UN SOIR LEUR FILLE ARRIVE EN COURANT VERS LOUIS EN DISANT QU'HARRY EST PAR TERRE ET QU'IL PLEURE
Bah hier soir au final je suis pas all chez Many, car enfin d'apres midi j'ai loup le bus qui dit loup le bus, loup le TER  Etampes :/
Bienvenue sur le compte #nouveau Twitter de C-A-Lire ;-) ! #Partagez et #Follow pour vous tenir au courant des dernires actualits !
Bon bah ca y est ma mere est au courant mdr
Bon bah ma mre est au courant  cest pas plus mal
Bonjour, Jacques est avec vous pour vous alerter de l'tat du trafic du #RERA. Bonne journe #RATP
Bonjour, ici, Pat de la #RATP vous informe en temps rel sur l'tat du trafic du #RERA.
Booba, Chris Brown, Gradur, Tyga, Niska... : "mon mari" laisse moi rire  ils sont mme pas au courant de votre existance ! Faut arrter.
C'est cool ma mre elle est au courant avant moi que je suis colle c'est une grosse blague ce prof
C'est juste que c'est un plan que je ne veux pas afficher ici ! Et tu sera la "seule" mise au courant avec ma famille !
C'est pas comme si on avait faillit avoir un accident dans le bus nan a va
C'midi j'ai bouff trop mal dans un resto en plein courant d'air srx sa tenait qu' moi j'serai partie sans payer
Cest ainsi que nous nous dbattons, comme des barques  contre courant, sans cesse repousss vers le pass.
Ceux qui ficha les gens, j'aimerai bien que vos mre soit au courant pour voir quel genre d'enfant elle a lev
Conformment  son plan de carrire, @BrunoJulliard rejoint le courant majoritaire au PS, le bourgeoiso-npotisme.
Courir derrire un bus qui n'est mme pas encore la, a fou le seum pour un samedi matin
Croire que je n'assumerais pas de sortir avec une fille c'est trs mal me connaitre aussi au passage.Vous serez les 1re au courant, jur :D
De savoir que ma grand mre est  l'hpital et que personne nous a tenu au courant, me fous les nerfs. Vive la famille.
De toute faon si je fais mon piercing au tton ma mre est pas sens tre au courant puisque j'aurais 18 ans et qu'il se verra pas...:3
Dj ceux qui courre derrire le bus votre vie c'est de la merde , alors ceux qui vnt a l'ecole le samedi et qui cour derrire le Bus ptdr
Donc ds @RERD_SNCF j'ai vu des agents se faire traiter par un vieux con alors que eux c'etait pas de leur faute.
Donc mon pre qui est cens tre avec ma belle-mre  envoyer un message  sa copine j'tais pas au courant qu'il en avait une normal -
Ds le bus je vois des couples devant, derrire, sur les cts..
Elle aurai vu m'a gueule en vrai elle serait partie en courant x)
Elle tait comme un courant d'air, tu passes tu disparat,,elle est tellement phmre, l'amour qu'on aura jamais
En mode personne ne sera au courant mais TOUT finit par se savoir tout le monde sais a k mme
En plus j'etais meme pas au courant sinon je serais partie avant
Encore une journe de merde. Je loupe mon rveil je loupe mon bus jvais devoir mytho pour pas que ma mre gueule
Est il au courant. Ce gros narcissique que je ne savais mme pas qu'il existait? Donc faut arrter de faire la vedette pd
Et comme par hasard y'a eu un accident donc le tram arrive pas jusqu' gb
Et quand je l'ai dis a mon pre il a dit qu'ils avaient parler de mettre Ma nice en interna et j'tais pas au courant
Euh mon chri n'est pas au courant que je suis alle faire les magasins et donc revenue avec des chaussures... il va rler
Fait des recherches. Pour les lemons sans amour vous serez tonn d'apprendre que le sexe pour le sexe est courant dans la vraie vie.
Fin de l'incident sur la ligne #RERC #OK Retour  un trafic rgulier
G pris le train tlr Jme suis dit Jsui N Fdp p prendre les rer mi putinn
Galre cette neige, Plus de tv et de radio, heureusement ya internet pour le live de #FunRadio (jusqu la prochaine coupure de courant ^^')
Genre on est dans le couloir de Morgane et elle hurle y'a le bus! Du coup je cours ouvre la 1re porte, on est sur le parking#1
Gnial ! Le trafic reprend normalement sur la ligne #RERA #OK Incident termin !
Grenoble si ils savaient jouer on serait au courant #FCGST
Hydrus est au courant pour Godrizar? Helena elle va ken son pre a va encore tre la dernire  tout savoir mdrrr
IMAGES TROUBLANTES AU KENTUCKY | Une jeune colire traine par son autobus scolaire
Il a perdu son grand pre depuis un mois et demi et il vient juste de l'apprendre parce que sa mre voulait pas le mettre au courant
Il s'est cru chez sa mre a couter de la musique sans couteur dans le bus lui
Il se passe juste un truc y'a tout Poitiers qui et au courant frre
Il y a que moi qui est au courant que la mre Michelle a pas perdu son chat mais plutt a virginit ? #Choque
Images troublantes au Kentucky  Traine par son autobus scolaire: Une jeune colire du Kentucky a t train...
Information Il faut 33 pas pour brler 1 calorie en marchant, et seulement 15 en courant  Mes calculs quand je m'ennuie mdr
J'AI FAIT LE TIGRE  MA GRAND MRE, ELLE EST PARTIE EN COURANT ET EN CRIANT, JPP
J'ai bien envie de voir la tte de mon beau pre demain quand il verra la table Kro.. Parce qu'il est pas au courant de la petite histoire !
J'ai des voisins c des connards ils sortent pas a ma mre acheter un truc comme a quand votre chien aboie a lui lance du courant
J'ai dit  ma mre que y'avais pas de bus pour 9h. A tout les coups elle vas me dire de venir  8h
J'ai loup le tram et le bus a cause de ma mere..
J'ai louper mon Tram l'a dernire fois ! Je suis une campagnarde moi je viens pas de la ville !
J'ai pris un snap, j'me suis barrer en courant et j'ai appeler mon frre
J'ai reu de ces asks je me suis demand comment les gens ont fait pour tre au courant de ca surtout que je suis pas en Martinique
J'aime trop quand y a des trucs de ouf et que je suis la premire au courant
J'avais fait un mot  ma mere faire style j'ai rater le bus et au final jvais en cours pour ma cousine en dtresse
J'cours pas aprs l'bus c'est pas derrire un gars j'vais courir
J'coutais pas ma mre quand elle disait que l'eau cote chre jusqu' ce que je le sente ce matin dans le bus ... Svp lavez vous les gens
J'espre qu'il y aura pas de courant d'air #lt
J'suis sortie en courant en chemise manches courtes car ma grand-mre est tombe..
Je demande juste a dormir un pti 30 minutes la c sur jvais m'endormir dans le rer jvais me rveille  la gare des trains
Je me lve m mre est dj prte  mais jsp si elle est au courant que moi il me faut minimum 1h00-1h15
Je n'irai pas sur les champs j'ai peur de louper mon rer
Je pense jprfre encore tre au courant 2 rien comme d'hab, pcq qd je suis au courant ca change 4-5 fois avant le jour mm sans le savoir
Je regarde quelque chose de peu courant : une barbire en train d'piler les ailes du nez et les pomettes d'un H avec de la cire chaude
Je suis au courant de ces histoires  la dernire minute comme la plupart du temps
Je vais me rere-re-couter Couleur Menthe  l'eau pour me calmer.
Je viens de descendre j'tais habill vite fait pas coiff pas maquill trop degeu quoi &y avait 1 ami  mon pre!! J'tait pas au courant!!
Je viens de trouver des barres de traction en courant  ct d'une rivire je suis refais l !!
Jean Fautrier est, avec Jean Dubuffet, le plus important reprsentant du courant de l'art informel (tachisme).Il est n le 16 mai 1898
Jss morte la mre a Arnaud elle l'a cram toute sa famille elle est deja au courant woops
Juste en courant aujourd'hui j'ai perdu 1.8 kg. Je suis trop fire de moi. C'est pas un truc de OUF , mais quand mme!
Kentucky: traine par son autobus scolaire: Une jeune colire du Kentucky a t trane par son autobus scola...
L'infotrafic RER C : Fin de lincident. Reprise progressive du trafic 18:28 #rerC
L'infotrafic RER C : Fin de lincident. Reprise progressive du trafic 8:00 #rerC
L'infotrafic RER D : Fin de lincident. Reprise progressive du trafic 20:00 #rerD
L.O.L. Sans trains, c'est tout de suite plus facile
La cousine de ma meuf "connait" mon grand frre et sait qu'il est incarcr mais non moi jsuis pas au courant
La dernire fois je chantait ma mre elle est venu en courant dans ma chambre , elle croyait qu'il m'tait arriver quelque chose.........
La gare de juvisy laisse tomber y a plus de rer c jusqu' paris heureusement j'ai plus cours
Le RER passe  27 j'ai cours a 30 :)))
Le chauffeur de bus il voit le train arriver au lieu de s'arrter devant la gare il va jusqu' son arrt pd va
Le coran vous forcez avec vos Tram Zayn Team ta mre aussi non y a pas de Team y a rien c'est pas une comptition oh #WeWantIWontMindZayn
Le match entre le Werder et Gladbach dmarrera  15:35 parce que le bus de Gladbach a t arrt dans un accident. #SVWBMG
Le mec qui n'a pas pris le RER D sud un jour de galre avec tous les trains marqus "supprim"  l'cran,il lui manque un truc dans sa life.
Le nom d'ami est courant, mais l'ami fidle est chose rare.
Le petit frre a Kristo il a dormi chez moi j'tais meme pas au courant
Le seul jour ou je m'aventure dans cette contre trange qui est le rer D, y'a un train toutes les 30 min
Le trafic du #RERA est ralenti sur la ligne suite  un malaise de voyageur #BOF
Le train il est vide depuis tout a l'heure. J'espre a sera pareil pour le bus
Le train qui s'arrte normal.. RER D quoi !
Les Marseillais avaient peur que ce qu'il s'est pass  l'aeroport l'anne dernire se reproduise du coup ils sont parti direct en bus
Les galets d'une rivire glissants +++ la mousse s'y dveloppe parce-que courant pas rapide mais  vouloir s'y dplacer rapidement #drapage
Les gens ne sont pas au courant mais j'ai un frre jumeau
Les gens qui respecte pas leur mre, je pense il son pas au courant que si leur mre n'taient pas la il existerait pas c guignol
Les plaisirs de ce monde sont phmres. Tout le monde est au courant de a, mais pourquoi ne cherchez vous pas le plaisir ternel ? JSUS !
Ma mre cherchait un pantalon clair donc la dame du magasin fait "ah clair!" et moi j'arrive en courant:"ouais?" Ptn c'est chiant des fois
Ma mre elle raconte des truc sur ma famille au gens j'tait mme pas au courant !
Ma mre est au courant du truc.
Ma soeur qui me fou un vent, qui me lche, mon pre qui me donne pas d'argent pour manger et l je loupe le bus...
Mais moi j'tais au courant de rien alors sans rire c'est pas trs grave si je viens pas hein. Je vous regarde depuis le buffet.
Mais, mme si illgal ce largage n'est pas "grave", d'aprs l'ancien pdg d'EDF. Il compare a  un accident de voiture qui fauche un passant
Marre d'tre toujours la dernire au courant
Mddr Haou t'attend a l'arrt de bus qu'on vienne te rcuprer toi
Mdr Je crois que si j'aurais un copain je serais au courant
Mdr mon frre est venu me dire qu'il partait l et je lui montre les rt de Thomas et il s'est barrer de la chambre en courant je hurle
Mdrrrrrrr bon j'ai pas de bus je suis alle me cacher en ville en attendant que ma mre parte comme a jv pas en cours
Merci @hagnere_laura pour cette aprem  je te tien au courant mais ce sera  14h mercredi sur ma chane
Mes parents sont au courant de ce qui c'est passer mercredi, et mon pre  trs bien vu que a n'allait pas je parle plus, je mange plus, -
Meteo du #RER (#ratp) : KO () 16/05/2015 a 01:25 Trafic normal sur l'ensemble ...
Meteo du #RER (#ratp) : KO () 16/05/2015 a 12:06 Trafic normal sur l'ensemble ...
Meteo du #RER (#ratp) : OK () 16/05/2015 a 01:09 Trafic normal sur l'ensemble ...
Meteo du #RER (#ratp) : OK () 16/05/2015 a 01:33 Trafic normal sur l'ensemble ...
Meteo du #RER (#ratp) : OK () 16/05/2015 a 06:30 Trafic normal sur l'ensemble ...
Meteo du #RER (#ratp) : OK () 16/05/2015 a 12:46 Trafic normal sur l'ensemble ...
Meteo du #RER (#ratp) : OK () 16/05/2015 a 17:09 Trafic normal sur l'ensemble ...
Meteo du #RER (#ratp) : OK () 16/05/2015 a 20:33 Trafic normal sur l'ensemble ...
Mon frre c'est le genre de mec qui loupe le dernier bus
Mon frre il regarde par la fentre et la je capt pas il par en courant dehors il revient avec 10 euros oklm ptn
Mon frre vient en France demain, j'tais mme pas au courant! J'ai du tre adopt, en pa konnet ayin
Mon pre en 7jours il a fait 70 km en courant..
Mon pre il me dit "pourquoi t'es rentre en courant hier t'es pas un peu zinzin toi" il sait pas ce que c'est lui de rentrer dans le noir
Mon pre m'envoie un mess "bon courage pour le ds de maths" il est tllmt pas au courant de ma vie que j'ai ni ds ajd et ni de maths bsx
Mon pre me dit de ne surtout pas louper le bus car il ne peut pas venir me chercher et.....je loupe le bus
Mon pre qui dit " bas  sa serras la premire lesbienne de la famille " mais mdr papa papa tu n'es pas au courant de tout
Mon train du @RERB s'appelle EPAU. Vu sa tronche ils auraient mieux fait de l'appeler EPAV.
N'hsitez pas  liker notre nouvelle page facebook pour vous tenir au courant de nos dernires actualites !
NN sah les gens qui se ?mettent en buvette avec du ros vous tes au courant vos mers c des pute
Nique ta mre la coupure de courant a la 5eme minute
Non non mais achevez moi la je prfre mourir que de vivre sans courant
Notre #actualite #Entreprise de la Semaine : le Compte Courant d'Associs : petite piqre de #rappel! ...
Oh y'a eu un Sal accident de tram
Ok donc mon pre il me dit "t'es au courant du kdo de ton frr pour ton anniversaire ?" l'effet de surprise ils connaissent pas chez moi
Ok stop, tout le monde  genoux, mon fils sait dire le mot ninja et il le crie en courant je suis le pre le plus heureux du monde.
On a pas trouv la valise, je vais devoir me trimballer un gros sac + mon sac de cours et tout dans le tram, a va tre la galre
On est courant qu'on passe le bac dans un mois faut arrter d'en parler partout , de mettre des pressions comme la
On tait  table, mon cousin a frapp son petit frre, il a jet un oeil et son pre et ses oncles... et il s'est barr en courant.
On vous tiendra au courant des dernires informations avec la Draft qui arrivera, le cas Paul Pierce et la free agency.
Oop Shaqiri crer nge courant dair deh
Opration Red bientt termin. Dernire tape dans le courant de la semaine
Ou un accident de moto voiture bus.
Oui et ? Vs avez quitt votre ville de bourges, pris le RER. Je vous chante la Marseillaise pr marquer le coup ?
Oussama il est reni de la famille, il est jamais au courant quand y a des repas en famille, enfin au dernier moment
PON A DU ARRTER LE MATCH BC Y'A UNE FILLE DE L'QUIPE ADVERSE ELLE AVAIT CES RGLES!  TOUTE LA SALLE A TAIT AU COURANT
Parce que Nick McCarthy , la Bavire, les fraises, Nick courant dans les champs... Le clip  voir avant de mourir.
Parce que a changerai, a serai pas toujours moi. Je lui ai promis qu'elle serai toujours la premire au courant si il se passe qqchose..
Pas de rer C, le rer D est juste complet... Des cons qui retiennent les portes pour rentrer,.. Et le train qui s'arrte plus a Grigny.. >.<
Petite mosque de qtier on coupe courant et vous mettez groupe pour la prire ?!? Si c'est pas provoc on appele a comment ?!!?
Pika et moi on a des problmes avec les oreilles, on aime pas les moches oreilles du coup on s'est analys les ntres dans le RER
Plus tard quand j'aurais des enfants j'irais espionner leur Twitter comme sa je serais au courant de tout
Poooo je vais manuvrer en 4me VSAV a la manuvre du bus accidente
Pour mon pre je suis en couple ptdrr j'aimerais que le gars se manifeste parce que je suis pas au courant
Premire lettre aux Thessaloniciens 5:15, La Bible en franais courant (FRC97) | The Bible App
Ptdr on peux bourrer un shinku derrire un dragon j'tait mme pas au courant que ce cheat cesse
Ptdrr n'empche c'tait bien drle parce que j'tais la dernire au courant de ce qu'il se passait
Putain je suis choquer ptdrr depuis le dbut de l'anne j'entraine le petit frre a Ketsia et j'tais mme pas au courant
Quand je me promne dans le @RERA_RATP avec la chaise abandonne dans la rue que j'ai rcupre .
Quand tu auras choisi tu me tiendra au courant mais il sera trop tard je pense
RER A, les bras chargs de bols japonais et d'umeshu / Paul lit le dernier Roland Dumas pendant que j'coute Solaar pleure #probabilitzro
RT @6_berivan: Il se passe juste un truc y'a tout Poitiers qui et au courant frre
RT @95_timon: Vous tes au courant c'est la galre
RT @AgatheGuilland: a fait un mois que tout le monde est au courant ma chre
RT @Aigles2Carthage: @SkanderCsl tous les 1ers  tre au courant 2/2
RT @Aigles2Carthage: @UnTounns38_Y @RihabTns @RaptorEnI Soit ce soir,soit demain soit dans la semaine vous serez au courant
RT @AnthonyChinal: Galre cette neige, Plus de tv et de radio, heureusement ya internet pour le live de #FunRadio (jusqu la prochaine coupure de courant ^^')
RT @Baptiste_Gosse: Si mes parents ils seraient au courant de tous mes bourbiers que jme suis taper sur paname, ptdr j'prendrai des cours a domicile
RT @CIaudeFrancois: RE JE SUIS LA, DSOL DU RETARD J'AVAIS UNE PETITE COUPURE DE COURANT
RT @CLARISSECELLE: @maevaglln @CloeBt mais les gars comment vous galerez! Wallah si j'habitais saint rom je serais venu en courant la vien
RT @CritiqueTout: Mdrrrrrr y'a Kanye et Kim K elle est mme pas au courant. Typiquement le genre de truc qui arriverait  ma mre.
RT @DelineB: @Grierrapee depuis qd le lyce font des repas de Nol ? Je suis pas au courant moi mdrrr
RT @DriikoAbj: Dj ceux qui courre derrire le bus votre vie c'est de la merde , alors ceux qui vnt a l'ecole le samedi et qui cour derrire le Bus ptdr
RT @EliseVDB1: Mon train du @RERB s'appelle EPAU. Vu sa tronche ils auraient mieux fait de l'appeler EPAV.
RT @Ellea_DSilva: Marre d'tre toujours la dernire au courant
RT @EvaBlazart: Le nom d'ami est courant, mais l'ami fidle est chose rare.
RT @FUTUREMAGfr: @MarionBIIy @EmmanuelleL9 Dommage. Tenez-nous au courant le jour o vous ferez le test, histoire qu'on envoie une quipe ! ^^ #Science
RT @FadsPSG: Mddr Haou t'attend a l'arrt de bus qu'on vienne te rcuprer toi
RT @FaireDuChiffre: @_mamady77 @FloraLeca_ mmmdr votre ville sans train rer ya que les grandes lignes qui passe chez vous
RT @Falkito: Ok stop, tout le monde  genoux, mon fils sait dire le mot ninja et il le crie en courant je suis le pre le plus heureux du monde.
RT @Favelas93_: Un STMG Drague une fille dans le RER-Slt beaut tu va o ?- La Dfense et toi?,- l'attaque Mskn le train la tacler dans la surface
RT @Festa_Trail: Bravo  Gg, 1er V3  franchir la ligne d'arrive de l' #HeraultTrail ! Chapeau  lui :) #FestaTrail2015
RT @Fvtim_GsmD: @deby225_perez Ah haaan et dnc j'suis pas au courant ?
RT @GlobalCompte:  RT si ,Quand la dame de la mto annonce de la neige, tu espres tellement que les bus ne passeront pas afin de ne pas aller en cours
RT @Ines_tbr: @_Guadeloupeenne sinon je serais au courant
RT @Ines_tbr: @_Guadeloupeenne tqt mme pas que le jour ou tu va pecho je serai la premire au courant
RT @Jacobxlaugh: @Emmabourdel04 mes parents n'taient pas au courant que j'allais  Paris et ya une de mes "mrv" qui a appeler ma mre et elle lui a dis..
RT @JuliienneN: J'coutais pas ma mre quand elle disait que l'eau cote chre jusqu' ce que je le sente ce matin dans le bus ... Svp lavez vous les gens
RT @LaParisienna: Le chauffeur de bus il voit le train arriver au lieu de s'arrter devant la gare il va jusqu' son arrt pd va
RT @LacazetteAlexis: @_Samy57_ @Lorys_9 un gars a attendu Lo derrire la porte il lui a mt une patate et il est parti en courant
RT @LePrenoms: Kenza c'est le prnom des meuf qui cour driere le bus mais elle le rate apres elle marche
RT @Letiicia_dos: Si quand on est dans la mer et que je vois ou qu'un poisson me touche je pars en courant m'en blc j'ai trop peur mddr
RT @LiloCabannes: @YounessNgl et oui normal !! Tu seras l'un des premiers au courant si j'ai mon bac, comme a direct tu peux me les acheter
RT @LvtMathilde: Parce que a changerai, a serai pas toujours moi. Je lui ai promis qu'elle serai toujours la premire au courant si il se passe qqchose..
RT @MaeevaB: Si j'vais  Koolanta c'est sre la bouff gros sujet d'embrouille, ta plus que moi je te vole ton bol et je pars en courant blc
RT @MaoForReal: Les plaisirs de ce monde sont phmres. Tout le monde est au courant de a, mais pourquoi ne cherchez vous pas le plaisir ternel ? JSUS !
RT @MappyCity: Fin de l'incident sur la ligne #RERC #OK Retour  un trafic rgulier
RT @MarcinLivio: Je n'irai pas sur les champs j'ai peur de louper mon rer
RT @Melisa_klnc: @Hayem_Slimani j'espre a ira mieux tu me tiendras au courant
RT @Mohito_Mat: Oh y'a eu un Sal accident de tram
RT @NutellaMomo: Meme si j'faisais des bails moi ya pas tout le bahu qui serais au courant que j'me fait tourner
RT @OnMaApplaudi: Le chauffeur du bus a ralenti par ce qu'une beurette traversait, je lui ai dis azi passe c'est orange, on m'a applaudit, j'ai roul l'bus
RT @PolHornet: J'ai couru  16h pour pas louper mon bus j'masseois  ct d'une meuf elle m'dit j'te prefre  ceux de mermoz meme si tu pus la sueur
RT @ProvocGame: Jai essay de vivre chaque minute comme si c'tait la dernire au bout de quatre heures  hurler en courant dans tous les sens je suis crev
RT @PsychoSyndrom: @Joakim_Rld Tu seras bien sur sanctionn, tes favs seront au courant de l'affaire. #julia #elodie #etc...
RT @QuentinL2ZER: @MargauxBchr1 Mdr tu me tiens au courant de si jamais tu reprends ;) Genre demain !
RT @RERA_RATP: 00:44, le trafic est ralenti de Torcy vers St-Germain-en-L. (divers incidents) #RATP #RERA
RT @RERA_RATP: 12:33, le trafic est ralenti sur la ligne (malaise voyageur) #RATP #RERA
RT @RERA_RATP: 14:27, le trafic est ralenti sur la ligne (panne de signalisation) #RATP #RERA
RT @RERA_RATP: 15:15 , Le trafic est ralenti jusqu' 17h30 environ. # RATP #RERA
RT @RERA_RATP: Bonjour, Jacques est avec vous pour vous alerter de l'tat du trafic du #RERA. Bonne journe #RATP
RT @RERA_RATP: Retour  un trafic rgulier sur l'ensemble de la ligne #RERA #RATP. Incident termin.
RT @RERB: 05:26, le trafic est ralenti entre Bourg-la-Reine et Robinson (panne de signalisation) #RERB
RT @RERB: 12:08, le trafic est ralenti de Gare du Nord vers St-Remy / Robinson (panne lectrique) #RERB
RT @RERB: Retour  un trafic rgulier sur l'ensemble du #RERB. Incident termin.
RT @RERC_SNCF:  L'infotrafic RER C : Fin de lincident. Reprise progressive du trafic 8:00 #rerC
RT @RERD_SNCF:  L'infotrafic RER D : Fin de lincident. Reprise progressive du trafic 20:00 #rerD
RT @RappelsFollow: "3 morts en une semaine" mes frres & soeurs par jours il y a des milliers de morts mais vous etes simplement pas au courant.
RT @RoroGameR13: Ah ouaaaais j'me rappel l'anne dernire quand le staff marseillais avais frapper les sup lillois Mdrrr les mecs taient parti en courant
RT @Sama_Games_MC: N'hsitez pas  liker notre nouvelle page facebook pour vous tenir au courant de nos dernires actualites !
RT @Sharon_kbk: Noon talheur avek INES on allez a la boulangerie arrivez a l'arrt du tram voit Mohamed courir vers mwa
RT @Sheena_Beth: @ongueneida il arrtait mon sac il a fait la force mais je fermais dj la portire donc je suis sortie en courant
RT @TeamBanane: Merci @hagnere_laura pour cette aprem  je te tien au courant mais ce sera  14h mercredi sur ma chane
RT @Touminho: @Thomas_Pcf "Marie je sais que Thomas dort mais c'tait juste pour rcuprer ses crampons il est au courant Tqt pas :)"
RT @UnBaizeur: Qui a vue le mec qui glisse derrire quand tout le monde vient en courant
RT @Wizards_France: On vous tiendra au courant des dernires informations avec la Draft qui arrivera, le cas Paul Pierce et la free agency.
RT @_00h20: @Clogalt3au j'reste sereine parce-que je sais qu'elle passera pas la poutre... Sinon j'me serai deja enfuie en courant
RT @_La_Vierge: La #Vierge mnera son combat contre vous en toute discrtion, vous seul serez au courant. Vous devrez tre trs tactique pour la vaincre.
RT @_bitchslut: je viens d'aller au courrier, j'ai reu les 2h de colle et personne sera au courant
RT @a_besseau: Les couples dans le tram il faut arrter
RT @claire9805: Ma mre cherchait un pantalon clair donc la dame du magasin fait "ah clair!" et moi j'arrive en courant:"ouais?" Ptn c'est chiant des fois
RT @debsrd: Je demande juste a dormir un pti 30 minutes la c sur jvais m'endormir dans le rer jvais me rveille  la gare des trains
RT @ericboyflat: @jwoitt @RERC_SNCF #RAV #RVB en cours  JUVISY : voie 7 sera toute neuve dans 28 heures !
RT @fafeline: @CharliRose3 si a arrive 1 jour, tu seras la 1re au courant
RT @faitlesfils: Falou il gere d 2001 c un pointeur mm taleur ya un pti de genre 5 il la regarder il c enfui en courant mdr
RT @francefussball: Le match entre le Werder et Gladbach dmarrera  15:35 parce que le bus de Gladbach a t arrt dans un accident. #SVWBMG
RT @futurasciences: Et si chaque mouvement pouvait crer du courant ?  #Enerbee #energie #EDFPulse
RT @galeRERAfr: #RERA ralenti : malaise voyageur
RT @getfitsoon_:  Information Il faut 33 pas pour brler 1 calorie en marchant, et seulement 15 en courant  Mes calculs quand je m'ennuie mdr
RT @gwadaveli: #TesPasDu95 si t'as jamais couru entre l'arrt de ton RER  la gare d'ermont pour rattraper le train qui va  saint lazare
RT @iStatut: Notre #actualite #Entreprise de la Semaine : le Compte Courant d'Associs : petite piqre de #rappel! ...
RT @japonegre9: Y'a une meuf derrire moi dans le bus elle a soupir j'ai senti son haleine j'allais faire une crise d'pilepsie
RT @jeannepicart: @Yann_GAUTIER @Biancalibs mre Thrsa du courant d'air
RT @karmaelly: @LauGrn Voui tu sera une des premires au courant de toute faon ! <3
RT @laureprvst: Pour mon pre je suis en couple ptdrr j'aimerais que le gars se manifeste parce que je suis pas au courant
RT @leparispost: ,#Chine: 35 personnes sont mortes dans un accident de bus  Shaanxi. 200 000 personnes meurent sur les routes chaque anne en Chine (OMS)
RT @lisulanu: Jeanjean a vot contre la motion d'amnistie de #Bastia,Mais quand aura t il l'intelligence d'arrter d'tre  contre-courant de l'histoire ?
RT @manondelafosse: @Tamara_Putra ma mre m'a dit qu'elle te tiendra au courant et que ds qu'elle vient me voir elle t'emmnera si tu peux
RT @mxrediith: @sncf vous tes chiant  supprim le rer c,on attend longtemps pour un train bomb! Ma maman elle va me cri dessus pck jui pas  l'h aprs
RT @nadiasaadaoui: Oussama il est reni de la famille, il est jamais au courant quand y a des repas en famille, enfin au dernier moment
RT @niikozer: 1re nouvelle. Quelqu'un est au courant ? Mme le courrier n'en parle pas. @49Cisco @passionsco49 @Thescoismagic
RT @ninou_bnz: @GRADIDUR @antoine_vdn courant septembre a veut dire janvier les frres mdr
RT @oharoldcrew: La dernire fois je chantait ma mre elle est venu en courant dans ma chambre , elle croyait qu'il m'tait arriver quelque chose.........
RT @outsidermuser: Parce que Nick McCarthy , la Bavire, les fraises, Nick courant dans les champs... Le clip  voir avant de mourir.
RT @pmouratoglou: @XanthopoulosJ @allain_nicolas j'espre que vous apprcierez. Tenez moi au courant !
RT @racheeeel94: @Sofiiaa_dz a quel moment t'es calme stp juste prvient moi comme sa je serais au courant
RT @staysmp: si les deux trucs dont je suis au courant se font a serait bordel
RT @sweety_didie: Fait des recherches. Pour les lemons sans amour vous serez tonn d'apprendre que le sexe pour le sexe est courant dans la vraie vie.
RT @tvanouvelles: IMAGES TROUBLANTES AU KENTUCKY | Une jeune colire traine par son autobus scolaire
RT @voicexfmalik: ma mre jsp ce qu'elle en oense mais elle d'accord pour que tu viennes donc voil et mon pre il est pas au courant
RT @zaynaturiste: Le coran vous forcez avec vos Tram Zayn Team ta mre aussi non y a pas de Team y a rien c'est pas une comptition oh #WeWantIWontMindZayn
Rachel "c'est Paul de gaule"Moi "c'est qui sa ? "Rachel "le frre  charles"Moi "hein",Rachel "nan mais y a que moi qui est au courant"
Retour  un trafic rgulier sur l' ensemble de la #RERA #RATP. Incident termin.
Retour  un trafic rgulier sur l' ensemble de la #RERA #RATP. Incident termin. via @RERA_RATP
Retour  un trafic rgulier sur l'ensemble de la ligne #RERA #RATP. Incident termin.
Retour  un trafic rgulier sur l'ensemble de la ligne #RERA #RATP. Incident termin. via @RERA_RATP
Retour  un trafic rgulier sur l'ensemble de la ligne #RERB. Incident termin.
Retour  un trafic rgulier sur l'ensemble de la ligne #RERB. Incident termin. via @RERB
Retour  un trafic rgulier sur l'ensemble du #RERB. Incident termin.
Retour  un trafic rgulier sur l'ensemble du #RERB. Incident termin. via @RERB
SA MRE J'AI LOUP MON BUS PTN !
Saint tienne a mis 5-0 a Nice la semaine dernire putin j'tais pas au courant
Si mes parents ils seraient au courant de tous mes bourbiers que jme suis taper sur paname, ptdr j'prendrai des cours a domicile
Si quand on est dans la mer et que je vois ou qu'un poisson me touche je pars en courant m'en blc j'ai trop peur mddr
Si tu viens vers moi en marchant, je viendrai vers toi en courant. (Rumi)
Si vous passez par une #agenceimmobilire, elle sera au courant de toutes les nouvelles obligations lgales.
Siemens France Emploi et Carrires: Technicien courant faible H/F (Saint-Priest, 0, France)
Super ! Fin de l'incident sur la ligne #RERB le trafic est #OK
Sur le @RERD_SNCF ca cessent pas d'innover pour trouver de quoi te faire rater ton train.
Taleur on sorter du RER et ta deux gas dans les escaliers ils ont voulut faire genre devant nous ils on courir et yen a un il et tomber
Tenez moi au courant d'inter Juve per favore
Tenez-bon les amis ! La circulation est toujours ralentie sur la ligne #RERA #BOF
Tho et mon pre ils font des plans ensemble je suis mme pas au courant
Throwback quand sonia a loup son bus pour notre premire rencontre
Tjr la dernire au courant, Merci.
Tom , Charlize ! J arrive ! (enfin... Sauf si le RER se traine comme a longtemps  ha... Il est arrt ) #MadMax
Tout le monde est au courant de mon existence mme la grand mre de Maumau elle me dit "tiens c'est toi la sacre Emeline"
Tout le monde parle bcp trop ici c'est fou c'est quoi cette ville, en un jours meme l'infirmire de mon pre est au courant
Tout se sait tu parle sur mon dos t'inquites on sera au courant
Tout se sait tu parles sur notre dos tkt on sera au courant
Tu t'embrouilles avec quelqu'un mais vas savoir pourquoi la Terre entire doit en tre au courant.
Une octognaire tue par un bus #travys a m'tonne mme pas tellement les chauffeurs roulent vite #accident #bus #yverdon
Voir un couple douteux s'embrasser et voir un filet de bave dgoulinant... Je veux rentrer chez moi ! RER B PLZ !
Vous serez au courant de tout les buts inscrit en direct ! Bonne soire ligue 1  tous !
Vous tes au courant c'est la galre
Wouh grosse teuf a devoir faire des changements de rer pour rentrer a paris. Pas de train jusqu' 20:30 sinon. Merci bien.
Y'a un couple qui se suce la langue dans le RER devant tout le monde,malaise...
Y'a un mec il prend juste le RER et tous le monde lui demande dans quel direction va le train a croire c'est son taff
a msoule en plus mon frre il m'a vol mon billet d'avion du coup et moi jvais me taper 2000 km de bus msknnnn
a valait totalement le coup de dmnager un projecteur et un lecteur Blu-ray en RER
ahlala pourquoi je suis toujours la dernire au courant de ce genre de trucs
c une blague le pre  Anass  une pizzeria et je suis au courant mnt moi
cause de ma mre j'ai loup le bus et mme pas elle se dpche pour m'amener
courant et la je vois l'araignee j'aurais etais salma je serais tomber par terre et ma mama elle etait en stress mdr elle avait peur #2
coute @Luck_Salmo quelque part , tu ttonne de mon manque de respect , sauf que tout le monde est au courant , bisous a ta mre
couter Lana Del Rey pendant le trajet en bus >>>>> a faisait longtemps que j'avais pas cout une de ses chansons en plus ^^
dans GTA j'aime bien niquer des mres et me barrer en courant parce que y a la police du coup j'panique
dj trop de fiert pour courir aprs un bus vous croiyez que je vais courir derrire des gens
en plus j'coutait Or Noir dans le RER B ce matin c'est toujours de la lourdeur
haha j'ai retrouv mon 1er art. pol. ! C'tait sur linux dans le journal de la GS (Le courant des drayiste ) en 2009 ! #tropContent
j'ai pas regard les bonnes horaires pour mon bus je dois attendre ma mre du coup lol
j'aimerais bien crer une coupure de courant dans toute la ville
j'coute g-love dans ma tte jdanse de ouf ptdr mais en vrai j'suis comme a  dans le rer
j'tais dans mon bain je vois une ptn d'araigne sur mon plafond , je suis sortit direct en courant en appelant mon pre
je viens d'aller au courrier, j'ai reu les 2h de colle et personne sera au courant
lundi oral blanc d'HDA. Ma tte est coup en deux, une partie dit "PUTAIN BOUGE TOI" et l'autre "azy tg je ferais dans le bus rendors toi"
ma mere  coup le courant bc mon tonton change le lustre jcrois mais moi g ma 4g
ma mre elle s'est acheter un new tel j'tais pas au courant mddr
ma mre est mme pas au courant que je vais chez le coiffeur, elle va tuer ma grand mre
ma mre jsp ce qu'elle en oense mais elle d'accord pour que tu viennes donc voil et mon pre il est pas au courant
mon pere il a tjrs des infos sur st rem que personne est au courant c'est secret
on tait dans un magasin et t'a une petite qui dit "Papa j'ai envie de faire caca !"  son pre rpond "c'est bien mtn tlm est au courant
pas d'me, pas d'me, pas d'ame, il arrive en courant derrire moi ...
putain j'ai loup le dernier rer
si les deux trucs dont je suis au courant se font a serait bordel
wah RER D aujourd'hui c bourbier 1 train toute les 30 minutes
