"@ChloeMhmd: Ya un con qui s'amuse a bloquer les portes du Rer je vais le tuer je crois." Poussez leeeeee j'arrive prendre mon train.
"@rayan_85: Casse les couille les chauffeur de bus quand y scroise sevi y parle entre eux. Frere j'ai cour moi roule" grave
"Bonjour je vous informe que ce bus sera omnitrain.. Euh ce train sera omnitrain...omnibus !" OH ET PUIS M*RDE ! :D
"Le train est retenu en gare 3 minutes" 3 min passent "on va rester en gare 4 minutes de plus" #RerA
"Nous patientons  cause d'un incendie sur un train situ derrire nous" le RER A communique...
"i was not in courant" charlotte 15 ans premire sexion maternelle
"tu prends les gens de haut" ah pardon j'tais pas au courant mdr a m'fait rire parce que j'suis la fille la plus franche du monde laul.
#Acces aroports : Mvmt social #RERB 23/09 : 4 trains s/ 5 en heures de pointe, 3/4 en heures creuses >>  #fr
#EnCteDivoire les afferages circule trop vite , si Koffi a mougou djeneba a 12h a bingerville..... siriki de Bassam sera au courant  12h01
#Grve demain #RerD RT @RERD_SNCF:  L'infotrafic RER D: trafic perturb le mardi 23 septembre 2014 20:00 #rerD -
#Infotrafic #LigneA fin de l'incident - Retour progressif  la normale, le trafic reste perturb sur l'ensemble de la ligne.
#MerciPourCeMoment est PASSIONNANT ! Savez-vous ce qu'est un "courant politique" et des "dners en ville" maintenant ? @valtrier
#Nantes. "Fatigus", les conducteurs de tram-train se disent "sous pression" #TTNC #TER #PaysdelaLoire
#RER B train de 08h27 supprim, va comprendre pourquoi. Le mouvement social est pourtant annonc pour demain ...
#RERA 20 minutes avant de monter dans un train archibond  auber #sympalelundi #commedubtail
#RERA : Retards #CergyleHaut - #Poissy,Le premier train en panne de la semaine .....
#RERA Train en arrt a la gare de Bry sur Marne.... On ne sait pas pourquoi...
#RERA: Panne d'1 RER  #Etoile.Trafic interrompu #LaDefense/#Nation.Retards de 10/30mns sur axes #Cergy/#Poissy  prvoir jusqu' 13h30
#RERC, banlieue Sud, dans le train la dame demande tranquillement si le fleuve qu'on longe c'est la Marne.
#RerE Il fait frais mais c pas grave, on se tient bien chaud dans un train court (rame 17E) @RERE_SNCF #qml #lecourtdulundi
#Solea #TER lun. 22 -> ven. 26 sept. : 3 trams-trains remplacs le soir par 1 car entre #Lutterbach & #Thann
#qml #RERC : reprise progressive du trafic(intervention colis suspect) Retards et modif desserte jusqu' 15h30
#qml , le trafic est ralenti sur la ligne (divers incidents) #RATP #RERA
#qml RT @AmooMinA: @Shamu_94370 @RERA_RATP dgagement de fume dans le tunnel de Vincennes. Train bloqu depuis 15 min..
#qml mon train du @RERC_SNCF et bloquer en gare de Genevilliers suite  un signal d'alarme :(
#rerE : ce n'est pas mme foutu de faire rouler ses trains correctement et a veut faire des contrles de titres #bandedemarioles #qml
'@Grishnak45 J'suis au courant car je ne lis pas que le Figaro.Qu'est-ce qui fait selon toi que les coutes seraient illgales?,@anti_UMPFN
(...) Je serai encore chaud,et courant sur lasphaltetide de lalle,un enfant posera sa mainsur mon ventre de cristal. ,#Pasolini
*toc toc* bonjour c'est l'ERDF, votre proprio n'a pas pay sa dernire facture, on coupe l'lectricit dans tout l'immeuble,Noooooon
- Alors ta premire journe de cours?,- Parfaite! Je suis arrive 30minutes en retard  cause du RER et j'ai trbuch en arrivant en amphi.
.@RERA_RATP : En rpercussion de divers incidents, le trafic est CONSTAMMENT perturb TOUTE L'ANNE sur l'ensemble de la ligne. #RATP
.@RERC_SNCF @mairieivry j'ai une centaine de voyageur sur les quais pour vous confirmer qu'entre 7h45 et 7h05 AUCUN train ne s'est arrt !
08:08, le trafic est ralenti sur la ligne (divers incidents) #RATP #RERA
11:03, le trafic est ralenti sur la ligne (panne de matriel) #RATP #RERA
11:20, le trafic est interrompu entre La Defense (Grande Arche) et Nation (panne de matriel) #RATP #RERA
11:38, le trafic reprend progressivement entre La Defense (Grande Arche) et Nation (panne de matriel) #RATP #RERA
11:45, le trafic est ralenti sur la ligne (panne de matriel) #RATP #RERA
1er cours de l'anne et je peux pas y aller. Pas de RER C trafic interrompu.
1er jour de cours et mon bus est dj en retard ><
1h pour faire Nation/La Dfense et impossible d'avoir un train  La Dfense. Merci @RERA_RATP
3h de cours, 4h bloqu dans les transports  cause d'un colis abandonn... #RER
@AgnesChampagnat @HandNewsfr Vous serez bientt au courant ! #suspens
@Aiden_RP * boit aussi * Dis, t'es au courant que dans ton ancienne maison, il y a une porte derrire l'armoire dans ta cave ?
@Amandine_KF_KV j'ai pu choix d'arrter fumer maintenant mais parents sont au courant
@Amiral_Adamas Haha. J'ai (un peu) cette sensation quand j'coute de la salsa cubaine dans le RER avec ma gueule de metalhead.
@Amstramgrm - est au courant de ses manipulations. Cela dit, je pense que Baxter en cache plus que a, a me parait trop de mystre sinon.
@Anthony_Nunes03 elle est grande a ce que je sache donc les victimes a va un moment, faut tre au courant de l'histoire entire avant.
@Antoine_Rouxs ah bon t'es comme a toi aha? Bah on se tient au courant mais pq pas ca serait sympa
@Asso_SaDur @RERD_SNCF et le train suivant avec un wagon condamne. Nous aussi on va condamn nos prlvements!
@BFMTV C'est pas lui qui prend le RER !!! Il risque rien lui avec ses garde du corps !!!
@Baaanou j'espre je te retiens au courant
@Bitirimkardelen elle tait pas l aujourd'hui mais tnqt elle sera au courant
@Bouillome faut bien s'occuper pendant les retard des trains et Rer :D @piweeFR @LaurentBour
@CHOPINAUD Bonjour, le colis suspect concerne le trafic du #RERC et le pb du rail concerne le #RERD. + dinfo :
@CailinRPGITR @HarryRPGITR a l'infirmerie et l'uni sera pas au courant
@Cam_YMCMB Ouais mais bon si notre gnration avait ne serait ce qu'un peu de cerveau et rflchissais on aurait t mis au courant hein -'
@CestMoiLaChon Oui t'inquites pas, tu seras la premire au courant :p
@Chloefrommars_ Moi aussi. Evidemment, tu seras au courant de tout si j'y arrive ahah
@Debjam13 Ohlalalalalaaaaa. Ce serait GENIAL! Tu me retiens au courant hein. Je te ferai un virement que tu lui transmettras. Il y a une new
@DemiRPGAH ew merci ! Mais je prfre le tiens,ashley je trouve a trop courant *sourit grandement*
@Drew_RPGTW *hurle a la lune et sort ses crocs en courant vers toi*
@ElenaZabini Rpte le pas  Blaise au faite. Je suis pas sre qu'il apprcierait que sa cousine soit au courant.
@Elise_B_L C'est suite  la grve de la ligne Paris<->Beauvais, concerne les conducteurs du nord, du coup moins de personnes pour le RERD.
@Elliott_Bart @OrnellaGamon ca serait vrmnt cool je te tiens au courant bichette
@EmmaLemaitre meuf j'ai eu 2 retards en dbut d'anne mais depuis j'ai arrter et j'arrive plus jamais en retard je loupe plus jamais le bus
@EuropeIsMine @supercanard1975 courant dans la "haute sphre"... et pas d'aujjourd'hui ( lire "Nana" de Zola...)
@Floen012 Ok bah tiens moi au courant !je t'enverrai un message quanf je serais co.,Et au fait change de statut quand t'es pas co sur skype
@Fluffy_Rose_20 oui j'espre que tu pourras,tiens moi au courant plus ,le plus tt possible
@GladysLecerf si je serai au courant samedi matin mdrr, si mes parents y vont j'y vais aussi normalement
@Gwenxou tu as t la 1re au courant en plus. Deux jours aprs que j'tais avec elle, je t'en ai parl.
@H_Miser S'il s'avre exact que @bortzmeyer vient chez nous pour causer IPv6, je ne suis pas au courant. C'est a qui est le plus grave ;-)
@Haimetlu tu vas... et surtout ne t'arrte pas au 1er si le courant ne passe pas, va voir un autre
@HarryRPGCLE @ArianaRPGCLE -vient vers toi en courant et te saute dans les bras.-
@HenryMillsRP *Prend sa main et le tire en courant vers les sapins en riant*
@IILilian31II T'inquiete je suis au courant mec mon frere me le dit et pffffou gros bordel
@ITravailEurope You're welcome. Tenez moi au courant de l'avance de vos projets
@Indie_or_die Hihihi ! Je pars  l'tranger courant Octobre pour revenir vers Fvrier/Mars passer mes concours d'officier de police. And u ?
@JohnnyDuBled @Gotaga @ZYLEWR @Vitality_Neo srieux !? pour le 1er jour j'etais pas au courant, honteux ...
@JulienGnrd ouais prq pas ! mais jte tiens au courant je viendrais si j'ai re un telephone :p
@Julienhervieu tu descendais en courant la ligne de tram vers la place de la mare effectivement ^^
@JustinfoligneJ Les voys au dpart de #ErmontEaubonne pr #Paris seraient invits  emprunter les trains des @LigneH_SNCF et le @RERC_SNCF
@KMVins un jour on va se battre, j'espre que t'es au courant
@KiingTomas tu serais parti en courant crois moi...
@KoralynnG OH oui ma koko il faut que tu viennes  Crteil soleil a me ferait trop plaisir ! Tiens moi au courant de ton emplois du temps !
@Laura_Dly j'espre pas louper mon bus
@LilSianna Tu me tien au courant quand tu reoit le courrier. Il a dit elle etais chelou j'essayerais d'enregistrer la conversation
@LioGestell Haha t'as t le premier  etre courant remarque, mon pre dormait comme un loir :D
@LisaMassias toujours des problme de bus avec toi mdr, quand tu connais pas tu fais attention mdr, t'tait vers la mairie du coups ?
@Louis_Tomlinson j'espre que t'es au courant qu'il y a que toi qui en 2secondes peut me faire rire, pleurer, danser.
@LucieJegou tenez nous au courant quand vous tes sres afin que l'on rgle ce dsagrment !
@Ludovic_s rendre terminus auster les trains et les refaire partir vers le sud mais a fait sauter toute la pointe du @ADCTR1 @RERC_SNCF
@Ludovic_s soir car trains et conducteurs plus  leur place. @ADCTR1 @RERC_SNCF
@Ludovic_s un train qui tait en attente  austerlitz pour le garage des ardoines? Sinon la seule possibilit c'est de @ADCTR1 @RERC_SNCF
@Luttii24 @diamantlefou Il y a bien une peur mais  mon avis, c'est celle de la premire fois, ce qui est courant
@Maggie_RPGCLE *te pousse et tire sur l'homme mais reoit une balle  l'paule, il se tire* Va t'en. *le suit en courant*
@MarieSannino .. Si tu veux brasser de l'air commence par te moucher le nez sa fera courant d'air avec ton cul.,Thanks.
@Mathoolde C'est presque courant faut arrter de jouer les indigns
@MauuPag Madame Tweete pour le signaler. J'aurais pens tre la premire au courant !
@MaxTmrn @kevinyourfacee @LouiseCrpel elle est au courant et elle va me faire un mot et au pire desprets appelle ma mre est voila
@MaxTmrn @kevinyourfacee @LouiseCrpel son pre est au courant aussi enfin bref on s'en tape a demain bisous bisous
@Medelguer Ah oui c'est juste pour la premire. C'est quelque chose de courant.
@Megane_Rez_A Ca marche, je verrais pour tenter lundi pro' je te tiens au courant !
@Melissa2shad Ne change pas de sujet. Je suis  Paris en 30-35 min en train soit RER A ou ligne H
@MiniPistiaux Je te tiendrais au courant, je serais avec Alex :)
@Miyakuli je te tiens au courant... mais je ne pense pas publier jusqu' ce que je le termine :S et il sera long XD
@MullerOlivia il faut encore que je l'tablit , mais tu seras la premire au courant
@NicolasSarkozy pas au courant des comptes de campagnes et il veut gerrer la France sera t il au courant des comptes de la france
@OneSwiftFive_ -mere et je te tiens au courant
@OneSwiftFive_ ah oui ? :/ je peux essayer mercredi mais je pense que ce serait chaud. De toute faon je me tiens au courant :)
@PDocable Ecoute je sais pas trop. J'ai eu un gros imprvu du coup j'ai pas pu tre prsente. Affaire  suivre, mais vous serez au courant !
@Panamza @UPR_Asselineau @LeaSalame merci ! Elle est la dernire au courant !
@Panthom_Hive * Ecarquille les yeux et recule de quelques pas , Lizzy s'approche et je fonce en courant vers la sdb *
@PatrickBruelOff eh c'est 1 bus de spectateurs ? Cours pas derrire cette fois, j'crois qu'on t'attend  l'intrieur !
@Perrine_Bch @Remi_M5 @Alice_Tiflette Elle est au courant au moins ?
@RERA_RATP #RERA #RATP ce n'est pas ce quiest affiche ici a la defense !! ( Train retarde etc)
@RERA_RATP dite un train qui fume et vacu  Vincennes et rien en alerte?!!
@RERA_RATP divers incidents - traffic ralenti alors qu'en fait la circulation est coupe  La Dfense
@RERA_RATP et le pire c'est que le problme est de la faute de la ratp (c'est pas un accident grave) et qu'ils mettent Divers incidents #qml
@RERA_RATP je pense pas a fait 3 trains en provenance de Cergy qui sont annuls!! Des explications!?!
@RERA_RATP ouf.. J'avais peur d'avoir mon train  l'heure  mon retour de congs. Heureusement je vais encore pouvoir arriver en retard!
@RERA_RATP parfait du coup il n'y a pas de raison que mon qaha qui quitte Poissy se transforme en terminus Torcy ou Noisy le grd! Merci
@RERA_RATP que se passe-t-il en gare de bry sur marne (train bloque a quai depuis 10 min) ?
@RERA_RATP ralenti 1h pour faire Lognes -Chtelet merdique plutt !
@RERA_RATP un train a l'heure dans la journe c'est possible?
@RERA_RATP: 11:03, le trafic est ralenti sur la ligne (panne de matriel) #RATP #RERA Tout le temps..
@RERB: Mouvement social mardi 23/09 : prvoir 4 trains sur 5 aux heures de pointe et 3 trains sur 4 aux heures creuses #RERB @CarolineMJT
@RERC_SNCF @Alex91410 mon train est  l'heure moi, merci Lydie. :)
@RERC_SNCF @mairieivry tous les trains sur voie omnibus #bisqueBisqueRage #coucouOnSarrtePas
@RERC_SNCF LES TRAINS EN DIRECTION DE DOURDAN A DIT QUOI??? IL ARRIVE QUAND EN GARE DE JUVISY SRIEUX??
@RERC_SNCF Pas de train ! c'est scandaleux, retard ou suprim !!! #RERC
@RERC_SNCF bonne journe galement ! a a l'air d'aller mieux maintenant sur le rseau, les trains sont indiqus, et plus "retards"
@RERC_SNCF bonne question! je pense plutot dans un train mais je pas sur. J ai deja demand sans succes a ma gare d arrivee vendredi.
@RERC_SNCF entre les trains supprims car le poste de Vitry a brl ( faut que a tombe sur mon train )
@RERC_SNCF et du coup ou puis je me renseigner genre "obj trouv"? Et quelle gare peut refaire le pass ?
@RERC_SNCF et juste  ce moment un train entre en gare direction #viroflay !
@RERC_SNCF je confirme qu'a 17h24 au dpart d'invalides ecran rouge avec aucun horaire train a venir, aucune annonce et aucun agent sur quai
@RERC_SNCF le train qui venait de Paris est reparti dans l'autre sens, dc vers Paris, mais  vide puisque pas d'info de chgmt de voie :)
@RERC_SNCF merci  vous! Le premier train dps plus de 45 minutes vient d'arriver direction Paris.
@RERC_SNCF oui c'tait le train qui est venu de Paris et qui y est reparti  vide car pas d'info sur la destination de ce train
@RERC_SNCF pourquoi jusqu' fin de service et pourquoi cela fonctionne pour les trains allant vers le nord
@RERD_SNCF d'accord et le trafic sera normal  partir de quelle heure  Melun ?
@RayaneSmahiiii @maeva_lsg @Omardo_Di wah apparemment hurlin a dit on doit venir mtn tt a c en classe entire mdr vous tes au courant ?
@ReN2Os mais ouais surtout que j en ai pour 10 mn quoi. me taper 1h de train et 40 mn de bus A/R pour a a m gave trop.
@ReusPortugais ouais mais j'ai trac j'ai eu le rer de 23
@Rey_Relentless moi je suis pas au courant :-p
@SMBRENEGAA Bonjour, les qualifs online se joueront entre le 6 octobre et le 16 novembre. Vous serez tenus au courant par mail de vos matchs
@Seangravi oh a serait gnial ! Tu me tiendras au courant hein ;) ! On ira en bote...
@Shamu_94370 @RERA_RATP dgagement de fume dans le tunnel de Vincennes. Train bloqu depuis 15 min..
@SmallThingsFr ah non,rien  voir :-),Je ne suis pas trs sries TV. Je me tiens au courant, mais c'est tout. Ce serait long  expliquer :-)
@SoriyaThach oki je pense que je vais tenter de venir vers 20h-20h30. Je te tiens au courant.
@Stumpfie83 oui mais a fait des plans pers donc je suis pas au courant
@T_Reichling je serais en cours et dans le bus quand Alexx animera, je suis chez moi vers 19h15 donc arrt de te plaindre :,(
@TheRaiZeRTV @Safe_OriiGiNs @PCS_ExY Je penses que ce sera aux alentours de 18h30/19h je vous retiens au courant
@Tiana_Rp *te prends dans mes bras et va  la mer en courant*
@Tidibiko @cocole tout ce qui est kirby c'est jamais trs courant et a baisse jamais de prix :/ et tu en a toujours un galre a trouver !
@VaalBgt @carladycaprio promis je garde vos petites histoires pour moi, personne ne sera jamais au courant
@YanickToutain @LeNouvelObs tout  fait, le ministre de la Com du #Cameroun pas au courant de la photo
@Z_ibrahimattis mdrrrr t'en fait pas tu sera au courant
@_AliciaDurand_ Mn reuf es parti en courant en voyant ta foto ensuite il a cri man ya un monstre o lieu t'attak o gens refait toi lvisage
@alexorain: @NMeillerais aha  l'ancienne hein bah on se redit alors  oui on se tiens au courant gars
@alicebuet au fait t'es srement pas au courant mais on va peut tre monter a Paris a la toussaint avec mon pre
@aline_rouyer_ tiens moi au courant, j'imagine la tte de mon Homme si je fais pter le budget ... @madebystitch @mayalili0601 @tatatricot
@arvalent aprs je le laissais  l'ordi qui s'teignait des fois dc peut-tre que sur une prise courant a sera suffisant
@ashb2rpg *ai toujours pas au courant que tu viens, sort et se dirige vers sa voiture*
@ashb2rpg D'ailleurs, je vais bientt crire  ma mre. Elle est toujours pas au courant qu'elle est grand mre ...
@aymofficielss8 @LeilaSecret8 esaayer de nous tenir au courant ou vous seriez a tunis comme ca vos fan l bas peuvent vous rencontrer!
@badkidrauhls mdr la dernire au courant c'cool
@baudry_YT elle vient bientt apparement mais t'inquite elle m'a dit que tu serai le 1er au courant ;)
@blog_bazart eh non, c'est la 1re fois que a nous arrive haha ! (mea culpa d'ailleurs, on tait pas au courant de l'autre blog :( )
@bzlChaima ils abusent! Oblig les chiffres sont faux sinon on serait un minimum au courant! A croire c'est Brooklyn ici
@christineBiard et ce qu'il fait en ce moment ok ? Sa femme aussi sera au courant @MaitrePhilippeP @AlexdBonaparte @N0n0g @Anarobaze
@clementd Celui-ci devrait apparatre dans le courant de la soire, voire dans le courant de la journe de demain. Au-del revenez vers nous
@cocole Je suis fan et aime bien la bouille de #Kirby ^^ Ils ne sont pas trop courant, mais suffisamment galre  trouver  bon prix.
@dan_romero_83: Colis suspect station Saint Michel,Trafic RER interrompu..... a y est c'est le b....
@dijabbes @ElisaNiinaB Debrouillez vous d . Tenez moi au courant rek
@edwyplenel il dit ne pas avoir t au courant des comptes de sa campagne d election et il veut gerer la France a fait peur
@escrow_cmck94 comment a tu part ?? Mme moi j'tais pas au courant . J'espre c'est pas pour toujours hein
@francetvinfo ok!!peut tre !!revenir chef de parti il sera au moins au courant des affaires bigmallion et autres!......
@fratwoman @deKinkelinAnne c'est sr, l pour le coup, ce n'est pas comme le RER A, ...,oups
@gaemlu elle dormait je l'ai rveill en courant parce que j'avais compltement oubli le projet OTL je suis une mauvaise mre
@grghrrsn @PaulMcCartney ce serait bien que plus de gens soient au courant de l'existence du truc ahah
@hadji_ndao in sha Allah j'espre bien ! Je tiendrais au courant tqtt
@herolic_ Yeah tu sera la premire a tre au courant de toute faon
@horxncutest et j'attendais debout le bus et  un moment j'ai jet un coup d'oeil vers eux, y a de leur pote qui me regardait bizarre jsuis-
@iDoooZz j'suis au courant mais si c'est ton pre tu dois passer sur sa tombe non?
@ifuckdraco d'acc, bah t'faon tu me tiendras au courant pour tout bc moi je serai en vacances
@its_nivram mon bus dcolle de chez moi  l'heure du train....double galre
@jeromejarre @ifeeljade omg Jerome merci pour le favori.  j'ai cri ma mre est venue en courant se demandant si j'tais folle.
@lavierosegirls se sera plus un webdocumentaire je pense avec les finances ...on se tient au courant, vous avez t sur ma page pour suivre?
@mannecha Tiens moi au courant de si a l'intresse toujours :) Je passerai son CV  ma chef (ou les coordonnes de l'cole si elle prfre)
@manudansle69 Je suis dans mon bus je vous coute je suis morte de rire vous me fait trop rire je vous adores gros bisous
@marinevld j'imagine, mais je vais louper le bus je suis sre donc je prfre me prparer psychologiquement
@micheledelaunay au cas o vous ne seriez pas au courant. il y a des employs dans cette entreprise ... augmentez taxes : plus de chmage
@misstravel13 tu me tiendras au courant. J'me pterai pas la vie  la downloader d'abord
@monnier_camille sa mre j'tais pas au courant moi.
@ouifm Rer A : Trafic ralentit suite  une panne sur train prcdent #KeepCalmWithRatp
@palvindrew oui on essayera de savoir plus et on se tient au courant! Ca sera top srx
@palvindrew si on sera au courant de la date de leur arrive on y go a l'aroport serieux!
@philRPGCUBA *T'aide a te relever et va vers l'eau en courant avec toi*
@rachouxb_ Merci mdr !! Je vais tenir la tweetosphre au courant du compteur
@regis_muller @magfdi Salut, alors le chef mijote un sjour en Bretagne  cette priode... suivre donc! Je te tiens au courant. Biz
@rerDriver @Conducteur_RER a fait oublier le train supp d'avant ! :D
@ribrahim_1 Certes,mais il n'est pas prsent comme le reprsentant d'un courant de pense mais comme le reprsentant de toute la communaut
@roxanefaucheu Et ta mre elle est au courant? :c Je le sais aussi sauf que tu parles pas donc du coup je suis oblig de parler constamment
@shwnftdrew ah merde, j'espre que demain tu va pouvoir lui dire et qu'il ragit bien tu me tiens au courant mdr
@skywalkheart Je te previens au cas o tu ne serais pas au courant
@spads @marcrp C'est vrai sauf que nous en rgion parisienne on a : Bus, Voitures, Motos, scooter, RER . lol je cours le long de la Seine
@sunofdallas Tu seras la premire au courant, t'en fais pas!
@thugnoirte Manuel Valls est au courant qu on ne porte plus les vestes de deux boutons ?? Il ne fais pas dans la gabegie financire
@tommywalkie le RER xD. Si je prends le bus  11h37, j'suis pas sre d'avoir mon train.
@unchainedhell le b c'est pas un RER c'est le train de la mine
@unetwitos J'AI FAIS UN ACCIDENT DE VOITURE ! JME SUIS BARR EN COURANT MNT Y A LA POLICE QUI ME CHERCHE
@x3_Grenadine je sais pas mais tkt tu seras au courant
@xfuckzaynow mais genre ma mre elle serait pas au courant..
@zoe_ferry15 et puis est-ce que je me plains? Nn je dis juste que le monde entier n'a pas besoin d'tre au courant, juste qq pers surffisent
A la fille qui coute du Jul a ct de moi a l'abri bus ! J'espre que tu vas passer une mauvaise journe ptasse
A ne pas prendre  la lgre. Je pense que certains sont dj au courant et pour les autres, je vous le conseille...
A tous les coups je me lve je marche vers lui et le bus fait un virage : je m'ouvre le crne :/ restons sagement assis
Accident de bus !
Accident de circulation hier sur la route Boudon, colision entre un bus et un tap-tap, 0 victime grace a Dieu
Ae ae ! Le trafic du #RERA est fortement ralenti sur toute la ligne. Toutes les missions s'arrtent sur toutes les gares ! #BOF
Ah oe il es au courant de tout frre
Ah oui au fait,  la fin du mois je vous ferai un petit graphique pour vous tenir au courant de l'volution du...
Ah sa mre j'ai louper le bus
Ajd dans le RER en rentrant des cours comment on rigolait comme des cons avec Ryan
Alors cette aprem nous somme dans le rer d On coute un son de popcaan Cesair Malcomix nous sort "ba son tala...
Alors j'ai couter la conversation des gens derrires dans le bus
Alors voir sa mre courir aprs le bus du Lux c'est trop drle mdrrrr
Apres 8h de cours, 1h de rer tu te dis que ta journe est fini mais nan t'a 7892 exos a faire pour le lendemain.. Le lyce c'tait bien ptn
Aprs 3-4 semaines de cours aujourd'hui c'est la premire fois que je russi  tre  l'heure pour prendre mon bus!
Aprs la prvention routire, les vidos ou des gens crvent, le crash test dans la cour, mme dans le bus je m'attache
Askip j'ai rpondu a l'appel de Thomas vers 1h du mat se weekend ptdrr je suis mme pas au courant ! J'ai aucun souvenir de cet appel..
Aujourd'hui est un jour trs spcial, pour la premire fois de ma vie je n'ai ni loup le bus ni d courir pour l'avoir
Aujourd'hui, mon copain a annonc  mes parents nos projets de mariage.J'tais pas au courant. @AntoineToones t en serais capable #jetaime
Aux dernires nouvelles, le trafic du #RERA est toujours interrompu entre La Defense et Nation jusqu' 11h45 #KO
Aux nouvelles ! La reprise d'un trafic rgulier pour le #RERD est rpousse  14h #KO
Aux nouvelles ! Un train du #RERA est immobilis en panne  CDG Etoile, le trafic est fortement perturb sur la ligne #BOF
Avec Chlo dans me bus on a refait la conversation d'un couple qu'on voyait dehors c'tait trop drle
Avec Mathilde on se tape des fous rire en courant c'est horrible!
Avec Ophlie on a loup notre bus toute  l'heure du coup elle m'a pay mon goter
Avouez les colis suspect dans le RER c tjrs un sac a main mme pas suspect abandonn et eux ils chamboulent tt le trafic pour a
Bon bah ce matin j'ai vraiment flipp dans le train.. Vive le RER D..
Bon bah je crois que je vais pas aller en cours cet aprm mdrr pas de rer c oblige merci colis suspect
Bon ben "cours  la fac" - semaine II a commence par le RER B <3
Bon bin je vais rcuprer la ligne 1
Bon lundi  tous #OuPas #RERA #RATP
Bon. Mon bus a supprim l'arrt qui passe prs de chez moi, du coup j'peux pas m'arrter au campus. J'dois m'arrter  la gare. :))))
Bus qui tombe en panne a la haute borne et la on roule au ralenti sur l'autoroute !
C'est courant dans les collges et si la vido vous choque c'est pas elle qu'il faut perscuter et humilier mais faire en sorte que a cesse
C'est la premire a avoir t au courant, et elle tait avec moi par Skype, on a fait une tte norme ptddddr! Je l'ai pour nous, cet t.
C'est mon frre et j'suis mme pas au courant.. faudrait peut-tre que je sorte de ma chambre de temps en temps..
C'est trop mimi, y a un tout petit bb dans le #RER y a tout le monde autour qui a le sourire du coup
C'est un dlire j'ai pris 1h30 pour aller en cours sachant que j'ai fais 1h20 de RER
C'qui le con qui a oubli ses cls d'appart  la salle de sport et qui c'est tap 25 min de tram dans l'autre sens pour les rcuprer ? Bibi
C'tait en 2009 tu courez derrire les bus
CA-39 : Accident at McFadden Avenue -
Ca me fait rire les gens sur le groupe de ma fac. "Vous trouvez pas a abus d'apprendre du voc par coeur." Euh, t'es au courant que -
Casse les couille les chauffeur de bus quand y scroise sevi y parle entre eux. Frere j'ai cour moi roule
Ce matin j'ai loup le bus, premire fois depuis le dbut de l'anne
Ce matin je devais prendre ligne 4 bien sur trafic ralenti a cause d'un colis suspect ! Du coup j'ai pris ligne 5 mais c'tait archi blind
Ce matin vers 3h du mat' je me suis rveille en sursaut c'tait bizarre je croyais qu'il est tard que j'avais louper mon bus et tout mdrr
Ce qui me gne c'est que la plupart sont au courant des drives malhonntes de leurs confrres, mais ne les dnoncent pas! @AssembleeNat
Ce soir j'attaquerais la saison 6. Je serais  jour dans le courant de la semaine. 6 saisons en 2 semaines. #Castle
Celui qui nage dans le sens du courant fait rire les crocodiles
Cette anne le bus que je dois prendre pour aller en cours est  l'heure o je me levais l'anne dernire..
Chez sncf pr faire grve, du punch ou mettre le feu au centre d'aiguillage y'a du monde, pr faire rouler les trains par contre... #rerd #qml
Chu parti 1h en avance pour manger au final j'ai mme pas le temps j'arrive  l'heure des cours tellement ce RER A il chie
Cmatin les bus de Beaurainville ont tous tracs leur route sans s'arrter  Brimeux pcqils taient pleins. Mais nous on a froid pdt c'tps la
Comme on a bien russi le grand chelem de la loose la semaine dernire, on remet a ! Trafic perturb #RERA pppffffff #RATP @RERA_RATP
Commenc sa rentre par une panne de RER une heure avant son cours -"
Comment adhre t'on au courant anarchostal ?  En suivant le Courant sur Twitter et Facebook (cliquez cliquez ba...
Compte tenu du retard, ce train desservira toutes les gares... On peut me dire o est la logique... Prendre encore + de retards??? #RERA
Continu de parler, continu, on va bien rire quand tu comprendras que je suis au courant. :)
Coupure de courant asenseur en panne sans lumire ! Pauvre gens qui sont dedans
Coupure de courant de merde depuis 30min sa mre!-' Mon dm ptn!-'
Coupure de courant sa mre
Courir comme a pour un rer j avais jamais fait a putain poukwa ma vie c est devnu grave la merde, ca navre
D'ailleurs c'est la premire au courant !!!
D'aprs Sarkozy il serait lav de tous soupons dans l'affaire Karachi ? Je n'tais pas au courant ??? Au del de...
Dans Esprits Criminel Ils Voyagent en Jet priv .... Dans Les Series Camerounaisd la police arrive en Courant
Dans le RER y a un gars ses couteurs sont tellement au max je pourrais shazamer se qu'il coute
Dans le RER y'a que des couples entrain de s' embrasser
Dans le bus j'ai repenser au dlire qu'on s'est tap au cin, j'tais morte de rire du coup
Dans le bus putain c'tait norme! On a faillit avoir deux accidents mdrr r
Dans le bus y'a des gens ils te lche des coup d'haleine svp arrter de respirer quand vos dent sont pas brosser merci
Demain, grve sur le #RERB. Toutes les prvisions de trafic sont ici ! cc @RER_B
Demain, ma soeur a 18ans. Comme a vous tes au courant. Et vous aurez peut-tre de la bire.
Des retards et des modifications de dessertes sont  prvoir sur la ligne #RERC, le retour  un trafic normal est estim pour 15h30 #BOF
Dgagement de fume dans rame du RER A... Et donc trafic bloqu... La semaine commence bien! #transport #paris #retard
Dimanche y'a tout le monde qui vient chez moi mais ma mre est pas au courant en fait
Donc j'ai pris le bus pour aller rcuprer une mezzanine vue sur Leboncoin, je trouve pas l'adresse et l'annonceur ne rpond pas au tel.
Dormir tranquillement dans le bus avec ses oreillettes quand tout d'un coup...... " DU RHUM DES FEMMES ET DLA BIRE NON DE DIEU..  "
Double douleur du dos, compote clate par terre, gros soucis de RER, bidou qui m'a fait des misres, dbuts d'angoisse, mtro ralenti...
Ds le rer et le train je lisais le livre de franais et les gens ils me regardaient comme si je lisais a spontanement mais non dsl
Dtartrage de cafetire, le liquide coule n'importe comment, sur la table et sur les prises de courant. Passion Destination Finale.
Du coup tous les lundis je rate le bus sa mre #LT
En 6ans que je prends le bus c'est la premire fois que j'ai un accident !
En Une de La Presse "Financement de la campagne lectorale, la 1re tranche sera servie le 27 courant"
En cours je n'coute pas le cours mais j'analyse les possibilits que j'ai pour rentrer chez moi le plus vite possible #greve #rera #rerb
En plus j'suis sre mon pre il est au courant et a me dgote encore plus bc c'est sa famille de sang l, il a mme pas  douter.
En retard (comme d'ab) j'allais partir en courant quand ma mere m'a dit " j'peux te deposer au lycee" OH YES !
En vitant les suicides, les oprations vigipirate, les retards, les suppressions de train, le rer c'est bien pour tre  l'heure je trouve
En vrai je suis sre que toute la bande de connards de ma classe de 4me sont parfaitement au courant que je suis revenue dans la rgion.
Encore une fois, le trafic du #RERA est ralenti sur toute la ligne  cause d'une panne de matriel #BOF Tenez bon !
Enjoy #Paris et le trafic #OK sur le #RERE !
Est nique sa mre les problmes de rer en sortant des cours srieux j'ai autre chose a faire que galrer sur le quai.
Et alleeeez, premire fois de l'anne que je loupe mon bus
Et ces ptn de trains qui font encore la grve... RER D et B toujours la merde
Et encore une panne sur le RER A ! 3 train retard, la journe commence bien !!
Faudrait qu'on m'explique pourquoi le #RERC stagne  Choisy-le-Roi sans partir... En plus les trains sont soit retards, soit supprims..
Finalement ya un mec de mon bahut qui attend aussi le bus du coup jsais ap si je serai en retard... :/
Genre la j'coute end up here et j'ai trop envie de me mettre debout sur mon sige dans le tram, chanter et danser ptn
Genre pas de ligne C intramuros, du coup jme suis dit qur j'allais prendre la D jusqu' Juvisy puis re-rcuprer la C l bas
Grosse colre intense parce que la fille (moi) a manqu le lancement du nouvel album de @mtlband le 29 aot. Mais j'tais mme pas au courant
Grve RER B : le point sur le trafic du mardi 23 septembre 2014  #RER #RERB #greve
Grve du 24/09 traffic normal sur la branche Cergy du RER A #rera #qml
Heureusement j'ai mon permis finit les galres de bus et de train le matin
Il est 16H30 ma mre vient de raliser que j'ai louper mon bus.
Il est serieux le metro  ralentir  acclrer et tout ? Il s'est cru dans fast and furious ou quoi
Il faut savoir que du fait qu'elle soit mineure , personne  part les magistrats et Alicia durand ne sera mis au courant de la sentence
Il peut y avoir la troisime guerre mondiqle qu'on serait pas au courant...
Il sont venu chez graciana sa mre elle est venu il se sont barre en courant les ksos
Ils ne sont mme pas encore en grve que la moiti des trains est supprime... @RERD_SNCF #qml #rerd #branleurs #fumistes @btilloy #escrocs
Info trafic : Grve demain @RERB : 4 trains sur 5 (HP) et 3 trains sur 4 (HC) et Ligne K : 2 trains sur 3. Bon courage  tous.
Infotrafic #RERC : Trafic interrompu  Paris intramuros ds les 2 sens (colis abandonn entre St Michel et Austerlitz) R.  la normale 14h
Infotrafic #RERC : Trafic interrompu dans Paris intramuros (colis abandonn) R.  la normale 14h. Tous les dtails >
Infotrafic #RERC : reprise progressive du trafic(intervention colis suspect) Retards et modif desserte jusqu' 15h30
Infotrafic #RERC Jusqu' 19h30 des retards de 10  15 minutes sont  prvoir pour les trains CITY et VICK
Infotrafic #RERD : Reprise progressive du trafic entre Goussainville et St-Denis (incident matriel  Pierrefitte) >
Infotrafic #RERD : Trafic interrompu entre Goussainville et St-Denis (incident matriel  Pierrefitte) R.  la normale prvu  11h30
Infotrafic #RERD : Trafic interrompu entre Goussainville et St-Denis (incident matriel  Pierrefitte) R.  la normale prvu  14h
Infotrafic #RERD : Trains supprims suite au pb sur la voie  Pierrefitte
Infotrafic #RERE Nombreuses rames au centre de maintenance(avaries matriel). Possible aujourd'hui davr des trains courts au lieu de longs.
J'ai besoiiiin de 3h pour arriver en cours ou quoiiiii avec ce rer deeeeee meeeeerdeeee putain j'ai la haine
J'ai bien failli courir derrire le bus
J'ai cours a 8h30 , jviens de monter dans le RER
J'ai cours dans trente minutes et le RER n'avance pas.
J'ai cout "i miss her" dans le bus, j'avais les larmes aux yeux wow
J'ai enfin fini la premire saison de Prison break ( dans le train et le Rer ... sans commentaires svp).
J'ai essay de vivre chaque minute comme si c'tait la dernire, au bout de 4 heures  hurler en courant dans tous les sens j'tais crev.
J'ai essay de vivre chaque minute comme si c'tait la dernire, au bout de 4 heures  hurler en courant dans tous les sens j'tais creve.
J'ai failli reussir mon coup pour le code et je croise qui a l'arret de bus? Mon pre. .. c'est vraiment un coup de pas de chance -'
J'ai loup le bus Nike sa mre la pute je vais plus rien comprendre en cours !!
J'ai loup mon bus c'est la premire journe je commence bien
J'ai mme pas eu le temps de tweeter de chez moi ew, j'ai loup le bus du coup ma mre nous emmne au prochain arrt :(
J'ai peur un peu. J'ai pense partir en courant quand le gamin est venue vers moi.
J'ai qu'une heure de cours je peux pas me permettre de la rater et comme par hasard le RER A est arrt.
J'ai tout fais pour pas aller en cours, jusqu' louper mon bus... Mais mon pre m'a emmen
J'ai vu un couple ds le bus trp moches mais y faisaient rver ; y rigolaient de fou et tous..
J'apprends le scandale #AliciaDurand Elle est au courant qu'on peut la retrouver et lui pter les dents ?! #Connasse et elle persiste en +
J'aurai mme pas besoin de lui raconter, elle sera dj au courant
J'aurais d partir en boulot en courant ce matin. Mon Paris-Rueil aurait t plus rapide qu'en RER A et je me...
J'avais prvu de prendre le bus de 41, jsuis arrivee  35 pour tre sre de pas le louper.. Il est 48, tjrs pas de bus..
J'avou j'ai des grand frere nrv mais si ya drah il seront au courant de rien
J'avoue j'voulais que le bus ralentisse pour rester plus longtemps avec Meli, sa existe pas de la voir un temps court comme sa.
J'en ai marre du @RERA_RATP pas de train on est lundi. On le sait que vous ne branler rien mais y'en a qui travail dans ce pays.
J'en peux plus des horaires du RER C la putain vous pouvez pas faire suivre les trains ?!
J'espere ma mre demain va pas me faire le coup du "je peux pas venir te chercher prend le bus".
J'espre il est au courant qu'il a aucune chance
J'espre que je vais pas louper mon bus.
J'ose esprer que des actions sont menes mais qu'on est pas au courant #MALI #Ebola #LT
J'serais arriver 1min plus tard je loupais mon bus
J'suis toujours la dernire au courant
J'vous jure que le jour o je vais voir ma meilleure amie la France entire sera au courant bdm.
Jai louper mon bus sa mre
Je comprends pas ces gens qui arrive 10 mins avant que leur bus passe... Perso je prfre le louper
Je hais les "mouvements sociaux" de trains, la poisse pour moi, j'prend le RER B et le RER D pour aller au lyce (-_-") #VDM
Je me suis tromper de train putain  galre j'ai couru tout la ville de ilkirch, aprs le tram puis encore train
Je pars 1h30 avant mes cours exprs pour pas tre en retard, sa fait 40min je suis dans le RER et on est seulement a St-Denis
Je prfre courir derrire un bus que toi.
Je prfre marcher 20min que monter ds un bus blind. Vos corps embaums de sueur l, non merci
Je repars en cour et je prends srement le bus alors je serais l vers 7h
Je suis arrive trop tt au lyce srieux, les cours commencent que dans 20 minutes svp, ce serai cool que mon bus parte plus tard mdr
Je suis dans le bus et j'apprends que je n'ai pas cours les 2 premires heures. Prendre le bus pour rien.
Je suis dans le mme bus que theo et ce batard me voie Mme pas il trac vers le fond
Je suis en train d'aller vers mon bus dans ma sur bc elle est pas prt mdr, elle prendra le prochain bus !
Je suis la dernire au courant, je l'apprends pas par toi et tu te demandes pourquoi a me saoule ?
Je suis partie depuis 2h de chez moi et j'ai l'impression d'avoir fait ma journe. #Reprise #Fac #Bus #Train #RER #Metro
Je suis sre j'ai loup mon bus
Je suis toujours la dernire au courant a fait chier!
Je suis venu en courant au lyce pour enchaner les 2h sports et le freeletics aprs
Je vais  la fac en bus, mtro, hlicoptre, rer, train, montgolfire et tank, puis il y en a, ils vont  la fac juste en vlo ! #WTF
Je vais me mettre en dite pendant 2 mois. On ne touche plus  rien, on ne prend plus le bus: on va en cours  pied, a fera du bien.
Je vais pas assumer demain. Rveil  5h50, RER  7h, cours de 8h  18h45 avec 45min de pause le midi pour manger. A 20h je dors c'est sr.
Je vais pas en cours demain, ma mre est pas encore au courant mdr
Je viens de voir une fille avec un pull des 5sos dans le tramways  Nantes et je suis en train d'imaginer 1000manires d'aller lui parler ^^
Je vnre la personne qui a pens  mettre des prises de courant dans les trains
Je vois RER ralenti a me donne mme pas envie de me lever
Jme rend compte que lorsque le rer arrive a Yerres ya tout le train qui dessens
Journe de merde !!! Entre la panne de metro ce matin,le passage a niveau bloquer donc pas de bus + accidents -'
L'Etat Islamique ils veulent se frott  l'Algrie on dirait lol nous on est pas la Libye j'espre qu'ils sont au courant
L'infotrafic RER D : trafic fortement perturb 11:44 #rerD -
La circulation est normale mais le train  10 min de retard #logiquesncf #lundimatin @RERE_SNCF
La gare de Villiers le bel est ferm les amis !!!!!!! Trafic interrompu !!! #tamere #rerd #sncfratp
La ligne 5 ralenti a cause d'un voyageur malade et la ligne 4 aussi ... #FaisChier #Yenamarre
La rgulation est une science complexe, 6 rames de RER A dans la mme direction pendant 25min a agac l'usager :( #traficrer @ligneA
La semaine commence bien, train rat de justesse et train suivant retard :( #badluck #RERA
Laisser partir un train car relativement bond. Et voir les 2 prochains se faire supprimer par la  me mords les doigts#Ratp,#RERA
Le #RERD non plus n'a pas de chance ! Trafic interrompu entre Goussainville et St-Denis  cause d'un incident matriel. Reprise  11h30 #KO
Le RER C dconne. Je vais devoir courir pour arriver  l'heure... 17 min pour Austerlitz - Inalco
Le RER D c'est train d'encul!
Le RER a c'est fini ces conneries j'le prends mm plus a fait 45min qu'il est blok avant Nanterre ce fdp de train
Le bus il va au ralenti ce soir ou quoi
Le bus qui ce trompe de route revien en arrire s'arrte  cause du train et aprs un tracteur ... Rsultat 40 min de retard! La poisse !
Le bus y'a fait un accident ce connard a fait on est coinc au 4q
Le chauffeur du bus a ralenti par ce qu'une beurette traversait, je lui ai dis azi passe c'est orange, on m'a applaudit, j'ai roul l'bus
Le chauffeur du bus cest le beau pere de ma couz
Le conducteur du #RERA s'est lev du mauvais pied ! Suite  divers incidents, le trafic est ralenti sur toute la ligne #BOF
Le femme dans le rer qui realise au bout de 5 min que ses couteurs sont mal branchs. Elle nous a ambianc  coup de musique orientale haha
Le jour ou je serais quelque choses de plus qu'un courant d'air, pour quelqu'un faite moi signe.
Le lundi matin je finis toujours de m'habiller sur le chemin vers l'arrt de bus. Les traditions c'est important.
Le mardi 23 septembre 2014 : un mouvement social sur les RER B et D et sur les lignes H et K perturbe la circulation des trains.
Le matin dans le bus, t'es en mode surf, en coup vers la droite, et hop d'un coup tu bascules vers la gauche en gardant l'quilibre.
Le ptit frre qui fait un malaise au lyce pile quand jpars en bus, du coup je me tape les 3km depuis Marnay  pied, quel enfoir #Ondeconne
Le rang pour le paradis est constitu de telle manire que nul ne soit au courant son moment !
Le retour de l'homme providentiel ? Dtendez-vous je suis encore en train d'attendre le RER  la gare.
Le trafic du #RERC extrmement perturb  cause d'un colis suspect #HollandeDmission
Le trafic est fortement ralenti sur toute la ligne #RERA. Toutes les missions sarrtent dans toutes les gares. (omnibus) #RATP
Les accidents de tramway, les bus qui ne s'arrtent pas, ils arrivent en retard. @TogiSC2 #Toujourslesmmes
Les couples chelou de 35ans qui ne se lchent pas ds le matin dans le RER jpeux pas
Les gens prevoient de faire un TT pour Baba mais il sera deja au courant vu vos tweets..Ce n est plus trop une surprise...
Les gens qui courent derrire le mtro vous tes au courant yen a toutes les 5 mn ou pas ?
Les gens qui n'coute pas de musique le matin dans le bus/train vous tes vraiment des mystres de la nature, j'vous comprend pas
Les gens vous avez espoir que les psg gagne la ldc? Mais vous tes au courant qu'on est mme pas encore 1er de ligue #lespoirfaitvivre #
Les institutions publiques du SN rek meune na takh deuk bii niaak courant. Taal clim teksi plafonnier + ventilo, teudj sa bureau dem #Xalass
Les mec de la ligne 1 vers les coup de 8h55-09h30 cest des frapp tel que postbad
Les meufs qu'on ce vernis noir mat, elles sont au courant on dirait des sorcires? #lrt
Les panneaux de RER jouent les trolls maintenant... un train sans arrt est un train qui s'arrte et vice versa. a va pas le faire.
Les portes du RER E se ferment quand je viulai se descendre du Train... Btard va , je rentre comment maintenant ?
Les retards risquent de durer sur le #RERC, le retour  un trafic normal est prvu pour 16H30 #BOF
Les trains BUPE (destination Malesherbes) & VUPE (Malesherbes -Villiers le Bel) sont origine/terminus en gare de Corbeil Essonnes #RERD #BOF
Les trains aujourd'hui c'est vraiment n'importe quoi !!! Y a des bagage abandonne partout y a 1 rer toute les heures
Ligne 10 - Accident - Info dtaille :
Ligne 4 et 5 ralentie (comprendre = impossibilit de monter dans un wagon). Pas de clim. Un gros bisou  la RATP, qui ne me doit jamais.
Ligne 4 ralentit toute la matine ils nous prennent vraiment pour des cons
Ligne D - Suite accident - Info dtaille :
Ma mre elle me dit "j'suis au courant, aller vient me parler ma puce" mdrrr ma mre elle est maligne, a chaque fois elle essaye de nous -
Ma mre qui dit a Valadon que je serai en cours a 11h, sauf que j'ai pas de bus je vois pas comment je pourrai faire ca
Ma mre qui mapl pr mdemand un truc el  ps au courant jss ds mn lit frre mdr el a cru jt dehors encor, ici nmpki px vnir elle capte tchi
Mais du coup j'ai pas de bus je serais oblig de venir a 9h
Mais la jviens drentrer en bus tout sa , j'sors des cours jvois il cailleeeeeeeeeeeeeee j'etais au bout sa mere
Mais le RER putin. Je vais quand mme pas tre en retard le premier jour de cours!
Mais ouais ! RT @infos140 TRANSPORTS PARIS Trafic certainement perturb demain sur les lignes du RER B en raison d'un mouvement de grve
Mais quand j'ai aperu ma proie, j'ai fil comme du fil dentaire en courant vers Kevin ptn.
Malgr le reportage de 66 minutes sur le trafic du RER D . Sa n'a rien changer tjrs la mme merde . Retard d'envi 20min pfff
Martino en slectionnant Pastore j'espre qu'il est au courant que s'il est pas titu il marchera sur le terrain quand il entrera en jeu.
Matho qui se barre en courant avec mon tel, l'chappe et l'explose contre le mur! Mon tel en trois morceaux! Crise de rire+gros stress^^
Maxime Musqua tait un courant d'air frais... Eh bien bon vent  lui ! Je suis sre qu'il ira loin.
Mdrrrr l'internat Big coupure de courant bataille de coussin entre les secondes et les premires terminal.. La cpe a gueul fort!:'))
Merci a toi chauffeur du bus 83 de nous avoir fait eviter un accident
Mes frres sont au courant
Meteo du #RER (#ratp) : KO () 22/09/2014 a 08:09 Trafic normal sur l'ensemble ...
Meteo du #RER (#ratp) : OK () 22/09/2014 a 00:57 Trafic normal sur l'ensemble ...
Meteo du #RER (#ratp) : OK () 22/09/2014 a 04:41 Trafic normal sur l'ensemble ...
Meteo du #RER (#ratp) : OK () 22/09/2014 a 20:57 Trafic normal sur l'ensemble ...
Mme mon frre il est au courant pour la meuf de seconde que je trouve jolie ! C'est incroyable, tout le monde l'a su
Moi est ma sur on a douiller ma mre on a fait genre on a louper le bus
MoiPrsident : je ne serai au courant de RIEN ! [mais j'espionnerai Sarkozy !]  #Stasi #fh2012 #NS2017
Mon beau pre ne peux pas me conduire, y a pas de bus... Je fais comment pour aller en cours bordel ?!!
Mon bus n'est pas passe car il y a eu un accident sur la route d'haspres
Mon chauffeur de bus c'est un connard y m'attends jamais ducoup tous les matin faut que je prenne le train !,#C'tegalres !
Mon frere y vient de me parler des photos des stars nues, ouesh ca fait 2semaines jsuis au courant lui il vient de l'apprendre
Mon frre a fait terrassire -> cornavin en 9 minutes en courant ce matin
Mon pre est mme pas au courant que j'ai pris son pull
Mon pre tout les lundis matin il me met la pression  dire toute les 10min:"Il est quel heure?T'es pas en retard? Loupe pas ton bus hun!"
Mouvement social mardi 23/09 : prvoir 4 trains sur 5 aux heures de pointe et 3 trains sur 4 aux heures creuses #RERB 1/2
Nah bus ralentis stp je n'ai pas finis ma chanson stppp avant d'aller bosser comme une porc CONNARD!
Nirvasite sera srement prsent  la Paris Games Week, on vous tient au courant!
Notre train est momentanment retenu en gare ... #LaSemaineCommenceBien @RERA_RATP
Oh ptn. Ma mere elle a fouiller mon blackberry. T'es au courant que je vois tout? Ptn
Oh putain j'ai failli avoir un accident dans le bus
Okay, nouvelle bizarrerie de la gare de Pontoise : dans un train gare du nord, la 4G passe nickel. Dans le RER, la 3g galre
On a louper notre bus ce qui fait qu'on a louper noter train sa mre
On a reprit notre habitude de traiter les gens dans le bus
On appellait ma grand-mre et ma mre"haute tension".C bon jcoupe la chane,jvx pas de cet hritage.
On c'est dpcher, premire fois qu'on loupe pas le bus  15h
On se tiens au courant je serait peut-tre pas prsent a 21h
On sennui dans le train sans musique  #RERD
Oups ! Le trafic du #RERD reste fortement perturb malgr la fin de l'incident. La reprise est prvue pour 14h30 #BOF Courage !
Oups ! Un incident de trafic sur la ligne du #RERA ! Retour  la normale  16 H #BOF
Oups, j'ai pris le bus du lyce pour rentrer et quand ma mre m'a appeler j'ai dit tout fort "ben je suis dans le bus du collge pq ? "
PUTAIN ya plus TF1 sa mere la pute ! courant tam legui mou coupe , sa mere la pute aussi  tchip
Pas cool tous ces trains en US en heure de pointe sur le #RerE ...
Perso quand je suis le train, rer, bus et que j'ai de la musique dans les oreilles, ma vie c'est un clip.
Personnes sera au courant
Petit soire au calme ton pre est pas au courant , tu ranges la maison comme neuve mais tu mets 3772803 bouteilles dans la poubelle jaune
Peu de news en ce moment ...Ds que nous en aurons vous serez les premiers au courant ;),#Sims4 #News
Plus de train en panne a #CDGEtoile de le #RERA #qml
Pour ceux qui ne sont pas encore au courant shailene sera au grand journal sur canal + le 3 octobre,malheureusement il n'y plus de place
Pour les rockerilliens qui ne seraient pas au courant, Rockerill Production c'est galement un label musical....
Pour te tenir au courant des dernires news,podcasts,photos,vidos du RexClub inscrits toi  la newsletter !
Pour une fois ce matin j'tais bien  l'heure pour mon bus j'ai mme eu le temps de couper les cheveux de mon frre  6h04 ppre mdr
Pourtant, tout ce dont a parle j'en suis plus qu'au courant. Ma mre tait dans la dfense des animaux ...
Premier jour de cours et jvais avoir 30min de retard . Cimer les rer retardes, ca commence bien
Premier jour, j'ai failli louper mon rer  #onchangepasleshabitudes
Premiere serie sur mon blog, c pour bientot ! Restez au courant et n hesitez pas a le consulter regulierement
Premire Game Pr-Saison demain!!! Et oui, encore une fois tout au courant de l'anne nous allons VOUS donner...
Problme de train de MERDE comme dab !!!!!!! #RERC
Problme signalisation a la dfense + suite pb train en panne a cdg. NE PRENEZ PAS LE #RERA a ne fonctionne plus.
Ptn avec Sirine on a pas fais gaffe le RER il s'arrte pas au val du coup on va jusqu' Torcy
Ptn, y'a rien de mieux qu'couter sa musique dans le bus et de rver sans penser aux gens qui vous entourent...
Putain 1h pour rentrer chez moi parce que j'ai eu un accident de bus...
Putain @RERA_RATP vous abusez pour une fois que j'ai contrle et que j'ai appris vos RER ils sont bloqus j'vais rater mon cours
Putain je vais tre en retard, une mamie saigne dans le bus, du coup on est arrter.
Putain mon frre a louper le bus on l'emmee
Putain on a faillit crever dans le bus faut lui retirer son permis lui, en mme pas 5 min on a vraiment faillit avoir deux accidents.
Putain, a fait 2/3 ans qu'on a un bonne appareil photo, et j'tais pas au courant.,Je crois que je serais bientt de retour sur YouTube.
Quand le conducteur d'un #RERA nous annonce qu'un "train devant le notre s'est plant"... #RATP
Quand tu te pose dans le bus ou le train et ta un petit qui crie ta envie de lui niquer sa mere !
RER A : Retards 5  25 mn Cergy le Haut - Poissy Panne d'un train  Vincennes #qml #rera
RER A : Trafic perturb par une panne de matriel ce lundi 22 septembre
RER C retard ! Si a commence comme a la semaine de cours a va pas le faire...
RER C: trafic interrompu dans Paris intra muros jusqu' 14h pour cause de bagage abandonn entre St-Michel et Austerlitz
RER D : Trafic fortement perturb
RER D: trafic perturb le mardi 23 septembre 2014 grve SNCF (RER D > 2 trains sur 3 en moyenne).Plus d'infos : ,TER
RT @AeroportsParis: #Acces aroports : Mvmt social #RERB 23/09 : 4 trains s/ 5 en heures de pointe, 3/4 en heures creuses >>  #fr
RT @Ahmadbleville: C'tait en 2009 tu courez derrire les bus
RT @AhmedBenCruz: jregar un film -12 ma mre elle rentre ds ma chambre elle mfait : t srx tu regardes des trucs -12? Jcroi elle est pa o courant ke j'en ai 18
RT @AlexysBorn: Putain comment me mettre sur les nerfs les problmes de train ! Putain de RERC !
RT @AliceReagit: Tout le monde sort des cours, du travail et toi t'as des cours de #Ebusiness jusqu' 20h30... @ESG #RATP #RERB
RT @AmooMinA: @Shamu_94370 @RERA_RATP dgagement de fume dans le tunnel de Vincennes. Train bloqu depuis 15 min..
RT @Anais_Kieller: Ptn, y'a rien de mieux qu'couter sa musique dans le bus et de rver sans penser aux gens qui vous entourent...
RT @AsRomaFrancopho: Alessandro #Florenzi courant vers sa Nonna pour clbrer son but ! Cet acte lui aura malheureusement value un jaune!
RT @Asso_SaDur: Grve sur le RER D mardi 23 septembre. Prvisions de 2 trains sur 3. Les horaires sont disponibles ici :
RT @AudeJA: La semaine commence bien, train rat de justesse et train suivant retard :( #badluck #RERA
RT @Aurelie_Quetel: Le matin dans le bus, t'es en mode surf, en coup vers la droite, et hop d'un coup tu bascules vers la gauche en gardant l'quilibre.
RT @BJM781: @EuropeIsMine @supercanard1975 courant dans la "haute sphre"... et pas d'aujjourd'hui ( lire "Nana" de Zola...)
RT @BSTCanada: Le BST fera une mise  jour sur l'enqute sur la collision entre autobus d'OC Transpo & train de VIA Rail le 24 sept
RT @Badgleyphile: J'ai essay de vivre chaque minute comme si c'tait la dernire, au bout de 4 heures  hurler en courant dans tous les sens j'tais creve.
RT @BahiaMg: Du coup, comme j'ai aussi le rire communicatif, tout mon bus est mort de rire.
RT @BegaJulien: @_RastJ a a bien chang depuis 2007 a mon avis... On sera plus proche de 20 courant 2040 !
RT @BenoitCAZALS: .@RERA_RATP : En rpercussion de divers incidents, le trafic est CONSTAMMENT perturb TOUTE L'ANNE sur l'ensemble de la ligne. #RATP
RT @BestTweet___: le chauffeur a ralentit parce qu'une beurette travers,j'lui ai dit c'est orange tu peut passer. tt l'monde m'a applaudi j'ai conduis le bus
RT @Bolo_DIA: PUTAIN ya plus TF1 sa mere la pute ! courant tam legui mou coupe , sa mere la pute aussi  tchip
RT @CIaudeFrancois: RE JE SUIS LA, DSOL DU RETARD J'AVAIS UNE PETITE COUPURE DE COURANT
RT @Caroliine_BN: En cours je n'coute pas le cours mais j'analyse les possibilits que j'ai pour rentrer chez moi le plus vite possible #greve #rera #rerb
RT @CeeSnipes: Le RER C dconne. Je vais devoir courir pour arriver  l'heure... 17 min pour Austerlitz - Inalco
RT @Ch94Charles: Quand le conducteur d'un #RERA nous annonce qu'un "train devant le notre s'est plant"... #RATP
RT @ChocolateJake: Le rang pour le paradis est constitu de telle manire que nul ne soit au courant son moment !
RT @ClemenceVedrenn: J'avais prvu de prendre le bus de 41, jsuis arrivee  35 pour tre sre de pas le louper.. Il est 48, tjrs pas de bus..
RT @Denis91230: Chez sncf pr faire grve, du punch ou mettre le feu au centre d'aiguillage y'a du monde, pr faire rouler les trains par contre... #rerd #qml
RT @Denis91230: Ils ne sont mme pas encore en grve que la moiti des trains est supprime... @RERD_SNCF #qml #rerd #branleurs #fumistes @btilloy #escrocs
RT @ELG__: Petit soire au calme ton pre est pas au courant , tu ranges la maison comme neuve mais tu mets 3772803 bouteilles dans la poubelle jaune
RT @ElisePernot: Mon pre est mme pas au courant que j'ai pris son pull
RT @Elodie_Anna: @RERA_RATP: 11:03, le trafic est ralenti sur la ligne (panne de matriel) #RATP #RERA Millime panne depuis le dbut du mois... #qml
RT @EmLemoine: Le trafic du #RERC extrmement perturb  cause d'un colis suspect #HollandeDmission
RT @Emeline_Carel: Se lever tt, se prparer, se tromper de bus, galrer  trouver la salle, pour finalement ne pas avoir cours du matin, merci la Fac !
RT @EmmaLsmn: mdrrr jviens de m'exploser en courant vers mon lit ntr j'ai trop mal.
RT @Emmasayah: Le femme dans le rer qui realise au bout de 5 min que ses couteurs sont mal branchs. Elle nous a ambianc  coup de musique orientale haha
RT @Estoy__Axel: Les portes du RER E se ferment quand je viulai se descendre du Train... Btard va , je rentre comment maintenant ?
RT @FBOcom: #RerE Il fait frais mais c pas grave, on se tient bien chaud dans un train court (rame 17E) @RERE_SNCF #qml #lecourtdulundi
RT @GILDAS_DADA: #RERA Train en arrt a la gare de Bry sur Marne.... On ne sait pas pourquoi...
RT @Gaut1er: Ta rem elle cours plus dans la tram pour aller plus vite
RT @GloriaVanard: J'ai besoiiiin de 3h pour arriver en cours ou quoiiiii avec ce rer deeeeee meeeeerdeeee putain j'ai la haine
RT @H_Miser: "Le train est retenu en gare 3 minutes" 3 min passent "on va rester en gare 4 minutes de plus" #RerA
RT @H_Miser: Trafic interrompu sur la ligne 4 entre Reaumur et Barbes (colis suspect  gare du nord). Le trafic est ralenti. #qml #ratp
RT @H_Miser: Trafic ralenti sur le Rer A en direction de St Germain #qml #ratp
RT @IsmailBarnoussi: @RERC_SNCF Pas de train ! c'est scandaleux, retard ou suprim !!! #RERC
RT @Jerome_Charre: Info trafic : Grve demain @RERB : 4 trains sur 5 (HP) et 3 trains sur 4 (HC) et Ligne K : 2 trains sur 3. Bon courage  tous.
RT @Jesus_Seigneur: Ce frre allait faire un accident, il allait rentrer sur ce dmon de 15mtre il a cri "JSUS" ce dmon a fuit dans la fort en courant vite
RT @JoanaCambao: Les rumeurs c'est chaud quand mme a va vite et la personne concerner est la dernire au courant et c'est toujours ngatif jamais positif
RT @Kerliine95: Toujours des problmes de train dans le RER D -'
RT @LIGNEL_sncf: #RERA: Panne d'1 RER  #Etoile.Trafic interrompu #LaDefense/#Nation.Retards de 10/30mns sur axes #Cergy/#Poissy  prvoir jusqu' 13h30
RT @Lea_Bths: Ptn avec Sirine on a pas fais gaffe le RER il s'arrte pas au val du coup on va jusqu' Torcy
RT @LisaAntkowiak: On a reprit notre habitude de traiter les gens dans le bus
RT @Lisa_schndr: C'est 100000x plus difficile de commencer  8h quand il faut enchaner train /tram pour arriver  l'heure
RT @Lksnayaw: @GoldenJess_: C'est rare une fille avec une mchoire carre. Au Cameroun c'est courant
RT @LoMaCire: Les institutions publiques du SN rek meune na takh deuk bii niaak courant. Taal clim teksi plafonnier + ventilo, teudj sa bureau dem #Xalass
RT @LoreneJunillon: Quand des mecs cheloo marchent derrire toi t'as qu'une seule envie : partir en courant
RT @LucHedin: pas ralenti mais stopp depuis 40min RT @RERA_RATP: 11:03, le trafic est ralenti sur la ligne (panne de matriel) #RATP #RERA
RT @Lucas_FCC3II: On a louper notre bus ce qui fait qu'on a louper noter train sa mre
RT @Marielfbve: @MaxTmrn @kevinyourfacee @LouiseCrpel son pre est au courant aussi enfin bref on s'en tape a demain bisous bisous
RT @MegannMag: J'en peux plus des horaires du RER C la putain vous pouvez pas faire suivre les trains ?!
RT @Mehdi_Messs: L'Etat Islamique ils veulent se frott  l'Algrie on dirait lol nous on est pas la Libye j'espre qu'ils sont au courant
RT @MilePublicHouse: Premire Game Pr-Saison demain!!! Et oui, encore une fois tout au courant de l'anne nous allons VOUS donner...
RT @Nadia_Ettahirit: Les couples de 10 ans qui s' emballe tous les matins dans le bus, Hela le transfre de Miel-Pops.
RT @NiiNahG: J'tais en train d'essayer de grer @Azizaaaaa_ dans le bus mais comme d'hab les Dionisiens ont pt mon biz
RT @Nina_Soo: @bzlChaima ils abusent! Oblig les chiffres sont faux sinon on serait un minimum au courant! A croire c'est Brooklyn ici
RT @Nouveaux_Poppys: Ca commence dj ? ... #RERC : Trafic interrompu dans Paris intramuros (colis abandonn) ... #Vigipirate
RT @Oceane_bnd: Mon pre qui me sort "si tu rate le bus tu m'appel" mdrr je sais que je le loupe souvent mais quand meme
RT @Ochlocratie: En Une de La Presse "Financement de la campagne lectorale, la 1re tranche sera servie le 27 courant"
RT @OnMaApplaudit: Le chauffeur du bus a ralenti par ce qu'une beurette traversait, je lui ai dis azi passe c'est orange, on m'a applaudit, j'ai roul l'bus
RT @OneSwiftFive_: @Fluffy_Rose_20 oui j'espre que tu pourras,tiens moi au courant plus ,le plus tt possible
RT @PokoFan_Julie: Ce matin vers 3h du mat' je me suis rveille en sursaut c'tait bizarre je croyais qu'il est tard que j'avais louper mon bus et tout mdrr
RT @RERA_RATP: 08:08, le trafic est ralenti sur la ligne (divers incidents) #RATP #RERA
RT @RERA_RATP: 11:03, le trafic est ralenti sur la ligne (panne de matriel) #RATP #RERA
RT @RERA_RATP: 11:20, le trafic est interrompu entre La Defense (Grande Arche) et Nation (panne de matriel) #RATP #RERA
RT @RERA_RATP: 11:38, le trafic reprend progressivement entre La Defense (Grande Arche) et Nation (panne de matriel) #RATP #RERA
RT @RERA_RATP: 11:45, le trafic est ralenti sur la ligne (panne de matriel) #RATP #RERA
RT @RERA_RATP: Le trafic est fortement ralenti sur toute la ligne #RERA. Toutes les missions sarrtent dans toutes les gares. (omnibus) #RATP
RT @RERA_RATP: Pourquoi le trafic est-il perturb en cas daccident grave de voyageur ? #Infographie #RATPScope
RT @RERA_RATP: Reprise du trafic estim vers 11h45 #RERA #RATP
RT @RERA_RATP: Retour  un trafic rgulier sur l'ensemble de la ligne #RERA #RATP. Incident termin.
RT @RERA_RATP: Train immobilis en panne  CDG Etoile, le trafic est fortement perturb sur l'ensemble de la ligne #RERA #RATP
RT @RERB: @Totolefooteux Bjr, en raison d'un mvt social demain, prvoir 4 trains sur 5 aux heures de pointe et 3 trains sur 4 aux heures creuses
RT @RERB: Mouvement social mardi 23/09 : prvoir 4 trains sur 5 aux heures de pointe et 3 trains sur 4 aux heures creuses #RERB 1/2
RT @RERC_SNCF: @palpatine42 @mairieivry Je viens de vrifier sur les outils de suivi. Le train est arriv en gare d'Ivry  8h52. Il est reparti  8h53
RT @RERC_SNCF: Infotrafic #RERC : Trafic interrompu  Paris intramuros ds les 2 sens (colis abandonn entre St Michel et Austerlitz) R.  la normale 14h
RT @RERC_SNCF: Infotrafic #RERC : Trafic interrompu dans Paris intramuros (colis abandonn) R.  la normale 14h. Tous les dtails >
RT @RERC_SNCF: Infotrafic #RERC : reprise progressive du trafic(intervention colis suspect) Retards et modif desserte jusqu' 15h30
RT @RERD_SNCF:  L'infotrafic RER D : trafic fortement perturb 11:44 #rerD -
RT @RERD_SNCF: Bonjour @der77000 Le trafic est trs perturb en raison d'un incident, les annonces sonores, dans ce contexte, sont les plus  jour. Cdt
RT @RERD_SNCF: Infotrafic #RERD : Reprise progressive du trafic entre Goussainville et St-Denis (incident matriel  Pierrefitte) >
RT @RERD_SNCF: Infotrafic #RERD : Trafic interrompu entre Goussainville et St-Denis (incident matriel  Pierrefitte) R.  la normale prvu  11h30
RT @RERD_SNCF: Infotrafic #RERD : Trafic interrompu entre Goussainville et St-Denis (incident matriel  Pierrefitte) R.  la normale prvu  14h
RT @RERD_SNCF: Infotrafic #RERD : Trains supprims suite au pb sur la voie  Pierrefitte
RT @RERE_SNCF: Infotrafic #RERE Nombreuses rames au centre de maintenance(avaries matriel). Possible aujourd'hui davr des trains courts au lieu de longs.
RT @R_Force_One: @Cam_YMCMB Ouais mais bon si notre gnration avait ne serait ce qu'un peu de cerveau et rflchissais on aurait t mis au courant hein -'
RT @Rihanna_Medias: C'est trop mimi, y a un tout petit bb dans le #RER y a tout le monde autour qui a le sourire du coup
RT @SaiSai946: Je me sens comme Faudel qui cours derrire le bus dans son clip de merde la
RT @Shamoundel: @escrow_cmck94 comment a tu part ?? Mme moi j'tais pas au courant . J'espre c'est pas pour toujours hein
RT @Shamu_94370: @RERA_RATP et le pire c'est que le problme est de la faute de la ratp (c'est pas un accident grave) et qu'ils mettent Divers incidents #qml
RT @Snail_o: Voir les gens louper leur bus et courir derrire  7h30 du matin, a met de bonne humeur. VDM  toi, le prochain sera le bon !
RT @TXXMAS: rveil d'fdp habit parfum bus  cour repas cour bus maison repas dodo ,sa recommence
RT @Teknosciences: Des chercheurs ont russi  minipuler la forme d'un #mtal liquide avec du courant lectrique,
RT @ToiEvrard: @Rey_Relentless moi je suis pas au courant :-p
RT @Tom79700: Dormir tranquillement dans le bus avec ses oreillettes quand tout d'un coup...... " DU RHUM DES FEMMES ET DLA BIRE NON DE DIEU..  "
RT @TomekTR: #qml , le trafic est ralenti sur la ligne (divers incidents) #RATP #RERA
RT @TomekTR: RER A : Retards 5  25 mn Cergy le Haut - Poissy Panne d'un train  Vincennes #qml #rera
RT @TommeBlur: Reprer sa proie, lui envoyer ce message et la voir partir en courant.
RT @TurcQuiTaime: le chauffeur a ralentit parce qu'une beurette travers,j'lui ai dit c'est orange tu peut passer. tt l'monde m'a applaudi j'ai conduis le bus
RT @TweetsSegpa: RT Si oKFC derrire la queue ta cri"YA LES POULETS! YA LES POULETS!"et ta montr1aile d'poulet,Zoumana, sans papier, est parti en courant
RT @Virginiamlk: Grve du 24/09 traffic normal sur la branche Cergy du RER A #rera #qml
RT @YassinePaname: J'me rapelle en 5 eme j'ai sonner chee Mona son pere il ma repondu j'me suis tailler en courant
RT @_HardStuff: Bon bah je crois que je vais pas aller en cours cet aprm mdrr pas de rer c oblige merci colis suspect
RT @_Khalite: le chauffeur a ralentit parce qu'une beurette travers,j'lui ai dit c'est orange tu peut passer. tt l'monde m'a applaudi j'ai conduis le bus
RT @_MarieLbn: a fait une semaine que jai repris les cours j'en peux dj plus du RER !
RT @_laughofmahone: @sunofdallas Tu seras la premire au courant, t'en fais pas!
RT @adrientcho: Plus de train en panne a #CDGEtoile de le #RERA #qml
RT @alexandreconan: Demain, grve sur le #RERB. Toutes les prvisions de trafic sont ici ! cc @RER_B
RT @alexcapron: @YanickToutain @LeNouvelObs tout  fait, le ministre de la Com du #Cameroun pas au courant de la photo
RT @astuceshebdo: Grve RER B : le point sur le trafic du mardi 23 septembre 2014  #RER #RERB #greve
RT @aymrcb: le chauffeur a ralentit parce qu'une beurette travers,j'lui ai dit c'est orange tu peut passer. tt l'monde m'a applaudi j'ai conduis le bus
RT @chanbar63: Bon demain #greve #rerb 4 trains sur 5 en heure de pointe et 3 trains sur 4 aux heures creuses.....
RT @crazzycupcakes: Pour ceux qui ne sont pas encore au courant shailene sera au grand journal sur canal + le 3 octobre,malheureusement il n'y plus de place
RT @dobrenzo: Avouez les colis suspect dans le RER c tjrs un sac a main mme pas suspect abandonn et eux ils chamboulent tt le trafic pour a
RT @emma_hmm:  mon futur mec: pas la peine de m'emmener dans un restau de luxe je partirais en courant, fais juste bouillir l'eau et prpare le gruyre.
RT @emptymadness: A la fille qui coute du Jul a ct de moi a l'abri bus ! J'espre que tu vas passer une mauvaise journe ptasse
RT @fckilam: si t'es avec quelqu'un, tout le village te regarde de travers et t'es sre que ds demain tout le monde est au courant #campagneproblems
RT @finouilleee: Paupau c'tait la premire au courant de ma chute ce matin, elle s'est foutue de ma gueule.
RT @fredouille9508: Compte tenu du retard, ce train desservira toutes les gares... On peut me dire o est la logique... Prendre encore + de retards??? #RERA
RT @harrxylaugh: "i was not in courant" charlotte 15 ans premire sexion maternelle
RT @hugoduriez59: Il faut savoir que du fait qu'elle soit mineure , personne  part les magistrats et Alicia durand ne sera mis au courant de la sentence
RT @hypsxline: je sens je vais tre la paume de ma classe qui sera mme pas au courant des histoires
RT @ines_ayache: Mdr jsai pa si la mere a mims est au courant
RT @infos140: TRANSPORTS PARIS Trafic certainement perturb demain sur les lignes du RER B en raison d'un mouvement de grve
RT @instarace: @unchainedhell le b c'est pas un RER c'est le train de la mine
RT @itouchood: Les gens qui n'coute pas de musique le matin dans le bus/train vous tes vraiment des mystres de la nature, j'vous comprend pas
RT @kalista771: #rerE : ce n'est pas mme foutu de faire rouler ses trains correctement et a veut faire des contrles de titres #bandedemarioles #qml
RT @karinemoreno1: Premire coupe de l' #AppartCityCup remporte par la green tram ! Fire...#asvelteam @ASVEL_Basket
RT @kily972biby: Train blind.. !!! Chacun.. Sa place dans le train.. An pa ka lv.. Fuck Zot !!! #RerA
RT @laf_pierre: Train Zaco supprim, grve demain, tout va bien @RERD_SNCF ! cc @durovray
RT @lalaqueen_: Un mec nerv pcqil avait trop chaud a pass sa tte par la fentre. Un autre train  a faillit ne plus jamais avoir chaud #RER
RT @laurence975: #RERA 20 minutes avant de monter dans un train archibond  auber #sympalelundi #commedubtail
RT @leamarcato: avec caro on est toujours les dernires au courant des nouvelles dans notre classe On tait deter a faire un contrle alrs qu'y en avait pas
RT @lewaboss: Laisser partir un train car relativement bond. Et voir les 2 prochains se faire supprimer par la  me mords les doigts#Ratp,#RERA
RT @lindsaycccb: mon pre qui veut pas que j'aille en cours, ma mre qui rtorque "tu dis qu'il a grve des bus" (oui maman juste pour Lindsay) je les aimes
RT @macinside: #qml mon train du @RERC_SNCF et bloquer en gare de Genevilliers suite  un signal d'alarme :(
RT @mairievitry: Travaux #RERC : circulation des derniers trains modifie sur l'axe Pontoise-Pont de Rungis Orly  partir du 21.09 >>
RT @mandinette77: Comme on a bien russi le grand chelem de la loose la semaine dernire, on remet a ! Trafic perturb #RERA pppffffff #RATP @RERA_RATP
RT @manuchoco: Bon lundi  tous #OuPas #RERA #RATP
RT @mdmohamed1: #EnCteDivoire les afferages circule trop vite , si Koffi a mougou djeneba a 12h a bingerville siriki de Bassam sera au courant  12h01
RT @mecanote: Pas cool tous ces trains en US en heure de pointe sur le #RerE ...
RT @nicoleodera: Ce qui me gne c'est que la plupart sont au courant des drives malhonntes de leurs confrres, mais ne les dnoncent pas! @AssembleeNat
RT @peacedessus_: Je vnre la personne qui a pens  mettre des prises de courant dans les trains
RT @rayan_85: Casse les couille les chauffeur de bus quand y scroise sevi y parle entre eux. Frere j'ai cour moi roule
RT @senseego: pas ralenti mais stopp depuis 40min RT @RERA_RATP: 11:03, le trafic est ralenti sur la ligne (panne de matriel) #RATP #RERA
RT @shchxo: Toujours quand c'est une meuf qui conduit le bus on manque de peu de faire un accident
RT @tdgch: Un tram draille  cause d'un conducteur ivre: L'accident a bloqu l'avenue de Vaudagne durant plusie...  #Genve
RT @truexxlife: J'ai essay de vivre chaque minute comme si c'tait la dernire, au bout de 4 heures  hurler en courant dans tous les sens j'tais crev.
RT @uber_pangolin: Problme signalisation a la dfense + suite pb train en panne a cdg. NE PRENEZ PAS LE #RERA a ne fonctionne plus.
RT @vchatelier: a faisait longtemps... "@infos140: Trafic certainement perturb demain sur les lignes du RER B en raison d'un mouvement de grve"
RT @xlaurine_mmlp2x: Tu la tiens plus au courant, a lui fait pter un cble. #punchline
RT @yourenparis: @RERB: Mouvement social mardi 23/09 : prvoir 4 trains sur 5 aux heures de pointe et 3 trains sur 4 aux heures creuses #RERB @CarolineMJT
RT Lili  LisaAntkowiakOn a reprit notre habitude de traiter les Jean dans le bus,#lesJeans
RT Snail Snail_o,Voir les Jean louper leur bus et courir derrire  7h30 du matin, a met de bonne humeur. VDM  toi, le prochain sera le...
Rail cass  Paris mais pas de trains pour malesherbes...  18h j'espre que ca sera rtabli. La galre commence !! #RERD
Reprer sa proie, lui envoyer ce message et la voir partir en courant.
Reprise du trafic estim vers 11h45 #RERA #RATP
Reprise progressive du trafic sur la ligne du #RERA entre La Dfense et Nation. Prvoir des retards de 15/45 min jusqu' 13h30 #BOF
Retour  un trafic rgulier sur l'ensemble de la ligne #RERA #RATP. Incident termin.
Rien qu'en ayant vu la 1er photo je me serrais barr en courant ! #espritscriminels
Rsister au courant de la vie pour se protger du changement et de la souffrance vous empche dvoluer et davancer
Samedi heureusement que j'ai pas prix ma cls usb il serait partie en courant ahah
Se lever tt, se prparer, se tromper de bus, galrer  trouver la salle, pour finalement ne pas avoir cours du matin, merci la Fac !
Se matin je sortais du rer, en bas des escaliers 2 couples calins bsx je monte des escaliers encore 2 autre couple calins bsx ptain
Si je loupe mon bus j'vais pter un cable
Si ta des djinns chez moi wlh je prfre mme pas tre au courant
Sinon ajd j'ai pas t en cours a cause de ce ptn d'RER C et de son alerte a la bombe, mais j'ai vu les gens dc a va
Son frere il ma tuer il voulais savoir si je cour vite pour quil minsulte et il sbarre en.courant
Sur le RER C : colis suspect  12:35. Les trains roulent en retard jusqu' la fin du service. Foutage de gueule un peu non?
Sur le retour des cours, je croise Mlanie au rer et Rbecca au bus ! Coincidence de fou de voir ses meilleures amies !
TRANSPORTS PARIS Trafic certainement perturb demain sur les lignes du RER B en raison d'un mouvement de grve
Ta mre accepte bien ta bisexualit?  Ma mre n'est pas au courant.
Ta rem elle cours plus dans la tram pour aller plus vite
Tentative de suicide hier aprs-midi sur la ligne A du mtro  la station Ampre: Le trafic a t perturb...
Tiens mvt social #rerb demain ! Marchait trop bien depuis la rentre ! Je sentais qu'ils allaient frapper un gd coup !!!! C'est fait Grrrr !
Toujours des problmes de train dans le RER D -'
Tous les trains et RER que j'ai pris ajd on eu du retard , super le premier jours
Tout a l'heure j'ai jouer a Temple Run avec les leurs chui descendu du bus j'me suis plus arrter de courir
Tout le monde sort des cours, du travail et toi t'as des cours de #Ebusiness jusqu' 20h30... @ESG #RATP #RERB
Toute manire je suis oblig de courir aprs le bus sinon je le rate..
Trafic fortement perturb sur la ligne de #rera  08:20 le 22/09 #fedlate en savoir plus sur
Trafic fortement perturb sur la ligne de #rera  09:00 le 22/09 #fedlate en savoir plus sur
Trafic fortement perturb sur la ligne de #rera  10:40 le 22/09 #fedlate en savoir plus sur
Trafic fortement perturb sur la ligne de #rera  11:20 le 22/09 #fedlate en savoir plus sur
Trafic fortement perturb sur la ligne de #rera  12:00 le 22/09 #fedlate en savoir plus sur
Trafic fortement perturb sur la ligne de #rera  12:40 le 22/09 #fedlate en savoir plus sur
Trafic fortement perturb sur la ligne de #rerc  14:20 le 22/09 #fedlate en savoir plus sur
Trafic fortement perturb sur la ligne de #rerd  10:20 le 22/09 #fedlate en savoir plus sur
Trafic interrompu sur la ligne 4 entre Reaumur et Barbes (colis suspect  gare du nord). Le trafic est ralenti. #qml #ratp
Trafic perturb sur la ligne de #rera  10:00 le 22/09 #fedlate en savoir plus sur
Trafic perturb sur la ligne de #rerb  09:40 le 22/09 #fedlate en savoir plus sur
Trafic ralenti sur le Rer A en direction de St Germain #qml #ratp
Trafic trs fortement ralenti sur la #ligne8 du #metro #paris #ratp : et un trs bon lundi  tous (avec un gros quart d'heure de retard)
Train Zaco supprim, grve demain, tout va bien @RERD_SNCF ! cc @durovray
Train blind.. !!! Chacun.. Sa place dans le train.. An pa ka lv.. Fuck Zot !!! #RerA
Train de 18h02 supprim, 18h09 supprim, 18h17 LOL, 18H26? On y croit presque plus...#RERC
Train immobilis en panne  CDG Etoile, le trafic est fortement perturb sur l'ensemble de la ligne #RERA #RATP
Travaux #RERC : circulation des derniers trains modifie sur l'axe Pontoise-Pont de Rungis Orly  partir du 21.09 >>
Tu la tiens plus au courant, a lui fait pter un cble. #punchline
Un jour la rage va me prendre et jvais tous les brler les bus de mort , mme pas  pied j'irais plus vite , et sans louper mon bus
Un jours ce que je ferais c'est que je reteindrais mon rveil et je me rendormirais et je louperais mon bus point
Un mec nerv pcqil avait trop chaud a pass sa tte par la fentre. Un autre train  a faillit ne plus jamais avoir chaud #RER
Un tram draille  cause d'un conducteur ivre: L'accident a bloqu l'avenue de Vaudagne durant plusie...  #Genve
Une panne de courant touche la rgion de Sunny Corner, des quipes sont en route pour enquter.
Vais rcuprer mon Splitter HDMI, ce matin vais essayer de le faire marcher. Je vous tiens au courant.
Vas y pour la peine je te boude et tu ne sera pas au courant de l'histoire avec coco !
Voil je voulais pas m'arrter de courir donc j'ai loup le tram...
Voir les gens louper leur bus et courir derrire  7h30 du matin, a met de bonne humeur. VDM  toi, le prochain sera le bon !
Y A TOUJOURS DES GENS CHEZ MOI ET JSUIS JAMAIS AU COURANT WLLH PQ MES PARENTS ET MES FRERES ONT UNE VIE SOCIALE 8256565X PLUS GRANDE QUE MOI
Y'A EU UN ACCIDENT DE BUS JE SUIS CHOQUER
Y'a un couple portugais dans le bus ils me font trop rire
Y'a une meuf dans mon groupe de sport elle a un corps de ouf mais sa tte elle est bof. Crari j'lai vu dans le RER b
YEPEERT @dan_romero_83: Colis suspect station Saint Michel,Trafic RER interrompu..... @nemopussy1
YEPEERT @dan_romero_83: Colis suspect station Saint Michel,Trafic RER interrompu..... @nemopussy1 #QML
Youhou problme de RER  Vincennes, les trains sont bonds ptn!
a faisait longtemps... "@infos140: Trafic certainement perturb demain sur les lignes du RER B en raison d'un mouvement de grve"
a fait une semaine que j'ai repris les cours et je peux vous dire que courir entre le train le mtro et le bus matin et soir c'est chiant
a fait une semaine que jai repris les cours j'en peux dj plus du RER !
a me fait rire tu leurs pose une question est tu es au courant de tout
ajd j'suis alle  la MDL et Luc, comme d'hab, m'a fait tllmt rire que j'ai recrach tout mon oasis et j'suis sortie en courant et tout
avec caro on est toujours les dernires au courant des nouvelles dans notre classe On tait deter a faire un contrle alrs qu'y en avait pas
bref chui malade j'ai pas arrter de tousser j'avais du mal a respirer pendant les cours Jsort des cours a 12h on va vers le tram j'tait
bref j'tais  l'arrt de bus, puis j'entend des pas derrire moi jcroyais c'tait ma pote, du coup jme retourne avc un grand sourire-
constat #ratp : j'ai recommenc  mettre des soutifs pck j'en avais marre de me tenir les seins en courant aprs mes rers
ds le bus il y a avait 2 couples derrire moi, ils m'ont saoul  s'embrasser non-stop l
en plus, mes parents ne seraient mme pas a courant
en vrai l'anne dernire je loupais le bus 4 fois par semaine mdr
faut que j'me lve sinon j'vais louper mon bus comme la semaine dernire
il dit ne pas etre au courant de la gestion des comptes de sa campagne et il veut gerer la France a fait peur
il est trop en retard le bus en plus je suis sre je vais louper mon autre
j'ai louper le bus ta mre la pute
j'ai quand mme de la chance que ma mre m'emmne en cours tout les jours, jme verrais pas prendre le bus
j'coute un musique elle me fait trop penser au bus l'anne dernire mama @PaulineComtesse
j'tait dans l'bus, une beurette a traverse,j'ai dit au chauffeur "ralentis c'est orange",tout l'mondes ma...
j'vais avoir pris tous les rer d'idf youpi!
j'vs jure que ce matin laura a mont dans ma voiture ma mre a failli partir en courant tellement elle a eu peur
je loupes mon bus, petite game de fifa en lger
je sens je vais tre la paume de ma classe qui sera mme pas au courant des histoires
je suis pas du genre a me laisser faire, quand quelque chose ne va pas, on le sait ! et tu seras le premier au courant.
jsuis tellement dans mes penses que je serais capable de louper mon arrt de bus mdr
la prochaine fois si tu veux faire tes choses l, sache que je serai toujours au courant, tt ou tard.
le RER C c'est d'une toxicit ya 3 train suppr daffil jsuis obliger daller a montpar pour rentrer chez moi sa race..
le chauffeur du rer qui nous souhaite bon apptit si on mange dans l'heure qui suit.... Nan j'ai cours moi haha; mais c'est gentil
ma mre est au courant pour mon heure de colle
maintenant ya tt lmonde qui est au courant que jvais faire du yoga, mme la mre  mon pote
mdrrr jviens de m'exploser en courant vers mon lit ntr j'ai trop mal.
mn rituel du matin  moi c'est de regarder Carla courir aprs le bus, tranqs  l'arrire
mon frre qui est dans le bus, en voyant que je l'ai loup il me fait un fuck ce pd
mon futur mec: pas la peine de m'emmener dans un restau de luxe je partirais en courant, fais juste bouillir l'eau et prpare le gruyre.
mon pere quand il regarde une video du bled la toute la maison doit tre au courant
mon pre qui veut pas que j'aille en cours, ma mre qui rtorque "tu dis qu'il a grve des bus" (oui maman juste pour Lindsay) je les aimes
par contre flemme de prendre le train, tram, bus demain c tellement la galre avec tout le monde qu'il y a
pas ralenti mais stopp depuis 40min RT @RERA_RATP: 11:03, le trafic est ralenti sur la ligne (panne de matriel) #RATP #RERA
putain elle pourrait crever que j'en serais mme pas au courant.
putain j'ai loup mon bus, la galre.
quand estelle raconte qu'elle a perdue son chapeau dans le rer  cause du vent, j'la vois trop courir aprs sans pression  @SoUrbanGirl
quipe de dminage ptdr ya un gamin qui  laiss son sac de cours dans le rer c'est tout calmez vous les frerots
rveil d'fdp habit parfum bus  cour repas cour bus maison repas dodo ,sa recommence
si j'arrive dj  faire 5km en courant, a serait bien. Mais 10 c'est mon objectif !
si jme prend trop la tte avec ma mre ou que je loupe trop souvent mon bus, ma mre veut me mettre  l'internant..j'en ai vraiment po envie
t'en as, ils sont l "ouais les filles compliques c'est les meilleures" et  la premire contrarit a se barre en courant.
t'oublies ton portefeuille au lyce concrtement y'a-les CDIstes-les surveillants-les profs-Manuel Valls,-ton pre qu'est mis au courant
tu vois ton bus arriv, il ralentit, il s'arrte, te regarde, puis il s'en va, sans prendre personne fdp
