"@South_bulding: vos mres sont au courant quand vous prenez leur perruque pour faire des vines juste pour faire rire des blancs du 27 ?"
"Barque contre courant, sans cesse ramen vers le pass"
"Oh... Il n'y a plus de courant ... C'est le pre Nol ! J'ai peur ! " XD elle m'a tue.
"a me ferais vraiment super super plaisir que tu viennes chachou " tkt que dit comme a je vais venir en courant moi je te le dit!
#SiJeJouaisDansUneSerie Je serai la secrtaire du prsident dans la srie #Scandal..elle est au courant de tout..!
#Team228 Bjr comment tu vas? J'espre que ton nol se passe bien.,Es tu au courant d'une soire / concert /...
#buzz Un chauffeur de bus pte un cble aprs un accident (Chili)
#rerb #ratp Accident grave de voyageur a #denfertRochereau. Trafic perturb. OUAIS OK MOI JVAIS RATER MA SEANCE DE CINEMA BANDE DE TIMPS
15:45, le trafic est interrompu entre Luxembourg et Cite Universitaire. Retour  la normale  17:00. (accident grave de voyageur) #RERB
16:46, le trafic reprend progressivement (accident grave de voyageur) #RERB
16:47, l'arrt n'est pas marqu  Denfert en dir. de St-Remy / Robinson (accident grave de voyageur) #RERB
16:58, le trafic est ralenti sur la ligne (accident grave de voyageur) #RERB
1750 clients dHydro-Qubec sans courant dans les Laurentides et 400 dans Chaudire-Appalaches. La nuit de Nol dans le noir. #MeteoQc
24 000 clients d'@hydroquebec toujours sans lectricit, mais dans la dernire heure, 10 000 clients ont retrouv le courant. #rcqc #rdi
@ALancelin Vous obsdez les penses de #Finkie. Il propose un dbat Badiou/Rancire, a t'il vu "contre-courant"? :)
@Acid_no_Hime ma mre a jamais eu de soucis j'attends un colis donc je peux te tenir au courant !
@AllanPre Je parle de toi au coup tu serais pas au courant
@Arrow_2206 mdr ouais bah je sais pas quand je le commencerai. Tu seras au courant de toute faon x)
@BurattoMargaux *se retourne courant maintenant en arrire te regarde et secoue la tte ngativement*
@Bzezzz @GodMinouu MDDDDDDDDDDDDDDDDDDDR nn tu seras pas o courant pcq jle suis pas ptdr
@Camillissima_ oh a moi aussi ce serait top, tu viens dodo chez moi? On se tient au courant alors
@CeriseLand37 si tu as des nouvelles tiens moi au courant incha Allah stp ce serait gentil
@ChristophePcino Stan n'est pas au courant que Shirley est la mre de mick?
@Chxniouni sa pu sa mere 30bb t o courant
@Damien_Riou mmhh d'accord. Ben je serai chez mon pre donc si tu veux qu'on se voit tiens moi au courant !
@Dany_akrs Oui, j'espre qu'ils vont maintenir ce rythme. Tu peux me tenir au courant de l'volution du score stp ? ;)
@Diam0ndsRicci ok ok :/ tiens moi au courant j'espre a va aller :)
@DirtyDinaBitch je te tiens au courant babe pour l'instant j'suis chez mon pre et je travaille comme une folle
@DolleansBapt dac tiens moi au courant je serais dans les parages
@Donuts_Sweets Owi ce serait vraiment cool. Tiens moi au courant, mais fais pas comme cet t. :') En tout cas a me ferait grave plaiz'.
@Emaboveari tout prs, tout prs :-) a fait 1h30 de train, un htel, du RER et un endroit o prendre une douche. Faut tre motiv !
@EmmaGlltn Tu seras au courant quand ce sera le cas, et on refera comme en juillet
@EvansLilyRPG *laisse les larmes coules, une main sur sa joue. Relve la tte vers elle* Je ne voulais pas.. *se recule et sort en courant*
@FawleyRP *La voit faire et explose de rire en courant et la rattrape un peu* Allez dpche toi un peu !
@FoolekFlow Ta mere ces une pute et toi tes un fils de pute t'tait pas o courant hiin
@Gaellewants ah tu viens pour nouvel an ! Pas sre d'tre sur place alors... on se tient au courant ;)
@Ghost_Ard exact c'est pq J prfre allez  contre courant et tre heureuse qd je le choisi pas qd ces gzns me l'imposent
@HadjiatYanis @FinestSquad met tu seras mis au courant par @FinestSquad
@HannaBkh_ waaa j'tais pas au courant putain j'suis  un repas de famille :((((,Et le trois je l'ai jamais vu parce qu'il est trop triste
@Harvike_ Je vais peut-tre chez Amlie Samedi mais ce n'est pas encore sre. Je te tiens au courant.
@Hello_Gello ah ce serait norme! :D tiens moi au courant alors! ;),Ton franais est proche de la perfection! :p
@ImTysonEnRage je suis dans mon pieu xD et je bouge chez mon bro aprs. Quand je re vient je te tiens au courant
@Israel_Paix Que cela soit le cas ou non, je tiendrais au courant, sa mre de la divulgation de ses informations personnelles.
@James_Riddle_ Ta mre n'avait pas l'air d'tre au courant. *sort l'autre dague* Elle est pour toi celle-ci.
@Jeliebersloveuu tu sera au courant si ce jour arrive
@JeriChris10 je suis au courant, jinroh va pouvoir regarder dehors pour la premire fois de sa vie :(
@Kiks1D_WAT j'espre qu'ils la liront  tu me tiens au courant omg
@LaurieLglt oui mais je crois pas que mes parents sont au courant et mon pre finis  13h appelez les pour les prvenir
@Lilevans_RPG *Te voit au loin, pousse des gens en courant vers toi*
@LilyRPGCS Lily *te sourit* *emma rentre en courant lgerement*
@Lintz_Marion au moins ton pre est au courant...
@LukeRPGDSP *tourne la tete vers toi* au courant de quoi?
@MaisonMonsta: FRESH ASS HELL,   Jespere vos meres sont au courant de sa
@MaximCoo Oui mais bon si je le demande ils vont savoir que c'est mon frre qui m'a mit au courant et ils vont trouver l'excuse -
@MaximeBanane @RERA_RATP Mdr le Beyer dans le train le casque le plus styl du monde :)
@Miss_Couette Autant la mettre au courant alors, a acclrerai les choses et puis tout l'monde s'en tirerai "correctement"
@MizusuMizuy je pense quand mme survivre grace a Berserk et Golden Wind, tu sera au courant se soir si je suis mort de dcs ou non
@MoucheArabi on a fait tout le trajet jusqu' la piscine, on a vu de la lumire dans lzs vestiaires on s est barr en courant comme des cons
@MylenePaisant C'est bte pour lui.. Mais c'est fortement possible qu'il soit pas au courant, si il serait capable de vendre la meche !
@Neness_G tu parles grave mal depuis tes en couple oubli pas ton pass le fameux RER
@OussosRcm je sais mme pas c'est mon frre j'te tien au courant
@PlayStationFR et qu'en est il du piratage du PSN? La moindre des choses serai de tenir les gens au courant!
@Quester4 Yup, j'tais au courant, j'ai mme mul son style pour m'entraner tellement je l'adore.
@RERA_RATP Bonjour, demain il y a des horaires spciales (train toutes les 30 minutes sur votre site) sur l'axe Paris - Cergy ?
@RERB comment est le trafic sur la ligne et sur orlyval aujourd'hui ?
@RERB merci d'avoir supprim le train irli au dernier moment.
@RERB vs avez pas de chance. 2 accidents en 2j. Courage a l astreinte !
@RERB: 16:58, le trafic est ralenti sur la ligne (accident grave de voyageur) #RERB Un jour InshaAllah il y aura un trafic normal !!
@RERC_SNCF d'accord combien cela coute-t-il?
@RERD_SNCF Bjr, si vous rechercher quelqu'un pour Info trafic RER D je suis preneur ! Depuis Facebook ?!
@Red_Panda0 Tu me tapes si je dis que je prfre mon copain ? 8D *fuit en courant *
@Reg_BlackRPG T'es un mangemort... Caly est pas au courant mais si elle l'tait elle prendrait la fuite avec Alec
@RemusLupinRpg *clate de rire en courant tel un troll  cause de la neige*
@RemusLupinRpg *tire aussi la langue* Prpare toi  mourir sous le coup de mes boules ! *part en courant vers la sortie*
@RemusLupinRpg T'as intrt  courir vite ! *se relve et te poursuit en courant*
@RevoOfficiel Suis les tu sera au courant de tout
@Screw_Alissa t'es au courant jtai envoy un MSG t'as pas rep
@ShipperDealer Tqt pas ^^ tu seras la premire au courant :3
@Shiroi_X_Kiba @AlmahdiPrgrinos ya aucune chbran frere le courant ne passe pas
@South_bulding: vos mres sont au courant quand vous prenez leur perruque pour faire des vines juste pour faire rire des blancs du 27 ?
@StylesLikeShai Tu me tiendras au courant de twitter comme la dernire fois
@Swillfreat J'tais mas au courant que les goulags avaient t repris ! C'est intressant
@TSeveyrat1789 Rires ... Merci de me tenir au courant, lorsque vous saurez !!!,Savoir vaut mieux que croire ..
@TheCalion60 le truc c'est que sa mre est pas au courant, si elle l'tait a irait 100x plus vite
@TheWalkingDalek je serais parti en courant pour pas rentree dans le trou
@Trash3r_ J'espre ahah ! Je te tiens au courant t'inquite pas
@VivienSD oui et le ELBA de 12:10 (dpart SQY) a t supprim  cause d'un problme lors de la prparation du train @RERC_SNCF
@XxnialltwerkXx okay no problem personne sera au courant
@Yo_Filips yep je suis rentr, je vais manger chez mon pre ! Je rentre plus tard ! Je te tiens au courant ne t en fais pas bichon
@YoannGaudence la pompe gnre un lger courant dans l'aquarium, et il est pas habitu :(
@YoannRatcliffe c'est @FUCKCRUCIFIX qui hack, regarde ce compte tu seras au courant de quand tout sera remis...
@_Gourgandine_ argh, ouais. tu peux ventuellement faire jouer la clause secret . z'tes les premires  tre au courant.
@_TortueGeniale_ Onnaing city zoo, fais gaffe quand tu prendras le bus lol il va te mettre un coup d'haltre lol
@_iwantash_ c'est juste l'cran qui m'a lcher, ma mre est pas au courant
@accioseamus_ -que je compte danser un minimum, et si ma cavalire ne veut pas je veux tre mis au courant pour en trouver une autre.
@adrien_pikachu @Tarekcitant tiens nous au courant a serait grave cool
@aer0K tient moi au courant des scores j'ai la flemme d'aller voir tute les 2 sec stp
@anelkawa j'espre que c'est pas le pre noel putain !!! tiens moi au courant a m'inquite !!!
@angeloblyweert tqte frere j'te tiens au courant de mes ptits bails
@arcticnessy @bemineausty coran AU CAS ou tu serais pas au courant
@chaffautinfo @RERC_SNCF Dommage ! Pas de matos de rserve, ou temps insuffisant pour dgarer un nouveau train?
@clems1410 elle est au courant quand mme ta mre ?
@collinsrpgbsd je te tiendrai au courant hm ouais. -hoche un peu la tte et la voix le redit a nouveau pour ton vol- bon...
@constxnce_ Mais laisse tomb ; la terre entire est au courant !
@datswinoow Et c'est  quelle date? a serait cool, que tu puisses y aller avec ta mre! Tiens moi au courant.
@enervaxx ont la aperu avec sont chariot pour la dernire foi courant prs de la frontire turc mdrrr tu ma tue
@filthycth @fangirlxconfess t'es au courant que ta mere c une pute
@flowpieterse MDDDDDRRR UNE FOIS IL ME CRIAIT DESSUS G CRU IL ALLAIT ME TUER MA MRE EST VENU EN COURANT
@horandtamera je te jure il est grave rapide c'est wow ! J'espre que tu l'auras tu me tiens au courant !
@ilovewxtson @claflinrocks (mais vous serez les premires au courant)
@imKaayZ non le fil qui relit la xbox et la prise du courant
@instxble_ Exact tien moi au courant quand ta les dates comme a je ferais en sorte qu'on se voit un peu la ba
@izaynclouds Oui oui oui ne t'inquite pas tu seras mise au courant ds que je sais
@kaillya ptdrrrr j'ai vue des images  sinon je serait pas au courant wesh  ces un pote qui ma montrez hein
@mitchell_mars ouuuui ahah trop mignon! On se tiens au courant! Envoi moi un message pour que je rcupre ton numro!
@mondouxnuage non mais tu comprends pas  elle s'est engueule avec sa mre et tout ses abonns doivent tre au courant
@muslimpro @AnonTunisian a sera valable sur un accs gnral ou qu'en France ou nous sommes au courant de ce fait grave ?
@ngontap Je suis impatiente de voir toutes les nouvelles actualit (au moins je serais au courant)
@nico_bard @Nicolasasc ouuuui a serait archi lourd et tenez moi au courant que je vienne pcq jsuis votre rayon de soleil
@noska_seo @rudy_som @XavDrone apres vu la fragiliter a mon avis la casse du 1er vol est tres courant chez les 1er ardr'honneur
@perbouy flemme mdr, je prfre etre au courant de tes interactions
@perfctpayne haha on fera a si vraiment il voit pas mes MP ! Dernier recours  je veux pas que toute la populasse soit au courant
@pers_nongrata oui jsuis au courant tkt
@saiboubou mdr NSB reprsente ! Ils sont dj tous au courant a, a me suit tous les jours  #tristevie
@sawye_rpg -te pose sur les escalier et entre courant dans les escaliers vers la sdb-
@sickmydck Mais bon vu le cadeau, il fallait mieux que je sois au courant pour etre sur que je m'en sers
@simoncurtil salutations  la tte de liste dans la rue vers la page d'accueil pour la premire partie en courant et de son fils
@smilexofnialler enft 3 mauvaises notes mais ma mre est juste au courant pour la dernire
@so_gaybulous jvais p-e aller chez ma grand mre mais c pas sr, j'te tiens au courant
@soussoueg: @magomedovic oh ptn essaye d'abord de grer le mtro pck sinon t'vas repartir en courant dans tes prairies la
@stevofarnham 18 000 clients sont privs de courant (principalement Lanaudire, Laurentides et Montrgie). Y'en avait 34 000 ce matin !!
@sweetdisastvr Ma mre est au courant de a t'inquite pas
@victoriaantls t'tais tellement mignonne  tre au courant de rien  ton pre m'a fait kiffer!
@yourshmings -mais entre deux on m'avait dit que c'tait Orly donc j'ai pris le RER enfin j'ai galr un peu je crois que du coup j'tais-
AAAAAH J'tais pas au courant mais dans le prochain jeu DBZ on pourra se crer un perso de la race de FREEZER DF?VM?DFMG?
ATTENTION!!! ATTENTION!!!  TOUS MES FANS!!! CETTE PUBLICIT EST MENSONGRE... JE NE SUIS PAS AU COURANT DE CET...
ATTENTION!!! ATTENTION!!! A TOUS MES FANS!!! CETTE PUBLICIT EST MENSONGRE. JE NE SUIS PAS AU COURANT DE CET...
Accident avec le tram : plainte de la famille:
Actu : Patrice Louaisel de Respa Seul: "L'isolement de nos gramounes pendant les ftes est courant"  #Pei /
Ah parce que Narnia c'est le paradis et ils sont morts ds le train qui a eu un accident? pq jsuis au courant qu'en fin 2014
Alerte ! Certains trains sont supprims sur l'ensemble de la ligne #RERE #KO
Alerte ! Prvoir un allongement du temps de parcours de 10  30 min sur la ligne #RERD . Retour  un trafic normal est prvu vers 22h30 #BOF
Alors cest quoi cette nouvelle mode de se mettre sur les voies et bloquer les trains ? Cest pas l'moment les gars jsuis dans le rer D
Alors qu'en vrit ce n'tait mme pas lui qui l'a publier et lui-mme n'tait pas au courant ! Mais les frres se prcipitent /4
Attention ! Certains trains sont supprims sur la ligne du #RERE , le pre Nol ne fait pas de cadeau #KO
Attention ! Plusieurs trains sont supprims sur toute la ligne #RERE #KO
Aujourd'hui, Olivier pour vous informer en temps rel sur l'tat du trafic du #RERA. Bon voyage et Joyeux Nol #RATP
BIG UP aux conducteurs de train de toutes sortes qui bossent auj (mtro, RER and co)
BUS 72 ACCIDENT DESCRIPTION,
Bagarre gnrale dans le rer pour une poupe Reine des neiges.
Bjr comment tu vas? J'espre que ton nol se passe bien.,Es tu au courant d'une soire / concert / vnement......
Bon bah mon pre est au courant
Bonne nuit, demain je sais pas si je serai tres presente, je vous tien au courant mes ptit panda
Bonsoir  tous, nous faisons ce statut pour vous mettre au courant du nouvel re de FUTArmy ! La page ayant t...
Bravo  la @GroupeRATP pour ses noms de trains sur le RER A trs sympas :) - ZEUS,-OPAK Sympa pour les touristes :-)
C pr ca je cherche une relation amicale si naturelle que les blancs seront aussi normals qu'avec mon frre tenez moi au courant
Ca va, a parle pas encore politique  mon repas de nol. Pas de pertes recenses pour le moment. Je vous tiens au courant.
Certains trains sont supprims sur l'ensemble de la ligne #RERE #KO
Certains trains sont supprims sur la ligne du #RERE , le pre Nol ne fait pas de cadeau #KO
Comme d'hab j'vais de nouveau tre la dernire au courant que mon frre se casse vraiment.
Coupure de courant en plein repas
Courir derrire le bus (et le manquer) pour aller bosser un 25 dcembre. J'ai du rater un truc  un moment...
Damn Pascal il est rentr en coupant le courant dans l'appart pour faire une cl de bras au jeune comme le ferait Vic McKay.
Demain je reois la lettre de ma bft avec la place pour ed mon dieu va falloir que je fasse genre j'tais pas au courant devant mes parents
Des frres salafi conducteur de bus qui vont rcuprer les cadeaux de nol offert par la Ratp, Allahou lmoudta3en craignez Allah!!!
Donc a me fera 120e sur mon compte pargne et 20 sur mon compte courant. Les 120e vont dormir  l'aise.
EDF a voulu faire un coup de chiens vers 04h mais on s'est dbrouill. a s'est super bien pass du coup
Ech mon pre il est pas au courant que c'est Nol, il m'sort "pourquoi cest fermer les magasins, c'est fri?",J'hsite  lui dire la vrit
En cette fin d'anne je propose tjr mes services de pre Nol > si on vous a coup l'lectricit envoyez moi un mp jvous remet le courant
En plus J'voulais prendre le train mais il veut pas mon pre  donc j'vais me taper 3 heures de bus putain
En plus je suis toujours la dernire au courant.
En plus ma famille (a part ma mre ma cousine et ma grand mre) n'es pas au courant que je ne suis plus avec lui.
Enft jsais pas si jaurais mn tel demain pcq mn frere i part ce soir la gt pas au courant dca deja
Est ce que vous savez si aujourd'hui ya les trains mtro rer etc ???
Et je connai juste un peu tout le collectifs France, donc si elle ferai des matchs internationnaux je serai au courant.. Une mytho. #lt
Et l il comprend tellement rien au film que j'ai sorti l'ultimatum final. Sa mre est au courant.
Et le pire c'est quand on me sort "Ah ouais j'tais la premire au courant" euuuuuuuuuh non pas vraiment.
Et ma mre elle est au courant j'suis sre a 100% a se voit comment elle reagi .
Et on prenais le mm bus pour aller en cour ma mre elle a dit ces mort vous aller vous battre dans le bus j'en ramne un
Et tais pas au courant comme a que dans la famille  mon beau pre pouvait y avoir de beaux mles comme a l
Feux d'artifice sur la ligne du #RERC ! Trafic impec #OK
Hier soir, j'ai appris que ma mre t compltement pt de cher pt quand ils sont aller a Hellfest... J'tait la seule pas au courant
Hier soir, y a un pre Nol qui frappe  la porte, mes couz lui ouvre et l il se barre en courant en nous faisant coucou
Hollande ne semble pas au courant qu'aujourd'hui c'est Nol.... obsd  promouvoir sa chre lacit et faire le lit de l'Islam !
Il a un fils de 7 ans. Ce fils il est pas encore au courant de la mort de son pre. Je sais pas comment il vont lui dire. #LT
Il est 04:39 et le trafic est normal sur l'ensemble des lignes de RER
Il est 04:43 et le trafic est normal sur l'ensemble des lignes de RER
Il serait peut tre temps que je m'habitue l je sent le courant d'air passer sous ma serviette
Il y a des hommes ils m'font trop rire t'es au courant qu'ils trompent leur copine tous a
Ils sont au courant mtn peut tre le plan sera pour dans 2 ans. Si Dios quiere
J'AI EU MES PLACES POUR LE #OTRATBelgium J'ETAIT DEJA AU COURANT J'AVAIS TRICHE MAIS OMG COMMENT MA MERE ELLE A FAIT CA C'ETAIT SUPER!
J'ai des parents ouf : 3h de l'aprs midi, ma mre arrive en courant "On a oubli un de tes cadeaux ce matin.." Ah ils sont uniques! :D
J'ai eu l'iphone 5C vert sauf que ma mre tait pas au courant qu'il fallait une micro Sim quand on passait du 3GS au 5 ....
J'ai parl toute la soire  Antoine, rsultat mon 1er smiley le plus courant est
J'ai pas russi a rcupr mes lunettes aprs la dernire soire chez Lucie, si quelqu'un sais ou elles sont tenez moi au courant svp!
J'crois j'viens d'apprendre un truc sur ma sur ... Et j'crois que ma mre elle est au courant.
J'espre j'ai pas pris froid psq toute la journe dans le train et mtro et RER y faisait chaud et quand je sortais y caillait..
J'espre que la neige arrivera le 4janvier au soir comme a le 5janvier pas de bus donc pas de cours.
J'espre que le Pre Nol tait au courant que l'interdiction des feux de chemin dans Paris n'a finalement pas t adopt ! #JoyeuxNoel
J'espre que personne sera au courant et que tout sera oubli.
J'tais au courant dj mais sa manire de sortir a
J'te jure ton ex sera bien au courant de tout sa:). Tu vas t'en mordre les doigts.
Jai entendu @AnissNvak il est forgemage lvl 150 il jette des sort quand il rate le tram cest pour sa ya que des accident fdp
Je cite... "Courant 2015, n'hsitez pas  venir visiter et (re)dcouvrir ce pays magnifique qu'est le Maroc et...
Je fait tjr mes plans avec ma mre pr pas que mon pre soit au courant et pte un cble
Je sais pas si ces gens sont au courant : ne pas avoir de quoi manger a peut tre aussi problmatique quand on veut fter Nol.
Je vais ouvrir mes cadeaux  8h et j'espre qu'il y a ma tablette dedans ! (Je vous tiens au courant)
Je viens de regarder 2 films d'horreur avec mon pre et la y a eu une coupure de courant quand j'tais sous la douche j'ai eu trop peur x)
Jm rapl qnd jt allez chez elle . Son gars i dormai chez elle sa mre elle tai meme pas o courant
Joyeux Nol  tous !,Pour ceux qui seraient pas encore au courant notre dernier EP "L'Importance Des
Joyeux Nol twitter, en direct live du RER alias le train de l'enfer
Jsui le genre d'inconscient si j'ai une shnek'zer personne n'est au courant. Mme moi jsui pas au courant zebi
Jvien de me rveiller avec jovialit , jme dirige en courant vers mon sapin , en criant "MAMAN ILS SONT O MES K-DO"
Kirikou c'est quoi cquil bouffe pour courir plus vite qu'un phacochre et une panthre ? Donnez m'en jvais a la fac en courant
L'accident grave de voyageur  Denfert sur le rer B -> plus trop de rer -> retour en voiture. Quai de Livry plong dans le noir en passant.
L'anne 2015 sera t'elle une nouvelle re pour #SharkHypno?! Je vous tiens au courant prochainement #RT et Follow pour etre le 1er averti
L'infotrafic RER E : trafic perturb le jeudi 25 dcembre 5:00 #rerE -
La dernire fois on ma raconter un truc sur les lectriciens j'tais mme pas au courant
Le fracas silencieux dun courant de lumire  #Enseignement
Le fracas silencieux dun courant de lumire  via @MooreGregory
Le jeu Bravely Archive : Ds Report fera son apparition au courant de l'anne prochaine. Pour en savoir plus, visite :
Le pire cst que je suis cens ne pas tre au courant, donc je doit cacher ma colre ma tristesse mon angoisse tout. Comme toujours
Le pire, c'est que je crois que ma mre est au courant...
Le rendu de mon FAQ est quasi fini :) elle sera poste dans la soire ! Je vous tiens au courant \o/
Le son Ya Mado,Mddr il part en couille jusqu' dans le rer ils sont l  ambiance tout le train Nous les Z toujours dans l'abus
Le trafic est interrompu entre Luxembourg et Cite Universitaire sur la ligne #RERB . Retour  la normale  17:00 #KO
Le trafic reprend progressivement sur la ligne #RERB #BOF
Les gens qui prennent des photos des trains du RER H et les mettent sur Twitter moi jvous vois comme des chintok qui visitent Paris
Lol ma mre tout  l'heure quand elle est partie en courant
Ma grand mre trouve que je bois trop ...,J'ai bus 3 coupes de champagne aujourd hui ...
Ma mamie elle m'a dit "toi tu fume pas hein faut jamais commenc" slt a fait 3 ans j'fume mais tu sera jamais au courant
Ma mre : "Oh t'as vu y a une expo HarryPotter?" NAN SRIEUSEMENT MAMAN JE SUIS PAS DU TOUT AU COURANT
Ma mre elle est entrain de dire "on viens dimanche aprs-midi" a sa tante ,elle est au courant que samedi soir j'vais tre loin ou pas :(
Ma mre est au courant que je suis nazie c'est pas vraiment a qui me drange mdrrrr
Ma mre est au courant. Elle a rien dit ouf ! Mme ma sur a pas arrter ca la soler. Des que je parler c'tait "et Joachim"
Ma mre est venue en courant vers moi, j'ai cru qu'elle allait me defoncer en fait c'tait pcq c'tait l'heure des princes de l'amour mdrrr
Ma mre m'appelle en hurlant je viens en courant comme une begra et l elle me demande de mettre la chargeur qui est juste  ct d'elle !
Ma mre passe devant la tl et elle dit " Ton amoureux Clarisse " en montrant Thomas Sangster  Elle est au courant
Ma mre qui m'a fait hier tu sais que tu n'aura pas de cadeau ce soir. Pas de soucis j'tais au courant
Mais mon pre nest point ay courant
Maman dois-je te repter que j'ai 17 ans et que je suis au courant pour l'inexistence du pre nol ?
Manque plus que les cadeaux chez mon pre h mme si je suis dj au courant
Mdddddr ma mre elle es meme pas au courant que J'part en tunisie  Elle va me tuer #Nounou
Mdr coupure de courant. Il a prit cher le vinyle  s'arrter comme a.
Mdrr mon frre ds que je l'approche il croit que je vais le frapper et il se barre en courant :D
Mdrrr comme prvu , elle sera la seule au courant
Merci c gentil t'es au courant des dernire news ?
Mes petits frres ils sont sortis en courant de leur chambre mais tant que moi et mon frre on se lve pas ils ouvrent pas leurs cadeaux
Meteo du #RER (#ratp) : KO () 25/12/2014 a 15:57 Trafic normal sur l'ensemble ...
Meteo du #RER (#ratp) : KO () 25/12/2014 a 16:09 Trafic normal sur l'ensemble ...
Meteo du #RER (#ratp) : KO () 25/12/2014 a 16:57 Trafic normal sur l'ensemble ...
Meteo du #RER (#ratp) : KO () 25/12/2014 a 17:09 Trafic normal sur l'ensemble ...
Meteo du #RER (#ratp) : KO () 25/12/2014 a 18:49 Trafic normal sur l'ensemble ...
Meteo du #RER (#ratp) : KO () 25/12/2014 a 19:33 Trafic normal sur l'ensemble ...
Meteo du #RER (#ratp) : OK () 25/12/2014 a 04:41 Trafic normal sur l'ensemble ...
Meteo du #RER (#ratp) : OK () 25/12/2014 a 19:09 Trafic normal sur l'ensemble ...
Meteo du #RER (#ratp) : OK () 25/12/2014 a 21:58 Trafic normal sur l'ensemble ...
Moi du moment que ma mre est au courant de mes frquentations ainsi que mes attitudes il n'y a aucun problme
Moi j'ai commencer  jouer  FIFA 98 sur GameCube mme les joueurs couraient tout droit en mode sa courait derrire le bus
Moi mes parents ils sont pas au courant de mes dlires de fangirl hein, juste un peu ma mere
Mon cousin qui arrive en courant " estelle estelle j'ai vu le pre Nol !!"
Mon frre a vu sa moto par la fentre il est parti en courant
Mon frre qui me sort "je viens de voir le pre Nol il m'a fait coucou". Je sais pas vrm s'il est au courant de son mito
Mon pere il m'a parler de mon appareil photo mais j'ai fait style "je suis au courant de rien et je m'en fiche total" !
Mon pre a offert a ma mre un truc pour la nage a contre courant pour la piscine mdrr
Mon pre il a dit a mon frre et a ma soeur ''celui qui gagne il a 5" j'ai sauter du lit et je suis partie en courant dans le salon x)
Mon pre il est mme pas au courant
Mon pre n'est pas encore au courant que j'ai perdu mes lunettes de soleil, il vas me tuuuuuer :O
Mon pre n'tait pas au courant en mme temps il savait pas pour toi. Et je pourrais voir que les filles qui vont au concert...
Mon pre veut dmissionner  cause d'une remarque de ma sur.Ok.,Mais t'es au courant que si tu fais a on est dans la merde ?
Mon pre y'a eu une tablette oklm j'tais mme pas au courant mdr
Mskina mon frre il est venue me faire chier ilbest partit en courant il est tomber et s'est fait mal salement,Satan ta puni petit
Mtro Ligne 1 en rpercussion d'un incident technique, le trafic est ralenti sur l'ensemble de la ligne. Trafic normal sur les [1/2]
Mtro Ligne 13 En rpercussion de la prsence de voyageur sur les voies, le trafic est ralenti sur l'ensemble de la ligne. Tra [1/2]
Mtro Ligne 5 En raison d'un malaise voyageur  Oberkampf, le trafic est ralenti en direction de Place d'Italie. Trafic normal [1/2]
Mtro Ligne 5 En raison d'une panne de matriel  Hoche direction Bobigny, le trafic est ralenti sur l'ensemble de la ligne Tr [1/2]
Mtro Ligne 5 En rpercussion d'un malaise voyageur  Oberkampf, le trafic est ralenti sur l'ensemble de la ligne. Trafic norm [1/2]
Non, en fait j'ai choisi samedi comme a je peux esprer voir mon copain dimanche, ma mre aura mme pas besoin d'tre au courant.
Normal que les frres me tiennent au courant, ils se sont fait Tazer.
OK donc il vient d'y avoir une coupure de courant  cause du chargeur d'iphone de mon frre apparemment pcqu'il  pt. c'est trs bizarre
Olivier comment il la remballer ptddddr sa aurait tait moi je serais parti en courant
On va dbarquer en courant comme des guerriers chez le frre LeSupplice haha #lrt
Oups, trafic ralenti sur la ligne #RERB #BOF
Padam...padam...padam... Il arrive en courant derrire moi
Panne de courant ... @hydroquebec je fais comment pour la tourtire, les saucisses dans le bacon et toute le souper??
Pasteur Dr : accident at Pasteur Dr -
Pk jretweet des tweets en espagnol moi? jsuis sre enfait jsuis bilingue mais personne le sait. Mme moi jsuis pas au courant enfait
Plus de 24000 clients d'Hydro sans courant
Plus de 24000 clients d'Hydro sans courant  gardez-vous d'la bche de Nol...au cas
Plusieurs trains sont supprims sur toute la ligne #RERE #KO
Problme courant chez free : Tlphone jamais reu
Prvoir un allongement du temps de parcours de 10  30 min sur la ligne #RERD . Retour  un trafic normal est prvu vers 22h30 #BOF
Prvoir un allongement du temps de parcours de 10  30 min sur la ligne #RERD . Un retour  un trafic normal est prvu vers 21h30 #BOF
Ptn je suis la dernire au courant
Putain des fois j'tweet des trucs de ouf et rien mais l j'tweet que j'vais bgre c'est bon le monde entier est au courant
Quai du rer B, un train de banlieue arrive, les gens du coup hsitent  monter. Montent quand mme finalement. 30 secondes avant de partir..
Quand j'ai sonn pour faire genre c'tait le pre Nol , grosse coupure de courant dans toute la maison ! Synchro avec le disjoncteur
RER B : le trafic reprend entre Luxembourg et Cit Universitaire, aprs un accident  Denfert, retards possibles sur toute la ligne
RER B c'est le plus lent de tout les train de l'le de France
RER D: trafic ralenti,Le 25 dcembre 2014 de 20:35  22:30 En cours Dernire mise  jour : 25/12/2014  21h18...
RT @228liveydream: #Team228 Bjr comment tu vas? J'espre que ton nol se passe bien.,Es tu au courant d'une soire / concert /...
RT @Amajuku: Rveille  9h30 pour les cadeaux, 4h de sommeil, gueule de bois, pis srieusement  19 ans j'suis au courant pour le Pre Nol
RT @Antoinedptville: @victordeflo @thomdbt @StanCurie Il faut pas parler du Pere Noel qui existe pas sur twitter parce que les STMG sont pas au courant
RT @BaazaVlp93: RER B c'est le plus lent de tout les train de l'le de France
RT @Bryan_Yang: RT Si aujourd'hui ta vue une maman laiss sont enfant seul dans un rayon t'lui a dit "LE PERE NOEL EXISTE PAS" t parti en courant
RT @CIaudeFrancois: RE JE SUIS LA, DSOL DU RETARD J'AVAIS UNE PETITE COUPURE DE COURANT
RT @Camille_salloua: @nico_bard @Nicolasasc ouuuui a serait archi lourd et tenez moi au courant que je vienne pcq jsuis votre rayon de soleil
RT @CapucineBdh: Y'a des anglais qui font pter des ptards et qui hurlent ds que ca pte. Ils sont au courant que cest le but? Les anglais sont cons
RT @ChloeValois: @AllanPre Je parle de toi au coup tu serais pas au courant
RT @Cinq_Cent_Neuf: Taleur a Denfert-Rochereau y'a un gars il c jet au moment ou le train il allait venir  #RerB
RT @DsilvaMlanie: J'ai parl toute la soire  Antoine, rsultat mon 1er smiley le plus courant est
RT @EloVgle: Olivier comment il la remballer ptddddr sa aurait tait moi je serais parti en courant
RT @Faustine_76: Lol ma mre tout  l'heure quand elle est partie en courant
RT @GBihan: Les gens de 15 ans qui espre rester toute leur vie avc leur bail, la vie c'est long, les changements c'est courant
RT @Gbedeka4Richou: #Team228 Bjr comment tu vas? J'espre que ton nol se passe bien.,Es tu au courant d'une soire / concert /...
RT @GuzzProductions: Ca va, a parle pas encore politique  mon repas de nol. Pas de pertes recenses pour le moment. Je vous tiens au courant.
RT @HxmmingsSmile: Demain je reois la lettre de ma bft avec la place pour ed mon dieu va falloir que je fasse genre j'tais pas au courant devant mes parents
RT @K_You_69: Marre des Tram-Train (TER) toujours en retard ! ( cc les fdp de la @SNCF )
RT @LeCompteSportif: "A 15ans elle est tomb enceinte par accident" C'est vrai que c'est trs courant de trbucher et de tomber les jambes cartes sur un pnis.
RT @Lisafreestyle: @RERB: 16:58, le trafic est ralenti sur la ligne (accident grave de voyageur) #RERB Un jour InshaAllah il y aura un trafic normal !!
RT @LouMllrd: ptdr jviens d'voir passer ma mre devant la baie vitre avec une clope a bouche et en courant pr pas qu'on la crame, alalaaa quelle thug
RT @MameFatouu: @South_bulding: vos mres sont au courant quand vous prenez leur perruque pour faire des vines juste pour faire rire des blancs du 27 ?
RT @Manibella2014: ATTENTION!!! ATTENTION!!!  TOUS MES FANS!!! CETTE PUBLICIT EST MENSONGRE... JE NE SUIS PAS AU COURANT DE CET...
RT @Manibella2014: ATTENTION!!! ATTENTION!!! A TOUS MES FANS!!! CETTE PUBLICIT EST MENSONGRE. JE NE SUIS PAS AU COURANT DE CET...
RT @MappyCity: Feux d'artifice sur la ligne du #RERC ! Trafic impec #OK
RT @Margot_Tessier: Hier soir, j'ai appris que ma mre t compltement pt de cher pt quand ils sont aller a Hellfest... J'tait la seule pas au courant
RT @MarineSegret: @saiboubou mdr NSB reprsente ! Ils sont dj tous au courant a, a me suit tous les jours  #tristevie
RT @Marion_Dcvlh: En plus je suis toujours la dernire au courant.
RT @MatSilverX: Pour ceux qui ne seraient pas au courant, le PSN et le Xbox live se font hacker en ce moment =/
RT @Mehdy_Ellouze: #rerb #ratp Accident grave de voyageur a #denfertRochereau. Trafic perturb. OUAIS OK MOI JVAIS RATER MA SEANCE DE CINEMA BANDE DE TIMPS
RT @Mikiits: On va dbarquer en courant comme des guerriers chez le frre LeSupplice haha #lrt
RT @MissFloeePQ: Panne de courant ... @hydroquebec je fais comment pour la tourtire, les saucisses dans le bacon et toute le souper??
RT @MlleReyes: @adrien_pikachu @Tarekcitant tiens nous au courant a serait grave cool
RT @Mojitox_: @Diam0ndsRicci ok ok :/ tiens moi au courant j'espre a va aller :)
RT @MooreGregory: Le fracas silencieux dun courant de lumire  via @MooreGregory
RT @Mousse_lk:  chaque fois j'prend l'tram vers 2h j'vois un couple il s'embrasse sans retenue sa lche mme l'oreille
RT @Nando_sGirl: @constxnce_ Mais laisse tomb ; la terre entire est au courant !
RT @OnMaApplaudi: Le chauffeur du bus a ralenti par ce qu'une beurette traversait, je lui ai dis azi passe c'est orange, on m'a applaudit, j'ai roul l'bus
RT @OnMaApplaudit: Le chauffeur du bus a ralenti par ce qu'une beurette traversait, je lui ai dis "azi passe c'est orange" on m'a applaudit, j'ai roul l'bus
RT @PriscaShanyz: Le son Ya Mado,Mddr il part en couille jusqu' dans le rer ils sont l  ambiance tout le train Nous les Z toujours dans l'abus
RT @RERA_RATP: Aujourd'hui, Olivier pour vous informer en temps rel sur l'tat du trafic du #RERA. Bon voyage et Joyeux Nol #RATP
RT @RERB: 15:45, le trafic est interrompu entre Luxembourg et Cite Universitaire. Retour  la normale  17:00. (accident grave de voyageur) #RERB
RT @RERB: 16:46, le trafic reprend progressivement (accident grave de voyageur) #RERB
RT @RERB: 16:47, l'arrt n'est pas marqu  Denfert en dir. de St-Remy / Robinson (accident grave de voyageur) #RERB
RT @RERB: 16:58, le trafic est ralenti sur la ligne (accident grave de voyageur) #RERB
RT @RERB: Retour  un trafic rgulier sur l'ensemble de la ligne #RERB. Incident termin.
RT @RERB: Un accident grave de voyageur  Massy-Palaiseau entraine une interruption du trafic.Tous les intervenants sont sur place.#RERB
RT @RERB: [BLOG] Opration tranquillit sur le #RERB. Pour tt savoir sur les actions menes dans les gares et  bord des trains>
RT @RERC_SNCF: Joyeux Nol  tous les clients & bon courage  ceux qui travaillent & grce  qui les trains roulent en cette journe
RT @Rasp0n3YouTube: Le rendu de mon FAQ est quasi fini :) elle sera poste dans la soire ! Je vous tiens au courant \o/
RT @ShadeZouari: Ya une chanson dprimente qui s'est mise dans mon tel, Reb elle est partie en courant  #deprime @RebFts
RT @SharkHypno: L'anne 2015 sera t'elle une nouvelle re pour #SharkHypno?! Je vous tiens au courant prochainement #RT et Follow pour etre le 1er averti
RT @Shirenai: #LastRT Au cas o vous seriez pas au courant, @Tortoyse et moi on s'aime. #derien
RT @SoniiaMct: Anissa demain si elle loupe le bus je me pose chez elle sur le canap et je discute avec sa mre
RT @South_bulding: vos mres sont au courant quand vous prenez leur perruque pour faire des vines juste pour faire rire des blancs du 27 ?
RT @Sulejmaan2: Jsui le genre d'inconscient si j'ai une shnek'zer personne n'est au courant. Mme moi jsui pas au courant zebi
RT @The_Girl971_SG: #SiJeJouaisDansUneSerie Je serai la secrtaire du prsident dans la srie #Scandal..elle est au courant de tout..!
RT @TheoGaucho9: C'est quoi cette histoire comme quoi faut pas parler du Pere Noel qui existe pas sur twitter parce que les STMG sont pas au courant
RT @ThibaudDelabre: @Dany_akrs Oui, j'espre qu'ils vont maintenir ce rythme. Tu peux me tenir au courant de l'volution du score stp ? ;)
RT @TitusLeTitan: Ech mon pre il est pas au courant que c'est Nol, il m'sort "pourquoi cest fermer les magasins, c'est fri?",J'hsite  lui dire la vrit
RT @Torped00: Y'a un mec qui a fait tomber 10 en courant. L, je me ss dis que ferait @JesusOfficiel  ma place? Du coup, je les ai transform en vin...
RT @UnSheguey: @FoolekFlow Ta mere ces une pute et toi tes un fils de pute t'tait pas o courant hiin
RT @Unsaleblond: Mdr coupure de courant. Il a prit cher le vinyle  s'arrter comme a.
RT @VictorJns: @OmbJvn joyeux Nol  je serai pas la demain je sais pas si tu es dj au courant enfin voil tu le souhaiteras aux autres de ma part
RT @WMyWay_Mobile: Mtro Ligne 13 En rpercussion de la prsence de voyageur sur les voies, le trafic est ralenti sur l'ensemble de la ligne. Tra [1/2]
RT @Zerellinho94: Jvien de me rveiller avec jovialit , jme dirige en courant vers mon sapin , en criant "MAMAN ILS SONT O MES K-DO"
RT @alexandre_gagne: 1750 clients dHydro-Qubec sans courant dans les Laurentides et 400 dans Chaudire-Appalaches. La nuit de Nol dans le noir. #MeteoQc
RT @antoinegbt: @YoannRatcliffe c'est @FUCKCRUCIFIX qui hack, regarde ce compte tu seras au courant de quand tout sera remis...
RT @aymrcb: le chauffeur a ralentit parce qu'une beurette travers,j'lui ai dit c'est orange tu peut passer. tt l'monde m'a applaudi j'ai conduis le bus
RT @barbellala: @datsxjarre @cliffordslayyou @lYasminl @liamxpain @jeromejarre bah je sais pas si tu es au courant mais le pre nol n'existe pas ...
RT @bastiengalloo: Un accident de bus belge a fait 40 morts , 20 dans l'accident et 20 dans la reconstitution
RT @bcitstyles: Mon pre n'tait pas au courant en mme temps il savait pas pour toi. Et je pourrais voir que les filles qui vont au concert...
RT @biebxfacts: Mes petits frres ils sont sortis en courant de leur chambre mais tant que moi et mon frre on se lve pas ils ouvrent pas leurs cadeaux
RT @buzzactus: Un chauffeur de bus pte un cble aprs un accident (Chili)  - divertissonsnous
RT @c_valbert: @_TortueGeniale_ Onnaing city zoo, fais gaffe quand tu prendras le bus lol il va te mettre un coup d'haltre lol
RT @defimediagroup: Une voiture prend feu  Ptrin et un bus se renverse  Bois-Chri: Accident de la route jeudi aprs-midi 25 d...
RT @dupuis_lou: Toute ma famille est au courant mtn pour lui et moi grce a Paul, de mon pre jusqu' ma grande tante  Alalah
RT @dustxflowers: j'suis sre ma mre va faire une gaffe par rapport  ma copine et mamie sera au courant et j'irais droit en enfer adios.
RT @hamoos_lns: @KxvinMnl Quand tu sera chez flo tien moi au courant mdrr
RT @hxlvetia: voil tt le monde est au courant, tant mieux ma mre va pouvoir me refaire des nattes :-)
RT @jaguar_gorejohn: En cette fin d'anne je propose tjr mes services de pre Nol > si on vous a coup l'lectricit envoyez moi un mp jvous remet le courant
RT @marvyng4: J etai dans le bus et il a frner d un coup et je me suis envoler
RT @maurine_dpn: Et le pire c'est quand on me sort "Ah ouais j'tais la premire au courant" euuuuuuuuuh non pas vraiment.
RT @migodomingo_: @MaisonMonsta: FRESH ASS HELL,   Jespere vos meres sont au courant de sa
RT @monimelperso: @SalafiPasTaIafi :-) sous terre je suis au courant que de la construction #tunnel qui relie direct #gaza #Jerusalem
RT @newtmaskiss: Ma mre : "Oh t'as vu y a une expo HarryPotter?" NAN SRIEUSEMENT MAMAN JE SUIS PAS DU TOUT AU COURANT
RT @ohhyasmine: Ah parce que Narnia c'est le paradis et ils sont morts ds le train qui a eu un accident? pq jsuis au courant qu'en fin 2014
RT @rftrafic: Trafic ralenti sur la #ligne5 du mtro aprs un malaise  Oberkampf. Retour  la normale sur le #RERB
RT @smilexsangster: Moi mes parents ils sont pas au courant de mes dlires de fangirl hein, juste un peu ma mere
RT @the_pirouettes: Joyeux Nol  tous !,Pour ceux qui seraient pas encore au courant notre dernier EP "L'Importance Des
RT @tweet_en_or: 15 ans et tomb enceinte par accident,,C'est vrai que c'est trs courant de trbucher et de tomber les jambes cartes sur un penis sauvage.
Rappel ! Certains trains sont supprims sur l'ensemble de la ligne #RERE #KO
Rappel: plusieurs trains sont supprims sur toute la ligne #RERE #KO
Rappelons que certains trains sont supprims sur l'ensemble de la ligne #RERE #KO
Retour  un trafic rgulier sur l'ensemble de la ligne #RERB. Incident termin.
Rsister au courant de la vie pour se protger du changement et de la souffrance vous empche dvoluer et davancer.
Si Nadge tait l, elle serait parti en courant mdrr
Si tu nages en contre courant il sera plus difficile  arriver au milieu
Sinon y'a toute ma famille qui est au courant que je parle  un hollandais depuis cet t, ma mre s'est sentie oblige de raconter ma vie
Six mois que j'attends pour couter l'album HER. J'tais pas au courant pour le solo de Taeil. J'ai fondu en larmes au milieu de la chanson.
TRACE-TM La Jordanie se mobilise pour lib&#xe9;rer son pilote aux mains de l&#039;EI http
Taleur je ramasse 2 jvoi un renoi au fond dla rue qui crie C A MOI!!! wallah chui parti en courant m'acheter un mexicanos. Yer trop fou lui
Thaleur dans le bus ya une daronne a traite son fils de Djahkadi elle savait pas jetait djaks jetait mort de rire
Torres qui va retourner a l'Atletico on est au courant depuis sa premire saison a Chelsea mdr
Toute ma famille est au courant mtn pour lui et moi grce a Paul, de mon pre jusqu' ma grande tante  Alalah
Toute ma miff et au courant que le 1er je vais en boite je vais croiser ma soeur son gars sa meilleur amis mon frere mon cousin je le sent
Trafic fortement perturb sur la ligne de #rerb  17:20 le 25/12 #fedlate en savoir plus sur
Trafic ralenti sur la #ligne5 du mtro aprs un malaise  Oberkampf. Retour  la normale sur le #RERB
Trop 2spi pour ces trou du cul, j'ralentis avant la ligne d'arrive.
Un accident de bus belge a fait 40 morts , 20 dans l'accident et 20 dans la reconstitution
Un chauffeur de bus pte un cble aprs un accident (Chili)
Un gars s'est suicid sous mon RER putain en plus son corps et juste en dessous de ma rame
Une agence immobilire a t-elle le droit de facturer d'edf  un l
Une voiture prend feu  Ptrin et un bus se renverse  Bois-Chri: Accident de la route jeudi aprs-midi 25 d...
Vla le dtour que jme tape a cause d'un nime accident de voyageur sur le rer b!
Vous tes au courant que mon frre me fait la gueule juste parceque je l'ai montr 2sec sur skype ://,Lapadumour
Vu que je jpars de Normandie finalement j'arriverai  St Lazare au lieu de Marne. Du coup faut que je traverse tout paris en Mtro et RER
Y sont tous partis en courant et moi et papy on est rester et papy lui a dit jnike ta mre et elle lui a rpondu moi jnike la tienne  salop
Y'a des anglais qui font pter des ptards et qui hurlent ds que ca pte. Ils sont au courant que cest le but? Les anglais sont cons
Y'a que #Kev qui est au courant, je ne dirai rien  personne ! a fera un effet de surprise
Y'a que mon grand pre qui es au courant.  #Nounou
Ya une chanson dprimente qui s'est mise dans mon tel, Reb elle est partie en courant  #deprime @RebFts
c'est genant en plus y'a mon beau frere je crois il est pas au courant mdrrr
chaque fois j'prend l'tram vers 2h j'vois un couple il s'embrasse sans retenue sa lche mme l'oreille
ds que je dis quelque chose  ma mre faut que ma grands mre soit en courant mais putain a me casse les ovaires les gens comme a
du coup toute ma famille est au courant mais comment mon pre il accepte pas mdr, il veut trop pas que je sois en couple ou quoi lui
elle est au courant quand mme ta mre ?
il tait l "LE PERE NOEL A MIT LES CADEAUX DANS LA CABANE" et nous on faisait genre on tait pas au courant, mais pas crdible quoi mdrrrr
j'ai mon pre qui me rveille tous les jours  8h, euh sinon il est courant que c'est les vacances et qu'hier je me suis couche  5h ?
je vais regarder avec mon pre tout de suite je stresse je vous tiens au courant
jveux trop rentrer chez ma mre pour ouvir les autres cadeau!+jsuis au courant que de la moitier
le chauffeur a ralentit parce qu'une beurette travers,j'lui ai dit c'est orange tu peut passer. tt l'monde m'a applaudi j'ai conduis le bus
ma grand mre elle est courant de toute ma vie. et LA. devant tout le monde encore une fois elle sort "et ton flavien il est ou mnt?"
ma mere la pauvre elle a rien compris elle a juste flipper quand elle a vu 4 mec s'approchait en courant
mon frre vient de me dire qu'il partait pour l'arme le 3 Mars,j'suis encore au courant moi dis-donc
normale que les freres me tiennent au courant , il ce sont fais tazz
on est parti en courant, le copain de ma sur  eu un accident de moto...
par contre j'tais pas au courant qu'il y avait qu'une saison de You're the worst :'( J'me fais avoir  chaque fois ptn
pq'j'suis la dernire au courant
teindre la lumire et partir en courant dans son lit pour pas que quelqu'un ne vous tue.
tf1 annonce de la neige, ils sont au courant que nol sera termin ptn
voil tt le monde est au courant, tant mieux ma mre va pouvoir me refaire des nattes :-)
vos mres sont au courant quand vous prenez leur perruque pour faire des vines juste pour faire rire des blancs du 27 ?
y a 3 ans ma grand mre elle m'avait offert 150 et j'tais mme pas au courant (ma mre m'avait pas dit pour les prendre)
