" Bb?Es-tu au courant que je grille mon forfait pour toi?" mdr oui mais blc frre
" Celui qui se lve tt, ne voit pas lelzard se brosser les dents. "Qui nage dans le sens du courant fait rire,les crocodiles.
" tu es au courant que tu drague ma mre " mdrrrrrrrrrrrrrrrr putin quand j'explique ca a Pierre et Paul il tait mort
"@smykos: Grce: le gouvernement relvera le salaire minimum de 586  654 euros mensuels par voie lgislatif courant mars."
"C'est ainsi que nous nous dbattons, comme des barques  contre-courant, sans cesse repousses vers le pass". Gatsby
"C'est comme a qu'on avance, barques  contre courant, ramen sans cesse vers le pass..." Gatsby le Magnifique
"Je suis au courant de tout.",Si tu l'tais, tu ne viendrai pas me dire a, tu serai dj parti loin.
"Julia ? Tes au courant que tu vas dcder" HEEEEEEELP
"Pika*nchi Life is Hard Tabun Happy (2014) as Onda Takuma" @bellxdone T'ETAIS AU COURANT QUE Y'EN AVAIT UN TROISIEME DANS LA SERIE PIKANCHI?
"Tu es la fille de ton pre " a bon *0* je crois qu'elle etait pas au courant x)
"Tu pense a ton copain mathilde?" OHHHHHH a se voit il mon pas vue depuis quelques mois eux sinon ils seraient au courant
"Tu sens pas comme un ptit courant d'air ?" Dernire  poil pour moi hier soir !
"Un homme de gouvernement, c est le caractre,la connaissance des ralits et volont, si ncessaire,de marcher  contre courant" De Gaulle
#RERC #KO : Ralentissement sur l'ensemble de la ligne jusqu' 22h
#RERD : Ralentissements sur l'axe Paris/Melun via Combs la Ville jusqu' 20h30 #BOF
#gameandthecity #Nantes : Rcupre des animaux  ton arrt de bus et relche les sur un autre arrt #MeshumeursTAN
#letrucleplusconquejaifaitcest fermer les portes vitres en voyant mon frre arriver en courant , a fait 3ans il m'en veut tjrs
'fin, pour le coup a sera plus une MAD qu'une MV, toussa toussa.,J'vous tiens au courant :^)
-donc on a cours son van mdr et direct aprs on a repris le metro pour aller  la salle et on a rat son m&g improvis dans la rue j'avais-
.@ca_res_publica par ailleurs, bien entendu que le Quai d'Orsay tait au courant
2 coupures de courant.. La deuxime pendant que mon serveur NAS redmarrait de la premire.. J'croise les doigts pour qu'il n'ai rien..
@ Bot_en_train: Le RER ou le metro ?
@10_Flo_B *A brul je veux dire. Bah apparemment a serais une prise de courant qui aurait pris feu..
@2h15jack bh je suis sure que si tu le fais ce sera genial ! tiens au courant j'aimerais bien voir ahah
@4detrefle Je l'espre ! On regardera bien tout a demain ! On vous tiens au courant ;)
@7thxngs ptdr, d'abord je vais ronfler comme une merde, sursauter, rater mon bus ou courir derrire et mendormir comme une conne dedans
@ARuizOfficiel z'avez eu de la chance de diffuser le real madrid ce soir sinon le publique serait parti en courant des la 15eme minute lol
@A_Smoothitles Ce serait cool si on pouvait se voir alors parce que Sara et moi on y sera jusqu'au 20 Aot. Tu nous tiendras au courant ^o^
@Aidenrpgsgh -clate de rire et part en courant en te tirant la langue-
@Alexandremilow et dja jetais pas au courant faut encore que jdemande  mon pre
@AnissouxchBbs @Seyyb59 @LeaPetyt mais vous verez les pieds  la vous vous barrer en courant
@AntoineLutrand mdr tu m'tonnes, je serai gentil avec lui demain ! Tiens moi au courant
@Asandolo @Akor372102 Mais ne t'inquite pas, on vous tiendra au courant ici, vous serez les premiers informs!
@AudreyFumoleau ah bon ??? J'tais pas au courant !! Jspr que a sera un bon choix :)
@AurelieDaisyK oui je sais  j'espre le revoir qd mm  s'il vient a la FAV je te tient au courant.
@AurelieDaisyK tu me tiens au courant!!  Ca serait perf de vivre Ca avec toi AWWWN.
@Batinoovic9 je suis au courant malheureusement ! Mais j'espre tellement que Paris vas faire la diff face  monaco.
@BlackChiraq je suis sur un expos la frere, je te tiens au courant sinon demain seulement
@BrunetMickael25 Tiens moi au courant si tu regarde un film avec Eddie, je serais ravis d'avoir ton avis :)
@CALINCALUM oui a serais gnial !!! De toute faon je vous tiendrai au courant ^^
@Camille_rcl srx ?! a serait trop bien tu me tiens au courant!
@Cecilia_Dbs pire toi mme tes pa au courant de ce que tu fai soit disant ||azzy on gre pa on les laisse parl hein on  pa leur temp ns
@Charles_mrt @Gaut1er @Enzo_6780 prvois a avec le reste on stient au courant ici frr
@Chloexcellente outain mais ya que toi pour partir en courant comme une gamine de 3 ans qui a perdu sa mre dans le magasin
@Double_Z_GHN ok bah je vais voir avec le pote qui m'a invit la dernire fois, je te tiens au courant :)
@EditionsKana sur les autres site que je connais il n'est pas disponible aussi le t20 ?! J'espre que vous nous tiendrais au courant !!
@EleonoreJCollet Ma mre doit l'apeller demain, a fait une semaine qu'il tait en vacances ce con.. Tqt je tiens la Twitoshre au courant!
@EricChagrikian Beh c'est une combinaison de deux caractres du langage courant. a forme ce qu'on appelle "le smiley triste".
@FGoumzi tu seras la 1re au courant
@FastGoodCuisine @MrKalipso53500 @jojol67 @filipegmz mais arrete ??? Je suis pas au courant !!! J'espre que c'est une copine
@FatiMadridista ouii je suis aus courant hbiba et j'y serai nchaellah .. Je suis impatiente @NajlaeAl
@Glory4Gamers forcment si je suis pas au courant mais merci je le serais
@GorillazHD D'accord :) a serait le top que tu fasses la visite  un abonn qui te suis depuis plus de deux ans ;) Tu me tiens au courant ?
@HenryB_Off je suis au courant mes il reprsentes des personnes  qui ces arrive et pourquoi a heu sa peut tomber sur n'importe qui :)
@Isa10029 Je me balade en tram du coup je subis pas les conducteurs. :) Je vais essayer de visiter, c'est la 1re fois que je viens lol
@JamesPotterRPHP *prend aussi une part souriante* Tu seras quand mme au courant et c'est par rappirt  toi alors tu as pas  raler!
@JtByMilka NICK69HERE mais pour LE moment plein poto des que jai une place jte tiens au courant  (500 c est le max)
@Juliaa2816 "nous faire un anniversaire surprise? La blague avec notre description tu serais la premire au courant"
@KFR_KRiiS @mythiX_BiOs @FuriouSG_ @nVz_GooD putain j'tais mme pas au courant, j'aurais bien fait un petit montage photo pour fter a
@KalomboTheGiant @MeyshaK @AngelMarguez parce que si c'tait elle je serai au courant a moins que tu mene une relation extra-conjugale
@KiRiTO_US @Hadok_ T'es au courant que j'vais devoir envoyer mon petit frre pour qu'il t'encule ?
@LANCamille le pire c'est qu'ils mettent la faute sur l'hpital alors que ma belle mre y boss donc mieux au courant.. Oh a a l'air cool :)
@LaughingJack821 @CreepyDraw *folle de rage, courant vers lui*
@LbrCorentin Mais nan jure la vie dta mere ?! Greve de ? Bus et train ou que train ou cst comment ?
@LionelVIALA @guilondine tu me tiens au courant... J'aime ce qu tu fais alors ce sera un plaisir
@LoicLetemplier ce qui serait bien c'est d'aller le dire aux parties. Pcq en dehors d'ici je suis pas sur que les gens soient au courant.
@LouClr t'as finis toi ? T'inquites quand j'aurais finis tu seras au courant haha
@Luke_rpgcle2 -elle arriva en courant voulant savoir si son frre allait bien-
@ManonWag Tqt avec moi tu seras au courant des buts mdr
@ManuelaDCunha j'espre  on se tient au courant hein
@MariieTHatDay Ah ce serait trop top! En plus ca fait deux semaines que je l'ai pas vu! Bas je tiens au courant je lui demande ce soir!
@MarineLachal j'me serai barre en courant mdrr
@Matthieudelyon Pour certains noms, j'en suis sr. D'autres moins. Elle sera bcp mieux que celle de l'anne dernire. Courant mars.
@MehdiMkvl @TablettedeMilka @FloriaDOMINGOS @CeQuonVousCache Et ma mre est parfaitement au courant
@MilesWsl Dans quelques semaines je pense. Tu seras le premire au courant, ne t'inquites pas. *sourit lgrement et regarde le bb tendre -
@Mireille_24 1h45 pour retourner avec 30min RER 20m attente 25 min train et 20 min de marche
@MnrdNoo toi non plus t'tais pas au courant ahah on se serait trouv bien con
@MorganeAdgr femme au volant gale accident, Mom's au volant fuyez en courant !
@MrNutellaYT tu vas rire,partie de 6 kills en HG,et la ma mre allume je sais pas quoi et BIM plus de courant.
@MsieurLeProf mdr t au courant tu me claque de rire prof ?
@Nath83490 @valentinmrni on est au courant que ce film la c pas la vrai vie exacte du gars en attendant le gars qui est reprsent c un bon
@NiallOfficial toujours l  me fixer, j'ai hurl de toute mes forces et je suis parti en courant dans mon salon o se trouvait mon frre-
@NicolaSehnaoui c'est fait expret ? Pour que "nos freres syriens" profitent ? C n'est pas ilegal? J ai bien aim vous mettre au courant
@Nixop Tiens moi au courant, je ne veux pas louper l'occasion d'clater de rire sur The Crew avec toi ~
@OuaisNan tu sera mise au courant en temps et en heure
@PaulineAnstett les premires au courant !!
@Pommy_05 Oui mais c'est un mod....Tout le monde ne sera pas au courant,tout le monde ne le telechargera pas(moi le premier)C'est mieux
@PtiteBiscuite OK x) Bah coute je te tiens au courant ds que je sais o je bosse, mais a sera intra-muros
@ReggaeBaab il sert la rpublique dans le sens o il assure la diversit d'opinions. Lui n'est que le reprsentant d'un courant de pense
@RoseALidee Coucou, tu es au courant que le concert du 1er Avril du David est annul je viens de le lire dans un article?...
@RoseBlack_RPG *ris* ne t'inquite pas, tu seras la premire au courant
@SartoriTeva Moi aussi des gens au lyce ou du moins dans ma classe sont au courant mais on m'en parle trs rarement donc a va
@SeBlueLion Si vous pouvez me tenir au courant a serait cool  #Srfc
@Sheherazade_odh @CharlineHeu Mdr donc dj tu es personne pour me dire ce que je dois faire et ensuite quand tu sera au courant de toute
@SkyFlow3Tweet je te tiens au courant quand je rcupre mon PC.
@Smokey_Sart Oui monsieur j'y serais. J'avoue ce serait con ! On se tient au courant pour les dates :)
@SophiaPatridge aprs elle tait quand mme gossip girl d'une part vu qu'elle aidait son frre, elle tait au courant
@SophianeHallou Jsuis pas au courant de tout dsol beau garon a sera pour une autre fois
@StassRPGHS *te vois et crie le tient* STASSIE! *vient vers toi en courant*
@Stilesrpg *viens vers toi en courant* Stiles tu t'es fais mal ?
@Sushi_Emiko Oui enfin j'espre que je pourrai je te tiens au courant
@TaLaura_ Tu me tiens au courant demain quand tu seras aller chez le mdecin ..
@TerrierSam Ah, ce que le monde serait parfait s'il tait  ton image, si pure, si tolrante, si au courant des ralits de ce monde...
@TheVampsSource omg ! Vous tes au courant comment ? Et ce sera pour cette anne leur venue?
@Thomas_Gnblt @CNES Oui mais c'est rare. Il est plus courant de trouver les aliens en agresseurs et nous en victimes ^^
@Thunderstorm_z Mdr dans pression ^^ bon pour revenir  notre sujet j'espre que a ira :/ tiens moi au courant en tout cas ;)
@TimRPGPNM t'inquite. -te fais un clin d'il en courant vers sa chambre, enlve son t-shirt et son short, se retrouver dsormais en_
@Tionxb @ParadoxSSL Moi je l'ai vu, elle est partis en courant frre,mme quand je l'ai clasher sale taleur elle ezt venu se refugier ici !
@TyrexLB Mon pre ma coup le courant se batard :(
@WeirdoLikeTommo Personnellement je sais que si ca m'arrivait, mes proches seraient pas au courant, ils savent pas pour Twitter etc et -
@WhatIHeartAbout ah ouais c'est cool ca! ya mon beau pre qui code mais j'ai pas envie qu'il soit au courant pour mon blog (j'assume po )
@Yazz_____ pas de problme frre tu me tiens au courant quand tu montes In sh Allah
@ZicheuxFUT non tre lche c'est ne pas oser dire ce qu'on pense de qlq en face et de le dire par derrire en esprant qu'il soit au courant
@_DalyaB @wasxburniall @Emma__Cha @Why_Not_Scream_ Ah d'accord copine  on est sur que personne sera au courant la
@_Liya97 wsh j'tais mme pas au courant frre ouai jvai l'appeler
@abigailrpglav *il fixait l'homme partir en courant jusqu' ce qu'il le perdu de vue. Il tourna alors sa tte vers toi, adoucissant son _
@aeris22 @lpenou Au moins, avec la supervision, tu seras au courant, avant Twitter :-)
@akimouswe J'aurai eu le permis tu serai dj au courant
@amkld_ J'en peux plus de toi !!!!!!! (je suis plie en 2 en t'imaginant courir derrire un bus)
@amstramdjam Abdennour au ralenti avec les images du match contre Arsenal en fond, le #CFC est au courant que Monaco n'a pas gagn la LDC ?
@andrea_quiquere je te tiens au courant, tu l'auras en avant premire
@appliLigue1 j'espre que vous tes au courant que c'est d'la GROSSE MERDE votre appli. Cdlt
@audreyaskip la twitosphre est au courant que les maths c'est pas pour toi, fiert ?
@biebsxxgmz Orh, sa mre cette l je m'en fou j'fais pas "j'tais pas au courant"
@biebsxxgmz en quel matire ? Putain je suis jamais au courant de rien
@carla_pinsard tu verras comment a se passe, tu vois avec ton pre, et tu nous tiens au courant
@cllshrn @Nico_koo Chez moi aussi y a plus de courant ! Ca va je suis pas le seul en galre alors mdr
@conducteur_PSE naaaann, en vrai c'est pour tirer des trains pendant les mvt sociaux. #Jaune. #CaCommence. #SecondDegre @Conducteur_RER
@crazykenzouza @StrongerBeadles @ShawnMendes ... mon pre n'est pas au courant ya que ma mre. .. elle pourrait changer d'avis
@cudiiink elle* ouais j'allais m'avancer vers elle mais elle s'est taille en courant limite
@dedelajoie je tiendrai au courant de sa raction. Mon pre est gnralement bon public.  suivre.
@delphined04 je pense que tout Twitter sera au courant si je suis accept
@elenoulsk pour l'instant j'ai pas faim donc a va ahah mais t'inquite on se tient au courant si on galre
@frd_lau voui! De toute faon tout le monde va en parler donc on sera au courant j'imagine
@gallet81127917 @JeanDornac Superbes paysages l'Aubrac, comment y accder sans polluer sans bus ? Ligne ferroviaire en cours de casse..
@gameskians mdrrrrrr dso le jour ou a me reviendra tu seras la premire au courant i swear
@hugoguillemet ya que sa famille qui et courant qui va jouer pour l'Algrie son pre le 1er qui lui et un tres grand menteur malheureusement
@iamwithebands je serais partie en courant omg
@icrushniall @panacotagada je te tiens au courant de toute manire
@ilove_schweppes Jsp mais c'est pas un mtro a doit tre le rer ou le train jsp
@joerpgdwt -se lve en te suivant, courant derrire toi- joe!
@junedudy super trop fire de toi, tu nous tiens au courant ;)
@kpw033 la saison dernire aurais tu resign Di Vaio  3M mme si tu es au courant que sa famille est rest en Italie ? Moi oui.
@levcecile mdddr t'es au courant, la stupidit de certaine personnes me fait tellement rire
@liamdubois53 tu vois tu serais au courant mais sur Twitter tu peux raconter ce que tu fais, donc quand on c'est pas on se tais.
@liamnesia_: Y A LES MAROON5 QUI SERONT A PARIS QUAND J'Y SERAI QUAND ? OU ? POURQUOI JE SUIS PAS ENCORE AU COURANT ?
@lloydftgarrix chaud je serais partie en courant
@loerendopt14 bh ma mere est au courant que tu vx aller  Beaupr mdrrrrrr
@max57hand Si toi seb et aurel vous venez pour saint et que moi je suis pas avec mon frre, on se tiendra au courant ;)
@meline_nila Coucou, dis tu es au courant comme quoi la date du 1er avril est annul?oO
@mikaelbertheau j'espre que a te fait du bien de pouvoir tre au courant de son activit
@mine581999 @Kyagan1 Vive les 4h de sommeil, suivi de 120 km de trains et de bus et une journe entire de cours \o/
@mullierrmi Et ptite victime pourquoi tu parles derrire un cran alors qu'en face tes couilles se barent en courant?
@naharcisse ta mre est au courant? D'accord, je suis proud of you !
@nellor_sedio: "@madina217: On a coup la lumire "Eneo  encore frapp on coupe le courant
@nico_renoux Je ne gre pas les mails :) Mais je vous tiendrai au courant demain ds que j'ai la rponse :)
@parlonsfoot @alaculotte moi aussi, du coup j'ai vraiment une tactique appele "garer le bus" pour les 15 dernires minutes
@paulineymard ahah j'veux tre la premire au courant
@perrinedfz non je le savais pas mais bon maintenant je serais au courant ! Mais bon c'est pas pour a qu'apple c'est mieux
@philousports J'ai contact un site de vente en ligne, ils me tiennent au courant quand ils le reoivent
@samir_khelfi j'tais pas au courant , mimi j'espre c'est la bonne frero
@sheeranshot je te tiens au courant de toute manire
@smileofhoechlin T'inquite ds que j'ai des jonnor feels tu seras la premire au courant comme la dernire fois
@stellarpgsng tu sera la premiere au courant si mathy est in love alors. Donc non.
@sterenngelebart si j'tait la raison de son bonheur, il serais au courant de mon existence, non? Je ne suis rien pour lui..
@sxmfz de toute manire c'tait sur mec mais c'est bien au moins il est au courant qu'il est pas inintressant pour toi! :)
@thomas_dcr je pense pas je ne serai pas chez moi on se tiens au courant
@tobias_rpgdiv *Riten secouant la tte* Aussi passionnant que moi! *Mordille sa lvre*Je ne sais pas si Rmi est au courant pour son frre..
@tylerpozayn mais c'est trop galre pour moi pcq tout le monde dit pomme sur Twitter alors que javel c'est moins courant tu vois
@virginsteps merci beaucoup !!! tu me tiens au courant de tes rsultants j'espre vraiment que a va le faire !!
@wankerarse tu seras la premire au courant ;)
@yannlosc @OL695 Deux clubs trs proches au cas o tu serais pas au courant. Retourne supporter ton quipe de merde
@zayuum_babe @MagconFrance ouep la jsuis daas le rer du coup vive le reseau jle fait quand je rentre
@zphiene tien au courant frere
A dcouvrir: le courant artistique qui a inspir la conception de la boutique phmre "AFRO POP STORE" et la...
A la semaine de relche d'automne j'irais  Trinidad et Tobago voir une amie qui y sera en change. Faut juste que je la tienne au courant.
A mon avis il est pas au courant de tout le petit  A mon avis il aurait dj pter son cble sinon
Accident de bus avec des touristes et des Vietnamiens   #hcmv #voyage #bus
Ah donc Reda Kateb a eu un Csar et je n'tais pas au courant. Ok ok. Honte  moi.
Ah mon thug de frere a fait une panne d courant g pu de wifi mdr jsuis en E. Alors adieu mes amis bonnuit
Alicia qui pique un paquet de clop a un mec et qui se barre en courant  elle gre trop
Allez tous suivre @DobrevNinaCom pour tre au courant de toutes les dernires news sur #NINADOBREV !
Appeler sa grand mre. Apprendre 30min aprs que c'est la fte des g. mres. La rappeler. Dcouvrir qu'elle tait pas au courant non plus.
Aprs  35ans on entend "10min  20min sont  prvoir sur la ligne C  cause d'un accident de voyageur" Autrement dit suicide.
Aprs je suis arrive a Villeneuve st-george je pris le train jusqu' maison alfort et j'ai attendu 15minute le bus sa mre
Assure c'est la fte des grand mres j'tais mme pas au courant ...
Aujourd'hui c est la fte des grands mres! Chui jamais au courant de rien moi
Aujourd'hui c'est la fte des grands-mres et elle n'tait mme pas au courant
Bb et doudou y viennent a la maison ma mre est mme pas au courant
Bon demain je rattrape mon sommeil dans le train, dans le bus, en anglais,gestion, ap bref dans toutes les matires quoi
Bon sinon la #ZoneC j'espre vos sacs sont prts, loupez pas votre bus demain matin ce serait dommage  la bise de la zone B
Bon vous tes prts de reprendre les cours la? Bus Rer mtro tout sa tout sa
C'edt vraiment la fte des grand-mres? Mais pq j'suis jamais au courant?!
C'est la pire des galres qui y'est pas de trains/bus le dimanche
C'est pas possible de faire l'effort s'lever a 6h faire 40mn de rer et faire l'effort de travailler en cours c'est sois l'un sois l'autre
C'est tellement mieux les trains directs, c'est casse-couille le rer avec toutes ses stations la
Ca me paraissait bizarre qu'il n'y est pas de lumire elle est arriv en courant et on a explos de rire #lt
Capcom qui tente de bais les joueurs sur le coop de RER 2:  qui se mange.
Ce petit train jaune et rigolo vu en gare de #Tournus est un engin de travaux. Une bourreuse. Merci @Conducteur_RER
Ce qui rponde pas  mes msg j'espre un jour vous aller vous prendre un bus, un mtro et mme un train
Ce serait bien que je finisse the 100 courant de cette semaine, comme a je me remets srieusement  twd.
Ce soir je ne vais srement pas pouvoir live, repas chez les parents. Je vous tiens au courant !
Ce train il m'nerve trop il les trop lent pour rien , le RER E tout l'anne il roule pas vite mon frre c'est quelle genre de train sa.
Choc anormal sur le toit d'un TGV vers Moutiers. Coupure courant de la ligne. Retard Trains de 45 mn  3h30. Reprise progressive du service
Comment gres-tu tes relations amoureuses vis  vis d...  Ben euh mes parents sont toujours au courant quand je...
Compltez la phrase : j'ai gar ____ cellulaires dans le courant de la dernire anne.
Conakry c'est trop la hass -pas d'eau -pas de courant -pas de tunes et pire -pas d'espoir.. je crois rver! Que Dieu nous sauve #le224
Coucou mes amours, la vido arrive, je pense qu'elle sera en ligne vers 13h30, je vous tiens au courant
Courant d're. Le torrent furieux  via @letelegramme
Cs la fte des mamies j'tais mme pas au courant . Laissez moi apeller mes grands-mres avant elles viennent gifler mon oreille gauche .
Dans 13 heures je serrais dans le RER pour ma premire journe, en faite je prfrai aller en cours
Dans la semaine je verrai pour allez dormir chez elles, leur pre a dit oui avant mme que je sois ai courant
De toutes faon mes grand mre sont au courant que j'appelle jamais et que je m'en branle de cette fte
De tte faon le jour o les transports tels que avions, trains et bus seront au point c'est que la fin du monde sera proche
Demain retour aux RER bonds .. Sur ce coup je prfrais le tlsige !
Dernier jour  a cette heure l, demain je serais dans le bus pour aller en cour
Dernire au courant
Des travaux modifient la circulation des trains de la ligne #RERC #BOF
Devoir aller rcuprer sa voiture en bus a Roncq Meskine
Du coup j'ai travers en courant et j'ai du tirer ma marraine pour pas qu'elle le frappe puis mon pre est arriver HAHAHAHA
Du coup s'y je dois y aller, je dois prendre le train et le rer mais flemme
ELLE ETAIT ENCORE DERRIRE AVEC ROMANE ENFIN ELLES ARRIVAIENT EN COURANT ELLE AUSSI APRS ELLES COMPRENAIENT PAS CE QU'IL SE PASSAIT -
Effectivement @SYBARTS , les ralentissements continuent sur la ligne #RERC jusqu' 20h30 #KO
Eh @Conducteur_RER c est quoi ce petit train rigolo ? A quoi a sert ?
Ehh j'tait pas au courant que c'tait la fte des grands mres moi
Elle peut te tromper 40 000 dans l'anne frre tu seras mme pas au courant
En courant avec ma mre on a fait que de parler, a m'a fait du bien
Et forcment j'suis la dernire au courant, vous tes au top changez rien!
Et mes parents savent pas que je mettais pter la gueule en courant
Et moi je suis avec ma mre, on se met  courir, mais ce machin nous suit en courant d'une manire qui fait ultra peur
Et mon pre qui me dit tu te lves demain si tu loupes le bus c'est tant mis pour toi! Bon ben je vais rester chez moi alors
Et toi tu cours derrire un bus #LRT
Et tout le monde va pas arrter d'en parler demain donc tout le village sera au courant..
Excellente consultation chre Daphn! Tout juste, je vous tiens au courant de l'vo...,
Faudrait ptete que je justifie mon absence au bac blanc de philo pck ma mere est pas au courant ha . ha. Ha
Fin de lincident. Reprise progressive du trafic sur la ligne #RERC #BOF
Genre un mec de modest serait au courant que Harry a tent de se suicider plusieurs fois bah oui
Grave bb tmas fais trop rire ptn  demain si jte dis " EH LAMA " Tu viens en courant comme les Lama?
Heureusement qu'Emma raconte la vie de ses dev' sinon je serais au courant de rien
Heureusement que le train s'est arrt  Issy les moulineaux j'ai pu prendre le tram sinon j'y serais encore jusqu' 20h30  #RERC
Heureusement que ma mre m'en mne en cours demain car y a des grve de bus
Heureusement que ma mre n'est pas au courant
Hier  3h y'a eu une panne de courant, du coup on a glr avec mon frre ptn mddr
Il est 21:24 et le trafic est normal sur l'ensemble des lignes de RER
Il est 21:28 et le trafic est normal sur l'ensemble des lignes de RER
Ils sont au courant qu'on sera premiers si on l'emporte?
Infotrafic #RERC [MAJ] Ralentissement sur l'ensemble de la ligne jusqu' 20h30 (accident de pers)
Infotrafic #RERC [MAJ] Ralentissement sur l'ensemble de la ligne jusqu' 21h30 (accident de personne dans Paris)
Infotrafic #RERC [MAJ] Ralentissement sur l'ensemble de la ligne jusqu' 22h (accident de pers)
Infotrafic #RERD : Ralentissements sur l'axe Paris/Melun via Combs la Ville jusqu' 20h30 (personnes sur les voies)
J' sens que demain j'vais tre dans la merde, va y avoir un dm a rendre et des contrles j'serais mme pas au courant
J'ai appele ma grand mre pour lui souhaiter sa fte mais elle tait mme pas au courant que c'tait aujourd'hui haha
J'ai le seum qui soie pas venu mais en tps vue a quoi je ressemble il serait reparti en courant
J'ai loup 3 arrts de RER mdrrrr
J'ai loup mon bus  cause de lui hier, du coup je suis encore chez ma mre  mais j'ai pu le voire
J'ai pas pu venir ce matin bc on a eu une coupure de courant ptn plus de lumire plus de wifi plus aucune prise qui va rien rien rien
J'ai prise cette photo dma pote qui n'tait pas au courant, j'ai rajout un ptit filtre JSUIS FIRE DE MOI C 1 BOMBE
J'ai reu un snap de Tardieu. Soit c'est une merde, soit de l'alcool. J'vous tiens au courant.
J'ai t chez Nomie ma mre est mme pas au courant msk
J'ai un livre a lire pour demin et jai un controle j'etais mm pas o courant sa mere
J'ai voulu faire une blague a Clovis, j'ai vu son pre par la fentre de la cuisine, j'me suis barr en courant c'tait marrant
J'appel ma grand mre pour lui dire bonne fte et elle me dit "Pourquoi tu me dis bonne fte ?" Elle tait pas au courant je crois
J'coute tram BS avec mon frre
J'crois que le bus passe pas a midi en faite... Ils auraient pu changer leur site. Du coup c'est peut tre mon pre qui m'emmne a Limoges.
J'en apprends des bonnes ! Je suis toujours la dernire au courant de ce que je fais moi.
J'entend ma mere dire "ce soir jdors avec Robert", j'arrive en courant dans la chambre,elle avait pos le dico Robert  la place de mon pre
J'espre Flo il va pas louper le bus ce soir
J'serais pas rentrer  l'heure pour le match de ce soir,j'compte sur vous pour me tenir au courant hein :)
J'suis toujours la dernire au courant et du coup elle veut pas
J'tais mme pas au courant que c'tait la fte des grands mre aujourd'hui !
Je comprend pas un truc, les familles sont pas au courant que Pascal le grand frre vient chez eux.. Mais les camras qui les filment alors?
Je crois mon pre il est pas au courant que j'ai 18 ans que je vais en boite que j'sors que pleins de choses enfaite j'crois il sais pas
Je crois qu'il va me faire faire une crise cardiaque ce joueur c pas possible il est au courant qu'ils peuvent tre 1er ce soir!!
Je draguais la cougar et la d'un seul coup " t au courant que tu drague ma mre "  Mdrrr je me suis barr
Je le sent bien que je vais louper mon rer demain
Je me suis tellement plaint du RER A ce week-end que ce soir c'est le C qui me fait le coup. Pas de jaloux comme a.
Je mettrais 10e pour rcuprer la photo de Victoria a l'arrt de bus
Je planifie mes vacances d't et tt alors que ma mre n'est pas au courant, je lui dirai quoi la veille de mon dpart dans le sud
Je suis attendue nulle part mais jme suis fait le ptit challenge de courir aprs mon bus et mon rer. Je suis actuellement la mort elle-mme.
Je suis toujours la dernire au courant
Je vais prendre mon RER a Bondy dy coup. (Pensee a madina)
Je veut et je serait au courant de tout.
Je veux pas vous brusquer mais aujourd'hui c'est la fte ses grand mres dkkektkzlae pq j'tais pas au courant moi
Jme suis tordu la cheville en courant  mon bureau pour faire croire  ma mre que je bossais mdr aller lui expliquez pq j'ai mal maintenant
Jsuis tjr la dernire au courant t'faon
Jsuis toujours la dernire a tre mise au courant quand on a contrle ca fait chier ca.
Jv pas faire la meuf , il m'as fait du mal donc jv aller dire a mes frres . Ms le jour ou jv mal , ce seront les premiers au courant
L'infotrafic RER C : Fin de lincident. Reprise progressive du trafic 22:22 #rerC
L'infotrafic RER D : Fin de lincident. Reprise progressive du trafic 20:30 #rerD
La personne qui gre eneo la vraiment ... C est nulle .. Chaque nuit Now plus de courant ..
La place me coterait 6euros en plus Hop, J'dors chez mon oncle resteras plus qu' payer quelques petits  le train et le bus si il faut.
La prochaine fois je me met en couple la hey pardon , aucune discrtion tout le monde sera au courant R a foutre
La semaine dernire je m'endormais n'importe o debout sous le prau ac mes potes, en cour,  la cafet, aux toilettes, dans le bus,....
Le #RERE nous affiche un trafic rgulier sur toute la ligne #OK
Le boysband #MADTOWN sera de retour dans le courant du mois de mars
Le chauffeur du bus a ralenti par ce qu'une beurette traversait, je lui ai dis azi passe c'est orange, on m'a applaudit, j'ai conduit l'bus
Le copain  ma sur ma dit: "Tu tais au courant que M.Pokora a fait Robin des Bois?" Moi: "Nan, srieux?! Je savais pas!"Il me dsespre
Le pre de Marg doit venir la chercher chez mon pre  10h mais il s'est mme pas o j'habite il est pas au courant je crois du dmnagement
Les gars qui jouent avec les filles, vous tes au courant que plus tard ce sera des mecs comme vous qui joueront avec votre fille?
Les gens qui reprennent les cours demain, je vous souhaite bon courage..,Nn j'deconne j'espre vous aller rater votre bus et devoir courir
Les grand mere turque c'est pire que la CIA mdrr ils sont au courant de tout meme de ce qui est pas encore arriv
Les meufs qui te sortent des "wesh gros" " ta race" "sa mre" limite a crache par terre. OH cousine t'as 2 chromosomes X t'es au courant ?
Les trains court/long existent encore...enfin sur l'rer D !!!
Les trains qui roule le plus vite c'est le RER A et le RER B , vas y laisse tomber les autres en plus ils sont gros pour rien.
MDRRR J-3 MON CUL JE VAIS PARTIR EN COURANT SA MERE
MON PRE VA VOIR ACDC EN CONCERT AU STADE DE FRANCE ET JSUIS PAS AU COURANT SA MRE
Ma grand-mre qui tait mme pas au courant que aujourd'hui c'tait la fte des grands-mres, normal mdr
Ma mere elle rale parce que je l'aide pas, alors que je l'aide quand je suis au courant qu'elle fait un truc, qu'elle previen avant
Ma mre elle cris Ines Ines j'arrive en courant je dit qu'est ce qu'il y a elle me dit "t'as vu on en mars"
Ma mre est au courant de tout..
Ma mre est au courant du 5,75 en physique elle m'a fait la rflexion "ah ouais c'est petit"ahahah jpp
Ma mre je rvise elle s'en fou elle dbarque dans ma chambre en courant elle me sort on regarde Jaque et le haricot gant vient vite vite
Ma mre veut parler des problmes de drogues qu'il y a au bahut. a rsoudra rien. Je sais pas si elle est au courant.
Ma thorie sur les retards obsessionnels du RER B est qu' mon avis mme les conducteurs attendent sur le quai l'arrive de leur train.
Mais les clients toute leur vie c'est de me faire remarquer que je suis gauchre.. Donc d'aprs eux je suis pas au courant ?! 'fin chpa..
Mais van der wiel t'es au courant que t'es nul et que tu le resteras toute ta vie pd ?
Malle ds qu'y a un truc en rapport avec l'homosexualit, bim j'suis la premire au courant ^^
Mdddr mon pre il ma dit quand il avait mon ge avc des potes ils sont allez au resto et au dessert ils sont parti en courant pour pas payer
Mdr les pelos qui disent "les meufs sont toutes des putes" i sont au courant que leur meres, gm, soeurs, cousines, tantes sont des filles?
Mdr y'a eu une coupure de courant et mon frre il dit " Hey moi j'suis au toilette j'suis dans le noir "
Merci :) #Tunisie: Sousse, Sfax, Monastir & #SidiBouzid: Horaires des coupures de courant
Meteo du #RER (#ratp) : OK () 01/03/2015 a 21:25 Trafic normal sur l'ensemble ...
Moi qd je subis un accident de bus
Moi qui aimais pas prendre le train/ mtro/ rer je passe ma vie dedans
Moi qui souhaite bon anniv a mon ptit frere : "T'es au courant qu'aujourd'hui ca fait 14ans que tu me casses les couilles quand meme ?"
Mon bus est en avance du coup je serais chez moi en avance
Mon chat a fait 30min yest coince dans l'arbre,je galre  aller chercher chelle et tout et la elle arve en courant,foutage de gueule mdr
Mon ex elle abuse avec ses lgendes vises sur insta mdr si je faisais comme elle tout le monde serait au courant que son pre  pt
Mon frre est a Amsterdam jsuis mme pas au courant.. d'accord
Mon frre est au courant. Il me reste ma soeur  qui faire mon coming out, ce soir. #transgender
Mon frre qui me parle d'eloise il est pas au courant j'ai failli chialer
Mon frre rentre dans ma chambre, pte et part en courant
Mon grand-pre il a cram les cadeaux de ma sur elle tait au courant
Mrd ma cousine elle viens de ce lever et elle c'est ou son les lumire donc elle est venue en courant dans le salon x)
Mtro Ligne 12 En rpercussion d'un malaise voyageur  Concorde, le trafic est ralenti en direction de Front Populaire.
Mtro Ligne 4 En rpercussion d'un incident voyageur, le trafic est ralenti sur la ligne.
Mtro Ligne 5 En raison d'un malaise voyageur  Stalingrad, le trafic est ralenti en direction de Place d'Italie. Trafic normal [1/2]
Mtro Ligne 5 En rpercussion d'un malaise voyageur  Stalingrad, le trafic est ralenti sur l'ensemble de la ligne. Trafic nor [1/2]
N'oubliez pas! Les ralentissements continuent sur la ligne #RERC jusqu' 20h30 #BOF
Nan vazi srx, venez demain on dis qu'on tait pas au courant et que c'st le 1er Lundi du mois aussi
O !La vido est sortie la nuit dernire, aprs deux soire "coupure de courant" !,Du coup, j'ai oubli de vous...
OBSERVATIONS 9H :,Comme prvu, la perturbation s'est rapidement dcale vers l'est dans le courant de la nuit. On...
Oups ! La circulation n'est pas au top au niveau de la ligne #RERC #BOF
PTDRRR MON FRRE FAIT LE GARS EN MONTANT EN COURANT IL VIENT DE S'EXPLOSER LA GUEULE JPP JE CRVE
Par contre frler la mort au retour  cause de l'accident de bus c'tait moins cool...
Paris ils sont au courant que ce match ont peu etre 1er en cas de victoire ? Faut ce reveill !!!
Pas d'amiti ! j'veut pas cohabit ! Trop deuspi pour ces trous du cul je ralentis avant la ligne d'arrive
Pas de mouvement, pas de rythme, pas d'engagement ... Ils sont au courant que la 1re place est en jeu?
Perso,  part courir derrire les bus, la dernire fois que j'ai fait du sport remonte au bac de sport soit en mai 2012... :(
Personne a rep mon tweet sur les nude aux boys donc j'en conclus que c'est une pratique courant que vous mme vous faites! Je vois.
Pour ceux qui n'taient pas au courant, @DRkneevil sera a #UFCKrakow ! Dtails:
Pour l'instant je suis le seul dans ma TL politique  apprcier la dernire vido de Usul. Je vais crer un nouveau courant au FDG.
Pour les filles de ma classe si vous tes pas au courant pour le mercredi de la semaine d'examen blanc ils ont retir 3h de sciences 1/2
Pour que tout le monde soit bien au courant, ma vie je la gre comme je veux.
Pq jsuis toujours la dernire au courant des devoirs ?
Pq le rveil ? Pq le RER ? Pq les gens ? Pq les cours ? Pq les contrles ? Pq la fatigue ?
Premire coupure de courant de l'anne 2015, rparation sous mme pas 20 minutes merci #ores @Electrabel
Profitez d'un trafic fluide sur la ligne #RERA #OK
Ptdr jc il me dit "demain on fait soire chez lui" je dis "mais je suis pas invite.." Il m'as rep "il est pas encore au courant en fait"
Ptdr mon pre il vient me chercher a la gare jvois on a une nouvelle voiture.. Ok mdr mme pas on me met au courant
Ptdrrrrr jai deux frres qui sont sur moi j'sais pas s'ils sont au courant eux mmes
Ptin on vient de me dire que que j'ai 3 contrles la premire semaine (dont 1 demain) je n'tais mme pas au courant ...
Ptn imagine ta un fou rire en plein dans ton mariage wiiiikkk ptn jme barre en courant
Putain dsa mre ya pas de train que des bus de remplacement
Putain x),demain je me vois dj entrain de courir derrire le tram a 12h
Putains t'es au courant que la maison des grand parents Menuey a brler  @PierreCavs
Putian demain l'cole sa mre direct j'coute @GRADIDUR dans le rer
Pwa, j'ai perdu 1kg pile en courant, Jsuis refait
Qd j'coute bonne weed de taro sa me fais grv pense  Bleuenn,l'anne dernire les vendredi soir  l'arrt de bus que de bon souvenir
Quand j'fais une connerie j'ai l'impression que le destin s'acharne pour que ma mre soit au courant mdrr mais putain
Quand l'rer il est vide y'a des couple qui s'lache dedans
Quel a t ton moment le plus gnant?  La premire fois ou j'ai pris le bus moi aller en cours, j'tais super s...
Quelqu'un tait au courant que c'est la fte des grandmres aujourd'hui? Non? C'est ce que je pensais mdrrr
R.C. Buford a aussi t distingu par une sorte de prix rcompensant sa carrire. Pop n'avait pas l'air au courant non plus.
RER C Motif accident de personne  Invalides. Ensemble de la ligne. Prvoir 20  30 minutes supplmentaires de trajet, dans [1/2]
RER C Motif accident de personne  Invalides. Prvoir de 15  30 minutes supplmentaires de trajet, dans les deux sens. Fin [1/2]
RER C Motif accident de personne  Invalides. Prvoir jusqu' 45 minutes supplmentaires de trajet, dans les deux sens. Fin [1/2]
RT @2bMonty: Ils sont au courant qu'on sera premiers si on l'emporte?
RT @AdrienMrcl: J'ai voulu faire une blague a Clovis, j'ai vu son pre par la fentre de la cuisine, j'me suis barr en courant c'tait marrant
RT @Aida_Kachmone: Tfaacon jss au courant tt le temps la dernire .. Mais cst pas sa le scis , QUOI !!!
RT @AmbreLnrmd: Ptdr jc il me dit "demain on fait soire chez lui" je dis "mais je suis pas invite.." Il m'as rep "il est pas encore au courant en fait"
RT @Antillaise_971: @_Liya97 wsh j'tais mme pas au courant frre ouai jvai l'appeler
RT @AxelCty: Y en a je pense qu'ils sont pas au courant qu'il faut danser....non certains prfre faire le tour 100 fois
RT @Ayem_216: Non mais la meuf elle bz avec le mec de sa mere et mm apres que sa mere soit au courant et bah sa fille officialise le couple #pblv
RT @BlackyJoBoy: Les meufs qui te sortent des "wesh gros" " ta race" "sa mre" limite a crache par terre. OH cousine t'as 2 chromosomes X t'es au courant ?
RT @CIaudeFrancois: RE JE SUIS LA, DSOL DU RETARD J'AVAIS UNE PETITE COUPURE DE COURANT
RT @CyHiPoWeR: Je comprend pas un truc, les familles sont pas au courant que Pascal le grand frre vient chez eux.. Mais les camras qui les filment alors?
RT @Damsi_92: "@haramest: Ma mre elle m'a envoy a mdr j'crois elle est pas au courant du nombre de bite que j'ai suc " ah ok
RT @DirectionerEya: @crazykenzouza @StrongerBeadles @ShawnMendes ... mon pre n'est pas au courant ya que ma mre. .. elle pourrait changer d'avis
RT @Fonds_S_Augier: Le poumon vert de la Terre se dsaltre au courant du mythique fleuve Amazone S.Augier #EspacesNaturels  sauvegarder
RT @GuirriBoss_: Tlr dans le RER ya un daron renoi il croise sa fille dans l'train par hasard & quand il la vu il a dit "donc toi tu colorie tes levres mtn?"
RT @Hdn_Laura: J'suis toujours la dernire au courant et du coup elle veut pas
RT @IDuhomme: Je draguais la cougar et la d'un seul coup " t au courant que tu drague ma mre "  Mdrrr je me suis barr
RT @ImGoing_ToHell: C'edt vraiment la fte des grand-mres? Mais pq j'suis jamais au courant?!
RT @Its_Doby: "Julia ? Tes au courant que tu vas dcder" HEEEEEEELP
RT @Josephinegd: Mon chat a fait 30min yest coince dans l'arbre,je galre  aller chercher chelle et tout et la elle arve en courant,foutage de gueule mdr
RT @LaRaileuse: Trafic ralenti sur @RERA_RATP en direction de Marne-la-Valle  cause d'un signal d'alarme tir  #Nation #RATP #RERA
RT @LauraOriente: @ilove_schweppes Jsp mais c'est pas un mtro a doit tre le rer ou le train jsp
RT @Laurasdz: Ce qui rponde pas  mes msg j'espre un jour vous aller vous prendre un bus, un mtro et mme un train
RT @Laurenawhy: Le pauvre gars il doit pas trop etre au courant qu'on a cr un hashtag pour clbrer son retour
RT @LeMarquis1er: @KassimCorsaire: Putain ya un gars qui me poursuivait j'ai perdu mon iphone6 en courant.  Cc @Cxmer_attitud @Camer_attitud
RT @Leguedric: Ce soir je ne vais srement pas pouvoir live, repas chez les parents. Je vous tiens au courant !
RT @Lia_B01: MON PRE VA VOIR ACDC EN CONCERT AU STADE DE FRANCE ET JSUIS PAS AU COURANT SA MRE
RT @ManeelDz: j'teins la lumire et jpars en courant putain g quel ge
RT @MappyCity: #RERC #KO : Ralentissement sur l'ensemble de la ligne jusqu' 22h
RT @MappyCity: N'oubliez pas! Les ralentissements continuent sur la ligne #RERC jusqu' 20h30 #BOF
RT @MappyCity: Oups ! La circulation n'est pas au top au niveau de la ligne #RERC #BOF
RT @MappyCity: Ralentissement sur l'ensemble de la ligne #RERC jusqu' 20h30 #BOF
RT @MappyCity: Tenez bon ! Ralentissement sur l'ensemble de la ligne #RERC jusqu' 21h30 #BOF
RT @MaurineMinet: Malle ds qu'y a un truc en rapport avec l'homosexualit, bim j'suis la premire au courant ^^
RT @Meliisahcsr: @biebsxxgmz Orh, sa mre cette l je m'en fou j'fais pas "j'tais pas au courant"
RT @Meliisahcsr: @biebsxxgmz en quel matire ? Putain je suis jamais au courant de rien
RT @Meslanie: Pour les filles de ma classe si vous tes pas au courant pour le mercredi de la semaine d'examen blanc ils ont retir 3h de sciences 1/2
RT @MohaRcm_: Wallah demain si je rate le bus je vais pas en cour la premire heure
RT @OBeauvallet: @MorganeAdgr femme au volant gale accident, Mom's au volant fuyez en courant !
RT @OceaneZaza: @TaLaura_ Tu me tiens au courant demain quand tu seras aller chez le mdecin ..
RT @OnApplaudit: Le chauffeur du bus a ralenti par ce qu'une beurette traversait, je lui ai dis "azi passe c'est orange" on m'a applaudit, j'ai roul l'bus
RT @Pauline_Lameyre: Dernire au courant
RT @PetittBateau: Je veut et je serait au courant de tout.
RT @Peuple_PG34_fr: @gallet81127917 @JeanDornac Superbes paysages l'Aubrac, comment y accder sans polluer sans bus ? Ligne ferroviaire en cours de casse..
RT @PicaudVictor: Mais van der wiel t'es au courant que t'es nul et que tu le resteras toute ta vie pd ?
RT @PtitBauchet: Avec un pote on fait exprs de loup le bus, quand on rentre on croise sa mre,elle nou dit quels va nou emmener,dcp on va arriver en avance
RT @PucesLapin: Pour ceux qui ne seraient pas encore au courant (s'il y en a) Dessin #Charb @Charlie_Hebdo_
RT @RERC_SNCF:  L'infotrafic RER C : Fin de lincident. Reprise progressive du trafic 22:22 #rerC
RT @RERC_SNCF: Infotrafic #RERC [MAJ] Ralentissement sur l'ensemble de la ligne jusqu' 20h30 (accident de pers)
RT @RERC_SNCF: Infotrafic #RERC [MAJ] Ralentissement sur l'ensemble de la ligne jusqu' 21h30 (accident de personne dans Paris)
RT @RERC_SNCF: Infotrafic #RERC [MAJ] Ralentissement sur l'ensemble de la ligne jusqu' 22h (accident de pers)
RT @RERD_SNCF: Infotrafic #RERD : Ralentissements sur l'axe Paris/Melun via Combs la Ville jusqu' 20h30 (personnes sur les voies)
RT @RapctualiteFR: DISIZ annonce le 1er extrait de son prochain album RAP MACHINE pour le courant de la semaine prochaine! @Disizfr
RT @Servane_Pokofan: Le copain  ma sur ma dit: "Tu tais au courant que M.Pokora a fait Robin des Bois?" Moi: "Nan, srieux?! Je savais pas!"Il me dsespre
RT @ShimiSoldierss: je fais rien pour demain moi. on fera comme si j'tais pas au courant.
RT @Skiinny_Gaang: Mon petit frre il crie chez moi en courant " JE VAIS TOUS LES NIQU " en rappant , ma mre elle est venue , GROSSE GIFLE
RT @Sxnofking: Mon frre jvais le dfoncer , hier il me rveille  7h , aujourd'hui 9h , t'es au courant cest les vacances fdp ?
RT @The_Red_Blitz: Le groupe aura peut tre possibilit de jouer entre les changements de groupes  Tda'Sound ! On vous tient au courant trs prochainement
RT @UFC_France: Pour ceux qui n'taient pas au courant, @DRkneevil sera a #UFCKrakow ! Dtails:
RT @UnDarisien: Vous voulez tre au courant de toutes les dernires exclu sur la tl-ralit, notamment #LesAnges7? N'hsitez pas  follow @TVRealiteLive
RT @UnePureGarcee: teindre la lumire du couloir et partir en courant pour que personne ne t'assassine.
RT @VandMargot: Pour que tout le monde soit bien au courant, ma vie je la gre comme je veux.
RT @YannisWann: Je mettrais 10e pour rcuprer la photo de Victoria a l'arrt de bus
RT @Youneslemsi: Le chauffeur du bus a ralenti par ce qu'une beurette traversait, je lui ai dis azi passe c'est orange, on m'a applaudit, j'ai conduit l'bus
RT @_Amandine_Dc: Grave bb tmas fais trop rire ptn  demain si jte dis " EH LAMA " Tu viens en courant comme les Lama?
RT @_ManonRyr: J'appel ma grand mre pour lui dire bonne fte et elle me dit "Pourquoi tu me dis bonne fte ?" Elle tait pas au courant je crois
RT @_Thib_ault: Pq le rveil ? Pq le RER ? Pq les gens ? Pq les cours ? Pq les contrles ? Pq la fatigue ?
RT @amndinedv: Djab dans le bus,il a loup son arrt jlui fais "tu fous quoi l?" il msort "j'avais la flemme de descendre je refais un tour" j'tais off
RT @anonymibro: Conakry c'est trop la hass -pas d'eau -pas de courant -pas de tunes et pire -pas d'espoir.. je crois rver! Que Dieu nous sauve #le224
RT @aspcrf: Un train  la sortie de la #PC15 observ ce jour !,Certainement utilis pour la rnovation des voies du @RERC_SNCF
RT @assxofdallas: @jeromejarre SI TU ME TWEETJE PRENDS LE RER DEGUISER EN BOB L'EPONGE DANS TOUT PARIS,ET JE FINIS PAR COURIR A LA TOUR EIFFEL A POIL
RT @bangluxury: dans 7h je serais dans le bus pour aller en cours
RT @benjesia: Comment crer des MOOC adapts au contexte africain(problme d'internet, de courant). Ne peut-on pas faire des MOOC sans vido?
RT @bordemlunes: @audreyaskip la twitosphre est au courant que les maths c'est pas pour toi, fiert ?
RT @buckschanel: Qd j'coute bonne weed de taro sa me fais grv pense  Bleuenn,l'anne dernire les vendredi soir  l'arrt de bus que de bon souvenir
RT @bvngerz_: je suis SRE que Ariana elle est mme pas au courant qu'elle a un duo avec Kendji
RT @cedriclocqueneu: Article  ne pas louper: Grer votre chauffage avec votre tlphone portable grce au thermostat connect ...
RT @chat_pizza: Bon sinon la #ZoneC j'espre vos sacs sont prts, loupez pas votre bus demain matin ce serait dommage  la bise de la zone B
RT @cyruspaghetti: Mdddr mon pre il ma dit quand il avait mon ge avc des potes ils sont allez au resto et au dessert ils sont parti en courant pour pas payer
RT @drewftbiebs: C'est tellement mieux les trains directs, c'est casse-couille le rer avec toutes ses stations la
RT @fabricegentile: Un mec ss gne coute sa musique a fond ! Un autre lui demande si il a pas d'couteurs. Non ! Il a ds un sac des couteurs neufs ... #rera
RT @fannyherraes: Ma grand-mre qui tait mme pas au courant que aujourd'hui c'tait la fte des grands-mres, normal mdr
RT @hoechlvn: mdr je suis sre que je vais encore courir pour avoir mon bus, on ne change pas une quipe qui gagne
RT @julia14__: meme ma mre est au courant de ma dispute avec aime
RT @lolagaxotte: Dernier jour  a cette heure l, demain je serais dans le bus pour aller en cour
RT @lolitanieenblog: "- Excusez-moi c'est la zone rserve au DJ ?!- bah non pourquoi ?!,- alors tu peux mettre un casque ou couper ta musique de merde !" #rerD
RT @marieeblt: J' sens que demain j'vais tre dans la merde, va y avoir un dm a rendre et des contrles j'serais mme pas au courant
RT @mendespiritual: -donc on a cours son van mdr et direct aprs on a repris le metro pour aller  la salle et on a rat son m&g improvis dans la rue j'avais-
RT @mnrdt170: dans la vraie vie tu fais a la fille va dire que t un canard un forceur elle va te faire une sale reput et tt le monde sera au courant
RT @monelledesousa: Valentin dans le bus arrter pas de me traiter.....
RT @ohmajamie: ELLE ETAIT ENCORE DERRIRE AVEC ROMANE ENFIN ELLES ARRIVAIENT EN COURANT ELLE AUSSI APRS ELLES COMPRENAIENT PAS CE QU'IL SE PASSAIT -
RT @pizzallas: Jme suis tordu la cheville en courant  mon bureau pour faire croire  ma mre que je bossais mdr aller lui expliquez pq j'ai mal maintenant
RT @smykos: Grce: le gouvernement relvera le salaire minimum de 586  654 euros mensuels par voie lgislatif courant mars.
RT @sonciallitik: @Cecilia_Dbs pire toi mme tes pa au courant de ce que tu fai soit disant ||azzy on gre pa on les laisse parl hein on  pa leur temp ns
RT @soniahbl: Tqt cest ta chanson tu sera le 1er au courant
RT @tanter_laura: Heureusement que ma mre m'en mne en cours demain car y a des grve de bus
RT @tulisquoi: [Archives] Accident de personne - Guillaume Vissac Si vous prenez tous les jours le train, le RER, le  #lecture
RT @walkershky: Coulibaly c'est un trou du cul. Ya vraiment qu'un Malien pr croire qu'en courant assez vite il peut viter les balles
Ralentissement sur l'ensemble de la ligne #RERC jusqu' 20h30 #BOF
Ralentissement sur l'ensemble de la ligne #RERC jusqu' 21h30 #BOF
Retour d'espagne... Accident de bus
Sachant qu'il est mme pas au courant de la soire, tu sent et voit ta dernire heure arriver a petit pas
Sauf qu'ils nous suivent et trouvent le repre alors on repart en courant, c'tait tellement stressant
Selon un sondage Odoxa pour I-Tl : un tiers des sonds ne serait mme pas au courant que des lections auront...
Sorry les gars mon pre a coup le courant ! Je reco demain ! @JeremySKZR @NZRR_UpL @iJeazy
Sus aux prises de courant et prises tlphones mal places, qui se retrouvent derrire des meubles! C'tait le coup de pas content du jour.
Ta lheure j'tais dehors mais quand ma mre m'a appeler pour me dire ce qui ya  manger je suis rentr en courant
Tenez bon ! Ralentissement sur l'ensemble de la ligne #RERC jusqu' 21h30 #BOF
Tfaacon jss au courant tt le temps la dernire .. Mais cst pas sa le scis , QUOI !!!
Tiens moi au courant pour ta journee demain frere  @DikaMem
Toujours la dernire au courant
Tout a l'heure j'tais dans le Parc je marche y'a des meufs qui arrive vers moi qui crie selfies et qui se barre en courant mddr
Toute ma vie on me dis je te tiens au courant et a arrive rarement
Tqt cest ta chanson tu sera le 1er au courant
Trafic ralenti sur @RERA_RATP en direction de Marne-la-Valle  cause d'un signal d'alarme tir  #Nation #RATP #RERA
Tu t'en vas  la drive sur la rivire du souvenir,,Et moi courant sur la rive, je te crie de
Un coup je voulais faire couter le rire de Leeteuk  des potes car son rire est magique... En rallumant mon phone dans le bus,
Un mec est tomb entre le quai et le train a la station Invalides... #rerc paye ton comble
Un mec percut par un train .... Invalides. S'il est seulement invalide il a de la chance. @RERC_SNCF
Un mec ss gne coute sa musique a fond ! Un autre lui demande si il a pas d'couteurs. Non ! Il a ds un sac des couteurs neufs ... #rera
Un train  la sortie de la #PC15 observ ce jour !,Certainement utilis pour la rnovation des voies du @RERC_SNCF
Une crise, a faisait longtemps. Les larmes coulent aussi fort que le courant d'une rivire.
VEFA et dfiscalisation - la responsabilit du notaire impos par le vendeur  l'acqureur: Courant 2006/2007,...
Vous voulez tre au courant de toutes les dernires exclu sur la tl-ralit, notamment #LesAnges7? N'hsitez pas  follow @TVRealiteLive
Vt dj 245 16 kts dans la barre 22 derrire, vagues 1m50 qq sries 2m, le courant casse la houle vers la pointe,check  12h30
Wallah demain si je rate le bus je vais pas en cour la premire heure
Y'avait coupure de courant j'ai rat la 1re mi-temps de Liverpool-City
Ya un mec il s'est arrt devant ma fentre il m'a regard comme un sadique j'ai chi jsuis parti en courant jreste avec mon frre mtn
a a repris et j'tais pas au courant     #Vikings #VikingsSeason3
a merveille franchement on trouve rarement des genre qui s'expriment aussi bien aussi aisment avec un vocabulaire trs courant
askip mon pre il vient ns prendre ajd mais personne n'est au courant
chacune avec un couple diffrent qui devient actionnaire d'EDF. Dans le 1er couple, l'homme est noir. Il y a crit dans le dossier :
dans 7h je serais dans le bus pour aller en cours
dans la vraie vie tu fais a la fille va dire que t un canard un forceur elle va te faire une sale reput et tt le monde sera au courant
demain faut que j'aille rcuprer ma carte de bus aussi
demain je trane ma mre  ika histoire de ne pas avoir  dplacer ma bibliothque en train et bus ahah
du coup ce soir jdois me coucher assez tt bc demain le bus il passe  10h15 donc jdois m'lever vers les 9h pour m'preparer et tout pfiou
eh zozo balance le screen tkt axel ne sera pas au courant
ehh d'ailleurs en parlant de Lala j'ai toujours pas de nouvelles  j'espre qu'elle se connectera bientt pour me tenir au courant
ekituss m'a tromp pendant un court instant. Bravo. Cependant je suis un peu en colre de ne pas avoir t mis au courant. >:/
elle le dit  tout le monde mdr mme ma grand-mre elle est au courant alors qu'elle connait mme pas le jeu
enfaite j'men blc de reprendre les cours mais j'ai tellement la flemme de prendre le bus , le RER & tout !
glee ils ont repris break free pq j'tais pas au courant
il faut dire que a fait du bien d'tre rcompens d'avoir dpens plus de 30, fait 1h de train, 1h de rer et jsp combien de km  pied
ils prviennent au cas ou mes parents serais pas au courant... c vrai qu'ils sont pas venu me chercher et qu'ils ont pas eu rdv
j'ai trop hte que ma soeur soit au courant pour son planning. TROP TROP HATE d'aller fter mon anniversaire  toulouse
j'ai voulu me mettre en jogging dans le bus et ma mre m'a trait psq "on arrive pas en survet chez les gens!!" okok
j'ai zapp que les bus taient encore en vacances je vais encore galrer pour aller en cours putain
j'tais mme pas au courant que c'tait la fte des grands mres :')
j'teins la lumire et jpars en courant putain g quel ge
je fais rien pour demain moi. on fera comme si j'tais pas au courant.
le conducteur de bus de ma sur et ses potes il s'est endormi au volant ce fdp et ils ont eu un accident!
ma grand mre elle se fait oprer courant Mars..
ma meilleure amie vient chez moi et mon pre il est pas au courant c'est chaud
ma mere qui me rappelle qu'on est deja le 1er mars, MDRRR comme si j'etais pas au courant  #HappyBirthdayJustin
ma mre elle est toujours pas au courant, elle m'en parle toujours mais j'ose pas lui dire mdrr tain c'est chiant
ma mre tant jeune t avec un mec, ils ont eu ma soeur  17ans mais il tait pas au courant et il l'a quitt avant dle savoir, puis elle-
mdr je suis sre que je vais encore courir pour avoir mon bus, on ne change pas une quipe qui gagne
meme ma mre est au courant de ma dispute avec aime
pour mon compte perso quoi qu'il advienne en france courant politique ou religion personne ne menlvera mes convictions de penses
putain j'ai envie de pleurer wsh demain on reprend les cours et dans trs exactement 26h je serai dais mon bus putain
quest ce qui te stress  si j'croise un clown pour carnaval la vie de ma mre j'me casse en courant et je sors p...
toujours la dernire au courant :(
