"@RERB: 15:59, le trafic est perturb sur la ligne (panne lectrique) #RERB" depuis ce matin....
"Je vous tiens au courant" Oui sa serait bien
"LA NOYE - Tu ten vas  la drive Sur la rivire du souvenir Et moi, courant sur la rive, Je te..."
"Ma jeunesse a la couleur des trains,RER C pendant le trajet je rvais de perer."Booba
"On garde a entre nous" Demain ma meilleure amie sera au courant et samedi toutes les filles du basket mais on garde a entre nous !
"Tqt tu seras la premire au courant" bah j'espre bien Simon
"Traffic perturb"... Depuis le temps il aurait peut tre fallut envisager une psychanalyse ! ^^ @RERC_SNCF @RERD_SNCF #Rer
"We Own It", premire preview d'un EP Frenchcore (4 titres) qui sortira chez Exode Records courant 2015 ! Bonne...
"ma jeunesse a la couleur des trains, rer c pendant le trajet j'revais de percer"
#CDF "Paname, paname, paname, on arrive en courant derrire toi, paname, paname, paname, on te fait le coup du souviens-toi" #FCN #FCNantes
#LIGNE3 #LIGNE7/ Accident de moto vers les Charmettes au #vsinet, prvoir 10 min. de retard sur la ligne 3 et 7 #BUSENSEINE
#LesDerniersMots  : Tu es sre d'avoir coup le courant ? ,
#QML #RERC : Les trains VICK sont supprims, les LARA sont terminus Paris Austerlitz, les DEBA partent de BFM :
#QML #RERC : Trafic ralenti jusqu' 14h30 suite  un incident affectant la voie  Champ de Mars.
#RERB trs ralenti direction Nord depuis Stade de France... Mais comme le trafic est rgulier, c'est que tout va bien !
#RERB wagons dj saturs, quai direction paris plein  croix de berny et 2 prochains trains sans arrt. Normal ?
#RERC #KO : Trafic interrompu entre Pdt Kennedy et Champ de Mars jusqu' 21h30  cause d'un incident signalisation
#RERC #KO : Trafic interrompu entre Pontoise et Champ de Mars jusqu' 21h30  cause d'un incident signalisation
#RERD Heurt d'un sanglier par un train entre les gares de Cesson et Le Me, Trafic ralenti axe Melun-Paris,
#RERD le traffic est interrompu en raison d'un malaise voyageur. Ou ?quand? Dsol pas plus d'info
#RERE #OK : Trafic fluide sur la ligne ! Que du bonheur !
#SportClub La patinoire Albert 1er prend forme. La structure mtallique monte.. Livraison courant mars. #Reims
#SportClub La patinoire Albert 1er prend forme. La structure mtallique monte..Livraison courant mars. RT @J_Lampin
#annonce #vente Duplex - St Germain en Laye (78100): ST GERMAIN CENTRE 5 MN RER Au calme sur cour i... #immobilier
#hotfix sur le @RERC_SNCF (avec modif entre chaque passage de train)
#qml #rera le trafic est ralenti sur Cergy Poissy... circulation avec 5/10min supplmentaires
#qml, le trafic est interrompu entre Vincennes et Noisy-le-Grand (colis suspect) #RATP #RERA
#rerA a va tre chaud pr rentrer dans le train...direction cergy. Quai blind
#rera ce soir c'est l'ouest qui morfle. Trafic repris mais trs perturb...et rames blindes.
- Tes au courant que moi et Peyton cest fini ?- Peyton et moi !- Quoi, elle ta largu toi aussi ?,Les frres Scott.
-Lger / Marne-la-Valle - Chessy Trafic normal sur les autres lignes de RER [2/2]
-de rouvrir les portes et on voit tout le bus sortir pour courir vers le clg wlh j'ai rien compris en plus y'avait les contrleurs ptddrrrr
. Trafic normal sur les autres lignes de RER. [2/2]
.@FaithNoMore sera de passage  #HEAVYMONTREAL2015 !! Pour plus d'infos et pour vous tenir au courant, visitez le  !
.@LaSMEREP la conseillre me raccroche au nez pk je ne ss pas intress par sa mutuelle, je rappelle elle a eu "une coupure de courant"
.@htan987,J'espre qu'il ne vont pas trouver d'change avec #Sarkozy confirmant que ce dernier tait au courant pour #Bygmalion. J'ESPRE !
00 Trafic normal sur les autres lignes de RER. [2/2]
15:59, le trafic est perturb sur la ligne (panne lectrique) #RERB
18:15, le trafic est interrompu entre Vincennes et Noisy-le-Grand (colis suspect) #RATP #RERA
19:21, le trafic reprend progressivement entre Vincennes et Noisy-le-Grand (colis suspect) #RATP #RERA
19:30, le trafic est ralenti sur la ligne (colis suspect) #RATP #RERA
1re fois de ma vie que je cours apres un bus en plus charge comme un ne
2/3 correspondances sur 3 loupes a #choisy pour aller  #orly en venant des branches sud encore 1h de perdue #sncfail merci la #sncf #rerc
8:36 premier train victime "d'incident technique" yeahhhhhhhh !!! #RERA
@ Bot_en_train: Le RER ou le metro ?
@08_Yassin bah quel bus pd? Tes encore plus con qu'l'annee dernire jcrois bien mdrr. Le bus ou le train?
@3asyG33 @TUForg @RATP @rera Cest scandaleux. Aprs lincident, un train  deux etages VIDE arrive pour MLV, il repart presque vide.
@AHilbold je sais pas si t'es au courant mais je le connais pas ton frre moi madame !
@AS_Monaco @AnthonyMartial En courant plus et en faisant plus d'appels a sera mieux
@Adrienhm @RERC_SNCF La blague ... Un train arrive et il roule jusqu' la ou je veux all normalement.
@AlbertoOlympio a sera une bonne occasion, tenez moi au courant du lieu, du jour et de l'heure
@AlexAvecUnE @patDen Haaa Cibole ! Je savais mme pas que a existait  Plus au courant des bebelles pour les fesses que les fers  friser !
@AntoineMezil ah merde !! Bah voila je tiens au courant Ca serais norme je te met un petit pont et tu payeras ta bouteille en boite ;)
@AntoniDaCampo Si c'tait le cas tu serais au courant j'crois
@Ayiko_A anyway je te tiens au courant si j'y vais! j'espre qu'on se verra l-bas!
@Aymeric_Lansel t'es au courant que demain tu dois payer ton coup a la buvette?non?bah maintenant tu l'es..bien jou ch'pere
@Brett_twYo -se dirige en courant vers la fort-
@BuisineLaurine haaa tu aurai pu allez  fches je serai venu souvent :p tiens au courant
@CLecefel @LaPtiteElice conducteur:"notre train a 12min de retard ... Que je vais essayer de combler avant tampes" il connat pas #rerc lui
@CamomilleLouise Effectivmt et c grave! Boy yow no deff damaley guiss guey kaass rek wala tu rames a contre courant de l'actualit lool
@CharlieRPGNYB2 -rit- T'es au courant que c'est juste pour rire ?
@Charlinelpp si tout se passe comme prvu tu seras la premire au courant promis
@Chhinchidou Ohlalaaa j'l'coute l j'suis dans le RER comment j'm'endooors, trop agrable
@ChloeGrnck @F0X3RR mdrrr dit toi qu'elle est au courant fifi dsllll
@ClementCrm y'a gros repas chez le carr avec les darons tousaaa mec t'es jamais au courant toi
@ClotildeMydyla @RERD_SNCF @Alfortville_94 pour tester leurs nerfs quand ils entendent leurs trains arrivs et qu'ils sont de l'autre ct
@Conducteur_RER On passe aussi sur le Lito quand est en Train touristique RFN, une fois par an  SPDC.
@Conducteur_RER Qu'est ce qu'il foutait l le train aussi... ? ;)
@Conducteur_RER et le conducteur du train ? ils en parlent pas...
@DameGigi_ bah c'est a quoi. J'ai qu' pas payer la taxe poubelle, ou frauder dans le train/bus, ou arrter spotify pendant 6 mois
@Darkiili je vais te mentionner  chaque fois que je vais faire un tweet bizarre comme a tu sera tj au courant
@DartoisJennifer bah j'voulais pas surtout que je connais pas tes potes ils etaientr peut et Re pas au courant qu'on se parlait dj
@Dupont_Damien Le parrainage est valable pour une premire ouverture de compte courant.1/2
@DylanLepez les frres non plus.. Mon frre depuis tout a l'heure s'amuse a toquer a ma porte et partir en courant ce connard
@EnishaY @cherrrydeven j'espre que Tam est au courant de a looool,Faudrait pas que a lui gache son plus GRAND jour looool
@EnzoOl76 ton pre est au courant que tu parle avec autant de gros mots ?
@Ezfhpma @jamyfredzoned WHOA mais genre faut faire qqch non??? ton mdecin il est au courant ou c la premire fois que tu vas lui en causer?
@FMCoeur tenez nous au courant de toute campagne d'aide que L'ASM serait en mesure de vous aidez afin de promouvoire la mission de la FMCQ !
@Fabinou95 @LIGNEJ_SNCF bsr, le trafic reprend  l'instant. #RERA #ligneL
@Gaby_Dwc J'espre que t'as de l'antitranspirant parce que tu vas devoir faire Vauclin PNE en courant
@Gautier_BN Je suis plus qu'au courant, t'es au courant j'ai bac blanc, plus oral dans chaque matire ?
@Hendriickx Ouais ! Faut faire un truc bientt l, on se tient au courant de toute manire..
@IamJustLina Ah oui ptddrr et le Togo ? Tu sera pas au courant ?
@Jln_Mrg @y_abidi @DorianSchmitt @joade57 mchant un peu:/ mais jsp qui a relanc la "rumeur" puisque mtn tout les 1er sont au courant
@JrNoisette  j'habite sur la ligne D et y'avait pas de direct de suite... Donc j'ai pris le 1er train... MDR je crois! Je vais regarder
@JuliaGypsy Florence & the machine : il me semble que ce sera courant 2015 !!!
@JuliePattaro vas y en courant a te fera un echaufement pour le basket :)
@JulienNaoned et Paris pour quoi? Je ne suis pas au courant des dernires news #JeBoude
@KeenvOfficiel Ah d'accord merci d'avoir rpondu j espre que tu nous tiendra au courant quand tu le seras :)
@KeenvOfficiel dgoter  t'es au courant que chez nous y a un temps de merde  profite des dernier jour de soleil
@Kentucky92 @RERC_SNCF Premire fois qu'on fait ce coup l depuis que je le prends. Abus!
@KidoYuto92 @Gamekult EN retard ! Dj au courant ! La 3DS sera bien chaude avec Monster Hunter pour enchainer :)
@Kirbendo si c'est le plus courant justement il coute pas chre est c'est ce que il y a de mieux il y a 2 ans alors tout le monde est conten
@LaMutine J'espere qu'on sera tenu au courant de l'volution de l'enqute. On doit tre tenu inform de tout a.
@LeBrun_II nn pcq t'avais rt et j'ai refait et jme suis dit que bon puisque t'avais rt je devais te tenir au courant des dernieres nouvelles
@Lyandron bus a 18h35 = 30 min. Faudra ensuite que je prenne la voiture pour aller  Mantes pour rcuprer le chri quand il pourra arriver
@LydiaM_TWRPG *fais un signe de tte au caissier, prend son sac, sors de la suprette en courant  cause de la pluie qui tombe toujours,-
@Mariloulinoa je veux tre la premire au courant si a va pas ma couille
@MartNolwenn Ah non t'inquiete pas comme j'ai dit vous seriez au courant sinon
@Matthieu_Gobert Mdrrrr fais attention a son caractre de cochon :p t'as intrt a prendre soin d'elle, mtn que j'suis au courant
@Maxime_Peres d'ou tu ai au courant de ca ???? Tout le monde le sait mdrrr
@Meeeelika ui on s'tient au courant tfason a serait violent de refaire la mme quipe qu' l'ancienne
@MelinaFnd fiouuuu ton pre et au courant ?
@MelyssaGougeon si on a manger oui j'espre, tu tiendra mimine au courant sur twitter?
@Memento_SNCF Au secours !! Infotrafic #RERE : Trafic interrompu entre St-Lazare et Magenta (2 sens) jusqu' 15h30 (personnes sur les voies)
@Mrs_MStyles Sorry je rentre seulement de cours, l vous tes 3 dessus et t'es la dernire Sorry je te tiens au courant au cas o !
@NicolasLEFEVERE Quand une marque devient mot courant. Je prfre diaporama.#powerpoint#parlonsfranais#c'etaitmieuxavant
@NonoPodcast @GaspardVideo @dylan_delrey OMGG JMEN FOU DEMAIN JE VAIS PAS EN COURS ET JE PREND LE BUS POUR TE VOIR :') (si ma mre veut :'))
@OneDream_Mine_ si ta une places qui se libre ou connais quelqu'un tu peux me tenir au courant ? :$
@OxmozFR TOI NIQUE BIEN TA GROSSE MRE TU CROIS C LE MOMENT LA JE SERAI CAPABLE D'ARRIVER EN COURANT CHEZ TOI ET T'ENCULER DEUX FOIS
@PYayane Frere j'ai du courir derrire le bus pour qu'il me voit alors que je suis en tenue de service mdr
@PaixAsPalestine ouais je suis au courant mdr , en plus moi c'est trs rare que je tombe malade Hamdulillah
@PatrickChareyre poke @nikolittlestar (au cas o tu serais pas au courant)
@PaulineParment1 tu seras au courant :)
@Pierre_Alex_ je sais pas si j'y serais on se tiens au courant
@PolElisa Tu seras au courant t'faons
@Priscilla_68 Ces pas grave quand tu sera bien tu me tiendra au courant :)
@RERA_RATP  Le site #ratp toujours pas au courant de l'incident #rera... -_-'
@RERA_RATP @TUForg peut tre, mais super ralenti entre joinville et Boissy...damned!
@RERA_RATP Des usagers du #rera se rendant  Bry sont rests  quai dans Paris, au lieu de prendre un train qui s'y arrte en fait... #ratp
@RERA_RATP Didier sert  quoi ? Vu qu'il ne nous a visiblement pas tenu au courant de l'tat du trafic ce matin.
@RERA_RATP Le camarade mcano a dpasse ses 3 heures de boulot quotidiennes et plante son train a noisy au lieu de mlv
@RERA_RATP Mais pourtant, tout est normal sur le #RERA, d'aprs l'info trafic! Et c'est comme a tous les jours....
@RERA_RATP bande d'incapables!!! 1h que le trafic est interrompu c'est inadmissible
@RERA_RATP bonjour que se passe t il ce matin pour que les trains soient retards et que l'on soit des centaines sur les quais a attendre ?
@RERA_RATP bonsoir les clochards en hivers ok mais les odeurs d'urine & les traces de merde dans l'ascenseur  Opra c'est un peu tout much!
@RERA_RATP ca vide les trains n importe o mais pour glander a 3 ds la cabine a drange pas. Faut 3 camarades pour faire rouler le train ?
@RERA_RATP j'espre qu'il y aura plusieurs trains omnibus chessy pour couler cette foule  nation.
@RERA_RATP la rame change de destination en cours de route!? #wtf #foutagedegeule #pourquoi
@RERA_RATP malaise voyageur  Achres Ville. Le trafic est interrompu en direction de Cergy le Haut
@RERA_RATP pourquoi roule-t-on au ralenti pour MLV alors que nous sommes les 1ers  reprendre aprs l'interruption? Personne devant non?
@RERA_RATP ralentissement sur le reste de la ligne ?
@RERA_RATP sartrouville magnifique ce passage de train de marchandises en remplacement du rer tellement attendu
@RERA_RATP sylvie, ca fait 10min que le trafic est interrompu, tu sors de pause et mets a jour l'appli ou merde ?
@RERA_RATP: 18:15, le trafic est interrompu entre Vincennes et Noisy-le-Grand (colis suspect) #RATP #RERA colis a val de fontenay.
@RERB @Asso_usagersidf FAUX TRAIN SUP A STADE DE FRANCE a 16h46 ...racontez pas n impirte quoi
@RERB Bonjour, quel sens de trafic est impact par cet incident ?
@RERB trafic perturb toujours sans info. Mais pourquoi faire ? Les franciliens n'en valle pas la peine.
@RERB vs etes vraiment d cons & d branleurs. Y en a qui bossent. ca sert a quoi de mettre un train qu'on annonce terminus Denfert a Cit U
@RERB wagons dj saturs, quai direction paris plein  croix de berny et 2 prochains trains sans arrt. Normal ?
@RERC_SNCF Hahaha #RERC retour du trafic  la normale prvu en 2017. D'ici la vous faites une rduc sur #navigo ?
@RERC_SNCF Trafic un peu languissant, il faut reconnatre.
@RERC_SNCF attente de 22 minutes le prochain train en dir. de Pontoise, srieux ?
@RERC_SNCF avenue Foch, colis suspect #merci la police ferroviaire! J ai eu mon train! #gentillesse #sympa
@RERC_SNCF deux fois en deux jours que le mme train est supprim ss avertissement. Belle prouesse.
@RERC_SNCF le train de 17:28 au dpart d'invalides en direction de saint quentin en Yvelines
@RERC_SNCF on va tenter le coup :) il risque d'y en avoir bcp!
@RERC_SNCF troisime wagon en partant de la tte du train dans le sens de la marche
@RERD_SNCF @GregDudule malaise car train tellement plein que les gens ne peuvent plus respirer... C'est ca les suppressions !!
@RERD_SNCF @TUForg et avec les trains supprim c'est encore une belle journe de grand chelem :)
@RERD_SNCF @TUForg et c'est certes l'attente qui nous met en retard, mais du coup le train d'aprs arrive plein dc impossible de monter.!
@RERD_SNCF @TUForg et la j'attend a Yerres car le train de devant est bloqu ... Et mon train commence a tre plein. #agoraphobie
@RERD_SNCF Et pour le train qui a heurt le sanglier, qui a enlev la partie de tte, vous trouvez a normal qu'on parte aprs les autres ?
@RERD_SNCF et on repart  quelle heure ? 20mn le train est bond ...
@RERD_SNCF il a raison @GregDudule car l a commence  s'nerver dans le train. Et a va mal finir
@RERD_SNCF le DiCA de Yerres repart aussi. Courage  ceux qui sont dans les trains derrire! #rerd
@RMCinfo @edwyplenel @GG_RMC si responsable medias ce sont ses articles je part en courant certainement pas un critre.marxiste.detestable
@Raiss__ j'espre juste que ras'al ghul ne tuera pas Maseo pour a. Enfin qu'il ne sera jamais au courant
@RakSmeey @paulinelemoine8 bah moi samedi pro a le ferait pour moi donc no soucis on se tiens au courant!!!!
@RayhanRmn ils ont appel mon pre et lui il tait pas au courant la pour scher en ce moment c'est chaud j'attend au moins une semaine
@Rayou_95 mohhh pauvre gueule t'es au courant que tu as une voisine qui est l quand la misre s'installe chez toi ?
@Rgt_Juu Aha ca sera le nom de ma biographie ca ;),Tqt je te tiens au courant quand je remonte on se voit , on pourra l'insulte ensemble
@RomsHal pas de soucis ! Tu seras au courant de tout !
@SChilon Ah mais oui l tu pourra peter un cable, mais a ne sera pas ncssaire :D. Tu me tiens au courant :D
@SMogow tiens moi au courant ce serai topissime
@SPascaleJ elle sera a mois courant 2015 lol. cher pas forcment.c la gamme sport donc c tjs cher
@STagadaa hahaha reste connect tu sera au courant de tt sans allumer ta tl
@Saranet_dr viens on la chante .. J'espre qu y aura des lphants ..,Et ta mre elle est au courant ? #ChanteAvecVincent
@Shinxe @TUForg @RATP @rera il n'y a plus de train a un seul niveau sur MLV. \o/
@Shymmy_ Dsol, je les ferais dans le courant du moi prochain, je dteste les ouverture de saison...
@SofianeMurrey "jcoours pas derrire le bus crois tu que je vais courir derrire toi"
@SossoPSG75974 jsuis au courant  mais moi ca me sers a rien
@StuuPlsk ok j'espre dj t au courant que chez lise c'est mort
@Suzie_Rgt Je t'inscrirai en tant que chanteuse tu seras pas au courant ;)
@TAObustram ya eu quoi comme accident aujourdui sur la ligne A? (22/01/15)
@TheoGordy Bon bah, j'espre que demain en me connectant je verrais :'Tho Courant ? vous a suivis'. Ce serais mon rve. Bisous, je t'aime
@TheoGressani @AmineEid1 @AlexChuxi mais t'es au courant que a nous cotera moins cher que l'Espagne si on fait ca bien ou pas?
@ThierryWetzel haha mercii! Oui du coup a donne envie de fter a.. En mangeant ! X) d'ailleurs le recruteur est au courant de ma passion
@ThomasDoucet_ j'espre que a c'est bien pass ! Tiens nous au courant. Excellente journe !
@Thymidylate @JeujeuX mais tu sais si tu l'paulais un peu au lieu de l'enfoncer tu serais au courant qu'elle a d'autres plans en tte
@TreezyJulien et tu serais pas au courant des poules filles par hasard ?
@Virgiinie_ @xSerMejorX Je vous tiens au courant, je sais pas encore o je serai en dcembre
@Yukirpgtw *comment j'suis cens arranger a moi, la voit et va vers elle en courant* Kira ?
@_Jere_J Si tu l'es, on est les meilleurs y a mme pas de quoi douter!  Bon courage quand mme tu me tiendra au courant.
@_LisaDobrev @_MlleMarion t'inquite je suis sre que a s'est bien pass ! Tu me tiendras au courant d'accord ?
@_Shamixx @NairJack_BTPKR j'suis au courant je le vois tout les dimanches  bientt il sera  moi
@_WonderRomane non mais sa famille........................non mais j'ai hte que tout le monde soit au courant, j'espre que l'auteure -
@acciopizza_ Je sais pas trop c'est mes vitesses qui bloquent ( ton pre et au courant) et ils me disent qu'il ni a rien! Genre j'invente..
@amandarpgsha Absolument rien du tout. *Il s'approcha en gardant un mme sourire et t'attrapa soudainement dans ses bras, courant vers -
@antoinectd @EurosportCom_FR @FFF Je serais au sport , tiens moi au courant stp :p
@bonakor Ah dsol pour toi ! Promis, si je vois une jolie inconnue faire a tu seras tenu au courant ;)
@cadremploi Niveau de langue trangre CATASTROPHIQUE en France! CV mentionnent pr ex. "allemand courant". Ds qu'on parle au tl: "Euh..."
@casiraghiBF @shi_ryna non change le derrire la pardon. Qui n'est pas au courant que j'tais ta go cachee? FRONCHEMON
@champ_pignon avec une base sur vous compter diriger un pays de 66 millions d'individus?Ils reprsentent un courant certes mais c'est tout !
@chkaki L'accident a eu lieu  bonniere, au moins que les trains s'arrte a Mantes... Et les gens aprs bus mais la que 1 en 4H...
@cliffordslayyou J'espre que t'y arriveras tu me tiens au courant ? :)
@corpsduchrist je pense que quand a arrivera (si un jour a arrive bien sr) toute la terre sera au courant tellement j'en pourrais plus XD
@daniagio1 Hello ! Normalement je devrais jouer lors d'un festival vers Genve le 1er aot. Je te tiendrai au courant de a. Gros bisous
@dthoiron @Luisetti Mince, je n'tais pas au courant qu'il y avait une confrence ce soir. Sinon je serai rest.
@dylan_hiest @AdrienHouziaux Faut procder par affinit, genre une chaine : Hadjar est au courant, elle aurait pu prvenir Adrianne
@enzorpgtsd *te cherche dans la nuit et entend du bruit derrire un arbre. Arrive en courant et te saute dessus te plaquant a terre*
@enzorpgtsd je sais je suis le bien venu partout moi. -hle en souriant- ouais stp. -retourne vers ses ptes en courant- putain..
@ethelrpgmis -il se prcipita vers toi, en courant, posant ses mains sur toi- Ethel?!
@etiennEDelaunay bah voila niquel, c'est le reve mdr, bah on s'tiendra au courant la bas mdr
@euuGMerle @mellies_victor je suis au courant merci de me le remmorer
@evansoldier les gens sont peut tre pas au courant que a a reprit...
@florinelb287 quelle question ! Tu serais la premire au courant
@flozaddict @timoumoune @Bijou169Aubry a fait toujours a la premire fois :) ( ok je me barre en courant)
@frossard17 tant fais pas tu seras au courant xD
@galeRERAfr Site web #ratp :"Jeudi 22 janvier 2015  18H09Trafic normal sur l'ensemble des lignes RATP et Transilien SNCF.",#rera O:-)
@galeRERAfr Train annul  7h41... sans prcisions particulires... Bonne journe @RERA_RATP !
@galeRERAfr coupure de courant juste avant Vincennes direction Chessy #RERA
@grimmgrimm84 @lilijo7 @dupontaignan Il se prsentera  la prsidentielle, comme tout candidat de parti politique reprsentant un courant.
@gs_marie d'tre sre et j'ai fait qq recherches et c'est assez courant que le lait en gnral fasse de l'acn
@ibelieveinagb @1989TheVamps je suis pas au courant en tout cas je suis pas la pour elles moi, c'est les premires  critiquer les LM
@imperfectcole_ sre ? C'est demain le dernier dlai t'es au courant?
@j_fdla toujours au poste!! Il faut il faut sinon je ne serai au courant de rien
@jb__f Pour les chemins de fer, il est question de voitures. Le RER, dans le langage courant, on dit WAGON.
@justinbiebiere tu n'es pas au courant? Elle a eu un accident... Mortelle je crois bien...
@jxklchk j'avais bien compris que t'en avais rien  foutre, j'voulais juste que tu sois la premire au courant, mais bon.
@la_fee_du_RER Une ville qui se retrouve sous un dme coupe du monde. Ils doivent survivre. Y'a des catastrophe. De la bonne SF, quoi.
@la_fee_du_RER rooooh.... Comme c'est gentil ce petit coup de rclame...
@lauraaa_frt Si tu veux demain  la recre de 10h on se rejoins et on va demander  un pion Parce que la nouvelle CPE n'est pas au courant-
@le_Parisien: SNCF : un milliard d'euros pour rnover le RER C  et le D ?? C'est un dchet ce train
@lenicois93000 @JJBourdin_RMC @HerveMariton @RMCinfo @BFMTV donc t'es pas au courant que l'EI a attaquer un poste frontire de l'AS et
@lezardrouge Tiens moi au courant si vous passez par Montral. a me ferait plaisir d'avoir de te revoir et d'avoir des nouvelles de Nantes.
@littlemargrit ok alors vivement mai vous me tiendrais au courant... Th ou champagne face  la mer et bonne conversation...
@llu_ne ben moi ca y est. Trafic rer interrompu entre nation et noisy le grand. Ma station nest pas desservie.
@lmjsmind mais a va rooh au pire on s'en fou si personne n'aurait ragit comme a personne ne serais au courant  ce moment mme
@louuubmt ptdrrrr tu va repartir en courant jcrois mais atten je ngocie avk mon pre pour samedi venir voir les pd jouer
@mallowhbt c'est pas de ma faute si mon pre est synonyme de courant d'air dans ma maison ,OUI OUI OUI
@marciogoldfish Nn a  demain Vendredi = couscous !!! T pa  courant frer??
@marinelovejen demain j'espre je te tien au courant miss
@matantemorin Je suis au courant !j'espre que le PLQ va rpliquer!!!
@mathis_ab si j'avais t au courant je ne serais pas venue mdrrrr
@max21109 franchement aujourd'hui c'est pas le moment mais je te tiens au courant quand a le sera tkt
@moreandless Bonjour David, les nouvelles rames actuellement livres disposent bien de prises de courant en 1re comme en 2nde. :)
@narryslutx a tous les coups dans trois jours tout le monde sera au courant
@neocxat non but jsuis tjr attach  lui alors voil voil....,ps : si jlui reparle tu seras la premire au courant
@nidevenidadam Bonjour. Le crdit immobilier sera lanc dans le courant du 1er semestre. Nous vous tiendrons bien informs. Bonne journe.
@noukapi courant fvrier vous pourrez tre livre ;) si vous likez notre page facebook vous serez au courant de tout!
@oswinterfell j'ai vu avec ma mre pour moi c'est ok ds deux semaines, dnc tenez moi au courant pr vous et c bnnnn
@paris_normandie l accident est  Jeufosse exactement. Demandez  #SNCF de mettre bus entre Vernon et Mantes  la place SVP
@publicsenat @JP_Elkabbach Tenter de jacobiniser l'islam ne parviendra au mieux qu' crer un courant (ou tendance) de plus en son sein...
@pumpkin_kid ah c'est dans longtemps ! bon tiens moi au courant pour de vrai, si a se trouve je serai dans un des pays d'origine des maris
@rpg_caroline -arrive en courant vers toi- qu'est ce que... Waou l'odeur! -bouche mon nez-
@schclara tg salet tu m'as pas tenu au courant pour ton pre
@seeksanusername Tu es o ? Moi je suis au 1er rang sur la droite, scotche  la prise de courant...
@strawberred mdrrrrrrr la elle se serait enfuie en courant
@tianell971 bsr, le trafic est retenu sur la branche Cergy suite  un malaise voyageur  Achres-Ville. Les pompiers sont sur place. #RERA
@tianell971 le trafic reprend  l'instant sur la branche Cergy. #RERA #LigneL #qml
@vickicrazyornot bah si je loupais tout les bus juska 17h PAR HASARD bien sur ce serais pas mal
@w0rder Ok, tiens moi au courant ! Je veux tre le premier inform quand tu posera tes premires lignes ! ;)
A cause des perturbations sur la ligne A du RER ce train desservira toutes les gares, profitez en!" profiter de quoi abruuuuuti?
A premire vue le traitement de la vido semble bloqu  95%. Elle ne sera donc srement pas disponible ce soir... Je vous tiens au courant.
A tous mes abonns : ne vous dsabonnez pas dans le pire des cas je recre une chane. Je vous tiens au courant sur Twitter
ATTENTION ! Trafic ralenti sur l'ensemble de la ligne #RERC #BOF
Accident de tram comme par hasar
Accident grave de voyageur, colis suspect. Bon on ne peut pas laisser tranquille la branche Chessy Marne La Valle quelques semaines ? #RERA
Accs #aroports : le trafic est perturb sur la ligne #RERB (panne lectrique). Vos alternatives :  #Fr
Alicia je veux tre la premire au courant, Merci cordialement ta femme.
Allez un pti malaise voyageur ce soir... Trafic perturb dans sens Paris-Cergy @RERA_RATP @LIGNEL_sncf
Au collge y'en a il nous pousse en courant pour allez a leur bus parce que il ont peur de le louper sa m'fait rire
Au moins lui il est au courant de mon caractre, je pense pas qu'il va me repousser dans les escaliers
Bloqu fans le tram avec l'accident -'
Bon mtn je pris pour qu'il neige d'un coup et que mon bus ai un accident inch
Bonjour @sciencepo25 , un rapport sera remis courant Fvrier  @mandonthierry sur l'action publique de demain. 1/2
Bonjour, si pour le concours photo on prend une photo d'un train appartenant  la ligne U ca marche aussi ?? @RERC_SNCF
Bonne matine aux voyageurs du #RERA. Didier, pour vous tenir au courant de l'tat du trafic #RATP
Bordel de bouse jai failli rater mon bus pour rcuprer mes fiches d'histoire
Bordel j'ai cout une meuf parler 30 minute d'erdf pour avoir un malheureux stylo, c'que je ferais pas qd mme pour un stylo
C'est bien ce que je dis je suis toujours la dernire au courant  #LRT
C'est dur d'habiter chez les parents quand on est tudiants, pas de lieu priv, pas d'argent pour l'htel Du coup c'est RER ou toilettes
C'est pas possible !!! A peine croyable !!Vous n'tiez pas au courant ?,Bon, je re-partage ;-)
C'est quoi le plus triste? les gens prt  se tuer pour monter dans 1 train ou de mettre des agents pour aider la fermeture des portes #rerA
C'est rare...je vais louper mn bus c'est sur ....
C'est tellement excellent quand je me bat avec mon pre et que ds que ma mre arrive il part en courant dans sa chambre comme un enfin mdrr
C'est tout bonnement aberrant qu'en cas d'incident tous les trains 2 tages soient ddis  Marne la valle. #sncf @ratp @rera #rera
C'est trop le bordel chez moi:Accident sur l'autoroute=embouteillage de 2 km sur la national,jespre que demain il y sera encore=pas de bus
CA-82 : accident at Commodore Dr -
Ca faisait longtemps tiens ! Mais j'ai loup mon arrt de RER car je dormais ! J'ai des tendances narcoleptiques #imaloser
Ca m'apprendra  couter l'album de nick dans le RER
Ce matin j'ai failli avoir un accident de bus narmol
Ce matin j'ai rater mon bus du coup j'suis partie a pied et Cathy gentil comme elle est m'as rcuprer sur la route telle une clocharde
Ce matin j'loupe le 1er bus et l y a un vieux qui commence  me casser les couilles en me disant que j'ai loup le bus et tout ptn le fdp
Ce matin j'tais en retard, faut arrter c'tait soit le lisseur tout bien rang, soit je loupe le bus. Toujours la petite bte la.
Ce matin la pionne m'a appris que mon frre avait la grippe moi j'tais mme pas au courant
Ce matin pour aller  l'universit j'ai galrer mais genre  fond...,J'ai loup mon bus de 1mn pcq j'me suis trompe d'horaire
Cest chaud comment je suis au courant de tout , pour me mytho a sera dur
Cet aprem dans le bus on tait tous  l'arrire, on coutait de la musique, on aurait dit un road-trip entre amis dans les annes 70 mdr
Cet t on tais comme les deux doigts d'la main, a l'heure d'aujourd'hui si j'ai un problme tu seras la dernire au courant c'est triste
Cette nuit, il y a eu une coupure de courant, mon frere, il s'lve trkl
Colis suspect sur la ligne 4. Trafic interrompu. Si je loupe le train, serai en retard au resto et mon htesse me tue
Collision entre un train et un poids-lourd prs de Bonnires :transports par bus entre Gaillon et Mantes
Comme la semaine dernire j'avais ""loup"" le bus, bah j'ai couru
Comme par hasard accident sur le Rer A.. FML
Compte crer spcialement pour que vous soyez au courant de quand je stream , voici ma chane twitch.
Conseiller de #Vente Expriment #Horlogerie #Mandarin Courant H/F #Cannes #CDI #commercial #recrutement @FYTEasily
Coup de coude, coup de sac. Elle m'a pas rate celle-l ! Heureusement, un chevalier du #RERB lui a fait remarquer sa grande douceur. #qml
Coupure de courant gnrale  l'IUT ! Plus de machine a caf, plus de lumire, plus de wifi ! #teamIUT #teamTC
Courant genre il est parti chercher le ballon toute l'quipe tait derrire
Courir derrire un bus le matin tout c a cause de mes cheveux
Courir et voir le bus passer juste devant ton nez t'as juste envie de crier nique ta grand-mre la pute
Courir pour avoir son RER - Mettre 15mn  rcuprer... Regretter le temps o j'tais sportif :)
Courir pour le tram, faire tomber son portable, le voir s'exploser la gueule au sol, dsesprer. a n'arrive qu' moi.
D'aprs ma mre tout mes profs et tout sont au courant. Tellement gnial
D'faon j'suis toujours la dernire au courant
Dans le RER y'avait une beurette qui portait une chemise blanche du coup son col tait orange  cause du fond de teint.
Dans mon reve je courais plus vite qu'un bus apres jme suis reveiller
De Twentsche Courant Tubantia - 6 weken  18,00
Demain on a  supinfo avec les terminales, J'serai dans le mme bus que mon crush du coup :///
Depuis ke ya eu le bus qui a fait l'accident a la gare les controleurs ils vont etre au taqk pour mettre des amandes pr payer un autre bus
Des ralentissements sont  prvoir sur l'axe Paris/Melun via Combs la Ville jusqu' 20h #RERD #BOF
Des retards de 10  20 minutes sont  prvoir sur l'ensemble des trains au passage de Paris intra muros jusqu' 19h30 #RERC #BOF
Du coup l je prends le 206Jusqu'a VilliersRer E st Lazarre Metro  Chtelet,Rer B jusqu'a sceaux :)))))))) Mdr Lol
Du coup on a attendu le bus de ligne sa mre d'un coup j'vois un bus avec marquer COMPLET dessus j'ai dit bon on prend celui de 17h
ENERGY sera disponible courant 2015 ... plus tt qu'on ne le pense, dixit Janne Heimonen YES YES YES !!!
EXCUSEZ NOUS C'EST CLAIR QUE @fan2fr EST AU COURANT DE TOUT AVANT TOUT L'MONDE! Vous feriez mieux de la fermer.
Eeet les bleus a a reprit !! Parce que je vois vous tes pas au courant
Eh ouais y ralentissent le bus ces fdp
Ehhh voila jai loup mon bus ptn... Heureusement mon frere est la
En 4ans dans le rer jai vu 1 fois les contrleurs la Ca fait 5mois jsuis a Courbevoie j'les au vu 3 fois dans les trains
En gare de Bibliothque Francois Mitterand avec un train sans arrt... #Clhiversurlac @RERC_SNCF
En gros ds que j'ai finis les cours faut que je trace sa mre pour pas rater mon bus et tout et tout
En raison d'un incident d'alimentation lectrique voie  Gare du Nord le trafic est ralenti sur le #RERB et le #RERD
En rpercussion d'une panne d'alimentation lectrique  #GareDuNord, le trafic est ralenti sur l'ensemble du #RERB
En rpercussion d'une panne d'alimentation lectrique  Gare du Nord, le trafic est ralenti sur la ligne #RERB #BOF
En stock courant Mars, la nouvelle selle @demolitionparts Mike "Hucker" Clark "Hawa" sera dispo en 2
En vrai je crois que je vais partir en courant aprs avoir crit la suite dans son agenda tellement je serais gn mdrrr
Enfn! Un incident! RT @bstergann: @galeRERAfr coupure de courant juste avant Vincennes direction Chessy #RERA
Essayer d'allumer un ordi qu'est pas reli au courant, bah c'est pas facile xD
Et bien alors Mademoiselle @dressmegeekly on ne me tient pas au courant de la (j'espre) bonne rception du colis ? ;-)
Et du coup tait agite ; une IDE lui aurait alors dit d'arrter de "jouer la comdie" ... un exemple courant de maltraitance Q1 #mededfr
Et elle met pas mon pre au courant ouf
Et encore un train sans chauffage, on ne peut pas tout avoir c est vrai. Un train ou le chauffage #RERD
Et la btard de chauffeur de bus  referm les portes Qd je sortais. Du coup. J'ai du m'arrter plus loin et marcher plus. Encul va.
Et que ma mre me refasse pas le mme coup que la semaine dernire  m'emmener  la messe apres le bus srx!
Et un 4eme rer A pour le nord est alors que le quai est bond de personnes voulant aller vers boissy ... @RERA_RATP, on peut avoir un train?
Excellent ! Retour  un trafic rgulier sur l'ensemble de la ligne #RERC #OK
Faites quelque choses sur le RER D! Ce n'est pas possible de devoir tre debout pendant 40min aprs une grosse journe ! Train trop petit !!
Faut plus que j'appelle @JoachimLT avant d'aller en cours jallais pleurer de rire dans le metro
Fey->Corny, en courant, la nuit, par -1, sans lumire ni trottoir , Plus jamais (@LiseMtz juste pour tes beaux yeux)
GA-5 Spur : accident at Sandy Plains Rd -
Genre demain je sens que je serais obliger de courir pour aller prendre le tram
Genre l j'ai dis  mes cousins pour mon piercing au tton et que ma mre tait pas encore au courant, ils m'ont tous dis :
Gnial, a fait 25 mn que j'attds mon train, en plus je me gle et a pue la clope :( @quoimaligne #RERA #ligneL #Transilien
Grce au petit couple dans le bus, on se tape des barres comme on fait nos comre comme d'hab  @Valentine_bchlz
Hier a faisait un an. Il y a un an j'tais encore dans l'ignorance totale. Demain, le 23. a fera un an que je suis au courant.
Hier mon bus est pas passer  cause de la neige du coup j'ai attendu 30 minutes mon beau pre dans le froid
Hugo: "si on a un accident de bus, on mourra ensemble, c'est beau !" J'en ai marre
Hum rer ralenti pour une fois stp.
Il est 00:01 et le trafic est normal sur l'ensemble des lignes de RER
Il est 00:43 et le trafic est normal sur l'ensemble des lignes de RER
Il est 00:52 et le trafic est normal sur l'ensemble des lignes de RER
Il est 16:39 et le trafic est normal sur l'ensemble des lignes de RER
Il est 16:43 et le trafic est normal sur l'ensemble des lignes de RER
Il neigait quand je suis rentrer, j'espre qu'il va neiger toute la nuit, comme a pas de bus et donc pas de cours.
Il suffit que je le dise a ma mre ou ma sur que toute la famille est au courant
Il y a que sur le RER D qu'on peut trouver des trains sans chauffage
Ils font chier  nous mettre au courant  la dernire minute
Ils sont ienb les conducteurs de train  se branler les couilles pour 2500e net par mois, mme pas ils voient la misre du RER derrire
Info de dernire minute... Ccile Balladino ne pourra pas venir ce samedi.,Mais ce n'est que partie remise, on vous tiendra au courant!
Infotrafic #RERC : +10/15mn jusqu' 19h30 pour les trains au passage de Paris intramuros (personnes sur les voies),>
Infotrafic #RERC : Les trains VICK sont supprims, les LARA sont terminus Paris Austerlitz, les DEBA partent de BFM :
Infotrafic #RERC : Trafic interrompu entre Pontoise et Champ de Mars jusqu' 21h30 (incident signalisation),>
Infotrafic #RERC : Trafic ralenti jusqu' 14h30 suite  un incident affectant la voie  Champ de Mars.
Infotrafic #RERC : [MAJ]Trafic interrompu entre Henri Martin et Champ de Mars > 21h30 (incident signalisation) >
Infotrafic #RERC : [MAJ]Trafic interrompu entre Henri Martin et Champ de Mars > 21h30,Itinraires alternatifs =
Infotrafic #RERC : [MAJ]Trafic interrompu entre Pdt Kennedy et Champ de Mars jusqu' 21h30 (incident signalisation) >
Infotrafic #RERC [Mise  jour] Trafic ralenti jusqu' 16h suite  un incident affectant la voie  Champ de Mars.
Infotrafic #RERE : Trafic interrompu entre St-Lazare et Magenta (2 sens)jusqu' 15h30. (personnes sur les voies),>
Infotrafic #RERE : [MAJ] Reprise trafic entre St-Lazare et Magenta (personnes sur les voies)
J'ai casser mes couteurs.... quand j'coute pas de musique le matin dans mon bus je suis vnre toute la journe.. faut que j'en rachte
J'ai entendu brivement mon pre dans l'salon dire "taper un grec" mon instinct de gros porc s'est activer j'suis arriver en courant l ptdr
J'ai jamais march trql pour avoir le rer, tjrs entrain de courir
J'ai loup mon bus, putain le chauffeur il nous a regard il a fil, c'est limite si il nous ferait pas un fuck pour aller plus loin
J'ai loupe mon bus ce matin, pour la premire fois de ma vie.
J'ai reu ma lettre de retenue aujourd'hui... Le problme c'est que ces boloss m'avaient coll ce matin  8h mais j'tais pas au courant
J'ai rv que j'avais un bb, il avait presque 2 ans et mon pre tait toujours pas au courant mdrrr
J'ai tellement pas envie d'aller en cours putain j'espre que je vais louper le bus
J'ai trop de fiert . Je ne cours mme pas derrire un bus , ne crois pas jvais courir aprs toi..
J'ai vu Dz descendre du bus oklm je vais vers elle pour lui dire bjr sauf qu'elle m'dit: cours la chnaw,J'avais oubli ce dtaille
J'ai vue une meuf se rattamer par terre avant de monter dans son bus mskn je serait parti en courant
J'aime beaucoup la manire dont les anglais prononcent mon prnom. En plus ils n'ont aucune difficult tellement c'est courant ici.
J'aime pas prendre le train je prfre le bus
J'allais rater le bus. Mais croyez-moi j'ai vu les embrouilles avec ma mere si je ratais mon bus, ds le coup je me suis magne et j'lai eu
J'attend mon rer pour aller en cours
J'espre pouvoir lui faire confiance parceque personne et au courant..
J'espre que Yura tait dj au courant et que jjong lui avait dit TT
J'espre que j'ai un bus ou un train demain pour repartir chez moi  13h
J'espre que je vais pas louper le bus ce matin
J'imagine le drame quand tous le monde sera au courant  a sera  base de tu es la honte de la famille #RunUpfic
J'ouvre la fentre de ma chambre et je vois de la lumire chez les voisins et moi tjs pas de courant :'( mdr
J'suis sre je vais me perdre, entre le train, le bus pfiou
J'tais la premire a dire "ouais je dirais a personne quand je passe mon code" tout les monde est au courant
JPP du RER entre les problmes, la puanteur, les alcooliqes, les couples qui se bcotent, je vais devenir folle
JUSTE aujourd'hui y a pas de lumire dans le bus juste aujourd'hui que je dois rviser relire mes cours
Jadore regarder les gens courir derrire le bus et le rater !
Je dteste courir aprs le RER !
Je me sers a manger et tout et juste au moment o je veux chauffer y'a coupure de courant merde j'ai faim
Je passe plus de temps dans le RER B qu en cours..
Je pense que je ferais le magazine web sur Anas, je vous tiens au courant pour le 1er numro!  Vous avez hte?
Je peux aussi louper mon bus et si je loupe mon bus je serai en retard d'une heure donc pas de compo
Je prends le bus ce matin j'espre je l'ai pas loup
Je prfre tre en retard et aller rcuprer mes couteurs que prendre le bus sans musique ne serait ce que 5 min
Je rate mon train, je prend un bus et je me fais contrler (pas de titre de transport).. Suuper aprem dis donc
Je suis tann srieux il m'arrive pleins d'affaires 3 accident de gym, accident de bus @MarieMaiReal un petit mot de toi me ferais du bien
Je suis tombe dans le metro pire que la dernire fois ta loupe  @CarlaBenchi
Je suis toujours la dernire  tre au courant des contrles  C'est pas parce que je rvise pas qu'il faut pas me tenir au courant
Je suis toujours la dernire au courant ! Et encore je le sais qu' moiti.
Je veux avoir un petit accident de bus genre gu glisse dans un foss  8h50 pour viter d'aller en cours
Jeudi c le jour o le #RERA part avec 2mn d'avance de #Cergy. Et le train suivant part avec 20min de retard comme la semaine dernire ?
Jsent qu'un jour on va faire un accident avec le bus
Jusque ma mere elle ma dit tiens moi vite au courant elle etait trop angoiss elle lui meme fait un bisous
Jvais etre en retard a cause du bus il avance au ralenti
La 1re srie de "photos magiques" est en ligne sur le blog, rendez-vous courant fvrier pour la suite:
La dernire fois j'ai dis  ma cousine "Quoi que je fasses ou quoi qu'il peut m'arriver, je mettrai toujours mon copain au courant".
La dernire fois un pote m'a apprit que mes parents avaient dit aux siens que j'avais un copain, mdr j'tais pas au courant dsole
La grande blague. Pour info, traffic interrompu entre Nanterre et Cergy @MappyCity: Profitez d'un trafic fluide sur la ligne #RERA #OK
La mto pour ce soir est trs prometteuse. a sera froid, mais ce sera trs roulant ! On vous tient au courant...
La prof de franais elle a tellement la haine contre nous. J'espre qu'elle est au courant que c'est rciproque
La voix du @RERD_SNCF qui dit que tout va bien sur la ligne. Hum ... Non, 1 train supprim hein! Le mien.
Laurent Ciman : "@WilmotsMarc est au courant il a dit qu'il suivrait l'volution de ma carrire"@RTBFsport @Standard_RSCL
Le #rerc en mode hibernatus joue ce matin  la roulette des trains (partira pu pas ?) et les nerfs de ses passagers (clients? Non : otages)
Le Cycle de la Plume... Le projet sera disponible en format physique courant 2015 !! Syntax
Le M2M prochainement chez le ministre du Transport pour une meilleure gestion du trafic et entretient des bus/metro
Le RER A toujours un problme!le train de 41 supprim pffff.
Le TER 854141 dpart #Dinan 16h10 arrive #stbrieuc 17h01 : supprim suite personne blesse. Commande mini bus en cours.
Le bus 10 c'est toujours la glere pour rentrer aprs les cours
Le chauffeur de mon bus il a louper mon arrt du coup il a freiner un peu fort et je me suis pris la barre de fer dans le nez
Le degaard la, il est au courant qu'il foulera jamais la pelouse du bernabeu avec l'quipe Premire ?
Le mec derrire moi dans le bus il roule sa clup'.. Il a mme pas mu ,achevez moi !
Le retour au lyce tait bien mouvement a 13h a cause du bus qui a eu un accident
Le trafic de bus #Transdev a repris dans l'agglomration melunaise,
Le trafic est interrompu sur 4 stations du RER A et je suis videmment dans un train stationn  l'une d'elle.
Le trafic est interrompu sur le #RERA entre Vincennes et Noisy-le-Grand en raison dun colis suspect.,
Le trafic est interrompu sur le #RERE entre Haussmann - Magenta en raison de la prsence de personnes dans le...
Le trafic est perturb sur la ligne #RERB en raison d'une panne lectrique #BOF
Le train arrive. Poussons les gens vers le bord du quai pr QUE QUELQU'UN SE FASSE ECRASER ET AGGRAVER NOTRE GALRE.  #RERA
Les gens qui courent aprs le bus a me fais rire ! Mais quand c'est moi qui cours aprs ...
Louper son train et dans la prcipitation prendre le RER... Erreur fatale. #IledeFranceJetAime
Ma grand-mre elle est au courant mdr
Ma jeunesse  la couleur des trains rer c pendant le trajet jrevais de percer fier d'en tre un
Ma mere m'a racheter un pull napapijri j'tait mme pas au courant
Ma mre : Tu te souviens de Lydia? Elle a accouch.,Moi : Elle est marie elle? Je suis tellement au courant ahah.
Ma mre a vu que j'ai pas dormi alors que j'ai cour a 09:30 et la fac est loin, elle m'a dit tu prend le bus tu prend pas la voiture
Ma mre apelle le lyce demain pour tre au courant de mes "absences" sachant que je signais les billets a a place, je suis dans la merde..
Ma mre est au courant
Ma mre est au courant de TOUT vis  vis des gars et les gars du lyce sont pas dedans au contraire y'en  aucun  CDF mdddr
Ma mre m'as demander mes horaires de demain, mais elle est au courant que j'y vais pas ou?
Ma mre m'envoie un message pour me demander ou je suis , tiens toi au courant de ma vie t tu sauras
Ma mre qui me dit que y'a pas que le physique qui compte,Mais je sais ptn je suis moche donc j'suis au courant
Ma mre qui me fait "je veux bien que t'aille en bote mais tu range ta chambre" euh...je vais avoir 20 ans pas 11 t'es au courant ?
Mais c'est carrment le train pas RER
Mais le RER B ce train la il est maudit
Mais les maudits mme ils ont coup courant , si mon tlphone n'tait pas charg et que je n'avait pas d'units je ne serait pas ici
Manipulatrice ? On peut savoir qui aura appel sa mre pour qu'il soit au courant de ta connerie si ce n'est moi ?
Mdr Carla qui m'apprend que mon frre faisait un stand a azimut j'tais pas au courant cimer la mif
Mdr Sarkozy il est courant qu'il peut rver ?
Mdr mais mon grand frre jvous jure j'tais pas au courant qu'il est aussi mignon faut le voir avec sa meuf c un COEUR
Meme si soit disant cette dernire tait au courant de la relation entre Trierweiler et Hollande
Merci  tous pour vos petits messages me souhaitant un joyeux anniversaire ! Je ne pensais que vous seriez autant  tre au courant :)
Meteo du #RER (#ratp) : KO () 22/01/2015 a 15:55 Trafic normal sur l'ensemble ...
Meteo du #RER (#ratp) : KO () 22/01/2015 a 16:01 Trafic normal sur l'ensemble ...
Meteo du #RER (#ratp) : KO () 22/01/2015 a 17:39 Trafic normal sur l'ensemble ...
Meteo du #RER (#ratp) : OK () 22/01/2015 a 16:33 Trafic normal sur l'ensemble ...
Meteo du #RER (#ratp) : OK () 22/01/2015 a 17:49 Trafic normal sur l'ensemble ...
Meteo du #RER (#ratp) : OK () 22/01/2015 a 23:57 Trafic normal sur l'ensemble ...
Meteo du #RER (#ratp) : OK () 23/01/2015 a 00:41 Trafic normal sur l'ensemble ...
Mme incident. Deux traitements de l'information... #RERB #RERD
Mme si y neige et qu'il y a pas de bus ma mre elle s'en tape, elle va sortir la motoneige pour me conduire en cours
Moi c'est simple, quand j'aurais un copain (c'est pas encore a) la 1re personne qui sera au courant se sera marine! Quand je lui dirait -
Moi jv arrt de prendre le bus , j' voie Ya des problme de freins Tous sa Accident !
Moi tu m'dis "le dis a personne" jamais personne sera au courant mme si tu m'fais le pire coup de pute qui puisse exister
Mon frre a 23ans et il s'amuse encore a m'teindre la lumire de la salle de bain en criant "coupure de courant" VDM
Mon frre fais soire j'tais pas au courant j'me ramne en tenu de poney trql tt le monde c'est foutu de ma gueule
Mon papa devais me rcuprer jt heureuse mais au final je rentre en bus
Mon pre il casse trop les couilles quand je loupe le bus putain a arrive mme pas 3 fois dans l'anne la
Mon pre qui vient me voir limite en courant : "y'a un appel gnral, je pars !" ha bah l tu m'as foutu la trouille, je pars avec toi haha
Mon ptit frre il ma dis "toi tu vas expliquer des maths??" Et il est partis en courant et il rigolais a fait 5min qu'il rigole mdr
Moustapha Goni Omar, enrl, rcemment, dans les troupes des fous du #BokoHaram , est venu gorger son pre, courant mai 2014 #pinpon
Mtro Ligne 11 En rpercussion d'un colis suspect  Rpublique, le trafic est ralenti sur l'ensemble de la ligne.
Mtro Ligne 12 En raison d'un malaise voyageur  Vaugirard, le trafic est ralenti sur l'ensemble de la ligne. Trafic normal sur [1/2]
Mtro Ligne 12 En rpercussion d'un malaise voyageur  Vaugirard, le trafic est ralenti sur l'ensemble de la ligne. Trafic nor [1/2]
Mtro Ligne 13 En rpercussion d'une panne de matriel Place de Clichy, le trafic est fortement ralenti sur l'ensemble de la l [1/2]
Mtro Ligne 13 En rpercussion d'une panne de matriel Place de Clichy, le trafic est ralenti sur l'ensemble de la ligne. Traf [1/2]
Mtro Ligne 13 En rpercussion d'une panne de matriel, le trafic est ralenti de Asnires Gennevilliers Les Courtilles /Saint [1/2]
Mtro Ligne 2 En raison de l'intervention des services techniques, le trafic est interrompu entre Nation et Pre Lachaise.
Mtro Ligne 2 En raison de l'intervention des services techniques, le trafic est interrompu entre Nation et Pre Lachaise. Traf [1/2]
Mtro Ligne 2 En rpercussion de l'intervention des services techniques, le trafic est ralenti sur l'ensemble de la ligne.
Mtro Ligne 4 En raison d'un incident d'exploitation, le trafic est ralenti sur la ligne.
Mtro Ligne 4 En rpercussion d'un colis suspect  Rpublique, le trafic est ralenti sur l'ensemble de la ligne.
Mtro Ligne 4 En rpercussion d'un colis suspect  Rpublique, le trafic est ralenti sur l'ensemble de la ligne. Trafic norma [1/2]
Mtro Ligne 4 En rpercussion d'un colis suspect, le trafic est ralenti sur l'ensemble de la ligne
Mtro Ligne 4 En rpercussion d'un colis suspect, le trafic est ralenti sur l'ensemble de la ligne.
Mtro Ligne 4 En rpercussion d'un colis suspect, le trafic est ralenti sur l'ensemble de la ligne. Trafic normal sur les autr [1/2]
Mtro Ligne 5 En raison d'un incident d'exploitation, le trafic est ralenti sur l'ensemble de la ligne Trafic normal sur les au [1/2]
Mtro Ligne 5 En raison d'un incident d'exploitation, le trafic est ralenti sur l'ensemble de la ligne.
Mtro Ligne 5 En raison d'un incident d'exploitation, le trafic est ralenti sur l'ensemble de la ligne. Trafic normal sur les au [1/2]
Mtro Ligne 6 En raison d'une panne de signalisation  Passy, le trafic est ralenti sur l'ensemble de la ligne. Trafic normal s [1/2]
Mtro Ligne 6 En rpercussion d'un colis suspect, le trafic est ralenti sur l'ensemble de la ligne. Trafic normal sur les autr [1/2]
NIQUE TA MERE COUPURE DE COURANT DE MERDE J'AI FOIRE MON DL DE 30GB QUE J'AVAIS ENTAME DEPUIS 2J A CAUSE DE TOI NIQUE TOI NIQUE TOOOOOIII
Non mais il se passe quoi @RERC_SNCF ?!!! On nous fait descendre  Epinay et le train repart normalement vide.
Nous procdons actuellement  l'change du bus accident et la prise en charge des voyageurs. Merci de votre comprhension. 2/2
Ok train supprim j'vais devoir prendre le RER ptn pete les couilles
Okay l'appel  7h10 pour dire qu'aucun train ne circule  Bonnires pour le moment. Heureusement le mien est suivi d'un bus #SNCF
On a couru vers eux en criant PTDRRRRRR wlh Valentin il a laisser son sac il tait partit en courant cette peureuse ptdddddr
On a remarqu a, oui RT @RERA_RATP: Trafic fortement ralenti sur le reste du #RERA #RATP
Oulala jv devoir me speeder si jveux pas louper l'bus! Ptn ca msaoule la par contre c'est abus d'etre en retard psq son pere squatte la sdb
Oups ! Il faut prvoir des retards de 10  20 minutes sur les axes Paris / Cergy le Haut,et Paris / Poissy #RERA #BOF. Courage !
Oups... "@RERB: En rpercussion d'une panne d'alimentation lectrique  #GareDuNord, le trafic est ralenti sur l'ensemble du #RERB"
PSG - Transfert : Laurent Blanc serait au courant pour Simeone !  #ASSE #Ligue1
PTDRRRRRRRR les mres de famille d'la cit  l'arrt de bus avec leurs coups de gueule de mnagre c'est trop drle
PTN HEUREUSEMENT QU'AXEL EST PAS AU COURANT DE MON TWITTER SINON JE SERAIS MORTE MDDDDDDRRRRRRRRRRRRR
Par contre si ils nous remettaient le courant a serait pas mal parce que la journe entire dans le noir a va pas le faire
Parce que comme notre mdecin est au courant de tout a et que c'est ma mre qui lui a tout dit je trouve que c'est mieux.
Passer 1 h 40 dans le bus juste derrire un couple qui se roule des pelles pendant tout le trajet <<<<<<<
Personne dans le tunnel  proximit de Magenta : #RERE interrompu. Train de reconnaissance envoy sur les lieux
Petit rappel des #travaux en cours sur le #RERC:
Photo: En stock courant Mars, la nouvelle selle @demolitionparts Mike Hucker Clark Hawa sera dispo en...
Pis le bus fallait qu'il se fassent contrler bien sr Avec charlotte on  eu trop peur du chien mdddr il nous  renifler d'un coup
Pour ceux qui ne seraient pas au courant, un vent est en cours sur pokmon ROSA:
Pour une fois que je suis tql dans le bus en coutant de la musique et que j'ai pas de devoirs, c'est rare
Pourquoi faire confiance  une go ? Tu sais trs bien que sa meilleure amie sera au courant
Premire approche normal mdrrrrr je pense qu'il est au courant de rien, labess
Premire fois que je cours aprs le bus , c'tait magnifique mdrr
Premire fois que je loupe le bus
Premire journe sans voiture colis suspect trafic interrompu coincer dans le RER...jsui vert
Premire question "Comment a se fais que t'as loup le bus?"
Problme de RER pour pas changer ! plus de RER psq trafic arrt entre Vincennes et Noisy..
Profitez d'un trafic fluide sur la ligne #RERA #OK
Ptit accident de bus mdr
Pure il m'a tu sur ce coup l Vive les fous rire toute seule dans le bus : P
Putain je dois prendre bus train pr venir sa mere
Quand Pp va tre au courant, elle sera plus dgot que moi mdrrr
Quand le malaise dans le train c'est dans TON train : VdM #lapinblanc #rerd #mavieznbanlieue
Quand le train est de temps en temps a l'heure, il s'arrte en pleine voie histoire de reprendre son retard, pour tre crdible. #RERA
Quand tu montes dans le @RERB, t'es toujours en stress, surtout quand t'as un train  prendre aprs.
Quand tu voit Rer  l'approche y a tout le monde qui se mets  courir
Quel bonheur d'avoir le tvm, le rer et le bus d'un coup pour rentrer, j'ai mis 30 min au lieu de 50
RER A : Trafic ralenti Prvoir 10  20 minutes supplmentaires de trajet, dans les deux sens. #qml #RERa #lignel
RER A En raison d'une mesure de scurit, le trafic est interrompu entre Vincennes et Noisy Le Grand. Reprise du trafic prvue [1/2]
RER A En raison d'une mesure de scurit, le trafic est interrompu entre Vincennes et Noisy. Reprise du trafic prvue vers 19h [1/2]
RER A En raison de la prsence d'un colis suspect, le trafic est interrompu entre les gares Nanterre-Universite et Cergy-le-Haut [1/2]
RER A En rpercussion d'une mesure de scurit, le trafic est fortement ralenti sur l'ensemble de la ligne.
RER A En rpercussion d'une mesure de scurit, le trafic est fortement ralenti sur l'ensemble de la ligne. Trafic normal sur [1/2]
RER B Incident technique, pour plus d'infos, cliquer sur RER. En raison d'une panne lectrique, le trafic est ralenti sur l'ense [1/2]
RER C En rpercussion d'une panne de signalisation, le trafic reprend progressivement sur l'ensemble de la ligne. Trafic normal [1/2]
RER C Pontoise / Paris Trafic interrompu entre Pontoise et Champ de Mars Tour Eiffel, dans ce sens Reprise des circulations esti [1/2]
RER C Trafic interrompu entre les gares d'Avenue du Prsident Kennedy et Champ de Mars Tour Eiffel, dans ce sens Reprise des ci [1/2]
RT @3asyG33: @Shinxe @TUForg @RATP @rera il n'y a plus de train a un seul niveau sur MLV. \o/
RT @AeroportsParis: Accs #aroports : le trafic est perturb sur la ligne #RERB (panne lectrique). Vos alternatives :  #Fr
RT @Agnes_Koike: Dans le bus un mec coutait "I'm in love with the coco". Dj a c'est pas possible... Mais en plus il l'a remis 3 fois ! 3 FOIS ! Putain..
RT @AnaisC_Source: Je pense que je ferais le magazine web sur Anas, je vous tiens au courant pour le 1er numro!  Vous avez hte?
RT @Anastasia77R: Pure il m'a tu sur ce coup l Vive les fous rire toute seule dans le bus : P
RT @AndreaDupard: La prof de franais elle a tellement la haine contre nous. J'espre qu'elle est au courant que c'est rciproque
RT @AtelierCreation: Info de dernire minute... Ccile Balladino ne pourra pas venir ce samedi.,Mais ce n'est que partie remise, on vous tiendra au courant!
RT @AudeJA: Gnial, a fait 25 mn que j'attds mon train, en plus je me gle et a pue la clope :( @quoimaligne #RERA #ligneL #Transilien
RT @Barakiille: JPP du RER entre les problmes, la puanteur, les alcooliqes, les couples qui se bcotent, je vais devenir folle
RT @BriatSarah: @Matthieu_Gobert Mdrrrr fais attention a son caractre de cochon :p t'as intrt a prendre soin d'elle, mtn que j'suis au courant
RT @CIaudeFrancois: RE JE SUIS LA, DSOL DU RETARD J'AVAIS UNE PETITE COUPURE DE COURANT
RT @CStreikmanis: Quand y a une grve de la ligne de bus ma mre veut direct me ramener en cours. Quand je lui demande de me ramener qqpart elle envoie chier
RT @CamcamLa: Mon frre fais soire j'tais pas au courant j'me ramne en tenu de poney trql tt le monde c'est foutu de ma gueule
RT @ChWilmart: Le #rerc en mode hibernatus joue ce matin  la roulette des trains (partira pu pas ?) et les nerfs de ses passagers (clients? Non : otages)
RT @Chibromasseur_: j'ai juste envie de finir les cours pour ce moment de rpi dans le rer ou j'coute booba
RT @Chikanos93: Il ma degager de chez lui il a pris le seum xptddr je rentre chez moi je vois ma mere etait deja au courant de tout #30
RT @ChilouseLinoa: @Mariloulinoa je veux tre la premire au courant si a va pas ma couille
RT @Cramblicious: @casiraghiBF @shi_ryna non change le derrire la pardon. Qui n'est pas au courant que j'tais ta go cachee? FRONCHEMON
RT @DaRochaOceane: Voir courir les gens derrires leur bus >>>
RT @DamienMorel51: #SportClub La patinoire Albert 1er prend forme. La structure mtallique monte..Livraison courant mars. RT @J_Lampin
RT @Dirka67: "ma jeunesse a la couleur des trains, rer c pendant le trajet j'revais de percer"
RT @DotiHope: Quand le train est de temps en temps a l'heure, il s'arrte en pleine voie histoire de reprendre son retard, pour tre crdible. #RERA
RT @Exotronic_inc: Premire prsentation officielle du prototype fonctionnel ! Suivez-nous sur les rseaux pour tre au courant des prochaines avances !
RT @FlorentinCoco: @Rayou_95 mohhh pauvre gueule t'es au courant que tu as une voisine qui est l quand la misre s'installe chez toi ?
RT @Gaelkka: Wow wow wow j'espre qu'Angela Merkel est au courant :
RT @HeavyMTL_FR: .@FaithNoMore sera de passage  #HEAVYMONTREAL2015 !! Pour plus d'infos et pour vous tenir au courant, visitez le  !
RT @J_Lampin: #SportClub La patinoire Albert 1er prend forme. La structure mtallique monte.. Livraison courant mars. #Reims
RT @JuDevaut: @OxmozFR TOI NIQUE BIEN TA GROSSE MRE TU CROIS C LE MOMENT LA JE SERAI CAPABLE D'ARRIVER EN COURANT CHEZ TOI ET T'ENCULER DEUX FOIS
RT @LDC_08: @08_Yassin bah quel bus pd? Tes encore plus con qu'l'annee dernire jcrois bien mdrr. Le bus ou le train?
RT @LaBaseDuRire_: teindre la lumire du couloir et partir en courant pour que personne ne t'assassine.
RT @LaPtiteElice: Coup de coude, coup de sac. Elle m'a pas rate celle-l ! Heureusement, un chevalier du #RERB lui a fait remarquer sa grande douceur. #qml
RT @LaRep77: Le trafic de bus #Transdev a repris dans l'agglomration melunaise,
RT @LapinTortue: Y avait lgtps incident d'alimentation lectrique voie 41  GdN RT @RERB: 15:59, le trafic est perturb sur la ligne (panne lectrique) #RERB
RT @Lisafreestyle: Je passe plus de temps dans le RER B qu en cours..
RT @LoannHlt: Ah c'est cette anne le bac ?? Pourquoi je suis toujours la dernire mise au courant ????
RT @LorenaF___: @SossoPSG75974 jsuis au courant  mais moi ca me sers a rien
RT @Lorette_Rcd: J'tais la premire a dire "ouais je dirais a personne quand je passe mon code" tout les monde est au courant
RT @LouiseEnsminger: Y'a que eux pour prendre mes cls et mer en courant chez moi
RT @Lunon92: @tianell971 le trafic reprend  l'instant sur la branche Cergy. #RERA #LigneL #qml
RT @M_Tikouirt: Ce matin j'ai rater mon bus du coup j'suis partie a pied et Cathy gentil comme elle est m'as rcuprer sur la route telle une clocharde
RT @MappyCity: #RERC #KO : Trafic interrompu entre Pdt Kennedy et Champ de Mars jusqu' 21h30  cause d'un incident signalisation
RT @MappyCity: #RERC #KO : Trafic interrompu entre Pontoise et Champ de Mars jusqu' 21h30  cause d'un incident signalisation
RT @MappyCity: Des ralentissements sont  prvoir sur l'axe Paris/Melun via Combs la Ville jusqu' 20h #RERD #BOF
RT @MappyCity: Oups ! Il faut prvoir des retards de 10  20 minutes sur les axes Paris / Cergy le Haut,et Paris / Poissy #RERA #BOF. Courage !
RT @MappyCity: Retour  un trafic normal et rgulier du ct du #RERC #OK
RT @MappyCity: Trafic interrompu entre les gares d'Avenue Henri Martin et Champ de Mars Tour Eiffel, dans ce sens, jusqu' 23h00 #RERC #KO
RT @MarineeBrd: Coupure de courant gnrale  l'IUT ! Plus de machine a caf, plus de lumire, plus de wifi ! #teamIUT #teamTC
RT @MohAliNvR: @PaixAsPalestine ouais je suis au courant mdr , en plus moi c'est trs rare que je tombe malade Hamdulillah
RT @MouYahyaoui: Le degaard la, il est au courant qu'il foulera jamais la pelouse du bernabeu avec l'quipe Premire ?
RT @Naaomiie_243: @imperfectcole_ sre ? C'est demain le dernier dlai t'es au courant?
RT @Nawelbnl: Bon mtn je pris pour qu'il neige d'un coup et que mon bus ai un accident inch
RT @ODuboscq: Le chauffeur de mon bus il a louper mon arrt du coup il a freiner un peu fort et je me suis pris la barre de fer dans le nez
RT @OLemasle: Rsum de ma journe : "Suite  un colis suspect les lignes .. sont fortement ralenties.." Un peu parano les parisiens non ? #paris #metro
RT @OnMaApplaudi: Le chauffeur du bus a ralenti par ce qu'une beurette traversait, je lui ai dis azi passe c'est orange, on m'a applaudit, j'ai roul l'bus
RT @OnMaApplaudit: Le chauffeur du bus a ralenti par ce qu'une beurette traversait, je lui ai dis "azi passe c'est orange" on m'a applaudit, j'ai roul l'bus
RT @PIVAB: "Traffic perturb"... Depuis le temps il aurait peut tre fallut envisager une psychanalyse ! ^^ @RERC_SNCF @RERD_SNCF #Rer
RT @RERA_RATP: 18:15, le trafic est interrompu entre Vincennes et Noisy-le-Grand (colis suspect) #RATP #RERA
RT @RERA_RATP: 19:21, le trafic reprend progressivement entre Vincennes et Noisy-le-Grand (colis suspect) #RATP #RERA
RT @RERA_RATP: 19:30, le trafic est ralenti sur la ligne (colis suspect) #RATP #RERA
RT @RERA_RATP: Bonne matine aux voyageurs du #RERA. Didier, pour vous tenir au courant de l'tat du trafic #RATP
RT @RERA_RATP: Bsr @heezyum le trafic sera fortement ralenti au minimum jusqu' 21h sur l'ensemble de la ligne.,Bonne soire
RT @RERA_RATP: Retour  un trafic rgulier sur l'ensemble de la ligne #RERA #RATP. Incident termin.
RT @RERA_RATP: Trafic fortement ralenti sur le reste du #RERA #RATP
RT @RERA_RATP: trafic interrompu entre Vincennes et Noisy-le-Grand dans les 2 sens.Les trains circulent entre Vincennes et Boissy St Lger.,#RERA #RATP
RT @RERB: 15:59, le trafic est perturb sur la ligne (panne lectrique) #RERB
RT @RERB: En rpercussion d'une panne d'alimentation lectrique  #GareDuNord, le trafic est ralenti sur l'ensemble du #RERB
RT @RERB: Retour  un trafic rgulier sur l'ensemble de la ligne #RERB. Incident termin.
RT @RERC_SNCF: @GabrielVk9 non, il faut un environnement de la C (train,gare..)
RT @RERC_SNCF: Infotrafic #RERC : +10/15mn jusqu' 19h30 pour les trains au passage de Paris intramuros (personnes sur les voies),>
RT @RERC_SNCF: Infotrafic #RERC : Les trains VICK sont supprims, les LARA sont terminus Paris Austerlitz, les DEBA partent de BFM :
RT @RERC_SNCF: Infotrafic #RERC : Trafic interrompu entre Pontoise et Champ de Mars jusqu' 21h30 (incident signalisation),>
RT @RERC_SNCF: Infotrafic #RERC : Trafic ralenti jusqu' 14h30 suite  un incident affectant la voie  Champ de Mars.
RT @RERC_SNCF: Infotrafic #RERC : [MAJ]Trafic interrompu entre Henri Martin et Champ de Mars > 21h30,Itinraires alternatifs =
RT @RERC_SNCF: Infotrafic #RERC : [MAJ]Trafic interrompu entre Henri Martin et Champ de Mars > 21h30,Itinraires alternatifs = http:/...
RT @RERC_SNCF: Infotrafic #RERC : [MAJ]Trafic interrompu entre Pdt Kennedy et Champ de Mars jusqu' 21h30 (incident signalisation) >
RT @RERC_SNCF: Infotrafic #RERC [Mise  jour] Trafic ralenti jusqu' 16h suite  un incident affectant la voie  Champ de Mars.
RT @RERC_SNCF: Petit rappel des #travaux en cours sur le #RERC:
RT @RERD_SNCF: @ambra_Kess @KimA_Wayans bjr, le trafic sera normal demain sur les lignes Transilien SNCF. bonne journe.
RT @RERD_SNCF: @faguagliata @TUForg Bonjour ce matin un train a t suppr au dpart de Melun  9h suite  un pb matriel.5min aprs un train allait  Paris
RT @RERD_SNCF: @faguagliata @TUForg Bonjour, le trafic est bloqu suite  un malaise voyageur.
RT @RERD_SNCF: Bonjour @GregDudule, le trafic est bloqu suite  un malaise voyageur  Montgeron.
RT @RERD_SNCF: Le train de Montgeron vient de partir, les trains suivants vont bientt pouvoir repartir aussi @GregDudule
RT @RER_B: Mme incident. Deux traitements de l'information... #RERB #RERD
RT @RaslbolTER: TER retard > 30mn pour LyonPD au ralenti et va se prendre gestion trafic : arrtez nous a Venissieux (metro) @TERLyonGrenoble @SNCFTERRA
RT @SherazadeIriout: Maxime je le kiff trop il a rater son bus pour moi trop d'amour du coup je lui ai donner une cl qui reprsente la cl de mon cur
RT @Shinxe: @3asyG33 @TUForg @RATP @rera Cest scandaleux. Aprs lincident, un train  deux etages VIDE arrive pour MLV, il repart presque vide.
RT @Shinxe: C'est tout bonnement aberrant qu'en cas d'incident tous les trains 2 tages soient ddis  Marne la valle. #sncf @ratp @rera #rera
RT @Tamara_Gmx_: @Maagueuda: Courir derrire un bus le matin tout c a cause de mes cheveux
RT @Team_Oreos_: J'allais rater le bus. Mais croyez-moi j'ai vu les embrouilles avec ma mere si je ratais mon bus, ds le coup je me suis magne et j'lai eu
RT @Thydaaapgy: J'ai vu Dz descendre du bus oklm je vais vers elle pour lui dire bjr sauf qu'elle m'dit: cours la chnaw,J'avais oubli ce dtaille
RT @TomekTR: #QML #RERC : Les trains VICK sont supprims, les LARA sont terminus Paris Austerlitz, les DEBA partent de BFM :
RT @TomekTR: #qml #rera le trafic est ralenti sur Cergy Poissy... circulation avec 5/10min supplmentaires
RT @TomekTR: #qml, le trafic est interrompu entre Vincennes et Noisy-le-Grand (colis suspect) #RATP #RERA
RT @TomekTR: RER A : Trafic ralenti Prvoir 10  20 minutes supplmentaires de trajet, dans les deux sens. #qml #RERa #lignel
RT @UltranusAbitbol: C'est la premire fois que j'ai une place assise dans le rer A un matin, du coup je vais jusqu'au terminus, c'est trop grisant
RT @VVMad: Le train arrive. Poussons les gens vers le bord du quai pr QUE QUELQU'UN SE FASSE ECRASER ET AGGRAVER NOTRE GALRE.  #RERA
RT @VVMad: Tous les trains et #RERA supprims vers Cergy et Poissy. Quelle chouette faon de terminer sa journe !
RT @ValentinHnqn: Mme si y neige et qu'il y a pas de bus ma mre elle s'en tape, elle va sortir la motoneige pour me conduire en cours
RT @Vxices: Moi tu m'dis "le dis a personne" jamais personne sera au courant mme si tu m'fais le pire coup de pute qui puisse exister
RT @WMyWay_Mobile: Mtro Ligne 13 En rpercussion d'une panne de matriel, le trafic est ralenti de Asnires Gennevilliers Les Courtilles /Saint [1/2]
RT @WMyWay_Mobile: Mtro Ligne 4 En rpercussion d'un colis suspect  Rpublique, le trafic est ralenti sur l'ensemble de la ligne. Trafic norma [1/2]
RT @YannisAstucesPC: Merci  tous pour vos petits messages me souhaitant un joyeux anniversaire ! Je ne pensais que vous seriez autant  tre au courant :)
RT @Yoan__Wgh: @Petit__Maxime Gillon y parle kom Theo, etc j'espre c'est Gillon qui parle, pasque si c pas lui y va s'faire fumer sans tre o courant
RT @Zain_Voice: Mon pre me dpose au centre ville, du coup j'vais prendre le bus avec petula.
RT @_IsmaelDoumbia: Mais les maudits mme ils ont coup courant , si mon tlphone n'tait pas charg et que je n'avait pas d'units je ne serait pas ici
RT @_Miimiinah: Si son pere est au courant sa va donner du peps au canular #TraceFm
RT @_amomentintime: Rgulation de trafic, IDOL03 devient EMOI05  Massy #RERB #TraficNormal
RT @_liketheboss_: quand tu fais une course avec ton voisin de cours o le but c'est le 1er qui a fini d'crire mais que lui il est pas au courant de ton plan
RT @antoine_courant: @AudreyBse tu n'as pas reu mon sms ?
RT @antoinecrouzet: Accident grave de voyageur, colis suspect. Bon on ne peut pas laisser tranquille la branche Chessy Marne La Valle quelques semaines ? #RERA
RT @avonxly: mdrrrrr on a tap un sprint sa mre j'avais un gros verre d'eau j'ai tout fait renvers en courant
RT @bstergann: @galeRERAfr coupure de courant juste avant Vincennes direction Chessy #RERA
RT @carolez57: Le mystre de ma vie c les meufs qui arrivent rester sexy en courant alors que toi t'es la tu ressembles a rien t'es essouffle et tout
RT @charlesisbackk: @Aymeric_Lansel t'es au courant que demain tu dois payer ton coup a la buvette?non?bah maintenant tu l'es..bien jou ch'pere
RT @claudyatism: pr moi dieu existe pcq le jour de l'accident de bus a la gare de corbeil je devais hi etre ah la mm heure de l'accident et le mm bus
RT @cyberbaloo_: @RERA_RATP: 18:15, le trafic est interrompu entre Vincennes et Noisy-le-Grand (colis suspect) #RATP #RERA colis a val de fontenay.
RT @d4f3wl: Suppression de trains > trains suivants bonds > malaise voyageur > retards > suppressions. #CercleVicieux #RERD
RT @dancelikezayn_: C'est tellement excellent quand je me bat avec mon pre et que ds que ma mre arrive il part en courant dans sa chambre comme un enfin mdrr
RT @daorette: Enfn! Un incident! RT @bstergann: @galeRERAfr coupure de courant juste avant Vincennes direction Chessy #RERA
RT @deleau78955: @galeRERAfr Train annul  7h41... sans prcisions particulires... Bonne journe @RERA_RATP !
RT @doomaiic225: Le matin Ceux qui se suicident sur les rails du rer, mtro on doit etre  lheure en cours, nous donc donnez un motif d'excuse  nos profs
RT @dwursteisen: #hotfix sur le @RERC_SNCF (avec modif entre chaque passage de train)
RT @faguagliata: @RERD_SNCF @TUForg et avec les trains supprim c'est encore une belle journe de grand chelem :)
RT @faguagliata: @RERD_SNCF @TUForg et c'est certes l'attente qui nous met en retard, mais du coup le train d'aprs arrive plein dc impossible de monter.!
RT @faguagliata: @RERD_SNCF @TUForg et la j'attend a Yerres car le train de devant est bloqu ... Et mon train commence a tre plein. #agoraphobie
RT @fannydelahalle: @Enercoop_SCIC Le crowfunding du Tour Alternatiba est dans sa dernire ligne droite. Un petit #coup2pouce ?
RT @fearhatelove: Dans le RER y'avait une beurette qui portait une chemise blanche du coup son col tait orange  cause du fond de teint.
RT @galeRERAfr: #RERD Heurt d'un sanglier par un train entre les gares de Cesson et Le Me, Trafic ralenti axe Melun-Paris,
RT @galeRERAfr: En raison d'un incident d'alimentation lectrique voie  Gare du Nord le trafic est ralenti sur le #RERB et le #RERD
RT @guefine: Tous les #rera Cergy Poissy sont ralentis  la dfense (les branches Ratp sont prioritaires) #qml
RT @halofniall: Bordel j'ai cout une meuf parler 30 minute d'erdf pour avoir un malheureux stylo, c'que je ferais pas qd mme pour un stylo
RT @handel_julia: Je suis tombe dans le metro pire que la dernire fois ta loupe  @CarlaBenchi
RT @heezyum: @RERA_RATP Bonjour, le traffic est-il revenu  la normale? Merci d'avance de votre rponse.
RT @hmlyne: J'ai loupe mon bus ce matin, pour la premire fois de ma vie.
RT @ipodhugo63: A tous mes abonns : ne vous dsabonnez pas dans le pire des cas je recre une chane. Je vous tiens au courant sur Twitter
RT @jackandeezer: @_Walkyrie Apparament non,en tant que bite je serais au courant sinon
RT @jeremy_1502: Se foutre de la gueule de ceux qui court derrire le tram et me rendre compte que c'est celui que je dois prendre... Puis courir aussi
RT @jeromehuet: #RERB trs ralenti direction Nord depuis Stade de France... Mais comme le trafic est rgulier, c'est que tout va bien !
RT @jeromehuet: Oups... "@RERB: En rpercussion d'une panne d'alimentation lectrique  #GareDuNord, le trafic est ralenti sur l'ensemble du #RERB"
RT @jfcagtn13: Trafic perturb sur la ligne D&R suite collision Train/ Sanglier entre combs la ville & Savigny leTemple :axe Melun<=>Goussainville +10/20'
RT @jqt_lucie: Mon ptit frre il ma dis "toi tu vas expliquer des maths??" Et il est partis en courant et il rigolais a fait 5min qu'il rigole mdr
RT @keepcalmrera: #rera ce soir c'est l'ouest qui morfle. Trafic repris mais trs perturb...et rames blindes.
RT @kidlordrauhl: a aurait t Justin, mme les pingouins serait au courant mais scusez nous, c'est la sainte selena donc chut.
RT @kidrauhlos: J'ai jamais march trql pour avoir le rer, tjrs entrain de courir
RT @komanaki: On a remarqu a, oui RT @RERA_RATP: Trafic fortement ralenti sur le reste du #RERA #RATP
RT @laurianeeury_: Vous tes au courant que raconter des vieux mythos sur les autres a enlvera pas votre rage ni votre seum ou comment a s'passe mdr
RT @le_Parisien: Essonne : un spectaculaire accident de bus fait trois blesss  Corbeil
RT @legendeuz_A: Mdrrr vs tes au courant que vs avez 5 prires par jour comme nous ?
RT @louiseetthomas: Une vielle se coup les ongles dans le bus juste devant moi je le suis reu un ongle
RT @mariejulien: @jp_matt Ouais, et un dbile lger qui traverse les USA en courant non plus.
RT @mauddgx: Cet aprem dans le bus on tait tous  l'arrire, on coutait de la musique, on aurait dit un road-trip entre amis dans les annes 70 mdr
RT @medard176: Il y a que sur le RER D qu'on peut trouver des trains sans chauffage
RT @mike_ww: @RERA_RATP @TUForg peut tre, mais super ralenti entre joinville et Boissy...damned!
RT @mstrasser_: Problme d'infrastructures permettant l'acheminement des trains arrivant  Mitry-Claye. Suppressions  prvoir sur le #RERB
RT @niallsxnshine_: @cliffordslayyou J'espre que t'y arriveras tu me tiens au courant ? :)
RT @ninhosdt: Le 1 er extrait c'est l'intro jlai appeler "ISPAC2" ils sont vraiment pas au courant .. Nan pas du tout
RT @oeil_critique: Traffic interrompu  cause d'un malaise voyageur sur le #RERD: facile d'accuser les voyageurs traits comme du btail @Btilloy @RERD_SNCF
RT @ohgod_harold: @tatooedlarry Je vais lire "Red Brick Heart" ds que je la finis je te tient au courant! x
RT @paulfasola: Oy Oy, Toi qui parcours la contre en RER/Train ma nouvelle app' devrait t'intresser ! (W8.1/WP) Check it out !
RT @peinte59: J'ouvre la fentre de ma chambre et je vois de la lumire chez les voisins et moi tjs pas de courant :'( mdr
RT @peinte59: Yeeeeeeeees il y a re du courant je vais pouvoir manger mes ptes !!!!!!!!!!!
RT @piano55100: @matantemorin Je suis au courant !j'espre que le PLQ va rpliquer!!!
RT @pierre_pavlosky: Sarko qui parle de ceux qui cassent les abris bus... pense rcuprer des voix FN ou quoi?,Il devient ridicule...
RT @poirieralex: Une femme dans la trentaine a subi des blessures srieuse hier soir lors d'un accident impliquant un autobus scolaire  #Ottawa
RT @romaneblrd1: Cet t on tais comme les deux doigts d'la main, a l'heure d'aujourd'hui si j'ai un problme tu seras la dernire au courant c'est triste
RT @roukmoutte: "@RERB: 15:59, le trafic est perturb sur la ligne (panne lectrique) #RERB" depuis ce matin....
RT @safoulseum_: @marciogoldfish Nn a  demain Vendredi = couscous !!! T pa  courant frer??
RT @schochergaelle: @Virgiinie_ @xSerMejorX Je vous tiens au courant, je sais pas encore o je serai en dcembre
RT @smileftnjh: Demain il neige donc j'espre qu'il va neiger cette nuit que a va tenir donc pas de bus pas de cours et pas de contrles de maths
RT @steewii: Il y a que sur le RER D qu'on peut trouver des trains sans chauffage
RT @tianell971: #rerA a va tre chaud pr rentrer dans le train...direction cergy. Quai blind
RT @truthisaway: 8:36 premier train victime "d'incident technique" yeahhhhhhhh !!! #RERA
RT @utilisatrice_27: J'ai trop de fiert . Je ne cours mme pas derrire un bus , ne crois pas jvais courir aprs toi..
RT @vue_ines: Jusque ma mere elle ma dit tiens moi vite au courant elle etait trop angoiss elle lui meme fait un bisous
RT @zoemrn_: serena c'tait la premire  tre au courant que j'avais pas de tlphone et elle a qd mme tap un monologue toute la journe
Retour  un trafic normal et rgulier du ct du #RERC #OK
Retour  un trafic normal sur la ligne #RERB #OK
Retour  un trafic normal sur la ligne #RERD #OK
Retour  un trafic rgulier sur l'ensemble de la ligne #RERA #RATP. Incident termin.
Retour  un trafic rgulier sur l'ensemble de la ligne #RERA Incident termin #OK
Retour  un trafic rgulier sur l'ensemble de la ligne #RERB. Incident termin.
Rgulation de trafic, IDOL03 devient EMOI05  Massy #RERB #TraficNormal
Rseaux de bus: quels rseaux?  #LaRunion
Rsum de ma journe : "Suite  un colis suspect les lignes .. sont fortement ralenties.." Un peu parano les parisiens non ? #paris #metro
SNCF : un milliard d'euros pour rnover le RER C: 187 kilomtres, plus de 530 trains au quotidien, 84 gares, s...
Samedi j'ai un rdv avec ma banquire pour mon compte courant wsh
Sarko qui parle de ceux qui cassent les abris bus... pense rcuprer des voix FN ou quoi?,Il devient ridicule...
Se foutre de la gueule de ceux qui court derrire le tram et me rendre compte que c'est celui que je dois prendre... Puis courir aussi
Si demain loupe pas mn bus sa sera un miracle.
Si elle me l'avait pas dit  l'heure actuelle je serais pas encore au courant putain
Super malaise voyageur sur @RERD_SNCF!!Forcment si les gens arrtaient d'tre gostes et ouvraient les fentres quand le train est blind
Suppression de trains > trains suivants bonds > malaise voyageur > retards > suppressions. #CercleVicieux #RERD
Sympa l'ambiance quand le message du rer est ' trafic interrompu pour cause de DEMINAGE '
T dj au courant tu sais cette meuf la qui chauffe mme MDR tu vois de qui je parle tmtc frre MDR KHAMEM
TER retard > 30mn pour LyonPD au ralenti et va se prendre gestion trafic : arrtez nous a Venissieux (metro) @TERLyonGrenoble @SNCFTERRA
TRANSPORT - Le trafic sur le RER devrait revenir  la normale en 2017 aprs de grosses perturbations en 2014 et...
Touche un membre de ma clique negro tu veras quon est pas tout seul Euh non jcrois pas y'en a qui parte en courant negro
Tous les #rera Cergy Poissy sont ralentis  la dfense (les branches Ratp sont prioritaires) #qml
Tous les jours ya des problmes avec le RER A j'ai pas vue un jours ou ya pas eu un accident ou un autre truc mdrr
Tous les trains et #RERA supprims vers Cergy et Poissy. Quelle chouette faon de terminer sa journe !
Traffic interrompu  cause d'un malaise voyageur sur le #RERD: facile d'accuser les voyageurs traits comme du btail @Btilloy @RERD_SNCF
Trafic du jour : #RERE #OK
Trafic fortement ralenti sur le reste du #RERA #RATP
Trafic interrompu entre Henri Martin et Champ de Mars > 21h30 (incident signalisation) #RERC #KO
Trafic interrompu entre Henri Martin et Champ de Mars jusqu' 21h30  cause d'un incident signalisation) #RERC #KO
Trafic interrompu entre les gares d'Avenue Henri Martin et Champ de Mars Tour Eiffel, dans ce sens, jusqu' 23h00 #RERC #KO
Trafic interrompue sur le RER A car procdure de scurit activ en gare de Val de Fontenay... en gros je suis dans la merde!
Trafic perturb sur la ligne D&R suite collision Train/ Sanglier entre combs la ville & Savigny leTemple :axe Melun<=>Goussainville +10/20'
Trafic ralenti sur la ligne 5 direction Place d'Italie!
Train idil95 du #rerb supprime sans explication afin d'emm... le monde @rerb
Trains et rer bloqus heureusement j'ai mon bus
Tranquille tu serais au courant hein ahana mdr
UCraft, la vido pr-alpha de l'effet d'eau: Aprs avoir repouss son U-Craft  courant 2015, Nexis Games rev...
Un problme de frein  l'origine de l'accident de bus  via @le_Parisien
Une agence immobilire a t-elle le droit de facturer d'edf  un l
Une femme dans la trentaine a subi des blessures srieuse hier soir lors d'un accident impliquant un autobus scolaire  #Ottawa
Une premire pour moi: @RERA_RATP retenu  Vincennes car rixe entre voyageurs dans le train  Bry sur Marne...
Une vielle se coup les ongles dans le bus juste devant moi je le suis reu un ongle
Utilisateurs Teamspeak: Nous sommes au courant des lags. Une migration est planifie pour y remdier.
Vas y fous moi des coups de pied toi derrire moi #bus
Voir courir les gens derrires leur bus >>>
Vous souhaitez rester au courant des dernires infos rglementaires ? Rejoignez notre groupe sur @Viadeo :
Worth it j'ai du l'couter 100 fois rigoler , je l'coute partout chez moi , dans le bus pendant mes pauses a la recr jsuis accro
Y avait lgtps incident d'alimentation lectrique voie 41  GdN RT @RERB: 15:59, le trafic est perturb sur la ligne (panne lectrique) #RERB
Y'a que eux pour prendre mes cls et mer en courant chez moi
Y'a rien de plus agressif qu'un courant d'air qui sent qu'il va se faire enfermer, il te claque une porte dans la gueule comme pour rire.
Y'a un mec bizarre  l'abris bus, il tape du pied quand il me regarde, du coup j'me suis mise derrire l'abris au truc  vlo ..
Y'a un mec il courait aprs un bus, le bus c'est arrter, l'mec a vu les contrleurs il a fait genre il faisait un footing :')
Y'en a pas un pour me mettre au courant qu'on a pas cours le matin mais que des enfoiree de cpnnard allez bouffer a la chatte a votre mre
Yeeeeeeeees il y a re du courant je vais pouvoir manger mes ptes !!!!!!!!!!!
Youhou RER B ralenti ! Qui va arriver en retard ce matin ??
Youpi, 5me RER A que je laisse passer devant moi au Chtelet.
ah @remi_grumeau :  mais bon, tu es ptetre au courant...
bref j'ai louper l'bus et j me clash avec ma mere
ce midi il faut pas que je rate le bus comme  chaque fois que je vais voir mon pre pdt les cours
courage grand-frere dans ce que vous  suis non seulement un fan pour toi mais un fuel pour toi.ainsi je suis au courant de tout
dj que je galre  lisser mes cheveux  la base alors l avec les coupures de courant c'tait mort
et bien sr cest toujours Bibi qui est au courant de tout  la dernire minute
hey j'en ai grave marre  chaque fois les portes du rer elles se referment sur moi plus jamais j'cours pour un train
j'aime ma mre, mais quand elle commence avec son discours je la dteste a un point, j'ai envie de me barrer en courant
j'suis saoule de ces bus de merde, en scoot j'serai dj chez moi l j'me fais enculer par le temps et j'ai cours  18h
jcrois mon pre est au courant pour jeudi dernier, demain jv clamser ........
je dois faire l'ouverture du magasin et ce tram de merde avance au ralenti, je suis en retard sa race
je me disais bien qu'en allant sur twitter.. je serai plus rapidement au courant pour les rsultats qu'en passant sur l'ENT
la meuf qui coutait du JUL dans le rer
les gens dans le bus ils pensent que nous aussi on veux couter leur musiques, j'espre tu verras mon tweet et que t'teindra ton tlphone
ma mre est au courant maintenant, j'peux fumer tranquille
ma mre est pas au courant que je loupe un aprs midi de cours pour aller voir ed sheeran, elle va me tuer
ma mre veut que j'aille en cours bc ils ont dis a la radio que les bus roulait ptn
mble de la ligne. Trafic normal sur les autres lignes de RER. [2/2]
mdrrrrr on a tap un sprint sa mre j'avais un gros verre d'eau j'ai tout fait renvers en courant
me  21h30. Trafic normal sur les autres lignes de RER. [2/2]
merci a ma mre de me l'avoir rappeler COMME SI JETAIS PAS AU COURANT PTN
mme si j'aimerais parler  certaines personnes je le ferais pas pcq tout le monde est au courant de tout et aprs a fait des rumeurs
mon bus tait pas l bc des accidents sur la route et ma maman m'a emmener
mon pre a dit j'ai loup le bus mdr
mon pre est au courant..
pouah vas y accident dans le quartier genre le bus il est rest bloqu 20min comment a soule le soir
pour ceux qui ne seraient pas encore au courant : @PokemonTrash
pour mon 1er cours mon nouveau prof de maths a pris le bus jusqu'a chauray puis a march 1,5km et moi j'tais pas la donc il est reparti
pr moi dieu existe pcq le jour de l'accident de bus a la gare de corbeil je devais hi etre ah la mm heure de l'accident et le mm bus
ptdr j'ai grave la poisse mon bus vient d'avoir un accident ^^
ptn accident de tram encore
quand il se passe un truc bien dans ma vie elle est tjrs la premire au courant mais l bah
rculations estime  21h30. Trafic normal sur les autres lignes de RER. [2/2]
st plus desservie, dans les deux sens . Reprise des circulations estime  19h00. Trafic normal sur les autres lignes de RER. [2/2]
st plus desservie, dans les deux sens . Reprise des circulations estime  19h30. Trafic normal sur les autres lignes de RER. [2/2]
tjrs j'ss la dernire mise au courant ou j'apprends les trucs 3 jours aprs jdois tre compltement a l'ouest moi
tout  l'heure les frer dans le tram j'voulais mettre des coups de coude  tout le monde ptn
tout ce qui touche  Riri je suis au courant
tout mon collge sera au courant, j'ai plus qu' aller me cacher dans une grotte avec les grizzlis.
trafic interrompu entre Vincennes et Noisy-le-Grand dans les 2 sens.Les trains circulent entre Vincennes et Boissy St Lger.,#RERA #RATP
un conseil ,si tu le veux arrte de faire ta bouffonne en lui courant aprs laisse le et si il te veut il viendra vers toi, j'y suis pour R
y a pas de tram donc j'espre juste que y a pas le 7 non plus comme sa je vais pas en cours
ya eu une coupure de courant et ma sur aux toilettes croyais que jlui avais teint la lumire mdrrr
