"@SuzY_jEneLle: ce que Eneo vient de faire l (coupure de courant) je le redis #ToutCaVaChangerEn2035"
"@haramest: Ma mre elle m'a envoy a mdr j'crois elle est pas au courant du nombre de bite que j'ai suc " oh putain
"@ratp78190: @EMOI_21 suite  un train parti en retard en gare de La Place Maison des Examens @fratwoman" #RERB
"C'est comme a que nous avanons, barque a contre courant sans cesse ramene vers le pass."
"On sera au courant si le sang proviens d'homosexuel?" fils de pute je prfre le garder que de sauv la vie d'homophobe.
"Si Zerrie c'est fini elle vont faire comment les LM pour percer" vous tes au courant qu'elles taient connu bien avant zerrie j'espre?
"Voyager en TGV, en 3 symboles" En premire on a la chance d'avoir une prise de courant qui
"Windows 10 : une mise  jour gratuite pour les copies pirates" pour celles et ceux qui ne seraient pas au courant.
#Conseil "La future vers de @GallicaBnF, qui sera dploye dans le courant de l'anne 2015, peut tre teste sur ".
#Juvisy #RERD c'est honteux d'attaquer des gens dans un train qui ne peuvent ni s'enfuir ni se dfendre
#LRDS  trs important d''tre bien dans ses chaussures pour un 1er RDV, juste au cas ou faudrait partir en courant
#Lucha : Un accident d'autobus cause la mort d'un membre de la Triple A et d'autres se retrouvent  l'hpital
#RERA Divers incidents techniques  Cergy et Poissy : trafic est ralenti en direction de l'est
#RERA trafic ralenti en raison de divers incidents...bon courage et bonne journee a tous!
#RERC Ralenti : personne sur les voies vers Choisy le Roi
#RERC il se passe quoi????? Tout les trains de la ligne bloqu en pleine voie depuis 15 minute !
#RERD "Les franais doivent s'habituer  vivre avec les hold-ups de RER, trains, mtros, et bus." #Anticipation #Taubira #Valls
#RERD les prcdentes attaques de train ont donn lieu  des sanctions virtuelles. Message d'impunit pass 5 sur 5. #padamalgam
#RERE Complment d'info : Vers 14 heures, un homme sest jet sur un train depuis la passerelle ..
#RERE interrompu entre Haussmann S.L et Chelles : accident de personne entre Le Chenay Gagny et Chelles.
#RERE trafic est ralenti: panne d'un train vers Magenta
#TuEsEgyptienSi les coupure de courant devien un quotidien je dirait meme que sa serai tonnant que sa coupe pas un jour
#bzbalsace : les utilisateurs s'approprient les sujets. En 2 mns, la terre entire est au courant.@mathieugabard
#chamalieres La SNCF mise sur Eole pour rinventer le train de banlieue: La future ligne de RER parisienne dev...
#ratp le #RERC c'est rare que je le prenne, mais vous arrivez quand mme  me dcevoir: Train immobilis & aucun cran ne fonctionne a quai
(Le Parisien) : Le trafic du RER E interrompu  cause dun suicide  #Gagny: Ce mercredi aprs-midi, le trafic du
- et mme si l'anne prochaine je serais moins prsente, je compte vous tenir rgulirement au courant de mon anne aux USA si ca -
.@RERC_SNCF 3 trains arrts en pleine voie aux ardoines mais surtout ne tweetez rien vous risqueriez de faire votre travail ;)
07h59 coupure de courant au bureau. Pas de clim, pas d'internet et mon prdi est  8%. Ma journe commence de manire sexy hein...
08:46, le trafic est ralenti de Cergy/ Poissy vers Marne-la-Vallee Chessy (divers incidents) #RATP #RERA
09:28, le trafic est ralenti sur la ligne (divers incidents) #RATP #RERA
1 heure de bus  vouloir faire pipi je rentre chez moi sonper je dois me faire a manger du coup ce sera plutt genre petit dj j'ai flemme
1/2 @RERE_SNCF le train voie 32  Haussmann allait  Magenta.Annonce au moment de la fermeture des portes.
2/2 @RERE_SNCF Trop tard pour les clients ne se trouvant pas voie 32... Alors que le train y stationnait depuis 5 minutes.
>>>>>> Ma mre qui prend des rendez vous pour moi sans me mettre au courant!
@20Minutes ATTAQUES DE TRAINS /METROS / CARS / BUS / VOITURES / MOTOS VELOS / ET A PIEDS ? LE 1ER MINSTRE CONDAMNE . Cela ne change RIEN
@96_lucien @Truvirage poser un chien sous ton oreiller. t'observer te rveiller. rire pcq tu te casses en courant. de peur. la foule ri.
@ASolim si ce consultant fait arriver les trains  l'heure et termine le RER, 300 000 c'est donn :-)
@AVieillefon jure sans blague ? Ptn j'tais pas au courant ! Waw premire nouvelle
@A_de_St_Germain je comprends pas l... RER ou Train, ce sont des trains de banlieue.
@AlainMarschall @popoche69008 @GG_RMC Rien sur le RER attaqu par la racaille ? Rien sur la vieille dame roue de coups par les gauchistes?
@AlayaNeko Mon pc est bien le problme c'est que quand il s'teint pas correctement comme la coupure de courant il mais 2h a redmarrer
@AlexWiizzle ya eu un accident de bus ya pas longtemps en plus..
@Alexpectation stp mec j'tais la premire personne au monde  tre au courant de la future sortie de leur 2e album c:
@Alice_Lgch Dans le RER je rentrais de cours :) Je t'ai apperu et j'ai fait genre "Wah elle est bonne mais c'est court sa jupe" ;)
@AllKevAdamsCrew j'espre !  Tiens nous au courant !
@Alsy_Tmb ahh ben oui la vers la sorti en courant mme mdr
@AlyssiaBrn putain toi tu t'arrteras jamais j'espre pour toi c'est pas un truc grave.. Tiens moi au courant grosse!
@Alyystew tqt tu sera au courant jpense avc twitter  a tous les coups yaura un #
@AmandineDrs c'est vers mai je pense, tkt jte tiendrais au courant pelo
@AnaRPGTHAI *Il part en courant vers l'ean, sa planche entre son bassin et son bras *
@Anaistrbd ptdr je viens de demander a mon pere s'il s'en souvenait mais il tait pas au courant oups
@AndyVanorle je pense que oui sa doit tre honnte. Mais renseigne toi voir si ce procder est courant.
@AnthonyClasse @Alan_Prn je suis bien inform t'inquite mon pere est pompier, je suis au courant de tous ce qu'il faut savoir
@ArnaudRobinet purement lamentable, reprsentatif d'un courant politique agressif, qui ne travaille plus pour la France mais pour lui-mme
@Asso_SaDur: rer D, 06H42  Mennecy, direction Villiers: hier train supprim, aujourd'hui train court !,#RERD #SNCF #train #transilien
@AureVp ouais y parat, j'viens seulement d'tre mis au courant du tarif d'une selle et j'm'en suis tjrs pas remis mdr
@BDestrebecq ahah je me serais barre en courant avant haha. Quand je vois qu'il y a des gens qui pensent encore comme a... a fait peur
@BarjotLand @Llewysn Hein ? Tu traites pas mes podcast favoris de beurk sinon... Sinon... Sinon... Je t'envoie des photos de RER !
@Benenuts77 @RER_B J'ai du 41/42 (mais il reste des traces de #SuperConnasse sous la semelle  )
@Benoitdx9 esprer ne pas se faire une fracture en courant :')
@BiatchMaitrot je ne sais pas qui est la jeune femme au 1er plan, mais elle est magnifique, et je crois qu'elle est au courant.
@Bob2Weed Je te le dis pour le plaisir parce que je pense tu es au courant. Rien que les staff jpeux plus marrter..
@Boulby_ je pense que je serais dispo mais je te tiendrais au courant :)
@C_estleprenom: Kenza c'est le prnom des meuf qui cour driere le bus mais elle le rate apres elle marche @kenzaa_2311
@C_estleprenom: Kenza c'est le prnom des meuf qui cour driere le bus mais elle le rate apres elle marche@bey_kenza @kenza_iam no respect
@CallMeRevel237 de toutes les faons je te tiens au courant de l'info sre le tour-ci si c'est pas 100% je tweet pas (lool)
@CamVkr ce serait super :), tiens moi au courant !!
@Carlos_Theos Ah le bus vient d'avoir un accident je viens de mourir ^^ adieu carlos :(
@CasimirPSG sans mme parler de CM, une annonce en gare ou dans le train c'est si compliqu ? @RERA_RATP @LIGNEL_sncf @galeRERAfr
@Cherozene Des travaux ! Nous n'tions pas eu courant. Ds que nous en savons plus nous revenons vers vous.
@CiiindyyD Elle me fait trop rire, elle est au courant de tout
@Cody_RPG *le gars secoue la tte et se barre en courant, Justin s'assoit parterre mort de rire*
@Conducteur_RER C'est o ? Quel train ?
@CraigFrd elle sera pas la ?? J'etais pas au courant ca j'ai loup une episode ou bien 0.0
@DamienZ_ pas tant la connexion Internet ne sera pas tablie. Laissez-le teint et redmarrez votre Livebox. Tenez-moi au courant. 2/2 ^Nes
@DelarueJC 2/2 Le dfaut de #GrandParistExpress, c'est le format mtro trop couteux. Pour ma part, je prfre le format tram-train.
@DominicArpin sauvetage  Jarry: pour assurer leur scurit, ils auraient pu tirer la poigne pour couper le courant et arrter le mtro.
@ElectreIsMore: Parce que pour t'accueillir  Paris, Y'a le RER de merde. Et encore plus vers minuit, youpi. Bon courage
@EnDirectDuLabo c'est surtout pour avoir des contacts, tre au courant des dernires actus de certaines thmatiques, partager des infos!
@Eneo ou bien @AesSonel. Bref celui qui vient de couper le courant chez moi. Je dis le gros Q de sa mere enfoir de pd.
@Erebuss @genma Il n'y en a pas dans le RER D alors qu'il y en a au moins 12 par voiture dans les trains RATP ?,Je suis agrablement tonn.
@EsmeeTRP gars pour des affaires. Entend les cris et en tant qu'hros de la nation se dirige vers la ruelle en courant*
@EveBchx non tfacon s'il marque tu seras rapidement au courant je vais pter un cble
@FBrahimi mince j'y serai bien alle ! n'hsitez pas  me tenir au courant quand vous faites des interventions :)
@FLEMATRE je dirai courant 90 sans aucune certitude. Je ne pense pas qu'il ait une loi  finalement sre de rien bonne soire
@Floryan30 Nous n'avons pas d'informations  ce sujet pour le moment, mais nous vous tiendrons au courant quand ce sera le cas ! :)
@FootOlympien perso je vais matter Barca - Real a 23h et je serais au courant du score de l'OM. A minuit Bein passe le match :)
@FrancoisTissier @DopeWayZ c aussi pour a qu tu m'a piqu une crise  2 franc la dernire fois alors que gt pas o courant.
@GECKOTRASH ouais "fianc", mais t'es au courant du coup de pub derrire ou pas ? (tiens c'est avec cette meuf)
@Gaetan_Lc on espre que le problme va tre vite rgl ! tiens nous au courant, pour en faire profiter les autres :-) Cc @UniversFreebox
@GreluchesLand merde putain.....j'espre sincrement que a n'est que psychologique...tu m tiens au courant s'il te plat...
@Habbofable123 jespre qune fois tu ramne une fille a la maison et devant la porte tu sors ce machin-trucs de cls et elle part en courant
@Hakimoou Mais si, viens en courant ! Ca te fera ton sport
@Imrage @JayGameweb moelle osseuse... si on veut te prendre ta moelle pinire part en courant ^^
@JENIFERLOVE_ mwouais on verra...dj je suis sre qu'il y a des gens qui ne sont mme pas au courant de l'existence de ce film
@Jamais2saans13 ton couz et sn pote mn fai rire dans le bus il arreter pas d'se zega mddddr
@JamesPotterRPHP *roule des yeux et le relche*Il m'aime aussi*le voit revenir vers elle en courant,s'allonge dans la neige en le soulevant*
@Jaycota je vais plus vite en courant. Bah j'ai pouss mon sige en arrire :D
@JoPrincesse @CocoGabrielleT @grignotages Warum nicht? Je confre avec le Seigneur et Matre et vous tiens au courant !
@JohanBigSmile Tkt chasseur de Pokmon tu sera au courant
@JohnMESAVERDE Je le vois pas comme a, je sais pas. Subjectivit ou pas. En tant que Provenal encul/er fait partie du vocabulaire courant
@JulienMoya T'es pas au courant ? L'iphone 8 gre les pantones. Les pixels sont teints dans la masse. L'cran est en RVBD (D = Dor).
@Kalijvc bah je serai descendu en courant !! Lol
@Kentucky92 @epsilan_fr @Numericable @SFR_Groupe j'ai mme reu un courrier du PDG de NC courant juillet 2014, toujours en 30 Mbits 2/2
@Kiri_eau Ok ben je te tiens au courant, ce sera plus vers 20/21h donc pas sr mais je te dis !
@KneAnna ah bon ? C'est bien parce que avec toi je suis jamais au courant de tous les mecs que je gre
@KurtHummelJG (sms) encore la dernire au courant..
@LDE pour protger le capteur ? Pas grand chose, c'est courant d'avoir le soleil en face
@LRB_LoL ...affich donc je prfre te tenir au courant ! (TV1)
@LaurentBrouat @JMCaillaud On dlibre demain et on te tient au courant.
@LeaMarlard Bah que la 1re heure il ns a pas pris et la 2me heure j'tais pas au courant
@LisaLrm_ Les flics sont au courant qu'il y'a des problmes  la prfecture au cas ou tu te ferais contrler :)
@LtPaterson @RERA_RATP j'ai attendu plus de 20 min un train a Bussy en direction de Paris
@Lucas_magpies @Michou_92 frere t'es au courant que ton discour se contredis tout seul ??
@MMalefoy_RPGHP je veux tre la premire au courant !
@Made_Hawaiian Czajkow va tre ravi quand il sera au courant de a
@MaliaRPTW Ouaiiiis ! *va vers le salon en courant*
@Manolo_Manolie De toute facon tu seras vite mise au courant ;)
@MarinaaNavy ils ont toutes les infos avant de venir et quand la mre sort, ils taient au courant,
@Mauger_Camille fais le en courant alors a te fera un bon chauffement.
@McNekomi Pas mon problme. La totalit des personnes au courant se la boucle alors elle le fera aussi
@MeganeVgln Ducoup je vais rien lui dire elle sera jamais au courant, lel
@MelRay_78 @Mimy_78 @Faustine_Perrin tant donner qu'Emilie est ma meilleure amie dans 5min je serais au courant  #Incruste
@MelleMeuhhh entre a et voir des trains quasi-neufs arriver taggus le matin, a me dsespre des enfoirs pareil... @Conducteur_RER
@MereCruelle @mamanstestent ah ah ah je ne suis pas sre encore mais je vous tiens au courant !!!
@MlleOceanou ouais tu me retiens au courant, sinon je ferais du tapis chez ma mere ^^
@Nalyly26 Moi non plus j'tait pas au courant, c'est mon frre qui me la dit aujourd'hui, Derien ;)
@Napoleon__1er Hum, normalement je mets le mail relatif  ces commentaires dans mes "suivis" pour rester au courant.
@Necrelia je prfre avoir cours que passer quatre heures entre le bus et le mtro comme je viens de faire
@NessaParaiso C'est putain de flau !! Aprs ton pantalon se retrousse ca fais un courant d'air derrire ou une "mini-bite" devant...
@NoemieHababs mais a 14 ans on fais se qu'on veux surtout quand sa mre est au courant
@OHenskens @Steff2707 euh....... p- qu'elle sera pas au courant? ;-)
@OceaneStrn ouais pareil! En plus in fait des remarque sur ma mere, et quand je m'approche de lui il se barre en courant
@OhhAdrien T'es au courant que c'est en France j'espre
@OldNickOfficiel @MLP_2017 @manuelvalls Tout comme l'attaque du RER D c'est encore un coup des blondinets du FN plier de rire
@OneeMeli Tqt tu seras direct au courant avec moi
@PIacebo Mme quand tu seras au courant, je ne sais pas si tu comprendras.
@PalaEksa @RERA_RATP @LIGNEL_sncf @galeRERAfr excuses lundi avarie matriel mardi rien auj sup pour fluidifier mais 3 fois les mmes trains
@Pepit01 @lysamoche_ ptsr t'es jamais au courant de rien toi ^^ Tu me dois si tu prfres pleirer pour lui que pour nous
@PerezSarah20 @bovem_ J'SUIS TJS LA DERNIRE AU COURANT !
@Perrine_grdl mer de beh j'tais clairement pas au courant de a
@PhFarman c'est fini le concordat et ses articles organiques. Vous tes au courant j'espre ?
@Pib4me Tu me tiens au courant, a serait cool :D
@PierreSerne Attaque du RER de Juvisy rvle seulement 24 heures aprs ? Etes vous au courant ? Faites vous le boulot Scurit ZRO #idf
@Pierredrx eh j'suis pas au courant pour l'infirmire!!  moi la stagiaire elle me faisait "Arrte!" alors que je faisais rien mdr
@PowerfulGirl_1 tu serais la premire au courant (mais a n'arrivera jamais )
@PrincessSynahel J'ai fait un racourci. Et je pense que tu fais dborder le drama  ta manire car plein de gens n'taient pas au courant.
@Pupp_s je vais re-regarder si il n'y a pas un moyen de dsactiver les notifications, je te tiens au courant ! (Merci :) )
@RERA_RATP @RATPOfficial #RERA a se dcide  pile ou face pour les changements d'arrt en cours de voyage ?
@RERA_RATP Thierry doit roupiller. Ce que j'aurai pu faire si j'avais su que je devais attendre mon train plus de 20mn!
@RERA_RATP merci Thierry de nous tenir informs, pas de train aucune info sur les quais !....
@RERA_RATP pourquoi nous n'avons pas d'info sur le trafic sachant que a fait 15min qu'il n'y a pas de train  chatelet ??? #incompetant
@RERA_RATP ralenti le mot est faible. Il y a 1 rer sur 3 direction mlv
@RERA_RATP reprise du trafic estim pour quel heure
@RERA_RATP train supprim aucun informations. .. 20 min d attente cela correspond  2 rer supprims c'est quoi a on bosse comment nous ?
@RERB bonjout pourriez vous afficher dans les horaires en temps reel + que 2 trains svp? Ce serait utile. Merci
@RERC_SNCF  bord du train
@RERC_SNCF Bonjour dans le slom de 8h46  marolles toutes les portes arrire des voitures ne s'ouvrent pas. Train nz5642 si je me trompe pas
@RERC_SNCF Bonsoir, je vois qu'il y a des travaux sur la ligne,,pas du tout de train ou circulation perturbe ? (Vers Rungis)
@RERC_SNCF Pourquoi mon rer avance au ralentit???? Et s'arrte???10mn pour faire BfM- les ardoines... Et je vais  juvisy...
@RERC_SNCF a va j'ai eu mon train Dourdan sans retard ;)
@RERC_SNCF ah non... D'un seul coup il est devenu terminus Choisy... J'ai du attendre un suivant... 2h pour rentrer chez moi
@RERC_SNCF et aujourd'hui ? C'est quoi l'excuse pour supprimer le train de 8h55 ?
@RERC_SNCF et pendant ce temps d'autres trains passent....  je devrai tre chez moi
@RERC_SNCF non mais c'est quand mme insens que personne ne nous tiennent au courant... Plus de 20mn qu'on est coinc  Choisy... #qml
@RERC_SNCF train quittant SGDB direction sud (DEBA ou ELBA)  19:55 -> dernier pantographe : grosses tincelles en ligne droite, ouille.
@RERE_SNCF ... Et le train de la voie 32  Haussmann ... Il va o?
@RERE_SNCF sauf que l il est dj plus de 16h! Pourquoi 2 trains sont ils passe sans s arrter en gare du Raincy ???
@RERE_SNCF tarifs de plus en plus levs mais des trains toujours en pannes!!!! De qui se moque-t-on franchement? A qd un ddommagement ?
@RPicard_SNCF En attendant la reconqute... dans #TGV 6176 pour Paris, espace Pro 1re, sige cass et pas de courant  la prise...
@Rakrissss: @lemondefr et on sera au courant ou pas si le sang provient d'homosexuels? Ah o les pd c'est comme le btail?
@Rose_Pace et Robin qui tissait des toiles en courant derrire Gabriel qui lui meme se prenait pour un Ninja, cetait vraiment beau
@SCauwenberg @A__Teixeira Oui, nous sommes au courant. Anderlecht est un centre de formation de 1re ordre, trs sous-estim.
@SamFollooow @mikaroux1709 @DimitriGauthie5 je serai parti en courant
@SheldonA_Rpg *elle va le chercher en courant comme une petite folle. Ne peut s'empcher de rire lgrement*
@Stefan_RPG_VAWO et entre nous enfin officiel.. *regard coquin * enfin quand elena sera au courant bien sr !
@T0POL @gentilColoc @Stitcheuh de toute faon, la gare de Juvisy est un coupe gorge pour les gens qui sortent du lot. @RERC_SNCF @RERD_SNCF
@TUForg La ligne @RERC_SNCF semble vouloir me faire louper un entretien d'embauche crucial. Excuses & ddommagements exigs !
@Tatiabiatch Tu sais que quand j'aurais des poils a cause dse toi la terre entiere sera au courant
@TwerkOfPayne c'est cque mon oncle il fait . Ma mre est sortie elle est courant de rien ptn
@UnHotelATokyo Tu es au courant que tu ne me feras pas changer d'avis ? x)
@UzumaKidrew -mre car je tiens normment  le retrouver pour mon pre mais on en a trouv trop. C'est un nom trs courant aux USA
@ValBikounet06 ma grand mre crois que je vais rencontre une fille dans le train ou le bus et qu'elle va flasher sur moi ou un truc du genre
@ValesonyValy la 1re srie est dj partie mais vous tiens vite au courant !!! good soire et cool pour le petit message !!!
@ValiBordel @Keviniinho il sera au courant ne t'inquite pas
@ValiBordel @Keviniinho moi je dit juste qu'il sera au courant  FIN
@VincentCrn ah ok j suis pas au courant non plus, ce sera pt etre dans le journal demain
@VincentGeloso En Europe, probablement. En Amrique du Nord, a serait  contre courant. Travail au noir ++ ! @fbonnardelCAQ
@Warrrens Maintenant que tout le monde est au courant, je prfre arrter la !
@While_daring: J'coute de la musique je relirais dans le bus marine avicii
@Wotarma mais peut tre vers 19h si je rentre assez tt , je te tiendrai au courant :)
@YamyneK Ton pre sera mis au courant allons y seulement
@YrOow On vera a a marche bah on se tient au courant mec !
@Z_crl @oliswax_rerc @tgvdu45 @transportshaker Je ne vois pas trop l'intrt. Que l'on remplisse dj le peu de trains qui roulent...
@ZeMagnifique_ @DianeDomkam tiens moi au courant stp. Si tu me poses la vodka pamplemousse alors je serai en joie
@Zick___ @DVClochette @P_Le_Goupil On est (re)tomb sur cette interview l'autre jour. Ma rdaction est au courant ;p
@Zicotruche C'est mes grosses chevilles qui font du bruit qd j'marche meuf a fait trembler le sol un jour en courant j'ai fait un cratre
@_ACecilia_ C'est clair que ce n'est jamais bon de tout garder en soi. a te fera du bien. Tu me tiendras au courant ;)
@_NaruNarusegawa Bonne chance avec Reti ;) *s'enfuit en courant*
@__Hutcher pas maso. Mais si quelqu'un veut bien me tenir au courant quand sa sera rvl ca serai top mdr
@_franquetmanon javoue moi c'est mon frre et ma sur qui me l'on dit sinon j'tais pas au courant
@_french_touch comme un lger courant d'air. Allez ok, je te permets de poster encore dix autres photos pour retenter ta chance
@_lolzi "et on sera au courant ou pas si le sang provient d'homosexuels" Lui deja on lui donne sida svp !!
@anaisthibaudot mais vous tes au courant que je vous dteste?  j'espre que vous avez profitez pour moi au moin
@ash_rpgcle2 C'est pas la premire fois que tu te casses Ash et que tu ne me tiens pas au courant.
@aurelien362 @anti_UMPFN @Pigli1 @phil_monteret s'il l'avait fait  l'AFP , la France entire aurait t au courant.
@basileRmv Meme pas mais mtn je suis au courant mais sache que le 27 jai une soire ta3 pck je suis tr0 connu et vas y 28/29 je suis la frer
@benjaminpitcho @dominiquepiau Hum. (Interjection de la fille trs au courant en matire de geekerie apple).
@bouss266 @MiraBouch19 Dsol pour ton frre;je n'etais pas au courant;toutes mes condolances Allah yarhamou
@ch_carriere @TeamChristouffe @CinespaceBvs J'espre qu'on sera tenu au courant
@charlottewats J'ai t immigrante dans 2 autres pays.Pensez vous que j'tais au courant des subtilits de leur politique ds la 1re anne
@christo491 ..n'oublie pas le complement calcium car lgerement dminralisant ..un yaourt en plus / j .tiens moi au courant ..
@clemroazhon @Maxtitou44 @Red_Campbell T'es au courant que le syndrome Gille de la Tourette se soigne ?
@clemroazhon @Red_Campbell t'es au courant que plus tu m'insulte plus je trouve a jouissif ? :)))
@crushdobrev grave aprs a va tre trop triste quand y'aura sa mre et zeke au courant j'espre qu'ils vont pas enlever ce moment
@darkjoyfulheart J'y travaille, j'essaie de vous prparer a correctement, elle sera disponible courant mai
@dedelajoie il est parti du ministre depuis 20 minutes. Certains ministres ne sont mme pas au courant et restent  l'Hotel de Ville.
@didined7 t'es pas au courant de l'histoire. Je le tweet parce que a concerne ma sur jumelle. Je pense que tu ferais pareil si cela -
@drugsofLouisxx D'accord et bien alors tu sera la premire au courant si je la poste
@dynamos_pizza Toi tu sors. En courant. Et en fermant la porte derrire toi pour nous laisser tranquille avec @yannsolle parler musique.
@eladlouni apparemment au ministre d'ducation ils ne sont pas au courant
@ema_fargette c'est pas bon les somnifres tu devrais t'en passer  hein c'est quoi la Blague? Je suis pas au courant
@erdf_prov_alp @BouetRic @BaltayanJ travaux remise  niveau relais radio du site de suzette c est en cours !
@ericstloup @libuska_c hallucinant, comment un RER plein ne peux pas dmonter ces branleurs, les franais ont donc vraiment perdu leurs Coui
@expelliarmousse j'lui aurais enlev son sweat et j'serais parti en courant
@florianmarlin Nan. Suis venu en courant le long de la mer ;-)
@haramest: Ma mre elle m'a envoy a mdr j'crois elle est pas au courant du nombre de bite que j'ai suc
@haramest: Ma mre elle m'a envoy a mdr j'crois elle est pas au courant du nombre de bite que j'ai suc  ??????
@idecrion @Skalpoooo1 Ca y est, tout le monde est au courant. Vous pouvez aller vous coucher et arrter de polluer nos TL maintenant ?
@itele: #Tunis Qui est derrire l'attaque du muse du #Bardo ? >   Fais genre t pas au courant
@j_uliment @Julie_Rgr Okok elle en premire et moi on me tient pas au courant ..
@jbbbck @Hantar84 @01net Ils n'taient pas au courant, sinon prochain coup ce sera PC sans faute ;p
@jlb1996 Notre programmation sera en ligne dans le courant de l'aprs-midi. Merci pour votre patience.
@jujufcn C'est les mdias, le buzz, la sensation, ils suivent juste le sens du courant pour vendre... Ca sera toujours comme a ..
@juliempka - niveau caractre et tout bah je laisse tomber et du coup j'ai plus qu'un crush mais lui aussi n'est pas au courant de mon-
@kath141014 Mais non, ma mre est au courant de tout, puis vaut mieux pas qu'elle le voit car elle l'engueulerai svre mdrrr
@klaine_lnhzl dtacher aussi, du coup mon ordi tombe comme un merde. ^^',Puis le courant va plus passer quand elle se sera barr aussi...
@la_raleuse_ @Mathilde1DJB oui je suis au courant j'espre que Philippe est prt
@lemondefr et on sera au courant ou pas si le sang provient d'homosexuels?
@lesechogaucho Pas qu'un peu D'ici 2017, cette propagande va remplir l'agenda mdiatique, sans gner PS / UMP pensant devoir courant aprs
@lorenzoitalia2 quand tu i sera tu me retient au courant ;)
@louiselfvr Monde voit a, la terre entire et mme les toiles d'o elles sont elle devraient tre au courant de la beaut de t'es mots.
@loutro1990 Infotrafic #RERE : [MAJ] Reprise du trafic entre St-Lazare et Chelles avec +20/30mn jusqu' 16h30
@lucie8R mais oui ne t'en fais pas, tu serais dj au courant sinon... Merci ma cherie
@manondrll j'me suis rendormi ap mon rveil du coup j'ai loup mon 1er bus et ap le bus est pass devant moi dc nan mdr
@manuelvalls des trains RER attaqus par des "jeunes".Manu continue sa campagne pour combattre la peste brune.On s'en souviendra dimanche
@mouyoumed_ J'ai jur ces vrai la dernire fois je l'ai crois avec une meuf dans le bus quand j'allais en cour !
@niptiia comme ca tu es au courant des dernires nouvelles ;)
@oliswax_rerc dans les faisceaux a compte comme deux trains de 750m je crois :-) @transportshaker @SNCF_infopresse
@om_marseillaise moi aussi mais jdois reprendre le bus et le train tout a ducoup a pue sa mre
@phonandroid A ouai donc en fait ils ne sont pas au courant que le telephone de base est deje super chre ^^
@ptit_pigeon @BoxRunandCo Je te tiendrai au courant ds que je la reois :)
@ratp78190 bonjour.  ce que je lis, il ne s'agit pas uniquement de lgers retards, mais de suppressions de trains et modif dessertes #RERB
@relyonthem cest parce que je les ai coupe du coup ils sont lgs et ils font de la merde haha! Mais je te tiens au courant si a refait
@saverstyles @styIeshade -problme mais j'espre que tu te rends compte que Perrie est au courant de tout et que si a lui convenait-
@sirinesb_: Vous tes au courant que Aurlie des marseillais met une perruque ?? #LMET   dj sa bouche j'peux pas
@soredilia merde tu me fait passer des informations pas sr? C'est pas grve je gre! Tiens moi alors au courant ds que ta l'info sr
@starbusmetro je peux donc rcuprer le metro en allant a sainte anne a pied ?
@vitalheavy Ta de la chance toi il coupe juste la co... moi que sa soit 1heure du mat ou pas il coupe le courant mon pere ':(
@waeztns jsp peu tre vers 13h jte tiens au courant par msg stv
@walkinblake Ins, est-ce que tu viens de sortir d'une dception amoureuse dont on ne serait pas au courant?
@xenias_twit @RERB panne matrielle  Bagneux. Trafic trs ralenti
A ce moment ma mre est venue en courant elle tait traumatise  mort ,et elle a appel l'embrassade de France pour qu'ils viennent
A l'encul qui coupe ses ongles  ct de moi dans le RER et qui en fout partout autour de lui. Que les enfers se dchanent sur toi btard.
A midi quand j'ai trac  pied avec Sofiane et qu'on est arriv l'arrt de tram, ya mon frre i ma vu. Ima lcher un regard...
ALORS ! On a choisit qui sera le mercredi et personne n'est au courant (a part nous) meme la personne choisit n'est pas au courant, c'est -
Accident TER contre camion sur passage niveau sur ex-N124  #IsleJourdain #Gers Pompiers sur zone, pas de draillement cc @Conducteur_RER
Accident de bus comme a
Accident de voyageur sur le RER E. On regagne la gare par la voie. Seuls. Merci @GroupeRATP #scandale
Acclrez, vous regarder est mon seul devoir citoyen de m'informer, de me tenir au courant de vos choses. #LNE
Agriculture bio : une aide complmentaire sera dbloque dans le courant de l't
Agriculture bio : une aide complmentaire sera dbloque dans le courant de l't  via @localtis
Alexis m' fais trop rire  courir aprs son bus
Allez hop hop poussez-vous la dedans!  - J'arrte de me plaindre tous les matins. #Trains #RER.
Apprendre  l'instant que je vais tre rembourse de prs de 300 de trop perus par EDF, a met la en joie pour la journe #Youpi
Aprs demain ma mre elle est convoqu au lyce mais elle est pas au courant, c'est mieux j'lui dit pas
Askip l'clipse vendredi c'est de 9h  11h, mais je commence  9h, donc  9h05 je serai encore dans le bus, ceci me tracasse un peu
Assise a coter d'un couple dans le RER un deuxime couple est venu s'assoir en face je ne tiens plus une chandelle mais DEUX dure dure
Attaque du #rerD  #Juvisy : #Valls tait-il au courant quand il tait en meeting  Evry ?  Cc @vpecresse @robinreda
Attaque du #rerD : qu'attend @jphuchon pour couter @vpecresse sur la scurit dans les transports ? #Juvisy
Attaque du RER D en gare de Juvisy sur Orge: les passagers violemment dpouills  #droit #oupas
Attaque du RER de #Juvisy,Encore un mauvais coup du rel qui s'en prend  la campagne humano-vivrensembliste de #Valls pour #Dpartementales
Attaque du RERD  Juvisy dimanche: le Premier ministre tait-il au courant quand il a tenu son meeting essonnien  Evry hier? #dissimulation
Attaque du RERD : peut tre que @jphuchon va t il enfin couter @vpecresse sur la scurit dans les transports?
Attendu vers la fin de l'anne, Windows 10 sera finalement disponible dans le courant de l't, a annonc...
Au lieu de te cacher au fond du train viens devant ma cabine on va voir si  est la mme #Jesuisfan #rerb
Au ralenti dans le @RERA_RATP , on s'amuse comme on peut. Cherchez l'erreur @happn
Aujourd'hui avec le rer E j'ai eu droit  tout  l'accident et colis suspect au retour j'ai cru mourir tellement j'en avais marre
Back in US en Juin. On fera le BBQ @blogecommerce en Septembre, nous vous tiendrons au courant. J'ai le march US  casser en deux avant.#OL
Bien sur mes parents ont t mis au courant parce que mon pre a t au conseil de classe, cette fin d'anne va tre gniale
Bon bah a y est mes deux meilleures amies sont au courant que j'tais ano l'anne dernire.
Bon bah du coup EMOI13 part avec 2 minutes de retard de Bures sur Yvette #RERB #LT
Bon je prend le bus de 15h j'espre je vais pas le louper
Bon le conducteur du train ZACO direction Melun c'est cmt?! Tu dors ou quoi? @RERD_SNCF
Bon.. pour ma promesse si le courant revenait....on ne va pa exagrer non plus hein..Ds fois on dit des choses sans les penser...
Bonjour. Ce matin Thierry vous tient informs de l'tat du trafic sur le #RERA. #RATP,
Bravo #PSG pour le traquenard organis contre ses supporters pour #OMPSG Fin de match bus a #Avignon et attente de 2h a 7h42 pour 1er train
C'est bien ralenti sur le #RERA ce soir. Le signal fait encore des siennes peut-tre ? #qml
C'est tout la ratp a ! Faire arriver un train terminus sur un quai ou il n'y a qu'une seule sortie d'ouverte !!!!! #RerA
C'est trop chiant je dois prendre le bus et venir une heure plus tt en cours bc j'en ai pas pour 11h et bien sur ma mre travaille ajd
Ca sera tjrs une question de feeling, quand le courant passe lissi dess yeup moy lolou d
Ce courant sectaire de l'islam comprendra t'il un jour que son ultra-violence se retournera contre lui ? Le plus vite sera le mieux.
Ce matin avec Nina ont a rater le bus C'tait trop drle on se regarde elle me dis on cours et la on explose de rire et on par a l'opposer
Ce matin j'tais vla dgoter d'avoir loup le bus psk j'tais pas  ct de Nomie
Ce matin mon frre il vient me voir en courant il me dit "Y AURA UN REINE DES NEIGE 2 !!!" Tellement il sait j'aime ce film
Ce soir va falloir que je cours pour chopper le dernier rer nsm
Cette nuit j'ai rev qu'on avait un accident de bus. Et la jsuis dans mon bus. J'vous avoue que a m'fait un peu peur
Ceux qui font des accidents a 6h et quelques sur l'A15 cest pas les mmes fdp qui font des malaises dans le RER ?
Cher Senelec, soit vous coupez le courant ou vous nous laissez avec...mais ces jeux de lumires ...on n'en veut pas !
Comme dhab je suis la dernire au courant
Comme pour les coutes de #Sarkozy, #Valls a appris par Le Monde, 48h aprs, l'attaque du #RER dans l'#Essonne. #Clown
Courage les amis ! Le trafic est ralenti sur la ligne #RERA de Cergy / Poissy vers Marne-la-Valle Chessy #BOF
Curieuse discrtion avec laquelle est trait le cas des attaques de RER de ce week-end en Seine et Marne.
Dans le train, une dpressive me parle que de la mort, c'est horrible. Les joies du RER  Paris.
Demain des profs font grve mais les lves ne sont pas au courant, c'est gnial j'espre que je ne devrais pas les surveiller
Demain je commence  9h30 mais comme j'ai pas de bus pour y aller  9h30, je vais en cours  8h30 ,Campagne de mer**
Depuis 7h50 : bus accident au niveau du TAG des boulevards vers la rue du Tondu. Boulevards bloqus sens S/N depuis le cours Marc Nouhaux.
Depuis la reprise j'ai louper trois fois mon bus j'espre que sa va s'arrter la
Des bandes de racailles attaquent le #RER.des mamies #FN se font cogner a coup de seau.,Mais le plus grave pour les #merdias: des tweets.
Des personnes sur les voies retardent les trains du #rerc... MAIS ECRASEZ LES! #qml
Des vans pour bebe? Non mais a part loin. Vous tes pas au courant que les premires chaussures c'est hyper importants?!
Deux nuits de suite que j'ai du courant depuis que je suis ici...Ils sont entrain de me dire au revoir de fort belle manire
Deux trains supprime en simultan a Juvisy, le prochain train qui arrive va tre prit d'assaut ... Ne cdons pas a la panique  #rerc
Dites @RERE_TRANSILIEN @SNCF on pourrait avoir des trains ? 1h sur le quai de Gagny dj....
Dj que je me suis vu avoir un accident mortel dans le bus today...
Donc je crois que mon train va arriver 5 min en retard, donc je vais louper mon rer et arriver en retard en cours
Du coup jsuis dj au bus alors que re devrais encore dormir
Du coup on fait un bus pour 3 lyces, aux secours mon frre est  ct de moi
Dviation  cause d'un incendie  la cit, RER A ralenti tah les oufs, c'est un bail  pas aller en cours a
Dvt moi ds le bus il y a des lycens en couple qui mate pour des sweats Disney "he/she's mine". G envie de leur dire d'arrter leur connerie
Elizounz c'est une petite cachotire , entre les midi elle a pris mon tel pour supprimer un message et j'tait mme pas au courant mdr
Elle courait en mode trop frache pour monter dans le bus, elle monte par la porte de derrire mais elle loupe la marche et bim
Elo elle ma fait croire taleur qu'elle avait eu un accident en bus et tout mdrrr quelle debile
En allant  l'cole j'vue ds guys du mme age qe moi courir derrire un bus pr pouvoir aller  l'coleJrealise l'chance qe j'ai.,Thx God
En faite j'ai pris le mme bus que mon frre mais je sais pas encore quel train je vais prendre
En parlant de Skittles...la dernire fois on tait on cinma et j'arrive en courant en disant  la caissire "DES SKITLLES SVP !!!".
En plus je vais galrer a changer de bus et tout juste pour aller prendre mon cour de math
En raison des conditions de la route, le rseau de bus roule au ralenti #XYZ J
En repartant au boulot en dbut d'aprem j'tais dans le bus e j'ai vu un accident. Enfin rien de grave mais a faisait bizarre.
En route vers #COP21:chaque semaine,un point sur lactu #climat #TransitionEnergetique via la revue du web GDF SUEZ
Encore une fois au courant en dernire. J'existe ? Allo! J'en ai marre putains
Ennnnnnfin c'est dit. Je me sens mieux, puis au moins ma mre est au courant.
Envie de rien dire  personne,personne sera au courant,toujours rpt.
Essonne: une bande attaque le RER D, une jeune femme agresse -  ce sont des potes  tobira qui ont fait le coup
Et j'ai remis ma carte sd dans mon truc pour couter de la musique, sinon je vais bien m'ennuyer dans le bus toute seule demain
Et je suis la dernire au courant !
EuhKFM qui fait gagner des bracelets crs par SISTAR France sauf qu'on est pas au courantJ'ai le droit de "pter un cble" ou non?
Faut je dl l'album des Red Velvet, faut je puisse couter Ice Cream Cake dans l'bus <33
Haaaaan @Seybia ! Le Major est au courant qu'il n est plus TON hro ??? ( a s'annonce mal pour Halo5 ... Il sera dprim ... )
Hello, je vais arriver en retard en cours aujourd'hui a cause du rer ... Mais motivons nous avec la #MusicOfTheDay
Heu ma mre elle est au courant que elle a aussi une maison et pas que un bureau ?? Youhou! Maman rentres a la maison !!
Heureusement que je prends ma voiture "@Direct_Matin: RER D : un train attaqu par une vingtaine d'individus "
IDF : Intervention spectaculaire de nuit de nos techniciens suite accident de la route  @erdf_idf_ouest #endirect
INFOS TRAFIC RER A J,En raison de travaux de maintenance sur les voies entre Sartrouville et Mantes-la-Jolie, la...
Il est 08:16 et le trafic est normal sur l'ensemble des lignes de RER
Il est 10:08 et le trafic est normal sur l'ensemble des lignes de RER
Il est 10:28 et le trafic est normal sur l'ensemble des lignes de RER
Il est 15:52 et le trafic est normal sur l'ensemble des lignes de RER
Il est 16:28 et le trafic est normal sur l'ensemble des lignes de RER
Il faut pas que je loupe le bus demain  13h, pcq sinon je serais de rester au lyce jusqu' 17h30..
Il n'y a que mon frre pour me voir louper le bus et me tirer la langue.. #jeledeteste
Ils ont toujours pas remis le courant et il me reste 10% c cho
Ils sont au courant au ministre de la sant qu'il va y avoir une gnration d'aveugles?
Ils sont pas gentils les passagers du #RERA sur le quai  attendre un hypothtique train?
Images en direct de l'vacuation des touristes courant vers les policiers en armes sur @BFMTV.Glaant.,#Tunis
Infotrafic #RERE : Trafic interrompu entre St-Lazare et Chelles (2 sens) jusqu' 16h(accident de personne),>
Infotrafic #RERE : [MAJ] Reprise du trafic entre St-Lazare et Chelles avec +20/30mn jusqu' 16h30,>
Infotrafic #RERE : [MAJ]Trafic interrompu entre St-Lazare et Chelles (2 sens) jusqu' 15h30 (accident de personne) >
Infotrafic #RERE Axes Paris Haussmann St Lazare - Chelles/Tournan : +10/15 min jusq.9h (panne train vers Magenta) >
Intervention spectaculaire de nuit de nos techniciens suite accident de la route. La scurit pour ERDF c'est 24h/24
J'ai beau faire du footing toutes les semaines, je suis toujours aussi essouffle lorsqu'il s'agit de courir pour avoir le RER !
J'ai le seum ptn j'ai couru et j'ai oubli mon charpe pour faire vite pour avoir le bus au final je l'ai loup et je caille ma mre
J'ai loup mon bus aujourd'hui, j'ai couru derrire comme une conne, il s'est barr et les mecs derrire se sont foutu de ma gueule..
J'ai loup mon bus du coup mon pere m'a amen il est 7h25 jsuis seul comme un con assis dans le hall du lyce.
J'ai pas envie d'aller manger chez ma grand mre ...,J'ai dj loup 2 bus par flemme de me prparer T.T
J'ai passe la journe avec mon couz, je me suis fait piger, jsuis encore dans le bus
J'ai plus de courant chez moi, pas de lumires, rien. C'est cool
J'ai t  Pantin mais comme ya eu un accident sur la ligne E jsuis reste labas 1h j'tais au bout de ma vie
J'annonce une clipse vendredi matin pour ceux qui ne serait pas encore au courant :)
J'cours dj pas derrire le bus alors je vais surment pas courire derrire une meuf mdrr
J'coute de la musique je relirais dans le bus
J'espre avoir mon bus de 16h00 pour prendre le train de 16h30
J'espre pas louper mon bus ce midi sinon je suis dans la merde....
J'espre qu'il n'y aura pas d'embouteillage parce que j'ai loup le premier bus.
J'espre que t'es au courant que demain ton agence bancaire n'existera plus. Si t'es encore  l'cole change de branche, les autres merlich.
J'espre que ta mre est au courant a ta place je n'aurais JAMAIS fais a ! Je huuuurrrrrrlllllleeeeee
J'espre que vous tes au courant que Suns of Anarchy revient en force ce soir  20h. Et que a se passera par ici : .
J'vais tre en retard en cours, j'ai rat mon RER hahahahahaha.
JE MONTRAIS A MA SOEUR COMMENT JAI CRIE PDT LE WWAT PARIS ET MON PERE IL EST ARRIVE EN COURANT GENRE "QUEST CE QUIL SPASSE?!" MEFBZPFMBCMQPF
Je cours dj pas derrire un bus,ces pas pour te courir aprs.
Je m'apprter tranquillement  allez dormir et la on m'met au courant de l'histoire, j'suis outr au maximum l
Je me rapplerai toujours quand j'tais chez Tam et qu'on parler des clowns et qu'au mme moment y'a eu une coupure de courant
Je me suis arrte en route pour faire des clins  un chat et j'ai mme pas loup mon RER <3
Je peux rien dire a ma mre 2 seconde aprs tout le monde est au courant
Je suis  6% et on coupe le courant... Je casse combien de plats sur le mur dans mes mouvements de colre ? ? ? ? ? ? ? ? ?
Je suis en train d'attendre me bus pour ler en cours or que Ju' dors bien dans mon lit
Je suis la seul a tre au courant si j'le dit a tout le monde le bahut sera ambiancer comme aujourd'hui j'ai un dilemme dur la
Je suis toujours la dernire au courant, ca me gonfle !!!!!!
Je te jure que toute la famille sera au courant et j'ai dis touuuuuute!
Je vais prendre un jour de cong pour me dplacer en #rerb merci bonne nuit dans le train
Je vous parraine chez @ingdirectfrance sur  : 150 prime bienvenue 1er ouverture compte courant
Jordan taleur dans le rer il a vu une meuf sa perruque elle s'est envol non pk Jsuis pas aller dans le mm train que lui :'(
Jraconte tt a mon gars  au moins si kkun lui parle de moi bh il seras deja au courant
Jsais pas si le monde est au courant qu'un jour on va mourir, on sera plus l et qu'on aura rien pu faire de ce qu'on voulait de notre vie
Jsuis jamais au courant des choses moi truc de fou toujours la dernire au courant
Julien faut pas qu il trompe Marion aprs son RT moi je serais parti en courant
Jviens dme reveiller et mon pre s'apprtait a ouvrir mon volet jl'ai suppli de ne pas le faire et il l'a ouvert et est parti en courant :(
L'odeur trs peu agrable du poisson me donne envie de partir en courant de chez moi. J'espre que mes voisins apprcient leur repas.
La #SNCF mise sur Eole (@RERE_SNCF) pour rinventer le #train de banlieue :,>  via @LesEchos #Mobilit #IDF
La #SNCF mise sur Eole pour rinventer le train de banlieue  via @LesEchos #RER #Paris #RATP
La chance ! Trafic fluide sur toute la ligne #RERE #OK
La dmo de FF15 sera disponible demain (le code) et le jeu sortira courant 2017 *-*
La meuf derrire moi dans le bus elle fixait mon portable, elle a vu que j'coutais Birdy elle tait choque
Le . Nouvelle expression dans mon langage courant.. J'adhre!
Le 25 avril, Who's The Man sera en concert au Music Village dans le cadre du Festival Courant d'Air....
Le RER E c une galre y'a un mec i c jeter mtn jvoi a villemonble sa ouvre les porte du train tous le monde marche juska la gare sr ls rails
Le Train du Chocolat pour les gourmands jusqu'au 22 mars dans les gares #Paris via @RERC_SNCF
Le bus il est en mode ralenti on est pas prs d'arrive a Orlans putain
Le bus qui fait un accident avec une voiture ! Putain de merde quoi ! Oblig de rentrer  pieds...
Le couple en plein bat sexuel dans un bus  Lige identifi: la femme aux seins nus marie, mre de famille
Le couple en plein bat sexuel dans un bus  Lige identifi: la femme aux seins nus marie, mre de famille et connue de la police - RTL In
Le couple film en plein bat sexuel dans un bus  Lige identifi: la femme seins nus sur les images est marie et mre de famillehttp://
Le courant passe pas du tout avec ma mre en ce moment
Le gars qui se coupe les ongles dans le @RERD_SNCF est revenu. Damned.
Le jour o je porterai du S toute la terre serait au courant parce que je le crirais mdrrr
Le prochain bus tait dans 30min du coup j'ai appel mon pre et le temps qu'il vienne, le bus tait juste derrire sa voiture -'
Le prof de math nous raconte tellement sa vie qu'on tait tous au courant dans la classe que aujourd'hui c'est l'anniversaire de sa mre..
Le prsident interroge le prvenu sur sa phrase "ils sont en train d'enjamber le grillage vers le site EDF" #ZyedEtBouna
Le tirage au sort pour les 1/4 de finale de la Champions League aura lieu vendredi vers 13h ! La page vous tient au courant !
Le trafic du RER E interrompu  cause dun suicide  Gagny
Le trafic du RER E interrompu  cause dun suicide  Gagny  via @le_Parisien
Le trafic du RER E interrompu  cause dun suicide  Gagny: Ce mercredi aprs-midi, le trafic du RER E a t i...
Le trafic reprend progressivement entre Haussmann Saint-Lazare et Chelles Gournay, avec des retards de 20  30 mins ! #RERE #BOF
Le tram c'est bien sauf quand il y a un accident et que il faut marcher 1h...
Le voil le train en panne et le train supprim qui me mettent en galre :) #RERD
Les couple qui s'embrassent dans le RER vous forcez, vous tes dans un game au dessus
Les couples en carton tout moche qui se galoche devant tout le monde dans le tram pendant 15min vous pouvez aller niquer votre mre
Les garements du regard en train #RERB
Les garements du regard en train #RERB srie complte visible  partir du lien:
Les gosses qui hurlent quand tu rentre des cour dans le RER, dj que cst blind, t'as envie de les claquer
Les infos #travaux en cours sur #RERC:-   -
Les voyous au pouvoir du #RERA terminus Sartrouville prochain train dans 5 ou 10 mn. Et en attendant t'a quoi sur les voies?
Lire un arrt de la Cour Europenne sur les prestations compensatoires  8h00 du mat dans le RER, a c'est de la motivation.
Ma cousine elle est au courant de l'embrouille elle m'a fait trop rire
Ma grand mre qui commence a me parler d'Antoine. Euuuuh toute la famille est au courant ou comment a se passe ?
Ma jeunesse a la couleur des trains , RER C dans l'train je rvais de percer
Ma mere est au courant de tout
Ma mre depuis qu'elle est au courant,  chaque fois que je fais quelque chose elle me balance a
Ma mre m'a appel tout  l'heure pour me raconter j'tais pas au courant omg #PrayForTunisia
Ma mre me donne jamais mon courrier, du coup j'tais pas trop au courant pour les lections dpartementales de ce week-end
Ma mre qui me dis que j'ai contrl demain alors que moi mme j'suis mme pas au courant
Ma mre qui me dit " arrte de faire ta vie , t'es au courant que ta cours demain "
Max y ma fait galrer  courir la pour pas louper le bus
Mdrr c'est mon pre qui est en retard  cause de lui j'ai louper mon bus mais j'me fait encore engueuler je comprend plus rien...
Mdrrrr tout Cassin est au courant de mon accident c'est n'imp
Meteo du #RER (#ratp) : OK () 18/03/2015 a 10:07 Trafic normal sur l'ensemble ...
Meteo du #RER (#ratp) : OK () 18/03/2015 a 15:57 Trafic normal sur l'ensemble ...
Moi j'arrive en courant je vois mon fils il marche normalus  et mon pre toujours excit : " Babi t'as vu ! Fallait le menacer !!! " [13]
Moi je pense que @Sa_dit_de a tout simplement fait tomb son cerveau en courant la dernire fois
Moi quand je suis dans le bus j'oublie de m'arrter du coup aprs je marche ..
Moi tellement jui tt le temps au courant la dernire, bah j'ai seulment appris en fvrier le truc de Charlie Mebdo la ou jpa quoi
Mon Tee-shirt a une signification en fait, je viens juste de le remarquer, mais je n'tais pas au courant quand je l'ai reu
Mon frere qui s'apprtait a regarder le match de la ligue des champions rek Courant couper !!! Life can be HARD sometimes Haha
Mon frre ce matin il a loup son bus et mme pas il prend le train pour aller en cours. D'accord, au calme quoi.
Mon pre il me fait " tu rvises tes maths ? " je sais pas si il est au courant que je suis en L
Mon pre tait au courant que j'allais redoubl, mais voir mon 7 de moyenne il tait pas prt le pauvre
Mtro Ligne 10 En raison d'une panne de matriel, le trafic est ralenti sur la ligne Trafic normal sur les autres lignes de Mtro.
Mtro Ligne 13 En raison d'une panne de matriel, le trafic est fortement ralenti sur l'ensemble de la ligne.
Mtro Ligne 13 En raison d'une panne de matriel, le trafic est fortement ralenti sur l'ensemble de la ligne. Trafic normal sur [1/2]
Mtro Ligne 13 En raison d'une panne de matriel, le trafic est ralenti sur l'ensemble de la ligne. Trafic normal sur les autre [1/2]
Mtro Ligne 4 En rpercussion d'un incident technique, le trafic est ralenti sur l'ensemble de la ligne.
Mtro Ligne 4 En rpercussion d'un incident technique, le trafic est ralenti sur l'ensemble de la ligne. Trafic normal sur les [1/2]
Mtro Ligne 9 En raison d'une panne de matriel, le trafic est fortement ralenti sur l'ensemble de la ligne. Trafic normal sur [1/2]
Mtro Ligne 9 En raison d'une panne de matriel, le trafic est ralenti sur l'ensemble de la ligne. Trafic normal sur les autres [1/2]
Non pas fuir le monde, mais l'esquiver, sur un simple coup de tte, 1 h, 1 jour, 1 semaine.. Pour enfin, res-pi-rer !
On a eut un accident de bus ce matin
On va au ralenti direction #sud #RERB @RERB une explication ?
On voit des images de la reconstitution, avec le moment o Stephane Pin rpond  Gaillemin qu'il va vers le site EDF, du coup #ZyedEtBouna
Oups ! Des retards de 10  20 mins sont  prvoir sur toute la ligne #RERC dans les deux sens, jusqu' 18h #BOF
Parce que pour t'accueillir  Paris, Y'a le RER de merde. Et encore plus vers minuit, youpi.
Parfois j'entend des " askip y a eu un disparu dans ta commune blablabla " mdr ah oue mme moi gt pas au courant frere
Pas d info, train en retard, appli ratp en panne...,@RERA_RATP @GroupeRATP pouvez vous respecter vos clients Merci ! #RERA
Pas de bol ! Trafic interrompu entre Chnay et Chelles dans les 2 sens jusqu' 16h sur la ligne #RERE #KO
Pourquoi je suis toujours la dernire au courant pour l'absence des profs ?!?!
Ptdr ma gm qui me fait "J'avais bus 3 bires et j'tais bourre" du coup j'tais choque et elle me dit "bois 3 bires et tu verras" mais...
Putain de transports de #rerA Tu me piques 100 par mois pour des trains supprims ou en retard ! #qml
Putain j'ai les nerfs j dois attendre 14 min le rer juste pour 1 arrt et mon train par  04 comme par hasard ajd le rer est pas tte les 5'
Putain j'tais pas au courant du retour de @MardyFish j'espre qu'il retrouvera son niveau d'antan. Force et respect  toi Fish
Quand il s'est approch de moi, j'avais envie de partir en courant. J'ai faillit sauter par dessus les barrires
Quand je marche  ct d'un bus j'ai l'impression de marcher au ralentit
Quand le bus est a l'heure c'est des connards de gens qui le font ralentir ptn
RER A En raison de divers incidents techniques  Cergy et Poissy, le trafic est ralenti en direction de Boissy-Saint-Lger - Ma [1/2]
RER A En raison de divers incidents techniques  Cergy et Poissy, le trafic est ralenti sur l'ensemble de la ligne. Trafic norma [1/2]
RER A et B trafic normal en ce moment des lgers retards sont  prvoir sur ensemble des lignes excellente journe  tous
RER A et RER B actuellement le trafic est normal je vous souhaite une bonne aprs midi
RER D : un train attaqu par une vingtaine d'individus
RER La Dfense-Paris, deux spcialistes : T'as vu les cours de Lafarge ? a craint !, Oui, mais ils ont distribu + 40 % de dividendes !
RER tellement "ralenti" qu'VIDEMMENT je vais finir par rater mon tram. Normal. NORMAL.
RMC : "Malgr une pression trs intense ces dernires heures, le Real Madrid a t mis au courant de la dcision de  Carlo "
RT @2bMonty: RMC : "Malgr une pression trs intense ces dernires heures, le Real Madrid a t mis au courant de la dcision de  Carlo "
RT @Adilooou: #RERC il se passe quoi????? Tout les trains de la ligne bloqu en pleine voie depuis 15 minute !
RT @AntoineG83: @Tatiabiatch Tu sais que quand j'aurais des poils a cause dse toi la terre entiere sera au courant
RT @AntoninPlatteau: @CiiindyyD Elle me fait trop rire, elle est au courant de tout
RT @AuzanneauEmilie: Pourquoi je suis toujours la dernire  tre au courant que j'ai un contrle pour le lendemain
RT @BAF28: @Alsy_Tmb ahh ben oui la vers la sorti en courant mme mdr
RT @B_Guiguet172: "Mais ex reviennes en courant, mani ma queue comme un relais"
RT @Baptiste_Gosse: Les couple qui s'embrassent dans le RER vous forcez, vous tes dans un game au dessus
RT @BieberHermine: Si vous n'tes pas au courant, #BieberRoast sera diffuser le 30 Mars sur ABC
RT @Bielou_Officiel: Massacre  Charlie Hebdo et  l'Hyper Casher, crash de hlicoptre et accident de bus au Brsil, Ouragan... on est qu'en mars les gars
RT @CIaudeFrancois: RE JE SUIS LA, DSOL DU RETARD J'AVAIS UNE PETITE COUPURE DE COURANT
RT @CassandreBeaugr: Il n'y a que mon frre pour me voir louper le bus et me tirer la langue.. #jeledeteste
RT @Ccile_Adams: c'tait trop la merde au tram y a eu un accident y a une daronne elle a perdue son gamin !!
RT @Chibromasseur_: tes vous au courant que les cimetires ne sont pas des lieux de shooting pr vos horribles photos de beaufs
RT @ChloMarichy: Demain je commence  9h30 mais comme j'ai pas de bus pour y aller  9h30, je vais en cours  8h30 ,Campagne de mer**
RT @Chloe_Simonet: Jsuis jamais au courant des choses moi truc de fou toujours la dernire au courant
RT @Colleen_Ink: Je suis en train d'attendre me bus pour ler en cours or que Ju' dors bien dans mon lit
RT @Conducteur_RER: @jegore69 Dgrader un train, c'est s'auto condamner puisqu'il va tre retir de la circulation, a cote de l'argent, ...
RT @Conducteur_RER: Le charme de la Gare du Nord va prendre un sacr coup. Dmontage imminent...
RT @DREWXCDXO: Toute ma TL parle de Zerrie pers est au courant de rien et que des dramas juste parce qu'il tien la main d'une meuf direct il a tromp
RT @Direct_Matin: RER D : un train attaqu par une vingtaine d'individus
RT @EMOI_21: "@ratp78190: @EMOI_21 suite  un train parti en retard en gare de La Place Maison des Examens @fratwoman" #RERB
RT @EMOI_21: Bon bah du coup EMOI13 part avec 2 minutes de retard de Bures sur Yvette #RERB #LT
RT @EMOI_21: Traffic Ralentit en sortie de Bourg La Reine #rerb #qml
RT @Ear_gasmique: Mon pre il me fait " tu rvises tes maths ? " je sais pas si il est au courant que je suis en L
RT @ElectreIsMore: Parce que pour t'accueillir  Paris, Y'a le RER de merde. Et encore plus vers minuit, youpi.
RT @ElianaMalik: Les gosses qui hurlent quand tu rentre des cour dans le RER, dj que cst blind, t'as envie de les claquer
RT @Elmajicoxxv6: @ValiBordel @Keviniinho il sera au courant ne t'inquite pas
RT @Elmajicoxxv6: @ValiBordel @Keviniinho moi je dit juste qu'il sera au courant  FIN
RT @Erik_Michel: Putain de transports de #rerA Tu me piques 100 par mois pour des trains supprims ou en retard ! #qml
RT @Fitbit_FR: @Arnaudnyme @maitre_riri on se renseigne, on vous tient au courant :)
RT @FrancoisTaloi: Comme pour les coutes de #Sarkozy, #Valls a appris par Le Monde, 48h aprs, l'attaque du #RER dans l'#Essonne. #Clown
RT @FrenchOnTheRoad: - et mme si l'anne prochaine je serais moins prsente, je compte vous tenir rgulirement au courant de mon anne aux USA si ca -
RT @Fuzey_: @la_raleuse_ @Mathilde1DJB oui je suis au courant j'espre que Philippe est prt
RT @GaultierE: Julien faut pas qu il trompe Marion aprs son RT moi je serais parti en courant
RT @Guillaume_Alv: Images en direct de l'vacuation des touristes courant vers les policiers en armes sur @BFMTV.Glaant.,#Tunis
RT @He__Rick: Un individu qui marche le long des voies sur le #RERA et hop!! Tous les trains vers Poissy disparaissent.. SNCF/RATP: magiciens!!
RT @ICP_69: Sur la D301 (BUS) => A46 (Paris/Marseille), accident PL au niveau de la sortie Vnissieux Centre  12h55. Bretelle de sortie ferme ! #ICP69
RT @JEANNOTKZ: Curieuse discrtion avec laquelle est trait le cas des attaques de RER de ce week-end en Seine et Marne.
RT @JPhilouze: @MelRay_78 @Mimy_78 @Faustine_Perrin tant donner qu'Emilie est ma meilleure amie dans 5min je serais au courant  #Incruste
RT @Jaunehomme: Vous tes au courant de la grosse carrote derrire les sites de ventes prives ?
RT @JeuneNation:  Razzia de criminels trangers contre un train : 20 pillards attaquent le RER...
RT @KassimCorsaire: Ca s'voit ls vineurs s'ils gagnent 1oscar Ca va lcher des "ya que ma mre ki croyai en moi" alors kelle ntait pas au courant des perruques
RT @Kevin_VPE: Coupure de courant dans ma rue j'ai ap vu la fin des TAB nique leur mere
RT @Kfriinedzl: Jordan taleur dans le rer il a vu une meuf sa perruque elle s'est envol non pk Jsuis pas aller dans le mm train que lui :'(
RT @Kittirath_: La vrit si j'vois les Jacks Matthew Sammy ou Nate. Tout ma classe sera au courant vu que j'vais crier et rouler pr terre
RT @KotySsym: "@SuzY_jEneLle: ce que Eneo vient de faire l (coupure de courant) je le redis #ToutCaVaChangerEn2035"
RT @LeParisien_93: Le trafic du RER E interrompu  cause dun suicide  Gagny
RT @Leliberalpragma: @AlainMarschall @popoche69008 @GG_RMC Rien sur le RER attaqu par la racaille ? Rien sur la vieille dame roue de coups par les gauchistes?
RT @Lio_38: Agressions du #RERD ou comment faire de la rcupration politique  3 jours d'lections... Le reste du temps, ils s'en moquent du RER D.
RT @Ludosson: Dimanche matin, 20 jeunes dtroussent les passagers d'un #RERD. L'information parvient lundi soir. Y a pas que les trains qui ont du retard.
RT @Lulisoap: Trafic perturbe personnes sur les voies entre Villeneuve et Choisy... #rerc #qml
RT @Lulisoap: Train debo au ralentit depuis BFM ??? Il y a un pb sur le #rerc ??? #qml
RT @Mandarine_BS: Suivez-nous galement sur Facebook pour tre au courant de nos dernires news !  #elearning #MOOC #microsoftPartner
RT @MappyCity: Courage les amis ! Le trafic est ralenti sur la ligne #RERA de Cergy / Poissy vers Marne-la-Valle Chessy #BOF
RT @MappyCity: Pas de bol ! Trafic interrompu entre Chnay et Chelles dans les 2 sens jusqu' 16h sur la ligne #RERE #KO
RT @MappyCity: Rappel les amis ! Le trafic est ralenti sur l'ensemble de la ligne #RERC jusqu' 19h ! #BOF
RT @MappyCity: Rappel les amis ! Le trafic est ralenti sur l'ensemble de la ligne #RERC jusqu' 19h30 ! #BOF
RT @MarieTheNight82: @RERC_SNCF non mais c'est quand mme insens que personne ne nous tiennent au courant... Plus de 20mn qu'on est coinc  Choisy... #qml
RT @Marjorie_3091: @SamFollooow @mikaroux1709 @DimitriGauthie5 je serai parti en courant
RT @MereDebordee: Apprendre  l'instant que je vais tre rembourse de prs de 300 de trop perus par EDF, a met la en joie pour la journe #Youpi
RT @MickiDacosta: @LucieBerbey  LAISSE TOMBER MA MRE MA GRAND Mre... TOUTE MA FAMILLE EST AU COURANT POUR DEMAIN pression de ouf.
RT @Milena_Rsnn: Je me suis arrte en route pour faire des clins  un chat et j'ai mme pas loup mon RER <3
RT @MlleZey: @YamyneK Ton pre sera mis au courant allons y seulement
RT @Mogo_tdg: Le . Nouvelle expression dans mon langage courant.. J'adhre!
RT @MonJournaliste: Le trafic du RER E interrompu  cause dun suicide  Gagny
RT @MsieurLeProf: Attentat en salle des profs : un lve vient d'y jeter un ptard avant de se barrer en courant. Jvais exercer mon droit de retrait.
RT @Nimphedel: Bravo #PSG pour le traquenard organis contre ses supporters pour #OMPSG Fin de match bus a #Avignon et attente de 2h a 7h42 pour 1er train
RT @NotreIDF2020: Attaque du #rerD  #Juvisy : #Valls tait-il au courant quand il tait en meeting  Evry ?  Cc @vpecresse @robinreda
RT @NotreIDF2020: Attaque du #rerD : qu'attend @jphuchon pour couter @vpecresse sur la scurit dans les transports ? #Juvisy
RT @PtitePoucette: ENCORE une attaque dans le #RERD. ENCORE  Juvisy. Avec un maire UMP... cherchez l'erreur. Bon, ce coup de krcher vous le passez quand??
RT @RERA_RATP: 08:46, le trafic est ralenti de Cergy/ Poissy vers Marne-la-Vallee Chessy (divers incidents) #RATP #RERA
RT @RERA_RATP: 09:28, le trafic est ralenti sur la ligne (divers incidents) #RATP #RERA
RT @RERA_RATP: Bonjour. Ce matin Thierry vous tient informs de l'tat du trafic sur le #RERA. #RATP,
RT @RERA_RATP: Retour  un trafic rgulier sur l'ensemble de la ligne #RERA #RATP. Incident termin.
RT @RERB: [BLOG] Myriam vous invite  monter  bord de son train et  dcouvrir son mtier :  #RERB
RT @RERC_SNCF: @LightScrew une personne sur les voies perturbe le trafic
RT @RERC_SNCF: @MarieTheNight82 je viens de voir: un malaise  bord de votre train. Dcidment...
RT @RERC_SNCF: Avis  tous les gourmands: N'oubliez pas, @TrainsExpo, le train du chocolat  #ParisAusterlitz, c'est aujourd'hui!!
RT @RERC_SNCF: Le #RERC lance ses flashs trafic, & a commence aujourd'hui!,Pour profiter de ce service:
RT @RERC_SNCF: Les infos #travaux en cours sur #RERC:-   -
RT @RERC_SNCF: Les infos #travaux en cours sur #RERC:-   -  pic...
RT @RERE_SNCF: @loutro1990 Infotrafic #RERE : [MAJ] Reprise du trafic entre St-Lazare et Chelles avec +20/30mn jusqu' 16h30
RT @RERE_SNCF: Infotrafic #RERE : Trafic interrompu entre St-Lazare et Chelles (2 sens) jusqu' 16h(accident de personne),>
RT @RERE_SNCF: Infotrafic #RERE : [MAJ] Reprise du trafic entre St-Lazare et Chelles avec +20/30mn jusqu' 16h30,>
RT @RERE_SNCF: Infotrafic #RERE Axes Paris Haussmann St Lazare - Chelles/Tournan : +10/15 min jusq.9h (panne train vers Magenta) >
RT @RER_B: @ratp78190 bonjour.  ce que je lis, il ne s'agit pas uniquement de lgers retards, mais de suppressions de trains et modif dessertes #RERB
RT @Rakrissss: @lemondefr et on sera au courant ou pas si le sang provient d'homosexuels?
RT @Rere_MSRT: Putain de merde... 30/46 au tirs pour Le Portel ..la dfense les gars.. Yavai tellement mieux  faire dans cette coupe. Dpit #Asvel
RT @Salim75009: Sa me fait trop rire quand les gens cour derrire un bus ou un train est au final ils les rates  mdrrr sauf  moi quand a m'arrive .
RT @SaraahGd: @lucie8R mais oui ne t'en fais pas, tu serais dj au courant sinon... Merci ma cherie
RT @SarahMrqDaNave: Ma mre depuis qu'elle est au courant,  chaque fois que je fais quelque chose elle me balance a
RT @SuzY_jEneLle: ce que Eneo vient de faire l (coupure de courant) je le redis #ToutCaVaChangerEn2035
RT @TVshows_freak: Accident de voyageur sur le RER E. On regagne la gare par la voie. Seuls. Merci @GroupeRATP #scandale
RT @ThxsDude: @Rose_Pace et Robin qui tissait des toiles en courant derrire Gabriel qui lui meme se prenait pour un Ninja, cetait vraiment beau
RT @WMyWay_Mobile: RER A En raison de divers incidents techniques  Cergy et Poissy, le trafic est ralenti en direction de Boissy-Saint-Lger - Ma [1/2]
RT @WMyWay_Mobile: RER A En raison de divers incidents techniques  Cergy et Poissy, le trafic est ralenti sur l'ensemble de la ligne. Trafic norma [1/2]
RT @Werdok: Accident TER contre camion sur passage niveau sur ex-N124  #IsleJourdain #Gers Pompiers sur zone, pas de draillement cc @Conducteur_RER
RT @XCoraliiex: @kath141014 Mais non, ma mre est au courant de tout, puis vaut mieux pas qu'elle le voit car elle l'engueulerai svre mdrrr
RT @YannHamitouche: A l'encul qui coupe ses ongles  ct de moi dans le RER et qui en fout partout autour de lui. Que les enfers se dchanent sur toi btard.
RT @ZRABx: C'est bien ralenti sur le #RERA ce soir. Le signal fait encore des siennes peut-tre ? #qml
RT @Zca93: Au lieu de te cacher au fond du train viens devant ma cabine on va voir si  est la mme #Jesuisfan #rerb
RT @_A_xelle: euh la mre qui critique sa fille sur son physique... Elle est au courant que c'est elle qui l'a conu#ConfessionsIntimes
RT @anatolium: "Je vous appelle parce qu'il y a nos petits frres, ils sont dans l'agence EDF, ils sont tombs, ils ont eu des coups de volts" #ZyedetBouna
RT @bibogedo: #TuEsEgyptienSi les coupure de courant devien un quotidien je dirait meme que sa serai tonnant que sa coupe pas un jour
RT @blondinetttte: Je me rapplerai toujours quand j'tais chez Tam et qu'on parler des clowns et qu'au mme moment y'a eu une coupure de courant
RT @claudia13310: #bzbalsace : les utilisateurs s'approprient les sujets. En 2 mns, la terre entire est au courant.@mathieugabard
RT @controlefacies: On voit des images de la reconstitution, avec le moment o Stephane Pin rpond  Gaillemin qu'il va vers le site EDF, du coup #ZyedEtBouna
RT @cyriltd: @TUForg La ligne @RERC_SNCF semble vouloir me faire louper un entretien d'embauche crucial. Excuses & ddommagements exigs !
RT @datscollabsnap: ALORS ! On a choisit qui sera le mercredi et personne n'est au courant (a part nous) meme la personne choisit n'est pas au courant, c'est -
RT @dumbseven: et je rve d'un courant d'air d'un espace clos avec vue sur la mer
RT @erdf_idf_ouest: Intervention spectaculaire de nuit de nos techniciens suite accident de la route. La scurit pour ERDF c'est 24h/24
RT @foxoo75: Le Train du Chocolat pour les gourmands jusqu'au 22 mars dans les gares #Paris via @RERC_SNCF
RT @galeRERAfr: #RERA Divers incidents techniques  Cergy et Poissy : trafic est ralenti en direction de l'est
RT @galeRERAfr: #RERC Ralenti : personne sur les voies vers Choisy le Roi
RT @gdfsuez: En route vers #COP21:chaque semaine,un point sur lactu #climat #TransitionEnergetique via la revue du web GDF SUEZ
RT @guyguy213: Kenza c'est le prnom des meuf qui cour driere le bus mais elle le rate apres elle marche
RT @haramest: Ma mre elle m'a envoy a mdr j'crois elle est pas au courant du nombre de bite que j'ai suc
RT @itsJeremyyy_: @om_marseillaise moi aussi mais jdois reprendre le bus et le train tout a ducoup a pue sa mre
RT @k_koroko: une fois y avait une fille avec un max de fond d'tain qui ait pass en courant, mon pre a dit: "oh, une orange presse" *applause*
RT @larryinfinity1: @drugsofLouisxx D'accord et bien alors tu sera la premire au courant si je la poste
RT @laurentmarc45: @EnDirectDuLabo c'est surtout pour avoir des contacts, tre au courant des dernires actus de certaines thmatiques, partager des infos!
RT @leabcde: J'ai le seum ptn j'ai couru et j'ai oubli mon charpe pour faire vite pour avoir le bus au final je l'ai loup et je caille ma mre
RT @levraihoroscxpe: Dans un film d'horreur, le #Scorpion serait celui qui sortirait en courant par la porte d'entre plutt que de monter les escaliers.
RT @ljpftfelton: les serviettes hyginiques always elles sont grave chiantes, tu les ouvres a fait tlmnt dbruit qu'la terre entire est au courant quoi
RT @maebeautymac: @ChloeAlonso ha bon ? je n'tais pas au courant ^^ Mais c'est sr on s'en fera un :D
RT @manureynaud: l avocat de RFF, "la gare de la Mogre peut fonctionner sans tram pour la relier" #montpellier : donc une gare inutile sans trains ni trams
RT @marckstaff: Razzia de criminels trangers contre un train : 20 pillards attaquent le RER D  Juvisy
RT @marinecrlr: @While_daring: J'coute de la musique je relirais dans le bus marine avicii
RT @mthrfckrcamy: "On sera au courant si le sang proviens d'homosexuel?" fils de pute je prfre le garder que de sauv la vie d'homophobe.
RT @nessananas: "Si Zerrie c'est fini elle vont faire comment les LM pour percer" vous tes au courant qu'elles taient connu bien avant zerrie j'espre?
RT @oceanequagliott: @KneAnna ah bon ? C'est bien parce que avec toi je suis jamais au courant de tous les mecs que je gre
RT @othmannasrou: @GeoffroyDidier rappelons du coup que les responsables de l'agression RER  Grigny ont t relaxs... #laxisme
RT @petrovasm: @walkinblake Ins, est-ce que tu viens de sortir d'une dception amoureuse dont on ne serait pas au courant?
RT @ratp78190: RER A et B trafic normal en ce moment des lgers retards sont  prvoir sur ensemble des lignes excellente journe  tous
RT @reedookie: Jsais pas si le monde est au courant qu'un jour on va mourir, on sera plus l et qu'on aura rien pu faire de ce qu'on voulait de notre vie
RT @s_assbague: Le prsident interroge le prvenu sur sa phrase "ils sont en train d'enjamber le grillage vers le site EDF" #ZyedEtBouna
RT @salim95360: Nan mais moi mtnt jfait des feinte o bus se batard je cour mais apres jle prend pas jle ferai juska ya egalit
RT @sarahqgn_: Elo elle ma fait croire taleur qu'elle avait eu un accident en bus et tout mdrrr quelle debile
RT @spoum42: Des personnes sur les voies retardent les trains du #rerc... MAIS ECRASEZ LES! #qml
RT @tblosseville: Agriculture bio : une aide complmentaire sera dbloque dans le courant de l't
RT @tobias_rpgdiv: - Papa, a te drange si [X] passe  la maison vendredi aprs les cours ? -T'es au courant que j'ai le port d'armes? JPP de mon pre.
RT @tota_bensetti_7: @AllKevAdamsCrew j'espre !  Tiens nous au courant !
RT @viano93:  chres clientes et clients si vous tes pas au courant voici le dtail @CGT_TAXIS @marstaxi @lainlain75 @nabilakoff
RT @voiceofpayno: en fait la meuf qui tait avec zayn hier c'tait moi voil mais svp dites rien ma mre elle est pas au courant ://
RT @vpecresse: Attaque du RERD  Juvisy dimanche: le Premier ministre tait-il au courant quand il a tenu son meeting essonnien  Evry hier? #dissimulation
RT @waldobrev: @crushdobrev grave aprs a va tre trop triste quand y'aura sa mre et zeke au courant j'espre qu'ils vont pas enlever ce moment
RT @zazarussello57: @PerezSarah20 @bovem_ J'SUIS TJS LA DERNIRE AU COURANT !
Ralentissement sur le #rerA. Rien sur l'app #RATP ni sur l'app #Transilien ni sur @RERA_RATP
Rappel ! Le trafic est ralenti sur l'ensemble de la ligne #RERC jusqu' 19h ! #BOF
Rappel les amis ! Le trafic est ralenti sur l'ensemble de la ligne #RERC jusqu' 19h ! #BOF
Rappel les amis ! Le trafic est ralenti sur l'ensemble de la ligne #RERC jusqu' 19h30 ! #BOF
Rappel les amis ! Trafic interrompu entre Chnay et Chelles dans les 2 sens jusqu' 16h sur la ligne #RERE #KO
Rater le reveil, rater son bus, rater son RER du coup ... Chiant mais logique.,Croiser malgr a les mmes sur le quai ... SUPER CHELOUUUUUU
Razzia de criminels trangers contre un train : 20 pillards attaquent le RER D  Juvisy
Razzia de criminels trangers contre un train : 20 pillards attaquent le RER...
Re :0000 j'avais une putain de coupure de courant :0
Rer H c'est quoi ce train du futur ???
Retour  un trafic rgulier sur l'ensemble de la ligne #RERA #RATP. Incident termin.
Rumeurs qu'on serait vendus: on est pas encore au courant de notre ct. #Gesca
Si je cours  la gare de massy pal il as moyen que je rate pas le rer b mais je vais avoir la flemme
Si le bus qui doit te rcuprer et passer et je pourrai pas te dposer et au final il a crois le bus sur la route du retour et a klaxonner
Si y a bien un truc qui me soul c'est d'tre tenue au courant en dernire.
Signal dalarme tir en gare dans le train devant nous. Notre conducteur : le signal a t rarm a devrait pas durer <3 #rerc
Sur la D301 (BUS) => A46 (Paris/Marseille), accident PL au niveau de la sortie Vnissieux Centre  12h55. Bretelle de sortie ferme ! #ICP69
Sur le petit pont, mon pre: "il s'est pris un courant d'air il est mort pour la fin du match"
Sympa la madame de 60 ans qui pleure toutes les larmes de son corps dans le RER. *AMBIANCE !!!*
T'as beau tre fraiche si t'as rien dans la tte, tu vaux rien. Ce serait comme parler a un courant d'air. Pas trs utile..
Tjs je suis la dernire conne au courant
Tout est bien qui finit bien ! Trafic rtabli sur la ligne #RERE #OK
Tout le monde sera au courant et va la saouler avec.
Toutes les daronnes et les grands mres turques c'est le twitter du bled elles sont au courant de tout ce qui se passe en France et au bled
Traffic Ralentit en sortie de Bourg La Reine #rerb #qml
Trafic perturbe personnes sur les voies entre Villeneuve et Choisy... #rerc #qml
Trafic ralenti en raison de personnes sur les voies entre choisy le roi et Villeneuve le roi. #rerC
Train attendu 15mn sera finalement terminus Sartrouville. Un vent de haine traverse les wagons #RERA
Train debo au ralentit depuis BFM ??? Il y a un pb sur le #rerc ??? #qml
Un accident majeur sur l'A-15 entrane des retards significatifs sur la ligne 9. Les autobus empruntent la 13 ou la 117.
Un gars il courait derrire le bus, il s'est arrt mais une fois qu'il a vu qu'il y'avait des contrleurs, il faisait genre un footing
Un individu qui marche le long des voies sur le #RERA et hop!! Tous les trains vers Poissy disparaissent.. SNCF/RATP: magiciens!!
Une fille me manque mais, elle ne sera jamais au courant.
Vous tes au courant de la grosse carrote derrire les sites de ventes prives ?
Vu sur le quai du @rer_a  #Auber vers l'est un homme ivre en train d'uriner sur la porte du train #toutfoutlecamp 0_0
Wah mon frre il a une audi depuis 2 semaines je suis au courant que maintenant !
Y a des confrres burundais sur twitwi j'tais pas au courant
Y a un daron dans mon rer il coute Paparazzi de Lady Gaga  fond il est a 2 ranges de moi et j'entends le son sortir de ses couteurs.
Ya des meufs dans l'bus elles ont une chaine,faut l'envoyer  10pers en 10sec sinon elles iront en enfer. elles l'on loupe elles flippent
Ya une meuf elle se lve elle cest pris une barre dans le bus, ptdrr du coup on a tous pter une barre mskn
Youssef hier y'a mis un d'c coud de pression au chauffeur de bus il sera plus jamais en retard c sur
azy nique le systme on dfonce le train looooool RT @Conducteur_RER: Pourquoi tant de haine?
bref, sinon pour ceux qui sont pas au courant je ferai des concours pour win des kits sur Mjkits.,@MisterBidul
c'tait trop la merde au tram y a eu un accident y a une daronne elle a perdue son gamin !!
ce n'est pas la premire fois que Zayn trompe Perrie, aprs c'est malheureux pour elle mais bon, je pense qu'elle est au courant de tout
ce que Eneo vient de faire l (coupure de courant) je le redis #ToutCaVaChangerEn2035
dernire mise au courant. courage quand mme.
des fois g des doutes... ma mre elle est peut tre pas encore au courant que j'habite sous le mm toit qu'elle
en fait la meuf qui tait avec zayn hier c'tait moi voil mais svp dites rien ma mre elle est pas au courant ://
et je rve d'un courant d'air d'un espace clos avec vue sur la mer
euh la mre qui critique sa fille sur son physique... Elle est au courant que c'est elle qui l'a conu#ConfessionsIntimes
il faut creuser pour voir les ractions des confrres.Le SAF a ragi aussitt mais qui est au courant de l'affaire?On est TOUS concerns.2/2
j'espre que setano wone tl "@Ameenah_Yonce: Couraaaaant couper neu je REPETE COURANT COUPER NEU"
j'espre y'a des gens de ma classe qui sont pas au courant que la prof et pas l demain matin
jsuis pas encore partie bc du coup ma mre va quand mme m'emmener et on n'a pas besoin de prendre le bus ouf
jui chez mon pre du coup je prend le bus de 06:45
l avocat de RFF, "la gare de la Mogre peut fonctionner sans tram pour la relier" #montpellier : donc une gare inutile sans trains ni trams
le 27 mars dans le metro l 8 entre porte de charenton et porte doree le trafic sera pertube en raison de meche et de tissage sur la vois
le bus qu'on allait prendre avec Andrix a fait un accident ..
ma mre est pas au courant pour mes vertbres donc normalement je pourrai aller au cheval demain
ma mre est toujours pas au courant pour mon exclusion elle me sort "je suis sre qu'ils t'ont pas sanctionn au conseil de classe" mh
mais ya juste mon bulletin qui va tous niquer en plus elle est pas encore au courant mais mon pere il va clairement me tuer
mon snap le plus drle demain a sera mm pas Baudry en cours, a sera  l'arrt "a attend le bus"
normalement j'vais voir insurgent au courant d'la semaine avec ma mre, la et p-e jeanne
on va tre dans la ville d'Islande o le Soleil sera le plus clips (99.6%) alors qu'on tait mme pas au courant de la dite clipse :D
rentrer  19h alors que mon cours se finit  17h tout a  cause du rer
rne-la-Valle. Trafic normal sur les autres lignes de RER. [2/2]
tain sa commence bien je loupe mon rveil et je loupe mes deux bus pouah je sens bien la journe galre
videmment j'ai loup mon RER parce que j'ai d aller tirer de l'argent.
vous critiquez les frquentations de zayn maintenant? ah vous tes sa mre????? faut me l'dire chui pas au courant moi
