"@LauraZiehi: On baise ta go tes mm pas au courant frre cs a l'secret professionnel." Lol
"@LeParisien_95: Garges-Sarcelles : le trafic du RER D interrompu " @Laetkync
"@RERA_RATP: 09:02, le trafic est ralenti de Vincennes vers Cergy/ Poissy /St-Germain (malaise voyageur) #RATP #RERA" @clemsat  demain.
"@RERA_RATP: 15:22, le trafic est interrompu entre Auber et Nation. (colis suspect) #RATP #RERA" @clemsat voilaaaaa pour aujourd'hui.
"@RERA_RATP: 15:44, le trafic est ralenti sur la ligne (colis suspect) #RATP #RERA" c'est cadeau. Bonus. @clemsat
"@le_Parisien: Garges-Sarcelles : le trafic du RER D a repris " @Djenny_A
"Ce train sera direct de Crteil  Paris gdl. Prochain arrt : maison alfort alfortville" #qml @RERD_SNCF
"Je vous rappelle que ce train est un train FACA, il sera omnibus de vsg  Paris GdL". Oui donc c'est plus vrmt un FACA... #qml #rerd
"On rcolte ce que l'on sme" en 2011 j'ai perdu 10euros dans l'bus cst qd je les rcupre?
#Actualit Garges-Sarcelles : le trafic du RER D interrompu: Les usagers du RER D prennent leur mal en patien...
#ESA #Algrie Accident de bus  Laghouat : Le chauffeur aurait conduit sous l'emprise de la drogue Selon les...
#Education des jeunes: La boite aux lettres c'est le truc qui sert  Basic Fit  te tenir au courant de leurs dernires promos. #LT
#Filipetti: "#Valls reprsente un courant #historique de la #gauche" #VisionnaireNot #PS #compol #comdecrise #ouch
#PKP tente de nous faire avaler des couleuvres en disant que si Quebecor achetait les #Nordiques il ne serait pas au courant!! #polqc #fm985
#QML le trafic est interrompu entre Auber et Nation. Retour  la normale  16:00. (colis suspect) #RATP #RERA
#RERA: Trafic ralenti sur le #RERA axes #Cergy/#Poissy avec des retards de 10mins environ, en raison de divers incidents jusqu' 20h00
#RERC #BOF: le trafic reprend progressivement entre les gares de Montigny Beauchamp et Pontoise.
#RERD #KO: l'axe Paris Nord - Orry la Ville est trs perturb. Les trains sont dpart / arrive Goussainville
#RERD : Interruption trafic au Nord suite  la dcouverte d'un corps  hauteur de Garges. Police sur place, enqute en cours.
#RERD : Trafic maintenant trs perturb car descente de voyageurs dans les voies...
#RERD heureusement qu'il y a les rseaux sociaux car aucune info de la part du conducteur de train !,Bloque 10mn par gare
#RajouteGayDansUnNomDeGroupe Les gens ils mettent tous "One Direction" oh mais les gars on est au courant bc on est les 1re  le dire mdrr
#RerD "le corps sans vie d'une personne a t retrouv aux abords des voies" circulations bloques partie Nord #qml
#Teasing Esprit Tivoli reoit Emmanuel @Miraglia120610, dans le Dca-Lait, du mois de novembre. Numro qui paratra dans le courant du mois.
#UBIFRANCE Arabie saoudite : Le site de production gazire de Wasit devrait entrer en activit courant 2015
#WeAreReadyForKingsOfSuburbiaTour Ma mre est dj au courant! #NoChoice
#lesgens sur les voies sont des cons RT @RERD_SNCF: Infotrafic #RERD Trafic perturb jusqu 14h
#qml corps  garges sur le #RERD.
#rerd annonce au micro "le dpart de votre train est prvu... Quand il sera prt" bah oui il devait partir il y a deux minutes dj
#sijecroiseunclownje jlui casse la gueule svre ! Non mdr j'me casse en courant !
#trafic #perturb #ligned #rerd corps retrouv sur voie. @BFMTV @DelayLatour
#travaux #ligneD en cours  Melun. Zone  traiter importante, les paillettes mtal dues  l usure gnre des retards
**** INFOS TRAFIC **** Dviation de la ligne 3, rue Montcalm le samedi 1er novembre
*reviens en courant vers @Darkness_RPG* Bouge ton cul on a un invit pas loin!
- Donc demain matin je dois me lever tt pour aller prendre le bus, pour ensuite rcuprer les livres de ma soeur puis rentrer en bus -____-
-fataliste bref. Et j'ai dit au beau pre de mon bff "bah je mens pas vu que je suis pas au courant" et il me dit "bah [nom de mon bff]-
09:02, le trafic est ralenti de Vincennes vers Cergy/ Poissy /St-Germain-en-L. (malaise voyageur) #RATP #RERA
10:40, le trafic est ralenti sur la ligne (malaise voyageur) #RATP #RERA
15:19, le trafic est interrompu entre Auber et Nation (colis suspect) #RATP #RERA
15:22, le trafic est interrompu entre Auber et Nation. Retour  la normale  16:00. (colis suspect) #RATP #RERA
15:36, le trafic est ralenti sur la ligne. Retour  la normale  16:00. (colis suspect) #RATP #RERA
15:44, le trafic est ralenti sur la ligne (colis suspect) #RATP #RERA
1er bus en retard qui m'fait louper le 2me, le 2 eme arrive en retard et me fait louper mo n rer. Du coup je dois l'attendre 30min,Putain !
20h47 @RERD_SNCF: petite 'caille coute rap FR  donf  "Rintintin  Rintintin, La vie d'ma mre  La vie d'ma mre!" NICE SONG BRO
3 rivires est plonge dans le noir pas de courant bravo
30cachets avals sans que personne le sache et que la seule personne au courant n'en ai rien eu a foutre, et il m'y refait penser ntr ptn
5irmilli yiba3basma"@quareem: @sans_url ou la peau du tartour?? il aura surement des gosses courant derrire lui w iba3bsou fih  la limite"
95% des catholiques franais pensent que le Pape canonis ne serait toujours pas redescendu, les 5% restants ne seraient pas au courant.
@1DirectionJDF Coucou :) est ce que ce serais possible que des tu as des news sur la dedicasse des boys tu me tienne au courant STP :$
@5sosgirl_3 serait con qu'il se ralise pas juste parce que les gens taient pas au courant :/
@Achraf270 je serais la poto tien moi au courant
@Aestetype Nice ;). On espre amener nos oeuvres dans le Midi en 2015, on vous tient au courant !!!
@AichaaSylla @Princessafricaa Ben oui, a serait super de vous revoir ;),Tenez-moi au courant si vous voulez !
@AlexisFIFIM Ouais tqt mais je crois que je retourne chez ma mre taleur donc gros bordel je te tiens au courant taleur
@Amel_lamri @Raphaa_19 merci merci, j'vais faire mon one Man show, tu seras la premire au courant tqt
@Amelie_Officiel @montenayo @Amelie_Officiel @montenayo super flicitation  et je prfre giulian c'est moins courant
@Amelithyste ce serait bizarre. Je crois que je me barre en courant si a arrive
@AnaisLauraManon ok moi je serais en dbut d'aprem si j'ai internet car pas de courant depuis ce matin et donc la je bousill mon credit
@Andrea_nevs oh la putain dta race t au courant que tu tweet tt les soirs sur une serie qui verront jms t tweet wsh reveille toi ptn
@Annalligator mon pre je m'en fous il dit oui tt le temps mais pour ma mre a gre, tiens moi au courant de tes avances pr ce soir
@ArianaRPGLW *rit* pour le moment. Je prfre. Mais tu seras la premire au courant si jamais.
@Ariane_Gz mdr, tqt tu serais la dernire au courant
@Audrey_Piton oh merde..T'aurai inverse la tendance si tu l'avais fais, il serai partis en courant!
@Benji_lpdla si tu as l'intention de faire un lpdla3 tiens nous au courant. ca serait plus simple
@CRAzYON382 viens en train pour 18h pis selon ou on en sera t'iras en tram  Gerland ou alors on viendra te prendre
@CailinRPGITR2 -te pousse doucement et se relve, part en courant-
@CaptainTote quand tu te rveilles wow j'tais pas trop cense rver de cette personne. Personne est au courant tout va bien.
@Carbone_75_ ohh c'est trop bien, j'aimerai trop y aller, tu pourras me tenir au courant quand tu seras rentrer?si c'tait bien ou quoi ?:)
@CarineReignault @JulienOG sur ma ligne on retrouve des corps maintenant. C'est la nouvelle annonce made in #sncf #rer
@CarolineFel je suis au courant, je suis prsentement entrain de dcder de joie!
@CarterRPGTW essaye de te diriger vers le but en courant avec la cross et la balle et moi j'essaye de t'empcher
@CeliaatTiffanys Taxi au pire... fin aprs j'te dis je prends 2/3 fois par jour RER/train/mtro et jamais eu de souci...
@Chequillaa j'serais partis en courant
@CineBorat T'es quand mme au courant que la nouvelle srie rgulire est en cours de parution dans Iron Man depuis son numro 1 ?
@ClaraKnox Ooh mais non, faut pas, a ferait bien longtemps que tu serais au courant si a n'allait pas <3
@Clarisse_LEM mdrrr attend tes pas au courant de la dernire !!!
@ClayRPGLSD Comme a tout le monde sera au courant. *grand sourire*
@Conducteur_RER Et tu le dis maintenant que j'ai pris un train ? ^^
@Conducteur_RER Mais o sont les repos et les jours de rcuprations dont parlent @LesEchos ? ;-)
@Conducteur_RER petite annonce  l'instant : "reprise du trafic est estim  11h"
@Cross_Over_U Non une meuf qui se fait violer dans le RER et personne ragit . Et les couples je m"en bat les couilles
@CyrilHanouna : Baba, t'as eu le temps d'enquter pour les mineurs? Tiens nous au courant!!
@DOUDOUrital @SarahFinot @CelineEnzo @lavak_stickers @Julia_FTNRJ12 je vais arriver plutot vers 14h50 mais j'te tiens au courant
@DZombie Clair que ce serait trop cool que tu puisses te librer. Tu me tiens au courant !
@DamidotValerie Est-ce que vous tiez au courant que vos interventions seraient coups au montages?
@DelphineLavoine @Audrey_GR je vous tiens au courant demain matin, c'est demain matin qu'on sera..
@DiegoRPGSN * sort de ta chambre en courant bc est malade er va vomir *
@DiezSquad @Amir75017 nan ahh oue t pas au courant jme suis fait pter dans le16 sur un d'inter ils ont des photo de moi depuis un mois
@Edeable je crois que je suis la dernire au courant
@EnzoRPGUONH -explose de rire aussi et la meuf se barre limite en courant mskn-
@Exuuum ahhh j'prefere bouger en bus train mtro que en twingo frr tu vend une maison que ta construit puis tu la vend a 500000 et g ma RR
@FEELSBCLUKE @onedirection OUAI MON PERE SUPPORTE L'OL JE PEUX TE DIRE QU'IL EST AU COURANT DE BEAUCOUP DE CHOSES MDRRRRRRR
@Fabrice33100 @J_Chicknrun moi jai couru mon 1er sans faire exprs en courant sur une rando de 42km en avril  en 6h20
@Flawlessdz En courant comme dans alerte a malibu.. Tu te sera evanoui avant d'arriver jusqu'a moi par manque de souffle mdrrrr
@Foousdelabreu carrment de toute manire je suis jamais au courant de rien moi mdr
@FreaksNGeex ils veulent propager encore cette merde avec une campagne de vaccin en dcembre, faut mettre au courant les frres et soeurs
@FrenchStylators pousse , de temps  autres, me tenir au courant de la vie de ces 5 jeunots, et que ds que je le fais, c'est toujours vers
@Fuuukano c'est assez ironique qu'une coupure de courant te fasse pter une durite xD
@GuillaumeS25 @OM_Officiel Lorsque ce sera fix a sera publi sur le site de la LFP et sur . Courant sem pro je pense
@Halyne_As Coucou ma belle ;) Oui tracasse pas, je te dirais, tu seras la premire au courant ! Oui tout va bien & toi ? Bonne journe
@Harry_Styles y'a eu une coupure de courant dans tout mon quartier, mais a a t remis plus tt que prvu
@Hazzarement Je suis au courant de la prvente Livenation, je m'y suis "inscrite" mais dans l'hypothse o je ne reois pas le mail, -
@Hazzarement OMGG J'ESPRE AUSSI! J'AI TOUJOURS TON NUMRO ON SE TIENDRA AU COURANT
@HedwigeLewis ah a je suis pas au courant. Je suis sre qu'ajd elle va sortir une vido sur son harclement vu ses tweets
@HillmanMarc Ah ah ! a c'est un mot peu courant que mon pre utilisait souvent.
@Hogo_df Mais bien sur ta que de la gueule hier ta vue son frre t'es partis en courant donc parle pas pour rien va sucer la bite a ton pote
@Honohotaru Oui mais linker du Presse Citron dans ma TL est passible de torture  base de Kev Adams et de 1D. J'espre que t'es au courant.
@JackFlaag lool vasy jte tien au courant vers 14hr par la si je peu
@JaneRPGWIU *arrive en courant derrire toi*
@Jessfanlinder t'inquite pas tu seras la premire au courant
@JeuneAthena @ULYSSEimmortal,Pas vraiment d'accord pour le coup: un RER, une voix trs "racaille", main  peine visible qui pourrait tre >
@JohnDuboisRP cela se justifie par le fait qu'il est au courant que quelqu'un a dcouvert son secret. Dtourne vivement le regard vers la -
@JulienNoyrez @AlineCamus Hallelujah ! Trafic rtabli sur toute la ligne #RERA #OK
@JulienNoyrez @AlineCamus Tenez bon ! Le trafic est toujours perturb du ct du #RERA #KO. Reprise du service rgulier  11h30
@Klaus_nd Je suis au courant mais en ce moment on en entend parler dans ce contexte donc c'est la premire chose qui me vient  l'esprit
@KratosOfOlympus // *te bouscule, en courant vers le champ de fraises, une dague dans la poche de son jean*
@LaMaetteE @Renner4Real et mettre jeremy au courant, attend je l'appelle, a mais oui j'ai plus mon tel,c 'est Robert qu'il la!! Tu l'as toi?
@LaRobeEtLeFouet mais mme aprs un courant d'air, une bonne pte  brioche repoussera. a sera pareil pour la thse ;)
@LadyxCherry yep par contre faut que pr 18h jai repris un train pcq j'aurais plus de bus pr rentrer alors mdr
@Laetitia_Lbck j'y serai la tqt passe ton num comme sa je te tiens au courant  quelle heure j'y serai
@Lauradprsam @Laura2Faria qui a dit qu'ils seraient au courant !  *sourire malicieux*
@LaurentCREPET Bonsoir, non il passera par Les Saules jusqu' Massy Palaiseau afin de pallier  la suppresion de trains MONA. @RERC_SNCF
@LeMessie merci pour ton aide mais je crois que je vais attendre une MAJ d'Os X et de ton outil a sera plus simple. Tiens moi au courant.
@LeParisien_95: Garges-Sarcelles : le trafic du RER D interrompu  ce matin j'tait dans ce train en plus
@LePoint @arminarefi Je ne dis rien sur le fond. Ms sur la forme "crotte d'oiseau" est 1insulte singulire. C'est courant aux US de dire a?
@LeaLguignon Moi je serais pas plus patriote juste en escaladant, rampant, courant
@LooxyLove Ou alors on est pas au courant parce que les gens se cachent... Mais j'suis sre y en a !
@Ludisback on verra. Je te tiens au courant si son frre dbarque et qu'il est son exact oppos, c'est  dire gentil, serviable et jovial !
@MICHELPOLNAREFF tu me tiendra au courant quand ta compagne sera sur twitter :)
@MagalieM Oui je vais bien, beaux projets en cours... et toi...? tu peux t'abonner  ma page comme a tu seras au courant de mes expos etc!
@MattRPGCS *te refait un clin et pars en courant*
@Maxime2g j'ai arrter de regarder depuis trs trs longtemps juse je me tiens au courant qd mme
@MaximeHaes @MonsieurDream Sms de l'intress (ou de la personne qui gre son portable pendant la PGW) et la PGW qui n'est pas au courant
@Meeea La franchise avait besoin d'tre sauve ?!? Premire nouvelle, comme pour Robocop je suis le dernier au courant...
@Meihda @ChelxieEC Chelxie est partit tous courant vers le magasin la x)
@MelineWurth ta du la supporter et tt rien que d'tre  ct d'elle en courant sa m'aurais soler sa mdrr
@Mic_Gregoire Effectivement, bon moyen de se tenir au courant! Haaa, cette tweetosphre!
@MickaelTbvi ouais bien sr, mais c'est soit 1 (logo+bannire) ou de la pub mais a dpend de ta notorit. Tiens moi au courant
@Mickaeldosantos en colre ? choque surtout... pour la plupart nous n'tions pas au courant de l'animosit de votre collgue envers Leila !
@MilaStxessel Je vous en pris tenez moi au courant si vous avez des nouvelles, j'en ferais de mme
@Milyrase @OyannOfficiel Merci Hsite pas  en parler autour de toi Son 1er album sort courant 2015 D'autres titres>
@Mini_Juriste et oui bientot moi ! normalement je ferai une scene en janvier je vous tiens au courant prochainement
@Mnaa_ je suis au courant se que tu prouves sur mon personnage prfrer mdrrrrrr
@Moatezrml Mais je sais pas ce qui font c'est un groupe qui va derrire un bus toujours avant d'aller en cours je pense qu'ils fulent
@MoonsSoldiers Faudra voir avec ce que mon pre planifie, a dpends de si il nous amne dans le Sud:) J'te tiens au courant!
@MrBboy45 Un stream de dernire minute, c'tait pas prvu du coup y a beaucoup de monde qui n'est pas au courant que le match est stream
@Napolelyon @JeuneAthena Le BI considre les lections comme un "moyen" c'est bien ce que je disais
@Nitneuq_ @DathElliot @JZStoessel @bly_marie ah a gre les bails j'tais pas au courant
@Noa_TMR_rpg Je brlerait mes calories en courant.
@PandaRoo_ ah :/ tiens moi au courant.. Cest le mieux d'y tre vers quel heure ?
@QuentinleBussy @Hugues Il y a un courant assez bien reprsent chez les Verts fr qui rglamme la dgressivit des allocs  + de 2 enfants
@RERA_RATP @jphuchon - Les professionnels qui voyagent sur le RER A vont finir par monter un projet industriel et vous donner des cours.
@RERA_RATP @jphuchon - retards au dpart de saint germain en heure creuse mais les trains arrivent de Paris. RATP mauvais, remdes en vue ??
@RERA_RATP @transilien_sncf Les trains ne rsistent ni au chaud, ni au froid, ni au changement d'heure... WTF SERIEUX !
@RERA_RATP c'est quoi ce bordel ce matin ? Trafic ralenti sur l'axe Chessy Paris. Pas d'annonce :(
@RERA_RATP ca commence bien ... Pourriez vous utiliser a Chessy les panneaux de quai indiquant les departs de train. L c'est la loterie !
@RERA_RATP du coup aucun trains ne fonctionnent entre les differentes mission et Auber par exemple?
@RERA_RATP fort ralentissement sur la ligne vers Cergy Poissy St G enL
@RERA_RATP train terminus La Defense... Pourquoi ne pas aller au bout de la ligne? #RentreAvecTesPieds
@RERA_RATP: 15:19, le trafic est interrompu entre Auber et Nation (colis suspect) #RATP #RERA. NIQUEZ VOS MRES PTN FILS DE PUTE
@RERC_SNCF Mme avec 1 train sur 3 mme avec les congs mme avec les travaux et bien tous les matins il y a des soucis. #rerc #qml
@RERC_SNCF Oh naaaaan... Merci pour le droutage mais il y a un mouvement social en cours  St Laz en ce moment.
@RERC_SNCF STOP ! Train de 8h28 de Bretigny direct Juvisy. ARRETER LA CLIM ! Bordel sa allait bien avant
@RERC_SNCF donc aucun train de boulainvillier a bnf ?
@RERC_SNCF vous avez une estimation du prochain train  pte Clichy ? On m'indique 25 minutes, a fait mal.
@RERD_SNCF @danieldelattre je ne comprend pas comment toute la ligne est paralyse depuis 9h je suis bloqu dans le train
@RERD_SNCF @frelon2005 toutes les personnes du train terminus vsg ne sont pas sur leur smartphone  scruter twitter...
@RERD_SNCF @iss_yan donc le trafic est interrompu sur TOUTE la ligne
@RERD_SNCF @serge_ul tu peux lui imprimer ca ;)  #BonCourage
@RERD_SNCF DICA indiqu  7h26 parti  7h23 de montgeron. Merci de nous faire rater le train #rerd #ApprendreALireLHeure
@RERD_SNCF Lors de gros problmes comme ce matin, pourquoi vs ne coupez pas l'interconnexion pour fluidifier au moins le sud de la ligne ?
@RERD_SNCF alors pourquoi nous voyons trains pass ?
@RERD_SNCF c'est horrible d'tre bloqu pendant 1h dans le train !!
@RERD_SNCF du coup on fait quoi nous? Vous virez les cretins des voies parce qu'on bouge plus nous... Et on a job, comme vous ;)
@RERD_SNCF ils ont une actualit les trains ? Moi je vois toujours la mme merde pourtant.
@RERD_SNCF invits  descendre  vsg. Ok. Train suivant: arrt en gare de maisons alfort. 0 info. 0 annonce. C'est pas comme a les gars.
@RERD_SNCF j'tais dans un train en direction de Goussainville Il y a des bandes de signalisation au sol mais des usagers peuvent glisss...
@RERD_SNCF je suis dans un train  l'arrt  St-Denis pour rejoindre Pierrefitte (tant parti de Cergy  8h, pas loin de mon but donc;)
@RERD_SNCF les trains au dpt... Salet de correcteur...
@RERD_SNCF on est pas prt de repartir si c'est un accident de personne
@RERD_SNCF on peut ventuellement avoir des infos sur l'heure  laquelle on va enfin pouvoir avoir un train ?
@RERD_SNCF oui mais vous pourriez remettre les trains site des vous de garage pour les faire repartir vers le sud et fluidifier le trafic
@RERD_SNCF toujours des problme, toujours. Curieux de voir les stars de trains presents ou a l'heure en heure de pointe.
@RERD_SNCF train DICA de 7h2? pas sur fiches horaires et part de montgeron 3 min avant l'heure indique sur le quai #rerd #incapables
@RERD_SNCF vous savez y en a qui travaillent, qui vont en cours contrairement  vous. Faites avancer ces putain de trains!
@RERE_SNCF merci :-) heureusement j'ai pu prendre celui d'avant car pas de train pendant 1/2h = retard au travail..
@RER_BETAIL Bjr, je n'ai pas encore l'info pour cette date, mais je vs tiendrai au courant ds que j'en saurai plus. Bonne journe
@Ratouzik banon c'est courant (et puis c'est vrai que ca me ferait peur aussi :( )
@Remi_M5 Tu le fais dans un grand bus, et tu rcupres chaque abonn au passage
@RomainDorr m'en parle pas grce  la @RERA_RATP j'ai appris a dtester le train #gestionCalamiteuse #deficiteDeCom #toujoursPlusCher
@RywAlexandra je te retiens au courant pour quand je serai motiv
@SFR_SAV ok merci je reviens vers vous pour . vous tenir au courant
@Sabrinoouche Je me suis barr en courant derrire Stevy tellement j'avais honte ptn!!! Ptdrrrrrr va t'faire
@SarahAnaelle mdrrrr moi mon frre m'a rveiller en gueulant et en courant dans la barraque !
@SaturaptMLJ Dsol je peux pas tenir tout le monde au courant ^^ Mais de toute faon a sera pas de si tot :/
@SonyXperiaFR malheureusement, rien n'est prcis :(Peut-tre que @sonyxperia sera + au courant ?#h265 #x265 #HEVC,#Android #Sony #Xperia
@StephArdouin Aprs tout, tu es Xeres Malfoy, ce n'est pas comme si je ne comptais pas me tenir au courant de l'avance de tes fics :-D
@SweetDimension nan mais laisse ce matin le RER D nous a fait le coup de "nous devons stationner pour une dure indtermine"
@SylvainTronchet @FBleu1071 @Korben et nous on peut poursuivre la RATP pour les RER toujours ralentis et leurs couloirs de mtro puant ?
@TaLic_ @RankUP_EU la premire fois que j'en ai rencontr un dans un salon, j'ai cri "papaaaa" en courant sur lui...V'la le regard des gen.
@TahisRPGBTD On court.-il se dirigea en courant vers la foret.-
@TheLucasStory @MaevaAgo heureusement sinon il serait partit en courant je pense
@TheRRRamos @EniX_PraGz zeeeeeeeeeeb ptdr je comptais arriver vers 10h xD jte tiendrai au courant mais sa ouvre a 9h non ?
@TimotheeJamin Bonjour, nous sommes en train d'uploader les dernires captures son sur notre site, tout devrait tre en ligne d'ici demain !
@TransportsSwiss le trafic reprend progressivement depuis 15h35. #RERA #qml
@TriciaGms mddddddddddddddde essaye juste et qu je reviendrais jvai s pas arrter de sonner chez toi et partir en courant
@Truvirage: Parfois les meilleures choses de la vie arrivent par accident. @jujustineriou toi et le bus, une belle rencontre hahaha pardon
@Virginiement J'vais regarder les prix des trains/bus entre les diffrentes villes l, et a sera bonne franquette avec auberges de jeunesse
@Vnessaness @Trinaofficiel une partie s'occupe dja d'elle et dmain kan tte la team sera au courant elle sera qu'on touche pas a Leila
@WiZy_Girl QUOI? TU VAS TE FAIRE OPRER ET JE SUIS PAS AU COURANT???
@Zerhariel @XetraSherpa @Ondeejeune @Capet_Ier Sans aucune excuse. Et c'est courant ce genre de shitstorm. Va pas me dire qu'elle a -
@_MessedUpKid Ahah j'espre pas pour toi, oui tu me tiendras au courant :)
@_SwoHan @nicolas63290 je prends rer/train+ mtro et a le fait
@_TheoClausse @zoemathers_ j'espre mdrr je vous tiens au courant tqt
@_jipeji sans doute, je suis pas forcment au courant de l'volution du prix du grec en France dans les dix dernires annes x)
@_thetimelady Elle m'a dit 17h30. Je parie plus sur 18h. Et j'ai eu le temps de me tromper de train sur le RER E.
@adeneguez ouiiiii mais n'en parle pas  ta mre pcq ma famille n'est pas au courant c'est une surprise
@alainlorenzelli a je me doute bien pers' n'est parfait tt le petit monde politique & le beau paris taient au courant pour DSK et pourtant
@alongtin @HostGator tiens moi au courant quand il sera de retour. Bonne chance :-)
@amv_ac Ah, ces trains qui partent avant l'heure ! #SNCF @RERC_SNCF
@amv_ac viens voir du ct du rer b un coup, c'est pas la mme tisane :D
@babemoups je te tien au courant tt depend de ton bo frere ;)
@benparihs De toute manire, il faut laisser tomber... Dans une vie, on volue, je ne sais pas si les gens sont au courant.
@bibi13lps pb de personnes sur les voies. traffic interrompu indefiniment. j'ai du prendre une autre ligne. j'ai eu 1h de retard @RERD_SNCF
@biebstuc aw margot merci et j'espre aussi! on se tiendra au courant
@calumpow je te tiendrai la premire en courant Tkt ;)
@chml_laura @Cryoxif mais il me manque un cours la sur les rer le tout premier, faudra m'envoyer Laura
@cl19re06 @FreroDelavega bonjour rien n'est encore dcid. Nous vous tenons au courant !
@cla_dlh Oui, je tiendrais au courant, a serait cool qu'on se revoit :)
@cliffabulance Non a ne se perdra pas ! Je saurai ce soir si J'ai reu l'enveloppe, je te tiendrai au courant :)
@daphnepentarde *rit* Parfait comme a Tom n'est pas au courant, oh j'ai failli oublier on doit crer notre portoloin *sourit*
@dapickboy @yllwngg @Badalssim @PhilippeGargov je n'tais pas courant pour la suze gargoviste, je remplace par Picon-Bire
@dianarpgams Hm.. demain je peux te tenir au courant pour ta mre.
@dicapieber bon la c'est sur je pars en courant et j'rigolerai moins surtout. Ils font chier eux aussi, on peut mme plus fter Halloween
@drewbiebah_ bah c'est des jeunes qui ont un accident pas loin d'une place ou y a des bus abandonns et on retrouve des vidos de leur-
@dylanobrpgal Demande le lui. Elle serait ravie. {ouais, moi qui croyais que le courant passait entre nous.}
@ed_eden Ah mais ma mere etait au courant tkt ;)
@emilienlebreton ^^ jespere que je serais au courant si a arrive !
@emips34 @luna7575 je l'espre le courant  l'air de super bien pass entre eux
@erenrtn @BuyukCan4 moi je l'aurai balay et je serai partir en courant :/
@espaceanais oui ont va organis ca dans toutes la france tu sera tenu au courant
@fandactualite Ah Tourette, c'est moche. Mais c'est courant chez les fachos. Le cerveau est dj pas norme au dpart et il se dgnre vite
@freeman59 @selimaklil je suis un peu en galre pour configurer la bte. Et truc tout con, j'ai eu une panne de courant j'ai du formater.
@freshdazzle Et s'il te croisait en vrai, il se barrerait en courant. a fait le malin derrire l'ordi mais a n'en est que plus pathtique.
@iDukon premire nouvelle j'tais pas au courant
@infos140:RER D Trafic interrompu entre et Villiers-le-Bel aprs la dcouverte d'un corps des voies  Sarcelles." Cc GINA ???? @_Die_Ente
@itwazharry TES SRX T'TAIS PAS AU COURANT BA OUI LES PLACES ELLES SONT MISES EN VENTE LE 1ER NOVEMBRE
@janosboobs on se fera une aprs-midi un de ces jours si tu veux, tiens-moi au courant quand t'es libre !
@jeanpaultarte gnial ! on en parle du petit frre qui part en courant ? #instinctdesurvie
@jojol67 ok je ferai de mon mieux pour y tre et tiens moi au courant si la place t'intresse.
@justinsfool aw a serait bien j'espre qu'on aura l'occasion  si je descend dans le sud je te tiens au courant
@lasserusse Surtout que je crois qu'il fait bcp de veille Twitter pour se tenir au courant des dernires infos Turf & Saillie.
@le_Parisien @Conducteur_RER un corps retrouver prs des vois vers Gonesse
@lebrings mainenant qu t au courant, jesper que tu changera les choses pour tou c gens. Apres le concert ca ser top au studio 77 calais
@lenablgr ouais bah t'aurai t la tu te serai enfuit en courant
@letsbeflawless connat pas :( mais en fait mon bahut est vraiment a la frontire entre vitry et Ivry du coup je prend le bus jusqu' vitry
@libe je doute fort que les principaux intresss soient inquits.ce sera comme toujours les lampistes.Sarko n'est pas au courant je doute
@lila2nutella @cschretiens Apparemment tu nes ps au courant la direction pr la prire c'est la pierre noire - Kaaba
@lilibel ah ouais, je lavais pas vu sous cet angle :( Ici, train, RER E pour 5 minutes et hop, dans lEurostar.
@lunnaflo @juliette_gmail @A_RhZ w bah mon frre si tu fais les anges tu vas tre spars pdt 3 mois je sais pas si t'es au courant lol
@madodjavadi Oui... Mais mdrrrrr j'ai mme pas vu ! Heureusement... Sinon j'me serais barre en courant
@magvo @TUForg si tous les #RERA devaient s'arrter  #Houilles il faudrait supprimer des trains de la grille horaire ca passerait pas.#qml
@maniema7 Aaah mddr! Dis toi je suis tombe en courant gros de ma chambre pour chercher ma mre. Une vraie fragile
@mava_amicel C'est mieux comme a ,Ok je serai au courant vu que j'ai qu que fois un oeil sur ton FB
@mava_amicel Haha la connasse. Je serai au courant
@mehdi_fiore Le Samsung Galaxy Note Edge sera disponible dans notre assortiment dans le courant du mois de dcembre.^SC
@melinaquere oui j'espre tu me tiens au courant si tu trouves
@melkus936 Tiens moi au courant. Si t'as besoin d'arguments je peux peut-tre t'aider. J'ai eu des problmes du genre avec mon pre aussi.
@motivete le 21 dcembre on se tient au courant se combien on a perdu du 1er novembre au 21 decembre a fera 7semaines :)
@nashrpgpah -rit legerement- Crois moi tu serais au courant -souris-
@ninisArtworks tu peux retirer l'identification sur FB stp. Ma mre est pas au courant
@o_superhomem serieux jvais la gerer la blonde du tabac le courant passe bien entre nous
@poseyOklm_ @Apach_EU non mais @DecertoFrance sera la pour tenir au courant du score
@rainbow_family_ oui, mais par contre si ma mre est au courant ou me voit.. je veux meme pas imaginer en fait mddr
@rohff viens faire un concert  la de mon quartier frre c'est en juin ou juillet chez plus tqt je te tiens au courant frre
@samsarapaille ah, il y a une erreur de cpte : ici c'est pour l'actualit du RERD (des trains !!). Pour vs autres besoins, c'est ailleurs.
@sans_url ou la peau du tartour?? il aura surement des gosses courant derrire lui w iba3bsou fih  la limite
@sarahevr @recup95 @Maeva_lb44 bah ouais  les rsultats sera  22h surment et s'il parle qd mme du repas au dbut, tu me tiens au courant
@soon a, je suis en courant. La conseillre de la banque postale me l'avait dit, qui aura des frais  dduire.
@starktonyss dac, bah on se tiens au courant, moi j'habite a ct donc je tranerai dans les parages tot je pense x)
@t3ntateur @ange_900 Okey Pas De Problme Frer ! Tien Nou Au Courant Pour Tout
@tmhftstyIes une annonce sera faite dans 3jours :) on vous tiendra au courant !
@tu_vas_rire AHHHHHH Oh putain sa fai flipper !!!! Yen a 2 en plus moi jcherche pas a appeler kk jpart en courant !!!!
@tvgosilva @badknowIes ta mre ptn g eu une coupure de courant pendant 1h gt dans l'noir
@tylerRPGWIU *attend les rires dans les haut parleurs et viens en courant vers toi* c'est quoi ca?
@valentine_1D_ j'espre tellement... tiens moi au courant !
@varigotti J'espre vraiment q les gens regardent cette mission c'est juste du dlire, tre au courant et ne pas bouger ? Je comprends pas
@viinsky360 je suis du ct de la vieille ville la tu vois ou s'est ? Sa serait cool que tu me tienne au courant
@vivi_mackovcin @hfisselier @obiwanseb promis Ceci dit si tu me suis tu seras vite au courant :)
@wafa_yacoubi Non pas du tout parce que s'il y avait quelques choses tous le monde serait au courant.
@weedofshelley mais la ils vont avoir un accident avec le mini bus..
@wow_cheonsa Ah dgueu je vais vomir T-T J'aurais hurl et serais partie en courant xD
@xalbertoo30 a sera trop tard :/ mais je serai encore en ville, ventuellement je te tiens au courant o je suis et on se voit :)
@zera_im mdr chu meme pas au courant carement
@ziamockery je te demandais ca pour savoir si t'tait au courant que Zayn avait tjr un Nokia de merde comme tlphone mdrrrr j'ai remis le-
A contre courant jpense qu'Aymeric fera pas les anges il hsite srement aprs tt c normal!Et lhistoire de guest Leila pass a la trappe?mdr
A force de martyrise mon Ptit frre a chaque fois que j'dis "ooh" il part en courant Ahah il a 1an :p
Accident de bus  Laghouat : Le chauffeur aurait conduit sous lemprise de la drogue  #Algrie
Accident de bus  Laghouat : Le chauffeur tait sous leffet de stupfiants
Accident de bus  Laghouat : Le chauffeur tait sous leffet de stupfiants: Le procureur de la Rpublique du ...
Accident de bus de Laghouat : 10 ans de prison pour le chauffeur !
Accident de bus de Laghouat : 10 ans de prison pour le chauffeur - Kabylie News
Aidez moi  comprendre svp : comment un mini bus de 15 places peut faire l'accident il y a 25 rescaps ? Le Cameroun nous a dja dpass
Alerte ! Trafic perturb sur la ligne #RERD au niveau de l'axe Orry la Ville-Corbeil Essonnes-Malesherbes / Goussainville-Melun #KO
Alors la seule fois o je tombe de mon skate : il y a un bus entier qui me voit et je cause presque un accident !!!
Annabelle Kemeny, administratrice. Sans Annabelle, on ne serait au courant de rien ! Elle assure un bon relais...
Annonce en direct du conducteur du VUPE "en raison de la dcouverte d'un cadavre en gare de... le train est retenu  quai" @RERD_SNCF
Apparement je viens de pousser un cri suspect bc mon frre viens de rentrer dans ma chambre en courant mdrrr thanks @Real_Liam_Payne
Aprs le boucher du village et la caissire du Shopi c'est le facteur qu'est au courant que j'ai arrter le tennis quoi
Askip y'a un clown ds ma ville LOL m'approcher pas j'ai pas envie de pleurer ma mre en courant merci.
Attendez Attendez "POUCE" vous etes au courant que Vitality quipe PRO qui train dans une GH galre contre une quipe amateur ?
Attention ! Le trafic est ralenti sur l'axe Cergy-Poissy avec des retards de 10 mins jusqu' 20h #RERA #BOF
Attention ! Trafic perturb sur l'ensemble de la ligne #RERD #KO. Retour  la normale  14h
Attention ! Trains supprims au niveau de la ligne #RERD #KO
Attention le freinage peut tre puissant. Caution: trains may break hard (dans le RER).
Attention trafic perturb sur RERD en raison d'une panne de signalisation et d'actes de malveillance. Retour  la normale prevue pr 21h
Attention: le trafic est interrompu dans les 2 sens entre les gares de Montigny Beauchamp et Pontoise #RERC #KO
Au cas ou certains ne seraient pas au courant #LRT
Aujourd'hui, j'tais dans le sorte de RER anglais, 2 personnes de 17-18 ans environ entre dedans, et ils commencent a laver le train.
Aux usagers du #rerD : il s'agissait d'un corps retrouv le long des voies. Ca explique les problmes du jour @RERD_SNCF #sncf #qml
Avant une premire diffusion du documentaire sur les ondes de @gatinenews courant novembre  #Avozgaucha
Avec sa photo, tellement j'ai rigoler mon pre il est arriver en courant  cause de mon rire chelou la
BON LES GARS FAUT QUE Y AIT UNE COUPURE DE COURANT CHEZ LES BELIE BER OKAY MTV EMA | Vote -  #EMABiggestFans1D
Bh oui la juste pour celle la tkt tu seras au courant un jour ou l'autre bb!
Bon douche , train , RER , mtro
Bon jvous explique ce matin ils ont trouv un corps sur vers les rails a villiers y'avait plus de 30mins de retard sur toute la ligne D
Bon sa mre est pas encore au courant mais s'pas grave
Bonjour @Aeliis ! Ce n'est pas prvu pour l'instant mais n'hsitez pas  nous re-contacter courant dcembre :)
Bonjour je me dplace demain pour une semaine et ou je vais il n'y a pas de courant,donc je serai dconnecter pendant longtemps
Brsil: 10 morts dans un accident d'autobus scolaire  via @lp_lapresse
C'EST BON Y'A DU COURANT, A S'EST REMIS PLUS TT QUE PRVU ZJFLZLDNAJHSDM
C'est de passage hein quand va arriver la nuit que je serais seule j'vais flipper j'vais rentrer en courant chez ma mre a sera vite rgl
C'est pas je cours plus le bus, je rentre dedans, elle arrive derrire, y ferme la porte, y part (sans elle)
Ca roule au ralenti sur le #RERC de juvisy  Paris... Maiq ca roule. On va pas trop leur en demander
Ce qui est chiant avec mon portable c'est que quand je reois un message, mme le voisins il est au courant ! #ComprendraQuiPourra
Ce serait bien d'tre au courant avant la prochaine fois. Pour rappel nous sommes le 29 octobre...
Ces coupures de courant vont vraiment me faire pter une durite... j'en ai pas pendant 5 jours, et bim ds que je live y'en a une.
Concrtement jsuis toujours la dernire au courant dans la famille
Conseiller de Vente Cosmtique Anglais Courant H/F #Paris #commercial #marketing #recrutement #emploi #job
Conseiller de Vente Cosmtique Anglais Courant H/F #Paris #vente #cosmtique #recrutement #emploi #job
Coucou @RERC_SNCF un train terminus Les Grsillons, un moyen de rentrer chez soi ce soir ?
Coucou @itsnoemiecohen, le trafic est normal sur l'ensemble de la ligne #RERE #OK
Courage les amis ! #KO sur la ligne #RERD : trains immobiliss en atelier de maintenance
DANS 15MIN ILS VENDENT LES PLACES POUR L'AVANT PREMIRE DE HG JETAIS MME PAS AU COURANT LA VIE C QUOI CA
DICA encore supprim... a fait 2j/3 pour cette semaine... @RERD_SNCF C'est quoi votre pb avc ce train ? #qml #rerd
DOUNIA CETTE PUTE ELLE MA EMBARQU MON CHARGEUR ET DU COUP ELLE LA LAISS DERRIRE LARRET DE BUS AH LA SALOPE MDRRR
Dcouverte d'un corp prs de Sarcelles donc plus de train... #Bonjour #Galre #ligneD
De base qui sera au courant que je me marie meme ? A part les quelques shab qui y seront convi, personne
De toute manire i va me voir en vrai il va partir en courant msk
Demain dans le rer j'couterai Billy Talent  fond et rien  foutre des autres, a sera que bnfique pour eux <3
Demain je me lve  7h, je fais environ 1h10 de bus, j'attends 4h seule en ville.. Tout a pour rcuprer des lastiques chez l'ortho..
Demain mon pre il part en Guadeloupe j'ai mm pas t mise au courant
Des barres mon pre fait zehma "jetais pas au courant pour ce soir t'y va pas" j'ai dbloquer et la ma mre fait "si il y va" whaaaaat ?
Dj, retard de 10 minutes du RER D.,Ensuite, j'ai pris un train direct Paris nord - Charle de Gaulle
Donc ce matin, la "dcouverte d'un corps dans le nord" bloque mon train. #RERD l'art de la com #tropoupasassez...
Donc toute faon ma mre elle est au courant !
Ds qu'il m'arrive un truc de ouf dans ma vie les premires au courant c'est toupou et lina, et souvent ce sont les seules au courant
Du @Conducteur_RER y a t'il un problme sur la ligne D. L il roule vraiment au ralenti...
Du coup aujourd'hui j'ai vrifi et re-vrifi les horaires des bus et c'est les bonnes normalement :')
EW VOUS ETES AU COURANT QUE JUSTIN EST REPASSE PREMIER ? BOUGEZ VOUS SVP #EMABiggestFans1D
Elle se serait couter, elle se serait barrer en courant je crois
En 3 jours j'ai pris 4train 9 mtros 2 RER 4 bus jpp des transports
En allant vers la cuisine j'ai vu une ombre j'ai eu trop peur !! J'ai fait demi tour et je suis repartie en courant dans mon lit !!!
En cette semaine de PGW le RER D me fait des misres encore plus de train alors que c le rush.. Je fais comment avec ma TV @GamingLiveFR ??
En effet de l'extrieur il faut arriver par l'est pour atteindre les quais.,Sinon le trafic rer semble ok
En mme temps ma mre elle est mme pas au courant que je fais de la batterie donc
En plus je dormais trql et la y'a un de mes frres qui se ramne , qui ouvre la porte et se barre en courant #DepuisJePeuxPlusDormir
En raison d'un colis suspect, le trafic est interrompu entre Auber et Nation. Retour  la normale  16:00 #RERA #KO
En raison d'un colis suspect, le trafic est ralenti sur toute la ligne #RERA #BOF
En se moment y a trop de contrler mm dans le bus pour allez en cour les btard ils sont partout
Encore un peu de patience, le trafic sera ralenti jusqu' 17h00 sur le #RERD ! #BOF
Et apres le train jme tape Metro + RER
Et de l'autre ct t'as ma mre qui est retourne en enfance et qui fait la sorcire en courant aprs le chat...
Et hop deux trains supprims d'affile, tant pis pour nos gueules. #RERD
Et hop mon pre est au courant pour mon bb :$
Et ma mre qui arrte pas de me dire que j'ai des boutons c bon genre jsuis pas au courant
Garges-Sarcelles : le trafic du RER D a repris
Garges-Sarcelles : le trafic du RER D a repris - Le Parisien
Garges-Sarcelles : le trafic du RER D interrompu
Garges-Sarcelles : le trafic du RER D interrompu - Le Parisien
Garges-Sarcelles : le trafic du RER D interrompu.
Garges-Sarcelles : le trafic du RER D interrompu: Les usagers du RER D prennent leur m...
Garges-Sarcelles : le trafic du RER D interrompu: Les usagers du RER D prennent leur mal en patience ce mercr...
Gizmondo - Nouvelle bande-annonce pour Avengers : Lre dUltron !: Vous tes probablement dj au courant, ma...
Gonesse: La passagre d'un bus blesse dans un caillassage  = cailloux.. encore un coup des bouddhistes!!!
Grosse difficult de circulation sur la @RERD_SNCF un corps a retrouv aux abords des voies #qml @SNCF_Direct
Heee gros vive le RER C et le RER D mdrrrrrr leur train R H Jsais pas quoi la wooooow bourbier
Heu qqun pourrait dire au conducteur du #rerb que j'ai rdv avec big chef donc a serait sympa de ne pas trainer sur le chemin.
Heures ngative doit je les rcuprer?
Heureusement que j'ai pu m'arrter  Ermont et avoir un train de la ligne C
Hey twitter, au cas o tu ne serais pas au courant, le pixel est mort. Si si, je t'assure !
Hier Romain dans le bus il m'a claqu "vasi je prfre quand tu me traite que quand tu parle pas la" mais wsh j'tais fatigu moi
Hier j'attendais le tram et genre yavais un couple il s'embrasser et ta une maman renoi elle les a devisag d'une manire jvoulais rigoler
Hier soir mon pre a eteind tout le courant dans ma chambre , pour pas que je regarde la Tv.
Huit enfants blesss  la suite d'un accident entre deux autobus  #Ottawa
Il est 14:01 et le trafic est normal sur l'ensemble des lignes de RER
Il est 14:21 et le trafic est normal sur l'ensemble des lignes de RER
Il est 20:24 et le trafic est normal sur l'ensemble des lignes de RER
Il est 20:51 et le trafic est normal sur l'ensemble des lignes de RER
Il n'y a que sur le @RERD_SNCF que l'on utilise pas les couloirs quand le train est blind... #QML #incredule #wtf
Il sera au courant un jour ou l'autre.
Il voulait rallier la Floride aux Bermudes en courant Il a chou. Son combat lui, continue.: Reza Baluchi, u...
Il y a une coupure de courant dans le centre commercial, on dirai un film d'horreur la lumire clignote et maintenant s'teint.
Ils ont couper le courant je peux mme pas rchauffer mon repas nia manman sa
Ils ont repris le courant
Info France Bleu 107.1 : cadavre dcouvert prs des voies #RERD  #Sarcelles ce matin. Trafic interrompu entre St Denis-Villiers-le-Bel
Infotrafic #RERD : Suppression de +sieurs trains immobiliss en atelier de maintenance. Tous les trains concerns :
Infotrafic #RERD : [M. jour] Reprise trafic mais allongement du temps de parcours jusqu' 15h sur l'axe Paris-Orry,>
Infotrafic #RERD :interruption du trafic entre Saint-Denis et Villiers le Bel jusqu 9h30(personnes prs des voies)
Infotrafic #RERD [Mise  jour] Interruption du trafic entre St-Denis & Villiers jusqu 10h(personnes prs des voies)
Infotrafic #RERD [Mise  jour] Interruption du trafic entre St-Denis & Villiers jusqu 11h(personnes prs des voies)
Infotrafic #RERD [Mise  jour] Reprise progressive du trafic entre Saint-Denis & Villiers
Infotrafic #RERD [Mise  jour] Trafic perturb jusqu 14h sur lensemble de la ligne
Infotrafic #RERD [Mise  jour] Trafic perturb jusqu environ 14h sur lensemble de la ligne
Instant PUB : Je viens de crer cette page sur vampire diaries alors si tu veut dcouvrir ou tre au courant...
J'ESPRE QUE DIMANCHE SOIR IL VA NEIGER A FOND LES BANANES POUR QU'IL N'Y A PAS DE BUS ET PAS DE BUS=PAS COURS  #EMABiggestFans1D
J'ai essay de vivre chaque minute comme si c'tait la dernire, au bout de 4 heures  hurler en courant dans tous les sens j'tais crev
J'ai fait le pistolet avec mes doigts et j'ai "tir" sur mon chat en bruitant le coup de feu.. Il a bondi en arrire et est parti en courant
J'ai hte de vous montrer ma toute nouvelle collection. Elle sera en ligne dans le courant de la
J'ai pas fini d'avoir des feels, en fait. Demain je vais courir en ralenti en sortant du bus pour retrouver ma mre.
J'ai quand mme russi  louper deux arrets de bus sa mre.
J'ai rv que j'tais dans le RER B, d'un coup il s'arrtait brusquement et que tous les passagers devaient dormir dedans
J'ai t la premire au courant ahah
J'aimerais tenir tt tweeter au courant de la note de @LoloAbitan qui a reu un 0.5 en SPE MATHS ! #ElleQuiSeFouDeMon1.5EnPhysique
J'aurais vu un clown srieux j'me serais barr en courant surtout qu'on a tourn de 21h a 1h
J'coute Queen avec en arrire fond le bruit des bus. C'est sympa.
J'en ai marre de ces gens sur les voie qui empche les trains de circuler :@ #RERD
J'espre qu'ils vont pas me refaire le coup comme quoi y'a pas de bus
J'etais en train d'attendre mon RER et un gros pervers passe devant moi, me regarde de la tte au pied et me fait des signes trs subjectifs
J'expose pas ma vie comme a, mais je prfre tenir au courant les autres si je ne donne plus de signe de vie
J'me suis barr en courant bc des gens pas net venaient vers moi en gueulant wow
J'serais rentree chez moi en courant blc
Je crois que je vais mourir d'un accident de bus vu comment le chauffeur de bus conduit......
Je dois prvenir toute la famille parce que j'ai la grippe ? Jusqu' ma mre me gronde que Cmt ma grd mre n'est pas au courant
Je me suis niquer la cheville en courant pour rep a mon tel juste pour se pdd mdrrrrrrrr
Je prfre courir aprs le bus que apres les gens
Je serai srement pas au courant
Je suis votre conducteur sur le train VUPE dpart 17h21 de Corbeil #RERD_SNCF
Je vais allez dormir avant que mon pre arrive en courant en mode " BEN ALORS LE MARSEILLAIS???"
Je vais en cours dans 10min j'espre jvais pas rater le bus
Je viens de crier, mon pre est arriv en courant "Elle est o l'araigne ?!". Trop l'habitude
Je viens de voir mon frre louper le bus alors que j'attendais celui d'en face. C'tait bien drle.
Je viens de voir un snap de mes amis qui sont ensembles, sans moi. J'tais mme pas au courant. Je dois rire ou pleurer?
Jsuis avec milien et il me sort et emma elle vas bien? Elle ralentit toujours les bus jpp de lui  @Emmaa_DRCH
Jsuis partie en courant dans la chambre a ma mere pour voir si y'avais un truc mais elle dormais
L'infotrafic RERD: trafic ralenti Orry/Corbeil/Melun jusque 21h 18:44 #rerD -
La blague de l'ESWC continue, du coup serait-il possible a @TeamLDLCCSGO de nous tenir au courant du score contre Titan ?
La gare #Montgeron Crosne #rerd encore+fort que l'attraction du train fantme! Suspens&angoisses au rdv chaque jour.
La mre a Kristiana elle tait choquer quand elle a appris que j'avait un copain et qu'elle tait mme pas au courant
La panne de courant qui a dur presque une heure dans toute la ville de Trois-Rivire..
La voiture termine sa course contre un poteau EDF #accident
Le #RERD c pas chaud du tout en vrai. Faut pas couter #bfmtv il se passe jamais.
Le RER A c'est quand mme un train trs bruyant qui ne va pas trs vite.
Le RER qui va a deux a l'heure. Euh merci mais j'aimerais arriver  l'heure en cours merci
Le Samsung Galaxy Note Edge sera commercialis en France:  jimagine @t12lve courant et hurlant de plaisir.
Le bus il s'arrete jamais aux arrets, il ralenti juste le temps d'laisser les gens sauter dedans ou dpartir en couilles qd ca doit descendre
Le champagne que ma mre elle a choisit il me tue.. J'ai bus que deux coupes
Le chauffeur de bus a ralenti parce qu'une beurette traversais, je lui ai dit "Wesh c'est orange tu peut passer" #byToutLeMondeMaApplaudi
Le dput Tardy veut donner 1 % de la copie prive  la Hadopi les AD vont A Do Rer !
Le gars te voit de loin il vient ouvrir la portiere en courant la bise pt mm causer un accident,Tte la soiree tu cranes alOooooooors
Le jour o je gagne contre Street Fighter IV, vous serez les premiers au courant.... #LT
Le mecs qui jouent avec les filles, vous tes au courant que plus tard ce sera des mecs comme vous qui joueront avec vtre fille ?
Le metro il a eu des problmes ils ont dit le service est interrompue etc du coup on est sortit on monte l'escalator et bam il redmarre
Le prochain qui me touche il se prend un coup de pied dans les couilles ! #Rer #GrosConnard #JePaieLaRatpPourMeFaireEmmerder #Ratp
Le prof de physique il nous donne un nonc de concours comme DM, il est au courant qu'on est quand premire anne nous ?
Le train de Stras pour rentrer s'est arrt  Mommenheim pour cause du travaux, et du coup on a louper le bus qui prenait la relve
Le tram na pas toujours raison: Les accidents de la circulation qui opposent un usager de la route et un tram...
Les couples qui se roulent des galoches dans le Rer je vous souhaite une mort lente et douloureuse
Les gars qui se prennent pour des thugs alors que devant un clown ils se barrent en courant: vous rigoler j'espre!
Les gars vous tes au courant que Emma Watson n'est ni la premire ni la dernire des fministes?
Les gens dans le mtro ou rer ou train ils me regardent tous chelou genre j'chui une fille ultra mchante ou je sais quoi... faut se calmer
Les gens qui disent "J'te dis quoi", "J'te tiens au courant" etc & qui ne le font jamais NIQUEZ VOS MRES D'ACCORD? Tfou.,Aucune parole ici!
Les mecs qui accrochent leur pass #navigo a leur cou... Vous n'avez pas de poches? #rer #metro #train #lesgenssontbizarres
Ligne H : trafic interrompu Pontoise - Ermont Actes de malveillance ( jets de pierres )  St-ouen l'Aumone #rerc #ligneh #qml
Ma mre elle a dit qu'elle voulait aller voir la mre de sandrah bientot rien que je vais y aller en courant moi
Ma mre elle aime trop Sarah, j'crois Sarah a ces yeux c'est un ange, faudrais j'lui mette au courant c'est une grosse beurette
Ma mre elle dbarque et elle me dit ''t'es punie'',Ah bon j'ai fais quoi? J'tais pas au courant mdddr
Ma mre elle est au courant de trucs de mon collge que moi jmen serais jamais douter ojmondieu
Ma mre elle et au courant de mon amour pour Matthew
Ma mre elle m'informe mal mme pas elle me tient au courant du but
Ma mre est au courant de toute activit de the vamps, ariana, justin etc..Elle sait tout de ce qu'ils font mais elle est + call sur les OD
Ma mre est dj au courant de ce qui ce passe au lyce...
Ma mre est pas au courant sinon elle va gueuler.
Ma mre ne doit pas encore tre au courant de cette histoire, sinon elle m'aurait dj appel 10 fois en panique.
Ma mre va m accompagner au Rd tour donc elle veut que je la tienne au courant de tout pour qu elle connaisse les chansons le soir mme mdr
Maaaais non ils repassent ma srie j'tais mm pas au courant
Mais COMMENT 1 mec qui marche prs des voies  St Denis  8h40 peut bloquer quasi entirement le traffic jusque 11h ?! @RERD_SNCF -_-
Mdrr mon petit frre y ma taper il est partit en courant il est tomb est il c'est pris le mur
Mdrrr mon petit frre c'est v'la le vicieux vous tes mme pas au courant
Merci  tous pour vos nombreuses propositions ! La slection commence, vous serez tenus au courant par mail !
Mes frrots, je suis dans le train je vais rater la 1re MT de #srfcom je compte sur vous pour me tenir au courant #teamOM
Mesdames et messieurs, si le trafic est fluide sur le #RERA c'est pour que @3asyG33 soit  l'heure ce soir. Vous pouvez le remercier.
Meteo du #RER (#ratp) : KO () 29/10/2014 a 15:17 Trafic normal sur l'ensemble ...
Meteo du #RER (#ratp) : KO () 29/10/2014 a 15:25 Trafic normal sur l'ensemble ...
Meteo du #RER (#ratp) : OK () 29/10/2014 a 14:01 Trafic normal sur l'ensemble ...
Meteo du #RER (#ratp) : OK () 29/10/2014 a 20:23 Trafic normal sur l'ensemble ...
Mon frere a casser mon casque :'( Il l'avait sur la tete, il est partie en courant et il a dechirer le fil ;'(
Mon frre est venue tout courant me faire voir cette vido et il tait mort de rire ...... #lrt
Mon frre il est au courant....
Mon frre jc mme pas si il est au courant .
Mon frre voulait dormir avec moi et je voulais pas du coup je lui ai sorti "j'ai les rgles" il est parti en courant
Mon oncle a t interdit de stade parce qu'il a fait pter un fumigne en tribune. "J'tais pas au courant que c'tait interdit moi" mdr
Mon pre partait, ma soeur a cri, je suis alle voir  la fentre, ma soeur tait accroupie derrire la voiture, je suis descendue courant
Mon train est supprim, pour changer...  (Cc @RERC_SNCF )
Mon voisin de RER est un ange: il est si gnreux qu'il nous fait tous couter sa musique de merde sans qu'on lui ai rien demand -"
Mtro Ligne 2 En raison d'un incident technique  Nation, le trafic est interrompu entre Nation et Pre-Lachaise.Reprise estim [1/2]
Mtro Ligne 4 En rpercussion de la prsence d'un colis suspect, le trafic est ralenti sur l'ensemble de la ligne. Trafic norm [1/2]
Non j'deconne, j'me barre en courant sa mre
Normal! Tu prend ton RER pour all au Taff et on te dit qu'un corp  t trouv  la Gare juste aprs la tienne ! WTF,#RATPbonjour #retards
Nouvelle bande-annonce pour Avengers : Lre dUltron ! - Vous tes probablement dj au courant, mais les annes ...
Nouvelle bande-annonce pour Avengers : Lre dUltron !: Vous tes probablement dj au courant, mais les ann...
Nouvelle bande-annonce pour Avengers : Lre dUltron !: Vous tes probablement dj au courant, mais...  #GIZMODO
Ok j'prvois un EP courant 2015 a serait top
On a fait un cluedo gant, il tait dans mon quipe, en courant il s'est tal comme une merde du coup on a eu un fou rire le pauuuuvre
On a fait un grand tour en courant je me suis arrter que une fois parce que ma cousine ma fait rire comment elle courai
On me dit jamais rien  moi de toute faon je suis toujours la dernire ah courant
On partage pas pr convertir, juste pr que tt le monde soit au courant. Cme a au jugement dernier pers pourra dire "je savais pas"
Oui alors les couples sur le quai du RER. CESSEZ !
Oups ! #RERD #KO: retards de 10  15 minutes  prvoir sur les axes Orry la Ville - Corbeil Essonnes - Malesherbes et Goussainville - Melun
Oups ! Votre Tweet fait plus de bus 140 caract res.Nous l'avons raccourci un peu. Il se taptra maintmainty paraky
Oups, trains supprims sur la ligne #RERD #KO
Padam..padam..padam..Il arrive en courant derrire moiPadam..padam..padam..,Il me fait le coup du souviens-toi
Panne d'lectricit dans les communauts de Madge Lake et de Gorlitz depuis 5h30. Le courant devrait tre rtabli vers 10h. #rcsk
Pas de bol ! Trafic interrompu sur la ligne #RERD, dans les 2 sens entre Saint Denis et Villiers le Bel #KO
Patience ! Sur la ligne #RERD, le trafic sera interrompu entre Paris Gare du Nord et Orry la Ville jusqu' 11h30 #KO
Personnes aux abords des voies entre Garges-Sarcelles et VLB sur la ligne #rerD.via @RERD_SNCF #
Petit coup de gueule du soir contre les contrleurs du bus qui ne sont jamais l pour te contrler quand t'as achet un ticket.
Pour une fois qu'il n'y a pas grand-monde dans mon @RERB, le train s'arrte en pleine voie... Mais quelle VDM. -'
Pourquoi des personnes sur les voies empchent les trains davancer ? Faites avancer le train, ils vont vite se pousser, non ?@RERD_SNCF
Prendre le #RerC et entendre "tchou tchou le train !" pendant 1/2 heure... Je confirme que ce n'est mimi que 2 mn. ^^
Prochain voyage, vraisemblablement dans la rgion de Qubec o j'espre me rendre courant Novembre pour 2 jours de formation.@SoccerQuebec
Ptdrrrrr une fois avec Hawa on tait dans le bus yavait un couple juste devant nos gueules qui s'embrassait on taient morte de rire #lrt
Putain hier toute la nuit il y a eu une coupure de courant pcq ya eu un accident et c'est Christophe le frere d'un pote jsuis choqu..
Putain je bosse demain et y'a les match de poule si des personne sympathique pourra me tenir au courant des score sa serait gentil ;)
Qd qlq te demande un service, la meilleure rponse c'est "att, jte tiens au courant",Il sait que c'est non mais il espre quand mme
Quand go se masta sa fait rire hein tout le quartier est au courant .
Quand j'ai vu que j'ai reu un snap d'elle, j'ai travers la route en courant, pour avoir wifi
Quand ton voisin de train ce fait un dbat politique tout seul ! Chek ! #sncf #foufou #solitude #RERC
Quand tu prend le RERD c'est comme si t'avais couru un marathon wsh ce train il te FATIGUE
RER A En rpercussion d'un colis suspect,le trafic est ralenti sur l'ensemble de ligne. Trafic normal sur les autres lignes de RER.
RER A Rpercussion d'un malaise d'un voyageur  Vincennes sur la ligne A du RER. Le trafic est ralenti sur l'ensemble de la ligne.
RER D : interruption St Denis - Villiers le Bel En cours Dernire mise  jour : 29/10/2014  08h41 ....
RER D : trafic ralenti axe Orry-La-VilleLe 29 octobre 2014 de 08:25  16:00. En cours,Dernire mise  jour :...
RER D : trains supprims Le 29 octobre 2014 de 16:40  21:45 En cours Dernire mise  jour : 29/10/2014 ...
RER D DE MON CUL ! Vous aussi vous aurez pas pu jeter votre corps ailleurs la ! Tchiiip
RER D Prsence de personnes aux abords des voies entre Garges Sarcelles et Villiers le Bel sur la ligne D du RER. Le trafic repr [1/3]
RER D Trafic interrompu entre Saint-Denis et Villiers-le-Bel aprs la dcouverte d'un corps prs des voies  Sarcelles. (@FBleu1071)
RER D Trafic interrompu entre Saint-Denis et Villiers-le-Bel aprs la dcouverte d'un corps prs des voies  Sarcelles. (@FBleu1071)"
RER D de la grosse merde pas de train jusqu' 1h30 juste parce qu'une meuf se suicide ptn
RER D de merde... aucun train aujourd'hui mais Whattt ??!
RER D trafic perturb, pour pas changer
RT @A_RhZ: A contre courant jpense qu'Aymeric fera pas les anges il hsite srement aprs tt c normal!Et lhistoire de guest Leila pass a la trappe?mdr
RT @AdelinaBjl: C'est pas je cours plus le bus, je rentre dedans, elle arrive derrire, y ferme la porte, y part (sans elle)
RT @AkgErza_: Si jamais je venais  mourir, personne ici ne serait au courant.
RT @AlexLexiz: @Laetitia_Lbck j'y serai la tqt passe ton num comme sa je te tiens au courant  quelle heure j'y serai
RT @Anaislemaiis: coco si t'avais loup ton bus j'crois j'me serais croule
RT @AngeleGuilbert: Toujours autant n'importe quoi les trains #qml (@ RER Saint-Rmy-ls-Chevreuse [B])
RT @Aro_Baze: Le chauffeur du bus a ralenti par ce qu'une beurette traversait, je lui ai dis azi passe c'est orange, on m'a applaudit, j'ai roul l'bus
RT @Barbie_Turiques: Gonesse: La passagre d'un bus blesse dans un caillassage  = cailloux.. encore un coup des bouddhistes!!!
RT @BelieJhreuse: Dj j'ai vu un grand bus ou yavais la photo de Justin j'ai cru que c'tait lui j'ai commencer  courir vers #EMABiggestFansJustinBieber
RT @Berengere64: @Milyrase @OyannOfficiel Merci Hsite pas  en parler autour de toi Son 1er album sort courant 2015 D'autres titres>
RT @Bettylrt: En 3 jours j'ai pris 4train 9 mtros 2 RER 4 bus jpp des transports
RT @Biiiilal91: @itele: #USA > Perptuit pour Michael Dunn meurtrier d'un Noir qui coutait trop fort la musique  VIENS DS L'RER D
RT @Bmarineee: " J'prfre courir aprs l'bus qu'aprs les gens. Et que toutes ces belles putes aillent s'faire enc*ler et j'suis  peine mchante. "
RT @CIaudeFrancois: RE JE SUIS LA, DSOL DU RETARD J'AVAIS UNE PETITE COUPURE DE COURANT
RT @CWICKET: Le dput Tardy veut donner 1 % de la copie prive  la Hadopi les AD vont A Do Rer !
RT @Chad_Cannon: "@RERA_RATP: 15:44, le trafic est ralenti sur la ligne (colis suspect) #RATP #RERA" TOUS LES JOURS.!!!  .. TCHiiiiip
RT @ChamlongGael: Ils ont repris le courant
RT @Charrette_Man: Personnes aux abords des voies entre Garges-Sarcelles et VLB sur la ligne #rerD.via @RERD_SNCF #
RT @Chtefouille: #RERD heureusement qu'il y a les rseaux sociaux car aucune info de la part du conducteur de train !,Bloque 10mn par gare
RT @Chxniouni: @Andrea_nevs oh la putain dta race t au courant que tu tweet tt les soirs sur une serie qui verront jms t tweet wsh reveille toi ptn
RT @ClemenceBtt: Ds qu'il m'arrive un truc de ouf dans ma vie les premires au courant c'est toupou et lina, et souvent ce sont les seules au courant
RT @Conducteur_RER: #RERD : Interruption trafic au Nord suite  la dcouverte d'un corps  hauteur de Garges. Police sur place, enqute en cours.
RT @Conducteur_RER: #RERD : Trafic maintenant trs perturb car descente de voyageurs dans les voies...
RT @Conducteur_RER: C'est de saison!Sur votre train :Lampe bleue allume => Ventilation/Climatisation/Chauffage HS.,#SachezLe #qml
RT @Conducteur_RER: Conducteur depuis 2007, mon traitement brut (fixe) = 1720 brut. Le reste = primes variables (kms,dcouchs,repas).
RT @CrbtChloe: Vous faites les thugs  dire que si un clown vient vers vous vous allez le niquer mais en vrai vous allez partir en courant
RT @Cyntia_Rbr: @Melann94 mdrrr j'tais au courant
RT @DirtyLuniks007: @DOUDOUrital @SarahFinot @CelineEnzo @lavak_stickers @Julia_FTNRJ12 je vais arriver plutot vers 14h50 mais j'te tiens au courant
RT @DroleDePacours: J'tais dans le bus , le chauffeur a ralenti une beurette traversait la route, jlui est dit: passe c'est orange!  jsuis devenu chauffeur
RT @Dylvne: RER D trafic perturb, pour pas changer
RT @ELIASBARBOUCH: #Filipetti: "#Valls reprsente un courant #historique de la #gauche" #VisionnaireNot #PS #compol #comdecrise #ouch
RT @Elo_GLP: @Mickaeldosantos en colre ? choque surtout... pour la plupart nous n'tions pas au courant de l'animosit de votre collgue envers Leila !
RT @Elodie_Brd17: Jsuis avec milien et il me sort et emma elle vas bien? Elle ralentit toujours les bus jpp de lui  @Emmaa_DRCH
RT @Em0612_: Ma mre est au courant
RT @EspritTivoli: #Teasing Esprit Tivoli reoit Emmanuel @Miraglia120610, dans le Dca-Lait, du mois de novembre. Numro qui paratra dans le courant du mois.
RT @FBleu1071: Info France Bleu 107.1 : cadavre dcouvert prs des voies #RERD  #Sarcelles ce matin. Trafic interrompu entre St Denis-Villiers-le-Bel
RT @Fatemmmmm: J'ESPRE QUE DIMANCHE SOIR IL VA NEIGER A FOND LES BANANES POUR QU'IL N'Y A PAS DE BUS ET PAS DE BUS=PAS COURS  #EMABiggestFans1D
RT @Florxnt: le chauffeur a ralentit parce qu'une beurette travers,j'lui ai dit c'est orange tu peut passer. tt l'monde m'a applaudi j'ai conduis le bus
RT @Fuuukano: Ces coupures de courant vont vraiment me faire pter une durite... j'en ai pas pendant 5 jours, et bim ds que je live y'en a une.
RT @Gentilchanoir: Mesdames et messieurs, si le trafic est fluide sur le #RERA c'est pour que @3asyG33 soit  l'heure ce soir. Vous pouvez le remercier.
RT @Gentilchanoir: Train gar. Service termin.  demain pour de nouvelles aventures!,#rera #qml
RT @Gilou_Paris: @RERA_RATP fort ralentissement sur la ligne vers Cergy Poissy St G enL
RT @GraciellaEnguel: Le champagne que ma mre elle a choisit il me tue.. J'ai bus que deux coupes
RT @HachiibiNas: @mava_amicel C'est mieux comme a ,Ok je serai au courant vu que j'ai qu que fois un oeil sur ton FB
RT @HachiibiNas: @mava_amicel Haha la connasse. Je serai au courant
RT @HeleneR05: "Ce train sera direct de Crteil  Paris gdl. Prochain arrt : maison alfort alfortville" #qml @RERD_SNCF
RT @HeleneR05: "Je vous rappelle que ce train est un train FACA, il sera omnibus de vsg  Paris GdL". Oui donc c'est plus vrmt un FACA... #qml #rerd
RT @JPommereul: @lenablgr ouais bah t'aurai t la tu te serai enfuit en courant
RT @JSion1: Ma mre elle a dit qu'elle voulait aller voir la mre de sandrah bientot rien que je vais y aller en courant moi
RT @JasminRicard: @MoonsSoldiers Faudra voir avec ce que mon pre planifie, a dpends de si il nous amne dans le Sud:) J'te tiens au courant!
RT @Jason_kazola: #ASarcelles tu as 2 gares. Une gare propre avec de beaux trains (ligne H) et une autre gare remplit de pakpak avec des vieux trains (RER D).
RT @Jeaannouu: J'tais mme pas au courant de l'pope des clowns....Vous me faites rire.
RT @Jenn_Medusa: Et de l'autre ct t'as ma mre qui est retourne en enfance et qui fait la sorcire en courant aprs le chat...
RT @Jossmagie: la premire fois que je t'ai vu j'ai flash sur toi, mais jtais pas au courant que ttais deja prise #JO2S #punchline
RT @JuKaDoss: PUTAIN mais encore? C'est quoi cette merde? @RERA_RATP: 15:19, le trafic est interrompu entre Auber et Nation (colis suspect) #RATP #RERA
RT @JuulesP: Au cas ou certains ne seraient pas au courant #LRT
RT @KarmelaPitulo: Si j'avais su.. je serais partie en courant ce jour la
RT @KoreanDream_: Vous tes au courant qu'Eminem va sortir un nouvel album Vous tes au courant que jvais soler avec
RT @LIGNEL_sncf: #RERA: Trafic ralenti sur le #RERA axes #Cergy/#Poissy avec des retards de 10mins environ, en raison de divers incidents jusqu' 20h00
RT @LauraZiehi: On baise ta go tes mm pas au courant frre cs a l'secret professionnel.
RT @LeParisien_93: Garges-Sarcelles : le trafic du RER D interrompu
RT @LeParisien_95: Garges-Sarcelles : le trafic du RER D interrompu
RT @Lea_lgx: Taleur a l'athle, avc abi et amir on arrive vers un nouveau, on marche  ct de lui, et il commence a se barrer en courant PTDRRRR
RT @LevHaddad: J'aimerais tenir tt tweeter au courant de la note de @LoloAbitan qui a reu un 0.5 en SPE MATHS ! #ElleQuiSeFouDeMon1.5EnPhysique
RT @LittleTimiee: #TuViensDuSudSi les mots OooH L'iiiiink, WAAA CON , Peuchre, EHH Mafooiis.. Sont pour toi des mots courant dans ton vocabulaire!
RT @LucieTutty: Aux usagers du #rerD : il s'agissait d'un corps retrouv le long des voies. Ca explique les problmes du jour @RERD_SNCF #sncf #qml
RT @Lunon92: @TransportsSwiss le trafic reprend progressivement depuis 15h35. #RERA #qml
RT @Maaily_: J'serais rentree chez moi en courant blc
RT @Madwolfen: #RerD "le corps sans vie d'une personne a t retrouv aux abords des voies" circulations bloques partie Nord #qml
RT @MalorieDelhomme: Y NOUS FONT CHIER SES PUTAIN DE CLOWNS, SI IL VIENNENT VERS MOI, JE TE JURE QUE JE ...............,... me barre en courant. -'
RT @Manon_3005: Avec sa photo, tellement j'ai rigoler mon pre il est arriver en courant  cause de mon rire chelou la
RT @MappyCity: Attention ! Le trafic est ralenti sur l'axe Cergy-Poissy avec des retards de 10 mins jusqu' 20h #RERA #BOF
RT @MappyCity: En raison d'un colis suspect, le trafic est interrompu entre Auber et Nation. Retour  la normale  16:00 #RERA #KO
RT @MappyCity: En raison d'un colis suspect, le trafic est ralenti sur toute la ligne #RERA #BOF
RT @MappyCity: Retour  un trafic normal et rgulier sur l'ensemble de la ligne #RERA #OK
RT @MaximeHaes: C'est bien trop courant pour tre une alerte a chre @Alhingant...
RT @Mo_square: - Tu viens chez moi ?- la flemme. jsuis dans le rer jrentre- j'ai de la weed,*Saute du train en marche et enclenche son jetpack*
RT @MoreThanLou: @Hazzarement OMGG J'ESPRE AUSSI! J'AI TOUJOURS TON NUMRO ON SE TIENDRA AU COURANT
RT @MrQuaRate: RerC perturb pour cause de #jetdepierre srement un coup de racaillou ! lol
RT @MullerOlivia: @Nitneuq_ @DathElliot @JZStoessel @bly_marie ah a gre les bails j'tais pas au courant
RT @Nicostauud: Y'a un autiste qui a crer le compte clowns du 22 alors que se serait le 1er a se barrer en courant si il voit un clowns dehors
RT @Ninouil: Heu qqun pourrait dire au conducteur du #rerb que j'ai rdv avec big chef donc a serait sympa de ne pas trainer sur le chemin.
RT @Nolwenn_Monpas: L'hypocrisie, un trait de caractre de plus en plus courant
RT @NotreHoroscope: RT Si vers minuit tu pissais contre un mur ds lnoir total.. un renoi a cri"-Eh c qui le fdp qui mjette de l'eau la?!",Tes parti en courant
RT @OnMaApplaudit: Le chauffeur du bus a ralenti par ce qu'une beurette traversait, je lui ai dis "azi passe c'est orange" on m'a applaudit, j'ai roul l'bus
RT @Othy_80: Annonce en direct du conducteur du VUPE "en raison de la dcouverte d'un cadavre en gare de... le train est retenu  quai" @RERD_SNCF
RT @Pauline_Marceau: Le RER D c'est vraiment la pire ligne que des dingueries dessus, trains supprimms, quand ils arrivent ils sont blinds et j'en passe
RT @Pierreschneider: Attention le freinage peut tre puissant. Caution: trains may break hard (dans le RER).
RT @PierrotLabat: Prochain voyage, vraisemblablement dans la rgion de Qubec o j'espre me rendre courant Novembre pour 2 jours de formation.@SoccerQuebec
RT @RERA_RATP: 09:02, le trafic est ralenti de Vincennes vers Cergy/ Poissy /St-Germain-en-L. (malaise voyageur) #RATP #RERA
RT @RERA_RATP: 10:40, le trafic est ralenti sur la ligne (malaise voyageur) #RATP #RERA
RT @RERA_RATP: 15:19, le trafic est interrompu entre Auber et Nation (colis suspect) #RATP #RERA
RT @RERA_RATP: 15:22, le trafic est interrompu entre Auber et Nation. Retour  la normale  16:00. (colis suspect) #RATP #RERA
RT @RERA_RATP: 15:36, le trafic est ralenti sur la ligne. Retour  la normale  16:00. (colis suspect) #RATP #RERA
RT @RERA_RATP: 15:44, le trafic est ralenti sur la ligne (colis suspect) #RATP #RERA
RT @RERA_RATP: Retour  un trafic rgulier sur l'ensemble de la ligne #RERA #RATP. Incident termin.
RT @RERA_RATP: une information localise sur ltat du trafic sur les rseaux  #RATPScope 2/2
RT @RERB: @LC1805 Bjr, l'info trafic est alimente sur notre fil de 6h>21h. Au del je vs invite  consulter le site RATP ou Transilien. Bonne journe
RT @RERB: @RER_BETAIL Bjr, je n'ai pas encore l'info pour cette date, mais je vs tiendrai au courant ds que j'en saurai plus. Bonne journe
RT @RERBoulet: Train Orsay-mitry supprim suite  avarie matrielle. Prochain #RERB pour le remplacer : emal89 en provenance de saint Rmy. Sardine en vue
RT @RERD_SNCF: @iss_yan Bonjour, le trafic est actuellement interrompu entre les gares de St-Denis et Villiers le Bel (personnes prs des voies)
RT @RERD_SNCF: @samsarapaille ah, il y a une erreur de cpte : ici c'est pour l'actualit du RERD (des trains !!). Pour vs autres besoins, c'est ailleurs.
RT @RERD_SNCF: @samsarapaille oui, ils ont une actualit : travaux, vnements, rencontres, info trafic,.... Bonne journe.
RT @RERD_SNCF: Infotrafic #RERD : Suppression de +sieurs trains immobiliss en atelier de maintenance. Tous les trains concerns :
RT @RERD_SNCF: Infotrafic #RERD :interruption du trafic entre Saint-Denis et Villiers le Bel jusqu 9h30(personnes prs des voies)
RT @RERD_SNCF: Infotrafic #RERD [Mise  jour] Interruption du trafic entre St-Denis & Villiers jusqu 10h(personnes prs des voies)
RT @RERD_SNCF: Infotrafic #RERD [Mise  jour] Interruption du trafic entre St-Denis & Villiers jusqu 11h(personnes prs des voies)
RT @RERD_SNCF: Infotrafic #RERD [Mise  jour] Trafic perturb jusqu environ 14h sur lensemble de la ligne
RT @Rhysterias: @SylvainTronchet @FBleu1071 @Korben et nous on peut poursuivre la RATP pour les RER toujours ralentis et leurs couloirs de mtro puant ?
RT @SkydyB: #TesPasDu93 si quand t'es vers le tram  Saint dnis et tu vois le train qui va paris et tu cours....
RT @SofianeMkvl: Elle me rpond "Elle est parti faire des courses pour la fte" Et jlui rep "Ah tranquille y'a une fte et j'suis pas au courant" #11
RT @T_Zouhri: @RERA_RATP: 15:19, le trafic est interrompu entre Auber et Nation (colis suspect) #RATP #RERA tfou
RT @Tomalbatros: quelqu'un leur dit que "Chibre" a veut dire penis, j'espre qu'ils sont au courant :$
RT @TomekTR: #QML le trafic est interrompu entre Auber et Nation. Retour  la normale  16:00. (colis suspect) #RATP #RERA
RT @TomekTR: Ligne H : trafic interrompu Pontoise - Ermont Actes de malveillance ( jets de pierres )  St-ouen l'Aumone #rerc #ligneh #qml
RT @Toonsi_BenArfa: RER D de la grosse merde pas de train jusqu' 1h30 juste parce qu'une meuf se suicide ptn
RT @Travauxreussis: #travaux #ligneD en cours  Melun. Zone  traiter importante, les paillettes mtal dues  l usure gnre des retards
RT @TriggaMeriem: Si vous voyez le bordel sur le RER D ...,Un corps a t retrouv aux abords des voies TRAFFIC TOTALEMENT INTERROMPU
RT @Val_d_Oise_Actu: Garges-Sarcelles : le trafic du RER D a repris
RT @WeArePhase: Dernires prises de son pour notre prochain EP, et c'est officiel, il s'appellera "KOALA". On vous tiens au courant!
RT @WesleyMGK: Quand tu prend le RERD c'est comme si t'avais couru un marathon wsh ce train il te FATIGUE
RT @YvanKolou__: "@LauraZiehi: On baise ta go tes mm pas au courant frre cs a l'secret professionnel." Lol
RT @_LesCitations:  Et nous avanons ainsi, comme des barques luttant contre le courant qui ne cesse de nous ramener vers notre pass.  Francis Fitzgerald
RT @_Margaux_99: @Carbone_75_ ohh c'est trop bien, j'aimerai trop y aller, tu pourras me tenir au courant quand tu seras rentrer?si c'tait bien ou quoi ?:)
RT @adrientcho: @magvo @TUForg si tous les #RERA devaient s'arrter  #Houilles il faudrait supprimer des trains de la grille horaire ca passerait pas.#qml
RT @alimrqs: tt le monde dit que jsuis tj la dernire au courant des news mais ils savent pas que c juste prcq j'men balec de leurs news
RT @audrey_guibert: @RERD_SNCF j'tais dans un train en direction de Goussainville Il y a des bandes de signalisation au sol mais des usagers peuvent glisss...
RT @avozgaucha: Avant une premire diffusion du documentaire sur les ondes de @gatinenews courant novembre  #Avozgaucha
RT @bibi13lps: Reprise du trafic a 14h, BRAVO @RERD_SNCF le traffic etant interrompu depuis 9:30, je trouve la reactivite PARFAITE
RT @btkj10: Regarder les gens courir derrire le bus >>>>>>>>>>>
RT @dallxichx: #RajouteGayDansUnNomDeGroupe Les gens ils mettent tous "One Direction" oh mais les gars on est au courant bc on est les 1re  le dire mdrr
RT @devangah: @rohff viens faire un concert  la de mon quartier frre c'est en juin ou juillet chez plus tqt je te tiens au courant frre
RT @drugxnarry_: Ma mre elle et au courant de mon amour pour Matthew
RT @encolere75:  RER D Trafic interrompu entre Saint-Denis et Villiers-le-Bel aprs la dcouverte d'un corps prs des voies  Sarcelles. (@FBleu1071)"
RT @feetsofzayn: @MilaStxessel Je vous en pris tenez moi au courant si vous avez des nouvelles, j'en ferais de mme
RT @fichesducinema: On embellit le RER : notre mission sur #RadioLibertaire est (enfin) en rcoute. Au programme : P'tit Quinquin,...
RT @freddytinyworld: @RERC_SNCF Mme avec 1 train sur 3 mme avec les congs mme avec les travaux et bien tous les matins il y a des soucis. #rerc #qml
RT @gee_yome: Grosse difficult de circulation sur la @RERD_SNCF un corps a retrouv aux abords des voies #qml @SNCF_Direct
RT @heylours: Hey twitter, au cas o tu ne serais pas au courant, le pixel est mort. Si si, je t'assure !
RT @infos140:  RER D Trafic interrompu entre Saint-Denis et Villiers-le-Bel aprs la dcouverte d'un corps prs des voies  Sarcelles. (@FBleu1071)
RT @jjfkrkr: Il y a une coupure de courant dans le centre commercial, on dirai un film d'horreur la lumire clignote et maintenant s'teint.
RT @jlguiral: #qml corps  garges sur le #RERD.
RT @jojocouly_212: Ils ont couper le courant je peux mme pas rchauffer mon repas nia manman sa
RT @lawrenceslayss: DANS 15MIN ILS VENDENT LES PLACES POUR L'AVANT PREMIRE DE HG JETAIS MME PAS AU COURANT LA VIE C QUOI CA
RT @le_Parisien: Garges-Sarcelles : le trafic du RER D a repris
RT @le_Parisien: Garges-Sarcelles : le trafic du RER D interrompu
RT @luigui91: Il n'y a que sur le @RERD_SNCF que l'on utilise pas les couloirs quand le train est blind... #QML #incredule #wtf
RT @manounette01: En une nuit, #happn a fait parler de lui!! Tout les gens qu'on Twitter sont au courant par contre #Facebook le sera dans 2semaines
RT @minnaltrch: Le mieux ct qd j'tais a la plage yavait tt le monde sauf mon frre,margot,sa sur et je vois mon frre arriver en courant tout affol
RT @mronikoyi: Nouvelle bande-annonce pour Avengers : Lre dUltron !: Vous tes probablement dj au courant, mais les ann...
RT @my_Planetarium_: "@RERA_RATP: 09:02, le trafic est ralenti de Vincennes vers Cergy/ Poissy /St-Germain (malaise voyageur) #RATP #RERA" @clemsat  demain.
RT @my_Planetarium_: "@RERA_RATP: 15:22, le trafic est interrompu entre Auber et Nation. (colis suspect) #RATP #RERA" @clemsat voilaaaaa pour aujourd'hui.
RT @my_Planetarium_: "@RERA_RATP: 15:44, le trafic est ralenti sur la ligne (colis suspect) #RATP #RERA" c'est cadeau. Bonus. @clemsat
RT @mykynou: "On rcolte ce que l'on sme" en 2011 j'ai perdu 10euros dans l'bus cst qd je les rcupre?
RT @onedire97060502: #Imagine,Niall lorsqu'il te voit arriver en courant pour le voir, tu lui avais promis que tu serais l  temps.
RT @quareem: @sans_url ou la peau du tartour?? il aura surement des gosses courant derrire lui w iba3bsou fih  la limite
RT @rez0: Samsung devrait lancer sa gamme Galaxy A courant novembre  via @twandroid
RT @stylesofxharry: EW VOUS ETES AU COURANT QUE JUSTIN EST REPASSE PREMIER ? BOUGEZ VOUS SVP #EMABiggestFans1D
RT @stylesxfobrien: @Jessfanlinder t'inquite pas tu seras la premire au courant
RT @unmarocainn: la dernire fois dans le bus y'a 2 mecs ils taient en train d'parler a base de "allo quoi", j'avais envie d'les claques #fragilite
Rappel: trains supprims sur la ligne #RERD #KO
Regarder les gens courir derrire le bus >>>>>>>>>>>
Rer d ya.des train supp Pcq ya klkin sr les voies  villier le bel
RerC perturb pour cause de #jetdepierre srement un coup de racaillou ! lol
Retour  un trafic normal et rgulier sur l'ensemble de la ligne #RERA #OK
Retour  un trafic rgulier sur l'ensemble de la ligne #RERA #RATP. Incident termin.
Rien qu'un mec la dernire fois il est partit en courant quand le train s'est stopp Epinay.
Rivire de mots torrent cours d'eau murmure courant piscine  dbordement Elle est l ta porte de
SARCELLES : la ligne du RER D coupe aprs la dcouverte d'un cadavre...
Sa ma rendue ouf psq jsuis venue en retard a cause du fdp qui sais jeter sur les railles de train le rer d il nous a fait galerer-
Sa porte ses couilles svres dans mon quartier !!! Sa lance des oeufs sur les carreau de maison et sa se barre en courant bravo Moray
Sans surprises, le trafic est rgulier sur toute la ligne #RERE #OK
Sarcelles : le corps d un homme retrouv le long des voies du Rer D
Sarcelles : un corps dcouvert prs de la gare RER, trafic TGV et ... -
Sarcelles : un corps dcouvert prs de la gare RER, trafic TGV et RER perturb
Si ce pd avait pas bloqu la porte du tram avec sa poussette de merde J'serai arrive plus vite et j'aurai pas loup ce train de merde
Si des gosses tapent  ma porte  Halloween je sors en clown ils auront peur, partirons en courant et moi je rcupre leurs bonbons :D
Si j'avais su.. je serais partie en courant ce jour la
Si jamais je venais  mourir, personne ici ne serait au courant.
Si je rate le bus je pourrais pas aller en cours ce serait dommage ...
Si ma vie tait un porno, le rparateur du gaz qui va passer ce soir serait une bombasse.,Je vous tiens au courant mais j'ai des doutes...
Si vous voyez le bordel sur le RER D ...,Un corps a t retrouv aux abords des voies TRAFFIC TOTALEMENT INTERROMPU
Sur le RER E, ils suppriment des trains dans une direction car il y a eu une bagarre sur le quai d'une gare dans l'autre direction. Narmol
T'a un accident le bus il passe pas  la gare et la route pour rentr chez moi t'a les flics ils nous laisse pas passer ptdrrr
Taleur a l'athle, avc abi et amir on arrive vers un nouveau, on marche  ct de lui, et il commence a se barrer en courant PTDRRRR
Tfouuuuuu ya un train toute les 30min sur le RER D
Tjrs la dernire mise au courant. -'
Toujours autant n'importe quoi les trains #qml (@ RER Saint-Rmy-ls-Chevreuse [B])
Toujours la dernire  tre au courant une vraie perche moi
Tous le monde est au courant que je fais la gueule a mon pre en plus ! Ils sont pts c'est abus
Tout  l'heure mes parents lisaient mon horoscope et j'entend ma mre parler de Martin je suis limite arriver en courant
Tout pouvoir parrain est phmre, il est soumis aux humeurs des matres et au courant des affaires des...
Trafic fortement perturb sur la ligne de #rera  09:00 le 29/10 #fedlate en savoir plus sur
Trafic fortement perturb sur la ligne de #rera  09:40 le 29/10 #fedlate en savoir plus sur
Trafic fortement perturb sur la ligne de #rera  10:20 le 29/10 #fedlate en savoir plus sur
Trafic fortement perturb sur la ligne de #rera  11:00 le 29/10 #fedlate en savoir plus sur
Trafic fortement perturb sur la ligne de #rera  15:40 le 29/10 #fedlate en savoir plus sur
Trafic fortement perturb sur la ligne de #rera  16:20 le 29/10 #fedlate en savoir plus sur
Trafic fortement perturb sur la ligne de #rera  18:00 le 29/10 #fedlate en savoir plus sur
Trafic fortement perturb sur la ligne de #rera  19:20 le 29/10 #fedlate en savoir plus sur
Trafic interrompu entre Villiers le bel et Saint Denis dans les 2 sens #RERD #VDF #FaisChier
Trafic perturb sur la ligne de #rera  18:40 le 29/10 #fedlate en savoir plus sur
Trafic perturb sur la ligne de #rera  20:00 le 29/10 #fedlate en savoir plus sur
Trafic perturb sur la ligne de #rerd  11:00 le 29/10 #fedlate en savoir plus sur
Train Orsay-mitry supprim suite  avarie matrielle. Prochain #RERB pour le remplacer : emal89 en provenance de saint Rmy. Sardine en vue
Train gar. Service termin.  demain pour de nouvelles aventures!,#rera #qml
Tram D et tram-train : la ptition des Verts, la colre de certains riverains - France 3 Aquitaine
Tu pourrais crever, mme tes potes ne seraient pas au courant
UN JOUR JE SERAI AU COURANT DES DRAMAS LARRY OU PEU IMPORT DE NIMPORTE QUEL DRAMA, UN JOUR JE SERAI PAS PERDUE, UN JOUR #EMABiggestFans1D
Un mec ds le rer tout a l'heure faisait trop thug et tout et en fait il coutait Sad Girl de Lana
Une pense pour les usagers du #RERD qui, en + des travaux, ont subi graves difficults ce matin suite dcouverte d'un corps nord de Paris
VOUS TES AU COURANT QUE GRGOIRE LYONNET NE PEUT PAS CONTINUER #DALS AVEC NATHALIE ET PASSE LE RELAIS  CHRISTOPHE QUI TAIT LIMIN??
Voici #YPELEC - Electricien,Electricit gnrale,neuf et rnovation. Chauffage, Domotique, Courant faible....
Vous tes au courant qu'Eminem va sortir un nouvel album Vous tes au courant que jvais soler avec
Waaaah ma mre elle est au courant des gens que je voient rue ec ptdrrr
Wesh les gens du sud vous tes au courant d'la soire d'Halloween dans une villa sur Cagnes sur mer ? Crari y aura 300 personnes
Wesh ma ligne D cest la ligne ou tes pas sur que tu va avoir un train tellement elle est perturbe !
Y a des gens ils ont sonner chez moi et ils ont dit a ma mre "dieu est lumire" et ma mre a dit" justement j'ai une panne de courant"
Y a pas longtemps un arabe est pass en courant devant la voiture mon pre a klaxonner il l'a insulter et finalement mon pre est descendu..
Y'a eu une panne de courant mon frre il a grave flipp mdrrr
Y'a pas d'rer D psq askip a Garges y'a un gars il a t trainer par le train jsai pas si c'est vrai
Y'a une meuf qui a command des trucs genre elle en a eu pour 3000 euros, elle en est fire mais attend que sa mre soit au courant
Youhou, une personne retrouve prs des voies. Trafic interrompu entre Villiers le Bel et Saint-Denis #rerd #cadavre
Zut, encore perdu. Dcidment, le A c'est pas mon RER RT @RERA_RATP: 15:19, le trafic est interrompu entre Auber et Nation (colis suspect)
a me fait rire ceux qui disent qui vont niquer les clowns, vous aller faire les chauds et partir en courant mddr
a me stresse pour le OTRAT samedi.... j'espre avoir mes places j'tais pas au courant auj de la prventes
a ne s'arrange vraiment pas du ct du #RERD ! Le trafic est toujours interrompu entre St Denis et Villiers le Bel #KO
a ralentit a ralentit, 10 minutes de retard minimum sur le trajet mlv Paris #RERA
ah oue c vrai que mon frre il est au courant
avec ma nice on a eu un accident avec le bus, la voiture a prit cher en plus elle tait grave belle, le bus aussi a prit cher au passage
azy j'vais descendre jai pas envie de courir derrire le bus
ble de la ligne. Trafic normal sur les autres lignes de RER. [3/3]
bn mon beau pre me casse les couilles du coup j'prends le bus et le train tt seule demain c'est bien
bonjour @RERD_SNCF , le trafic est il revenu a la normale ?
bord du train-bus de la cordillre des Andes
c'est trop marrant pcq avec bere on fait toujours nos truc solo du coup a fait un bordel mddr personne est au courant de rien sauf nous
coco si t'avais loup ton bus j'crois j'me serais croule
dans le bus jme rappelle quand j'avais pleurer  la fin de l'anne dernire, j'coutais You & I et bim, jme suis effondre comme a
donc j'ai dis oui forcment , et la j'ai retir sa cagoule et j'ai vu que c'tait Klo , puis elle est partie en courant. Voil.
elle tait pas au courant pour l'accident de mon Pre
et apres on a loup notre rer et notre bus
et il est partit en courant vers chez lui
ils ont retrouv un corps sur le rer b
j ai vote pour le congrs il m a fallu du temps mais j ai envoy que des personnes dont je suis sur de reprsenter mon courant @MLP_officiel
j'espre que je vais pas loup mon deuxime bus mdrr
je me suis dfonc le poignet en courant vers mon chargeur ptn
la dernire fois dans le bus y'a 2 mecs ils taient en train d'parler a base de "allo quoi", j'avais envie d'les claques #fragilite
la premire fois que je t'ai vu j'ai flash sur toi, mais jtais pas au courant que ttais deja prise #JO2S #punchline
la vie qd y a un truc dans la famille tj jsuis au courant la dernire
le conducteur du bus il a failli faire un accident tellement il conduisait mal
lise c'tais la premire au courant de tout!
mass'ter PEACE RT @Fou_sman: @KaayAgneu Mass'Courant
mdrrrr sur le quai du rer ils disaient qu'il y avait un colis qui pouvait tre dangereux dans l'un des trains, imaginez c'tait une bombe-
moi mais je suis la pire des comres en vrai quand y a un truc je fais tous pour tre au courant
mon pre il a vu les photos de quand Loriant Cyril mau et ophe ils taient venus dodo chez moi mais il etais pas au courant..
mon pre n'est mme pas au courant que je sors vendredi mdrr la tte qu'il va faire
pk jsuis tjr la dernire au courant ?
prendre le tram train aussi souvent, a me fait pter les plombs wallay
ptdrr a quel h les clown ils se sont fait arrter ? Les flics de lardy taient mme pas au courant de la page
quelqu'un leur dit que "Chibre" a veut dire penis, j'espre qu'ils sont au courant :$
quelqu'un pourrait-il dire au petit anglais de la chambre d' ct d'arrter de crier "braaaaah braaaaah" en courant comme un sauvage ?
seulement je suis sur que personne n a pris la peine d'appeller pour savoir si l'ambassade est mme au courant du deces de ce jeune frere
t'es au courant de cette histoire de clowns? ils ont bless un tudiant  coups de hache" mon frre, dix ans, suit dj l'actualit de prs
toute ma vie je cours derrire les bus
tt le monde dit que jsuis tj la dernire au courant des news mais ils savent pas que c juste prcq j'men balec de leurs news
