" Rappel ! Le trafic est toujours interrompu deux sens, jusqu' ???#RERC #KO" et #RERD blind mais roule
"@Popoenshort: Je croyais avoir tout vu dans le RER jusqu' aujourd'hui... Quelqu'un se coupe les ongles de pieds  ct de moi..." Beurk !
"EDF clairons les bleus" imaginez grosse coupure de courant dans l'stade sa mre
"Il mne o ce train" "Il mne nulle part !" Dcidment bien forms les agents #Sncf cc @RERC_SNCF
"goaaaal do Braaaazil" mon pre qui gueule en courant dans toute la maison
"je voulais que tu sois la premire au courant" ma nanaaaa
#Accident entre un bus et une voiture sur la commune de Blaye-les-Mines #Tarn #sdis81  via @sharethis
#Nantes Une voiture heurte un tram quai de la Fosse : embouteillages en cours #accident  via @presseocean
#Nantes Une voiture heurte un tram quai de la Fosse : embouteillages en cours #circulation #accident
#Nogent94 INFO TRAFIC RER E : samedi 28 mars: Des trains sont supprims.
#Nogent94 INFO TRAFIC RER E: Du lundi 30 mars au vendredi 3 avril et du lundi 6 avril au vendredi 10 avril.
#QML #RERC : Trafic fortement ralenti jusqu' 16h, l'organisation de la desserte est modifie :
#QML 11:29, le trafic est ralenti sur la ligne (incident voyageur) #RATP #RERA
#RERA Ralenti : incident voyageur.,
#RERB Esprons que le nom de mon train me porte chance #PILE72 pour vous servir!
#RERB direction sud les trains ne sont pas bonds mais le trafic est ralenti. On joue  l'escargot et on fait du tourisme en station
#RERB le trafic est de retour !?
#RERC Bonsoir. Y a t'il des trains  Champ de Mars pour aller  Brtigny ou faut-il aller  Austerlitz rapport aux perturbations? Merci.
#St_Benot_de_Carmaux. Accident Bus vs VL  8h30 avenue Jean Jaurs. 1 bless grave incarcr. Les secours sont nombreux sur place.
#TRAFIC ralenti sur le #RERB suite  une panne de signalisation au #Bourget ... Courage ! @RERB
#itsocial #IT  DSI vs DRH  Vers la DRH numrique: A contre-courant de la morosit amb...   lire l'article ici
#rerb incident technique au Bourget trafic perturb sur l'ensemble de la ligne
#rerb trafic perturb!!! Incident au bourget.. Reste a savoir quand le trafic reprendra @rerb
#rerc @RERC_SNCF Vraiment pas pratique. + traffic perturb d aprs annonces sonores.,#qml #stif
#rerc il est o le budget de rnovation des lignes? faut attendre d'autres accidents pour avoir un bon service public?
#schneiderlin , t'es au courant que @twitter n'autorise que 140 caractre ? #CompoTropLongue #FRABLE
**cache derrire un caillou**- j'ai jamais vu Da Vinci Code !! **pars en courant **,#JeudiConfession
+AnnE BERTRAND: Courant danne 2014, Zodianet arrivait avec la toute premire solution de box domotique...
.@vpecresse "@Anne_Hidalgo refuse de financer prolongement du #RER E, une solution pr rduire le trafic automobile"
0 RERC du coup foule du coup une fille fait un malaise du coup je mets  profit mes diplmes de secourisme du coup je rate le seul train
05.03.15 : Le tram-train Nantes-Chteaubriant reoit un prix accessibilit
07:19, le trafic est perturb sur la ligne (panne de signalisation) #RERB
1 avenue des petites haies , Creteil .Bus : 181 , Petites Haies,Train : RER D gare MAISONS ALFORTVILLE ( 10mn...
11:29, le trafic est ralenti sur la ligne (incident voyageur) #RATP #RERA
1er RDV avec #PrigordInitiative... Encourageant ! Passage devant le jury courant mai, normalement
2 ter. Mettre Najat VB au courant : le menu unique, cest galitaire ; la proscription du voile  lUniversit, cest galitaire. Etc.
29  25... Beaucoup de votes se ressemblent. Chaque grand courant se prononce de manire oppose #destincommun
35' Valbuena reste au sol apres un coup reue en taclant #FRBR #EDF
@ Trafic_Savac: Le RER ou le metro ?
@ Train_SNCF: Le RER ou le metro ?
@2bRailer Ce sera Samedi ( celui qui vient )  14h. Donc surement un 4v4. Tenez moi au courant (sun)
@66xgang mon pre il est pas au courant sauf si ma mre lui a dit mes parents savent que j'ai pleur j'aime pas pleurer devant eux
@73c3d5b0572047b oui vers 1h mais apparemment il n'a pas t mis au courant..
@AbouDjaffar @RERC_SNCF sisi moi j'aurais vu le mec je lui aurais parler, putain je kifferais voir a un jour un fou dans le train
@AnaisAuzan T'es bien au courant Anas, serais-tu par hasard une fan inconditionnelle qui ne s'assume pas ? ;) y'a pas de honte  aimer 1D !
@AngelineVDB ah mon frre et mes parents sont au courant, mais ma marraine, ect.. pas encore ^^ en voiture je pense une 207 ou clio III
@Antoinelucas Ouais en pleine semaine je me doute ;) 15 la place la moins chre xD Mise en vente courant avril ^^
@Arnaud_AA bah just m'en pas toi dans le sens o t'es sens faire parti des 1er au courant! Que fait ton rseau ?
@AustinRpgVawo *te vois et viens vers toi en courant * comment tu vas ?
@AydinCeyhan1 j'rigole mon pre il est pas du tout au courant que TPE sa existe mdrrr j'voulais te dtendre
@BellaLagrange non c'est rare que les mdias en parlent. Bcoup entrane leur passager en voiture ou en bus mais pas de boite noire confirm
@BlackOMAR13 @CatteauN toi ? Toi qui as une femme ?  je serais au courant vu que j'aurais t au mariage
@CLARISSECELLE frre, la France entire (au moins) doit tre au courant que je vais faire a!
@CMellal Vous pourrez bientt en profiter Chaker, elle sera disponible dans le courant de l'anne dans de nombreux pays :)
@ChloeTbn sans blagueeee chlo t'es pttre la dernire au courant
@ColoredCrow @Maraiku Julie est plus gentille. *s'enfuit en courant et en poussant de petits rires mesquins.
@Conducteur_RER @FanV2N ce sont dj des machines SNCF (Akiem) qui tirent les trains #Thello
@Conducteur_RER @Stef74G @KersausonDe Combien de passagers en moyenne dans 1RER ou train IC?
@Conducteur_RER @VivienSD Bizarrement infolignes ne trouve pas le train. Tout du moins quand je l'ai cherch
@Conducteur_RER Les arrts sont pour tre certain de ne pas risquer de le rattraper du coup?,@conducteur_PSE @Conducteur_SNCF @ADCTR1
@Conducteur_RER Oui enfin "d'habitude" quoi. Du coup les affichages eux n'taient pas changs.
@Conducteur_RER pareil dans mon train :-( tout noir...
@Conducteur_RER pas le Train Bleu semble t-il !
@Conducteur_RER un train maisons Laffite -> Paris. tant  l'arrire du train non, mais il a rallum qqes minutes aprs mon tweet ;-)
@Cute4Zayn t'es au courant que ta grve de la faim ton fameux Zayn n'est et ne sera jamais au courant,clairement il en a rien  battre !
@DanRPGLTL exact. -relve, se rhabille correctement et prend sa cavate- dsol mon ange. t'embrasse-  ce soir, je t'aime. -sort en courant-
@DanielRiolo Sagna est il au courant qu'il peut aussi jouer vers l'avant ou faire des centres ?
@DanielRiolo y'a t'il une possibilit que mandanda rcupre sa place de titulaire en edf. On dirait que c'est impossible ???
@Drengul @_JonathanDoe En ce qui me concerne je prfre quand mme largement quand il y a un verre avant, pour voir si le "courant" passe.
@EchappeeLitt Vous nous tiendrez au courant j'espre ! :)
@EdgarDePal nos trains et gares ont pourtant volu ;) Pour connatre les projets mens ou  venir :  Bonne journe
@Enjoy_thesun Des fois on pense avoir rat et en fait on russi :) J'espre que a va le faire! Tiens moi au courant ;)
@FlorianTop mdrrr tkt je suis au courant de tous frre
@Francesca_Cheka @NRJ12lachaine et a doit certainement march!!! Tu me tiens au courant j'espre! Ahahahah
@GrainHedger @HLFNguyen @dugers compte sur vous pour me tenir au courant d'y march. Prfre twitter  reuters c'est l'avenir.
@Gregory_Kozak95 sans parler d'argent, il n'y a pas de trains "sur tagre" qui conviendrait au RER D. Et l'appel d'offres RER NG a chou
@Guiitton bah ouais carrment ! On se tiendra au courant frre !
@HerveEvina ds que je finis tu seras au courant
@IVIax_Duff @GeekArashi aaaaaaaaaaaahhhh premire nouvelle j'tais pas au courant ...
@IXfingers oui. Mais j'ai loup le tram donc en fait j'aurai eu le temps de djeuner. SU-PER
@JANOSMORLEY @harryssain je sais pas je suis au courant de rien justement j'attends une rep
@JHaligon dans tous les cas on sera jamais au courant de rien
@JcJcraymond @RoyalCalin on passe du rire aux larmes, c'est un film touchant, sans sexe ni violence... contre courant
@JuliePistool si c'est le frre d'Alison, elles elles sont mme pas au courant
@JulienParis86 courir aprs ton RER ?
@JulyLgr Ma mre peut pas changer ses congs et j'ai pas mes affaires pour cet aprem donc je pense pas. Je te tiens au courant
@Kaiizn ouais attend Jai une coupure de courant mon internet redmarre
@Kammeto Non c'est un abrviation qui veut dire pt de rire dans le language courant
@Karlito_LV Je suis mme pas au courant de l'histoire mdr La mre a dit quoi ??
@LABOURKAA on test deja quelqu'un du coup on cm vera APRET je te tien au courant
@LaProvench coute suis dans rer j ai eu un fou rire un vrai... et la je souris seule je me sens un peu seule mais c est tellement drole
@LaPtiteElice @CLecefel apparement c'est Bagdad sur le #rerc en mode 0 trains mais a tweet pas bcp :/
@Laink Non laink:( si tu veux qu'on te reconnaisse viens  Ozoir je te reconnatrai ! (ce n'est qu'a deux stations de rer e!).
@Landdry Et tu crois que si je parle latin je vais diriger EDF et dtourner tout le fric que je veux! Puis mourir dans un accident d'avion??
@LaughingJack821 @CreepyDraw *en tue au passage, brisant le cou  l'un deux, courant plus vite vers toi*
@Lauris788 mais a partir du moment ou tu fais sous les yeux de tous c'tait OBLIGE que les profs seraient au courant hein
@Lauryn_ch tu ma dj vu courir derrire un bus ? Bah non
@LawrynPerthuis @victrdlny Bon, ok, explique  Law que si tu me dfonces elle sera mme pas au courant pls.
@Le_Figaro La douleur d'autant plus forte maintenant qu'ils sont au courant des circonstances de l'accident ! Bon courage aux familles !
@LeauRatNoeud yep, mais je le garde, sa peut toujours servir ... (Rire diabolique) (part en courant)
@LiseDion J'espre que @phoude est au courant...
@LisonCondio  tu me tiens au courant ! Sinon j'appel ta mre pour savoir et l'hpital et tout mdr
@Little_Unicorn_ T'es au courant que twitter limite le nombre de caractres ?
@Louisiatiique Je vais faire dsol si on a fait des erreur mais a 9h j'avais pas la lumire a tous les tages , le courant passe pas
@Lumia_oy On y pense car vous n'tes pas le 1er  nous le demander :) On vous tiendra au courant, c'est promis !
@M_Stirn @CharleneKemmere dit moi j'en parle  ma mre ce soir quand elle rentre et je vous tiens au courant !
@Maaoui_: Il est au courant que j'ferai le tour du monde pour lui ou pas ? @kevadamsss bonsoir. Radio Manon a besoin de vous.
@Mahtthilde @RERC_SNCF yen a mais ils vont pas o ils disent qu'ils vont. Ce sont les trains surprise
@ManonCheche @nericfanzouze je zaperais quand yaura un but, je serais au courant, je pense que ma TL explosera
@Marieeve_rene Wow !!!! a m'intresse! Tenez moi au courant de vos dmarches !
@Marre_motte Bah quand @CyrilouSan n'est pas sur la ligne c'est la misre niveau trafic  @SmileyTrains @mecanote
@Marre_motte a coute combien ? @Conducteur_RER @rerDriver
@MaxTaillebois @RERC_SNCF pas d accprd IL Y A TOUS LES JOURS des pbs Meme un train sup est un.pb
@MelvinBstm: ah la mre vos putes mdrrrr on sent la haine mais la grammaire est partie en courant
@MichaelLaTota pour tre au courant en 1 er si il annonce appuyer dessus
@MichelMounier1 je l'espre ! je me dois d'tre au courant !
@MickAyew @carmeloanthony tkt je te mettrai un dm tu seras au courant de mon actualit keep in touch mate.
@MimiyaLesBetiZ Man Ya Meme le Rer ou le train. Ou bien il saute du haut d'un tage.
@MissB2403 Bonjour ! Elle sera disponible dans le courant de l'anne 2015 :)
@MoiiJojoTomo @tiffaniegrn Je suis encore la dernire au courant !!!
@MrKiffeur @RERA_RATP tu peux toujours attendre... Ils rpondent autant que les trains sont  l heure... C est dire
@NAUTICALHALO: Ma mre est venue dans ma chambre, elle m'a dit "je suis au courant" elle m'a prit dans ses bras. J'y crois pas. " Adieu
@Narryfiquement Pire .. Ils vont rien comprendre quand tout le monde sera au courant que c'est eux les fautif ..
@NoFlag_ oh mais je ne suis pas au courant de cette agression...vous avez des liens vers des articles svp ?
@PaaaauulReey mdrrrr ah osef moi mtn que ma mere est o courant menblc
@PaaulineGrc Fionfon n'tait mme pas au courant que son pre faisait les Frances maitres quand mme !
@Pieridje j'espre aussi tiens moi au courant !! tu as grave du avoir des eyecontact elle regardait grave !!
@PinkLeelyy Ouais j'ai vu, quand tu le feras tien moi au courant :D
@QuentinChamps on est au courant merci, on en a eu la preuve hier, de toute faon cette conversation ne mneras nulle part
@RERA_RATP 20mn de retard  19h19, aucune alerte trafic, quai noir de monde  Fontenay ss Bois, 4 RER passs en face. Merci la #RATP
@RERA_RATP aprs 25min, un RER qui s'est arrt! Bonne matine Thierry et merci de nous avoir tenu au courant de l'tat du trafic! ->0 info
@RERA_RATP bonjour pourrait on savoir pourquoi les trains entre 7h50 et 8h sont supprims  Torcy direction Paris ?
@RERA_RATP il espere partir un jour le train ai depard de chessy 6mn qu'il a sonner les porte et toujours a quai
@RERB Vs n'en avez pas marre de tjs prendre en otage les mm voyageurs? 0 train en 30'  Fontaine Mi ? 100 pr arriver en retard au taf, top!
@RERB pourquoi le trafic est ralenti en direction du sud ? On se trane sans aucune info
@RERB quand on vous ecrit pour des trains retardes aucune reponse mais pour tweeter des trucs a deux balles ca y va
@RERB: 07:19, le trafic est perturb sur la ligne (panne de signalisation) #RERB heureusement que j'ai pris le mtro -'
@RERC_SNCF @WMyWay_Mobile trafic fortement perturbe sur la ligne @RERC_SNCF
@RERC_SNCF @bgoss44 @ACircule @Asso_usagersidf Il y a des trains entre Austerlitz - SMSO SI OUI quelle frequence Merci
@RERC_SNCF @bgoss44 @ACircule @Asso_usagersidf Vraiment dommage conducteur du ELBA ne fasse pas les annonces dans le train !!!
@RERC_SNCF @bgoss44 @ACircule @Asso_usagersidf srieusement c est tous les 15 mn ? 30 mn ? une heure ? le COP doit bien le savoir ?.
@RERC_SNCF @cm912010 quand il y a des annonces... Des trains arrivent en gare on ne sait mme pas ou ils vont...
@RERC_SNCF @freddytinyworld nous sommes dans le mme train magique Dufy/Deba -> DuBa ou plutt un DFy :D
@RERC_SNCF A quand le prochain train pour SMSO soit depuis Paris Austerlitz soit depuis Juvisy. C est la grande confusion sur TRANSILIEN ..
@RERC_SNCF Alors je fais comment pour rentrer chez moi ???? via AUSTER vis JUVISY ???combien de trains ??? merciii
@RERC_SNCF Attention : impossible d avoir les trauins de Juvisy  SMSO rubrique TEMPS REEL. La liste des gares RER C nest pas disponible
@RERC_SNCF Bonjour le trafic est il revenu dans le sens massy VersaillesC. Je suis en gare de Chilly. Merci
@RERC_SNCF Bonjour le train slom de 18h10  Saint Quentin en Yvelines est-il maintenu?
@RERC_SNCF Bonjour, est ce que des trains en direction de montigny beauchamp vont passs  porte de clichy dans l'heure suivant ?
@RERC_SNCF De plus le traffic est perturbe. Comment peut on s y retrouver?
@RERC_SNCF Demandez nous pas d tre vigilant votre Scotch il tient pas direction pontoise train Nora #rerc
@RERC_SNCF Faudrait mettre vos tweets sur les affichages ou nous donner le wifi ! paske l, on monte dans un train au hasard.
@RERC_SNCF Je suis  la gare de Muse d'Orsay. Quelle est l'horaire du prochain train  desservir Epinay sur Orge ? Merci
@RERC_SNCF Oui, mais l, dans ce cas prcis, il y en avait un. De plus, le train s'arrte bien  une gare, ensuite. Avec des camras.
@RERC_SNCF Train SARA de 8h40 de St Quentin  St Martin auj., le conducteur est l'un des rares  faire des annonces et en + sympa. Bravo !
@RERC_SNCF Train direction Dourdan prvu  16h32  St Michel Notre Dame maintenu, ou il faut se rendre  Auster ?
@RERC_SNCF Y'a des trains sinon ? L'appli "horaires me" n'indique aucun train. Merci :)
@RERC_SNCF a massy pal dir juvisy, aucune indication sur les heures, pas de trains, ecrans noirs. A qd le prochain train #anarchy #help
@RERC_SNCF a quelle heure les trains pour aller a bfm dpart epignay sur orge
@RERC_SNCF bah non mais qd mme pr fluidifier... bref je joue au loto demain : DUFY qui devient DEBA en cours de route. #rerc #qml
@RERC_SNCF bjr, quels horaires pour des trains d'Austerlitz->Arpajon? Infos divergentes selon la source (site transilien ou sncfdirect)
@RERC_SNCF bonjour, avez l'heure de passage d'un train  Pereire direction pontoise ? Car aucun n'affichage ne fonctionne
@RERC_SNCF bonjour, je suis  pereire et je dois tre  boulainvillier dans 20 minutes, a vaut le coup d'attendre? Merci
@RERC_SNCF bonjour, pouvez-vous me dire comment est le trafic a BNF pour aller a Bretigny svp
@RERC_SNCF bonjour. Nous sommes  l'arrt (train gota)  Ivry sur Seine mais un vick vient de nous depasser, pouvez vous m eclairer?
@RERC_SNCF bsr appli transilien HS normal ? ou representatif de pas avoir dinfos sur les arrives des trains a Bfm ?
@RERC_SNCF ca ne fait qu'un train toutes les 1/2h pour paris ....
@RERC_SNCF ce sont donc les seuls trains  passer en soire entre St Michel et Austerlitz ?
@RERC_SNCF comm sur arrivee des trains. les agents sur quai sont dans l'ignorance
@RERC_SNCF d'accord merci. Annonces sonores entre temps qui indique un train  Porte Maillot.
@RERC_SNCF elle est monte dans une voiture du train et est partie
@RERC_SNCF est ce que je trafic sera totalement rtabli en fin de journe ?
@RERC_SNCF faites un sondage! On paie nos navigo pour avoir des trains pas du caf ou de la musique. Ou alors quand le trafic sera "normal"
@RERC_SNCF hello, il n'y a pas de chauffage dans mon train c'est un kuma qui est partie de Breuillet Village a 8h07. Vous pouvez m'aider?
@RERC_SNCF il me semble que c'est un train au dpart de choisy qui partait bien plus tard que le gota quand mm. On est  un arret de Bfm...
@RERC_SNCF j'ai bien compris, mais les affichages n'taient pas  jour jusqu' l'arrive du Vity, le train prcdent tait "inconnu"..
@RERC_SNCF j'ai rien dis, j'avais pas vu vos infos sur l'accident
@RERC_SNCF j'ai vu a, merci ! Et mon train est  l'heure, hors il y a une annonce de perturbation lol
@RERC_SNCF je sais bien merci mais je vous informe que ce sont toujours les mm trains qui sont penaliss. C fatiguant sincerement
@RERC_SNCF la trafic est il revenu dans le sens massy - savigny ?
@RERC_SNCF le prochain train qui va de savigny a ste Genevive arrive a quelle heure svp ? 15h54 ?
@RERC_SNCF merci pr les annonces faites expliquant les dessertes modifies, pr une fois on sait  quoi on s'engage en montant ds le train
@RERC_SNCF oh ce pas de bol pour moi du coup, un caf avec la nounou et le dcalage est total...
@RERC_SNCF pas de trains , pas d'horaires. par contre la suge et les contrles magntiques a a marche. #rerc #qml
@RERC_SNCF plus aucune visibilit sur les trains a quai ou a venir ! Inadmissible en situation de forte perturbation & @SNCF_Direct perdu
@RERC_SNCF plus d affichages les agents sncf perdus entre les annonces et arrives des trains alatoires quelle gestion de crise
@RERC_SNCF pouvez vous me dire a quelle heure les horaire des trains en gare d Epignay sur orge pour aller  bibliothque Franois miterrand
@RERC_SNCF prochain train pour champs de mars depuis Porte Maillot ? Merci
@RERC_SNCF quels sont les trains au dpart de BFM ?
@RERC_SNCF ralentissement important, plus d'affichage ni annonce
@RERC_SNCF savez-vous quand sera le prochain train de Pereire Levallois vers Cernay ? Merci.
@RERC_SNCF toujours pour info il y a des gens qui s'enervent serieusement car des trains nous depassent dans les deux sens
@RERC_SNCF tout les trains slom rendus terminus  juvisy, que pasa sur le #rerc ??
@RERC_SNCF toutes mes excuses, mais on s'en fout, on veut des trains, et voyager assis comme avant.... #Sncf ferait mieux de grer le matos
@RERC_SNCF un gars drange tout le monde en prchant dieu tout les soirs dans le train de 18h15-porte maillot. Pouvez-vous le chassez ?#rerc
@RERC_SNCF une heure entre les ardoines et ivry sur seine. C pas normal, le trafic ne peut pas tre interrompu que pour un train.
@RERC_SNCF vite piti un train  Javel pour Meudon, la dame  ct de moi imite trs mal Camlia Jordana. #Merci
@RERC_SNCF vs annoncez les mars terminus austerlitz mais aucun message ds le train, une annonce sonore pourrait etre cool
@RERD_SNCF  ce kon voi ls tr1 pour Gousse passent sur ls voies du tr1 d orry alors pourquoi c encore ns trains k'on supprime?@Asso_SaDur
@RERD_SNCF Excusez-moi je ne comprends pas votre tweet. Le train de 23h28  SDF direction VLB-Orry etc est-il maintenant ?
@RERD_SNCF allez encore des trains supprims #boisdelepine #salauds #fonctionnairesbranleurs #syndicatscancerdelhumanite #HonteAVous
@RERD_SNCF aucun train pour le sud depuis 15 min et 0 infos, ZICO toujours pas a quai a 17h42 sans info. Bravo
@RERD_SNCF comme tous les soirs trains en retard et supprims.... Surtout ne changez rien !!! #rerd #qml
@RERD_SNCF merci de l'info mais j'aurais prfr l'avoir directement  bord du train comme cela est fait habituellement. Bonne journee
@RERD_SNCF merci. Je n'ai trouv l'information nulle part sur les sites SNCF, les horaires donnent un train toutes les demi-heures.
@RERD_SNCF pas de trains vers le sud pendant 20 min mais pas possible de mettre un ZICO a quai qui vient du dpt...
@RER_B ma rete a dis mon corps a dis non... la y avait un probleme...
@Racingpassion42 Ouais ouais j'en ai une mais ils passent qu'au second passage. Il coupe le 1er tour pour les bus scolaires...
@Roc_Anais J'aimerais tre la premire au courant !!! <3
@SLGienne Tu seras la premire au courant t'inquites ;)
@SNCF @RERD_SNCF a cause de votre automate de mrde j'ai louper mon train je vais encore arriver en retard
@Saeptem 2015 mais ils ont sorti le cd de Kaaris comme a et je veux l'couter pour mon trajet de RER de dtaleur l
@Saidd_L @EA_FIFA_France C'est beau de rver ils rpondent jamais  rien surtout quand tu critiques.. Ils sont au courant qu'ils tout baiser
@SaraMenai @Adrientp Equipe pour l'avenir = Euro 2016 et je pense que je peux te mettre au courant mais Evra sera sans doute de l'aventure
@Sekousmall Ahaah  ouais il m'a dit accident rer C
@Shla_K oui j'ai reu je te tien au courant pour le payement beau travail gg !
@SideKalott @LydieGVP les gens sont au courant ya juste cette reprsentation de perte de temps et d'inutilit de la justice qui les freinent
@Suaniinho chaud ms ts o courant tu sera jms pret
@Sylvain_Di_Palo Nous pouvons vous tenir au courant de manire personnalise grce  cette page :  Cdlt ^FrP
@T0POL je cours rarement aprs le RER
@TAObustram Accident entre Moreau et Candolle direction Cap Saran. 2 vhicules impliqus. Possible bouchons pour vos bus.
@Tea_graszk Ma mre est  ct et vois ce que j'cris. Donc mtn elle est au courant que tu dors  ma case samedi si t'es ok :')
@TheAmnesic @MVCDLM Pardon, mais c'est un petit peu bte comme raisonnement. Faut aussi arrter train/bus/voiture et d'tre piton, alors.
@TheoRohff j'avais plus de lumire chez moi mdrrr plus de courant j'crois j'flipper ma race :(((
@TiffanyCintas @RainbowInHell_ ma mre est au courant mais la ya que mon pere a la maison et il va m'engueuler si je lui dit ....
@Torai_Tsuyo Oui tu seras la premire au courant
@UrBoyPrime514 tout est en prparation Des qu ca arrive tu sera au courant!!!
@Vilaindoudou @ThadeusBeaumont oh oui moi aussi je prfre limite les animaux;) alors oui a va te bouleverser. Mais tu seras au courant
@VivienSD ds qu'il y a un arrt en pleine voie avec un train de voyageurs nous devons siffler ;) @Conducteur_SNCF @Conducteur_RER @ADCTR1
@Waz_is_Waz t'inquites quand j'aurai la rponse tu seras le premier au courant !
@X_Wendy_VIP a quoi ca sert que je te tienne au courant si tu reois une notification ? x)
@YannDecoopman @Othenin_ @korleon38 Yes ! On fait le max. Je vous tiendrais au courant, j'espre que vous serez les premiers users :)
@YousraDari Elle tait mm pas au courant qu'il tait en couple faut arrter !
@ZerguineM @mjjwoman @rolandgarros j'espere :) Tiens moi au courant on fera tellement de bruit a la soutenir qu'on passera dans le zapping!
@_SmileOfHarry_ toi faudra que retourne en cours quand tu sera assez forte moi je ne prend plus le bus depuis 3 jours mais le 1e c'est pour-
@_Taywa bonjour, un dfaut de porte sur un train provoque des retards sur le rseau tram. Retour  la normale prvu vers 9h.
@_stylesinski j'passe lundi omg bonne chance tu me tiens au courant j'suis SURE tu vas grer
@_tommoily @1DBEProject je demandes juste de faire passer un max parce que je suis sre que tout le monde soit au courant
@alittletoomvch demain !!!!! ( j'espre le voir ) je vais courir jusqu' l'arrt de bus ahaha
@amijodoin J'ai entendu parl d'un mouvement : Au 1er avril entre 19h et 20h coupons le courant.
@angegagliani Ils ne doivent pas penser qu'on peut chapper  une distribution ou mme prendre le train plus tard. @RERC_SNCF
@apfhandicap Le tram-train Nantes-Chteaubriant reoit un prix accessibilit
@babylucypearl Ah! Je commenais a m'inquiter lol t'es au courant des actu??
@bere_shr_ au pire il sera encore moins au courant que nous
@bernard_leonie mais tellement putain, la prochaine fois je vais te faire louper ton bus on va bien rire
@charlierpgaib *elle afficha un sourire en te faisant un petit clin avant de repartir en courant vers le marchand de glace.*
@daubiggi alors couverte ici et j'espre tranquille ( on se tient au courant !)
@davidzegre Bonjour ! Oui, elle sera dploye dans le courant de l'anne 2015 :)
@elhbatard tu seras tenu au courant de l'avancement du dossier mdr
@emiarebboah va voir la story de Lonie, elle a reu les papier elle doit tre au courant
@emmaokaenshield Dis moi, tu veux venir au cinma demain soir aprs les cours ? on prend le bus vers 18h ^^
@evegabrieel mais  Valenciennes sa parles derrire tout les monde et en face sa se suce la bite et moi jsuis au courant de tout des//
@franceinter il faut arrter la grve , depuis midi tout le monde est au courant ....
@galoupette215 Bjr Galle, pas le choix ou sinon tu stationnes en inter  faut aussi supprimer train pour ne pas bloquer ligne @RERB
@galoupette215 Hello ! RER B:trafic perturb sur l'ensemble de la ligne (panne de signalisation en gare du BOURGET)
@hal_droid certaines personnes ne sont malheureusement pas au courant, comme ma mre qui appelle le dimanche matin matin.
@hey_lloceane on repasse les tpe et du coup tt les profs sont au courant c'grv chelou
@ingdirectfr_SAV depuis 2/3 jours y a des soucis avec votre site internet, NON ? Quand j'essaye d'accder a mon cpte courant :(
@ingdirectfr_SAV j'ai une page d'erreur quand je veux accder  mon compte courant ... Meme prob meme sur plusieurs ordinateurs & navigateur
@itcamille enfin, je sais pas si mes gds-parents sont au courant. a fait 20ans que ma gd-mre veut y retourner elle aurait pu y aller + tt
@itcamille sur le coup, je ne peux pas leur en vouloir : personne n'est au courant. Ma mre a essay de leur dire que c'tait p- 1 mauvaise
@jsuiswikipedia tu m'as fait rire, pour la premire fois depuis que je suis au courant !
@kamelia_reg Mdddr 15h ou 16h doudou je ne sais pas encore je te tiens au courant tqqt
@katiham99 @nathanmrn1 @MedinaetEmma Mddr vas-y c'est pas grave on sera forcment au courant si t'a eu un truc de toute faon
@kenpro11 mme un col bleu ne seras pas aux courant ??
@kersausonde Ca ne pose aucun problme aux conducteurs de train  poke @Conducteur_RER @Conducteur_SNCF @ConducteurTR1
@kwyxz Loin devant ceux qui se jettent devant un RER et paralysent le trafic pendant des heures, et pourtant ils taient parti pour rgner.
@lulznix @Mugen__ @Yuri_gz C'est sr mais l'extrapolation vers le rajout de speed, c'est courant ?
@macplus @iphoneaddictfr je n'en doute pas ;) en tout cas merci de nous tenir au courant tous les jours des dernires infos ;)
@marineazertyy bah on venez en mode on tais cacher derrire les voitures et Apres j'ai vu sa parter en couille Jsuis arriver en courant
@mboquien je crois que la probabilit pour un chauffeur de RER sur une carrire pleine de couper en 2 un gars est quasiment 1
@mgnpllt Cest juste le dpart d'un type que tu connais mme pas un type de ton bahut partirais que mme pas tu serais au courant c'est grave
@miarpgfr_ *rit en courant derrire toi*
@moreau_al @juliiendupuy  ! Je n'tais pas au courant. Je vais rectifi le tir, demain tu te lvera avec un penis de cheval ! Dieu.
@morrisonoghue @wesleyski non mon sunshine c'est katie (wahh premire personne qu'est pas au courant demain il neige)
@mougribi Ta grand mre l'astronaute toi il est au courant que t'as plus de moustache que moi? mdrr previens le
@natlambert j'ai de trs bon souvenir de votre mre chez Jean Coutu elle nous tenais au courant de l'volution de votre sport. Fan 1 votre M
@ouiiiiii_nadege Merci beaucoup ma belle. C'tait gnial j'espre  trs vite.hte smaine proch vnements parisiens tiens ns au courant
@pauline_varnier ouais mais sans moi tu serais pas au courant sur le match..
@pfragne @RerTgv @RERE_SNCF Et des trains en plus
@philousports les familles sont peut-tre au courant, j'espre qu'elles ont t mises au courant avant que tout ne fuite...
@pintofscienceFR @Asso_Conscience @PatchworkSci :) on se tient au courant je suis pas sre d'tre dispo
@pommedeCla Nooon c'est samedi soir ! vous serez au courant de tout, j'essaierai de vous tenir au courant <3
@prettyandlazy Mais je suis toujours la dernire au courant moiiii
@prpoub seront ouverts  la vente courant de la semaine prochaine. Voil, j'espre avoir pu vous aider ! Anastasia@iDTGV 3/3
@raphou77 @Mdelormeau visiblement Nathalie etait au courant et elle na rien fait pour protger son couple c juste une excuse a de bal
@ravien33 ah, parce que je vais  l'appart de ton pre ? J'tais pas au courant x)
@rerc_sncf Hmm, est-ce que celui de 18:39 l'est du coup ?
@sabouthemilk oui avion bus tram hlicoptre voiture train
@sadantoni L'event est secret en fait. Ce sera le 2 avril  18h30 dans un lieu encore non dtermin, mais je te tiendrai au courant !
@shagshag Jamais le musulman sera un lectron libre courant aprs ses passions et ses intrts contre sa religion
@sliverlouis De toute faon s'ils disent quelque chose de positif, je serai au courant via twitter.. Bon courage pour ne pas pleurer
@sncf @RERD_SNCF problme d'aiguillage  Goussainville, train supprim  Melun ?? 100 km entre les deux villes #prendmoipouruncon
@spoum42 Tant mieux parce que je suis pas partie... (que le trafic reste propre hein @RERC_SNCF, faudrait pas me dsesprer ce soir ! ;< )
@spoum42 des trauins, tout  fait ! @RERC_SNCF
@takemetoIiam mais non t'inquite c'est pas grave heureusement que tu m'as appeler je prfre tre au courant
@therolld j'espre que pom n'est pas au courant ......
@troubleleigh tu seras la premire personne au courant !
@zayndrug_ si tu serais un peu plus au courant tu l'aurai su Pck bcp de personnes le savent
ALERTE ! Le trafic est ralenti sur la ligne #RERD jusqu' 20h #BOF
Accident impliquant 2 autobus et 1 voiture sur la rue Saint-Hubert
Accident impliquant deux autobus scolaires  Jonquire
Accident sous le viaduc Saint-Hubert,  Jonquire, impliquant 2 autobus scolaires et 1 auto. 2 enfants pourraient tre blesss.
Accrochez-vous ! Le trafic est fortement perturb au niveau de la ligne #RERC #KO
Actu @itsocial_fr : DSI vs DRH  Vers la DRH numrique: A contre-courant de la morosit...   lire l'article ici
Ah ptdr y'a un gars qui a trait et embrouill mon frre au tram pour une clope alors qu'il allait au boulot
Aie ! Le trafic est ralenti sur la ligne #RERD jusqu' 20h #BOF
Aimeriez-vous du Bloodborn en stream ? J'hsite  acheter le jeu.,Sinon, on passe en live vers 13h. Je vous tiens au courant !
Allez on y va :)Je vous tiendrais au courant de temps en temps :),GOGOGO pour minimum 9H de voiture jusqu' la frontire c:
Appli transilien: Trafic perturb sur le rerSignalisation. Vous dites quoi la team #rerb ?,#qml
Arrt  nouveau desservi  partir de 11h00 Trafic normal sur les autres lignes de RER, [2/2]
Attends mais moi javais zappe le frere jumeau de Jason la, totalement je suis paume je vous le dit,Du coup je sais pas qui est au courant-
Attention amies/is du #RERb incident au Bourget, trafic ralenti. Allez, que cela ne vous gche pas cette belle matine #courage
Autobus viendront rcuprer les manifestants devant #assnat #manifencours La police les laissera partir en file,  leur signal #lesoleil
Aux gens qui sont venus en autobus pour la manifestation, ceux-ci seront sur la Grande Alle Est face au Parlement pour vous rcuprer.
Avant dans le bus une gow elle me guettez en mode nerve coup de press on dirait j'avais brler sa famille
Avec twitter je serais au courant de tout mddr pas la peine de regarder  #FRABRE
Avis aux fraudeurs.. ne passer pas par la Dfense ils sont la au niveau train grande ligne, le tram et RER A. Ne Tentez pas
Bara : du beau monde pour rcuprer Alves !
Ben oui le RER D oui supprime des trains ui ui
Big up pour le #rerc qui supprime un train SLOM et KUMA a juvisy !!!! #qml
Bon je m'tais dter hier soir pour aller en cours ds 8h... La motivation s'est barre en courant...
Bon je sup tn compte de mon tel, salam prend soin de toi. On s tien au courant bientt j'espre incha'Allah #S
Bon l'EDF termin je coupe la lumire
Bon ma mre est au courant, je profite des mes dernier moments de vie social
Bon rsultat du tour dans mantes : j'ai le cadeau pour ma mre, tout le monde est au courant pour l'autre con & on m'a demand o tait Popo
Bon, ma mre est au courant. Je pensais pas qu'elle ragirait comme a. Elle a enfin comprit qu'ils taient importants.
Bonjour @RERC_SNCF savez-vous quand passera le prochain train direction Pontoise/Montigny Bchp  Pont de l'Alma?
Bonjour @RERC_SNCF, y'a-t-il des trains au dpart de VersaillesC vers Massy ? Merci par avance
Bonjour @ffme1 aujourd'hui commence la mission pour laquelle vous m'avez contact,,Qu'en est-il ? Je peux esprer tre tenu au courant ?
Bonne matine aux voyageurs sur le #RERA. Ici Thierry pour vous tenir au courant de l'tat du trafic #RATP
C'est n'importe quoi la.. Des trains entre en gare on ne sait mme pas ou ils vont. 0 annonce... Je reve @RERC_SNCF
C'est quand mme bon d'avoir le permis, quand tu vois le gens courir derrire le bus !
Ce matin j'suis pass au secrterait des lves, j'ai zieut vite ft,mdr je suis au courant des notes des STMG qui ont pass le bac en 2012
Cette demande de correction de bug me donne envie de crier "Derrire toi ! Une licorne !" avant de partir en courant.
Changer de train 4 fois pour faire 8 arrt. Merci le #RERC ! @RERC_SNCF
Concernant l'accident d'air Bus A320,avec 150 personnes a son bord! Bcn  Dsd
Cool ! Retour  un trafic rgulier sur l'ensemble de la ligne #RERA #OK
Coucou le spectacle que j'ai loup. Coucou le rer b jamais foutu d'avoir un train  l'heure.
Courir derrire un bus d'un arret a un autre parce que y'en a que 1 par heure, puis ce rendre compte que c'est pas le bon bus, le top du top
Dan le bus y'a un gars qui "soulve 100kg" jsuis sre je lui demande de me porter a parle chinois d'un coup
Demain c'est la dernire fois que je prend le bus du coup lol
Demain je fini les cours a 12h40 et j'ai mon bus a 13h, j'aurai pas le temps pour me faire un bon repas
Demain jvais graille au mcdo avec la mre de mon mec et il est mme pas au courant ptdr
Depuis quand un train DROP s'arrte  Houilles Carrires sur Seine ? Oo #RERA #QML
Des flashs infos trafic du RER C sur votre mobile  #Application #Smartphone
Devinez quelle est l'excuse du jour pour le trafic perturb du RER B ? Panne de signalisations en gare du Bourget...
Devrait y avoir 1 message derrire les bus du genre "ne courez ps j'part dans 6min" parce que sa soule de courir pour R & il part pas direct
Dites @GroupeRATP, c'tait dj pas drle les trains qui s'arrtent en pleine voie sur @RERA_RATP, pas besoin de remettre ca sur @RERD_SNCF
Dj dans le rer D l'autre fois yavait un allemand en train dse branler juste en face de moi jvous jures qujai jamais autant fixer mon tel
Du coup je le ferai dans le bus voil
ENCUL DVOS MERE PERSONNE EST AU COURANT QU'RENO Y MA OFFERT UN STRING ELEPHANT
ENTOUCAS SAGNA ET EVRA VOS MERES C DES PUTES MAIS VOUS ETES PAS AU COURANT
Elle a raison, quand j'ai eu mes pb avec ma mre, ma famille tait au courant et pourtant j'ai eu 0 appel 0 message
Elle tait pas au courant vu que de toute manire on ne se parle pas -'
En fait ma mre me connat tellement bien que je suis sre elle est au courant de tt juste en me regardant
En plein concours, coupure de courant plus de lumire dans l'amphi, on doit tous sortir xD
En plus je gueulait: "CAROLINE , J'AI LOUP MON BUS, REGARDE IL EST LA DERRIRE"
En tt cas tenais moi au courant si vous voyer cette vido tourn ca fait flipp nique sa mre
Encore quelques minutes de patience ! Le trafic est  prsent ralenti sur la ligne #RERB #BOF
Entre le problme de la ligne 4, les trains supprims, qd on c'est tromp de rer et on a du faire le changement, j'suis rentre a 21h hier
Et donc Deschamps nous annonce que le Brsil prpare la Copa Libertadores... Ce ne serait pas plutt la Copa America Didier ? #EDF
Et moi j'suis au courant de presque tout, commre que j'suis
Et que dire d'un(e) Dr d'cole au courant des perversions d'un de ses profsdit..NE POUVOIR RIEN FAIRE..on croit rver..,#BourdinDirect #EN
Euh mais vous tes au courant que les Bentaleb, Feghouli, Brahimi et tout il ont t espoir FR donc leur 1er c'tait la France mais bon
Euh par contre Zayn n'est pas mort vous tes au courant les nanas, je veux bien qu'on soit fan, mais del  dire qu'on prfre voir mourir..
Faire ralentir le bus juste pour que tu le prenne avec moi le matin.. >>>>>>>>
Farouz il m'a tu tout a l'heure! Il pensais qu'en courant plus vite que la lumire il remonterait le temps
Fin de journe, je sors de cours et me dpche d'aller prendre mon RER. Un dmarcheur m'acoste devant la gare.,"Salut a va?"
Fini les cours  11h... Franchement heureusement que j'ai un bus  12h40 sinon j'aurai pter un cble
Gros accident sur ma ligne de tram supeeer
Gros dbrayage sur le site de PSA Mulhouse. Une premire depuis septembre 2013 | Courant...
Hello @RERD_SNCF ! Votre app n'est pas du tout  jour : mauvaises horaires et trains fantmes... (Celui de 6h49 de ce matin par ex !) #sncf
Heureusement que le @Hoopcast est la pour me tenir au courant de l'actualit NBA, car derrire les Alpes le basket ont ne connais pas
Hey salut @Siphano est tu au courant de la potentiel histoire de fermeture de youtube ? #SiphapointS'il fermais que ferais tu et ou ?,Merci
Hier on etait a la rivire dans le courant et tout le soir j'ai t au rugby , bah ce matin je ressent bien le mal voyer vous .
Il commence a me courrir apres. Du coup je cours et la j'arrive vers la rue en courant pour traverser la il gueule "LORENE ATTENTION" et -
Il est 10:11 et le trafic est normal sur l'ensemble des lignes de RER
Il est 12:11 et le trafic est normal sur l'ensemble des lignes de RER
Il est 12:28 et le trafic est normal sur l'ensemble des lignes de RER
Il est 17:11 et le trafic est normal sur l'ensemble des lignes de RER
Il est 17:28 et le trafic est normal sur l'ensemble des lignes de RER
Il me semble que depuis 2002 les cockpits sont quips de camras qui enregistrent sans discontinuer. Quelqu'un serait-il au courant ?
Il y a 2 ans, accident de train amne la Sask.  modifier Rglement doprations des autobus scolaires #jeudisouvenir
Ils ont pass les photos et audios qui tournent dans le journal TV et ma mre me dit de venir voir comme si j'tais pas au courant..
Infotrafic #RERC : Trafic fortement ralenti jusqu' 16h, l'organisation de la desserte est modifie :
Infotrafic #RERC : Trafic ralenti sur l'ensemble de la ligne jusqu' 11h (incident signalisation  Paris) :
Infotrafic #RERC : Un incident de signalisation  Paris modifie les dessertes de vos trains :
Infotrafic #RERC : [MAJ] Trafic fortement perturb jusqu'en fin de soire . Et aucun affichage... Quelle galre ! @agenin_arnaud ;-)
Infotrafic #RERC : [MAJ] Trafic fortement perturb jusqu'en fin de soire. Mise  jour des missions modifies :
Infotrafic #RERC : [MAJ] Trafic fortement perturb jusqu'en fin de soire.,Dessertes modifies :
J'ai crois une bande de gamins, ils ont fait demi tour vers moi ils m'ont mis une main ils sont partis en courant ces fdp
J'ai cru que j'avais loup le bus alors j'ai courue sur 50m derrire quand le chauffeur a ouvert la fentre et m'a dit:,-je repasse tqt pas
J'ai du rentrer sur la pointe des pieds chez margaux psk son pre tait pas au courant
J'ai envie de rire ce jour .est ce que Hollande est au courant que V.HUGO, CLINE,MAUPASSANT, et d'autres sont morts?
J'ai mis cette photo en couverture sur FB au cas ou des gens ne seraient pas au courant ^^ #FRABRE
J'ai mme plus envie de prendre le bus j'ai peur qu'il fasse encore un accident
J'ai pleur ce matin et ya 1 meuf elle l'a rpt  une autre qui l'a rerpt etc mais YA PAS BESOIN QUE TT LE MONDE SOIT AU COURANT BORDEL
J'ai pris deux trois paquet de gteau ce con il a aboy direct  je me suis taill dans ma chambre en courant pour que ma mre me grille pas
J'ai visiblement loup le bus ma mre veut pas m'emmener pas de problme a me fait 40min  marcher jusqu' horbourg jvais louper l'histoire
J'aime dj cette journe... RT @RERB 07:19, le trafic est perturb sur la ligne (panne de signalisation) #RERB
J'allais finir dbz xeno et la coupure de courant. :))))) tu te fous de ma gueule j'espre?
J'aurais pu ne pas aller en cour avec l'excuse des bus en greve mais les vendredi matin c'est ma mere qui m'emmene
J'avais des plus petites jambes que les gars donc j'tais  la trane et Henri a commencer a me soler pour que on loupe pas le bus 1/2
J'avais mme pas envie d'aller en cours ujd ma mre est mme pas au courant pour zayn
J'en ai srieusement marre de me faire enfumer ds la premire respiration  chaque sortie de bus, de trains... #mettezdespatchsapuemoins
J'espre ne pas me mettre  pleurer dans le bus ou en cours...
J'espre que a va faire comme pour la vido zouis. Personne sera au courant et on parlera pas de a. J'espre
J'espre que pour une fois romane ne va pas louper le bus demain !
J'prfre encore louper mon bus sans le voir que de le voir passer juste devant moi sans que je puisse le prendre...
J'tais a la gare de BFM, pas de train, pas d'indication, Gare blinde, si y'a pas eu de mort on a eu de la chance ! #SNCF #RERC
J'tais pas au courant que l'acteur qui joue Petrov dans House of Cards est le frre de Mads Mikkelsen ! :O
J'tait encore la dernire au courant j'suis sur
J'y serais aller en courant moi c'est un de mes rves culinaires  #lrt
Jai couruuu pr avoir le bulletin avant lui et le cacher sa mere putain juska juste en courant mes cheveux ils sont passer de lisse a boucler
Jai louper mn bus jcrois nique sa mere
Jai voulu faire la meuf a aller voir ma mre en courant jai glisser
Jamais je serais au courant de ce qui se passe
Je crois qu'il ya tout le lyce qui va tre au courant que j'ai pter une table juste en masse tant dessus PTDRRR
Je crois que ma mre l'a pas mt au courant.
Je croyais avoir tout vu dans le RER jusqu' aujourd'hui... Quelqu'un se coupe les ongles de pieds  ct de moi...
Je dansais dans mon hall puis mon pre m'a poursuivi en courant pour que je sorte
Je fais dcouvrir au grand pre Twitter et il a l'air de kiffer le fait d'tre au courant de l'actu en quelques clics :D
Je ferais sans doute une session en mondi plus tard ce soir, je vous tiens au courant sur twitter et ce sera sans doute stream. #LT
Je me fait chier dans le rer sah c'est pour sa je vais pas en cours
Je ne suis pas chez moi donc pas de Live ce soir. Si je lance un Live, a sera tard le soir. Je vous tiens au courant. Bonne soire pisse!
Je sais pas  quelle heure je vous tiens au courant, mais se sera pas du Pokmon standard ni du Nuzlock, se sera du fun ;)
Je sens les larmes arriver.. Mon pere est pas encore au courant en plus
Je suis au courant de la vie des frres de Coralie par l'intermdiaire de ma maman haha!
Je suis en fdp dans les motif d'absence jtappe des '' viggie pirate '',''problme familiaux'','' accident sur le quai'',''accident bus'' mdr
Je suis toujours la dernire au courant putain
Je suis votre conducteur sur le train FACA dpart 9h14 de Melun @RERD_SNCF
Je tombe sur le cul. Ma mre a Facebook dj et elle es en couple. Qui es pas au courant ?
Je vais rsumer ma journe: Accident de bus !!!
Je viens de croiser au moins 6 bus escorts en direction de l'accident d'avion car oui j'habite pas loin et bien les larmes sont montes :(
Je vous tiens au courant sur twitter mais bon profitez j'ai t pas mal actif ces deux dernires semaine au niveau des vidos
Joie du RER C : problmes de trafic + absence affichage + annonces laconiques = bonheur du voyageur #qml
Jonquire: Accident sous le viaduc Saint-Hubert impliquant 2 autobus scolaires et 1 auto. 2 enfants pourraient tre blesss #Courrierdusag
Jsp arrter de fisha vos pb sur Twitter et allez en dm pcq la y a tous Twitter au courant
Jvous jure sans tel jsuis rien j'peux meme plus demander a ma mere de me monter des ptits gateaux sans que toute la maiz soit au courant
L'EDF ils sont chauds sur les coups de pieds arrter en scred
L'histoire de finir la journe pb #RERC !!!! Pas de train..... @RERC_SNCF
L'jeudi c'la pire journe,vous pouvez ps savoir cmt j'tais heureux qd j'ai su que j'avais ps d'bus et qu'ma mre m'as dit t'vas ps en cours
L'trange kiffe qu'est le Vapor Wave et Floral Shoppe, l'album qui reprsente le mieux ce courant artistique...
La ligne C du rer, vous abusez bande de putes avec vos problmes, trains supprims et annuls. J'ai mis 1h10  rentrer chez de moi de Sav.
La terre entire est au courant sauf .... ELLE
Le #RERE nous affiche un trafic rgulier sur toute la ligne #OK
Le 9 avril je vais devoir prendre le train et le rer, on pari combien je vais me perdre
Le KFC (@KFCFrance) sera totalement gratuit le Mercredi prochain. RT  fond pour que tout le monde soit au courant ! :D #KFCGratosMercredi
Le blog de Lilou Carterie,  dcouvrir pour tre mis au courant des dernires ralisations.
Le bus il est dfonc punaise j'ai peur moi on va voir un accident la vie de moi
Le bus tait en retard du coup je serais pas en retard #queen
Le conducteur du train Gota @RERC_SNCF c'est un stagiaire ..?
Le courant passe bien entre les joueurs, ils vont briller ce soir! Que lumire soit au stade de France #FRABRE #eclaironslesbleus
Le frre va ce faire oprer ce soir car hier cela na pas t possible insha allah je vous tien au courant de ltat du frre
Le matin je reois pas de messages mignon mais "Cour au bus Arthur" de Faustine
Le mec derrire nous dans le bus, il coutait nos conversations, c'tait gnant. Dj que je sais pas d'o il sort lui.
Le mec il aurai pu sauter d'un quai de RER en toute calimit mais il a voulu laisser sa trace dans ce bas monde
Le metro parisien est une reprsentation vidente de la plante! Il suffit d'ouvrir les yeux et d'couter!
Les Japonais adore leurs trains et les RER franais aussi visiblement (_)
Les amricaines se sont rveilles. La terre entire est maintenant au courant.
Les gens ils veulent jamais se suicider en silence aussi ou ils tuent des gens avec ou ils cassent les seins avec les trains/mtro/RER
Les gens qui coute pas de musique dans le bus vous tes un mystre pour moi
Les gens qui prvoient des trucs au dernier moment,c'est bien, mais moi ma mre elle aime pas tre au courant au dernier moment justement
Les joies de prendre le RER pour une heure de cours
Les putain de bus de merde de leur mre , y passe toujours trop tt et du coup a chaque fois je le loupe ! Ca casse les couille !
Ligne 1, accident  Gare Maritime, ligne coupe entre Gare Maritime et Mdiathque
Ligne 1, enlvement de la voiture accidente. Ligne de nouveau coupe pour quelques minutes
Ligne de tram coupe. Manquait plus que a pour tre sre d'tre en retard a la crche. Avec donc "amende" et regards rprobateurs. #Zen
MISKN mon pere il a lseum pck au congo le courant a coup et son groupe lctrogene a couper
Ma mere jlui est rien dit ptn elle tait au courant que zayn partait
Ma mre : Sophie, y'a un des 1D qui est parti !,J'tais pas au courant bc 1. Je vis dans une grotte et 2. Je t'en ai pas du tout parl hier.
Ma mre a vu sur m6 que Zayn tait parti, elle m'a demand si j'tais au courant, j'ai mme pas eu la force de lui rpondre
Ma mre elle est dans le bus mais elle est au courant qu'il y a 1-0
Ma mre elle m'a vue arriver en courant, limite me casser la gueule "Ah beh t'es en retard" Non non absolument pas
Ma mre est (toujours) pas au courant pour les 1D, elle est seule je crois
Ma mre est toujours pas au courant, elle tait fan d'eux mais j'ai vraiment pas le courage de le lui dire
Ma mre m'a toujours dit, si y'a pas de bus, y'a pas de cours donc je n'irais pas en cours
Ma mre m'as dj fait le mot d'absence comme quoi j'ai louper mon bus demain matin
Ma mre peut pas venir me chercher du coup j'prends l'bus
Ma mre tait au courant pour zayn elle a rien voulu me dire pour pas me faire de peine
Ma mre veut que j'aille en cours demain,je fais 10h/11h,je vais galre avec mes bus en plus
Ma mre, ou la la seule personne qui est pas au courant pour les 1D
Mais bon il m'a rcupr une fois que je venais de voir la catastrophe du rer.... j'ai pass une soire rflexion assez trange :/
Mais il m'ont pter les couilles today, ds 8h c'etais "oue Claire t'es au courant pour Zayn" j'ai faillit chialer une bonne centaine de x
Mais toute ma vie je cours derrire les bus sa mre
Malgr tout; si c'est vrai ma maman c'est obliger elle sera au courant rapidement
Marion arrive vers moi ce midi : faut que tu me racontes des choses. Ah donc t'es au courant mdr
Marrant cette concidence entre les crans en rades et le trafic perturb #rerc d'ailleurs a arrive souvent en ce moment #olol
Mdr a Windeck , les mnagres elles sont au courant de presque tout
Mdrrrr y a un mec il a courut pendant 50m aprs le bus, le bus  ralentit puis est reparti  fond le mec tu lisais sur ses lvres "FDP" !
Me fais tellement rire cette histoire , faut pas que je soit au courant
Merci #RERC_SNCF travailler les cours sur un quai bond plutt que chez moi c'est gnial !
Merci aux forces de l'ordre et  la scurit qui m'ont fait louper mon dernier RER ! #FRABRE
Meteo du #RER (#ratp) : KO () 26/03/2015 a 21:33 Trafic normal sur l'ensemble ...
Meteo du #RER (#ratp) : OK () 26/03/2015 a 01:09 Trafic normal sur l'ensemble ...
Meteo du #RER (#ratp) : OK () 26/03/2015 a 10:17 Trafic normal sur l'ensemble ...
Meteo du #RER (#ratp) : OK () 26/03/2015 a 12:17 Trafic normal sur l'ensemble ...
Meteo du #RER (#ratp) : OK () 26/03/2015 a 12:23 Trafic normal sur l'ensemble ...
Meteo du #RER (#ratp) : OK () 26/03/2015 a 13:09 Trafic normal sur l'ensemble ...
Meteo du #RER (#ratp) : OK () 26/03/2015 a 17:15 Trafic normal sur l'ensemble ...
Meteo du #RER (#ratp) : OK () 26/03/2015 a 19:49 Trafic normal sur l'ensemble ...
Mme le RER c va plus vite que le TGV actuellement -' toujours des problmes avec les trains moi
Moi perso je serais dans le public mais je serais partie en courant #tpmp
Mon bus est a 31 je pense avoir un train vers 8h50
Mon bus vient d'avoir un accident. Personne est bless mais ptn PLUS JAMAIS J'OUBLIE MA CEINTURE DANS UN BUS
Mon frere il est au stade de france gt mm pas au courant
Mon frre en montant dans le bus il s'apercoit qu'il a oublier son sac de cours chez moi
Mon frre il a ouvert sa fentre du coup a fait des courant d'aire et du coup les portes elle claque
Mon pre c'est rare qui me dise non, mais tout se qui es train, bus il veut pas que je le prenne tout seul.
Mon pre depuis qu'il a sa gow vla comment je passe aprs il est mm pas au courant de qd je viens limite a l'fait chier okok
Mon pre il est vener contre les mdia il me sort "ptn mais niall horan il va passer tous le monde est au courant" bah oe j'suis d'accord
Mon pre il m'envoie des messages tout gentil tout mignon, j'en connais un qui est pas au courant pour mon conseil de classe...
Mon pre il ma demander si sa aller au tlphone ce matin j'ai dit oui pourquoi et enfaite il est au courant pour zayn
Mon pre il rentre en hurlant "j'ai des problmes dans ma tte" ouais on est au courant mdr
Mon pre qui me dit "ouais si tu loupes encore ton bus tu diras que c'est pcq un des one direction est parti" bon....
Mon pre qui me rappelle que j'ai ma journe d'appel demain... j'tais pas au courant XD.
Mon pre tait mme pas au courant que j'suis pas aller a ma dernire heure. Le pre exemplaire
Mon pre, la personne la moins au courant du monde pour ce genre de truc, sait pour les garons.
Mon pre: Cette anne en Juin ya deux vnements.Moi: ?Mon pre: T'ES PAS AU COURANT ?Moi: ?,Mon pre: L'album de Mika !-
Mon train est remplac par un bus. Mais mon bus ne peut pas sortir de la gare routire,  cause d'un imbroglio de taxi. Chouette.
Mon voisin de RER mime les mouvements du chef d'orchestre, casque aux oreilles et yeux ferms. C'est classe ! Je peux couter, dis ? :-)
Mtro Ligne 1 En rpercussion d'un incident technique, le trafic est ralent sur l'ensemble de la ligne. Trafic normal sur les a [1/2]
Mtro Ligne 2 En raison d'un incident technique, le trafic est i,terrompu entre Pre Lachaise et Etoile. Reprise estime vers [1/2]
Mtro Ligne 2 En raison d'un incident technique, le trafic est interrompu entre Pre Lachaise et Etoile. Reprise estime vers [1/2]
Mtro Ligne 3 En raison d'un Malaise voyageur, le trafic est ralenti sur l'ensemble de la ligne.
Mtro Ligne 3 En raison d'un Malaise voyageur, le trafic est ralenti sur l'ensemble de la ligne. Trafic normal sur les autres li [1/2]
Mtro Ligne 3 En raison d'un voyageur malade dans la rame qui stationne  St Lazare, le trafic est ralenti sur l'ensemble de la [1/2]
Mtro Ligne 3 En rpercussion d'un voyageur malade  St Lazare, le trafic est ralenti sur l'ensemble de la ligne.
Mtro Ligne 3 En rpercussion d'un voyageur malade  St Lazare, le trafic est ralenti sur l'ensemble de la ligne. Reprise esti [1/2]
Mtro Ligne 3 En rpercussion d'un voyageur malade  St Lazare, le trafic est ralenti sur l'ensemble de la ligne. Trafic norma [1/2]
Mtro Ligne 5 En raison d'un accident grave de voyageur, le trafic est interrompu entre Gare du Nord et Bobigny Pablo Picasso. R [1/2]
Mtro Ligne 5 En raison d'une chute de voyageur, le trafic est ralenti sur l'ensemble de la ligne. Trafic normal sur les autres [1/2]
Mtro Ligne 5 En raison de divers incidents, le trafic est ralenti sur l'ensemble de la ligne. Trafic normal sur les autres lign [1/2]
Mtro Ligne 5 En raison de divers incidents, le trafic est ralenti sur la ligne. Trafic normal sur les autres lignes de Mtro.
Mtro Ligne 5 En rpercussion d'un accident grave de voyageur, le trafic est ralenti sur l'ensemble de la ligne. Trafic normal [1/2]
Mtro Ligne 9 En rpercussion d'un malaise voyageur, le trafic est ralenti sur l'ensemble de la ligne. Trafic normal sur les au [1/2]
Mystre du jour : ai-je loup le bus ou n'est-il pas pass ?
Ne jamais zouker avec un antillais qui si connat  en moins de 5 min tu vas tre maman de jumeaux tu seras mme pas au courant
Ne vous inquitez pas, nous avons reus plus de 5 cm au courant des dernires heures, et il neige encore actuellement!
Oh putain mme mon pre est au courant pour Zayn c'est que vraiment c'est officiel l !
On ajoute  la journe de merde le bus qui est pass devant moi.. sans s'arrter et du coup je peut pas aller en cours?
On arrive  Roissy1. A part quelques ralentissements (panne de signalisation?), a a roul correctement. Bonne journe. A ce soir. #RERB
On avance  un train de snateur entre la Courneuve et le Bourget. #RERB
On dirait les gens ils se disent "tiens aujourd'hui je prend le RER D et si j'me lavais pas du coup"
On est putain de queblo dans le bus a cause d'un accident
On est sorti du bus et on a march jusqu' l'arrt et on est pass  ct de l'accident
On ma pris mon tele psk j'ai taper un fou rire en cours .,j'ai fini j'suis ds l'bus et je cherche le rapport depuis ta l'heure ....
Ou crer des logiciels, programmes etc.Perso j'utiliserai mes comptences juste pour me tenir au courant sur les secrets de la nasa et tout.
Oublier sa calculatrice pour le test de maths Manger un dner deg Test surprise en bio Loup le bus ,
Oui en fait mon bus a eu un accident.
Panne d'lectricit  La Baie: le courant sera rtablit  15h15. #saguenay #saglac
Parasurtenseur APC pour protger vos appareils du courant 35 000 FCFA 41 04 89 01 45 98 90 08 Ou,Cliquez pour...
Parcontre j'ai trop fait la maline en voyant une fillle courir derrire son bus
Pas au courant de ce qui se passe derrire mon dos...
Pas d'intervention directe #SNCF mais appel  la police qui peut le cueillir ? #comptences #suicide #RTprcdents @AbouDjaffar @RERC_SNCF
Pas de blague #RERB, j'ai pas le droit d'tre en retard ce matin ou 15 personnes vont m'attendre devant la porte. Fais voler mon train !
Pas de chance ! Suite  un incident de voyageur, le trafic est ralenti sur la ligne #RERA #BOF
Patience les amis ! Le trafic est toujours perturb sur la ligne #RERB #KO
Personne m'a dit "T'es au courant pour Zayn?" Heureusement bc j'aurais pter un cble m.
Petits problmes de serveur sur sailor fuku.,J'essaierais de vous tenir au courant de l'heure o le site re-fonctionnera.
Peut importe  qu'elle heure j'commence j'serai tjrs oblige de courir pr prendre mn bus
Pour arriver jusqu' chez moi :voiture car train rer bus
Pour la premire fois je ne vais pas courir pour mon bus
Pour les rares personnes qui ne seraient pas au courant, on fait toujours gagner #Metroid Fusion ici :,
Pour une fois, c'est moi qui tiens mon pre au courant du score par sms  #FRABRE
Problme de train  Notre dame. #RERC
Problme de train sur le RER C !
Ptn sa fait deux semaines que je cours H24 aprs le bus et le rer
Ptttdr silva a dit que il serai applaudt pas au courant ! Il ce fait siflet comme jamais et personne scande son nom connard va
Putain de rer C. Dj j'ai t bloqu 1h  invalides ce matin et jusqu' maintenant y a pas de train ? Wtf #sncf
Putain le RER D n'a pas intrt de me faire rater mon train
Quand je vais arriver l bas en nkolbisson j'espre qu'il y aura dj le courant. Mbon !
Quand le #RERC modifie tous ses trains et que tu es perdue, quand #onnousprendpourdescons car le pb de signalisation dure toute une journe
Quand mon pre il quitte la tl, je suis oblige de crier "BUT" pour le voir arriver en courant #FRABRE
Quel con ce chauffeur @RERC_SNCF train GOTA !!!!!!! Une bande de tar ! Du JAMAIS VU ! Mais faites un film ! Bordel [@Conducteur_RER ]
Qui cours pour le Bus/rer?Moi j'ai l'habitude d'tre en retard ca me fais plus rien donc je prend mon temps dans le plus grand des calmes...
RER A En raison d'un incident voyageur, le trafic est ralenti sur l'ensemble de la ligne. Trafic normal sur les autres lignes de RER,
RER B : trafic perturb sur l'ensemble de la ligne Motif : incident de signalisation au Bourget #qml #rerb
RER B En raison d'une panne de signalisation au Bourget, le trafic est ralenti sur l'ensemble de la ligne. Trafic normal sur les [1/2]
RER B En rpercussion d'une panne de signalisation au Bourget, le trafic est ralenti sur l'ensemble de la ligne. Trafic normal s [1/2]
RER B: des trains auront pour terminus La Plaine Saint-Denis (stade de France) au lieu de Mitry/Aroport CDG 2 TGV ce soir
RER B: le trafic est perturb dans les 2 sens de circulation suite  une panne de signalisation au niveau du Bourget
RER C : trafic fortement perturb
RER C : trafic fortement perturb ; encore un jeudi !
RER C : trafic fortement ralenti
RER E Pour connatre tous les dtails cliquer ici Pour connatre tous les dtails, consultez le site  Trafi [1/2]
RT @77_fm: #TRAFIC ralenti sur le #RERB suite  une panne de signalisation au #Bourget ... Courage ! @RERB
RT @78_Benj: Changer de train 4 fois pour faire 8 arrt. Merci le #RERC ! @RERC_SNCF
RT @AlIsbaahNet: Le frre va ce faire oprer ce soir car hier cela na pas t possible insha allah je vous tien au courant de ltat du frre
RT @Amawillyss: MISKN mon pere il a lseum pck au congo le courant a coup et son groupe lctrogene a couper
RT @Anaellelx: Dj dans le rer D l'autre fois yavait un allemand en train dse branler juste en face de moi jvous jures qujai jamais autant fixer mon tel
RT @Ariane_Piot: Merci aux forces de l'ordre et  la scurit qui m'ont fait louper mon dernier RER ! #FRABRE
RT @Asso_usagersidf: @Gregory_Kozak95 sans parler d'argent, il n'y a pas de trains "sur tagre" qui conviendrait au RER D. Et l'appel d'offres RER NG a chou
RT @Bertrand_Cli: #rerc @RERC_SNCF Vraiment pas pratique. + traffic perturb d aprs annonces sonores.,#qml #stif
RT @BintouSmhro: Woooah  mon bus a fait un accident
RT @BsnSarah: @MoiiJojoTomo @tiffaniegrn Je suis encore la dernire au courant !!!
RT @CLePrenom: Kenza c'est le prnom d'une meuf qui cours derrire le bus mais elle le rate aprs elle marche
RT @C__Sofiaa: @Maaoui_: Il est au courant que j'ferai le tour du monde pour lui ou pas ? @kevadamsss bonsoir. Radio Manon a besoin de vous.
RT @C_estleprenom: Kenza c'est le prnom des meuf qui cour driere le bus mais elle le rate apres elle marche
RT @CalvaoJustine: @katiham99 @nathanmrn1 @MedinaetEmma Mddr vas-y c'est pas grave on sera forcment au courant si t'a eu un truc de toute faon
RT @CeliaCantin: Se lever, courir aprs son bus, l'arrter en pleine rue, remercier le chauffeur, tout a pour sortir un arrt plus loin
RT @ChauchatM: 29  25... Beaucoup de votes se ressemblent. Chaque grand courant se prononce de manire oppose #destincommun
RT @Chikanos93: Il ma degager de chez lui il a pris le seum xptddr je rentre chez moi je vois ma mere etait deja au courant de tout #30
RT @ClaraLopez91: On dirait les gens ils se disent "tiens aujourd'hui je prend le RER D et si j'me lavais pas du coup"
RT @ColinneF: Les gens qui prvoient des trucs au dernier moment,c'est bien, mais moi ma mre elle aime pas tre au courant au dernier moment justement
RT @Conducteur_RER: Train #Thello retard (supprim?). Les voyageurs attendent depuis 20h sur le quai, dans le froid, sans info.
RT @Conducteur_RER: Tu rves de conduire des trains? D'tre en week-end le mardi-mercredi?,Tu peux postuler  la SNCF, on recrute 450 conducteurs.
RT @CriistyDC: Avec @_fvckb on a pas arrter de cours pour prendre les bus c'tait trop marrant  voir
RT @CritiqueTout: Mdrrrrrr y'a Kanye et Kim K elle est mme pas au courant. Typiquement le genre de truc qui arriverait  ma mre.
RT @Cyriel_Mlt: Quand mon pre il quitte la tl, je suis oblige de crier "BUT" pour le voir arriver en courant #FRABRE
RT @DDomnonos: @ElyseeMarine allez Valls au boulot ce n'est pas en courant derrire le FN que le chmage va baisser !
RT @DEMNATY_: @MelvinBstm: ah la mre vos putes mdrrrr on sent la haine mais la grammaire est partie en courant
RT @Dabla_SoonNight: @RERD_SNCF de 17h13 on passe a 17h21 pour un Train. Une explication peu tre? Merci
RT @DavidRemillard: Autobus viendront rcuprer les manifestants devant #assnat #manifencours La police les laissera partir en file,  leur signal #lesoleil
RT @DeespiGucci: Y a un mec de chantiers il m'a mit une droite et il s'est barr en courant quand jvais l'attraper jvais lui niquer sa mre
RT @Denis91230: @RERD_SNCF comme tous les soirs trains en retard et supprims.... Surtout ne changez rien !!! #rerd #qml
RT @DussolAlexis: Le RER A sera coup pendant un mois cet t
RT @ElodieIsaT: @RERC_SNCF un gars drange tout le monde en prchant dieu tout les soirs dans le train de 18h15-porte maillot. Pouvez...
RT @EtienneBerth: Je jure si ta Ebola l'infirmire du lyce va te lancer de l'alcool  90  la tte et partir en courant
RT @FannyMeillier: Tout  l'heure on voyait Nathan avancer discretement vers la porte en franais, puis 1 sec apres il etait deja partit en courant mdrrrr
RT @Flo23500: Je suis votre conducteur sur le train FACA dpart 9h14 de Melun @RERD_SNCF
RT @FltRomain: Le courant passe bien entre les joueurs, ils vont briller ce soir! Que lumire soit au stade de France #FRABRE #eclaironslesbleus
RT @Gaayouu: Perso, ma maman m'envoie des vidos sur Wa que personne ne m'envoie. C'est elle qui a les plus gros dossiers donc elle sera vite au courant
RT @GuirriBoss_: Tlr dans le RER ya un daron renoi il croise sa fille dans l'train par hasard & quand il la vu il a dit "donc toi tu colorie tes levres mtn?"
RT @H0GVN: Devrait y avoir 1 message derrire les bus du genre "ne courez ps j'part dans 6min" parce que sa soule de courir pour R & il part pas direct
RT @HamilcarB: T'as beaucoup plus d'infos sur un crash dans les Alpes que sur un accident de bus sur l'autoroute Tunis-Sousse #Tunisie
RT @Horia_Youtube: Sachez qu'un autre formulaire d'inscription sera disponible courant avril  #meetupbordeaux #cottage
RT @Itsaintines: Quand  cause du Rer t'as loup l'clipse :(((
RT @Julieclbx: @marineazertyy bah on venez en mode on tais cacher derrire les voitures et Apres j'ai vu sa parter en couille Jsuis arriver en courant
RT @KassimCorsaire: Ca s'voit ls vineurs s'ils gagnent 1oscar Ca va lcher des "ya que ma mre ki croyai en moi" alors kelle ntait pas au courant des perruques
RT @LaurieFlc: La ligne C du rer, vous abusez bande de putes avec vos problmes, trains supprims et annuls. J'ai mis 1h10  rentrer chez de moi de Sav.
RT @LeMoyenNicolas: @mgnpllt Cest juste le dpart d'un type que tu connais mme pas un type de ton bahut partirais que mme pas tu serais au courant c'est grave
RT @LePrenoms: Kenza c'est le prnom des meuf qui cour driere le bus mais elle le rate apres elle marche
RT @Lebargedu46: @LeauRatNoeud yep, mais je le garde, sa peut toujours servir ... (Rire diabolique) (part en courant)
RT @LexandraVause: Mon bus vient d'avoir un accident. Personne est bless mais ptn PLUS JAMAIS J'OUBLIE MA CEINTURE DANS UN BUS
RT @Lin_saay: Ils ont pass les photos et audios qui tournent dans le journal TV et ma mre me dit de venir voir comme si j'tais pas au courant..
RT @LouJvln: Tranquille demain on va faire un goter en SES mais la prof elle est pas au courant, tant pis
RT @Lulisoap: Big up pour le #rerc qui supprime un train SLOM et KUMA a juvisy !!!! #qml
RT @MMadmoiselle: @ouiiiiii_nadege Merci beaucoup ma belle. C'tait gnial j'espre  trs vite.hte smaine proch vnements parisiens tiens ns au courant
RT @MOI_JE_TE_DIS: @amijodoin J'ai entendu parl d'un mouvement : Au 1er avril entre 19h et 20h coupons le courant.
RT @Magohamot: Je sais pas  quelle heure je vous tiens au courant, mais se sera pas du Pokmon standard ni du Nuzlock, se sera du fun ;)
RT @MaiwennOL: T'aleur la ligne 5 tait interrompue  cause "d'un accident grave d'usager".. J'avais dis pas de suicide sur les voies les directionners..
RT @MappyCity: Accrochez-vous ! Le trafic est fortement perturb au niveau de la ligne #RERC #KO
RT @MarionNette001: @ManonCheche @nericfanzouze je zaperais quand yaura un but, je serais au courant, je pense que ma TL explosera
RT @MasterSnakou: Je ne suis pas chez moi donc pas de Live ce soir. Si je lance un Live, a sera tard le soir. Je vous tiens au courant. Bonne soire pisse!
RT @Mediarail: Nouvelle halte #SNCB pour #Bruxelles en dcembre prochain  #RER #Transport #STIB #train
RT @MzllCk: Ne jamais zouker avec un antillais qui si connat  en moins de 5 min tu vas tre maman de jumeaux tu seras mme pas au courant
RT @NAUTICALHALO: Ma mre est venue dans ma chambre, elle m'a dit "je suis au courant" elle m'a prit dans ses bras. J'y crois pas. #AlwaysInOurHeartsZaynMalik
RT @NatachaBrbz: @bernard_leonie mais tellement putain, la prochaine fois je vais te faire louper ton bus on va bien rire
RT @NoemieGuyon: Parcontre j'ai trop fait la maline en voyant une fillle courir derrire son bus
RT @OmariKWest: Les gens ils veulent jamais se suicider en silence aussi ou ils tuent des gens avec ou ils cassent les seins avec les trains/mtro/RER
RT @OuberetJocelyn: Un nouveau projet musical pour Oubret est en cours....Et pas des moindres. Je vous tiens au courant ds que cela prendra forme !
RT @Penseren3D: "Il mne o ce train" "Il mne nulle part !" Dcidment bien forms les agents #Sncf cc @RERC_SNCF
RT @Perfvans: Y'avais un gros accident on est rest coinc 15min dans le bus
RT @Popoenshort: Je croyais avoir tout vu dans le RER jusqu' aujourd'hui... Quelqu'un se coupe les ongles de pieds  ct de moi...
RT @RERA_RATP: 11:29, le trafic est ralenti sur la ligne (incident voyageur) #RATP #RERA
RT @RERA_RATP: Retour  un trafic rgulier sur l'ensemble de la ligne #RERA #RATP. Incident termin.
RT @RERB: 07:19, le trafic est perturb sur la ligne (panne de signalisation) #RERB
RT @RERB: Retour  un trafic rgulier sur l'ensemble de la ligne #RERB. Incident termin.
RT @RERB: Travaux prvus sur la ligne #RERB du 30/03/2015 au 04/04/2015. Pour plus dinformations, .
RT @RERB: Voyage  travers le temps | Finale de la Coupe du monde de football de 1998 @StadeFrance #RERB
RT @RERBRetards: #rerb trafic perturb!!! Incident au bourget.. Reste a savoir quand le trafic reprendra @rerb
RT @RERC_SNCF: Bonjour @Fanniie_1 , un incident affectant la circulation  Paris perturbe le trafic, les LARA sont terminus Austerlitz.
RT @RERC_SNCF: Infotrafic #RERC : Trafic fortement ralenti jusqu' 16h, l'organisation de la desserte est modifie :
RT @RERC_SNCF: Infotrafic #RERC : Trafic ralenti sur l'ensemble de la ligne jusqu' 11h (incident signalisation  Paris) :
RT @RERC_SNCF: Infotrafic #RERC : Un incident de signalisation  Paris modifie les dessertes de vos trains :
RT @RERC_SNCF: Infotrafic #RERC : [MAJ] Trafic fortement perturb jusqu'en fin de soire. Mise  jour des missions modifies :
RT @RERC_SNCF: Infotrafic #RERC : [MAJ] Trafic fortement perturb jusqu'en fin de soire.,Dessertes modifies :
RT @RERC_SNCF: Les trains LARA/GATA/KUMA (Dourdan - Invalides -Chaville Vlizy) sont terminus Paris Austerlitz @dcz45
RT @RERC_SNCF: Un problme informatique ds certaines gare empche l'affichage.,Mainteneurs en cours d'intervention
RT @RayaneMyBae: @Narryfiquement Pire .. Ils vont rien comprendre quand tout le monde sera au courant que c'est eux les fautif ..
RT @Redvekh: Je ferais sans doute une session en mondi plus tard ce soir, je vous tiens au courant sur twitter et ce sera sans doute stream. #LT
RT @Remi_AKA_RR: #Griezmann les cheveux c'est encore plus chelou qu'avant. .. Bientt je vais prfr la coupe de Sagna. ..,#EdF #FRABRE
RT @Rennes24: Trafic SNCF trs perturb ce matin suite  un accident corporel  hauteur de Cesson. TGV dvis par Nantes. TER remplacs par des bus.
RT @RomainLanery: Je fais dcouvrir au grand pre Twitter et il a l'air de kiffer le fait d'tre au courant de l'actu en quelques clics :D
RT @SPVQ_police: Aux gens qui sont venus en autobus pour la manifestation, ceux-ci seront sur la Grande Alle Est face au Parlement pour vous rcuprer.
RT @SamsungFR: @badrteffahioff La mise  jour Lollipop sera effectivement dploye sur #GalaxyNote3Neo dans le courant de l'anne ! :)
RT @Sasha_Mck: J'ai l'impression de courir derrire mon bus tous les matins alors que j'habite  5m de l'arrt
RT @Scarla_09: J'ai mm pas besoin d'allumer la tl pour tre au courant des actualits, j'ai juste venir a sur Twitter mon frre
RT @Stef74G: @kersausonde Ca ne pose aucun problme aux conducteurs de train  poke @Conducteur_RER @Conducteur_SNCF @ConducteurTR1
RT @TANinfos: | LIGNE 1 - coupure Suite  un accident, la LIGNE 1 est COUPE entre GARE MARITIME et MDIATHQUE. #Nantes #TANinfos #POinfos
RT @ThierryHubac: La mesure de circulation alterne profite pleinement au rseau du RER, qui voit son trafic augmenter de 975%.
RT @TomekTR: #QML 11:29, le trafic est ralenti sur la ligne (incident voyageur) #RATP #RERA
RT @TomekTR: RER B : trafic perturb sur l'ensemble de la ligne Motif : incident de signalisation au Bourget #qml #rerb
RT @Tounsia_953: @Suaniinho chaud ms ts o courant tu sera jms pret
RT @UFC_France: tiez-vous au courant ? @TJDillashaw ne sera pas  #UFC186,Tous les dtails:
RT @Ukpaperplanes: avec qui louis va sortir en bote qui sera dans le bus 1 avec lui qui dira  niall comment boire une soupe miso
RT @Waaliyd: Je me fait chier dans le rer sah c'est pour sa je vais pas en cours
RT @WeirdoLikeTommo: Mon pre, la personne la moins au courant du monde pour ce genre de truc, sait pour les garons.
RT @Wii_Universe: Pour les rares personnes qui ne seraient pas au courant, on fait toujours gagner #Metroid Fusion ici :,
RT @YacinePauleta: J'tais a la gare de BFM, pas de train, pas d'indication, Gare blinde, si y'a pas eu de mort on a eu de la chance ! #SNCF #RERC
RT @YannickaFouman: Mdr a Windeck , les mnagres elles sont au courant de presque tout
RT @YoungsterAlways: @jsuiswikipedia tu m'as fait rire, pour la premire fois depuis que je suis au courant !
RT @Yvanovich951: Je viens de pter dans le bus.,Je garde mon calme je vous tiens au courant de la situation
RT @ZuluDopemen: incorporation 1er Rgiment de Chasseurs a Verdun, courant Avril-Mai
RT @_PLLNews: #SPOILER Dans le 5x25 Tanner sera au courant pour A et saura que les filles sont innocentes
RT @_itsnobigdeal: Ce matin j'suis pass au secrterait des lves, j'ai zieut vite ft,mdr je suis au courant des notes des STMG qui ont pass le bac en 2012
RT @adr2629: @LaPtiteElice @CLecefel apparement c'est Bagdad sur le #rerc en mode 0 trains mais a tweet pas bcp :/
RT @adroitetoutes01: @ULYSSEimmortal Et le comble, Acadmie de l'Isre pas mise au courant..
RT @aieserv: Un patch ajoutant du contenu est prvu pour ce soir, un reboot du serveur #DarkRP sera ncessaire, on vous tient au courant!
RT @animeducaction: Attention amies/is du #RERb incident au Bourget, trafic ralenti. Allez, que cela ne vous gche pas cette belle matine #courage
RT @anrjko: Vous tes au courant qu'il y a eu un attentat au Ymen la semaine dernire ou tout l'monde s'en bat les couilles?
RT @astralangel08: Depuis quand un train DROP s'arrte  Houilles Carrires sur Seine ? Oo #RERA #QML
RT @bleuarmorique: Trafic #SNCF trs perturbe en #Bretagne suite  un accident de personne  Cesson-Svign. #TER remplacs par bus #TGV drouts par #Nantes
RT @cessprin_dz: @Tatsumakki_: lui ca svoi c un akhi 2.0 aka frere muz qu'en semaine B  il est au courant sa s'appelle un qamis ?
RT @courrierdusag: Accident impliquant deux autobus scolaires  Jonquire
RT @courrierdusag: Jonquire: Accident sous le viaduc Saint-Hubert impliquant 2 autobus scolaires et 1 auto. 2 enfants pourraient tre blesss #Courrierdusag
RT @dxpth: j'suis dans le rer et j'coute son message vocal en bouclendksnwjsn omg
RT @eugeniie12: La terre entire est au courant sauf .... ELLE
RT @freddytinyworld: @RERC_SNCF bah non mais qd mme pr fluidifier... bref je joue au loto demain : DUFY qui devient DEBA en cours de route. #rerc #qml
RT @freddytinyworld: @RERC_SNCF pas de trains , pas d'horaires. par contre la suge et les contrles magntiques a a marche. #rerc #qml
RT @gregoireconil: On est putain de queblo dans le bus a cause d'un accident
RT @greykarev: ma mre est au courant pour la conv elle a parl au tel avec mon pre... il a rigol donc c'est sure ils se foutent de moi lol j'apprcie
RT @helmiattia: #Tunisie : accident de la voie publique, un bus transportant des lves (sousse-tunis) renvers, deux lves tus :(
RT @iQuid: @RERC_SNCF plus aucune visibilit sur les trains a quai ou a venir ! Inadmissible en situation de forte perturbation & @SNCF_Direct perdu
RT @irrueption: Vous tes pas au courant? La cration @irrueption de @Rocenroll et @icekreamy revient le 1er avril  la MPAA!  Venez!
RT @jamplus: 2 ter. Mettre Najat VB au courant : le menu unique, cest galitaire ; la proscription du voile  lUniversit, cest galitaire. Etc.
RT @jbauvich: Rien que tt le monde la traiter pr son choix d'quipe nationale mais j'espre qu'il va tout baiser avec l'EDF et quand il marquera
RT @julienduFFe: RER A coup un mois cet t : la RATP prend les devants
RT @kenzakraemer: Certain de tes potes, t'es mme pas au courant dla moiti des choses qu'ils ont pu faire derrire ton dos
RT @languebois: Un enseignant anonyme de #Villefontaine sous entend que ce pedophile a bnfici de passe droit et que le ministre EN tait au courant
RT @maximedt: @YannDecoopman @Othenin_ @korleon38 Yes ! On fait le max. Je vous tiendrais au courant, j'espre que vous serez les premiers users :)
RT @mxcote: le pome trace le cheminet le bouleau son ombredvaste courant sur la neige je vais sans destination sinon,vers les asprits de saison
RT @nbaextra: @okcthunder lanc  grande vitesse. @spurs sur courant alternatif avec penchant vers le positif. 8me chez 7me de la conf Ouest... 2h30...
RT @niaallxlife: Mais il m'ont pter les couilles today, ds 8h c'etais "oue Claire t'es au courant pour Zayn" j'ai faillit chialer une bonne centaine de x
RT @petityannack: Salom c'est la premire fois de sa vie qu'elle doit prendre le bus pr aller en cours, elle est oblig de mettre 10 snaps.
RT @pierrengt: Appli transilien: Trafic perturb sur le rerSignalisation. Vous dites quoi la team #rerb ?,#qml
RT @presseocean: #Nantes Une voiture heurte un tram quai de la Fosse : embouteillages en cours #circulation #accident
RT @ratp78190: RER B: le trafic est perturb dans les 2 sens de circulation suite  une panne de signalisation au niveau du Bourget
RT @sebastienjoly: +AnnE BERTRAND: Courant danne 2014, Zodianet arrivait avec la toute premire solution de box domotique...
RT @sliverlouis: ma mre est au courant rn mais jpense qu'elle sait pas cmmnt a me rend triste, elle sait mme pas  quel point ils snt importants pour moi
RT @teteenyon: Sinon, dlestage et coupure de courant hier de 8 h  21 h. Panne dans le secteur dixit @Sonabel_. J'espre que cela ne se reproduira plus.
RT @thomasdprd: @elhbatard tu seras tenu au courant de l'avancement du dossier mdr
RT @tomlisahx: Les amricaines se sont rveilles. La terre entire est maintenant au courant.
RT @victrnblg: le Brsil c'est 7 matchs 7 victoires avec l're Dunga, eh les gars fallait nous mettre au courant aussi :/
RT @wtfljp: j'espre que personne est au courant dans mon collge, bc sincrement j'ai pas trs envie d'en parler l
RT @yabsi1er: #geeks et autres utilisateurs de #SmartPhones un trs bon docu sur france2. Ne venez pas dire "suis pas o courant #CashInvestigation
RT @yannick_moul_in: Joie du RER C : problmes de trafic + absence affichage + annonces laconiques = bonheur du voyageur #qml
RT @zenkarl: Heureusement que le @Hoopcast est la pour me tenir au courant de l'actualit NBA, car derrire les Alpes le basket ont ne connais pas
Rappel ! Le trafic sur la ligne #RERC est trs perturb ! Armez vous de courage les amis ! #KO
Rappel ! Suite  un incident de voyageur, le trafic est ralenti sur la ligne #RERA #BOF
Rappel ! Trafic fortement perturb sur l'ensemble de la ligne #RERC #KO
Rater le rveil, se manger la porte de la chambre en pleine face, confondre le dentifrice avec de la crme, courir derrire le bus,la suite?
Rayhan sa photo de couv on voit les horaires de bus derrire jsuis cuit
Reprocher  Fekir d'avoir choisi la France alors qu' sa place ils y seraient alls en courant juste pour les primes et passer sur TF1.
Respect @Mokhtar_TPMPOFF moi je serais partie en courant
Retour  un trafic rgulier sur l'ensemble de la ligne #RERA #RATP. Incident termin.
Retour  un trafic rgulier sur l'ensemble de la ligne #RERB. Incident termin.
Rien que tt le monde la traiter pr son choix d'quipe nationale mais j'espre qu'il va tout baiser avec l'EDF et quand il marquera
SNCF transilien : RER D: trafic ralenti. ?
SUIVRESur FACEBOOKGRAND BLACK-OUT HYDRO-Qc 1er avril coupez le courant de 19h  20hVers la grve gnrale du 1 Mai,#austerite #polqc
Sa date de sortie n'est pas encore connue, mme pas par moi. Mais j'espre d'ici courant avril !
Sa mre j'ai encore loup le bus
Sa serais bien que je rate pas mon bus et mon train au moins une fois dans la semaine
Sagna il est au courant qu'il est arrire droit ?
Salom c'est la premire fois de sa vie qu'elle doit prendre le bus pr aller en cours, elle est oblig de mettre 10 snaps.
Scurit max dans les bus. Le systme pour casser les vitres en cas d'accident est t partout
Se lever, courir aprs son bus, l'arrter en pleine rue, remercier le chauffeur, tout a pour sortir un arrt plus loin
Si ma mre elle m'oblige  y aller je m'en fou je loupe mon bus
Si tu n'arrives pas  voler le ballon dans les pieds, reste en place. Rcuprer bas et partir en contre c'est dans les cordes de cette EDF.
Si un jour je russi ma vie j'crirais  Mion pour le tenir au courant, comme c'est mon refr tvois
Sinon, dlestage et coupure de courant hier de 8 h  21 h. Panne dans le secteur dixit @Sonabel_. J'espre que cela ne se reproduira plus.
Soyez au courant des dernires newsAPM (Application Performance Management), suivez le leader!
Srieusement faut arrt votre dlire les gens on est toujours les dernires au courant avec @LurotOphelie
Sur le @RERC_SNCF, des flash info trafic en un clic  via @le_Parisien
Sur le rer E tu mets un train sans arret t'es mort, t'attend 2 heures sa mere
T'a eu un accident de bus aujourd'hui
T'a lh dans le tram Ulysse il arrtai pas de me frapper du coup j'ai appeller ma mere
T'aleur la ligne 5 tait interrompue  cause "d'un accident grave d'usager".. J'avais dis pas de suicide sur les voies les directionners..
T'imagine Fekir fait sa premire apparition avec l'EDF  GG ? Mdr le coup de pute du destin. #FRABRE
TRACE-TM La croissance devrait acc&#xe9;l&#xe9;rer en Espagne - Selon la Banque d&#x2019
Tant que fekir il sera slectionn vs allez perdre EDF wouleh UN GROS TRAITE
Tenez-bon ! Suite  une panne de signalisation, le trafic est perturb sur toute la ligne #RERB #KO
Tournai: 30 mois pour un trafiquant sous haute tension by mediation@rtbf.be (vcl) via RTBF Info - Dernire minute
Tout  l'heure on voyait Nathan avancer discretement vers la porte en franais, puis 1 sec apres il etait deja partit en courant mdrrrr
Tout le monde parle de la situation de Ren Angelil et sa maladie... tes-vous au courant qu'il n'est pas le seul dans cette situation?
Tout les jours on insultais ma mre msk elle tait mm pas au courant je la regardais manger son kwanga .
Toute ma vie je cours pour prendre le rer
Trafic #SNCF trs perturbe en #Bretagne suite  un accident de personne  Cesson-Svign. #TER remplacs par bus #TGV drouts par #Nantes
Trafic SNCF trs perturb ce matin suite  un accident corporel  hauteur de Cesson. TGV dvis par Nantes. TER remplacs par des bus.
Trafic du jour : #RERA #OK
Trafic normal sur les autres lignes de RER, [2/2]
Trafic perturb sur le RER B
Train LARA devenu terminus paris Austerlitz, alors que je m'arrete a st michel-notre-dame... trop la poisse ! Ras le cul ! @RERC_SNCF
Tranquille demain on va faire un goter en SES mais la prof elle est pas au courant, tant pis
Travaux prvus sur la ligne #RERB du 30/03/2015 au 04/04/2015. Pour plus dinformations, .
Trop de problmes sur le @RERC_SNCF ? la meilleure solution est de couper les affichage : on ne peut pas geuller sur ce qu'on ne vois pas.
Tte de oim les voyageurs malades qui arrtent tout le trafic du metro niquez vos mres
Tu sers  rien... T au courant??
Tu veux tre au courant de toute l'actualit du monde?? Va sur twitter ta mre va.
Un accident de bus Belge a fait 40 morts : 20 dans l'accident et 20 dans la reconstitution.
Un bus impliqu dans un accident. #TarnActu81, #Tarn,
Un enseignant anonyme de #Villefontaine sous entend que ce pedophile a bnfici de passe droit et que le ministre EN tait au courant
Un long priple m'attend. Si le RER C me refait le coup de ce matin je me mets  chialer je crois
Un mouvement social perturbe le trafic des bus dans l'Est de l'Essonne
Un nouveau projet musical pour Oubret est en cours....Et pas des moindres. Je vous tiens au courant ds que cela prendra forme !
Un patch ajoutant du contenu est prvu pour ce soir, un reboot du serveur #DarkRP sera ncessaire, on vous tient au courant!
VIDEMMENT L O JSUIS "@infotrafic_tan: Ligne 1, accident  Gare Maritime, ligne coupe entre Gare Maritime et Mdiathque"
Vido : le Tesla Model X se teste presque  nu en Californie: Le Model X sera prsent dans le courant de l't...
Voil voil... J'vais devoir courir aprs le rer.. Bref
Vous tes au courant Lizarazu y connat rien sa mere
Vous tes au courant qu'il y a eu un attentat au Ymen la semaine dernire ou tout l'monde s'en bat les couilles?
Vous tes pas au courant? La cration @irrueption de @Rocenroll et @icekreamy revient le 1er avril  la MPAA!  Venez!
Voyage  travers le temps | Finale de la Coupe du monde de football de 1998 @StadeFrance #RERB
Weeh heureusement le train il est syncro avec le rer et le bus avec des 4min d' intervalle j arrive  6h45 du coup
Woooah  mon bus a fait un accident
Y'avais un gros accident on est rest coinc 15min dans le bus
a fais au moins 20min que ma belle mre et moi on est dans le noir total pcq y a une coupure de courant et on arrive plus a tous rallumer
a fait 3jours mon bus il est toujours en retard de 10min et ajd j'arrive en avance mais j'ai qd mme du courir derrire pour l'avoir c'bat!
accident de circulation bus contre vl 1 blesse grave incarcer st benoit de carmaux av jean jaures nombreux moyen CTA/CODIS
ah lalalala g deja fais ds 4h de train pr une soire toi c 2min de bus qui te perturbe tantine tu veu venir ms ta chau c pa qmsa
bon je laisse tomber je relis mon cours une dernire fois et jrelirais dans le tram
de Bus PC1 et 189 sont dvies. Reprise estime vers 15h00. Trafic normal sur les autres lignes de Bus et Tramway. [2/2]
e  Trafic normal sur les autres lignes de RER. [2/2]
et ma mre qui est pas au courant pour zayn me demande si j'ai ramen MM pour le mettre dans la voiture
franchement mise au courant de ce que ce gouvernement cherche  faire. Ce nest tout de mme pas la premire fois, dira-t-on, quun parti po
gnes de Bus PC1 et 189 sont dvies. Reprise estime vers 15h00. Trafic normal sur les autres lignes de Bus et Tramway. [2/2]
ils ont parls de zayn  tpmp, du coup ma mre est au courant et  peine je descends elle se met  me faire de sa voix genre bien-
incorporation 1er Rgiment de Chasseurs a Verdun, courant Avril-Mai
j'ai compris quand ragissant ainsi nous tions gostes,il veut juste faire a vie, imaginez quand il sera au courant de c'est suicides-
j'ai louper mon bus, youpiii. fallut appeler la mere pour qu'elle me ramene mdrr
j'ai pris le train de Montparnasse, de La Dfense, la 13, le T3, le T2 et le bus... j'ai tout pris sauf le RER aujourd'hui
j'ai rien dormit cette nuit srieux, du coup j'ai loup mon bus, je vais me faire dfoncer par ma mre mais bon
j'ai vu coco il a faillis louper son bus mais il s'est quand mme arrter pour me dire bonjour
j'avais les larmes aux yeux donc voila mon pre est au courant
j'espre que personne est au courant dans mon collge, bc sincrement j'ai pas trs envie d'en parler l
j'espre zayn il va tellement regretter qu'il va revenir en courant
j'spre dmain matin y fait beau, s'matin en courant j'cailler sale
la dernire fois j'ai manger les "borek" que je devait ramener en cours dans le tram XD trkl demains je ramne d'autre
le Brsil c'est 7 matchs 7 victoires avec l're Dunga, eh les gars fallait nous mettre au courant aussi :/
ma mre a brancher la multi-prises et a a coup le courant
ma mre elle est au courant de tout sur mon mal tre
ma mre elle est mme pas au courant que y'avait le bulletin mdrrrrr
ma mre est au courant rn mais jpense qu'elle sait pas cmmnt a me rend triste, elle sait mme pas  quel point ils snt importants pour moi
ma mre ne m'a mme pas rveill ce matin. Je vais encore devoir dire que j'ai juste loup mon bus. Elle n'a aucun respect pour moi.
ma sur a russi  se faire un claquage des adducteurs en courant 30m pour la premire fois de sa vie mais ???
mais srx je pensais pas que toute ma classe entire tait au courant, je pensais qu'ils taient genre juste une dizaine  le savoir mdrr
moi demain matin je cours vers le bus de Titouan parce qu'aprs je le vois plus pdt une semaine
mon frre il est au stade de france ce soir et j'tais mme pas au courant mdr y s'fais po chier qd mme !!!
mon petit frere il viens vers moi en courant il ma fais un calin
ohh merde mon pre il est partie au bled cette nuit j'etait mme pas au courant sa grand mre elle est morte
om Trafic normal sur les autres lignes de RER. [2/2]
on tait mme pas au courant que les dernires semaines taient les dernires d'une adolescence paisible
ptdddr y a des gars ils ont lances des papiers par terre du coup le bus il sait arrter jusqu' qu'ils les enlvent mdddddddr
super j'tais pas au courant que ma mre faisait sa runion ce soir du coup y a pleins de monde
tiez-vous au courant ? @TJDillashaw ne sera pas  #UFC186,Tous les dtails:
tjs un imbecile pour ralentir le metro
y'a un gosse qui essayait de fuir son pre c'tait trop drle, il s'est cach dans le bus normal & aprs il courait dans la rue genre normal
| LIGNE 1 - coupure Suite  un accident, la LIGNE 1 est COUPE entre GARE MARITIME et MDIATHQUE. #Nantes #TANinfos #POinfos
