!!!!!!!! omg oui RT @tomlinswave: @Real_Liam_Payne au cas o tu ne serais pas au courant, un nouveau stade est  Nice, c'est rcent hein
"@RERB: 08:01, le trafic est perturb sur la ligne. Retour  la normale  09:00. (malaise voyageur) #RERB" Pfffffff
"@RERB: 08:01, le trafic est perturb sur la ligne. Retour  la normale  09:00. (malaise voyageur) #RERB"une heure pour un malaise. Waouh !
"@moonlight1220: "@BFMTV: #Sarkozy sera au meeting d'un courant UMP proche de #Manifpourtous  ""
"Des difficults d'acheminement de notre personnel retarde le train de 20 minutes", c'est une blague @RERC_SNCF ? #marre
"L'quipe du RER A veille  ce que tout vos dplacements se passent bien." :3 Faire arriver les trains  l'heure serait dj un bon dbut.
"La sodomie, l'un des accidents domestiques le plus courant" #HughLaurie
"La sodomie... L'un des dix accidents domestiques les plus courant" House se tueur
"Ont peux perdre une femme en courant derrire l'argent,Mme ont peux perdre l'argent en courant derrire une...
"Si je croise un clown, je lui dis d'arrter son cirque" tu te barre en courant ouais
#LeHavre #LiA En raison d'un accident au niveau de Belle-toile  #Montivilliers, les bus de la ligne 1 sont...
#Orlans - Accident ; Une femme de 86 ans renverse et coince sous un tram, elle n'est que lgrement blesse.
#RERB trafic interrompu depuis 7 h 30... Malaise de voyageur  St-Michel, reprise prvue vers 9 h 00
#RerE 8:30 EME-PC le train est supprim #qml
#SiphanoJVC tu pourrais refaire une seri avec la coop tram?
#Wfl14 11a transition gazire, grdf objectif plus de 60% de biomethane dans le rseau de gaz. Transports, usages courant etc.
#qml , le trafic est perturb sur la ligne. Retour  la normale  09:00. (malaise voyageur) #RERB"
#rerB Devinez pourquoi le StRemy est au ralenti dans un de mes prcdents tweets.
#rerE : train en retard pour motif inconnu, terminus magenta. Merci de nous avertir une fois  Magenta #qml
#rera Trafic perturb suite a un acte de malveillance  Nanterre Prfecture
#rerb Massy verrires vers Paris. Aucun train depuis 20 minutes, aucun affichage. 0 infos sonore #yaquelquun?
#sijecroiseunclownje .. Les gens arrter de faire j'aure vous avez pas peur , on en croise un on par tous en courant quoi !
#sijecroiseunclownje arrtez tous vos conneries vous aller juste flipper vos mres et vous barrer en courant plus vite que jamais
#sijecroiseunclownje chiale comme une teub et j'me casse en courant frere,ou alors je fais une selfie avec oklm
#sijecroiseunclownje fais tomber @ChloeMalva vers lui comme sa j'ai le temps de me casser en courant
#sijecroiseunclownje me barre en courant chercher mon frre qui en a peur... So sadique. x)))
#sijecroiseunclownje me barre en courant et je crie aprs ma mre
#sijecroiseunclownje me dmaquillerais avant de sortir pour tre sur tu vois et quand il me vera c'est lui y va s'tirer en courant mdr
#sijecroiseunclownje pars en courant sa mre !
#sijecroiseunclownje part en courant jregarde mm pas derrire j'ai trop peur
#sijecroiseunclownje serais comme a. Aprs je me tire en courant.
-QG- Vers ou tu habite? Tu es au courant pour les clo...  J'suis de Belgique x) Oui je sais , ca ne me fait rie...
-tho regarde si on remis le courant stp-lequel pre le courrant littraire du xvIII sicle-...,#BlagueDeL
. Trafic normal sur les autres lignes de RER. [2/2]
05:51, le trafic est ralenti de LES CHOLETTES vers GARGES-SARCELLES RER (panne de matriel) #RATP #T5
07:42, le trafic est perturb de St-Michel N.-D. vers St-Remy / Robinson (malaise voyageur) #RERB
08:01, le trafic est perturb sur la ligne. Retour  la normale  09:00. (malaise voyageur) #RERB
08:36, le trafic est perturb sur la ligne. Retour  la normale  10:00. (malaise voyageur) #RERB
1 personne malade,20 trains retards 5000 galriens Mais jamais la #RATP n'irait repenser ses procdures... #RERB
12/ et dont la pose de la premire pierre pourrait se faire courant novembre, ambitionne dapprovisionner dabord le march ivoirien ;
1989 n'a pas leaker?! Vasy je voulais couter l'album dans le RER la! >.< les allemands vous tes des merdes!
2 MINUTES de trafic normal sur le #RERB, record de la semaine ! cf. my last RTs
2h10 pour aller bosser ce matin!!! Double combo @RERB et @Ligne3_RATP, youpi!!!!!!
3 jours dans la nuit ! Apparemment, ce serait un message de Dieu ! Vite les gens, faut le "follow" sur Twitter, histoire d'tre au courant
3H. Trafic normal sur les autres lignes de RER. [2/2]
4 trains #rerb qui tente de monter dans un train dj plein. Blocage de porte ! Insulte ! Laplace prochain pb voyageur ....
8h08 supprim, 8h24 blind, trains suivants retards, heureusement on n'a plus les bouchons pour aller  la gare #rerd #montgeron
@02Adamsienne juste tu es au courant que tu feras jamais de tte a tte avec kev et que tu sortira encore moins avec x)
@0rianeDmaret C'est sur que c'est faux sinon tout les andelys serait deja au courant ^^
@17things_ Tiens moi au courant quand vous descendez, le plus vite possible j'espre en tout cas. Parce que l cela fait trop de temps.. <3
@73steven Je sais pas si tu as vu, mais apparemment cydia serait disponible depuis ce matin avec le jailbreak pangu ios 8.0/.1 t au courant?
@AEDebatte @Le_Figaro On serait au courant s'il y avait des journalistes au Figaro ahah
@Abigaellestb @NoodjFromSweden de toutes manires c'est qu''il soit au courant
@AdelineDicham mdr, je suis toujours l dernire au courant tu sais bien
@AleksDplks Du coup t'a fait le tour du monde via le RER C, Les Ardoines, Madrid, Rungis, Camberra, San-Francisco... XD
@AlexandraFrcki Tous des curieux! . Hihi tqt pas, qd on se verra tu seras au courant ma chrie #hte
@Allons_Y_Alonzo @schoner_Traum17 Ah! Ooook! Relis en t'imaginant que tu n'es pas au courant
@AmaralAmlia: Si un jour je suis en ville et que jvois un clown jle deffonce mdrr j'suis sre tu te barres en courant oui!
@Amelieths @DeanMorgane les pauuuuvres, perso si je me fait oprer vous serez mme pas au courant
@Asso_SaDur #RERD Gros travaux, bcp moins de trains, difficults de circulation mais le dernier DICA est un train court. Cherchez l'erreur.
@BFMTV: #Sarkozy sera au meeting d'un courant #UMP proche de la Manif pour tous   #homophobie
@BRAHMSON693 @Inesjahid je sais pas j'ai rien dit j'ai pas port plainte. Mme ma mre elle est pas au courant.
@BajramShq @bobby_221 mdr ptn, je te comprend, je serais partie en courant ouais
@Beousssh @RERB Demande  RER B tu te donner les coordonnes de la voyageuse inanime dans le train de St michel afin de te plaindre  elle
@BichNgoc_ MDRRR mais grave! Une fois j'tais au tl, on m'a racont un truc j'avais des frissons et  c'moment la, panne de courant sa mre
@BitcheslovesMC je vais y aller en courant ! J'espre aussi qu'elle fera une promo chez Cauet du nouvelle album
@BonnetBenjamin ah tu es plus au courant que moi alors.. :) super ! J'ai confiance en lui, il va m'pater.. Je serais toujours l pour lui!
@Camill3lisabeth oui je comprend ta douleur ! Tiens moi au courant je serais l pour toi MOI
@Camille1603 je t'ai jamais vu sauf la premire fois que tu es venue ! C'est cool merci on se tient au courant si tu veux
@Cel_Reloaded ah oui mais non! On va avoir une pnurie d'lectricit cet hiver chez nous et on sera priv de courant 3  4h par jour
@Celine_RDS ya pas eu de coupure de courant vers 00:00 ?
@CharleneDsl sans moi tu serais au courant de rien
@CharlotteMarcq Ma mre m'a dit qu'il allait couper le courant toute la matine du coup j'ai trop le seum... On s'appellera?
@CharlotteMarcq Tqt tu seras la premire au courant
@CharlyEndsHere j'espre pour toiiiii  tu me tiens au courant de a!! :)
@CheyenneMenges inchhallah ! Si je l'ai tu seras direct au courant tqt
@Chlo1303 @CaplierJulie @ClownyLe ptddrrrrr ju tu vas partir en courant et chlo tu vas la suivre je serais l pour vous dfendre
@Chris_Langlet @john_laurent @Cyrilhanouna vous tes bien plus au courant que moi ! Je savais pas qu'il voulait crer une srie
@CineSerieAddict @PLL_FRsource Ca serait moche de dvoiler les acteurs qui sont au courant et que ce soit eux A. Ca gacherait la surprise
@ClaraRaess moi non pluuuus :( ma mre voudra pas que je prenne le train alone, c'est  peine si elle est d'accord que je prenne le bus-
@Clem_Screw t'inquite je te tiendrais au courant frre si il y a des buts :)
@Cliffordish_ tu seras la premire au courant alors
@Clotilde_Dbs J'espre que a ira mieux demain, je te tiens au courant <3
@ClowneyLeClown @ThugClown @LelayVictor @clown_28 J'AURAIS PAS AIMER JE SERAI PARTIT EN COURANT !!
@CoralieMeireles @_Nxrxb mdrrr oui mais mme je prfre le tenir au courant bichette.
@Cov3rFacks si yaurais eu des clowns dans ma ville j'pense j'serais dj au courant
@CynthiaGuilhemj mdr a dpends si c'est un panda avec des barres en fer comme le clown moi j'me tire en courant
@DediMurphy l'cho sera rel. Demain je pars mais je te tiendrai au courant garon !
@DelphineRivet pas du tout au courant que c'tait relanc @ComicCon_Paris , on est un peu sous l'eau chez nous mais un DP ca serait bien :p
@DianeYers j'ai un partiel la premire heure so j'te tiens au courant quand je l'ai fini
@DimitriBedel parfait il nous mettra au courant du dernire album de Kaaris
@DocArnica Je suis pas sre que les jeunes soient au courant. Jhsite a limprimer et  le mettre  dispo. Je vais demander  mon remplac.
@DylanRpgla -se relve et part en courant-
@Ella_Fictions T'AS INTRT !! ET JE VEUX TRE LA PREMIRE AU COURANT !!!!
@EpsilonPhy @PerfMahonexHood tu parles alors que t'ai mme pas au courant de tout ce qu'elle a tweet 'petites prpubres prtent  vendre-
@EstelleMpg d'accord tu me tiens au courant dans ce cas, je finis les cours  13h20 j'devrais tre vers 14h30/15h max sur paris
@EvanRPGWRGU -essaie de s'empcher de rire- t'es au courant que ta tte de mchant n'est pas crdible?
@FaabiolaSp Dis lui genre que mn pre travaille a EDF et du coup c'est gratuit mais que en change jdois travailler pdt les grandes vac m
@FannyLedru Anh j'tais pas au courant jviens juste de le voir sur Twitter... Pauvre ti pere ... Il a fait comment et il a eu quoi ?
@FatouBM_ ferme la toi Wallah on serai partie en courant tlm vite toi et moi
@FrancoisBrabant Pourquoi faut-il toujours attendre d'un politique qu'il soit retrait pour aller  contre-courant?...
@FrenchToffees 0-5 MINIMUM ! Et j'espre que les joueurs seront bien mis au courant de ces diffrents pisodes pour ne pas se gner  scorer
@FrenchToffees Ignorant, on voit que tu suis pas la L1 sinon tu serais au courant de la rpression que connaissent les supps franais.
@GKMP_ mdrr ils disent on sera mit au courant si c'est vrai c'est chaaud
@GLarrive @nadine__morano Tout  fait ! Et seul NICOLAS Sarkozy est capable de crer ce courant et cet lan pour relever la FRANCE !!
@Gaaiis_seven4 @Tommyzi_ j'etait au courant moi j'ai laisser la surprise, toi lfdp tu t'es cacher derrire moi dsl pour l'affiche mddddr
@GautierDylann Normalement, je rcupre un internet stable demain mais je sais pas  quelle heure. Je te tiens au courant.
@GeaiMelo je sais pas si a vaut le coup le temps gagn avec le rer B pour reprendre la 4 pendant une station ensuite
@GraysonRPGLSD sms : personne sera au courant tu sais.
@GroupeRATP retour  la normale  9h pour un putain d'accident voyageur? Mais vous vous foutez de nos gueules !!!!! @RERB #incapables
@Guenapsb jsuis la dernire avoir tait au courant stp.................
@GwendoolineVthm Bernard* mddr j'y suis aller jeudi j'ai pris son ballais et je me suis barrer en courant Lagache t morte de rire
@Hamla94240 jure ? J'tais mme par au courant sa mre
@HarryRPGCLE -il visa bien cette fois la main du mec qui pointe son arme vers toi, celui-ci se barre en courant, restant plus que celui qui
@IDR_80 @RERD_SNCF @rerDriver fais lui au moins 1 bravo quand tu sors du train il sera content :)
@IDR_80 @RERD_SNCF ah peut tre encore 1 coup de @rerDriver :)
@JessicaSoldat @shoslevikacher @Lakebekoize @SCvetelina @NANACANNES @AliLaPointe999 tu es au courant qu'elle n'a que deux pere?
@JulesNox_ mdrr perso je suis mme pas sre d'y aller mais on se tient au courant!!
@Kendo_daisuki @RERC_SNCF y a des travaux de nuit et donc des pannraux de ralentissement provisoires sur cette parrue de ligne
@Khemwi Bon...y'a plus qu'a esperer ne pas tre dcu quand je serai mis au courant par mail
@KmrCloe ahahahah tu me tiens au courant alors ^^ tu me fais rire :-*
@KokoLaPetite Mdrrrrr ma vengeance sera terrrrriible mais aprs je m'enfuirais en courant...
@LC1805 Trafic perturb sur la ligne #RERB #BOF. Retour  la normale  13h
@LIGNEL_sncf divers incidents sur la ligne L et RER perturbent trafic axes #nanterre #Cergy et #Poissy. Perturbations  prvoir jusqu' 21h
@LIGNEP_SNCF Bonjour! Pourquoi le train Coulommiers-Paris Est de 7:12 a eu 10min de retard? J'ai presque loup mon RER a Tournan!
@LaPotatoes ouiiii jespre !! au faite j'ai eut Valou au tlphone il viendra peut tre il me tiendra au courant en direct
@LaPtiteElice c'est marrant sur le coup .. qd tu finis par avoir le bon ..,Le pied dans le pltre ca doit tre moins fun. Merci @RERB
@LaserQuest78 temps nos rseaux sociaux pour tre au courant des dernires nouvelles. ^SC 3/3
@LeaForadini: Je suis toujours la dernire au courant, ou alors pas du tout au courant :p
@LeevyLvbs @ClownDeLaZup si ne plus askip ta rlate ls clowns qui sont dans les trains RER B vers minuit
@LinksTheSun *Siffle* Gnial. Va pas la perdre dans un accident de bus
@Litaliano2mars @SolanoTM aaaah merde :( j'vais eassyer de me librer ce soir alors j'te tiens au courant
@Love_Casualty_ JE VAIS ESSAYER ! MAIS MA MERE N'EST PAS AU COURANT QU'IL Y A UN 2e MEET UP :') JE VAIS ESSAYER MAIS C'EST PAS SURE
@MaddieRPGCC *explose de rire, pars en courant dans l'eau*
@MaevahLsl mdrr ouais a me fait rire le clown tu le vois je crois que tu te casse en courant
@ManuelaLokrou toi tu parle de moi mais tu te promne seulement. Non mais tkt tu sera la premire au courant.
@MappyCity mais que se cache-t-il derrire ce terme "accident d'exploitation" ? #rerb #qml
@Mariinaa_Del @Enjoy_KA_ Et encore elle serait capable de le poursuivre pendant des heures en courant msk
@Mathiioulde Dj, @rerDriver copie @Conducteur_RER et me demande des cafs. Alors faites tourner les 06, 07 ou 08 !
@MaudBernab mais oui, jveux trop ! Mais je passe ma vie dans le rer donc le weekend cest mort, pas de train
@Mayounnaiseuh Bah je sais pas moi , un poussin qui fait une folie meurtrire a tue pas les gens du kfc ? >>>>>>>>>>>>,*pars en courant*
@MetalPicture c'est un fake mdr,y peut pas y avoir kyo mdrtkt on sera au courant de la prog rapidement
@MisterLocked non mais dans un mois ce sera plus halloween tu es au courant ?! :(
@MyriamBoss_ @DrucilaBrz J'espre que t'es au courant que ces une vielle notes quand mm
@NalesemSirine Oh d'accord, j'espre que tu y arriveras alors, si tu y vas tiens moi au courant on pourrait se croiser
@Nato_o Je sais pas si tu es au courant mais regardes les commentaires.. a m'exaspre ce genre de reaction..
@NatooVideos Je sais pas si tu es au courant mais regardes les commentaires.. a m'exaspre ce genre de reaction..
@Ness_B_ @beautyboxaddict elle etait pas au courant que a serait diffus aujd apparemment
@NiallRPGUNY *s'avance vers toi* dsol de ne pas tre venu plus tot..j'etais pas au courant..
@NoahRPGFM *crit hyper fort* NOAH LOIGNE CA DE MOI JE RIGOLE PAS! *part en courant vers les serviettes*
@NoahRPGFM *eclate de rire et met un boxer, te courant aprs* NOAH RAMNE TES FESSES ICI
@OceaneBerrueco cooooooooool, par contre le soir je serais a saran :( mais dans l'aprem, on se tiens au courant
@OceaneMiglietta Ce sera pas le coup de foudre il va plutot se barrer en courant quand il va voir ma gueule
@Off_Bad_ @LilichkaSTT @KimiSynth @Cypriie Ca ne fera pas trs mal, tu ne ressentiras qu'un lger courant d'air sur ta nuque
@OhLittleCarrot @heartoflouiswt pas de soucis, vous me redirez vos horaires de bus pour que je m'adapte avec mon train :)
@Ooopsland a va dpendre du train et du RER a ;-) mais j'ai hte de rentrer oui ;-)
@Oria_nox Oui, ce serait cool. Moi je vais voir si elle est dispo enfin surtout quand. Et je te tiens au courant :)
@Papiillon Et le courant de lamour serait le grand perdant du vote inutile ?
@ParadiiizeCity Mais "ne pas s'nerver" c'tait pour t'embter ca fait un moment que je suis au courant j'ai mme mis la vido sur Twitter
@Payno_Turtle ton pre quand il ta vue il est partie en courant en criant "G crue quel accoucher mes non elle a chier
@PetitNem56 @ClownDeBebelwed mdr tu sera com les autre tu va bs voir tu partira en courant
@PierreParrillo oui m @Anne_Hidalgo 1re secrtaire de delano tait pa o courant d 400m de dettes! vive l impts locaux!LOL! @languillem
@Precigout_74 le programme c'est monter  la Bastille en courant alors je rverais d'une aprem trottinette :'(
@RERB #robinson: train retard, aucune annonce, aucune visibilit: faudrait se rveiller ! #qml
@RERB 08:36, le trafic est perturb sur la ligne. Retour  la normale  10:00. (malaise voyageur) #RERB #EnfeRERB
@RERB Est ce que vous retournez des trains a denfert pour les faire repartir vers le sud ???
@RERB Vous annoncez un second train' vers le sud a Chtelet. Mais il peut pas plus partir !
@RERB Vous retournez des trains a denfert pour aller vers le sud ???
@RERB aucune information en train ou  quai et lorsqu'on en a c'est soit une mauvaise information ou pas claire ou au mauvais moment.
@RERB aucune sur l'application (puisqu'elle ne s'intresse qu'au trafic gnral et pas  une gare prcise)
@RERB bande de menteurs le trafic est perturbe dans les deux sens!!!
@RERB bon du coup vous foutez quoi pour rgler le problme ? Faudrait commencer par se lever et aller bosse sales feignants !
@RERB et voil train terminus Laplace annonc  Cachan... Soit la station d'avant. La classe !
@RERB le trafic est INTERROMPU sur la partie nord.  l'arrt depuis plus de 20 minutes.
@RERB malaise voyageur en gare de Saint Michel notre dame impose un arrt prolong chaque train.
@RERB ne serait-ce pas celui de 10h12, qui parle de retour  la normale, qui comportait une erreur ? Le trafic a t rtabli vers 12h30...
@RERB pas d affichage sur l heure du prochain train a gif c quoi qui vous bloque pr nous donner l heure??? En plus on est en bout de ligne!!
@RERB un connard qui fait un malaise vagal et la RATP panique et le trafic et compltement bloqu. Sales bons  rien !!!!!#raslecul #ratp
@RERB: 10:14, le trafic est ralenti sur la ligne. Retour  la normale  13:00. (incident d'exploitation) #RERB,Pauvres usagers de la #ligneb
@RERB: @sachakht Des retournements ont t effectus pr maintenir trafic ds zones alentours@ACircule @Asso_usagersidf C possible sur le B!
@RERB: Retour  un trafic rgulier sur l'ensemble de la ligne #RERB. Incident termin. #CQFD
@RERC_SNCF Bjr, hier 21h Train long vacu sans annonce quai. Personnel gare sur fb et n'informe pas que train court+ ouverture porte manuel
@RERC_SNCF Retenue  quai pendant 10 min  BFM dans Kuma sans annonce le chauffeur daigne enfin nous dire que le train va repartir 1/2
@RERC_SNCF et finalement extinction des lumires, train terminus. Y a pas 1 jour sans problme #rercenfersurterre
@RERC_SNCF vous nous ridiculisez auprs des touristes avec vos trains direction Invalides, et vous faites chier tout les autres par la mme
@RERD_SNCF 20 min pour faire montgeron pompadour avec un train sur deux ! Bravo, on irait plus vite en char a boeuf
@RERD_SNCF Ce n'est pas ce qu'a dit le conducteur du train ni les messages en gare. Tous deux parlaient de retard de "rgulation"
@RERD_SNCF Spciale ddicace au chauffeur du train VUPE dpart de Grigny  10h20. norme merci pour votre bonne humeur ! #VoyageuseSouriante
@RERD_SNCF la moiti des trains et vous tes dpass. Laissez tomber ! A non c'est deja fait depuis 15 ans pardon #rerd
@RERD_SNCF si a vous emmerde tant que a de faire circuler des trains changez de mtier !!!! #rerd #qml ramassis de minables incomptents
@RERD_SNCF traffic ralenti sur toute la ligne D depuis corbeil
@RER_B @laurentgallois cetait juste une remarque de mon point de vue vous avez coup une discussion qui aurait pu tre intressante avec lii
@RER_B du coup je viens de le bloquer, changer,oui, mais pas avoir en prambule privilgier et autres douceurs. @lune_rer
@RER_B hol dans ce cas je suis fier que ce bon vieux rer B m'est fait rater mon cours !
@REv0Lv @IndieMagFR @At0mium_ j'tais dja au courant MUHAHAHAHAHAHA
@RJulien93 tkt tu sera bientt au courant ;)
@Rennes24 vous tes au courant de l'tat de la circulation sur la rocade actuellement ?!
@Rhadamisthe bonjour, bonne nouvelle, l'appli homme sera lance avant la fin de l'anne. Nous vous tenons au courant.
@Rinou94 paye ta grail avec la CB de la grand mre t au courant sa te ronge jusqu'au os
@SFR_SAV Et oui car ce n'est pas la premire fois que cela arrive et a chaque fois c'est a la suite de coupures intempestives du courant.
@SarahLannoy Restriction budgtaire & les idiots de premire anne laissent les portes de la fac ouverte ce qui fait ds courant d'air. FROID
@SebBovetSRC je ne sais pas si vous tes au courant mais il y a un 1er cas #Ebola au #Mali
@Shadyzer @camilabjrn train et rer cs pas la mm bouffon
@Shoo__3 J'espre que a ira, tiens moi au courant
@Shoo__3 oui tient moi au courant, j'espre que tu sera bientt soulag avec a
@SidRouye "L j'allume mon ordinateur, qui est reli  ma chane, qui est relie au courant, qui est reli  une centrale nuclaire, qui..."
@Simko95 @SaryGts @Jul_Levrai ololo mais diiit moi prk tu f lfou f belek demain ton bus i va faire un accident mec
@SoniaCalabre On va me tenir au courant du score par SMS, mais je ne pourrais pas le voir je serais  un concert...
@Spahnou @PaulineLachmann @guibdid @GramppF se serais bien de nous mettre au courant de ce qu'il se passe mdrr
@Stephane_sncf @matthieuataman @RERC_SNCF oui la peur de prendre un coup nous freine tous et vous le premier. Alors arrtez de parler !
@Sublim Merci de votre retour. Vous serez recontact dans les jours qui suivent, n'hsitez pas  nous tenir au courant. A bientt
@Swag_De_Poulpe @EmmaPL_ @PayeTonGif OUI CA SERAI MIEUX SINON NOS FANS VONT PARTIR EN COURANT
@TAPSMonsieurX je suis aussi  l'tage et la ou je suis il y a un lger trs lger courant d'air glac..Mais fait meilleur que dehors certes
@TPMPofficiel que devient gyselle?on l'a voit plus, serait bien de nous tenir au courant cyril si elle a quitt l'quipe ou pas !
@TUForg Prs de 1h30 aprs le malaise  #SaintMichelNotreDame, le trafic du #RERB est toujours drgul! Seul avantage: y a plein de places!
@TareKadouche pff le jour ou jte vois on s'tape tu vas plus te reconnatre (nn jdec jte met une tape derrire la tte et j'pars en courant)
@TheNachosenOne Dsol, demain j'ai prvu de mourir ! Je viens de me faire oprer, j'ai super mal XD je te tiens au courant demain :')
@TheRedSam T'as reu ma demande? Ou ma coupure de courant  tout void? :^)
@TheRevStrych toute faon ils auront pas le temps de me voir que je serais dj partie en courant xD
@The_Joker34 j'espre que si un jour je rencontre alex que tu seras avec moi sinon je partirais en courant tellement je dcederais
@ThisIsBerize mdrrrrrrrrrr bah dj j'en ai pas et en plus j'pense j'me serais dj casse en courant bc j'suis une flippette
@TonyPacino13 moi je serai partie en courant srx t'es surhumain de te rendormir
@TribuneOrleans Accident de tram en fin apm devant la gare. Vu par Charles E Le maignen "une dame trs gentille" sic tait sous la rame.
@UnJourAuParadis a me ferait chier pour toi :/ tu peux pas demander comme cadeau de Nol ? Tiens moi au courant ma belle !
@Val__Tho j'y serais pour 10H30 lundi pas de soucis , on se tiens au courant par sms
@VeniceKing22 @MathieuGuyot17 oui a serait mieux que je sois au courant mdddr
@VexinZone109 De rien, tenez-nous au courant de la suite #carrires #brueil-en-Vexin
@Vincentquentric jamais contredire la darone psk si le pre est au courant ya intrt a avoir une bonne excuse mdr
@WaRTeK t'es au courant que dans 1 semaine il sera inclin a 3 degrs ?
@WilliamReymond @the_sbproject Bjr et bravo, repris dans Libration de ce matin, au cas o ils ne vous auraient point mis au courant.
@WiperTheShandia C'pour a ptdrr j'le vois bien dire " Ah, dsol ma mre m'appel pour manger " Et il part en courant ptdrrr
@YOungKriisS_911 PTDRRR Jetais pas au courant , j'ai pas reu mddr
@Yod4wtf Tu serais au courant de l'histoire tu dirais pas a
@ZZ_Princess un ami coren m'a dit qu' la campagne nagure il tait courant que la femme nourrisse son mari A LA BAGUETTE
@_Amixem @ParisGamesWeek pas de probleme :) tu nous tiendra au courant sur twitter de ou tu seras et quand a la pgw pour te voir !
@_Cucuchi @KenzaSMG @JulienCotel Bien contente d'tre au courant en tout cas merci Kenza ! Je vais de suite rcuprer mon groupe lectrogne
@_HelloHappiness x) comme a personne ne sera au courant que s'tait du jargon informatique et non un composant chimique lol x)
@_JulieDragneel Pareil c'est la 1re fois, grce  twitter j'suis au courant de tout j'suis trop mue T-T mais nan tqt c'est pas grave :3
@_Justinisme ;) j'espre que c'est pas un vieux comme Hendrick, sinon je pars en courant sans me retourner :'(
@___nphtys bah c'est des trains qui fonctionnent comme des trams parce qu'il s'arrtent dans chaque ville et y'a rarement des controles
@_crevette_ @Maude_Official Quel rconciliation? je suis ap au courant, et je ne veux pas l'tre aprs je serai maudit comme votre fan base
@_hollyRPGBAS *arrive vers toi en courant* heeeey! Tu viens courir avec moi? *souris*
@_marmotte_ aprs j'imagine qu'avec la poussette jumeaux, et trois gosses, y'a moyen d'en louper un en descendant du RER
@absxlutly_nxt bon faut mettre mon pre au courant
@addictedrauh ce qui veut dire les premire ??? Euuuh on est au courant de rien dans mon bahut mmdr
@afshariass j'ai faillit courir prendre le rer
@antoine_bdx @ConductriceTBC je prend le tram rgulirement...les seuls retards que j'ai eu son d  des accidents.....pas  une dfaillance
@ar3uready @RucheNicolas Je sre que c'est un secret et que personne  part twitter est au courant :'),Mdrr la pauvre un peu quand mme x)
@ashrpgdtny Bah tu lui dit tes trucs mignon jsp ! T'es au courant que tu demande sa  ton frre clibataire !
@aurelielub Ben moi je sais pas encore ou je serais niveau taf ^^ On se tiendra au courant :)
@benoit_castela tiens moi au courant pour le mixte ce qu'ils font, je serais dans la voiture et je pourrais pas voir le direct!
@bl0od_faze Je t'aime Herv et ne t'inquite pas ta femme ne sera pas au courant donc ... Putain j'ai oubli de prendre mes mdocs ce matin
@bordeaux1er mdr, ils ont aucun jeu mec, l'autre il tente un ciseau, il est au courant qu'il perd 1/0 ?
@bryyouuu Tqt normalement j'vois Ines la semaine pro j're tien o courant d'ttsa
@coffeebreak22 Je suis par exemple au courant des dernires histoires sentimentales de mon voisin...
@delijn ce serait cool que lorsque l'un de vos bus est  l'arrt  cause d'un accident, les passagers soient pris par le suivant -'
@denvRdaKing attend ma mre et pas encore au courant mdr
@drkalee non, mais on se rend compte du soleil et moi je me traine en mtro + RER et ca m'clate !!
@enair0lf @Odi_N93 c'est bon j'ai lu, mais j'tais dj au courant de a, mon frre m'en avait dj parl mais j'lavais pas cru
@fcxckinggirl N'importe, je vois mon pre demain soir donc je lui demande ce qu'on a de prvu et je te tiens au courant <3
@gpoitrat Bonjour, le trafic est ralenti sur laxe Paris/Orry suite  lencombrement du tunnel Chtelet-gare du Nord (malaise voy sur #RERB)
@greluche Ds que c'est envoy tenez moi au courant. Je garde le dossier sous le coude et je reviendrais vers vous dans 48h. ^Th-G
@helenitaaa_ Ooh d'accord je te tiens au courant alors! :) donne-moi ton numro en MP si tu veux bien, ce sera plus pratique!
@heloisemtrr pasque le bus tait pas venu et du coup ma mre a du me chercher aux halles...
@hollandrpgla t'inquite pas pour a tu sera la premire au courant -sourit- et toi alors avec Colton ?
@ifeeleto Tu nous as piss de rire hier, t'es au courant?:)
@ifuckhaz on s'est parl pour la 1re fois le 28 juin 2014 et le courant est vite pass entre nous. jour aprs jour notre
@ineedsxmebody t'as le couple qui courent vers un bus et a coupe :/
@ingridnoel presque pareil a saint Maur sur le @RERA_RATP , train presque a l'approche depuis 5 minutes...
@inw_trust sur RER ils ont embauch Raymond Fontaine pour courir avec la tte de course quip d'un micro !
@inw_trust tu coutes runion 1re ou RER ?
@isaacRPG -ri et s'arrte soudainement de rire- quoi???? T'es au courant???
@itsme_Gwwenn eh oui ca arrive ! Euh la je serai pas dispo avant lundi  mais c'est gentil ! Je te retiens au courant
@karlaRPG *se regarde une dernire fois et te rejoins en courant, se casse la figure dans les escalier*
@klorydryk je pense que c'est ce que dit @lpenou : la dernire fois les proprios taient au courant, pas les locataires...
@larep_fr Vous en savez plus sur laccident de tram prt de la gare dOrlans ?
@larry_cot subliminalement juste de maltraiter les animaux ou idk puisque le grand public sera pas au courant (enfin avec leur article p)
@laughxnarry MAIS OUII ILS SONT TJS AU COURANT DE TOUT, PTN J'ESPRE QUE LES BOYS VIENMENT EN FRANCE
@laurentgallois @RER_B @lune_rer dommage de couper la discussion ainsi cette personne avait srement des choses  dire.
@lemondefr @ecazi sont tous de bonne foi, simplement pas au courant de l'volution des prix immobiliers, et ils sont censs grer...
@liamzwife OH MAIS NON MAIS MOI J'ME SERAI ENFUI EN COURANT PTN MDRRRRRRR
@lindsaycaroli Mais il va encore avoir une annonce c'est sur, pour le wwat on tait aussi dans les dernires  tre au courant
@lloydllily @nozokianaa toute faon lui il tait au courant de tout cte commre mdrrrr
@ly__laura oh non tqt, tu serais au courant sinon ;)
@maevanomalie_ a y est, ta mre est au courant, ma fin est proche...
@matthieuataman @Stephane_sncf @RERC_SNCF non. La peur de se prendre un coup nous fait fermer les yeux. Personne n'a bronch dans la rame !
@matthieuataman et vous l'auriez fait alors ?Moi pas envie de prendre un coup...,@GroupeRATP @RERC_SNCF @XiisMoret @SNCF_infopresse
@messiemessie1 Forcement qui croirait le contraire serait dune navet confondante,  n'avoir qu'un courant d'air entre les 2 oreilles !
@micka92260 mdrrr je me serai sauve en courant  ta place
@minikevv @Maitre_Eolas C'est courant. Aujourd'hui Gandhi serait considr comme un provocateur voire un terroriste.
@monsieurpervers c'est vrai qu'une grd mere qui meurt a cause d'une balle c'est courant ! lol ! soit t'as une vie de fou soit tu es fou !
@ohmcall tqt,tu seras la premiere au courant
@ornikkar: Il racole ! RT "@BFMTV: Sarkozy sera au meeting d'un courant UMP proche de la Manif pour tous. Iznogoud est de retour
@ouravondrean En tant que d'adulte, j'espre que ta ma mre n'est pas au courant de tes propos. Mais ne t'inquite pas, elle va le savoir
@pcd_pauline je suis au courant de la story snap de ton frre moi aussi  chauw
@petiflo48 @IDR_80 @RERD_SNCF Cest pas moi pour le coup, je suis du matin, mais je pense que cest notre ami @Lio_38
@pokofan55 toujours la dernire au courant moi :(
@portailduvelo @SebastienDeCock Pas encore prvu mais possible. Tu seras tenu au courant ;-)
@quoimaligne colis suspect #rerd tetminus pierrefitte, au moins 4 trains supprims vers sud
@rerb @RERBoulet 10 min d'attente sans train pour cdg. Voyage dans des conditions pouvantables.
@rerb Gare du Nord : train plein, il sonne avant que les gens ai commenc  monter et se ferme avant qu'ils aient fini, incivisme de la sncf
@rerb_monamour il y a 1 train de rserve de la ligne H qui se trouve  GdN, il faut tout simplement dgager cette voie. @RERB
@riouak_ mdr direct y'a le petit groupe de commres qui revient! Chlo elle fait des bails chelou en ce moment t'es pas au courant?
@sahyounique tu me tiens au courant si jsuis pas la et qu'elle rep mdr
@sarahfsslr vers les mines juste avant la fort avant Pul, ils s'amusent  traverser en courant qd des voitures passent..
@sheismae vs serez au courant t'facon #killa
@snitchyx @Chococrapaud ALLEZ RDV GARE DU NORD LES GUEUX... Le rer b y va et euh mon train aussi.....
@sparouw1 @_SlyTheSly_ @flubbapp car y'a pas qu'UN courant ou qu'UNE seule manire fministe d'aborder ces sujets.
@tarpinswave Mais  ce niveau l c'est plus des potes j'espre que t'es au courant
@teigne_la @Anselmedevil @c_croci @PolitiqueActus Bien qu'un pnis puisse crer un courant plein de conviction.L'important: rester droit!
@vincegastellier 1/2 a fait plus de 25 ans que je conduis des trains, les voy excds j'en vois de + en +, ce qui n'empche pas @RER_B
@vincegastellier avant de le bloquer, j'ai tout de mme jet un coup d'il sur son pedigree... @laurentgallois @lune_rer
@wonderfuldrew_ aaw tu me tiens au courant mais par contre si tu peux a serait cool cette semaine bc  partir de lundi jsuis chez mon pre
@wowbiebz bah  avignon il parat qu'il tue aprs je sais pas je vais voir si ma mre est au courant
@zacviei @RomainSP_ et ba tien moi au courant sur quelle boite vous aller je ferais changer d'avis le groupe
@zeJeeP_ la soeur est au courant du diagnostic de son frre ? (laisser le courrier dans son dossier c'est moyen si un jour elle le demande)
@zeujal je pense partir de cassages vers 1h30 2h je te tiens au courant ;)
A la Dfense on a eu un vieu coup de flippe quand on a entendu "Alerte aux passagers. Alerte veuillez sortir au plus vite du RERA voie a"(1)
ALERTE MUSLIM Je viens dtre mis au courant de la situation d'une sur en grande difficult financire. Cette...
Accident piton-tram pas loin de la gare. a n'a pas l'air cool du tout...Faut m'expliquer pourquoi les gens regardent comme un spectacle...
Accrochez-vous ! Le trafic est toujours perturb au niveau de la ligne #RERB #KO. Pas de trafic fluide avant 13h
Ah si, maintenant on sait : train en panne  Louise Michel donc "trafic trs perturb" sur la ligne 3. #qml
Aller nouveau mouvement de la foule  Laplace #rerb pour monter dans le 3me train dj plein direction Paris en 35min
Apparemment il y a eu un grave accident avec le tram ? #Nice06
Apparemment on a des invites ce midi, pq jsuis toujours la dernire  tre au courant de tout dans cette maison?
Aprs quelques heures de train, RER, mtros... Nous voici arrivs...
Armez-vous de patience ! Le trafic est  prsent ralenti sur l'ensemble de la ligne #RERB #BOF
Arriv gare du Nord. Pas vraiment de soucis ce soir, juste quelques ralentissements. Bonne soire. A mardi. #rerb
Arrter avec#sijecroiseunclownje on c est tous que on se barrait en courant...
Au cas o la terre entire ne serait pas encore au courant hahaha. @MargauxBerlou joyeux anniversaire mon chat !
Aucun moyen de savoir quel train va partir en premier  Chtelet. Les agents sur les quais sont dpasss. @rerb #qml
Auj rer b completement bloque du coup pas cours sa mere
Aujourd'hui j'ai pas cours, donc je prends pas le train, et tout va bien sur le #RERC. Concidence ? Je ne crois pas.
Aujourd'hui, Pascal pour vous informer en temps rel sur l'tat du trafic du #RERA. Bon voyage et bonne matine #RATP
Aujourdhui, de 8 h 30  11 h 30 , lautobus lectoral sera  lendroit suivant : Vale-Copper Cliff. Apportez une pice didentit.
Avec autant de train vid  Laplace #rerb la RATP cre les conditions d'un nouvel incident sur la ligne
Avec vos augmentations du titre de transport, les trains omnibus qui foutent encore plus la merde, vos rames microscopiques... #rerb
BINGO ! Quatrime train terminus Laplace #rerb. Contradiction avec les infos diffus
Baston a Laplace #rerb le flux de personne montant dans le train empche les gens de descendre.
Ben voyons ! Barre toute  droite ! //Sarkozy sera au meeting d'un courant UMP proche de la Manif pour tous
Bien jou  l'ADC du DEBA (BFM 18h52),celui-ci a rcupr les 6 minutes de retard en arrivant  Sermaise. #rerc @RERC_SNCF
Blaireau qui a oubli son sac sur le quai de Massy (en queue de St Remy) oups on se taille rapidos avant l'appel des dmineurs @RERB #RERB
Bon finalement on nous a mis un train quasi vide a Denfert-Rochereau dir sud #RERB #qml je suis assis ! @LozeRER @RER_B
Bon j'ai fait deux twits auto pour demain, je serais pas co demain matin (coupure de courant) mais je serais co quand je serais chez moi !
Bon je crois que pour l'instant mon pre a pas vraiment besoin d'tre au courant. <<<<<<
Bon, j'ai bien loup mon bus. Faut juste esprer que le prochain me fasse arriver max pile  l'heure pour mon train.
Bon, vu les PB de RER j'irai en cour pr 10h30, autant rester chez moi la
Bonne nouvelle. Affichage revenu  Massy verrires #rerb!. 2 trains supprims. Bravo @RERB pour votre superbe com...
C bon ma mre elle est au courant pr samedi
C'est mon jour transports en commun, 2 RER, 1 mtro, 1 train et 3 bus
C'est quoi cette putain d'histoire de clowns ? Pourquoi j'ai toujours l'impression d'tre la dernire au courant ?
C'est trop drle de voir les gens courir pour avoir le RER alors que le RER est "retenu en gare pour quelques instants"
C'est trop mignon quand tu reois une demande d'ami de quelqu'un qui crache sur toi mais ne sait pas que tu es au courant.
CA-60 E/B : Accident at Main Street -
Ce matin mon pre m'a lever a 8h pour faire 2 picure, jetais pas au courant j avais bien les boules
Ce matin on nous annonce firement la reprise d'un train toutes les 3 minutes. Rsolution qui n'a pas tenu 3 minutes. #MalaiseStMichel #RERB
Ce matin, 2 @RERB bonds dlests coup sur coup  Laplace. C'est quoi cette rgulation  la con?? #qml
Ce midi, j'ai eu la dsagrable visite d'une nana de GDF pour me rcuprer comme client. Elle m'annonait "la fin du tarif rglement" (1/2)
Ce tram, c'est une blague ! Apres l'accident de tout  l'heure, voil qu un vhicule mal gar empche sa progression !
Ce week end une compte pour les ODC 360 sera ouvert, on vous tiens au courant! #RT @RavengerEmpire @PubDecerto @@StructureRever
Chez moi le courant il s'est couper d'un coup et il s'est remis tt seul !
Cinquime train terminus Laplace #rerb pour 2 train ultra blind partant en direction de Paris
Comme sa si y a un probleme ma mere est au courant
Commerce Street : Accident at 5th Avenue -
Comprendre compltement interrompu dir. sud RT @RERB: 08:01, le trafic est perturb sur la ligne. Retour  la normale  09:00. #RERB
Cosmo si il la coupe. Je prend le rer, je change en prenant le mtro, je vais a D17, je trouve la rgie finale, et je leur Pete la gueule !
Courage les amis ! Le trafic est toujours perturb sur la ligne #RERB, le retour  la normale a t repouss  9h #KO
Courage les amis ! Suite  un incident d'exploitation, le trafic est ralenti sur la ligne #RERB #BOF
Demain on sera en plein courant d'air on va pas assumer
Demain y'a grve des bus. Au matin j'aurais mme pas l'temps de dire un truc,ma mre elle va msortir "sisi tu vas en cour j'tamenne m'fille"
Dilemme: remettre le courant pour avoir le chauffage, le frigo et travailler  la lumire, au risque de rveiller la maison ou ne rien faire
Dimanche ma mre elle refait 72kms  Millau en courant, a m'stresse en fait..
Dir Paris #rerb second train terminus qui dcharge  Laplace. Quai bond, Danger !
Direction Paris terminus #laplace #rerb. Quai plein qui va tenter de monter dans un train tout aussi plein
Doc "Gilles Lamir, skipper  contre-courant" sur @TVR35 @TebeoTV @TebeSud @metropolerennes @StMaloAgglo tvr.bzh/programmes/gil #RDR2014
Donc je vais en cours pour la premire fois de la semaine et il faut qu'il y est des problmes de rer. ...
Donc moi je suis dans le RER pour aller en cour pdt que Nasra est en vacance et mange des crpes au Nutella . C'est donc sa la vie ?
Du coup elle se barre en courant et elle me laisse solo derrire
Elle m'a bien fait comprendre que le soir de halloween je serai seule dans le RER puis  traverser la fort  23h FUCK je vais courir
En Ardche on a traverser une rivire en plein courant et on a escalader des grands murs cetais trop dur jai une blessure de guerre sisi
En consquence, le trafic est fortement perturb sur l'ensemble de la ligne #RERB
En direct de Ducos un bus a prit feu petit ralentissement  prvoir. Le Jrfut.
En rentrant de mon match y a une fille qui a fait un accident de voiture sur les rails du tram. Le truc improbable
En rpercussion d'un incident en gare de Saint-Michel, le trafic est perturb sur la ligne. Retour  la normale envisag vers 13h #RERB
En vrai si je croise un clown je me dis il va pas me tuer donc je fais genre "tg" mais je suis sre que je partirai en courant en hurlant
Enfait mon frre il a des secret et moi comme une pute y'a tous mes potes qui sont au courant alors qu'il sait pas que j'le sais mdrr
Et forcment un mec tombe malade & retarde tout le traffic du RER B le jour de mon anniversaire... #VDM
Et j'regarde passer les trains, et j'regarde passer les trains... Que c'est triste un RER qui bippe dans le froiiiid... #rerb
Et la elle ma dit J'viiiien en courant crmt et j'lache des gazes pour acclrer ptdrrrrr !!! EH VOIL EH VOIL
Et surtout d'apprendre que la personne tait au courant de la surprise depuis le 1er jour . Tu ne sais pas garder un secret ne participe pas
Et voil 15 min d'attente et on se traine quand mme entre les stations je comprends pas ... @rerb
Filoche repre/sentera le courant marxiste au FN! #PSFN @pers_nongrata @gerardfiloche @ump @udi @adriendlpbr @aubreefranck
Frre tes dans la team insomniaque mais tes aussi stock qu'une prise de courant @Starbuckment
G Bayer psk jvais i sera au courant aprs c moi jsuis dans la merde
Genre tout le RER A il s'est vid en 30 s tout le monde courait. C'tait la panique totale. On savait plus o allez et on entend (2)
Gros accident devant l'entre de la gare tram bloqu + pompiers @pourinfo
Gros batard de fils de pute ! J'ai sursaut comme une tafiole juste psk y'a plus de courant et que ma lumire s'est teinte.
Heureusement que la coiffeuse tait adorable sinon je serais partie en courant.
Hey y'a eu un accident de tram en ville.. chaud.
Hier j'tais avec Marvin dans la voiture, et ce con de Clment et arriver tout courant derrire je les pris pour un clown j'ai flipper
Hier je croyais que BlackList devait passer... je suis rentr en courant partout mon frre jusqu' laisser les cocktails. #LeSeum
Hier le chauffeur de bus a ralenti pcq yavais une beurette qui passait jlui ai dit tu peux passer c orange tt lmonde ma applaudi
Hier une voiture qui brle  nice prs de Garibaldi ,aujourd'hui un accident de Tram
IZI 95 RPZ "Train en direction de Cergy bloqu en gare de Sartrouville car une "maman" a oubli son enfant dans le RER."
Il est 05:51 et le trafic est normal sur l'ensemble des lignes de RER
Il est 06:01 et le trafic est normal sur l'ensemble des lignes de RER
Il on arrter l'bus en lui coupant la route en mode FBI c fdp
Il racole ! RT "@BFMTV: Sarkozy sera au meeting d'un courant UMP proche de la Manif pour tous  "
Ils nous ont mis ca dans la tte tte, on est bon qu' faire la fte fte, faire tourner le pet pet, couter dla meeeerde  l'arrire du bus
Ils ont chang l'annonce du terminus dans le RER, ma vie en ai change. "Terminus, nous vous invitons  dscendre du train"
J'adore Galtier qui celebre, il est au courant que le dernier de serie a en a plant 4 contre une quipe meilleure?
J'ai donner une nouvelle photo pour ma carte de bus, ils ont rcuprer celle ou j'tais en 5eme tout droit sortie d'Alcatraz
J'ai envie qu'il neige comme a pas de cours, bc le bus vers chez moi il peut pas passer c'est trop chaud.
J'ai essay de vivre chaque minute comme si c'tait la dernire, au bout de 4 heures  hurler en courant dans tous les sens j'tais crev !
J'ai failli avoir un accident de bus oh god.
J'ai failli rater mon blablacar  cause de l'accident de tram ohlolo
J'ai fait 15 min de tapis aujourd'hui. #1stTime! Demain je ferais 30 altern. Lundi 15 que en courant. Et mercredi 30 que en courant.
J'ai galrer pour rentrer chez moi,mon train n'est pas passe et j'avais louper mon bus 2 fois...Heureusement qu'une fille ma aider..
J'ai louper mon bus, je vais pter un caaaable
J'aime bien ce blog du @RERB, a permet de mieux comprendre l'origine des galres et du coup de ne pas rler la prochaine fois que a arrive
J'aime pas tre mise au courant la dernire
J'avais plus de courant j'ai flipp sa mre
J'comprend pas pourquoi tou le monde a peur de ces clowns. Maintenant que la France entire est au courant on a plus d'quoi tre surpris
J'courais pour avoir mon train y a un vieux direct il vient vers moi en courant pour remander une pice c'est bon force pas j'ai mon train
J'en voit un enface de moi blague ou pas je lui refait sa face et jme casse en courant !
J'espre je serrai le premier au courant et le premier inviter pd zappe moi pas
J'espre pouvoir partir au courant du mois de novembre... a m'aidera aussi  prendre ma dcision. <3 Partir une...
J'espre que cette anne, on aura beaucoup, beaucoup de neige comme a :Arrt des bus scolaires, pas cours et grasse mat' sous la couette :3
J'espre que mon bus va pas tre en retard sinon je vais louper mon train
J'essayais de faire croire  mon chien que je pleurais et il en avait rien  foutre! Mais c'est mon pre qui est arriv en courant mdrr!
J'gagne 180 millions d'euros au loto ... Je serai en mode phantom personne au courant ... Disparition #Ghost #inexistant
J'me demande comment jvais faire pdnt 1semaine pr me tenir au courant des news sachant que je serais couper du monde
J'suis dg ptn, le soir ou je veux sortir y a un accident et le tram circule plus
J'tais dans mon lit, et la ma mre m'appel en hurlant, j'arrive en courant et arrive la c'tais juste pour la tlcommande, j'ai le seum
J'tais entrain de m'endormir ma mre m'appelle "Soldes sur les robes pull chez mango" du coup je me prpare et j'y vais en courant
J'viens de voir un gars courir vers l'arrt. Le bus est pass y'a 15 secondes reviens demain
Jcrois ya eu un accident de bus, wesh la meuf elle saigne de la main elle fais du cin, c'est rien heinnnn
Je commence une tram pour un futur cours que je ferais !
Je comprendrai jamais , on est tous au courant de toute les misres qu'il y a dans le monde mais jamais personne fais rien
Je court meme pas apres un bus c'est pas apres toi que je vais courir  #tarver
Je crois que je vais commencer ma liste :) pas pour le pre nol hein nan nan ma liste de critres ! @Audrey_lavallee. Est au courant :D
Je crois que la #ratp ne m'aime pas .. J'ai faillis rest renfermer dans le RER et louper mon arrt -" ! #VDM
Je gueule "WOOOOW PUTAIN A FAIT BIZARRE, JE N'AI PLUS DE BARBE !!", ma mre arrive en courant "Vite vite montre voir !!"
Je n'ai pas mis bcp de temps pour arriver  Chtelet (40 min depuis Massy),Le trafic n'est pas si perturb quand on arrive  avoir un #RERB
Je ne reconnais plus personne en Harley-Davidson  fond la gomme > je ne reconnais plus personne en RER train long - suffocation.
Je nike vos mere bande de fdp il as pris les cadis y c'est casse en courant en oubliant sa clio [2/2]
Je rentre mon pre il a couper le courant normal .. Mme le micro-onde pour mon petit djeuner sa marche pas
Je rponds en ce moment aux questions de @publicsenat pour une mission qui sera diffuse courant novembre.
Je suis sre en plus y a encore quelques minutes y avait que nous qui tions au courant de l'invit de lundi
Je suis sre je serais mme pas au courant quand il y aura des places en ventes pour les od
Je vais me laisser entraner par le courant, et si il y'en a pas je vais couler troonquille
Jpourrais tre  l'hpital entrain de crever tu serais mme pas au courant
Jsp si mon frre est au courant que ses couteurs servent  rien psq j'entend tout en faite #EMABiggestFansJustinBieber
Jsuis passer par la gare je vois Arnaud y cour derrire le bus il a rat mdr j'me suis arrter j dis monte clochard il tait grave contante
Jvais essayer de partir tot auj aujourd'hui. Ras le bol d'tre coll aux gens dans le rer avec leur souffle dans mon cou la
Jvais voir un gars today la dernire fois que je l'ai vue on avait 2ans Wlh j'espre qu'il est beau sinon jpars en courant
Jviens encore de taper une course poursuite derrire le 34 non j'en ai marre de courir derrire les bus
L'accident est donc trs srieux  @Parfaait_Lemb: Waa le tram a craser qq'un a la gare d'Orlans, la personne est coinc en dessous
L'infotrafic RER D : trafic ralenti de Paris  Orry 8:46 #rerD -
L'infotrafic RER D : trafic ralenti de Paris  Orry 9:32 #rerD -
L'insupportable trajet en RER avec des mamans fans de Zumba qui s'changent leur recette de soupe au potiron
La chance ! Trafic fluide sur toute la ligne #RERA #OK
La dernire fois dans le bus je me suis prit un coup de genou dans les couilles par une meuf j'ai cru j'tais mort
La diminution des cours du gaz observe courant octobre, devrait se traduire au 1er dcembre par une relative stabilit des prix. GDF SUEZ
La discrtion de ma mre, c'est pas encore a... Aprs elle s'tonne que je l'a mets pas au courant.
La lumire vacille a mort, je sens la coupure de courant venir...
La meuf de mon grand frre est enceinte, ma daronne est au courant, mais il a chaud de le dire au daron
La photo <3 @BFMTV: Sarkozy sera au meeting d'un courant UMP proche de la Manif pour tous
La sncf #rerc devrait vraiment mettre plus de trains aprs 21h... #ilfaitfroid
La vie dma mre que moi si je vois un clown il aura mme pas le temps de me voir que je serais dj partit en courant
Lawrence Expy : Accident at CA-82 -
Le @GrandRaid974 #DiagonaleDesFous 173 kms, #Trail #Runion en live radio ici :
Le RER B, le seul train ou un malaise interrompt completement le trafic..
Le bus est dans une heure. J'ai l'impression le temps passe au ralentit
Le bus qui vient pas, du coup on va mme pas s'entraner une heure -'
Le chauffeur de bus ralenti parce que une beurrette traverse, je lui est dit avance y'est orange MDDDDDDDDDDDDDR
Le chauffeur du bus  ralenti parce que une beurette traversait, je lui est dit azy passe c'est orange. On m'a applaudi j'ai conduis le bus.
Le chauffeur du bus a ralenti psq une beurette traversait, je lui ai dis azi passe c'est orange on m'a applaudit, j'ai conduis l'bus
Le clown il a dis il vient a Aulnay il est pas o courant on va l'niker sa mere
Le jour o Jay sera au courant  omg jpp
Le jour ou je reois un beau message quand je m'y attend pas je crois que toute la France sera au courant
Le mari de la voisine a fait une remarque genre tonn que je fume mdr mme mon pre est courant stp
Le mec derrire moi il me dit "Hey Doriane c'est quoi le nom de ton jeu?" Je lui sort "non mais t'es au courant que je m'appelle Lorraine?"
Le mec il s'est mang un petit pont mddr je serai partis en courant  sa place
Le trafic est fortement perturb sur la ligne B du RER. Bon courage Cc @qmlinfo @quoimaligne #qml
Le trafic reprend progressivement mais mon train n'avance toujours pas. #RERB #VertGalant
Le train est arret a Nanterre a cause d'un Enfant perdu. UN ENFANT! Qui perds un enfant ds le RER? #qml #rera
Le train est reparti de St Michel, le trafic reste toutefois fortement ralenti sur l'ensemble du #RERB
Le train qui dmarre, Alize : "ohlala le bus il part en arrire l !!!!!"
Les conducteurs de tram vous tes vraiment des connards a acclrer et freiner d'un coup
Les franaises, vous tes au courant le otrat c'est la mme chose que le wwat ?? Donc arrter de dmdez une date vous avez dj eu les vtres
Les gens malade genre mal de ventre qui se plaignent jamais je sais pas comment vous faites pour moi perso la plante entire et au courant
Les gens s'engueulent dans IDOL11 aprs rcupration naufrags  Laplace. Ils ne mesurent pas la chance d'avoir chapp au dlestage #RERB
Les gens sont pas nets dans le RER, la meuf  ct de moi elle regarde sa coque et part en fou rire, avec son gros corps l
Les mecs qui ont crit a, ils taient tunisiens sur les bords non ? Parce quexagrer autant sur les nombres, c'est pas courant ^^
Les meufs de 14 ans me dsesprent parce que je sais pas si vous tes au courant, elles vont prendre la relve un jour et la c'est le drame!
Les pompiers portent actuellement assistance  la personne victime d'un malaise  bord du train  St Michel #RERB
Librs ! Trafic rtabli au niveau de la ligne #RERD #OK
MDDDR Pour les gens qui jouait au pc ou a la ps3 jespre vous avez perdu grce a la coupure de courant
MDRRRR une fois mon grand pre, il a ouvert la porte en gueulant : "BOUUH", les gosses sont partis en courant
Ma maman je l'a tient toujours au courant de ce que je fais, ou je vais,  la dernire minute
Ma mere elle ma envoyer a la poubelle du sous sol jsors 2 l asenceur j entend des bruit chelou g tout jeter par terre chui partit en courant
Ma mre a du venir me chercher a 19:30  cause de l'accident mon bus il passe pas
Ma mre comment elle m'nerve quand elle rpond pas au tlphone un jour je vais avoir un vrai problme elle sera au courant. Tchiiip
Ma mre elle aime pas les dlires piercing tatoo y'en a 1 que j'ai elle est pas au courant sava faire 1 an bientt
Ma mre elle m'a dit "dsl mais aujourd'hui je garde la voiture tu vas  la fac en bus"..,Du coup j'ai rat mon bus :/
Ma mre est mme pas encore au courant
Ma mre tait choque, c'est la 1re au courant, au moins elle le sait
Ma mre veut toujours tre au courant des potins. Moi a me fait trop rire.
Mais bon j'espre elle va pas se faire attraper parce que moi a va mais des chatin claire au yeux bleu c'est pas trs courant la bas mdrrrr
Malaise voyageur a #BFM le train #Vity est coince a quai. En mme tps si les trains n'etaient pas si bondes... #rerc #qml
Manon elle dit ca, mais j'suis sur ce sera la premiere a se pisser dessus tout en courant!
Mdrr bera est au courant #LT
Mdrr j'ai parler d'un truc  qqn y ma dit cmt t'es au courant? Jai rep que ct lui qui m'avait dit mais askip il en a parler a personne
Mdrrr les mecs ils me font rire "ils disent oee si je vois un clown moi jlee fracasse et tout" alors qu'ils font demi tour en courant
Mdrrr moi i mon repr, jcroi jvei prendre un selfie en courant
Mdrrrrrrrrrrrrr en vrai y'a toute la terre entire qui au courant pour le "19 cm"
Merci @RERD_SNCF de nous faire rver chaque jour. Trains supprims, retards et blinds pour finir. LAMENTABLE ! #SNCF #RERD
Meteo du #RER (#ratp) : OK () 23/10/2014 a 05:57 Trafic normal sur l'ensemble ...
Meteo du #RER (#ratp) : OK () 23/10/2014 a 12:33 Trafic normal sur l'esemble d...
Mi pou coute RER sport canal marron #GRR14 #GRR2014
Mieux vaut tard que jamais ! Trafic ralenti sur la ligne #RERB #OK
Mode escargot sur la ligne #RERD ! Trafic ralenti sur l'axe Paris - Orry la Ville #BOF
Moi ma mre elle est pas au courant et elle s en blc mdrrrr
Moi: "tu me fais du gteau pas cuit et je te prte mon ordinateur"^^,mon frre s'est lev en courant le pauvre ^^
Moi: faut qu'on y aille, papy et mamy sont partis.Mon pre: ouais fin bon ils sont pas partis en courant hein.,Il a aucun respect mdr
Mon chouchou @EddySS7 quand tu sera confirm pour le casting des Anges7 on veut tre au courant les 1ers!!! Loveee you chou
Mon cousin il a dis a son ex "vasy casse toi ta grosse mre qui peux mme pas courir pour rattraper le bus sans suffoquer"
Mon frere jcrois il est pas encore au courant que jai cass son ipad mdr sinon il m'aurait tap
Mon frre et ma belle-sur taient au concert de Yodelice hier soir, j'tais mme pas au courant.
Mon parrain y m'aurais vu,y m'aurait dit "Qu'est ce que tu fou la?!" J'serais partis en courant vraie..
Mon petit frre il sort en courant  oilp de la sdb, il me regarde il me dis : j'imite Kirikou
Mon pre rpond jamais au tlphone, du coup je rentre en bus
Mon voisin a montrer une vido de moi a Gabin ou je fais un cul sec de bire, toute la miff est maintenant au courant de mon talent.....
Mtro Ligne 1 En rpercussion d'un incident technique  chtelet, le trafic est ralenti sur l'ensemble de la ligne. Trafic no [1/2]
Mtro Ligne 3 En rpercussion d'une panne de matriel  Louise Michel, le trafic est ralenti sur l'ensemble de la ligne. Traf [1/2]
Mtro Ligne 9 En rpercussion d'un voyageur malade  Michel Ange Auteuil, le trafic est ralenti sur l'ensemble de la ligne. Tr [1/2]
Mtro Ligne 9 En rpercussion d'un voyageur sur la voie, le trafic est ralenti sur l'ensemble de la ligne. Trafic normal sur le [1/2]
Ni ma mre ni mon frre ni moi n'tions au courant. Je sais pas vraiment quoi penser en fait.
Nique sa mere je fum 3-0 un mec en ultimate team et la coupure de courant je quis blas
Non mais tous les jeudis y'a un soucis sur le RER B c'est un dlire, tu peux partir 1000 ans a l'avance faut tjr que ce vieu train te mle
Notre tante s'est faite voler sa voiture du coup on a pris le RER, elle nous a dit de descendre mais fallait pas, au final on rentre seules-
Oh j'ai l'impression que ds qu'il fait un pas vers le bien il repart en courant vers le mal
Oh je viens de voir @BoccaraCaroll derrire Clara :0 J'tais pas au courant, j'ai sursaut :0 #VoilCestTout
Ok le train de 8h48 arrive a 8h45 a lozere merci @rerb trs pratique. Il est en avance quand on s'y attend pas
On a eu un accident en bus c matin
On a regarder une vido de clown avec mon pre et sarah, on tait mort de rire les gens comment ils avaient peur il partait en courant
On est au ralenti en sortie d'Aulnay. #rerb
On est qu' sevran livry et le train est dj blind. Affaire  suivre... #RERB
On ne devrait plus avoir cours  cause des clows. Prendre le bus, quitter  18h itout serait trop dangereux haha
On prend le rer pr visiter une ville qu'ont a dj vue 3fois 20min de retard on loupe le bus qui doit nous mener  la ville dc 1h de marche
On va arrter le dlire 2fois qu'il lui dit je t'aime a fait 1mois qu'il la connat autant partir en courant mtn !!!
Ouah je viens de penser Ingil il sera avec moi quand SMG va sortir omg mes parents vont sortir de la maison en courant tlm on va fangirler
Oups ! Allongement du temps de parcours de 10  20 mn. sur les axes Nanterre Prfecture - Cergy et Nanterre Prfecture - Poissy #RERA #BOF
Oups ! Une fois de plus, le trafic est ralenti sur la ligne #RERD au niveau de l'axe Paris / Orry la Ville #BOF
PINA08 a quitt Chatelet avec 1 petite minute de retard. C'est un train rnov, mais borgne ;-) #RERB
Panne de courant dans Petite Patrie. Plus d'info @hydroquebec? Quand ce sera rtabli?
Par contre j'tais pas au courant pour les armes blanches, j'adhre moyen au principe l :/ Ok pour Halloween c'est perf mais tre arm, non
Partir plus tt pour avoir le temps de passer  la bibli avant ses cours, et finalement arriver en retard  ce dit cours. Merci RER B
Pas de chance ! Suite  une panne de matriel, le trafic est ralenti sur la ligne #T5 de : Les Cholettes vers Garges-Sarcelles RER #BOF
Perso pour l'instant a me fait rire mais #sijecroiseunclownje ferme ma gueule et je part en courant.
Pour ceux qui ne seraient pas au courant , iOS 8.1 est sorti Lundi.
Pour le moment c'est Alexandra qui est en premire au courant
Pourquoi dans les trains du #RERA que j'emprunte, il n'y a pas souvent de conductrices ?#Femmes,#EgaPro
Pourquoi je suis toujours la dernire au courant ?? Il se passe quoi ? #1Dbigannouncement
Pourquoi les chauffeurs de bus ils s'arrtent pas pour moi quand je cours derrire ?
Premire fois que je flippe pour une coupure de courant, va comprendre...
Prentice Street : Accident at Renton Avenue -
Priorit absolue aux trams, est-ce justifi?: A Bruxelles, 1.482 accidents avec un tram ont t rec...  #Bruxelles
Problme de courant! Faire installer une prise et plusieurs mtres de fil lectrique pour du 220v coterait une...
Ptdddrrrrrrrrrrr y a 3 clowns ils sont arrive vers un renoi le renoi a sorti un flingue ils sont parti en courant
Ptdrr askip y'a une maman qui a oubli son gosse dans le RER A, du coup  cause de a y'a des problmes ptn abusey
Putain accident de Tram j'ai eu la peur de ma vie
Putain c'est rare que je sois pas au courant qu'il y ai un #TeenPopNRJHITS
Putain j'tais en plein 2k et l coupure de courant sa mre !
Putain j'tais pas au courant! J'espre ce sera des news dates! :) mais en vrai je stresse .. #1Dbigannouncement
Putain je fini le taff  16h j'ai dormi 3h cette nuit je prend le bus je suis dans les bouchon  cause d'une accident je rentre  18h30
Quand j'invite une amie mon pre il est jamais au courant
Quand l'amour frappe a ta porte frre, rflchis avant d'ouvrir. Certaines c'est des gamines, elles sonnent et part en courant.
Quand le deuxime ma crier dessus je suis partis en courant Le frre de Melanie tait mort de rire !
Quel est le mensonge le plus courant que les gens se dis...  -ah gros tu veux une clope, c'est chaud c ma dernire
Quelqu'un a fait un malaise dans le RER B, a fait prs de 30min qu'on est bloqu  Sevran alors que moi j'ai cours dans pas longtemps
Quelqu'un serait au courant s'il y a une soire  Alincthun le week pro?
RER B En raison d'un malaise voyageur  Saint-Michel Notre-Dame, le trafic est perturb en direction de Saint-Rmy-les-Chevreu [1/2]
RER B En raison d'un malaise voyageur  Saint-Michel Notre-Dame, le trafic est perturb sur l'ensemble de la ligne. Trafic norm [1/2]
RER B En raison d'un malaise voyageur, le trafic est perturb de Saint-Michel Notre-Dame en direction de Saint-Rmy-les-Chevreu [1/2]
RER B En rpercussion d'un incident sur la ligne le trafic est perturb sur l'ensemble de la ligne. Retour  la normale vers 1 [1/2]
RER B En rpercussion d'un incident sur la ligne le trafic est perturb sur l'ensemble de la ligne. Retour  la normale vers 13H.
RER B En rpercussion d'un incident sur la ligne, le trafic est perturb sur l'ensemble de la ligne.Retour  la normale vers 1 [1/2]
RER B En rpercussion d'un malaise voyageur, le trafic est perturb sur l'ensemble de la ligne . Trafic normal sur les autres l [1/2]
RER B En rpercussion d'un malaise voyageur, le trafic est perturb sur l'ensemble de la ligne. Retour  la normale vers 10h00 [1/2]
RER B En rpercussion d'un malaise voyageur, le trafic est perturb sur l'ensemble de la ligne. Retour  la normale vers 10h00.
RT @78Sercof: La Ligne U Qui fait La Def a la verrire C'est le RER D du 78 !! Putin ya Que des problmes !! Train supprim, il est lent en plus ce salo
RT @A_C_Clarke: @RERD_SNCF la moiti des trains et vous tes dpass. Laissez tomber ! A non c'est deja fait depuis 15 ans pardon #rerd
RT @AlexaneKS: Jpourrais tre  l'hpital entrain de crever tu serais mme pas au courant
RT @AmandineDelphin: Donc moi je suis dans le RER pour aller en cour pdt que Nasra est en vacance et mange des crpes au Nutella . C'est donc sa la vie ?
RT @AnnaBolingo: les Pblm de train sa m'nerve de Ouf #RERD
RT @AppleTouchSOS: Pour ceux qui ne seraient pas au courant , iOS 8.1 est sorti Lundi.
RT @ArnaudLePage: Sarkozy sera au meeting d'un courant UMP proche de la Manif pour tous
RT @Aro_Baze: Le chauffeur du bus a ralenti par ce qu'une beurette traversait, je lui ai dis azi passe c'est orange, on m'a applaudit, j'ai roul l'bus
RT @AudreyDeii: J'ai fait 15 min de tapis aujourd'hui. #1stTime! Demain je ferais 30 altern. Lundi 15 que en courant. Et mercredi 30 que en courant.
RT @Aurea_IceT: Jviens encore de taper une course poursuite derrire le 34 non j'en ai marre de courir derrire les bus
RT @BFMTV: Sarkozy sera au meeting d'un courant UMP proche de la Manif pour tous
RT @BNolwenn: J'aime courir le matin pour le RER E de merde
RT @BeenjaaminBer: Je crois que la #ratp ne m'aime pas .. J'ai faillis rest renfermer dans le RER et louper mon arrt -" ! #VDM
RT @Biiiilal91: @itele: #USA > Perptuit pour Michael Dunn meurtrier d'un Noir qui coutait trop fort la musique  VIENS DS L'RER D
RT @Billouz: Accident piton-tram pas loin de la gare. a n'a pas l'air cool du tout...Faut m'expliquer pourquoi les gens regardent comme un spectacle...
RT @Bizzle_hrt: @fcxckinggirl N'importe, je vois mon pre demain soir donc je lui demande ce qu'on a de prvu et je te tiens au courant <3
RT @BruschiniDume: es-tu au courant que de sucer des glands ne fera pas de toi un cureuil ?
RT @CIaudeFrancois: RE JE SUIS LA, DSOL DU RETARD J'AVAIS UNE PETITE COUPURE DE COURANT
RT @CLOWNbzh: @ClowneyLeClown @ThugClown @LelayVictor @clown_28 J'AURAIS PAS AIMER JE SERAI PARTIT EN COURANT !!
RT @ChloeTntr: @CynthiaGuilhemj mdr a dpends si c'est un panda avec des barres en fer comme le clown moi j'me tire en courant
RT @ChloeiG: Le jour ou je reois un beau message quand je m'y attend pas je crois que toute la France sera au courant
RT @Chloemcrt: #sijecroiseunclownje fais tomber @ChloeMalva vers lui comme sa j'ai le temps de me casser en courant
RT @Clownlorrain: @PetitNem56 @ClownDeBebelwed mdr tu sera com les autre tu va bs voir tu partira en courant
RT @Conducteur_RER: Les cureuils en pleine action... (Ici a roule  160km/h, 1train/3min).,#SNCF
RT @CyrusNorth: Yo yo yo, youpiyo youpiy Juste un petit message pour vous tenir au courant: A priori le live sera bien Dimanche...
RT @DJFATALIS: Suite malaise voyageur trafic perturb #LigneB #RERB #RATP Jusqu' 9h00 #Ratp_RERB
RT @DiarafDiouf34: J'ai galrer pour rentrer chez moi,mon train n'est pas passe et j'avais louper mon bus 2 fois...Heureusement qu'une fille ma aider..
RT @Diorf: 8h08 supprim, 8h24 blind, trains suivants retards, heureusement on n'a plus les bouchons pour aller  la gare #rerd #montgeron
RT @EddySS7: je ferais une twitcam dans la semaine je vous tiens au courant pour le jour et l'heure prparez-vous a va tre DAR #teameddy
RT @ElisaSauzet: Sur ma bannire y'a Mayeva qui arrive en courant derrire
RT @EloodieGomes: Les joies du #RERB ! Train a quai, d'autre sont terminus. Comment bien commencer sa journe  #ON
RT @EstelleGdn: #sijecroiseunclownje me taille en courant et je vais pleurer chez ma mre.
RT @FlorineMrll: Au cas o la terre entire ne serait pas encore au courant hahaha. @MargauxBerlou joyeux anniversaire mon chat !
RT @GlardonLau: Les filles qui disent " si je vois un clown je le frappe " Mdddr arrter on c'est trs bien que vous allez partir en courant et pleurer
RT @Gstarcrew: Bon finalement on nous a mis un train quasi vide a Denfert-Rochereau dir sud #RERB #qml je suis assis ! @LozeRER @RER_B
RT @Guillaumeux: @RERB et voil train terminus Laplace annonc  Cachan... Soit la station d'avant. La classe !
RT @HSania: J'avais plus de courant j'ai flipp sa mre
RT @HakanFCB: Sur FB tu lche un ftg y'a tout t stras qui est au courant et y'a des rumeurs de bagarre je sais pas quoi ahahahahaha niquez vos mre
RT @HappyyMilky: Chuis toute seule dans le rer :((,Du coup je danse
RT @IamJulyan: Le train est arret a Nanterre a cause d'un Enfant perdu. UN ENFANT! Qui perds un enfant ds le RER? #qml #rera
RT @Intemporel67: Le chauffeur du bus a ralenti psk une beurette traversait,jlui ai dit wsh c orange tu peut passer,tt le monde ma applaudi jai conduit le bus
RT @JeremieMls: En direct de Ducos un bus a prit feu petit ralentissement  prvoir. Le Jrfut.
RT @JohaanSilva: Je rentre mon pre il a couper le courant normal .. Mme le micro-onde pour mon petit djeuner sa marche pas
RT @JoharaArcn: Si un clown vient vers moi en courant, JE VAIS vers lui en courant. J'le charge comme un taureau ! MDR Il se sentira bte! L'arroseur arros
RT @Julia_FTNRJ12: J'ai trop de demande de ddicasses, du coup une seance sera organise prochainement sur Paris je vous tiens au courant...
RT @JuliettePirouet: Et j'regarde passer les trains, et j'regarde passer les trains... Que c'est triste un RER qui bippe dans le froiiiid... #rerb
RT @Karlesnine: Direction Paris terminus #laplace #rerb. Quai plein qui va tenter de monter dans un train tout aussi plein
RT @LIGNEL_sncf: @LIGNEL_sncf divers incidents sur la ligne L et RER perturbent trafic axes #nanterre #Cergy et #Poissy. Perturbations  prvoir jusqu' 21h
RT @Ldvn_: @MyriamBoss_ @DrucilaBrz J'espre que t'es au courant que ces une vielle notes quand mm
RT @LeParisien_91: RER C : trafic ralenti jusqu'en soire aprs la chute d'un arbre
RT @LeaMay_: 2 MINUTES de trafic normal sur le #RERB, record de la semaine ! cf. my last RTs
RT @LefeuvreQuentin: askip les clowns c'est cens faire rire quand t'es petit euh dsol a fait pas rire a donne plutt envie de partir en courant ouais
RT @LilouKaulitz: #INFO L'eau, le savon ET le dodorant existe !! Je prfre faire passer l'info puisque certaines personnes ne sont toujours pas au courant.
RT @LittleFilmMaker: Ce matin on nous annonce firement la reprise d'un train toutes les 3 minutes. Rsolution qui n'a pas tenu 3 minutes. #MalaiseStMichel #RERB
RT @LloydFrance: On est pas en mesure de vous divulguer une quelconque info pour le moment concernant la #MMMCTS2, mais vous serez les premiers au courant.
RT @LorieLanson: Gros accident devant l'entre de la gare tram bloqu + pompiers @pourinfo
RT @LowadoreTPMP: Oh je viens de voir @BoccaraCaroll derrire Clara :0 J'tais pas au courant, j'ai sursaut :0 #VoilCestTout
RT @Lowpicse: #sijecroiseunclownje serais comme a. Aprs je me tire en courant.
RT @LtrHZ: Mdrrrrrrrrrrrrr en vrai y'a toute la terre entire qui au courant pour le "19 cm"
RT @LucieBIr: @AlexandraFrcki Tous des curieux! . Hihi tqt pas, qd on se verra tu seras au courant ma chrie #hte
RT @MaelysseDufour: Les gens malade genre mal de ventre qui se plaignent jamais je sais pas comment vous faites pour moi perso la plante entire et au courant
RT @MappyCity: Oups ! Allongement du temps de parcours de 10  20 mn. sur les axes Nanterre Prfecture - Cergy et Nanterre Prfecture - Poissy #RERA #BOF
RT @MappyCity: Sans surprises, le trafic est rgulier sur toute la ligne #RERC #OK
RT @Maryblanket: Un mec dans le tram "Je comprends pas les femmes!" Bah coute coco si tu commenais par les considrer comme des tres humains individuels?
RT @MathildeHugny_: @pokofan55 toujours la dernire au courant moi :(
RT @Maureen972: C'est trop mignon quand tu reois une demande d'ami de quelqu'un qui crache sur toi mais ne sait pas que tu es au courant.
RT @Max_Rty: Dans mon tram un renoi et un reubeu de 7ans ils lchent des "on fait un tour en ville" aprs les cours j'rentrai manger le goter a 7ans moi
RT @Me2san: ramene pas bcp de pers et tient nous au courant
RT @Mer_V67: Et la elle ma dit J'viiiien en courant crmt et j'lache des gazes pour acclrer ptdrrrrr !!! EH VOIL EH VOIL
RT @MightyMousePari: Un voyageur fait un malaise  St Michel DONC un train bond est dbarqu et annul  Gare du Nord. #RERB
RT @Morufux229: Depuis qu'on m'a dit qu'on pouvait produire du courant avec du vent, je branche directement mon fer  repasser sur l'ORTB :D #Team229
RT @MounaCazawiiya: Je court meme pas apres un bus c'est pas apres toi que je vais courir  #tarver
RT @MrnVss: moi maintenant a partir du moment ou on fait le 1er pas vers moi et que y'a un bon courant entre nous je ferais les prochains pas
RT @NJC95: "@moonlight1220: "@BFMTV: #Sarkozy sera au meeting d'un courant UMP proche de #Manifpourtous  ""
RT @Nastesian: @Cliffordish_ tu seras la premire au courant alors
RT @Nicostauud: Y'a un autiste qui a crer le compte clowns du 22 alors que se serait le 1er a se barrer en courant si il voit un clowns dehors
RT @NotreHoroscope: RT Si oKFC derrire la queue ta cri"YA LES POULETS! YA LES POULETS!"et ta montr1aile d'poulet,Zoumana, sans papier, est parti en courant
RT @OhC_Bling_Bling: Je crois que je vais commencer ma liste :) pas pour le pre nol hein nan nan ma liste de critres ! @Audrey_lavallee. Est au courant :D
RT @OnMaApplaudit: Le chauffeur du bus a ralenti par ce qu'une beurette traversait, je lui ai dis "azi passe c'est orange" on m'a applaudit, j'ai roul l'bus
RT @OnMaApplaudit_: Le chauffeur du bus a ralenti psq une beurette traversait, je lui ai dis azi passe c'est orange, on m'a applaudit, j'ai conduis l'bus
RT @Ophel57: Le chauffeur de bus a ralenti parce qu'une beureutte travers! Je lui ai dis azi passe c'est orange! On ma applaudi, jai conduis le bus
RT @Ophelie_Bout: @GwendoolineVthm Bernard* mddr j'y suis aller jeudi j'ai pris son ballais et je me suis barrer en courant Lagache t morte de rire
RT @OrianeHalevi: Faire un crneau devant un bus bond qui attend derrire, et qui ponctue chacune de tes manuvres par un coup de klaxon... Cadeau de le vie!
RT @PanamRap: @chancekoTeam Notre #OpenMic se droule sur Paris Sud  Bures-sur-Yvettes (RER B) sous les coups de 19h
RT @PauloSimao244: Hey y'a eu un accident de tram en ville.. chaud.
RT @RERA_RATP: Aujourd'hui, Pascal pour vous informer en temps rel sur l'tat du trafic du #RERA. Bon voyage et bonne matine #RATP
RT @RERB: 07:42, le trafic est perturb de St-Michel N.-D. vers St-Remy / Robinson (malaise voyageur) #RERB
RT @RERB: 08:01, le trafic est perturb sur la ligne. Retour  la normale  09:00. (malaise voyageur) #RERB
RT @RERB: 08:36, le trafic est perturb sur la ligne. Retour  la normale  10:00. (malaise voyageur) #RERB
RT @RERB: En consquence, le trafic est fortement perturb sur l'ensemble de la ligne #RERB
RT @RERB: En rpercussion d'un incident en gare de Saint-Michel, le trafic est perturb sur la ligne. Retour  la normale envisag vers 13h #RERB
RT @RERB: Le train est reparti de St Michel, le trafic reste toutefois fortement ralenti sur l'ensemble du #RERB
RT @RERB: Les pompiers portent actuellement assistance  la personne victime d'un malaise  bord du train  St Michel #RERB
RT @RERB: Retour  un trafic rgulier sur l'ensemble de la ligne #RERB. Incident termin.
RT @RERD_SNCF:  L'infotrafic RER D : trafic ralenti de Paris  Orry 8:46 #rerD -
RT @RERD_SNCF: @Cedric_Temple Lors de perturbations nous rorganisons les circulations afin de fluidifier le trafic de la ligne -> "rgulation du trafic"
RT @RER_B: @RERB: Retour  un trafic rgulier sur l'ensemble de la ligne #RERB. Incident termin. #CQFD
RT @RER_BETAIL: Blaireau qui a oubli son sac sur le quai de Massy (en queue de St Remy) oups on se taille rapidos avant l'appel des dmineurs @RERB #RERB
RT @RayanAbss: Y'a eu un sale accident avec le tram en ville
RT @ReineeNdgl: @Shadyzer @camilabjrn train et rer cs pas la mm bouffon
RT @RevuedelEnergie: La diminution des cours du gaz observe courant octobre, devrait se traduire au 1er dcembre par une relative stabilit des prix. GDF SUEZ
RT @RichGang94: Ptdddrrrrrrrrrrr y a 3 clowns ils sont arrive vers un renoi le renoi a sorti un flingue ils sont parti en courant
RT @Roosiye: @0rianeDmaret C'est sur que c'est faux sinon tout les andelys serait deja au courant ^^
RT @SAALFTRUSSO: @ohmcall tqt,tu seras la premiere au courant
RT @SAFIAbgb: Moi jdeteste les gars qui parle trop. Je prfre ceux genre s'ils ont une meuf mme leurs pote ils sont pas au courant
RT @SAFIAbgb: Tu t'en vas  la drive sur la rivire du souvenir. Et moi courant sur la rive, je te cris de revenir
RT @Sambina_Sv: Aujourd'hui j'ai pas cours, donc je prends pas le train, et tout va bien sur le #RERC. Concidence ? Je ne crois pas.
RT @SarAzevedoLopes: @TareKadouche pff le jour ou jte vois on s'tape tu vas plus te reconnatre (nn jdec jte met une tape derrire la tte et j'pars en courant)
RT @ShaGzlz: @Fannouillehri je viendrais vous voir, toi Cindy et Mlanie quand vous serez au lyce et que vous aurez un creu! Tiens moi au courant
RT @SimboDaiki: MDDDR Pour les gens qui jouait au pc ou a la ps3 jespre vous avez perdu grce a la coupure de courant
RT @Sokow_: dernire fois que j'ai eu une coupure de courant dans ma ville : 2007
RT @SthInTheWay_: @Precigout_74 le programme c'est monter  la Bastille en courant alors je rverais d'une aprem trottinette :'(
RT @Stylirwesin: @nayeulukeh et le Directioner il iras en courant et en pleurant jsuis sre il est au bout de sa vie lui aussi
RT @SuchaBookaholic: Ce coup de pression quand ton RER a deux minutes d'avance #sprint #ilmemanqueunpoumon
RT @T5_RATP: 05:51, le trafic est ralenti de LES CHOLETTES vers GARGES-SARCELLES RER (panne de matriel) #RATP #T5
RT @THayleey: J'comprend pas pourquoi tou le monde a peur de ces clowns. Maintenant que la France entire est au courant on a plus d'quoi tre surpris
RT @TVD_alison: @Mariinaa_Del @Enjoy_KA_ Et encore elle serait capable de le poursuivre pendant des heures en courant msk
RT @TaoND: @SidRouye "L j'allume mon ordinateur, qui est reli  ma chane, qui est relie au courant, qui est reli  une centrale nuclaire, qui..."
RT @TeamSarkozy_: Sarkozy sera au meeting d'un courant UMP proche de la Manif pour tous
RT @Timekeeper: Quand, soudain, la ventilation rfrigre de la Z20900 de coupa inexorablement. (mais du coup c'est EXTRMEMENT silencieux !) #qml #rerc
RT @TitamFR: La sncf #rerc devrait vraiment mettre plus de trains aprs 21h... #ilfaitfroid
RT @TomekTR: #qml , le trafic est perturb sur la ligne. Retour  la normale  09:00. (malaise voyageur) #RERB"
RT @Ug5hockey: Nique sa mere je fum 3-0 un mec en ultimate team et la coupure de courant je quis blas
RT @UrbanLePharaon: Y serait temps que "fdp" rentre dans le vocabulaire courant de la langue franaise on l'sors 10x par jour sans clash les darones des gens
RT @VictoriaRameau: @Chlo1303 @CaplierJulie @ClownyLe ptddrrrrr ju tu vas partir en courant et chlo tu vas la suivre je serais l pour vous dfendre
RT @VincentHodas: Vous tes au courant que le 21,22 et 23 dcembre il fera nuit
RT @VincentMnV: IZI 95 RPZ "Train en direction de Cergy bloqu en gare de Sartrouville car une "maman" a oubli son enfant dans le RER."
RT @VinsRo: Une fois de plus les infos sont contradictoires pas d'accident de tram ? #Nice06
RT @WMyWay_Mobile: RER B En raison d'un malaise voyageur, le trafic est perturb de Saint-Michel Notre-Dame en direction de Saint-Rmy-les-Chevreu [1/2]
RT @Whatsernxme_: Je viens de hurler 'MA PILULEEEEEE'. Mon pre en a fait tomber sa fourchette, mon chat est parti en courant et ma soeur a crache son eau..
RT @WorldForumLille: #Wfl14 11a transition gazire, grdf objectif plus de 60% de biomethane dans le rseau de gaz. Transports, usages courant etc.
RT @_Guillaumette: Stop avq votre #EbolaSurParis tlm parle de sa. Et si sa serai le cas on serais dj au courant par @pernautjp au JT
RT @_Khalite: le chauffeur a ralentit parce qu'une beurette travers,j'lui ai dit c'est orange tu peut passer. tt l'monde m'a applaudi j'ai conduis le bus
RT @_Morganissime_: #Orlans - Accident ; Une femme de 86 ans renverse et coince sous un tram, elle n'est que lgrement blesse.
RT @_Rinelo: Un accident avec Ulys, maintenant avec un tram. Et aprs on nous incite  prendre les transports en commun #Lrt
RT @_amomentintime: Les gens s'engueulent dans IDOL11 aprs rcupration naufrags  Laplace. Ils ne mesurent pas la chance d'avoir chapp au dlestage #RERB
RT @_dibou: Ma maman je l'a tient toujours au courant de ce que je fais, ou je vais,  la dernire minute
RT @_iamblvck: Y'a des couples ils s'embrassent normal dans les RER  c'est un coup , tu croise quelqu'un de ta famille
RT @_narryrockme: @CharlyEndsHere j'espre pour toiiiii  tu me tiens au courant de a!! :)
RT @abdellouw: Un ga ma traiter de bougnoule dan le RER B ce matin on m'a dit rpond dfend toi, je l'ai insulter jme sui fai enculer personne ma applaudi.
RT @audreyftod: @ifuckhaz on s'est parl pour la 1re fois le 28 juin 2014 et le courant est vite pass entre nous. jour aprs jour notre
RT @aymrcb: le chauffeur a ralentit parce qu'une beurette travers,j'lui ai dit c'est orange tu peut passer. tt l'monde m'a applaudi j'ai conduis le bus
RT @babagenevoix: Ta mere a va graille en fourbe a proxi a prend un pacquet de chips une canette ala pas asser a se barr en courant vers gagarine
RT @bafweb: Sarkozy sera au meeting dun courant UMP proche de la Manif pour tous
RT @benjisop: #RERB confirmation de la transformation en omnibus pour PAPA54. Arrt  Parc de Sceaux, les trains suivants annoncs retards. #qml
RT @betisedelhom: @messiemessie1 Forcement qui croirait le contraire serait dune navet confondante,  n'avoir qu'un courant d'air entre les 2 oreilles !
RT @camillesprang: Je suis tellement fatigue que pour la premire fois de ma vie je me suis endormie dans le RER #RienNeVaPlus #Cours #Fac #Transports #RERA
RT @chanbar63: Bon nous avons gagn une heure !! "@RERB: 08:36, le trafic est perturb sur la ligne. Retour  la normale  10:00. (malaise voyageur) #RERB"
RT @chanbar63: C est une blague l....."@RERB: 10:14, le trafic est ralenti sur la ligne. Retour  la normale  13:00. (incident d'exploitation) #RERB"
RT @chanbar63: Et pendant ce temps l on nous annonce que des trains circulent SANS arrt dans cette gare.... #IciCestVertGalant #rerb
RT @cliveland4: @TPMPofficiel que devient gyselle?on l'a voit plus, serait bien de nous tenir au courant cyril si elle a quitt l'quipe ou pas !
RT @crakers_cedric: Bien jou  l'ADC du DEBA (BFM 18h52),celui-ci a rcupr les 6 minutes de retard en arrivant  Sermaise. #rerc @...
RT @cross_ghetto: mes gava c'est pas comme les pdale de Mulhouse qui ont vue un clown et qui ce casse en courant, si il voient un clown il lui nique sa mre
RT @cyriltd: @TUForg Prs de 1h30 aprs le malaise  #SaintMichelNotreDame, le trafic du #RERB est toujours drgul! Seul avantage: y a plein de places!
RT @david_rachline: Je rponds en ce moment aux questions de @publicsenat pour une mission qui sera diffuse courant novembre.
RT @doudouasrih: @maathildoou et tu serai partie en courant MDRRRR baaaaas nooon vue que tu peux pas
RT @drunkenzone: Merci @RERD_SNCF de nous faire rver chaque jour. Trains supprims, retards et blinds pour finir. LAMENTABLE ! #SNCF #RERD
RT @dtvr12: Malaise voyageur a #BFM le train #Vity est coince a quai. En mme tps si les trains n'etaient pas si bondes... #rerc #qml
RT @encoundelle_: J'gagne 180 millions d'euros au loto ... Je serai en mode phantom personne au courant ... Disparition #Ghost #inexistant
RT @ericinfrance: On est au ralenti en sortie d'Aulnay. #rerb
RT @gabriiel097: Ma mere elle ma envoyer a la poubelle du sous sol jsors 2 l asenceur j entend des bruit chelou g tout jeter par terre chui partit en courant
RT @galeRERAfr: #rera Trafic perturb suite a un acte de malveillance  Nanterre Prfecture
RT @gillesverdez: RER D Altercation entre 3 femmes pour un enfant qui donne des coups de pied. Deux Blacks, une Blanche. Ca vire aux injures. Putain de France
RT @haterzgonnaha10: @JessicaSoldat @shoslevikacher @Lakebekoize @SCvetelina @NANACANNES @AliLaPointe999 tu es au courant qu'elle n'a que deux pere?
RT @himaStw: J'courais pour avoir mon train y a un vieux direct il vient vers moi en courant pour remander une pice c'est bon force pas j'ai mon train
RT @hindnekkache: @ouravondrean En tant que d'adulte, j'espre que ta ma mre n'est pas au courant de tes propos. Mais ne t'inquite pas, elle va le savoir
RT @horxncutest: @SmileOf5Sos_ en+ j'avais trp d'espoir qd ma mre m'a dit que qq'un avait appel,j'tais trop contente je suis alle chez la dame en courant
RT @hxdri: J'veux trop qu'il neige mais juste quand y'aura cours comme a pas dbus et pas d'rer :p
RT @jehovinh: ce matin y avait une embrouille dans lbus entre 2 go & celle qui a dit "t'sors pas du bus vivante!" c'tait la premire a sortir en courant
RT @kalista771: #rerE : train en retard pour motif inconnu, terminus magenta. Merci de nous avertir une fois  Magenta #qml
RT @lamiregilles: Ce soir  20h45, 1re diff du doc "Gilles Lamir, skipper  contre-courant" sur @TVR35 ! Merci  Emilien Bernard !!! @routedurhum #RDR2014
RT @lamiregilles: Doc "Gilles Lamir, skipper  contre-courant" sur @TVR35 @TebeoTV @TebeSud @metropolerennes @StMaloAgglo tvr.bzh/programmes/gil #RDR2014
RT @laura_rft: Aujourd'hui j'me suis perdue dans Compigne. On avait pris le mauvais bus et on allait vers Beauvais ...
RT @laurentgallois: @rerb_monamour il y a 1 train de rserve de la ligne H qui se trouve  GdN, il faut tout simplement dgager cette voie. @RERB
RT @leyeumlaugh: Hier soir mon pre me dit "hier j'ai mordu le chat il est parti en courant" attends papa t'as dit quoi l
RT @lordmahammer: 1 personne malade,20 trains retards 5000 galriens Mais jamais la #RATP n'irait repenser ses procdures... #RERB
RT @lucie_kmk: @pcd_pauline je suis au courant de la story snap de ton frre moi aussi  chauw
RT @m20229: @ifeeleto Tu nous as piss de rire hier, t'es au courant?:)
RT @maman_Groseille: @RERB un connard qui fait un malaise vagal et la RATP panique et le trafic et compltement bloqu. Sales bons  rien !!!!!#raslecul #ratp
RT @mon6__: #sijecroiseunclownje arrtez tous vos conneries vous aller juste flipper vos mres et vous barrer en courant plus vite que jamais
RT @mstrasser_: La journe commence bien.Gros ralentissement sur le #RERB a cause d'un malaise voyageur.,Avec un  qui a crier tout le parcours.
RT @naxlara301: @CheyenneMenges inchhallah ! Si je l'ai tu seras direct au courant tqt
RT @naygron: Je comprendrai jamais , on est tous au courant de toute les misres qu'il y a dans le monde mais jamais personne fais rien
RT @niallxsunshine_: Swagger Jagger cout la premire fois dans un bus avec @anaxofficiel
RT @novytweety: @coffeebreak22 Je suis par exemple au courant des dernires histoires sentimentales de mon voisin...
RT @oohmyod: #MaudePersonneTaime j'espre qu'elle est au courant que sa carrire est brise
RT @ornikkar: Il racole ! RT "@BFMTV: Sarkozy sera au meeting d'un courant UMP proche de la Manif pour tous  "
RT @philippoux: #rera ce soir c'est trafic en mode marche  pieds
RT @pouceopposable: @BFMTV: #Sarkozy sera au meeting d'un courant #UMP proche de la Manif pour tous   #homophobie
RT @pourinfo: L'accident est donc trs srieux  @Parfaait_Lemb: Waa le tram a craser qq'un a la gare d'Orlans, la personne est coinc en dessous
RT @poutchek09: Le chauffeur du bus a ralenti psq une beurette traversait, je lui ai dis azi passe c'est orange on m'a applaudit, j'ai conduis l'bus
RT @prototype2222: Ma j'ai trs mal au dos mouaaaa!Toujours la dernire au courant!,Fait iech!
RT @qffwffq: Vous vous barrez en courant avant mme de savoir que c'est elle ! donc pour vous appter, tout sur le CENTRE DE DTECTION ANTI BELLES MRES
RT @rara59139: #sijecroiseunclownje Moi:*le regarde*Lui:*me regarde et me cour aprs*Moi: AHHHH!!!*en courant trs vite*,Voil comment sa vas se pass.
RT @rerb_monamour: Aucun moyen de savoir quel train va partir en premier  Chtelet. Les agents sur les quais sont dpasss. @rerb #qml
RT @rerb_monamour: Comprendre compltement interrompu dir. sud RT @RERB: 08:01, le trafic est perturb sur la ligne. Retour  la normale  09:00. #RERB
RT @riollorebel: Bonne nouvelle. Affichage revenu  Massy verrires #rerb!. 2 trains supprims. Bravo @RERB pour votre superbe com...
RT @saledrogue: @lloydllily @nozokianaa toute faon lui il tait au courant de tout cte commre mdrrrr
RT @shaines99: @RERC_SNCF je sais lire merci. Je lis aussi "les trains nora, vick , bali etccc circulent normalement" et a, c'est faux.
RT @spacedementia_x: @The_Joker34 j'espre que si un jour je rencontre alex que tu seras avec moi sinon je partirais en courant tellement je dcederais
RT @stephane_unicom: Sarkozy sera au meeting d'un courant UMP proche de la Manif pour tous
RT @sudelec2014: Aujourdhui, de 8 h 30  11 h 30 , lautobus lectoral sera  lendroit suivant : Vale-Copper Cliff. Apportez une pice didentit.
RT @sxckniall: J'ai envie qu'il neige comme a pas de cours, bc le bus vers chez moi il peut pas passer c'est trop chaud.
RT @tahabl29: Hier le chauffeur de bus a ralenti pcq yavais une beurette qui passait jlui ai dit tu peux passer c orange tt lmonde ma applaudi
RT @theeeoos: Le chauffeur du bus a ralenti psq une beurette traversait, je lui ai dis azi passe c'est orange, on m'a applaudit, j'ai conduis l'bus
RT @therry77: @PierreParrillo oui m @Anne_Hidalgo 1re secrtaire de delano tait pa o courant d 400m de dettes! vive l impts locaux!LOL! @languillem
RT @tomaddict_: des fois que vous seriez pas au courant......
RT @unpetiteffort: Pourquoi dans les trains du #RERA que j'emprunte, il n'y a pas souvent de conductrices ?#Femmes,#EgaPro
RT @vcomposieux: Super le mec qui fait un malaise voyageur sur le #rerb et qui bloque le trafic pendant (au moins) 35mins ... tout a le jour du #forumphp
RT @vmovillois: Dans le #RerA, la fille qui chantonne la musique coute ds son casque. Mon oreille de musicos souffre...
RT @xtina_rk: Train supprime, signal d'alarme. Les joies du #RER_D
RT @zaynsaviors: _mort, et personne de Twitter n'est et sera au courant
RT @zodiaqueastro_: Le mensonge le plus courant du #Cancer : "Mmhhh non, je n'ai jamais reu ton texto."
Rare sont les matins o je dois pas courir pour prendre le bus
Retour  un trafic normal et rgulier du ct du #RERA #OK
Retour  un trafic rgulier sur l'ensemble de la ligne #RERB. Incident termin.
Robinson, 25mn sans train en heure de pointe. Merci le voyageur qui a fait un malaise #RERB
Rt si ta mre elle a voulu me sucer t'es arriver en courant et ta dit "nn mais maman quesque tu fait la? C'est mon yop!"
Sa mere la coupure de courant m'a fait trop peur mon pc voulais plus s'allumer
Sa serait bien que le tram ce magne que je loupe pas mon bus
Sa srai une autre prsne elle aurai pleurer ms moi j'etais mort de rire en courant wsh
Samedi ya les blem de train surtout le rer d
Sans surprises, le trafic est rgulier sur toute la ligne #RERC #OK
Sarkozy sera au meeting d'un courant UMP proche de la Manif pour tous
Sarkozy sera au meeting dun courant UMP proche de la Manif pour tous
Sautez dans le #RERB, trafic irrprochable sur toute la ligne #OK
Si c'est pas Pamela la dernire au courant c'est moi :(
Si j'avais su que je tomberais amoureuse de toi, j'aurais pris mes jambes  mon cou, je serais partie en courant. #1
Si je loupe mon bus aprs J'arrive au taf  9h. Ai-je que a  foutre de me lever  5h30 pour tre au bureau  9h ??? Je suis colre.
Si le courant de la rivire est trop fort, il faut parfois renoncer  laffronter.
Si un clown vient vers moi en courant, JE VAIS vers lui en courant. J'le charge comme un taureau ! MDR Il se sentira bte! L'arroseur arros
Stop avq votre #EbolaSurParis tlm parle de sa. Et si sa serai le cas on serais dj au courant par @pernautjp au JT
Suite  un malaise de voyageur sur la ligne #RERB, le trafic est perturb de St Michel N.D vers St Remy - Robinson #KO
Suite malaise voyageur trafic perturb #LigneB #RERB #RATP Jusqu' 9h00 #Ratp_RERB
Super le mec qui fait un malaise voyageur sur le #rerb et qui bloque le trafic pendant (au moins) 35mins ... tout a le jour du #forumphp
Super le rerd ce matin encore ! Train blind,  #Montgeron on reste sur le quai...  @RERD_SNCF #QML
Sur FB tu lche un ftg y'a tout t stras qui est au courant et y'a des rumeurs de bagarre je sais pas quoi ahahahahaha niquez vos mre
Sur ma bannire y'a Mayeva qui arrive en courant derrire
Swagger Jagger cout la premire fois dans un bus avec @anaxofficiel
T'es au courant que le seul public que tu fait rire c'est les 4-5 ans?,#AskKevAdams
TWD CEST MOINS DE 16ANS MDRRRRRRRRRR?N DSFMKJSBDFMKJSQ PTN MA MERE ELLE VA ETRE AU COURANT ELLE VA MINTERDIRE DE LE REGARDER PTN
Ta mere a va graille en fourbe a proxi a prend un pacquet de chips une canette ala pas asser a se barr en courant vers gagarine
Tant pis alors mdr elle ne sera jamais mis au courant du pourquoi du comment
Tjrs je cours aprs le bus ce btard j'ai cru il allait pas s'arrter
Toujours la dernire au courant
Toutes les 10min le @RERB a un ralentissement c'est grave a -'
Trafic fortement perturb sur la ligne de #rera  19:00 le 23/10 #fedlate en savoir plus sur
Trafic fortement perturb sur la ligne de #rerb  08:00 le 23/10 #fedlate en savoir plus sur
Trafic fortement perturb sur la ligne de #rerb  08:40 le 23/10 #fedlate en savoir plus sur
Trafic fortement perturb sur la ligne de #rerb  10:40 le 23/10 #fedlate en savoir plus sur
Trafic fortement perturb sur la ligne de #rerb  11:20 le 23/10 #fedlate en savoir plus sur
Trafic fortement perturb sur la ligne de #rerb  12:00 le 23/10 #fedlate en savoir plus sur
Trafic fortement perturb sur la ligne de #rerb  13:40 le 23/10 #fedlate en savoir plus sur
Trafic fortement perturb sur la ligne de #rerb  14:20 le 23/10 #fedlate en savoir plus sur
Trafic fortement perturb sur la ligne de #rerb  17:00 le 23/10 #fedlate en savoir plus sur
Trafic fortement perturb sur la ligne de #rerb  17:40 le 23/10 #fedlate en savoir plus sur
Trafic fortement perturb sur la ligne de #rerb  18:20 le 23/10 #fedlate en savoir plus sur
Trafic fortement perturb sur la ligne de #rerd  09:20 le 23/10 #fedlate en savoir plus sur
Trafic impeccable du ct du #RERA #OK
Trafic normal sur l'esemble des lignes de RER.
Trafic perturb sur la ligne de #rera  20:20 le 23/10 #fedlate en savoir plus sur
Trafic perturb sur la ligne de #rerb  09:20 le 23/10 #fedlate en savoir plus sur
Trafic perturb sur la ligne de #rerb  10:00 le 23/10 #fedlate en savoir plus sur
Trafic rtabli ! Retour  la normale sur toute la ligne #RERA #OK
Train supprime, signal d'alarme. Les joies du #RER_D
Trains retards, supprims sur le #RERD #asusual depuis 1 mois!! De pire en pire!! Chers lus du 91, que faites vous pr vos citoyens?? #qml
Trains supprims, les suivants dcals => quai bond, dj 40 minutes d'attente... @RERD_SNCF est en grande forme ce matin ! #Montgeron
Troisime train qui dcharge  Laplace #rerb ?
Tu t'en vas  la drive sur la rivire du souvenir. Et moi courant sur la rive, je te cris de revenir
Tu tais au courant que tu avait eu un accident de scooter !? @kevadamsss #AskKevAdams
Tu viens vers Allah SWT en ranpant il vient vers toi en marchant. Tu viens vers Allah SWT en marchant, Allah SWT vient vers toi en courant!!
Un accident avec Ulys, maintenant avec un tram. Et aprs on nous incite  prendre les transports en commun #Lrt
Un discours  contre courant de @Xavier75 qui fait du bien. La relve est en marche.
Un ga ma traiter de bougnoule dan le RER B ce matin on m'a dit rpond dfend toi, je l'ai insulter jme sui fai enculer personne ma applaudi.
Un gars qui cherche une frappos comme femme ! J'espre que vous tes au courant que le physique c'est phmre
Un jour je vais sortir du taf ma TL elle vas tre entrain de faire la danse de la joie , #R8 sera sorti et je ne serais mme pas au courant
Un mec dans le tram "Je comprends pas les femmes!" Bah coute coco si tu commenais par les considrer comme des tres humains individuels?
Un voyageur fait un malaise  St Michel DONC un train bond est dbarqu et annul  Gare du Nord. #RERB
Une fois de plus les infos sont contradictoires pas d'accident de tram ? #Nice06
Vous dgagez tellement d'ondes ngatives que vos chakra on gnrer la coupure de courant
Vous n'avez aucune nouvelles pour l'instant? Comme quoi Harry sera...  Non aucune mais on vous tient au courant -S
Vous ralentissez le bus je vais tre en retard chez la dentiste
Vous tes au courant pour le match de Volley ball qui va se jouer aux frontires maroco-algriennes ?
Vous tes au courant que le 21,22 et 23 dcembre il fera nuit
Vous vous barrez en courant avant mme de savoir que c'est elle ! donc pour vous appter, tout sur le CENTRE DE DTECTION ANTI BELLES MRES
Wouuh enfin fini :D maintenant retour  Laon et ensuite galre pour trouver mon bus/train de 17h36 pour retourner chez moi
Y a eu un accident en ville le tram il a renverser une mm Wch j'ai vu elle c'est fait tamponer
Y a plus qu' prier qu'avec 15 min entre 2 trains ca ralentisse pas non plus ! La rgulation du rerb parfois cest un mystre ... #rerb
Y a un accident sur la la ligne tram, a  l'air d'tre grave !!
Y'a eu un sale accident avec le tram en ville
Y'a un autiste qui a crer le compte clowns du 22 alors que se serait le 1er a se barrer en courant si il voit un clowns dehors
Y'a un clown qui est venu vers moi pour faire une photo et je me suis barre en courant #lt
Ya des filles elles me font trop rire, genre elle tweet sur toi elles mentionnent cs copines mais toi tes pas au courant.
Yo yo yo, youpiyo youpiy Juste un petit message pour vous tenir au courant: A priori le live sera bien Dimanche...
[AIDE /VOTES] Je relgue l'info mais je pense que pas mal ici sont dj au courant. Les BAP viennent de passer la...
_mort, et personne de Twitter n'est et sera au courant
a cot de moi ds le RER, il y a 1 type en sandales qui s'est coup les ongles pr la dernire fois  la Libration de Paris.
a dois tre grv bien une coupure de courant dans toute la france un peu genre on serait dans lmme dlire sur twitter
a m'a fait rire la tte de la femme de mnage par contre "On a envoyer des mails, mais j'ai l'impression que personne n'est au courant"
a me rend ouf de devoir mettre un rveil juste pour pas louper ce ptn de RER
a normale est prvu vers 10h30. Trafic normal sur les autres lignes de RER. [2/2]
a tous ceux qui disent " #sijecroiseunclownje le tape " ou autre cassez vous, vous allez partir en courant et en chialant vos mres
a y'ai ma mre est enfin au courant :p
accident de tram sur Orlans
ah sa mre est au courant de mieux en mieux mdrr moi aussi je vais aller me plaindre a mes parents tiens
alors pour mon anniv, j'ai fait une soire chez mon pre, il tait pas au courant, et il est rentr  1h du mat. vous imaginez sa tte ?
askip les clowns c'est cens faire rire quand t'es petit euh dsol a fait pas rire a donne plutt envie de partir en courant ouais
ce matin y avait une embrouille dans lbus entre 2 go & celle qui a dit "t'sors pas du bus vivante!" c'tait la premire a sortir en courant
coupure de courant sa mere
dernire fois que j'ai eu une coupure de courant dans ma ville : 2007
dernire fois que j'ai eu une coupure de courant dans ma ville : hier, niquez vous
dernire fois que j'ai eu une coupure de courant dans ma ville : jamais
es-tu au courant que de sucer des glands ne fera pas de toi un cureuil ?
et s'il n ya pas des partis du mme courant prsents  l'assemble vers qui NIDA va se tourner, avec qui voulons nous qu'il s'allie
genre la jme prend un bol de Kelloggs mon frre i vient en courant i fait pareil que moi wsh kawed mange autre chose
il ma dit que si yavait pas eu truc et truc avec moi il serait venu me dire salut, en courant mme
j'ai mme pas besoin de m'intresser  un truc bc j'serais  un moment quand mme au courant
j'ai tais une demi heure au tlphone c'est bon je suis re au courant de tout les trucs importants mdrrr
j'espre que les clowns viendront pas dans ma campagne srx jsp si je pleure en courant ou si je pleure en me cachant :/
je sais pas si c'est moi qui suit au ralenti, mais en ce moment j'ai l'impression les tram ils vont a deux  l'heure
je suis aiment la seule qui a pas rcuprer le courant
je suppose que t'es au courant pour Quentin. il est enfin de retour. mais je te conseille de pas lui rep...  ok .
jsuis toujours la dernire au courant, sympa
l'accident a cot de la gare s'est passer pas longtemps aprs que j'ai pris le tram sm
la dernire fois y'a un ga il a tir sur un bus du coup plus de transport en commun
ma mre elle est partie quand je regardais mon film, j'tais pas au courant
ma mre elle nous dit: bon on aller on range la table. Mdr avec mon frre on se regarde et on se barre en courant. Des gros gamins :')
ma mre est au courant, c'est chaud
ma sur elle parlait dj de sa nouvelle voiture mon pre a dit "je t'arrte tout de suite, pour l'instant pour toi a sera train et bus"
mes gava c'est pas comme les pdale de Mulhouse qui ont vue un clown et qui ce casse en courant, si il voient un clown il lui nique sa mre
mme mon pre il tait pas au courant, jlui ai montr il m'a dit "c'est des conneries, envoie moi le lien j'lirai demain" mdrrr
mn frre il tait mme pas au courant qu'il y avait des eu des fusillades .heureusement moi je suis les infos
moi maintenant a partir du moment ou on fait le 1er pas vers moi et que y'a un bon courant entre nous je ferais les prochains pas
mon cousin il a fait un accident de voiture il a laiss sa voiture avec ses papiers et il est partie en courant .. Je le giffle ???
mon pere il est vmt trop fort quand ma mere elle parle trop au tel comme il est inge en telecom il arrive a lui couper la ligne a distance
mon pere me sort sur mes potes gays "ms t au courant ils mettent leur zizi dans leur fesse?...." PTDRRRRRRR papa me voit comme l'INNOCENCE
on est tous au courant de c'que tu caches derrire ton jolie minois
qu'est-ce qui dconne chez moi? pourquoi ds qu'il y en a une qui est gentille je me barre en courant?....' #fauve #infirmire
quelqu'un est courant de l'accident sur Jean Med???
ramene pas bcp de pers et tient nous au courant
se - Robinson. Trafic normal sur les autres lignes de RER. [2/2]
serait-ce la future collab Nike x APC? On vous tiendra au courant, restez connects !
tlhr dans le bus j'ai vu un couple, j'tais morte j'tais obliger de rire
train supprime pour laisser passer le RER, de mieux en mieux
trop cute quand elle est arrive en courant vers moi
va si tu loupes le bus je te nique ta mre il est la dans 1 mon
voici les premires images du jeu qui sortira courant du mois de novembre !!!
vous vous cachez toi et harry c'est pour a qu'on te ...  tout le monde serait au courant mais c'est pas encore...
y'a eu un accident sur massena  cause du tram qui a cras une jeune fille de 17 ans.
y'a un gars bourrer et tt il a dit a mon frre "wsh frre t'a pas une clope" j'me suis barrer en courant moi wsh jprends pas de risque
ynavais une araigne sur le plafond, ma mre elle a pris le truc pour enlever la, j'suis partie en courant, on sait jamais
